PARAMETER_FILE = result/cvrptw_500/LKH_para/11.para
Reading PROBLEM_FILE: "result/cvrptw_500/cvrptw/11.cvrptw" ... done
ASCENT_CANDIDATES = 50
BACKBONE_TRIALS = 0
BACKTRACKING = NO
# BWTSP =
# CANDIDATE_FILE =
CANDIDATE_SET_TYPE = ALPHA
DEPOT = 1
# EDGE_FILE =
EXCESS = 0.0384615
EXTERNAL_SALESMEN = 0
EXTRA_CANDIDATES = 0 
EXTRA_CANDIDATE_SET_TYPE = QUADRANT
GAIN23 = NO
GAIN_CRITERION = YES
INITIAL_PERIOD = 520
INITIAL_STEP_SIZE = 1
INITIAL_TOUR_ALGORITHM = WALK
# INITIAL_TOUR_FILE = 
INITIAL_TOUR_FRACTION = 1.000
# INPUT_TOUR_FILE = 
KICK_TYPE = 4
KICKS = 1
# MAX_BREADTH =
MAKESPAN = NO
MAX_CANDIDATES = 5 
MAX_SWAPS = 0
MAX_TRIALS = 1000
# MERGE_TOUR_FILE =
MOVE_TYPE = 5 SPECIAL
MTSP_MIN_SIZE = 1
MTSP_MAX_SIZE = 1039
# MTSP_SOLUTION_FILE = 
# NONSEQUENTIAL_MOVE_TYPE = 5
# OPTIMUM =
# OUTPUT_TOUR_FILE = 
PATCHING_A = 1 
PATCHING_C = 0 
# PI_FILE = 
POPMUSIC_INITIAL_TOUR = NO
POPMUSIC_MAX_NEIGHBORS = 5
POPMUSIC_SAMPLE_SIZE = 10
POPMUSIC_SOLUTIONS = 50
POPMUSIC_TRIALS = 1
POPULATION_SIZE = 10
PRECISION = 100
PROBLEM_FILE = result/cvrptw_500/cvrptw/11.cvrptw
RECOMBINATION = IPT
RESTRICTED_SEARCH = YES
RUNS = 1
SALESMEN = 20
SCALE = 1
SEED = 1234
# SINTEF_SOLUTION_FILE = 
STOP_AT_OPTIMUM = YES
SUBGRADIENT = YES
# SUBPROBLEM_SIZE =
# SUBPROBLEM_TOUR_FILE = 
SUBSEQUENT_MOVE_TYPE = 5 SPECIAL
SUBSEQUENT_PATCHING = YES
# TIME_LIMIT =
# TOUR_FILE = 
TRACE_LEVEL = 1
VEHICLES = 20

Lower bound = 26033461.6, Ascent time = 2.93 sec.
Cand.min = 5, Cand.avg = 5.0, Cand.max = 5
Edges.fixed = 520 [Cost = 0]
Preprocessing time = 3.02 sec.
* 1: Cost = 491750_52878801, Time = 3.57 sec. 
-Trial 1 491750 52878801 6.598017
* 2: Cost = 378979_51770203, Time = 4.10 sec. 
-Trial 2 378979 51770203 7.127775
* 3: Cost = 113574_51134451, Time = 4.33 sec. 
-Trial 3 113574 51134451 7.359756
* 4: Cost = 113574_50729783, Time = 4.44 sec. 
-Trial 4 113574 50729783 7.470735
-Trial 5 113574 50729783 7.490608
* 6: Cost = 113574_50697879, Time = 4.64 sec. 
-Trial 6 113574 50697879 7.670353
-Trial 7 113574 50697879 7.710182
-Trial 8 113574 50697879 7.791136
* 9: Cost = 113574_50267823, Time = 4.82 sec. 
-Trial 9 113574 50267823 7.846777
* 10: Cost = 113574_50249627, Time = 4.86 sec. 
-Trial 10 113574 50249627 7.882957
* 11: Cost = 0_50990096, Time = 5.03 sec. 
-Trial 11 0 50990096 8.053076
* 12: Cost = 0_50641697, Time = 5.04 sec. 
-Trial 12 0 50641697 8.072104
-Trial 13 0 50641697 8.110326
-Trial 14 0 50641697 8.131863
-Trial 15 0 50641697 8.137113
-Trial 16 0 50641697 8.160070
-Trial 17 0 50641697 8.196686
-Trial 18 0 50641697 8.213094
* 19: Cost = 0_50237481, Time = 5.19 sec. 
-Trial 19 0 50237481 8.219012
-Trial 20 0 50237481 8.286816
-Trial 21 0 50237481 8.290112
* 22: Cost = 0_50222735, Time = 5.27 sec. 
-Trial 22 0 50222735 8.302709
-Trial 23 0 50222735 8.338621
-Trial 24 0 50222735 8.410293
* 25: Cost = 0_50060275, Time = 5.42 sec. 
-Trial 25 0 50060275 8.445916
-Trial 26 0 50060275 8.446326
-Trial 27 0 50060275 8.477900
* 28: Cost = 0_49727976, Time = 5.73 sec. 
-Trial 28 0 49727976 8.758770
* 29: Cost = 0_49676259, Time = 5.73 sec. 
-Trial 29 0 49676259 8.762177
* 30: Cost = 0_49381638, Time = 5.76 sec. 
-Trial 30 0 49381638 8.790828
-Trial 31 0 49381638 8.800247
* 32: Cost = 0_49371434, Time = 5.79 sec. 
-Trial 32 0 49371434 8.821092
* 33: Cost = 0_49310649, Time = 5.82 sec. 
-Trial 33 0 49310649 8.843090
-Trial 34 0 49310649 8.867817
-Trial 35 0 49310649 8.873105
* 36: Cost = 0_49295980, Time = 5.90 sec. 
-Trial 36 0 49295980 8.930147
* 37: Cost = 0_48967492, Time = 5.99 sec. 
-Trial 37 0 48967492 9.013496
* 38: Cost = 0_48774673, Time = 6.01 sec. 
-Trial 38 0 48774673 9.040966
-Trial 39 0 48774673 9.057443
-Trial 40 0 48774673 9.071573
-Trial 41 0 48774673 9.213906
* 42: Cost = 0_48474145, Time = 6.21 sec. 
-Trial 42 0 48474145 9.242564
* 43: Cost = 0_47941326, Time = 6.27 sec. 
-Trial 43 0 47941326 9.301435
* 44: Cost = 0_47833957, Time = 6.34 sec. 
-Trial 44 0 47833957 9.372841
-Trial 45 0 47833957 9.417554
* 46: Cost = 0_47674362, Time = 6.44 sec. 
-Trial 46 0 47674362 9.472316
-Trial 47 0 47674362 9.516398
-Trial 48 0 47674362 9.532996
-Trial 49 0 47674362 9.541609
-Trial 50 0 47674362 9.555092
-Trial 51 0 47674362 9.568953
-Trial 52 0 47674362 9.574247
-Trial 53 0 47674362 9.590939
-Trial 54 0 47674362 9.603131
-Trial 55 0 47674362 9.612289
* 56: Cost = 0_47664962, Time = 6.63 sec. 
-Trial 56 0 47664962 9.656358
-Trial 57 0 47664962 9.760559
-Trial 58 0 47664962 9.769014
-Trial 59 0 47664962 9.770814
-Trial 60 0 47664962 9.793269
-Trial 61 0 47664962 9.894758
* 62: Cost = 0_47464992, Time = 6.88 sec. 
-Trial 62 0 47464992 9.909976
-Trial 63 0 47464992 9.950998
-Trial 64 0 47464992 9.997201
-Trial 65 0 47464992 10.050549
-Trial 66 0 47464992 10.063346
-Trial 67 0 47464992 10.163898
* 68: Cost = 0_47266729, Time = 7.19 sec. 
-Trial 68 0 47266729 10.217801
-Trial 69 0 47266729 10.220789
-Trial 70 0 47266729 10.236117
-Trial 71 0 47266729 10.409341
* 72: Cost = 0_47043586, Time = 7.41 sec. 
-Trial 72 0 47043586 10.441342
-Trial 73 0 47043586 10.461346
-Trial 74 0 47043586 10.487038
-Trial 75 0 47043586 10.549404
-Trial 76 0 47043586 10.551851
* 77: Cost = 0_46829252, Time = 7.56 sec. 
-Trial 77 0 46829252 10.584742
* 78: Cost = 0_46724697, Time = 7.60 sec. 
-Trial 78 0 46724697 10.629636
* 79: Cost = 0_46703100, Time = 7.67 sec. 
-Trial 79 0 46703100 10.697008
-Trial 80 0 46703100 10.701849
* 81: Cost = 0_46613831, Time = 7.69 sec. 
-Trial 81 0 46613831 10.714319
-Trial 82 0 46613831 10.720726
-Trial 83 0 46613831 10.774092
* 84: Cost = 0_46478003, Time = 7.78 sec. 
-Trial 84 0 46478003 10.811577
-Trial 85 0 46478003 10.827777
* 86: Cost = 0_46348023, Time = 7.85 sec. 
-Trial 86 0 46348023 10.882331
-Trial 87 0 46348023 10.908884
* 88: Cost = 0_46007626, Time = 7.91 sec. 
-Trial 88 0 46007626 10.933534
-Trial 89 0 46007626 10.969944
-Trial 90 0 46007626 11.004763
-Trial 91 0 46007626 11.005117
-Trial 92 0 46007626 11.008953
-Trial 93 0 46007626 11.026602
-Trial 94 0 46007626 11.042782
-Trial 95 0 46007626 11.095391
-Trial 96 0 46007626 11.110530
-Trial 97 0 46007626 11.112861
-Trial 98 0 46007626 11.136171
-Trial 99 0 46007626 11.142293
-Trial 100 0 46007626 11.203995
* 101: Cost = 0_46002702, Time = 8.22 sec. 
-Trial 101 0 46002702 11.251777
-Trial 102 0 46002702 11.265496
-Trial 103 0 46002702 11.339001
-Trial 104 0 46002702 11.415931
-Trial 105 0 46002702 11.428183
-Trial 106 0 46002702 11.450805
-Trial 107 0 46002702 11.453998
-Trial 108 0 46002702 11.463514
-Trial 109 0 46002702 11.496008
-Trial 110 0 46002702 11.534255
-Trial 111 0 46002702 11.558008
-Trial 112 0 46002702 11.562033
-Trial 113 0 46002702 11.604324
* 114: Cost = 0_45993214, Time = 8.58 sec. 
-Trial 114 0 45993214 11.608312
-Trial 115 0 45993214 11.718856
-Trial 116 0 45993214 11.757934
-Trial 117 0 45993214 11.771160
-Trial 118 0 45993214 11.782041
-Trial 119 0 45993214 11.985108
-Trial 120 0 45993214 11.987425
* 121: Cost = 0_45941938, Time = 9.03 sec. 
-Trial 121 0 45941938 12.053546
-Trial 122 0 45941938 12.113295
* 123: Cost = 0_45849504, Time = 9.12 sec. 
-Trial 123 0 45849504 12.144214
-Trial 124 0 45849504 12.146468
* 125: Cost = 0_45799453, Time = 9.17 sec. 
-Trial 125 0 45799453 12.198500
-Trial 126 0 45799453 12.212120
* 127: Cost = 0_45791681, Time = 9.20 sec. 
-Trial 127 0 45791681 12.229639
-Trial 128 0 45791681 12.321950
-Trial 129 0 45791681 12.336603
* 130: Cost = 0_45624024, Time = 9.35 sec. 
-Trial 130 0 45624024 12.377590
-Trial 131 0 45624024 12.687082
-Trial 132 0 45624024 12.695380
-Trial 133 0 45624024 12.704067
-Trial 134 0 45624024 12.726057
-Trial 135 0 45624024 12.889225
-Trial 136 0 45624024 12.896982
-Trial 137 0 45624024 12.918695
* 138: Cost = 0_45586676, Time = 9.91 sec. 
-Trial 138 0 45586676 12.942620
-Trial 139 0 45586676 13.034985
* 140: Cost = 0_45523195, Time = 10.02 sec. 
-Trial 140 0 45523195 13.051490
-Trial 141 0 45523195 13.083993
* 142: Cost = 0_45474246, Time = 10.09 sec. 
-Trial 142 0 45474246 13.114346
* 143: Cost = 0_45436722, Time = 10.09 sec. 
-Trial 143 0 45436722 13.116734
-Trial 144 0 45436722 13.151529
-Trial 145 0 45436722 13.179403
-Trial 146 0 45436722 13.204233
-Trial 147 0 45436722 13.215949
-Trial 148 0 45436722 13.218533
-Trial 149 0 45436722 13.287421
-Trial 150 0 45436722 13.290968
-Trial 151 0 45436722 13.333189
-Trial 152 0 45436722 13.346529
-Trial 153 0 45436722 13.359814
* 154: Cost = 0_45417086, Time = 10.35 sec. 
-Trial 154 0 45417086 13.381829
-Trial 155 0 45417086 13.407692
-Trial 156 0 45417086 13.493876
-Trial 157 0 45417086 13.499845
* 158: Cost = 0_45403937, Time = 10.50 sec. 
-Trial 158 0 45403937 13.530334
-Trial 159 0 45403937 13.560211
* 160: Cost = 0_45283927, Time = 10.62 sec. 
-Trial 160 0 45283927 13.644115
-Trial 161 0 45283927 13.673012
-Trial 162 0 45283927 13.760238
-Trial 163 0 45283927 13.789183
-Trial 164 0 45283927 13.809475
-Trial 165 0 45283927 13.827060
* 166: Cost = 0_45212549, Time = 10.82 sec. 
-Trial 166 0 45212549 13.849018
-Trial 167 0 45212549 13.917792
* 168: Cost = 0_45198749, Time = 11.05 sec. 
-Trial 168 0 45198749 14.075329
-Trial 169 0 45198749 14.088917
-Trial 170 0 45198749 14.154747
-Trial 171 0 45198749 14.162052
-Trial 172 0 45198749 14.187101
-Trial 173 0 45198749 14.236079
-Trial 174 0 45198749 14.279640
-Trial 175 0 45198749 14.325746
-Trial 176 0 45198749 14.330944
-Trial 177 0 45198749 14.337376
-Trial 178 0 45198749 14.351116
-Trial 179 0 45198749 14.362047
-Trial 180 0 45198749 14.370962
-Trial 181 0 45198749 14.406862
-Trial 182 0 45198749 14.495014
-Trial 183 0 45198749 14.499498
-Trial 184 0 45198749 14.534737
-Trial 185 0 45198749 14.536003
-Trial 186 0 45198749 14.593585
-Trial 187 0 45198749 14.613046
* 188: Cost = 0_45053842, Time = 11.59 sec. 
-Trial 188 0 45053842 14.621708
-Trial 189 0 45053842 14.623295
-Trial 190 0 45053842 14.645724
-Trial 191 0 45053842 14.660804
-Trial 192 0 45053842 14.665862
-Trial 193 0 45053842 14.987893
* 194: Cost = 0_45049077, Time = 11.99 sec. 
-Trial 194 0 45049077 15.013328
-Trial 195 0 45049077 15.022770
-Trial 196 0 45049077 15.028798
-Trial 197 0 45049077 15.069127
-Trial 198 0 45049077 15.076097
-Trial 199 0 45049077 15.147709
-Trial 200 0 45049077 15.153043
-Trial 201 0 45049077 15.282242
-Trial 202 0 45049077 15.303679
-Trial 203 0 45049077 15.745914
-Trial 204 0 45049077 15.769373
-Trial 205 0 45049077 15.777822
* 206: Cost = 0_45041677, Time = 12.76 sec. 
-Trial 206 0 45041677 15.785510
* 207: Cost = 0_45033447, Time = 12.81 sec. 
-Trial 207 0 45033447 15.833132
-Trial 208 0 45033447 15.844163
-Trial 209 0 45033447 15.882978
-Trial 210 0 45033447 15.913222
-Trial 211 0 45033447 15.933025
-Trial 212 0 45033447 15.988078
-Trial 213 0 45033447 16.042217
-Trial 214 0 45033447 16.152135
* 215: Cost = 0_44947279, Time = 13.14 sec. 
-Trial 215 0 44947279 16.164640
-Trial 216 0 44947279 16.173672
* 217: Cost = 0_44854978, Time = 13.33 sec. 
-Trial 217 0 44854978 16.361264
-Trial 218 0 44854978 16.418600
-Trial 219 0 44854978 16.424744
* 220: Cost = 0_44841310, Time = 13.41 sec. 
-Trial 220 0 44841310 16.434573
-Trial 221 0 44841310 16.456433
-Trial 222 0 44841310 16.467316
* 223: Cost = 0_44833049, Time = 13.46 sec. 
-Trial 223 0 44833049 16.490057
-Trial 224 0 44833049 16.506606
-Trial 225 0 44833049 16.532598
* 226: Cost = 0_44796927, Time = 13.54 sec. 
-Trial 226 0 44796927 16.571294
-Trial 227 0 44796927 16.575208
-Trial 228 0 44796927 16.595822
* 229: Cost = 0_44774561, Time = 13.64 sec. 
-Trial 229 0 44774561 16.666586
-Trial 230 0 44774561 16.703119
-Trial 231 0 44774561 16.708705
-Trial 232 0 44774561 16.745188
-Trial 233 0 44774561 16.758683
-Trial 234 0 44774561 16.784923
-Trial 235 0 44774561 16.793658
-Trial 236 0 44774561 16.794430
-Trial 237 0 44774561 16.893315
-Trial 238 0 44774561 16.918259
-Trial 239 0 44774561 16.930863
-Trial 240 0 44774561 17.022855
-Trial 241 0 44774561 17.095049
-Trial 242 0 44774561 17.132259
-Trial 243 0 44774561 17.414285
-Trial 244 0 44774561 17.424917
-Trial 245 0 44774561 17.438279
-Trial 246 0 44774561 17.444440
* 247: Cost = 0_44654871, Time = 14.48 sec. 
-Trial 247 0 44654871 17.504071
-Trial 248 0 44654871 17.560036
-Trial 249 0 44654871 17.576121
* 250: Cost = 0_44545896, Time = 14.58 sec. 
-Trial 250 0 44545896 17.607090
-Trial 251 0 44545896 17.789058
-Trial 252 0 44545896 17.821864
-Trial 253 0 44545896 18.141538
-Trial 254 0 44545896 18.163235
-Trial 255 0 44545896 18.193927
-Trial 256 0 44545896 18.219293
-Trial 257 0 44545896 18.248924
-Trial 258 0 44545896 18.257517
-Trial 259 0 44545896 18.297193
-Trial 260 0 44545896 18.313968
-Trial 261 0 44545896 18.315217
-Trial 262 0 44545896 18.335397
-Trial 263 0 44545896 18.354871
-Trial 264 0 44545896 18.364051
-Trial 265 0 44545896 18.383510
* 266: Cost = 0_44524575, Time = 15.36 sec. 
-Trial 266 0 44524575 18.388722
-Trial 267 0 44524575 18.389599
-Trial 268 0 44524575 18.396520
-Trial 269 0 44524575 18.402152
-Trial 270 0 44524575 18.448291
-Trial 271 0 44524575 18.452774
-Trial 272 0 44524575 18.456010
-Trial 273 0 44524575 18.467664
* 274: Cost = 0_44509345, Time = 15.46 sec. 
-Trial 274 0 44509345 18.491718
-Trial 275 0 44509345 18.498045
-Trial 276 0 44509345 18.544556
-Trial 277 0 44509345 18.551603
-Trial 278 0 44509345 18.562163
-Trial 279 0 44509345 18.579578
* 280: Cost = 0_44487703, Time = 15.56 sec. 
-Trial 280 0 44487703 18.588667
-Trial 281 0 44487703 18.708182
-Trial 282 0 44487703 18.760143
-Trial 283 0 44487703 18.792935
* 284: Cost = 0_44384776, Time = 15.79 sec. 
-Trial 284 0 44384776 18.813271
-Trial 285 0 44384776 18.873885
-Trial 286 0 44384776 18.881014
-Trial 287 0 44384776 18.925235
-Trial 288 0 44384776 18.940365
-Trial 289 0 44384776 18.943025
-Trial 290 0 44384776 18.976864
* 291: Cost = 0_44275299, Time = 15.95 sec. 
-Trial 291 0 44275299 18.981867
-Trial 292 0 44275299 18.995616
-Trial 293 0 44275299 18.997868
-Trial 294 0 44275299 19.001985
-Trial 295 0 44275299 19.041117
-Trial 296 0 44275299 19.100691
-Trial 297 0 44275299 19.198051
-Trial 298 0 44275299 19.209422
-Trial 299 0 44275299 19.231501
-Trial 300 0 44275299 19.253162
-Trial 301 0 44275299 19.262041
-Trial 302 0 44275299 19.309631
* 303: Cost = 0_44181294, Time = 16.38 sec. 
-Trial 303 0 44181294 19.404374
-Trial 304 0 44181294 19.473397
-Trial 305 0 44181294 19.499858
-Trial 306 0 44181294 19.578778
-Trial 307 0 44181294 19.584987
-Trial 308 0 44181294 19.603672
-Trial 309 0 44181294 19.621254
-Trial 310 0 44181294 19.697783
-Trial 311 0 44181294 19.789019
-Trial 312 0 44181294 19.876914
-Trial 313 0 44181294 19.883406
* 314: Cost = 0_44043435, Time = 16.87 sec. 
-Trial 314 0 44043435 19.893753
-Trial 315 0 44043435 19.940147
-Trial 316 0 44043435 19.946092
-Trial 317 0 44043435 20.093074
-Trial 318 0 44043435 20.099054
-Trial 319 0 44043435 20.124140
-Trial 320 0 44043435 20.131494
-Trial 321 0 44043435 20.260848
-Trial 322 0 44043435 20.288470
-Trial 323 0 44043435 20.308188
-Trial 324 0 44043435 20.335244
-Trial 325 0 44043435 20.604046
-Trial 326 0 44043435 20.608860
-Trial 327 0 44043435 20.646535
* 328: Cost = 0_43993184, Time = 17.70 sec. 
-Trial 328 0 43993184 20.729911
-Trial 329 0 43993184 20.755034
-Trial 330 0 43993184 20.776152
* 331: Cost = 0_43941432, Time = 17.76 sec. 
-Trial 331 0 43941432 20.784225
-Trial 332 0 43941432 20.809958
-Trial 333 0 43941432 20.821388
-Trial 334 0 43941432 20.890341
-Trial 335 0 43941432 20.902020
-Trial 336 0 43941432 20.910975
-Trial 337 0 43941432 20.960713
* 338: Cost = 0_43888859, Time = 18.11 sec. 
-Trial 338 0 43888859 21.133278
-Trial 339 0 43888859 21.147787
-Trial 340 0 43888859 21.184518
-Trial 341 0 43888859 21.196787
-Trial 342 0 43888859 21.205860
-Trial 343 0 43888859 21.290697
-Trial 344 0 43888859 21.328884
* 345: Cost = 0_43887058, Time = 18.32 sec. 
-Trial 345 0 43887058 21.347681
-Trial 346 0 43887058 21.369822
-Trial 347 0 43887058 21.371134
-Trial 348 0 43887058 21.381403
-Trial 349 0 43887058 21.421717
-Trial 350 0 43887058 21.427495
-Trial 351 0 43887058 21.481359
-Trial 352 0 43887058 21.541157
-Trial 353 0 43887058 21.553501
-Trial 354 0 43887058 21.564655
-Trial 355 0 43887058 21.571771
-Trial 356 0 43887058 21.576113
-Trial 357 0 43887058 21.614791
-Trial 358 0 43887058 21.627918
-Trial 359 0 43887058 21.663515
-Trial 360 0 43887058 21.667792
-Trial 361 0 43887058 21.678068
-Trial 362 0 43887058 21.688871
-Trial 363 0 43887058 21.790506
-Trial 364 0 43887058 21.796507
-Trial 365 0 43887058 21.874181
-Trial 366 0 43887058 21.892034
-Trial 367 0 43887058 21.977447
-Trial 368 0 43887058 21.987480
-Trial 369 0 43887058 22.024879
-Trial 370 0 43887058 22.034682
-Trial 371 0 43887058 22.122754
-Trial 372 0 43887058 22.126312
-Trial 373 0 43887058 22.191306
-Trial 374 0 43887058 22.217352
-Trial 375 0 43887058 22.231143
-Trial 376 0 43887058 22.253319
-Trial 377 0 43887058 22.306531
-Trial 378 0 43887058 22.336205
-Trial 379 0 43887058 22.347646
-Trial 380 0 43887058 22.405777
-Trial 381 0 43887058 22.409070
-Trial 382 0 43887058 22.413086
-Trial 383 0 43887058 22.463501
-Trial 384 0 43887058 22.464302
-Trial 385 0 43887058 22.481618
-Trial 386 0 43887058 22.515771
-Trial 387 0 43887058 22.530602
* 388: Cost = 0_43866536, Time = 19.51 sec. 
-Trial 388 0 43866536 22.534910
-Trial 389 0 43866536 22.545072
* 390: Cost = 0_43779152, Time = 19.55 sec. 
-Trial 390 0 43779152 22.573939
-Trial 391 0 43779152 22.576096
-Trial 392 0 43779152 22.581456
* 393: Cost = 0_43755986, Time = 19.58 sec. 
-Trial 393 0 43755986 22.603162
-Trial 394 0 43755986 22.615913
-Trial 395 0 43755986 22.628060
-Trial 396 0 43755986 22.635998
-Trial 397 0 43755986 22.656561
-Trial 398 0 43755986 22.671655
-Trial 399 0 43755986 22.682621
-Trial 400 0 43755986 22.690726
-Trial 401 0 43755986 22.696587
-Trial 402 0 43755986 22.879211
-Trial 403 0 43755986 22.903229
-Trial 404 0 43755986 22.915304
-Trial 405 0 43755986 22.933779
-Trial 406 0 43755986 23.010975
-Trial 407 0 43755986 23.039061
-Trial 408 0 43755986 23.041158
-Trial 409 0 43755986 23.089886
-Trial 410 0 43755986 23.127723
-Trial 411 0 43755986 23.165884
-Trial 412 0 43755986 23.276666
-Trial 413 0 43755986 23.302507
-Trial 414 0 43755986 23.311974
-Trial 415 0 43755986 23.328027
-Trial 416 0 43755986 23.358216
-Trial 417 0 43755986 23.431572
-Trial 418 0 43755986 23.439898
-Trial 419 0 43755986 23.489778
-Trial 420 0 43755986 23.545101
-Trial 421 0 43755986 23.568527
-Trial 422 0 43755986 23.620055
-Trial 423 0 43755986 23.630592
* 424: Cost = 0_43750556, Time = 20.61 sec. 
-Trial 424 0 43750556 23.640724
-Trial 425 0 43750556 23.657197
-Trial 426 0 43750556 23.682995
-Trial 427 0 43750556 23.692067
-Trial 428 0 43750556 23.696499
-Trial 429 0 43750556 23.734692
-Trial 430 0 43750556 23.770311
-Trial 431 0 43750556 23.806990
-Trial 432 0 43750556 23.834419
* 433: Cost = 0_43700129, Time = 20.82 sec. 
-Trial 433 0 43700129 23.844460
-Trial 434 0 43700129 23.859993
-Trial 435 0 43700129 23.870336
* 436: Cost = 0_43696498, Time = 20.87 sec. 
-Trial 436 0 43696498 23.893455
* 437: Cost = 0_43658449, Time = 20.88 sec. 
-Trial 437 0 43658449 23.904532
-Trial 438 0 43658449 23.906602
-Trial 439 0 43658449 23.947310
-Trial 440 0 43658449 24.019579
-Trial 441 0 43658449 24.056736
-Trial 442 0 43658449 24.140052
* 443: Cost = 0_43654989, Time = 21.16 sec. 
-Trial 443 0 43654989 24.189106
-Trial 444 0 43654989 24.189519
-Trial 445 0 43654989 24.189902
-Trial 446 0 43654989 24.199541
-Trial 447 0 43654989 24.236024
-Trial 448 0 43654989 24.240513
-Trial 449 0 43654989 24.271408
-Trial 450 0 43654989 24.281069
-Trial 451 0 43654989 24.284551
-Trial 452 0 43654989 24.299217
-Trial 453 0 43654989 24.331918
-Trial 454 0 43654989 24.574886
-Trial 455 0 43654989 24.645837
-Trial 456 0 43654989 24.656826
-Trial 457 0 43654989 24.710997
-Trial 458 0 43654989 24.763305
-Trial 459 0 43654989 24.802958
-Trial 460 0 43654989 24.808764
-Trial 461 0 43654989 24.834353
-Trial 462 0 43654989 24.848471
-Trial 463 0 43654989 25.015738
-Trial 464 0 43654989 25.065390
-Trial 465 0 43654989 25.068481
-Trial 466 0 43654989 25.088423
-Trial 467 0 43654989 25.154361
-Trial 468 0 43654989 25.190956
-Trial 469 0 43654989 25.205433
* 470: Cost = 0_43601342, Time = 22.20 sec. 
-Trial 470 0 43601342 25.224512
-Trial 471 0 43601342 25.227638
-Trial 472 0 43601342 25.228016
* 473: Cost = 0_43575325, Time = 22.21 sec. 
-Trial 473 0 43575325 25.240857
-Trial 474 0 43575325 25.250261
-Trial 475 0 43575325 25.292548
-Trial 476 0 43575325 25.296510
-Trial 477 0 43575325 25.324238
-Trial 478 0 43575325 25.327556
-Trial 479 0 43575325 25.332572
-Trial 480 0 43575325 25.337484
-Trial 481 0 43575325 25.376923
-Trial 482 0 43575325 25.379216
-Trial 483 0 43575325 25.599666
-Trial 484 0 43575325 25.600029
-Trial 485 0 43575325 25.629325
-Trial 486 0 43575325 25.662240
-Trial 487 0 43575325 25.708737
-Trial 488 0 43575325 25.787069
-Trial 489 0 43575325 25.798467
-Trial 490 0 43575325 25.812471
-Trial 491 0 43575325 25.820068
-Trial 492 0 43575325 25.828131
-Trial 493 0 43575325 25.844974
-Trial 494 0 43575325 25.879105
-Trial 495 0 43575325 26.022411
-Trial 496 0 43575325 26.051919
-Trial 497 0 43575325 26.217617
-Trial 498 0 43575325 26.336478
-Trial 499 0 43575325 26.415966
-Trial 500 0 43575325 26.429522
-Trial 501 0 43575325 26.437308
-Trial 502 0 43575325 26.440464
-Trial 503 0 43575325 26.450153
-Trial 504 0 43575325 26.543112
-Trial 505 0 43575325 26.559362
-Trial 506 0 43575325 26.605850
-Trial 507 0 43575325 26.627459
-Trial 508 0 43575325 26.711041
* 509: Cost = 0_43535739, Time = 23.80 sec. 
-Trial 509 0 43535739 26.824586
-Trial 510 0 43535739 26.840385
-Trial 511 0 43535739 26.893742
-Trial 512 0 43535739 26.905476
-Trial 513 0 43535739 26.967487
-Trial 514 0 43535739 26.973284
-Trial 515 0 43535739 27.055580
-Trial 516 0 43535739 27.216089
-Trial 517 0 43535739 27.368388
-Trial 518 0 43535739 27.375342
-Trial 519 0 43535739 27.392246
* 520: Cost = 0_43529467, Time = 24.37 sec. 
-Trial 520 0 43529467 27.401290
* 521: Cost = 0_43511253, Time = 24.39 sec. 
-Trial 521 0 43511253 27.419232
-Trial 522 0 43511253 27.429578
-Trial 523 0 43511253 27.443424
-Trial 524 0 43511253 27.456283
-Trial 525 0 43511253 27.463933
-Trial 526 0 43511253 27.510464
-Trial 527 0 43511253 27.597687
-Trial 528 0 43511253 27.674376
-Trial 529 0 43511253 27.691721
* 530: Cost = 0_43510509, Time = 24.71 sec. 
-Trial 530 0 43510509 27.738890
-Trial 531 0 43510509 27.776459
-Trial 532 0 43510509 27.778053
-Trial 533 0 43510509 27.784248
-Trial 534 0 43510509 27.964055
-Trial 535 0 43510509 28.083315
-Trial 536 0 43510509 28.103618
-Trial 537 0 43510509 28.145054
-Trial 538 0 43510509 28.159474
-Trial 539 0 43510509 28.179426
* 540: Cost = 0_43387688, Time = 25.19 sec. 
-Trial 540 0 43387688 28.213670
-Trial 541 0 43387688 28.221627
-Trial 542 0 43387688 28.230799
-Trial 543 0 43387688 28.257470
-Trial 544 0 43387688 28.269753
-Trial 545 0 43387688 28.287011
-Trial 546 0 43387688 28.370971
* 547: Cost = 0_43365078, Time = 25.35 sec. 
-Trial 547 0 43365078 28.378583
-Trial 548 0 43365078 28.393044
-Trial 549 0 43365078 28.415401
-Trial 550 0 43365078 28.497904
* 551: Cost = 0_43361025, Time = 25.48 sec. 
-Trial 551 0 43361025 28.503532
-Trial 552 0 43361025 28.523683
-Trial 553 0 43361025 28.547220
-Trial 554 0 43361025 28.561868
* 555: Cost = 0_43223051, Time = 25.55 sec. 
-Trial 555 0 43223051 28.576588
-Trial 556 0 43223051 28.583462
-Trial 557 0 43223051 28.607116
-Trial 558 0 43223051 28.811574
-Trial 559 0 43223051 28.848792
-Trial 560 0 43223051 28.866198
-Trial 561 0 43223051 28.900401
-Trial 562 0 43223051 28.925408
-Trial 563 0 43223051 28.941096
-Trial 564 0 43223051 28.946706
-Trial 565 0 43223051 28.959801
-Trial 566 0 43223051 28.985378
-Trial 567 0 43223051 29.070136
-Trial 568 0 43223051 29.071830
* 569: Cost = 0_43140210, Time = 26.08 sec. 
-Trial 569 0 43140210 29.103640
-Trial 570 0 43140210 29.113075
-Trial 571 0 43140210 29.170103
-Trial 572 0 43140210 29.208943
-Trial 573 0 43140210 29.281806
-Trial 574 0 43140210 29.301658
-Trial 575 0 43140210 29.308987
* 576: Cost = 0_43068726, Time = 26.29 sec. 
-Trial 576 0 43068726 29.314087
-Trial 577 0 43068726 29.327806
-Trial 578 0 43068726 29.591332
-Trial 579 0 43068726 29.595740
-Trial 580 0 43068726 29.710817
-Trial 581 0 43068726 29.744799
-Trial 582 0 43068726 29.746976
* 583: Cost = 0_43019410, Time = 26.73 sec. 
-Trial 583 0 43019410 29.759351
-Trial 584 0 43019410 29.786216
-Trial 585 0 43019410 29.792739
-Trial 586 0 43019410 29.795729
-Trial 587 0 43019410 29.858919
-Trial 588 0 43019410 29.932822
-Trial 589 0 43019410 29.989508
* 590: Cost = 0_42959706, Time = 26.98 sec. 
-Trial 590 0 42959706 30.005143
-Trial 591 0 42959706 30.015924
-Trial 592 0 42959706 30.096883
-Trial 593 0 42959706 30.127815
-Trial 594 0 42959706 30.192400
-Trial 595 0 42959706 30.201887
-Trial 596 0 42959706 30.257862
-Trial 597 0 42959706 30.276577
-Trial 598 0 42959706 30.281844
-Trial 599 0 42959706 30.308619
-Trial 600 0 42959706 30.316092
-Trial 601 0 42959706 30.331615
-Trial 602 0 42959706 30.354779
-Trial 603 0 42959706 30.389702
-Trial 604 0 42959706 30.407681
-Trial 605 0 42959706 30.419452
-Trial 606 0 42959706 30.450110
-Trial 607 0 42959706 30.465457
-Trial 608 0 42959706 30.467742
* 609: Cost = 0_42954949, Time = 27.48 sec. 
-Trial 609 0 42954949 30.504969
-Trial 610 0 42954949 30.648305
-Trial 611 0 42954949 30.653886
-Trial 612 0 42954949 30.672481
-Trial 613 0 42954949 30.721900
-Trial 614 0 42954949 30.732893
-Trial 615 0 42954949 30.741240
-Trial 616 0 42954949 30.797287
-Trial 617 0 42954949 30.856994
-Trial 618 0 42954949 30.911184
-Trial 619 0 42954949 30.924598
-Trial 620 0 42954949 30.930512
-Trial 621 0 42954949 30.968962
-Trial 622 0 42954949 30.974714
-Trial 623 0 42954949 30.988469
-Trial 624 0 42954949 30.995060
-Trial 625 0 42954949 31.032952
-Trial 626 0 42954949 31.064802
-Trial 627 0 42954949 31.228256
-Trial 628 0 42954949 31.253573
-Trial 629 0 42954949 31.360713
-Trial 630 0 42954949 31.540658
-Trial 631 0 42954949 31.747410
-Trial 632 0 42954949 31.783721
-Trial 633 0 42954949 31.804884
-Trial 634 0 42954949 31.820625
-Trial 635 0 42954949 31.841698
-Trial 636 0 42954949 31.850533
-Trial 637 0 42954949 31.946113
-Trial 638 0 42954949 31.972166
-Trial 639 0 42954949 32.000558
-Trial 640 0 42954949 32.043448
-Trial 641 0 42954949 32.098019
-Trial 642 0 42954949 32.215366
-Trial 643 0 42954949 32.229765
-Trial 644 0 42954949 32.234881
-Trial 645 0 42954949 32.250980
-Trial 646 0 42954949 32.367642
-Trial 647 0 42954949 32.386552
-Trial 648 0 42954949 32.392995
-Trial 649 0 42954949 32.587078
-Trial 650 0 42954949 32.755839
-Trial 651 0 42954949 32.835918
-Trial 652 0 42954949 32.846543
-Trial 653 0 42954949 32.860459
* 654: Cost = 0_42905845, Time = 29.84 sec. 
-Trial 654 0 42905845 32.869420
-Trial 655 0 42905845 32.882413
-Trial 656 0 42905845 32.886526
-Trial 657 0 42905845 32.901933
-Trial 658 0 42905845 32.910461
-Trial 659 0 42905845 32.914483
* 660: Cost = 0_42882219, Time = 29.90 sec. 
-Trial 660 0 42882219 32.927270
-Trial 661 0 42882219 33.012992
-Trial 662 0 42882219 33.019327
-Trial 663 0 42882219 33.023068
-Trial 664 0 42882219 33.168329
-Trial 665 0 42882219 33.196795
-Trial 666 0 42882219 33.231967
-Trial 667 0 42882219 33.235464
-Trial 668 0 42882219 33.347393
-Trial 669 0 42882219 33.359614
-Trial 670 0 42882219 33.386830
-Trial 671 0 42882219 33.414996
-Trial 672 0 42882219 33.572597
-Trial 673 0 42882219 33.685979
-Trial 674 0 42882219 33.702420
-Trial 675 0 42882219 33.720457
-Trial 676 0 42882219 33.747544
-Trial 677 0 42882219 33.757046
-Trial 678 0 42882219 33.795059
-Trial 679 0 42882219 33.800063
-Trial 680 0 42882219 33.831800
-Trial 681 0 42882219 33.873844
-Trial 682 0 42882219 33.930245
-Trial 683 0 42882219 33.932869
-Trial 684 0 42882219 34.173694
-Trial 685 0 42882219 34.178439
-Trial 686 0 42882219 34.188526
-Trial 687 0 42882219 34.199002
-Trial 688 0 42882219 34.250287
-Trial 689 0 42882219 34.258133
* 690: Cost = 0_42858385, Time = 31.25 sec. 
-Trial 690 0 42858385 34.275154
-Trial 691 0 42858385 34.303371
-Trial 692 0 42858385 34.309434
-Trial 693 0 42858385 34.320737
-Trial 694 0 42858385 34.333661
-Trial 695 0 42858385 34.343394
-Trial 696 0 42858385 34.420025
-Trial 697 0 42858385 34.469378
-Trial 698 0 42858385 34.479749
-Trial 699 0 42858385 34.482923
-Trial 700 0 42858385 34.495004
-Trial 701 0 42858385 34.499132
-Trial 702 0 42858385 34.518741
-Trial 703 0 42858385 34.523216
-Trial 704 0 42858385 34.533160
-Trial 705 0 42858385 34.547868
-Trial 706 0 42858385 34.554186
-Trial 707 0 42858385 34.569572
-Trial 708 0 42858385 34.593516
-Trial 709 0 42858385 34.656011
-Trial 710 0 42858385 34.699958
-Trial 711 0 42858385 34.718242
-Trial 712 0 42858385 34.732147
-Trial 713 0 42858385 34.761493
-Trial 714 0 42858385 34.785365
* 715: Cost = 0_42848369, Time = 31.76 sec. 
-Trial 715 0 42848369 34.790822
-Trial 716 0 42848369 34.862473
-Trial 717 0 42848369 34.875167
-Trial 718 0 42848369 34.883803
-Trial 719 0 42848369 34.939770
-Trial 720 0 42848369 34.947196
-Trial 721 0 42848369 34.966043
-Trial 722 0 42848369 34.974642
-Trial 723 0 42848369 35.024937
-Trial 724 0 42848369 35.029283
-Trial 725 0 42848369 35.060185
-Trial 726 0 42848369 35.296380
-Trial 727 0 42848369 35.606861
-Trial 728 0 42848369 35.651352
-Trial 729 0 42848369 35.665463
-Trial 730 0 42848369 35.681319
-Trial 731 0 42848369 35.695589
-Trial 732 0 42848369 35.702847
-Trial 733 0 42848369 35.722255
* 734: Cost = 0_42842898, Time = 32.71 sec. 
-Trial 734 0 42842898 35.733782
-Trial 735 0 42842898 35.752635
-Trial 736 0 42842898 35.859125
-Trial 737 0 42842898 35.932330
-Trial 738 0 42842898 35.986270
-Trial 739 0 42842898 36.005637
-Trial 740 0 42842898 36.024661
-Trial 741 0 42842898 36.031982
-Trial 742 0 42842898 36.064647
-Trial 743 0 42842898 36.134476
-Trial 744 0 42842898 36.208385
-Trial 745 0 42842898 36.250822
* 746: Cost = 0_42842827, Time = 33.23 sec. 
-Trial 746 0 42842827 36.257393
-Trial 747 0 42842827 36.261294
-Trial 748 0 42842827 36.261705
-Trial 749 0 42842827 36.303054
-Trial 750 0 42842827 36.366513
-Trial 751 0 42842827 36.382234
-Trial 752 0 42842827 36.385358
-Trial 753 0 42842827 36.581595
-Trial 754 0 42842827 36.675899
-Trial 755 0 42842827 36.696262
-Trial 756 0 42842827 36.708687
-Trial 757 0 42842827 36.709147
-Trial 758 0 42842827 36.777490
-Trial 759 0 42842827 36.787904
-Trial 760 0 42842827 36.820516
-Trial 761 0 42842827 36.823249
-Trial 762 0 42842827 36.834385
-Trial 763 0 42842827 36.856068
-Trial 764 0 42842827 36.880218
-Trial 765 0 42842827 37.015082
-Trial 766 0 42842827 37.099760
-Trial 767 0 42842827 37.132531
-Trial 768 0 42842827 37.142581
* 769: Cost = 0_42811436, Time = 34.13 sec. 
-Trial 769 0 42811436 37.159946
-Trial 770 0 42811436 37.169741
* 771: Cost = 0_42796837, Time = 34.18 sec. 
-Trial 771 0 42796837 37.206539
-Trial 772 0 42796837 37.299623
-Trial 773 0 42796837 37.314092
-Trial 774 0 42796837 37.333379
-Trial 775 0 42796837 37.360228
-Trial 776 0 42796837 37.368558
-Trial 777 0 42796837 37.391311
-Trial 778 0 42796837 37.432087
-Trial 779 0 42796837 37.434817
-Trial 780 0 42796837 37.560879
-Trial 781 0 42796837 37.740459
* 782: Cost = 0_42787020, Time = 34.73 sec. 
-Trial 782 0 42787020 37.753918
-Trial 783 0 42787020 37.758776
-Trial 784 0 42787020 37.770070
-Trial 785 0 42787020 37.779945
-Trial 786 0 42787020 37.805333
-Trial 787 0 42787020 37.815784
-Trial 788 0 42787020 37.819719
* 789: Cost = 0_42782651, Time = 34.81 sec. 
-Trial 789 0 42782651 37.833926
-Trial 790 0 42782651 37.839581
-Trial 791 0 42782651 37.873900
-Trial 792 0 42782651 38.101989
-Trial 793 0 42782651 38.133932
-Trial 794 0 42782651 38.173438
-Trial 795 0 42782651 38.198921
-Trial 796 0 42782651 38.225282
-Trial 797 0 42782651 38.231561
-Trial 798 0 42782651 38.282039
-Trial 799 0 42782651 38.299198
-Trial 800 0 42782651 38.312556
-Trial 801 0 42782651 38.349131
-Trial 802 0 42782651 38.353852
* 803: Cost = 0_42760698, Time = 35.33 sec. 
-Trial 803 0 42760698 38.362233
-Trial 804 0 42760698 38.378863
-Trial 805 0 42760698 38.414784
-Trial 806 0 42760698 38.462177
-Trial 807 0 42760698 38.467195
-Trial 808 0 42760698 38.473280
-Trial 809 0 42760698 38.494055
-Trial 810 0 42760698 38.561425
-Trial 811 0 42760698 38.578943
-Trial 812 0 42760698 38.585643
-Trial 813 0 42760698 38.604500
-Trial 814 0 42760698 38.624325
-Trial 815 0 42760698 38.627097
-Trial 816 0 42760698 38.676134
-Trial 817 0 42760698 38.800210
-Trial 818 0 42760698 38.844584
-Trial 819 0 42760698 38.846110
-Trial 820 0 42760698 38.866942
-Trial 821 0 42760698 38.870079
-Trial 822 0 42760698 38.879197
-Trial 823 0 42760698 38.881025
-Trial 824 0 42760698 38.910505
-Trial 825 0 42760698 38.911432
-Trial 826 0 42760698 38.928638
* 827: Cost = 0_42749503, Time = 35.91 sec. 
-Trial 827 0 42749503 38.938659
-Trial 828 0 42749503 38.952451
-Trial 829 0 42749503 38.954743
-Trial 830 0 42749503 38.965392
-Trial 831 0 42749503 38.969602
-Trial 832 0 42749503 39.003202
-Trial 833 0 42749503 39.031605
-Trial 834 0 42749503 39.053650
-Trial 835 0 42749503 39.063651
-Trial 836 0 42749503 39.079711
-Trial 837 0 42749503 39.106535
-Trial 838 0 42749503 39.296291
-Trial 839 0 42749503 39.341033
-Trial 840 0 42749503 39.347059
-Trial 841 0 42749503 39.359682
-Trial 842 0 42749503 39.363970
-Trial 843 0 42749503 39.394691
-Trial 844 0 42749503 39.459775
* 845: Cost = 0_42691357, Time = 36.45 sec. 
-Trial 845 0 42691357 39.482486
-Trial 846 0 42691357 39.668579
-Trial 847 0 42691357 39.709463
-Trial 848 0 42691357 39.731389
-Trial 849 0 42691357 39.767944
-Trial 850 0 42691357 39.774262
-Trial 851 0 42691357 39.827112
-Trial 852 0 42691357 39.850095
-Trial 853 0 42691357 39.860143
-Trial 854 0 42691357 39.889189
-Trial 855 0 42691357 39.924127
-Trial 856 0 42691357 39.931915
-Trial 857 0 42691357 40.041165
-Trial 858 0 42691357 40.042328
-Trial 859 0 42691357 40.048466
-Trial 860 0 42691357 40.082000
-Trial 861 0 42691357 40.086683
-Trial 862 0 42691357 40.105115
-Trial 863 0 42691357 40.111113
-Trial 864 0 42691357 40.165836
-Trial 865 0 42691357 40.305526
-Trial 866 0 42691357 40.477966
-Trial 867 0 42691357 40.491217
-Trial 868 0 42691357 40.522803
-Trial 869 0 42691357 40.531259
-Trial 870 0 42691357 40.534134
-Trial 871 0 42691357 40.597115
-Trial 872 0 42691357 40.605185
-Trial 873 0 42691357 40.615781
-Trial 874 0 42691357 40.622513
-Trial 875 0 42691357 40.645524
-Trial 876 0 42691357 40.749134
-Trial 877 0 42691357 40.761373
-Trial 878 0 42691357 40.773885
-Trial 879 0 42691357 40.783592
-Trial 880 0 42691357 40.790527
-Trial 881 0 42691357 40.870203
-Trial 882 0 42691357 40.926564
-Trial 883 0 42691357 40.930806
-Trial 884 0 42691357 40.939619
-Trial 885 0 42691357 40.945868
-Trial 886 0 42691357 40.982226
-Trial 887 0 42691357 40.991391
-Trial 888 0 42691357 41.017113
-Trial 889 0 42691357 41.038114
-Trial 890 0 42691357 41.056649
* 891: Cost = 0_42684564, Time = 38.03 sec. 
-Trial 891 0 42684564 41.061256
-Trial 892 0 42684564 41.090083
-Trial 893 0 42684564 41.160612
-Trial 894 0 42684564 41.183155
-Trial 895 0 42684564 41.198401
-Trial 896 0 42684564 41.219549
-Trial 897 0 42684564 41.365722
-Trial 898 0 42684564 41.415241
-Trial 899 0 42684564 41.462360
-Trial 900 0 42684564 41.489607
-Trial 901 0 42684564 41.506817
-Trial 902 0 42684564 41.532928
-Trial 903 0 42684564 41.560308
-Trial 904 0 42684564 41.617245
-Trial 905 0 42684564 41.620992
-Trial 906 0 42684564 41.658425
-Trial 907 0 42684564 41.662601
-Trial 908 0 42684564 41.665371
-Trial 909 0 42684564 41.691324
-Trial 910 0 42684564 41.703440
-Trial 911 0 42684564 41.725492
* 912: Cost = 0_42682192, Time = 38.73 sec. 
-Trial 912 0 42682192 41.756926
-Trial 913 0 42682192 41.802526
-Trial 914 0 42682192 41.858332
-Trial 915 0 42682192 41.866809
-Trial 916 0 42682192 41.923915
-Trial 917 0 42682192 41.933407
-Trial 918 0 42682192 41.947149
-Trial 919 0 42682192 41.955924
-Trial 920 0 42682192 41.964089
-Trial 921 0 42682192 41.974205
-Trial 922 0 42682192 41.988119
-Trial 923 0 42682192 42.002006
-Trial 924 0 42682192 42.022313
-Trial 925 0 42682192 42.052630
-Trial 926 0 42682192 42.064974
-Trial 927 0 42682192 42.074790
-Trial 928 0 42682192 42.083464
* 929: Cost = 0_42682069, Time = 39.07 sec. 
-Trial 929 0 42682069 42.097533
-Trial 930 0 42682069 42.321720
-Trial 931 0 42682069 42.345562
-Trial 932 0 42682069 42.360753
-Trial 933 0 42682069 42.370039
-Trial 934 0 42682069 42.391519
-Trial 935 0 42682069 42.396919
-Trial 936 0 42682069 42.417546
-Trial 937 0 42682069 42.436809
-Trial 938 0 42682069 42.443232
-Trial 939 0 42682069 42.446770
-Trial 940 0 42682069 42.448444
-Trial 941 0 42682069 42.465335
-Trial 942 0 42682069 42.468728
-Trial 943 0 42682069 42.478870
-Trial 944 0 42682069 42.561106
-Trial 945 0 42682069 42.588889
-Trial 946 0 42682069 42.592177
-Trial 947 0 42682069 42.636720
-Trial 948 0 42682069 42.679692
-Trial 949 0 42682069 42.690050
-Trial 950 0 42682069 42.704655
-Trial 951 0 42682069 42.840802
-Trial 952 0 42682069 42.885785
-Trial 953 0 42682069 42.934204
-Trial 954 0 42682069 42.946289
-Trial 955 0 42682069 42.985772
-Trial 956 0 42682069 42.996936
-Trial 957 0 42682069 43.023582
-Trial 958 0 42682069 43.038382
-Trial 959 0 42682069 43.040774
-Trial 960 0 42682069 43.064871
-Trial 961 0 42682069 43.065318
-Trial 962 0 42682069 43.078434
-Trial 963 0 42682069 43.091829
-Trial 964 0 42682069 43.112910
-Trial 965 0 42682069 43.174713
* 966: Cost = 0_42667174, Time = 40.18 sec. 
-Trial 966 0 42667174 43.208565
-Trial 967 0 42667174 43.223626
-Trial 968 0 42667174 43.274094
-Trial 969 0 42667174 43.282156
-Trial 970 0 42667174 43.297760
* 971: Cost = 0_42657210, Time = 40.28 sec. 
-Trial 971 0 42657210 43.308595
-Trial 972 0 42657210 43.329741
-Trial 973 0 42657210 43.345278
-Trial 974 0 42657210 43.389494
* 975: Cost = 0_42641692, Time = 40.39 sec. 
-Trial 975 0 42641692 43.422123
-Trial 976 0 42641692 43.426621
-Trial 977 0 42641692 43.481999
-Trial 978 0 42641692 43.497117
-Trial 979 0 42641692 43.531366
-Trial 980 0 42641692 43.537945
-Trial 981 0 42641692 43.571896
-Trial 982 0 42641692 43.578124
-Trial 983 0 42641692 43.606139
-Trial 984 0 42641692 43.627186
-Trial 985 0 42641692 43.687986
-Trial 986 0 42641692 43.732976
-Trial 987 0 42641692 43.735542
-Trial 988 0 42641692 43.750657
-Trial 989 0 42641692 43.762487
-Trial 990 0 42641692 43.786133
-Trial 991 0 42641692 43.799015
-Trial 992 0 42641692 43.810262
-Trial 993 0 42641692 43.825091
* 994: Cost = 0_42640610, Time = 40.80 sec. 
-Trial 994 0 42640610 43.825139
-Trial 995 0 42640610 43.861938
-Trial 996 0 42640610 43.873829
-Trial 997 0 42640610 43.914147
-Trial 998 0 42640610 43.990705
-Trial 999 0 42640610 44.000749
-Trial 1000 0 42640610 44.020177
Population:
  1: 0_42640610
Run 1: Cost = 0_42640610, Time = 40.99 sec. 

Successes/Runs = 0/1 
Cost.min = 42640610, Cost.avg = 42640610.00, Cost.max = 42640610
Gap.min = 0.0000%, Gap.avg = 0.0000%, Gap.max = 0.0000%
Penalty.min = 0, Penalty.avg = 0.00, Penalty.max = 0
Trials.min = 1000, Trials.avg = 1000.0, Trials.max = 1000
Time.min = 40.99 sec., Time.avg = 40.99 sec., Time.max = 40.99 sec.
Time.total = 44.02 sec.
  Size.min = 11, Size.max = 37, Penalty = 0
  Cost.min = 974260, Cost.max = 3198272, Cost.sum = 42640610
Best CVRPTW solution:
  Cost = 0_42640610
1 381 240 487 154 109 438 243 93 464 385 426 168 137 393 163 298 79 362 83 233 329 423 70 440 176 289 59 366 454 512 448 294 41 62 459 27 35 496 155 388 34 195 495 200 442 377 483 421 232 430 36 310 133 339 396 167 111 218 513 95 206 54 439 227 295 287 33 8 15 273 57 46 367 336 477 433 312 258 493 76 461 383 150 387 342 148 390 208 503 228 297 429 472 99 215 213 146 115 302 441 355 86 106 10 211 445 333 14 166 408 94 313 323 409 253 520 16 350 382 32 331 68 30 356 266 5 480 399 129 190 169 164 419 501 305 280 104 504 66 100 135 446 165 7 207 269 6 37 52 375 364 221 47 373 192 110 162 191 505 139 74 19 12 141 351 406 427 292 494 401 201 374 436 478 140 457 322 196 276 519 53 281 2 21 101 118 368 184 202 296 341 178 414 113 197 90 239 274 203 416 283 456 252 51 71 391 311 507 209 249 158 314 325 372 77 466 328 407 384 257 17 279 230 304 170 219 293 277 180 255 156 518 378 123 347 405 18 175 392 114 231 67 20 318 29 105 39 300 340 224 107 309 338 352 49 198 250 73 136 119 38 286 517 420 248 216 24 291 145 379 332 315 217 244 264 64 467 85 4 363 460 161 334 22 45 61 444 425 371 262 411 179 11 182 242 360 515 241 159 316 238 344 25 469 337 69 229 173 97 317 225 43 491 394 143 246 348 142 395 422 251 187 502 417 386 278 212 380 398 65 488 174 108 261 205 234 13 189 404 138 78 112 9 270 415 490 126 272 3 307 42 486 359 259 275 449 509 260 84 437 400 172 326 44 462 288 96 194 320 319 453 60 40 26 89 254 144 282 369 403 435 345 413 149 128 92 514 80 160 349 117 443 55 402 121 103 56 132 199 354 98 330 321 210 508 284 236 235 125 447 376 324 193 412 475 183 358 357 204 131 63 91 418 72 476 88 82 247 434 220 185 343 153 299 134 497 489 389 397 263 432 492 511 455 361 102 48 308 186 452 267 151 256 327 303 465 346 471 265 410 431 271 481 214 28 506 428 499 482 116 458 23 285 485 223 177 237 516 335 87 188 122 222 370 500 75 245 124 424 152 157 301 31 147 226 470 50 510 171 306 81 120 468 498 290 130 479 450 353 451 127 484 473 365 268 474 181 58 463 1 
