PARAMETER_FILE = result/cvrptw_500/LKH_para/121.para
Reading PROBLEM_FILE: "result/cvrptw_500/cvrptw/121.cvrptw" ... done
ASCENT_CANDIDATES = 50
BACKBONE_TRIALS = 0
BACKTRACKING = NO
# BWTSP =
# CANDIDATE_FILE =
CANDIDATE_SET_TYPE = ALPHA
DEPOT = 1
# EDGE_FILE =
EXCESS = 0.0384615
EXTERNAL_SALESMEN = 0
EXTRA_CANDIDATES = 0 
EXTRA_CANDIDATE_SET_TYPE = QUADRANT
GAIN23 = NO
GAIN_CRITERION = YES
INITIAL_PERIOD = 520
INITIAL_STEP_SIZE = 1
INITIAL_TOUR_ALGORITHM = WALK
# INITIAL_TOUR_FILE = 
INITIAL_TOUR_FRACTION = 1.000
# INPUT_TOUR_FILE = 
KICK_TYPE = 4
KICKS = 1
# MAX_BREADTH =
MAKESPAN = NO
MAX_CANDIDATES = 5 
MAX_SWAPS = 0
MAX_TRIALS = 1000
# MERGE_TOUR_FILE =
MOVE_TYPE = 5 SPECIAL
MTSP_MIN_SIZE = 1
MTSP_MAX_SIZE = 1039
# MTSP_SOLUTION_FILE = 
# NONSEQUENTIAL_MOVE_TYPE = 5
# OPTIMUM =
# OUTPUT_TOUR_FILE = 
PATCHING_A = 1 
PATCHING_C = 0 
# PI_FILE = 
POPMUSIC_INITIAL_TOUR = NO
POPMUSIC_MAX_NEIGHBORS = 5
POPMUSIC_SAMPLE_SIZE = 10
POPMUSIC_SOLUTIONS = 50
POPMUSIC_TRIALS = 1
POPULATION_SIZE = 10
PRECISION = 100
PROBLEM_FILE = result/cvrptw_500/cvrptw/121.cvrptw
RECOMBINATION = IPT
RESTRICTED_SEARCH = YES
RUNS = 1
SALESMEN = 20
SCALE = 1
SEED = 1234
# SINTEF_SOLUTION_FILE = 
STOP_AT_OPTIMUM = YES
SUBGRADIENT = YES
# SUBPROBLEM_SIZE =
# SUBPROBLEM_TOUR_FILE = 
SUBSEQUENT_MOVE_TYPE = 5 SPECIAL
SUBSEQUENT_PATCHING = YES
# TIME_LIMIT =
# TOUR_FILE = 
TRACE_LEVEL = 1
VEHICLES = 20

Lower bound = 25408799.1, Ascent time = 2.18 sec.
Cand.min = 5, Cand.avg = 5.0, Cand.max = 5
Edges.fixed = 520 [Cost = 0]
Preprocessing time = 2.26 sec.
* 1: Cost = 780536_57498956, Time = 4.48 sec. 
-Trial 1 780536 57498956 6.746157
-Trial 2 780536 57498956 6.970335
* 3: Cost = 780536_55768446, Time = 5.26 sec. 
-Trial 3 780536 55768446 7.530006
* 4: Cost = 592490_55403417, Time = 5.46 sec. 
-Trial 4 592490 55403417 7.729662
* 5: Cost = 592490_54926679, Time = 5.58 sec. 
-Trial 5 592490 54926679 7.845878
* 6: Cost = 394514_54716718, Time = 5.82 sec. 
-Trial 6 394514 54716718 8.090492
* 7: Cost = 394514_54573768, Time = 5.94 sec. 
-Trial 7 394514 54573768 8.210531
* 8: Cost = 394514_54249311, Time = 6.00 sec. 
-Trial 8 394514 54249311 8.268729
* 9: Cost = 394514_53292055, Time = 6.23 sec. 
-Trial 9 394514 53292055 8.501873
-Trial 10 394514 53292055 8.529559
* 11: Cost = 394514_53280039, Time = 6.29 sec. 
-Trial 11 394514 53280039 8.553087
-Trial 12 394514 53280039 8.588328
-Trial 13 394514 53280039 8.653266
* 14: Cost = 394514_53276607, Time = 6.43 sec. 
-Trial 14 394514 53276607 8.697778
* 15: Cost = 394514_53161939, Time = 6.60 sec. 
-Trial 15 394514 53161939 8.865096
* 16: Cost = 394514_52175144, Time = 6.96 sec. 
-Trial 16 394514 52175144 9.229092
-Trial 17 394514 52175144 9.285200
* 18: Cost = 394514_52140755, Time = 7.19 sec. 
-Trial 18 394514 52140755 9.459410
-Trial 19 394514 52140755 9.464001
-Trial 20 394514 52140755 9.589594
* 21: Cost = 394514_52129915, Time = 7.49 sec. 
-Trial 21 394514 52129915 9.761647
-Trial 22 394514 52129915 9.870845
* 23: Cost = 394514_52101880, Time = 7.75 sec. 
-Trial 23 394514 52101880 10.015189
-Trial 24 394514 52101880 10.049438
-Trial 25 394514 52101880 10.145176
-Trial 26 394514 52101880 10.413507
-Trial 27 394514 52101880 10.525637
* 28: Cost = 2085_53834844, Time = 8.48 sec. 
-Trial 28 2085 53834844 10.744444
* 29: Cost = 2085_53767395, Time = 8.52 sec. 
-Trial 29 2085 53767395 10.792637
-Trial 30 2085 53767395 10.848808
-Trial 31 2085 53767395 10.851541
-Trial 32 2085 53767395 10.896108
* 33: Cost = 2085_53681267, Time = 8.80 sec. 
-Trial 33 2085 53681267 11.065213
* 34: Cost = 2085_53504156, Time = 8.94 sec. 
-Trial 34 2085 53504156 11.212026
* 35: Cost = 2085_53489446, Time = 9.01 sec. 
-Trial 35 2085 53489446 11.277465
-Trial 36 2085 53489446 11.290152
-Trial 37 2085 53489446 11.317191
* 38: Cost = 2085_53310945, Time = 9.09 sec. 
-Trial 38 2085 53310945 11.357162
* 39: Cost = 2085_53310191, Time = 9.13 sec. 
-Trial 39 2085 53310191 11.400680
-Trial 40 2085 53310191 11.535523
* 41: Cost = 2085_53087543, Time = 9.31 sec. 
-Trial 41 2085 53087543 11.581786
-Trial 42 2085 53087543 11.680756
-Trial 43 2085 53087543 11.792736
-Trial 44 2085 53087543 11.821134
-Trial 45 2085 53087543 11.882292
* 46: Cost = 2085_51616337, Time = 9.68 sec. 
-Trial 46 2085 51616337 11.943897
-Trial 47 2085 51616337 11.986755
-Trial 48 2085 51616337 12.013691
-Trial 49 2085 51616337 12.014098
-Trial 50 2085 51616337 12.154123
* 51: Cost = 2085_51190378, Time = 10.02 sec. 
-Trial 51 2085 51190378 12.287436
-Trial 52 2085 51190378 12.352031
-Trial 53 2085 51190378 12.413394
-Trial 54 2085 51190378 12.553279
* 55: Cost = 2085_50917514, Time = 10.47 sec. 
-Trial 55 2085 50917514 12.733966
-Trial 56 2085 50917514 12.768362
* 57: Cost = 2085_49700252, Time = 10.61 sec. 
-Trial 57 2085 49700252 12.874757
* 58: Cost = 2085_49632587, Time = 10.65 sec. 
-Trial 58 2085 49632587 12.917263
-Trial 59 2085 49632587 12.973617
-Trial 60 2085 49632587 12.974048
-Trial 61 2085 49632587 13.202350
-Trial 62 2085 49632587 13.303334
* 63: Cost = 2085_49260206, Time = 11.09 sec. 
-Trial 63 2085 49260206 13.361500
* 64: Cost = 2085_48897518, Time = 11.16 sec. 
-Trial 64 2085 48897518 13.424071
-Trial 65 2085 48897518 13.456056
-Trial 66 2085 48897518 13.560395
* 67: Cost = 2085_48422337, Time = 11.37 sec. 
-Trial 67 2085 48422337 13.636727
-Trial 68 2085 48422337 13.742338
-Trial 69 2085 48422337 13.809973
-Trial 70 2085 48422337 13.818895
* 71: Cost = 2085_48173195, Time = 11.59 sec. 
-Trial 71 2085 48173195 13.859004
-Trial 72 2085 48173195 13.921644
* 73: Cost = 2085_47958430, Time = 11.73 sec. 
-Trial 73 2085 47958430 13.994722
* 74: Cost = 0_48184245, Time = 11.74 sec. 
-Trial 74 0 48184245 14.007198
* 75: Cost = 0_48109087, Time = 11.77 sec. 
-Trial 75 0 48109087 14.038513
* 76: Cost = 0_47818318, Time = 11.79 sec. 
-Trial 76 0 47818318 14.059418
* 77: Cost = 0_47556653, Time = 11.82 sec. 
-Trial 77 0 47556653 14.086084
-Trial 78 0 47556653 14.087095
-Trial 79 0 47556653 14.135627
-Trial 80 0 47556653 14.196527
-Trial 81 0 47556653 14.201002
* 82: Cost = 0_47474950, Time = 11.95 sec. 
-Trial 82 0 47474950 14.216658
* 83: Cost = 0_47471612, Time = 11.95 sec. 
-Trial 83 0 47471612 14.221689
* 84: Cost = 0_47437483, Time = 12.18 sec. 
-Trial 84 0 47437483 14.450129
-Trial 85 0 47437483 14.482400
* 86: Cost = 0_47431501, Time = 12.26 sec. 
-Trial 86 0 47431501 14.526610
-Trial 87 0 47431501 14.550316
-Trial 88 0 47431501 14.626078
* 89: Cost = 0_47420132, Time = 12.37 sec. 
-Trial 89 0 47420132 14.641153
-Trial 90 0 47420132 14.641620
* 91: Cost = 0_47375460, Time = 12.39 sec. 
-Trial 91 0 47375460 14.657818
-Trial 92 0 47375460 14.676756
-Trial 93 0 47375460 14.708966
-Trial 94 0 47375460 14.723637
* 95: Cost = 0_47335817, Time = 12.46 sec. 
-Trial 95 0 47335817 14.727020
-Trial 96 0 47335817 14.728402
-Trial 97 0 47335817 14.741257
-Trial 98 0 47335817 14.758724
-Trial 99 0 47335817 14.857766
* 100: Cost = 0_46831525, Time = 12.61 sec. 
-Trial 100 0 46831525 14.880967
* 101: Cost = 0_46779066, Time = 12.82 sec. 
-Trial 101 0 46779066 15.090124
* 102: Cost = 0_46662194, Time = 12.92 sec. 
-Trial 102 0 46662194 15.185215
* 103: Cost = 0_46453817, Time = 12.98 sec. 
-Trial 103 0 46453817 15.249987
* 104: Cost = 0_46435950, Time = 12.99 sec. 
-Trial 104 0 46435950 15.253381
* 105: Cost = 0_46412532, Time = 13.00 sec. 
-Trial 105 0 46412532 15.272913
* 106: Cost = 0_46407752, Time = 13.46 sec. 
-Trial 106 0 46407752 15.731399
-Trial 107 0 46407752 15.746114
-Trial 108 0 46407752 15.785976
-Trial 109 0 46407752 15.810669
-Trial 110 0 46407752 15.871601
-Trial 111 0 46407752 15.873404
-Trial 112 0 46407752 15.873883
-Trial 113 0 46407752 16.010588
* 114: Cost = 0_46394176, Time = 13.75 sec. 
-Trial 114 0 46394176 16.017531
-Trial 115 0 46394176 16.062806
-Trial 116 0 46394176 16.063974
-Trial 117 0 46394176 16.134436
-Trial 118 0 46394176 16.173306
-Trial 119 0 46394176 16.234808
* 120: Cost = 0_46291403, Time = 13.98 sec. 
-Trial 120 0 46291403 16.252305
-Trial 121 0 46291403 16.263048
-Trial 122 0 46291403 16.279509
* 123: Cost = 0_46082430, Time = 14.02 sec. 
-Trial 123 0 46082430 16.289670
-Trial 124 0 46082430 16.426655
-Trial 125 0 46082430 16.442473
-Trial 126 0 46082430 16.538903
-Trial 127 0 46082430 16.562883
-Trial 128 0 46082430 16.617819
-Trial 129 0 46082430 16.628024
-Trial 130 0 46082430 16.629802
-Trial 131 0 46082430 16.634992
* 132: Cost = 0_46072176, Time = 14.38 sec. 
-Trial 132 0 46072176 16.643696
* 133: Cost = 0_45968895, Time = 14.40 sec. 
-Trial 133 0 45968895 16.665492
-Trial 134 0 45968895 16.784681
* 135: Cost = 0_45882745, Time = 14.56 sec. 
-Trial 135 0 45882745 16.831431
-Trial 136 0 45882745 16.869477
-Trial 137 0 45882745 16.910892
* 138: Cost = 0_45801660, Time = 14.79 sec. 
-Trial 138 0 45801660 17.056900
-Trial 139 0 45801660 17.065894
-Trial 140 0 45801660 17.073311
-Trial 141 0 45801660 17.104554
* 142: Cost = 0_45714261, Time = 14.84 sec. 
-Trial 142 0 45714261 17.109609
-Trial 143 0 45714261 17.125313
-Trial 144 0 45714261 17.171035
* 145: Cost = 0_45670730, Time = 14.96 sec. 
-Trial 145 0 45670730 17.231310
-Trial 146 0 45670730 17.276264
-Trial 147 0 45670730 17.288336
-Trial 148 0 45670730 17.316346
-Trial 149 0 45670730 17.317389
-Trial 150 0 45670730 17.339928
-Trial 151 0 45670730 17.370881
-Trial 152 0 45670730 17.417716
-Trial 153 0 45670730 17.445343
-Trial 154 0 45670730 17.448971
-Trial 155 0 45670730 17.506627
-Trial 156 0 45670730 17.512317
-Trial 157 0 45670730 17.516964
-Trial 158 0 45670730 17.521784
-Trial 159 0 45670730 17.535952
-Trial 160 0 45670730 17.557078
-Trial 161 0 45670730 17.557553
-Trial 162 0 45670730 17.585131
-Trial 163 0 45670730 17.606310
-Trial 164 0 45670730 17.624380
-Trial 165 0 45670730 17.653047
-Trial 166 0 45670730 17.679231
-Trial 167 0 45670730 17.694587
-Trial 168 0 45670730 17.735278
-Trial 169 0 45670730 17.746092
-Trial 170 0 45670730 17.752017
-Trial 171 0 45670730 17.763704
-Trial 172 0 45670730 17.777968
-Trial 173 0 45670730 17.786267
-Trial 174 0 45670730 17.816259
-Trial 175 0 45670730 17.925084
-Trial 176 0 45670730 17.928815
-Trial 177 0 45670730 17.936084
* 178: Cost = 0_45633265, Time = 15.68 sec. 
-Trial 178 0 45633265 17.948398
-Trial 179 0 45633265 17.986781
-Trial 180 0 45633265 17.997832
* 181: Cost = 0_45572514, Time = 15.76 sec. 
-Trial 181 0 45572514 18.029908
-Trial 182 0 45572514 18.035309
-Trial 183 0 45572514 18.038910
-Trial 184 0 45572514 18.044311
-Trial 185 0 45572514 18.072262
-Trial 186 0 45572514 18.077711
* 187: Cost = 0_45541933, Time = 15.86 sec. 
-Trial 187 0 45541933 18.125130
* 188: Cost = 0_45537378, Time = 15.87 sec. 
-Trial 188 0 45537378 18.137502
* 189: Cost = 0_45534137, Time = 15.88 sec. 
-Trial 189 0 45534137 18.148433
-Trial 190 0 45534137 18.168800
* 191: Cost = 0_45496057, Time = 15.91 sec. 
-Trial 191 0 45496057 18.175143
* 192: Cost = 0_45344723, Time = 15.94 sec. 
-Trial 192 0 45344723 18.208453
-Trial 193 0 45344723 18.307235
-Trial 194 0 45344723 18.619256
-Trial 195 0 45344723 18.669654
* 196: Cost = 0_45220619, Time = 16.50 sec. 
-Trial 196 0 45220619 18.772170
-Trial 197 0 45220619 18.792873
-Trial 198 0 45220619 18.863914
-Trial 199 0 45220619 18.868836
-Trial 200 0 45220619 18.932276
-Trial 201 0 45220619 18.963053
-Trial 202 0 45220619 19.071360
-Trial 203 0 45220619 19.075181
* 204: Cost = 0_44793204, Time = 16.82 sec. 
-Trial 204 0 44793204 19.089866
-Trial 205 0 44793204 19.147181
* 206: Cost = 0_44620303, Time = 16.91 sec. 
-Trial 206 0 44620303 19.182487
* 207: Cost = 0_44582091, Time = 17.01 sec. 
-Trial 207 0 44582091 19.274366
-Trial 208 0 44582091 19.296822
-Trial 209 0 44582091 19.307391
-Trial 210 0 44582091 19.317136
-Trial 211 0 44582091 19.583100
-Trial 212 0 44582091 19.585532
-Trial 213 0 44582091 19.587414
-Trial 214 0 44582091 19.598457
* 215: Cost = 0_44495863, Time = 17.43 sec. 
-Trial 215 0 44495863 19.700550
-Trial 216 0 44495863 19.746064
-Trial 217 0 44495863 19.754076
-Trial 218 0 44495863 19.767099
-Trial 219 0 44495863 19.848494
-Trial 220 0 44495863 19.863503
-Trial 221 0 44495863 19.900993
-Trial 222 0 44495863 19.915711
-Trial 223 0 44495863 19.951267
-Trial 224 0 44495863 19.964031
-Trial 225 0 44495863 19.967233
-Trial 226 0 44495863 19.998020
-Trial 227 0 44495863 20.003042
-Trial 228 0 44495863 20.019398
-Trial 229 0 44495863 20.037910
-Trial 230 0 44495863 20.137749
-Trial 231 0 44495863 20.179682
* 232: Cost = 0_44407903, Time = 17.92 sec. 
-Trial 232 0 44407903 20.192680
-Trial 233 0 44407903 20.273973
-Trial 234 0 44407903 20.305371
* 235: Cost = 0_44368089, Time = 18.06 sec. 
-Trial 235 0 44368089 20.325674
-Trial 236 0 44368089 20.352166
-Trial 237 0 44368089 20.355896
-Trial 238 0 44368089 20.375023
-Trial 239 0 44368089 20.487927
-Trial 240 0 44368089 20.529095
-Trial 241 0 44368089 20.543768
-Trial 242 0 44368089 20.613291
-Trial 243 0 44368089 20.625565
* 244: Cost = 0_44354654, Time = 18.38 sec. 
-Trial 244 0 44354654 20.643241
-Trial 245 0 44354654 20.675339
-Trial 246 0 44354654 20.684131
-Trial 247 0 44354654 20.708099
-Trial 248 0 44354654 20.725687
-Trial 249 0 44354654 20.747507
-Trial 250 0 44354654 20.798640
-Trial 251 0 44354654 20.807355
-Trial 252 0 44354654 20.828736
-Trial 253 0 44354654 20.840486
-Trial 254 0 44354654 21.061874
-Trial 255 0 44354654 21.073043
-Trial 256 0 44354654 21.151967
-Trial 257 0 44354654 21.165758
-Trial 258 0 44354654 21.191873
-Trial 259 0 44354654 21.195631
-Trial 260 0 44354654 21.200053
-Trial 261 0 44354654 21.294449
-Trial 262 0 44354654 21.308512
-Trial 263 0 44354654 21.347389
-Trial 264 0 44354654 21.354009
-Trial 265 0 44354654 21.367255
-Trial 266 0 44354654 21.433266
-Trial 267 0 44354654 21.477285
-Trial 268 0 44354654 21.487136
* 269: Cost = 0_44346169, Time = 19.25 sec. 
-Trial 269 0 44346169 21.518943
* 270: Cost = 0_44308558, Time = 19.31 sec. 
-Trial 270 0 44308558 21.578623
-Trial 271 0 44308558 21.581972
-Trial 272 0 44308558 21.601183
-Trial 273 0 44308558 21.617466
* 274: Cost = 0_44277241, Time = 19.35 sec. 
-Trial 274 0 44277241 21.622807
-Trial 275 0 44277241 21.652453
-Trial 276 0 44277241 21.684327
-Trial 277 0 44277241 21.759000
* 278: Cost = 0_44275699, Time = 19.52 sec. 
-Trial 278 0 44275699 21.792857
-Trial 279 0 44275699 21.835272
-Trial 280 0 44275699 21.854548
-Trial 281 0 44275699 21.905601
-Trial 282 0 44275699 21.936579
-Trial 283 0 44275699 21.949254
-Trial 284 0 44275699 22.007529
-Trial 285 0 44275699 22.135503
-Trial 286 0 44275699 22.227447
-Trial 287 0 44275699 22.232348
-Trial 288 0 44275699 22.241114
* 289: Cost = 0_44130029, Time = 19.99 sec. 
-Trial 289 0 44130029 22.259868
* 290: Cost = 0_44050088, Time = 20.03 sec. 
-Trial 290 0 44050088 22.294011
-Trial 291 0 44050088 22.304573
-Trial 292 0 44050088 22.332016
-Trial 293 0 44050088 22.332955
-Trial 294 0 44050088 22.423700
-Trial 295 0 44050088 22.432303
-Trial 296 0 44050088 22.464074
-Trial 297 0 44050088 22.543154
-Trial 298 0 44050088 22.860344
-Trial 299 0 44050088 22.875575
-Trial 300 0 44050088 22.958046
-Trial 301 0 44050088 23.016076
-Trial 302 0 44050088 23.034088
-Trial 303 0 44050088 23.050891
-Trial 304 0 44050088 23.155968
* 305: Cost = 0_44009104, Time = 20.93 sec. 
-Trial 305 0 44009104 23.195766
-Trial 306 0 44009104 23.208735
-Trial 307 0 44009104 23.216718
-Trial 308 0 44009104 23.245135
-Trial 309 0 44009104 23.261637
* 310: Cost = 0_43529688, Time = 21.13 sec. 
-Trial 310 0 43529688 23.399318
* 311: Cost = 0_43515074, Time = 21.14 sec. 
-Trial 311 0 43515074 23.404102
-Trial 312 0 43515074 23.429393
-Trial 313 0 43515074 23.458118
-Trial 314 0 43515074 23.459542
-Trial 315 0 43515074 23.477391
-Trial 316 0 43515074 23.490205
-Trial 317 0 43515074 23.493045
-Trial 318 0 43515074 23.503375
-Trial 319 0 43515074 23.506639
-Trial 320 0 43515074 23.598850
-Trial 321 0 43515074 23.627306
-Trial 322 0 43515074 23.632422
-Trial 323 0 43515074 23.638117
-Trial 324 0 43515074 23.643371
-Trial 325 0 43515074 23.708749
-Trial 326 0 43515074 23.722876
-Trial 327 0 43515074 23.729888
-Trial 328 0 43515074 23.823702
-Trial 329 0 43515074 23.826760
-Trial 330 0 43515074 23.833743
-Trial 331 0 43515074 23.853682
-Trial 332 0 43515074 23.858964
-Trial 333 0 43515074 23.877900
* 334: Cost = 0_43482242, Time = 21.61 sec. 
-Trial 334 0 43482242 23.881134
-Trial 335 0 43482242 23.911009
-Trial 336 0 43482242 23.921326
-Trial 337 0 43482242 23.946186
-Trial 338 0 43482242 23.979144
-Trial 339 0 43482242 23.979594
* 340: Cost = 0_43456349, Time = 21.81 sec. 
-Trial 340 0 43456349 24.083056
-Trial 341 0 43456349 24.110825
* 342: Cost = 0_43437738, Time = 21.87 sec. 
-Trial 342 0 43437738 24.137285
* 343: Cost = 0_43376173, Time = 21.99 sec. 
-Trial 343 0 43376173 24.257921
-Trial 344 0 43376173 24.266608
-Trial 345 0 43376173 24.284188
-Trial 346 0 43376173 24.302947
-Trial 347 0 43376173 24.318610
-Trial 348 0 43376173 24.349271
-Trial 349 0 43376173 24.354709
-Trial 350 0 43376173 24.379558
-Trial 351 0 43376173 24.383953
-Trial 352 0 43376173 24.465581
-Trial 353 0 43376173 24.505583
-Trial 354 0 43376173 24.533249
-Trial 355 0 43376173 24.564454
-Trial 356 0 43376173 24.569952
-Trial 357 0 43376173 24.585338
-Trial 358 0 43376173 24.594547
-Trial 359 0 43376173 24.600727
-Trial 360 0 43376173 24.640428
-Trial 361 0 43376173 24.673130
-Trial 362 0 43376173 24.743392
-Trial 363 0 43376173 24.751016
-Trial 364 0 43376173 24.758340
-Trial 365 0 43376173 24.767820
-Trial 366 0 43376173 24.781697
-Trial 367 0 43376173 24.831205
-Trial 368 0 43376173 24.842999
-Trial 369 0 43376173 24.869870
-Trial 370 0 43376173 24.978077
-Trial 371 0 43376173 24.997617
-Trial 372 0 43376173 25.007356
-Trial 373 0 43376173 25.052052
-Trial 374 0 43376173 25.088169
-Trial 375 0 43376173 25.112815
-Trial 376 0 43376173 25.201395
-Trial 377 0 43376173 25.371482
* 378: Cost = 0_43362992, Time = 23.14 sec. 
-Trial 378 0 43362992 25.404659
-Trial 379 0 43362992 25.439786
-Trial 380 0 43362992 25.454013
-Trial 381 0 43362992 25.454712
-Trial 382 0 43362992 25.489851
-Trial 383 0 43362992 25.500618
-Trial 384 0 43362992 25.502379
-Trial 385 0 43362992 25.595317
* 386: Cost = 0_43360882, Time = 23.35 sec. 
-Trial 386 0 43360882 25.619902
-Trial 387 0 43360882 25.652538
-Trial 388 0 43360882 25.664045
-Trial 389 0 43360882 25.692249
-Trial 390 0 43360882 25.694788
-Trial 391 0 43360882 25.697586
-Trial 392 0 43360882 25.737653
-Trial 393 0 43360882 25.848244
* 394: Cost = 0_43357267, Time = 23.61 sec. 
-Trial 394 0 43357267 25.882184
-Trial 395 0 43357267 25.899076
-Trial 396 0 43357267 25.900638
* 397: Cost = 0_43347013, Time = 23.65 sec. 
-Trial 397 0 43347013 25.914268
-Trial 398 0 43347013 25.937230
-Trial 399 0 43347013 25.961865
-Trial 400 0 43347013 26.011133
* 401: Cost = 0_43325644, Time = 23.80 sec. 
-Trial 401 0 43325644 26.072862
-Trial 402 0 43325644 26.075213
-Trial 403 0 43325644 26.103250
-Trial 404 0 43325644 26.127847
-Trial 405 0 43325644 26.148208
-Trial 406 0 43325644 26.154776
-Trial 407 0 43325644 26.158499
-Trial 408 0 43325644 26.169969
* 409: Cost = 0_43199221, Time = 23.91 sec. 
-Trial 409 0 43199221 26.180583
-Trial 410 0 43199221 26.407688
-Trial 411 0 43199221 26.450290
-Trial 412 0 43199221 26.455409
-Trial 413 0 43199221 26.642939
-Trial 414 0 43199221 26.654952
-Trial 415 0 43199221 26.862708
-Trial 416 0 43199221 26.874481
-Trial 417 0 43199221 26.919248
-Trial 418 0 43199221 26.980419
-Trial 419 0 43199221 26.982512
-Trial 420 0 43199221 27.001678
-Trial 421 0 43199221 27.002505
* 422: Cost = 0_43195544, Time = 24.76 sec. 
-Trial 422 0 43195544 27.029312
-Trial 423 0 43195544 27.067300
* 424: Cost = 0_43131960, Time = 24.81 sec. 
-Trial 424 0 43131960 27.076060
-Trial 425 0 43131960 27.082903
-Trial 426 0 43131960 27.092390
-Trial 427 0 43131960 27.101621
-Trial 428 0 43131960 27.109110
-Trial 429 0 43131960 27.165190
-Trial 430 0 43131960 27.182460
* 431: Cost = 0_43113829, Time = 24.92 sec. 
-Trial 431 0 43113829 27.190812
-Trial 432 0 43113829 27.207597
* 433: Cost = 0_43061753, Time = 24.98 sec. 
-Trial 433 0 43061753 27.251704
-Trial 434 0 43061753 27.271488
-Trial 435 0 43061753 27.304654
-Trial 436 0 43061753 27.308106
-Trial 437 0 43061753 27.387465
-Trial 438 0 43061753 27.408269
-Trial 439 0 43061753 27.410875
-Trial 440 0 43061753 27.428337
-Trial 441 0 43061753 27.511893
-Trial 442 0 43061753 27.527279
-Trial 443 0 43061753 27.535865
-Trial 444 0 43061753 27.545996
-Trial 445 0 43061753 27.626210
-Trial 446 0 43061753 27.633298
-Trial 447 0 43061753 27.741328
-Trial 448 0 43061753 27.786079
* 449: Cost = 0_43058978, Time = 25.52 sec. 
-Trial 449 0 43058978 27.788917
-Trial 450 0 43058978 27.798667
-Trial 451 0 43058978 27.801730
-Trial 452 0 43058978 27.806615
-Trial 453 0 43058978 27.850230
-Trial 454 0 43058978 27.897752
-Trial 455 0 43058978 28.011142
* 456: Cost = 0_43056751, Time = 25.81 sec. 
-Trial 456 0 43056751 28.079287
-Trial 457 0 43056751 28.079682
-Trial 458 0 43056751 28.098737
* 459: Cost = 0_43026231, Time = 25.85 sec. 
-Trial 459 0 43026231 28.113220
-Trial 460 0 43026231 28.126286
-Trial 461 0 43026231 28.145225
-Trial 462 0 43026231 28.159956
-Trial 463 0 43026231 28.169088
-Trial 464 0 43026231 28.186382
-Trial 465 0 43026231 28.212088
-Trial 466 0 43026231 28.236695
-Trial 467 0 43026231 28.244546
-Trial 468 0 43026231 28.260183
-Trial 469 0 43026231 28.289639
-Trial 470 0 43026231 28.295249
-Trial 471 0 43026231 28.301900
* 472: Cost = 0_42860571, Time = 26.08 sec. 
-Trial 472 0 42860571 28.347828
-Trial 473 0 42860571 28.421345
-Trial 474 0 42860571 28.498215
* 475: Cost = 0_42723472, Time = 26.24 sec. 
-Trial 475 0 42723472 28.508159
-Trial 476 0 42723472 28.522759
-Trial 477 0 42723472 28.527174
-Trial 478 0 42723472 28.545321
* 479: Cost = 0_42645094, Time = 26.28 sec. 
-Trial 479 0 42645094 28.552612
-Trial 480 0 42645094 28.688006
-Trial 481 0 42645094 28.721993
-Trial 482 0 42645094 28.729823
-Trial 483 0 42645094 28.744323
* 484: Cost = 0_42575186, Time = 26.51 sec. 
-Trial 484 0 42575186 28.782890
-Trial 485 0 42575186 28.800627
-Trial 486 0 42575186 28.822317
-Trial 487 0 42575186 28.860729
-Trial 488 0 42575186 28.909302
-Trial 489 0 42575186 28.910737
-Trial 490 0 42575186 28.948114
-Trial 491 0 42575186 28.959472
-Trial 492 0 42575186 28.964385
-Trial 493 0 42575186 28.967948
-Trial 494 0 42575186 29.255414
-Trial 495 0 42575186 29.300029
* 496: Cost = 0_42563508, Time = 27.04 sec. 
-Trial 496 0 42563508 29.310066
-Trial 497 0 42563508 29.315102
-Trial 498 0 42563508 29.347115
-Trial 499 0 42563508 29.397855
-Trial 500 0 42563508 29.582421
-Trial 501 0 42563508 29.591449
-Trial 502 0 42563508 29.596600
-Trial 503 0 42563508 29.626618
-Trial 504 0 42563508 29.643664
-Trial 505 0 42563508 29.655486
-Trial 506 0 42563508 29.670332
-Trial 507 0 42563508 29.731916
-Trial 508 0 42563508 29.749223
-Trial 509 0 42563508 29.757329
-Trial 510 0 42563508 29.840658
-Trial 511 0 42563508 29.863774
* 512: Cost = 0_42547305, Time = 27.62 sec. 
-Trial 512 0 42547305 29.892264
-Trial 513 0 42547305 29.918066
-Trial 514 0 42547305 29.948658
* 515: Cost = 0_42536375, Time = 27.73 sec. 
-Trial 515 0 42536375 29.993712
-Trial 516 0 42536375 29.999686
-Trial 517 0 42536375 30.037364
-Trial 518 0 42536375 30.154435
-Trial 519 0 42536375 30.179759
-Trial 520 0 42536375 30.198825
-Trial 521 0 42536375 30.217226
-Trial 522 0 42536375 30.228031
-Trial 523 0 42536375 30.261996
-Trial 524 0 42536375 30.325617
-Trial 525 0 42536375 30.356390
-Trial 526 0 42536375 30.400673
-Trial 527 0 42536375 30.527061
-Trial 528 0 42536375 30.565662
-Trial 529 0 42536375 30.613951
-Trial 530 0 42536375 30.620991
-Trial 531 0 42536375 30.624199
-Trial 532 0 42536375 30.637361
-Trial 533 0 42536375 30.646335
-Trial 534 0 42536375 30.651690
-Trial 535 0 42536375 30.672393
-Trial 536 0 42536375 30.739596
-Trial 537 0 42536375 30.760924
-Trial 538 0 42536375 30.818473
-Trial 539 0 42536375 30.819141
-Trial 540 0 42536375 30.826959
-Trial 541 0 42536375 30.832657
-Trial 542 0 42536375 30.836549
-Trial 543 0 42536375 30.890254
-Trial 544 0 42536375 30.902152
-Trial 545 0 42536375 30.916495
-Trial 546 0 42536375 30.928518
-Trial 547 0 42536375 30.986957
-Trial 548 0 42536375 31.157447
-Trial 549 0 42536375 31.164782
-Trial 550 0 42536375 31.206052
-Trial 551 0 42536375 31.221591
-Trial 552 0 42536375 31.241223
-Trial 553 0 42536375 31.255096
-Trial 554 0 42536375 31.266164
* 555: Cost = 0_42522443, Time = 29.04 sec. 
-Trial 555 0 42522443 31.303755
-Trial 556 0 42522443 31.334723
-Trial 557 0 42522443 31.339086
-Trial 558 0 42522443 31.342250
* 559: Cost = 0_42518536, Time = 29.13 sec. 
-Trial 559 0 42518536 31.400385
-Trial 560 0 42518536 31.427660
-Trial 561 0 42518536 31.468977
-Trial 562 0 42518536 31.522860
-Trial 563 0 42518536 31.596246
-Trial 564 0 42518536 31.639613
-Trial 565 0 42518536 31.682127
-Trial 566 0 42518536 31.771666
-Trial 567 0 42518536 31.809610
-Trial 568 0 42518536 31.821817
-Trial 569 0 42518536 31.873184
-Trial 570 0 42518536 31.893717
-Trial 571 0 42518536 31.953857
-Trial 572 0 42518536 31.988654
-Trial 573 0 42518536 31.997885
-Trial 574 0 42518536 32.001343
-Trial 575 0 42518536 32.076185
-Trial 576 0 42518536 32.108046
-Trial 577 0 42518536 32.111584
-Trial 578 0 42518536 32.114349
-Trial 579 0 42518536 32.118027
-Trial 580 0 42518536 32.134066
* 581: Cost = 0_42469553, Time = 29.88 sec. 
-Trial 581 0 42469553 32.148748
-Trial 582 0 42469553 32.162680
-Trial 583 0 42469553 32.176778
-Trial 584 0 42469553 32.178541
-Trial 585 0 42469553 32.196424
-Trial 586 0 42469553 32.205423
-Trial 587 0 42469553 32.205972
-Trial 588 0 42469553 32.226691
-Trial 589 0 42469553 32.237231
-Trial 590 0 42469553 32.245972
-Trial 591 0 42469553 32.270243
-Trial 592 0 42469553 32.282230
-Trial 593 0 42469553 32.313399
-Trial 594 0 42469553 32.327032
-Trial 595 0 42469553 32.450088
-Trial 596 0 42469553 32.463653
-Trial 597 0 42469553 32.486932
-Trial 598 0 42469553 32.498305
-Trial 599 0 42469553 32.522546
-Trial 600 0 42469553 32.562104
-Trial 601 0 42469553 32.562520
-Trial 602 0 42469553 32.588402
-Trial 603 0 42469553 32.613250
-Trial 604 0 42469553 32.641213
-Trial 605 0 42469553 32.656326
-Trial 606 0 42469553 32.722887
-Trial 607 0 42469553 32.752553
-Trial 608 0 42469553 32.761592
-Trial 609 0 42469553 32.793230
-Trial 610 0 42469553 32.804081
-Trial 611 0 42469553 32.837783
-Trial 612 0 42469553 32.850878
-Trial 613 0 42469553 32.920661
-Trial 614 0 42469553 32.923859
-Trial 615 0 42469553 32.929345
-Trial 616 0 42469553 32.931749
-Trial 617 0 42469553 32.937448
-Trial 618 0 42469553 33.054867
-Trial 619 0 42469553 33.068804
-Trial 620 0 42469553 33.141237
-Trial 621 0 42469553 33.148434
-Trial 622 0 42469553 33.149235
-Trial 623 0 42469553 33.178422
-Trial 624 0 42469553 33.179591
-Trial 625 0 42469553 33.187021
-Trial 626 0 42469553 33.224746
-Trial 627 0 42469553 33.245695
-Trial 628 0 42469553 33.259966
-Trial 629 0 42469553 33.266080
-Trial 630 0 42469553 33.286814
-Trial 631 0 42469553 33.307598
-Trial 632 0 42469553 33.332539
-Trial 633 0 42469553 33.372335
-Trial 634 0 42469553 33.453246
-Trial 635 0 42469553 33.457249
-Trial 636 0 42469553 33.503641
-Trial 637 0 42469553 33.543864
-Trial 638 0 42469553 33.547668
-Trial 639 0 42469553 33.578396
-Trial 640 0 42469553 33.605883
-Trial 641 0 42469553 33.615409
-Trial 642 0 42469553 33.673546
-Trial 643 0 42469553 33.683684
-Trial 644 0 42469553 33.694399
-Trial 645 0 42469553 33.709139
-Trial 646 0 42469553 33.757381
-Trial 647 0 42469553 33.762431
-Trial 648 0 42469553 33.829603
-Trial 649 0 42469553 33.832166
* 650: Cost = 0_42444625, Time = 31.62 sec. 
-Trial 650 0 42444625 33.886605
-Trial 651 0 42444625 33.889314
-Trial 652 0 42444625 33.969070
-Trial 653 0 42444625 33.979793
-Trial 654 0 42444625 33.996173
-Trial 655 0 42444625 34.008520
-Trial 656 0 42444625 34.017354
-Trial 657 0 42444625 34.100061
-Trial 658 0 42444625 34.175587
-Trial 659 0 42444625 34.238130
-Trial 660 0 42444625 34.262618
-Trial 661 0 42444625 34.283931
-Trial 662 0 42444625 34.289365
-Trial 663 0 42444625 34.293107
-Trial 664 0 42444625 34.302119
-Trial 665 0 42444625 34.305388
-Trial 666 0 42444625 34.380955
-Trial 667 0 42444625 34.388031
-Trial 668 0 42444625 34.402716
-Trial 669 0 42444625 34.406599
-Trial 670 0 42444625 34.417546
-Trial 671 0 42444625 34.562064
-Trial 672 0 42444625 34.577455
-Trial 673 0 42444625 34.614638
-Trial 674 0 42444625 34.647668
* 675: Cost = 0_42420733, Time = 32.43 sec. 
-Trial 675 0 42420733 34.694838
* 676: Cost = 0_42415692, Time = 32.43 sec. 
-Trial 676 0 42415692 34.698208
-Trial 677 0 42415692 34.711013
-Trial 678 0 42415692 34.724728
-Trial 679 0 42415692 34.743836
-Trial 680 0 42415692 34.761977
-Trial 681 0 42415692 34.768212
-Trial 682 0 42415692 34.778359
-Trial 683 0 42415692 34.796305
-Trial 684 0 42415692 34.804341
-Trial 685 0 42415692 34.821209
-Trial 686 0 42415692 34.851909
-Trial 687 0 42415692 34.868997
-Trial 688 0 42415692 34.887317
-Trial 689 0 42415692 34.926057
-Trial 690 0 42415692 34.931268
-Trial 691 0 42415692 34.951636
-Trial 692 0 42415692 34.969973
-Trial 693 0 42415692 35.007618
-Trial 694 0 42415692 35.219033
-Trial 695 0 42415692 35.250916
-Trial 696 0 42415692 35.268248
-Trial 697 0 42415692 35.285308
-Trial 698 0 42415692 35.297719
-Trial 699 0 42415692 35.311845
-Trial 700 0 42415692 35.319356
-Trial 701 0 42415692 35.360365
-Trial 702 0 42415692 35.406719
* 703: Cost = 0_42396066, Time = 33.15 sec. 
-Trial 703 0 42396066 35.419921
-Trial 704 0 42396066 35.523144
-Trial 705 0 42396066 35.546016
-Trial 706 0 42396066 35.607504
* 707: Cost = 0_42334501, Time = 33.40 sec. 
-Trial 707 0 42334501 35.672547
-Trial 708 0 42334501 35.847235
-Trial 709 0 42334501 35.933642
-Trial 710 0 42334501 35.965784
-Trial 711 0 42334501 36.101818
* 712: Cost = 0_42333699, Time = 33.84 sec. 
-Trial 712 0 42333699 36.108421
-Trial 713 0 42333699 36.129840
-Trial 714 0 42333699 36.139070
-Trial 715 0 42333699 36.177381
-Trial 716 0 42333699 36.178540
-Trial 717 0 42333699 36.312339
-Trial 718 0 42333699 36.342181
-Trial 719 0 42333699 36.412702
* 720: Cost = 0_42313953, Time = 34.17 sec. 
-Trial 720 0 42313953 36.442768
-Trial 721 0 42313953 36.456428
-Trial 722 0 42313953 36.492897
-Trial 723 0 42313953 36.549798
-Trial 724 0 42313953 36.646693
-Trial 725 0 42313953 36.657685
-Trial 726 0 42313953 36.689214
-Trial 727 0 42313953 36.702013
-Trial 728 0 42313953 36.742677
-Trial 729 0 42313953 36.766818
-Trial 730 0 42313953 36.773630
-Trial 731 0 42313953 36.854204
-Trial 732 0 42313953 36.893239
-Trial 733 0 42313953 36.967290
-Trial 734 0 42313953 36.992964
-Trial 735 0 42313953 37.140258
-Trial 736 0 42313953 37.149363
-Trial 737 0 42313953 37.193992
-Trial 738 0 42313953 37.198584
-Trial 739 0 42313953 37.229303
* 740: Cost = 0_42291527, Time = 34.97 sec. 
-Trial 740 0 42291527 37.238210
-Trial 741 0 42291527 37.252806
-Trial 742 0 42291527 37.269565
-Trial 743 0 42291527 37.318839
-Trial 744 0 42291527 37.361226
-Trial 745 0 42291527 37.370685
-Trial 746 0 42291527 37.402952
-Trial 747 0 42291527 37.407367
-Trial 748 0 42291527 37.448683
-Trial 749 0 42291527 37.465507
-Trial 750 0 42291527 37.502438
-Trial 751 0 42291527 37.513039
-Trial 752 0 42291527 37.846294
-Trial 753 0 42291527 37.861810
-Trial 754 0 42291527 37.917383
-Trial 755 0 42291527 37.922136
-Trial 756 0 42291527 37.923671
* 757: Cost = 0_42227500, Time = 35.67 sec. 
-Trial 757 0 42227500 37.934452
-Trial 758 0 42227500 37.959328
-Trial 759 0 42227500 37.963676
-Trial 760 0 42227500 38.000143
-Trial 761 0 42227500 38.045169
-Trial 762 0 42227500 38.049837
-Trial 763 0 42227500 38.087668
-Trial 764 0 42227500 38.094447
-Trial 765 0 42227500 38.123946
-Trial 766 0 42227500 38.186190
-Trial 767 0 42227500 38.201725
-Trial 768 0 42227500 38.221185
-Trial 769 0 42227500 38.226242
-Trial 770 0 42227500 38.233821
-Trial 771 0 42227500 38.273385
-Trial 772 0 42227500 38.299420
-Trial 773 0 42227500 38.321561
-Trial 774 0 42227500 38.326529
-Trial 775 0 42227500 38.337613
-Trial 776 0 42227500 38.381723
-Trial 777 0 42227500 38.415904
-Trial 778 0 42227500 38.434547
-Trial 779 0 42227500 38.446072
-Trial 780 0 42227500 38.447011
-Trial 781 0 42227500 38.464402
-Trial 782 0 42227500 38.471217
-Trial 783 0 42227500 38.479716
-Trial 784 0 42227500 38.483888
-Trial 785 0 42227500 38.488059
-Trial 786 0 42227500 38.492729
-Trial 787 0 42227500 38.512723
-Trial 788 0 42227500 38.516786
-Trial 789 0 42227500 38.521917
-Trial 790 0 42227500 38.554371
-Trial 791 0 42227500 38.567086
-Trial 792 0 42227500 38.581882
-Trial 793 0 42227500 38.618365
-Trial 794 0 42227500 38.678709
-Trial 795 0 42227500 38.695080
-Trial 796 0 42227500 38.804674
-Trial 797 0 42227500 38.875404
-Trial 798 0 42227500 38.880071
-Trial 799 0 42227500 38.961924
-Trial 800 0 42227500 38.982857
-Trial 801 0 42227500 39.030077
-Trial 802 0 42227500 39.036014
-Trial 803 0 42227500 39.063971
-Trial 804 0 42227500 39.081266
-Trial 805 0 42227500 39.089837
-Trial 806 0 42227500 39.092103
-Trial 807 0 42227500 39.152067
-Trial 808 0 42227500 39.233777
-Trial 809 0 42227500 39.263847
-Trial 810 0 42227500 39.268321
-Trial 811 0 42227500 39.277096
-Trial 812 0 42227500 39.280697
-Trial 813 0 42227500 39.299828
-Trial 814 0 42227500 39.314984
-Trial 815 0 42227500 39.373821
-Trial 816 0 42227500 39.425393
-Trial 817 0 42227500 39.433427
-Trial 818 0 42227500 39.569227
-Trial 819 0 42227500 39.586165
-Trial 820 0 42227500 39.631174
-Trial 821 0 42227500 39.641093
-Trial 822 0 42227500 39.666737
-Trial 823 0 42227500 39.682301
-Trial 824 0 42227500 39.682733
-Trial 825 0 42227500 39.717148
-Trial 826 0 42227500 39.731001
-Trial 827 0 42227500 39.794226
-Trial 828 0 42227500 39.819215
-Trial 829 0 42227500 40.049448
-Trial 830 0 42227500 40.055516
-Trial 831 0 42227500 40.068538
-Trial 832 0 42227500 40.110207
-Trial 833 0 42227500 40.128998
-Trial 834 0 42227500 40.137564
-Trial 835 0 42227500 40.146159
-Trial 836 0 42227500 40.154416
-Trial 837 0 42227500 40.251600
-Trial 838 0 42227500 40.264739
-Trial 839 0 42227500 40.287335
-Trial 840 0 42227500 40.359941
-Trial 841 0 42227500 40.455302
-Trial 842 0 42227500 40.471321
-Trial 843 0 42227500 40.773888
-Trial 844 0 42227500 40.805146
-Trial 845 0 42227500 40.807600
-Trial 846 0 42227500 40.877979
-Trial 847 0 42227500 40.923554
-Trial 848 0 42227500 40.932846
-Trial 849 0 42227500 40.958404
-Trial 850 0 42227500 40.986321
-Trial 851 0 42227500 41.004302
-Trial 852 0 42227500 41.015202
-Trial 853 0 42227500 41.044718
-Trial 854 0 42227500 41.101797
-Trial 855 0 42227500 41.107094
-Trial 856 0 42227500 41.135132
-Trial 857 0 42227500 41.168285
-Trial 858 0 42227500 41.177149
-Trial 859 0 42227500 41.215939
-Trial 860 0 42227500 41.236548
-Trial 861 0 42227500 41.246125
-Trial 862 0 42227500 41.276487
-Trial 863 0 42227500 41.277776
-Trial 864 0 42227500 41.350101
-Trial 865 0 42227500 41.359043
-Trial 866 0 42227500 41.364244
-Trial 867 0 42227500 41.369207
-Trial 868 0 42227500 41.422789
-Trial 869 0 42227500 41.431955
-Trial 870 0 42227500 41.495669
-Trial 871 0 42227500 41.518994
-Trial 872 0 42227500 41.562843
-Trial 873 0 42227500 41.594191
-Trial 874 0 42227500 41.609061
-Trial 875 0 42227500 41.618925
-Trial 876 0 42227500 41.634436
-Trial 877 0 42227500 41.649186
-Trial 878 0 42227500 41.667714
-Trial 879 0 42227500 41.699898
-Trial 880 0 42227500 41.719861
-Trial 881 0 42227500 41.723026
-Trial 882 0 42227500 41.743500
-Trial 883 0 42227500 41.746817
-Trial 884 0 42227500 41.755928
-Trial 885 0 42227500 41.818410
-Trial 886 0 42227500 41.851399
-Trial 887 0 42227500 41.870259
-Trial 888 0 42227500 41.883346
-Trial 889 0 42227500 42.006604
-Trial 890 0 42227500 42.049193
-Trial 891 0 42227500 42.076646
-Trial 892 0 42227500 42.081880
-Trial 893 0 42227500 42.096748
-Trial 894 0 42227500 42.121633
-Trial 895 0 42227500 42.141960
-Trial 896 0 42227500 42.178629
-Trial 897 0 42227500 42.182160
-Trial 898 0 42227500 42.187363
-Trial 899 0 42227500 42.198480
-Trial 900 0 42227500 42.286695
-Trial 901 0 42227500 42.492787
-Trial 902 0 42227500 42.502708
-Trial 903 0 42227500 42.516872
-Trial 904 0 42227500 42.656181
-Trial 905 0 42227500 42.677568
-Trial 906 0 42227500 42.709673
-Trial 907 0 42227500 42.712374
-Trial 908 0 42227500 42.735004
-Trial 909 0 42227500 42.757716
-Trial 910 0 42227500 42.785001
-Trial 911 0 42227500 42.807592
-Trial 912 0 42227500 42.835638
-Trial 913 0 42227500 42.847938
-Trial 914 0 42227500 42.850313
-Trial 915 0 42227500 42.879962
-Trial 916 0 42227500 42.896787
-Trial 917 0 42227500 42.916263
-Trial 918 0 42227500 43.059069
-Trial 919 0 42227500 43.072537
-Trial 920 0 42227500 43.093383
-Trial 921 0 42227500 43.106574
-Trial 922 0 42227500 43.140915
-Trial 923 0 42227500 43.166815
-Trial 924 0 42227500 43.251248
-Trial 925 0 42227500 43.283249
-Trial 926 0 42227500 43.288513
-Trial 927 0 42227500 43.316132
-Trial 928 0 42227500 43.745112
-Trial 929 0 42227500 43.771221
-Trial 930 0 42227500 43.784664
-Trial 931 0 42227500 43.801922
-Trial 932 0 42227500 43.828826
-Trial 933 0 42227500 43.847338
-Trial 934 0 42227500 43.900134
-Trial 935 0 42227500 43.930076
-Trial 936 0 42227500 43.999627
-Trial 937 0 42227500 44.025532
-Trial 938 0 42227500 44.032029
-Trial 939 0 42227500 44.060223
-Trial 940 0 42227500 44.082719
-Trial 941 0 42227500 44.443966
-Trial 942 0 42227500 44.514140
-Trial 943 0 42227500 44.522037
-Trial 944 0 42227500 44.563920
-Trial 945 0 42227500 44.567461
-Trial 946 0 42227500 44.569298
-Trial 947 0 42227500 44.578174
-Trial 948 0 42227500 44.602015
-Trial 949 0 42227500 44.612198
-Trial 950 0 42227500 44.630691
-Trial 951 0 42227500 44.667111
-Trial 952 0 42227500 44.726705
-Trial 953 0 42227500 44.791992
-Trial 954 0 42227500 44.797587
-Trial 955 0 42227500 44.837113
-Trial 956 0 42227500 44.850764
-Trial 957 0 42227500 44.874290
-Trial 958 0 42227500 44.884919
-Trial 959 0 42227500 44.892959
-Trial 960 0 42227500 44.896634
-Trial 961 0 42227500 44.927343
-Trial 962 0 42227500 45.031642
-Trial 963 0 42227500 45.087785
-Trial 964 0 42227500 45.096666
-Trial 965 0 42227500 45.131311
-Trial 966 0 42227500 45.144317
-Trial 967 0 42227500 45.149526
-Trial 968 0 42227500 45.159636
-Trial 969 0 42227500 45.169677
* 970: Cost = 0_42186332, Time = 42.91 sec. 
-Trial 970 0 42186332 45.180496
-Trial 971 0 42186332 45.193695
-Trial 972 0 42186332 45.261386
-Trial 973 0 42186332 45.282972
-Trial 974 0 42186332 45.289664
-Trial 975 0 42186332 45.300947
-Trial 976 0 42186332 45.302629
-Trial 977 0 42186332 45.312074
-Trial 978 0 42186332 45.321735
-Trial 979 0 42186332 45.337268
-Trial 980 0 42186332 45.497602
-Trial 981 0 42186332 45.520003
-Trial 982 0 42186332 45.558671
-Trial 983 0 42186332 45.574206
-Trial 984 0 42186332 45.592322
-Trial 985 0 42186332 45.643396
-Trial 986 0 42186332 45.716478
-Trial 987 0 42186332 45.738170
-Trial 988 0 42186332 45.742437
-Trial 989 0 42186332 45.751580
-Trial 990 0 42186332 45.779205
-Trial 991 0 42186332 45.801662
-Trial 992 0 42186332 45.823843
-Trial 993 0 42186332 45.833802
-Trial 994 0 42186332 45.843792
-Trial 995 0 42186332 45.867896
-Trial 996 0 42186332 45.871435
-Trial 997 0 42186332 45.921378
-Trial 998 0 42186332 45.954761
-Trial 999 0 42186332 45.975754
-Trial 1000 0 42186332 45.987735
Population:
  1: 0_42186332
Run 1: Cost = 0_42186332, Time = 43.72 sec. 

Successes/Runs = 0/1 
Cost.min = 42186332, Cost.avg = 42186332.00, Cost.max = 42186332
Gap.min = 0.0000%, Gap.avg = 0.0000%, Gap.max = 0.0000%
Penalty.min = 0, Penalty.avg = 0.00, Penalty.max = 0
Trials.min = 1000, Trials.avg = 1000.0, Trials.max = 1000
Time.min = 43.72 sec., Time.avg = 43.72 sec., Time.max = 43.72 sec.
Time.total = 45.99 sec.
  Size.min = 11, Size.max = 34, Penalty = 0
  Cost.min = 657829, Cost.max = 3049439, Cost.sum = 42186332
Best CVRPTW solution:
  Cost = 0_42186332
1 146 234 8 211 309 371 350 202 415 285 57 164 86 73 377 438 207 353 23 239 71 63 136 512 93 94 176 251 449 48 18 141 321 281 79 291 68 304 242 53 464 108 393 344 432 347 466 139 259 495 224 437 478 418 515 458 337 492 114 490 431 298 346 14 61 38 513 358 169 51 188 75 178 422 165 25 228 429 236 15 263 20 481 384 36 214 518 450 201 144 74 56 189 183 253 58 121 476 398 343 175 445 113 110 82 245 491 279 229 21 33 250 314 451 310 193 509 98 322 290 342 90 497 375 407 311 9 325 142 60 427 496 230 488 313 55 196 507 389 416 122 148 360 264 352 247 22 225 368 177 161 179 498 115 448 100 138 323 500 475 501 517 17 442 130 454 84 328 80 282 269 92 218 359 81 168 413 157 69 154 105 40 11 42 88 275 295 252 182 194 39 494 243 504 226 134 3 409 52 419 305 424 404 386 241 383 87 126 227 217 426 388 296 320 327 102 288 47 163 116 106 78 489 294 520 472 480 300 156 463 401 397 354 10 434 150 330 43 127 372 301 308 287 380 67 441 26 212 49 508 351 428 203 355 316 104 460 244 29 166 258 315 408 96 216 319 356 118 396 479 265 125 369 170 277 235 453 16 159 219 191 367 506 65 210 366 237 129 12 249 103 77 421 195 447 365 262 469 267 248 361 440 456 399 516 107 240 5 420 349 62 197 395 32 260 83 271 400 381 486 297 27 519 334 147 423 284 484 468 317 45 339 233 412 7 89 436 64 439 140 6 246 338 143 186 474 306 192 333 158 254 112 514 302 473 387 255 340 392 72 274 123 444 2 391 414 261 405 280 299 153 187 293 335 370 128 272 283 402 41 19 503 487 231 376 4 91 332 184 66 131 151 312 222 357 199 341 411 185 145 162 171 457 24 238 132 59 181 119 505 394 13 364 111 406 430 435 462 160 362 173 276 97 120 76 477 155 198 433 221 31 470 499 465 204 220 467 99 101 206 149 135 215 266 511 95 417 200 324 167 268 30 326 471 382 336 410 455 329 425 459 286 289 510 205 223 117 493 213 318 483 46 152 278 208 257 331 374 124 390 109 256 35 174 443 70 482 292 172 85 232 34 502 44 485 446 373 273 345 54 50 209 348 378 379 363 452 137 461 28 385 133 37 403 190 270 303 307 180 1 
