PARAMETER_FILE = result/cvrptw_500/LKH_para/122.para
Reading PROBLEM_FILE: "result/cvrptw_500/cvrptw/122.cvrptw" ... done
ASCENT_CANDIDATES = 50
BACKBONE_TRIALS = 0
BACKTRACKING = NO
# BWTSP =
# CANDIDATE_FILE =
CANDIDATE_SET_TYPE = ALPHA
DEPOT = 1
# EDGE_FILE =
EXCESS = 0.0384615
EXTERNAL_SALESMEN = 0
EXTRA_CANDIDATES = 0 
EXTRA_CANDIDATE_SET_TYPE = QUADRANT
GAIN23 = NO
GAIN_CRITERION = YES
INITIAL_PERIOD = 520
INITIAL_STEP_SIZE = 1
INITIAL_TOUR_ALGORITHM = WALK
# INITIAL_TOUR_FILE = 
INITIAL_TOUR_FRACTION = 1.000
# INPUT_TOUR_FILE = 
KICK_TYPE = 4
KICKS = 1
# MAX_BREADTH =
MAKESPAN = NO
MAX_CANDIDATES = 5 
MAX_SWAPS = 0
MAX_TRIALS = 1000
# MERGE_TOUR_FILE =
MOVE_TYPE = 5 SPECIAL
MTSP_MIN_SIZE = 1
MTSP_MAX_SIZE = 1039
# MTSP_SOLUTION_FILE = 
# NONSEQUENTIAL_MOVE_TYPE = 5
# OPTIMUM =
# OUTPUT_TOUR_FILE = 
PATCHING_A = 1 
PATCHING_C = 0 
# PI_FILE = 
POPMUSIC_INITIAL_TOUR = NO
POPMUSIC_MAX_NEIGHBORS = 5
POPMUSIC_SAMPLE_SIZE = 10
POPMUSIC_SOLUTIONS = 50
POPMUSIC_TRIALS = 1
POPULATION_SIZE = 10
PRECISION = 100
PROBLEM_FILE = result/cvrptw_500/cvrptw/122.cvrptw
RECOMBINATION = IPT
RESTRICTED_SEARCH = YES
RUNS = 1
SALESMEN = 20
SCALE = 1
SEED = 1234
# SINTEF_SOLUTION_FILE = 
STOP_AT_OPTIMUM = YES
SUBGRADIENT = YES
# SUBPROBLEM_SIZE =
# SUBPROBLEM_TOUR_FILE = 
SUBSEQUENT_MOVE_TYPE = 5 SPECIAL
SUBSEQUENT_PATCHING = YES
# TIME_LIMIT =
# TOUR_FILE = 
TRACE_LEVEL = 1
VEHICLES = 20

Lower bound = 27807405.0, Ascent time = 2.22 sec.
Cand.min = 5, Cand.avg = 5.0, Cand.max = 5
Edges.fixed = 520 [Cost = 0]
Preprocessing time = 2.31 sec.
* 1: Cost = 440925_53644184, Time = 4.30 sec. 
-Trial 1 440925 53644184 6.615794
* 2: Cost = 117729_53217448, Time = 5.02 sec. 
-Trial 2 117729 53217448 7.329874
* 3: Cost = 117729_52732770, Time = 5.23 sec. 
-Trial 3 117729 52732770 7.539480
-Trial 4 117729 52732770 7.541165
-Trial 5 117729 52732770 7.719402
* 6: Cost = 117729_52507834, Time = 5.46 sec. 
-Trial 6 117729 52507834 7.769867
-Trial 7 117729 52507834 7.795775
-Trial 8 117729 52507834 7.948221
-Trial 9 117729 52507834 7.999086
-Trial 10 117729 52507834 8.039274
-Trial 11 117729 52507834 8.068288
* 12: Cost = 117729_52288874, Time = 5.80 sec. 
-Trial 12 117729 52288874 8.115537
-Trial 13 117729 52288874 8.150206
-Trial 14 117729 52288874 8.203551
* 15: Cost = 117729_52216544, Time = 5.92 sec. 
-Trial 15 117729 52216544 8.232255
* 16: Cost = 117729_51725674, Time = 5.97 sec. 
-Trial 16 117729 51725674 8.282509
* 17: Cost = 117729_51490482, Time = 6.10 sec. 
-Trial 17 117729 51490482 8.408247
* 18: Cost = 117729_51346807, Time = 6.14 sec. 
-Trial 18 117729 51346807 8.452137
-Trial 19 117729 51346807 8.780342
* 20: Cost = 117729_51226681, Time = 6.53 sec. 
-Trial 20 117729 51226681 8.839712
-Trial 21 117729 51226681 8.874635
-Trial 22 117729 51226681 8.998441
-Trial 23 117729 51226681 9.113058
-Trial 24 117729 51226681 9.341348
-Trial 25 117729 51226681 9.560312
* 26: Cost = 117729_51142209, Time = 7.32 sec. 
-Trial 26 117729 51142209 9.632485
-Trial 27 117729 51142209 9.634860
-Trial 28 117729 51142209 9.661178
-Trial 29 117729 51142209 9.837217
* 30: Cost = 117729_51014451, Time = 7.59 sec. 
-Trial 30 117729 51014451 9.898708
* 31: Cost = 117729_51007990, Time = 7.78 sec. 
-Trial 31 117729 51007990 10.093303
* 32: Cost = 117729_51006844, Time = 7.81 sec. 
-Trial 32 117729 51006844 10.120715
* 33: Cost = 117729_50983995, Time = 7.83 sec. 
-Trial 33 117729 50983995 10.139285
* 34: Cost = 0_51095206, Time = 7.98 sec. 
-Trial 34 0 51095206 10.290081
* 35: Cost = 0_50741621, Time = 8.17 sec. 
-Trial 35 0 50741621 10.482680
* 36: Cost = 0_49918490, Time = 8.20 sec. 
-Trial 36 0 49918490 10.515569
-Trial 37 0 49918490 10.616709
-Trial 38 0 49918490 10.637821
-Trial 39 0 49918490 10.664171
-Trial 40 0 49918490 10.673966
* 41: Cost = 0_49523271, Time = 8.44 sec. 
-Trial 41 0 49523271 10.749390
-Trial 42 0 49523271 10.753245
-Trial 43 0 49523271 10.765525
* 44: Cost = 0_49407835, Time = 8.46 sec. 
-Trial 44 0 49407835 10.773524
-Trial 45 0 49407835 10.832675
-Trial 46 0 49407835 10.852275
-Trial 47 0 49407835 10.859094
-Trial 48 0 49407835 10.884571
* 49: Cost = 0_49311852, Time = 8.57 sec. 
-Trial 49 0 49311852 10.888105
-Trial 50 0 49311852 10.903546
* 51: Cost = 0_49160212, Time = 8.62 sec. 
-Trial 51 0 49160212 10.937056
-Trial 52 0 49160212 10.973300
-Trial 53 0 49160212 11.019725
-Trial 54 0 49160212 11.057497
-Trial 55 0 49160212 11.065176
* 56: Cost = 0_49081245, Time = 8.77 sec. 
-Trial 56 0 49081245 11.085912
* 57: Cost = 0_48963652, Time = 8.80 sec. 
-Trial 57 0 48963652 11.114845
-Trial 58 0 48963652 11.127909
-Trial 59 0 48963652 11.135303
-Trial 60 0 48963652 11.224544
-Trial 61 0 48963652 11.299489
-Trial 62 0 48963652 11.343741
-Trial 63 0 48963652 11.355294
-Trial 64 0 48963652 11.378994
-Trial 65 0 48963652 11.395586
-Trial 66 0 48963652 11.429951
-Trial 67 0 48963652 11.442060
* 68: Cost = 0_48963363, Time = 9.15 sec. 
-Trial 68 0 48963363 11.467102
-Trial 69 0 48963363 11.467945
* 70: Cost = 0_48858458, Time = 9.18 sec. 
-Trial 70 0 48858458 11.493470
-Trial 71 0 48858458 11.506863
* 72: Cost = 0_48822424, Time = 9.20 sec. 
-Trial 72 0 48822424 11.509329
* 73: Cost = 0_48764794, Time = 9.20 sec. 
-Trial 73 0 48764794 11.513831
* 74: Cost = 0_48764575, Time = 9.23 sec. 
-Trial 74 0 48764575 11.546363
* 75: Cost = 0_48710125, Time = 9.30 sec. 
-Trial 75 0 48710125 11.613531
-Trial 76 0 48710125 11.627018
-Trial 77 0 48710125 11.640689
-Trial 78 0 48710125 11.676134
-Trial 79 0 48710125 11.700061
* 80: Cost = 0_48231881, Time = 9.41 sec. 
-Trial 80 0 48231881 11.720108
* 81: Cost = 0_48166201, Time = 9.42 sec. 
-Trial 81 0 48166201 11.729854
-Trial 82 0 48166201 11.792254
* 83: Cost = 0_48053197, Time = 9.54 sec. 
-Trial 83 0 48053197 11.851107
-Trial 84 0 48053197 11.886954
-Trial 85 0 48053197 11.958030
* 86: Cost = 0_47944480, Time = 9.69 sec. 
-Trial 86 0 47944480 12.006220
-Trial 87 0 47944480 12.028686
* 88: Cost = 0_47860670, Time = 9.73 sec. 
-Trial 88 0 47860670 12.040188
-Trial 89 0 47860670 12.051199
-Trial 90 0 47860670 12.056901
-Trial 91 0 47860670 12.064227
* 92: Cost = 0_47812890, Time = 9.77 sec. 
-Trial 92 0 47812890 12.085047
* 93: Cost = 0_47606672, Time = 9.78 sec. 
-Trial 93 0 47606672 12.097916
-Trial 94 0 47606672 12.115916
-Trial 95 0 47606672 12.121570
-Trial 96 0 47606672 12.146712
-Trial 97 0 47606672 12.153144
* 98: Cost = 0_47592679, Time = 9.87 sec. 
-Trial 98 0 47592679 12.180690
* 99: Cost = 0_47334515, Time = 9.91 sec. 
-Trial 99 0 47334515 12.220524
* 100: Cost = 0_47327346, Time = 9.91 sec. 
-Trial 100 0 47327346 12.225569
-Trial 101 0 47327346 12.228634
* 102: Cost = 0_47269426, Time = 9.97 sec. 
-Trial 102 0 47269426 12.281390
-Trial 103 0 47269426 12.284212
-Trial 104 0 47269426 12.298010
-Trial 105 0 47269426 12.315603
* 106: Cost = 0_47170487, Time = 10.01 sec. 
-Trial 106 0 47170487 12.321461
-Trial 107 0 47170487 12.326199
-Trial 108 0 47170487 12.337587
-Trial 109 0 47170487 12.340035
* 110: Cost = 0_47109840, Time = 10.04 sec. 
-Trial 110 0 47109840 12.351472
-Trial 111 0 47109840 12.364591
-Trial 112 0 47109840 12.370874
-Trial 113 0 47109840 12.385184
-Trial 114 0 47109840 12.386614
-Trial 115 0 47109840 12.401105
-Trial 116 0 47109840 12.545624
* 117: Cost = 0_47044810, Time = 10.25 sec. 
-Trial 117 0 47044810 12.564522
-Trial 118 0 47044810 12.566548
-Trial 119 0 47044810 12.640252
* 120: Cost = 0_47030181, Time = 10.35 sec. 
-Trial 120 0 47030181 12.660614
-Trial 121 0 47030181 12.669911
-Trial 122 0 47030181 12.696223
-Trial 123 0 47030181 12.700357
-Trial 124 0 47030181 12.722645
-Trial 125 0 47030181 12.740735
-Trial 126 0 47030181 12.759322
-Trial 127 0 47030181 12.775761
-Trial 128 0 47030181 12.794667
-Trial 129 0 47030181 12.816716
-Trial 130 0 47030181 12.868779
-Trial 131 0 47030181 12.876600
-Trial 132 0 47030181 12.910892
-Trial 133 0 47030181 12.976060
-Trial 134 0 47030181 12.976723
-Trial 135 0 47030181 13.144699
-Trial 136 0 47030181 13.216673
-Trial 137 0 47030181 13.236682
-Trial 138 0 47030181 13.306908
-Trial 139 0 47030181 13.358973
-Trial 140 0 47030181 13.375119
-Trial 141 0 47030181 13.395140
* 142: Cost = 0_46944528, Time = 11.10 sec. 
-Trial 142 0 46944528 13.409069
-Trial 143 0 46944528 13.494692
-Trial 144 0 46944528 13.505859
-Trial 145 0 46944528 13.517191
-Trial 146 0 46944528 13.550175
* 147: Cost = 0_46792525, Time = 11.24 sec. 
-Trial 147 0 46792525 13.557505
-Trial 148 0 46792525 13.609553
-Trial 149 0 46792525 13.618055
-Trial 150 0 46792525 13.628075
-Trial 151 0 46792525 13.658686
-Trial 152 0 46792525 13.663046
-Trial 153 0 46792525 13.669549
-Trial 154 0 46792525 13.676756
* 155: Cost = 0_46783134, Time = 11.38 sec. 
-Trial 155 0 46783134 13.695474
-Trial 156 0 46783134 13.701672
-Trial 157 0 46783134 13.716804
-Trial 158 0 46783134 13.750994
-Trial 159 0 46783134 13.751587
-Trial 160 0 46783134 13.762739
-Trial 161 0 46783134 13.822926
-Trial 162 0 46783134 13.839297
-Trial 163 0 46783134 13.853500
-Trial 164 0 46783134 13.886646
-Trial 165 0 46783134 13.908099
-Trial 166 0 46783134 13.955340
-Trial 167 0 46783134 13.956841
-Trial 168 0 46783134 13.973396
-Trial 169 0 46783134 14.011475
-Trial 170 0 46783134 14.020258
-Trial 171 0 46783134 14.026493
-Trial 172 0 46783134 14.138367
-Trial 173 0 46783134 14.153600
-Trial 174 0 46783134 14.173490
-Trial 175 0 46783134 14.187055
* 176: Cost = 0_46779306, Time = 11.89 sec. 
-Trial 176 0 46779306 14.206185
-Trial 177 0 46779306 14.210349
-Trial 178 0 46779306 14.213945
-Trial 179 0 46779306 14.271181
-Trial 180 0 46779306 14.275576
-Trial 181 0 46779306 14.293183
-Trial 182 0 46779306 14.305174
-Trial 183 0 46779306 14.333547
* 184: Cost = 0_46764612, Time = 12.04 sec. 
-Trial 184 0 46764612 14.353303
-Trial 185 0 46764612 14.375532
* 186: Cost = 0_46672485, Time = 12.18 sec. 
-Trial 186 0 46672485 14.497998
-Trial 187 0 46672485 14.507685
* 188: Cost = 0_46641988, Time = 12.20 sec. 
-Trial 188 0 46641988 14.511135
-Trial 189 0 46641988 14.536489
-Trial 190 0 46641988 14.550176
-Trial 191 0 46641988 14.562634
-Trial 192 0 46641988 14.600172
* 193: Cost = 0_46539111, Time = 12.33 sec. 
-Trial 193 0 46539111 14.641523
* 194: Cost = 0_46478728, Time = 12.34 sec. 
-Trial 194 0 46478728 14.649475
-Trial 195 0 46478728 14.656211
-Trial 196 0 46478728 14.707988
-Trial 197 0 46478728 14.755279
-Trial 198 0 46478728 14.787280
-Trial 199 0 46478728 14.817602
-Trial 200 0 46478728 14.825908
-Trial 201 0 46478728 14.849846
* 202: Cost = 0_46440881, Time = 12.54 sec. 
-Trial 202 0 46440881 14.853663
-Trial 203 0 46440881 14.869838
-Trial 204 0 46440881 14.900675
-Trial 205 0 46440881 14.916042
-Trial 206 0 46440881 14.934325
-Trial 207 0 46440881 14.996008
-Trial 208 0 46440881 15.030606
-Trial 209 0 46440881 15.035094
-Trial 210 0 46440881 15.060188
* 211: Cost = 0_46438332, Time = 12.77 sec. 
-Trial 211 0 46438332 15.083827
-Trial 212 0 46438332 15.097926
-Trial 213 0 46438332 15.110328
* 214: Cost = 0_46401416, Time = 12.80 sec. 
-Trial 214 0 46401416 15.113421
-Trial 215 0 46401416 15.124344
-Trial 216 0 46401416 15.128579
-Trial 217 0 46401416 15.187408
-Trial 218 0 46401416 15.196976
* 219: Cost = 0_46387972, Time = 12.89 sec. 
-Trial 219 0 46387972 15.207690
-Trial 220 0 46387972 15.456593
-Trial 221 0 46387972 15.496198
-Trial 222 0 46387972 15.501000
-Trial 223 0 46387972 15.521703
-Trial 224 0 46387972 15.535102
* 225: Cost = 0_46318904, Time = 13.24 sec. 
-Trial 225 0 46318904 15.557415
-Trial 226 0 46318904 15.569973
* 227: Cost = 0_46287383, Time = 13.33 sec. 
-Trial 227 0 46287383 15.644393
-Trial 228 0 46287383 15.652404
-Trial 229 0 46287383 15.662562
-Trial 230 0 46287383 15.692699
-Trial 231 0 46287383 15.708228
-Trial 232 0 46287383 15.807826
-Trial 233 0 46287383 15.809570
-Trial 234 0 46287383 15.823420
-Trial 235 0 46287383 15.837542
* 236: Cost = 0_46285694, Time = 13.54 sec. 
-Trial 236 0 46285694 15.855722
-Trial 237 0 46285694 15.858676
* 238: Cost = 0_46284229, Time = 13.57 sec. 
-Trial 238 0 46284229 15.886425
-Trial 239 0 46284229 15.905430
-Trial 240 0 46284229 15.910030
-Trial 241 0 46284229 15.924292
-Trial 242 0 46284229 15.934189
* 243: Cost = 0_46267505, Time = 13.63 sec. 
-Trial 243 0 46267505 15.948051
-Trial 244 0 46267505 15.950208
-Trial 245 0 46267505 16.022737
-Trial 246 0 46267505 16.032338
-Trial 247 0 46267505 16.045664
-Trial 248 0 46267505 16.082834
-Trial 249 0 46267505 16.153183
-Trial 250 0 46267505 16.166926
-Trial 251 0 46267505 16.190657
-Trial 252 0 46267505 16.205020
-Trial 253 0 46267505 16.219630
-Trial 254 0 46267505 16.225313
-Trial 255 0 46267505 16.277710
* 256: Cost = 0_46140532, Time = 13.99 sec. 
-Trial 256 0 46140532 16.298877
* 257: Cost = 0_46060035, Time = 14.01 sec. 
-Trial 257 0 46060035 16.326944
-Trial 258 0 46060035 16.340964
-Trial 259 0 46060035 16.413928
-Trial 260 0 46060035 16.416627
-Trial 261 0 46060035 16.423187
-Trial 262 0 46060035 16.444331
-Trial 263 0 46060035 16.456577
-Trial 264 0 46060035 16.459977
-Trial 265 0 46060035 16.485059
-Trial 266 0 46060035 16.548042
-Trial 267 0 46060035 16.581306
-Trial 268 0 46060035 16.596288
-Trial 269 0 46060035 16.599409
-Trial 270 0 46060035 16.653692
-Trial 271 0 46060035 16.662113
-Trial 272 0 46060035 16.679080
-Trial 273 0 46060035 16.690117
-Trial 274 0 46060035 16.702835
-Trial 275 0 46060035 16.706760
-Trial 276 0 46060035 16.721829
-Trial 277 0 46060035 16.732611
-Trial 278 0 46060035 16.733016
-Trial 279 0 46060035 16.740686
-Trial 280 0 46060035 16.808797
-Trial 281 0 46060035 16.824443
-Trial 282 0 46060035 16.837576
-Trial 283 0 46060035 16.874914
-Trial 284 0 46060035 16.881978
-Trial 285 0 46060035 16.903273
* 286: Cost = 0_46009918, Time = 14.61 sec. 
-Trial 286 0 46009918 16.926057
-Trial 287 0 46009918 16.938487
-Trial 288 0 46009918 16.979948
-Trial 289 0 46009918 16.985278
-Trial 290 0 46009918 16.987674
-Trial 291 0 46009918 16.996008
-Trial 292 0 46009918 17.010035
-Trial 293 0 46009918 17.065842
-Trial 294 0 46009918 17.075272
-Trial 295 0 46009918 17.150630
-Trial 296 0 46009918 17.162928
-Trial 297 0 46009918 17.201396
* 298: Cost = 0_46003186, Time = 14.90 sec. 
-Trial 298 0 46003186 17.214885
-Trial 299 0 46003186 17.220977
-Trial 300 0 46003186 17.229151
-Trial 301 0 46003186 17.243358
-Trial 302 0 46003186 17.303840
-Trial 303 0 46003186 17.358209
-Trial 304 0 46003186 17.489252
-Trial 305 0 46003186 17.585101
-Trial 306 0 46003186 17.614959
-Trial 307 0 46003186 17.685731
-Trial 308 0 46003186 17.830577
-Trial 309 0 46003186 17.842242
* 310: Cost = 0_45957538, Time = 15.54 sec. 
-Trial 310 0 45957538 17.856892
-Trial 311 0 45957538 18.083426
-Trial 312 0 45957538 18.111117
-Trial 313 0 45957538 18.150859
-Trial 314 0 45957538 18.207129
-Trial 315 0 45957538 18.220444
* 316: Cost = 0_45771616, Time = 15.96 sec. 
-Trial 316 0 45771616 18.270471
-Trial 317 0 45771616 18.280066
-Trial 318 0 45771616 18.311789
-Trial 319 0 45771616 18.315755
* 320: Cost = 0_45766269, Time = 16.02 sec. 
-Trial 320 0 45766269 18.331331
* 321: Cost = 0_45733775, Time = 16.03 sec. 
-Trial 321 0 45733775 18.346436
-Trial 322 0 45733775 18.351584
-Trial 323 0 45733775 18.362512
-Trial 324 0 45733775 18.376047
-Trial 325 0 45733775 18.468131
-Trial 326 0 45733775 18.503086
-Trial 327 0 45733775 18.510538
-Trial 328 0 45733775 18.569456
-Trial 329 0 45733775 18.608201
-Trial 330 0 45733775 18.630047
* 331: Cost = 0_45678792, Time = 16.33 sec. 
-Trial 331 0 45678792 18.642796
-Trial 332 0 45678792 18.659085
-Trial 333 0 45678792 18.686636
* 334: Cost = 0_45588652, Time = 16.39 sec. 
-Trial 334 0 45588652 18.699971
-Trial 335 0 45588652 18.706988
-Trial 336 0 45588652 18.725556
-Trial 337 0 45588652 18.725968
-Trial 338 0 45588652 18.736957
-Trial 339 0 45588652 18.746910
-Trial 340 0 45588652 18.768313
-Trial 341 0 45588652 18.783446
-Trial 342 0 45588652 18.795111
-Trial 343 0 45588652 18.818626
-Trial 344 0 45588652 18.822375
-Trial 345 0 45588652 18.960579
-Trial 346 0 45588652 19.056081
-Trial 347 0 45588652 19.069643
-Trial 348 0 45588652 19.106906
-Trial 349 0 45588652 19.111356
-Trial 350 0 45588652 19.111896
* 351: Cost = 0_45546876, Time = 16.81 sec. 
-Trial 351 0 45546876 19.120378
* 352: Cost = 0_45526008, Time = 16.82 sec. 
-Trial 352 0 45526008 19.131388
-Trial 353 0 45526008 19.133060
-Trial 354 0 45526008 19.154204
-Trial 355 0 45526008 19.190513
-Trial 356 0 45526008 19.199071
-Trial 357 0 45526008 19.205703
* 358: Cost = 0_45477990, Time = 16.90 sec. 
-Trial 358 0 45477990 19.216796
-Trial 359 0 45477990 19.228199
-Trial 360 0 45477990 19.238809
-Trial 361 0 45477990 19.272341
-Trial 362 0 45477990 19.315224
-Trial 363 0 45477990 19.338075
-Trial 364 0 45477990 19.341900
-Trial 365 0 45477990 19.344208
-Trial 366 0 45477990 19.615130
-Trial 367 0 45477990 19.631929
-Trial 368 0 45477990 19.707493
-Trial 369 0 45477990 19.746642
-Trial 370 0 45477990 19.807694
-Trial 371 0 45477990 19.822559
-Trial 372 0 45477990 19.828610
-Trial 373 0 45477990 19.840722
-Trial 374 0 45477990 19.898360
-Trial 375 0 45477990 19.899895
-Trial 376 0 45477990 19.902973
-Trial 377 0 45477990 19.912714
-Trial 378 0 45477990 19.945023
-Trial 379 0 45477990 19.996884
-Trial 380 0 45477990 20.023553
-Trial 381 0 45477990 20.088303
-Trial 382 0 45477990 20.099710
-Trial 383 0 45477990 20.111362
* 384: Cost = 0_45466212, Time = 17.82 sec. 
-Trial 384 0 45466212 20.129182
-Trial 385 0 45466212 20.158210
-Trial 386 0 45466212 20.174673
-Trial 387 0 45466212 20.183386
-Trial 388 0 45466212 20.217747
-Trial 389 0 45466212 20.241513
-Trial 390 0 45466212 20.264074
-Trial 391 0 45466212 20.293781
-Trial 392 0 45466212 20.329333
-Trial 393 0 45466212 20.454889
* 394: Cost = 0_45431069, Time = 18.15 sec. 
-Trial 394 0 45431069 20.460275
-Trial 395 0 45431069 20.523121
-Trial 396 0 45431069 20.607040
-Trial 397 0 45431069 20.615795
-Trial 398 0 45431069 20.631724
* 399: Cost = 0_45409823, Time = 18.33 sec. 
-Trial 399 0 45409823 20.644478
-Trial 400 0 45409823 20.660273
-Trial 401 0 45409823 20.739180
-Trial 402 0 45409823 20.766158
-Trial 403 0 45409823 20.772905
-Trial 404 0 45409823 20.785729
-Trial 405 0 45409823 20.842117
-Trial 406 0 45409823 20.922432
-Trial 407 0 45409823 20.926119
-Trial 408 0 45409823 20.980923
* 409: Cost = 0_45407534, Time = 18.70 sec. 
-Trial 409 0 45407534 21.016829
-Trial 410 0 45407534 21.021372
-Trial 411 0 45407534 21.065091
-Trial 412 0 45407534 21.103479
-Trial 413 0 45407534 21.110755
-Trial 414 0 45407534 21.113188
* 415: Cost = 0_45363209, Time = 18.82 sec. 
-Trial 415 0 45363209 21.128334
-Trial 416 0 45363209 21.136269
-Trial 417 0 45363209 21.149465
-Trial 418 0 45363209 21.153212
-Trial 419 0 45363209 21.164379
-Trial 420 0 45363209 21.183180
-Trial 421 0 45363209 21.194066
-Trial 422 0 45363209 21.227618
-Trial 423 0 45363209 21.242927
-Trial 424 0 45363209 21.304604
-Trial 425 0 45363209 21.317548
-Trial 426 0 45363209 21.340428
-Trial 427 0 45363209 21.367011
-Trial 428 0 45363209 21.379719
-Trial 429 0 45363209 21.439489
-Trial 430 0 45363209 21.453378
-Trial 431 0 45363209 21.549846
-Trial 432 0 45363209 21.656771
-Trial 433 0 45363209 21.661463
-Trial 434 0 45363209 21.677569
-Trial 435 0 45363209 21.706037
-Trial 436 0 45363209 21.729498
-Trial 437 0 45363209 21.788399
* 438: Cost = 0_45333561, Time = 19.49 sec. 
-Trial 438 0 45333561 21.805557
-Trial 439 0 45333561 21.874817
-Trial 440 0 45333561 21.876182
-Trial 441 0 45333561 21.894040
-Trial 442 0 45333561 21.935174
-Trial 443 0 45333561 21.940435
* 444: Cost = 0_45328347, Time = 19.66 sec. 
-Trial 444 0 45328347 21.970018
-Trial 445 0 45328347 21.989411
-Trial 446 0 45328347 22.033485
-Trial 447 0 45328347 22.051111
-Trial 448 0 45328347 22.054044
-Trial 449 0 45328347 22.063472
-Trial 450 0 45328347 22.067586
-Trial 451 0 45328347 22.083256
-Trial 452 0 45328347 22.128040
-Trial 453 0 45328347 22.139212
-Trial 454 0 45328347 22.151621
-Trial 455 0 45328347 22.160995
-Trial 456 0 45328347 22.202491
-Trial 457 0 45328347 22.224631
-Trial 458 0 45328347 22.228301
-Trial 459 0 45328347 22.231609
-Trial 460 0 45328347 22.289451
-Trial 461 0 45328347 22.336311
-Trial 462 0 45328347 22.348268
-Trial 463 0 45328347 22.357769
-Trial 464 0 45328347 22.425336
-Trial 465 0 45328347 22.431425
-Trial 466 0 45328347 22.453722
-Trial 467 0 45328347 22.571490
-Trial 468 0 45328347 22.584844
* 469: Cost = 0_45321178, Time = 20.28 sec. 
-Trial 469 0 45321178 22.588696
* 470: Cost = 0_45314446, Time = 20.28 sec. 
-Trial 470 0 45314446 22.594512
-Trial 471 0 45314446 22.603462
-Trial 472 0 45314446 22.612139
-Trial 473 0 45314446 22.628340
-Trial 474 0 45314446 22.633205
-Trial 475 0 45314446 22.635390
-Trial 476 0 45314446 22.642482
-Trial 477 0 45314446 22.651940
-Trial 478 0 45314446 22.684330
-Trial 479 0 45314446 22.689868
-Trial 480 0 45314446 22.698222
-Trial 481 0 45314446 22.698964
-Trial 482 0 45314446 22.723709
-Trial 483 0 45314446 22.726290
-Trial 484 0 45314446 22.735693
-Trial 485 0 45314446 22.755274
-Trial 486 0 45314446 22.764137
-Trial 487 0 45314446 22.776799
-Trial 488 0 45314446 22.786853
-Trial 489 0 45314446 22.857612
-Trial 490 0 45314446 22.867583
-Trial 491 0 45314446 23.270932
-Trial 492 0 45314446 23.278404
-Trial 493 0 45314446 23.284439
-Trial 494 0 45314446 23.292442
-Trial 495 0 45314446 23.332491
-Trial 496 0 45314446 23.370966
-Trial 497 0 45314446 23.383811
-Trial 498 0 45314446 23.425813
-Trial 499 0 45314446 23.463304
-Trial 500 0 45314446 23.470522
-Trial 501 0 45314446 23.487032
-Trial 502 0 45314446 23.498485
-Trial 503 0 45314446 23.512865
-Trial 504 0 45314446 23.518464
-Trial 505 0 45314446 23.522417
-Trial 506 0 45314446 23.558175
-Trial 507 0 45314446 23.590210
-Trial 508 0 45314446 23.611868
-Trial 509 0 45314446 23.616358
-Trial 510 0 45314446 23.626147
-Trial 511 0 45314446 23.632059
-Trial 512 0 45314446 23.779293
-Trial 513 0 45314446 23.796277
-Trial 514 0 45314446 23.809464
-Trial 515 0 45314446 23.850169
-Trial 516 0 45314446 23.860919
-Trial 517 0 45314446 23.927380
-Trial 518 0 45314446 23.986395
-Trial 519 0 45314446 23.989283
-Trial 520 0 45314446 24.009760
-Trial 521 0 45314446 24.016914
-Trial 522 0 45314446 24.029396
-Trial 523 0 45314446 24.104922
-Trial 524 0 45314446 24.118232
-Trial 525 0 45314446 24.157761
-Trial 526 0 45314446 24.167416
-Trial 527 0 45314446 24.184249
-Trial 528 0 45314446 24.184805
-Trial 529 0 45314446 24.201590
-Trial 530 0 45314446 24.213488
-Trial 531 0 45314446 24.229361
-Trial 532 0 45314446 24.442050
-Trial 533 0 45314446 24.455041
-Trial 534 0 45314446 24.499105
-Trial 535 0 45314446 24.525059
-Trial 536 0 45314446 24.538735
-Trial 537 0 45314446 24.566348
-Trial 538 0 45314446 24.575696
-Trial 539 0 45314446 24.637713
-Trial 540 0 45314446 24.694732
-Trial 541 0 45314446 24.740982
-Trial 542 0 45314446 24.745104
-Trial 543 0 45314446 24.752536
-Trial 544 0 45314446 24.767293
-Trial 545 0 45314446 24.816772
-Trial 546 0 45314446 24.821586
-Trial 547 0 45314446 24.868559
-Trial 548 0 45314446 24.910514
-Trial 549 0 45314446 25.016846
-Trial 550 0 45314446 25.257644
-Trial 551 0 45314446 25.264464
-Trial 552 0 45314446 25.321444
-Trial 553 0 45314446 25.381162
-Trial 554 0 45314446 25.400975
-Trial 555 0 45314446 25.413920
-Trial 556 0 45314446 25.431703
-Trial 557 0 45314446 25.438446
-Trial 558 0 45314446 25.462615
-Trial 559 0 45314446 25.473967
-Trial 560 0 45314446 25.489462
-Trial 561 0 45314446 25.520538
-Trial 562 0 45314446 25.529781
-Trial 563 0 45314446 25.543170
-Trial 564 0 45314446 25.548114
-Trial 565 0 45314446 25.574729
-Trial 566 0 45314446 25.590811
-Trial 567 0 45314446 25.600495
-Trial 568 0 45314446 25.604882
-Trial 569 0 45314446 25.657546
-Trial 570 0 45314446 25.676163
-Trial 571 0 45314446 25.689736
-Trial 572 0 45314446 25.723352
-Trial 573 0 45314446 25.744397
-Trial 574 0 45314446 25.781818
-Trial 575 0 45314446 25.788174
-Trial 576 0 45314446 25.829419
* 577: Cost = 0_45300369, Time = 23.54 sec. 
-Trial 577 0 45300369 25.858132
-Trial 578 0 45300369 25.875785
-Trial 579 0 45300369 25.923154
-Trial 580 0 45300369 25.934764
-Trial 581 0 45300369 25.992464
-Trial 582 0 45300369 26.047551
-Trial 583 0 45300369 26.085711
-Trial 584 0 45300369 26.116334
-Trial 585 0 45300369 26.140017
-Trial 586 0 45300369 26.162486
-Trial 587 0 45300369 26.175496
-Trial 588 0 45300369 26.217052
-Trial 589 0 45300369 26.225121
-Trial 590 0 45300369 26.229259
-Trial 591 0 45300369 26.315178
-Trial 592 0 45300369 26.330524
-Trial 593 0 45300369 26.333557
-Trial 594 0 45300369 26.336831
-Trial 595 0 45300369 26.366428
-Trial 596 0 45300369 26.376130
-Trial 597 0 45300369 26.425893
-Trial 598 0 45300369 26.429174
-Trial 599 0 45300369 26.475088
-Trial 600 0 45300369 26.482053
-Trial 601 0 45300369 26.526697
-Trial 602 0 45300369 26.549190
-Trial 603 0 45300369 26.591786
-Trial 604 0 45300369 26.606886
-Trial 605 0 45300369 26.615890
-Trial 606 0 45300369 26.666309
-Trial 607 0 45300369 26.668413
-Trial 608 0 45300369 26.678095
-Trial 609 0 45300369 26.714047
-Trial 610 0 45300369 26.722376
-Trial 611 0 45300369 26.732154
-Trial 612 0 45300369 26.742226
-Trial 613 0 45300369 26.771204
* 614: Cost = 0_45290660, Time = 24.46 sec. 
-Trial 614 0 45290660 26.775744
-Trial 615 0 45290660 26.810753
-Trial 616 0 45290660 26.816680
-Trial 617 0 45290660 26.860913
-Trial 618 0 45290660 26.864713
-Trial 619 0 45290660 26.872754
-Trial 620 0 45290660 26.884315
-Trial 621 0 45290660 26.919758
-Trial 622 0 45290660 26.920353
-Trial 623 0 45290660 26.934876
-Trial 624 0 45290660 26.980597
-Trial 625 0 45290660 27.032224
-Trial 626 0 45290660 27.061826
-Trial 627 0 45290660 27.076899
-Trial 628 0 45290660 27.094474
-Trial 629 0 45290660 27.126782
-Trial 630 0 45290660 27.129331
-Trial 631 0 45290660 27.137414
-Trial 632 0 45290660 27.145268
* 633: Cost = 0_45288626, Time = 24.88 sec. 
-Trial 633 0 45288626 27.193969
-Trial 634 0 45288626 27.196649
-Trial 635 0 45288626 27.212168
-Trial 636 0 45288626 27.280419
-Trial 637 0 45288626 27.292008
-Trial 638 0 45288626 27.316659
-Trial 639 0 45288626 27.462257
-Trial 640 0 45288626 27.480761
-Trial 641 0 45288626 27.524177
-Trial 642 0 45288626 27.530415
-Trial 643 0 45288626 27.581371
-Trial 644 0 45288626 27.633669
-Trial 645 0 45288626 27.638132
-Trial 646 0 45288626 27.640310
-Trial 647 0 45288626 27.656906
-Trial 648 0 45288626 27.662981
-Trial 649 0 45288626 27.673013
-Trial 650 0 45288626 27.695884
-Trial 651 0 45288626 27.716663
-Trial 652 0 45288626 27.726799
-Trial 653 0 45288626 27.751230
-Trial 654 0 45288626 27.766462
* 655: Cost = 0_45276936, Time = 25.57 sec. 
-Trial 655 0 45276936 27.886517
-Trial 656 0 45276936 27.952132
-Trial 657 0 45276936 27.957880
-Trial 658 0 45276936 27.966243
-Trial 659 0 45276936 28.094045
-Trial 660 0 45276936 28.115089
-Trial 661 0 45276936 28.234342
-Trial 662 0 45276936 28.256259
-Trial 663 0 45276936 28.671128
-Trial 664 0 45276936 28.720854
-Trial 665 0 45276936 28.734450
-Trial 666 0 45276936 28.738056
-Trial 667 0 45276936 28.773067
-Trial 668 0 45276936 28.806433
-Trial 669 0 45276936 28.821911
-Trial 670 0 45276936 28.836066
-Trial 671 0 45276936 28.855265
-Trial 672 0 45276936 28.903800
-Trial 673 0 45276936 28.917210
-Trial 674 0 45276936 28.921793
-Trial 675 0 45276936 29.083036
-Trial 676 0 45276936 29.090008
-Trial 677 0 45276936 29.094722
-Trial 678 0 45276936 29.107821
-Trial 679 0 45276936 29.111256
-Trial 680 0 45276936 29.165638
-Trial 681 0 45276936 29.250969
-Trial 682 0 45276936 29.455566
-Trial 683 0 45276936 29.468170
-Trial 684 0 45276936 29.482981
-Trial 685 0 45276936 29.512132
-Trial 686 0 45276936 29.528053
-Trial 687 0 45276936 29.545811
-Trial 688 0 45276936 29.552938
-Trial 689 0 45276936 29.563830
-Trial 690 0 45276936 29.566169
-Trial 691 0 45276936 29.576348
-Trial 692 0 45276936 29.638632
-Trial 693 0 45276936 29.705740
-Trial 694 0 45276936 29.711093
-Trial 695 0 45276936 29.733370
-Trial 696 0 45276936 29.766855
-Trial 697 0 45276936 29.815062
-Trial 698 0 45276936 29.820891
-Trial 699 0 45276936 29.841310
-Trial 700 0 45276936 29.889554
-Trial 701 0 45276936 29.896995
-Trial 702 0 45276936 29.908837
-Trial 703 0 45276936 29.910353
-Trial 704 0 45276936 29.925155
-Trial 705 0 45276936 29.966089
-Trial 706 0 45276936 29.974591
-Trial 707 0 45276936 29.990176
-Trial 708 0 45276936 29.993937
-Trial 709 0 45276936 30.000647
-Trial 710 0 45276936 30.009370
-Trial 711 0 45276936 30.015463
-Trial 712 0 45276936 30.039992
-Trial 713 0 45276936 30.049184
-Trial 714 0 45276936 30.058761
-Trial 715 0 45276936 30.092214
-Trial 716 0 45276936 30.116751
-Trial 717 0 45276936 30.281855
-Trial 718 0 45276936 30.295664
-Trial 719 0 45276936 30.367710
-Trial 720 0 45276936 30.413429
-Trial 721 0 45276936 30.444986
-Trial 722 0 45276936 30.447067
-Trial 723 0 45276936 30.471968
-Trial 724 0 45276936 30.489959
-Trial 725 0 45276936 30.492536
-Trial 726 0 45276936 30.498710
-Trial 727 0 45276936 30.521759
-Trial 728 0 45276936 30.539231
-Trial 729 0 45276936 30.588137
-Trial 730 0 45276936 30.593236
-Trial 731 0 45276936 30.617347
-Trial 732 0 45276936 30.669874
-Trial 733 0 45276936 30.684014
-Trial 734 0 45276936 30.694233
-Trial 735 0 45276936 30.710680
-Trial 736 0 45276936 30.720380
-Trial 737 0 45276936 30.749269
-Trial 738 0 45276936 30.780708
-Trial 739 0 45276936 30.785899
-Trial 740 0 45276936 30.803338
-Trial 741 0 45276936 30.804328
* 742: Cost = 0_45229410, Time = 28.51 sec. 
-Trial 742 0 45229410 30.819389
* 743: Cost = 0_45163774, Time = 28.52 sec. 
-Trial 743 0 45163774 30.831981
-Trial 744 0 45163774 30.852486
-Trial 745 0 45163774 30.894677
-Trial 746 0 45163774 30.897741
-Trial 747 0 45163774 30.902323
-Trial 748 0 45163774 30.915051
-Trial 749 0 45163774 30.975182
-Trial 750 0 45163774 30.999888
-Trial 751 0 45163774 31.042106
-Trial 752 0 45163774 31.043266
-Trial 753 0 45163774 31.057339
* 754: Cost = 0_45135763, Time = 28.75 sec. 
-Trial 754 0 45135763 31.066985
-Trial 755 0 45135763 31.076725
-Trial 756 0 45135763 31.092292
-Trial 757 0 45135763 31.133925
-Trial 758 0 45135763 31.136794
-Trial 759 0 45135763 31.147267
-Trial 760 0 45135763 31.149331
-Trial 761 0 45135763 31.153179
-Trial 762 0 45135763 31.285108
-Trial 763 0 45135763 31.405171
-Trial 764 0 45135763 31.478782
-Trial 765 0 45135763 31.486159
-Trial 766 0 45135763 31.499352
-Trial 767 0 45135763 31.520769
-Trial 768 0 45135763 31.521909
-Trial 769 0 45135763 31.524352
-Trial 770 0 45135763 31.528144
-Trial 771 0 45135763 31.547369
-Trial 772 0 45135763 31.551160
-Trial 773 0 45135763 31.583744
-Trial 774 0 45135763 31.586699
-Trial 775 0 45135763 31.623404
-Trial 776 0 45135763 31.673347
-Trial 777 0 45135763 31.696800
-Trial 778 0 45135763 31.704379
-Trial 779 0 45135763 31.718954
-Trial 780 0 45135763 31.721463
-Trial 781 0 45135763 31.729569
-Trial 782 0 45135763 31.740285
-Trial 783 0 45135763 31.771790
-Trial 784 0 45135763 31.785375
-Trial 785 0 45135763 31.792009
-Trial 786 0 45135763 31.798289
-Trial 787 0 45135763 31.814472
-Trial 788 0 45135763 31.837631
-Trial 789 0 45135763 31.848841
-Trial 790 0 45135763 31.891973
-Trial 791 0 45135763 31.904182
-Trial 792 0 45135763 31.911161
-Trial 793 0 45135763 31.923441
-Trial 794 0 45135763 31.926817
-Trial 795 0 45135763 31.975736
-Trial 796 0 45135763 31.987555
-Trial 797 0 45135763 32.003755
-Trial 798 0 45135763 32.046789
-Trial 799 0 45135763 32.056436
-Trial 800 0 45135763 32.100264
-Trial 801 0 45135763 32.119341
-Trial 802 0 45135763 32.122393
-Trial 803 0 45135763 32.132269
-Trial 804 0 45135763 32.135353
-Trial 805 0 45135763 32.153820
-Trial 806 0 45135763 32.180491
-Trial 807 0 45135763 32.229271
-Trial 808 0 45135763 32.243482
-Trial 809 0 45135763 32.315167
-Trial 810 0 45135763 32.331642
* 811: Cost = 0_45079105, Time = 30.05 sec. 
-Trial 811 0 45079105 32.365090
-Trial 812 0 45079105 32.404804
-Trial 813 0 45079105 32.420971
-Trial 814 0 45079105 32.442972
-Trial 815 0 45079105 32.465600
-Trial 816 0 45079105 32.482193
-Trial 817 0 45079105 32.524117
-Trial 818 0 45079105 32.557395
-Trial 819 0 45079105 32.569718
-Trial 820 0 45079105 32.588078
-Trial 821 0 45079105 32.655761
-Trial 822 0 45079105 32.662863
-Trial 823 0 45079105 32.666312
-Trial 824 0 45079105 32.686707
-Trial 825 0 45079105 32.708301
-Trial 826 0 45079105 32.715499
-Trial 827 0 45079105 32.763700
-Trial 828 0 45079105 32.774614
-Trial 829 0 45079105 32.804423
-Trial 830 0 45079105 32.825462
-Trial 831 0 45079105 32.827013
-Trial 832 0 45079105 32.833380
-Trial 833 0 45079105 32.854241
-Trial 834 0 45079105 32.865399
-Trial 835 0 45079105 32.936084
-Trial 836 0 45079105 33.028060
-Trial 837 0 45079105 33.053072
-Trial 838 0 45079105 33.105782
-Trial 839 0 45079105 33.157493
-Trial 840 0 45079105 33.199172
-Trial 841 0 45079105 33.201146
-Trial 842 0 45079105 33.209606
-Trial 843 0 45079105 33.216397
-Trial 844 0 45079105 33.292537
-Trial 845 0 45079105 33.360126
-Trial 846 0 45079105 33.365133
-Trial 847 0 45079105 33.399044
-Trial 848 0 45079105 33.427688
-Trial 849 0 45079105 33.456932
-Trial 850 0 45079105 33.476496
-Trial 851 0 45079105 33.492923
-Trial 852 0 45079105 33.532993
-Trial 853 0 45079105 33.553796
-Trial 854 0 45079105 33.569588
-Trial 855 0 45079105 33.570563
-Trial 856 0 45079105 33.585313
-Trial 857 0 45079105 33.600632
-Trial 858 0 45079105 33.607410
-Trial 859 0 45079105 33.623134
-Trial 860 0 45079105 33.625402
-Trial 861 0 45079105 33.631708
-Trial 862 0 45079105 33.659237
-Trial 863 0 45079105 33.659973
-Trial 864 0 45079105 33.676113
-Trial 865 0 45079105 33.724623
-Trial 866 0 45079105 33.741001
-Trial 867 0 45079105 33.791229
-Trial 868 0 45079105 33.808973
-Trial 869 0 45079105 33.818745
-Trial 870 0 45079105 33.827154
-Trial 871 0 45079105 33.859159
-Trial 872 0 45079105 33.992441
-Trial 873 0 45079105 34.006572
-Trial 874 0 45079105 34.036613
-Trial 875 0 45079105 34.272181
-Trial 876 0 45079105 34.299161
-Trial 877 0 45079105 34.315456
-Trial 878 0 45079105 34.353699
-Trial 879 0 45079105 34.367402
-Trial 880 0 45079105 34.378833
-Trial 881 0 45079105 34.383091
-Trial 882 0 45079105 34.391213
-Trial 883 0 45079105 34.404604
-Trial 884 0 45079105 34.429720
-Trial 885 0 45079105 34.481422
-Trial 886 0 45079105 34.512397
-Trial 887 0 45079105 34.565639
-Trial 888 0 45079105 34.583437
-Trial 889 0 45079105 34.599663
-Trial 890 0 45079105 34.609835
-Trial 891 0 45079105 34.651180
-Trial 892 0 45079105 34.678560
-Trial 893 0 45079105 34.699937
-Trial 894 0 45079105 34.714304
-Trial 895 0 45079105 34.725355
-Trial 896 0 45079105 34.738949
-Trial 897 0 45079105 34.741025
-Trial 898 0 45079105 34.784386
-Trial 899 0 45079105 34.805361
-Trial 900 0 45079105 34.808600
-Trial 901 0 45079105 34.835618
-Trial 902 0 45079105 34.874960
-Trial 903 0 45079105 34.935981
-Trial 904 0 45079105 34.959353
-Trial 905 0 45079105 34.962055
-Trial 906 0 45079105 34.987605
-Trial 907 0 45079105 35.074684
-Trial 908 0 45079105 35.128289
-Trial 909 0 45079105 35.169662
-Trial 910 0 45079105 35.171079
-Trial 911 0 45079105 35.186087
-Trial 912 0 45079105 35.220208
-Trial 913 0 45079105 35.259442
-Trial 914 0 45079105 35.312764
-Trial 915 0 45079105 35.372960
-Trial 916 0 45079105 35.398485
-Trial 917 0 45079105 35.488238
-Trial 918 0 45079105 35.524200
-Trial 919 0 45079105 35.543444
-Trial 920 0 45079105 35.570677
-Trial 921 0 45079105 35.579531
-Trial 922 0 45079105 35.582303
-Trial 923 0 45079105 35.593682
-Trial 924 0 45079105 35.600086
-Trial 925 0 45079105 35.612456
-Trial 926 0 45079105 35.668512
-Trial 927 0 45079105 35.670990
-Trial 928 0 45079105 35.698799
-Trial 929 0 45079105 35.732997
-Trial 930 0 45079105 35.762040
-Trial 931 0 45079105 35.800651
-Trial 932 0 45079105 35.825635
-Trial 933 0 45079105 35.830928
-Trial 934 0 45079105 35.851255
-Trial 935 0 45079105 35.873526
-Trial 936 0 45079105 35.878571
-Trial 937 0 45079105 35.909172
-Trial 938 0 45079105 35.925828
-Trial 939 0 45079105 35.931183
-Trial 940 0 45079105 35.946322
-Trial 941 0 45079105 36.010607
-Trial 942 0 45079105 36.023328
-Trial 943 0 45079105 36.052572
-Trial 944 0 45079105 36.056950
-Trial 945 0 45079105 36.204886
-Trial 946 0 45079105 36.226267
-Trial 947 0 45079105 36.266822
-Trial 948 0 45079105 36.298966
-Trial 949 0 45079105 36.302152
-Trial 950 0 45079105 36.311907
-Trial 951 0 45079105 36.319377
-Trial 952 0 45079105 36.377985
-Trial 953 0 45079105 36.385608
-Trial 954 0 45079105 36.397046
-Trial 955 0 45079105 36.401010
-Trial 956 0 45079105 36.415882
* 957: Cost = 0_45075901, Time = 34.15 sec. 
-Trial 957 0 45075901 36.466402
-Trial 958 0 45075901 36.474134
-Trial 959 0 45075901 36.500225
-Trial 960 0 45075901 36.545706
-Trial 961 0 45075901 36.555384
-Trial 962 0 45075901 36.563045
-Trial 963 0 45075901 36.573474
-Trial 964 0 45075901 36.589109
-Trial 965 0 45075901 36.642967
-Trial 966 0 45075901 36.664998
-Trial 967 0 45075901 36.672254
-Trial 968 0 45075901 36.676812
-Trial 969 0 45075901 36.686739
-Trial 970 0 45075901 36.766995
-Trial 971 0 45075901 36.829062
-Trial 972 0 45075901 36.832569
-Trial 973 0 45075901 36.848894
-Trial 974 0 45075901 36.858055
-Trial 975 0 45075901 36.910608
-Trial 976 0 45075901 36.947542
-Trial 977 0 45075901 36.972404
-Trial 978 0 45075901 37.021991
-Trial 979 0 45075901 37.032497
-Trial 980 0 45075901 37.109978
-Trial 981 0 45075901 37.149408
-Trial 982 0 45075901 37.204078
-Trial 983 0 45075901 37.233065
-Trial 984 0 45075901 37.296087
-Trial 985 0 45075901 37.330731
-Trial 986 0 45075901 37.426937
-Trial 987 0 45075901 37.434458
-Trial 988 0 45075901 37.459659
-Trial 989 0 45075901 37.543322
-Trial 990 0 45075901 37.548391
-Trial 991 0 45075901 37.550535
-Trial 992 0 45075901 37.565612
* 993: Cost = 0_45045825, Time = 35.28 sec. 
-Trial 993 0 45045825 37.597120
-Trial 994 0 45045825 37.650191
-Trial 995 0 45045825 37.672627
-Trial 996 0 45045825 37.895235
-Trial 997 0 45045825 37.974160
-Trial 998 0 45045825 37.986309
-Trial 999 0 45045825 38.009104
-Trial 1000 0 45045825 38.168316
Population:
  1: 0_45045825
Run 1: Cost = 0_45045825, Time = 35.86 sec. 

Successes/Runs = 0/1 
Cost.min = 45045825, Cost.avg = 45045825.00, Cost.max = 45045825
Gap.min = 0.0000%, Gap.avg = 0.0000%, Gap.max = 0.0000%
Penalty.min = 0, Penalty.avg = 0.00, Penalty.max = 0
Trials.min = 1000, Trials.avg = 1000.0, Trials.max = 1000
Time.min = 35.86 sec., Time.avg = 35.86 sec., Time.max = 35.86 sec.
Time.total = 38.17 sec.
  Size.min = 16, Size.max = 35, Penalty = 0
  Cost.min = 1277185, Cost.max = 3305207, Cost.sum = 45045825
Best CVRPTW solution:
  Cost = 0_45045825
1 339 428 76 349 376 366 31 20 294 288 422 78 371 230 41 154 161 474 228 498 312 259 45 83 335 49 174 297 48 502 283 258 263 33 412 183 137 189 273 80 340 383 402 88 278 421 313 226 407 391 309 159 60 416 325 173 212 369 471 29 118 517 171 138 279 155 399 377 121 363 4 370 459 73 167 350 386 429 26 225 6 315 119 398 443 277 420 354 172 15 382 90 448 75 512 191 268 246 484 224 387 496 489 208 480 166 180 469 490 293 117 43 301 287 30 437 160 321 510 165 143 482 486 299 61 304 492 378 476 345 414 435 266 334 324 233 10 326 94 250 150 507 147 63 463 133 452 126 353 85 298 32 426 473 188 397 157 394 494 7 311 100 106 410 95 98 25 505 367 417 19 362 50 314 262 248 456 203 71 57 22 169 327 453 317 109 477 487 436 132 113 442 229 296 238 130 461 46 509 472 72 253 434 291 306 336 125 346 92 470 380 357 214 111 390 342 424 395 458 146 249 187 261 446 105 64 5 292 488 409 511 182 194 401 274 408 139 127 445 16 330 129 303 59 295 151 356 302 464 86 506 379 479 221 307 499 290 96 275 411 148 74 272 168 239 310 8 204 364 242 393 252 419 515 192 465 333 282 216 152 500 47 433 108 164 68 101 236 348 35 375 14 457 400 218 177 243 210 178 176 81 267 514 285 213 289 427 406 432 468 190 24 355 206 34 255 323 265 481 413 39 475 128 222 462 328 82 195 460 322 403 451 156 503 241 220 27 270 269 217 454 87 341 360 91 181 365 358 55 13 23 344 519 276 209 439 286 42 58 441 332 124 112 140 237 131 103 65 447 338 508 337 316 305 52 359 79 284 352 385 28 300 200 99 18 483 256 89 449 67 115 518 493 251 163 51 497 37 120 11 351 153 114 368 54 415 389 244 425 141 179 196 184 62 331 201 198 418 281 347 53 373 207 197 9 431 381 513 405 361 478 455 374 84 240 202 199 2 3 135 70 444 235 440 520 372 280 219 392 491 123 185 142 384 56 247 134 450 36 423 430 516 318 44 122 223 136 17 254 264 234 110 144 227 308 162 467 170 388 205 501 66 93 466 438 404 102 504 485 329 38 149 175 257 232 495 231 158 21 107 260 193 145 186 271 215 69 320 104 343 97 319 211 77 245 116 396 40 12 1 
