PARAMETER_FILE = result/cvrptw_500/LKH_para/127.para
Reading PROBLEM_FILE: "result/cvrptw_500/cvrptw/127.cvrptw" ... done
ASCENT_CANDIDATES = 50
BACKBONE_TRIALS = 0
BACKTRACKING = NO
# BWTSP =
# CANDIDATE_FILE =
CANDIDATE_SET_TYPE = ALPHA
DEPOT = 1
# EDGE_FILE =
EXCESS = 0.0384615
EXTERNAL_SALESMEN = 0
EXTRA_CANDIDATES = 0 
EXTRA_CANDIDATE_SET_TYPE = QUADRANT
GAIN23 = NO
GAIN_CRITERION = YES
INITIAL_PERIOD = 520
INITIAL_STEP_SIZE = 1
INITIAL_TOUR_ALGORITHM = WALK
# INITIAL_TOUR_FILE = 
INITIAL_TOUR_FRACTION = 1.000
# INPUT_TOUR_FILE = 
KICK_TYPE = 4
KICKS = 1
# MAX_BREADTH =
MAKESPAN = NO
MAX_CANDIDATES = 5 
MAX_SWAPS = 0
MAX_TRIALS = 1000
# MERGE_TOUR_FILE =
MOVE_TYPE = 5 SPECIAL
MTSP_MIN_SIZE = 1
MTSP_MAX_SIZE = 1039
# MTSP_SOLUTION_FILE = 
# NONSEQUENTIAL_MOVE_TYPE = 5
# OPTIMUM =
# OUTPUT_TOUR_FILE = 
PATCHING_A = 1 
PATCHING_C = 0 
# PI_FILE = 
POPMUSIC_INITIAL_TOUR = NO
POPMUSIC_MAX_NEIGHBORS = 5
POPMUSIC_SAMPLE_SIZE = 10
POPMUSIC_SOLUTIONS = 50
POPMUSIC_TRIALS = 1
POPULATION_SIZE = 10
PRECISION = 100
PROBLEM_FILE = result/cvrptw_500/cvrptw/127.cvrptw
RECOMBINATION = IPT
RESTRICTED_SEARCH = YES
RUNS = 1
SALESMEN = 20
SCALE = 1
SEED = 1234
# SINTEF_SOLUTION_FILE = 
STOP_AT_OPTIMUM = YES
SUBGRADIENT = YES
# SUBPROBLEM_SIZE =
# SUBPROBLEM_TOUR_FILE = 
SUBSEQUENT_MOVE_TYPE = 5 SPECIAL
SUBSEQUENT_PATCHING = YES
# TIME_LIMIT =
# TOUR_FILE = 
TRACE_LEVEL = 1
VEHICLES = 20

Lower bound = 28019054.2, Ascent time = 2.43 sec.
Cand.min = 5, Cand.avg = 5.0, Cand.max = 5
Edges.fixed = 520 [Cost = 0]
Preprocessing time = 2.51 sec.
* 1: Cost = 253012_53046370, Time = 4.31 sec. 
-Trial 1 253012 53046370 6.818661
-Trial 2 253012 53046370 7.115046
* 3: Cost = 253012_53043311, Time = 4.99 sec. 
-Trial 3 253012 53043311 7.499723
-Trial 4 253012 53043311 7.597825
-Trial 5 253012 53043311 7.601368
-Trial 6 253012 53043311 7.703648
-Trial 7 253012 53043311 7.716521
* 8: Cost = 253012_52808324, Time = 5.44 sec. 
-Trial 8 253012 52808324 7.947907
-Trial 9 253012 52808324 8.099100
-Trial 10 253012 52808324 8.156125
-Trial 11 253012 52808324 8.218322
-Trial 12 253012 52808324 8.405904
-Trial 13 253012 52808324 8.466333
* 14: Cost = 253012_52790678, Time = 6.05 sec. 
-Trial 14 253012 52790678 8.558216
* 15: Cost = 253012_52744087, Time = 6.17 sec. 
-Trial 15 253012 52744087 8.682161
-Trial 16 253012 52744087 8.707958
-Trial 17 253012 52744087 8.875422
-Trial 18 253012 52744087 8.956452
-Trial 19 253012 52744087 8.963014
* 20: Cost = 253012_52715700, Time = 6.70 sec. 
-Trial 20 253012 52715700 9.209697
-Trial 21 253012 52715700 9.400883
-Trial 22 253012 52715700 9.416059
* 23: Cost = 253012_52004734, Time = 7.23 sec. 
-Trial 23 253012 52004734 9.737198
* 24: Cost = 253012_51997525, Time = 7.32 sec. 
-Trial 24 253012 51997525 9.830269
-Trial 25 253012 51997525 9.862705
* 26: Cost = 253012_51985386, Time = 7.49 sec. 
-Trial 26 253012 51985386 10.004765
-Trial 27 253012 51985386 10.151925
-Trial 28 253012 51985386 10.153850
* 29: Cost = 253012_51917413, Time = 7.73 sec. 
-Trial 29 253012 51917413 10.240192
-Trial 30 253012 51917413 10.340790
-Trial 31 253012 51917413 10.341747
* 32: Cost = 253012_51705615, Time = 7.90 sec. 
-Trial 32 253012 51705615 10.408040
* 33: Cost = 253012_51698242, Time = 7.96 sec. 
-Trial 33 253012 51698242 10.466552
* 34: Cost = 253012_51600927, Time = 8.14 sec. 
-Trial 34 253012 51600927 10.652812
-Trial 35 253012 51600927 10.798495
-Trial 36 253012 51600927 10.889294
* 37: Cost = 253012_51152715, Time = 8.52 sec. 
-Trial 37 253012 51152715 11.027715
* 38: Cost = 253012_51075003, Time = 8.60 sec. 
-Trial 38 253012 51075003 11.108097
-Trial 39 253012 51075003 11.262157
* 40: Cost = 253012_50949924, Time = 8.90 sec. 
-Trial 40 253012 50949924 11.409242
* 41: Cost = 253012_50937501, Time = 8.97 sec. 
-Trial 41 253012 50937501 11.486148
-Trial 42 253012 50937501 12.312598
* 43: Cost = 253012_50934725, Time = 9.99 sec. 
-Trial 43 253012 50934725 12.505557
-Trial 44 253012 50934725 12.897114
-Trial 45 253012 50934725 12.936670
-Trial 46 253012 50934725 12.972374
-Trial 47 253012 50934725 13.039683
* 48: Cost = 253012_50649265, Time = 10.63 sec. 
-Trial 48 253012 50649265 13.142730
* 49: Cost = 253012_50628072, Time = 10.71 sec. 
-Trial 49 253012 50628072 13.217734
* 50: Cost = 253012_50563774, Time = 10.79 sec. 
-Trial 50 253012 50563774 13.299024
* 51: Cost = 253012_50221566, Time = 10.94 sec. 
-Trial 51 253012 50221566 13.450421
-Trial 52 253012 50221566 13.557169
-Trial 53 253012 50221566 13.772515
-Trial 54 253012 50221566 13.865741
-Trial 55 253012 50221566 14.009775
* 56: Cost = 253012_50209044, Time = 11.63 sec. 
-Trial 56 253012 50209044 14.137433
-Trial 57 253012 50209044 14.247414
* 58: Cost = 253012_50137223, Time = 11.92 sec. 
-Trial 58 253012 50137223 14.430855
-Trial 59 253012 50137223 14.887493
* 60: Cost = 253012_49552237, Time = 12.51 sec. 
-Trial 60 253012 49552237 15.022305
-Trial 61 253012 49552237 15.214865
* 62: Cost = 253012_49446702, Time = 12.78 sec. 
-Trial 62 253012 49446702 15.294192
* 63: Cost = 253012_48241121, Time = 13.08 sec. 
-Trial 63 253012 48241121 15.588025
-Trial 64 253012 48241121 15.635817
-Trial 65 253012 48241121 15.841688
* 66: Cost = 253012_47610216, Time = 13.54 sec. 
-Trial 66 253012 47610216 16.047137
-Trial 67 253012 47610216 16.207891
-Trial 68 253012 47610216 16.464765
* 69: Cost = 253012_47549133, Time = 14.13 sec. 
-Trial 69 253012 47549133 16.645990
-Trial 70 253012 47549133 16.730747
-Trial 71 253012 47549133 16.902781
-Trial 72 253012 47549133 17.020407
-Trial 73 253012 47549133 17.076104
-Trial 74 253012 47549133 17.235170
* 75: Cost = 253012_47473869, Time = 14.92 sec. 
-Trial 75 253012 47473869 17.426618
-Trial 76 253012 47473869 17.482494
-Trial 77 253012 47473869 17.555099
-Trial 78 253012 47473869 17.730266
* 79: Cost = 253012_47329244, Time = 15.33 sec. 
-Trial 79 253012 47329244 17.838378
* 80: Cost = 253012_47323161, Time = 15.47 sec. 
-Trial 80 253012 47323161 17.978799
-Trial 81 253012 47323161 18.258350
-Trial 82 253012 47323161 18.343174
-Trial 83 253012 47323161 18.417928
* 84: Cost = 253012_46821583, Time = 16.21 sec. 
-Trial 84 253012 46821583 18.717677
* 85: Cost = 253012_46810767, Time = 16.28 sec. 
-Trial 85 253012 46810767 18.791027
-Trial 86 253012 46810767 18.826007
-Trial 87 253012 46810767 18.931865
-Trial 88 253012 46810767 19.072668
-Trial 89 253012 46810767 19.155292
* 90: Cost = 253012_46796064, Time = 16.78 sec. 
-Trial 90 253012 46796064 19.286959
-Trial 91 253012 46796064 19.363007
-Trial 92 253012 46796064 19.399978
-Trial 93 253012 46796064 19.470720
-Trial 94 253012 46796064 19.753732
-Trial 95 253012 46796064 19.754686
-Trial 96 253012 46796064 19.864342
-Trial 97 253012 46796064 19.947098
-Trial 98 253012 46796064 19.947479
-Trial 99 253012 46796064 20.070162
* 100: Cost = 253012_46795943, Time = 17.63 sec. 
-Trial 100 253012 46795943 20.143596
* 101: Cost = 253012_46749905, Time = 17.75 sec. 
-Trial 101 253012 46749905 20.266243
-Trial 102 253012 46749905 20.348347
* 103: Cost = 253012_46609495, Time = 17.93 sec. 
-Trial 103 253012 46609495 20.440784
* 104: Cost = 253012_46143621, Time = 18.07 sec. 
-Trial 104 253012 46143621 20.578003
-Trial 105 253012 46143621 20.614886
* 106: Cost = 253012_45541643, Time = 18.32 sec. 
-Trial 106 253012 45541643 20.830998
* 107: Cost = 253012_45527775, Time = 18.38 sec. 
-Trial 107 253012 45527775 20.893459
* 108: Cost = 253012_45309721, Time = 18.46 sec. 
-Trial 108 253012 45309721 20.971354
-Trial 109 253012 45309721 21.024278
* 110: Cost = 253012_45211554, Time = 18.57 sec. 
-Trial 110 253012 45211554 21.079875
-Trial 111 253012 45211554 21.129457
-Trial 112 253012 45211554 21.131088
* 113: Cost = 253012_45112321, Time = 18.70 sec. 
-Trial 113 253012 45112321 21.213764
-Trial 114 253012 45112321 21.280619
-Trial 115 253012 45112321 21.643999
-Trial 116 253012 45112321 21.722975
-Trial 117 253012 45112321 21.879140
-Trial 118 253012 45112321 22.031383
-Trial 119 253012 45112321 22.213291
* 120: Cost = 253012_45061076, Time = 19.82 sec. 
-Trial 120 253012 45061076 22.331623
-Trial 121 253012 45061076 22.444222
-Trial 122 253012 45061076 22.470705
-Trial 123 253012 45061076 22.491347
-Trial 124 253012 45061076 22.530977
-Trial 125 253012 45061076 22.750894
-Trial 126 253012 45061076 22.793456
-Trial 127 253012 45061076 22.847266
-Trial 128 253012 45061076 22.976430
-Trial 129 253012 45061076 22.980276
-Trial 130 253012 45061076 23.286703
-Trial 131 253012 45061076 23.466094
-Trial 132 253012 45061076 23.714698
-Trial 133 253012 45061076 23.830480
-Trial 134 253012 45061076 23.919066
-Trial 135 253012 45061076 24.006964
-Trial 136 253012 45061076 24.125520
-Trial 137 253012 45061076 24.227196
-Trial 138 253012 45061076 24.367403
-Trial 139 253012 45061076 24.415627
-Trial 140 253012 45061076 24.575606
-Trial 141 253012 45061076 24.763643
-Trial 142 253012 45061076 24.847997
-Trial 143 253012 45061076 24.855093
-Trial 144 253012 45061076 25.028133
-Trial 145 253012 45061076 25.153317
* 146: Cost = 253012_45041068, Time = 22.73 sec. 
-Trial 146 253012 45041068 25.240392
-Trial 147 253012 45041068 25.358354
-Trial 148 253012 45041068 25.481695
-Trial 149 253012 45041068 25.656113
* 150: Cost = 253012_45006592, Time = 23.25 sec. 
-Trial 150 253012 45006592 25.766308
-Trial 151 253012 45006592 25.826895
-Trial 152 253012 45006592 26.027834
* 153: Cost = 253012_44984077, Time = 23.61 sec. 
-Trial 153 253012 44984077 26.120233
-Trial 154 253012 44984077 26.195470
-Trial 155 253012 44984077 26.483521
-Trial 156 253012 44984077 26.638852
-Trial 157 253012 44984077 26.667766
* 158: Cost = 253012_44968635, Time = 24.20 sec. 
-Trial 158 253012 44968635 26.713272
-Trial 159 253012 44968635 26.716737
-Trial 160 253012 44968635 26.766662
-Trial 161 253012 44968635 26.930969
-Trial 162 253012 44968635 26.937944
-Trial 163 253012 44968635 26.991181
-Trial 164 253012 44968635 27.018086
-Trial 165 253012 44968635 27.173638
-Trial 166 253012 44968635 27.222156
* 167: Cost = 253012_44965214, Time = 24.74 sec. 
-Trial 167 253012 44965214 27.247164
-Trial 168 253012 44965214 27.414710
-Trial 169 253012 44965214 27.520784
-Trial 170 253012 44965214 27.584113
-Trial 171 253012 44965214 27.667736
-Trial 172 253012 44965214 27.678156
-Trial 173 253012 44965214 27.834062
-Trial 174 253012 44965214 27.884506
-Trial 175 253012 44965214 27.920086
-Trial 176 253012 44965214 28.061288
-Trial 177 253012 44965214 28.172898
-Trial 178 253012 44965214 28.297334
-Trial 179 253012 44965214 28.438229
-Trial 180 253012 44965214 28.515861
-Trial 181 253012 44965214 28.616759
* 182: Cost = 253012_44959848, Time = 26.23 sec. 
-Trial 182 253012 44959848 28.744469
-Trial 183 253012 44959848 28.768771
-Trial 184 253012 44959848 28.789542
* 185: Cost = 253012_44941167, Time = 26.31 sec. 
-Trial 185 253012 44941167 28.821677
-Trial 186 253012 44941167 28.854353
-Trial 187 253012 44941167 28.955819
-Trial 188 253012 44941167 29.209759
-Trial 189 253012 44941167 29.271778
-Trial 190 253012 44941167 29.363702
-Trial 191 253012 44941167 29.451141
-Trial 192 253012 44941167 29.535258
-Trial 193 253012 44941167 29.642272
-Trial 194 253012 44941167 29.711486
* 195: Cost = 253012_44804216, Time = 27.32 sec. 
-Trial 195 253012 44804216 29.835610
-Trial 196 253012 44804216 29.864912
-Trial 197 253012 44804216 29.939138
-Trial 198 253012 44804216 30.044831
-Trial 199 253012 44804216 30.193658
-Trial 200 253012 44804216 30.315645
-Trial 201 253012 44804216 30.426647
-Trial 202 253012 44804216 30.509948
-Trial 203 253012 44804216 30.648205
-Trial 204 253012 44804216 30.725027
-Trial 205 253012 44804216 30.905237
-Trial 206 253012 44804216 31.058830
-Trial 207 253012 44804216 31.189632
* 208: Cost = 253012_44796569, Time = 28.88 sec. 
-Trial 208 253012 44796569 31.395399
-Trial 209 253012 44796569 31.569520
-Trial 210 253012 44796569 31.620501
-Trial 211 253012 44796569 31.753912
-Trial 212 253012 44796569 31.873472
-Trial 213 253012 44796569 31.926098
-Trial 214 253012 44796569 32.177398
-Trial 215 253012 44796569 32.218211
-Trial 216 253012 44796569 32.276037
* 217: Cost = 253012_44793148, Time = 29.83 sec. 
-Trial 217 253012 44793148 32.337881
-Trial 218 253012 44793148 32.447838
* 219: Cost = 253012_44604075, Time = 30.09 sec. 
-Trial 219 253012 44604075 32.603412
-Trial 220 253012 44604075 32.761005
-Trial 221 253012 44604075 32.859907
-Trial 222 253012 44604075 33.450575
* 223: Cost = 253012_44508389, Time = 31.05 sec. 
-Trial 223 253012 44508389 33.557384
-Trial 224 253012 44508389 33.605809
-Trial 225 253012 44508389 33.645464
-Trial 226 253012 44508389 33.680563
-Trial 227 253012 44508389 33.844451
* 228: Cost = 253012_44485299, Time = 31.81 sec. 
-Trial 228 253012 44485299 34.321828
* 229: Cost = 253012_44475825, Time = 31.92 sec. 
-Trial 229 253012 44475825 34.434302
-Trial 230 253012 44475825 34.506768
-Trial 231 253012 44475825 34.530984
-Trial 232 253012 44475825 34.646541
-Trial 233 253012 44475825 34.807298
-Trial 234 253012 44475825 34.917641
-Trial 235 253012 44475825 35.020298
-Trial 236 253012 44475825 35.137906
-Trial 237 253012 44475825 35.163834
-Trial 238 253012 44475825 35.197567
-Trial 239 253012 44475825 35.262683
-Trial 240 253012 44475825 35.390447
-Trial 241 253012 44475825 35.433339
-Trial 242 253012 44475825 35.482177
-Trial 243 253012 44475825 35.569012
-Trial 244 253012 44475825 35.630710
-Trial 245 253012 44475825 35.799757
* 246: Cost = 253012_44283858, Time = 33.33 sec. 
-Trial 246 253012 44283858 35.845522
-Trial 247 253012 44283858 36.125178
-Trial 248 253012 44283858 36.259093
-Trial 249 253012 44283858 36.375955
-Trial 250 253012 44283858 36.384184
-Trial 251 253012 44283858 36.430398
-Trial 252 253012 44283858 36.497675
-Trial 253 253012 44283858 36.546971
-Trial 254 253012 44283858 36.620479
-Trial 255 253012 44283858 36.814848
-Trial 256 253012 44283858 36.863702
-Trial 257 253012 44283858 36.988524
-Trial 258 253012 44283858 37.081325
-Trial 259 253012 44283858 37.129456
-Trial 260 253012 44283858 37.234697
-Trial 261 253012 44283858 37.449293
-Trial 262 253012 44283858 37.511592
-Trial 263 253012 44283858 37.635617
-Trial 264 253012 44283858 37.744785
-Trial 265 253012 44283858 37.753210
* 266: Cost = 253012_44238371, Time = 35.29 sec. 
-Trial 266 253012 44238371 37.801334
-Trial 267 253012 44238371 37.989823
-Trial 268 253012 44238371 38.108895
-Trial 269 253012 44238371 38.209865
-Trial 270 253012 44238371 38.248082
* 271: Cost = 253012_44173740, Time = 35.77 sec. 
-Trial 271 253012 44173740 38.281673
-Trial 272 253012 44173740 38.489389
-Trial 273 253012 44173740 38.507904
-Trial 274 253012 44173740 38.650881
-Trial 275 253012 44173740 38.794463
-Trial 276 253012 44173740 38.941397
-Trial 277 253012 44173740 39.133956
-Trial 278 253012 44173740 39.223370
-Trial 279 253012 44173740 39.230907
-Trial 280 253012 44173740 39.345053
-Trial 281 253012 44173740 39.424798
-Trial 282 253012 44173740 39.496813
-Trial 283 253012 44173740 39.543373
-Trial 284 253012 44173740 39.750774
-Trial 285 253012 44173740 39.947581
-Trial 286 253012 44173740 40.102346
-Trial 287 253012 44173740 40.172528
-Trial 288 253012 44173740 40.420000
-Trial 289 253012 44173740 40.485883
-Trial 290 253012 44173740 40.787265
-Trial 291 253012 44173740 40.838970
-Trial 292 253012 44173740 40.841132
-Trial 293 253012 44173740 41.003328
-Trial 294 253012 44173740 41.116311
-Trial 295 253012 44173740 41.182397
-Trial 296 253012 44173740 41.274422
-Trial 297 253012 44173740 41.276020
-Trial 298 253012 44173740 41.307938
-Trial 299 253012 44173740 41.502613
-Trial 300 253012 44173740 41.726525
-Trial 301 253012 44173740 41.806084
-Trial 302 253012 44173740 42.017703
-Trial 303 253012 44173740 42.134606
-Trial 304 253012 44173740 42.185405
-Trial 305 253012 44173740 42.195432
-Trial 306 253012 44173740 42.253916
* 307: Cost = 253012_44013661, Time = 39.84 sec. 
-Trial 307 253012 44013661 42.354782
-Trial 308 253012 44013661 42.419697
-Trial 309 253012 44013661 42.573187
-Trial 310 253012 44013661 42.630622
-Trial 311 253012 44013661 42.767472
-Trial 312 253012 44013661 42.867043
-Trial 313 253012 44013661 43.009899
-Trial 314 253012 44013661 43.066593
-Trial 315 253012 44013661 43.163748
-Trial 316 253012 44013661 43.206076
-Trial 317 253012 44013661 43.438626
-Trial 318 253012 44013661 43.559236
-Trial 319 253012 44013661 43.611256
-Trial 320 253012 44013661 43.725100
-Trial 321 253012 44013661 43.822822
-Trial 322 253012 44013661 43.887997
* 323: Cost = 0_44848245, Time = 41.46 sec. 
-Trial 323 0 44848245 43.975032
* 324: Cost = 0_44295999, Time = 41.55 sec. 
-Trial 324 0 44295999 44.058670
-Trial 325 0 44295999 44.090573
-Trial 326 0 44295999 44.100634
-Trial 327 0 44295999 44.110891
-Trial 328 0 44295999 44.182100
-Trial 329 0 44295999 44.237585
-Trial 330 0 44295999 44.283283
-Trial 331 0 44295999 44.304788
-Trial 332 0 44295999 44.356610
-Trial 333 0 44295999 44.378916
-Trial 334 0 44295999 44.423263
-Trial 335 0 44295999 44.434786
* 336: Cost = 0_44279179, Time = 41.93 sec. 
-Trial 336 0 44279179 44.439716
-Trial 337 0 44279179 44.681753
-Trial 338 0 44279179 44.690400
-Trial 339 0 44279179 44.769109
-Trial 340 0 44279179 44.822671
-Trial 341 0 44279179 44.831340
-Trial 342 0 44279179 44.900933
-Trial 343 0 44279179 44.927778
-Trial 344 0 44279179 44.932238
* 345: Cost = 0_44086236, Time = 42.50 sec. 
-Trial 345 0 44086236 45.014399
-Trial 346 0 44086236 45.017956
-Trial 347 0 44086236 45.069176
-Trial 348 0 44086236 45.071371
-Trial 349 0 44086236 45.109793
-Trial 350 0 44086236 45.117121
-Trial 351 0 44086236 45.167856
-Trial 352 0 44086236 45.191206
-Trial 353 0 44086236 45.203193
-Trial 354 0 44086236 45.222346
-Trial 355 0 44086236 45.237988
-Trial 356 0 44086236 45.285947
* 357: Cost = 0_44035672, Time = 42.83 sec. 
-Trial 357 0 44035672 45.344006
-Trial 358 0 44035672 45.368761
-Trial 359 0 44035672 45.479446
-Trial 360 0 44035672 45.491037
-Trial 361 0 44035672 45.549370
-Trial 362 0 44035672 45.564011
-Trial 363 0 44035672 45.568421
-Trial 364 0 44035672 45.579922
-Trial 365 0 44035672 45.609243
-Trial 366 0 44035672 45.654357
-Trial 367 0 44035672 45.657991
-Trial 368 0 44035672 45.692520
-Trial 369 0 44035672 45.712920
-Trial 370 0 44035672 45.738700
-Trial 371 0 44035672 45.811679
-Trial 372 0 44035672 45.824417
-Trial 373 0 44035672 45.844077
-Trial 374 0 44035672 45.845455
-Trial 375 0 44035672 45.889217
-Trial 376 0 44035672 46.089833
-Trial 377 0 44035672 46.113357
* 378: Cost = 0_44000137, Time = 43.62 sec. 
-Trial 378 0 44000137 46.128742
-Trial 379 0 44000137 46.160611
-Trial 380 0 44000137 46.171668
-Trial 381 0 44000137 46.180078
-Trial 382 0 44000137 46.183428
* 383: Cost = 0_43996779, Time = 43.69 sec. 
-Trial 383 0 43996779 46.198046
-Trial 384 0 43996779 46.214334
-Trial 385 0 43996779 46.255228
-Trial 386 0 43996779 46.260287
-Trial 387 0 43996779 46.301733
-Trial 388 0 43996779 46.317148
-Trial 389 0 43996779 46.361153
-Trial 390 0 43996779 46.427997
-Trial 391 0 43996779 46.446109
-Trial 392 0 43996779 46.453206
* 393: Cost = 0_43904205, Time = 44.02 sec. 
-Trial 393 0 43904205 46.530615
-Trial 394 0 43904205 46.548401
-Trial 395 0 43904205 46.563447
-Trial 396 0 43904205 46.590186
-Trial 397 0 43904205 46.596970
-Trial 398 0 43904205 46.604092
-Trial 399 0 43904205 46.608512
-Trial 400 0 43904205 46.655937
-Trial 401 0 43904205 46.676480
-Trial 402 0 43904205 46.692550
-Trial 403 0 43904205 46.711453
-Trial 404 0 43904205 46.713348
-Trial 405 0 43904205 46.806746
-Trial 406 0 43904205 46.877840
-Trial 407 0 43904205 46.919327
-Trial 408 0 43904205 46.919993
-Trial 409 0 43904205 46.921455
* 410: Cost = 0_43881895, Time = 44.45 sec. 
-Trial 410 0 43881895 46.957036
-Trial 411 0 43881895 46.995307
-Trial 412 0 43881895 47.016864
-Trial 413 0 43881895 47.071691
-Trial 414 0 43881895 47.093228
-Trial 415 0 43881895 47.218298
-Trial 416 0 43881895 47.237442
-Trial 417 0 43881895 47.244596
-Trial 418 0 43881895 47.257579
-Trial 419 0 43881895 47.264349
* 420: Cost = 0_43875966, Time = 44.78 sec. 
-Trial 420 0 43875966 47.287348
-Trial 421 0 43875966 47.308713
-Trial 422 0 43875966 47.347246
* 423: Cost = 0_43829724, Time = 44.98 sec. 
-Trial 423 0 43829724 47.494399
-Trial 424 0 43829724 47.512351
-Trial 425 0 43829724 47.526767
-Trial 426 0 43829724 47.624196
-Trial 427 0 43829724 47.628459
-Trial 428 0 43829724 47.637442
-Trial 429 0 43829724 47.643672
-Trial 430 0 43829724 47.650969
-Trial 431 0 43829724 47.651766
-Trial 432 0 43829724 47.710385
-Trial 433 0 43829724 47.721937
* 434: Cost = 0_43805424, Time = 45.22 sec. 
-Trial 434 0 43805424 47.726880
-Trial 435 0 43805424 47.736982
-Trial 436 0 43805424 47.840250
-Trial 437 0 43805424 47.864610
-Trial 438 0 43805424 47.887624
-Trial 439 0 43805424 47.979437
-Trial 440 0 43805424 48.132829
-Trial 441 0 43805424 48.133838
-Trial 442 0 43805424 48.174297
-Trial 443 0 43805424 48.184596
-Trial 444 0 43805424 48.201859
-Trial 445 0 43805424 48.241281
-Trial 446 0 43805424 48.247791
-Trial 447 0 43805424 48.294811
-Trial 448 0 43805424 48.319658
-Trial 449 0 43805424 48.337164
-Trial 450 0 43805424 48.373914
-Trial 451 0 43805424 48.486504
-Trial 452 0 43805424 48.488601
-Trial 453 0 43805424 48.515999
* 454: Cost = 0_43800439, Time = 46.14 sec. 
-Trial 454 0 43800439 48.650446
* 455: Cost = 0_43760622, Time = 46.16 sec. 
-Trial 455 0 43760622 48.671101
-Trial 456 0 43760622 48.877953
-Trial 457 0 43760622 48.892937
-Trial 458 0 43760622 48.902897
-Trial 459 0 43760622 48.916856
-Trial 460 0 43760622 48.961586
* 461: Cost = 0_43579715, Time = 46.60 sec. 
-Trial 461 0 43579715 49.109231
-Trial 462 0 43579715 49.128621
-Trial 463 0 43579715 49.149497
* 464: Cost = 0_43569594, Time = 46.65 sec. 
-Trial 464 0 43569594 49.165605
* 465: Cost = 0_43528107, Time = 46.67 sec. 
-Trial 465 0 43528107 49.178184
-Trial 466 0 43528107 49.203151
-Trial 467 0 43528107 49.249371
-Trial 468 0 43528107 49.268360
-Trial 469 0 43528107 49.278743
-Trial 470 0 43528107 49.299237
-Trial 471 0 43528107 49.303528
-Trial 472 0 43528107 49.305558
-Trial 473 0 43528107 49.356195
-Trial 474 0 43528107 49.422730
-Trial 475 0 43528107 49.445690
-Trial 476 0 43528107 49.451496
-Trial 477 0 43528107 49.483802
-Trial 478 0 43528107 49.506128
-Trial 479 0 43528107 49.538706
-Trial 480 0 43528107 49.544509
-Trial 481 0 43528107 49.575136
-Trial 482 0 43528107 49.583128
* 483: Cost = 0_43524509, Time = 47.11 sec. 
-Trial 483 0 43524509 49.619181
-Trial 484 0 43524509 49.624384
-Trial 485 0 43524509 49.639021
-Trial 486 0 43524509 49.646531
-Trial 487 0 43524509 49.657266
-Trial 488 0 43524509 49.812928
-Trial 489 0 43524509 49.863864
-Trial 490 0 43524509 49.879345
-Trial 491 0 43524509 49.911265
-Trial 492 0 43524509 49.913286
* 493: Cost = 0_43492545, Time = 47.49 sec. 
-Trial 493 0 43492545 49.998512
-Trial 494 0 43492545 50.001350
-Trial 495 0 43492545 50.031662
-Trial 496 0 43492545 50.046207
-Trial 497 0 43492545 50.063701
-Trial 498 0 43492545 50.116175
-Trial 499 0 43492545 50.119612
-Trial 500 0 43492545 50.131105
-Trial 501 0 43492545 50.160048
-Trial 502 0 43492545 50.217121
-Trial 503 0 43492545 50.224499
-Trial 504 0 43492545 50.240063
-Trial 505 0 43492545 50.254646
-Trial 506 0 43492545 50.276274
-Trial 507 0 43492545 50.284740
-Trial 508 0 43492545 50.323750
-Trial 509 0 43492545 50.339972
-Trial 510 0 43492545 50.340418
-Trial 511 0 43492545 50.353698
-Trial 512 0 43492545 50.402275
-Trial 513 0 43492545 50.472655
-Trial 514 0 43492545 50.611186
-Trial 515 0 43492545 50.640538
-Trial 516 0 43492545 50.654497
-Trial 517 0 43492545 50.694349
-Trial 518 0 43492545 50.726349
-Trial 519 0 43492545 50.769461
-Trial 520 0 43492545 50.800716
-Trial 521 0 43492545 50.802967
-Trial 522 0 43492545 50.818094
-Trial 523 0 43492545 50.839296
-Trial 524 0 43492545 50.891808
-Trial 525 0 43492545 50.905415
-Trial 526 0 43492545 50.914283
-Trial 527 0 43492545 50.920406
-Trial 528 0 43492545 50.937542
-Trial 529 0 43492545 50.944429
* 530: Cost = 0_43444744, Time = 48.46 sec. 
-Trial 530 0 43444744 50.967385
* 531: Cost = 0_43376487, Time = 48.46 sec. 
-Trial 531 0 43376487 50.975577
-Trial 532 0 43376487 50.988102
-Trial 533 0 43376487 51.018670
-Trial 534 0 43376487 51.062306
-Trial 535 0 43376487 51.081718
-Trial 536 0 43376487 51.090303
-Trial 537 0 43376487 51.102279
-Trial 538 0 43376487 51.118561
-Trial 539 0 43376487 51.199848
-Trial 540 0 43376487 51.228943
-Trial 541 0 43376487 51.257637
-Trial 542 0 43376487 51.279421
-Trial 543 0 43376487 51.292764
-Trial 544 0 43376487 51.296183
-Trial 545 0 43376487 51.350862
-Trial 546 0 43376487 51.363480
-Trial 547 0 43376487 51.367288
-Trial 548 0 43376487 51.373743
-Trial 549 0 43376487 51.392442
* 550: Cost = 0_43321411, Time = 48.93 sec. 
-Trial 550 0 43321411 51.445668
-Trial 551 0 43321411 51.455744
-Trial 552 0 43321411 51.468246
-Trial 553 0 43321411 51.479530
-Trial 554 0 43321411 51.486981
-Trial 555 0 43321411 51.491511
* 556: Cost = 0_43289861, Time = 49.01 sec. 
-Trial 556 0 43289861 51.521904
-Trial 557 0 43289861 51.528408
-Trial 558 0 43289861 51.555037
-Trial 559 0 43289861 51.575527
-Trial 560 0 43289861 51.593092
-Trial 561 0 43289861 51.615868
-Trial 562 0 43289861 51.665913
-Trial 563 0 43289861 51.712251
* 564: Cost = 0_43127027, Time = 49.22 sec. 
-Trial 564 0 43127027 51.733652
-Trial 565 0 43127027 51.737474
-Trial 566 0 43127027 51.779544
-Trial 567 0 43127027 51.788131
-Trial 568 0 43127027 51.797677
-Trial 569 0 43127027 51.800904
-Trial 570 0 43127027 51.821338
-Trial 571 0 43127027 51.835605
-Trial 572 0 43127027 51.845052
-Trial 573 0 43127027 51.858216
-Trial 574 0 43127027 51.891464
-Trial 575 0 43127027 51.906398
-Trial 576 0 43127027 51.918402
* 577: Cost = 0_43119146, Time = 49.51 sec. 
-Trial 577 0 43119146 52.019272
-Trial 578 0 43119146 52.098536
-Trial 579 0 43119146 52.101373
-Trial 580 0 43119146 52.162545
-Trial 581 0 43119146 52.177222
-Trial 582 0 43119146 52.194153
-Trial 583 0 43119146 52.198915
-Trial 584 0 43119146 52.208463
-Trial 585 0 43119146 52.248883
-Trial 586 0 43119146 52.254364
-Trial 587 0 43119146 52.342610
-Trial 588 0 43119146 52.364999
-Trial 589 0 43119146 52.386529
-Trial 590 0 43119146 52.404385
-Trial 591 0 43119146 52.455822
-Trial 592 0 43119146 52.463870
-Trial 593 0 43119146 52.477334
-Trial 594 0 43119146 52.519276
-Trial 595 0 43119146 52.526171
-Trial 596 0 43119146 52.545355
-Trial 597 0 43119146 52.559668
-Trial 598 0 43119146 52.615986
-Trial 599 0 43119146 52.648100
-Trial 600 0 43119146 52.648545
-Trial 601 0 43119146 52.670708
-Trial 602 0 43119146 52.718149
-Trial 603 0 43119146 52.732011
-Trial 604 0 43119146 52.801757
-Trial 605 0 43119146 52.832128
-Trial 606 0 43119146 52.877686
-Trial 607 0 43119146 52.882747
-Trial 608 0 43119146 52.907162
-Trial 609 0 43119146 52.916549
-Trial 610 0 43119146 53.049002
-Trial 611 0 43119146 53.073997
-Trial 612 0 43119146 53.129030
-Trial 613 0 43119146 53.148061
-Trial 614 0 43119146 53.153553
-Trial 615 0 43119146 53.161570
-Trial 616 0 43119146 53.197602
-Trial 617 0 43119146 53.205184
-Trial 618 0 43119146 53.214985
-Trial 619 0 43119146 53.233768
-Trial 620 0 43119146 53.236489
-Trial 621 0 43119146 53.261205
-Trial 622 0 43119146 53.263699
-Trial 623 0 43119146 53.264380
-Trial 624 0 43119146 53.302989
-Trial 625 0 43119146 53.314824
-Trial 626 0 43119146 53.327233
-Trial 627 0 43119146 53.386176
-Trial 628 0 43119146 53.389252
-Trial 629 0 43119146 53.398568
-Trial 630 0 43119146 53.402239
-Trial 631 0 43119146 53.411986
-Trial 632 0 43119146 53.419141
-Trial 633 0 43119146 53.429424
-Trial 634 0 43119146 53.430218
-Trial 635 0 43119146 53.447492
-Trial 636 0 43119146 53.456078
-Trial 637 0 43119146 53.489808
-Trial 638 0 43119146 53.502102
-Trial 639 0 43119146 53.509832
-Trial 640 0 43119146 53.577379
-Trial 641 0 43119146 53.587706
-Trial 642 0 43119146 53.616208
-Trial 643 0 43119146 53.652460
-Trial 644 0 43119146 53.726908
-Trial 645 0 43119146 53.742308
-Trial 646 0 43119146 53.744163
-Trial 647 0 43119146 53.748755
-Trial 648 0 43119146 53.749560
-Trial 649 0 43119146 53.799602
-Trial 650 0 43119146 53.831386
-Trial 651 0 43119146 53.840323
-Trial 652 0 43119146 53.862566
-Trial 653 0 43119146 53.880429
-Trial 654 0 43119146 53.887433
* 655: Cost = 0_43079370, Time = 51.38 sec. 
-Trial 655 0 43079370 53.896229
-Trial 656 0 43079370 53.919875
-Trial 657 0 43079370 53.933012
-Trial 658 0 43079370 54.002787
-Trial 659 0 43079370 54.061875
-Trial 660 0 43079370 54.075104
-Trial 661 0 43079370 54.099146
-Trial 662 0 43079370 54.107050
-Trial 663 0 43079370 54.112480
-Trial 664 0 43079370 54.183842
-Trial 665 0 43079370 54.250971
-Trial 666 0 43079370 54.254607
-Trial 667 0 43079370 54.341572
-Trial 668 0 43079370 54.399117
-Trial 669 0 43079370 54.408246
-Trial 670 0 43079370 54.425959
-Trial 671 0 43079370 54.438041
-Trial 672 0 43079370 54.442665
-Trial 673 0 43079370 54.462066
-Trial 674 0 43079370 54.471752
-Trial 675 0 43079370 54.477645
-Trial 676 0 43079370 54.541387
-Trial 677 0 43079370 54.631066
-Trial 678 0 43079370 54.663685
-Trial 679 0 43079370 54.699493
-Trial 680 0 43079370 54.711497
-Trial 681 0 43079370 54.770621
-Trial 682 0 43079370 54.801870
-Trial 683 0 43079370 54.806839
-Trial 684 0 43079370 54.879080
-Trial 685 0 43079370 54.884605
-Trial 686 0 43079370 54.894060
-Trial 687 0 43079370 54.925953
-Trial 688 0 43079370 54.939524
-Trial 689 0 43079370 55.024909
* 690: Cost = 0_43051551, Time = 52.53 sec. 
-Trial 690 0 43051551 55.038603
-Trial 691 0 43051551 55.073045
-Trial 692 0 43051551 55.105216
-Trial 693 0 43051551 55.120656
-Trial 694 0 43051551 55.131411
-Trial 695 0 43051551 55.158465
-Trial 696 0 43051551 55.165032
-Trial 697 0 43051551 55.203254
-Trial 698 0 43051551 55.229104
-Trial 699 0 43051551 55.230424
-Trial 700 0 43051551 55.233043
-Trial 701 0 43051551 55.237198
-Trial 702 0 43051551 55.256052
-Trial 703 0 43051551 55.279213
-Trial 704 0 43051551 55.283280
-Trial 705 0 43051551 55.319018
-Trial 706 0 43051551 55.346095
-Trial 707 0 43051551 55.359824
-Trial 708 0 43051551 55.469547
-Trial 709 0 43051551 55.472789
-Trial 710 0 43051551 55.499016
-Trial 711 0 43051551 55.517043
-Trial 712 0 43051551 55.535064
-Trial 713 0 43051551 55.540654
-Trial 714 0 43051551 55.555411
-Trial 715 0 43051551 55.609050
-Trial 716 0 43051551 55.638714
-Trial 717 0 43051551 55.665631
-Trial 718 0 43051551 55.669700
-Trial 719 0 43051551 55.713993
-Trial 720 0 43051551 55.722287
-Trial 721 0 43051551 55.788118
-Trial 722 0 43051551 55.798330
-Trial 723 0 43051551 55.803494
* 724: Cost = 0_42970859, Time = 53.31 sec. 
-Trial 724 0 42970859 55.825750
* 725: Cost = 0_42910253, Time = 53.32 sec. 
-Trial 725 0 42910253 55.833988
-Trial 726 0 42910253 56.026739
-Trial 727 0 42910253 56.031578
-Trial 728 0 42910253 56.069822
-Trial 729 0 42910253 56.070334
-Trial 730 0 42910253 56.088849
-Trial 731 0 42910253 56.098258
-Trial 732 0 42910253 56.192626
-Trial 733 0 42910253 56.322548
-Trial 734 0 42910253 56.327233
-Trial 735 0 42910253 56.354635
-Trial 736 0 42910253 56.368719
-Trial 737 0 42910253 56.403990
-Trial 738 0 42910253 56.444153
-Trial 739 0 42910253 56.458490
-Trial 740 0 42910253 56.461692
-Trial 741 0 42910253 56.464726
-Trial 742 0 42910253 56.465454
-Trial 743 0 42910253 56.483428
-Trial 744 0 42910253 56.485564
-Trial 745 0 42910253 56.497779
-Trial 746 0 42910253 56.506584
-Trial 747 0 42910253 56.548216
-Trial 748 0 42910253 56.562006
-Trial 749 0 42910253 56.575386
-Trial 750 0 42910253 56.591003
-Trial 751 0 42910253 56.616457
-Trial 752 0 42910253 56.656720
-Trial 753 0 42910253 56.699053
-Trial 754 0 42910253 56.743141
-Trial 755 0 42910253 57.263848
-Trial 756 0 42910253 57.277652
-Trial 757 0 42910253 57.307265
-Trial 758 0 42910253 57.369429
-Trial 759 0 42910253 57.402039
-Trial 760 0 42910253 57.436643
-Trial 761 0 42910253 57.443679
-Trial 762 0 42910253 57.453696
-Trial 763 0 42910253 57.476353
-Trial 764 0 42910253 57.491124
-Trial 765 0 42910253 57.522127
-Trial 766 0 42910253 57.621966
-Trial 767 0 42910253 57.657005
-Trial 768 0 42910253 57.693136
-Trial 769 0 42910253 57.712083
-Trial 770 0 42910253 57.746817
-Trial 771 0 42910253 57.759212
-Trial 772 0 42910253 57.773088
-Trial 773 0 42910253 57.773671
-Trial 774 0 42910253 57.794702
-Trial 775 0 42910253 57.873050
-Trial 776 0 42910253 57.881637
-Trial 777 0 42910253 57.897574
-Trial 778 0 42910253 57.909075
-Trial 779 0 42910253 57.939340
-Trial 780 0 42910253 57.971732
-Trial 781 0 42910253 57.994503
-Trial 782 0 42910253 58.032731
-Trial 783 0 42910253 58.042349
-Trial 784 0 42910253 58.056823
-Trial 785 0 42910253 58.072622
-Trial 786 0 42910253 58.144117
-Trial 787 0 42910253 58.227011
-Trial 788 0 42910253 58.255575
-Trial 789 0 42910253 58.269972
-Trial 790 0 42910253 58.281070
-Trial 791 0 42910253 58.316008
-Trial 792 0 42910253 58.359548
-Trial 793 0 42910253 58.376454
-Trial 794 0 42910253 58.449966
-Trial 795 0 42910253 58.467215
-Trial 796 0 42910253 58.526151
-Trial 797 0 42910253 58.540145
-Trial 798 0 42910253 58.572276
-Trial 799 0 42910253 58.595567
-Trial 800 0 42910253 58.684821
-Trial 801 0 42910253 58.696824
-Trial 802 0 42910253 58.877921
-Trial 803 0 42910253 58.909198
-Trial 804 0 42910253 58.932147
-Trial 805 0 42910253 59.008661
-Trial 806 0 42910253 59.023320
-Trial 807 0 42910253 59.036607
-Trial 808 0 42910253 59.046396
-Trial 809 0 42910253 59.199096
-Trial 810 0 42910253 59.223730
-Trial 811 0 42910253 59.240827
-Trial 812 0 42910253 59.257456
-Trial 813 0 42910253 59.288093
-Trial 814 0 42910253 59.297334
-Trial 815 0 42910253 59.304551
-Trial 816 0 42910253 59.326211
-Trial 817 0 42910253 59.341633
-Trial 818 0 42910253 59.350091
-Trial 819 0 42910253 59.537979
-Trial 820 0 42910253 59.553371
-Trial 821 0 42910253 59.570157
-Trial 822 0 42910253 59.598951
-Trial 823 0 42910253 59.623782
-Trial 824 0 42910253 59.629580
-Trial 825 0 42910253 59.637356
-Trial 826 0 42910253 59.665127
-Trial 827 0 42910253 59.679539
-Trial 828 0 42910253 59.722318
-Trial 829 0 42910253 59.749956
* 830: Cost = 0_42885609, Time = 57.28 sec. 
-Trial 830 0 42885609 59.786612
-Trial 831 0 42885609 59.813403
-Trial 832 0 42885609 59.825134
-Trial 833 0 42885609 59.842503
-Trial 834 0 42885609 59.863504
-Trial 835 0 42885609 59.889216
-Trial 836 0 42885609 59.902878
-Trial 837 0 42885609 59.931873
-Trial 838 0 42885609 59.948576
-Trial 839 0 42885609 59.973545
-Trial 840 0 42885609 59.994704
-Trial 841 0 42885609 59.999125
-Trial 842 0 42885609 60.000698
-Trial 843 0 42885609 60.003578
-Trial 844 0 42885609 60.015411
-Trial 845 0 42885609 60.021534
-Trial 846 0 42885609 60.038560
-Trial 847 0 42885609 60.107738
-Trial 848 0 42885609 60.130485
-Trial 849 0 42885609 60.147919
-Trial 850 0 42885609 60.174168
-Trial 851 0 42885609 60.186900
-Trial 852 0 42885609 60.192282
-Trial 853 0 42885609 60.211200
-Trial 854 0 42885609 60.231793
-Trial 855 0 42885609 60.276947
-Trial 856 0 42885609 60.319676
-Trial 857 0 42885609 60.326199
-Trial 858 0 42885609 60.355741
-Trial 859 0 42885609 60.357861
-Trial 860 0 42885609 60.385336
-Trial 861 0 42885609 60.391604
-Trial 862 0 42885609 60.420335
-Trial 863 0 42885609 60.429599
-Trial 864 0 42885609 60.474201
-Trial 865 0 42885609 60.500164
-Trial 866 0 42885609 60.596672
-Trial 867 0 42885609 60.624033
-Trial 868 0 42885609 60.634687
-Trial 869 0 42885609 60.671820
-Trial 870 0 42885609 60.683612
-Trial 871 0 42885609 60.687981
-Trial 872 0 42885609 60.694171
-Trial 873 0 42885609 60.700130
-Trial 874 0 42885609 60.718523
-Trial 875 0 42885609 60.726196
-Trial 876 0 42885609 60.759997
-Trial 877 0 42885609 60.828923
-Trial 878 0 42885609 60.889397
-Trial 879 0 42885609 61.026017
-Trial 880 0 42885609 61.051450
-Trial 881 0 42885609 61.064249
-Trial 882 0 42885609 61.091436
-Trial 883 0 42885609 61.095092
-Trial 884 0 42885609 61.112544
-Trial 885 0 42885609 61.122928
-Trial 886 0 42885609 61.125587
-Trial 887 0 42885609 61.133878
-Trial 888 0 42885609 61.149123
-Trial 889 0 42885609 61.161166
-Trial 890 0 42885609 61.164120
-Trial 891 0 42885609 61.193124
-Trial 892 0 42885609 61.201531
-Trial 893 0 42885609 61.223528
-Trial 894 0 42885609 61.253196
-Trial 895 0 42885609 61.274918
-Trial 896 0 42885609 61.295616
-Trial 897 0 42885609 61.311734
-Trial 898 0 42885609 61.318660
-Trial 899 0 42885609 61.433177
-Trial 900 0 42885609 61.436433
-Trial 901 0 42885609 61.442097
-Trial 902 0 42885609 61.482898
-Trial 903 0 42885609 61.535844
-Trial 904 0 42885609 61.610363
-Trial 905 0 42885609 61.619713
-Trial 906 0 42885609 61.632467
-Trial 907 0 42885609 61.663041
-Trial 908 0 42885609 61.683089
-Trial 909 0 42885609 61.695543
-Trial 910 0 42885609 61.697899
-Trial 911 0 42885609 61.730822
-Trial 912 0 42885609 61.740834
-Trial 913 0 42885609 61.762359
-Trial 914 0 42885609 61.800438
-Trial 915 0 42885609 61.813131
-Trial 916 0 42885609 61.833348
-Trial 917 0 42885609 61.845085
-Trial 918 0 42885609 61.851413
-Trial 919 0 42885609 61.852303
-Trial 920 0 42885609 61.873749
-Trial 921 0 42885609 61.878428
-Trial 922 0 42885609 61.915933
-Trial 923 0 42885609 61.974372
-Trial 924 0 42885609 61.985105
-Trial 925 0 42885609 62.064435
-Trial 926 0 42885609 62.096162
-Trial 927 0 42885609 62.112961
-Trial 928 0 42885609 62.132732
-Trial 929 0 42885609 62.143197
-Trial 930 0 42885609 62.174303
-Trial 931 0 42885609 62.312888
-Trial 932 0 42885609 62.335178
-Trial 933 0 42885609 62.349013
-Trial 934 0 42885609 62.352665
-Trial 935 0 42885609 62.357174
-Trial 936 0 42885609 62.373926
-Trial 937 0 42885609 62.409247
-Trial 938 0 42885609 62.432163
-Trial 939 0 42885609 62.438511
-Trial 940 0 42885609 62.445664
-Trial 941 0 42885609 62.456853
-Trial 942 0 42885609 62.472455
-Trial 943 0 42885609 62.481403
-Trial 944 0 42885609 62.489550
-Trial 945 0 42885609 62.524587
-Trial 946 0 42885609 62.528111
-Trial 947 0 42885609 62.613159
-Trial 948 0 42885609 62.636991
-Trial 949 0 42885609 62.657830
-Trial 950 0 42885609 62.664828
-Trial 951 0 42885609 62.678584
-Trial 952 0 42885609 62.686053
-Trial 953 0 42885609 62.687277
-Trial 954 0 42885609 62.688845
-Trial 955 0 42885609 62.736772
-Trial 956 0 42885609 62.767124
-Trial 957 0 42885609 62.772918
-Trial 958 0 42885609 62.787637
-Trial 959 0 42885609 62.796249
-Trial 960 0 42885609 62.807842
-Trial 961 0 42885609 62.924450
-Trial 962 0 42885609 62.928009
-Trial 963 0 42885609 62.958111
-Trial 964 0 42885609 62.964374
-Trial 965 0 42885609 63.048919
-Trial 966 0 42885609 63.053631
-Trial 967 0 42885609 63.055326
-Trial 968 0 42885609 63.065891
-Trial 969 0 42885609 63.067910
-Trial 970 0 42885609 63.071416
* 971: Cost = 0_42868482, Time = 60.73 sec. 
-Trial 971 0 42868482 63.238450
-Trial 972 0 42868482 63.253347
-Trial 973 0 42868482 63.254275
-Trial 974 0 42868482 63.270914
-Trial 975 0 42868482 63.299752
-Trial 976 0 42868482 63.322719
-Trial 977 0 42868482 63.365638
-Trial 978 0 42868482 63.380315
-Trial 979 0 42868482 63.381461
-Trial 980 0 42868482 63.465946
-Trial 981 0 42868482 63.469178
-Trial 982 0 42868482 63.619558
-Trial 983 0 42868482 63.695708
-Trial 984 0 42868482 63.702886
-Trial 985 0 42868482 63.709006
-Trial 986 0 42868482 63.714579
-Trial 987 0 42868482 63.756577
-Trial 988 0 42868482 63.763925
-Trial 989 0 42868482 63.781542
-Trial 990 0 42868482 63.792585
-Trial 991 0 42868482 63.793488
-Trial 992 0 42868482 63.817843
-Trial 993 0 42868482 63.839574
-Trial 994 0 42868482 63.853005
-Trial 995 0 42868482 63.878512
-Trial 996 0 42868482 63.879965
-Trial 997 0 42868482 63.905167
-Trial 998 0 42868482 63.906756
-Trial 999 0 42868482 63.913212
-Trial 1000 0 42868482 63.916544
Population:
  1: 0_42868482
Run 1: Cost = 0_42868482, Time = 61.41 sec. 

Successes/Runs = 0/1 
Cost.min = 42868482, Cost.avg = 42868482.00, Cost.max = 42868482
Gap.min = 0.0000%, Gap.avg = 0.0000%, Gap.max = 0.0000%
Penalty.min = 0, Penalty.avg = 0.00, Penalty.max = 0
Trials.min = 1000, Trials.avg = 1000.0, Trials.max = 1000
Time.min = 61.41 sec., Time.avg = 61.41 sec., Time.max = 61.41 sec.
Time.total = 63.92 sec.
  Size.min = 15, Size.max = 35, Penalty = 0
  Cost.min = 967238, Cost.max = 3548134, Cost.sum = 42868482
Best CVRPTW solution:
  Cost = 0_42868482
444 1 366 290 95 414 208 199 103 485 200 214 436 96 376 71 257 486 509 473 187 131 169 296 333 475 184 126 219 167 330 242 453 319 282 70 316 300 174 299 33 68 245 248 465 512 278 14 121 210 454 144 221 365 13 91 29 38 58 491 403 337 159 328 324 470 52 85 162 193 20 310 73 411 77 438 488 166 508 423 323 251 224 160 45 345 383 419 280 150 367 322 65 191 395 415 311 236 178 492 514 244 76 161 500 452 422 361 5 350 17 234 35 437 34 261 394 487 401 102 50 501 426 175 303 6 206 375 269 118 457 439 123 371 106 389 503 22 413 312 353 141 40 402 176 230 233 253 450 441 388 418 213 115 25 277 98 256 374 99 373 520 204 380 168 250 385 281 463 390 119 72 211 157 203 329 381 308 113 79 44 466 7 515 360 30 49 64 416 42 262 192 445 315 467 225 190 142 249 43 494 100 147 48 359 241 497 513 186 358 393 89 4 431 154 181 369 109 88 23 264 202 81 442 267 342 69 164 335 158 32 153 461 82 363 451 12 272 287 201 517 429 499 239 409 37 346 326 427 132 498 140 271 283 51 108 222 259 351 332 456 400 276 196 479 518 313 334 163 428 226 10 55 235 28 355 448 116 156 104 382 474 274 80 298 218 325 62 432 301 194 197 496 302 110 270 472 149 516 97 101 447 171 209 2 331 434 39 228 107 66 321 9 47 138 215 94 124 83 136 519 182 398 489 404 391 430 183 490 468 148 229 440 377 268 477 462 372 505 260 179 305 78 449 273 61 31 86 198 216 327 339 172 343 364 137 133 207 240 129 238 185 195 379 243 362 506 417 336 483 217 384 180 16 275 139 424 443 18 145 177 105 493 314 425 421 247 237 481 279 478 205 469 504 36 146 21 143 458 480 111 231 412 347 304 90 495 227 127 510 292 11 397 263 117 317 266 212 386 405 356 459 407 291 476 57 93 165 155 125 46 507 460 254 189 320 420 349 396 112 152 357 293 130 354 464 173 297 295 341 368 54 63 74 408 15 122 435 410 471 3 27 170 289 502 151 255 41 26 338 348 246 87 92 188 56 387 306 19 284 406 252 84 433 370 286 24 120 511 59 232 307 265 318 135 220 399 352 223 75 309 128 344 455 378 67 285 340 484 258 294 114 446 392 134 8 482 288 53 60 444 
