PARAMETER_FILE = result/cvrptw_500/LKH_para/136.para
Reading PROBLEM_FILE: "result/cvrptw_500/cvrptw/136.cvrptw" ... done
ASCENT_CANDIDATES = 50
BACKBONE_TRIALS = 0
BACKTRACKING = NO
# BWTSP =
# CANDIDATE_FILE =
CANDIDATE_SET_TYPE = ALPHA
DEPOT = 1
# EDGE_FILE =
EXCESS = 0.0384615
EXTERNAL_SALESMEN = 0
EXTRA_CANDIDATES = 0 
EXTRA_CANDIDATE_SET_TYPE = QUADRANT
GAIN23 = NO
GAIN_CRITERION = YES
INITIAL_PERIOD = 520
INITIAL_STEP_SIZE = 1
INITIAL_TOUR_ALGORITHM = WALK
# INITIAL_TOUR_FILE = 
INITIAL_TOUR_FRACTION = 1.000
# INPUT_TOUR_FILE = 
KICK_TYPE = 4
KICKS = 1
# MAX_BREADTH =
MAKESPAN = NO
MAX_CANDIDATES = 5 
MAX_SWAPS = 0
MAX_TRIALS = 1000
# MERGE_TOUR_FILE =
MOVE_TYPE = 5 SPECIAL
MTSP_MIN_SIZE = 1
MTSP_MAX_SIZE = 1039
# MTSP_SOLUTION_FILE = 
# NONSEQUENTIAL_MOVE_TYPE = 5
# OPTIMUM =
# OUTPUT_TOUR_FILE = 
PATCHING_A = 1 
PATCHING_C = 0 
# PI_FILE = 
POPMUSIC_INITIAL_TOUR = NO
POPMUSIC_MAX_NEIGHBORS = 5
POPMUSIC_SAMPLE_SIZE = 10
POPMUSIC_SOLUTIONS = 50
POPMUSIC_TRIALS = 1
POPULATION_SIZE = 10
PRECISION = 100
PROBLEM_FILE = result/cvrptw_500/cvrptw/136.cvrptw
RECOMBINATION = IPT
RESTRICTED_SEARCH = YES
RUNS = 1
SALESMEN = 20
SCALE = 1
SEED = 1234
# SINTEF_SOLUTION_FILE = 
STOP_AT_OPTIMUM = YES
SUBGRADIENT = YES
# SUBPROBLEM_SIZE =
# SUBPROBLEM_TOUR_FILE = 
SUBSEQUENT_MOVE_TYPE = 5 SPECIAL
SUBSEQUENT_PATCHING = YES
# TIME_LIMIT =
# TOUR_FILE = 
TRACE_LEVEL = 1
VEHICLES = 20

Lower bound = 25656349.1, Ascent time = 2.43 sec.
Cand.min = 5, Cand.avg = 5.0, Cand.max = 5
Edges.fixed = 520 [Cost = 0]
Preprocessing time = 2.52 sec.
* 1: Cost = 191128_58169522, Time = 3.97 sec. 
-Trial 1 191128 58169522 6.490876
* 2: Cost = 191128_56671200, Time = 4.28 sec. 
-Trial 2 191128 56671200 6.801207
* 3: Cost = 191128_56374349, Time = 4.35 sec. 
-Trial 3 191128 56374349 6.873011
-Trial 4 191128 56374349 7.034096
-Trial 5 191128 56374349 7.155595
* 6: Cost = 191128_56313780, Time = 4.68 sec. 
-Trial 6 191128 56313780 7.199753
* 7: Cost = 191128_56299856, Time = 4.77 sec. 
-Trial 7 191128 56299856 7.292335
* 8: Cost = 191128_56057936, Time = 4.81 sec. 
-Trial 8 191128 56057936 7.330412
* 9: Cost = 191128_55993165, Time = 4.86 sec. 
-Trial 9 191128 55993165 7.383962
* 10: Cost = 191128_55941663, Time = 4.93 sec. 
-Trial 10 191128 55941663 7.448037
-Trial 11 191128 55941663 7.485337
-Trial 12 191128 55941663 7.545140
-Trial 13 191128 55941663 7.585866
* 14: Cost = 191128_54971867, Time = 5.17 sec. 
-Trial 14 191128 54971867 7.693700
* 15: Cost = 191128_54935507, Time = 5.19 sec. 
-Trial 15 191128 54935507 7.710592
-Trial 16 191128 54935507 7.713453
* 17: Cost = 0_54254180, Time = 5.35 sec. 
-Trial 17 0 54254180 7.873827
-Trial 18 0 54254180 7.925625
-Trial 19 0 54254180 7.937199
-Trial 20 0 54254180 7.987018
-Trial 21 0 54254180 7.991201
* 22: Cost = 0_53856015, Time = 5.53 sec. 
-Trial 22 0 53856015 8.057093
* 23: Cost = 0_53597547, Time = 5.55 sec. 
-Trial 23 0 53597547 8.076597
* 24: Cost = 0_53477245, Time = 5.58 sec. 
-Trial 24 0 53477245 8.101927
* 25: Cost = 0_53351883, Time = 5.63 sec. 
-Trial 25 0 53351883 8.157376
-Trial 26 0 53351883 8.159979
-Trial 27 0 53351883 8.185113
* 28: Cost = 0_52928292, Time = 5.69 sec. 
-Trial 28 0 52928292 8.211751
-Trial 29 0 52928292 8.226666
-Trial 30 0 52928292 8.238171
* 31: Cost = 0_52837923, Time = 5.79 sec. 
-Trial 31 0 52837923 8.315169
-Trial 32 0 52837923 8.392450
* 33: Cost = 0_52231176, Time = 5.88 sec. 
-Trial 33 0 52231176 8.400850
-Trial 34 0 52231176 8.405333
* 35: Cost = 0_51891519, Time = 5.92 sec. 
-Trial 35 0 51891519 8.440137
* 36: Cost = 0_49653433, Time = 5.97 sec. 
-Trial 36 0 49653433 8.493977
-Trial 37 0 49653433 8.567703
-Trial 38 0 49653433 8.776660
-Trial 39 0 49653433 8.897359
-Trial 40 0 49653433 9.028274
-Trial 41 0 49653433 9.039158
-Trial 42 0 49653433 9.059980
-Trial 43 0 49653433 9.180158
-Trial 44 0 49653433 9.421740
-Trial 45 0 49653433 9.422588
-Trial 46 0 49653433 9.511613
-Trial 47 0 49653433 9.512384
-Trial 48 0 49653433 9.528871
-Trial 49 0 49653433 9.550473
* 50: Cost = 0_49594977, Time = 7.04 sec. 
-Trial 50 0 49594977 9.559596
-Trial 51 0 49594977 9.569729
* 52: Cost = 0_49569648, Time = 7.05 sec. 
-Trial 52 0 49569648 9.573308
-Trial 53 0 49569648 9.655120
-Trial 54 0 49569648 9.656288
-Trial 55 0 49569648 9.657671
* 56: Cost = 0_49421470, Time = 7.16 sec. 
-Trial 56 0 49421470 9.678516
-Trial 57 0 49421470 9.753042
-Trial 58 0 49421470 9.804807
-Trial 59 0 49421470 9.808662
-Trial 60 0 49421470 9.818187
-Trial 61 0 49421470 9.900228
* 62: Cost = 0_49318251, Time = 7.40 sec. 
-Trial 62 0 49318251 9.926868
-Trial 63 0 49318251 9.955845
-Trial 64 0 49318251 9.969474
-Trial 65 0 49318251 10.094142
-Trial 66 0 49318251 10.125069
-Trial 67 0 49318251 10.198949
-Trial 68 0 49318251 10.225410
-Trial 69 0 49318251 10.249609
* 70: Cost = 0_48724949, Time = 7.78 sec. 
-Trial 70 0 48724949 10.298969
-Trial 71 0 48724949 10.305036
* 72: Cost = 0_48690710, Time = 7.81 sec. 
-Trial 72 0 48690710 10.335664
-Trial 73 0 48690710 10.354168
-Trial 74 0 48690710 10.488469
-Trial 75 0 48690710 10.548065
-Trial 76 0 48690710 10.561983
-Trial 77 0 48690710 10.683582
* 78: Cost = 0_48670534, Time = 8.17 sec. 
-Trial 78 0 48670534 10.693451
-Trial 79 0 48670534 10.730642
-Trial 80 0 48670534 10.749425
-Trial 81 0 48670534 10.753166
-Trial 82 0 48670534 10.808642
-Trial 83 0 48670534 10.836488
-Trial 84 0 48670534 10.916509
-Trial 85 0 48670534 10.951425
* 86: Cost = 0_48650803, Time = 8.45 sec. 
-Trial 86 0 48650803 10.969426
-Trial 87 0 48650803 10.970010
-Trial 88 0 48650803 10.992186
-Trial 89 0 48650803 11.003644
* 90: Cost = 0_48633868, Time = 8.51 sec. 
-Trial 90 0 48633868 11.034946
-Trial 91 0 48633868 11.079799
-Trial 92 0 48633868 11.159269
-Trial 93 0 48633868 11.235194
-Trial 94 0 48633868 11.342684
-Trial 95 0 48633868 11.381632
-Trial 96 0 48633868 11.394500
-Trial 97 0 48633868 11.422573
-Trial 98 0 48633868 11.535983
-Trial 99 0 48633868 11.540097
* 100: Cost = 0_48582490, Time = 9.05 sec. 
-Trial 100 0 48582490 11.570513
-Trial 101 0 48582490 11.621493
-Trial 102 0 48582490 11.633512
* 103: Cost = 0_48468999, Time = 9.15 sec. 
-Trial 103 0 48468999 11.669649
-Trial 104 0 48468999 11.749410
-Trial 105 0 48468999 11.787899
-Trial 106 0 48468999 11.796564
-Trial 107 0 48468999 11.802800
* 108: Cost = 0_48438986, Time = 9.29 sec. 
-Trial 108 0 48438986 11.815084
-Trial 109 0 48438986 11.832394
-Trial 110 0 48438986 11.849191
-Trial 111 0 48438986 11.866097
-Trial 112 0 48438986 11.880222
-Trial 113 0 48438986 11.901783
-Trial 114 0 48438986 11.906446
-Trial 115 0 48438986 11.919334
-Trial 116 0 48438986 11.971408
-Trial 117 0 48438986 12.005234
-Trial 118 0 48438986 12.041702
-Trial 119 0 48438986 12.105482
-Trial 120 0 48438986 12.124252
-Trial 121 0 48438986 12.209538
* 122: Cost = 0_48249788, Time = 9.74 sec. 
-Trial 122 0 48249788 12.261156
-Trial 123 0 48249788 12.349203
-Trial 124 0 48249788 12.374490
-Trial 125 0 48249788 12.406378
-Trial 126 0 48249788 12.419459
* 127: Cost = 0_48212222, Time = 9.91 sec. 
-Trial 127 0 48212222 12.430973
-Trial 128 0 48212222 12.560944
-Trial 129 0 48212222 12.583958
-Trial 130 0 48212222 12.589001
-Trial 131 0 48212222 12.615776
-Trial 132 0 48212222 12.631262
* 133: Cost = 0_48152338, Time = 10.18 sec. 
-Trial 133 0 48152338 12.701200
-Trial 134 0 48152338 12.719085
-Trial 135 0 48152338 12.752955
-Trial 136 0 48152338 12.784910
-Trial 137 0 48152338 12.812431
-Trial 138 0 48152338 12.814580
-Trial 139 0 48152338 12.840418
* 140: Cost = 0_48122372, Time = 10.36 sec. 
-Trial 140 0 48122372 12.878632
-Trial 141 0 48122372 12.897100
-Trial 142 0 48122372 12.913256
* 143: Cost = 0_48032499, Time = 10.42 sec. 
-Trial 143 0 48032499 12.944082
-Trial 144 0 48032499 12.974553
-Trial 145 0 48032499 13.100309
-Trial 146 0 48032499 13.108749
-Trial 147 0 48032499 13.109197
-Trial 148 0 48032499 13.236571
-Trial 149 0 48032499 13.273026
-Trial 150 0 48032499 13.294153
-Trial 151 0 48032499 13.386421
-Trial 152 0 48032499 13.390566
-Trial 153 0 48032499 13.417805
-Trial 154 0 48032499 13.428061
-Trial 155 0 48032499 13.431747
-Trial 156 0 48032499 13.509119
-Trial 157 0 48032499 13.617511
-Trial 158 0 48032499 13.691745
* 159: Cost = 0_47952889, Time = 11.20 sec. 
-Trial 159 0 47952889 13.720270
-Trial 160 0 47952889 13.735874
* 161: Cost = 0_47920812, Time = 11.23 sec. 
-Trial 161 0 47920812 13.754062
* 162: Cost = 0_47753018, Time = 11.25 sec. 
-Trial 162 0 47753018 13.776759
* 163: Cost = 0_47568344, Time = 11.41 sec. 
-Trial 163 0 47568344 13.929951
-Trial 164 0 47568344 13.943768
-Trial 165 0 47568344 14.001093
-Trial 166 0 47568344 14.011051
* 167: Cost = 0_47490098, Time = 11.54 sec. 
-Trial 167 0 47490098 14.066289
-Trial 168 0 47490098 14.081185
-Trial 169 0 47490098 14.102215
-Trial 170 0 47490098 14.108760
-Trial 171 0 47490098 14.145080
-Trial 172 0 47490098 14.201057
-Trial 173 0 47490098 14.202423
-Trial 174 0 47490098 14.206309
* 175: Cost = 0_47471651, Time = 11.69 sec. 
-Trial 175 0 47471651 14.210296
* 176: Cost = 0_47412700, Time = 11.76 sec. 
-Trial 176 0 47412700 14.282135
* 177: Cost = 0_47337893, Time = 11.77 sec. 
-Trial 177 0 47337893 14.294208
-Trial 178 0 47337893 14.299782
-Trial 179 0 47337893 14.338387
-Trial 180 0 47337893 14.387234
-Trial 181 0 47337893 14.396142
-Trial 182 0 47337893 14.440584
-Trial 183 0 47337893 14.516891
-Trial 184 0 47337893 14.566519
-Trial 185 0 47337893 14.598595
-Trial 186 0 47337893 14.714866
-Trial 187 0 47337893 14.775585
-Trial 188 0 47337893 14.889568
-Trial 189 0 47337893 14.911707
-Trial 190 0 47337893 14.931393
-Trial 191 0 47337893 14.941690
-Trial 192 0 47337893 15.055636
-Trial 193 0 47337893 15.109021
-Trial 194 0 47337893 15.132301
-Trial 195 0 47337893 15.144386
-Trial 196 0 47337893 15.153228
-Trial 197 0 47337893 15.178084
-Trial 198 0 47337893 15.210837
-Trial 199 0 47337893 15.278941
-Trial 200 0 47337893 15.302166
-Trial 201 0 47337893 15.339404
-Trial 202 0 47337893 15.449473
-Trial 203 0 47337893 15.465366
-Trial 204 0 47337893 15.470721
* 205: Cost = 0_47325009, Time = 12.97 sec. 
-Trial 205 0 47325009 15.491160
* 206: Cost = 0_47291723, Time = 12.98 sec. 
-Trial 206 0 47291723 15.502230
* 207: Cost = 0_47269445, Time = 13.00 sec. 
-Trial 207 0 47269445 15.519494
-Trial 208 0 47269445 15.684730
-Trial 209 0 47269445 15.718601
-Trial 210 0 47269445 15.785544
-Trial 211 0 47269445 15.810388
-Trial 212 0 47269445 15.819324
-Trial 213 0 47269445 15.926365
-Trial 214 0 47269445 16.030548
-Trial 215 0 47269445 16.098931
-Trial 216 0 47269445 16.102220
-Trial 217 0 47269445 16.127052
-Trial 218 0 47269445 16.212807
-Trial 219 0 47269445 16.249464
-Trial 220 0 47269445 16.323570
* 221: Cost = 0_47246384, Time = 13.81 sec. 
-Trial 221 0 47246384 16.333934
* 222: Cost = 0_47142147, Time = 13.82 sec. 
-Trial 222 0 47142147 16.343321
-Trial 223 0 47142147 16.351714
-Trial 224 0 47142147 16.370447
-Trial 225 0 47142147 16.402698
-Trial 226 0 47142147 16.423391
-Trial 227 0 47142147 16.445570
-Trial 228 0 47142147 16.508688
-Trial 229 0 47142147 16.709803
-Trial 230 0 47142147 16.734868
-Trial 231 0 47142147 16.768057
-Trial 232 0 47142147 16.790491
* 233: Cost = 0_47013091, Time = 14.34 sec. 
-Trial 233 0 47013091 16.862896
-Trial 234 0 47013091 16.879894
-Trial 235 0 47013091 16.887480
-Trial 236 0 47013091 16.908436
-Trial 237 0 47013091 16.916405
-Trial 238 0 47013091 16.935248
-Trial 239 0 47013091 16.974201
-Trial 240 0 47013091 17.015007
-Trial 241 0 47013091 17.042291
-Trial 242 0 47013091 17.058703
-Trial 243 0 47013091 17.066519
-Trial 244 0 47013091 17.067230
* 245: Cost = 0_47003662, Time = 14.57 sec. 
-Trial 245 0 47003662 17.088751
-Trial 246 0 47003662 17.102284
-Trial 247 0 47003662 17.129960
-Trial 248 0 47003662 17.148230
-Trial 249 0 47003662 17.171345
-Trial 250 0 47003662 17.203461
-Trial 251 0 47003662 17.212585
-Trial 252 0 47003662 17.303215
* 253: Cost = 0_46979900, Time = 14.81 sec. 
-Trial 253 0 46979900 17.328304
-Trial 254 0 46979900 17.337946
-Trial 255 0 46979900 17.369034
-Trial 256 0 46979900 17.468163
-Trial 257 0 46979900 17.479467
-Trial 258 0 46979900 17.555136
-Trial 259 0 46979900 17.572713
-Trial 260 0 46979900 17.618143
-Trial 261 0 46979900 17.622924
-Trial 262 0 46979900 17.662928
-Trial 263 0 46979900 17.753495
-Trial 264 0 46979900 17.771320
-Trial 265 0 46979900 17.774430
-Trial 266 0 46979900 17.776769
-Trial 267 0 46979900 17.806810
-Trial 268 0 46979900 17.809814
-Trial 269 0 46979900 17.819460
-Trial 270 0 46979900 17.889631
-Trial 271 0 46979900 17.906844
-Trial 272 0 46979900 17.910435
-Trial 273 0 46979900 18.006146
-Trial 274 0 46979900 18.282812
-Trial 275 0 46979900 18.331769
-Trial 276 0 46979900 18.332736
-Trial 277 0 46979900 18.355964
-Trial 278 0 46979900 18.389881
-Trial 279 0 46979900 18.391452
-Trial 280 0 46979900 18.419863
* 281: Cost = 0_46926908, Time = 15.92 sec. 
-Trial 281 0 46926908 18.438788
* 282: Cost = 0_46904274, Time = 15.94 sec. 
-Trial 282 0 46904274 18.464925
-Trial 283 0 46904274 18.476536
-Trial 284 0 46904274 18.483216
-Trial 285 0 46904274 18.489149
-Trial 286 0 46904274 18.507023
-Trial 287 0 46904274 18.536285
* 288: Cost = 0_46852688, Time = 16.05 sec. 
-Trial 288 0 46852688 18.568728
-Trial 289 0 46852688 18.584822
-Trial 290 0 46852688 18.791653
-Trial 291 0 46852688 18.803879
-Trial 292 0 46852688 18.880993
-Trial 293 0 46852688 18.894854
-Trial 294 0 46852688 18.930751
-Trial 295 0 46852688 18.973382
-Trial 296 0 46852688 19.064407
-Trial 297 0 46852688 19.156029
-Trial 298 0 46852688 19.219487
-Trial 299 0 46852688 19.309975
* 300: Cost = 0_46824451, Time = 16.81 sec. 
-Trial 300 0 46824451 19.337101
-Trial 301 0 46824451 19.360196
-Trial 302 0 46824451 19.459486
-Trial 303 0 46824451 19.474523
-Trial 304 0 46824451 19.488966
-Trial 305 0 46824451 19.504193
-Trial 306 0 46824451 19.520194
-Trial 307 0 46824451 19.531414
-Trial 308 0 46824451 19.564680
-Trial 309 0 46824451 19.600668
-Trial 310 0 46824451 19.626612
-Trial 311 0 46824451 19.728506
-Trial 312 0 46824451 19.729819
-Trial 313 0 46824451 19.845458
-Trial 314 0 46824451 19.853735
-Trial 315 0 46824451 19.876003
-Trial 316 0 46824451 19.903291
-Trial 317 0 46824451 19.915766
-Trial 318 0 46824451 19.932837
-Trial 319 0 46824451 20.005900
-Trial 320 0 46824451 20.047296
-Trial 321 0 46824451 20.061510
-Trial 322 0 46824451 20.071413
-Trial 323 0 46824451 20.104001
-Trial 324 0 46824451 20.114470
-Trial 325 0 46824451 20.134109
-Trial 326 0 46824451 20.160065
-Trial 327 0 46824451 20.180397
-Trial 328 0 46824451 20.192045
-Trial 329 0 46824451 20.268146
-Trial 330 0 46824451 20.328765
-Trial 331 0 46824451 20.346081
-Trial 332 0 46824451 20.364898
-Trial 333 0 46824451 20.374966
-Trial 334 0 46824451 20.575433
-Trial 335 0 46824451 20.623281
-Trial 336 0 46824451 20.659201
* 337: Cost = 0_46804329, Time = 18.14 sec. 
-Trial 337 0 46804329 20.666228
-Trial 338 0 46804329 20.802211
-Trial 339 0 46804329 20.831631
-Trial 340 0 46804329 20.873818
-Trial 341 0 46804329 20.953960
-Trial 342 0 46804329 20.972582
-Trial 343 0 46804329 21.066705
-Trial 344 0 46804329 21.127846
* 345: Cost = 0_46675166, Time = 18.66 sec. 
-Trial 345 0 46675166 21.186645
-Trial 346 0 46675166 21.213174
-Trial 347 0 46675166 21.229439
-Trial 348 0 46675166 21.232332
-Trial 349 0 46675166 21.380517
* 350: Cost = 0_46628323, Time = 18.87 sec. 
-Trial 350 0 46628323 21.388380
-Trial 351 0 46628323 21.500500
-Trial 352 0 46628323 21.515756
-Trial 353 0 46628323 21.542975
-Trial 354 0 46628323 21.553191
-Trial 355 0 46628323 21.619022
-Trial 356 0 46628323 21.631948
-Trial 357 0 46628323 21.665972
-Trial 358 0 46628323 21.674417
* 359: Cost = 0_46628092, Time = 19.16 sec. 
-Trial 359 0 46628092 21.685898
-Trial 360 0 46628092 21.689842
-Trial 361 0 46628092 21.693882
* 362: Cost = 0_46623327, Time = 19.18 sec. 
-Trial 362 0 46623327 21.707116
-Trial 363 0 46623327 21.719800
-Trial 364 0 46623327 21.822509
* 365: Cost = 0_46611195, Time = 19.34 sec. 
-Trial 365 0 46611195 21.867696
-Trial 366 0 46611195 21.893928
-Trial 367 0 46611195 21.924840
-Trial 368 0 46611195 21.953508
-Trial 369 0 46611195 21.960242
-Trial 370 0 46611195 21.975622
-Trial 371 0 46611195 22.017999
-Trial 372 0 46611195 22.135902
-Trial 373 0 46611195 22.164903
-Trial 374 0 46611195 22.227709
-Trial 375 0 46611195 22.237564
-Trial 376 0 46611195 22.242313
-Trial 377 0 46611195 22.300989
-Trial 378 0 46611195 22.374603
-Trial 379 0 46611195 22.494771
* 380: Cost = 0_46588501, Time = 19.98 sec. 
-Trial 380 0 46588501 22.499996
-Trial 381 0 46588501 22.591245
-Trial 382 0 46588501 22.613654
* 383: Cost = 0_46585879, Time = 20.14 sec. 
-Trial 383 0 46585879 22.658062
-Trial 384 0 46585879 22.671474
* 385: Cost = 0_46555557, Time = 20.35 sec. 
-Trial 385 0 46555557 22.873535
-Trial 386 0 46555557 22.902620
-Trial 387 0 46555557 22.904328
-Trial 388 0 46555557 22.909615
-Trial 389 0 46555557 22.917705
-Trial 390 0 46555557 22.954657
-Trial 391 0 46555557 22.990364
* 392: Cost = 0_46533897, Time = 20.48 sec. 
-Trial 392 0 46533897 22.998838
-Trial 393 0 46533897 23.086037
-Trial 394 0 46533897 23.088857
-Trial 395 0 46533897 23.217293
-Trial 396 0 46533897 23.223654
-Trial 397 0 46533897 23.235922
-Trial 398 0 46533897 23.263061
* 399: Cost = 0_46510700, Time = 20.77 sec. 
-Trial 399 0 46510700 23.293336
* 400: Cost = 0_46507148, Time = 20.80 sec. 
-Trial 400 0 46507148 23.319557
-Trial 401 0 46507148 23.343837
* 402: Cost = 0_46407141, Time = 20.84 sec. 
-Trial 402 0 46407141 23.361305
-Trial 403 0 46407141 23.390572
-Trial 404 0 46407141 23.436439
-Trial 405 0 46407141 23.460358
-Trial 406 0 46407141 23.520965
-Trial 407 0 46407141 23.522888
-Trial 408 0 46407141 23.528039
-Trial 409 0 46407141 23.600591
-Trial 410 0 46407141 23.606545
-Trial 411 0 46407141 23.746765
-Trial 412 0 46407141 23.792778
-Trial 413 0 46407141 23.807507
* 414: Cost = 0_46363893, Time = 21.30 sec. 
-Trial 414 0 46363893 23.821994
* 415: Cost = 0_46310134, Time = 21.32 sec. 
-Trial 415 0 46310134 23.840227
-Trial 416 0 46310134 23.843412
-Trial 417 0 46310134 23.851201
-Trial 418 0 46310134 23.893281
-Trial 419 0 46310134 23.905258
-Trial 420 0 46310134 23.925955
-Trial 421 0 46310134 23.953766
-Trial 422 0 46310134 23.961440
-Trial 423 0 46310134 23.968934
-Trial 424 0 46310134 23.985349
* 425: Cost = 0_46308550, Time = 21.49 sec. 
-Trial 425 0 46308550 24.009656
-Trial 426 0 46308550 24.011558
* 427: Cost = 0_46212021, Time = 21.50 sec. 
-Trial 427 0 46212021 24.026405
* 428: Cost = 0_46211315, Time = 21.52 sec. 
-Trial 428 0 46211315 24.045393
-Trial 429 0 46211315 24.104608
-Trial 430 0 46211315 24.129609
-Trial 431 0 46211315 24.138659
-Trial 432 0 46211315 24.155919
* 433: Cost = 0_46132297, Time = 21.64 sec. 
-Trial 433 0 46132297 24.167016
-Trial 434 0 46132297 24.169027
-Trial 435 0 46132297 24.171426
-Trial 436 0 46132297 24.204319
-Trial 437 0 46132297 24.238750
* 438: Cost = 0_46126186, Time = 21.84 sec. 
-Trial 438 0 46126186 24.361993
-Trial 439 0 46126186 24.410108
-Trial 440 0 46126186 24.411610
-Trial 441 0 46126186 24.571755
-Trial 442 0 46126186 24.572807
-Trial 443 0 46126186 24.592509
-Trial 444 0 46126186 24.598981
-Trial 445 0 46126186 24.613592
-Trial 446 0 46126186 24.614728
-Trial 447 0 46126186 24.627701
-Trial 448 0 46126186 24.641196
-Trial 449 0 46126186 24.667070
-Trial 450 0 46126186 24.879359
-Trial 451 0 46126186 25.004693
-Trial 452 0 46126186 25.010089
-Trial 453 0 46126186 25.064183
-Trial 454 0 46126186 25.089267
-Trial 455 0 46126186 25.139067
-Trial 456 0 46126186 25.169092
-Trial 457 0 46126186 25.196905
-Trial 458 0 46126186 25.231145
-Trial 459 0 46126186 25.269158
-Trial 460 0 46126186 25.276697
-Trial 461 0 46126186 25.304639
-Trial 462 0 46126186 25.319082
-Trial 463 0 46126186 25.343165
-Trial 464 0 46126186 25.458190
-Trial 465 0 46126186 25.462908
-Trial 466 0 46126186 25.537912
-Trial 467 0 46126186 25.644948
-Trial 468 0 46126186 25.675629
-Trial 469 0 46126186 25.687697
-Trial 470 0 46126186 25.707541
-Trial 471 0 46126186 25.710407
-Trial 472 0 46126186 25.754896
-Trial 473 0 46126186 25.759586
-Trial 474 0 46126186 25.790160
-Trial 475 0 46126186 25.803749
* 476: Cost = 0_46096588, Time = 23.32 sec. 
-Trial 476 0 46096588 25.839096
-Trial 477 0 46096588 25.846096
-Trial 478 0 46096588 25.877671
* 479: Cost = 0_46087134, Time = 23.37 sec. 
-Trial 479 0 46087134 25.888310
-Trial 480 0 46087134 25.902194
-Trial 481 0 46087134 25.914765
-Trial 482 0 46087134 25.965340
* 483: Cost = 0_46080305, Time = 23.45 sec. 
-Trial 483 0 46080305 25.970410
-Trial 484 0 46080305 26.055337
-Trial 485 0 46080305 26.059490
-Trial 486 0 46080305 26.088901
-Trial 487 0 46080305 26.104171
-Trial 488 0 46080305 26.124411
-Trial 489 0 46080305 26.132726
-Trial 490 0 46080305 26.181605
-Trial 491 0 46080305 26.209968
-Trial 492 0 46080305 26.274233
-Trial 493 0 46080305 26.329922
-Trial 494 0 46080305 26.384232
-Trial 495 0 46080305 26.394873
-Trial 496 0 46080305 26.467893
-Trial 497 0 46080305 26.487972
-Trial 498 0 46080305 26.505412
-Trial 499 0 46080305 26.518058
-Trial 500 0 46080305 26.553900
-Trial 501 0 46080305 26.560509
-Trial 502 0 46080305 26.589761
-Trial 503 0 46080305 26.662414
-Trial 504 0 46080305 26.710238
-Trial 505 0 46080305 26.831086
-Trial 506 0 46080305 27.013318
-Trial 507 0 46080305 27.089082
-Trial 508 0 46080305 27.093144
* 509: Cost = 0_45921290, Time = 24.66 sec. 
-Trial 509 0 45921290 27.178649
-Trial 510 0 45921290 27.179386
-Trial 511 0 45921290 27.190132
-Trial 512 0 45921290 27.198121
-Trial 513 0 45921290 27.229533
-Trial 514 0 45921290 27.252947
-Trial 515 0 45921290 27.257826
-Trial 516 0 45921290 27.333702
* 517: Cost = 0_45909064, Time = 24.83 sec. 
-Trial 517 0 45909064 27.348819
-Trial 518 0 45909064 27.377916
-Trial 519 0 45909064 27.391812
* 520: Cost = 0_45893903, Time = 24.88 sec. 
-Trial 520 0 45893903 27.407180
-Trial 521 0 45893903 27.462572
-Trial 522 0 45893903 27.482808
-Trial 523 0 45893903 27.491424
-Trial 524 0 45893903 27.502480
-Trial 525 0 45893903 27.515064
-Trial 526 0 45893903 27.645880
-Trial 527 0 45893903 27.663669
-Trial 528 0 45893903 27.742022
-Trial 529 0 45893903 27.769959
-Trial 530 0 45893903 27.910783
-Trial 531 0 45893903 27.968527
-Trial 532 0 45893903 27.975841
-Trial 533 0 45893903 28.008759
-Trial 534 0 45893903 28.019500
-Trial 535 0 45893903 28.056834
-Trial 536 0 45893903 28.108104
-Trial 537 0 45893903 28.117780
-Trial 538 0 45893903 28.126886
-Trial 539 0 45893903 28.190833
-Trial 540 0 45893903 28.243125
-Trial 541 0 45893903 28.276472
-Trial 542 0 45893903 28.382068
* 543: Cost = 0_45826320, Time = 25.87 sec. 
-Trial 543 0 45826320 28.397052
-Trial 544 0 45826320 28.438468
-Trial 545 0 45826320 28.485833
-Trial 546 0 45826320 28.499884
-Trial 547 0 45826320 28.506996
-Trial 548 0 45826320 28.514004
-Trial 549 0 45826320 28.516891
-Trial 550 0 45826320 28.577670
-Trial 551 0 45826320 28.594782
-Trial 552 0 45826320 28.606649
* 553: Cost = 0_45823802, Time = 26.11 sec. 
-Trial 553 0 45823802 28.629435
-Trial 554 0 45823802 28.650252
-Trial 555 0 45823802 28.669124
* 556: Cost = 0_45777663, Time = 26.20 sec. 
-Trial 556 0 45777663 28.726614
-Trial 557 0 45777663 28.758462
-Trial 558 0 45777663 28.784466
-Trial 559 0 45777663 28.895724
-Trial 560 0 45777663 28.929004
-Trial 561 0 45777663 28.952106
-Trial 562 0 45777663 28.978763
-Trial 563 0 45777663 29.009377
* 564: Cost = 0_45757487, Time = 26.52 sec. 
-Trial 564 0 45757487 29.041565
-Trial 565 0 45757487 29.205602
-Trial 566 0 45757487 29.223499
-Trial 567 0 45757487 29.235862
-Trial 568 0 45757487 29.259413
-Trial 569 0 45757487 29.304458
-Trial 570 0 45757487 29.336244
-Trial 571 0 45757487 29.374321
-Trial 572 0 45757487 29.386166
-Trial 573 0 45757487 29.511720
-Trial 574 0 45757487 29.537973
-Trial 575 0 45757487 29.558021
-Trial 576 0 45757487 29.588816
-Trial 577 0 45757487 29.734376
-Trial 578 0 45757487 29.738452
-Trial 579 0 45757487 29.764930
-Trial 580 0 45757487 29.777773
-Trial 581 0 45757487 29.779083
-Trial 582 0 45757487 29.800430
-Trial 583 0 45757487 29.874725
-Trial 584 0 45757487 29.881374
-Trial 585 0 45757487 29.904046
-Trial 586 0 45757487 29.966479
-Trial 587 0 45757487 29.979748
-Trial 588 0 45757487 30.006854
-Trial 589 0 45757487 30.024970
-Trial 590 0 45757487 30.045434
-Trial 591 0 45757487 30.053141
-Trial 592 0 45757487 30.063583
-Trial 593 0 45757487 30.100406
-Trial 594 0 45757487 30.106044
-Trial 595 0 45757487 30.239782
-Trial 596 0 45757487 30.250980
-Trial 597 0 45757487 30.251485
-Trial 598 0 45757487 30.272400
-Trial 599 0 45757487 30.323681
-Trial 600 0 45757487 30.354936
-Trial 601 0 45757487 30.365769
-Trial 602 0 45757487 30.417514
-Trial 603 0 45757487 30.434573
-Trial 604 0 45757487 30.435588
-Trial 605 0 45757487 30.466703
* 606: Cost = 0_45737418, Time = 27.96 sec. 
-Trial 606 0 45737418 30.478408
-Trial 607 0 45737418 30.552566
-Trial 608 0 45737418 30.570816
-Trial 609 0 45737418 30.576935
-Trial 610 0 45737418 30.595691
-Trial 611 0 45737418 30.652171
-Trial 612 0 45737418 30.678383
-Trial 613 0 45737418 30.684117
-Trial 614 0 45737418 30.711165
* 615: Cost = 0_45718975, Time = 28.19 sec. 
-Trial 615 0 45718975 30.716805
-Trial 616 0 45718975 30.729524
-Trial 617 0 45718975 30.767156
-Trial 618 0 45718975 30.801204
-Trial 619 0 45718975 30.855406
-Trial 620 0 45718975 30.866065
-Trial 621 0 45718975 30.879224
-Trial 622 0 45718975 30.908741
-Trial 623 0 45718975 30.976074
-Trial 624 0 45718975 31.031026
-Trial 625 0 45718975 31.050969
-Trial 626 0 45718975 31.068544
-Trial 627 0 45718975 31.080549
-Trial 628 0 45718975 31.179904
-Trial 629 0 45718975 31.202501
-Trial 630 0 45718975 31.211974
-Trial 631 0 45718975 31.225415
-Trial 632 0 45718975 31.287164
-Trial 633 0 45718975 31.320125
-Trial 634 0 45718975 31.328982
-Trial 635 0 45718975 31.331098
-Trial 636 0 45718975 31.342126
-Trial 637 0 45718975 31.482085
-Trial 638 0 45718975 31.500323
-Trial 639 0 45718975 31.512612
-Trial 640 0 45718975 31.531751
* 641: Cost = 0_45694597, Time = 29.03 sec. 
-Trial 641 0 45694597 31.549361
-Trial 642 0 45694597 31.573250
-Trial 643 0 45694597 31.617083
-Trial 644 0 45694597 31.673012
-Trial 645 0 45694597 31.707165
-Trial 646 0 45694597 31.710640
-Trial 647 0 45694597 31.721091
-Trial 648 0 45694597 31.726490
* 649: Cost = 0_45545632, Time = 29.21 sec. 
-Trial 649 0 45545632 31.734530
-Trial 650 0 45545632 31.750695
* 651: Cost = 0_45509569, Time = 29.26 sec. 
-Trial 651 0 45509569 31.782453
-Trial 652 0 45509569 31.826474
-Trial 653 0 45509569 31.835835
-Trial 654 0 45509569 31.853527
-Trial 655 0 45509569 31.906692
-Trial 656 0 45509569 31.937654
-Trial 657 0 45509569 32.016821
-Trial 658 0 45509569 32.049560
-Trial 659 0 45509569 32.084970
-Trial 660 0 45509569 32.115092
-Trial 661 0 45509569 32.132046
* 662: Cost = 0_45452801, Time = 29.64 sec. 
-Trial 662 0 45452801 32.160318
-Trial 663 0 45452801 32.176258
-Trial 664 0 45452801 32.187330
-Trial 665 0 45452801 32.209853
-Trial 666 0 45452801 32.256159
-Trial 667 0 45452801 32.261582
-Trial 668 0 45452801 32.291940
-Trial 669 0 45452801 32.314818
-Trial 670 0 45452801 32.317960
-Trial 671 0 45452801 32.344975
* 672: Cost = 0_45425216, Time = 29.83 sec. 
-Trial 672 0 45425216 32.351816
* 673: Cost = 0_45403323, Time = 29.84 sec. 
-Trial 673 0 45403323 32.365632
-Trial 674 0 45403323 32.380410
* 675: Cost = 0_45392850, Time = 29.87 sec. 
-Trial 675 0 45392850 32.388353
* 676: Cost = 0_45374912, Time = 29.89 sec. 
-Trial 676 0 45374912 32.414650
-Trial 677 0 45374912 32.456618
-Trial 678 0 45374912 32.474479
-Trial 679 0 45374912 32.501975
-Trial 680 0 45374912 32.512247
-Trial 681 0 45374912 32.528056
-Trial 682 0 45374912 32.546571
-Trial 683 0 45374912 32.597541
-Trial 684 0 45374912 32.606082
-Trial 685 0 45374912 32.694270
-Trial 686 0 45374912 32.738282
-Trial 687 0 45374912 32.773197
-Trial 688 0 45374912 32.796661
-Trial 689 0 45374912 32.889198
-Trial 690 0 45374912 32.898469
-Trial 691 0 45374912 32.906580
-Trial 692 0 45374912 32.932562
-Trial 693 0 45374912 33.003537
-Trial 694 0 45374912 33.031210
-Trial 695 0 45374912 33.044679
-Trial 696 0 45374912 33.055736
-Trial 697 0 45374912 33.069800
-Trial 698 0 45374912 33.079545
-Trial 699 0 45374912 33.182364
-Trial 700 0 45374912 33.204621
-Trial 701 0 45374912 33.219866
-Trial 702 0 45374912 33.239980
-Trial 703 0 45374912 33.328496
-Trial 704 0 45374912 33.346615
-Trial 705 0 45374912 33.354794
-Trial 706 0 45374912 33.359044
-Trial 707 0 45374912 33.392587
-Trial 708 0 45374912 33.411154
-Trial 709 0 45374912 33.419796
* 710: Cost = 0_45370137, Time = 30.94 sec. 
-Trial 710 0 45370137 33.465487
-Trial 711 0 45370137 33.491851
-Trial 712 0 45370137 33.822995
-Trial 713 0 45370137 33.837325
-Trial 714 0 45370137 33.850552
-Trial 715 0 45370137 33.872543
-Trial 716 0 45370137 33.896517
-Trial 717 0 45370137 33.919008
-Trial 718 0 45370137 33.965008
-Trial 719 0 45370137 33.977238
-Trial 720 0 45370137 34.238721
-Trial 721 0 45370137 34.264308
-Trial 722 0 45370137 34.321825
-Trial 723 0 45370137 34.327181
-Trial 724 0 45370137 34.339485
-Trial 725 0 45370137 34.349272
* 726: Cost = 0_45364240, Time = 31.85 sec. 
-Trial 726 0 45364240 34.369829
-Trial 727 0 45364240 34.386945
-Trial 728 0 45364240 34.401625
-Trial 729 0 45364240 34.442814
-Trial 730 0 45364240 34.459066
-Trial 731 0 45364240 34.489973
-Trial 732 0 45364240 34.495923
-Trial 733 0 45364240 34.509607
-Trial 734 0 45364240 34.559539
-Trial 735 0 45364240 34.599690
-Trial 736 0 45364240 34.603149
-Trial 737 0 45364240 34.608287
-Trial 738 0 45364240 34.622349
-Trial 739 0 45364240 34.624617
-Trial 740 0 45364240 34.634281
-Trial 741 0 45364240 34.670358
-Trial 742 0 45364240 34.685691
-Trial 743 0 45364240 34.745178
-Trial 744 0 45364240 34.748304
-Trial 745 0 45364240 34.765142
-Trial 746 0 45364240 34.786630
-Trial 747 0 45364240 34.853598
-Trial 748 0 45364240 34.855191
-Trial 749 0 45364240 34.860733
-Trial 750 0 45364240 34.882171
-Trial 751 0 45364240 34.936976
-Trial 752 0 45364240 34.943668
-Trial 753 0 45364240 34.944104
-Trial 754 0 45364240 34.966051
-Trial 755 0 45364240 34.976153
-Trial 756 0 45364240 35.001657
-Trial 757 0 45364240 35.021663
-Trial 758 0 45364240 35.024617
-Trial 759 0 45364240 35.031362
-Trial 760 0 45364240 35.113938
-Trial 761 0 45364240 35.161294
-Trial 762 0 45364240 35.170427
-Trial 763 0 45364240 35.190585
-Trial 764 0 45364240 35.239610
-Trial 765 0 45364240 35.249200
-Trial 766 0 45364240 35.269965
-Trial 767 0 45364240 35.303160
* 768: Cost = 0_45358286, Time = 32.81 sec. 
-Trial 768 0 45358286 35.334358
-Trial 769 0 45358286 35.341372
-Trial 770 0 45358286 35.402096
-Trial 771 0 45358286 35.405664
-Trial 772 0 45358286 35.412825
-Trial 773 0 45358286 35.533031
-Trial 774 0 45358286 35.585755
-Trial 775 0 45358286 35.595416
-Trial 776 0 45358286 35.608004
-Trial 777 0 45358286 35.612389
-Trial 778 0 45358286 35.670572
* 779: Cost = 0_45328535, Time = 33.16 sec. 
-Trial 779 0 45328535 35.680748
-Trial 780 0 45328535 35.754148
-Trial 781 0 45328535 35.800259
-Trial 782 0 45328535 35.930884
-Trial 783 0 45328535 35.951950
-Trial 784 0 45328535 36.032122
-Trial 785 0 45328535 36.047360
-Trial 786 0 45328535 36.061868
-Trial 787 0 45328535 36.075739
-Trial 788 0 45328535 36.086551
-Trial 789 0 45328535 36.179637
-Trial 790 0 45328535 36.192686
-Trial 791 0 45328535 36.218326
-Trial 792 0 45328535 36.233329
-Trial 793 0 45328535 36.259810
-Trial 794 0 45328535 36.361807
-Trial 795 0 45328535 36.424071
-Trial 796 0 45328535 36.437637
-Trial 797 0 45328535 36.527591
-Trial 798 0 45328535 36.545324
-Trial 799 0 45328535 36.580582
-Trial 800 0 45328535 36.584168
-Trial 801 0 45328535 36.710917
-Trial 802 0 45328535 36.835304
-Trial 803 0 45328535 36.840576
-Trial 804 0 45328535 36.852767
-Trial 805 0 45328535 36.858340
-Trial 806 0 45328535 36.884476
-Trial 807 0 45328535 36.891056
-Trial 808 0 45328535 36.895437
-Trial 809 0 45328535 36.968043
-Trial 810 0 45328535 36.982641
-Trial 811 0 45328535 36.988295
-Trial 812 0 45328535 37.009380
-Trial 813 0 45328535 37.065858
-Trial 814 0 45328535 37.113671
-Trial 815 0 45328535 37.165087
-Trial 816 0 45328535 37.228317
-Trial 817 0 45328535 37.295846
-Trial 818 0 45328535 37.302090
-Trial 819 0 45328535 37.308732
-Trial 820 0 45328535 37.325021
-Trial 821 0 45328535 37.341337
-Trial 822 0 45328535 37.350242
-Trial 823 0 45328535 37.440946
-Trial 824 0 45328535 37.446717
-Trial 825 0 45328535 37.447222
-Trial 826 0 45328535 37.456331
-Trial 827 0 45328535 37.482901
-Trial 828 0 45328535 37.565960
-Trial 829 0 45328535 37.754822
-Trial 830 0 45328535 37.769958
-Trial 831 0 45328535 37.864953
-Trial 832 0 45328535 37.876999
-Trial 833 0 45328535 37.891606
-Trial 834 0 45328535 37.935787
-Trial 835 0 45328535 37.971464
-Trial 836 0 45328535 37.982055
-Trial 837 0 45328535 38.003488
-Trial 838 0 45328535 38.028862
-Trial 839 0 45328535 38.056297
-Trial 840 0 45328535 38.061345
-Trial 841 0 45328535 38.100518
-Trial 842 0 45328535 38.116174
-Trial 843 0 45328535 38.156415
-Trial 844 0 45328535 38.158894
-Trial 845 0 45328535 38.162257
-Trial 846 0 45328535 38.187318
-Trial 847 0 45328535 38.206707
-Trial 848 0 45328535 38.212699
-Trial 849 0 45328535 38.292292
-Trial 850 0 45328535 38.317016
-Trial 851 0 45328535 38.470373
-Trial 852 0 45328535 38.481951
-Trial 853 0 45328535 38.487052
-Trial 854 0 45328535 38.512789
-Trial 855 0 45328535 38.548965
-Trial 856 0 45328535 38.569855
-Trial 857 0 45328535 38.573480
-Trial 858 0 45328535 38.591004
-Trial 859 0 45328535 38.631012
-Trial 860 0 45328535 38.678034
-Trial 861 0 45328535 38.727743
-Trial 862 0 45328535 38.768941
-Trial 863 0 45328535 38.799085
-Trial 864 0 45328535 38.856133
-Trial 865 0 45328535 38.865079
-Trial 866 0 45328535 38.878748
-Trial 867 0 45328535 38.956901
-Trial 868 0 45328535 39.000590
-Trial 869 0 45328535 39.015840
-Trial 870 0 45328535 39.061714
-Trial 871 0 45328535 39.087753
-Trial 872 0 45328535 39.094057
-Trial 873 0 45328535 39.100904
-Trial 874 0 45328535 39.134995
-Trial 875 0 45328535 39.148534
-Trial 876 0 45328535 39.157894
-Trial 877 0 45328535 39.160061
-Trial 878 0 45328535 39.166597
-Trial 879 0 45328535 39.168509
-Trial 880 0 45328535 39.233787
-Trial 881 0 45328535 39.243013
-Trial 882 0 45328535 39.257996
-Trial 883 0 45328535 39.260856
-Trial 884 0 45328535 39.324532
-Trial 885 0 45328535 39.370028
-Trial 886 0 45328535 39.478768
-Trial 887 0 45328535 39.506061
* 888: Cost = 0_45299569, Time = 37.00 sec. 
-Trial 888 0 45299569 39.519782
-Trial 889 0 45299569 39.574550
-Trial 890 0 45299569 39.605278
-Trial 891 0 45299569 39.718421
-Trial 892 0 45299569 39.752883
-Trial 893 0 45299569 39.863099
-Trial 894 0 45299569 39.870820
-Trial 895 0 45299569 39.905052
-Trial 896 0 45299569 39.908120
-Trial 897 0 45299569 39.941905
-Trial 898 0 45299569 39.984007
-Trial 899 0 45299569 40.035276
-Trial 900 0 45299569 40.053632
-Trial 901 0 45299569 40.087386
-Trial 902 0 45299569 40.124807
-Trial 903 0 45299569 40.135630
-Trial 904 0 45299569 40.140680
-Trial 905 0 45299569 40.145774
-Trial 906 0 45299569 40.192424
-Trial 907 0 45299569 40.211386
-Trial 908 0 45299569 40.217461
-Trial 909 0 45299569 40.249446
-Trial 910 0 45299569 40.263008
-Trial 911 0 45299569 40.434992
-Trial 912 0 45299569 40.435481
-Trial 913 0 45299569 40.443697
-Trial 914 0 45299569 40.547613
-Trial 915 0 45299569 40.637190
-Trial 916 0 45299569 40.690451
-Trial 917 0 45299569 40.726029
-Trial 918 0 45299569 40.734793
-Trial 919 0 45299569 40.746910
* 920: Cost = 0_45292710, Time = 38.24 sec. 
-Trial 920 0 45292710 40.764770
-Trial 921 0 45292710 40.820499
-Trial 922 0 45292710 40.827351
-Trial 923 0 45292710 40.829589
-Trial 924 0 45292710 40.834224
-Trial 925 0 45292710 40.836253
-Trial 926 0 45292710 40.846997
-Trial 927 0 45292710 40.887765
-Trial 928 0 45292710 40.949904
-Trial 929 0 45292710 40.972073
-Trial 930 0 45292710 41.004260
-Trial 931 0 45292710 41.037866
-Trial 932 0 45292710 41.038647
* 933: Cost = 0_45254455, Time = 38.54 sec. 
-Trial 933 0 45254455 41.065230
-Trial 934 0 45254455 41.100708
-Trial 935 0 45254455 41.184902
-Trial 936 0 45254455 41.220327
-Trial 937 0 45254455 41.244034
-Trial 938 0 45254455 41.250991
-Trial 939 0 45254455 41.265067
-Trial 940 0 45254455 41.295296
-Trial 941 0 45254455 41.296370
-Trial 942 0 45254455 41.324093
-Trial 943 0 45254455 41.412070
-Trial 944 0 45254455 41.430021
-Trial 945 0 45254455 41.439596
-Trial 946 0 45254455 41.450711
-Trial 947 0 45254455 41.453662
-Trial 948 0 45254455 41.520723
-Trial 949 0 45254455 41.536437
-Trial 950 0 45254455 41.564915
-Trial 951 0 45254455 41.584748
-Trial 952 0 45254455 41.591134
-Trial 953 0 45254455 41.642711
-Trial 954 0 45254455 41.644670
-Trial 955 0 45254455 41.656958
-Trial 956 0 45254455 41.666299
-Trial 957 0 45254455 41.673090
-Trial 958 0 45254455 41.711964
-Trial 959 0 45254455 41.719199
-Trial 960 0 45254455 41.733389
-Trial 961 0 45254455 41.751732
-Trial 962 0 45254455 41.828923
-Trial 963 0 45254455 41.849270
-Trial 964 0 45254455 41.901724
-Trial 965 0 45254455 41.941658
-Trial 966 0 45254455 42.266956
-Trial 967 0 45254455 42.276710
-Trial 968 0 45254455 42.357300
-Trial 969 0 45254455 42.366083
-Trial 970 0 45254455 42.370236
-Trial 971 0 45254455 42.438600
-Trial 972 0 45254455 42.445336
-Trial 973 0 45254455 42.453465
-Trial 974 0 45254455 42.497689
-Trial 975 0 45254455 42.542468
-Trial 976 0 45254455 42.597248
-Trial 977 0 45254455 42.631508
-Trial 978 0 45254455 42.678506
-Trial 979 0 45254455 42.687807
-Trial 980 0 45254455 42.695870
-Trial 981 0 45254455 42.708561
-Trial 982 0 45254455 42.716968
-Trial 983 0 45254455 42.739804
-Trial 984 0 45254455 42.822288
-Trial 985 0 45254455 42.827844
-Trial 986 0 45254455 42.911291
-Trial 987 0 45254455 42.997656
-Trial 988 0 45254455 43.057062
-Trial 989 0 45254455 43.065522
-Trial 990 0 45254455 43.066506
-Trial 991 0 45254455 43.104710
-Trial 992 0 45254455 43.153824
-Trial 993 0 45254455 43.165429
-Trial 994 0 45254455 43.183254
-Trial 995 0 45254455 43.260605
-Trial 996 0 45254455 43.268603
-Trial 997 0 45254455 43.274878
-Trial 998 0 45254455 43.276628
-Trial 999 0 45254455 43.329634
-Trial 1000 0 45254455 43.344480
Population:
  1: 0_45254455
Run 1: Cost = 0_45254455, Time = 40.82 sec. 

Successes/Runs = 0/1 
Cost.min = 45254455, Cost.avg = 45254455.00, Cost.max = 45254455
Gap.min = 0.0000%, Gap.avg = 0.0000%, Gap.max = 0.0000%
Penalty.min = 0, Penalty.avg = 0.00, Penalty.max = 0
Trials.min = 1000, Trials.avg = 1000.0, Trials.max = 1000
Time.min = 40.82 sec., Time.avg = 40.82 sec., Time.max = 40.82 sec.
Time.total = 43.35 sec.
  Size.min = 9, Size.max = 38, Penalty = 0
  Cost.min = 614957, Cost.max = 3643587, Cost.sum = 45254455
Best CVRPTW solution:
  Cost = 0_45254455
1 73 141 475 167 321 175 130 314 424 342 457 213 365 265 55 125 451 211 153 455 416 171 300 504 207 14 478 193 307 418 128 66 118 442 149 406 111 489 324 119 450 214 311 410 53 257 203 254 95 368 485 103 225 486 430 392 272 345 509 25 165 52 437 388 13 285 182 277 11 162 113 273 440 62 429 362 77 63 10 519 414 350 464 471 156 454 115 61 494 237 47 260 328 212 189 74 129 503 190 105 349 154 168 336 268 293 286 19 236 210 4 85 383 164 466 367 235 445 477 507 395 131 44 222 292 247 353 498 181 427 480 344 69 174 448 114 492 384 275 170 23 387 109 150 231 22 380 245 417 318 43 48 215 441 341 120 169 91 506 78 15 173 496 459 352 127 302 72 422 93 234 488 432 280 2 391 502 256 132 89 238 329 343 90 278 405 183 403 262 339 230 191 144 468 446 327 202 6 98 408 112 512 355 467 497 217 271 87 443 358 449 315 155 243 83 310 267 33 420 179 294 240 361 436 104 38 3 515 298 500 291 301 160 374 223 250 152 372 76 493 8 382 29 425 88 378 110 426 121 274 159 64 124 385 366 312 501 511 219 163 226 148 322 42 17 133 295 331 326 323 35 220 484 97 151 399 46 200 134 379 166 409 400 309 518 60 54 348 36 142 258 9 289 79 255 252 282 135 313 196 276 106 482 216 172 364 346 34 402 473 483 218 20 487 281 357 393 465 356 520 299 460 434 50 415 249 261 176 194 81 474 338 65 157 266 58 404 75 94 396 413 435 16 161 517 70 330 390 241 180 67 177 101 59 340 147 233 68 490 227 444 370 386 320 259 376 264 371 263 279 201 187 363 229 516 185 12 337 332 158 199 447 107 354 178 145 398 209 319 248 411 513 251 288 290 335 18 92 40 228 270 56 80 433 412 325 453 82 188 456 86 139 269 126 359 481 206 49 239 461 244 224 27 184 421 505 407 476 431 195 287 143 24 108 472 242 283 123 146 284 204 305 232 102 71 351 136 438 186 334 37 308 96 306 137 116 41 5 458 30 360 419 117 508 452 463 304 401 470 26 140 377 428 510 122 375 21 317 192 39 303 205 347 373 479 296 394 197 381 57 491 514 333 389 397 297 469 246 316 423 31 221 499 208 100 51 253 198 45 495 138 32 7 439 369 462 99 84 28 1 
