PARAMETER_FILE = result/cvrptw_500/LKH_para/160.para
Reading PROBLEM_FILE: "result/cvrptw_500/cvrptw/160.cvrptw" ... done
ASCENT_CANDIDATES = 50
BACKBONE_TRIALS = 0
BACKTRACKING = NO
# BWTSP =
# CANDIDATE_FILE =
CANDIDATE_SET_TYPE = ALPHA
DEPOT = 1
# EDGE_FILE =
EXCESS = 0.0384615
EXTERNAL_SALESMEN = 0
EXTRA_CANDIDATES = 0 
EXTRA_CANDIDATE_SET_TYPE = QUADRANT
GAIN23 = NO
GAIN_CRITERION = YES
INITIAL_PERIOD = 520
INITIAL_STEP_SIZE = 1
INITIAL_TOUR_ALGORITHM = WALK
# INITIAL_TOUR_FILE = 
INITIAL_TOUR_FRACTION = 1.000
# INPUT_TOUR_FILE = 
KICK_TYPE = 4
KICKS = 1
# MAX_BREADTH =
MAKESPAN = NO
MAX_CANDIDATES = 5 
MAX_SWAPS = 0
MAX_TRIALS = 1000
# MERGE_TOUR_FILE =
MOVE_TYPE = 5 SPECIAL
MTSP_MIN_SIZE = 1
MTSP_MAX_SIZE = 1039
# MTSP_SOLUTION_FILE = 
# NONSEQUENTIAL_MOVE_TYPE = 5
# OPTIMUM =
# OUTPUT_TOUR_FILE = 
PATCHING_A = 1 
PATCHING_C = 0 
# PI_FILE = 
POPMUSIC_INITIAL_TOUR = NO
POPMUSIC_MAX_NEIGHBORS = 5
POPMUSIC_SAMPLE_SIZE = 10
POPMUSIC_SOLUTIONS = 50
POPMUSIC_TRIALS = 1
POPULATION_SIZE = 10
PRECISION = 100
PROBLEM_FILE = result/cvrptw_500/cvrptw/160.cvrptw
RECOMBINATION = IPT
RESTRICTED_SEARCH = YES
RUNS = 1
SALESMEN = 20
SCALE = 1
SEED = 1234
# SINTEF_SOLUTION_FILE = 
STOP_AT_OPTIMUM = YES
SUBGRADIENT = YES
# SUBPROBLEM_SIZE =
# SUBPROBLEM_TOUR_FILE = 
SUBSEQUENT_MOVE_TYPE = 5 SPECIAL
SUBSEQUENT_PATCHING = YES
# TIME_LIMIT =
# TOUR_FILE = 
TRACE_LEVEL = 1
VEHICLES = 20

Lower bound = 26040357.5, Ascent time = 2.53 sec.
Cand.min = 5, Cand.avg = 5.0, Cand.max = 5
Edges.fixed = 520 [Cost = 0]
Preprocessing time = 2.61 sec.
* 1: Cost = 366265_50522537, Time = 3.14 sec. 
-Trial 1 366265 50522537 5.761722
-Trial 2 366265 50522537 5.897026
* 3: Cost = 366265_49798142, Time = 3.47 sec. 
-Trial 3 366265 49798142 6.092385
-Trial 4 366265 49798142 6.184740
-Trial 5 366265 49798142 6.257180
* 6: Cost = 366265_49113388, Time = 3.70 sec. 
-Trial 6 366265 49113388 6.319134
* 7: Cost = 366265_48719204, Time = 3.76 sec. 
-Trial 7 366265 48719204 6.382098
-Trial 8 366265 48719204 6.571850
-Trial 9 366265 48719204 6.716303
-Trial 10 366265 48719204 6.737679
* 11: Cost = 366265_48312319, Time = 4.14 sec. 
-Trial 11 366265 48312319 6.762994
* 12: Cost = 366265_48206954, Time = 4.27 sec. 
-Trial 12 366265 48206954 6.886176
* 13: Cost = 366265_47889739, Time = 4.29 sec. 
-Trial 13 366265 47889739 6.914049
-Trial 14 366265 47889739 6.985349
* 15: Cost = 366265_47520804, Time = 4.45 sec. 
-Trial 15 366265 47520804 7.074485
-Trial 16 366265 47520804 7.111586
* 17: Cost = 366265_47460797, Time = 4.53 sec. 
-Trial 17 366265 47460797 7.153322
-Trial 18 366265 47460797 7.196411
-Trial 19 366265 47460797 7.230087
-Trial 20 366265 47460797 7.275024
-Trial 21 366265 47460797 7.290939
* 22: Cost = 366265_47385213, Time = 4.73 sec. 
-Trial 22 366265 47385213 7.346630
* 23: Cost = 366265_47335126, Time = 4.76 sec. 
-Trial 23 366265 47335126 7.380229
-Trial 24 366265 47335126 7.514596
* 25: Cost = 366265_47228636, Time = 4.92 sec. 
-Trial 25 366265 47228636 7.544151
* 26: Cost = 366265_46979370, Time = 4.99 sec. 
-Trial 26 366265 46979370 7.608121
* 27: Cost = 366265_46855370, Time = 5.02 sec. 
-Trial 27 366265 46855370 7.640424
-Trial 28 366265 46855370 7.820564
-Trial 29 366265 46855370 7.854240
-Trial 30 366265 46855370 7.883745
-Trial 31 366265 46855370 7.957335
-Trial 32 366265 46855370 8.028744
-Trial 33 366265 46855370 8.083532
* 34: Cost = 366265_46323005, Time = 5.57 sec. 
-Trial 34 366265 46323005 8.186858
* 35: Cost = 366265_46251615, Time = 5.61 sec. 
-Trial 35 366265 46251615 8.229108
-Trial 36 366265 46251615 8.268350
-Trial 37 366265 46251615 8.330455
-Trial 38 366265 46251615 8.402364
-Trial 39 366265 46251615 8.415942
* 40: Cost = 366265_46196775, Time = 5.80 sec. 
-Trial 40 366265 46196775 8.421364
* 41: Cost = 366265_46142114, Time = 5.84 sec. 
-Trial 41 366265 46142114 8.464200
-Trial 42 366265 46142114 8.502366
-Trial 43 366265 46142114 8.547692
-Trial 44 366265 46142114 8.597149
-Trial 45 366265 46142114 8.662296
-Trial 46 366265 46142114 8.662771
-Trial 47 366265 46142114 8.722579
-Trial 48 366265 46142114 8.759705
-Trial 49 366265 46142114 8.792149
* 50: Cost = 366265_46097634, Time = 6.26 sec. 
-Trial 50 366265 46097634 8.877654
* 51: Cost = 366265_45962837, Time = 6.29 sec. 
-Trial 51 366265 45962837 8.914511
-Trial 52 366265 45962837 8.961481
* 53: Cost = 366265_45913948, Time = 6.37 sec. 
-Trial 53 366265 45913948 8.992552
* 54: Cost = 366265_45744760, Time = 6.39 sec. 
-Trial 54 366265 45744760 9.011347
-Trial 55 366265 45744760 9.104019
-Trial 56 366265 45744760 9.147961
-Trial 57 366265 45744760 9.248704
-Trial 58 366265 45744760 9.267661
-Trial 59 366265 45744760 9.538071
-Trial 60 366265 45744760 9.572322
* 61: Cost = 366265_45656318, Time = 7.08 sec. 
-Trial 61 366265 45656318 9.698848
-Trial 62 366265 45656318 9.789146
-Trial 63 366265 45656318 9.929523
* 64: Cost = 366265_45627708, Time = 7.36 sec. 
-Trial 64 366265 45627708 9.980273
-Trial 65 366265 45627708 10.020544
-Trial 66 366265 45627708 10.130481
-Trial 67 366265 45627708 10.170967
* 68: Cost = 366265_45327058, Time = 7.64 sec. 
-Trial 68 366265 45327058 10.257965
-Trial 69 366265 45327058 10.289364
-Trial 70 366265 45327058 10.382302
-Trial 71 366265 45327058 10.469158
-Trial 72 366265 45327058 10.489643
-Trial 73 366265 45327058 10.549849
* 74: Cost = 366265_45309593, Time = 7.99 sec. 
-Trial 74 366265 45309593 10.611243
-Trial 75 366265 45309593 10.656130
* 76: Cost = 28219_45759322, Time = 8.09 sec. 
-Trial 76 28219 45759322 10.715123
* 77: Cost = 28219_45659587, Time = 8.14 sec. 
-Trial 77 28219 45659587 10.763551
-Trial 78 28219 45659587 10.817284
-Trial 79 28219 45659587 10.843249
-Trial 80 28219 45659587 10.851707
* 81: Cost = 28219_45549659, Time = 8.28 sec. 
-Trial 81 28219 45549659 10.897731
-Trial 82 28219 45549659 10.916432
-Trial 83 28219 45549659 10.967052
-Trial 84 28219 45549659 10.990137
* 85: Cost = 28219_45362472, Time = 8.42 sec. 
-Trial 85 28219 45362472 11.041935
* 86: Cost = 0_45027049, Time = 8.47 sec. 
-Trial 86 0 45027049 11.090672
-Trial 87 0 45027049 11.091886
-Trial 88 0 45027049 11.119173
-Trial 89 0 45027049 11.250795
-Trial 90 0 45027049 11.457040
-Trial 91 0 45027049 11.480582
* 92: Cost = 0_44973953, Time = 8.99 sec. 
-Trial 92 0 44973953 11.607877
-Trial 93 0 44973953 11.608375
-Trial 94 0 44973953 11.613231
* 95: Cost = 0_44813544, Time = 9.00 sec. 
-Trial 95 0 44813544 11.618932
-Trial 96 0 44813544 11.705792
* 97: Cost = 0_44812552, Time = 9.24 sec. 
-Trial 97 0 44812552 11.865375
-Trial 98 0 44812552 11.872701
* 99: Cost = 0_44784296, Time = 9.28 sec. 
-Trial 99 0 44784296 11.897592
-Trial 100 0 44784296 11.906986
-Trial 101 0 44784296 11.942529
* 102: Cost = 0_44757212, Time = 9.33 sec. 
-Trial 102 0 44757212 11.946310
* 103: Cost = 0_44455154, Time = 9.33 sec. 
-Trial 103 0 44455154 11.953401
* 104: Cost = 0_44438316, Time = 9.35 sec. 
-Trial 104 0 44438316 11.965914
-Trial 105 0 44438316 11.978491
* 106: Cost = 0_44357316, Time = 9.38 sec. 
-Trial 106 0 44357316 12.003699
-Trial 107 0 44357316 12.041957
-Trial 108 0 44357316 12.065342
-Trial 109 0 44357316 12.066052
-Trial 110 0 44357316 12.075356
-Trial 111 0 44357316 12.089058
-Trial 112 0 44357316 12.103938
-Trial 113 0 44357316 12.104351
-Trial 114 0 44357316 12.137592
-Trial 115 0 44357316 12.161007
-Trial 116 0 44357316 12.185592
-Trial 117 0 44357316 12.192658
-Trial 118 0 44357316 12.226268
-Trial 119 0 44357316 12.265141
* 120: Cost = 0_44356909, Time = 9.67 sec. 
-Trial 120 0 44356909 12.287284
-Trial 121 0 44356909 12.311039
-Trial 122 0 44356909 12.315151
-Trial 123 0 44356909 12.351307
-Trial 124 0 44356909 12.368637
* 125: Cost = 0_44296736, Time = 9.79 sec. 
-Trial 125 0 44296736 12.410000
-Trial 126 0 44296736 12.433257
-Trial 127 0 44296736 12.455947
-Trial 128 0 44296736 12.462270
* 129: Cost = 0_44202068, Time = 10.01 sec. 
-Trial 129 0 44202068 12.632960
-Trial 130 0 44202068 12.660455
-Trial 131 0 44202068 12.674421
-Trial 132 0 44202068 12.681004
-Trial 133 0 44202068 12.694430
-Trial 134 0 44202068 12.707927
-Trial 135 0 44202068 12.724876
-Trial 136 0 44202068 12.728779
-Trial 137 0 44202068 12.755485
* 138: Cost = 0_44128459, Time = 10.14 sec. 
-Trial 138 0 44128459 12.764884
-Trial 139 0 44128459 12.785481
-Trial 140 0 44128459 12.801825
-Trial 141 0 44128459 12.820569
* 142: Cost = 0_44056970, Time = 10.22 sec. 
-Trial 142 0 44056970 12.837324
-Trial 143 0 44056970 12.843392
-Trial 144 0 44056970 12.868551
* 145: Cost = 0_44010121, Time = 10.25 sec. 
-Trial 145 0 44010121 12.872397
-Trial 146 0 44010121 12.966085
-Trial 147 0 44010121 12.990918
-Trial 148 0 44010121 13.002102
-Trial 149 0 44010121 13.137866
-Trial 150 0 44010121 13.139218
-Trial 151 0 44010121 13.140434
-Trial 152 0 44010121 13.148160
-Trial 153 0 44010121 13.158860
* 154: Cost = 0_43961081, Time = 10.61 sec. 
-Trial 154 0 43961081 13.230289
-Trial 155 0 43961081 13.246363
-Trial 156 0 43961081 13.260581
-Trial 157 0 43961081 13.276451
-Trial 158 0 43961081 13.279418
* 159: Cost = 0_43822717, Time = 10.70 sec. 
-Trial 159 0 43822717 13.315879
-Trial 160 0 43822717 13.344724
* 161: Cost = 0_43799389, Time = 10.74 sec. 
-Trial 161 0 43799389 13.357592
-Trial 162 0 43799389 13.407409
-Trial 163 0 43799389 13.419425
* 164: Cost = 0_43676406, Time = 10.93 sec. 
-Trial 164 0 43676406 13.555647
-Trial 165 0 43676406 13.566860
* 166: Cost = 0_43239189, Time = 11.02 sec. 
-Trial 166 0 43239189 13.642428
* 167: Cost = 0_43150070, Time = 11.03 sec. 
-Trial 167 0 43150070 13.655471
-Trial 168 0 43150070 13.667494
* 169: Cost = 0_43097454, Time = 11.09 sec. 
-Trial 169 0 43097454 13.712924
-Trial 170 0 43097454 13.783132
-Trial 171 0 43097454 13.822660
* 172: Cost = 0_42955327, Time = 11.40 sec. 
-Trial 172 0 42955327 14.020325
* 173: Cost = 0_42928203, Time = 11.45 sec. 
-Trial 173 0 42928203 14.071114
-Trial 174 0 42928203 14.075653
-Trial 175 0 42928203 14.116531
-Trial 176 0 42928203 14.139727
* 177: Cost = 0_42898564, Time = 11.58 sec. 
-Trial 177 0 42898564 14.197160
* 178: Cost = 0_42746920, Time = 11.60 sec. 
-Trial 178 0 42746920 14.217371
* 179: Cost = 0_42712591, Time = 11.62 sec. 
-Trial 179 0 42712591 14.242730
-Trial 180 0 42712591 14.296773
-Trial 181 0 42712591 14.309714
-Trial 182 0 42712591 14.434624
-Trial 183 0 42712591 14.443656
-Trial 184 0 42712591 14.505266
-Trial 185 0 42712591 14.524216
-Trial 186 0 42712591 14.535100
-Trial 187 0 42712591 14.555498
* 188: Cost = 0_42667229, Time = 12.00 sec. 
-Trial 188 0 42667229 14.623786
* 189: Cost = 0_42661849, Time = 12.04 sec. 
-Trial 189 0 42661849 14.665675
-Trial 190 0 42661849 14.670468
-Trial 191 0 42661849 14.673350
-Trial 192 0 42661849 14.700498
-Trial 193 0 42661849 14.705427
-Trial 194 0 42661849 14.749157
-Trial 195 0 42661849 14.752536
-Trial 196 0 42661849 14.764572
-Trial 197 0 42661849 14.798810
-Trial 198 0 42661849 14.800664
-Trial 199 0 42661849 14.822827
-Trial 200 0 42661849 14.840431
-Trial 201 0 42661849 14.845791
-Trial 202 0 42661849 14.891940
-Trial 203 0 42661849 14.906462
* 204: Cost = 0_42639480, Time = 12.30 sec. 
-Trial 204 0 42639480 14.916352
-Trial 205 0 42639480 14.935244
-Trial 206 0 42639480 14.942933
-Trial 207 0 42639480 14.963427
-Trial 208 0 42639480 15.015865
* 209: Cost = 0_42602139, Time = 12.41 sec. 
-Trial 209 0 42602139 15.030160
-Trial 210 0 42602139 15.041243
-Trial 211 0 42602139 15.049536
-Trial 212 0 42602139 15.090798
-Trial 213 0 42602139 15.116836
-Trial 214 0 42602139 15.117766
-Trial 215 0 42602139 15.173103
-Trial 216 0 42602139 15.192409
-Trial 217 0 42602139 15.229358
-Trial 218 0 42602139 15.241648
-Trial 219 0 42602139 15.257205
-Trial 220 0 42602139 15.270213
-Trial 221 0 42602139 15.274104
-Trial 222 0 42602139 15.381956
* 223: Cost = 0_42590673, Time = 12.77 sec. 
-Trial 223 0 42590673 15.393709
-Trial 224 0 42590673 15.418988
-Trial 225 0 42590673 15.449256
* 226: Cost = 0_42527543, Time = 12.84 sec. 
-Trial 226 0 42527543 15.459422
-Trial 227 0 42527543 15.475189
-Trial 228 0 42527543 15.504958
-Trial 229 0 42527543 15.511512
-Trial 230 0 42527543 15.545339
-Trial 231 0 42527543 15.549234
* 232: Cost = 0_42425615, Time = 12.94 sec. 
-Trial 232 0 42425615 15.560723
-Trial 233 0 42425615 15.604822
* 234: Cost = 0_42369480, Time = 12.99 sec. 
-Trial 234 0 42369480 15.610845
-Trial 235 0 42369480 15.619308
-Trial 236 0 42369480 15.760043
-Trial 237 0 42369480 15.793570
* 238: Cost = 0_42332452, Time = 13.19 sec. 
-Trial 238 0 42332452 15.810974
-Trial 239 0 42332452 15.818185
-Trial 240 0 42332452 15.825868
-Trial 241 0 42332452 15.837675
-Trial 242 0 42332452 15.847011
-Trial 243 0 42332452 15.870956
-Trial 244 0 42332452 15.893882
-Trial 245 0 42332452 15.911440
-Trial 246 0 42332452 16.015644
-Trial 247 0 42332452 16.048914
-Trial 248 0 42332452 16.134092
-Trial 249 0 42332452 16.175957
-Trial 250 0 42332452 16.208144
* 251: Cost = 0_42236968, Time = 13.62 sec. 
-Trial 251 0 42236968 16.243537
-Trial 252 0 42236968 16.264098
-Trial 253 0 42236968 16.313084
-Trial 254 0 42236968 16.318278
* 255: Cost = 0_42182887, Time = 13.72 sec. 
-Trial 255 0 42182887 16.338331
-Trial 256 0 42182887 16.348538
* 257: Cost = 0_42056265, Time = 13.79 sec. 
-Trial 257 0 42056265 16.413724
-Trial 258 0 42056265 16.423270
-Trial 259 0 42056265 16.437796
-Trial 260 0 42056265 16.507702
* 261: Cost = 0_42029948, Time = 13.90 sec. 
-Trial 261 0 42029948 16.517750
-Trial 262 0 42029948 16.536271
-Trial 263 0 42029948 16.542963
-Trial 264 0 42029948 16.646314
* 265: Cost = 0_42016126, Time = 14.10 sec. 
-Trial 265 0 42016126 16.723033
-Trial 266 0 42016126 16.744144
-Trial 267 0 42016126 16.755937
-Trial 268 0 42016126 16.760758
-Trial 269 0 42016126 16.762446
-Trial 270 0 42016126 16.790038
-Trial 271 0 42016126 16.804427
-Trial 272 0 42016126 16.814038
-Trial 273 0 42016126 16.963352
* 274: Cost = 0_41870742, Time = 14.36 sec. 
-Trial 274 0 41870742 16.980724
-Trial 275 0 41870742 17.103641
-Trial 276 0 41870742 17.121744
-Trial 277 0 41870742 17.172346
-Trial 278 0 41870742 17.178517
-Trial 279 0 41870742 17.190063
* 280: Cost = 0_41839607, Time = 14.58 sec. 
-Trial 280 0 41839607 17.202201
-Trial 281 0 41839607 17.254182
-Trial 282 0 41839607 17.274206
-Trial 283 0 41839607 17.292720
-Trial 284 0 41839607 17.304299
-Trial 285 0 41839607 17.312894
-Trial 286 0 41839607 17.316877
* 287: Cost = 0_41744981, Time = 14.73 sec. 
-Trial 287 0 41744981 17.351576
-Trial 288 0 41744981 17.355036
-Trial 289 0 41744981 17.361968
-Trial 290 0 41744981 17.380766
-Trial 291 0 41744981 17.420447
-Trial 292 0 41744981 17.457516
-Trial 293 0 41744981 17.514534
-Trial 294 0 41744981 17.544148
-Trial 295 0 41744981 17.567206
* 296: Cost = 0_41639867, Time = 14.97 sec. 
-Trial 296 0 41639867 17.595025
-Trial 297 0 41639867 17.650947
-Trial 298 0 41639867 17.656134
-Trial 299 0 41639867 17.698240
-Trial 300 0 41639867 17.700835
-Trial 301 0 41639867 17.712760
* 302: Cost = 0_41629679, Time = 15.10 sec. 
-Trial 302 0 41629679 17.725672
-Trial 303 0 41629679 17.758693
-Trial 304 0 41629679 17.767243
-Trial 305 0 41629679 17.784536
-Trial 306 0 41629679 17.798285
-Trial 307 0 41629679 17.837806
-Trial 308 0 41629679 17.864369
-Trial 309 0 41629679 17.885124
* 310: Cost = 0_41528594, Time = 15.32 sec. 
-Trial 310 0 41528594 17.936383
* 311: Cost = 0_41463452, Time = 15.33 sec. 
-Trial 311 0 41463452 17.946286
-Trial 312 0 41463452 17.966450
-Trial 313 0 41463452 17.985513
-Trial 314 0 41463452 17.997934
-Trial 315 0 41463452 18.072565
-Trial 316 0 41463452 18.113135
-Trial 317 0 41463452 18.119888
-Trial 318 0 41463452 18.153479
-Trial 319 0 41463452 18.205577
-Trial 320 0 41463452 18.240309
-Trial 321 0 41463452 18.256402
-Trial 322 0 41463452 18.297271
-Trial 323 0 41463452 18.307788
-Trial 324 0 41463452 18.310825
-Trial 325 0 41463452 18.330184
-Trial 326 0 41463452 18.397253
-Trial 327 0 41463452 18.438554
* 328: Cost = 0_41435110, Time = 15.83 sec. 
-Trial 328 0 41435110 18.452368
-Trial 329 0 41435110 18.454590
-Trial 330 0 41435110 18.462935
-Trial 331 0 41435110 18.563475
-Trial 332 0 41435110 18.566041
-Trial 333 0 41435110 18.576315
-Trial 334 0 41435110 18.580886
-Trial 335 0 41435110 18.587102
-Trial 336 0 41435110 18.587564
-Trial 337 0 41435110 18.606458
-Trial 338 0 41435110 18.635339
-Trial 339 0 41435110 18.643255
-Trial 340 0 41435110 18.652578
-Trial 341 0 41435110 18.657280
-Trial 342 0 41435110 18.666886
-Trial 343 0 41435110 18.681187
-Trial 344 0 41435110 18.693074
-Trial 345 0 41435110 18.727316
-Trial 346 0 41435110 18.753022
-Trial 347 0 41435110 18.761327
-Trial 348 0 41435110 18.762323
-Trial 349 0 41435110 18.803730
-Trial 350 0 41435110 18.980851
-Trial 351 0 41435110 19.021139
* 352: Cost = 0_41432528, Time = 16.40 sec. 
-Trial 352 0 41432528 19.024770
-Trial 353 0 41432528 19.045094
-Trial 354 0 41432528 19.060207
-Trial 355 0 41432528 19.074922
-Trial 356 0 41432528 19.104153
-Trial 357 0 41432528 19.110510
-Trial 358 0 41432528 19.123011
-Trial 359 0 41432528 19.129668
-Trial 360 0 41432528 19.148553
-Trial 361 0 41432528 19.178979
* 362: Cost = 0_41423332, Time = 16.57 sec. 
-Trial 362 0 41423332 19.187477
-Trial 363 0 41423332 19.204453
-Trial 364 0 41423332 19.251147
-Trial 365 0 41423332 19.263163
-Trial 366 0 41423332 19.275265
* 367: Cost = 0_41414696, Time = 16.67 sec. 
-Trial 367 0 41414696 19.293172
-Trial 368 0 41414696 19.338132
-Trial 369 0 41414696 19.354159
-Trial 370 0 41414696 19.399163
-Trial 371 0 41414696 19.407778
-Trial 372 0 41414696 19.424503
-Trial 373 0 41414696 19.439135
* 374: Cost = 0_41402612, Time = 16.82 sec. 
-Trial 374 0 41402612 19.442538
* 375: Cost = 0_41396034, Time = 16.83 sec. 
-Trial 375 0 41396034 19.445742
-Trial 376 0 41396034 19.456497
* 377: Cost = 0_41388759, Time = 16.84 sec. 
-Trial 377 0 41388759 19.461437
-Trial 378 0 41388759 19.467187
-Trial 379 0 41388759 19.474885
-Trial 380 0 41388759 19.480244
-Trial 381 0 41388759 19.528594
-Trial 382 0 41388759 19.531864
-Trial 383 0 41388759 19.590848
-Trial 384 0 41388759 19.596980
-Trial 385 0 41388759 19.611232
-Trial 386 0 41388759 19.647309
-Trial 387 0 41388759 19.647804
-Trial 388 0 41388759 19.653414
-Trial 389 0 41388759 19.676667
-Trial 390 0 41388759 19.693083
-Trial 391 0 41388759 19.704819
-Trial 392 0 41388759 19.713559
* 393: Cost = 0_41388597, Time = 17.10 sec. 
-Trial 393 0 41388597 19.716621
-Trial 394 0 41388597 19.721768
-Trial 395 0 41388597 19.724481
-Trial 396 0 41388597 19.765176
-Trial 397 0 41388597 19.781236
-Trial 398 0 41388597 19.800077
-Trial 399 0 41388597 19.836105
-Trial 400 0 41388597 19.854242
-Trial 401 0 41388597 19.858100
-Trial 402 0 41388597 19.869961
-Trial 403 0 41388597 19.874319
-Trial 404 0 41388597 19.891665
-Trial 405 0 41388597 19.926132
-Trial 406 0 41388597 19.926589
-Trial 407 0 41388597 19.937142
-Trial 408 0 41388597 19.949931
-Trial 409 0 41388597 19.952435
-Trial 410 0 41388597 20.025978
-Trial 411 0 41388597 20.040930
-Trial 412 0 41388597 20.057508
-Trial 413 0 41388597 20.062678
-Trial 414 0 41388597 20.072065
-Trial 415 0 41388597 20.078596
* 416: Cost = 0_41231331, Time = 17.50 sec. 
-Trial 416 0 41231331 20.119294
-Trial 417 0 41231331 20.127536
-Trial 418 0 41231331 20.159603
-Trial 419 0 41231331 20.181639
-Trial 420 0 41231331 20.186996
-Trial 421 0 41231331 20.211060
-Trial 422 0 41231331 20.222682
-Trial 423 0 41231331 20.232564
* 424: Cost = 0_41189488, Time = 17.68 sec. 
-Trial 424 0 41189488 20.302932
-Trial 425 0 41189488 20.322003
-Trial 426 0 41189488 20.353484
-Trial 427 0 41189488 20.363894
-Trial 428 0 41189488 20.372911
-Trial 429 0 41189488 20.397669
-Trial 430 0 41189488 20.500416
-Trial 431 0 41189488 20.539294
-Trial 432 0 41189488 20.540809
-Trial 433 0 41189488 20.564314
-Trial 434 0 41189488 20.577257
-Trial 435 0 41189488 20.619403
-Trial 436 0 41189488 20.620545
* 437: Cost = 0_41186333, Time = 18.00 sec. 
-Trial 437 0 41186333 20.623013
-Trial 438 0 41186333 20.631416
-Trial 439 0 41186333 20.634837
* 440: Cost = 0_41147073, Time = 18.02 sec. 
-Trial 440 0 41147073 20.638731
-Trial 441 0 41147073 20.740071
-Trial 442 0 41147073 20.750063
-Trial 443 0 41147073 20.814840
-Trial 444 0 41147073 20.840916
-Trial 445 0 41147073 20.854268
-Trial 446 0 41147073 20.858026
-Trial 447 0 41147073 20.877293
-Trial 448 0 41147073 20.919653
-Trial 449 0 41147073 20.933545
-Trial 450 0 41147073 20.937516
-Trial 451 0 41147073 20.942170
-Trial 452 0 41147073 20.947573
-Trial 453 0 41147073 20.984708
-Trial 454 0 41147073 20.985139
-Trial 455 0 41147073 21.086699
-Trial 456 0 41147073 21.096552
-Trial 457 0 41147073 21.228133
* 458: Cost = 0_41107684, Time = 18.61 sec. 
-Trial 458 0 41107684 21.231917
-Trial 459 0 41107684 21.237516
-Trial 460 0 41107684 21.254565
-Trial 461 0 41107684 21.446777
-Trial 462 0 41107684 21.449823
-Trial 463 0 41107684 21.460418
-Trial 464 0 41107684 21.462790
-Trial 465 0 41107684 21.525933
-Trial 466 0 41107684 21.529056
-Trial 467 0 41107684 21.539411
-Trial 468 0 41107684 21.549878
-Trial 469 0 41107684 21.558307
-Trial 470 0 41107684 21.580092
-Trial 471 0 41107684 21.592804
-Trial 472 0 41107684 21.600963
-Trial 473 0 41107684 21.618056
-Trial 474 0 41107684 21.742841
-Trial 475 0 41107684 21.746993
-Trial 476 0 41107684 21.794159
-Trial 477 0 41107684 21.811515
-Trial 478 0 41107684 21.818803
-Trial 479 0 41107684 21.826218
-Trial 480 0 41107684 21.837604
-Trial 481 0 41107684 21.893630
-Trial 482 0 41107684 21.899925
-Trial 483 0 41107684 21.908114
-Trial 484 0 41107684 21.989962
-Trial 485 0 41107684 21.995723
-Trial 486 0 41107684 22.023125
-Trial 487 0 41107684 22.029443
-Trial 488 0 41107684 22.053608
-Trial 489 0 41107684 22.066610
-Trial 490 0 41107684 22.072594
-Trial 491 0 41107684 22.259654
-Trial 492 0 41107684 22.264751
-Trial 493 0 41107684 22.271579
-Trial 494 0 41107684 22.272205
-Trial 495 0 41107684 22.278382
-Trial 496 0 41107684 22.308837
-Trial 497 0 41107684 22.312951
-Trial 498 0 41107684 22.338302
-Trial 499 0 41107684 22.355663
* 500: Cost = 0_41049394, Time = 19.83 sec. 
-Trial 500 0 41049394 22.446242
-Trial 501 0 41049394 22.458019
-Trial 502 0 41049394 22.471402
* 503: Cost = 0_41034612, Time = 19.87 sec. 
-Trial 503 0 41034612 22.493762
-Trial 504 0 41034612 22.524709
-Trial 505 0 41034612 22.565124
-Trial 506 0 41034612 22.612367
-Trial 507 0 41034612 22.635675
-Trial 508 0 41034612 22.655514
* 509: Cost = 0_40909496, Time = 20.12 sec. 
-Trial 509 0 40909496 22.745600
-Trial 510 0 40909496 22.755731
-Trial 511 0 40909496 22.805804
-Trial 512 0 40909496 22.932415
-Trial 513 0 40909496 22.945768
-Trial 514 0 40909496 22.954439
-Trial 515 0 40909496 22.957069
* 516: Cost = 0_40885639, Time = 20.36 sec. 
-Trial 516 0 40885639 22.976594
-Trial 517 0 40885639 22.982445
-Trial 518 0 40885639 23.008423
-Trial 519 0 40885639 23.068829
-Trial 520 0 40885639 23.092231
* 521: Cost = 0_40883108, Time = 20.48 sec. 
-Trial 521 0 40883108 23.098285
-Trial 522 0 40883108 23.109662
-Trial 523 0 40883108 23.120157
-Trial 524 0 40883108 23.131806
-Trial 525 0 40883108 23.138804
-Trial 526 0 40883108 23.162091
-Trial 527 0 40883108 23.181049
-Trial 528 0 40883108 23.186256
-Trial 529 0 40883108 23.227408
-Trial 530 0 40883108 23.270770
-Trial 531 0 40883108 23.279502
-Trial 532 0 40883108 23.283613
-Trial 533 0 40883108 23.297073
-Trial 534 0 40883108 23.370842
-Trial 535 0 40883108 23.386397
-Trial 536 0 40883108 23.391681
-Trial 537 0 40883108 23.415105
-Trial 538 0 40883108 23.422666
-Trial 539 0 40883108 23.438756
-Trial 540 0 40883108 23.502267
-Trial 541 0 40883108 23.506124
-Trial 542 0 40883108 23.586925
-Trial 543 0 40883108 23.629754
-Trial 544 0 40883108 23.634610
-Trial 545 0 40883108 23.636992
* 546: Cost = 0_40839582, Time = 21.05 sec. 
-Trial 546 0 40839582 23.667404
-Trial 547 0 40839582 23.691737
-Trial 548 0 40839582 23.703757
-Trial 549 0 40839582 23.838387
-Trial 550 0 40839582 23.840880
-Trial 551 0 40839582 23.849376
-Trial 552 0 40839582 23.886622
-Trial 553 0 40839582 24.161313
-Trial 554 0 40839582 24.169242
-Trial 555 0 40839582 24.243910
* 556: Cost = 0_40825705, Time = 21.64 sec. 
-Trial 556 0 40825705 24.256195
-Trial 557 0 40825705 24.286902
-Trial 558 0 40825705 24.317779
-Trial 559 0 40825705 24.327085
-Trial 560 0 40825705 24.330341
* 561: Cost = 0_40815220, Time = 21.71 sec. 
-Trial 561 0 40815220 24.334642
* 562: Cost = 0_40781096, Time = 21.73 sec. 
-Trial 562 0 40781096 24.352525
-Trial 563 0 40781096 24.384271
* 564: Cost = 0_40758483, Time = 21.77 sec. 
-Trial 564 0 40758483 24.389937
-Trial 565 0 40758483 24.440209
-Trial 566 0 40758483 24.443596
-Trial 567 0 40758483 24.446028
-Trial 568 0 40758483 24.471551
-Trial 569 0 40758483 24.499667
-Trial 570 0 40758483 24.573094
-Trial 571 0 40758483 24.597592
* 572: Cost = 0_40754327, Time = 21.98 sec. 
-Trial 572 0 40754327 24.604199
-Trial 573 0 40754327 24.852198
-Trial 574 0 40754327 24.859990
-Trial 575 0 40754327 24.923149
-Trial 576 0 40754327 24.932473
-Trial 577 0 40754327 24.944499
-Trial 578 0 40754327 25.105492
-Trial 579 0 40754327 25.121005
-Trial 580 0 40754327 25.129818
-Trial 581 0 40754327 25.134255
-Trial 582 0 40754327 25.139875
-Trial 583 0 40754327 25.147197
-Trial 584 0 40754327 25.175900
* 585: Cost = 0_40744319, Time = 22.57 sec. 
-Trial 585 0 40744319 25.187908
-Trial 586 0 40744319 25.198203
-Trial 587 0 40744319 25.257134
-Trial 588 0 40744319 25.271568
-Trial 589 0 40744319 25.273680
-Trial 590 0 40744319 25.316959
-Trial 591 0 40744319 25.330215
-Trial 592 0 40744319 25.382424
-Trial 593 0 40744319 25.396156
-Trial 594 0 40744319 25.401502
-Trial 595 0 40744319 25.424254
-Trial 596 0 40744319 25.447399
-Trial 597 0 40744319 25.652677
-Trial 598 0 40744319 25.697601
-Trial 599 0 40744319 25.750787
-Trial 600 0 40744319 25.811136
-Trial 601 0 40744319 25.825075
-Trial 602 0 40744319 25.894070
-Trial 603 0 40744319 25.907442
-Trial 604 0 40744319 26.063719
-Trial 605 0 40744319 26.091802
-Trial 606 0 40744319 26.111828
-Trial 607 0 40744319 26.234315
-Trial 608 0 40744319 26.256741
-Trial 609 0 40744319 26.284495
-Trial 610 0 40744319 26.296281
-Trial 611 0 40744319 26.312576
-Trial 612 0 40744319 26.314219
* 613: Cost = 0_40725964, Time = 23.71 sec. 
-Trial 613 0 40725964 26.330067
-Trial 614 0 40725964 26.345783
-Trial 615 0 40725964 26.466958
-Trial 616 0 40725964 26.470973
-Trial 617 0 40725964 26.479344
-Trial 618 0 40725964 26.559823
-Trial 619 0 40725964 26.560350
-Trial 620 0 40725964 26.562101
-Trial 621 0 40725964 26.568347
-Trial 622 0 40725964 26.589639
-Trial 623 0 40725964 26.602389
* 624: Cost = 0_40670242, Time = 24.00 sec. 
-Trial 624 0 40670242 26.620385
-Trial 625 0 40670242 26.627394
-Trial 626 0 40670242 26.677524
-Trial 627 0 40670242 26.694287
-Trial 628 0 40670242 26.728465
* 629: Cost = 0_40642110, Time = 24.11 sec. 
-Trial 629 0 40642110 26.731403
-Trial 630 0 40642110 26.744870
-Trial 631 0 40642110 26.747397
-Trial 632 0 40642110 26.775264
-Trial 633 0 40642110 26.789397
-Trial 634 0 40642110 26.797025
-Trial 635 0 40642110 26.801005
-Trial 636 0 40642110 26.807276
-Trial 637 0 40642110 26.823284
-Trial 638 0 40642110 26.848835
-Trial 639 0 40642110 26.868709
-Trial 640 0 40642110 26.873661
-Trial 641 0 40642110 26.886944
-Trial 642 0 40642110 26.903848
-Trial 643 0 40642110 26.913354
-Trial 644 0 40642110 26.914407
-Trial 645 0 40642110 26.934065
-Trial 646 0 40642110 26.934512
-Trial 647 0 40642110 26.991497
-Trial 648 0 40642110 27.009132
-Trial 649 0 40642110 27.020226
-Trial 650 0 40642110 27.054005
-Trial 651 0 40642110 27.101792
-Trial 652 0 40642110 27.111313
-Trial 653 0 40642110 27.145963
-Trial 654 0 40642110 27.161065
-Trial 655 0 40642110 27.171807
-Trial 656 0 40642110 27.176194
-Trial 657 0 40642110 27.183587
-Trial 658 0 40642110 27.213931
-Trial 659 0 40642110 27.231081
-Trial 660 0 40642110 27.265529
-Trial 661 0 40642110 27.277087
-Trial 662 0 40642110 27.395722
-Trial 663 0 40642110 27.426926
-Trial 664 0 40642110 27.436487
-Trial 665 0 40642110 27.443093
-Trial 666 0 40642110 27.450935
-Trial 667 0 40642110 27.461947
-Trial 668 0 40642110 27.476896
-Trial 669 0 40642110 27.506684
-Trial 670 0 40642110 27.512111
-Trial 671 0 40642110 27.514484
-Trial 672 0 40642110 27.608525
-Trial 673 0 40642110 27.622097
-Trial 674 0 40642110 27.665789
-Trial 675 0 40642110 27.669499
-Trial 676 0 40642110 27.675741
* 677: Cost = 0_40590351, Time = 25.07 sec. 
-Trial 677 0 40590351 27.694825
-Trial 678 0 40590351 27.855591
-Trial 679 0 40590351 27.856693
-Trial 680 0 40590351 27.868592
-Trial 681 0 40590351 27.887101
-Trial 682 0 40590351 27.910807
-Trial 683 0 40590351 27.936161
-Trial 684 0 40590351 27.939877
-Trial 685 0 40590351 27.969728
-Trial 686 0 40590351 27.976042
-Trial 687 0 40590351 28.020816
-Trial 688 0 40590351 28.030902
-Trial 689 0 40590351 28.059316
-Trial 690 0 40590351 28.094404
-Trial 691 0 40590351 28.129544
-Trial 692 0 40590351 28.138579
-Trial 693 0 40590351 28.147946
-Trial 694 0 40590351 28.175657
-Trial 695 0 40590351 28.190785
-Trial 696 0 40590351 28.222544
-Trial 697 0 40590351 28.363239
-Trial 698 0 40590351 28.379727
-Trial 699 0 40590351 28.407090
-Trial 700 0 40590351 28.421323
-Trial 701 0 40590351 28.438361
-Trial 702 0 40590351 28.439827
-Trial 703 0 40590351 28.462785
-Trial 704 0 40590351 28.479632
-Trial 705 0 40590351 28.559357
-Trial 706 0 40590351 28.562446
-Trial 707 0 40590351 28.613201
-Trial 708 0 40590351 28.619605
-Trial 709 0 40590351 28.627914
-Trial 710 0 40590351 28.635993
-Trial 711 0 40590351 28.643609
-Trial 712 0 40590351 28.720077
-Trial 713 0 40590351 28.761690
-Trial 714 0 40590351 28.853891
-Trial 715 0 40590351 28.874568
-Trial 716 0 40590351 28.889696
-Trial 717 0 40590351 28.906791
-Trial 718 0 40590351 28.929607
-Trial 719 0 40590351 28.954705
-Trial 720 0 40590351 28.960156
-Trial 721 0 40590351 29.040129
-Trial 722 0 40590351 29.044643
-Trial 723 0 40590351 29.071048
-Trial 724 0 40590351 29.091264
-Trial 725 0 40590351 29.098575
-Trial 726 0 40590351 29.099847
-Trial 727 0 40590351 29.100280
-Trial 728 0 40590351 29.103243
-Trial 729 0 40590351 29.118253
-Trial 730 0 40590351 29.142153
-Trial 731 0 40590351 29.183818
-Trial 732 0 40590351 29.263886
-Trial 733 0 40590351 29.275392
-Trial 734 0 40590351 29.359320
-Trial 735 0 40590351 29.379757
-Trial 736 0 40590351 29.385155
-Trial 737 0 40590351 29.395550
-Trial 738 0 40590351 29.400298
-Trial 739 0 40590351 29.589877
-Trial 740 0 40590351 29.597578
-Trial 741 0 40590351 29.668312
-Trial 742 0 40590351 29.674741
-Trial 743 0 40590351 29.703455
-Trial 744 0 40590351 29.735469
-Trial 745 0 40590351 29.739047
-Trial 746 0 40590351 29.788094
-Trial 747 0 40590351 29.793538
-Trial 748 0 40590351 29.800108
-Trial 749 0 40590351 29.835869
-Trial 750 0 40590351 29.855666
-Trial 751 0 40590351 29.858748
-Trial 752 0 40590351 29.870869
-Trial 753 0 40590351 29.871352
-Trial 754 0 40590351 29.878713
-Trial 755 0 40590351 29.893915
-Trial 756 0 40590351 29.900789
-Trial 757 0 40590351 29.931537
-Trial 758 0 40590351 29.934264
-Trial 759 0 40590351 29.964295
-Trial 760 0 40590351 29.976845
-Trial 761 0 40590351 29.996257
-Trial 762 0 40590351 30.000478
-Trial 763 0 40590351 30.008174
-Trial 764 0 40590351 30.017487
-Trial 765 0 40590351 30.022469
-Trial 766 0 40590351 30.035105
-Trial 767 0 40590351 30.072248
-Trial 768 0 40590351 30.089782
-Trial 769 0 40590351 30.094741
-Trial 770 0 40590351 30.101506
-Trial 771 0 40590351 30.121888
-Trial 772 0 40590351 30.143026
-Trial 773 0 40590351 30.150978
-Trial 774 0 40590351 30.229210
-Trial 775 0 40590351 30.242251
-Trial 776 0 40590351 30.290015
-Trial 777 0 40590351 30.290369
-Trial 778 0 40590351 30.310940
-Trial 779 0 40590351 30.318571
-Trial 780 0 40590351 30.384020
-Trial 781 0 40590351 30.391564
-Trial 782 0 40590351 30.407990
-Trial 783 0 40590351 30.445159
-Trial 784 0 40590351 30.453128
-Trial 785 0 40590351 30.455301
-Trial 786 0 40590351 30.465752
-Trial 787 0 40590351 30.535038
-Trial 788 0 40590351 30.574337
-Trial 789 0 40590351 30.582920
-Trial 790 0 40590351 30.632029
-Trial 791 0 40590351 30.713561
-Trial 792 0 40590351 30.715105
-Trial 793 0 40590351 30.723198
-Trial 794 0 40590351 30.771028
-Trial 795 0 40590351 30.782647
-Trial 796 0 40590351 30.791661
-Trial 797 0 40590351 30.813122
-Trial 798 0 40590351 30.817651
-Trial 799 0 40590351 30.820781
-Trial 800 0 40590351 30.866294
-Trial 801 0 40590351 30.873036
-Trial 802 0 40590351 30.912450
-Trial 803 0 40590351 30.916108
-Trial 804 0 40590351 30.920613
-Trial 805 0 40590351 30.967674
-Trial 806 0 40590351 30.984133
-Trial 807 0 40590351 31.001881
-Trial 808 0 40590351 31.028196
-Trial 809 0 40590351 31.051686
-Trial 810 0 40590351 31.082823
-Trial 811 0 40590351 31.087606
-Trial 812 0 40590351 31.099182
-Trial 813 0 40590351 31.132719
-Trial 814 0 40590351 31.149190
-Trial 815 0 40590351 31.172276
-Trial 816 0 40590351 31.178040
-Trial 817 0 40590351 31.204052
-Trial 818 0 40590351 31.215637
-Trial 819 0 40590351 31.230758
-Trial 820 0 40590351 31.255010
-Trial 821 0 40590351 31.256353
-Trial 822 0 40590351 31.319719
-Trial 823 0 40590351 31.335890
-Trial 824 0 40590351 31.340779
-Trial 825 0 40590351 31.380816
-Trial 826 0 40590351 31.411120
-Trial 827 0 40590351 31.443132
-Trial 828 0 40590351 31.480953
-Trial 829 0 40590351 31.492986
-Trial 830 0 40590351 31.506280
-Trial 831 0 40590351 31.526899
-Trial 832 0 40590351 31.537811
-Trial 833 0 40590351 31.554360
-Trial 834 0 40590351 31.559396
-Trial 835 0 40590351 31.583947
-Trial 836 0 40590351 31.589822
-Trial 837 0 40590351 31.591925
-Trial 838 0 40590351 31.604264
-Trial 839 0 40590351 31.605739
-Trial 840 0 40590351 31.611931
-Trial 841 0 40590351 31.959961
-Trial 842 0 40590351 31.963216
-Trial 843 0 40590351 31.984573
-Trial 844 0 40590351 32.008036
-Trial 845 0 40590351 32.009142
-Trial 846 0 40590351 32.031327
-Trial 847 0 40590351 32.039924
-Trial 848 0 40590351 32.065265
-Trial 849 0 40590351 32.157484
-Trial 850 0 40590351 32.172962
-Trial 851 0 40590351 32.175067
-Trial 852 0 40590351 32.190356
-Trial 853 0 40590351 32.211864
-Trial 854 0 40590351 32.216879
-Trial 855 0 40590351 32.264599
-Trial 856 0 40590351 32.273222
-Trial 857 0 40590351 32.279121
* 858: Cost = 0_40578844, Time = 29.67 sec. 
-Trial 858 0 40578844 32.286311
-Trial 859 0 40578844 32.303382
-Trial 860 0 40578844 32.307097
-Trial 861 0 40578844 32.384826
-Trial 862 0 40578844 32.397805
-Trial 863 0 40578844 32.406451
-Trial 864 0 40578844 32.409751
-Trial 865 0 40578844 32.421654
-Trial 866 0 40578844 32.435641
-Trial 867 0 40578844 32.474903
-Trial 868 0 40578844 32.485252
-Trial 869 0 40578844 32.492017
-Trial 870 0 40578844 32.514370
-Trial 871 0 40578844 32.536802
-Trial 872 0 40578844 32.557265
-Trial 873 0 40578844 32.614593
-Trial 874 0 40578844 32.633124
-Trial 875 0 40578844 32.656419
-Trial 876 0 40578844 32.734813
-Trial 877 0 40578844 32.738120
-Trial 878 0 40578844 32.747244
-Trial 879 0 40578844 32.770373
-Trial 880 0 40578844 32.781888
* 881: Cost = 0_40564967, Time = 30.17 sec. 
-Trial 881 0 40564967 32.792015
-Trial 882 0 40564967 32.803549
-Trial 883 0 40564967 32.833002
-Trial 884 0 40564967 32.893503
-Trial 885 0 40564967 32.933957
-Trial 886 0 40564967 32.952017
-Trial 887 0 40564967 32.964271
-Trial 888 0 40564967 33.001061
-Trial 889 0 40564967 33.011974
-Trial 890 0 40564967 33.020881
-Trial 891 0 40564967 33.043699
-Trial 892 0 40564967 33.053704
-Trial 893 0 40564967 33.101488
-Trial 894 0 40564967 33.317970
-Trial 895 0 40564967 33.358085
-Trial 896 0 40564967 33.364742
-Trial 897 0 40564967 33.367855
-Trial 898 0 40564967 33.402441
-Trial 899 0 40564967 33.409116
-Trial 900 0 40564967 33.423928
-Trial 901 0 40564967 33.430848
-Trial 902 0 40564967 33.435499
-Trial 903 0 40564967 33.455024
-Trial 904 0 40564967 33.468136
-Trial 905 0 40564967 33.490451
-Trial 906 0 40564967 33.511198
-Trial 907 0 40564967 33.527311
-Trial 908 0 40564967 33.540158
-Trial 909 0 40564967 33.549702
-Trial 910 0 40564967 33.578626
-Trial 911 0 40564967 33.622672
-Trial 912 0 40564967 33.639410
-Trial 913 0 40564967 33.659159
-Trial 914 0 40564967 33.704839
-Trial 915 0 40564967 33.756150
-Trial 916 0 40564967 33.768624
-Trial 917 0 40564967 33.806278
-Trial 918 0 40564967 33.819991
-Trial 919 0 40564967 33.829658
-Trial 920 0 40564967 33.834300
-Trial 921 0 40564967 33.836843
-Trial 922 0 40564967 33.849711
-Trial 923 0 40564967 33.857639
-Trial 924 0 40564967 33.905985
-Trial 925 0 40564967 33.921093
-Trial 926 0 40564967 33.930852
-Trial 927 0 40564967 33.931456
-Trial 928 0 40564967 33.949618
-Trial 929 0 40564967 33.967091
-Trial 930 0 40564967 33.975986
-Trial 931 0 40564967 33.979338
-Trial 932 0 40564967 33.990437
-Trial 933 0 40564967 34.000442
-Trial 934 0 40564967 34.003459
-Trial 935 0 40564967 34.109958
-Trial 936 0 40564967 34.128238
-Trial 937 0 40564967 34.133656
-Trial 938 0 40564967 34.165520
-Trial 939 0 40564967 34.241927
-Trial 940 0 40564967 34.246473
-Trial 941 0 40564967 34.296807
-Trial 942 0 40564967 34.322282
-Trial 943 0 40564967 34.337247
-Trial 944 0 40564967 34.358225
-Trial 945 0 40564967 34.376134
-Trial 946 0 40564967 34.421973
-Trial 947 0 40564967 34.431694
-Trial 948 0 40564967 34.441271
-Trial 949 0 40564967 34.486496
-Trial 950 0 40564967 34.500804
-Trial 951 0 40564967 34.505615
-Trial 952 0 40564967 34.530662
-Trial 953 0 40564967 34.602096
-Trial 954 0 40564967 34.611656
-Trial 955 0 40564967 34.614997
-Trial 956 0 40564967 34.635055
-Trial 957 0 40564967 34.643969
-Trial 958 0 40564967 34.697774
-Trial 959 0 40564967 34.779219
-Trial 960 0 40564967 34.810702
-Trial 961 0 40564967 34.822616
-Trial 962 0 40564967 34.882051
-Trial 963 0 40564967 34.895798
-Trial 964 0 40564967 34.910337
-Trial 965 0 40564967 34.918264
-Trial 966 0 40564967 34.950901
-Trial 967 0 40564967 34.978611
-Trial 968 0 40564967 34.995197
-Trial 969 0 40564967 35.017851
-Trial 970 0 40564967 35.040565
-Trial 971 0 40564967 35.042082
-Trial 972 0 40564967 35.047527
-Trial 973 0 40564967 35.077391
-Trial 974 0 40564967 35.082217
-Trial 975 0 40564967 35.114639
* 976: Cost = 0_40558182, Time = 32.50 sec. 
-Trial 976 0 40558182 35.125553
-Trial 977 0 40558182 35.135261
-Trial 978 0 40558182 35.139907
-Trial 979 0 40558182 35.154585
-Trial 980 0 40558182 35.155915
-Trial 981 0 40558182 35.187101
-Trial 982 0 40558182 35.210652
-Trial 983 0 40558182 35.220796
-Trial 984 0 40558182 35.236117
-Trial 985 0 40558182 35.267622
-Trial 986 0 40558182 35.276185
-Trial 987 0 40558182 35.338338
-Trial 988 0 40558182 35.359511
-Trial 989 0 40558182 35.360934
-Trial 990 0 40558182 35.371587
-Trial 991 0 40558182 35.375414
-Trial 992 0 40558182 35.406263
-Trial 993 0 40558182 35.417858
-Trial 994 0 40558182 35.444810
-Trial 995 0 40558182 35.457724
-Trial 996 0 40558182 35.472147
-Trial 997 0 40558182 35.620995
-Trial 998 0 40558182 35.637342
-Trial 999 0 40558182 35.686890
-Trial 1000 0 40558182 35.709194
Population:
  1: 0_40558182
Run 1: Cost = 0_40558182, Time = 33.09 sec. 

Successes/Runs = 0/1 
Cost.min = 40558182, Cost.avg = 40558182.00, Cost.max = 40558182
Gap.min = 0.0000%, Gap.avg = 0.0000%, Gap.max = 0.0000%
Penalty.min = 0, Penalty.avg = 0.00, Penalty.max = 0
Trials.min = 1000, Trials.avg = 1000.0, Trials.max = 1000
Time.min = 33.09 sec., Time.avg = 33.09 sec., Time.max = 33.09 sec.
Time.total = 35.71 sec.
  Size.min = 18, Size.max = 35, Penalty = 0
  Cost.min = 1020006, Cost.max = 2810115, Cost.sum = 40558182
Best CVRPTW solution:
  Cost = 0_40558182
399 1 472 168 152 33 56 337 366 138 48 19 5 423 64 166 268 174 470 121 389 233 21 465 159 453 369 194 295 335 96 505 239 71 383 86 360 205 36 160 304 462 161 173 374 401 9 53 403 275 144 361 154 111 450 228 201 236 3 506 72 354 18 265 244 393 110 167 379 221 119 218 206 270 150 466 261 175 82 246 507 313 43 419 88 84 214 70 437 494 444 365 449 260 176 436 353 133 324 125 284 391 85 516 165 367 377 204 333 209 277 229 319 308 273 411 323 426 395 406 330 172 451 30 74 169 155 65 157 42 517 117 371 405 181 186 338 431 116 171 73 115 358 191 39 50 439 87 416 15 482 294 283 58 232 89 285 75 162 114 231 519 52 141 222 287 380 460 468 498 38 346 454 317 32 364 314 340 402 299 61 216 16 103 363 478 113 177 140 509 325 8 345 255 282 131 123 421 370 237 105 429 23 112 400 300 378 234 514 368 435 189 211 357 195 212 100 59 322 493 226 409 135 459 501 487 447 387 108 499 208 331 475 57 376 149 276 128 390 263 479 334 164 67 508 147 12 288 143 153 44 476 408 253 443 427 137 193 60 434 290 347 81 17 286 95 511 93 420 281 267 37 29 187 200 266 316 139 492 184 202 318 6 483 77 98 291 305 91 382 458 76 386 510 404 28 220 31 452 101 425 163 20 258 109 54 45 124 238 355 500 372 310 142 197 79 278 446 343 262 225 106 156 512 129 97 185 196 207 296 55 235 99 78 412 269 344 471 4 303 69 180 513 438 297 356 94 341 320 264 351 473 240 80 422 480 34 2 199 484 457 381 445 433 520 178 392 210 461 394 10 441 7 51 183 407 486 477 432 24 104 396 326 219 35 63 456 348 170 359 249 179 503 430 329 496 243 145 306 203 245 146 217 307 384 375 13 352 339 321 497 130 373 46 279 349 504 127 26 158 251 247 118 132 47 292 134 463 418 102 83 398 388 190 14 328 464 40 257 248 311 302 414 256 198 467 417 151 362 68 424 518 213 22 481 490 440 491 192 488 298 485 126 107 66 227 289 25 62 315 230 215 469 515 410 327 342 254 242 309 495 428 182 223 332 415 336 252 250 92 489 90 385 188 271 136 502 474 397 272 259 224 41 49 122 442 455 448 27 350 241 11 413 274 301 120 293 148 280 312 399 
