PARAMETER_FILE = result/cvrptw_500/LKH_para/182.para
Reading PROBLEM_FILE: "result/cvrptw_500/cvrptw/182.cvrptw" ... done
ASCENT_CANDIDATES = 50
BACKBONE_TRIALS = 0
BACKTRACKING = NO
# BWTSP =
# CANDIDATE_FILE =
CANDIDATE_SET_TYPE = ALPHA
DEPOT = 1
# EDGE_FILE =
EXCESS = 0.0384615
EXTERNAL_SALESMEN = 0
EXTRA_CANDIDATES = 0 
EXTRA_CANDIDATE_SET_TYPE = QUADRANT
GAIN23 = NO
GAIN_CRITERION = YES
INITIAL_PERIOD = 520
INITIAL_STEP_SIZE = 1
INITIAL_TOUR_ALGORITHM = WALK
# INITIAL_TOUR_FILE = 
INITIAL_TOUR_FRACTION = 1.000
# INPUT_TOUR_FILE = 
KICK_TYPE = 4
KICKS = 1
# MAX_BREADTH =
MAKESPAN = NO
MAX_CANDIDATES = 5 
MAX_SWAPS = 0
MAX_TRIALS = 1000
# MERGE_TOUR_FILE =
MOVE_TYPE = 5 SPECIAL
MTSP_MIN_SIZE = 1
MTSP_MAX_SIZE = 1039
# MTSP_SOLUTION_FILE = 
# NONSEQUENTIAL_MOVE_TYPE = 5
# OPTIMUM =
# OUTPUT_TOUR_FILE = 
PATCHING_A = 1 
PATCHING_C = 0 
# PI_FILE = 
POPMUSIC_INITIAL_TOUR = NO
POPMUSIC_MAX_NEIGHBORS = 5
POPMUSIC_SAMPLE_SIZE = 10
POPMUSIC_SOLUTIONS = 50
POPMUSIC_TRIALS = 1
POPULATION_SIZE = 10
PRECISION = 100
PROBLEM_FILE = result/cvrptw_500/cvrptw/182.cvrptw
RECOMBINATION = IPT
RESTRICTED_SEARCH = YES
RUNS = 1
SALESMEN = 20
SCALE = 1
SEED = 1234
# SINTEF_SOLUTION_FILE = 
STOP_AT_OPTIMUM = YES
SUBGRADIENT = YES
# SUBPROBLEM_SIZE =
# SUBPROBLEM_TOUR_FILE = 
SUBSEQUENT_MOVE_TYPE = 5 SPECIAL
SUBSEQUENT_PATCHING = YES
# TIME_LIMIT =
# TOUR_FILE = 
TRACE_LEVEL = 1
VEHICLES = 20

Lower bound = 24455402.0, Ascent time = 2.17 sec.
Cand.min = 5, Cand.avg = 5.0, Cand.max = 5
Edges.fixed = 520 [Cost = 0]
Preprocessing time = 2.25 sec.
* 1: Cost = 323161_57913569, Time = 3.96 sec. 
-Trial 1 323161 57913569 6.209630
* 2: Cost = 323161_57157422, Time = 4.06 sec. 
-Trial 2 323161 57157422 6.313910
* 3: Cost = 323161_57046607, Time = 4.18 sec. 
-Trial 3 323161 57046607 6.434479
* 4: Cost = 323161_56650118, Time = 4.33 sec. 
-Trial 4 323161 56650118 6.584194
* 5: Cost = 122568_56252047, Time = 4.55 sec. 
-Trial 5 122568 56252047 6.806064
-Trial 6 122568 56252047 6.889153
-Trial 7 122568 56252047 7.750572
-Trial 8 122568 56252047 7.832338
-Trial 9 122568 56252047 7.863074
-Trial 10 122568 56252047 7.950430
* 11: Cost = 122568_56083170, Time = 5.79 sec. 
-Trial 11 122568 56083170 8.038475
* 12: Cost = 122568_55848793, Time = 6.02 sec. 
-Trial 12 122568 55848793 8.271871
* 13: Cost = 122568_54172481, Time = 6.16 sec. 
-Trial 13 122568 54172481 8.410077
-Trial 14 122568 54172481 8.534459
* 15: Cost = 122568_54117585, Time = 6.31 sec. 
-Trial 15 122568 54117585 8.560238
-Trial 16 122568 54117585 8.665448
* 17: Cost = 122568_53911807, Time = 6.47 sec. 
-Trial 17 122568 53911807 8.719299
* 18: Cost = 122568_53806077, Time = 6.57 sec. 
-Trial 18 122568 53806077 8.819200
* 19: Cost = 122568_53607954, Time = 6.61 sec. 
-Trial 19 122568 53607954 8.866650
-Trial 20 122568 53607954 8.905663
* 21: Cost = 114330_53443749, Time = 6.82 sec. 
-Trial 21 114330 53443749 9.073663
* 22: Cost = 114330_53319865, Time = 6.86 sec. 
-Trial 22 114330 53319865 9.114626
-Trial 23 114330 53319865 9.269090
-Trial 24 114330 53319865 9.354232
-Trial 25 114330 53319865 9.477232
-Trial 26 114330 53319865 9.479467
-Trial 27 114330 53319865 9.634134
-Trial 28 114330 53319865 9.732656
-Trial 29 114330 53319865 9.742993
* 30: Cost = 114330_53025801, Time = 7.59 sec. 
-Trial 30 114330 53025801 9.839794
-Trial 31 114330 53025801 9.988380
* 32: Cost = 114330_52996261, Time = 7.85 sec. 
-Trial 32 114330 52996261 10.103644
* 33: Cost = 114330_52451123, Time = 7.91 sec. 
-Trial 33 114330 52451123 10.159435
-Trial 34 114330 52451123 10.184768
* 35: Cost = 114330_52252042, Time = 7.98 sec. 
-Trial 35 114330 52252042 10.228060
* 36: Cost = 114330_52069992, Time = 8.05 sec. 
-Trial 36 114330 52069992 10.305531
-Trial 37 114330 52069992 10.333475
* 38: Cost = 114330_52064792, Time = 8.11 sec. 
-Trial 38 114330 52064792 10.363521
-Trial 39 114330 52064792 10.419236
* 40: Cost = 114330_51895124, Time = 8.22 sec. 
-Trial 40 114330 51895124 10.472677
* 41: Cost = 114330_51323503, Time = 8.30 sec. 
-Trial 41 114330 51323503 10.555937
-Trial 42 114330 51323503 10.578138
-Trial 43 114330 51323503 10.647548
-Trial 44 114330 51323503 10.844920
* 45: Cost = 114330_51142087, Time = 8.61 sec. 
-Trial 45 114330 51142087 10.862442
-Trial 46 114330 51142087 10.896896
-Trial 47 114330 51142087 10.919484
* 48: Cost = 114330_50141035, Time = 8.69 sec. 
-Trial 48 114330 50141035 10.943757
-Trial 49 114330 50141035 11.064410
* 50: Cost = 114330_50017045, Time = 8.92 sec. 
-Trial 50 114330 50017045 11.168282
* 51: Cost = 114330_49971832, Time = 9.00 sec. 
-Trial 51 114330 49971832 11.251937
-Trial 52 114330 49971832 11.307125
-Trial 53 114330 49971832 11.381819
* 54: Cost = 0_50308055, Time = 9.27 sec. 
-Trial 54 0 50308055 11.518517
* 55: Cost = 0_50197208, Time = 9.31 sec. 
-Trial 55 0 50197208 11.558359
-Trial 56 0 50197208 11.563013
* 57: Cost = 0_50108249, Time = 9.34 sec. 
-Trial 57 0 50108249 11.592596
* 58: Cost = 0_49720110, Time = 9.36 sec. 
-Trial 58 0 49720110 11.614035
-Trial 59 0 49720110 11.684161
-Trial 60 0 49720110 11.703753
-Trial 61 0 49720110 11.720182
-Trial 62 0 49720110 11.744705
* 63: Cost = 0_49695682, Time = 9.51 sec. 
-Trial 63 0 49695682 11.766910
* 64: Cost = 0_49547233, Time = 9.52 sec. 
-Trial 64 0 49547233 11.771482
* 65: Cost = 0_49397766, Time = 9.57 sec. 
-Trial 65 0 49397766 11.822820
-Trial 66 0 49397766 11.824037
* 67: Cost = 0_49295489, Time = 9.65 sec. 
-Trial 67 0 49295489 11.902375
-Trial 68 0 49295489 11.965939
* 69: Cost = 0_48999346, Time = 9.88 sec. 
-Trial 69 0 48999346 12.129067
-Trial 70 0 48999346 12.353461
-Trial 71 0 48999346 12.382253
-Trial 72 0 48999346 12.428079
* 73: Cost = 0_48993357, Time = 10.20 sec. 
-Trial 73 0 48993357 12.452087
-Trial 74 0 48993357 12.491683
-Trial 75 0 48993357 12.678165
-Trial 76 0 48993357 12.687703
* 77: Cost = 0_48681585, Time = 10.48 sec. 
-Trial 77 0 48681585 12.727594
* 78: Cost = 0_48383150, Time = 10.51 sec. 
-Trial 78 0 48383150 12.759219
* 79: Cost = 0_48165150, Time = 10.64 sec. 
-Trial 79 0 48165150 12.890337
* 80: Cost = 0_48013154, Time = 10.70 sec. 
-Trial 80 0 48013154 12.955539
-Trial 81 0 48013154 13.002771
-Trial 82 0 48013154 13.003265
* 83: Cost = 0_47920485, Time = 10.76 sec. 
-Trial 83 0 47920485 13.011811
* 84: Cost = 0_47833005, Time = 10.80 sec. 
-Trial 84 0 47833005 13.055318
-Trial 85 0 47833005 13.064589
-Trial 86 0 47833005 13.069148
-Trial 87 0 47833005 13.093336
-Trial 88 0 47833005 13.120826
* 89: Cost = 0_47574081, Time = 11.01 sec. 
-Trial 89 0 47574081 13.263153
-Trial 90 0 47574081 13.266145
-Trial 91 0 47574081 13.345279
* 92: Cost = 0_47525228, Time = 11.21 sec. 
-Trial 92 0 47525228 13.460509
-Trial 93 0 47525228 13.470591
-Trial 94 0 47525228 13.508163
-Trial 95 0 47525228 13.518797
-Trial 96 0 47525228 13.606341
-Trial 97 0 47525228 13.642175
* 98: Cost = 0_47436097, Time = 11.39 sec. 
-Trial 98 0 47436097 13.644258
-Trial 99 0 47436097 13.650505
* 100: Cost = 0_47431812, Time = 11.47 sec. 
-Trial 100 0 47431812 13.725411
* 101: Cost = 0_47227586, Time = 11.51 sec. 
-Trial 101 0 47227586 13.765340
-Trial 102 0 47227586 13.766320
-Trial 103 0 47227586 13.806894
* 104: Cost = 0_47135404, Time = 11.64 sec. 
-Trial 104 0 47135404 13.896557
-Trial 105 0 47135404 13.903626
-Trial 106 0 47135404 13.914768
* 107: Cost = 0_47067276, Time = 11.67 sec. 
-Trial 107 0 47067276 13.922293
-Trial 108 0 47067276 13.927817
-Trial 109 0 47067276 13.942970
-Trial 110 0 47067276 13.950533
* 111: Cost = 0_47007800, Time = 11.71 sec. 
-Trial 111 0 47007800 13.966416
* 112: Cost = 0_46918669, Time = 11.74 sec. 
-Trial 112 0 46918669 13.992298
-Trial 113 0 46918669 14.378991
-Trial 114 0 46918669 14.395984
* 115: Cost = 0_46912490, Time = 12.19 sec. 
-Trial 115 0 46912490 14.445650
-Trial 116 0 46912490 14.467753
-Trial 117 0 46912490 14.482034
-Trial 118 0 46912490 14.554637
-Trial 119 0 46912490 14.579425
-Trial 120 0 46912490 14.625950
* 121: Cost = 0_46860033, Time = 12.40 sec. 
-Trial 121 0 46860033 14.649976
* 122: Cost = 0_46733910, Time = 12.43 sec. 
-Trial 122 0 46733910 14.681815
-Trial 123 0 46733910 14.685477
-Trial 124 0 46733910 14.718901
* 125: Cost = 0_46652685, Time = 12.48 sec. 
-Trial 125 0 46652685 14.730149
-Trial 126 0 46652685 14.774221
* 127: Cost = 0_46582601, Time = 12.54 sec. 
-Trial 127 0 46582601 14.795007
-Trial 128 0 46582601 14.826589
* 129: Cost = 0_46486319, Time = 12.65 sec. 
-Trial 129 0 46486319 14.898962
-Trial 130 0 46486319 14.974429
-Trial 131 0 46486319 14.986187
-Trial 132 0 46486319 15.065004
-Trial 133 0 46486319 15.095493
-Trial 134 0 46486319 15.103287
-Trial 135 0 46486319 15.243294
-Trial 136 0 46486319 15.279984
-Trial 137 0 46486319 15.299527
-Trial 138 0 46486319 15.318522
-Trial 139 0 46486319 15.326564
-Trial 140 0 46486319 15.337629
-Trial 141 0 46486319 15.357327
* 142: Cost = 0_46401406, Time = 13.14 sec. 
-Trial 142 0 46401406 15.390615
-Trial 143 0 46401406 15.413268
-Trial 144 0 46401406 15.434982
-Trial 145 0 46401406 15.490435
-Trial 146 0 46401406 15.592473
-Trial 147 0 46401406 15.626331
-Trial 148 0 46401406 15.643460
-Trial 149 0 46401406 15.673468
* 150: Cost = 0_46372379, Time = 13.43 sec. 
-Trial 150 0 46372379 15.685585
-Trial 151 0 46372379 15.712318
-Trial 152 0 46372379 15.730458
-Trial 153 0 46372379 15.750114
* 154: Cost = 0_46198840, Time = 13.56 sec. 
-Trial 154 0 46198840 15.808302
* 155: Cost = 0_46129378, Time = 13.57 sec. 
-Trial 155 0 46129378 15.818411
-Trial 156 0 46129378 16.064478
-Trial 157 0 46129378 16.079881
-Trial 158 0 46129378 16.116028
-Trial 159 0 46129378 16.213561
-Trial 160 0 46129378 16.266658
-Trial 161 0 46129378 16.277827
-Trial 162 0 46129378 16.296822
* 163: Cost = 0_46104201, Time = 14.05 sec. 
-Trial 163 0 46104201 16.306282
-Trial 164 0 46104201 16.332828
-Trial 165 0 46104201 16.463955
-Trial 166 0 46104201 16.466765
-Trial 167 0 46104201 16.472497
-Trial 168 0 46104201 16.537933
-Trial 169 0 46104201 16.584784
-Trial 170 0 46104201 16.589346
-Trial 171 0 46104201 16.607792
-Trial 172 0 46104201 16.617138
-Trial 173 0 46104201 16.630358
-Trial 174 0 46104201 16.644385
-Trial 175 0 46104201 16.695295
-Trial 176 0 46104201 16.703200
-Trial 177 0 46104201 16.730034
-Trial 178 0 46104201 16.738951
-Trial 179 0 46104201 16.752387
-Trial 180 0 46104201 16.797241
-Trial 181 0 46104201 16.816837
* 182: Cost = 0_45966888, Time = 14.61 sec. 
-Trial 182 0 45966888 16.866482
-Trial 183 0 45966888 16.909498
-Trial 184 0 45966888 16.927133
* 185: Cost = 0_45833087, Time = 14.68 sec. 
-Trial 185 0 45833087 16.936059
-Trial 186 0 45833087 17.008185
-Trial 187 0 45833087 17.027632
-Trial 188 0 45833087 17.034635
-Trial 189 0 45833087 17.058088
-Trial 190 0 45833087 17.125862
-Trial 191 0 45833087 17.133997
-Trial 192 0 45833087 17.137234
-Trial 193 0 45833087 17.160443
-Trial 194 0 45833087 17.181603
-Trial 195 0 45833087 17.195589
-Trial 196 0 45833087 17.223031
-Trial 197 0 45833087 17.258477
-Trial 198 0 45833087 17.315250
-Trial 199 0 45833087 17.329882
-Trial 200 0 45833087 17.370194
-Trial 201 0 45833087 17.382404
-Trial 202 0 45833087 17.391049
-Trial 203 0 45833087 17.405630
-Trial 204 0 45833087 17.414860
-Trial 205 0 45833087 17.417714
-Trial 206 0 45833087 17.446002
-Trial 207 0 45833087 17.449159
-Trial 208 0 45833087 17.449870
-Trial 209 0 45833087 17.515453
* 210: Cost = 0_45798838, Time = 15.28 sec. 
-Trial 210 0 45798838 17.535511
-Trial 211 0 45798838 17.559310
-Trial 212 0 45798838 17.723145
-Trial 213 0 45798838 17.736318
-Trial 214 0 45798838 17.841520
-Trial 215 0 45798838 17.871699
-Trial 216 0 45798838 17.904647
-Trial 217 0 45798838 17.911521
-Trial 218 0 45798838 17.999802
-Trial 219 0 45798838 18.001260
-Trial 220 0 45798838 18.132504
-Trial 221 0 45798838 18.177365
-Trial 222 0 45798838 18.194037
-Trial 223 0 45798838 18.217737
-Trial 224 0 45798838 18.228249
-Trial 225 0 45798838 18.246273
-Trial 226 0 45798838 18.273439
-Trial 227 0 45798838 18.292472
-Trial 228 0 45798838 18.301396
-Trial 229 0 45798838 18.319881
* 230: Cost = 0_45747430, Time = 16.15 sec. 
-Trial 230 0 45747430 18.405615
-Trial 231 0 45747430 18.424913
-Trial 232 0 45747430 18.563628
-Trial 233 0 45747430 18.584663
-Trial 234 0 45747430 18.618964
-Trial 235 0 45747430 18.624199
-Trial 236 0 45747430 18.631055
-Trial 237 0 45747430 18.644916
-Trial 238 0 45747430 18.678929
-Trial 239 0 45747430 18.691754
-Trial 240 0 45747430 18.695946
-Trial 241 0 45747430 18.713765
-Trial 242 0 45747430 18.714521
-Trial 243 0 45747430 18.718686
-Trial 244 0 45747430 18.753946
-Trial 245 0 45747430 18.754559
-Trial 246 0 45747430 18.781555
-Trial 247 0 45747430 18.788577
-Trial 248 0 45747430 18.808762
* 249: Cost = 0_45614449, Time = 16.59 sec. 
-Trial 249 0 45614449 18.840337
-Trial 250 0 45614449 18.854687
-Trial 251 0 45614449 18.899028
-Trial 252 0 45614449 18.910429
-Trial 253 0 45614449 18.945242
-Trial 254 0 45614449 18.974851
-Trial 255 0 45614449 19.011281
-Trial 256 0 45614449 19.089748
-Trial 257 0 45614449 19.101311
-Trial 258 0 45614449 19.143037
-Trial 259 0 45614449 19.205244
-Trial 260 0 45614449 19.213324
-Trial 261 0 45614449 19.236388
-Trial 262 0 45614449 19.248379
-Trial 263 0 45614449 19.275283
-Trial 264 0 45614449 19.279727
-Trial 265 0 45614449 19.293399
-Trial 266 0 45614449 19.356163
* 267: Cost = 0_45586645, Time = 17.12 sec. 
-Trial 267 0 45586645 19.372399
* 268: Cost = 0_45584494, Time = 17.14 sec. 
-Trial 268 0 45584494 19.392856
-Trial 269 0 45584494 19.396160
-Trial 270 0 45584494 19.418529
-Trial 271 0 45584494 19.427362
-Trial 272 0 45584494 19.446462
-Trial 273 0 45584494 19.452128
-Trial 274 0 45584494 19.466655
-Trial 275 0 45584494 19.477008
-Trial 276 0 45584494 19.485117
-Trial 277 0 45584494 19.486054
-Trial 278 0 45584494 19.501396
* 279: Cost = 0_45582612, Time = 17.26 sec. 
-Trial 279 0 45582612 19.509652
-Trial 280 0 45582612 19.514360
-Trial 281 0 45582612 19.525795
-Trial 282 0 45582612 19.531389
* 283: Cost = 0_45578148, Time = 17.30 sec. 
-Trial 283 0 45578148 19.551630
-Trial 284 0 45578148 19.578303
-Trial 285 0 45578148 19.587891
-Trial 286 0 45578148 19.624315
-Trial 287 0 45578148 19.629652
-Trial 288 0 45578148 19.645628
-Trial 289 0 45578148 19.664326
-Trial 290 0 45578148 19.671634
-Trial 291 0 45578148 19.689488
-Trial 292 0 45578148 19.708877
-Trial 293 0 45578148 19.727169
-Trial 294 0 45578148 19.734442
-Trial 295 0 45578148 19.985281
-Trial 296 0 45578148 20.020546
-Trial 297 0 45578148 20.048402
-Trial 298 0 45578148 20.053690
-Trial 299 0 45578148 20.062999
-Trial 300 0 45578148 20.075742
-Trial 301 0 45578148 20.115970
-Trial 302 0 45578148 20.238567
-Trial 303 0 45578148 20.247771
-Trial 304 0 45578148 20.260605
-Trial 305 0 45578148 20.273816
-Trial 306 0 45578148 20.438167
-Trial 307 0 45578148 20.447937
-Trial 308 0 45578148 20.453521
-Trial 309 0 45578148 20.485692
-Trial 310 0 45578148 20.545632
-Trial 311 0 45578148 20.593307
-Trial 312 0 45578148 20.631410
-Trial 313 0 45578148 20.635514
-Trial 314 0 45578148 20.654597
-Trial 315 0 45578148 20.695497
-Trial 316 0 45578148 20.710522
-Trial 317 0 45578148 20.713590
-Trial 318 0 45578148 20.883432
-Trial 319 0 45578148 20.893795
-Trial 320 0 45578148 21.024387
-Trial 321 0 45578148 21.059185
-Trial 322 0 45578148 21.075438
-Trial 323 0 45578148 21.082587
-Trial 324 0 45578148 21.101144
-Trial 325 0 45578148 21.237459
-Trial 326 0 45578148 21.302696
-Trial 327 0 45578148 21.308414
* 328: Cost = 0_45573288, Time = 19.11 sec. 
-Trial 328 0 45573288 21.365141
-Trial 329 0 45573288 21.373839
-Trial 330 0 45573288 21.382312
-Trial 331 0 45573288 21.438732
-Trial 332 0 45573288 21.498661
-Trial 333 0 45573288 21.509681
-Trial 334 0 45573288 21.528668
-Trial 335 0 45573288 21.545897
-Trial 336 0 45573288 21.568442
-Trial 337 0 45573288 21.583832
-Trial 338 0 45573288 21.590177
-Trial 339 0 45573288 21.618336
* 340: Cost = 0_45534893, Time = 19.49 sec. 
-Trial 340 0 45534893 21.741385
-Trial 341 0 45534893 21.741905
-Trial 342 0 45534893 21.778467
-Trial 343 0 45534893 21.838355
-Trial 344 0 45534893 21.841512
-Trial 345 0 45534893 21.980991
-Trial 346 0 45534893 22.010969
-Trial 347 0 45534893 22.046092
-Trial 348 0 45534893 22.064381
-Trial 349 0 45534893 22.108229
-Trial 350 0 45534893 22.116893
-Trial 351 0 45534893 22.123131
-Trial 352 0 45534893 22.182844
-Trial 353 0 45534893 22.192749
-Trial 354 0 45534893 22.223122
-Trial 355 0 45534893 22.244596
-Trial 356 0 45534893 22.266532
-Trial 357 0 45534893 22.295204
-Trial 358 0 45534893 22.409544
-Trial 359 0 45534893 22.425108
* 360: Cost = 0_45515006, Time = 20.30 sec. 
-Trial 360 0 45515006 22.549140
-Trial 361 0 45515006 22.632807
* 362: Cost = 0_45444669, Time = 20.39 sec. 
-Trial 362 0 45444669 22.644200
-Trial 363 0 45444669 22.660137
-Trial 364 0 45444669 22.675522
-Trial 365 0 45444669 22.704317
-Trial 366 0 45444669 22.709627
-Trial 367 0 45444669 22.745418
-Trial 368 0 45444669 22.765053
-Trial 369 0 45444669 22.862415
-Trial 370 0 45444669 22.867649
-Trial 371 0 45444669 22.913566
-Trial 372 0 45444669 22.917415
-Trial 373 0 45444669 22.921137
-Trial 374 0 45444669 22.959779
-Trial 375 0 45444669 23.016595
-Trial 376 0 45444669 23.066927
-Trial 377 0 45444669 23.076430
-Trial 378 0 45444669 23.090699
* 379: Cost = 0_45433303, Time = 20.92 sec. 
-Trial 379 0 45433303 23.169968
-Trial 380 0 45433303 23.178379
* 381: Cost = 0_45397063, Time = 20.98 sec. 
-Trial 381 0 45397063 23.229414
-Trial 382 0 45397063 23.316786
-Trial 383 0 45397063 23.338447
-Trial 384 0 45397063 23.369822
-Trial 385 0 45397063 23.598702
-Trial 386 0 45397063 23.652226
-Trial 387 0 45397063 23.670423
-Trial 388 0 45397063 23.689772
-Trial 389 0 45397063 23.694205
-Trial 390 0 45397063 23.745437
-Trial 391 0 45397063 23.765772
-Trial 392 0 45397063 23.767539
-Trial 393 0 45397063 23.771753
-Trial 394 0 45397063 23.774014
-Trial 395 0 45397063 23.822843
-Trial 396 0 45397063 23.860683
-Trial 397 0 45397063 23.886444
-Trial 398 0 45397063 23.894818
-Trial 399 0 45397063 23.929596
-Trial 400 0 45397063 23.935609
-Trial 401 0 45397063 23.948279
-Trial 402 0 45397063 24.337012
-Trial 403 0 45397063 24.346323
-Trial 404 0 45397063 24.365555
-Trial 405 0 45397063 24.392712
-Trial 406 0 45397063 24.394046
-Trial 407 0 45397063 24.401090
-Trial 408 0 45397063 24.412950
-Trial 409 0 45397063 24.461414
-Trial 410 0 45397063 24.478738
-Trial 411 0 45397063 24.488299
-Trial 412 0 45397063 24.491106
-Trial 413 0 45397063 24.524782
* 414: Cost = 0_45392830, Time = 22.29 sec. 
-Trial 414 0 45392830 24.539040
-Trial 415 0 45392830 24.547858
-Trial 416 0 45392830 24.559878
-Trial 417 0 45392830 24.627135
-Trial 418 0 45392830 24.681838
-Trial 419 0 45392830 24.693070
* 420: Cost = 0_45341769, Time = 22.45 sec. 
-Trial 420 0 45341769 24.697460
-Trial 421 0 45341769 24.720368
-Trial 422 0 45341769 24.746781
-Trial 423 0 45341769 24.840145
-Trial 424 0 45341769 24.900347
-Trial 425 0 45341769 24.912473
-Trial 426 0 45341769 24.919493
-Trial 427 0 45341769 24.967590
-Trial 428 0 45341769 24.976519
-Trial 429 0 45341769 24.989602
-Trial 430 0 45341769 25.021010
-Trial 431 0 45341769 25.096116
-Trial 432 0 45341769 25.101283
* 433: Cost = 0_45279930, Time = 22.87 sec. 
-Trial 433 0 45279930 25.124124
* 434: Cost = 0_45224771, Time = 22.89 sec. 
-Trial 434 0 45224771 25.140483
-Trial 435 0 45224771 25.159484
-Trial 436 0 45224771 25.182781
-Trial 437 0 45224771 25.258550
* 438: Cost = 0_45105580, Time = 23.07 sec. 
-Trial 438 0 45105580 25.318522
-Trial 439 0 45105580 25.320330
-Trial 440 0 45105580 25.588761
-Trial 441 0 45105580 25.695748
-Trial 442 0 45105580 25.728624
-Trial 443 0 45105580 25.785801
-Trial 444 0 45105580 25.874291
-Trial 445 0 45105580 25.886311
-Trial 446 0 45105580 25.908255
-Trial 447 0 45105580 25.908802
-Trial 448 0 45105580 25.938147
-Trial 449 0 45105580 25.939903
* 450: Cost = 0_45089674, Time = 23.70 sec. 
-Trial 450 0 45089674 25.954666
-Trial 451 0 45089674 25.962053
-Trial 452 0 45089674 25.971832
-Trial 453 0 45089674 26.005165
-Trial 454 0 45089674 26.040827
-Trial 455 0 45089674 26.049830
-Trial 456 0 45089674 26.054399
-Trial 457 0 45089674 26.064569
-Trial 458 0 45089674 26.128849
-Trial 459 0 45089674 26.146887
-Trial 460 0 45089674 26.159050
* 461: Cost = 0_45042872, Time = 23.93 sec. 
-Trial 461 0 45042872 26.185035
* 462: Cost = 0_44990172, Time = 23.94 sec. 
-Trial 462 0 44990172 26.196416
-Trial 463 0 44990172 26.242189
-Trial 464 0 44990172 26.251038
-Trial 465 0 44990172 26.279993
-Trial 466 0 44990172 26.341052
-Trial 467 0 44990172 26.352563
-Trial 468 0 44990172 26.375648
-Trial 469 0 44990172 26.376160
-Trial 470 0 44990172 26.424345
-Trial 471 0 44990172 26.430466
-Trial 472 0 44990172 26.536100
-Trial 473 0 44990172 26.538503
-Trial 474 0 44990172 26.582652
-Trial 475 0 44990172 26.594149
-Trial 476 0 44990172 26.605051
-Trial 477 0 44990172 26.642217
-Trial 478 0 44990172 26.642775
-Trial 479 0 44990172 26.662301
-Trial 480 0 44990172 26.674200
-Trial 481 0 44990172 26.676083
-Trial 482 0 44990172 26.728277
-Trial 483 0 44990172 26.766754
-Trial 484 0 44990172 26.826233
-Trial 485 0 44990172 26.984931
-Trial 486 0 44990172 26.994304
-Trial 487 0 44990172 27.017602
-Trial 488 0 44990172 27.082489
-Trial 489 0 44990172 27.085726
-Trial 490 0 44990172 27.089675
-Trial 491 0 44990172 27.125375
-Trial 492 0 44990172 27.142441
* 493: Cost = 0_44973165, Time = 24.90 sec. 
-Trial 493 0 44973165 27.152004
-Trial 494 0 44973165 27.166383
-Trial 495 0 44973165 27.202233
-Trial 496 0 44973165 27.219181
-Trial 497 0 44973165 27.253249
-Trial 498 0 44973165 27.254904
-Trial 499 0 44973165 27.304904
-Trial 500 0 44973165 27.331721
-Trial 501 0 44973165 27.341500
-Trial 502 0 44973165 27.407631
-Trial 503 0 44973165 27.448830
-Trial 504 0 44973165 27.491679
-Trial 505 0 44973165 27.639072
-Trial 506 0 44973165 27.651583
-Trial 507 0 44973165 27.723500
-Trial 508 0 44973165 27.755493
-Trial 509 0 44973165 27.778724
-Trial 510 0 44973165 27.787726
-Trial 511 0 44973165 27.813146
-Trial 512 0 44973165 27.903723
-Trial 513 0 44973165 27.912070
-Trial 514 0 44973165 27.941570
-Trial 515 0 44973165 27.950371
-Trial 516 0 44973165 27.973991
-Trial 517 0 44973165 28.028076
-Trial 518 0 44973165 28.046200
-Trial 519 0 44973165 28.097726
-Trial 520 0 44973165 28.107744
-Trial 521 0 44973165 28.227040
-Trial 522 0 44973165 28.230509
-Trial 523 0 44973165 28.251488
-Trial 524 0 44973165 28.284684
-Trial 525 0 44973165 28.298396
-Trial 526 0 44973165 28.303742
-Trial 527 0 44973165 28.332274
-Trial 528 0 44973165 28.339700
-Trial 529 0 44973165 28.347040
-Trial 530 0 44973165 28.375024
-Trial 531 0 44973165 28.405069
* 532: Cost = 0_44890755, Time = 26.16 sec. 
-Trial 532 0 44890755 28.416360
-Trial 533 0 44890755 28.422407
-Trial 534 0 44890755 28.480776
-Trial 535 0 44890755 28.487735
-Trial 536 0 44890755 28.524285
-Trial 537 0 44890755 28.541715
-Trial 538 0 44890755 28.636069
-Trial 539 0 44890755 28.643212
-Trial 540 0 44890755 28.647486
-Trial 541 0 44890755 28.703047
-Trial 542 0 44890755 28.718056
-Trial 543 0 44890755 28.738298
-Trial 544 0 44890755 28.764187
-Trial 545 0 44890755 28.766210
-Trial 546 0 44890755 28.800048
-Trial 547 0 44890755 28.846896
-Trial 548 0 44890755 28.859097
* 549: Cost = 0_44889408, Time = 26.61 sec. 
-Trial 549 0 44889408 28.862797
-Trial 550 0 44889408 28.885202
-Trial 551 0 44889408 28.900773
-Trial 552 0 44889408 28.910815
-Trial 553 0 44889408 28.932709
-Trial 554 0 44889408 28.934421
-Trial 555 0 44889408 28.963798
-Trial 556 0 44889408 28.974211
* 557: Cost = 0_44852190, Time = 26.74 sec. 
-Trial 557 0 44852190 28.993556
-Trial 558 0 44852190 29.067129
-Trial 559 0 44852190 29.163322
-Trial 560 0 44852190 29.179886
-Trial 561 0 44852190 29.200938
-Trial 562 0 44852190 29.277521
-Trial 563 0 44852190 29.288760
-Trial 564 0 44852190 29.294471
-Trial 565 0 44852190 29.388170
-Trial 566 0 44852190 29.442515
-Trial 567 0 44852190 29.454997
-Trial 568 0 44852190 29.499620
-Trial 569 0 44852190 29.521868
-Trial 570 0 44852190 29.552773
-Trial 571 0 44852190 29.565025
-Trial 572 0 44852190 29.569310
-Trial 573 0 44852190 29.620880
-Trial 574 0 44852190 29.625249
-Trial 575 0 44852190 29.650570
-Trial 576 0 44852190 29.696280
-Trial 577 0 44852190 29.704426
-Trial 578 0 44852190 29.723299
-Trial 579 0 44852190 29.776026
-Trial 580 0 44852190 29.776970
-Trial 581 0 44852190 29.975013
-Trial 582 0 44852190 29.997273
-Trial 583 0 44852190 30.053196
-Trial 584 0 44852190 30.056353
-Trial 585 0 44852190 30.080761
-Trial 586 0 44852190 30.115500
-Trial 587 0 44852190 30.125688
-Trial 588 0 44852190 30.169058
-Trial 589 0 44852190 30.200437
-Trial 590 0 44852190 30.223747
-Trial 591 0 44852190 30.234630
-Trial 592 0 44852190 30.270909
-Trial 593 0 44852190 30.288333
-Trial 594 0 44852190 30.322544
-Trial 595 0 44852190 30.348498
-Trial 596 0 44852190 30.375287
-Trial 597 0 44852190 30.380434
-Trial 598 0 44852190 30.396231
-Trial 599 0 44852190 30.413254
-Trial 600 0 44852190 30.432931
-Trial 601 0 44852190 30.461548
-Trial 602 0 44852190 30.465171
-Trial 603 0 44852190 30.494074
* 604: Cost = 0_44838350, Time = 28.30 sec. 
-Trial 604 0 44838350 30.547857
-Trial 605 0 44838350 30.550183
-Trial 606 0 44838350 30.560945
-Trial 607 0 44838350 30.590943
-Trial 608 0 44838350 30.596473
-Trial 609 0 44838350 30.612356
-Trial 610 0 44838350 30.616126
-Trial 611 0 44838350 30.648563
-Trial 612 0 44838350 30.670053
-Trial 613 0 44838350 30.674752
-Trial 614 0 44838350 30.718659
-Trial 615 0 44838350 30.764953
-Trial 616 0 44838350 30.771113
-Trial 617 0 44838350 30.814644
-Trial 618 0 44838350 30.822711
-Trial 619 0 44838350 30.835587
-Trial 620 0 44838350 30.863229
-Trial 621 0 44838350 30.875268
-Trial 622 0 44838350 30.897018
-Trial 623 0 44838350 30.919993
-Trial 624 0 44838350 30.933980
-Trial 625 0 44838350 30.939286
-Trial 626 0 44838350 30.944203
-Trial 627 0 44838350 30.968491
-Trial 628 0 44838350 31.023390
-Trial 629 0 44838350 31.077493
-Trial 630 0 44838350 31.081216
-Trial 631 0 44838350 31.104688
-Trial 632 0 44838350 31.123334
-Trial 633 0 44838350 31.158835
-Trial 634 0 44838350 31.177860
-Trial 635 0 44838350 31.205233
-Trial 636 0 44838350 31.224557
-Trial 637 0 44838350 31.238679
-Trial 638 0 44838350 31.259924
-Trial 639 0 44838350 31.306603
-Trial 640 0 44838350 31.319942
-Trial 641 0 44838350 31.327095
-Trial 642 0 44838350 31.342269
* 643: Cost = 0_44818300, Time = 29.09 sec. 
-Trial 643 0 44818300 31.344140
-Trial 644 0 44818300 31.396010
-Trial 645 0 44818300 31.420235
-Trial 646 0 44818300 31.500118
-Trial 647 0 44818300 31.501205
-Trial 648 0 44818300 31.556051
-Trial 649 0 44818300 31.563832
-Trial 650 0 44818300 31.574044
-Trial 651 0 44818300 31.610208
-Trial 652 0 44818300 31.636100
-Trial 653 0 44818300 31.643085
-Trial 654 0 44818300 31.673650
-Trial 655 0 44818300 31.792543
-Trial 656 0 44818300 31.833222
-Trial 657 0 44818300 31.851935
-Trial 658 0 44818300 31.865524
-Trial 659 0 44818300 31.874222
-Trial 660 0 44818300 31.888620
-Trial 661 0 44818300 31.902279
-Trial 662 0 44818300 31.961996
-Trial 663 0 44818300 32.018370
-Trial 664 0 44818300 32.099181
-Trial 665 0 44818300 32.111121
-Trial 666 0 44818300 32.127083
-Trial 667 0 44818300 32.154309
-Trial 668 0 44818300 32.229444
-Trial 669 0 44818300 32.240059
-Trial 670 0 44818300 32.264474
* 671: Cost = 0_44813151, Time = 30.05 sec. 
-Trial 671 0 44813151 32.301402
-Trial 672 0 44813151 32.364947
-Trial 673 0 44813151 32.387204
-Trial 674 0 44813151 32.485408
-Trial 675 0 44813151 32.497432
-Trial 676 0 44813151 32.501553
-Trial 677 0 44813151 32.534403
-Trial 678 0 44813151 32.569636
-Trial 679 0 44813151 32.597351
-Trial 680 0 44813151 32.612324
-Trial 681 0 44813151 32.629905
-Trial 682 0 44813151 32.638095
-Trial 683 0 44813151 32.714180
-Trial 684 0 44813151 32.737676
-Trial 685 0 44813151 32.783238
-Trial 686 0 44813151 32.838763
-Trial 687 0 44813151 32.901813
-Trial 688 0 44813151 32.916385
-Trial 689 0 44813151 32.928108
-Trial 690 0 44813151 32.938906
-Trial 691 0 44813151 32.965353
-Trial 692 0 44813151 32.978936
-Trial 693 0 44813151 32.980156
-Trial 694 0 44813151 33.056610
-Trial 695 0 44813151 33.077682
-Trial 696 0 44813151 33.084313
-Trial 697 0 44813151 33.187929
-Trial 698 0 44813151 33.197224
-Trial 699 0 44813151 33.202835
-Trial 700 0 44813151 33.217373
-Trial 701 0 44813151 33.285666
-Trial 702 0 44813151 33.302505
-Trial 703 0 44813151 33.326940
-Trial 704 0 44813151 33.406112
-Trial 705 0 44813151 33.412203
-Trial 706 0 44813151 33.690592
-Trial 707 0 44813151 33.709304
-Trial 708 0 44813151 33.929549
-Trial 709 0 44813151 33.935828
-Trial 710 0 44813151 33.937359
-Trial 711 0 44813151 33.943546
-Trial 712 0 44813151 33.948155
-Trial 713 0 44813151 34.068908
-Trial 714 0 44813151 34.071800
-Trial 715 0 44813151 34.124642
-Trial 716 0 44813151 34.151023
-Trial 717 0 44813151 34.176230
-Trial 718 0 44813151 34.200779
* 719: Cost = 0_44807735, Time = 31.95 sec. 
-Trial 719 0 44807735 34.205711
-Trial 720 0 44807735 34.266367
-Trial 721 0 44807735 34.323086
-Trial 722 0 44807735 34.334898
-Trial 723 0 44807735 34.357796
-Trial 724 0 44807735 34.375041
* 725: Cost = 0_44792737, Time = 32.15 sec. 
-Trial 725 0 44792737 34.400391
-Trial 726 0 44792737 34.432153
-Trial 727 0 44792737 34.434220
-Trial 728 0 44792737 34.454853
-Trial 729 0 44792737 34.466817
-Trial 730 0 44792737 34.479750
-Trial 731 0 44792737 34.507575
-Trial 732 0 44792737 34.519979
-Trial 733 0 44792737 34.548484
-Trial 734 0 44792737 34.566909
* 735: Cost = 0_44791827, Time = 32.32 sec. 
-Trial 735 0 44791827 34.574573
-Trial 736 0 44791827 34.637169
-Trial 737 0 44791827 34.723385
* 738: Cost = 0_44790118, Time = 32.50 sec. 
-Trial 738 0 44790118 34.754229
-Trial 739 0 44790118 34.769477
-Trial 740 0 44790118 34.770219
-Trial 741 0 44790118 34.782254
-Trial 742 0 44790118 34.793148
-Trial 743 0 44790118 34.823518
-Trial 744 0 44790118 34.872022
-Trial 745 0 44790118 34.874058
-Trial 746 0 44790118 34.893459
-Trial 747 0 44790118 34.898980
-Trial 748 0 44790118 34.938700
-Trial 749 0 44790118 34.939311
-Trial 750 0 44790118 34.947420
* 751: Cost = 0_44788303, Time = 32.72 sec. 
-Trial 751 0 44788303 34.967785
-Trial 752 0 44788303 34.982267
-Trial 753 0 44788303 34.986149
-Trial 754 0 44788303 34.987455
-Trial 755 0 44788303 35.013662
-Trial 756 0 44788303 35.030914
-Trial 757 0 44788303 35.049610
-Trial 758 0 44788303 35.074416
-Trial 759 0 44788303 35.129701
-Trial 760 0 44788303 35.186301
-Trial 761 0 44788303 35.233191
-Trial 762 0 44788303 35.246715
-Trial 763 0 44788303 35.257292
-Trial 764 0 44788303 35.305970
-Trial 765 0 44788303 35.341456
-Trial 766 0 44788303 35.354205
-Trial 767 0 44788303 35.365006
-Trial 768 0 44788303 35.376167
-Trial 769 0 44788303 35.389396
-Trial 770 0 44788303 35.402514
-Trial 771 0 44788303 35.429588
-Trial 772 0 44788303 35.445353
-Trial 773 0 44788303 35.476425
-Trial 774 0 44788303 35.483397
-Trial 775 0 44788303 35.496141
-Trial 776 0 44788303 35.661015
-Trial 777 0 44788303 35.691905
-Trial 778 0 44788303 35.730147
-Trial 779 0 44788303 35.749244
-Trial 780 0 44788303 35.819706
-Trial 781 0 44788303 35.838806
-Trial 782 0 44788303 35.893293
-Trial 783 0 44788303 35.905468
-Trial 784 0 44788303 35.930491
-Trial 785 0 44788303 35.958752
-Trial 786 0 44788303 35.969021
-Trial 787 0 44788303 35.984485
-Trial 788 0 44788303 36.053681
-Trial 789 0 44788303 36.084668
-Trial 790 0 44788303 36.105104
-Trial 791 0 44788303 36.111817
-Trial 792 0 44788303 36.122503
-Trial 793 0 44788303 36.124888
-Trial 794 0 44788303 36.163390
-Trial 795 0 44788303 36.192058
-Trial 796 0 44788303 36.200533
-Trial 797 0 44788303 36.269393
-Trial 798 0 44788303 36.281611
-Trial 799 0 44788303 36.291777
-Trial 800 0 44788303 36.298506
-Trial 801 0 44788303 36.318781
-Trial 802 0 44788303 36.337485
-Trial 803 0 44788303 36.346501
-Trial 804 0 44788303 36.512056
-Trial 805 0 44788303 36.529134
-Trial 806 0 44788303 36.562132
-Trial 807 0 44788303 36.585817
-Trial 808 0 44788303 36.586942
-Trial 809 0 44788303 36.627159
-Trial 810 0 44788303 36.638795
-Trial 811 0 44788303 36.675255
-Trial 812 0 44788303 36.682367
-Trial 813 0 44788303 36.701432
-Trial 814 0 44788303 36.717621
-Trial 815 0 44788303 36.732279
-Trial 816 0 44788303 36.753350
-Trial 817 0 44788303 36.771963
-Trial 818 0 44788303 36.812987
-Trial 819 0 44788303 36.884483
-Trial 820 0 44788303 36.913076
-Trial 821 0 44788303 36.968124
-Trial 822 0 44788303 36.990230
-Trial 823 0 44788303 36.995561
-Trial 824 0 44788303 37.021840
-Trial 825 0 44788303 37.078978
-Trial 826 0 44788303 37.174468
-Trial 827 0 44788303 37.186759
-Trial 828 0 44788303 37.201830
-Trial 829 0 44788303 37.209468
-Trial 830 0 44788303 37.232712
-Trial 831 0 44788303 37.250353
* 832: Cost = 0_44782864, Time = 35.01 sec. 
-Trial 832 0 44782864 37.264688
-Trial 833 0 44782864 37.266927
-Trial 834 0 44782864 37.288145
-Trial 835 0 44782864 37.314538
-Trial 836 0 44782864 37.318549
-Trial 837 0 44782864 37.368183
-Trial 838 0 44782864 37.422493
-Trial 839 0 44782864 37.430851
-Trial 840 0 44782864 37.520989
-Trial 841 0 44782864 37.528231
-Trial 842 0 44782864 37.532337
-Trial 843 0 44782864 37.537979
-Trial 844 0 44782864 37.550551
-Trial 845 0 44782864 37.596859
-Trial 846 0 44782864 37.602714
-Trial 847 0 44782864 37.615909
-Trial 848 0 44782864 37.649219
-Trial 849 0 44782864 37.670188
-Trial 850 0 44782864 37.826456
-Trial 851 0 44782864 37.840569
-Trial 852 0 44782864 37.854659
-Trial 853 0 44782864 37.862801
-Trial 854 0 44782864 37.940999
-Trial 855 0 44782864 37.949334
-Trial 856 0 44782864 37.953235
-Trial 857 0 44782864 37.991058
-Trial 858 0 44782864 38.014618
-Trial 859 0 44782864 38.043940
-Trial 860 0 44782864 38.054981
-Trial 861 0 44782864 38.064213
-Trial 862 0 44782864 38.078951
-Trial 863 0 44782864 38.088287
-Trial 864 0 44782864 38.093317
-Trial 865 0 44782864 38.128187
-Trial 866 0 44782864 38.173209
-Trial 867 0 44782864 38.337213
-Trial 868 0 44782864 38.339406
-Trial 869 0 44782864 38.372618
-Trial 870 0 44782864 38.383989
-Trial 871 0 44782864 38.402977
-Trial 872 0 44782864 38.456095
-Trial 873 0 44782864 38.491849
-Trial 874 0 44782864 38.518285
-Trial 875 0 44782864 38.522616
-Trial 876 0 44782864 38.686764
-Trial 877 0 44782864 38.687185
-Trial 878 0 44782864 38.687624
-Trial 879 0 44782864 38.691174
-Trial 880 0 44782864 38.740211
-Trial 881 0 44782864 38.787373
-Trial 882 0 44782864 38.818969
-Trial 883 0 44782864 38.841851
-Trial 884 0 44782864 38.866948
-Trial 885 0 44782864 39.012593
-Trial 886 0 44782864 39.056018
-Trial 887 0 44782864 39.061413
-Trial 888 0 44782864 39.084532
* 889: Cost = 0_44750658, Time = 36.87 sec. 
-Trial 889 0 44750658 39.123437
-Trial 890 0 44750658 39.126344
-Trial 891 0 44750658 39.141022
-Trial 892 0 44750658 39.220579
-Trial 893 0 44750658 39.225579
-Trial 894 0 44750658 39.333373
-Trial 895 0 44750658 39.346679
-Trial 896 0 44750658 39.364348
-Trial 897 0 44750658 39.375251
-Trial 898 0 44750658 39.387767
-Trial 899 0 44750658 39.407786
-Trial 900 0 44750658 39.458411
-Trial 901 0 44750658 39.462020
-Trial 902 0 44750658 39.478942
-Trial 903 0 44750658 39.553462
-Trial 904 0 44750658 39.615006
-Trial 905 0 44750658 39.735610
-Trial 906 0 44750658 39.742841
-Trial 907 0 44750658 39.763326
-Trial 908 0 44750658 39.808895
-Trial 909 0 44750658 39.820013
-Trial 910 0 44750658 39.849951
-Trial 911 0 44750658 39.902581
-Trial 912 0 44750658 39.945952
-Trial 913 0 44750658 39.947622
-Trial 914 0 44750658 39.948065
-Trial 915 0 44750658 39.957889
-Trial 916 0 44750658 40.037603
-Trial 917 0 44750658 40.043608
-Trial 918 0 44750658 40.132496
-Trial 919 0 44750658 40.181333
-Trial 920 0 44750658 40.198171
-Trial 921 0 44750658 40.256800
-Trial 922 0 44750658 40.259383
-Trial 923 0 44750658 40.265408
-Trial 924 0 44750658 40.286901
-Trial 925 0 44750658 40.295337
-Trial 926 0 44750658 40.393009
-Trial 927 0 44750658 40.413599
-Trial 928 0 44750658 40.419682
-Trial 929 0 44750658 40.435715
-Trial 930 0 44750658 40.493641
-Trial 931 0 44750658 40.509390
-Trial 932 0 44750658 40.522367
-Trial 933 0 44750658 40.544302
-Trial 934 0 44750658 40.553549
-Trial 935 0 44750658 40.695078
-Trial 936 0 44750658 40.701061
-Trial 937 0 44750658 40.734972
-Trial 938 0 44750658 40.871618
-Trial 939 0 44750658 41.039082
-Trial 940 0 44750658 41.091170
-Trial 941 0 44750658 41.103772
-Trial 942 0 44750658 41.136542
-Trial 943 0 44750658 41.291718
-Trial 944 0 44750658 41.301059
-Trial 945 0 44750658 41.309224
-Trial 946 0 44750658 41.330105
-Trial 947 0 44750658 41.352231
-Trial 948 0 44750658 41.365679
-Trial 949 0 44750658 41.467556
-Trial 950 0 44750658 41.503643
-Trial 951 0 44750658 41.547234
-Trial 952 0 44750658 41.558983
-Trial 953 0 44750658 41.632582
-Trial 954 0 44750658 41.675793
-Trial 955 0 44750658 41.701727
-Trial 956 0 44750658 41.715413
-Trial 957 0 44750658 41.757639
-Trial 958 0 44750658 41.763776
-Trial 959 0 44750658 41.776368
-Trial 960 0 44750658 41.837660
-Trial 961 0 44750658 42.022821
-Trial 962 0 44750658 42.028400
-Trial 963 0 44750658 42.047166
-Trial 964 0 44750658 42.077371
-Trial 965 0 44750658 42.124735
-Trial 966 0 44750658 42.128260
-Trial 967 0 44750658 42.183214
-Trial 968 0 44750658 42.185660
-Trial 969 0 44750658 42.240015
-Trial 970 0 44750658 42.269135
-Trial 971 0 44750658 42.311885
-Trial 972 0 44750658 42.326133
-Trial 973 0 44750658 42.345542
-Trial 974 0 44750658 42.369271
-Trial 975 0 44750658 42.400169
-Trial 976 0 44750658 42.460679
-Trial 977 0 44750658 42.486663
-Trial 978 0 44750658 42.488286
-Trial 979 0 44750658 42.525977
-Trial 980 0 44750658 42.544318
-Trial 981 0 44750658 42.553387
-Trial 982 0 44750658 42.587030
-Trial 983 0 44750658 42.685844
-Trial 984 0 44750658 42.745540
-Trial 985 0 44750658 42.751884
-Trial 986 0 44750658 42.762675
-Trial 987 0 44750658 42.812602
-Trial 988 0 44750658 42.873270
-Trial 989 0 44750658 42.882429
-Trial 990 0 44750658 42.911606
-Trial 991 0 44750658 42.990055
-Trial 992 0 44750658 43.031885
-Trial 993 0 44750658 43.036223
-Trial 994 0 44750658 43.057414
-Trial 995 0 44750658 43.059829
-Trial 996 0 44750658 43.080382
-Trial 997 0 44750658 43.086116
-Trial 998 0 44750658 43.107208
-Trial 999 0 44750658 43.498448
-Trial 1000 0 44750658 43.518156
Population:
  1: 0_44750658
Run 1: Cost = 0_44750658, Time = 41.27 sec. 

Successes/Runs = 0/1 
Cost.min = 44750658, Cost.avg = 44750658.00, Cost.max = 44750658
Gap.min = 0.0000%, Gap.avg = 0.0000%, Gap.max = 0.0000%
Penalty.min = 0, Penalty.avg = 0.00, Penalty.max = 0
Trials.min = 1000, Trials.avg = 1000.0, Trials.max = 1000
Time.min = 41.27 sec., Time.avg = 41.27 sec., Time.max = 41.27 sec.
Time.total = 43.52 sec.
  Size.min = 12, Size.max = 35, Penalty = 0
  Cost.min = 574208, Cost.max = 3356055, Cost.sum = 44750658
Best CVRPTW solution:
  Cost = 0_44750658
208 1 108 60 347 429 216 484 254 93 472 15 79 471 428 70 314 181 16 442 192 85 260 155 402 445 434 242 483 520 141 142 425 78 138 116 297 63 81 33 324 228 319 379 203 183 490 515 433 380 165 493 441 132 436 69 200 168 27 325 11 68 367 462 237 343 268 198 164 513 338 494 29 32 113 274 352 75 153 443 405 194 259 130 224 176 258 59 498 403 381 159 246 55 286 454 102 516 205 427 450 304 96 253 476 391 481 290 134 125 460 133 362 317 341 144 187 369 10 517 161 48 44 377 182 58 455 295 218 92 94 129 508 105 56 272 301 213 88 424 136 131 273 98 14 124 485 321 211 256 336 439 236 193 195 302 252 230 404 474 510 217 67 37 86 420 145 299 307 421 12 280 267 401 431 111 160 349 53 166 491 452 345 191 432 128 399 519 89 197 209 438 54 463 76 492 363 261 72 371 444 414 435 464 495 152 233 172 480 180 285 322 305 361 266 502 375 354 223 326 51 466 275 291 376 315 316 232 119 26 453 479 409 147 365 437 156 499 115 511 348 337 382 235 392 372 127 364 448 240 123 151 2 135 360 387 281 162 46 50 368 140 395 320 149 413 179 514 39 245 419 188 467 385 293 292 418 219 5 373 456 415 226 143 423 34 24 80 214 333 77 148 400 265 255 185 506 384 139 154 8 126 62 283 459 359 394 342 331 247 157 422 503 146 178 57 497 487 175 388 277 65 312 355 231 330 99 313 109 417 370 378 239 42 393 518 276 282 201 473 469 7 334 6 289 250 294 288 120 174 270 353 103 137 430 449 458 4 407 9 91 43 90 416 475 284 328 40 350 340 101 509 457 23 221 35 184 257 279 66 229 306 358 64 41 28 488 158 52 269 398 496 163 501 477 356 482 339 47 234 505 374 251 412 114 383 478 323 36 190 300 199 327 112 104 406 262 215 396 173 110 186 344 426 169 410 117 74 222 38 411 461 238 440 512 61 204 386 329 287 303 486 73 71 318 25 468 335 19 87 196 264 45 122 451 82 489 106 49 500 177 311 390 207 357 22 121 171 465 97 504 84 150 31 366 446 296 447 20 346 220 263 389 227 244 30 83 100 17 202 167 210 206 241 507 13 408 309 107 271 470 243 225 170 298 310 21 212 189 3 248 332 95 397 249 18 118 351 278 308 208 
