PARAMETER_FILE = result/cvrptw_500/LKH_para/189.para
Reading PROBLEM_FILE: "result/cvrptw_500/cvrptw/189.cvrptw" ... done
ASCENT_CANDIDATES = 50
BACKBONE_TRIALS = 0
BACKTRACKING = NO
# BWTSP =
# CANDIDATE_FILE =
CANDIDATE_SET_TYPE = ALPHA
DEPOT = 1
# EDGE_FILE =
EXCESS = 0.0384615
EXTERNAL_SALESMEN = 0
EXTRA_CANDIDATES = 0 
EXTRA_CANDIDATE_SET_TYPE = QUADRANT
GAIN23 = NO
GAIN_CRITERION = YES
INITIAL_PERIOD = 520
INITIAL_STEP_SIZE = 1
INITIAL_TOUR_ALGORITHM = WALK
# INITIAL_TOUR_FILE = 
INITIAL_TOUR_FRACTION = 1.000
# INPUT_TOUR_FILE = 
KICK_TYPE = 4
KICKS = 1
# MAX_BREADTH =
MAKESPAN = NO
MAX_CANDIDATES = 5 
MAX_SWAPS = 0
MAX_TRIALS = 1000
# MERGE_TOUR_FILE =
MOVE_TYPE = 5 SPECIAL
MTSP_MIN_SIZE = 1
MTSP_MAX_SIZE = 1039
# MTSP_SOLUTION_FILE = 
# NONSEQUENTIAL_MOVE_TYPE = 5
# OPTIMUM =
# OUTPUT_TOUR_FILE = 
PATCHING_A = 1 
PATCHING_C = 0 
# PI_FILE = 
POPMUSIC_INITIAL_TOUR = NO
POPMUSIC_MAX_NEIGHBORS = 5
POPMUSIC_SAMPLE_SIZE = 10
POPMUSIC_SOLUTIONS = 50
POPMUSIC_TRIALS = 1
POPULATION_SIZE = 10
PRECISION = 100
PROBLEM_FILE = result/cvrptw_500/cvrptw/189.cvrptw
RECOMBINATION = IPT
RESTRICTED_SEARCH = YES
RUNS = 1
SALESMEN = 20
SCALE = 1
SEED = 1234
# SINTEF_SOLUTION_FILE = 
STOP_AT_OPTIMUM = YES
SUBGRADIENT = YES
# SUBPROBLEM_SIZE =
# SUBPROBLEM_TOUR_FILE = 
SUBSEQUENT_MOVE_TYPE = 5 SPECIAL
SUBSEQUENT_PATCHING = YES
# TIME_LIMIT =
# TOUR_FILE = 
TRACE_LEVEL = 1
VEHICLES = 20

Lower bound = 25736430.6, Ascent time = 2.49 sec.
Cand.min = 5, Cand.avg = 5.0, Cand.max = 5
Edges.fixed = 520 [Cost = 0]
Preprocessing time = 2.58 sec.
* 1: Cost = 1355103_56600264, Time = 4.37 sec. 
-Trial 1 1355103 56600264 6.957388
* 2: Cost = 1355103_55951356, Time = 4.51 sec. 
-Trial 2 1355103 55951356 7.096693
-Trial 3 1355103 55951356 7.273362
* 4: Cost = 1179537_54521533, Time = 5.87 sec. 
-Trial 4 1179537 54521533 8.459469
-Trial 5 1179537 54521533 8.529809
* 6: Cost = 1179537_54088237, Time = 6.00 sec. 
-Trial 6 1179537 54088237 8.582973
* 7: Cost = 1179537_54065256, Time = 6.09 sec. 
-Trial 7 1179537 54065256 8.672855
* 8: Cost = 1179537_54016611, Time = 6.24 sec. 
-Trial 8 1179537 54016611 8.819983
-Trial 9 1179537 54016611 8.944096
-Trial 10 1179537 54016611 9.150815
* 11: Cost = 1179537_53791417, Time = 6.66 sec. 
-Trial 11 1179537 53791417 9.240970
* 12: Cost = 1179537_53723180, Time = 6.68 sec. 
-Trial 12 1179537 53723180 9.268678
* 13: Cost = 1179537_53679127, Time = 6.74 sec. 
-Trial 13 1179537 53679127 9.323354
-Trial 14 1179537 53679127 9.410144
* 15: Cost = 1179537_53588343, Time = 6.95 sec. 
-Trial 15 1179537 53588343 9.536117
-Trial 16 1179537 53588343 9.706539
* 17: Cost = 1179537_53528849, Time = 7.22 sec. 
-Trial 17 1179537 53528849 9.808900
-Trial 18 1179537 53528849 9.828339
-Trial 19 1179537 53528849 9.879834
* 20: Cost = 1179537_53467065, Time = 7.62 sec. 
-Trial 20 1179537 53467065 10.200639
-Trial 21 1179537 53467065 10.312719
-Trial 22 1179537 53467065 10.323428
-Trial 23 1179537 53467065 10.409963
-Trial 24 1179537 53467065 10.511766
-Trial 25 1179537 53467065 10.628919
-Trial 26 1179537 53467065 10.659663
-Trial 27 1179537 53467065 10.781935
* 28: Cost = 1179537_53269452, Time = 8.48 sec. 
-Trial 28 1179537 53269452 11.069438
-Trial 29 1179537 53269452 11.177142
* 30: Cost = 1179537_53174119, Time = 8.67 sec. 
-Trial 30 1179537 53174119 11.257451
-Trial 31 1179537 53174119 11.603066
-Trial 32 1179537 53174119 11.728858
* 33: Cost = 1179537_52951614, Time = 9.18 sec. 
-Trial 33 1179537 52951614 11.761377
* 34: Cost = 1179537_52945387, Time = 9.31 sec. 
-Trial 34 1179537 52945387 11.899423
-Trial 35 1179537 52945387 12.088840
* 36: Cost = 1179537_52758134, Time = 9.65 sec. 
-Trial 36 1179537 52758134 12.236541
-Trial 37 1179537 52758134 12.327661
-Trial 38 1179537 52758134 12.519360
-Trial 39 1179537 52758134 12.697610
* 40: Cost = 746967_54144954, Time = 10.32 sec. 
-Trial 40 746967 54144954 12.907025
-Trial 41 746967 54144954 13.046260
-Trial 42 746967 54144954 13.059783
-Trial 43 746967 54144954 13.108738
-Trial 44 746967 54144954 13.162978
-Trial 45 746967 54144954 13.262238
-Trial 46 746967 54144954 13.288413
-Trial 47 746967 54144954 13.396029
-Trial 48 746967 54144954 13.402527
-Trial 49 746967 54144954 13.480769
-Trial 50 746967 54144954 13.500705
* 51: Cost = 132591_55487569, Time = 11.25 sec. 
-Trial 51 132591 55487569 13.835853
-Trial 52 132591 55487569 13.850111
* 53: Cost = 132591_54665103, Time = 11.36 sec. 
-Trial 53 132591 54665103 13.942621
-Trial 54 132591 54665103 13.974188
* 55: Cost = 32547_54566759, Time = 11.54 sec. 
-Trial 55 32547 54566759 14.126071
-Trial 56 32547 54566759 14.133861
* 57: Cost = 32547_54070652, Time = 11.78 sec. 
-Trial 57 32547 54070652 14.368750
* 58: Cost = 0_52713206, Time = 12.14 sec. 
-Trial 58 0 52713206 14.724591
-Trial 59 0 52713206 14.751302
-Trial 60 0 52713206 14.751957
-Trial 61 0 52713206 14.754515
-Trial 62 0 52713206 14.767172
-Trial 63 0 52713206 14.776086
-Trial 64 0 52713206 14.809794
-Trial 65 0 52713206 15.039046
* 66: Cost = 0_52631996, Time = 12.49 sec. 
-Trial 66 0 52631996 15.070862
-Trial 67 0 52631996 15.078328
* 68: Cost = 0_52578349, Time = 12.50 sec. 
-Trial 68 0 52578349 15.089374
-Trial 69 0 52578349 15.095560
* 70: Cost = 0_52429569, Time = 12.56 sec. 
-Trial 70 0 52429569 15.140597
* 71: Cost = 0_52210234, Time = 12.59 sec. 
-Trial 71 0 52210234 15.176311
* 72: Cost = 0_52075924, Time = 12.60 sec. 
-Trial 72 0 52075924 15.187387
* 73: Cost = 0_51819435, Time = 12.69 sec. 
-Trial 73 0 51819435 15.275666
* 74: Cost = 0_51817277, Time = 12.70 sec. 
-Trial 74 0 51817277 15.281367
-Trial 75 0 51817277 15.458399
-Trial 76 0 51817277 15.463955
-Trial 77 0 51817277 15.480037
* 78: Cost = 0_51720673, Time = 12.90 sec. 
-Trial 78 0 51720673 15.487669
* 79: Cost = 0_51493091, Time = 13.02 sec. 
-Trial 79 0 51493091 15.601534
* 80: Cost = 0_51194410, Time = 13.07 sec. 
-Trial 80 0 51194410 15.655026
* 81: Cost = 0_51146519, Time = 13.08 sec. 
-Trial 81 0 51146519 15.668676
-Trial 82 0 51146519 15.681727
* 83: Cost = 0_51080387, Time = 13.11 sec. 
-Trial 83 0 51080387 15.691535
-Trial 84 0 51080387 15.795176
-Trial 85 0 51080387 15.851555
* 86: Cost = 0_50970013, Time = 13.33 sec. 
-Trial 86 0 50970013 15.916266
-Trial 87 0 50970013 15.997676
-Trial 88 0 50970013 16.007765
* 89: Cost = 0_50925259, Time = 13.43 sec. 
-Trial 89 0 50925259 16.010996
-Trial 90 0 50925259 16.063277
* 91: Cost = 0_50835667, Time = 13.49 sec. 
-Trial 91 0 50835667 16.072222
-Trial 92 0 50835667 16.118137
-Trial 93 0 50835667 16.202811
-Trial 94 0 50835667 16.214569
* 95: Cost = 0_50743374, Time = 13.67 sec. 
-Trial 95 0 50743374 16.257771
-Trial 96 0 50743374 16.278699
* 97: Cost = 0_50333823, Time = 13.73 sec. 
-Trial 97 0 50333823 16.313549
* 98: Cost = 0_50333819, Time = 13.79 sec. 
-Trial 98 0 50333819 16.375012
-Trial 99 0 50333819 16.389080
* 100: Cost = 0_50323756, Time = 13.81 sec. 
-Trial 100 0 50323756 16.391130
* 101: Cost = 0_49926516, Time = 13.82 sec. 
-Trial 101 0 49926516 16.405747
* 102: Cost = 0_49809729, Time = 13.83 sec. 
-Trial 102 0 49809729 16.419108
-Trial 103 0 49809729 16.445298
-Trial 104 0 49809729 16.498667
-Trial 105 0 49809729 16.511561
* 106: Cost = 0_49638860, Time = 13.96 sec. 
-Trial 106 0 49638860 16.544729
-Trial 107 0 49638860 16.602328
-Trial 108 0 49638860 16.613387
-Trial 109 0 49638860 16.622069
-Trial 110 0 49638860 16.633165
-Trial 111 0 49638860 16.633870
-Trial 112 0 49638860 16.644313
* 113: Cost = 0_48831794, Time = 14.09 sec. 
-Trial 113 0 48831794 16.671738
-Trial 114 0 48831794 16.682857
-Trial 115 0 48831794 16.755164
-Trial 116 0 48831794 16.808246
* 117: Cost = 0_48757209, Time = 14.26 sec. 
-Trial 117 0 48757209 16.847566
-Trial 118 0 48757209 16.870788
-Trial 119 0 48757209 16.880429
-Trial 120 0 48757209 16.939032
-Trial 121 0 48757209 16.941964
-Trial 122 0 48757209 16.946734
-Trial 123 0 48757209 17.013707
* 124: Cost = 0_48647852, Time = 14.47 sec. 
-Trial 124 0 48647852 17.055070
-Trial 125 0 48647852 17.059077
* 126: Cost = 0_48597556, Time = 14.53 sec. 
-Trial 126 0 48597556 17.115943
-Trial 127 0 48597556 17.201421
-Trial 128 0 48597556 17.253499
-Trial 129 0 48597556 17.274811
-Trial 130 0 48597556 17.301849
-Trial 131 0 48597556 17.356975
-Trial 132 0 48597556 17.425783
-Trial 133 0 48597556 17.526750
* 134: Cost = 0_48595144, Time = 14.99 sec. 
-Trial 134 0 48595144 17.578142
* 135: Cost = 0_48568531, Time = 15.02 sec. 
-Trial 135 0 48568531 17.602938
-Trial 136 0 48568531 17.642868
-Trial 137 0 48568531 17.646678
-Trial 138 0 48568531 17.669588
-Trial 139 0 48568531 17.763751
-Trial 140 0 48568531 17.766557
* 141: Cost = 0_48518383, Time = 15.22 sec. 
-Trial 141 0 48518383 17.803845
-Trial 142 0 48518383 17.816481
-Trial 143 0 48518383 17.819629
-Trial 144 0 48518383 17.852343
-Trial 145 0 48518383 17.887357
-Trial 146 0 48518383 17.913967
-Trial 147 0 48518383 17.942550
-Trial 148 0 48518383 17.944104
-Trial 149 0 48518383 17.957945
* 150: Cost = 0_48510747, Time = 15.39 sec. 
-Trial 150 0 48510747 17.972710
-Trial 151 0 48510747 17.996039
-Trial 152 0 48510747 18.133743
-Trial 153 0 48510747 18.146809
* 154: Cost = 0_48447998, Time = 15.57 sec. 
-Trial 154 0 48447998 18.159464
* 155: Cost = 0_48080055, Time = 15.74 sec. 
-Trial 155 0 48080055 18.320012
-Trial 156 0 48080055 18.399575
* 157: Cost = 0_48027229, Time = 15.89 sec. 
-Trial 157 0 48027229 18.474851
-Trial 158 0 48027229 18.489694
* 159: Cost = 0_47583738, Time = 15.94 sec. 
-Trial 159 0 47583738 18.521777
-Trial 160 0 47583738 18.606093
-Trial 161 0 47583738 18.643915
-Trial 162 0 47583738 18.653414
-Trial 163 0 47583738 18.738812
* 164: Cost = 0_47465769, Time = 16.17 sec. 
-Trial 164 0 47465769 18.753684
* 165: Cost = 0_47079273, Time = 16.19 sec. 
-Trial 165 0 47079273 18.773393
* 166: Cost = 0_47047193, Time = 16.30 sec. 
-Trial 166 0 47047193 18.884516
* 167: Cost = 0_46808846, Time = 16.33 sec. 
-Trial 167 0 46808846 18.913033
-Trial 168 0 46808846 18.926525
-Trial 169 0 46808846 18.935113
-Trial 170 0 46808846 19.024252
-Trial 171 0 46808846 19.029338
-Trial 172 0 46808846 19.082193
* 173: Cost = 0_46720702, Time = 16.53 sec. 
-Trial 173 0 46720702 19.113324
-Trial 174 0 46720702 19.154959
-Trial 175 0 46720702 19.523988
-Trial 176 0 46720702 19.668996
-Trial 177 0 46720702 19.673888
-Trial 178 0 46720702 19.719504
* 179: Cost = 0_46681027, Time = 17.16 sec. 
-Trial 179 0 46681027 19.741708
-Trial 180 0 46681027 19.765012
* 181: Cost = 0_46672525, Time = 17.19 sec. 
-Trial 181 0 46672525 19.776203
* 182: Cost = 0_46668609, Time = 17.20 sec. 
-Trial 182 0 46668609 19.782845
-Trial 183 0 46668609 19.986330
-Trial 184 0 46668609 20.254708
-Trial 185 0 46668609 20.261646
* 186: Cost = 0_46636884, Time = 17.70 sec. 
-Trial 186 0 46636884 20.280965
-Trial 187 0 46636884 20.283485
-Trial 188 0 46636884 20.299485
* 189: Cost = 0_46581070, Time = 17.73 sec. 
-Trial 189 0 46581070 20.314992
-Trial 190 0 46581070 20.409459
-Trial 191 0 46581070 20.532688
-Trial 192 0 46581070 20.555517
-Trial 193 0 46581070 20.581582
-Trial 194 0 46581070 20.619530
-Trial 195 0 46581070 20.626944
-Trial 196 0 46581070 20.643506
-Trial 197 0 46581070 20.678313
* 198: Cost = 0_46516218, Time = 18.10 sec. 
-Trial 198 0 46516218 20.682771
-Trial 199 0 46516218 20.691763
-Trial 200 0 46516218 20.698822
* 201: Cost = 0_46382178, Time = 18.20 sec. 
-Trial 201 0 46382178 20.783532
-Trial 202 0 46382178 20.810901
-Trial 203 0 46382178 20.820921
-Trial 204 0 46382178 20.911736
-Trial 205 0 46382178 20.955075
-Trial 206 0 46382178 21.020743
-Trial 207 0 46382178 21.028310
-Trial 208 0 46382178 21.046380
-Trial 209 0 46382178 21.055480
-Trial 210 0 46382178 21.184425
-Trial 211 0 46382178 21.188991
-Trial 212 0 46382178 21.230147
-Trial 213 0 46382178 21.248786
-Trial 214 0 46382178 21.258970
-Trial 215 0 46382178 21.516396
-Trial 216 0 46382178 21.638774
-Trial 217 0 46382178 21.651994
-Trial 218 0 46382178 21.665178
-Trial 219 0 46382178 21.707535
-Trial 220 0 46382178 21.728124
-Trial 221 0 46382178 21.745016
* 222: Cost = 0_46308954, Time = 19.20 sec. 
-Trial 222 0 46308954 21.784265
-Trial 223 0 46308954 21.792355
-Trial 224 0 46308954 21.803836
-Trial 225 0 46308954 21.833884
-Trial 226 0 46308954 21.839404
-Trial 227 0 46308954 21.845522
* 228: Cost = 0_46258629, Time = 19.29 sec. 
-Trial 228 0 46258629 21.877490
* 229: Cost = 0_46250493, Time = 19.31 sec. 
-Trial 229 0 46250493 21.895737
-Trial 230 0 46250493 21.905220
-Trial 231 0 46250493 21.919979
-Trial 232 0 46250493 21.980984
-Trial 233 0 46250493 21.987627
-Trial 234 0 46250493 21.998375
-Trial 235 0 46250493 22.011577
-Trial 236 0 46250493 22.014400
-Trial 237 0 46250493 22.043391
-Trial 238 0 46250493 22.182777
-Trial 239 0 46250493 22.227589
* 240: Cost = 0_46237154, Time = 19.66 sec. 
-Trial 240 0 46237154 22.241514
-Trial 241 0 46237154 22.248562
-Trial 242 0 46237154 22.266235
-Trial 243 0 46237154 22.309007
* 244: Cost = 0_46229519, Time = 19.75 sec. 
-Trial 244 0 46229519 22.332401
-Trial 245 0 46229519 22.332911
-Trial 246 0 46229519 22.355162
-Trial 247 0 46229519 22.375997
-Trial 248 0 46229519 22.438813
* 249: Cost = 0_46093973, Time = 19.87 sec. 
-Trial 249 0 46093973 22.454220
-Trial 250 0 46093973 22.464121
-Trial 251 0 46093973 22.494441
-Trial 252 0 46093973 22.506304
-Trial 253 0 46093973 22.549281
-Trial 254 0 46093973 22.621327
-Trial 255 0 46093973 22.659236
-Trial 256 0 46093973 22.908711
-Trial 257 0 46093973 22.954759
-Trial 258 0 46093973 22.999668
-Trial 259 0 46093973 23.049738
* 260: Cost = 0_46071389, Time = 20.48 sec. 
-Trial 260 0 46071389 23.069121
-Trial 261 0 46071389 23.108444
-Trial 262 0 46071389 23.136267
-Trial 263 0 46071389 23.143117
* 264: Cost = 0_45982230, Time = 20.56 sec. 
-Trial 264 0 45982230 23.149483
-Trial 265 0 45982230 23.208515
-Trial 266 0 45982230 23.217520
-Trial 267 0 45982230 23.245543
-Trial 268 0 45982230 23.309446
-Trial 269 0 45982230 23.310488
-Trial 270 0 45982230 23.361757
-Trial 271 0 45982230 23.388814
-Trial 272 0 45982230 23.472472
-Trial 273 0 45982230 23.499909
-Trial 274 0 45982230 23.572228
-Trial 275 0 45982230 23.624624
-Trial 276 0 45982230 23.648223
-Trial 277 0 45982230 23.648797
-Trial 278 0 45982230 23.713611
-Trial 279 0 45982230 23.763601
-Trial 280 0 45982230 23.798319
-Trial 281 0 45982230 23.851258
* 282: Cost = 0_45889895, Time = 21.34 sec. 
-Trial 282 0 45889895 23.922462
-Trial 283 0 45889895 23.941679
-Trial 284 0 45889895 23.948581
* 285: Cost = 0_45881297, Time = 21.41 sec. 
-Trial 285 0 45881297 23.990963
-Trial 286 0 45881297 24.023364
-Trial 287 0 45881297 24.041038
-Trial 288 0 45881297 24.050894
-Trial 289 0 45881297 24.083151
-Trial 290 0 45881297 24.114555
* 291: Cost = 0_45756205, Time = 21.55 sec. 
-Trial 291 0 45756205 24.133626
-Trial 292 0 45756205 24.181231
-Trial 293 0 45756205 24.201371
-Trial 294 0 45756205 24.204911
-Trial 295 0 45756205 24.211748
-Trial 296 0 45756205 24.401304
-Trial 297 0 45756205 24.410073
-Trial 298 0 45756205 24.458559
-Trial 299 0 45756205 24.534494
-Trial 300 0 45756205 24.604115
-Trial 301 0 45756205 24.614791
-Trial 302 0 45756205 24.635729
-Trial 303 0 45756205 24.657293
-Trial 304 0 45756205 24.664178
-Trial 305 0 45756205 24.756337
-Trial 306 0 45756205 24.792028
-Trial 307 0 45756205 24.825697
-Trial 308 0 45756205 24.850280
-Trial 309 0 45756205 24.862240
-Trial 310 0 45756205 24.874434
* 311: Cost = 0_45731994, Time = 22.34 sec. 
-Trial 311 0 45731994 24.919977
-Trial 312 0 45731994 24.945795
-Trial 313 0 45731994 24.952849
-Trial 314 0 45731994 24.982752
-Trial 315 0 45731994 24.990992
-Trial 316 0 45731994 25.289095
-Trial 317 0 45731994 25.290516
-Trial 318 0 45731994 25.308506
-Trial 319 0 45731994 25.389282
-Trial 320 0 45731994 25.399559
-Trial 321 0 45731994 25.410431
-Trial 322 0 45731994 25.529334
-Trial 323 0 45731994 25.648396
-Trial 324 0 45731994 25.658860
-Trial 325 0 45731994 25.665216
-Trial 326 0 45731994 25.680319
-Trial 327 0 45731994 25.693212
-Trial 328 0 45731994 25.728969
-Trial 329 0 45731994 25.732618
-Trial 330 0 45731994 25.776455
-Trial 331 0 45731994 25.807787
* 332: Cost = 0_45680247, Time = 23.32 sec. 
-Trial 332 0 45680247 25.903214
-Trial 333 0 45680247 25.923535
-Trial 334 0 45680247 25.937226
* 335: Cost = 0_45649613, Time = 23.37 sec. 
-Trial 335 0 45649613 25.957246
-Trial 336 0 45649613 25.973156
-Trial 337 0 45649613 25.985750
-Trial 338 0 45649613 26.046223
-Trial 339 0 45649613 26.047424
-Trial 340 0 45649613 26.380380
-Trial 341 0 45649613 26.425594
-Trial 342 0 45649613 26.561284
-Trial 343 0 45649613 26.585806
-Trial 344 0 45649613 26.595381
-Trial 345 0 45649613 26.601600
-Trial 346 0 45649613 26.675506
-Trial 347 0 45649613 26.692345
-Trial 348 0 45649613 26.745010
-Trial 349 0 45649613 26.747566
-Trial 350 0 45649613 26.753160
-Trial 351 0 45649613 26.772550
-Trial 352 0 45649613 26.773215
-Trial 353 0 45649613 26.795325
-Trial 354 0 45649613 26.846370
-Trial 355 0 45649613 26.894084
-Trial 356 0 45649613 26.904394
-Trial 357 0 45649613 26.967062
-Trial 358 0 45649613 26.970264
-Trial 359 0 45649613 26.999788
-Trial 360 0 45649613 27.016698
-Trial 361 0 45649613 27.039734
-Trial 362 0 45649613 27.073558
-Trial 363 0 45649613 27.198702
-Trial 364 0 45649613 27.222041
* 365: Cost = 0_45622764, Time = 24.65 sec. 
-Trial 365 0 45622764 27.239416
-Trial 366 0 45622764 27.352687
-Trial 367 0 45622764 27.378637
-Trial 368 0 45622764 27.415923
-Trial 369 0 45622764 27.426894
-Trial 370 0 45622764 27.622082
-Trial 371 0 45622764 27.654135
-Trial 372 0 45622764 27.689695
-Trial 373 0 45622764 27.759939
-Trial 374 0 45622764 27.798376
-Trial 375 0 45622764 27.808540
-Trial 376 0 45622764 27.824174
-Trial 377 0 45622764 27.845916
-Trial 378 0 45622764 27.874743
-Trial 379 0 45622764 27.926227
-Trial 380 0 45622764 27.954373
-Trial 381 0 45622764 27.983690
-Trial 382 0 45622764 27.993246
* 383: Cost = 0_45621508, Time = 25.44 sec. 
-Trial 383 0 45621508 28.021796
-Trial 384 0 45621508 28.098611
-Trial 385 0 45621508 28.114574
-Trial 386 0 45621508 28.138109
-Trial 387 0 45621508 28.148457
-Trial 388 0 45621508 28.192680
-Trial 389 0 45621508 28.203321
-Trial 390 0 45621508 28.213148
-Trial 391 0 45621508 28.220005
-Trial 392 0 45621508 28.223478
-Trial 393 0 45621508 28.237068
-Trial 394 0 45621508 28.290731
-Trial 395 0 45621508 28.307584
-Trial 396 0 45621508 28.382546
-Trial 397 0 45621508 28.385974
-Trial 398 0 45621508 28.387467
-Trial 399 0 45621508 28.463888
* 400: Cost = 0_45621041, Time = 25.92 sec. 
-Trial 400 0 45621041 28.500586
-Trial 401 0 45621041 28.579188
-Trial 402 0 45621041 28.635726
-Trial 403 0 45621041 28.655530
-Trial 404 0 45621041 28.661832
-Trial 405 0 45621041 28.682602
-Trial 406 0 45621041 28.742443
-Trial 407 0 45621041 28.755944
-Trial 408 0 45621041 28.789884
-Trial 409 0 45621041 28.828486
-Trial 410 0 45621041 29.035448
-Trial 411 0 45621041 29.042920
-Trial 412 0 45621041 29.092190
-Trial 413 0 45621041 29.101984
-Trial 414 0 45621041 29.104583
-Trial 415 0 45621041 29.106221
-Trial 416 0 45621041 29.227969
-Trial 417 0 45621041 29.228762
-Trial 418 0 45621041 29.240046
-Trial 419 0 45621041 29.245617
-Trial 420 0 45621041 29.258375
-Trial 421 0 45621041 29.263337
-Trial 422 0 45621041 29.288040
-Trial 423 0 45621041 29.326102
-Trial 424 0 45621041 29.328695
-Trial 425 0 45621041 29.350309
* 426: Cost = 0_45436836, Time = 26.79 sec. 
-Trial 426 0 45436836 29.371328
-Trial 427 0 45436836 29.489883
-Trial 428 0 45436836 29.701918
-Trial 429 0 45436836 29.717247
-Trial 430 0 45436836 29.727172
-Trial 431 0 45436836 29.875960
-Trial 432 0 45436836 29.899794
-Trial 433 0 45436836 29.904642
-Trial 434 0 45436836 29.908797
-Trial 435 0 45436836 29.909876
-Trial 436 0 45436836 29.955531
-Trial 437 0 45436836 29.965746
-Trial 438 0 45436836 30.034867
-Trial 439 0 45436836 30.060458
-Trial 440 0 45436836 30.065325
-Trial 441 0 45436836 30.070240
-Trial 442 0 45436836 30.102029
-Trial 443 0 45436836 30.314896
-Trial 444 0 45436836 30.317545
-Trial 445 0 45436836 30.326844
-Trial 446 0 45436836 30.368693
-Trial 447 0 45436836 30.372618
-Trial 448 0 45436836 30.382726
-Trial 449 0 45436836 30.491506
-Trial 450 0 45436836 30.501536
-Trial 451 0 45436836 30.526500
-Trial 452 0 45436836 30.537663
-Trial 453 0 45436836 30.556411
-Trial 454 0 45436836 30.614931
-Trial 455 0 45436836 30.655524
-Trial 456 0 45436836 30.691833
-Trial 457 0 45436836 30.699369
-Trial 458 0 45436836 30.725814
-Trial 459 0 45436836 30.727929
-Trial 460 0 45436836 30.778451
-Trial 461 0 45436836 30.803046
-Trial 462 0 45436836 30.805966
-Trial 463 0 45436836 30.809913
-Trial 464 0 45436836 30.846185
-Trial 465 0 45436836 30.859394
-Trial 466 0 45436836 30.900281
-Trial 467 0 45436836 30.940156
* 468: Cost = 0_45420788, Time = 28.37 sec. 
-Trial 468 0 45420788 30.950178
-Trial 469 0 45420788 30.952830
-Trial 470 0 45420788 30.961042
-Trial 471 0 45420788 30.995066
-Trial 472 0 45420788 31.025647
-Trial 473 0 45420788 31.049132
-Trial 474 0 45420788 31.076173
-Trial 475 0 45420788 31.102905
-Trial 476 0 45420788 31.122687
-Trial 477 0 45420788 31.136244
-Trial 478 0 45420788 31.157643
-Trial 479 0 45420788 31.205018
-Trial 480 0 45420788 31.224515
-Trial 481 0 45420788 31.225865
-Trial 482 0 45420788 31.249898
-Trial 483 0 45420788 31.259550
-Trial 484 0 45420788 31.274491
-Trial 485 0 45420788 31.300380
-Trial 486 0 45420788 31.304416
-Trial 487 0 45420788 31.311771
-Trial 488 0 45420788 31.326879
* 489: Cost = 0_45350894, Time = 28.75 sec. 
-Trial 489 0 45350894 31.338755
-Trial 490 0 45350894 31.363821
-Trial 491 0 45350894 31.387078
-Trial 492 0 45350894 31.445576
-Trial 493 0 45350894 31.452383
-Trial 494 0 45350894 31.464978
-Trial 495 0 45350894 31.472617
-Trial 496 0 45350894 31.480418
-Trial 497 0 45350894 31.495959
* 498: Cost = 0_45341232, Time = 28.94 sec. 
-Trial 498 0 45341232 31.523932
-Trial 499 0 45341232 31.532114
-Trial 500 0 45341232 31.537817
-Trial 501 0 45341232 31.547968
-Trial 502 0 45341232 31.558512
-Trial 503 0 45341232 31.597398
-Trial 504 0 45341232 31.728346
-Trial 505 0 45341232 31.735942
-Trial 506 0 45341232 31.738043
-Trial 507 0 45341232 31.739783
-Trial 508 0 45341232 31.742982
-Trial 509 0 45341232 31.829269
-Trial 510 0 45341232 31.833282
* 511: Cost = 0_45323040, Time = 29.26 sec. 
-Trial 511 0 45323040 31.843637
-Trial 512 0 45323040 31.871117
-Trial 513 0 45323040 31.877077
-Trial 514 0 45323040 31.881534
-Trial 515 0 45323040 31.909323
-Trial 516 0 45323040 31.953417
-Trial 517 0 45323040 32.013354
-Trial 518 0 45323040 32.072260
-Trial 519 0 45323040 32.081805
-Trial 520 0 45323040 32.101270
-Trial 521 0 45323040 32.117948
-Trial 522 0 45323040 32.130674
-Trial 523 0 45323040 32.134353
-Trial 524 0 45323040 32.135406
* 525: Cost = 0_45316325, Time = 29.59 sec. 
-Trial 525 0 45316325 32.171330
-Trial 526 0 45316325 32.176810
-Trial 527 0 45316325 32.215319
-Trial 528 0 45316325 32.406849
-Trial 529 0 45316325 32.412902
-Trial 530 0 45316325 32.423014
-Trial 531 0 45316325 32.448496
-Trial 532 0 45316325 32.478856
-Trial 533 0 45316325 32.530771
-Trial 534 0 45316325 32.538231
-Trial 535 0 45316325 32.560353
-Trial 536 0 45316325 32.601926
* 537: Cost = 0_45312850, Time = 30.06 sec. 
-Trial 537 0 45312850 32.641141
-Trial 538 0 45312850 32.753514
-Trial 539 0 45312850 32.779399
-Trial 540 0 45312850 32.787384
-Trial 541 0 45312850 32.898385
-Trial 542 0 45312850 32.904205
-Trial 543 0 45312850 32.956838
-Trial 544 0 45312850 32.963923
-Trial 545 0 45312850 33.005374
-Trial 546 0 45312850 33.065548
-Trial 547 0 45312850 33.074984
-Trial 548 0 45312850 33.083255
-Trial 549 0 45312850 33.092070
-Trial 550 0 45312850 33.101003
-Trial 551 0 45312850 33.280307
-Trial 552 0 45312850 33.293670
-Trial 553 0 45312850 33.297227
-Trial 554 0 45312850 33.309022
-Trial 555 0 45312850 33.324082
-Trial 556 0 45312850 33.389896
-Trial 557 0 45312850 33.405117
-Trial 558 0 45312850 33.505769
-Trial 559 0 45312850 33.543001
-Trial 560 0 45312850 33.546738
-Trial 561 0 45312850 33.550482
-Trial 562 0 45312850 33.569724
-Trial 563 0 45312850 33.593592
-Trial 564 0 45312850 33.603368
-Trial 565 0 45312850 33.606436
-Trial 566 0 45312850 33.622558
-Trial 567 0 45312850 33.649027
* 568: Cost = 0_45305839, Time = 31.07 sec. 
-Trial 568 0 45305839 33.653511
-Trial 569 0 45305839 33.665389
-Trial 570 0 45305839 33.675140
-Trial 571 0 45305839 33.704768
-Trial 572 0 45305839 33.758621
-Trial 573 0 45305839 33.778834
-Trial 574 0 45305839 33.816730
-Trial 575 0 45305839 33.987601
-Trial 576 0 45305839 33.993727
* 577: Cost = 0_45277274, Time = 31.44 sec. 
-Trial 577 0 45277274 34.025034
-Trial 578 0 45277274 34.059098
-Trial 579 0 45277274 34.067355
* 580: Cost = 0_45276676, Time = 31.49 sec. 
-Trial 580 0 45276676 34.076301
-Trial 581 0 45276676 34.083745
-Trial 582 0 45276676 34.232432
-Trial 583 0 45276676 34.248141
-Trial 584 0 45276676 34.248616
-Trial 585 0 45276676 34.296155
-Trial 586 0 45276676 34.296842
-Trial 587 0 45276676 34.313511
-Trial 588 0 45276676 34.330207
-Trial 589 0 45276676 34.338017
-Trial 590 0 45276676 34.338864
-Trial 591 0 45276676 34.411148
-Trial 592 0 45276676 34.416320
-Trial 593 0 45276676 34.423100
-Trial 594 0 45276676 34.426793
* 595: Cost = 0_45243558, Time = 31.88 sec. 
-Trial 595 0 45243558 34.464724
-Trial 596 0 45243558 34.482942
-Trial 597 0 45243558 34.500469
-Trial 598 0 45243558 34.518506
-Trial 599 0 45243558 34.528565
* 600: Cost = 0_45215005, Time = 31.96 sec. 
-Trial 600 0 45215005 34.544045
-Trial 601 0 45215005 34.553935
-Trial 602 0 45215005 34.574958
-Trial 603 0 45215005 34.662247
-Trial 604 0 45215005 34.728472
-Trial 605 0 45215005 34.729053
-Trial 606 0 45215005 34.732712
-Trial 607 0 45215005 34.750244
* 608: Cost = 0_45207994, Time = 32.17 sec. 
-Trial 608 0 45207994 34.754585
-Trial 609 0 45207994 34.938593
-Trial 610 0 45207994 35.051916
-Trial 611 0 45207994 35.061085
-Trial 612 0 45207994 35.409792
-Trial 613 0 45207994 35.444755
-Trial 614 0 45207994 35.474993
-Trial 615 0 45207994 35.494081
-Trial 616 0 45207994 35.509914
-Trial 617 0 45207994 35.513296
-Trial 618 0 45207994 35.528175
-Trial 619 0 45207994 35.537391
-Trial 620 0 45207994 35.586505
-Trial 621 0 45207994 35.594438
-Trial 622 0 45207994 35.618889
-Trial 623 0 45207994 35.629273
-Trial 624 0 45207994 35.633449
-Trial 625 0 45207994 35.649493
-Trial 626 0 45207994 35.666047
-Trial 627 0 45207994 35.704264
* 628: Cost = 0_45192344, Time = 33.13 sec. 
-Trial 628 0 45192344 35.716694
-Trial 629 0 45192344 35.859126
-Trial 630 0 45192344 35.875861
-Trial 631 0 45192344 35.882800
-Trial 632 0 45192344 35.923355
-Trial 633 0 45192344 35.934464
-Trial 634 0 45192344 35.971260
-Trial 635 0 45192344 35.991293
-Trial 636 0 45192344 35.993867
-Trial 637 0 45192344 36.008437
-Trial 638 0 45192344 36.031905
-Trial 639 0 45192344 36.040144
-Trial 640 0 45192344 36.059095
-Trial 641 0 45192344 36.159783
-Trial 642 0 45192344 36.167782
-Trial 643 0 45192344 36.190984
-Trial 644 0 45192344 36.200609
-Trial 645 0 45192344 36.214549
-Trial 646 0 45192344 36.223686
-Trial 647 0 45192344 36.224625
-Trial 648 0 45192344 36.304525
-Trial 649 0 45192344 36.333886
-Trial 650 0 45192344 36.340824
-Trial 651 0 45192344 36.349730
-Trial 652 0 45192344 36.359946
-Trial 653 0 45192344 36.406999
-Trial 654 0 45192344 36.472063
-Trial 655 0 45192344 36.508636
-Trial 656 0 45192344 36.517328
-Trial 657 0 45192344 36.557048
-Trial 658 0 45192344 36.562380
-Trial 659 0 45192344 36.638230
-Trial 660 0 45192344 36.698255
-Trial 661 0 45192344 36.706447
-Trial 662 0 45192344 36.734121
-Trial 663 0 45192344 36.744279
-Trial 664 0 45192344 36.759031
-Trial 665 0 45192344 36.809882
* 666: Cost = 0_45185136, Time = 34.24 sec. 
-Trial 666 0 45185136 36.824486
-Trial 667 0 45185136 36.847135
-Trial 668 0 45185136 36.848140
-Trial 669 0 45185136 36.884258
-Trial 670 0 45185136 36.939229
-Trial 671 0 45185136 36.979512
-Trial 672 0 45185136 37.005551
-Trial 673 0 45185136 37.015288
-Trial 674 0 45185136 37.042616
-Trial 675 0 45185136 37.178454
-Trial 676 0 45185136 37.192664
-Trial 677 0 45185136 37.206664
-Trial 678 0 45185136 37.224643
-Trial 679 0 45185136 37.253132
-Trial 680 0 45185136 37.272597
-Trial 681 0 45185136 37.281684
-Trial 682 0 45185136 37.294092
-Trial 683 0 45185136 37.305340
-Trial 684 0 45185136 37.423518
-Trial 685 0 45185136 37.441858
-Trial 686 0 45185136 37.469863
-Trial 687 0 45185136 37.472529
-Trial 688 0 45185136 37.495202
-Trial 689 0 45185136 37.583444
-Trial 690 0 45185136 37.671623
-Trial 691 0 45185136 37.706918
-Trial 692 0 45185136 37.748049
-Trial 693 0 45185136 37.812723
-Trial 694 0 45185136 37.866346
-Trial 695 0 45185136 38.164496
-Trial 696 0 45185136 38.179596
-Trial 697 0 45185136 38.204439
-Trial 698 0 45185136 38.280221
-Trial 699 0 45185136 38.300135
-Trial 700 0 45185136 38.305150
-Trial 701 0 45185136 38.311194
-Trial 702 0 45185136 38.349678
-Trial 703 0 45185136 38.416692
-Trial 704 0 45185136 38.429997
-Trial 705 0 45185136 38.459081
-Trial 706 0 45185136 38.469733
-Trial 707 0 45185136 38.520937
-Trial 708 0 45185136 38.529461
-Trial 709 0 45185136 38.572686
-Trial 710 0 45185136 38.586926
-Trial 711 0 45185136 38.639448
-Trial 712 0 45185136 38.656945
-Trial 713 0 45185136 38.663309
-Trial 714 0 45185136 38.714952
-Trial 715 0 45185136 38.733144
-Trial 716 0 45185136 38.736484
-Trial 717 0 45185136 38.813961
-Trial 718 0 45185136 38.828725
-Trial 719 0 45185136 38.878458
-Trial 720 0 45185136 38.901997
-Trial 721 0 45185136 38.935192
-Trial 722 0 45185136 38.937906
-Trial 723 0 45185136 38.951730
-Trial 724 0 45185136 38.993756
-Trial 725 0 45185136 39.061424
-Trial 726 0 45185136 39.071889
-Trial 727 0 45185136 39.103133
-Trial 728 0 45185136 39.124425
-Trial 729 0 45185136 39.168099
-Trial 730 0 45185136 39.183072
-Trial 731 0 45185136 39.228124
-Trial 732 0 45185136 39.241394
-Trial 733 0 45185136 39.279641
-Trial 734 0 45185136 39.303332
-Trial 735 0 45185136 39.311091
-Trial 736 0 45185136 39.313473
-Trial 737 0 45185136 39.317482
-Trial 738 0 45185136 39.522278
-Trial 739 0 45185136 39.527741
-Trial 740 0 45185136 39.533540
-Trial 741 0 45185136 39.536568
-Trial 742 0 45185136 39.545005
-Trial 743 0 45185136 39.582897
-Trial 744 0 45185136 39.667160
-Trial 745 0 45185136 39.697866
-Trial 746 0 45185136 39.757206
-Trial 747 0 45185136 39.841862
* 748: Cost = 0_45140913, Time = 37.31 sec. 
-Trial 748 0 45140913 39.889749
-Trial 749 0 45140913 39.899212
-Trial 750 0 45140913 39.928470
-Trial 751 0 45140913 39.942355
-Trial 752 0 45140913 39.975718
-Trial 753 0 45140913 39.982729
-Trial 754 0 45140913 39.983196
-Trial 755 0 45140913 40.037061
-Trial 756 0 45140913 40.052888
-Trial 757 0 45140913 40.088249
-Trial 758 0 45140913 40.109499
-Trial 759 0 45140913 40.116196
-Trial 760 0 45140913 40.123138
-Trial 761 0 45140913 40.133858
-Trial 762 0 45140913 40.171365
-Trial 763 0 45140913 40.191451
-Trial 764 0 45140913 40.206649
-Trial 765 0 45140913 40.243656
-Trial 766 0 45140913 40.294289
-Trial 767 0 45140913 40.353131
-Trial 768 0 45140913 40.481465
-Trial 769 0 45140913 40.510128
-Trial 770 0 45140913 40.511846
-Trial 771 0 45140913 40.564586
-Trial 772 0 45140913 40.716639
-Trial 773 0 45140913 40.746626
-Trial 774 0 45140913 40.753219
-Trial 775 0 45140913 40.760448
-Trial 776 0 45140913 40.763475
-Trial 777 0 45140913 40.796433
-Trial 778 0 45140913 40.843796
-Trial 779 0 45140913 40.883708
-Trial 780 0 45140913 40.918487
-Trial 781 0 45140913 40.926472
-Trial 782 0 45140913 40.938952
-Trial 783 0 45140913 40.954194
-Trial 784 0 45140913 40.988800
-Trial 785 0 45140913 41.039732
-Trial 786 0 45140913 41.090769
-Trial 787 0 45140913 41.175452
-Trial 788 0 45140913 41.187176
-Trial 789 0 45140913 41.198882
-Trial 790 0 45140913 41.228988
-Trial 791 0 45140913 41.254782
-Trial 792 0 45140913 41.286527
-Trial 793 0 45140913 41.329109
-Trial 794 0 45140913 41.357617
-Trial 795 0 45140913 41.384044
-Trial 796 0 45140913 41.402770
-Trial 797 0 45140913 41.421315
-Trial 798 0 45140913 41.461021
-Trial 799 0 45140913 41.483352
-Trial 800 0 45140913 41.590092
-Trial 801 0 45140913 41.608810
-Trial 802 0 45140913 41.617496
-Trial 803 0 45140913 41.620579
-Trial 804 0 45140913 41.704474
-Trial 805 0 45140913 41.713199
-Trial 806 0 45140913 41.717071
-Trial 807 0 45140913 41.723065
-Trial 808 0 45140913 41.753806
-Trial 809 0 45140913 41.777996
-Trial 810 0 45140913 41.787698
-Trial 811 0 45140913 41.867522
-Trial 812 0 45140913 41.928990
-Trial 813 0 45140913 41.948150
-Trial 814 0 45140913 41.959156
-Trial 815 0 45140913 42.103615
-Trial 816 0 45140913 42.178417
-Trial 817 0 45140913 42.200457
-Trial 818 0 45140913 42.200937
-Trial 819 0 45140913 42.208171
-Trial 820 0 45140913 42.208742
-Trial 821 0 45140913 42.246067
-Trial 822 0 45140913 42.279033
-Trial 823 0 45140913 42.290311
-Trial 824 0 45140913 42.296968
-Trial 825 0 45140913 42.346232
-Trial 826 0 45140913 42.361423
-Trial 827 0 45140913 42.401738
-Trial 828 0 45140913 42.447963
-Trial 829 0 45140913 42.460569
-Trial 830 0 45140913 42.498285
-Trial 831 0 45140913 42.548492
-Trial 832 0 45140913 42.578682
-Trial 833 0 45140913 42.587454
-Trial 834 0 45140913 42.601684
-Trial 835 0 45140913 42.720627
-Trial 836 0 45140913 42.791129
-Trial 837 0 45140913 42.926206
-Trial 838 0 45140913 42.934913
-Trial 839 0 45140913 42.945866
-Trial 840 0 45140913 42.954511
-Trial 841 0 45140913 43.002001
-Trial 842 0 45140913 43.002592
-Trial 843 0 45140913 43.015436
-Trial 844 0 45140913 43.018037
-Trial 845 0 45140913 43.083941
-Trial 846 0 45140913 43.096686
-Trial 847 0 45140913 43.108487
-Trial 848 0 45140913 43.110512
-Trial 849 0 45140913 43.132341
-Trial 850 0 45140913 43.157231
-Trial 851 0 45140913 43.184079
-Trial 852 0 45140913 43.191966
-Trial 853 0 45140913 43.237499
-Trial 854 0 45140913 43.277899
-Trial 855 0 45140913 43.295397
-Trial 856 0 45140913 43.320577
-Trial 857 0 45140913 43.351367
-Trial 858 0 45140913 43.383605
-Trial 859 0 45140913 43.404688
-Trial 860 0 45140913 43.423140
-Trial 861 0 45140913 43.439602
-Trial 862 0 45140913 43.508632
-Trial 863 0 45140913 43.564998
-Trial 864 0 45140913 43.583936
-Trial 865 0 45140913 43.623875
-Trial 866 0 45140913 43.633394
-Trial 867 0 45140913 43.648908
-Trial 868 0 45140913 43.651326
-Trial 869 0 45140913 43.668999
-Trial 870 0 45140913 43.717658
-Trial 871 0 45140913 43.753048
* 872: Cost = 0_45131290, Time = 41.23 sec. 
-Trial 872 0 45131290 43.813721
-Trial 873 0 45131290 43.825282
-Trial 874 0 45131290 43.828316
-Trial 875 0 45131290 43.880087
-Trial 876 0 45131290 43.898713
-Trial 877 0 45131290 43.901611
-Trial 878 0 45131290 43.907452
-Trial 879 0 45131290 43.958649
-Trial 880 0 45131290 44.010038
-Trial 881 0 45131290 44.026302
-Trial 882 0 45131290 44.069876
-Trial 883 0 45131290 44.072421
-Trial 884 0 45131290 44.148950
-Trial 885 0 45131290 44.160711
-Trial 886 0 45131290 44.169857
-Trial 887 0 45131290 44.190836
* 888: Cost = 0_45127678, Time = 41.61 sec. 
-Trial 888 0 45127678 44.198588
-Trial 889 0 45127678 44.217814
-Trial 890 0 45127678 44.228996
-Trial 891 0 45127678 44.240369
-Trial 892 0 45127678 44.256204
-Trial 893 0 45127678 44.346608
-Trial 894 0 45127678 44.404394
-Trial 895 0 45127678 44.453682
-Trial 896 0 45127678 44.459078
-Trial 897 0 45127678 44.497946
-Trial 898 0 45127678 44.512706
-Trial 899 0 45127678 44.535282
-Trial 900 0 45127678 44.551503
-Trial 901 0 45127678 44.600010
-Trial 902 0 45127678 44.616221
-Trial 903 0 45127678 44.655511
-Trial 904 0 45127678 44.716575
-Trial 905 0 45127678 44.718929
-Trial 906 0 45127678 44.741552
-Trial 907 0 45127678 44.776018
-Trial 908 0 45127678 44.798273
-Trial 909 0 45127678 44.825977
-Trial 910 0 45127678 44.918574
-Trial 911 0 45127678 44.947256
-Trial 912 0 45127678 45.012215
-Trial 913 0 45127678 45.012648
-Trial 914 0 45127678 45.014656
-Trial 915 0 45127678 45.027078
-Trial 916 0 45127678 45.045607
-Trial 917 0 45127678 45.048661
-Trial 918 0 45127678 45.056771
-Trial 919 0 45127678 45.064300
-Trial 920 0 45127678 45.076581
-Trial 921 0 45127678 45.093293
-Trial 922 0 45127678 45.095353
-Trial 923 0 45127678 45.100851
-Trial 924 0 45127678 45.134357
-Trial 925 0 45127678 45.142913
-Trial 926 0 45127678 45.164244
-Trial 927 0 45127678 45.188647
-Trial 928 0 45127678 45.255578
-Trial 929 0 45127678 45.276716
-Trial 930 0 45127678 45.318416
-Trial 931 0 45127678 45.322280
-Trial 932 0 45127678 45.403173
-Trial 933 0 45127678 45.436878
-Trial 934 0 45127678 45.441836
-Trial 935 0 45127678 45.459002
-Trial 936 0 45127678 45.474240
-Trial 937 0 45127678 45.670801
-Trial 938 0 45127678 45.681366
-Trial 939 0 45127678 45.706933
-Trial 940 0 45127678 45.711962
-Trial 941 0 45127678 45.733314
-Trial 942 0 45127678 45.752045
-Trial 943 0 45127678 45.773509
-Trial 944 0 45127678 45.785267
-Trial 945 0 45127678 45.814651
-Trial 946 0 45127678 45.833757
-Trial 947 0 45127678 45.841123
-Trial 948 0 45127678 45.887185
-Trial 949 0 45127678 45.923589
-Trial 950 0 45127678 45.935098
* 951: Cost = 0_45112221, Time = 43.36 sec. 
-Trial 951 0 45112221 45.942695
-Trial 952 0 45112221 45.970551
-Trial 953 0 45112221 45.995300
-Trial 954 0 45112221 46.008647
* 955: Cost = 0_45097737, Time = 43.56 sec. 
-Trial 955 0 45097737 46.139953
-Trial 956 0 45097737 46.145729
-Trial 957 0 45097737 46.283735
-Trial 958 0 45097737 46.394569
-Trial 959 0 45097737 46.424581
-Trial 960 0 45097737 46.476350
-Trial 961 0 45097737 46.477876
-Trial 962 0 45097737 46.530639
-Trial 963 0 45097737 46.659727
* 964: Cost = 0_45063354, Time = 44.09 sec. 
-Trial 964 0 45063354 46.676161
-Trial 965 0 45063354 46.707530
-Trial 966 0 45063354 46.716260
* 967: Cost = 0_45055231, Time = 44.14 sec. 
-Trial 967 0 45055231 46.725850
-Trial 968 0 45055231 46.742285
-Trial 969 0 45055231 46.752068
-Trial 970 0 45055231 46.788608
-Trial 971 0 45055231 46.791904
-Trial 972 0 45055231 46.809908
-Trial 973 0 45055231 46.884515
-Trial 974 0 45055231 46.887719
-Trial 975 0 45055231 46.896304
-Trial 976 0 45055231 46.937968
-Trial 977 0 45055231 46.971681
-Trial 978 0 45055231 46.992927
-Trial 979 0 45055231 47.036003
-Trial 980 0 45055231 47.073201
-Trial 981 0 45055231 47.140705
-Trial 982 0 45055231 47.175366
-Trial 983 0 45055231 47.191480
-Trial 984 0 45055231 47.216789
-Trial 985 0 45055231 47.234001
-Trial 986 0 45055231 47.241553
-Trial 987 0 45055231 47.266419
* 988: Cost = 0_45048220, Time = 44.77 sec. 
-Trial 988 0 45048220 47.356454
-Trial 989 0 45048220 47.363875
-Trial 990 0 45048220 47.372227
-Trial 991 0 45048220 47.515098
-Trial 992 0 45048220 47.539797
-Trial 993 0 45048220 47.550064
-Trial 994 0 45048220 47.556921
-Trial 995 0 45048220 47.583281
-Trial 996 0 45048220 47.656863
-Trial 997 0 45048220 47.666742
-Trial 998 0 45048220 47.704446
-Trial 999 0 45048220 47.708915
-Trial 1000 0 45048220 47.862204
Population:
  1: 0_45048220
Run 1: Cost = 0_45048220, Time = 45.28 sec. 

Successes/Runs = 0/1 
Cost.min = 45048220, Cost.avg = 45048220.00, Cost.max = 45048220
Gap.min = 0.0000%, Gap.avg = 0.0000%, Gap.max = 0.0000%
Penalty.min = 0, Penalty.avg = 0.00, Penalty.max = 0
Trials.min = 1000, Trials.avg = 1000.0, Trials.max = 1000
Time.min = 45.28 sec., Time.avg = 45.28 sec., Time.max = 45.28 sec.
Time.total = 47.86 sec.
  Size.min = 16, Size.max = 37, Penalty = 0
  Cost.min = 1066175, Cost.max = 3214762, Cost.sum = 45048220
Best CVRPTW solution:
  Cost = 0_45048220
1 242 390 18 78 326 371 41 182 345 82 173 109 64 106 45 428 197 321 6 193 225 431 411 352 466 24 164 307 2 177 513 211 278 272 53 334 336 250 92 4 492 23 15 170 38 261 191 9 296 237 442 387 188 448 478 494 113 443 447 157 139 320 297 289 287 512 223 60 414 491 292 453 374 88 268 115 275 367 350 251 319 62 100 75 405 386 520 439 54 233 489 425 239 253 65 129 184 57 373 407 79 418 459 126 107 227 120 329 365 503 360 470 156 399 110 85 398 208 138 160 409 105 472 395 486 364 516 186 68 200 163 125 394 93 388 198 328 266 131 28 335 137 210 150 508 49 146 102 380 104 254 232 482 337 166 145 330 20 412 245 27 282 370 34 190 434 179 518 37 255 363 366 244 201 215 327 121 499 285 391 12 347 243 475 17 465 473 421 213 467 44 306 111 381 134 408 70 451 510 457 410 393 377 206 440 19 265 161 433 13 214 372 58 66 378 147 397 119 124 59 406 315 280 519 199 195 400 481 419 171 383 189 80 404 248 155 83 95 181 141 162 168 294 339 502 202 67 471 97 283 151 340 262 136 61 402 133 205 479 464 127 14 325 174 305 21 165 515 240 180 99 269 25 222 429 299 77 36 33 322 84 417 249 74 332 229 420 354 204 135 196 48 353 445 506 29 344 86 69 132 361 450 257 16 495 55 318 441 98 432 73 480 130 303 209 348 279 89 444 427 241 356 484 231 169 384 422 396 226 153 317 341 514 369 40 112 284 143 362 172 477 263 91 455 300 298 63 342 333 452 256 7 401 413 46 101 379 30 103 469 234 517 216 3 8 116 39 456 357 290 323 483 295 385 154 500 267 368 235 220 504 463 355 219 42 148 11 460 498 430 438 485 426 43 212 358 228 271 338 230 312 461 293 51 351 144 436 5 76 50 389 260 224 259 122 501 264 81 511 449 392 159 376 291 192 246 47 446 273 207 288 87 217 346 437 238 56 142 158 128 462 458 349 505 175 35 187 302 343 178 31 277 490 415 32 435 331 423 183 424 359 286 149 71 236 167 274 507 311 324 468 118 176 94 309 496 270 276 316 203 487 72 22 194 476 497 140 308 304 123 474 375 185 403 26 117 454 509 108 218 221 247 90 10 52 152 96 382 416 281 488 301 252 313 314 114 258 493 310 1 
