PARAMETER_FILE = result/cvrptw_500/LKH_para/194.para
Reading PROBLEM_FILE: "result/cvrptw_500/cvrptw/194.cvrptw" ... done
ASCENT_CANDIDATES = 50
BACKBONE_TRIALS = 0
BACKTRACKING = NO
# BWTSP =
# CANDIDATE_FILE =
CANDIDATE_SET_TYPE = ALPHA
DEPOT = 1
# EDGE_FILE =
EXCESS = 0.0384615
EXTERNAL_SALESMEN = 0
EXTRA_CANDIDATES = 0 
EXTRA_CANDIDATE_SET_TYPE = QUADRANT
GAIN23 = NO
GAIN_CRITERION = YES
INITIAL_PERIOD = 520
INITIAL_STEP_SIZE = 1
INITIAL_TOUR_ALGORITHM = WALK
# INITIAL_TOUR_FILE = 
INITIAL_TOUR_FRACTION = 1.000
# INPUT_TOUR_FILE = 
KICK_TYPE = 4
KICKS = 1
# MAX_BREADTH =
MAKESPAN = NO
MAX_CANDIDATES = 5 
MAX_SWAPS = 0
MAX_TRIALS = 1000
# MERGE_TOUR_FILE =
MOVE_TYPE = 5 SPECIAL
MTSP_MIN_SIZE = 1
MTSP_MAX_SIZE = 1039
# MTSP_SOLUTION_FILE = 
# NONSEQUENTIAL_MOVE_TYPE = 5
# OPTIMUM =
# OUTPUT_TOUR_FILE = 
PATCHING_A = 1 
PATCHING_C = 0 
# PI_FILE = 
POPMUSIC_INITIAL_TOUR = NO
POPMUSIC_MAX_NEIGHBORS = 5
POPMUSIC_SAMPLE_SIZE = 10
POPMUSIC_SOLUTIONS = 50
POPMUSIC_TRIALS = 1
POPULATION_SIZE = 10
PRECISION = 100
PROBLEM_FILE = result/cvrptw_500/cvrptw/194.cvrptw
RECOMBINATION = IPT
RESTRICTED_SEARCH = YES
RUNS = 1
SALESMEN = 20
SCALE = 1
SEED = 1234
# SINTEF_SOLUTION_FILE = 
STOP_AT_OPTIMUM = YES
SUBGRADIENT = YES
# SUBPROBLEM_SIZE =
# SUBPROBLEM_TOUR_FILE = 
SUBSEQUENT_MOVE_TYPE = 5 SPECIAL
SUBSEQUENT_PATCHING = YES
# TIME_LIMIT =
# TOUR_FILE = 
TRACE_LEVEL = 1
VEHICLES = 20

Lower bound = 25862260.9, Ascent time = 2.23 sec.
Cand.min = 5, Cand.avg = 5.0, Cand.max = 5
Edges.fixed = 520 [Cost = 0]
Preprocessing time = 2.32 sec.
* 1: Cost = 0_56919573, Time = 3.19 sec. 
-Trial 1 0 56919573 5.511255
-Trial 2 0 56919573 5.511804
-Trial 3 0 56919573 5.681380
-Trial 4 0 56919573 6.103957
* 5: Cost = 0_56885239, Time = 3.79 sec. 
-Trial 5 0 56885239 6.112405
-Trial 6 0 56885239 6.230615
-Trial 7 0 56885239 6.245917
-Trial 8 0 56885239 6.268165
-Trial 9 0 56885239 6.283583
-Trial 10 0 56885239 6.331741
* 11: Cost = 0_56639923, Time = 4.03 sec. 
-Trial 11 0 56639923 6.350052
* 12: Cost = 0_55810633, Time = 4.14 sec. 
-Trial 12 0 55810633 6.461846
-Trial 13 0 55810633 6.492816
-Trial 14 0 55810633 6.569024
-Trial 15 0 55810633 6.654963
-Trial 16 0 55810633 6.683350
* 17: Cost = 0_55381978, Time = 4.40 sec. 
-Trial 17 0 55381978 6.721548
* 18: Cost = 0_55089267, Time = 4.71 sec. 
-Trial 18 0 55089267 7.035325
-Trial 19 0 55089267 7.043901
-Trial 20 0 55089267 7.056374
-Trial 21 0 55089267 7.076912
* 22: Cost = 0_54897063, Time = 4.81 sec. 
-Trial 22 0 54897063 7.131936
-Trial 23 0 54897063 7.160857
-Trial 24 0 54897063 7.193825
-Trial 25 0 54897063 7.194686
* 26: Cost = 0_54544469, Time = 4.90 sec. 
-Trial 26 0 54544469 7.225962
-Trial 27 0 54544469 7.242504
* 28: Cost = 0_54344042, Time = 4.97 sec. 
-Trial 28 0 54344042 7.292801
-Trial 29 0 54344042 7.348177
-Trial 30 0 54344042 7.375840
* 31: Cost = 0_54284212, Time = 5.06 sec. 
-Trial 31 0 54284212 7.383075
-Trial 32 0 54284212 7.419971
* 33: Cost = 0_54269979, Time = 5.19 sec. 
-Trial 33 0 54269979 7.514925
-Trial 34 0 54269979 7.520337
* 35: Cost = 0_54045514, Time = 5.26 sec. 
-Trial 35 0 54045514 7.580754
-Trial 36 0 54045514 7.586745
* 37: Cost = 0_53948785, Time = 5.31 sec. 
-Trial 37 0 53948785 7.635594
* 38: Cost = 0_53449489, Time = 5.38 sec. 
-Trial 38 0 53449489 7.699947
* 39: Cost = 0_53422542, Time = 5.39 sec. 
-Trial 39 0 53422542 7.713345
-Trial 40 0 53422542 7.780866
-Trial 41 0 53422542 7.793308
* 42: Cost = 0_53374660, Time = 5.50 sec. 
-Trial 42 0 53374660 7.822343
-Trial 43 0 53374660 7.980073
-Trial 44 0 53374660 8.132700
-Trial 45 0 53374660 8.150836
-Trial 46 0 53374660 8.189841
-Trial 47 0 53374660 8.255282
-Trial 48 0 53374660 8.276659
* 49: Cost = 0_53251316, Time = 5.96 sec. 
-Trial 49 0 53251316 8.286071
-Trial 50 0 53251316 8.301014
-Trial 51 0 53251316 8.344853
-Trial 52 0 53251316 8.354619
-Trial 53 0 53251316 8.359500
-Trial 54 0 53251316 8.361511
-Trial 55 0 53251316 8.381440
* 56: Cost = 0_52880445, Time = 6.07 sec. 
-Trial 56 0 52880445 8.396876
-Trial 57 0 52880445 8.417881
-Trial 58 0 52880445 8.463193
* 59: Cost = 0_52646379, Time = 6.16 sec. 
-Trial 59 0 52646379 8.479313
-Trial 60 0 52646379 8.492165
-Trial 61 0 52646379 8.499694
-Trial 62 0 52646379 8.500964
-Trial 63 0 52646379 8.508744
* 64: Cost = 0_51998880, Time = 6.34 sec. 
-Trial 64 0 51998880 8.660881
-Trial 65 0 51998880 8.670286
-Trial 66 0 51998880 8.742486
* 67: Cost = 0_51971344, Time = 6.43 sec. 
-Trial 67 0 51971344 8.755839
* 68: Cost = 0_51679527, Time = 6.57 sec. 
-Trial 68 0 51679527 8.891574
-Trial 69 0 51679527 8.908987
-Trial 70 0 51679527 8.914655
* 71: Cost = 0_51671056, Time = 6.65 sec. 
-Trial 71 0 51671056 8.976163
-Trial 72 0 51671056 9.021634
-Trial 73 0 51671056 9.038833
* 74: Cost = 0_51631039, Time = 6.78 sec. 
-Trial 74 0 51631039 9.103917
-Trial 75 0 51631039 9.124342
-Trial 76 0 51631039 9.217378
* 77: Cost = 0_51615343, Time = 6.91 sec. 
-Trial 77 0 51615343 9.234220
-Trial 78 0 51615343 9.246916
* 79: Cost = 0_51593879, Time = 6.95 sec. 
-Trial 79 0 51593879 9.272785
* 80: Cost = 0_51228246, Time = 7.02 sec. 
-Trial 80 0 51228246 9.343267
-Trial 81 0 51228246 9.375748
-Trial 82 0 51228246 9.403724
-Trial 83 0 51228246 9.478758
-Trial 84 0 51228246 9.698288
* 85: Cost = 0_51202814, Time = 7.40 sec. 
-Trial 85 0 51202814 9.719058
-Trial 86 0 51202814 9.723938
* 87: Cost = 0_50801271, Time = 7.44 sec. 
-Trial 87 0 50801271 9.763812
-Trial 88 0 50801271 9.768353
-Trial 89 0 50801271 9.772756
-Trial 90 0 50801271 9.777000
-Trial 91 0 50801271 9.879115
-Trial 92 0 50801271 9.879565
* 93: Cost = 0_50756989, Time = 7.62 sec. 
-Trial 93 0 50756989 9.945039
-Trial 94 0 50756989 9.995080
-Trial 95 0 50756989 10.002131
* 96: Cost = 0_50727346, Time = 7.71 sec. 
-Trial 96 0 50727346 10.036724
-Trial 97 0 50727346 10.066837
* 98: Cost = 0_50627677, Time = 7.85 sec. 
-Trial 98 0 50627677 10.168276
-Trial 99 0 50627677 10.171554
* 100: Cost = 0_50553627, Time = 7.86 sec. 
-Trial 100 0 50553627 10.185953
-Trial 101 0 50553627 10.193123
-Trial 102 0 50553627 10.198940
* 103: Cost = 0_50550874, Time = 7.90 sec. 
-Trial 103 0 50550874 10.225082
-Trial 104 0 50550874 10.229483
-Trial 105 0 50550874 10.233837
* 106: Cost = 0_50468406, Time = 7.92 sec. 
-Trial 106 0 50468406 10.245838
-Trial 107 0 50468406 10.291955
-Trial 108 0 50468406 10.300579
-Trial 109 0 50468406 10.360872
* 110: Cost = 0_50461606, Time = 8.10 sec. 
-Trial 110 0 50461606 10.425877
* 111: Cost = 0_49613625, Time = 8.20 sec. 
-Trial 111 0 49613625 10.518324
-Trial 112 0 49613625 10.532535
-Trial 113 0 49613625 10.553729
-Trial 114 0 49613625 10.584604
-Trial 115 0 49613625 10.595056
-Trial 116 0 49613625 10.622996
* 117: Cost = 0_49612211, Time = 8.34 sec. 
-Trial 117 0 49612211 10.664176
-Trial 118 0 49612211 10.685486
* 119: Cost = 0_49568859, Time = 8.41 sec. 
-Trial 119 0 49568859 10.735352
-Trial 120 0 49568859 10.790788
* 121: Cost = 0_49266662, Time = 8.61 sec. 
-Trial 121 0 49266662 10.932439
-Trial 122 0 49266662 11.031292
-Trial 123 0 49266662 11.086520
-Trial 124 0 49266662 11.107483
-Trial 125 0 49266662 11.123114
-Trial 126 0 49266662 11.133625
* 127: Cost = 0_49227954, Time = 8.83 sec. 
-Trial 127 0 49227954 11.148408
-Trial 128 0 49227954 11.156649
-Trial 129 0 49227954 11.230124
* 130: Cost = 0_49090791, Time = 8.93 sec. 
-Trial 130 0 49090791 11.252088
* 131: Cost = 0_48899698, Time = 8.94 sec. 
-Trial 131 0 48899698 11.261957
-Trial 132 0 48899698 11.289688
* 133: Cost = 0_48884163, Time = 9.09 sec. 
-Trial 133 0 48884163 11.407858
-Trial 134 0 48884163 11.420176
* 135: Cost = 0_48823203, Time = 9.10 sec. 
-Trial 135 0 48823203 11.420603
-Trial 136 0 48823203 11.525235
-Trial 137 0 48823203 11.552596
* 138: Cost = 0_48789352, Time = 9.24 sec. 
-Trial 138 0 48789352 11.565091
-Trial 139 0 48789352 11.569039
-Trial 140 0 48789352 11.570017
* 141: Cost = 0_48786727, Time = 9.27 sec. 
-Trial 141 0 48786727 11.587611
* 142: Cost = 0_48515878, Time = 9.39 sec. 
-Trial 142 0 48515878 11.711062
-Trial 143 0 48515878 11.795311
* 144: Cost = 0_48397831, Time = 9.52 sec. 
-Trial 144 0 48397831 11.840636
-Trial 145 0 48397831 11.845271
-Trial 146 0 48397831 11.850526
-Trial 147 0 48397831 11.925295
-Trial 148 0 48397831 12.032856
-Trial 149 0 48397831 12.064711
* 150: Cost = 0_48394655, Time = 9.77 sec. 
-Trial 150 0 48394655 12.087731
* 151: Cost = 0_48391009, Time = 9.80 sec. 
-Trial 151 0 48391009 12.125388
* 152: Cost = 0_48382040, Time = 9.83 sec. 
-Trial 152 0 48382040 12.149182
-Trial 153 0 48382040 12.153548
-Trial 154 0 48382040 12.162267
-Trial 155 0 48382040 12.199211
* 156: Cost = 0_48379617, Time = 9.88 sec. 
-Trial 156 0 48379617 12.206370
-Trial 157 0 48379617 12.211489
-Trial 158 0 48379617 12.221735
-Trial 159 0 48379617 12.272383
-Trial 160 0 48379617 12.317983
-Trial 161 0 48379617 12.356281
* 162: Cost = 0_48371016, Time = 10.05 sec. 
-Trial 162 0 48371016 12.369475
* 163: Cost = 0_48371002, Time = 10.05 sec. 
-Trial 163 0 48371002 12.376155
-Trial 164 0 48371002 12.385047
-Trial 165 0 48371002 12.409538
* 166: Cost = 0_48287830, Time = 10.09 sec. 
-Trial 166 0 48287830 12.415219
-Trial 167 0 48287830 12.463651
-Trial 168 0 48287830 12.473609
* 169: Cost = 0_48166839, Time = 10.25 sec. 
-Trial 169 0 48166839 12.572035
* 170: Cost = 0_48162592, Time = 10.26 sec. 
-Trial 170 0 48162592 12.585025
-Trial 171 0 48162592 12.592658
-Trial 172 0 48162592 12.621113
-Trial 173 0 48162592 12.650360
-Trial 174 0 48162592 12.664691
* 175: Cost = 0_47941862, Time = 10.36 sec. 
-Trial 175 0 47941862 12.679832
-Trial 176 0 47941862 12.738153
-Trial 177 0 47941862 12.778919
-Trial 178 0 47941862 12.817634
-Trial 179 0 47941862 12.896710
* 180: Cost = 0_47900568, Time = 10.61 sec. 
-Trial 180 0 47900568 12.928696
-Trial 181 0 47900568 12.942705
-Trial 182 0 47900568 12.956219
-Trial 183 0 47900568 12.963698
-Trial 184 0 47900568 13.048141
-Trial 185 0 47900568 13.055331
-Trial 186 0 47900568 13.083195
-Trial 187 0 47900568 13.084486
* 188: Cost = 0_47794723, Time = 10.77 sec. 
-Trial 188 0 47794723 13.093706
* 189: Cost = 0_47771953, Time = 10.78 sec. 
-Trial 189 0 47771953 13.101170
* 190: Cost = 0_47636266, Time = 10.82 sec. 
-Trial 190 0 47636266 13.140775
-Trial 191 0 47636266 13.150548
-Trial 192 0 47636266 13.166587
-Trial 193 0 47636266 13.186977
-Trial 194 0 47636266 13.242473
-Trial 195 0 47636266 13.252903
-Trial 196 0 47636266 13.282808
-Trial 197 0 47636266 13.308067
-Trial 198 0 47636266 13.329357
-Trial 199 0 47636266 13.344510
-Trial 200 0 47636266 13.356381
-Trial 201 0 47636266 13.375511
-Trial 202 0 47636266 13.384550
* 203: Cost = 0_47615087, Time = 11.11 sec. 
-Trial 203 0 47615087 13.429503
-Trial 204 0 47615087 13.441494
-Trial 205 0 47615087 13.456963
-Trial 206 0 47615087 13.540730
-Trial 207 0 47615087 13.552142
-Trial 208 0 47615087 13.624874
-Trial 209 0 47615087 13.639931
* 210: Cost = 0_47607925, Time = 11.34 sec. 
-Trial 210 0 47607925 13.662857
-Trial 211 0 47607925 13.675763
* 212: Cost = 0_47594107, Time = 11.38 sec. 
-Trial 212 0 47594107 13.699439
-Trial 213 0 47594107 13.705380
-Trial 214 0 47594107 13.716980
* 215: Cost = 0_47515906, Time = 11.57 sec. 
-Trial 215 0 47515906 13.892360
-Trial 216 0 47515906 13.904577
-Trial 217 0 47515906 13.912226
* 218: Cost = 0_47510731, Time = 11.60 sec. 
-Trial 218 0 47510731 13.918837
-Trial 219 0 47510731 13.935774
* 220: Cost = 0_47380836, Time = 11.67 sec. 
-Trial 220 0 47380836 13.996143
-Trial 221 0 47380836 14.065608
* 222: Cost = 0_47358324, Time = 11.75 sec. 
-Trial 222 0 47358324 14.073458
-Trial 223 0 47358324 14.089202
* 224: Cost = 0_47242331, Time = 11.78 sec. 
-Trial 224 0 47242331 14.097622
-Trial 225 0 47242331 14.249610
-Trial 226 0 47242331 14.262204
-Trial 227 0 47242331 14.265452
-Trial 228 0 47242331 14.294332
-Trial 229 0 47242331 14.300418
-Trial 230 0 47242331 14.391387
-Trial 231 0 47242331 14.393474
-Trial 232 0 47242331 14.428752
* 233: Cost = 0_47238183, Time = 12.12 sec. 
-Trial 233 0 47238183 14.444314
-Trial 234 0 47238183 14.455475
-Trial 235 0 47238183 14.458292
-Trial 236 0 47238183 14.472407
-Trial 237 0 47238183 14.485304
-Trial 238 0 47238183 14.498880
-Trial 239 0 47238183 14.525366
-Trial 240 0 47238183 14.540418
-Trial 241 0 47238183 14.716736
* 242: Cost = 0_47033680, Time = 12.42 sec. 
-Trial 242 0 47033680 14.741965
-Trial 243 0 47033680 14.766932
-Trial 244 0 47033680 14.808319
-Trial 245 0 47033680 14.831537
-Trial 246 0 47033680 14.893206
-Trial 247 0 47033680 14.922191
-Trial 248 0 47033680 14.928624
-Trial 249 0 47033680 14.934158
* 250: Cost = 0_47013997, Time = 12.67 sec. 
-Trial 250 0 47013997 14.994592
-Trial 251 0 47013997 15.007239
-Trial 252 0 47013997 15.033769
-Trial 253 0 47013997 15.050779
-Trial 254 0 47013997 15.186095
-Trial 255 0 47013997 15.201495
-Trial 256 0 47013997 15.203616
-Trial 257 0 47013997 15.219280
-Trial 258 0 47013997 15.230163
-Trial 259 0 47013997 15.453968
* 260: Cost = 0_46864310, Time = 13.42 sec. 
-Trial 260 0 46864310 15.741658
-Trial 261 0 46864310 15.742435
-Trial 262 0 46864310 15.743003
-Trial 263 0 46864310 15.759173
-Trial 264 0 46864310 15.784285
-Trial 265 0 46864310 15.791077
-Trial 266 0 46864310 15.818924
-Trial 267 0 46864310 15.857989
-Trial 268 0 46864310 15.885295
* 269: Cost = 0_46836860, Time = 13.57 sec. 
-Trial 269 0 46836860 15.888429
* 270: Cost = 0_46818788, Time = 13.58 sec. 
-Trial 270 0 46818788 15.900564
-Trial 271 0 46818788 15.912886
-Trial 272 0 46818788 15.923500
-Trial 273 0 46818788 15.958495
-Trial 274 0 46818788 15.966179
-Trial 275 0 46818788 15.974112
-Trial 276 0 46818788 15.975314
-Trial 277 0 46818788 15.986172
-Trial 278 0 46818788 15.990611
* 279: Cost = 0_46773199, Time = 13.68 sec. 
-Trial 279 0 46773199 16.002799
-Trial 280 0 46773199 16.007329
* 281: Cost = 0_46751129, Time = 13.73 sec. 
-Trial 281 0 46751129 16.049689
-Trial 282 0 46751129 16.064709
-Trial 283 0 46751129 16.164144
-Trial 284 0 46751129 16.193224
-Trial 285 0 46751129 16.194463
-Trial 286 0 46751129 16.213257
* 287: Cost = 0_46673110, Time = 13.90 sec. 
-Trial 287 0 46673110 16.221291
-Trial 288 0 46673110 16.233563
-Trial 289 0 46673110 16.234800
-Trial 290 0 46673110 16.292444
-Trial 291 0 46673110 16.367428
* 292: Cost = 0_46602280, Time = 14.07 sec. 
-Trial 292 0 46602280 16.390682
* 293: Cost = 0_46513003, Time = 14.15 sec. 
-Trial 293 0 46513003 16.470654
-Trial 294 0 46513003 16.471320
-Trial 295 0 46513003 16.474145
-Trial 296 0 46513003 16.505919
-Trial 297 0 46513003 16.509065
-Trial 298 0 46513003 16.527187
-Trial 299 0 46513003 16.552316
-Trial 300 0 46513003 16.561585
-Trial 301 0 46513003 16.568587
-Trial 302 0 46513003 16.589977
-Trial 303 0 46513003 16.614161
* 304: Cost = 0_46479152, Time = 14.30 sec. 
-Trial 304 0 46479152 16.621116
-Trial 305 0 46479152 16.633752
-Trial 306 0 46479152 16.679159
-Trial 307 0 46479152 16.717929
-Trial 308 0 46479152 16.743884
-Trial 309 0 46479152 16.786038
-Trial 310 0 46479152 16.797534
-Trial 311 0 46479152 16.810308
-Trial 312 0 46479152 16.832255
* 313: Cost = 0_46456159, Time = 14.52 sec. 
-Trial 313 0 46456159 16.841261
-Trial 314 0 46456159 16.870363
-Trial 315 0 46456159 16.889016
-Trial 316 0 46456159 16.919511
-Trial 317 0 46456159 16.975339
-Trial 318 0 46456159 16.992536
-Trial 319 0 46456159 17.009081
-Trial 320 0 46456159 17.053394
-Trial 321 0 46456159 17.077845
-Trial 322 0 46456159 17.091374
-Trial 323 0 46456159 17.104987
-Trial 324 0 46456159 17.111536
-Trial 325 0 46456159 17.120837
-Trial 326 0 46456159 17.138283
-Trial 327 0 46456159 17.496617
* 328: Cost = 0_46328019, Time = 15.20 sec. 
-Trial 328 0 46328019 17.520306
-Trial 329 0 46328019 17.521441
-Trial 330 0 46328019 17.525166
-Trial 331 0 46328019 17.563331
* 332: Cost = 0_46313241, Time = 15.24 sec. 
-Trial 332 0 46313241 17.566034
-Trial 333 0 46313241 17.601558
-Trial 334 0 46313241 17.627601
-Trial 335 0 46313241 17.633677
-Trial 336 0 46313241 17.648926
-Trial 337 0 46313241 17.669459
* 338: Cost = 0_46305390, Time = 15.37 sec. 
-Trial 338 0 46305390 17.687845
-Trial 339 0 46305390 17.793853
-Trial 340 0 46305390 17.851623
-Trial 341 0 46305390 17.865527
* 342: Cost = 0_46256076, Time = 15.56 sec. 
-Trial 342 0 46256076 17.880505
-Trial 343 0 46256076 17.926159
-Trial 344 0 46256076 17.947165
-Trial 345 0 46256076 17.962785
-Trial 346 0 46256076 17.979574
-Trial 347 0 46256076 18.024955
-Trial 348 0 46256076 18.036318
-Trial 349 0 46256076 18.143918
-Trial 350 0 46256076 18.154607
-Trial 351 0 46256076 18.159085
-Trial 352 0 46256076 18.173402
* 353: Cost = 0_46250649, Time = 16.04 sec. 
-Trial 353 0 46250649 18.359279
-Trial 354 0 46250649 18.367084
-Trial 355 0 46250649 18.384389
-Trial 356 0 46250649 18.398610
-Trial 357 0 46250649 18.399650
* 358: Cost = 0_46234023, Time = 16.13 sec. 
-Trial 358 0 46234023 18.448311
-Trial 359 0 46234023 18.453614
-Trial 360 0 46234023 18.469130
-Trial 361 0 46234023 18.497561
-Trial 362 0 46234023 18.525892
-Trial 363 0 46234023 18.706211
-Trial 364 0 46234023 18.759051
-Trial 365 0 46234023 18.777613
-Trial 366 0 46234023 18.799150
-Trial 367 0 46234023 18.820360
* 368: Cost = 0_46228760, Time = 16.51 sec. 
-Trial 368 0 46228760 18.835401
* 369: Cost = 0_46206069, Time = 16.53 sec. 
-Trial 369 0 46206069 18.855289
-Trial 370 0 46206069 18.858844
* 371: Cost = 0_45998309, Time = 16.57 sec. 
-Trial 371 0 45998309 18.891891
-Trial 372 0 45998309 18.902432
-Trial 373 0 45998309 18.909882
-Trial 374 0 45998309 18.922467
-Trial 375 0 45998309 18.922964
-Trial 376 0 45998309 18.930047
-Trial 377 0 45998309 18.933932
-Trial 378 0 45998309 18.945416
-Trial 379 0 45998309 18.956107
-Trial 380 0 45998309 18.991739
-Trial 381 0 45998309 19.098082
-Trial 382 0 45998309 19.102549
-Trial 383 0 45998309 19.129129
-Trial 384 0 45998309 19.136696
-Trial 385 0 45998309 19.138570
-Trial 386 0 45998309 19.143089
-Trial 387 0 45998309 19.192144
-Trial 388 0 45998309 19.199163
-Trial 389 0 45998309 19.202176
-Trial 390 0 45998309 19.215404
-Trial 391 0 45998309 19.227385
-Trial 392 0 45998309 19.233587
-Trial 393 0 45998309 19.244671
-Trial 394 0 45998309 19.262432
-Trial 395 0 45998309 19.273044
-Trial 396 0 45998309 19.282892
-Trial 397 0 45998309 19.310473
-Trial 398 0 45998309 19.333655
-Trial 399 0 45998309 19.364799
-Trial 400 0 45998309 19.397261
-Trial 401 0 45998309 19.403102
-Trial 402 0 45998309 19.428778
-Trial 403 0 45998309 19.452427
-Trial 404 0 45998309 19.512924
-Trial 405 0 45998309 19.519182
-Trial 406 0 45998309 19.550938
-Trial 407 0 45998309 19.576503
-Trial 408 0 45998309 19.601143
-Trial 409 0 45998309 19.645436
-Trial 410 0 45998309 19.663618
-Trial 411 0 45998309 19.725554
-Trial 412 0 45998309 19.842318
-Trial 413 0 45998309 19.850467
-Trial 414 0 45998309 19.875212
-Trial 415 0 45998309 19.878632
-Trial 416 0 45998309 19.924343
-Trial 417 0 45998309 19.929907
-Trial 418 0 45998309 19.944448
-Trial 419 0 45998309 20.015648
-Trial 420 0 45998309 20.035380
-Trial 421 0 45998309 20.080153
-Trial 422 0 45998309 20.139909
-Trial 423 0 45998309 20.154077
-Trial 424 0 45998309 20.186616
-Trial 425 0 45998309 20.199671
-Trial 426 0 45998309 20.361472
-Trial 427 0 45998309 20.377236
-Trial 428 0 45998309 20.394952
-Trial 429 0 45998309 20.435552
-Trial 430 0 45998309 20.454967
-Trial 431 0 45998309 20.471327
-Trial 432 0 45998309 20.481847
-Trial 433 0 45998309 20.555559
-Trial 434 0 45998309 20.569486
-Trial 435 0 45998309 20.588873
-Trial 436 0 45998309 20.595285
-Trial 437 0 45998309 20.603493
-Trial 438 0 45998309 20.630190
-Trial 439 0 45998309 20.644696
-Trial 440 0 45998309 20.755142
-Trial 441 0 45998309 20.766904
-Trial 442 0 45998309 20.815243
-Trial 443 0 45998309 20.837758
-Trial 444 0 45998309 20.902228
-Trial 445 0 45998309 20.910872
-Trial 446 0 45998309 20.912702
-Trial 447 0 45998309 20.916712
-Trial 448 0 45998309 20.952532
-Trial 449 0 45998309 20.978920
-Trial 450 0 45998309 20.989813
-Trial 451 0 45998309 20.997081
-Trial 452 0 45998309 21.032236
-Trial 453 0 45998309 21.032702
-Trial 454 0 45998309 21.052943
-Trial 455 0 45998309 21.054650
-Trial 456 0 45998309 21.210685
-Trial 457 0 45998309 21.262542
-Trial 458 0 45998309 21.289959
-Trial 459 0 45998309 21.305878
-Trial 460 0 45998309 21.312574
-Trial 461 0 45998309 21.334407
-Trial 462 0 45998309 21.372661
-Trial 463 0 45998309 21.452072
-Trial 464 0 45998309 21.470929
-Trial 465 0 45998309 21.510996
-Trial 466 0 45998309 21.513499
-Trial 467 0 45998309 21.532407
-Trial 468 0 45998309 21.537014
-Trial 469 0 45998309 21.573383
-Trial 470 0 45998309 21.577699
-Trial 471 0 45998309 21.597908
-Trial 472 0 45998309 21.600295
-Trial 473 0 45998309 21.624874
-Trial 474 0 45998309 21.689679
-Trial 475 0 45998309 21.708993
-Trial 476 0 45998309 22.039983
-Trial 477 0 45998309 22.057880
-Trial 478 0 45998309 22.100171
-Trial 479 0 45998309 22.102908
-Trial 480 0 45998309 22.192268
-Trial 481 0 45998309 22.269404
-Trial 482 0 45998309 22.278980
-Trial 483 0 45998309 22.314734
-Trial 484 0 45998309 22.318982
-Trial 485 0 45998309 22.348322
-Trial 486 0 45998309 22.451822
-Trial 487 0 45998309 22.494733
-Trial 488 0 45998309 22.528938
-Trial 489 0 45998309 22.542052
-Trial 490 0 45998309 22.557300
-Trial 491 0 45998309 22.574251
-Trial 492 0 45998309 22.586991
-Trial 493 0 45998309 22.720617
-Trial 494 0 45998309 22.880326
-Trial 495 0 45998309 22.887808
-Trial 496 0 45998309 22.918562
-Trial 497 0 45998309 22.946283
-Trial 498 0 45998309 22.972492
-Trial 499 0 45998309 22.992787
-Trial 500 0 45998309 23.027513
-Trial 501 0 45998309 23.050542
-Trial 502 0 45998309 23.148789
-Trial 503 0 45998309 23.157545
-Trial 504 0 45998309 23.166806
-Trial 505 0 45998309 23.261971
-Trial 506 0 45998309 23.285744
-Trial 507 0 45998309 23.577253
-Trial 508 0 45998309 23.648712
-Trial 509 0 45998309 23.657758
-Trial 510 0 45998309 23.712059
-Trial 511 0 45998309 23.730323
-Trial 512 0 45998309 23.767448
-Trial 513 0 45998309 23.848633
-Trial 514 0 45998309 23.851767
-Trial 515 0 45998309 23.855102
-Trial 516 0 45998309 23.892775
-Trial 517 0 45998309 23.907092
-Trial 518 0 45998309 23.935937
-Trial 519 0 45998309 24.014925
-Trial 520 0 45998309 24.073989
-Trial 521 0 45998309 24.083829
-Trial 522 0 45998309 24.118006
-Trial 523 0 45998309 24.119781
-Trial 524 0 45998309 24.122193
-Trial 525 0 45998309 24.141447
-Trial 526 0 45998309 24.156514
-Trial 527 0 45998309 24.202349
-Trial 528 0 45998309 24.239533
-Trial 529 0 45998309 24.249675
-Trial 530 0 45998309 24.301221
-Trial 531 0 45998309 24.315239
-Trial 532 0 45998309 24.342645
-Trial 533 0 45998309 24.347720
-Trial 534 0 45998309 24.369637
-Trial 535 0 45998309 24.408285
-Trial 536 0 45998309 24.525082
-Trial 537 0 45998309 24.550305
-Trial 538 0 45998309 24.586271
-Trial 539 0 45998309 24.593788
-Trial 540 0 45998309 24.613577
-Trial 541 0 45998309 24.623217
-Trial 542 0 45998309 24.651186
-Trial 543 0 45998309 24.654702
-Trial 544 0 45998309 24.663768
-Trial 545 0 45998309 24.682717
-Trial 546 0 45998309 24.719172
-Trial 547 0 45998309 24.729172
-Trial 548 0 45998309 24.732961
-Trial 549 0 45998309 24.765449
-Trial 550 0 45998309 24.777618
-Trial 551 0 45998309 24.811008
-Trial 552 0 45998309 24.827827
-Trial 553 0 45998309 24.835268
-Trial 554 0 45998309 24.844124
-Trial 555 0 45998309 24.864110
-Trial 556 0 45998309 24.946401
-Trial 557 0 45998309 25.002290
-Trial 558 0 45998309 25.013263
-Trial 559 0 45998309 25.079599
-Trial 560 0 45998309 25.106779
-Trial 561 0 45998309 25.404724
-Trial 562 0 45998309 25.414346
-Trial 563 0 45998309 25.455110
* 564: Cost = 0_45989857, Time = 23.15 sec. 
-Trial 564 0 45989857 25.471566
-Trial 565 0 45989857 25.478252
-Trial 566 0 45989857 25.497663
-Trial 567 0 45989857 25.505260
-Trial 568 0 45989857 25.510579
-Trial 569 0 45989857 25.530424
-Trial 570 0 45989857 25.540733
-Trial 571 0 45989857 25.556428
-Trial 572 0 45989857 25.563445
-Trial 573 0 45989857 25.583234
-Trial 574 0 45989857 25.591123
-Trial 575 0 45989857 25.600956
-Trial 576 0 45989857 25.614194
-Trial 577 0 45989857 25.615344
-Trial 578 0 45989857 25.625640
-Trial 579 0 45989857 25.629973
-Trial 580 0 45989857 25.665038
-Trial 581 0 45989857 25.700846
-Trial 582 0 45989857 25.733750
-Trial 583 0 45989857 25.793582
-Trial 584 0 45989857 25.817439
-Trial 585 0 45989857 25.894381
-Trial 586 0 45989857 25.898691
-Trial 587 0 45989857 25.901051
-Trial 588 0 45989857 25.946248
-Trial 589 0 45989857 25.971178
-Trial 590 0 45989857 25.971716
-Trial 591 0 45989857 25.975930
-Trial 592 0 45989857 25.993490
-Trial 593 0 45989857 25.997675
-Trial 594 0 45989857 26.041949
-Trial 595 0 45989857 26.122023
-Trial 596 0 45989857 26.143791
-Trial 597 0 45989857 26.198886
-Trial 598 0 45989857 26.223995
-Trial 599 0 45989857 26.237072
-Trial 600 0 45989857 26.240845
-Trial 601 0 45989857 26.333266
-Trial 602 0 45989857 26.363397
-Trial 603 0 45989857 26.545442
-Trial 604 0 45989857 26.567525
-Trial 605 0 45989857 26.575910
-Trial 606 0 45989857 26.649092
-Trial 607 0 45989857 26.654236
-Trial 608 0 45989857 26.816407
-Trial 609 0 45989857 26.827678
-Trial 610 0 45989857 26.846103
-Trial 611 0 45989857 26.882417
-Trial 612 0 45989857 26.899566
-Trial 613 0 45989857 26.926669
-Trial 614 0 45989857 26.931028
-Trial 615 0 45989857 26.940301
* 616: Cost = 0_45989073, Time = 24.62 sec. 
-Trial 616 0 45989073 26.945117
-Trial 617 0 45989073 26.989176
-Trial 618 0 45989073 26.996961
-Trial 619 0 45989073 27.007417
-Trial 620 0 45989073 27.007948
-Trial 621 0 45989073 27.018846
-Trial 622 0 45989073 27.113377
-Trial 623 0 45989073 27.116593
-Trial 624 0 45989073 27.150922
-Trial 625 0 45989073 27.221924
-Trial 626 0 45989073 27.235393
-Trial 627 0 45989073 27.238486
* 628: Cost = 0_45976306, Time = 24.93 sec. 
-Trial 628 0 45976306 27.255810
-Trial 629 0 45976306 27.269176
-Trial 630 0 45976306 27.298415
* 631: Cost = 0_45941723, Time = 25.03 sec. 
-Trial 631 0 45941723 27.348561
* 632: Cost = 0_45935069, Time = 25.04 sec. 
-Trial 632 0 45935069 27.359803
* 633: Cost = 0_45926329, Time = 25.05 sec. 
-Trial 633 0 45926329 27.375582
-Trial 634 0 45926329 27.403378
-Trial 635 0 45926329 27.426335
-Trial 636 0 45926329 27.442341
-Trial 637 0 45926329 27.448010
-Trial 638 0 45926329 27.454501
-Trial 639 0 45926329 27.472002
-Trial 640 0 45926329 27.498414
-Trial 641 0 45926329 27.512178
-Trial 642 0 45926329 27.518273
-Trial 643 0 45926329 27.520962
-Trial 644 0 45926329 27.631427
-Trial 645 0 45926329 27.634387
-Trial 646 0 45926329 27.678662
-Trial 647 0 45926329 27.708262
-Trial 648 0 45926329 27.741254
-Trial 649 0 45926329 27.747001
-Trial 650 0 45926329 27.759523
* 651: Cost = 0_45913760, Time = 25.45 sec. 
-Trial 651 0 45913760 27.769310
-Trial 652 0 45913760 27.806187
-Trial 653 0 45913760 27.827461
-Trial 654 0 45913760 27.910255
-Trial 655 0 45913760 27.918088
-Trial 656 0 45913760 27.967622
-Trial 657 0 45913760 27.985883
-Trial 658 0 45913760 27.989495
-Trial 659 0 45913760 28.007874
-Trial 660 0 45913760 28.016415
-Trial 661 0 45913760 28.049637
-Trial 662 0 45913760 28.051706
-Trial 663 0 45913760 28.064333
-Trial 664 0 45913760 28.077144
-Trial 665 0 45913760 28.097184
-Trial 666 0 45913760 28.173849
* 667: Cost = 0_45763435, Time = 25.87 sec. 
-Trial 667 0 45763435 28.188979
-Trial 668 0 45763435 28.215663
* 669: Cost = 0_45749177, Time = 25.95 sec. 
-Trial 669 0 45749177 28.276499
-Trial 670 0 45749177 28.286502
-Trial 671 0 45749177 28.306186
-Trial 672 0 45749177 28.392344
-Trial 673 0 45749177 28.761326
-Trial 674 0 45749177 28.799787
-Trial 675 0 45749177 28.932454
-Trial 676 0 45749177 28.955614
-Trial 677 0 45749177 29.153537
-Trial 678 0 45749177 29.180777
-Trial 679 0 45749177 29.245739
-Trial 680 0 45749177 29.264178
-Trial 681 0 45749177 29.271250
-Trial 682 0 45749177 29.280199
-Trial 683 0 45749177 29.290371
-Trial 684 0 45749177 29.296547
-Trial 685 0 45749177 29.303298
-Trial 686 0 45749177 29.385182
-Trial 687 0 45749177 29.394475
-Trial 688 0 45749177 29.396788
* 689: Cost = 0_45714131, Time = 27.09 sec. 
-Trial 689 0 45714131 29.416100
-Trial 690 0 45714131 29.438564
-Trial 691 0 45714131 29.443013
-Trial 692 0 45714131 29.462160
-Trial 693 0 45714131 29.487970
-Trial 694 0 45714131 29.493477
-Trial 695 0 45714131 29.500913
-Trial 696 0 45714131 29.517468
-Trial 697 0 45714131 29.518555
-Trial 698 0 45714131 29.549219
-Trial 699 0 45714131 29.560973
-Trial 700 0 45714131 29.566320
-Trial 701 0 45714131 29.578271
-Trial 702 0 45714131 29.614556
* 703: Cost = 0_45705933, Time = 27.31 sec. 
-Trial 703 0 45705933 29.627285
-Trial 704 0 45705933 29.663889
-Trial 705 0 45705933 29.672140
-Trial 706 0 45705933 29.691841
-Trial 707 0 45705933 29.717734
-Trial 708 0 45705933 29.732602
* 709: Cost = 0_45697867, Time = 27.46 sec. 
-Trial 709 0 45697867 29.777467
-Trial 710 0 45697867 29.784057
-Trial 711 0 45697867 29.869198
-Trial 712 0 45697867 29.886617
-Trial 713 0 45697867 29.903758
-Trial 714 0 45697867 29.921280
-Trial 715 0 45697867 29.940718
-Trial 716 0 45697867 29.961673
-Trial 717 0 45697867 30.011085
-Trial 718 0 45697867 30.043440
-Trial 719 0 45697867 30.061212
-Trial 720 0 45697867 30.097535
-Trial 721 0 45697867 30.109151
* 722: Cost = 0_45645466, Time = 27.81 sec. 
-Trial 722 0 45645466 30.128954
-Trial 723 0 45645466 30.134781
-Trial 724 0 45645466 30.172183
-Trial 725 0 45645466 30.176967
-Trial 726 0 45645466 30.177515
-Trial 727 0 45645466 30.209415
-Trial 728 0 45645466 30.251085
-Trial 729 0 45645466 30.292558
-Trial 730 0 45645466 30.296731
-Trial 731 0 45645466 30.347489
-Trial 732 0 45645466 30.359206
-Trial 733 0 45645466 30.361444
* 734: Cost = 0_45565399, Time = 28.25 sec. 
-Trial 734 0 45565399 30.568111
-Trial 735 0 45565399 30.611421
-Trial 736 0 45565399 30.651445
-Trial 737 0 45565399 30.662847
-Trial 738 0 45565399 30.663702
-Trial 739 0 45565399 30.822369
-Trial 740 0 45565399 30.876130
-Trial 741 0 45565399 30.887799
-Trial 742 0 45565399 30.935245
-Trial 743 0 45565399 30.957180
-Trial 744 0 45565399 30.964035
-Trial 745 0 45565399 30.982701
-Trial 746 0 45565399 31.026967
* 747: Cost = 0_45550704, Time = 28.72 sec. 
-Trial 747 0 45550704 31.046773
-Trial 748 0 45550704 31.082816
-Trial 749 0 45550704 31.155334
-Trial 750 0 45550704 31.343293
-Trial 751 0 45550704 31.355156
-Trial 752 0 45550704 31.358544
-Trial 753 0 45550704 31.397248
-Trial 754 0 45550704 31.407997
-Trial 755 0 45550704 31.474781
-Trial 756 0 45550704 31.535183
-Trial 757 0 45550704 31.542420
-Trial 758 0 45550704 31.550392
-Trial 759 0 45550704 31.560387
-Trial 760 0 45550704 31.572909
* 761: Cost = 0_45535660, Time = 29.26 sec. 
-Trial 761 0 45535660 31.586535
-Trial 762 0 45535660 31.600755
* 763: Cost = 0_45481388, Time = 29.30 sec. 
-Trial 763 0 45481388 31.626266
-Trial 764 0 45481388 31.639302
-Trial 765 0 45481388 31.694913
-Trial 766 0 45481388 31.696352
-Trial 767 0 45481388 31.716166
-Trial 768 0 45481388 31.723134
-Trial 769 0 45481388 31.735283
-Trial 770 0 45481388 31.737362
-Trial 771 0 45481388 31.743663
-Trial 772 0 45481388 31.768759
-Trial 773 0 45481388 31.777252
-Trial 774 0 45481388 31.796544
-Trial 775 0 45481388 31.807240
-Trial 776 0 45481388 31.878957
-Trial 777 0 45481388 31.894273
* 778: Cost = 0_45452238, Time = 29.59 sec. 
-Trial 778 0 45452238 31.907370
-Trial 779 0 45452238 31.921175
-Trial 780 0 45452238 31.926601
-Trial 781 0 45452238 31.952272
-Trial 782 0 45452238 31.964282
-Trial 783 0 45452238 31.986966
-Trial 784 0 45452238 32.047250
-Trial 785 0 45452238 32.057406
-Trial 786 0 45452238 32.064548
-Trial 787 0 45452238 32.089904
* 788: Cost = 0_45447728, Time = 29.78 sec. 
-Trial 788 0 45447728 32.100725
* 789: Cost = 0_45447671, Time = 29.85 sec. 
-Trial 789 0 45447671 32.168814
-Trial 790 0 45447671 32.217120
-Trial 791 0 45447671 32.248263
-Trial 792 0 45447671 32.306570
-Trial 793 0 45447671 32.351217
-Trial 794 0 45447671 32.395841
-Trial 795 0 45447671 32.410784
-Trial 796 0 45447671 32.436276
-Trial 797 0 45447671 32.472454
-Trial 798 0 45447671 32.529740
-Trial 799 0 45447671 32.537853
-Trial 800 0 45447671 32.553858
-Trial 801 0 45447671 32.629150
-Trial 802 0 45447671 32.689912
-Trial 803 0 45447671 32.712145
-Trial 804 0 45447671 32.783961
-Trial 805 0 45447671 32.817250
-Trial 806 0 45447671 32.853210
-Trial 807 0 45447671 32.865523
-Trial 808 0 45447671 32.905629
* 809: Cost = 0_45393223, Time = 30.59 sec. 
-Trial 809 0 45393223 32.913055
-Trial 810 0 45393223 32.947154
-Trial 811 0 45393223 32.966322
-Trial 812 0 45393223 32.987499
-Trial 813 0 45393223 33.022232
-Trial 814 0 45393223 33.059684
-Trial 815 0 45393223 33.065334
-Trial 816 0 45393223 33.100586
-Trial 817 0 45393223 33.109115
-Trial 818 0 45393223 33.138561
-Trial 819 0 45393223 33.150592
-Trial 820 0 45393223 33.151251
-Trial 821 0 45393223 33.168740
-Trial 822 0 45393223 33.185548
-Trial 823 0 45393223 33.198232
-Trial 824 0 45393223 33.211775
-Trial 825 0 45393223 33.220031
-Trial 826 0 45393223 33.255042
-Trial 827 0 45393223 33.502541
-Trial 828 0 45393223 33.511552
-Trial 829 0 45393223 33.520862
-Trial 830 0 45393223 33.523744
-Trial 831 0 45393223 33.529330
-Trial 832 0 45393223 33.546126
-Trial 833 0 45393223 33.566308
-Trial 834 0 45393223 33.570594
-Trial 835 0 45393223 33.622260
-Trial 836 0 45393223 33.635073
* 837: Cost = 0_45384010, Time = 31.36 sec. 
-Trial 837 0 45384010 33.677470
-Trial 838 0 45384010 33.766600
-Trial 839 0 45384010 33.775973
-Trial 840 0 45384010 33.778663
-Trial 841 0 45384010 33.830645
-Trial 842 0 45384010 33.922210
-Trial 843 0 45384010 33.926099
-Trial 844 0 45384010 33.961804
-Trial 845 0 45384010 34.001000
-Trial 846 0 45384010 34.021579
-Trial 847 0 45384010 34.029781
-Trial 848 0 45384010 34.031596
-Trial 849 0 45384010 34.057177
-Trial 850 0 45384010 34.090034
-Trial 851 0 45384010 34.096482
-Trial 852 0 45384010 34.100723
-Trial 853 0 45384010 34.121637
-Trial 854 0 45384010 34.303703
-Trial 855 0 45384010 34.310095
-Trial 856 0 45384010 34.310670
-Trial 857 0 45384010 34.335216
-Trial 858 0 45384010 34.350623
-Trial 859 0 45384010 34.400451
-Trial 860 0 45384010 34.417677
-Trial 861 0 45384010 34.423693
-Trial 862 0 45384010 34.435983
-Trial 863 0 45384010 34.486977
-Trial 864 0 45384010 34.604045
-Trial 865 0 45384010 34.716477
-Trial 866 0 45384010 34.738668
-Trial 867 0 45384010 34.767208
-Trial 868 0 45384010 34.792442
-Trial 869 0 45384010 34.800909
-Trial 870 0 45384010 34.811762
-Trial 871 0 45384010 34.814178
-Trial 872 0 45384010 34.833573
-Trial 873 0 45384010 34.855447
-Trial 874 0 45384010 34.864508
-Trial 875 0 45384010 34.877028
-Trial 876 0 45384010 34.884406
-Trial 877 0 45384010 34.972890
-Trial 878 0 45384010 35.140885
-Trial 879 0 45384010 35.157381
-Trial 880 0 45384010 35.174603
-Trial 881 0 45384010 35.193942
-Trial 882 0 45384010 35.224620
-Trial 883 0 45384010 35.247025
-Trial 884 0 45384010 35.278965
-Trial 885 0 45384010 35.300783
-Trial 886 0 45384010 35.345545
-Trial 887 0 45384010 35.350750
-Trial 888 0 45384010 35.371495
-Trial 889 0 45384010 35.486929
-Trial 890 0 45384010 35.508544
-Trial 891 0 45384010 35.512355
-Trial 892 0 45384010 35.527351
-Trial 893 0 45384010 35.537484
-Trial 894 0 45384010 35.562674
-Trial 895 0 45384010 35.567563
-Trial 896 0 45384010 35.578957
-Trial 897 0 45384010 35.585935
-Trial 898 0 45384010 35.601380
-Trial 899 0 45384010 35.628494
-Trial 900 0 45384010 35.684277
-Trial 901 0 45384010 35.708656
-Trial 902 0 45384010 35.713385
-Trial 903 0 45384010 35.738663
-Trial 904 0 45384010 35.749491
-Trial 905 0 45384010 35.797685
-Trial 906 0 45384010 35.846469
-Trial 907 0 45384010 35.864190
-Trial 908 0 45384010 35.865027
-Trial 909 0 45384010 35.899407
-Trial 910 0 45384010 35.948354
-Trial 911 0 45384010 36.035593
-Trial 912 0 45384010 36.111272
-Trial 913 0 45384010 36.223964
-Trial 914 0 45384010 36.242273
-Trial 915 0 45384010 36.305909
-Trial 916 0 45384010 36.353444
-Trial 917 0 45384010 36.384873
-Trial 918 0 45384010 36.452172
-Trial 919 0 45384010 36.459173
-Trial 920 0 45384010 36.565640
-Trial 921 0 45384010 36.608555
-Trial 922 0 45384010 36.670942
-Trial 923 0 45384010 36.900492
-Trial 924 0 45384010 36.932561
-Trial 925 0 45384010 36.979124
-Trial 926 0 45384010 36.987730
-Trial 927 0 45384010 37.002687
-Trial 928 0 45384010 37.023625
-Trial 929 0 45384010 37.049526
-Trial 930 0 45384010 37.146154
-Trial 931 0 45384010 37.186232
-Trial 932 0 45384010 37.194426
-Trial 933 0 45384010 37.202820
-Trial 934 0 45384010 37.223735
-Trial 935 0 45384010 37.237651
-Trial 936 0 45384010 37.282197
-Trial 937 0 45384010 37.308775
-Trial 938 0 45384010 37.328243
-Trial 939 0 45384010 37.344716
-Trial 940 0 45384010 37.362670
-Trial 941 0 45384010 37.378214
-Trial 942 0 45384010 37.407761
-Trial 943 0 45384010 37.416044
-Trial 944 0 45384010 37.420698
-Trial 945 0 45384010 37.449862
-Trial 946 0 45384010 37.458196
-Trial 947 0 45384010 37.471959
* 948: Cost = 0_45375325, Time = 35.19 sec. 
-Trial 948 0 45375325 37.512166
-Trial 949 0 45375325 37.524795
-Trial 950 0 45375325 37.597467
-Trial 951 0 45375325 37.625157
-Trial 952 0 45375325 37.626218
-Trial 953 0 45375325 37.654085
-Trial 954 0 45375325 37.657212
-Trial 955 0 45375325 37.680532
-Trial 956 0 45375325 37.698353
-Trial 957 0 45375325 37.714031
-Trial 958 0 45375325 37.816887
-Trial 959 0 45375325 37.862428
* 960: Cost = 0_45374193, Time = 35.58 sec. 
-Trial 960 0 45374193 37.901665
-Trial 961 0 45374193 37.912551
-Trial 962 0 45374193 37.963537
-Trial 963 0 45374193 37.966463
-Trial 964 0 45374193 38.047869
-Trial 965 0 45374193 38.059114
-Trial 966 0 45374193 38.076057
-Trial 967 0 45374193 38.131820
-Trial 968 0 45374193 38.149532
* 969: Cost = 0_45263248, Time = 35.87 sec. 
-Trial 969 0 45263248 38.197130
-Trial 970 0 45263248 38.202476
-Trial 971 0 45263248 38.240924
-Trial 972 0 45263248 38.242108
-Trial 973 0 45263248 38.261664
-Trial 974 0 45263248 38.284854
-Trial 975 0 45263248 38.307127
-Trial 976 0 45263248 38.331925
-Trial 977 0 45263248 38.387064
* 978: Cost = 0_45234359, Time = 36.13 sec. 
-Trial 978 0 45234359 38.448958
-Trial 979 0 45234359 38.477225
-Trial 980 0 45234359 38.707086
-Trial 981 0 45234359 38.712900
-Trial 982 0 45234359 38.716999
-Trial 983 0 45234359 38.725680
* 984: Cost = 0_45230862, Time = 36.41 sec. 
-Trial 984 0 45230862 38.730075
-Trial 985 0 45230862 38.748551
* 986: Cost = 0_45171806, Time = 36.44 sec. 
-Trial 986 0 45171806 38.760132
* 987: Cost = 0_45140986, Time = 36.49 sec. 
-Trial 987 0 45140986 38.809100
-Trial 988 0 45140986 38.906712
-Trial 989 0 45140986 38.957454
-Trial 990 0 45140986 39.013321
-Trial 991 0 45140986 39.041536
-Trial 992 0 45140986 39.098219
-Trial 993 0 45140986 39.112928
-Trial 994 0 45140986 39.128060
-Trial 995 0 45140986 39.225336
-Trial 996 0 45140986 39.233431
-Trial 997 0 45140986 39.249561
-Trial 998 0 45140986 39.329498
-Trial 999 0 45140986 39.414507
-Trial 1000 0 45140986 39.428375
Population:
  1: 0_45140986
Run 1: Cost = 0_45140986, Time = 37.11 sec. 

Successes/Runs = 0/1 
Cost.min = 45140986, Cost.avg = 45140986.00, Cost.max = 45140986
Gap.min = 0.0000%, Gap.avg = 0.0000%, Gap.max = 0.0000%
Penalty.min = 0, Penalty.avg = 0.00, Penalty.max = 0
Trials.min = 1000, Trials.avg = 1000.0, Trials.max = 1000
Time.min = 37.11 sec., Time.avg = 37.11 sec., Time.max = 37.11 sec.
Time.total = 39.43 sec.
  Size.min = 9, Size.max = 40, Penalty = 0
  Cost.min = 616995, Cost.max = 3369366, Cost.sum = 45140986
Best CVRPTW solution:
  Cost = 0_45140986
250 1 54 289 320 145 52 358 268 436 94 297 479 406 256 433 97 224 120 26 299 149 278 131 498 445 45 447 119 104 86 485 510 248 455 80 480 213 482 43 243 174 364 293 350 463 282 92 500 258 140 172 468 366 171 198 334 352 504 69 25 143 266 340 125 315 442 300 310 393 103 392 108 429 83 431 279 355 449 397 396 73 75 471 252 124 88 519 330 115 113 371 375 318 211 314 437 206 351 421 199 474 378 477 303 512 327 85 424 33 253 58 359 162 114 410 160 59 513 459 166 369 55 439 214 348 47 235 496 308 51 238 23 453 194 328 389 399 324 61 207 241 345 110 432 440 7 390 457 503 201 333 147 307 96 413 264 464 53 261 494 491 465 89 31 155 344 316 476 470 227 478 29 395 19 311 379 319 66 294 434 502 109 233 276 202 481 265 22 428 141 263 489 184 452 301 245 105 218 176 219 99 357 246 12 374 269 133 11 200 401 126 87 508 298 450 63 255 71 497 5 337 368 409 175 186 331 24 383 254 148 283 112 382 458 159 117 288 146 404 518 365 8 220 353 82 236 118 123 34 134 72 212 405 144 372 270 142 229 221 517 388 418 257 150 342 408 251 323 60 178 356 438 70 387 260 244 292 419 14 77 189 228 68 192 422 343 164 121 277 28 273 305 101 499 466 454 234 509 217 430 40 313 325 222 157 127 205 435 188 128 225 295 309 493 156 472 446 84 475 515 79 415 191 373 161 451 170 2 381 38 16 185 262 116 317 137 386 65 41 187 132 49 62 402 349 42 139 473 163 129 267 511 486 302 21 204 44 285 18 36 360 286 93 423 306 484 57 398 6 487 425 179 495 154 197 520 322 336 490 168 30 362 153 20 339 209 287 361 74 196 420 98 460 4 516 240 181 272 27 416 190 467 247 312 249 223 501 180 281 182 122 193 461 76 32 102 135 17 232 492 384 106 50 483 111 136 505 9 411 400 346 412 417 56 291 326 107 242 203 15 177 216 271 100 456 427 152 195 367 259 507 231 64 414 403 354 290 48 165 10 506 329 376 46 407 391 158 444 130 338 347 208 210 385 441 81 274 448 67 377 39 321 35 462 443 37 138 469 296 284 91 183 90 370 332 169 173 394 237 13 239 514 151 226 78 3 215 280 426 488 304 275 95 363 230 380 341 335 167 250 
