PARAMETER_FILE = result/cvrptw_500/LKH_para/213.para
Reading PROBLEM_FILE: "result/cvrptw_500/cvrptw/213.cvrptw" ... done
ASCENT_CANDIDATES = 50
BACKBONE_TRIALS = 0
BACKTRACKING = NO
# BWTSP =
# CANDIDATE_FILE =
CANDIDATE_SET_TYPE = ALPHA
DEPOT = 1
# EDGE_FILE =
EXCESS = 0.0384615
EXTERNAL_SALESMEN = 0
EXTRA_CANDIDATES = 0 
EXTRA_CANDIDATE_SET_TYPE = QUADRANT
GAIN23 = NO
GAIN_CRITERION = YES
INITIAL_PERIOD = 520
INITIAL_STEP_SIZE = 1
INITIAL_TOUR_ALGORITHM = WALK
# INITIAL_TOUR_FILE = 
INITIAL_TOUR_FRACTION = 1.000
# INPUT_TOUR_FILE = 
KICK_TYPE = 4
KICKS = 1
# MAX_BREADTH =
MAKESPAN = NO
MAX_CANDIDATES = 5 
MAX_SWAPS = 0
MAX_TRIALS = 1000
# MERGE_TOUR_FILE =
MOVE_TYPE = 5 SPECIAL
MTSP_MIN_SIZE = 1
MTSP_MAX_SIZE = 1039
# MTSP_SOLUTION_FILE = 
# NONSEQUENTIAL_MOVE_TYPE = 5
# OPTIMUM =
# OUTPUT_TOUR_FILE = 
PATCHING_A = 1 
PATCHING_C = 0 
# PI_FILE = 
POPMUSIC_INITIAL_TOUR = NO
POPMUSIC_MAX_NEIGHBORS = 5
POPMUSIC_SAMPLE_SIZE = 10
POPMUSIC_SOLUTIONS = 50
POPMUSIC_TRIALS = 1
POPULATION_SIZE = 10
PRECISION = 100
PROBLEM_FILE = result/cvrptw_500/cvrptw/213.cvrptw
RECOMBINATION = IPT
RESTRICTED_SEARCH = YES
RUNS = 1
SALESMEN = 20
SCALE = 1
SEED = 1234
# SINTEF_SOLUTION_FILE = 
STOP_AT_OPTIMUM = YES
SUBGRADIENT = YES
# SUBPROBLEM_SIZE =
# SUBPROBLEM_TOUR_FILE = 
SUBSEQUENT_MOVE_TYPE = 5 SPECIAL
SUBSEQUENT_PATCHING = YES
# TIME_LIMIT =
# TOUR_FILE = 
TRACE_LEVEL = 1
VEHICLES = 20

Lower bound = 24554611.2, Ascent time = 1.96 sec.
Cand.min = 5, Cand.avg = 5.0, Cand.max = 5
Edges.fixed = 520 [Cost = 0]
Preprocessing time = 2.04 sec.
* 1: Cost = 152417_54642648, Time = 3.87 sec. 
-Trial 1 152417 54642648 5.920076
-Trial 2 152417 54642648 5.990577
* 3: Cost = 0_54771520, Time = 4.09 sec. 
-Trial 3 0 54771520 6.139422
* 4: Cost = 0_54489983, Time = 4.11 sec. 
-Trial 4 0 54489983 6.162442
* 5: Cost = 0_54083094, Time = 4.17 sec. 
-Trial 5 0 54083094 6.213311
* 6: Cost = 0_53759127, Time = 4.22 sec. 
-Trial 6 0 53759127 6.267777
* 7: Cost = 0_52837826, Time = 4.33 sec. 
-Trial 7 0 52837826 6.381064
-Trial 8 0 52837826 6.393667
-Trial 9 0 52837826 6.398899
* 10: Cost = 0_52518156, Time = 4.42 sec. 
-Trial 10 0 52518156 6.469988
-Trial 11 0 52518156 6.494973
-Trial 12 0 52518156 6.551311
-Trial 13 0 52518156 6.565959
-Trial 14 0 52518156 6.590988
* 15: Cost = 0_52161412, Time = 4.74 sec. 
-Trial 15 0 52161412 6.792135
* 16: Cost = 0_51575351, Time = 4.91 sec. 
-Trial 16 0 51575351 6.959358
-Trial 17 0 51575351 7.062288
-Trial 18 0 51575351 7.140996
-Trial 19 0 51575351 7.163421
* 20: Cost = 0_51414069, Time = 5.23 sec. 
-Trial 20 0 51414069 7.276044
-Trial 21 0 51414069 7.278237
* 22: Cost = 0_51413892, Time = 5.30 sec. 
-Trial 22 0 51413892 7.348340
-Trial 23 0 51413892 7.430236
* 24: Cost = 0_51254348, Time = 5.61 sec. 
-Trial 24 0 51254348 7.655995
* 25: Cost = 0_50950073, Time = 5.70 sec. 
-Trial 25 0 50950073 7.750421
* 26: Cost = 0_49884471, Time = 5.78 sec. 
-Trial 26 0 49884471 7.831647
* 27: Cost = 0_49588801, Time = 5.79 sec. 
-Trial 27 0 49588801 7.841562
* 28: Cost = 0_49432196, Time = 5.88 sec. 
-Trial 28 0 49432196 7.923455
-Trial 29 0 49432196 7.970391
* 30: Cost = 0_49419337, Time = 5.94 sec. 
-Trial 30 0 49419337 7.991054
-Trial 31 0 49419337 8.042596
* 32: Cost = 0_49319284, Time = 6.01 sec. 
-Trial 32 0 49319284 8.054237
-Trial 33 0 49319284 8.313838
-Trial 34 0 49319284 8.397621
* 35: Cost = 0_49210484, Time = 6.39 sec. 
-Trial 35 0 49210484 8.435111
* 36: Cost = 0_49140929, Time = 6.46 sec. 
-Trial 36 0 49140929 8.504281
-Trial 37 0 49140929 8.522522
-Trial 38 0 49140929 8.563660
* 39: Cost = 0_48296824, Time = 6.53 sec. 
-Trial 39 0 48296824 8.577881
-Trial 40 0 48296824 8.581432
-Trial 41 0 48296824 8.714717
* 42: Cost = 0_48188411, Time = 6.68 sec. 
-Trial 42 0 48188411 8.730448
* 43: Cost = 0_47803559, Time = 6.70 sec. 
-Trial 43 0 47803559 8.743145
-Trial 44 0 47803559 8.748089
-Trial 45 0 47803559 8.768721
* 46: Cost = 0_47269669, Time = 6.74 sec. 
-Trial 46 0 47269669 8.784145
* 47: Cost = 0_46405351, Time = 6.77 sec. 
-Trial 47 0 46405351 8.817734
-Trial 48 0 46405351 8.818140
-Trial 49 0 46405351 8.972438
* 50: Cost = 0_46382223, Time = 6.98 sec. 
-Trial 50 0 46382223 9.023668
-Trial 51 0 46382223 9.077536
-Trial 52 0 46382223 9.099620
* 53: Cost = 0_46080563, Time = 7.08 sec. 
-Trial 53 0 46080563 9.128592
-Trial 54 0 46080563 9.176328
* 55: Cost = 0_46051051, Time = 7.15 sec. 
-Trial 55 0 46051051 9.198750
-Trial 56 0 46051051 9.219770
* 57: Cost = 0_45838687, Time = 7.18 sec. 
-Trial 57 0 45838687 9.230385
-Trial 58 0 45838687 9.231710
* 59: Cost = 0_45765439, Time = 7.19 sec. 
-Trial 59 0 45765439 9.234318
-Trial 60 0 45765439 9.274729
* 61: Cost = 0_45760270, Time = 7.27 sec. 
-Trial 61 0 45760270 9.321314
-Trial 62 0 45760270 9.321754
-Trial 63 0 45760270 9.351498
* 64: Cost = 0_45680778, Time = 7.32 sec. 
-Trial 64 0 45680778 9.368341
-Trial 65 0 45680778 9.375095
-Trial 66 0 45680778 9.399823
-Trial 67 0 45680778 9.438910
-Trial 68 0 45680778 9.440082
-Trial 69 0 45680778 9.491563
-Trial 70 0 45680778 9.510215
-Trial 71 0 45680778 9.528153
-Trial 72 0 45680778 9.543159
-Trial 73 0 45680778 9.573409
-Trial 74 0 45680778 9.587865
-Trial 75 0 45680778 9.612771
-Trial 76 0 45680778 9.626431
-Trial 77 0 45680778 9.629578
* 78: Cost = 0_45036703, Time = 7.68 sec. 
-Trial 78 0 45036703 9.731888
-Trial 79 0 45036703 9.743317
* 80: Cost = 0_44990394, Time = 7.70 sec. 
-Trial 80 0 44990394 9.751981
-Trial 81 0 44990394 9.761121
* 82: Cost = 0_44834531, Time = 7.74 sec. 
-Trial 82 0 44834531 9.784019
-Trial 83 0 44834531 9.801960
* 84: Cost = 0_44831827, Time = 7.76 sec. 
-Trial 84 0 44831827 9.812093
* 85: Cost = 0_44831466, Time = 7.78 sec. 
-Trial 85 0 44831466 9.825381
-Trial 86 0 44831466 9.856458
* 87: Cost = 0_44787728, Time = 7.83 sec. 
-Trial 87 0 44787728 9.878053
* 88: Cost = 0_44535567, Time = 7.84 sec. 
-Trial 88 0 44535567 9.890782
-Trial 89 0 44535567 9.930436
-Trial 90 0 44535567 9.930851
-Trial 91 0 44535567 9.960359
-Trial 92 0 44535567 9.995025
-Trial 93 0 44535567 10.003464
-Trial 94 0 44535567 10.052282
-Trial 95 0 44535567 10.059546
* 96: Cost = 0_44534173, Time = 8.04 sec. 
-Trial 96 0 44534173 10.085491
* 97: Cost = 0_44409776, Time = 8.07 sec. 
-Trial 97 0 44409776 10.115818
-Trial 98 0 44409776 10.142764
-Trial 99 0 44409776 10.186611
-Trial 100 0 44409776 10.297107
* 101: Cost = 0_44360481, Time = 8.27 sec. 
-Trial 101 0 44360481 10.322568
* 102: Cost = 0_44338943, Time = 8.28 sec. 
-Trial 102 0 44338943 10.329173
* 103: Cost = 0_44296279, Time = 8.30 sec. 
-Trial 103 0 44296279 10.343015
-Trial 104 0 44296279 10.357459
-Trial 105 0 44296279 10.361357
-Trial 106 0 44296279 10.370419
* 107: Cost = 0_44222781, Time = 8.33 sec. 
-Trial 107 0 44222781 10.373896
-Trial 108 0 44222781 10.378383
-Trial 109 0 44222781 10.384363
-Trial 110 0 44222781 10.391190
-Trial 111 0 44222781 10.396636
-Trial 112 0 44222781 10.413173
* 113: Cost = 0_44182179, Time = 8.37 sec. 
-Trial 113 0 44182179 10.419125
-Trial 114 0 44182179 10.435362
-Trial 115 0 44182179 10.444699
-Trial 116 0 44182179 10.453226
-Trial 117 0 44182179 10.480310
-Trial 118 0 44182179 10.522459
-Trial 119 0 44182179 10.653286
-Trial 120 0 44182179 10.688378
* 121: Cost = 0_44174154, Time = 8.64 sec. 
-Trial 121 0 44174154 10.692854
* 122: Cost = 0_43989514, Time = 8.67 sec. 
-Trial 122 0 43989514 10.714103
-Trial 123 0 43989514 10.721463
-Trial 124 0 43989514 10.794590
-Trial 125 0 43989514 10.846868
-Trial 126 0 43989514 10.875927
-Trial 127 0 43989514 10.907245
-Trial 128 0 43989514 10.935080
-Trial 129 0 43989514 11.025226
-Trial 130 0 43989514 11.047641
-Trial 131 0 43989514 11.050305
-Trial 132 0 43989514 11.133641
-Trial 133 0 43989514 11.174899
-Trial 134 0 43989514 11.454513
-Trial 135 0 43989514 11.461077
-Trial 136 0 43989514 11.498902
* 137: Cost = 0_43961138, Time = 9.53 sec. 
-Trial 137 0 43961138 11.580232
-Trial 138 0 43961138 11.591049
* 139: Cost = 0_43934130, Time = 9.58 sec. 
-Trial 139 0 43934130 11.626211
-Trial 140 0 43934130 11.730045
-Trial 141 0 43934130 11.733255
-Trial 142 0 43934130 11.778148
* 143: Cost = 0_43809677, Time = 9.76 sec. 
-Trial 143 0 43809677 11.804613
-Trial 144 0 43809677 11.811601
-Trial 145 0 43809677 11.827362
-Trial 146 0 43809677 11.865528
-Trial 147 0 43809677 11.872251
* 148: Cost = 0_43685852, Time = 9.85 sec. 
-Trial 148 0 43685852 11.893155
-Trial 149 0 43685852 11.906290
-Trial 150 0 43685852 11.908350
-Trial 151 0 43685852 11.923760
-Trial 152 0 43685852 11.941992
-Trial 153 0 43685852 11.973490
-Trial 154 0 43685852 11.981491
-Trial 155 0 43685852 12.002912
-Trial 156 0 43685852 12.005454
-Trial 157 0 43685852 12.023933
-Trial 158 0 43685852 12.043965
-Trial 159 0 43685852 12.045694
-Trial 160 0 43685852 12.121750
-Trial 161 0 43685852 12.133203
-Trial 162 0 43685852 12.149292
-Trial 163 0 43685852 12.177839
* 164: Cost = 0_43449163, Time = 10.15 sec. 
-Trial 164 0 43449163 12.193637
-Trial 165 0 43449163 12.238731
-Trial 166 0 43449163 12.264305
* 167: Cost = 0_43425853, Time = 10.23 sec. 
-Trial 167 0 43425853 12.280374
* 168: Cost = 0_43411907, Time = 10.26 sec. 
-Trial 168 0 43411907 12.306367
-Trial 169 0 43411907 12.314176
-Trial 170 0 43411907 12.321756
* 171: Cost = 0_43397002, Time = 10.31 sec. 
-Trial 171 0 43397002 12.357311
* 172: Cost = 0_43257185, Time = 10.35 sec. 
-Trial 172 0 43257185 12.398167
-Trial 173 0 43257185 12.440409
-Trial 174 0 43257185 12.451288
-Trial 175 0 43257185 12.476815
-Trial 176 0 43257185 12.494203
* 177: Cost = 0_43189117, Time = 10.56 sec. 
-Trial 177 0 43189117 12.603935
-Trial 178 0 43189117 12.607959
* 179: Cost = 0_43177150, Time = 10.59 sec. 
-Trial 179 0 43177150 12.633660
-Trial 180 0 43177150 12.643643
-Trial 181 0 43177150 12.649808
-Trial 182 0 43177150 12.735009
-Trial 183 0 43177150 12.735530
* 184: Cost = 0_43168511, Time = 10.70 sec. 
-Trial 184 0 43168511 12.749691
-Trial 185 0 43168511 12.779062
-Trial 186 0 43168511 12.802032
* 187: Cost = 0_42598865, Time = 10.79 sec. 
-Trial 187 0 42598865 12.836269
-Trial 188 0 42598865 12.844217
* 189: Cost = 0_42594485, Time = 10.82 sec. 
-Trial 189 0 42594485 12.869437
-Trial 190 0 42594485 12.888580
-Trial 191 0 42594485 12.909330
-Trial 192 0 42594485 12.921527
-Trial 193 0 42594485 12.938426
-Trial 194 0 42594485 12.956692
* 195: Cost = 0_42533481, Time = 10.95 sec. 
-Trial 195 0 42533481 13.001702
* 196: Cost = 0_42491957, Time = 10.97 sec. 
-Trial 196 0 42491957 13.018721
-Trial 197 0 42491957 13.019184
* 198: Cost = 0_42469791, Time = 10.98 sec. 
-Trial 198 0 42469791 13.023871
-Trial 199 0 42469791 13.050392
-Trial 200 0 42469791 13.064885
-Trial 201 0 42469791 13.086425
-Trial 202 0 42469791 13.107052
-Trial 203 0 42469791 13.128614
-Trial 204 0 42469791 13.192484
-Trial 205 0 42469791 13.199037
-Trial 206 0 42469791 13.202844
-Trial 207 0 42469791 13.234985
-Trial 208 0 42469791 13.258267
-Trial 209 0 42469791 13.281831
-Trial 210 0 42469791 13.290102
-Trial 211 0 42469791 13.310536
-Trial 212 0 42469791 13.313664
* 213: Cost = 0_42460031, Time = 11.41 sec. 
-Trial 213 0 42460031 13.455563
-Trial 214 0 42460031 13.460958
* 215: Cost = 0_42388892, Time = 11.60 sec. 
-Trial 215 0 42388892 13.643317
-Trial 216 0 42388892 13.653027
-Trial 217 0 42388892 13.693301
-Trial 218 0 42388892 13.717395
-Trial 219 0 42388892 13.722281
-Trial 220 0 42388892 13.746543
-Trial 221 0 42388892 13.762598
-Trial 222 0 42388892 13.789087
-Trial 223 0 42388892 13.793671
-Trial 224 0 42388892 13.819451
* 225: Cost = 0_42385896, Time = 11.89 sec. 
-Trial 225 0 42385896 13.934660
-Trial 226 0 42385896 14.076777
-Trial 227 0 42385896 14.131420
-Trial 228 0 42385896 14.227741
* 229: Cost = 0_42357888, Time = 12.19 sec. 
-Trial 229 0 42357888 14.235020
-Trial 230 0 42357888 14.238965
-Trial 231 0 42357888 14.297239
-Trial 232 0 42357888 14.396399
-Trial 233 0 42357888 14.459099
-Trial 234 0 42357888 14.481475
* 235: Cost = 0_42312403, Time = 12.47 sec. 
-Trial 235 0 42312403 14.512916
-Trial 236 0 42312403 14.642793
* 237: Cost = 0_42173792, Time = 12.60 sec. 
-Trial 237 0 42173792 14.649128
-Trial 238 0 42173792 14.668926
* 239: Cost = 0_42146586, Time = 12.64 sec. 
-Trial 239 0 42146586 14.689738
* 240: Cost = 0_42093826, Time = 12.67 sec. 
-Trial 240 0 42093826 14.715514
-Trial 241 0 42093826 14.759572
-Trial 242 0 42093826 14.790783
-Trial 243 0 42093826 14.804922
-Trial 244 0 42093826 14.823032
-Trial 245 0 42093826 14.830880
-Trial 246 0 42093826 14.858332
-Trial 247 0 42093826 14.859198
-Trial 248 0 42093826 14.866930
-Trial 249 0 42093826 14.941219
-Trial 250 0 42093826 14.994858
-Trial 251 0 42093826 15.011419
-Trial 252 0 42093826 15.030064
* 253: Cost = 0_42090818, Time = 13.03 sec. 
-Trial 253 0 42090818 15.078654
* 254: Cost = 0_42027124, Time = 13.06 sec. 
-Trial 254 0 42027124 15.103666
-Trial 255 0 42027124 15.121302
-Trial 256 0 42027124 15.150661
-Trial 257 0 42027124 15.153214
* 258: Cost = 0_41796956, Time = 13.13 sec. 
-Trial 258 0 41796956 15.181042
-Trial 259 0 41796956 15.188570
-Trial 260 0 41796956 15.238154
-Trial 261 0 41796956 15.261649
-Trial 262 0 41796956 15.279727
-Trial 263 0 41796956 15.331922
-Trial 264 0 41796956 15.351052
-Trial 265 0 41796956 15.360355
-Trial 266 0 41796956 15.389943
-Trial 267 0 41796956 15.405946
-Trial 268 0 41796956 15.660103
* 269: Cost = 0_41710417, Time = 13.63 sec. 
-Trial 269 0 41710417 15.677411
-Trial 270 0 41710417 15.689001
-Trial 271 0 41710417 15.720533
-Trial 272 0 41710417 15.731355
-Trial 273 0 41710417 15.747114
-Trial 274 0 41710417 15.757410
* 275: Cost = 0_41689263, Time = 13.72 sec. 
-Trial 275 0 41689263 15.771901
* 276: Cost = 0_41671929, Time = 13.75 sec. 
-Trial 276 0 41671929 15.802868
-Trial 277 0 41671929 15.833821
-Trial 278 0 41671929 15.847101
-Trial 279 0 41671929 15.862998
-Trial 280 0 41671929 15.876780
-Trial 281 0 41671929 15.901054
-Trial 282 0 41671929 15.909787
-Trial 283 0 41671929 15.933579
-Trial 284 0 41671929 15.972991
-Trial 285 0 41671929 16.004453
-Trial 286 0 41671929 16.053662
-Trial 287 0 41671929 16.064803
-Trial 288 0 41671929 16.075676
-Trial 289 0 41671929 16.086944
-Trial 290 0 41671929 16.091383
-Trial 291 0 41671929 16.150754
-Trial 292 0 41671929 16.161369
-Trial 293 0 41671929 16.204409
* 294: Cost = 0_41669938, Time = 14.17 sec. 
-Trial 294 0 41669938 16.216376
-Trial 295 0 41669938 16.235379
-Trial 296 0 41669938 16.239076
-Trial 297 0 41669938 16.251715
-Trial 298 0 41669938 16.286131
* 299: Cost = 0_41658510, Time = 14.27 sec. 
-Trial 299 0 41658510 16.312884
-Trial 300 0 41658510 16.350383
-Trial 301 0 41658510 16.353295
-Trial 302 0 41658510 16.375536
-Trial 303 0 41658510 16.388847
-Trial 304 0 41658510 16.391626
-Trial 305 0 41658510 16.402362
-Trial 306 0 41658510 16.408758
-Trial 307 0 41658510 16.412600
-Trial 308 0 41658510 16.546451
-Trial 309 0 41658510 16.553212
-Trial 310 0 41658510 16.572245
-Trial 311 0 41658510 16.591653
-Trial 312 0 41658510 16.617724
-Trial 313 0 41658510 16.635747
-Trial 314 0 41658510 16.636495
-Trial 315 0 41658510 16.638268
-Trial 316 0 41658510 16.950877
-Trial 317 0 41658510 16.952316
-Trial 318 0 41658510 16.992791
-Trial 319 0 41658510 17.023121
-Trial 320 0 41658510 17.086214
-Trial 321 0 41658510 17.094227
-Trial 322 0 41658510 17.109059
-Trial 323 0 41658510 17.170073
-Trial 324 0 41658510 17.174636
-Trial 325 0 41658510 17.193020
* 326: Cost = 0_41646419, Time = 15.16 sec. 
-Trial 326 0 41646419 17.208377
-Trial 327 0 41646419 17.280974
-Trial 328 0 41646419 17.435982
-Trial 329 0 41646419 17.459396
-Trial 330 0 41646419 17.501922
-Trial 331 0 41646419 17.515739
-Trial 332 0 41646419 17.535621
-Trial 333 0 41646419 17.546943
-Trial 334 0 41646419 17.598577
-Trial 335 0 41646419 17.625944
-Trial 336 0 41646419 17.645946
-Trial 337 0 41646419 17.698520
-Trial 338 0 41646419 17.705252
-Trial 339 0 41646419 17.707054
-Trial 340 0 41646419 17.769270
-Trial 341 0 41646419 17.781175
-Trial 342 0 41646419 17.840363
-Trial 343 0 41646419 17.842177
-Trial 344 0 41646419 17.845903
-Trial 345 0 41646419 17.849001
-Trial 346 0 41646419 17.883812
-Trial 347 0 41646419 17.888606
-Trial 348 0 41646419 17.946278
-Trial 349 0 41646419 17.980845
-Trial 350 0 41646419 18.051508
-Trial 351 0 41646419 18.052685
-Trial 352 0 41646419 18.058457
-Trial 353 0 41646419 18.079605
-Trial 354 0 41646419 18.090560
* 355: Cost = 0_41642744, Time = 16.06 sec. 
-Trial 355 0 41642744 18.103600
-Trial 356 0 41642744 18.150410
* 357: Cost = 0_41637016, Time = 16.12 sec. 
-Trial 357 0 41637016 18.162913
-Trial 358 0 41637016 18.166773
* 359: Cost = 0_41620258, Time = 16.15 sec. 
-Trial 359 0 41620258 18.194543
-Trial 360 0 41620258 18.312127
-Trial 361 0 41620258 18.343247
-Trial 362 0 41620258 18.359830
-Trial 363 0 41620258 18.379431
-Trial 364 0 41620258 18.437855
-Trial 365 0 41620258 18.479150
-Trial 366 0 41620258 18.532420
-Trial 367 0 41620258 18.558481
* 368: Cost = 0_41594805, Time = 16.55 sec. 
-Trial 368 0 41594805 18.595732
-Trial 369 0 41594805 18.624121
-Trial 370 0 41594805 18.630953
-Trial 371 0 41594805 18.639510
-Trial 372 0 41594805 18.646930
-Trial 373 0 41594805 18.702827
-Trial 374 0 41594805 18.899430
* 375: Cost = 0_41475391, Time = 16.89 sec. 
-Trial 375 0 41475391 18.938843
-Trial 376 0 41475391 19.071966
-Trial 377 0 41475391 19.100819
-Trial 378 0 41475391 19.132502
-Trial 379 0 41475391 19.252058
-Trial 380 0 41475391 19.263094
-Trial 381 0 41475391 19.288776
-Trial 382 0 41475391 19.325278
* 383: Cost = 0_41406588, Time = 17.28 sec. 
-Trial 383 0 41406588 19.332809
* 384: Cost = 0_41405090, Time = 17.29 sec. 
-Trial 384 0 41405090 19.338411
-Trial 385 0 41405090 19.343884
-Trial 386 0 41405090 19.349031
-Trial 387 0 41405090 19.355800
-Trial 388 0 41405090 19.374212
-Trial 389 0 41405090 19.451230
-Trial 390 0 41405090 19.454123
-Trial 391 0 41405090 19.504629
-Trial 392 0 41405090 19.530856
-Trial 393 0 41405090 19.551041
-Trial 394 0 41405090 19.573570
-Trial 395 0 41405090 19.619101
-Trial 396 0 41405090 19.648100
-Trial 397 0 41405090 19.682935
* 398: Cost = 0_41386244, Time = 17.65 sec. 
-Trial 398 0 41386244 19.695756
-Trial 399 0 41386244 19.820353
-Trial 400 0 41386244 19.831276
-Trial 401 0 41386244 19.843925
-Trial 402 0 41386244 19.858359
-Trial 403 0 41386244 19.893799
-Trial 404 0 41386244 19.945238
-Trial 405 0 41386244 19.952006
-Trial 406 0 41386244 19.972562
-Trial 407 0 41386244 19.975789
-Trial 408 0 41386244 20.001321
-Trial 409 0 41386244 20.010134
-Trial 410 0 41386244 20.027855
-Trial 411 0 41386244 20.088594
-Trial 412 0 41386244 20.155849
-Trial 413 0 41386244 20.177862
-Trial 414 0 41386244 20.182639
-Trial 415 0 41386244 20.195653
-Trial 416 0 41386244 20.196351
-Trial 417 0 41386244 20.224177
-Trial 418 0 41386244 20.254342
-Trial 419 0 41386244 20.267663
-Trial 420 0 41386244 20.274658
-Trial 421 0 41386244 20.294394
-Trial 422 0 41386244 20.321287
-Trial 423 0 41386244 20.398324
-Trial 424 0 41386244 20.406871
-Trial 425 0 41386244 20.422318
-Trial 426 0 41386244 20.442634
-Trial 427 0 41386244 20.448770
-Trial 428 0 41386244 20.571128
-Trial 429 0 41386244 20.603458
-Trial 430 0 41386244 20.664236
-Trial 431 0 41386244 20.669781
-Trial 432 0 41386244 20.784165
* 433: Cost = 0_41384610, Time = 18.76 sec. 
-Trial 433 0 41384610 20.806909
-Trial 434 0 41384610 20.836125
-Trial 435 0 41384610 20.848260
-Trial 436 0 41384610 20.893007
-Trial 437 0 41384610 20.900524
-Trial 438 0 41384610 20.918814
-Trial 439 0 41384610 20.943148
-Trial 440 0 41384610 20.996781
-Trial 441 0 41384610 21.001139
-Trial 442 0 41384610 21.033218
-Trial 443 0 41384610 21.041428
* 444: Cost = 0_41363239, Time = 19.02 sec. 
-Trial 444 0 41363239 21.070025
-Trial 445 0 41363239 21.097692
* 446: Cost = 0_41362609, Time = 19.09 sec. 
-Trial 446 0 41362609 21.135189
-Trial 447 0 41362609 21.142968
-Trial 448 0 41362609 21.146516
-Trial 449 0 41362609 21.160373
* 450: Cost = 0_41361149, Time = 19.12 sec. 
-Trial 450 0 41361149 21.165823
-Trial 451 0 41361149 21.177841
-Trial 452 0 41361149 21.213219
-Trial 453 0 41361149 21.221303
-Trial 454 0 41361149 21.257384
-Trial 455 0 41361149 21.268218
-Trial 456 0 41361149 21.374493
-Trial 457 0 41361149 21.391899
-Trial 458 0 41361149 21.421946
-Trial 459 0 41361149 21.453485
-Trial 460 0 41361149 21.488627
-Trial 461 0 41361149 21.501568
* 462: Cost = 0_41350226, Time = 19.46 sec. 
-Trial 462 0 41350226 21.507553
-Trial 463 0 41350226 21.563923
-Trial 464 0 41350226 21.640568
* 465: Cost = 0_41323737, Time = 19.62 sec. 
-Trial 465 0 41323737 21.663112
-Trial 466 0 41323737 21.732807
* 467: Cost = 0_41320991, Time = 19.69 sec. 
-Trial 467 0 41320991 21.739846
-Trial 468 0 41320991 21.749931
-Trial 469 0 41320991 21.860573
-Trial 470 0 41320991 21.936313
-Trial 471 0 41320991 21.937131
* 472: Cost = 0_41286510, Time = 19.91 sec. 
-Trial 472 0 41286510 21.955313
-Trial 473 0 41286510 21.977443
-Trial 474 0 41286510 21.982873
-Trial 475 0 41286510 22.025363
-Trial 476 0 41286510 22.048523
-Trial 477 0 41286510 22.119982
-Trial 478 0 41286510 22.132854
-Trial 479 0 41286510 22.257836
-Trial 480 0 41286510 22.274196
-Trial 481 0 41286510 22.286823
-Trial 482 0 41286510 22.436058
-Trial 483 0 41286510 22.436581
-Trial 484 0 41286510 22.454209
-Trial 485 0 41286510 22.465328
-Trial 486 0 41286510 22.497406
-Trial 487 0 41286510 22.509381
-Trial 488 0 41286510 22.560673
-Trial 489 0 41286510 22.576211
-Trial 490 0 41286510 22.765264
-Trial 491 0 41286510 22.785197
-Trial 492 0 41286510 22.977758
-Trial 493 0 41286510 22.983870
-Trial 494 0 41286510 23.009980
-Trial 495 0 41286510 23.093670
-Trial 496 0 41286510 23.107512
-Trial 497 0 41286510 23.114099
-Trial 498 0 41286510 23.187195
-Trial 499 0 41286510 23.288616
-Trial 500 0 41286510 23.291974
-Trial 501 0 41286510 23.331798
-Trial 502 0 41286510 23.372999
-Trial 503 0 41286510 23.406451
-Trial 504 0 41286510 23.510984
-Trial 505 0 41286510 23.516330
-Trial 506 0 41286510 23.522316
-Trial 507 0 41286510 23.529660
-Trial 508 0 41286510 23.532346
-Trial 509 0 41286510 23.547820
-Trial 510 0 41286510 23.580789
-Trial 511 0 41286510 23.605812
-Trial 512 0 41286510 23.632295
-Trial 513 0 41286510 23.657825
-Trial 514 0 41286510 23.667049
-Trial 515 0 41286510 23.679340
-Trial 516 0 41286510 23.703639
-Trial 517 0 41286510 23.723917
-Trial 518 0 41286510 23.791052
-Trial 519 0 41286510 23.811516
-Trial 520 0 41286510 23.819662
-Trial 521 0 41286510 23.863017
-Trial 522 0 41286510 23.937550
-Trial 523 0 41286510 23.967755
-Trial 524 0 41286510 23.983413
-Trial 525 0 41286510 23.990121
-Trial 526 0 41286510 24.091065
-Trial 527 0 41286510 24.099436
-Trial 528 0 41286510 24.157487
-Trial 529 0 41286510 24.190712
-Trial 530 0 41286510 24.283671
-Trial 531 0 41286510 24.327542
-Trial 532 0 41286510 24.369779
-Trial 533 0 41286510 24.410612
-Trial 534 0 41286510 24.427869
-Trial 535 0 41286510 24.434247
-Trial 536 0 41286510 24.449322
* 537: Cost = 0_41257042, Time = 22.44 sec. 
-Trial 537 0 41257042 24.490222
-Trial 538 0 41257042 24.537825
-Trial 539 0 41257042 24.602532
-Trial 540 0 41257042 24.650473
-Trial 541 0 41257042 24.657839
* 542: Cost = 0_41191900, Time = 22.65 sec. 
-Trial 542 0 41191900 24.695947
-Trial 543 0 41191900 24.703244
-Trial 544 0 41191900 24.758955
-Trial 545 0 41191900 24.827015
-Trial 546 0 41191900 24.843974
-Trial 547 0 41191900 24.849114
-Trial 548 0 41191900 24.862313
-Trial 549 0 41191900 24.888231
-Trial 550 0 41191900 24.943505
-Trial 551 0 41191900 24.982609
-Trial 552 0 41191900 25.002986
-Trial 553 0 41191900 25.100625
-Trial 554 0 41191900 25.115196
-Trial 555 0 41191900 25.135928
-Trial 556 0 41191900 25.152067
* 557: Cost = 0_41181033, Time = 23.18 sec. 
-Trial 557 0 41181033 25.225870
-Trial 558 0 41181033 25.288515
-Trial 559 0 41181033 25.314835
* 560: Cost = 0_41108280, Time = 23.29 sec. 
-Trial 560 0 41108280 25.333391
-Trial 561 0 41108280 25.437493
-Trial 562 0 41108280 25.700237
-Trial 563 0 41108280 25.720067
-Trial 564 0 41108280 25.730769
-Trial 565 0 41108280 25.784154
-Trial 566 0 41108280 25.823940
-Trial 567 0 41108280 25.825291
-Trial 568 0 41108280 25.891138
-Trial 569 0 41108280 25.901442
-Trial 570 0 41108280 25.931787
-Trial 571 0 41108280 25.997587
-Trial 572 0 41108280 26.003938
-Trial 573 0 41108280 26.011495
-Trial 574 0 41108280 26.012794
* 575: Cost = 0_41104987, Time = 23.98 sec. 
-Trial 575 0 41104987 26.026997
-Trial 576 0 41104987 26.069404
-Trial 577 0 41104987 26.072495
-Trial 578 0 41104987 26.112713
-Trial 579 0 41104987 26.142462
-Trial 580 0 41104987 26.162645
-Trial 581 0 41104987 26.170543
-Trial 582 0 41104987 26.237544
-Trial 583 0 41104987 26.242095
-Trial 584 0 41104987 26.327703
-Trial 585 0 41104987 26.333638
-Trial 586 0 41104987 26.340536
-Trial 587 0 41104987 26.378646
-Trial 588 0 41104987 26.396325
-Trial 589 0 41104987 26.403064
-Trial 590 0 41104987 26.411231
-Trial 591 0 41104987 26.437228
-Trial 592 0 41104987 26.483166
-Trial 593 0 41104987 26.514073
-Trial 594 0 41104987 26.521329
-Trial 595 0 41104987 26.534745
-Trial 596 0 41104987 26.573694
-Trial 597 0 41104987 26.591627
-Trial 598 0 41104987 26.611662
-Trial 599 0 41104987 26.651152
* 600: Cost = 0_41079870, Time = 24.61 sec. 
-Trial 600 0 41079870 26.662255
-Trial 601 0 41079870 26.683628
-Trial 602 0 41079870 26.724601
-Trial 603 0 41079870 26.730327
-Trial 604 0 41079870 26.734962
-Trial 605 0 41079870 26.739823
-Trial 606 0 41079870 26.786451
-Trial 607 0 41079870 26.791222
-Trial 608 0 41079870 26.822117
-Trial 609 0 41079870 26.830775
-Trial 610 0 41079870 26.844848
-Trial 611 0 41079870 26.899471
-Trial 612 0 41079870 26.920409
-Trial 613 0 41079870 26.944834
-Trial 614 0 41079870 26.955172
-Trial 615 0 41079870 26.974375
-Trial 616 0 41079870 26.980526
-Trial 617 0 41079870 27.001889
-Trial 618 0 41079870 27.011339
-Trial 619 0 41079870 27.018123
-Trial 620 0 41079870 27.134526
-Trial 621 0 41079870 27.144611
* 622: Cost = 0_41050319, Time = 25.12 sec. 
-Trial 622 0 41050319 27.171228
-Trial 623 0 41050319 27.180127
-Trial 624 0 41050319 27.184474
-Trial 625 0 41050319 27.199433
-Trial 626 0 41050319 27.206212
-Trial 627 0 41050319 27.219900
-Trial 628 0 41050319 27.238214
-Trial 629 0 41050319 27.267003
-Trial 630 0 41050319 27.271996
-Trial 631 0 41050319 27.283151
-Trial 632 0 41050319 27.338103
-Trial 633 0 41050319 27.363906
-Trial 634 0 41050319 27.370821
-Trial 635 0 41050319 27.386294
-Trial 636 0 41050319 27.402114
-Trial 637 0 41050319 27.433397
-Trial 638 0 41050319 27.456558
-Trial 639 0 41050319 27.513504
-Trial 640 0 41050319 27.556854
-Trial 641 0 41050319 27.560398
* 642: Cost = 0_41044696, Time = 25.52 sec. 
-Trial 642 0 41044696 27.563481
-Trial 643 0 41044696 27.659813
-Trial 644 0 41044696 27.673160
-Trial 645 0 41044696 27.737363
-Trial 646 0 41044696 27.744388
-Trial 647 0 41044696 27.750945
-Trial 648 0 41044696 27.769673
-Trial 649 0 41044696 27.771536
-Trial 650 0 41044696 27.776193
-Trial 651 0 41044696 27.829343
-Trial 652 0 41044696 27.836237
-Trial 653 0 41044696 27.866513
-Trial 654 0 41044696 27.888697
-Trial 655 0 41044696 27.915022
-Trial 656 0 41044696 27.932474
-Trial 657 0 41044696 28.029931
-Trial 658 0 41044696 28.076467
-Trial 659 0 41044696 28.108901
-Trial 660 0 41044696 28.470962
-Trial 661 0 41044696 28.483657
-Trial 662 0 41044696 28.579611
-Trial 663 0 41044696 28.588848
-Trial 664 0 41044696 28.649245
-Trial 665 0 41044696 28.660100
-Trial 666 0 41044696 28.673739
-Trial 667 0 41044696 28.677055
-Trial 668 0 41044696 28.703995
-Trial 669 0 41044696 28.723897
-Trial 670 0 41044696 28.733753
-Trial 671 0 41044696 28.764620
-Trial 672 0 41044696 28.772158
-Trial 673 0 41044696 28.831521
-Trial 674 0 41044696 28.868727
-Trial 675 0 41044696 28.894105
-Trial 676 0 41044696 28.906071
-Trial 677 0 41044696 28.933765
-Trial 678 0 41044696 28.942789
-Trial 679 0 41044696 28.955105
-Trial 680 0 41044696 28.957242
-Trial 681 0 41044696 29.043774
-Trial 682 0 41044696 29.151141
-Trial 683 0 41044696 29.248836
-Trial 684 0 41044696 29.263867
-Trial 685 0 41044696 29.280742
-Trial 686 0 41044696 29.304800
-Trial 687 0 41044696 29.322862
-Trial 688 0 41044696 29.334530
-Trial 689 0 41044696 29.355792
-Trial 690 0 41044696 29.378920
-Trial 691 0 41044696 29.379364
-Trial 692 0 41044696 29.380000
* 693: Cost = 0_40999192, Time = 27.34 sec. 
-Trial 693 0 40999192 29.383662
-Trial 694 0 40999192 29.385437
-Trial 695 0 40999192 29.405579
-Trial 696 0 40999192 29.613418
-Trial 697 0 40999192 29.748583
-Trial 698 0 40999192 29.751046
-Trial 699 0 40999192 29.787772
-Trial 700 0 40999192 29.794057
-Trial 701 0 40999192 29.801929
-Trial 702 0 40999192 29.808843
-Trial 703 0 40999192 29.863809
-Trial 704 0 40999192 29.923444
-Trial 705 0 40999192 29.928686
-Trial 706 0 40999192 30.031534
-Trial 707 0 40999192 30.052636
-Trial 708 0 40999192 30.086576
-Trial 709 0 40999192 30.115769
-Trial 710 0 40999192 30.138852
-Trial 711 0 40999192 30.222489
* 712: Cost = 0_40964834, Time = 28.18 sec. 
-Trial 712 0 40964834 30.231801
-Trial 713 0 40964834 30.244604
-Trial 714 0 40964834 30.271635
-Trial 715 0 40964834 30.275174
-Trial 716 0 40964834 30.319117
-Trial 717 0 40964834 30.331305
-Trial 718 0 40964834 30.462898
-Trial 719 0 40964834 30.494796
-Trial 720 0 40964834 30.531581
-Trial 721 0 40964834 30.537250
-Trial 722 0 40964834 30.545568
-Trial 723 0 40964834 30.552435
-Trial 724 0 40964834 30.580427
-Trial 725 0 40964834 30.599986
-Trial 726 0 40964834 30.631772
-Trial 727 0 40964834 30.712474
-Trial 728 0 40964834 30.981415
-Trial 729 0 40964834 31.080604
-Trial 730 0 40964834 31.090451
-Trial 731 0 40964834 31.132827
-Trial 732 0 40964834 31.137418
-Trial 733 0 40964834 31.160108
-Trial 734 0 40964834 31.166550
-Trial 735 0 40964834 31.184260
-Trial 736 0 40964834 31.190804
-Trial 737 0 40964834 31.220969
-Trial 738 0 40964834 31.248806
-Trial 739 0 40964834 31.253318
-Trial 740 0 40964834 31.312934
-Trial 741 0 40964834 31.332538
-Trial 742 0 40964834 31.429480
-Trial 743 0 40964834 31.448877
-Trial 744 0 40964834 31.462487
-Trial 745 0 40964834 31.476909
-Trial 746 0 40964834 31.576341
-Trial 747 0 40964834 31.584598
-Trial 748 0 40964834 31.596291
-Trial 749 0 40964834 31.605649
-Trial 750 0 40964834 31.610715
-Trial 751 0 40964834 31.613645
-Trial 752 0 40964834 31.626113
-Trial 753 0 40964834 31.642958
-Trial 754 0 40964834 31.670136
-Trial 755 0 40964834 31.713216
-Trial 756 0 40964834 31.946822
-Trial 757 0 40964834 32.070004
-Trial 758 0 40964834 32.093620
-Trial 759 0 40964834 32.111589
-Trial 760 0 40964834 32.139730
-Trial 761 0 40964834 32.183293
-Trial 762 0 40964834 32.203176
-Trial 763 0 40964834 32.280228
-Trial 764 0 40964834 32.312295
-Trial 765 0 40964834 32.321207
-Trial 766 0 40964834 32.484655
-Trial 767 0 40964834 32.495075
-Trial 768 0 40964834 32.508542
-Trial 769 0 40964834 32.518078
-Trial 770 0 40964834 32.520204
-Trial 771 0 40964834 32.530070
-Trial 772 0 40964834 32.534517
-Trial 773 0 40964834 32.568394
-Trial 774 0 40964834 32.711972
-Trial 775 0 40964834 32.801712
-Trial 776 0 40964834 32.810378
-Trial 777 0 40964834 32.837926
-Trial 778 0 40964834 32.843357
-Trial 779 0 40964834 32.865642
-Trial 780 0 40964834 32.900454
-Trial 781 0 40964834 32.957099
-Trial 782 0 40964834 32.983275
-Trial 783 0 40964834 33.005601
-Trial 784 0 40964834 33.020363
-Trial 785 0 40964834 33.037783
-Trial 786 0 40964834 33.145922
-Trial 787 0 40964834 33.173130
-Trial 788 0 40964834 33.213743
-Trial 789 0 40964834 33.225076
-Trial 790 0 40964834 33.246840
-Trial 791 0 40964834 33.309831
-Trial 792 0 40964834 33.319349
-Trial 793 0 40964834 33.337012
-Trial 794 0 40964834 33.354233
-Trial 795 0 40964834 33.355873
-Trial 796 0 40964834 33.369159
-Trial 797 0 40964834 33.405813
-Trial 798 0 40964834 33.414916
-Trial 799 0 40964834 33.462185
-Trial 800 0 40964834 33.470415
-Trial 801 0 40964834 33.642555
-Trial 802 0 40964834 33.660956
-Trial 803 0 40964834 33.709126
-Trial 804 0 40964834 33.709639
-Trial 805 0 40964834 33.715580
-Trial 806 0 40964834 33.718988
-Trial 807 0 40964834 33.728363
-Trial 808 0 40964834 33.735676
-Trial 809 0 40964834 33.804098
-Trial 810 0 40964834 33.837274
-Trial 811 0 40964834 33.846212
-Trial 812 0 40964834 33.895402
-Trial 813 0 40964834 33.922433
-Trial 814 0 40964834 33.984709
-Trial 815 0 40964834 33.992106
-Trial 816 0 40964834 34.001343
-Trial 817 0 40964834 34.011114
-Trial 818 0 40964834 34.015143
-Trial 819 0 40964834 34.045994
-Trial 820 0 40964834 34.048485
-Trial 821 0 40964834 34.064335
-Trial 822 0 40964834 34.074739
-Trial 823 0 40964834 34.088096
-Trial 824 0 40964834 34.103027
-Trial 825 0 40964834 34.162569
-Trial 826 0 40964834 34.185859
* 827: Cost = 0_40959106, Time = 32.14 sec. 
-Trial 827 0 40959106 34.188370
-Trial 828 0 40959106 34.215334
-Trial 829 0 40959106 34.306624
-Trial 830 0 40959106 34.312178
-Trial 831 0 40959106 34.327291
-Trial 832 0 40959106 34.433272
-Trial 833 0 40959106 34.438295
-Trial 834 0 40959106 34.441029
-Trial 835 0 40959106 34.527590
-Trial 836 0 40959106 34.565817
-Trial 837 0 40959106 34.586250
-Trial 838 0 40959106 34.659168
-Trial 839 0 40959106 34.718433
-Trial 840 0 40959106 34.729888
-Trial 841 0 40959106 34.742320
-Trial 842 0 40959106 34.818601
-Trial 843 0 40959106 34.840740
-Trial 844 0 40959106 34.849381
-Trial 845 0 40959106 34.877616
-Trial 846 0 40959106 34.895769
-Trial 847 0 40959106 34.897962
-Trial 848 0 40959106 34.903109
-Trial 849 0 40959106 34.910710
-Trial 850 0 40959106 34.998703
-Trial 851 0 40959106 35.019951
-Trial 852 0 40959106 35.051780
-Trial 853 0 40959106 35.057730
-Trial 854 0 40959106 35.072450
-Trial 855 0 40959106 35.074927
-Trial 856 0 40959106 35.088769
-Trial 857 0 40959106 35.100855
-Trial 858 0 40959106 35.124961
-Trial 859 0 40959106 35.164370
-Trial 860 0 40959106 35.186376
-Trial 861 0 40959106 35.210853
-Trial 862 0 40959106 35.220789
-Trial 863 0 40959106 35.293196
-Trial 864 0 40959106 35.303857
-Trial 865 0 40959106 35.343699
-Trial 866 0 40959106 35.385451
-Trial 867 0 40959106 35.409263
-Trial 868 0 40959106 35.449572
-Trial 869 0 40959106 35.481044
-Trial 870 0 40959106 35.517522
-Trial 871 0 40959106 35.574007
-Trial 872 0 40959106 35.593598
-Trial 873 0 40959106 35.666914
-Trial 874 0 40959106 35.683082
-Trial 875 0 40959106 35.685040
* 876: Cost = 0_40956148, Time = 33.66 sec. 
-Trial 876 0 40956148 35.708786
-Trial 877 0 40956148 35.725832
-Trial 878 0 40956148 35.736572
-Trial 879 0 40956148 35.805097
-Trial 880 0 40956148 35.822411
-Trial 881 0 40956148 35.831271
-Trial 882 0 40956148 35.833618
-Trial 883 0 40956148 35.842962
-Trial 884 0 40956148 35.990240
-Trial 885 0 40956148 36.094821
-Trial 886 0 40956148 36.103301
-Trial 887 0 40956148 36.111694
-Trial 888 0 40956148 36.129856
-Trial 889 0 40956148 36.166470
-Trial 890 0 40956148 36.169324
-Trial 891 0 40956148 36.199272
-Trial 892 0 40956148 36.340751
-Trial 893 0 40956148 36.447987
-Trial 894 0 40956148 36.456282
* 895: Cost = 0_40911570, Time = 34.41 sec. 
-Trial 895 0 40911570 36.460338
-Trial 896 0 40911570 36.501339
-Trial 897 0 40911570 36.548223
-Trial 898 0 40911570 36.568211
* 899: Cost = 0_40907410, Time = 34.54 sec. 
-Trial 899 0 40907410 36.585296
-Trial 900 0 40907410 36.587427
-Trial 901 0 40907410 36.649835
-Trial 902 0 40907410 36.687818
-Trial 903 0 40907410 36.756390
-Trial 904 0 40907410 36.881775
-Trial 905 0 40907410 36.889985
-Trial 906 0 40907410 36.907474
-Trial 907 0 40907410 36.912250
-Trial 908 0 40907410 36.958598
-Trial 909 0 40907410 37.063210
-Trial 910 0 40907410 37.088330
* 911: Cost = 0_40901298, Time = 35.06 sec. 
-Trial 911 0 40901298 37.107746
-Trial 912 0 40901298 37.150710
-Trial 913 0 40901298 37.233293
-Trial 914 0 40901298 37.248909
-Trial 915 0 40901298 37.249350
-Trial 916 0 40901298 37.304016
-Trial 917 0 40901298 37.381493
-Trial 918 0 40901298 37.392813
-Trial 919 0 40901298 37.397786
-Trial 920 0 40901298 37.458631
-Trial 921 0 40901298 37.467721
-Trial 922 0 40901298 37.475445
-Trial 923 0 40901298 37.484449
-Trial 924 0 40901298 37.510674
-Trial 925 0 40901298 37.526246
* 926: Cost = 0_40828671, Time = 35.49 sec. 
-Trial 926 0 40828671 37.534876
-Trial 927 0 40828671 37.580203
-Trial 928 0 40828671 37.583803
-Trial 929 0 40828671 37.634871
-Trial 930 0 40828671 37.649966
-Trial 931 0 40828671 37.683097
-Trial 932 0 40828671 37.699501
-Trial 933 0 40828671 37.728291
-Trial 934 0 40828671 37.842770
-Trial 935 0 40828671 37.956900
-Trial 936 0 40828671 37.992846
-Trial 937 0 40828671 38.001933
-Trial 938 0 40828671 38.064423
-Trial 939 0 40828671 38.098900
-Trial 940 0 40828671 38.118673
-Trial 941 0 40828671 38.134077
-Trial 942 0 40828671 38.136750
-Trial 943 0 40828671 38.153391
-Trial 944 0 40828671 38.188755
-Trial 945 0 40828671 38.206346
-Trial 946 0 40828671 38.244635
-Trial 947 0 40828671 38.258794
-Trial 948 0 40828671 38.283948
-Trial 949 0 40828671 38.316847
-Trial 950 0 40828671 38.369801
-Trial 951 0 40828671 38.417823
-Trial 952 0 40828671 38.432082
-Trial 953 0 40828671 38.452998
-Trial 954 0 40828671 38.499033
-Trial 955 0 40828671 38.533681
* 956: Cost = 0_40804792, Time = 36.49 sec. 
-Trial 956 0 40804792 38.538520
-Trial 957 0 40804792 38.622460
-Trial 958 0 40804792 38.746531
-Trial 959 0 40804792 38.792254
-Trial 960 0 40804792 38.838025
-Trial 961 0 40804792 38.904174
-Trial 962 0 40804792 38.949796
-Trial 963 0 40804792 38.953196
-Trial 964 0 40804792 38.996497
* 965: Cost = 0_40788505, Time = 36.95 sec. 
-Trial 965 0 40788505 39.000809
-Trial 966 0 40788505 39.105533
-Trial 967 0 40788505 39.142278
-Trial 968 0 40788505 39.157656
-Trial 969 0 40788505 39.181091
-Trial 970 0 40788505 39.220311
-Trial 971 0 40788505 39.225056
-Trial 972 0 40788505 39.241408
-Trial 973 0 40788505 39.243346
-Trial 974 0 40788505 39.302930
-Trial 975 0 40788505 39.355503
-Trial 976 0 40788505 39.362118
-Trial 977 0 40788505 39.387784
-Trial 978 0 40788505 39.465711
-Trial 979 0 40788505 39.481921
-Trial 980 0 40788505 39.506209
-Trial 981 0 40788505 39.532584
-Trial 982 0 40788505 39.563786
-Trial 983 0 40788505 39.570855
-Trial 984 0 40788505 39.692564
-Trial 985 0 40788505 39.697028
-Trial 986 0 40788505 39.713991
-Trial 987 0 40788505 39.761604
-Trial 988 0 40788505 39.785345
-Trial 989 0 40788505 39.809107
-Trial 990 0 40788505 39.818828
-Trial 991 0 40788505 39.876816
-Trial 992 0 40788505 39.908967
-Trial 993 0 40788505 39.983182
-Trial 994 0 40788505 39.998433
* 995: Cost = 0_40787507, Time = 37.96 sec. 
-Trial 995 0 40787507 40.003093
-Trial 996 0 40787507 40.044552
-Trial 997 0 40787507 40.051598
-Trial 998 0 40787507 40.068498
-Trial 999 0 40787507 40.110240
-Trial 1000 0 40787507 40.133016
Population:
  1: 0_40787507
Run 1: Cost = 0_40787507, Time = 38.09 sec. 

Successes/Runs = 0/1 
Cost.min = 40787507, Cost.avg = 40787507.00, Cost.max = 40787507
Gap.min = 0.0000%, Gap.avg = 0.0000%, Gap.max = 0.0000%
Penalty.min = 0, Penalty.avg = 0.00, Penalty.max = 0
Trials.min = 1000, Trials.avg = 1000.0, Trials.max = 1000
Time.min = 38.09 sec., Time.avg = 38.09 sec., Time.max = 38.09 sec.
Time.total = 40.13 sec.
  Size.min = 9, Size.max = 36, Penalty = 0
  Cost.min = 787213, Cost.max = 3109545, Cost.sum = 40787507
Best CVRPTW solution:
  Cost = 0_40787507
1 286 20 31 53 252 8 446 231 458 233 101 228 173 263 402 491 301 246 114 474 492 518 152 140 249 334 277 350 181 449 371 130 440 369 463 138 39 79 434 341 307 182 78 245 256 67 222 433 247 24 237 418 9 134 172 495 126 377 517 89 63 379 487 13 235 215 378 150 163 158 389 365 92 267 234 90 321 322 102 206 454 430 131 452 261 296 497 513 466 208 404 118 226 360 403 164 109 66 499 476 74 227 317 185 204 223 278 352 209 292 320 121 243 405 241 500 259 420 87 327 110 200 4 511 80 32 189 85 319 125 115 330 381 280 439 435 240 429 99 294 257 445 289 362 155 516 154 364 481 483 385 239 160 129 52 43 2 95 457 400 236 161 136 113 188 421 432 472 338 205 507 186 178 7 462 133 363 59 198 332 106 137 347 388 387 386 207 281 151 316 470 45 55 48 124 258 27 56 41 468 148 22 509 426 482 302 335 268 343 303 266 255 326 162 16 459 274 410 508 219 471 291 40 250 271 82 212 425 312 68 480 50 299 287 18 349 494 49 132 135 14 23 171 311 21 467 345 19 216 374 51 384 351 514 153 275 416 105 26 354 501 62 10 414 453 264 15 408 97 366 337 88 502 72 84 81 465 179 167 201 441 104 504 166 293 395 496 147 456 318 34 76 367 298 340 279 262 244 455 515 477 357 42 331 36 361 304 197 348 485 60 54 77 283 376 475 195 401 315 220 297 192 269 356 187 30 375 390 194 116 159 251 176 123 503 265 358 300 325 117 393 211 273 156 464 221 47 484 184 120 284 98 520 328 460 417 91 423 107 372 346 436 370 285 394 229 177 33 73 203 383 165 270 427 489 339 183 144 146 199 70 3 342 169 422 396 510 437 461 254 44 443 444 175 428 295 35 308 313 224 336 411 11 310 190 6 127 100 232 478 407 128 314 17 309 424 512 260 93 119 58 69 108 391 306 415 37 473 380 5 111 469 149 65 46 398 143 38 28 180 248 505 490 324 419 486 409 276 329 355 141 83 392 442 382 96 359 406 217 333 191 344 214 519 305 225 488 253 145 282 103 210 193 168 94 242 451 86 397 139 498 368 413 157 202 122 353 450 196 412 323 57 399 438 479 506 272 12 112 61 230 170 373 431 447 174 493 238 71 213 218 290 75 288 29 448 25 64 142 1 
