PARAMETER_FILE = result/cvrptw_500/LKH_para/23.para
Reading PROBLEM_FILE: "result/cvrptw_500/cvrptw/23.cvrptw" ... done
ASCENT_CANDIDATES = 50
BACKBONE_TRIALS = 0
BACKTRACKING = NO
# BWTSP =
# CANDIDATE_FILE =
CANDIDATE_SET_TYPE = ALPHA
DEPOT = 1
# EDGE_FILE =
EXCESS = 0.0384615
EXTERNAL_SALESMEN = 0
EXTRA_CANDIDATES = 0 
EXTRA_CANDIDATE_SET_TYPE = QUADRANT
GAIN23 = NO
GAIN_CRITERION = YES
INITIAL_PERIOD = 520
INITIAL_STEP_SIZE = 1
INITIAL_TOUR_ALGORITHM = WALK
# INITIAL_TOUR_FILE = 
INITIAL_TOUR_FRACTION = 1.000
# INPUT_TOUR_FILE = 
KICK_TYPE = 4
KICKS = 1
# MAX_BREADTH =
MAKESPAN = NO
MAX_CANDIDATES = 5 
MAX_SWAPS = 0
MAX_TRIALS = 1000
# MERGE_TOUR_FILE =
MOVE_TYPE = 5 SPECIAL
MTSP_MIN_SIZE = 1
MTSP_MAX_SIZE = 1039
# MTSP_SOLUTION_FILE = 
# NONSEQUENTIAL_MOVE_TYPE = 5
# OPTIMUM =
# OUTPUT_TOUR_FILE = 
PATCHING_A = 1 
PATCHING_C = 0 
# PI_FILE = 
POPMUSIC_INITIAL_TOUR = NO
POPMUSIC_MAX_NEIGHBORS = 5
POPMUSIC_SAMPLE_SIZE = 10
POPMUSIC_SOLUTIONS = 50
POPMUSIC_TRIALS = 1
POPULATION_SIZE = 10
PRECISION = 100
PROBLEM_FILE = result/cvrptw_500/cvrptw/23.cvrptw
RECOMBINATION = IPT
RESTRICTED_SEARCH = YES
RUNS = 1
SALESMEN = 20
SCALE = 1
SEED = 1234
# SINTEF_SOLUTION_FILE = 
STOP_AT_OPTIMUM = YES
SUBGRADIENT = YES
# SUBPROBLEM_SIZE =
# SUBPROBLEM_TOUR_FILE = 
SUBSEQUENT_MOVE_TYPE = 5 SPECIAL
SUBSEQUENT_PATCHING = YES
# TIME_LIMIT =
# TOUR_FILE = 
TRACE_LEVEL = 1
VEHICLES = 20

Lower bound = 24249351.8, Ascent time = 2.38 sec.
Cand.min = 5, Cand.avg = 5.0, Cand.max = 5
Edges.fixed = 520 [Cost = 0]
Preprocessing time = 2.47 sec.
* 1: Cost = 208289_57672866, Time = 4.16 sec. 
-Trial 1 208289 57672866 6.641495
* 2: Cost = 109145_56648795, Time = 4.66 sec. 
-Trial 2 109145 56648795 7.143481
* 3: Cost = 0_56123822, Time = 4.71 sec. 
-Trial 3 0 56123822 7.187253
-Trial 4 0 56123822 7.194732
-Trial 5 0 56123822 7.266331
* 6: Cost = 0_55355619, Time = 4.79 sec. 
-Trial 6 0 55355619 7.273349
-Trial 7 0 55355619 7.373540
* 8: Cost = 0_55128881, Time = 4.90 sec. 
-Trial 8 0 55128881 7.381208
* 9: Cost = 0_54983417, Time = 4.92 sec. 
-Trial 9 0 54983417 7.394857
* 10: Cost = 0_54857371, Time = 4.94 sec. 
-Trial 10 0 54857371 7.415610
-Trial 11 0 54857371 7.469298
* 12: Cost = 0_54692995, Time = 5.10 sec. 
-Trial 12 0 54692995 7.582263
-Trial 13 0 54692995 7.630024
* 14: Cost = 0_54577055, Time = 5.17 sec. 
-Trial 14 0 54577055 7.651411
* 15: Cost = 0_54344385, Time = 5.21 sec. 
-Trial 15 0 54344385 7.684505
-Trial 16 0 54344385 7.730315
* 17: Cost = 0_54295235, Time = 5.26 sec. 
-Trial 17 0 54295235 7.743577
* 18: Cost = 0_53527171, Time = 5.33 sec. 
-Trial 18 0 53527171 7.809985
-Trial 19 0 53527171 7.823021
-Trial 20 0 53527171 7.878684
* 21: Cost = 0_53097171, Time = 5.42 sec. 
-Trial 21 0 53097171 7.897203
* 22: Cost = 0_52767097, Time = 5.44 sec. 
-Trial 22 0 52767097 7.918578
-Trial 23 0 52767097 7.933224
-Trial 24 0 52767097 7.947128
-Trial 25 0 52767097 7.987402
-Trial 26 0 52767097 8.062929
-Trial 27 0 52767097 8.063951
-Trial 28 0 52767097 8.102923
* 29: Cost = 0_52474451, Time = 5.63 sec. 
-Trial 29 0 52474451 8.107469
-Trial 30 0 52474451 8.153369
-Trial 31 0 52474451 8.227608
-Trial 32 0 52474451 8.240806
* 33: Cost = 0_52073941, Time = 5.78 sec. 
-Trial 33 0 52073941 8.254539
-Trial 34 0 52073941 8.304420
-Trial 35 0 52073941 8.357450
* 36: Cost = 0_51992232, Time = 5.97 sec. 
-Trial 36 0 51992232 8.452597
* 37: Cost = 0_51713505, Time = 6.06 sec. 
-Trial 37 0 51713505 8.539813
-Trial 38 0 51713505 8.549593
-Trial 39 0 51713505 8.627857
* 40: Cost = 0_51625951, Time = 6.19 sec. 
-Trial 40 0 51625951 8.665670
* 41: Cost = 0_51326691, Time = 6.22 sec. 
-Trial 41 0 51326691 8.703763
-Trial 42 0 51326691 8.746717
* 43: Cost = 0_51292029, Time = 6.29 sec. 
-Trial 43 0 51292029 8.770254
-Trial 44 0 51292029 8.837513
-Trial 45 0 51292029 8.874864
* 46: Cost = 0_51219300, Time = 6.49 sec. 
-Trial 46 0 51219300 8.967417
* 47: Cost = 0_51046407, Time = 6.52 sec. 
-Trial 47 0 51046407 8.998412
-Trial 48 0 51046407 9.013379
-Trial 49 0 51046407 9.017068
-Trial 50 0 51046407 9.032455
* 51: Cost = 0_50908410, Time = 6.58 sec. 
-Trial 51 0 50908410 9.060017
-Trial 52 0 50908410 9.067529
-Trial 53 0 50908410 9.069723
-Trial 54 0 50908410 9.091034
-Trial 55 0 50908410 9.111318
-Trial 56 0 50908410 9.118307
-Trial 57 0 50908410 9.119820
* 58: Cost = 0_50771002, Time = 6.68 sec. 
-Trial 58 0 50771002 9.156761
-Trial 59 0 50771002 9.194028
-Trial 60 0 50771002 9.202860
* 61: Cost = 0_50670093, Time = 6.77 sec. 
-Trial 61 0 50670093 9.243879
-Trial 62 0 50670093 9.255340
* 63: Cost = 0_50506901, Time = 6.94 sec. 
-Trial 63 0 50506901 9.416058
-Trial 64 0 50506901 9.418388
* 65: Cost = 0_50395168, Time = 6.94 sec. 
-Trial 65 0 50395168 9.421912
-Trial 66 0 50395168 9.427933
-Trial 67 0 50395168 9.437667
-Trial 68 0 50395168 9.448702
* 69: Cost = 0_50345360, Time = 6.97 sec. 
-Trial 69 0 50345360 9.450667
* 70: Cost = 0_50325587, Time = 6.99 sec. 
-Trial 70 0 50325587 9.469977
* 71: Cost = 0_50182013, Time = 7.01 sec. 
-Trial 71 0 50182013 9.485463
-Trial 72 0 50182013 9.501214
-Trial 73 0 50182013 9.596280
-Trial 74 0 50182013 9.607805
* 75: Cost = 0_49775230, Time = 7.14 sec. 
-Trial 75 0 49775230 9.620459
-Trial 76 0 49775230 9.682112
-Trial 77 0 49775230 9.684320
-Trial 78 0 49775230 9.687402
-Trial 79 0 49775230 9.701812
* 80: Cost = 0_49735094, Time = 7.38 sec. 
-Trial 80 0 49735094 9.863325
-Trial 81 0 49735094 9.878970
-Trial 82 0 49735094 9.892837
-Trial 83 0 49735094 9.896098
-Trial 84 0 49735094 9.940452
-Trial 85 0 49735094 9.942527
-Trial 86 0 49735094 9.963325
* 87: Cost = 0_49645509, Time = 7.51 sec. 
-Trial 87 0 49645509 9.984544
-Trial 88 0 49645509 9.987951
-Trial 89 0 49645509 9.994211
-Trial 90 0 49645509 10.022349
-Trial 91 0 49645509 10.039349
-Trial 92 0 49645509 10.066311
* 93: Cost = 0_49290430, Time = 7.64 sec. 
-Trial 93 0 49290430 10.123323
* 94: Cost = 0_49264851, Time = 7.65 sec. 
-Trial 94 0 49264851 10.129906
* 95: Cost = 0_49214317, Time = 7.67 sec. 
-Trial 95 0 49214317 10.148362
-Trial 96 0 49214317 10.294358
-Trial 97 0 49214317 10.304487
* 98: Cost = 0_49205050, Time = 7.83 sec. 
-Trial 98 0 49205050 10.311531
-Trial 99 0 49205050 10.317815
-Trial 100 0 49205050 10.353290
* 101: Cost = 0_49120696, Time = 7.88 sec. 
-Trial 101 0 49120696 10.358800
-Trial 102 0 49120696 10.370700
-Trial 103 0 49120696 10.371912
-Trial 104 0 49120696 10.380414
-Trial 105 0 49120696 10.423785
-Trial 106 0 49120696 10.435109
-Trial 107 0 49120696 10.442750
-Trial 108 0 49120696 10.452246
-Trial 109 0 49120696 10.457435
-Trial 110 0 49120696 10.478685
-Trial 111 0 49120696 10.486831
-Trial 112 0 49120696 10.508259
-Trial 113 0 49120696 10.512811
-Trial 114 0 49120696 10.538737
* 115: Cost = 0_48955790, Time = 8.07 sec. 
-Trial 115 0 48955790 10.546433
-Trial 116 0 48955790 10.548394
-Trial 117 0 48955790 10.561475
-Trial 118 0 48955790 10.564089
-Trial 119 0 48955790 10.615551
-Trial 120 0 48955790 10.631653
-Trial 121 0 48955790 10.658643
-Trial 122 0 48955790 10.716317
-Trial 123 0 48955790 10.795414
-Trial 124 0 48955790 10.841327
-Trial 125 0 48955790 10.879451
-Trial 126 0 48955790 10.889094
-Trial 127 0 48955790 10.895934
-Trial 128 0 48955790 10.920494
* 129: Cost = 0_48640550, Time = 8.47 sec. 
-Trial 129 0 48640550 10.949295
* 130: Cost = 0_48636849, Time = 8.47 sec. 
-Trial 130 0 48636849 10.952409
-Trial 131 0 48636849 10.970607
* 132: Cost = 0_48580875, Time = 8.50 sec. 
-Trial 132 0 48580875 10.977618
-Trial 133 0 48580875 10.981828
* 134: Cost = 0_48441267, Time = 8.56 sec. 
-Trial 134 0 48441267 11.034880
-Trial 135 0 48441267 11.039777
* 136: Cost = 0_48284176, Time = 8.61 sec. 
-Trial 136 0 48284176 11.088741
-Trial 137 0 48284176 11.093044
-Trial 138 0 48284176 11.107920
-Trial 139 0 48284176 11.308852
* 140: Cost = 0_48206912, Time = 8.84 sec. 
-Trial 140 0 48206912 11.321585
-Trial 141 0 48206912 11.348699
* 142: Cost = 0_48141048, Time = 8.88 sec. 
-Trial 142 0 48141048 11.358842
-Trial 143 0 48141048 11.359660
-Trial 144 0 48141048 11.381203
* 145: Cost = 0_47966853, Time = 8.97 sec. 
-Trial 145 0 47966853 11.448353
-Trial 146 0 47966853 11.478594
-Trial 147 0 47966853 11.487323
-Trial 148 0 47966853 11.511220
-Trial 149 0 47966853 11.568602
-Trial 150 0 47966853 11.823566
-Trial 151 0 47966853 11.835491
-Trial 152 0 47966853 11.851188
-Trial 153 0 47966853 11.859118
-Trial 154 0 47966853 11.889667
-Trial 155 0 47966853 11.908373
* 156: Cost = 0_47910385, Time = 9.44 sec. 
-Trial 156 0 47910385 11.919607
-Trial 157 0 47910385 11.965050
-Trial 158 0 47910385 11.985856
* 159: Cost = 0_47705762, Time = 9.55 sec. 
-Trial 159 0 47705762 12.033168
-Trial 160 0 47705762 12.063168
-Trial 161 0 47705762 12.126010
* 162: Cost = 0_47669424, Time = 9.68 sec. 
-Trial 162 0 47669424 12.161066
-Trial 163 0 47669424 12.170049
-Trial 164 0 47669424 12.187082
-Trial 165 0 47669424 12.207996
* 166: Cost = 0_47647948, Time = 9.78 sec. 
-Trial 166 0 47647948 12.262290
-Trial 167 0 47647948 12.301496
-Trial 168 0 47647948 12.364437
-Trial 169 0 47647948 12.387437
-Trial 170 0 47647948 12.394117
-Trial 171 0 47647948 12.464638
-Trial 172 0 47647948 12.475375
-Trial 173 0 47647948 12.537766
-Trial 174 0 47647948 12.548133
-Trial 175 0 47647948 12.574236
* 176: Cost = 0_47604706, Time = 10.10 sec. 
-Trial 176 0 47604706 12.580438
-Trial 177 0 47604706 12.639789
* 178: Cost = 0_47539675, Time = 10.20 sec. 
-Trial 178 0 47539675 12.678558
-Trial 179 0 47539675 12.701647
-Trial 180 0 47539675 12.719166
-Trial 181 0 47539675 12.736450
-Trial 182 0 47539675 12.767889
-Trial 183 0 47539675 12.789718
* 184: Cost = 0_47278428, Time = 10.36 sec. 
-Trial 184 0 47278428 12.843777
-Trial 185 0 47278428 12.850187
-Trial 186 0 47278428 12.961050
-Trial 187 0 47278428 12.973812
-Trial 188 0 47278428 13.008356
-Trial 189 0 47278428 13.022772
-Trial 190 0 47278428 13.053787
* 191: Cost = 0_47257403, Time = 10.58 sec. 
-Trial 191 0 47257403 13.059343
-Trial 192 0 47257403 13.072734
-Trial 193 0 47257403 13.086004
-Trial 194 0 47257403 13.105387
-Trial 195 0 47257403 13.108118
-Trial 196 0 47257403 13.117140
-Trial 197 0 47257403 13.133464
* 198: Cost = 0_47241310, Time = 10.66 sec. 
-Trial 198 0 47241310 13.137416
-Trial 199 0 47241310 13.156674
* 200: Cost = 0_47193136, Time = 10.73 sec. 
-Trial 200 0 47193136 13.205246
-Trial 201 0 47193136 13.330894
-Trial 202 0 47193136 13.357658
-Trial 203 0 47193136 13.371283
-Trial 204 0 47193136 13.375951
-Trial 205 0 47193136 13.379274
-Trial 206 0 47193136 13.409894
* 207: Cost = 0_47140118, Time = 10.94 sec. 
-Trial 207 0 47140118 13.417610
-Trial 208 0 47140118 13.433564
-Trial 209 0 47140118 13.434413
-Trial 210 0 47140118 13.473312
-Trial 211 0 47140118 13.488446
-Trial 212 0 47140118 13.500067
-Trial 213 0 47140118 13.538225
-Trial 214 0 47140118 13.577787
-Trial 215 0 47140118 13.593431
-Trial 216 0 47140118 13.636417
* 217: Cost = 0_47134005, Time = 11.17 sec. 
-Trial 217 0 47134005 13.645812
-Trial 218 0 47134005 13.655969
-Trial 219 0 47134005 13.696499
-Trial 220 0 47134005 13.700112
-Trial 221 0 47134005 13.726936
-Trial 222 0 47134005 13.748999
-Trial 223 0 47134005 13.757029
-Trial 224 0 47134005 13.780349
-Trial 225 0 47134005 13.787536
-Trial 226 0 47134005 13.810922
-Trial 227 0 47134005 13.825607
-Trial 228 0 47134005 13.831778
-Trial 229 0 47134005 13.833395
-Trial 230 0 47134005 13.845539
-Trial 231 0 47134005 13.893057
-Trial 232 0 47134005 13.904867
-Trial 233 0 47134005 14.035032
-Trial 234 0 47134005 14.055803
-Trial 235 0 47134005 14.103017
-Trial 236 0 47134005 14.119345
-Trial 237 0 47134005 14.200111
-Trial 238 0 47134005 14.207795
-Trial 239 0 47134005 14.234235
-Trial 240 0 47134005 14.272104
-Trial 241 0 47134005 14.284216
-Trial 242 0 47134005 14.291746
-Trial 243 0 47134005 14.299782
-Trial 244 0 47134005 14.301587
* 245: Cost = 0_46986220, Time = 11.87 sec. 
-Trial 245 0 46986220 14.352193
-Trial 246 0 46986220 14.358603
-Trial 247 0 46986220 14.367120
-Trial 248 0 46986220 14.383630
* 249: Cost = 0_46971292, Time = 11.93 sec. 
-Trial 249 0 46971292 14.412171
* 250: Cost = 0_46905517, Time = 12.14 sec. 
-Trial 250 0 46905517 14.619704
-Trial 251 0 46905517 14.715745
-Trial 252 0 46905517 14.765989
-Trial 253 0 46905517 14.825952
-Trial 254 0 46905517 14.839535
-Trial 255 0 46905517 14.847886
* 256: Cost = 0_46889925, Time = 12.37 sec. 
-Trial 256 0 46889925 14.851961
-Trial 257 0 46889925 14.865106
* 258: Cost = 0_46795921, Time = 12.39 sec. 
-Trial 258 0 46795921 14.871530
-Trial 259 0 46795921 14.940715
-Trial 260 0 46795921 15.009670
-Trial 261 0 46795921 15.031899
-Trial 262 0 46795921 15.046020
-Trial 263 0 46795921 15.058100
-Trial 264 0 46795921 15.070499
-Trial 265 0 46795921 15.095537
-Trial 266 0 46795921 15.118839
-Trial 267 0 46795921 15.122267
-Trial 268 0 46795921 15.150628
-Trial 269 0 46795921 15.183020
-Trial 270 0 46795921 15.193592
-Trial 271 0 46795921 15.207006
-Trial 272 0 46795921 15.222456
* 273: Cost = 0_46615741, Time = 12.84 sec. 
-Trial 273 0 46615741 15.323539
-Trial 274 0 46615741 15.353296
-Trial 275 0 46615741 15.374088
-Trial 276 0 46615741 15.402472
-Trial 277 0 46615741 15.456685
-Trial 278 0 46615741 15.457091
-Trial 279 0 46615741 15.469615
-Trial 280 0 46615741 15.482347
-Trial 281 0 46615741 15.484412
-Trial 282 0 46615741 15.631254
-Trial 283 0 46615741 15.698277
-Trial 284 0 46615741 15.753775
-Trial 285 0 46615741 15.803446
-Trial 286 0 46615741 15.810152
-Trial 287 0 46615741 15.812292
-Trial 288 0 46615741 15.880571
-Trial 289 0 46615741 15.963979
-Trial 290 0 46615741 15.970702
-Trial 291 0 46615741 15.994724
-Trial 292 0 46615741 16.138675
-Trial 293 0 46615741 16.167470
* 294: Cost = 0_46492675, Time = 13.79 sec. 
-Trial 294 0 46492675 16.264003
-Trial 295 0 46492675 16.269657
-Trial 296 0 46492675 16.280352
-Trial 297 0 46492675 16.330163
-Trial 298 0 46492675 16.338495
-Trial 299 0 46492675 16.342865
-Trial 300 0 46492675 16.360561
-Trial 301 0 46492675 16.369060
-Trial 302 0 46492675 16.375268
* 303: Cost = 0_46437506, Time = 13.92 sec. 
-Trial 303 0 46437506 16.400965
-Trial 304 0 46437506 16.417002
-Trial 305 0 46437506 16.420600
-Trial 306 0 46437506 16.429273
-Trial 307 0 46437506 16.436992
-Trial 308 0 46437506 16.459552
-Trial 309 0 46437506 16.575736
-Trial 310 0 46437506 16.579184
* 311: Cost = 0_46426833, Time = 14.11 sec. 
-Trial 311 0 46426833 16.590693
* 312: Cost = 0_46399875, Time = 14.13 sec. 
-Trial 312 0 46399875 16.605177
* 313: Cost = 0_46354321, Time = 14.15 sec. 
-Trial 313 0 46354321 16.630454
-Trial 314 0 46354321 16.654237
-Trial 315 0 46354321 16.708996
-Trial 316 0 46354321 16.747677
-Trial 317 0 46354321 16.768558
* 318: Cost = 0_46343291, Time = 14.33 sec. 
-Trial 318 0 46343291 16.810347
-Trial 319 0 46343291 16.838352
-Trial 320 0 46343291 16.886091
-Trial 321 0 46343291 16.893637
-Trial 322 0 46343291 16.911397
-Trial 323 0 46343291 16.944441
-Trial 324 0 46343291 16.949154
-Trial 325 0 46343291 16.954910
* 326: Cost = 0_46341692, Time = 14.49 sec. 
-Trial 326 0 46341692 16.965885
-Trial 327 0 46341692 17.037324
-Trial 328 0 46341692 17.275620
-Trial 329 0 46341692 17.302808
-Trial 330 0 46341692 17.374525
-Trial 331 0 46341692 17.380163
-Trial 332 0 46341692 17.493237
-Trial 333 0 46341692 17.517283
* 334: Cost = 0_46311046, Time = 15.05 sec. 
-Trial 334 0 46311046 17.525166
-Trial 335 0 46311046 17.527900
-Trial 336 0 46311046 17.550998
-Trial 337 0 46311046 17.583317
-Trial 338 0 46311046 17.634669
-Trial 339 0 46311046 17.653583
-Trial 340 0 46311046 17.747432
* 341: Cost = 0_46251894, Time = 15.29 sec. 
-Trial 341 0 46251894 17.769090
-Trial 342 0 46251894 17.771053
-Trial 343 0 46251894 17.777534
-Trial 344 0 46251894 17.798998
-Trial 345 0 46251894 17.839812
-Trial 346 0 46251894 17.859862
-Trial 347 0 46251894 17.863800
-Trial 348 0 46251894 17.914712
-Trial 349 0 46251894 17.936436
-Trial 350 0 46251894 17.987246
-Trial 351 0 46251894 18.058746
-Trial 352 0 46251894 18.060638
-Trial 353 0 46251894 18.094406
-Trial 354 0 46251894 18.270036
-Trial 355 0 46251894 18.285682
-Trial 356 0 46251894 18.315786
-Trial 357 0 46251894 18.365985
* 358: Cost = 0_46220787, Time = 15.91 sec. 
-Trial 358 0 46220787 18.392985
-Trial 359 0 46220787 18.397632
* 360: Cost = 0_46216869, Time = 15.96 sec. 
-Trial 360 0 46216869 18.435374
-Trial 361 0 46216869 18.441623
-Trial 362 0 46216869 18.451530
-Trial 363 0 46216869 18.461570
-Trial 364 0 46216869 18.483423
-Trial 365 0 46216869 18.488736
-Trial 366 0 46216869 18.503992
-Trial 367 0 46216869 18.560624
-Trial 368 0 46216869 18.705605
-Trial 369 0 46216869 18.722247
-Trial 370 0 46216869 18.744550
-Trial 371 0 46216869 18.753480
-Trial 372 0 46216869 18.810861
-Trial 373 0 46216869 18.812148
-Trial 374 0 46216869 18.813934
-Trial 375 0 46216869 18.816164
-Trial 376 0 46216869 18.828309
-Trial 377 0 46216869 18.831663
-Trial 378 0 46216869 18.846359
-Trial 379 0 46216869 18.886483
-Trial 380 0 46216869 18.914334
-Trial 381 0 46216869 18.938878
-Trial 382 0 46216869 18.967312
-Trial 383 0 46216869 18.974727
-Trial 384 0 46216869 18.975380
-Trial 385 0 46216869 18.996607
-Trial 386 0 46216869 19.004622
-Trial 387 0 46216869 19.020957
-Trial 388 0 46216869 19.031944
-Trial 389 0 46216869 19.086121
-Trial 390 0 46216869 19.138126
-Trial 391 0 46216869 19.143982
-Trial 392 0 46216869 19.188143
-Trial 393 0 46216869 19.343130
-Trial 394 0 46216869 19.351410
* 395: Cost = 0_46215779, Time = 16.90 sec. 
-Trial 395 0 46215779 19.378739
-Trial 396 0 46215779 19.404979
-Trial 397 0 46215779 19.412541
-Trial 398 0 46215779 19.421151
-Trial 399 0 46215779 19.534439
-Trial 400 0 46215779 19.542729
-Trial 401 0 46215779 19.557482
-Trial 402 0 46215779 19.572887
-Trial 403 0 46215779 19.898757
-Trial 404 0 46215779 19.913082
-Trial 405 0 46215779 19.926004
-Trial 406 0 46215779 19.954379
-Trial 407 0 46215779 19.955695
-Trial 408 0 46215779 20.003539
-Trial 409 0 46215779 20.025878
-Trial 410 0 46215779 20.054224
-Trial 411 0 46215779 20.167438
-Trial 412 0 46215779 20.181457
-Trial 413 0 46215779 20.246659
-Trial 414 0 46215779 20.257133
* 415: Cost = 0_46199686, Time = 17.78 sec. 
-Trial 415 0 46199686 20.263614
-Trial 416 0 46199686 20.309416
* 417: Cost = 0_46027314, Time = 17.83 sec. 
-Trial 417 0 46027314 20.313282
-Trial 418 0 46027314 20.401357
* 419: Cost = 0_46020155, Time = 18.32 sec. 
-Trial 419 0 46020155 20.800307
-Trial 420 0 46020155 20.819961
-Trial 421 0 46020155 20.867209
-Trial 422 0 46020155 20.890969
-Trial 423 0 46020155 20.896696
* 424: Cost = 0_46006963, Time = 18.44 sec. 
-Trial 424 0 46006963 20.919912
* 425: Cost = 0_45922806, Time = 18.45 sec. 
-Trial 425 0 45922806 20.925190
-Trial 426 0 45922806 20.935774
-Trial 427 0 45922806 20.963421
-Trial 428 0 45922806 20.969258
-Trial 429 0 45922806 20.972375
-Trial 430 0 45922806 20.995128
-Trial 431 0 45922806 21.000922
-Trial 432 0 45922806 21.054287
* 433: Cost = 0_45880002, Time = 18.58 sec. 
-Trial 433 0 45880002 21.059647
-Trial 434 0 45880002 21.075568
-Trial 435 0 45880002 21.085716
-Trial 436 0 45880002 21.099686
-Trial 437 0 45880002 21.114969
-Trial 438 0 45880002 21.118290
-Trial 439 0 45880002 21.133175
-Trial 440 0 45880002 21.134776
-Trial 441 0 45880002 21.245041
-Trial 442 0 45880002 21.274543
-Trial 443 0 45880002 21.326230
-Trial 444 0 45880002 21.381973
-Trial 445 0 45880002 21.395448
-Trial 446 0 45880002 21.411478
-Trial 447 0 45880002 21.416367
-Trial 448 0 45880002 21.421288
-Trial 449 0 45880002 21.446244
-Trial 450 0 45880002 21.459723
* 451: Cost = 0_45871200, Time = 19.08 sec. 
-Trial 451 0 45871200 21.555650
-Trial 452 0 45871200 21.571208
-Trial 453 0 45871200 21.595679
-Trial 454 0 45871200 21.679755
-Trial 455 0 45871200 21.702092
-Trial 456 0 45871200 21.711677
* 457: Cost = 0_45842509, Time = 19.25 sec. 
-Trial 457 0 45842509 21.729018
-Trial 458 0 45842509 21.736141
-Trial 459 0 45842509 21.833550
-Trial 460 0 45842509 21.854286
-Trial 461 0 45842509 21.856952
-Trial 462 0 45842509 21.866033
-Trial 463 0 45842509 21.905071
-Trial 464 0 45842509 21.912994
-Trial 465 0 45842509 21.934605
-Trial 466 0 45842509 21.953546
-Trial 467 0 45842509 22.044612
-Trial 468 0 45842509 22.058420
-Trial 469 0 45842509 22.060358
-Trial 470 0 45842509 22.060723
-Trial 471 0 45842509 22.077669
-Trial 472 0 45842509 22.120515
-Trial 473 0 45842509 22.133818
-Trial 474 0 45842509 22.297729
-Trial 475 0 45842509 22.333923
-Trial 476 0 45842509 22.354993
-Trial 477 0 45842509 22.388585
-Trial 478 0 45842509 22.407115
-Trial 479 0 45842509 22.423613
-Trial 480 0 45842509 22.434816
-Trial 481 0 45842509 22.550537
-Trial 482 0 45842509 22.560491
-Trial 483 0 45842509 22.689509
-Trial 484 0 45842509 22.731497
-Trial 485 0 45842509 22.734494
-Trial 486 0 45842509 22.779152
-Trial 487 0 45842509 22.854615
-Trial 488 0 45842509 22.860983
-Trial 489 0 45842509 22.906037
-Trial 490 0 45842509 22.991088
-Trial 491 0 45842509 23.006238
-Trial 492 0 45842509 23.019457
-Trial 493 0 45842509 23.037741
-Trial 494 0 45842509 23.069378
-Trial 495 0 45842509 23.092197
-Trial 496 0 45842509 23.154517
-Trial 497 0 45842509 23.287816
-Trial 498 0 45842509 23.294400
-Trial 499 0 45842509 23.335274
-Trial 500 0 45842509 23.355395
-Trial 501 0 45842509 23.537176
-Trial 502 0 45842509 23.546722
-Trial 503 0 45842509 23.611319
-Trial 504 0 45842509 23.618206
-Trial 505 0 45842509 23.626376
-Trial 506 0 45842509 23.642254
-Trial 507 0 45842509 23.666232
-Trial 508 0 45842509 23.723827
-Trial 509 0 45842509 23.735578
-Trial 510 0 45842509 23.738078
-Trial 511 0 45842509 23.744356
-Trial 512 0 45842509 23.800769
-Trial 513 0 45842509 23.804899
-Trial 514 0 45842509 23.888420
-Trial 515 0 45842509 23.941178
-Trial 516 0 45842509 23.954309
-Trial 517 0 45842509 23.962813
-Trial 518 0 45842509 23.981883
-Trial 519 0 45842509 23.995736
-Trial 520 0 45842509 24.086303
-Trial 521 0 45842509 24.094426
-Trial 522 0 45842509 24.142725
-Trial 523 0 45842509 24.228356
-Trial 524 0 45842509 24.264231
-Trial 525 0 45842509 24.292501
-Trial 526 0 45842509 24.303170
-Trial 527 0 45842509 24.374510
-Trial 528 0 45842509 24.399279
-Trial 529 0 45842509 24.443009
-Trial 530 0 45842509 24.461373
-Trial 531 0 45842509 24.506668
-Trial 532 0 45842509 24.523557
-Trial 533 0 45842509 24.581989
-Trial 534 0 45842509 24.595158
-Trial 535 0 45842509 24.662246
-Trial 536 0 45842509 24.704559
-Trial 537 0 45842509 24.712034
-Trial 538 0 45842509 24.728153
-Trial 539 0 45842509 24.779276
-Trial 540 0 45842509 24.784582
* 541: Cost = 0_45728821, Time = 22.36 sec. 
-Trial 541 0 45728821 24.833952
-Trial 542 0 45728821 24.836273
-Trial 543 0 45728821 24.889568
* 544: Cost = 0_45648600, Time = 22.42 sec. 
-Trial 544 0 45648600 24.900396
-Trial 545 0 45648600 24.908504
-Trial 546 0 45648600 24.915741
-Trial 547 0 45648600 24.921051
* 548: Cost = 0_45577026, Time = 22.45 sec. 
-Trial 548 0 45577026 24.933067
-Trial 549 0 45577026 24.936194
* 550: Cost = 0_45564916, Time = 22.46 sec. 
-Trial 550 0 45564916 24.940934
-Trial 551 0 45564916 25.049485
-Trial 552 0 45564916 25.139033
-Trial 553 0 45564916 25.163157
-Trial 554 0 45564916 25.190453
-Trial 555 0 45564916 25.195704
-Trial 556 0 45564916 25.218446
-Trial 557 0 45564916 25.261370
-Trial 558 0 45564916 25.280518
-Trial 559 0 45564916 25.297761
-Trial 560 0 45564916 25.347427
-Trial 561 0 45564916 25.362374
-Trial 562 0 45564916 25.375917
-Trial 563 0 45564916 25.433430
-Trial 564 0 45564916 25.450841
-Trial 565 0 45564916 25.460094
-Trial 566 0 45564916 25.498486
* 567: Cost = 0_45544446, Time = 23.03 sec. 
-Trial 567 0 45544446 25.504371
* 568: Cost = 0_45503617, Time = 23.05 sec. 
-Trial 568 0 45503617 25.529170
-Trial 569 0 45503617 25.549140
-Trial 570 0 45503617 25.563855
-Trial 571 0 45503617 25.586577
-Trial 572 0 45503617 25.697991
* 573: Cost = 0_45496759, Time = 23.30 sec. 
-Trial 573 0 45496759 25.778278
-Trial 574 0 45496759 25.800868
-Trial 575 0 45496759 25.866841
-Trial 576 0 45496759 25.887403
-Trial 577 0 45496759 25.898983
* 578: Cost = 0_45453907, Time = 23.43 sec. 
-Trial 578 0 45453907 25.908658
* 579: Cost = 0_45363153, Time = 23.46 sec. 
-Trial 579 0 45363153 25.936884
-Trial 580 0 45363153 26.024253
-Trial 581 0 45363153 26.060122
-Trial 582 0 45363153 26.096019
-Trial 583 0 45363153 26.173546
-Trial 584 0 45363153 26.188552
-Trial 585 0 45363153 26.317937
-Trial 586 0 45363153 26.434416
* 587: Cost = 0_45363023, Time = 23.97 sec. 
-Trial 587 0 45363023 26.448203
-Trial 588 0 45363023 26.468024
-Trial 589 0 45363023 26.473198
-Trial 590 0 45363023 26.480694
* 591: Cost = 0_45323943, Time = 24.04 sec. 
-Trial 591 0 45323943 26.518540
-Trial 592 0 45323943 26.539637
-Trial 593 0 45323943 26.545732
-Trial 594 0 45323943 26.558629
-Trial 595 0 45323943 26.563124
-Trial 596 0 45323943 26.565519
-Trial 597 0 45323943 26.574336
-Trial 598 0 45323943 26.591153
-Trial 599 0 45323943 26.592935
-Trial 600 0 45323943 26.595504
* 601: Cost = 0_45305265, Time = 24.12 sec. 
-Trial 601 0 45305265 26.598807
-Trial 602 0 45305265 26.635524
-Trial 603 0 45305265 26.656273
-Trial 604 0 45305265 26.695738
-Trial 605 0 45305265 26.708349
-Trial 606 0 45305265 26.766158
* 607: Cost = 0_45203375, Time = 24.34 sec. 
-Trial 607 0 45203375 26.818413
-Trial 608 0 45203375 26.822998
-Trial 609 0 45203375 26.836683
-Trial 610 0 45203375 26.849414
-Trial 611 0 45203375 26.932996
-Trial 612 0 45203375 26.953582
-Trial 613 0 45203375 27.159564
-Trial 614 0 45203375 27.246802
* 615: Cost = 0_45202768, Time = 24.77 sec. 
-Trial 615 0 45202768 27.252111
-Trial 616 0 45202768 27.259759
-Trial 617 0 45202768 27.267003
-Trial 618 0 45202768 27.322480
* 619: Cost = 0_45034925, Time = 24.87 sec. 
-Trial 619 0 45034925 27.347565
-Trial 620 0 45034925 27.408533
-Trial 621 0 45034925 27.435321
-Trial 622 0 45034925 27.496667
-Trial 623 0 45034925 27.516227
-Trial 624 0 45034925 27.575263
-Trial 625 0 45034925 27.715989
-Trial 626 0 45034925 27.725706
-Trial 627 0 45034925 27.753758
-Trial 628 0 45034925 27.756235
-Trial 629 0 45034925 27.763669
-Trial 630 0 45034925 27.795655
-Trial 631 0 45034925 27.804425
-Trial 632 0 45034925 27.810856
-Trial 633 0 45034925 27.812795
* 634: Cost = 0_45026342, Time = 25.34 sec. 
-Trial 634 0 45026342 27.814947
-Trial 635 0 45026342 27.850639
-Trial 636 0 45026342 27.874929
-Trial 637 0 45026342 27.883941
-Trial 638 0 45026342 27.889118
-Trial 639 0 45026342 27.992651
-Trial 640 0 45026342 28.035060
-Trial 641 0 45026342 28.091730
-Trial 642 0 45026342 28.100744
-Trial 643 0 45026342 28.172511
-Trial 644 0 45026342 28.261974
-Trial 645 0 45026342 28.304492
-Trial 646 0 45026342 28.314824
-Trial 647 0 45026342 28.338869
-Trial 648 0 45026342 28.339747
-Trial 649 0 45026342 28.409180
-Trial 650 0 45026342 28.425127
-Trial 651 0 45026342 28.475366
-Trial 652 0 45026342 28.489643
* 653: Cost = 0_45026212, Time = 26.05 sec. 
-Trial 653 0 45026212 28.527838
-Trial 654 0 45026212 28.545075
-Trial 655 0 45026212 28.564127
* 656: Cost = 0_44947972, Time = 26.16 sec. 
-Trial 656 0 44947972 28.634860
-Trial 657 0 44947972 28.665645
-Trial 658 0 44947972 28.722299
-Trial 659 0 44947972 28.734041
-Trial 660 0 44947972 28.745513
-Trial 661 0 44947972 28.754399
-Trial 662 0 44947972 28.759674
-Trial 663 0 44947972 28.775687
-Trial 664 0 44947972 28.872933
-Trial 665 0 44947972 28.983550
-Trial 666 0 44947972 28.988572
-Trial 667 0 44947972 28.995110
-Trial 668 0 44947972 29.005389
-Trial 669 0 44947972 29.024978
-Trial 670 0 44947972 29.027152
-Trial 671 0 44947972 29.097681
-Trial 672 0 44947972 29.105973
-Trial 673 0 44947972 29.304563
-Trial 674 0 44947972 29.316481
-Trial 675 0 44947972 29.331149
-Trial 676 0 44947972 29.355858
-Trial 677 0 44947972 29.504471
-Trial 678 0 44947972 29.546010
-Trial 679 0 44947972 29.822602
-Trial 680 0 44947972 29.824276
-Trial 681 0 44947972 29.828581
-Trial 682 0 44947972 29.897874
-Trial 683 0 44947972 29.916957
-Trial 684 0 44947972 30.062732
-Trial 685 0 44947972 30.085315
* 686: Cost = 0_44943532, Time = 27.62 sec. 
-Trial 686 0 44943532 30.098319
-Trial 687 0 44943532 30.115499
-Trial 688 0 44943532 30.120284
-Trial 689 0 44943532 30.150963
-Trial 690 0 44943532 30.180830
-Trial 691 0 44943532 30.215546
-Trial 692 0 44943532 30.237149
-Trial 693 0 44943532 30.260021
-Trial 694 0 44943532 30.356448
-Trial 695 0 44943532 30.362053
-Trial 696 0 44943532 30.447360
-Trial 697 0 44943532 30.479985
-Trial 698 0 44943532 30.491958
-Trial 699 0 44943532 30.510790
-Trial 700 0 44943532 30.534845
-Trial 701 0 44943532 30.552752
-Trial 702 0 44943532 30.582393
-Trial 703 0 44943532 30.597468
* 704: Cost = 0_44930142, Time = 28.13 sec. 
-Trial 704 0 44930142 30.607108
-Trial 705 0 44930142 30.612035
-Trial 706 0 44930142 30.626081
-Trial 707 0 44930142 30.701297
-Trial 708 0 44930142 30.722846
-Trial 709 0 44930142 30.733237
-Trial 710 0 44930142 30.744264
-Trial 711 0 44930142 30.749573
-Trial 712 0 44930142 30.762892
-Trial 713 0 44930142 30.775603
-Trial 714 0 44930142 30.794359
-Trial 715 0 44930142 30.812730
-Trial 716 0 44930142 31.075322
-Trial 717 0 44930142 31.100668
-Trial 718 0 44930142 31.147923
-Trial 719 0 44930142 31.169577
-Trial 720 0 44930142 31.184562
-Trial 721 0 44930142 31.193600
-Trial 722 0 44930142 31.212425
-Trial 723 0 44930142 31.234860
-Trial 724 0 44930142 31.279018
-Trial 725 0 44930142 31.317692
-Trial 726 0 44930142 31.354345
-Trial 727 0 44930142 31.398825
-Trial 728 0 44930142 31.402528
-Trial 729 0 44930142 31.466169
-Trial 730 0 44930142 31.490656
-Trial 731 0 44930142 31.522090
-Trial 732 0 44930142 31.539393
-Trial 733 0 44930142 31.553859
-Trial 734 0 44930142 31.563894
-Trial 735 0 44930142 31.574462
-Trial 736 0 44930142 31.585309
-Trial 737 0 44930142 31.625824
-Trial 738 0 44930142 31.660236
-Trial 739 0 44930142 31.702066
-Trial 740 0 44930142 31.746067
-Trial 741 0 44930142 31.752239
-Trial 742 0 44930142 31.754554
-Trial 743 0 44930142 31.760342
-Trial 744 0 44930142 31.794800
-Trial 745 0 44930142 31.843455
-Trial 746 0 44930142 31.843894
-Trial 747 0 44930142 31.960314
-Trial 748 0 44930142 31.964051
-Trial 749 0 44930142 31.978113
-Trial 750 0 44930142 31.981675
-Trial 751 0 44930142 31.995350
-Trial 752 0 44930142 32.011962
-Trial 753 0 44930142 32.015865
-Trial 754 0 44930142 32.035205
-Trial 755 0 44930142 32.035797
-Trial 756 0 44930142 32.101985
-Trial 757 0 44930142 32.106920
-Trial 758 0 44930142 32.133228
-Trial 759 0 44930142 32.142115
-Trial 760 0 44930142 32.150406
-Trial 761 0 44930142 32.158183
-Trial 762 0 44930142 32.213707
-Trial 763 0 44930142 32.222602
-Trial 764 0 44930142 32.270937
-Trial 765 0 44930142 32.343732
* 766: Cost = 0_44930012, Time = 29.87 sec. 
-Trial 766 0 44930012 32.352282
-Trial 767 0 44930012 32.382498
-Trial 768 0 44930012 32.383893
-Trial 769 0 44930012 32.386741
-Trial 770 0 44930012 32.418169
-Trial 771 0 44930012 32.426293
-Trial 772 0 44930012 32.428897
-Trial 773 0 44930012 32.445054
-Trial 774 0 44930012 32.489186
-Trial 775 0 44930012 32.501567
-Trial 776 0 44930012 32.519594
-Trial 777 0 44930012 32.525902
-Trial 778 0 44930012 32.536463
-Trial 779 0 44930012 32.552331
-Trial 780 0 44930012 32.566537
-Trial 781 0 44930012 32.569684
-Trial 782 0 44930012 32.601008
-Trial 783 0 44930012 32.624029
-Trial 784 0 44930012 32.628323
-Trial 785 0 44930012 32.649486
-Trial 786 0 44930012 32.655724
-Trial 787 0 44930012 32.668506
-Trial 788 0 44930012 32.706250
-Trial 789 0 44930012 32.766340
-Trial 790 0 44930012 32.767908
-Trial 791 0 44930012 32.824510
-Trial 792 0 44930012 32.841250
-Trial 793 0 44930012 32.856810
-Trial 794 0 44930012 32.863124
-Trial 795 0 44930012 32.868296
-Trial 796 0 44930012 32.900558
-Trial 797 0 44930012 32.931711
-Trial 798 0 44930012 32.950731
-Trial 799 0 44930012 32.962602
-Trial 800 0 44930012 32.992478
-Trial 801 0 44930012 33.011907
-Trial 802 0 44930012 33.016681
-Trial 803 0 44930012 33.024724
-Trial 804 0 44930012 33.025334
-Trial 805 0 44930012 33.080595
-Trial 806 0 44930012 33.090535
-Trial 807 0 44930012 33.162677
-Trial 808 0 44930012 33.165283
-Trial 809 0 44930012 33.168995
-Trial 810 0 44930012 33.181609
-Trial 811 0 44930012 33.192603
-Trial 812 0 44930012 33.197063
-Trial 813 0 44930012 33.245851
-Trial 814 0 44930012 33.339723
-Trial 815 0 44930012 33.348744
-Trial 816 0 44930012 33.446550
-Trial 817 0 44930012 33.459794
-Trial 818 0 44930012 33.491014
-Trial 819 0 44930012 33.496591
-Trial 820 0 44930012 33.503036
-Trial 821 0 44930012 33.583820
-Trial 822 0 44930012 33.608627
-Trial 823 0 44930012 33.634316
-Trial 824 0 44930012 33.707198
-Trial 825 0 44930012 33.727664
-Trial 826 0 44930012 33.739613
-Trial 827 0 44930012 33.744720
-Trial 828 0 44930012 33.751396
-Trial 829 0 44930012 33.760458
-Trial 830 0 44930012 33.772507
-Trial 831 0 44930012 33.775469
-Trial 832 0 44930012 33.799107
-Trial 833 0 44930012 33.811100
-Trial 834 0 44930012 33.940105
-Trial 835 0 44930012 33.951022
-Trial 836 0 44930012 33.956001
-Trial 837 0 44930012 33.964280
-Trial 838 0 44930012 33.976904
-Trial 839 0 44930012 33.986885
-Trial 840 0 44930012 33.991706
-Trial 841 0 44930012 34.014969
-Trial 842 0 44930012 34.031919
-Trial 843 0 44930012 34.049049
-Trial 844 0 44930012 34.052147
-Trial 845 0 44930012 34.066993
-Trial 846 0 44930012 34.088777
-Trial 847 0 44930012 34.094676
-Trial 848 0 44930012 34.100279
-Trial 849 0 44930012 34.112278
-Trial 850 0 44930012 34.143118
-Trial 851 0 44930012 34.151053
-Trial 852 0 44930012 34.277585
* 853: Cost = 0_44911089, Time = 31.81 sec. 
-Trial 853 0 44911089 34.289547
-Trial 854 0 44911089 34.293507
-Trial 855 0 44911089 34.376627
* 856: Cost = 0_44903930, Time = 31.92 sec. 
-Trial 856 0 44903930 34.397367
-Trial 857 0 44903930 34.423325
-Trial 858 0 44903930 34.428396
-Trial 859 0 44903930 34.443085
-Trial 860 0 44903930 34.483266
-Trial 861 0 44903930 34.487621
-Trial 862 0 44903930 34.499090
-Trial 863 0 44903930 34.527819
-Trial 864 0 44903930 34.529581
-Trial 865 0 44903930 34.545593
-Trial 866 0 44903930 34.558738
-Trial 867 0 44903930 34.586490
-Trial 868 0 44903930 34.692645
-Trial 869 0 44903930 34.694229
-Trial 870 0 44903930 34.698051
-Trial 871 0 44903930 34.702286
* 872: Cost = 0_44900790, Time = 32.23 sec. 
-Trial 872 0 44900790 34.707463
-Trial 873 0 44900790 34.718106
-Trial 874 0 44900790 34.808612
-Trial 875 0 44900790 34.822224
-Trial 876 0 44900790 34.830709
-Trial 877 0 44900790 34.839927
-Trial 878 0 44900790 34.840394
-Trial 879 0 44900790 34.841164
-Trial 880 0 44900790 34.889956
-Trial 881 0 44900790 34.892461
-Trial 882 0 44900790 34.907081
-Trial 883 0 44900790 34.916115
-Trial 884 0 44900790 34.930593
-Trial 885 0 44900790 34.950060
-Trial 886 0 44900790 35.010315
-Trial 887 0 44900790 35.055376
-Trial 888 0 44900790 35.062310
-Trial 889 0 44900790 35.145022
-Trial 890 0 44900790 35.222688
-Trial 891 0 44900790 35.269146
-Trial 892 0 44900790 35.294350
-Trial 893 0 44900790 35.335792
-Trial 894 0 44900790 35.339471
* 895: Cost = 0_44891470, Time = 32.87 sec. 
-Trial 895 0 44891470 35.347867
-Trial 896 0 44891470 35.384055
-Trial 897 0 44891470 35.391256
-Trial 898 0 44891470 35.437892
-Trial 899 0 44891470 35.452100
-Trial 900 0 44891470 35.464675
-Trial 901 0 44891470 35.466068
-Trial 902 0 44891470 35.475460
-Trial 903 0 44891470 35.481777
-Trial 904 0 44891470 35.491444
-Trial 905 0 44891470 35.513403
-Trial 906 0 44891470 35.515875
-Trial 907 0 44891470 35.520171
-Trial 908 0 44891470 35.522893
-Trial 909 0 44891470 35.534814
-Trial 910 0 44891470 35.539452
-Trial 911 0 44891470 35.558227
-Trial 912 0 44891470 35.561342
-Trial 913 0 44891470 35.567616
-Trial 914 0 44891470 35.639111
-Trial 915 0 44891470 35.656778
-Trial 916 0 44891470 35.672071
-Trial 917 0 44891470 35.723374
-Trial 918 0 44891470 35.734454
-Trial 919 0 44891470 35.768291
-Trial 920 0 44891470 35.780829
-Trial 921 0 44891470 35.785454
-Trial 922 0 44891470 35.799736
-Trial 923 0 44891470 35.806719
-Trial 924 0 44891470 35.831975
-Trial 925 0 44891470 35.843474
-Trial 926 0 44891470 36.000259
-Trial 927 0 44891470 36.003322
-Trial 928 0 44891470 36.011646
-Trial 929 0 44891470 36.016203
-Trial 930 0 44891470 36.047135
-Trial 931 0 44891470 36.069476
-Trial 932 0 44891470 36.083224
-Trial 933 0 44891470 36.100299
-Trial 934 0 44891470 36.107707
-Trial 935 0 44891470 36.118033
-Trial 936 0 44891470 36.127240
-Trial 937 0 44891470 36.145895
-Trial 938 0 44891470 36.182591
-Trial 939 0 44891470 36.195687
-Trial 940 0 44891470 36.201493
-Trial 941 0 44891470 36.215614
-Trial 942 0 44891470 36.227794
-Trial 943 0 44891470 36.234183
-Trial 944 0 44891470 36.314252
-Trial 945 0 44891470 36.336613
-Trial 946 0 44891470 36.369286
-Trial 947 0 44891470 36.404382
-Trial 948 0 44891470 36.434093
-Trial 949 0 44891470 36.441590
-Trial 950 0 44891470 36.476715
-Trial 951 0 44891470 36.492271
-Trial 952 0 44891470 36.500032
* 953: Cost = 0_44890068, Time = 34.05 sec. 
-Trial 953 0 44890068 36.526295
* 954: Cost = 0_44881514, Time = 34.05 sec. 
-Trial 954 0 44881514 36.529383
-Trial 955 0 44881514 36.542231
-Trial 956 0 44881514 36.573954
-Trial 957 0 44881514 36.596336
-Trial 958 0 44881514 36.617876
-Trial 959 0 44881514 36.629420
-Trial 960 0 44881514 36.632811
-Trial 961 0 44881514 36.703047
* 962: Cost = 0_44858467, Time = 34.27 sec. 
-Trial 962 0 44858467 36.747992
-Trial 963 0 44858467 36.761935
-Trial 964 0 44858467 36.779791
-Trial 965 0 44858467 36.804374
-Trial 966 0 44858467 36.811035
-Trial 967 0 44858467 36.818687
-Trial 968 0 44858467 36.824276
-Trial 969 0 44858467 36.834628
-Trial 970 0 44858467 36.846772
-Trial 971 0 44858467 36.914008
-Trial 972 0 44858467 36.924421
-Trial 973 0 44858467 36.928839
-Trial 974 0 44858467 36.945994
-Trial 975 0 44858467 36.960318
-Trial 976 0 44858467 36.975971
* 977: Cost = 0_44841350, Time = 34.61 sec. 
-Trial 977 0 44841350 37.091895
-Trial 978 0 44841350 37.100634
-Trial 979 0 44841350 37.114627
-Trial 980 0 44841350 37.136471
-Trial 981 0 44841350 37.162793
-Trial 982 0 44841350 37.192852
-Trial 983 0 44841350 37.197174
-Trial 984 0 44841350 37.197772
-Trial 985 0 44841350 37.214630
-Trial 986 0 44841350 37.221714
-Trial 987 0 44841350 37.271263
-Trial 988 0 44841350 37.275003
-Trial 989 0 44841350 37.278474
-Trial 990 0 44841350 37.287792
-Trial 991 0 44841350 37.290491
-Trial 992 0 44841350 37.292925
-Trial 993 0 44841350 37.302315
* 994: Cost = 0_44766123, Time = 34.83 sec. 
-Trial 994 0 44766123 37.311601
-Trial 995 0 44766123 37.316923
-Trial 996 0 44766123 37.416824
-Trial 997 0 44766123 37.421159
-Trial 998 0 44766123 37.443111
-Trial 999 0 44766123 37.461278
-Trial 1000 0 44766123 37.472281
Population:
  1: 0_44766123
Run 1: Cost = 0_44766123, Time = 34.99 sec. 

Successes/Runs = 0/1 
Cost.min = 44766123, Cost.avg = 44766123.00, Cost.max = 44766123
Gap.min = 0.0000%, Gap.avg = 0.0000%, Gap.max = 0.0000%
Penalty.min = 0, Penalty.avg = 0.00, Penalty.max = 0
Trials.min = 1000, Trials.avg = 1000.0, Trials.max = 1000
Time.min = 34.99 sec., Time.avg = 34.99 sec., Time.max = 34.99 sec.
Time.total = 37.47 sec.
  Size.min = 9, Size.max = 36, Penalty = 0
  Cost.min = 605271, Cost.max = 3191266, Cost.sum = 44766123
Best CVRPTW solution:
  Cost = 0_44766123
1 501 366 471 145 369 412 382 402 499 434 305 367 282 44 62 261 395 324 155 268 83 478 492 102 23 438 345 79 517 26 117 203 171 376 253 154 328 163 400 138 314 321 164 383 285 480 448 137 250 403 332 405 350 476 318 508 260 132 309 179 168 377 54 152 221 119 111 72 398 263 196 211 479 450 220 108 82 487 453 394 372 421 351 344 311 236 205 107 436 8 519 74 362 208 306 202 406 368 425 461 464 392 375 136 142 422 186 411 477 243 489 37 462 355 354 520 81 418 6 234 190 225 335 265 75 302 158 364 467 423 514 41 87 97 413 51 381 193 45 216 482 172 475 449 303 61 297 358 454 483 238 334 207 356 231 444 502 170 296 201 497 410 27 349 210 470 69 209 286 130 43 151 279 59 135 241 429 197 144 325 463 46 503 384 38 199 347 500 262 417 374 146 506 229 127 204 284 141 122 223 486 32 239 184 390 308 408 247 232 277 214 481 125 276 292 39 310 19 516 293 389 85 240 31 485 391 333 222 100 78 496 244 14 441 219 387 251 139 129 93 42 16 128 259 5 378 278 140 304 121 101 509 198 361 77 114 322 9 213 181 313 439 289 17 343 177 340 342 495 182 192 173 3 430 98 338 458 353 457 148 437 420 161 147 518 195 452 115 156 104 206 73 57 233 89 189 490 317 255 88 271 455 468 488 103 359 409 40 323 386 15 379 55 414 510 131 326 150 235 291 397 415 416 373 336 124 33 360 159 440 466 357 176 404 12 157 194 4 341 493 123 401 315 512 320 120 18 388 166 80 86 428 94 363 266 25 275 188 316 507 64 76 126 21 295 474 110 273 294 185 113 29 469 288 331 30 290 267 269 245 217 348 212 491 511 346 431 246 56 22 459 283 169 90 165 319 70 63 92 252 67 248 68 513 407 365 134 58 118 10 337 257 451 380 484 99 160 106 299 175 66 385 200 48 456 36 34 24 399 443 53 230 370 11 300 504 60 424 426 237 312 270 109 180 442 435 187 162 218 228 52 178 149 330 256 174 143 183 339 153 96 191 505 465 298 47 432 393 28 50 498 167 91 307 433 13 287 445 249 264 215 447 515 396 254 105 20 327 301 49 226 227 71 274 371 95 460 494 446 473 133 280 65 329 224 281 352 242 116 2 35 7 112 258 427 419 272 84 472 1 
