PARAMETER_FILE = result/cvrptw_500/LKH_para/246.para
Reading PROBLEM_FILE: "result/cvrptw_500/cvrptw/246.cvrptw" ... done
ASCENT_CANDIDATES = 50
BACKBONE_TRIALS = 0
BACKTRACKING = NO
# BWTSP =
# CANDIDATE_FILE =
CANDIDATE_SET_TYPE = ALPHA
DEPOT = 1
# EDGE_FILE =
EXCESS = 0.0384615
EXTERNAL_SALESMEN = 0
EXTRA_CANDIDATES = 0 
EXTRA_CANDIDATE_SET_TYPE = QUADRANT
GAIN23 = NO
GAIN_CRITERION = YES
INITIAL_PERIOD = 520
INITIAL_STEP_SIZE = 1
INITIAL_TOUR_ALGORITHM = WALK
# INITIAL_TOUR_FILE = 
INITIAL_TOUR_FRACTION = 1.000
# INPUT_TOUR_FILE = 
KICK_TYPE = 4
KICKS = 1
# MAX_BREADTH =
MAKESPAN = NO
MAX_CANDIDATES = 5 
MAX_SWAPS = 0
MAX_TRIALS = 1000
# MERGE_TOUR_FILE =
MOVE_TYPE = 5 SPECIAL
MTSP_MIN_SIZE = 1
MTSP_MAX_SIZE = 1039
# MTSP_SOLUTION_FILE = 
# NONSEQUENTIAL_MOVE_TYPE = 5
# OPTIMUM =
# OUTPUT_TOUR_FILE = 
PATCHING_A = 1 
PATCHING_C = 0 
# PI_FILE = 
POPMUSIC_INITIAL_TOUR = NO
POPMUSIC_MAX_NEIGHBORS = 5
POPMUSIC_SAMPLE_SIZE = 10
POPMUSIC_SOLUTIONS = 50
POPMUSIC_TRIALS = 1
POPULATION_SIZE = 10
PRECISION = 100
PROBLEM_FILE = result/cvrptw_500/cvrptw/246.cvrptw
RECOMBINATION = IPT
RESTRICTED_SEARCH = YES
RUNS = 1
SALESMEN = 20
SCALE = 1
SEED = 1234
# SINTEF_SOLUTION_FILE = 
STOP_AT_OPTIMUM = YES
SUBGRADIENT = YES
# SUBPROBLEM_SIZE =
# SUBPROBLEM_TOUR_FILE = 
SUBSEQUENT_MOVE_TYPE = 5 SPECIAL
SUBSEQUENT_PATCHING = YES
# TIME_LIMIT =
# TOUR_FILE = 
TRACE_LEVEL = 1
VEHICLES = 20

Lower bound = 25994829.2, Ascent time = 2.31 sec.
Cand.min = 5, Cand.avg = 5.0, Cand.max = 5
Edges.fixed = 520 [Cost = 0]
Preprocessing time = 2.39 sec.
* 1: Cost = 138862_52417506, Time = 3.37 sec. 
-Trial 1 138862 52417506 5.770718
* 2: Cost = 138862_52258199, Time = 3.50 sec. 
-Trial 2 138862 52258199 5.898633
-Trial 3 138862 52258199 5.973117
-Trial 4 138862 52258199 6.174919
-Trial 5 138862 52258199 6.249958
-Trial 6 138862 52258199 6.436764
* 7: Cost = 138862_50913981, Time = 4.27 sec. 
-Trial 7 138862 50913981 6.672166
* 8: Cost = 138862_50911959, Time = 4.31 sec. 
-Trial 8 138862 50911959 6.707061
-Trial 9 138862 50911959 6.835471
-Trial 10 138862 50911959 6.863250
* 11: Cost = 138862_50509085, Time = 4.63 sec. 
-Trial 11 138862 50509085 7.034166
* 12: Cost = 138862_50205034, Time = 4.79 sec. 
-Trial 12 138862 50205034 7.186897
-Trial 13 138862 50205034 7.312939
* 14: Cost = 138862_50195202, Time = 5.00 sec. 
-Trial 14 138862 50195202 7.403351
* 15: Cost = 138862_50190696, Time = 5.37 sec. 
-Trial 15 138862 50190696 7.769711
-Trial 16 138862 50190696 7.993114
-Trial 17 138862 50190696 8.065360
* 18: Cost = 138862_50173542, Time = 5.69 sec. 
-Trial 18 138862 50173542 8.091310
-Trial 19 138862 50173542 8.143491
* 20: Cost = 138862_50158173, Time = 5.89 sec. 
-Trial 20 138862 50158173 8.294184
-Trial 21 138862 50158173 8.343427
-Trial 22 138862 50158173 8.369895
-Trial 23 138862 50158173 8.824897
* 24: Cost = 127352_50224173, Time = 6.80 sec. 
-Trial 24 127352 50224173 9.199549
* 25: Cost = 127352_50105276, Time = 6.86 sec. 
-Trial 25 127352 50105276 9.263672
-Trial 26 127352 50105276 9.310282
-Trial 27 127352 50105276 9.446494
-Trial 28 127352 50105276 9.485365
-Trial 29 127352 50105276 9.541733
-Trial 30 127352 50105276 9.720205
-Trial 31 127352 50105276 9.762850
-Trial 32 127352 50105276 9.816780
-Trial 33 127352 50105276 9.866921
* 34: Cost = 127352_50055925, Time = 7.52 sec. 
-Trial 34 127352 50055925 9.923170
* 35: Cost = 127352_49934614, Time = 7.61 sec. 
-Trial 35 127352 49934614 10.010153
* 36: Cost = 127352_49881777, Time = 7.65 sec. 
-Trial 36 127352 49881777 10.054390
-Trial 37 127352 49881777 10.119872
-Trial 38 127352 49881777 10.213315
* 39: Cost = 127352_49838312, Time = 7.83 sec. 
-Trial 39 127352 49838312 10.232097
-Trial 40 127352 49838312 10.266667
* 41: Cost = 127352_49507067, Time = 8.01 sec. 
-Trial 41 127352 49507067 10.410989
-Trial 42 127352 49507067 10.435556
-Trial 43 127352 49507067 10.486838
-Trial 44 127352 49507067 10.596116
-Trial 45 127352 49507067 10.789264
* 46: Cost = 127352_49309315, Time = 8.43 sec. 
-Trial 46 127352 49309315 10.825922
* 47: Cost = 127352_49243339, Time = 8.49 sec. 
-Trial 47 127352 49243339 10.887431
-Trial 48 127352 49243339 10.903393
-Trial 49 127352 49243339 10.970351
-Trial 50 127352 49243339 11.010896
* 51: Cost = 127352_49041659, Time = 8.64 sec. 
-Trial 51 127352 49041659 11.044293
-Trial 52 127352 49041659 11.119247
-Trial 53 127352 49041659 11.220959
-Trial 54 127352 49041659 11.338978
* 55: Cost = 127352_48857168, Time = 8.97 sec. 
-Trial 55 127352 48857168 11.370858
-Trial 56 127352 48857168 11.482278
* 57: Cost = 127352_48437759, Time = 9.28 sec. 
-Trial 57 127352 48437759 11.682640
* 58: Cost = 127352_47960685, Time = 9.40 sec. 
-Trial 58 127352 47960685 11.800953
-Trial 59 127352 47960685 11.831353
* 60: Cost = 127352_47935475, Time = 9.45 sec. 
-Trial 60 127352 47935475 11.852152
-Trial 61 127352 47935475 11.873437
-Trial 62 127352 47935475 11.915941
-Trial 63 127352 47935475 11.951666
* 64: Cost = 127352_47715336, Time = 9.60 sec. 
-Trial 64 127352 47715336 12.001694
* 65: Cost = 127352_47489461, Time = 9.68 sec. 
-Trial 65 127352 47489461 12.074825
-Trial 66 127352 47489461 12.148340
* 67: Cost = 127352_46813587, Time = 10.01 sec. 
-Trial 67 127352 46813587 12.408818
* 68: Cost = 127352_46559374, Time = 10.07 sec. 
-Trial 68 127352 46559374 12.470071
-Trial 69 127352 46559374 12.524080
-Trial 70 127352 46559374 12.554156
-Trial 71 127352 46559374 12.598365
-Trial 72 127352 46559374 12.696760
-Trial 73 127352 46559374 12.699715
-Trial 74 127352 46559374 12.783798
-Trial 75 127352 46559374 12.829218
* 76: Cost = 127352_46485301, Time = 10.45 sec. 
-Trial 76 127352 46485301 12.854124
* 77: Cost = 127352_46268965, Time = 10.61 sec. 
-Trial 77 127352 46268965 13.007484
-Trial 78 127352 46268965 13.090274
-Trial 79 127352 46268965 13.107326
-Trial 80 127352 46268965 13.306632
* 81: Cost = 127352_45771377, Time = 10.96 sec. 
-Trial 81 127352 45771377 13.357314
-Trial 82 127352 45771377 13.454153
* 83: Cost = 127352_45685280, Time = 11.08 sec. 
-Trial 83 127352 45685280 13.482882
-Trial 84 127352 45685280 13.563803
-Trial 85 127352 45685280 13.732806
-Trial 86 127352 45685280 13.779789
-Trial 87 127352 45685280 13.817045
-Trial 88 127352 45685280 13.900678
-Trial 89 127352 45685280 14.014956
-Trial 90 127352 45685280 14.110885
-Trial 91 127352 45685280 14.161617
* 92: Cost = 127352_45645310, Time = 11.86 sec. 
-Trial 92 127352 45645310 14.263062
* 93: Cost = 127352_45547038, Time = 12.00 sec. 
-Trial 93 127352 45547038 14.403674
-Trial 94 127352 45547038 14.487186
-Trial 95 127352 45547038 14.605904
* 96: Cost = 127352_45535400, Time = 12.23 sec. 
-Trial 96 127352 45535400 14.626095
* 97: Cost = 127352_45384998, Time = 12.38 sec. 
-Trial 97 127352 45384998 14.781264
-Trial 98 127352 45384998 14.926255
-Trial 99 127352 45384998 15.020015
-Trial 100 127352 45384998 15.182326
* 101: Cost = 127352_45234297, Time = 12.88 sec. 
-Trial 101 127352 45234297 15.282945
* 102: Cost = 127352_45219212, Time = 12.93 sec. 
-Trial 102 127352 45219212 15.331834
* 103: Cost = 127352_45090703, Time = 13.01 sec. 
-Trial 103 127352 45090703 15.413600
-Trial 104 127352 45090703 15.466248
-Trial 105 127352 45090703 15.514633
-Trial 106 127352 45090703 15.638487
-Trial 107 127352 45090703 15.679949
* 108: Cost = 127352_44844841, Time = 13.35 sec. 
-Trial 108 127352 44844841 15.751012
-Trial 109 127352 44844841 15.896948
-Trial 110 127352 44844841 15.933890
* 111: Cost = 127352_44637892, Time = 13.64 sec. 
-Trial 111 127352 44637892 16.042737
-Trial 112 127352 44637892 16.090290
-Trial 113 127352 44637892 16.153854
-Trial 114 127352 44637892 16.526347
-Trial 115 127352 44637892 16.607647
* 116: Cost = 127352_44515486, Time = 14.27 sec. 
-Trial 116 127352 44515486 16.669543
-Trial 117 127352 44515486 16.708788
* 118: Cost = 127352_44411269, Time = 14.38 sec. 
-Trial 118 127352 44411269 16.779404
* 119: Cost = 127352_44348784, Time = 14.45 sec. 
-Trial 119 127352 44348784 16.848850
* 120: Cost = 127352_44004462, Time = 14.48 sec. 
-Trial 120 127352 44004462 16.882170
-Trial 121 127352 44004462 16.927348
-Trial 122 127352 44004462 17.049877
-Trial 123 127352 44004462 17.175651
-Trial 124 127352 44004462 17.236876
-Trial 125 127352 44004462 17.260454
-Trial 126 127352 44004462 17.390216
-Trial 127 127352 44004462 17.420395
-Trial 128 127352 44004462 17.445154
-Trial 129 127352 44004462 17.548380
-Trial 130 127352 44004462 17.706510
-Trial 131 127352 44004462 17.797409
-Trial 132 127352 44004462 17.866900
* 133: Cost = 127352_43681723, Time = 15.55 sec. 
-Trial 133 127352 43681723 17.946647
-Trial 134 127352 43681723 17.957823
-Trial 135 127352 43681723 17.972435
* 136: Cost = 127352_43618786, Time = 15.64 sec. 
-Trial 136 127352 43618786 18.042812
* 137: Cost = 127352_43606093, Time = 15.72 sec. 
-Trial 137 127352 43606093 18.121314
* 138: Cost = 127352_43544258, Time = 15.87 sec. 
-Trial 138 127352 43544258 18.270159
-Trial 139 127352 43544258 18.360965
-Trial 140 127352 43544258 18.393920
-Trial 141 127352 43544258 18.429808
-Trial 142 127352 43544258 18.447423
-Trial 143 127352 43544258 18.581824
-Trial 144 127352 43544258 18.665954
-Trial 145 127352 43544258 18.717259
-Trial 146 127352 43544258 18.822338
-Trial 147 127352 43544258 18.861731
-Trial 148 127352 43544258 18.936803
-Trial 149 127352 43544258 18.954822
-Trial 150 127352 43544258 19.025962
-Trial 151 127352 43544258 19.075651
* 152: Cost = 127352_43452499, Time = 16.73 sec. 
-Trial 152 127352 43452499 19.132589
-Trial 153 127352 43452499 19.241339
* 154: Cost = 127352_43420016, Time = 16.87 sec. 
-Trial 154 127352 43420016 19.266319
-Trial 155 127352 43420016 19.358656
-Trial 156 127352 43420016 19.401757
-Trial 157 127352 43420016 19.468463
-Trial 158 127352 43420016 19.505917
-Trial 159 127352 43420016 19.517501
-Trial 160 127352 43420016 19.578754
-Trial 161 127352 43420016 19.606101
-Trial 162 127352 43420016 19.725388
* 163: Cost = 127352_43402249, Time = 17.37 sec. 
-Trial 163 127352 43402249 19.766118
-Trial 164 127352 43402249 19.834019
-Trial 165 127352 43402249 20.035791
-Trial 166 127352 43402249 20.134330
-Trial 167 127352 43402249 20.204771
-Trial 168 127352 43402249 20.291243
-Trial 169 127352 43402249 20.295238
-Trial 170 127352 43402249 20.306976
-Trial 171 127352 43402249 20.435837
-Trial 172 127352 43402249 20.518725
-Trial 173 127352 43402249 20.661051
-Trial 174 127352 43402249 20.743852
-Trial 175 127352 43402249 20.770346
-Trial 176 127352 43402249 20.809358
-Trial 177 127352 43402249 20.942092
-Trial 178 127352 43402249 20.954437
-Trial 179 127352 43402249 21.126957
-Trial 180 127352 43402249 21.172246
-Trial 181 127352 43402249 21.206951
-Trial 182 127352 43402249 21.251004
* 183: Cost = 127352_43401567, Time = 18.90 sec. 
-Trial 183 127352 43401567 21.296153
-Trial 184 127352 43401567 21.475276
* 185: Cost = 127352_43365273, Time = 19.17 sec. 
-Trial 185 127352 43365273 21.566988
* 186: Cost = 127352_43215242, Time = 19.30 sec. 
-Trial 186 127352 43215242 21.697816
* 187: Cost = 127352_43046783, Time = 19.34 sec. 
-Trial 187 127352 43046783 21.742223
-Trial 188 127352 43046783 21.768461
-Trial 189 127352 43046783 21.826211
* 190: Cost = 127352_42983149, Time = 19.47 sec. 
-Trial 190 127352 42983149 21.868115
-Trial 191 127352 42983149 21.942082
-Trial 192 127352 42983149 21.972138
-Trial 193 127352 42983149 22.004208
-Trial 194 127352 42983149 22.178141
-Trial 195 127352 42983149 22.272174
-Trial 196 127352 42983149 22.307354
* 197: Cost = 127352_42835745, Time = 19.94 sec. 
-Trial 197 127352 42835745 22.334987
-Trial 198 127352 42835745 22.368524
* 199: Cost = 127352_42784290, Time = 20.01 sec. 
-Trial 199 127352 42784290 22.404534
-Trial 200 127352 42784290 22.445951
-Trial 201 127352 42784290 22.500110
-Trial 202 127352 42784290 22.620820
-Trial 203 127352 42784290 22.658074
-Trial 204 127352 42784290 22.692844
-Trial 205 127352 42784290 22.760125
-Trial 206 127352 42784290 22.801333
-Trial 207 127352 42784290 22.849570
-Trial 208 127352 42784290 22.918478
-Trial 209 127352 42784290 22.935104
-Trial 210 127352 42784290 22.980373
-Trial 211 127352 42784290 23.028510
-Trial 212 127352 42784290 23.163676
-Trial 213 127352 42784290 23.228114
-Trial 214 127352 42784290 23.291914
-Trial 215 127352 42784290 23.462399
* 216: Cost = 127352_42729258, Time = 21.12 sec. 
-Trial 216 127352 42729258 23.516677
-Trial 217 127352 42729258 23.554737
-Trial 218 127352 42729258 23.593853
-Trial 219 127352 42729258 23.647147
-Trial 220 127352 42729258 23.680554
-Trial 221 127352 42729258 23.707662
-Trial 222 127352 42729258 23.752902
-Trial 223 127352 42729258 23.826603
-Trial 224 127352 42729258 24.155874
-Trial 225 127352 42729258 24.225306
-Trial 226 127352 42729258 24.258995
-Trial 227 127352 42729258 24.352129
-Trial 228 127352 42729258 24.453211
-Trial 229 127352 42729258 24.588037
-Trial 230 127352 42729258 24.737152
-Trial 231 127352 42729258 24.790690
-Trial 232 127352 42729258 24.854579
-Trial 233 127352 42729258 24.887763
-Trial 234 127352 42729258 24.957256
-Trial 235 127352 42729258 24.982053
-Trial 236 127352 42729258 25.079482
* 237: Cost = 127352_42683640, Time = 22.74 sec. 
-Trial 237 127352 42683640 25.138467
* 238: Cost = 127352_42651430, Time = 22.76 sec. 
-Trial 238 127352 42651430 25.161451
* 239: Cost = 127352_42637000, Time = 22.86 sec. 
-Trial 239 127352 42637000 25.255647
-Trial 240 127352 42637000 25.274050
* 241: Cost = 127352_42470372, Time = 22.89 sec. 
-Trial 241 127352 42470372 25.292292
-Trial 242 127352 42470372 25.341632
-Trial 243 127352 42470372 25.427312
* 244: Cost = 127352_42464787, Time = 23.10 sec. 
-Trial 244 127352 42464787 25.496145
* 245: Cost = 127352_42364770, Time = 23.13 sec. 
-Trial 245 127352 42364770 25.530305
-Trial 246 127352 42364770 25.535210
-Trial 247 127352 42364770 25.585060
-Trial 248 127352 42364770 25.625270
-Trial 249 127352 42364770 25.668420
-Trial 250 127352 42364770 25.714509
* 251: Cost = 127352_42275633, Time = 23.49 sec. 
-Trial 251 127352 42275633 25.886133
-Trial 252 127352 42275633 25.911670
-Trial 253 127352 42275633 25.958348
-Trial 254 127352 42275633 26.030958
-Trial 255 127352 42275633 26.046082
-Trial 256 127352 42275633 26.234727
-Trial 257 127352 42275633 26.308011
-Trial 258 127352 42275633 26.418674
-Trial 259 127352 42275633 26.460163
-Trial 260 127352 42275633 26.653117
-Trial 261 127352 42275633 26.713166
-Trial 262 127352 42275633 26.746091
-Trial 263 127352 42275633 26.798135
-Trial 264 127352 42275633 26.813782
-Trial 265 127352 42275633 26.814443
-Trial 266 127352 42275633 26.822723
-Trial 267 127352 42275633 26.917571
-Trial 268 127352 42275633 27.100251
-Trial 269 127352 42275633 27.104730
-Trial 270 127352 42275633 27.139935
-Trial 271 127352 42275633 27.195356
-Trial 272 127352 42275633 27.333560
-Trial 273 127352 42275633 27.398617
-Trial 274 127352 42275633 27.473551
-Trial 275 127352 42275633 27.563277
-Trial 276 127352 42275633 27.652278
-Trial 277 127352 42275633 27.726861
-Trial 278 127352 42275633 27.747041
-Trial 279 127352 42275633 27.827934
-Trial 280 127352 42275633 27.910174
-Trial 281 127352 42275633 27.960747
-Trial 282 127352 42275633 28.045834
-Trial 283 127352 42275633 28.233878
-Trial 284 127352 42275633 28.301624
-Trial 285 127352 42275633 28.331790
-Trial 286 127352 42275633 28.353021
* 287: Cost = 127352_42147441, Time = 26.14 sec. 
-Trial 287 127352 42147441 28.542024
-Trial 288 127352 42147441 28.576797
-Trial 289 127352 42147441 28.623823
-Trial 290 127352 42147441 28.681101
-Trial 291 127352 42147441 28.704428
-Trial 292 127352 42147441 28.725708
-Trial 293 127352 42147441 28.803469
-Trial 294 127352 42147441 28.957137
-Trial 295 127352 42147441 29.036424
-Trial 296 127352 42147441 29.079768
-Trial 297 127352 42147441 29.097712
-Trial 298 127352 42147441 29.151623
-Trial 299 127352 42147441 29.211916
-Trial 300 127352 42147441 29.244200
-Trial 301 127352 42147441 29.287851
-Trial 302 127352 42147441 29.369998
-Trial 303 127352 42147441 29.399112
-Trial 304 127352 42147441 29.427511
-Trial 305 127352 42147441 29.464763
-Trial 306 127352 42147441 29.499771
-Trial 307 127352 42147441 29.595156
-Trial 308 127352 42147441 29.620718
-Trial 309 127352 42147441 29.710940
-Trial 310 127352 42147441 29.739890
-Trial 311 127352 42147441 29.830781
-Trial 312 127352 42147441 29.937446
-Trial 313 127352 42147441 29.992803
-Trial 314 127352 42147441 30.033168
-Trial 315 127352 42147441 30.052242
-Trial 316 127352 42147441 30.060904
-Trial 317 127352 42147441 30.096622
-Trial 318 127352 42147441 30.133796
-Trial 319 127352 42147441 30.187529
-Trial 320 127352 42147441 30.260277
-Trial 321 127352 42147441 30.301100
-Trial 322 127352 42147441 30.443483
-Trial 323 127352 42147441 30.473068
-Trial 324 127352 42147441 30.583004
* 325: Cost = 0_42807538, Time = 28.21 sec. 
-Trial 325 0 42807538 30.605307
-Trial 326 0 42807538 30.620440
-Trial 327 0 42807538 30.686061
-Trial 328 0 42807538 30.753866
-Trial 329 0 42807538 30.765303
-Trial 330 0 42807538 30.885931
-Trial 331 0 42807538 30.890455
-Trial 332 0 42807538 30.896630
* 333: Cost = 0_42661024, Time = 28.50 sec. 
-Trial 333 0 42661024 30.904209
-Trial 334 0 42661024 30.948438
-Trial 335 0 42661024 30.955948
-Trial 336 0 42661024 30.973180
-Trial 337 0 42661024 30.977419
-Trial 338 0 42661024 31.005231
-Trial 339 0 42661024 31.019753
-Trial 340 0 42661024 31.047206
-Trial 341 0 42661024 31.096474
-Trial 342 0 42661024 31.124171
-Trial 343 0 42661024 31.196892
-Trial 344 0 42661024 31.227374
-Trial 345 0 42661024 31.287399
-Trial 346 0 42661024 31.294088
-Trial 347 0 42661024 31.334898
-Trial 348 0 42661024 31.354303
-Trial 349 0 42661024 31.391492
-Trial 350 0 42661024 31.394418
-Trial 351 0 42661024 31.423970
-Trial 352 0 42661024 31.457427
-Trial 353 0 42661024 31.534940
-Trial 354 0 42661024 31.552232
-Trial 355 0 42661024 31.568716
-Trial 356 0 42661024 31.585761
* 357: Cost = 0_42600334, Time = 29.23 sec. 
-Trial 357 0 42600334 31.631108
-Trial 358 0 42600334 31.636003
-Trial 359 0 42600334 31.775883
-Trial 360 0 42600334 31.790225
-Trial 361 0 42600334 31.797171
-Trial 362 0 42600334 31.804477
-Trial 363 0 42600334 31.821508
-Trial 364 0 42600334 31.912976
-Trial 365 0 42600334 31.995963
-Trial 366 0 42600334 32.010341
-Trial 367 0 42600334 32.027747
-Trial 368 0 42600334 32.067918
-Trial 369 0 42600334 32.070598
-Trial 370 0 42600334 32.089008
-Trial 371 0 42600334 32.103132
-Trial 372 0 42600334 32.121613
-Trial 373 0 42600334 32.150267
-Trial 374 0 42600334 32.169160
-Trial 375 0 42600334 32.171658
-Trial 376 0 42600334 32.176464
-Trial 377 0 42600334 32.186170
-Trial 378 0 42600334 32.199502
-Trial 379 0 42600334 32.230433
-Trial 380 0 42600334 32.231879
-Trial 381 0 42600334 32.262382
-Trial 382 0 42600334 32.288615
-Trial 383 0 42600334 32.301224
-Trial 384 0 42600334 32.314105
-Trial 385 0 42600334 32.402216
-Trial 386 0 42600334 32.460508
-Trial 387 0 42600334 32.485945
-Trial 388 0 42600334 32.508483
-Trial 389 0 42600334 32.509554
-Trial 390 0 42600334 32.517952
-Trial 391 0 42600334 32.532884
-Trial 392 0 42600334 32.542532
-Trial 393 0 42600334 32.558664
-Trial 394 0 42600334 32.566782
-Trial 395 0 42600334 32.583755
-Trial 396 0 42600334 32.626282
-Trial 397 0 42600334 32.646910
-Trial 398 0 42600334 32.658091
-Trial 399 0 42600334 32.669242
-Trial 400 0 42600334 32.687142
-Trial 401 0 42600334 32.715811
-Trial 402 0 42600334 32.724325
-Trial 403 0 42600334 32.768822
-Trial 404 0 42600334 32.775318
-Trial 405 0 42600334 32.822568
-Trial 406 0 42600334 33.007364
-Trial 407 0 42600334 33.013957
-Trial 408 0 42600334 33.042854
-Trial 409 0 42600334 33.072801
-Trial 410 0 42600334 33.081815
-Trial 411 0 42600334 33.093041
-Trial 412 0 42600334 33.129821
-Trial 413 0 42600334 33.147383
-Trial 414 0 42600334 33.166843
-Trial 415 0 42600334 33.179118
-Trial 416 0 42600334 33.182988
-Trial 417 0 42600334 33.193596
-Trial 418 0 42600334 33.230164
-Trial 419 0 42600334 33.246313
-Trial 420 0 42600334 33.259810
-Trial 421 0 42600334 33.277186
-Trial 422 0 42600334 33.292791
-Trial 423 0 42600334 33.305236
-Trial 424 0 42600334 33.324351
-Trial 425 0 42600334 33.335286
-Trial 426 0 42600334 33.404089
-Trial 427 0 42600334 33.423077
-Trial 428 0 42600334 33.544984
-Trial 429 0 42600334 33.715187
-Trial 430 0 42600334 33.724416
-Trial 431 0 42600334 33.799690
-Trial 432 0 42600334 33.811020
-Trial 433 0 42600334 33.820086
-Trial 434 0 42600334 33.876140
-Trial 435 0 42600334 33.898154
-Trial 436 0 42600334 33.909187
-Trial 437 0 42600334 33.917003
-Trial 438 0 42600334 33.991071
-Trial 439 0 42600334 34.023290
* 440: Cost = 0_42579807, Time = 31.68 sec. 
-Trial 440 0 42579807 34.082943
-Trial 441 0 42579807 34.108557
-Trial 442 0 42579807 34.114420
-Trial 443 0 42579807 34.133400
-Trial 444 0 42579807 34.147449
-Trial 445 0 42579807 34.152089
-Trial 446 0 42579807 34.152648
-Trial 447 0 42579807 34.187374
-Trial 448 0 42579807 34.220353
-Trial 449 0 42579807 34.225427
-Trial 450 0 42579807 34.271384
-Trial 451 0 42579807 34.368342
-Trial 452 0 42579807 34.405164
-Trial 453 0 42579807 34.449250
-Trial 454 0 42579807 34.469677
-Trial 455 0 42579807 34.492955
-Trial 456 0 42579807 34.497493
-Trial 457 0 42579807 34.505509
-Trial 458 0 42579807 34.517602
-Trial 459 0 42579807 34.527705
-Trial 460 0 42579807 34.535035
-Trial 461 0 42579807 34.545300
-Trial 462 0 42579807 34.549563
-Trial 463 0 42579807 34.633470
-Trial 464 0 42579807 34.637611
-Trial 465 0 42579807 34.652513
-Trial 466 0 42579807 34.656447
-Trial 467 0 42579807 34.669679
-Trial 468 0 42579807 34.693086
-Trial 469 0 42579807 34.844296
-Trial 470 0 42579807 34.845657
-Trial 471 0 42579807 34.859079
-Trial 472 0 42579807 34.870214
-Trial 473 0 42579807 34.890102
-Trial 474 0 42579807 34.914698
-Trial 475 0 42579807 34.924182
* 476: Cost = 0_42573314, Time = 32.53 sec. 
-Trial 476 0 42573314 34.931143
-Trial 477 0 42573314 34.946653
* 478: Cost = 0_42523921, Time = 32.59 sec. 
-Trial 478 0 42523921 34.991519
-Trial 479 0 42523921 35.132961
-Trial 480 0 42523921 35.201780
-Trial 481 0 42523921 35.220707
-Trial 482 0 42523921 35.224261
-Trial 483 0 42523921 35.240417
-Trial 484 0 42523921 35.269958
-Trial 485 0 42523921 35.396620
-Trial 486 0 42523921 35.400785
* 487: Cost = 0_42455398, Time = 33.01 sec. 
-Trial 487 0 42455398 35.411702
-Trial 488 0 42455398 35.441011
-Trial 489 0 42455398 35.468531
-Trial 490 0 42455398 35.514005
-Trial 491 0 42455398 35.573917
-Trial 492 0 42455398 35.635285
-Trial 493 0 42455398 35.643072
-Trial 494 0 42455398 35.648057
-Trial 495 0 42455398 35.701835
-Trial 496 0 42455398 35.727938
-Trial 497 0 42455398 35.733080
-Trial 498 0 42455398 35.739328
-Trial 499 0 42455398 35.745667
-Trial 500 0 42455398 35.764348
-Trial 501 0 42455398 35.787222
-Trial 502 0 42455398 35.802550
-Trial 503 0 42455398 35.818233
* 504: Cost = 0_42403412, Time = 33.47 sec. 
-Trial 504 0 42403412 35.868101
-Trial 505 0 42403412 35.940804
-Trial 506 0 42403412 35.963440
-Trial 507 0 42403412 35.976492
-Trial 508 0 42403412 36.030260
-Trial 509 0 42403412 36.035177
-Trial 510 0 42403412 36.038734
-Trial 511 0 42403412 36.131494
-Trial 512 0 42403412 36.145584
-Trial 513 0 42403412 36.207916
-Trial 514 0 42403412 36.239171
-Trial 515 0 42403412 36.295746
-Trial 516 0 42403412 36.333750
-Trial 517 0 42403412 36.344277
-Trial 518 0 42403412 36.367065
-Trial 519 0 42403412 36.375879
-Trial 520 0 42403412 36.407328
-Trial 521 0 42403412 36.445059
-Trial 522 0 42403412 36.478977
-Trial 523 0 42403412 36.508326
-Trial 524 0 42403412 36.521597
* 525: Cost = 0_42402460, Time = 34.14 sec. 
-Trial 525 0 42402460 36.540388
-Trial 526 0 42402460 36.557872
-Trial 527 0 42402460 36.566018
* 528: Cost = 0_42240849, Time = 34.17 sec. 
-Trial 528 0 42240849 36.568571
-Trial 529 0 42240849 36.572224
-Trial 530 0 42240849 36.583663
-Trial 531 0 42240849 36.642922
-Trial 532 0 42240849 36.667101
-Trial 533 0 42240849 36.713824
* 534: Cost = 0_42204477, Time = 34.32 sec. 
-Trial 534 0 42204477 36.723594
-Trial 535 0 42204477 36.758345
* 536: Cost = 0_42197523, Time = 34.38 sec. 
-Trial 536 0 42197523 36.778337
-Trial 537 0 42197523 36.782106
-Trial 538 0 42197523 36.856830
-Trial 539 0 42197523 36.988496
-Trial 540 0 42197523 37.000332
-Trial 541 0 42197523 37.047114
-Trial 542 0 42197523 37.212028
-Trial 543 0 42197523 37.244162
-Trial 544 0 42197523 37.264178
-Trial 545 0 42197523 37.269167
-Trial 546 0 42197523 37.292835
* 547: Cost = 0_42125172, Time = 34.93 sec. 
-Trial 547 0 42125172 37.332597
-Trial 548 0 42125172 37.348325
-Trial 549 0 42125172 37.379448
-Trial 550 0 42125172 37.424110
* 551: Cost = 0_42122896, Time = 35.05 sec. 
-Trial 551 0 42122896 37.453529
-Trial 552 0 42122896 37.482176
-Trial 553 0 42122896 37.513385
-Trial 554 0 42122896 37.588379
* 555: Cost = 0_41973255, Time = 35.19 sec. 
-Trial 555 0 41973255 37.593838
-Trial 556 0 41973255 37.613290
-Trial 557 0 41973255 37.681491
-Trial 558 0 41973255 37.766176
-Trial 559 0 41973255 37.805218
-Trial 560 0 41973255 37.811350
-Trial 561 0 41973255 37.827089
-Trial 562 0 41973255 37.919964
-Trial 563 0 41973255 37.938970
-Trial 564 0 41973255 37.966636
-Trial 565 0 41973255 38.024305
-Trial 566 0 41973255 38.091267
-Trial 567 0 41973255 38.117413
-Trial 568 0 41973255 38.207553
-Trial 569 0 41973255 38.222022
-Trial 570 0 41973255 38.254118
-Trial 571 0 41973255 38.268254
-Trial 572 0 41973255 38.423432
-Trial 573 0 41973255 38.438037
-Trial 574 0 41973255 38.553374
* 575: Cost = 0_41967496, Time = 36.16 sec. 
-Trial 575 0 41967496 38.556601
* 576: Cost = 0_41966710, Time = 36.18 sec. 
-Trial 576 0 41966710 38.578283
-Trial 577 0 41966710 38.602825
-Trial 578 0 41966710 38.605018
-Trial 579 0 41966710 38.631236
-Trial 580 0 41966710 38.674838
-Trial 581 0 41966710 38.677218
-Trial 582 0 41966710 38.700057
-Trial 583 0 41966710 38.726137
-Trial 584 0 41966710 38.740864
-Trial 585 0 41966710 38.751665
-Trial 586 0 41966710 38.769560
-Trial 587 0 41966710 38.777095
-Trial 588 0 41966710 38.792518
-Trial 589 0 41966710 38.813794
-Trial 590 0 41966710 38.840384
-Trial 591 0 41966710 38.863789
-Trial 592 0 41966710 38.876417
-Trial 593 0 41966710 38.956319
-Trial 594 0 41966710 38.975977
-Trial 595 0 41966710 39.016170
-Trial 596 0 41966710 39.077897
-Trial 597 0 41966710 39.094449
-Trial 598 0 41966710 39.103244
-Trial 599 0 41966710 39.132130
-Trial 600 0 41966710 39.162906
-Trial 601 0 41966710 39.197231
-Trial 602 0 41966710 39.320274
-Trial 603 0 41966710 39.361202
-Trial 604 0 41966710 39.396455
-Trial 605 0 41966710 39.398779
-Trial 606 0 41966710 39.400585
-Trial 607 0 41966710 39.428374
* 608: Cost = 0_41907942, Time = 37.04 sec. 
-Trial 608 0 41907942 39.440313
-Trial 609 0 41907942 39.478720
-Trial 610 0 41907942 39.511968
-Trial 611 0 41907942 39.569773
-Trial 612 0 41907942 39.606741
-Trial 613 0 41907942 39.641696
-Trial 614 0 41907942 39.657233
-Trial 615 0 41907942 39.722288
-Trial 616 0 41907942 39.739432
* 617: Cost = 0_41848744, Time = 37.35 sec. 
-Trial 617 0 41848744 39.751640
-Trial 618 0 41848744 39.846210
* 619: Cost = 0_41843174, Time = 37.46 sec. 
-Trial 619 0 41843174 39.860987
-Trial 620 0 41843174 39.867369
-Trial 621 0 41843174 39.871769
-Trial 622 0 41843174 39.892132
-Trial 623 0 41843174 39.915552
-Trial 624 0 41843174 39.933049
-Trial 625 0 41843174 39.953258
-Trial 626 0 41843174 39.995782
-Trial 627 0 41843174 40.047889
-Trial 628 0 41843174 40.056767
* 629: Cost = 0_41841436, Time = 37.72 sec. 
-Trial 629 0 41841436 40.120825
-Trial 630 0 41841436 40.154783
-Trial 631 0 41841436 40.184055
-Trial 632 0 41841436 40.223494
-Trial 633 0 41841436 40.283159
-Trial 634 0 41841436 40.295280
-Trial 635 0 41841436 40.310056
-Trial 636 0 41841436 40.318292
-Trial 637 0 41841436 40.332754
-Trial 638 0 41841436 40.340704
-Trial 639 0 41841436 40.368837
-Trial 640 0 41841436 40.399914
-Trial 641 0 41841436 40.422106
-Trial 642 0 41841436 40.437783
* 643: Cost = 0_41838794, Time = 38.05 sec. 
-Trial 643 0 41838794 40.452143
-Trial 644 0 41838794 40.463969
-Trial 645 0 41838794 40.464787
-Trial 646 0 41838794 40.468046
-Trial 647 0 41838794 40.515150
-Trial 648 0 41838794 40.532547
-Trial 649 0 41838794 40.603243
-Trial 650 0 41838794 40.756899
-Trial 651 0 41838794 40.761925
* 652: Cost = 0_41802677, Time = 38.37 sec. 
-Trial 652 0 41802677 40.771351
-Trial 653 0 41802677 40.849677
-Trial 654 0 41802677 40.887074
-Trial 655 0 41802677 40.917478
-Trial 656 0 41802677 40.927617
-Trial 657 0 41802677 40.955038
-Trial 658 0 41802677 40.996342
-Trial 659 0 41802677 41.070959
-Trial 660 0 41802677 41.090472
-Trial 661 0 41802677 41.096433
-Trial 662 0 41802677 41.130336
-Trial 663 0 41802677 41.177371
-Trial 664 0 41802677 41.191918
-Trial 665 0 41802677 41.237467
-Trial 666 0 41802677 41.265713
-Trial 667 0 41802677 41.289040
-Trial 668 0 41802677 41.325160
-Trial 669 0 41802677 41.341780
-Trial 670 0 41802677 41.353605
-Trial 671 0 41802677 41.376090
-Trial 672 0 41802677 41.384271
-Trial 673 0 41802677 41.389552
-Trial 674 0 41802677 41.425075
-Trial 675 0 41802677 41.439187
-Trial 676 0 41802677 41.571601
-Trial 677 0 41802677 41.626967
-Trial 678 0 41802677 41.657322
-Trial 679 0 41802677 41.775158
-Trial 680 0 41802677 41.787645
* 681: Cost = 0_41774526, Time = 39.39 sec. 
-Trial 681 0 41774526 41.792018
* 682: Cost = 0_41751503, Time = 39.41 sec. 
-Trial 682 0 41751503 41.812883
-Trial 683 0 41751503 41.822818
-Trial 684 0 41751503 41.853769
-Trial 685 0 41751503 41.894378
-Trial 686 0 41751503 41.901809
-Trial 687 0 41751503 41.920485
-Trial 688 0 41751503 41.937015
-Trial 689 0 41751503 41.945519
-Trial 690 0 41751503 41.953805
-Trial 691 0 41751503 41.984906
-Trial 692 0 41751503 41.998530
-Trial 693 0 41751503 42.182941
-Trial 694 0 41751503 42.203378
-Trial 695 0 41751503 42.353720
-Trial 696 0 41751503 42.375646
-Trial 697 0 41751503 42.388252
-Trial 698 0 41751503 42.397698
-Trial 699 0 41751503 42.416030
-Trial 700 0 41751503 42.486889
-Trial 701 0 41751503 42.639148
-Trial 702 0 41751503 42.653413
-Trial 703 0 41751503 42.739490
-Trial 704 0 41751503 42.757392
-Trial 705 0 41751503 42.771078
-Trial 706 0 41751503 42.891559
-Trial 707 0 41751503 42.905868
-Trial 708 0 41751503 42.913157
-Trial 709 0 41751503 42.916046
-Trial 710 0 41751503 42.999916
-Trial 711 0 41751503 43.006388
-Trial 712 0 41751503 43.016549
-Trial 713 0 41751503 43.104801
-Trial 714 0 41751503 43.119163
-Trial 715 0 41751503 43.145899
-Trial 716 0 41751503 43.183791
* 717: Cost = 0_41746391, Time = 40.79 sec. 
-Trial 717 0 41746391 43.193761
-Trial 718 0 41746391 43.236256
-Trial 719 0 41746391 43.253290
-Trial 720 0 41746391 43.263699
* 721: Cost = 0_41716118, Time = 40.91 sec. 
-Trial 721 0 41716118 43.306259
* 722: Cost = 0_41654977, Time = 40.92 sec. 
-Trial 722 0 41654977 43.317742
-Trial 723 0 41654977 43.328195
-Trial 724 0 41654977 43.395344
-Trial 725 0 41654977 43.412691
-Trial 726 0 41654977 43.461088
-Trial 727 0 41654977 43.491006
-Trial 728 0 41654977 43.807992
-Trial 729 0 41654977 43.809649
-Trial 730 0 41654977 43.856542
-Trial 731 0 41654977 43.876953
-Trial 732 0 41654977 43.889072
-Trial 733 0 41654977 43.939628
-Trial 734 0 41654977 43.975878
-Trial 735 0 41654977 43.984061
-Trial 736 0 41654977 43.990745
-Trial 737 0 41654977 44.006760
-Trial 738 0 41654977 44.010281
* 739: Cost = 0_41622360, Time = 41.61 sec. 
-Trial 739 0 41622360 44.013409
-Trial 740 0 41622360 44.048362
-Trial 741 0 41622360 44.052392
-Trial 742 0 41622360 44.062371
-Trial 743 0 41622360 44.079706
-Trial 744 0 41622360 44.121291
-Trial 745 0 41622360 44.133653
-Trial 746 0 41622360 44.153099
-Trial 747 0 41622360 44.167075
-Trial 748 0 41622360 44.176115
-Trial 749 0 41622360 44.180206
-Trial 750 0 41622360 44.180656
-Trial 751 0 41622360 44.239155
-Trial 752 0 41622360 44.253815
-Trial 753 0 41622360 44.302174
-Trial 754 0 41622360 44.311227
-Trial 755 0 41622360 44.311819
-Trial 756 0 41622360 44.325421
-Trial 757 0 41622360 44.339796
-Trial 758 0 41622360 44.385209
-Trial 759 0 41622360 44.391090
-Trial 760 0 41622360 44.435323
-Trial 761 0 41622360 44.450658
-Trial 762 0 41622360 44.491346
-Trial 763 0 41622360 44.565636
-Trial 764 0 41622360 44.614643
-Trial 765 0 41622360 44.622024
-Trial 766 0 41622360 44.668257
-Trial 767 0 41622360 44.698110
-Trial 768 0 41622360 44.709459
-Trial 769 0 41622360 44.739325
-Trial 770 0 41622360 44.769711
-Trial 771 0 41622360 44.791030
-Trial 772 0 41622360 44.811664
-Trial 773 0 41622360 44.814705
-Trial 774 0 41622360 44.821715
-Trial 775 0 41622360 44.846380
-Trial 776 0 41622360 45.054988
-Trial 777 0 41622360 45.058860
-Trial 778 0 41622360 45.074460
-Trial 779 0 41622360 45.077700
-Trial 780 0 41622360 45.081494
* 781: Cost = 0_41606695, Time = 42.69 sec. 
-Trial 781 0 41606695 45.085675
-Trial 782 0 41606695 45.091395
-Trial 783 0 41606695 45.143605
-Trial 784 0 41606695 45.157747
-Trial 785 0 41606695 45.159724
-Trial 786 0 41606695 45.168320
* 787: Cost = 0_41547497, Time = 42.79 sec. 
-Trial 787 0 41547497 45.186225
-Trial 788 0 41547497 45.194742
-Trial 789 0 41547497 45.206688
-Trial 790 0 41547497 45.220530
-Trial 791 0 41547497 45.242574
-Trial 792 0 41547497 45.257626
-Trial 793 0 41547497 45.331449
-Trial 794 0 41547497 45.384289
-Trial 795 0 41547497 45.395409
-Trial 796 0 41547497 45.397652
-Trial 797 0 41547497 45.424504
-Trial 798 0 41547497 45.432327
-Trial 799 0 41547497 45.435253
-Trial 800 0 41547497 45.490234
-Trial 801 0 41547497 45.512287
-Trial 802 0 41547497 45.519860
-Trial 803 0 41547497 45.682562
-Trial 804 0 41547497 45.686715
-Trial 805 0 41547497 45.695434
-Trial 806 0 41547497 45.698977
-Trial 807 0 41547497 45.703061
-Trial 808 0 41547497 45.729395
-Trial 809 0 41547497 45.738659
-Trial 810 0 41547497 45.758254
-Trial 811 0 41547497 45.787076
-Trial 812 0 41547497 45.823179
-Trial 813 0 41547497 45.827520
-Trial 814 0 41547497 45.847038
-Trial 815 0 41547497 45.882011
-Trial 816 0 41547497 45.893492
-Trial 817 0 41547497 45.912047
-Trial 818 0 41547497 45.915419
-Trial 819 0 41547497 45.923558
-Trial 820 0 41547497 45.967106
-Trial 821 0 41547497 45.981541
-Trial 822 0 41547497 45.987601
-Trial 823 0 41547497 45.989236
-Trial 824 0 41547497 45.996631
-Trial 825 0 41547497 46.005157
-Trial 826 0 41547497 46.022085
-Trial 827 0 41547497 46.028526
-Trial 828 0 41547497 46.032067
-Trial 829 0 41547497 46.065877
-Trial 830 0 41547497 46.125846
-Trial 831 0 41547497 46.278510
-Trial 832 0 41547497 46.286214
-Trial 833 0 41547497 46.314425
-Trial 834 0 41547497 46.358076
-Trial 835 0 41547497 46.401559
-Trial 836 0 41547497 46.424969
-Trial 837 0 41547497 46.436362
-Trial 838 0 41547497 46.458112
-Trial 839 0 41547497 46.509481
-Trial 840 0 41547497 46.513517
-Trial 841 0 41547497 46.540842
-Trial 842 0 41547497 46.547761
-Trial 843 0 41547497 46.555065
-Trial 844 0 41547497 46.574999
-Trial 845 0 41547497 46.594209
-Trial 846 0 41547497 46.626809
-Trial 847 0 41547497 46.633312
-Trial 848 0 41547497 46.664277
-Trial 849 0 41547497 46.685351
-Trial 850 0 41547497 46.724061
-Trial 851 0 41547497 46.732015
-Trial 852 0 41547497 46.749887
-Trial 853 0 41547497 46.795608
-Trial 854 0 41547497 46.805311
-Trial 855 0 41547497 46.847047
-Trial 856 0 41547497 46.863758
-Trial 857 0 41547497 46.904605
-Trial 858 0 41547497 46.947634
-Trial 859 0 41547497 46.958504
-Trial 860 0 41547497 46.996585
-Trial 861 0 41547497 47.000044
-Trial 862 0 41547497 47.268327
-Trial 863 0 41547497 47.283063
-Trial 864 0 41547497 47.336119
-Trial 865 0 41547497 47.376921
-Trial 866 0 41547497 47.516368
-Trial 867 0 41547497 47.529250
-Trial 868 0 41547497 47.552042
-Trial 869 0 41547497 47.557517
-Trial 870 0 41547497 47.621271
-Trial 871 0 41547497 47.639317
-Trial 872 0 41547497 47.696909
-Trial 873 0 41547497 47.724534
-Trial 874 0 41547497 47.732909
-Trial 875 0 41547497 47.746065
-Trial 876 0 41547497 47.758349
-Trial 877 0 41547497 47.810859
-Trial 878 0 41547497 47.847708
-Trial 879 0 41547497 47.868098
-Trial 880 0 41547497 47.874273
-Trial 881 0 41547497 47.935036
-Trial 882 0 41547497 47.983043
-Trial 883 0 41547497 47.993037
-Trial 884 0 41547497 48.012403
-Trial 885 0 41547497 48.054537
-Trial 886 0 41547497 48.062319
-Trial 887 0 41547497 48.103663
-Trial 888 0 41547497 48.113822
-Trial 889 0 41547497 48.198242
-Trial 890 0 41547497 48.204687
-Trial 891 0 41547497 48.212502
-Trial 892 0 41547497 48.223025
-Trial 893 0 41547497 48.231946
-Trial 894 0 41547497 48.246368
-Trial 895 0 41547497 48.345905
-Trial 896 0 41547497 48.354488
-Trial 897 0 41547497 48.360010
-Trial 898 0 41547497 48.368722
* 899: Cost = 0_41506148, Time = 45.98 sec. 
-Trial 899 0 41506148 48.377831
-Trial 900 0 41506148 48.438129
-Trial 901 0 41506148 48.454639
* 902: Cost = 0_41449403, Time = 46.08 sec. 
-Trial 902 0 41449403 48.478478
-Trial 903 0 41449403 48.496431
-Trial 904 0 41449403 48.509662
-Trial 905 0 41449403 48.595355
-Trial 906 0 41449403 48.600388
-Trial 907 0 41449403 48.625091
-Trial 908 0 41449403 48.639381
-Trial 909 0 41449403 48.663070
-Trial 910 0 41449403 48.670664
-Trial 911 0 41449403 48.674761
-Trial 912 0 41449403 48.705329
-Trial 913 0 41449403 48.714255
-Trial 914 0 41449403 48.731628
-Trial 915 0 41449403 48.735731
* 916: Cost = 0_41323584, Time = 46.40 sec. 
-Trial 916 0 41323584 48.800818
-Trial 917 0 41323584 48.832940
-Trial 918 0 41323584 48.861046
-Trial 919 0 41323584 48.873927
-Trial 920 0 41323584 48.921897
-Trial 921 0 41323584 48.923911
-Trial 922 0 41323584 48.946232
-Trial 923 0 41323584 48.957737
-Trial 924 0 41323584 48.967857
-Trial 925 0 41323584 48.983251
-Trial 926 0 41323584 48.985185
-Trial 927 0 41323584 49.146210
-Trial 928 0 41323584 49.157581
-Trial 929 0 41323584 49.211006
-Trial 930 0 41323584 49.231269
-Trial 931 0 41323584 49.265472
-Trial 932 0 41323584 49.277681
-Trial 933 0 41323584 49.288391
-Trial 934 0 41323584 49.293310
-Trial 935 0 41323584 49.314666
-Trial 936 0 41323584 49.347321
-Trial 937 0 41323584 49.350742
-Trial 938 0 41323584 49.376222
-Trial 939 0 41323584 49.386838
-Trial 940 0 41323584 49.410862
-Trial 941 0 41323584 49.421224
-Trial 942 0 41323584 49.472304
-Trial 943 0 41323584 49.493610
-Trial 944 0 41323584 49.494736
-Trial 945 0 41323584 49.525807
-Trial 946 0 41323584 49.542357
-Trial 947 0 41323584 49.645088
-Trial 948 0 41323584 49.674619
-Trial 949 0 41323584 49.676309
-Trial 950 0 41323584 49.727143
* 951: Cost = 0_41303608, Time = 47.34 sec. 
-Trial 951 0 41303608 49.742326
-Trial 952 0 41303608 49.752600
-Trial 953 0 41303608 49.773532
-Trial 954 0 41303608 49.820204
-Trial 955 0 41303608 49.837080
-Trial 956 0 41303608 49.892515
-Trial 957 0 41303608 49.892975
-Trial 958 0 41303608 49.916866
-Trial 959 0 41303608 49.936221
-Trial 960 0 41303608 49.966910
-Trial 961 0 41303608 49.987980
-Trial 962 0 41303608 50.027126
-Trial 963 0 41303608 50.050914
-Trial 964 0 41303608 50.062854
-Trial 965 0 41303608 50.083706
-Trial 966 0 41303608 50.102754
-Trial 967 0 41303608 50.156700
-Trial 968 0 41303608 50.206962
-Trial 969 0 41303608 50.246350
-Trial 970 0 41303608 50.254807
-Trial 971 0 41303608 50.297777
-Trial 972 0 41303608 50.301070
-Trial 973 0 41303608 50.301824
-Trial 974 0 41303608 50.343487
-Trial 975 0 41303608 50.414768
-Trial 976 0 41303608 50.417096
-Trial 977 0 41303608 50.499981
-Trial 978 0 41303608 50.516334
-Trial 979 0 41303608 50.523175
-Trial 980 0 41303608 50.534364
-Trial 981 0 41303608 50.548694
-Trial 982 0 41303608 50.554209
-Trial 983 0 41303608 50.566741
-Trial 984 0 41303608 50.574036
-Trial 985 0 41303608 50.589569
-Trial 986 0 41303608 50.636938
-Trial 987 0 41303608 50.664621
-Trial 988 0 41303608 50.739946
-Trial 989 0 41303608 50.749249
-Trial 990 0 41303608 50.782768
-Trial 991 0 41303608 50.785901
-Trial 992 0 41303608 50.790171
-Trial 993 0 41303608 50.812794
-Trial 994 0 41303608 50.913284
-Trial 995 0 41303608 50.921624
-Trial 996 0 41303608 50.928679
-Trial 997 0 41303608 50.956926
-Trial 998 0 41303608 50.974082
-Trial 999 0 41303608 50.983364
-Trial 1000 0 41303608 50.997615
Population:
  1: 0_41303608
Run 1: Cost = 0_41303608, Time = 48.60 sec. 

Successes/Runs = 0/1 
Cost.min = 41303608, Cost.avg = 41303608.00, Cost.max = 41303608
Gap.min = 0.0000%, Gap.avg = 0.0000%, Gap.max = 0.0000%
Penalty.min = 0, Penalty.avg = 0.00, Penalty.max = 0
Trials.min = 1000, Trials.avg = 1000.0, Trials.max = 1000
Time.min = 48.60 sec., Time.avg = 48.60 sec., Time.max = 48.60 sec.
Time.total = 51.00 sec.
  Size.min = 12, Size.max = 37, Penalty = 0
  Cost.min = 965301, Cost.max = 2875530, Cost.sum = 41303608
Best CVRPTW solution:
  Cost = 0_41303608
359 1 253 114 13 374 452 4 150 323 189 177 235 174 427 164 440 396 158 89 144 122 257 276 313 86 28 261 484 510 127 19 180 362 236 75 481 301 428 300 405 355 115 286 310 401 330 406 295 381 110 222 160 69 240 364 491 507 391 334 185 379 218 392 33 273 29 34 81 260 271 32 446 241 67 151 143 214 226 202 255 179 97 227 105 132 417 395 432 495 298 415 305 248 376 513 387 140 188 128 83 352 10 493 61 453 165 353 38 171 354 76 53 163 92 192 437 487 224 274 137 410 303 50 30 41 519 74 501 84 239 39 104 182 431 22 461 480 125 424 183 520 238 181 213 265 162 250 462 337 486 426 172 409 402 272 445 252 320 335 317 31 46 485 504 412 299 418 237 63 259 55 20 394 349 6 206 367 309 18 463 357 288 435 254 388 203 58 54 512 389 343 49 356 483 430 348 116 79 384 414 497 169 149 269 473 479 212 297 514 45 178 156 205 496 207 103 377 161 199 467 455 341 331 133 220 56 494 85 138 244 142 71 8 96 474 306 5 476 511 7 37 371 336 80 270 166 258 369 458 449 380 289 469 245 107 52 419 98 366 304 195 72 215 500 460 16 372 124 508 416 193 113 489 168 109 131 249 345 221 443 368 509 312 425 420 130 471 211 292 314 383 3 186 333 15 347 332 279 370 57 422 243 134 382 155 93 503 119 454 117 342 246 251 492 242 111 315 170 281 118 283 247 278 112 147 176 157 505 413 262 190 216 204 59 321 73 152 197 44 159 302 231 60 9 344 361 217 439 256 429 327 326 223 399 173 307 167 506 229 219 421 108 25 346 441 350 194 393 478 43 175 328 318 264 95 106 12 225 375 208 287 451 148 234 518 146 385 319 11 290 26 66 291 230 408 228 187 100 275 23 201 447 465 268 277 141 404 47 515 488 293 390 466 329 87 129 68 121 373 434 36 411 468 296 94 102 482 456 448 88 386 472 65 517 308 267 42 145 499 311 233 40 325 200 338 210 70 198 35 322 403 17 351 21 450 64 516 436 407 77 184 339 459 280 91 14 282 139 284 135 442 490 316 475 120 24 360 51 136 90 78 378 358 324 363 153 502 285 438 191 498 99 82 2 365 397 101 477 464 340 209 126 266 470 294 263 232 457 423 27 400 398 196 154 48 433 123 444 62 359 
