PARAMETER_FILE = result/cvrptw_500/LKH_para/255.para
Reading PROBLEM_FILE: "result/cvrptw_500/cvrptw/255.cvrptw" ... done
ASCENT_CANDIDATES = 50
BACKBONE_TRIALS = 0
BACKTRACKING = NO
# BWTSP =
# CANDIDATE_FILE =
CANDIDATE_SET_TYPE = ALPHA
DEPOT = 1
# EDGE_FILE =
EXCESS = 0.0384615
EXTERNAL_SALESMEN = 0
EXTRA_CANDIDATES = 0 
EXTRA_CANDIDATE_SET_TYPE = QUADRANT
GAIN23 = NO
GAIN_CRITERION = YES
INITIAL_PERIOD = 520
INITIAL_STEP_SIZE = 1
INITIAL_TOUR_ALGORITHM = WALK
# INITIAL_TOUR_FILE = 
INITIAL_TOUR_FRACTION = 1.000
# INPUT_TOUR_FILE = 
KICK_TYPE = 4
KICKS = 1
# MAX_BREADTH =
MAKESPAN = NO
MAX_CANDIDATES = 5 
MAX_SWAPS = 0
MAX_TRIALS = 1000
# MERGE_TOUR_FILE =
MOVE_TYPE = 5 SPECIAL
MTSP_MIN_SIZE = 1
MTSP_MAX_SIZE = 1039
# MTSP_SOLUTION_FILE = 
# NONSEQUENTIAL_MOVE_TYPE = 5
# OPTIMUM =
# OUTPUT_TOUR_FILE = 
PATCHING_A = 1 
PATCHING_C = 0 
# PI_FILE = 
POPMUSIC_INITIAL_TOUR = NO
POPMUSIC_MAX_NEIGHBORS = 5
POPMUSIC_SAMPLE_SIZE = 10
POPMUSIC_SOLUTIONS = 50
POPMUSIC_TRIALS = 1
POPULATION_SIZE = 10
PRECISION = 100
PROBLEM_FILE = result/cvrptw_500/cvrptw/255.cvrptw
RECOMBINATION = IPT
RESTRICTED_SEARCH = YES
RUNS = 1
SALESMEN = 20
SCALE = 1
SEED = 1234
# SINTEF_SOLUTION_FILE = 
STOP_AT_OPTIMUM = YES
SUBGRADIENT = YES
# SUBPROBLEM_SIZE =
# SUBPROBLEM_TOUR_FILE = 
SUBSEQUENT_MOVE_TYPE = 5 SPECIAL
SUBSEQUENT_PATCHING = YES
# TIME_LIMIT =
# TOUR_FILE = 
TRACE_LEVEL = 1
VEHICLES = 20

Lower bound = 25411702.7, Ascent time = 1.95 sec.
Cand.min = 5, Cand.avg = 5.0, Cand.max = 5
Edges.fixed = 520 [Cost = 0]
Preprocessing time = 2.03 sec.
* 1: Cost = 645081_64293810, Time = 3.42 sec. 
-Trial 1 645081 64293810 5.459428
* 2: Cost = 645081_64214113, Time = 3.45 sec. 
-Trial 2 645081 64214113 5.485903
-Trial 3 645081 64214113 5.499985
-Trial 4 645081 64214113 5.500395
-Trial 5 645081 64214113 5.559438
-Trial 6 645081 64214113 5.599926
* 7: Cost = 645081_64212996, Time = 3.59 sec. 
-Trial 7 645081 64212996 5.620871
* 8: Cost = 645081_64102623, Time = 3.83 sec. 
-Trial 8 645081 64102623 5.861532
-Trial 9 645081 64102623 5.953731
* 10: Cost = 645081_64099469, Time = 4.00 sec. 
-Trial 10 645081 64099469 6.035348
-Trial 11 645081 64099469 6.035989
-Trial 12 645081 64099469 6.158781
* 13: Cost = 645081_63767791, Time = 4.17 sec. 
-Trial 13 645081 63767791 6.209537
-Trial 14 645081 63767791 6.224403
-Trial 15 645081 63767791 6.258499
* 16: Cost = 645081_62728066, Time = 4.57 sec. 
-Trial 16 645081 62728066 6.602727
-Trial 17 645081 62728066 6.641342
* 18: Cost = 645081_62630894, Time = 4.65 sec. 
-Trial 18 645081 62630894 6.685954
-Trial 19 645081 62630894 6.693766
* 20: Cost = 645081_61652958, Time = 4.78 sec. 
-Trial 20 645081 61652958 6.814247
-Trial 21 645081 61652958 6.871184
-Trial 22 645081 61652958 6.934982
-Trial 23 645081 61652958 6.985779
* 24: Cost = 645081_61582992, Time = 5.20 sec. 
-Trial 24 645081 61582992 7.231543
-Trial 25 645081 61582992 7.350794
* 26: Cost = 0_61022833, Time = 5.42 sec. 
-Trial 26 0 61022833 7.460037
* 27: Cost = 0_60999446, Time = 5.46 sec. 
-Trial 27 0 60999446 7.494155
-Trial 28 0 60999446 7.516584
-Trial 29 0 60999446 7.519913
* 30: Cost = 0_60812775, Time = 5.50 sec. 
-Trial 30 0 60812775 7.533251
* 31: Cost = 0_60752296, Time = 5.58 sec. 
-Trial 31 0 60752296 7.611753
* 32: Cost = 0_60625869, Time = 5.67 sec. 
-Trial 32 0 60625869 7.703075
* 33: Cost = 0_60622779, Time = 5.69 sec. 
-Trial 33 0 60622779 7.727574
-Trial 34 0 60622779 7.827724
-Trial 35 0 60622779 7.846288
* 36: Cost = 0_60603292, Time = 5.86 sec. 
-Trial 36 0 60603292 7.890469
-Trial 37 0 60603292 8.008802
* 38: Cost = 0_60348233, Time = 5.99 sec. 
-Trial 38 0 60348233 8.023159
-Trial 39 0 60348233 8.035555
-Trial 40 0 60348233 8.047272
-Trial 41 0 60348233 8.087963
-Trial 42 0 60348233 8.134714
-Trial 43 0 60348233 8.174196
-Trial 44 0 60348233 8.214553
* 45: Cost = 0_60324633, Time = 6.22 sec. 
-Trial 45 0 60324633 8.254294
-Trial 46 0 60324633 8.264493
-Trial 47 0 60324633 8.282919
-Trial 48 0 60324633 8.297177
* 49: Cost = 0_60101884, Time = 6.31 sec. 
-Trial 49 0 60101884 8.344508
* 50: Cost = 0_60096411, Time = 6.46 sec. 
-Trial 50 0 60096411 8.495994
* 51: Cost = 0_59460747, Time = 6.56 sec. 
-Trial 51 0 59460747 8.595851
-Trial 52 0 59460747 8.599513
-Trial 53 0 59460747 8.633209
* 54: Cost = 0_59311650, Time = 6.66 sec. 
-Trial 54 0 59311650 8.698212
-Trial 55 0 59311650 8.712063
-Trial 56 0 59311650 8.754925
-Trial 57 0 59311650 8.778328
-Trial 58 0 59311650 8.780831
-Trial 59 0 59311650 8.807862
-Trial 60 0 59311650 8.816847
* 61: Cost = 0_59226614, Time = 6.81 sec. 
-Trial 61 0 59226614 8.848578
* 62: Cost = 0_59112537, Time = 6.92 sec. 
-Trial 62 0 59112537 8.952372
* 63: Cost = 0_59088125, Time = 6.95 sec. 
-Trial 63 0 59088125 8.989852
-Trial 64 0 59088125 9.021044
* 65: Cost = 0_58746918, Time = 7.02 sec. 
-Trial 65 0 58746918 9.057965
* 66: Cost = 0_58496665, Time = 7.06 sec. 
-Trial 66 0 58496665 9.096388
* 67: Cost = 0_58371470, Time = 7.06 sec. 
-Trial 67 0 58371470 9.098968
-Trial 68 0 58371470 9.100853
-Trial 69 0 58371470 9.152074
-Trial 70 0 58371470 9.188780
* 71: Cost = 0_58352909, Time = 7.33 sec. 
-Trial 71 0 58352909 9.361898
* 72: Cost = 0_58342213, Time = 7.33 sec. 
-Trial 72 0 58342213 9.367128
-Trial 73 0 58342213 9.436547
-Trial 74 0 58342213 9.441558
* 75: Cost = 0_58341586, Time = 7.42 sec. 
-Trial 75 0 58341586 9.458835
-Trial 76 0 58341586 9.471655
* 77: Cost = 0_58312864, Time = 7.47 sec. 
-Trial 77 0 58312864 9.509304
-Trial 78 0 58312864 9.530808
-Trial 79 0 58312864 9.562901
* 80: Cost = 0_57987547, Time = 7.63 sec. 
-Trial 80 0 57987547 9.660585
* 81: Cost = 0_57985468, Time = 7.65 sec. 
-Trial 81 0 57985468 9.683929
-Trial 82 0 57985468 9.970978
-Trial 83 0 57985468 10.004644
* 84: Cost = 0_57868623, Time = 7.99 sec. 
-Trial 84 0 57868623 10.029601
* 85: Cost = 0_57446574, Time = 8.01 sec. 
-Trial 85 0 57446574 10.043623
-Trial 86 0 57446574 10.051608
-Trial 87 0 57446574 10.060450
-Trial 88 0 57446574 10.064143
-Trial 89 0 57446574 10.081128
-Trial 90 0 57446574 10.081831
-Trial 91 0 57446574 10.125431
-Trial 92 0 57446574 10.130099
-Trial 93 0 57446574 10.136239
* 94: Cost = 0_57373866, Time = 8.11 sec. 
-Trial 94 0 57373866 10.146010
* 95: Cost = 0_57356643, Time = 8.16 sec. 
-Trial 95 0 57356643 10.196653
-Trial 96 0 57356643 10.199948
-Trial 97 0 57356643 10.256000
-Trial 98 0 57356643 10.357503
-Trial 99 0 57356643 10.364333
* 100: Cost = 0_56972582, Time = 8.38 sec. 
-Trial 100 0 56972582 10.410520
* 101: Cost = 0_56686505, Time = 8.45 sec. 
-Trial 101 0 56686505 10.480313
-Trial 102 0 56686505 10.500068
-Trial 103 0 56686505 10.514392
* 104: Cost = 0_56575892, Time = 8.49 sec. 
-Trial 104 0 56575892 10.520911
-Trial 105 0 56575892 10.542173
-Trial 106 0 56575892 10.557187
-Trial 107 0 56575892 10.593123
* 108: Cost = 0_56495899, Time = 8.56 sec. 
-Trial 108 0 56495899 10.599723
* 109: Cost = 0_56469820, Time = 8.57 sec. 
-Trial 109 0 56469820 10.605834
* 110: Cost = 0_56452936, Time = 8.58 sec. 
-Trial 110 0 56452936 10.616702
-Trial 111 0 56452936 10.711941
-Trial 112 0 56452936 10.719054
-Trial 113 0 56452936 10.788972
-Trial 114 0 56452936 10.875377
-Trial 115 0 56452936 10.889099
-Trial 116 0 56452936 10.942639
* 117: Cost = 0_56378375, Time = 8.91 sec. 
-Trial 117 0 56378375 10.949761
-Trial 118 0 56378375 11.008830
-Trial 119 0 56378375 11.058850
-Trial 120 0 56378375 11.083055
* 121: Cost = 0_56350860, Time = 9.05 sec. 
-Trial 121 0 56350860 11.087346
-Trial 122 0 56350860 11.130827
* 123: Cost = 0_56172822, Time = 9.10 sec. 
-Trial 123 0 56172822 11.137766
* 124: Cost = 0_56141275, Time = 9.14 sec. 
-Trial 124 0 56141275 11.178762
-Trial 125 0 56141275 11.205923
-Trial 126 0 56141275 11.273292
* 127: Cost = 0_55852508, Time = 9.25 sec. 
-Trial 127 0 55852508 11.282798
* 128: Cost = 0_55731122, Time = 9.25 sec. 
-Trial 128 0 55731122 11.286553
-Trial 129 0 55731122 11.317907
* 130: Cost = 0_55698947, Time = 9.30 sec. 
-Trial 130 0 55698947 11.331794
-Trial 131 0 55698947 11.376951
-Trial 132 0 55698947 11.425722
* 133: Cost = 0_55558159, Time = 9.48 sec. 
-Trial 133 0 55558159 11.511757
-Trial 134 0 55558159 11.522310
-Trial 135 0 55558159 11.618514
-Trial 136 0 55558159 11.660258
-Trial 137 0 55558159 11.673491
-Trial 138 0 55558159 11.690503
-Trial 139 0 55558159 11.691814
* 140: Cost = 0_55531126, Time = 9.68 sec. 
-Trial 140 0 55531126 11.715093
-Trial 141 0 55531126 11.730755
-Trial 142 0 55531126 11.844361
-Trial 143 0 55531126 12.009626
* 144: Cost = 0_55484221, Time = 9.98 sec. 
-Trial 144 0 55484221 12.018281
* 145: Cost = 0_55482262, Time = 9.99 sec. 
-Trial 145 0 55482262 12.022533
* 146: Cost = 0_55464541, Time = 10.03 sec. 
-Trial 146 0 55464541 12.064299
-Trial 147 0 55464541 12.083680
-Trial 148 0 55464541 12.108204
-Trial 149 0 55464541 12.119180
-Trial 150 0 55464541 12.119632
* 151: Cost = 0_55463462, Time = 10.10 sec. 
-Trial 151 0 55463462 12.132731
* 152: Cost = 0_55421714, Time = 10.21 sec. 
-Trial 152 0 55421714 12.248869
-Trial 153 0 55421714 12.260311
-Trial 154 0 55421714 12.316170
-Trial 155 0 55421714 12.344921
-Trial 156 0 55421714 12.404634
-Trial 157 0 55421714 12.419310
* 158: Cost = 0_55366591, Time = 10.39 sec. 
-Trial 158 0 55366591 12.427276
-Trial 159 0 55366591 12.433887
-Trial 160 0 55366591 12.465530
-Trial 161 0 55366591 12.473402
-Trial 162 0 55366591 12.514777
-Trial 163 0 55366591 12.547465
-Trial 164 0 55366591 12.562075
-Trial 165 0 55366591 12.568073
-Trial 166 0 55366591 12.587516
-Trial 167 0 55366591 12.620076
-Trial 168 0 55366591 12.631900
-Trial 169 0 55366591 12.673428
* 170: Cost = 0_55364908, Time = 10.65 sec. 
-Trial 170 0 55364908 12.684685
-Trial 171 0 55364908 12.713189
-Trial 172 0 55364908 12.734690
-Trial 173 0 55364908 12.739138
-Trial 174 0 55364908 12.813864
-Trial 175 0 55364908 12.832242
-Trial 176 0 55364908 12.871519
-Trial 177 0 55364908 12.878638
* 178: Cost = 0_55247653, Time = 10.85 sec. 
-Trial 178 0 55247653 12.889868
-Trial 179 0 55247653 12.941518
-Trial 180 0 55247653 12.958187
* 181: Cost = 0_55144817, Time = 10.93 sec. 
-Trial 181 0 55144817 12.968584
* 182: Cost = 0_54924910, Time = 10.98 sec. 
-Trial 182 0 54924910 13.011470
-Trial 183 0 54924910 13.019615
-Trial 184 0 54924910 13.022554
-Trial 185 0 54924910 13.072754
-Trial 186 0 54924910 13.203423
* 187: Cost = 0_54917338, Time = 11.22 sec. 
-Trial 187 0 54917338 13.250419
-Trial 188 0 54917338 13.265101
-Trial 189 0 54917338 13.269880
-Trial 190 0 54917338 13.298110
-Trial 191 0 54917338 13.303351
-Trial 192 0 54917338 13.342026
-Trial 193 0 54917338 13.627592
-Trial 194 0 54917338 13.662409
-Trial 195 0 54917338 13.690711
-Trial 196 0 54917338 13.695058
-Trial 197 0 54917338 13.739058
-Trial 198 0 54917338 13.763140
-Trial 199 0 54917338 13.782128
-Trial 200 0 54917338 13.790915
-Trial 201 0 54917338 13.797567
* 202: Cost = 0_54914623, Time = 11.79 sec. 
-Trial 202 0 54914623 13.829622
-Trial 203 0 54914623 13.846039
* 204: Cost = 0_54906667, Time = 11.82 sec. 
-Trial 204 0 54906667 13.852076
-Trial 205 0 54906667 13.860180
* 206: Cost = 0_54848765, Time = 11.85 sec. 
-Trial 206 0 54848765 13.880503
-Trial 207 0 54848765 13.906114
* 208: Cost = 0_54816885, Time = 11.88 sec. 
-Trial 208 0 54816885 13.916990
-Trial 209 0 54816885 13.937275
-Trial 210 0 54816885 13.972035
-Trial 211 0 54816885 13.991643
-Trial 212 0 54816885 13.996977
-Trial 213 0 54816885 14.028033
* 214: Cost = 0_54795100, Time = 12.00 sec. 
-Trial 214 0 54795100 14.031444
-Trial 215 0 54795100 14.064488
-Trial 216 0 54795100 14.096261
-Trial 217 0 54795100 14.100729
* 218: Cost = 0_54652890, Time = 12.08 sec. 
-Trial 218 0 54652890 14.111426
-Trial 219 0 54652890 14.116807
-Trial 220 0 54652890 14.149597
* 221: Cost = 0_54645591, Time = 12.13 sec. 
-Trial 221 0 54645591 14.166860
-Trial 222 0 54645591 14.213085
-Trial 223 0 54645591 14.246385
-Trial 224 0 54645591 14.316201
-Trial 225 0 54645591 14.342526
* 226: Cost = 0_54629976, Time = 12.32 sec. 
-Trial 226 0 54629976 14.351688
-Trial 227 0 54629976 14.366228
-Trial 228 0 54629976 14.399546
-Trial 229 0 54629976 14.516969
-Trial 230 0 54629976 14.546935
* 231: Cost = 0_54476501, Time = 12.58 sec. 
-Trial 231 0 54476501 14.615500
-Trial 232 0 54476501 14.615950
-Trial 233 0 54476501 14.622037
* 234: Cost = 0_54441733, Time = 12.61 sec. 
-Trial 234 0 54441733 14.641956
-Trial 235 0 54441733 14.658345
-Trial 236 0 54441733 14.664083
-Trial 237 0 54441733 14.677977
-Trial 238 0 54441733 14.689793
-Trial 239 0 54441733 14.738113
* 240: Cost = 0_54316586, Time = 12.73 sec. 
-Trial 240 0 54316586 14.760687
-Trial 241 0 54316586 14.792059
-Trial 242 0 54316586 14.803684
-Trial 243 0 54316586 14.819432
-Trial 244 0 54316586 14.819908
-Trial 245 0 54316586 14.834040
-Trial 246 0 54316586 14.846980
-Trial 247 0 54316586 14.862017
-Trial 248 0 54316586 14.870343
-Trial 249 0 54316586 14.875220
-Trial 250 0 54316586 14.905812
-Trial 251 0 54316586 14.916897
-Trial 252 0 54316586 14.936149
* 253: Cost = 0_54313250, Time = 12.97 sec. 
-Trial 253 0 54313250 15.005018
-Trial 254 0 54313250 15.041691
-Trial 255 0 54313250 15.059821
-Trial 256 0 54313250 15.077283
-Trial 257 0 54313250 15.084576
-Trial 258 0 54313250 15.100766
* 259: Cost = 0_54293224, Time = 13.09 sec. 
-Trial 259 0 54293224 15.124822
-Trial 260 0 54293224 15.197303
* 261: Cost = 0_54283204, Time = 13.18 sec. 
-Trial 261 0 54283204 15.212104
-Trial 262 0 54283204 15.214367
-Trial 263 0 54283204 15.375422
-Trial 264 0 54283204 15.413567
-Trial 265 0 54283204 15.553930
-Trial 266 0 54283204 15.579551
-Trial 267 0 54283204 15.605459
-Trial 268 0 54283204 15.638250
-Trial 269 0 54283204 15.645030
-Trial 270 0 54283204 15.667014
* 271: Cost = 0_54261404, Time = 13.67 sec. 
-Trial 271 0 54261404 15.702707
-Trial 272 0 54261404 15.752336
-Trial 273 0 54261404 15.758454
-Trial 274 0 54261404 15.781215
* 275: Cost = 0_54083728, Time = 13.76 sec. 
-Trial 275 0 54083728 15.794132
-Trial 276 0 54083728 15.809311
-Trial 277 0 54083728 15.835986
-Trial 278 0 54083728 15.853067
-Trial 279 0 54083728 15.853528
-Trial 280 0 54083728 15.865128
-Trial 281 0 54083728 15.880525
-Trial 282 0 54083728 15.898506
* 283: Cost = 0_54042009, Time = 13.90 sec. 
-Trial 283 0 54042009 15.936118
-Trial 284 0 54042009 15.944329
-Trial 285 0 54042009 15.963629
-Trial 286 0 54042009 15.978797
-Trial 287 0 54042009 16.073679
-Trial 288 0 54042009 16.096213
-Trial 289 0 54042009 16.121064
-Trial 290 0 54042009 16.160730
-Trial 291 0 54042009 16.183019
-Trial 292 0 54042009 16.187980
* 293: Cost = 0_54024222, Time = 14.18 sec. 
-Trial 293 0 54024222 16.217771
-Trial 294 0 54024222 16.222705
-Trial 295 0 54024222 16.230644
-Trial 296 0 54024222 16.246838
-Trial 297 0 54024222 16.263528
-Trial 298 0 54024222 16.282714
-Trial 299 0 54024222 16.299669
* 300: Cost = 0_53994682, Time = 14.29 sec. 
-Trial 300 0 53994682 16.325610
-Trial 301 0 53994682 16.328467
-Trial 302 0 53994682 16.346715
-Trial 303 0 53994682 16.358850
-Trial 304 0 53994682 16.409697
-Trial 305 0 53994682 16.439975
* 306: Cost = 0_53989375, Time = 14.42 sec. 
-Trial 306 0 53989375 16.450316
-Trial 307 0 53989375 16.454427
-Trial 308 0 53989375 16.459300
-Trial 309 0 53989375 16.525701
-Trial 310 0 53989375 16.529801
-Trial 311 0 53989375 16.537984
-Trial 312 0 53989375 16.551199
-Trial 313 0 53989375 16.558785
-Trial 314 0 53989375 16.562544
-Trial 315 0 53989375 16.570410
-Trial 316 0 53989375 16.723450
-Trial 317 0 53989375 16.736132
-Trial 318 0 53989375 16.737149
-Trial 319 0 53989375 17.053193
-Trial 320 0 53989375 17.093211
-Trial 321 0 53989375 17.223391
-Trial 322 0 53989375 17.229007
-Trial 323 0 53989375 17.261365
-Trial 324 0 53989375 17.322384
-Trial 325 0 53989375 17.329574
-Trial 326 0 53989375 17.365915
-Trial 327 0 53989375 17.368839
-Trial 328 0 53989375 17.377131
-Trial 329 0 53989375 17.398939
* 330: Cost = 0_53896981, Time = 15.43 sec. 
-Trial 330 0 53896981 17.466872
-Trial 331 0 53896981 17.473946
* 332: Cost = 0_53841844, Time = 15.47 sec. 
-Trial 332 0 53841844 17.505985
* 333: Cost = 0_53832101, Time = 15.49 sec. 
-Trial 333 0 53832101 17.522572
-Trial 334 0 53832101 17.582057
-Trial 335 0 53832101 17.596505
-Trial 336 0 53832101 17.637498
-Trial 337 0 53832101 17.656409
-Trial 338 0 53832101 17.674130
-Trial 339 0 53832101 17.773404
-Trial 340 0 53832101 17.799515
-Trial 341 0 53832101 17.827550
-Trial 342 0 53832101 17.849660
-Trial 343 0 53832101 17.933875
-Trial 344 0 53832101 17.938528
-Trial 345 0 53832101 17.944628
-Trial 346 0 53832101 18.067310
-Trial 347 0 53832101 18.072810
-Trial 348 0 53832101 18.099803
-Trial 349 0 53832101 18.458793
-Trial 350 0 53832101 18.479516
-Trial 351 0 53832101 18.482079
-Trial 352 0 53832101 18.500248
-Trial 353 0 53832101 18.562385
-Trial 354 0 53832101 18.608392
-Trial 355 0 53832101 18.653892
-Trial 356 0 53832101 18.675551
* 357: Cost = 0_53815855, Time = 16.65 sec. 
-Trial 357 0 53815855 18.685116
-Trial 358 0 53815855 18.723640
-Trial 359 0 53815855 18.754635
-Trial 360 0 53815855 18.759216
-Trial 361 0 53815855 18.768149
-Trial 362 0 53815855 18.830506
-Trial 363 0 53815855 18.833014
-Trial 364 0 53815855 18.868341
* 365: Cost = 0_53642098, Time = 16.84 sec. 
-Trial 365 0 53642098 18.876696
-Trial 366 0 53642098 18.963916
-Trial 367 0 53642098 18.988207
-Trial 368 0 53642098 19.000048
-Trial 369 0 53642098 19.003816
-Trial 370 0 53642098 19.014087
-Trial 371 0 53642098 19.155651
-Trial 372 0 53642098 19.178914
-Trial 373 0 53642098 19.192398
-Trial 374 0 53642098 19.404464
-Trial 375 0 53642098 19.458589
-Trial 376 0 53642098 19.460960
-Trial 377 0 53642098 19.472191
-Trial 378 0 53642098 19.502883
-Trial 379 0 53642098 19.504239
-Trial 380 0 53642098 19.526370
-Trial 381 0 53642098 19.569841
-Trial 382 0 53642098 19.633939
-Trial 383 0 53642098 19.644673
-Trial 384 0 53642098 19.656138
-Trial 385 0 53642098 19.675507
* 386: Cost = 0_53623847, Time = 17.66 sec. 
-Trial 386 0 53623847 19.696197
-Trial 387 0 53623847 19.699738
-Trial 388 0 53623847 19.761528
-Trial 389 0 53623847 19.825827
-Trial 390 0 53623847 19.904003
-Trial 391 0 53623847 19.908927
-Trial 392 0 53623847 19.917067
-Trial 393 0 53623847 19.991104
-Trial 394 0 53623847 20.037113
-Trial 395 0 53623847 20.066319
-Trial 396 0 53623847 20.093429
-Trial 397 0 53623847 20.116015
-Trial 398 0 53623847 20.273868
-Trial 399 0 53623847 20.309427
-Trial 400 0 53623847 20.339511
-Trial 401 0 53623847 20.343191
-Trial 402 0 53623847 20.351239
* 403: Cost = 0_53585302, Time = 18.33 sec. 
-Trial 403 0 53585302 20.369923
-Trial 404 0 53585302 20.375616
-Trial 405 0 53585302 20.399421
-Trial 406 0 53585302 20.411692
-Trial 407 0 53585302 20.425346
-Trial 408 0 53585302 20.430344
-Trial 409 0 53585302 20.592992
-Trial 410 0 53585302 20.604173
-Trial 411 0 53585302 20.716709
-Trial 412 0 53585302 20.736786
-Trial 413 0 53585302 20.742137
-Trial 414 0 53585302 20.986438
-Trial 415 0 53585302 21.038570
-Trial 416 0 53585302 21.050132
-Trial 417 0 53585302 21.125941
-Trial 418 0 53585302 21.130175
-Trial 419 0 53585302 21.190715
-Trial 420 0 53585302 21.256823
-Trial 421 0 53585302 21.287010
-Trial 422 0 53585302 21.312079
-Trial 423 0 53585302 21.326235
-Trial 424 0 53585302 21.331173
-Trial 425 0 53585302 21.397692
-Trial 426 0 53585302 21.408759
-Trial 427 0 53585302 21.425473
-Trial 428 0 53585302 21.452462
-Trial 429 0 53585302 21.500277
-Trial 430 0 53585302 21.514410
-Trial 431 0 53585302 21.556602
-Trial 432 0 53585302 21.630653
-Trial 433 0 53585302 21.648011
-Trial 434 0 53585302 21.776531
-Trial 435 0 53585302 21.829510
-Trial 436 0 53585302 21.833748
-Trial 437 0 53585302 21.836075
-Trial 438 0 53585302 21.847932
-Trial 439 0 53585302 21.884910
-Trial 440 0 53585302 21.903989
* 441: Cost = 0_53525798, Time = 19.98 sec. 
-Trial 441 0 53525798 22.016706
-Trial 442 0 53525798 22.033596
-Trial 443 0 53525798 22.058939
-Trial 444 0 53525798 22.215625
-Trial 445 0 53525798 22.228878
-Trial 446 0 53525798 22.234863
-Trial 447 0 53525798 22.291995
-Trial 448 0 53525798 22.301550
-Trial 449 0 53525798 22.493202
-Trial 450 0 53525798 22.559566
-Trial 451 0 53525798 22.611784
-Trial 452 0 53525798 22.615873
-Trial 453 0 53525798 22.625770
-Trial 454 0 53525798 22.658973
-Trial 455 0 53525798 22.678010
-Trial 456 0 53525798 22.914192
-Trial 457 0 53525798 22.931972
-Trial 458 0 53525798 22.984196
-Trial 459 0 53525798 23.010341
-Trial 460 0 53525798 23.131424
-Trial 461 0 53525798 23.138007
-Trial 462 0 53525798 23.172773
-Trial 463 0 53525798 23.219237
-Trial 464 0 53525798 23.246504
-Trial 465 0 53525798 23.251001
-Trial 466 0 53525798 23.272483
-Trial 467 0 53525798 23.290335
* 468: Cost = 0_53479027, Time = 21.28 sec. 
-Trial 468 0 53479027 23.317517
-Trial 469 0 53479027 23.380486
-Trial 470 0 53479027 23.446388
-Trial 471 0 53479027 23.467326
-Trial 472 0 53479027 23.491538
-Trial 473 0 53479027 23.509123
* 474: Cost = 0_53447660, Time = 21.49 sec. 
-Trial 474 0 53447660 23.525233
-Trial 475 0 53447660 23.538747
-Trial 476 0 53447660 23.556507
* 477: Cost = 0_53440381, Time = 21.53 sec. 
-Trial 477 0 53440381 23.566116
-Trial 478 0 53440381 23.570662
-Trial 479 0 53440381 23.586586
-Trial 480 0 53440381 23.599575
-Trial 481 0 53440381 23.622240
-Trial 482 0 53440381 23.706280
-Trial 483 0 53440381 23.815559
-Trial 484 0 53440381 23.829030
-Trial 485 0 53440381 23.835545
-Trial 486 0 53440381 23.858607
-Trial 487 0 53440381 23.872551
-Trial 488 0 53440381 23.912399
-Trial 489 0 53440381 23.920715
-Trial 490 0 53440381 23.949438
-Trial 491 0 53440381 23.970976
-Trial 492 0 53440381 24.014725
-Trial 493 0 53440381 24.026936
-Trial 494 0 53440381 24.350167
-Trial 495 0 53440381 24.352645
-Trial 496 0 53440381 24.363238
-Trial 497 0 53440381 24.375033
-Trial 498 0 53440381 24.390895
-Trial 499 0 53440381 24.412842
-Trial 500 0 53440381 24.448139
-Trial 501 0 53440381 24.528279
-Trial 502 0 53440381 24.547606
-Trial 503 0 53440381 24.562535
-Trial 504 0 53440381 24.572832
-Trial 505 0 53440381 24.612496
-Trial 506 0 53440381 24.618570
-Trial 507 0 53440381 24.620794
-Trial 508 0 53440381 24.624254
-Trial 509 0 53440381 24.684855
-Trial 510 0 53440381 24.728246
-Trial 511 0 53440381 24.799082
* 512: Cost = 0_53167366, Time = 22.78 sec. 
-Trial 512 0 53167366 24.812776
-Trial 513 0 53167366 24.824501
* 514: Cost = 0_53167021, Time = 22.82 sec. 
-Trial 514 0 53167021 24.856650
-Trial 515 0 53167021 24.898759
-Trial 516 0 53167021 24.952155
-Trial 517 0 53167021 24.961935
-Trial 518 0 53167021 25.004785
-Trial 519 0 53167021 25.271929
-Trial 520 0 53167021 25.453604
-Trial 521 0 53167021 25.461302
-Trial 522 0 53167021 25.464768
-Trial 523 0 53167021 25.496285
-Trial 524 0 53167021 25.518760
-Trial 525 0 53167021 25.662695
-Trial 526 0 53167021 25.666357
-Trial 527 0 53167021 25.689870
-Trial 528 0 53167021 25.699201
* 529: Cost = 0_53148490, Time = 23.67 sec. 
-Trial 529 0 53148490 25.706917
-Trial 530 0 53148490 25.747437
-Trial 531 0 53148490 25.766342
-Trial 532 0 53148490 25.778240
-Trial 533 0 53148490 25.782944
-Trial 534 0 53148490 25.800053
-Trial 535 0 53148490 25.839364
-Trial 536 0 53148490 25.848611
-Trial 537 0 53148490 25.856928
-Trial 538 0 53148490 25.887123
-Trial 539 0 53148490 25.910525
-Trial 540 0 53148490 25.919472
-Trial 541 0 53148490 25.927212
-Trial 542 0 53148490 25.947306
-Trial 543 0 53148490 26.003066
* 544: Cost = 0_53146908, Time = 23.97 sec. 
-Trial 544 0 53146908 26.008038
-Trial 545 0 53146908 26.046865
-Trial 546 0 53146908 26.065450
-Trial 547 0 53146908 26.082308
-Trial 548 0 53146908 26.097424
-Trial 549 0 53146908 26.146581
-Trial 550 0 53146908 26.155615
-Trial 551 0 53146908 26.180611
-Trial 552 0 53146908 26.223125
-Trial 553 0 53146908 26.234523
-Trial 554 0 53146908 26.258078
-Trial 555 0 53146908 26.282570
-Trial 556 0 53146908 26.311636
-Trial 557 0 53146908 26.328389
-Trial 558 0 53146908 26.386133
-Trial 559 0 53146908 26.394814
-Trial 560 0 53146908 26.412090
* 561: Cost = 0_53144264, Time = 24.40 sec. 
-Trial 561 0 53144264 26.436758
-Trial 562 0 53144264 26.457893
* 563: Cost = 0_53070996, Time = 24.47 sec. 
-Trial 563 0 53070996 26.509054
-Trial 564 0 53070996 26.528469
-Trial 565 0 53070996 26.529859
-Trial 566 0 53070996 26.600968
-Trial 567 0 53070996 26.612958
-Trial 568 0 53070996 26.650078
-Trial 569 0 53070996 26.822563
-Trial 570 0 53070996 26.875149
-Trial 571 0 53070996 26.898668
-Trial 572 0 53070996 26.911724
-Trial 573 0 53070996 26.937913
-Trial 574 0 53070996 26.948812
-Trial 575 0 53070996 26.997347
-Trial 576 0 53070996 27.001688
-Trial 577 0 53070996 27.025214
-Trial 578 0 53070996 27.027772
-Trial 579 0 53070996 27.078697
-Trial 580 0 53070996 27.091799
-Trial 581 0 53070996 27.103962
-Trial 582 0 53070996 27.117579
-Trial 583 0 53070996 27.123218
-Trial 584 0 53070996 27.146599
-Trial 585 0 53070996 27.204795
-Trial 586 0 53070996 27.237036
-Trial 587 0 53070996 27.258007
-Trial 588 0 53070996 27.376448
-Trial 589 0 53070996 27.387478
-Trial 590 0 53070996 27.422067
-Trial 591 0 53070996 27.457880
-Trial 592 0 53070996 27.470440
-Trial 593 0 53070996 27.477257
-Trial 594 0 53070996 27.485193
* 595: Cost = 0_53043864, Time = 25.45 sec. 
-Trial 595 0 53043864 27.488083
-Trial 596 0 53043864 27.491100
-Trial 597 0 53043864 27.668543
-Trial 598 0 53043864 27.693333
-Trial 599 0 53043864 27.700367
-Trial 600 0 53043864 27.710592
-Trial 601 0 53043864 27.735897
-Trial 602 0 53043864 27.817258
-Trial 603 0 53043864 27.907968
-Trial 604 0 53043864 27.920722
* 605: Cost = 0_53035741, Time = 25.91 sec. 
-Trial 605 0 53035741 27.941473
-Trial 606 0 53035741 27.980327
-Trial 607 0 53035741 27.980944
-Trial 608 0 53035741 28.012857
-Trial 609 0 53035741 28.039733
-Trial 610 0 53035741 28.062798
-Trial 611 0 53035741 28.093857
-Trial 612 0 53035741 28.096824
-Trial 613 0 53035741 28.134384
-Trial 614 0 53035741 28.240782
-Trial 615 0 53035741 28.549849
-Trial 616 0 53035741 28.600448
-Trial 617 0 53035741 28.612232
-Trial 618 0 53035741 28.645996
-Trial 619 0 53035741 28.658168
-Trial 620 0 53035741 28.660262
-Trial 621 0 53035741 28.685009
-Trial 622 0 53035741 28.726347
-Trial 623 0 53035741 28.743809
-Trial 624 0 53035741 28.850060
-Trial 625 0 53035741 28.879934
-Trial 626 0 53035741 28.884312
* 627: Cost = 0_52999960, Time = 26.89 sec. 
-Trial 627 0 52999960 28.929855
-Trial 628 0 52999960 29.003279
-Trial 629 0 52999960 29.057851
-Trial 630 0 52999960 29.070471
-Trial 631 0 52999960 29.086224
-Trial 632 0 52999960 29.121242
-Trial 633 0 52999960 29.130885
-Trial 634 0 52999960 29.386922
-Trial 635 0 52999960 29.389353
-Trial 636 0 52999960 29.433404
-Trial 637 0 52999960 29.506090
-Trial 638 0 52999960 29.551471
-Trial 639 0 52999960 29.588098
-Trial 640 0 52999960 29.633430
-Trial 641 0 52999960 29.642181
-Trial 642 0 52999960 29.710284
-Trial 643 0 52999960 29.727897
-Trial 644 0 52999960 29.802094
-Trial 645 0 52999960 29.842340
-Trial 646 0 52999960 29.911448
-Trial 647 0 52999960 29.938076
-Trial 648 0 52999960 29.964287
-Trial 649 0 52999960 29.968836
-Trial 650 0 52999960 29.987818
-Trial 651 0 52999960 30.051872
-Trial 652 0 52999960 30.077578
-Trial 653 0 52999960 30.102674
-Trial 654 0 52999960 30.122403
-Trial 655 0 52999960 30.185684
-Trial 656 0 52999960 30.189708
-Trial 657 0 52999960 30.213500
-Trial 658 0 52999960 30.245073
-Trial 659 0 52999960 30.273520
-Trial 660 0 52999960 30.281327
-Trial 661 0 52999960 30.288197
-Trial 662 0 52999960 30.314391
-Trial 663 0 52999960 30.345010
-Trial 664 0 52999960 30.359844
-Trial 665 0 52999960 30.370618
-Trial 666 0 52999960 30.389506
-Trial 667 0 52999960 30.392807
-Trial 668 0 52999960 30.401872
-Trial 669 0 52999960 30.411752
-Trial 670 0 52999960 30.429121
-Trial 671 0 52999960 30.437087
-Trial 672 0 52999960 30.675102
-Trial 673 0 52999960 30.704716
-Trial 674 0 52999960 30.779458
-Trial 675 0 52999960 30.866842
-Trial 676 0 52999960 30.916630
-Trial 677 0 52999960 31.011024
-Trial 678 0 52999960 31.038410
-Trial 679 0 52999960 31.042123
-Trial 680 0 52999960 31.153084
-Trial 681 0 52999960 31.175280
-Trial 682 0 52999960 31.178500
-Trial 683 0 52999960 31.183042
-Trial 684 0 52999960 31.228326
-Trial 685 0 52999960 31.242153
-Trial 686 0 52999960 31.259904
-Trial 687 0 52999960 31.276113
-Trial 688 0 52999960 31.293128
-Trial 689 0 52999960 31.316141
-Trial 690 0 52999960 31.348740
-Trial 691 0 52999960 31.366127
-Trial 692 0 52999960 31.591939
-Trial 693 0 52999960 31.608453
* 694: Cost = 0_52972496, Time = 29.63 sec. 
-Trial 694 0 52972496 31.663430
-Trial 695 0 52972496 31.669078
-Trial 696 0 52972496 31.674043
-Trial 697 0 52972496 31.684647
-Trial 698 0 52972496 31.699813
-Trial 699 0 52972496 31.740323
-Trial 700 0 52972496 31.766985
-Trial 701 0 52972496 31.777111
-Trial 702 0 52972496 31.788569
-Trial 703 0 52972496 31.859964
* 704: Cost = 0_52965065, Time = 29.84 sec. 
-Trial 704 0 52965065 31.879261
-Trial 705 0 52965065 31.887776
-Trial 706 0 52965065 31.903955
-Trial 707 0 52965065 31.920297
-Trial 708 0 52965065 31.959272
-Trial 709 0 52965065 31.963142
-Trial 710 0 52965065 31.971355
-Trial 711 0 52965065 31.981913
-Trial 712 0 52965065 31.993607
-Trial 713 0 52965065 31.999800
-Trial 714 0 52965065 32.017789
-Trial 715 0 52965065 32.021475
-Trial 716 0 52965065 32.026649
-Trial 717 0 52965065 32.027168
-Trial 718 0 52965065 32.160492
-Trial 719 0 52965065 32.254846
-Trial 720 0 52965065 32.257692
-Trial 721 0 52965065 32.274160
-Trial 722 0 52965065 32.296053
-Trial 723 0 52965065 32.319336
-Trial 724 0 52965065 32.323112
-Trial 725 0 52965065 32.335515
-Trial 726 0 52965065 32.376398
* 727: Cost = 0_52940023, Time = 30.36 sec. 
-Trial 727 0 52940023 32.395806
-Trial 728 0 52940023 32.402114
* 729: Cost = 0_52916149, Time = 30.40 sec. 
-Trial 729 0 52916149 32.431654
-Trial 730 0 52916149 32.471364
-Trial 731 0 52916149 32.510598
-Trial 732 0 52916149 32.525260
-Trial 733 0 52916149 32.529913
-Trial 734 0 52916149 32.558015
-Trial 735 0 52916149 32.610309
-Trial 736 0 52916149 32.681737
-Trial 737 0 52916149 32.725756
-Trial 738 0 52916149 33.098064
-Trial 739 0 52916149 33.144563
-Trial 740 0 52916149 33.164399
-Trial 741 0 52916149 33.222274
-Trial 742 0 52916149 33.239423
-Trial 743 0 52916149 33.272228
* 744: Cost = 0_52894710, Time = 31.24 sec. 
-Trial 744 0 52894710 33.278843
-Trial 745 0 52894710 33.288506
-Trial 746 0 52894710 33.425592
-Trial 747 0 52894710 33.427321
-Trial 748 0 52894710 33.464530
-Trial 749 0 52894710 33.482162
-Trial 750 0 52894710 33.507918
-Trial 751 0 52894710 33.545627
-Trial 752 0 52894710 33.596708
-Trial 753 0 52894710 33.600497
-Trial 754 0 52894710 33.604858
-Trial 755 0 52894710 33.614232
-Trial 756 0 52894710 33.615171
-Trial 757 0 52894710 33.633973
-Trial 758 0 52894710 33.658759
-Trial 759 0 52894710 33.676157
-Trial 760 0 52894710 33.691514
-Trial 761 0 52894710 33.700727
-Trial 762 0 52894710 33.733950
-Trial 763 0 52894710 33.736078
-Trial 764 0 52894710 33.740523
-Trial 765 0 52894710 33.780587
-Trial 766 0 52894710 33.830091
-Trial 767 0 52894710 33.839557
-Trial 768 0 52894710 33.848483
-Trial 769 0 52894710 33.858271
-Trial 770 0 52894710 33.863159
-Trial 771 0 52894710 33.868163
-Trial 772 0 52894710 33.875019
-Trial 773 0 52894710 34.075444
* 774: Cost = 0_52855442, Time = 32.05 sec. 
-Trial 774 0 52855442 34.084760
-Trial 775 0 52855442 34.120528
-Trial 776 0 52855442 34.382337
-Trial 777 0 52855442 34.396834
-Trial 778 0 52855442 34.421044
-Trial 779 0 52855442 34.432981
-Trial 780 0 52855442 34.489368
-Trial 781 0 52855442 34.504646
-Trial 782 0 52855442 34.520989
-Trial 783 0 52855442 34.529944
-Trial 784 0 52855442 34.533584
-Trial 785 0 52855442 34.547480
-Trial 786 0 52855442 34.562891
-Trial 787 0 52855442 34.580589
-Trial 788 0 52855442 34.584343
-Trial 789 0 52855442 34.594855
-Trial 790 0 52855442 34.625627
-Trial 791 0 52855442 34.671307
-Trial 792 0 52855442 34.693051
-Trial 793 0 52855442 34.772151
-Trial 794 0 52855442 34.812776
-Trial 795 0 52855442 34.866882
-Trial 796 0 52855442 34.956860
-Trial 797 0 52855442 35.068122
-Trial 798 0 52855442 35.096191
* 799: Cost = 0_52803089, Time = 33.08 sec. 
-Trial 799 0 52803089 35.119523
-Trial 800 0 52803089 35.124122
-Trial 801 0 52803089 35.131362
-Trial 802 0 52803089 35.155670
-Trial 803 0 52803089 35.183592
-Trial 804 0 52803089 35.184720
-Trial 805 0 52803089 35.337807
-Trial 806 0 52803089 35.377664
-Trial 807 0 52803089 35.380789
-Trial 808 0 52803089 35.380827
-Trial 809 0 52803089 35.385842
-Trial 810 0 52803089 35.403415
-Trial 811 0 52803089 35.414079
-Trial 812 0 52803089 35.426156
-Trial 813 0 52803089 35.436953
-Trial 814 0 52803089 35.497825
-Trial 815 0 52803089 35.519509
-Trial 816 0 52803089 35.549494
-Trial 817 0 52803089 35.577877
-Trial 818 0 52803089 35.578821
-Trial 819 0 52803089 35.603236
-Trial 820 0 52803089 35.609843
-Trial 821 0 52803089 35.660117
-Trial 822 0 52803089 35.675590
-Trial 823 0 52803089 35.769273
-Trial 824 0 52803089 35.798621
* 825: Cost = 0_52791299, Time = 33.79 sec. 
-Trial 825 0 52791299 35.828342
-Trial 826 0 52791299 35.971283
-Trial 827 0 52791299 35.983621
-Trial 828 0 52791299 36.031317
-Trial 829 0 52791299 36.037585
-Trial 830 0 52791299 36.082832
-Trial 831 0 52791299 36.111993
-Trial 832 0 52791299 36.142082
-Trial 833 0 52791299 36.153466
-Trial 834 0 52791299 36.225946
-Trial 835 0 52791299 36.229515
-Trial 836 0 52791299 36.241665
-Trial 837 0 52791299 36.256200
-Trial 838 0 52791299 36.338144
* 839: Cost = 0_52774479, Time = 34.31 sec. 
-Trial 839 0 52774479 36.349328
-Trial 840 0 52774479 36.363093
-Trial 841 0 52774479 36.385775
-Trial 842 0 52774479 36.493412
-Trial 843 0 52774479 36.541717
-Trial 844 0 52774479 36.570247
-Trial 845 0 52774479 36.632099
-Trial 846 0 52774479 36.643372
-Trial 847 0 52774479 36.646940
-Trial 848 0 52774479 36.650520
* 849: Cost = 0_52707104, Time = 34.66 sec. 
-Trial 849 0 52707104 36.691788
-Trial 850 0 52707104 36.698209
-Trial 851 0 52707104 36.721855
-Trial 852 0 52707104 36.784052
-Trial 853 0 52707104 36.817197
-Trial 854 0 52707104 36.827739
-Trial 855 0 52707104 36.835282
-Trial 856 0 52707104 36.870609
-Trial 857 0 52707104 36.896338
-Trial 858 0 52707104 36.940729
-Trial 859 0 52707104 36.952353
-Trial 860 0 52707104 36.971592
-Trial 861 0 52707104 36.977038
* 862: Cost = 0_52646979, Time = 35.01 sec. 
-Trial 862 0 52646979 37.046136
-Trial 863 0 52646979 37.053832
-Trial 864 0 52646979 37.136190
-Trial 865 0 52646979 37.143656
-Trial 866 0 52646979 37.192352
-Trial 867 0 52646979 37.231741
-Trial 868 0 52646979 37.246533
-Trial 869 0 52646979 37.253354
-Trial 870 0 52646979 37.272292
-Trial 871 0 52646979 37.285059
-Trial 872 0 52646979 37.299896
-Trial 873 0 52646979 37.339356
-Trial 874 0 52646979 37.369364
-Trial 875 0 52646979 37.380764
-Trial 876 0 52646979 37.401018
-Trial 877 0 52646979 37.420490
-Trial 878 0 52646979 37.459534
* 879: Cost = 0_52641613, Time = 35.46 sec. 
-Trial 879 0 52641613 37.497301
-Trial 880 0 52641613 37.538838
-Trial 881 0 52641613 37.576104
-Trial 882 0 52641613 37.576862
-Trial 883 0 52641613 37.624101
-Trial 884 0 52641613 37.651961
-Trial 885 0 52641613 37.667236
-Trial 886 0 52641613 37.673230
-Trial 887 0 52641613 37.680048
-Trial 888 0 52641613 37.768889
-Trial 889 0 52641613 37.803616
* 890: Cost = 0_52616571, Time = 35.77 sec. 
-Trial 890 0 52616571 37.808984
-Trial 891 0 52616571 37.814283
-Trial 892 0 52616571 37.825626
-Trial 893 0 52616571 37.859937
-Trial 894 0 52616571 37.870267
-Trial 895 0 52616571 37.880213
* 896: Cost = 0_52597418, Time = 35.87 sec. 
-Trial 896 0 52597418 37.908155
-Trial 897 0 52597418 38.056104
-Trial 898 0 52597418 38.113788
-Trial 899 0 52597418 38.163375
-Trial 900 0 52597418 38.173764
-Trial 901 0 52597418 38.184608
-Trial 902 0 52597418 38.225111
-Trial 903 0 52597418 38.232580
-Trial 904 0 52597418 38.244913
-Trial 905 0 52597418 38.251386
-Trial 906 0 52597418 38.260636
-Trial 907 0 52597418 38.265150
-Trial 908 0 52597418 38.384568
* 909: Cost = 0_52583025, Time = 36.35 sec. 
-Trial 909 0 52583025 38.387522
-Trial 910 0 52583025 38.438819
-Trial 911 0 52583025 38.473763
-Trial 912 0 52583025 38.491426
-Trial 913 0 52583025 38.497582
-Trial 914 0 52583025 38.518780
-Trial 915 0 52583025 38.519861
* 916: Cost = 0_52578003, Time = 36.52 sec. 
-Trial 916 0 52578003 38.552356
-Trial 917 0 52578003 38.576448
-Trial 918 0 52578003 38.620764
-Trial 919 0 52578003 38.634024
-Trial 920 0 52578003 38.645134
-Trial 921 0 52578003 38.646985
-Trial 922 0 52578003 38.661984
-Trial 923 0 52578003 38.826296
-Trial 924 0 52578003 38.951642
-Trial 925 0 52578003 38.955111
* 926: Cost = 0_52575218, Time = 36.92 sec. 
-Trial 926 0 52575218 38.956542
-Trial 927 0 52575218 38.988501
-Trial 928 0 52575218 39.005675
-Trial 929 0 52575218 39.057949
-Trial 930 0 52575218 39.099463
-Trial 931 0 52575218 39.171783
-Trial 932 0 52575218 39.178400
-Trial 933 0 52575218 39.193733
-Trial 934 0 52575218 39.231836
-Trial 935 0 52575218 39.342321
-Trial 936 0 52575218 39.348472
-Trial 937 0 52575218 39.411039
-Trial 938 0 52575218 39.437602
-Trial 939 0 52575218 39.485399
-Trial 940 0 52575218 39.508258
-Trial 941 0 52575218 39.613350
-Trial 942 0 52575218 39.617321
* 943: Cost = 0_52572026, Time = 37.61 sec. 
-Trial 943 0 52572026 39.642951
-Trial 944 0 52572026 39.744759
-Trial 945 0 52572026 39.767139
-Trial 946 0 52572026 39.781979
* 947: Cost = 0_52569241, Time = 37.78 sec. 
-Trial 947 0 52569241 39.812004
-Trial 948 0 52569241 39.816082
-Trial 949 0 52569241 39.827207
-Trial 950 0 52569241 39.845561
-Trial 951 0 52569241 39.857456
-Trial 952 0 52569241 39.864411
-Trial 953 0 52569241 40.013549
-Trial 954 0 52569241 40.050238
-Trial 955 0 52569241 40.073694
-Trial 956 0 52569241 40.102913
-Trial 957 0 52569241 40.114513
-Trial 958 0 52569241 40.127649
-Trial 959 0 52569241 40.175103
-Trial 960 0 52569241 40.186241
-Trial 961 0 52569241 40.226489
-Trial 962 0 52569241 40.427030
-Trial 963 0 52569241 40.428001
-Trial 964 0 52569241 40.431594
-Trial 965 0 52569241 40.447072
* 966: Cost = 0_52562416, Time = 38.43 sec. 
-Trial 966 0 52562416 40.464924
* 967: Cost = 0_52555484, Time = 38.44 sec. 
-Trial 967 0 52555484 40.474299
-Trial 968 0 52555484 40.492711
-Trial 969 0 52555484 40.503151
-Trial 970 0 52555484 40.538596
-Trial 971 0 52555484 40.561178
-Trial 972 0 52555484 40.565583
-Trial 973 0 52555484 40.587155
-Trial 974 0 52555484 40.604375
-Trial 975 0 52555484 40.607546
-Trial 976 0 52555484 40.633190
-Trial 977 0 52555484 40.640966
* 978: Cost = 0_52532096, Time = 38.61 sec. 
-Trial 978 0 52532096 40.648465
-Trial 979 0 52532096 40.654534
-Trial 980 0 52532096 40.671105
-Trial 981 0 52532096 40.685317
-Trial 982 0 52532096 40.726067
-Trial 983 0 52532096 41.037721
-Trial 984 0 52532096 41.133728
-Trial 985 0 52532096 41.137783
-Trial 986 0 52532096 41.162702
-Trial 987 0 52532096 41.169042
-Trial 988 0 52532096 41.240216
-Trial 989 0 52532096 41.262085
-Trial 990 0 52532096 41.264058
-Trial 991 0 52532096 41.274739
-Trial 992 0 52532096 41.277753
-Trial 993 0 52532096 41.295056
-Trial 994 0 52532096 41.304583
-Trial 995 0 52532096 41.330754
-Trial 996 0 52532096 41.343911
* 997: Cost = 0_52528772, Time = 39.34 sec. 
-Trial 997 0 52528772 41.378541
-Trial 998 0 52528772 41.400600
-Trial 999 0 52528772 41.646374
-Trial 1000 0 52528772 41.676715
Population:
  1: 0_52528772
Run 1: Cost = 0_52528772, Time = 39.64 sec. 

Successes/Runs = 0/1 
Cost.min = 52528772, Cost.avg = 52528772.00, Cost.max = 52528772
Gap.min = 0.0000%, Gap.avg = 0.0000%, Gap.max = 0.0000%
Penalty.min = 0, Penalty.avg = 0.00, Penalty.max = 0
Trials.min = 1000, Trials.avg = 1000.0, Trials.max = 1000
Time.min = 39.64 sec., Time.avg = 39.64 sec., Time.max = 39.64 sec.
Time.total = 41.68 sec.
  Size.min = 12, Size.max = 34, Penalty = 0
  Cost.min = 1216629, Cost.max = 3534208, Cost.sum = 52528772
Best CVRPTW solution:
  Cost = 0_52528772
124 1 111 424 367 408 254 400 255 404 89 501 441 257 237 499 228 136 176 15 100 208 43 263 256 211 48 67 331 378 165 406 70 183 382 489 504 156 16 69 215 380 270 470 291 2 175 46 349 150 292 466 5 497 459 65 6 126 446 171 154 503 137 73 98 49 115 464 379 170 278 395 106 47 483 325 178 312 118 116 250 517 32 239 269 482 166 148 214 246 345 287 488 492 417 391 361 226 370 411 375 174 307 495 472 423 342 429 519 191 31 190 412 421 315 61 281 267 457 158 244 160 151 365 275 88 223 57 268 500 125 390 241 346 508 123 360 317 416 471 3 389 155 99 132 474 10 64 491 435 357 27 358 434 451 332 66 205 289 355 314 224 162 511 348 318 426 343 344 14 372 373 102 253 220 328 403 290 152 460 439 97 333 77 506 119 356 18 91 218 198 202 437 283 231 276 210 398 110 354 139 173 168 284 145 405 340 374 313 213 449 68 200 513 117 484 42 161 300 368 92 83 146 75 298 71 338 243 296 4 399 217 172 502 310 103 393 30 163 350 63 138 196 107 164 274 140 33 84 133 9 430 277 201 299 266 520 52 50 293 396 232 81 444 428 323 381 259 304 494 209 302 197 407 282 19 189 72 475 195 40 316 326 507 53 334 387 479 55 80 45 294 242 113 35 336 473 24 414 352 85 308 478 295 335 402 101 518 112 347 159 238 94 329 62 37 324 487 448 364 341 87 120 453 79 377 454 433 11 303 371 248 469 130 235 362 415 206 515 477 179 212 12 8 20 41 438 144 169 455 185 199 230 187 216 114 262 13 240 516 498 427 301 180 153 74 264 203 450 384 443 319 440 418 260 447 22 394 445 297 251 51 305 167 76 261 249 339 510 280 181 229 34 86 363 258 481 182 93 142 327 227 184 252 225 29 401 128 233 462 366 425 236 359 127 219 321 121 265 59 353 490 514 442 369 420 221 392 194 245 23 388 279 422 456 397 337 157 413 386 36 476 458 465 468 25 432 485 286 461 452 486 509 222 309 39 135 496 288 105 320 480 129 108 7 96 419 54 17 149 193 409 272 44 109 204 512 38 60 192 21 78 234 322 26 493 436 147 95 247 385 58 376 28 207 431 143 90 351 186 273 383 463 285 177 330 306 134 505 56 141 131 271 188 82 122 467 410 104 311 124 
