PARAMETER_FILE = result/cvrptw_500/LKH_para/263.para
Reading PROBLEM_FILE: "result/cvrptw_500/cvrptw/263.cvrptw" ... done
ASCENT_CANDIDATES = 50
BACKBONE_TRIALS = 0
BACKTRACKING = NO
# BWTSP =
# CANDIDATE_FILE =
CANDIDATE_SET_TYPE = ALPHA
DEPOT = 1
# EDGE_FILE =
EXCESS = 0.0384615
EXTERNAL_SALESMEN = 0
EXTRA_CANDIDATES = 0 
EXTRA_CANDIDATE_SET_TYPE = QUADRANT
GAIN23 = NO
GAIN_CRITERION = YES
INITIAL_PERIOD = 520
INITIAL_STEP_SIZE = 1
INITIAL_TOUR_ALGORITHM = WALK
# INITIAL_TOUR_FILE = 
INITIAL_TOUR_FRACTION = 1.000
# INPUT_TOUR_FILE = 
KICK_TYPE = 4
KICKS = 1
# MAX_BREADTH =
MAKESPAN = NO
MAX_CANDIDATES = 5 
MAX_SWAPS = 0
MAX_TRIALS = 1000
# MERGE_TOUR_FILE =
MOVE_TYPE = 5 SPECIAL
MTSP_MIN_SIZE = 1
MTSP_MAX_SIZE = 1039
# MTSP_SOLUTION_FILE = 
# NONSEQUENTIAL_MOVE_TYPE = 5
# OPTIMUM =
# OUTPUT_TOUR_FILE = 
PATCHING_A = 1 
PATCHING_C = 0 
# PI_FILE = 
POPMUSIC_INITIAL_TOUR = NO
POPMUSIC_MAX_NEIGHBORS = 5
POPMUSIC_SAMPLE_SIZE = 10
POPMUSIC_SOLUTIONS = 50
POPMUSIC_TRIALS = 1
POPULATION_SIZE = 10
PRECISION = 100
PROBLEM_FILE = result/cvrptw_500/cvrptw/263.cvrptw
RECOMBINATION = IPT
RESTRICTED_SEARCH = YES
RUNS = 1
SALESMEN = 20
SCALE = 1
SEED = 1234
# SINTEF_SOLUTION_FILE = 
STOP_AT_OPTIMUM = YES
SUBGRADIENT = YES
# SUBPROBLEM_SIZE =
# SUBPROBLEM_TOUR_FILE = 
SUBSEQUENT_MOVE_TYPE = 5 SPECIAL
SUBSEQUENT_PATCHING = YES
# TIME_LIMIT =
# TOUR_FILE = 
TRACE_LEVEL = 1
VEHICLES = 20

Lower bound = 25455276.6, Ascent time = 2.13 sec.
Cand.min = 5, Cand.avg = 5.0, Cand.max = 5
Edges.fixed = 520 [Cost = 0]
Preprocessing time = 2.22 sec.
* 1: Cost = 0_51036978, Time = 3.10 sec. 
-Trial 1 0 51036978 5.327601
-Trial 2 0 51036978 5.646494
-Trial 3 0 51036978 5.741890
-Trial 4 0 51036978 5.783416
* 5: Cost = 0_51036296, Time = 3.84 sec. 
-Trial 5 0 51036296 6.062641
* 6: Cost = 0_50724836, Time = 3.86 sec. 
-Trial 6 0 50724836 6.088084
-Trial 7 0 50724836 6.095891
-Trial 8 0 50724836 6.109623
* 9: Cost = 0_50656863, Time = 3.90 sec. 
-Trial 9 0 50656863 6.121066
-Trial 10 0 50656863 6.251946
-Trial 11 0 50656863 6.342165
-Trial 12 0 50656863 6.355463
-Trial 13 0 50656863 6.402226
* 14: Cost = 0_50640935, Time = 4.23 sec. 
-Trial 14 0 50640935 6.458027
* 15: Cost = 0_50271217, Time = 4.26 sec. 
-Trial 15 0 50271217 6.487329
* 16: Cost = 0_50019887, Time = 4.31 sec. 
-Trial 16 0 50019887 6.538379
-Trial 17 0 50019887 6.540830
* 18: Cost = 0_49853493, Time = 4.35 sec. 
-Trial 18 0 49853493 6.578614
-Trial 19 0 49853493 6.653602
* 20: Cost = 0_49641542, Time = 4.44 sec. 
-Trial 20 0 49641542 6.665296
-Trial 21 0 49641542 6.668152
* 22: Cost = 0_49517821, Time = 4.52 sec. 
-Trial 22 0 49517821 6.744073
-Trial 23 0 49517821 6.815583
-Trial 24 0 49517821 6.865977
-Trial 25 0 49517821 6.881343
-Trial 26 0 49517821 6.914885
* 27: Cost = 0_49197946, Time = 4.73 sec. 
-Trial 27 0 49197946 6.956398
-Trial 28 0 49197946 6.976570
* 29: Cost = 0_48912591, Time = 4.82 sec. 
-Trial 29 0 48912591 7.044905
-Trial 30 0 48912591 7.052777
* 31: Cost = 0_48880954, Time = 4.85 sec. 
-Trial 31 0 48880954 7.075679
* 32: Cost = 0_48794313, Time = 4.88 sec. 
-Trial 32 0 48794313 7.099628
-Trial 33 0 48794313 7.112921
* 34: Cost = 0_48289154, Time = 4.90 sec. 
-Trial 34 0 48289154 7.123945
-Trial 35 0 48289154 7.126501
-Trial 36 0 48289154 7.152527
* 37: Cost = 0_48137037, Time = 4.97 sec. 
-Trial 37 0 48137037 7.190959
-Trial 38 0 48137037 7.205172
* 39: Cost = 0_47778811, Time = 4.99 sec. 
-Trial 39 0 47778811 7.215086
* 40: Cost = 0_47548696, Time = 5.03 sec. 
-Trial 40 0 47548696 7.249228
-Trial 41 0 47548696 7.253835
* 42: Cost = 0_47451989, Time = 5.05 sec. 
-Trial 42 0 47451989 7.277396
-Trial 43 0 47451989 7.345483
-Trial 44 0 47451989 7.363812
* 45: Cost = 0_47044482, Time = 5.21 sec. 
-Trial 45 0 47044482 7.438865
-Trial 46 0 47044482 7.482827
* 47: Cost = 0_47010707, Time = 5.27 sec. 
-Trial 47 0 47010707 7.490063
-Trial 48 0 47010707 7.497254
-Trial 49 0 47010707 7.505170
-Trial 50 0 47010707 7.518316
-Trial 51 0 47010707 7.529034
* 52: Cost = 0_46701294, Time = 5.31 sec. 
-Trial 52 0 46701294 7.533760
-Trial 53 0 46701294 7.541269
-Trial 54 0 46701294 7.545747
-Trial 55 0 46701294 7.582971
-Trial 56 0 46701294 7.589511
* 57: Cost = 0_46568181, Time = 5.38 sec. 
-Trial 57 0 46568181 7.606668
* 58: Cost = 0_46470561, Time = 5.42 sec. 
-Trial 58 0 46470561 7.645359
-Trial 59 0 46470561 7.672185
-Trial 60 0 46470561 7.703331
-Trial 61 0 46470561 7.705314
* 62: Cost = 0_46277570, Time = 5.49 sec. 
-Trial 62 0 46277570 7.715869
-Trial 63 0 46277570 7.822912
-Trial 64 0 46277570 7.836299
-Trial 65 0 46277570 7.858250
-Trial 66 0 46277570 7.861151
-Trial 67 0 46277570 7.864044
-Trial 68 0 46277570 7.879058
* 69: Cost = 0_46195976, Time = 5.66 sec. 
-Trial 69 0 46195976 7.887645
-Trial 70 0 46195976 8.030559
-Trial 71 0 46195976 8.107047
-Trial 72 0 46195976 8.159182
* 73: Cost = 0_46068694, Time = 5.95 sec. 
-Trial 73 0 46068694 8.175845
-Trial 74 0 46068694 8.184684
-Trial 75 0 46068694 8.217936
-Trial 76 0 46068694 8.244943
-Trial 77 0 46068694 8.491187
* 78: Cost = 0_45989861, Time = 6.32 sec. 
-Trial 78 0 45989861 8.542254
* 79: Cost = 0_45908797, Time = 6.38 sec. 
-Trial 79 0 45908797 8.608578
-Trial 80 0 45908797 8.631504
-Trial 81 0 45908797 8.658513
-Trial 82 0 45908797 8.677422
-Trial 83 0 45908797 8.794277
* 84: Cost = 0_45829586, Time = 6.65 sec. 
-Trial 84 0 45829586 8.871153
-Trial 85 0 45829586 8.875529
-Trial 86 0 45829586 8.880730
-Trial 87 0 45829586 8.888746
-Trial 88 0 45829586 8.949515
-Trial 89 0 45829586 8.954903
-Trial 90 0 45829586 8.971442
-Trial 91 0 45829586 8.990950
* 92: Cost = 0_45774471, Time = 6.79 sec. 
-Trial 92 0 45774471 9.018571
-Trial 93 0 45774471 9.192123
* 94: Cost = 0_45714893, Time = 7.00 sec. 
-Trial 94 0 45714893 9.221123
* 95: Cost = 0_45595805, Time = 7.00 sec. 
-Trial 95 0 45595805 9.229050
-Trial 96 0 45595805 9.261098
-Trial 97 0 45595805 9.287222
-Trial 98 0 45595805 9.297462
-Trial 99 0 45595805 9.410263
-Trial 100 0 45595805 9.422369
-Trial 101 0 45595805 9.448607
-Trial 102 0 45595805 9.456598
-Trial 103 0 45595805 9.497624
-Trial 104 0 45595805 9.507657
* 105: Cost = 0_45591905, Time = 7.31 sec. 
-Trial 105 0 45591905 9.537900
-Trial 106 0 45591905 9.544730
* 107: Cost = 0_45523955, Time = 7.34 sec. 
-Trial 107 0 45523955 9.565871
-Trial 108 0 45523955 9.593199
* 109: Cost = 0_45522528, Time = 7.39 sec. 
-Trial 109 0 45522528 9.610599
-Trial 110 0 45522528 9.611113
-Trial 111 0 45522528 9.645343
-Trial 112 0 45522528 9.695956
-Trial 113 0 45522528 9.742996
-Trial 114 0 45522528 9.744234
* 115: Cost = 0_45386017, Time = 7.52 sec. 
-Trial 115 0 45386017 9.747229
* 116: Cost = 0_45229943, Time = 7.54 sec. 
-Trial 116 0 45229943 9.763459
* 117: Cost = 0_45211074, Time = 7.54 sec. 
-Trial 117 0 45211074 9.768679
-Trial 118 0 45211074 9.799973
* 119: Cost = 0_45021537, Time = 7.62 sec. 
-Trial 119 0 45021537 9.839296
-Trial 120 0 45021537 9.842791
-Trial 121 0 45021537 9.897924
-Trial 122 0 45021537 9.909376
* 123: Cost = 0_44943633, Time = 7.71 sec. 
-Trial 123 0 44943633 9.931494
-Trial 124 0 44943633 9.941211
-Trial 125 0 44943633 9.965657
-Trial 126 0 44943633 9.987939
-Trial 127 0 44943633 10.011096
-Trial 128 0 44943633 10.028440
-Trial 129 0 44943633 10.048734
-Trial 130 0 44943633 10.066474
* 131: Cost = 0_44790943, Time = 7.91 sec. 
-Trial 131 0 44790943 10.131226
* 132: Cost = 0_44742480, Time = 7.93 sec. 
-Trial 132 0 44742480 10.151416
-Trial 133 0 44742480 10.159750
* 134: Cost = 0_44740125, Time = 7.94 sec. 
-Trial 134 0 44740125 10.163742
-Trial 135 0 44740125 10.190974
-Trial 136 0 44740125 10.263306
-Trial 137 0 44740125 10.304063
-Trial 138 0 44740125 10.314053
-Trial 139 0 44740125 10.348340
-Trial 140 0 44740125 10.408646
-Trial 141 0 44740125 10.488393
-Trial 142 0 44740125 10.513511
-Trial 143 0 44740125 10.515001
-Trial 144 0 44740125 10.515667
* 145: Cost = 0_44733922, Time = 8.30 sec. 
-Trial 145 0 44733922 10.527420
-Trial 146 0 44733922 10.538991
* 147: Cost = 0_44628369, Time = 8.33 sec. 
-Trial 147 0 44628369 10.557763
-Trial 148 0 44628369 10.579302
* 149: Cost = 0_43903233, Time = 8.37 sec. 
-Trial 149 0 43903233 10.597632
-Trial 150 0 43903233 10.883193
-Trial 151 0 43903233 10.909652
-Trial 152 0 43903233 10.961006
-Trial 153 0 43903233 11.097994
-Trial 154 0 43903233 11.130410
-Trial 155 0 43903233 11.142873
-Trial 156 0 43903233 11.158825
* 157: Cost = 0_43821903, Time = 8.96 sec. 
-Trial 157 0 43821903 11.187489
-Trial 158 0 43821903 11.191966
* 159: Cost = 0_43654554, Time = 9.05 sec. 
-Trial 159 0 43654554 11.273241
* 160: Cost = 0_43633917, Time = 9.06 sec. 
-Trial 160 0 43633917 11.285181
-Trial 161 0 43633917 11.294482
-Trial 162 0 43633917 11.305752
-Trial 163 0 43633917 11.320759
* 164: Cost = 0_43609641, Time = 9.11 sec. 
-Trial 164 0 43609641 11.335741
-Trial 165 0 43609641 11.339155
-Trial 166 0 43609641 11.372054
-Trial 167 0 43609641 11.380685
* 168: Cost = 0_43571492, Time = 9.16 sec. 
-Trial 168 0 43571492 11.380736
-Trial 169 0 43571492 11.382423
-Trial 170 0 43571492 11.410200
* 171: Cost = 0_43449053, Time = 9.24 sec. 
-Trial 171 0 43449053 11.462372
-Trial 172 0 43449053 11.478224
* 173: Cost = 0_43432569, Time = 9.29 sec. 
-Trial 173 0 43432569 11.510242
-Trial 174 0 43432569 11.510826
-Trial 175 0 43432569 11.556374
-Trial 176 0 43432569 11.566606
-Trial 177 0 43432569 11.611050
* 178: Cost = 0_43408180, Time = 9.40 sec. 
-Trial 178 0 43408180 11.619841
-Trial 179 0 43408180 11.627818
-Trial 180 0 43408180 11.648608
-Trial 181 0 43408180 11.729601
-Trial 182 0 43408180 11.730025
-Trial 183 0 43408180 11.898392
-Trial 184 0 43408180 11.903160
* 185: Cost = 0_43077768, Time = 9.78 sec. 
-Trial 185 0 43077768 12.004525
-Trial 186 0 43077768 12.016255
* 187: Cost = 0_42998849, Time = 9.83 sec. 
-Trial 187 0 42998849 12.052540
-Trial 188 0 42998849 12.073190
-Trial 189 0 42998849 12.097424
-Trial 190 0 42998849 12.103313
-Trial 191 0 42998849 12.115756
-Trial 192 0 42998849 12.132565
-Trial 193 0 42998849 12.155349
-Trial 194 0 42998849 12.166178
-Trial 195 0 42998849 12.171355
-Trial 196 0 42998849 12.180477
-Trial 197 0 42998849 12.187191
* 198: Cost = 0_42987349, Time = 9.98 sec. 
-Trial 198 0 42987349 12.201856
* 199: Cost = 0_42929754, Time = 9.98 sec. 
-Trial 199 0 42929754 12.204796
-Trial 200 0 42929754 12.223104
-Trial 201 0 42929754 12.263113
-Trial 202 0 42929754 12.297432
-Trial 203 0 42929754 12.338401
-Trial 204 0 42929754 12.340653
-Trial 205 0 42929754 12.355449
-Trial 206 0 42929754 12.386267
* 207: Cost = 0_42852101, Time = 10.19 sec. 
-Trial 207 0 42852101 12.409731
-Trial 208 0 42852101 12.428097
-Trial 209 0 42852101 12.440734
-Trial 210 0 42852101 12.503932
-Trial 211 0 42852101 12.570658
* 212: Cost = 0_42849787, Time = 10.38 sec. 
-Trial 212 0 42849787 12.604910
-Trial 213 0 42849787 12.640157
-Trial 214 0 42849787 12.756912
-Trial 215 0 42849787 12.769034
* 216: Cost = 0_42846105, Time = 10.56 sec. 
-Trial 216 0 42846105 12.781760
-Trial 217 0 42846105 12.790353
* 218: Cost = 0_42824372, Time = 10.67 sec. 
-Trial 218 0 42824372 12.895128
-Trial 219 0 42824372 12.899054
-Trial 220 0 42824372 12.937029
* 221: Cost = 0_42822247, Time = 10.73 sec. 
-Trial 221 0 42822247 12.950624
-Trial 222 0 42822247 12.968736
-Trial 223 0 42822247 12.977341
* 224: Cost = 0_42793423, Time = 10.77 sec. 
-Trial 224 0 42793423 12.989741
-Trial 225 0 42793423 12.997719
-Trial 226 0 42793423 13.005770
* 227: Cost = 0_42773303, Time = 10.85 sec. 
-Trial 227 0 42773303 13.075518
* 228: Cost = 0_42657334, Time = 10.92 sec. 
-Trial 228 0 42657334 13.142934
* 229: Cost = 0_42645265, Time = 10.94 sec. 
-Trial 229 0 42645265 13.167319
-Trial 230 0 42645265 13.183640
-Trial 231 0 42645265 13.202448
-Trial 232 0 42645265 13.220521
-Trial 233 0 42645265 13.284425
-Trial 234 0 42645265 13.317697
-Trial 235 0 42645265 13.323166
-Trial 236 0 42645265 13.341487
-Trial 237 0 42645265 13.364084
-Trial 238 0 42645265 13.426836
-Trial 239 0 42645265 13.469705
-Trial 240 0 42645265 13.492251
* 241: Cost = 0_42641583, Time = 11.28 sec. 
-Trial 241 0 42641583 13.502825
-Trial 242 0 42641583 13.573546
-Trial 243 0 42641583 13.610088
-Trial 244 0 42641583 13.660202
-Trial 245 0 42641583 13.671869
-Trial 246 0 42641583 13.674708
-Trial 247 0 42641583 13.688724
* 248: Cost = 0_42634657, Time = 11.47 sec. 
-Trial 248 0 42634657 13.693665
-Trial 249 0 42634657 13.697260
-Trial 250 0 42634657 13.736013
-Trial 251 0 42634657 13.748102
-Trial 252 0 42634657 13.764100
-Trial 253 0 42634657 13.777978
-Trial 254 0 42634657 13.795029
* 255: Cost = 0_42328926, Time = 11.59 sec. 
-Trial 255 0 42328926 13.813014
-Trial 256 0 42328926 13.825610
-Trial 257 0 42328926 13.846149
-Trial 258 0 42328926 13.851680
-Trial 259 0 42328926 13.887345
-Trial 260 0 42328926 13.921117
* 261: Cost = 0_42021253, Time = 11.71 sec. 
-Trial 261 0 42021253 13.935692
* 262: Cost = 0_42015701, Time = 11.73 sec. 
-Trial 262 0 42015701 13.954170
-Trial 263 0 42015701 13.954786
-Trial 264 0 42015701 13.955415
-Trial 265 0 42015701 13.981855
-Trial 266 0 42015701 13.987896
-Trial 267 0 42015701 14.011520
* 268: Cost = 0_42002302, Time = 11.86 sec. 
-Trial 268 0 42002302 14.082806
-Trial 269 0 42002302 14.086855
* 270: Cost = 0_41968869, Time = 11.90 sec. 
-Trial 270 0 41968869 14.126160
-Trial 271 0 41968869 14.139887
-Trial 272 0 41968869 14.226351
-Trial 273 0 41968869 14.234237
-Trial 274 0 41968869 14.260210
-Trial 275 0 41968869 14.279361
-Trial 276 0 41968869 14.289206
-Trial 277 0 41968869 14.289725
-Trial 278 0 41968869 14.307757
-Trial 279 0 41968869 14.330670
-Trial 280 0 41968869 14.338706
-Trial 281 0 41968869 14.343954
-Trial 282 0 41968869 14.352215
-Trial 283 0 41968869 14.370601
-Trial 284 0 41968869 14.450106
-Trial 285 0 41968869 14.518658
-Trial 286 0 41968869 14.565030
-Trial 287 0 41968869 14.586609
-Trial 288 0 41968869 14.604280
-Trial 289 0 41968869 14.625987
-Trial 290 0 41968869 14.888180
-Trial 291 0 41968869 14.890944
-Trial 292 0 41968869 14.898676
* 293: Cost = 0_41912073, Time = 12.68 sec. 
-Trial 293 0 41912073 14.901895
-Trial 294 0 41912073 14.919312
* 295: Cost = 0_41898456, Time = 12.72 sec. 
-Trial 295 0 41898456 14.942856
-Trial 296 0 41898456 14.963087
-Trial 297 0 41898456 14.966421
-Trial 298 0 41898456 14.971629
* 299: Cost = 0_41780368, Time = 12.80 sec. 
-Trial 299 0 41780368 15.024512
-Trial 300 0 41780368 15.033309
* 301: Cost = 0_41611558, Time = 12.86 sec. 
-Trial 301 0 41611558 15.080436
-Trial 302 0 41611558 15.101193
* 303: Cost = 0_41450857, Time = 12.98 sec. 
-Trial 303 0 41450857 15.208217
-Trial 304 0 41450857 15.282921
* 305: Cost = 0_41389585, Time = 13.07 sec. 
-Trial 305 0 41389585 15.289441
-Trial 306 0 41389585 15.307235
-Trial 307 0 41389585 15.345470
-Trial 308 0 41389585 15.355690
-Trial 309 0 41389585 15.359587
-Trial 310 0 41389585 15.369295
-Trial 311 0 41389585 15.388431
-Trial 312 0 41389585 15.403947
-Trial 313 0 41389585 15.408656
-Trial 314 0 41389585 15.588504
-Trial 315 0 41389585 15.597698
* 316: Cost = 0_41361209, Time = 13.38 sec. 
-Trial 316 0 41361209 15.606247
-Trial 317 0 41361209 15.633379
-Trial 318 0 41361209 15.641247
-Trial 319 0 41361209 15.664647
-Trial 320 0 41361209 15.673852
-Trial 321 0 41361209 15.722501
-Trial 322 0 41361209 15.739069
-Trial 323 0 41361209 15.780439
-Trial 324 0 41361209 16.191716
-Trial 325 0 41361209 16.221170
-Trial 326 0 41361209 16.273613
-Trial 327 0 41361209 16.297152
-Trial 328 0 41361209 16.301951
-Trial 329 0 41361209 16.319780
-Trial 330 0 41361209 16.394076
-Trial 331 0 41361209 16.450365
-Trial 332 0 41361209 16.471709
-Trial 333 0 41361209 16.481501
-Trial 334 0 41361209 16.496495
-Trial 335 0 41361209 16.575970
-Trial 336 0 41361209 16.599682
-Trial 337 0 41361209 16.600220
-Trial 338 0 41361209 16.840545
-Trial 339 0 41361209 16.851244
-Trial 340 0 41361209 16.864989
-Trial 341 0 41361209 16.870291
-Trial 342 0 41361209 16.888567
-Trial 343 0 41361209 16.907797
-Trial 344 0 41361209 16.913646
-Trial 345 0 41361209 16.923198
-Trial 346 0 41361209 16.937940
* 347: Cost = 0_41329222, Time = 14.72 sec. 
-Trial 347 0 41329222 16.942883
-Trial 348 0 41329222 16.966071
-Trial 349 0 41329222 16.996924
-Trial 350 0 41329222 16.997674
-Trial 351 0 41329222 17.022741
-Trial 352 0 41329222 17.044355
-Trial 353 0 41329222 17.072384
-Trial 354 0 41329222 17.089563
-Trial 355 0 41329222 17.107598
-Trial 356 0 41329222 17.122237
* 357: Cost = 0_41242130, Time = 14.91 sec. 
-Trial 357 0 41242130 17.138861
-Trial 358 0 41242130 17.161794
-Trial 359 0 41242130 17.340343
-Trial 360 0 41242130 17.372002
-Trial 361 0 41242130 17.380235
-Trial 362 0 41242130 17.420011
-Trial 363 0 41242130 17.445902
* 364: Cost = 0_41186016, Time = 15.25 sec. 
-Trial 364 0 41186016 17.478547
-Trial 365 0 41186016 17.513634
-Trial 366 0 41186016 17.554455
-Trial 367 0 41186016 17.569434
-Trial 368 0 41186016 17.589428
-Trial 369 0 41186016 17.595181
-Trial 370 0 41186016 17.624263
-Trial 371 0 41186016 17.673909
-Trial 372 0 41186016 17.686055
* 373: Cost = 0_41070864, Time = 15.52 sec. 
-Trial 373 0 41070864 17.739793
-Trial 374 0 41070864 17.768508
* 375: Cost = 0_41028779, Time = 15.62 sec. 
-Trial 375 0 41028779 17.841113
-Trial 376 0 41028779 17.874648
-Trial 377 0 41028779 17.888227
-Trial 378 0 41028779 17.905950
-Trial 379 0 41028779 17.911105
-Trial 380 0 41028779 17.914166
-Trial 381 0 41028779 17.949009
-Trial 382 0 41028779 17.952167
-Trial 383 0 41028779 17.985966
-Trial 384 0 41028779 18.028845
-Trial 385 0 41028779 18.030325
-Trial 386 0 41028779 18.082994
-Trial 387 0 41028779 18.121846
-Trial 388 0 41028779 18.124591
-Trial 389 0 41028779 18.135208
-Trial 390 0 41028779 18.183728
-Trial 391 0 41028779 18.191835
-Trial 392 0 41028779 18.231680
-Trial 393 0 41028779 18.235006
-Trial 394 0 41028779 18.256020
-Trial 395 0 41028779 18.257338
-Trial 396 0 41028779 18.299807
-Trial 397 0 41028779 18.344749
-Trial 398 0 41028779 18.420716
-Trial 399 0 41028779 18.489544
-Trial 400 0 41028779 18.498299
-Trial 401 0 41028779 18.537474
-Trial 402 0 41028779 18.548709
-Trial 403 0 41028779 18.572476
-Trial 404 0 41028779 18.578489
-Trial 405 0 41028779 18.866576
-Trial 406 0 41028779 18.898814
-Trial 407 0 41028779 18.912422
-Trial 408 0 41028779 18.948156
-Trial 409 0 41028779 19.060131
-Trial 410 0 41028779 19.115691
* 411: Cost = 0_41019340, Time = 16.92 sec. 
-Trial 411 0 41019340 19.145805
-Trial 412 0 41019340 19.154985
-Trial 413 0 41019340 19.190632
-Trial 414 0 41019340 19.347152
-Trial 415 0 41019340 19.356046
-Trial 416 0 41019340 19.373905
-Trial 417 0 41019340 19.374938
* 418: Cost = 0_41002696, Time = 17.16 sec. 
-Trial 418 0 41002696 19.386929
-Trial 419 0 41002696 19.554182
-Trial 420 0 41002696 19.561752
-Trial 421 0 41002696 19.573361
-Trial 422 0 41002696 19.622962
-Trial 423 0 41002696 19.625931
-Trial 424 0 41002696 19.642582
-Trial 425 0 41002696 19.649500
* 426: Cost = 0_40968453, Time = 17.43 sec. 
-Trial 426 0 40968453 19.655723
-Trial 427 0 40968453 19.701264
-Trial 428 0 40968453 19.703458
-Trial 429 0 40968453 19.709450
-Trial 430 0 40968453 19.712453
-Trial 431 0 40968453 19.731098
-Trial 432 0 40968453 19.746568
-Trial 433 0 40968453 19.769348
-Trial 434 0 40968453 19.846218
-Trial 435 0 40968453 19.889976
-Trial 436 0 40968453 19.922071
-Trial 437 0 40968453 19.925765
-Trial 438 0 40968453 19.967198
-Trial 439 0 40968453 19.973827
-Trial 440 0 40968453 19.975987
-Trial 441 0 40968453 19.978435
-Trial 442 0 40968453 19.992121
-Trial 443 0 40968453 20.012028
-Trial 444 0 40968453 20.081304
-Trial 445 0 40968453 20.111286
-Trial 446 0 40968453 20.130001
-Trial 447 0 40968453 20.131630
-Trial 448 0 40968453 20.134167
-Trial 449 0 40968453 20.150367
-Trial 450 0 40968453 20.201782
-Trial 451 0 40968453 20.210573
-Trial 452 0 40968453 20.247143
-Trial 453 0 40968453 20.264338
-Trial 454 0 40968453 20.298944
-Trial 455 0 40968453 20.299394
-Trial 456 0 40968453 20.320541
-Trial 457 0 40968453 20.324635
-Trial 458 0 40968453 20.392742
-Trial 459 0 40968453 20.474948
-Trial 460 0 40968453 20.481864
-Trial 461 0 40968453 20.488039
-Trial 462 0 40968453 20.572508
-Trial 463 0 40968453 20.587389
-Trial 464 0 40968453 20.602425
-Trial 465 0 40968453 20.614556
* 466: Cost = 0_40967378, Time = 18.40 sec. 
-Trial 466 0 40967378 20.625341
-Trial 467 0 40967378 20.640723
-Trial 468 0 40967378 20.679075
-Trial 469 0 40967378 20.750442
-Trial 470 0 40967378 20.765226
-Trial 471 0 40967378 20.782571
-Trial 472 0 40967378 20.829975
-Trial 473 0 40967378 20.928239
-Trial 474 0 40967378 20.948547
-Trial 475 0 40967378 21.025164
-Trial 476 0 40967378 21.040593
-Trial 477 0 40967378 21.094506
-Trial 478 0 40967378 21.114290
-Trial 479 0 40967378 21.159841
-Trial 480 0 40967378 21.187137
-Trial 481 0 40967378 21.220145
-Trial 482 0 40967378 21.233727
-Trial 483 0 40967378 21.245962
-Trial 484 0 40967378 21.287922
-Trial 485 0 40967378 21.310816
-Trial 486 0 40967378 21.326516
-Trial 487 0 40967378 21.387506
-Trial 488 0 40967378 21.394612
-Trial 489 0 40967378 21.414376
-Trial 490 0 40967378 21.454703
-Trial 491 0 40967378 21.455144
-Trial 492 0 40967378 21.514168
-Trial 493 0 40967378 21.561285
-Trial 494 0 40967378 21.566334
-Trial 495 0 40967378 21.585092
-Trial 496 0 40967378 21.633075
-Trial 497 0 40967378 21.642437
-Trial 498 0 40967378 21.644829
-Trial 499 0 40967378 21.650398
-Trial 500 0 40967378 21.658940
-Trial 501 0 40967378 21.678138
-Trial 502 0 40967378 21.737386
-Trial 503 0 40967378 21.844637
-Trial 504 0 40967378 21.901029
-Trial 505 0 40967378 21.991295
-Trial 506 0 40967378 22.062818
-Trial 507 0 40967378 22.187770
-Trial 508 0 40967378 22.201606
-Trial 509 0 40967378 22.210792
-Trial 510 0 40967378 22.221886
-Trial 511 0 40967378 22.246949
-Trial 512 0 40967378 22.257653
-Trial 513 0 40967378 22.283809
-Trial 514 0 40967378 22.291135
-Trial 515 0 40967378 22.299514
-Trial 516 0 40967378 22.307978
-Trial 517 0 40967378 22.326897
-Trial 518 0 40967378 22.347145
-Trial 519 0 40967378 22.408922
-Trial 520 0 40967378 22.432406
-Trial 521 0 40967378 22.443486
-Trial 522 0 40967378 22.461628
-Trial 523 0 40967378 22.483838
-Trial 524 0 40967378 22.498661
-Trial 525 0 40967378 22.501828
-Trial 526 0 40967378 22.511230
-Trial 527 0 40967378 22.513669
-Trial 528 0 40967378 22.550043
-Trial 529 0 40967378 22.553143
-Trial 530 0 40967378 22.594833
-Trial 531 0 40967378 22.602307
-Trial 532 0 40967378 22.623076
-Trial 533 0 40967378 22.659960
-Trial 534 0 40967378 22.756636
-Trial 535 0 40967378 22.769365
-Trial 536 0 40967378 22.781619
-Trial 537 0 40967378 22.783137
-Trial 538 0 40967378 22.785030
-Trial 539 0 40967378 22.809469
-Trial 540 0 40967378 22.824146
-Trial 541 0 40967378 22.840040
-Trial 542 0 40967378 22.851146
-Trial 543 0 40967378 22.895320
-Trial 544 0 40967378 22.931581
-Trial 545 0 40967378 22.988918
-Trial 546 0 40967378 23.073905
-Trial 547 0 40967378 23.113406
-Trial 548 0 40967378 23.226406
-Trial 549 0 40967378 23.254162
-Trial 550 0 40967378 23.262114
* 551: Cost = 0_40945132, Time = 21.05 sec. 
-Trial 551 0 40945132 23.275033
-Trial 552 0 40945132 23.302375
-Trial 553 0 40945132 23.303691
* 554: Cost = 0_40941130, Time = 21.09 sec. 
-Trial 554 0 40941130 23.318467
-Trial 555 0 40941130 23.320336
-Trial 556 0 40941130 23.350005
-Trial 557 0 40941130 23.396198
-Trial 558 0 40941130 23.428492
-Trial 559 0 40941130 23.454045
-Trial 560 0 40941130 23.503914
-Trial 561 0 40941130 23.528289
-Trial 562 0 40941130 23.576130
-Trial 563 0 40941130 23.596675
-Trial 564 0 40941130 23.607514
-Trial 565 0 40941130 23.724121
-Trial 566 0 40941130 23.726402
-Trial 567 0 40941130 23.745287
-Trial 568 0 40941130 23.766181
-Trial 569 0 40941130 23.776558
-Trial 570 0 40941130 23.785648
-Trial 571 0 40941130 23.814167
-Trial 572 0 40941130 23.825367
-Trial 573 0 40941130 23.970730
-Trial 574 0 40941130 24.005533
-Trial 575 0 40941130 24.014619
-Trial 576 0 40941130 24.034704
-Trial 577 0 40941130 24.069097
-Trial 578 0 40941130 24.094475
* 579: Cost = 0_40878267, Time = 21.89 sec. 
-Trial 579 0 40878267 24.115065
-Trial 580 0 40878267 24.116684
-Trial 581 0 40878267 24.132949
-Trial 582 0 40878267 24.192419
-Trial 583 0 40878267 24.202197
-Trial 584 0 40878267 24.222244
-Trial 585 0 40878267 24.255212
-Trial 586 0 40878267 24.260929
-Trial 587 0 40878267 24.273142
-Trial 588 0 40878267 24.310777
-Trial 589 0 40878267 24.328262
-Trial 590 0 40878267 24.330227
-Trial 591 0 40878267 24.377023
-Trial 592 0 40878267 24.386858
-Trial 593 0 40878267 24.406571
-Trial 594 0 40878267 24.457795
-Trial 595 0 40878267 24.464204
-Trial 596 0 40878267 24.479324
-Trial 597 0 40878267 24.499185
-Trial 598 0 40878267 24.502929
-Trial 599 0 40878267 24.538155
-Trial 600 0 40878267 24.547528
-Trial 601 0 40878267 24.558168
* 602: Cost = 0_40867388, Time = 22.34 sec. 
-Trial 602 0 40867388 24.568284
-Trial 603 0 40867388 24.572066
-Trial 604 0 40867388 24.626055
-Trial 605 0 40867388 24.629232
-Trial 606 0 40867388 24.644152
-Trial 607 0 40867388 24.661108
-Trial 608 0 40867388 24.716924
-Trial 609 0 40867388 24.731883
-Trial 610 0 40867388 24.746069
-Trial 611 0 40867388 24.779110
-Trial 612 0 40867388 24.781672
-Trial 613 0 40867388 24.787524
-Trial 614 0 40867388 24.806134
-Trial 615 0 40867388 24.822819
-Trial 616 0 40867388 24.830468
-Trial 617 0 40867388 24.865828
-Trial 618 0 40867388 24.890309
-Trial 619 0 40867388 24.898986
-Trial 620 0 40867388 24.899483
-Trial 621 0 40867388 24.953770
-Trial 622 0 40867388 24.956481
-Trial 623 0 40867388 24.972484
-Trial 624 0 40867388 24.975481
-Trial 625 0 40867388 25.033163
-Trial 626 0 40867388 25.043372
-Trial 627 0 40867388 25.070381
-Trial 628 0 40867388 25.143842
-Trial 629 0 40867388 25.151580
-Trial 630 0 40867388 25.165690
-Trial 631 0 40867388 25.193946
-Trial 632 0 40867388 25.196253
-Trial 633 0 40867388 25.198466
-Trial 634 0 40867388 25.260730
-Trial 635 0 40867388 25.268854
-Trial 636 0 40867388 25.278408
-Trial 637 0 40867388 25.304933
-Trial 638 0 40867388 25.312827
-Trial 639 0 40867388 25.333588
-Trial 640 0 40867388 25.338590
-Trial 641 0 40867388 25.340882
-Trial 642 0 40867388 25.362029
-Trial 643 0 40867388 25.380191
-Trial 644 0 40867388 25.412330
-Trial 645 0 40867388 25.443158
-Trial 646 0 40867388 25.445543
-Trial 647 0 40867388 25.447791
-Trial 648 0 40867388 25.451729
-Trial 649 0 40867388 25.453030
-Trial 650 0 40867388 25.497288
-Trial 651 0 40867388 25.538782
-Trial 652 0 40867388 25.541642
-Trial 653 0 40867388 25.551641
-Trial 654 0 40867388 25.598123
-Trial 655 0 40867388 25.614359
-Trial 656 0 40867388 25.624173
-Trial 657 0 40867388 25.630479
-Trial 658 0 40867388 25.654325
-Trial 659 0 40867388 25.658115
-Trial 660 0 40867388 25.661779
-Trial 661 0 40867388 25.675428
-Trial 662 0 40867388 25.712973
-Trial 663 0 40867388 25.728408
-Trial 664 0 40867388 25.742525
-Trial 665 0 40867388 25.795648
-Trial 666 0 40867388 25.802984
-Trial 667 0 40867388 25.804979
-Trial 668 0 40867388 25.836299
-Trial 669 0 40867388 25.843357
-Trial 670 0 40867388 25.854202
-Trial 671 0 40867388 25.869259
-Trial 672 0 40867388 25.873703
-Trial 673 0 40867388 25.880842
-Trial 674 0 40867388 25.897714
-Trial 675 0 40867388 25.914274
-Trial 676 0 40867388 25.955609
-Trial 677 0 40867388 25.984154
-Trial 678 0 40867388 26.026412
-Trial 679 0 40867388 26.048789
-Trial 680 0 40867388 26.055958
-Trial 681 0 40867388 26.131597
-Trial 682 0 40867388 26.167505
-Trial 683 0 40867388 26.226092
-Trial 684 0 40867388 26.228850
-Trial 685 0 40867388 26.232220
-Trial 686 0 40867388 26.265703
-Trial 687 0 40867388 26.280099
-Trial 688 0 40867388 26.316607
-Trial 689 0 40867388 26.328279
-Trial 690 0 40867388 26.349586
-Trial 691 0 40867388 26.402558
-Trial 692 0 40867388 26.411727
-Trial 693 0 40867388 26.455655
-Trial 694 0 40867388 26.486406
-Trial 695 0 40867388 26.510739
-Trial 696 0 40867388 26.521236
-Trial 697 0 40867388 26.526638
-Trial 698 0 40867388 26.542328
-Trial 699 0 40867388 26.575723
-Trial 700 0 40867388 26.594292
-Trial 701 0 40867388 26.609021
-Trial 702 0 40867388 26.611518
-Trial 703 0 40867388 26.629449
-Trial 704 0 40867388 26.637799
-Trial 705 0 40867388 26.645513
-Trial 706 0 40867388 26.691901
-Trial 707 0 40867388 26.747887
-Trial 708 0 40867388 26.768610
-Trial 709 0 40867388 26.784104
-Trial 710 0 40867388 26.785223
-Trial 711 0 40867388 26.800736
-Trial 712 0 40867388 26.805692
-Trial 713 0 40867388 27.006831
-Trial 714 0 40867388 27.015151
-Trial 715 0 40867388 27.151629
-Trial 716 0 40867388 27.162968
-Trial 717 0 40867388 27.179183
-Trial 718 0 40867388 27.180002
-Trial 719 0 40867388 27.184503
-Trial 720 0 40867388 27.197023
* 721: Cost = 0_40866966, Time = 25.10 sec. 
-Trial 721 0 40866966 27.328130
-Trial 722 0 40866966 27.455449
-Trial 723 0 40866966 27.472427
-Trial 724 0 40866966 27.507385
-Trial 725 0 40866966 27.539220
-Trial 726 0 40866966 27.541453
-Trial 727 0 40866966 27.548967
-Trial 728 0 40866966 27.549499
-Trial 729 0 40866966 27.588404
-Trial 730 0 40866966 27.598833
-Trial 731 0 40866966 27.629301
-Trial 732 0 40866966 27.637105
-Trial 733 0 40866966 27.684993
-Trial 734 0 40866966 27.704543
-Trial 735 0 40866966 27.727348
-Trial 736 0 40866966 27.743676
-Trial 737 0 40866966 27.752779
-Trial 738 0 40866966 27.772741
-Trial 739 0 40866966 27.955030
-Trial 740 0 40866966 27.965793
-Trial 741 0 40866966 27.966917
-Trial 742 0 40866966 27.985472
-Trial 743 0 40866966 27.998811
-Trial 744 0 40866966 28.015302
-Trial 745 0 40866966 28.033741
-Trial 746 0 40866966 28.041557
-Trial 747 0 40866966 28.095604
-Trial 748 0 40866966 28.111880
-Trial 749 0 40866966 28.117525
-Trial 750 0 40866966 28.147540
-Trial 751 0 40866966 28.187669
-Trial 752 0 40866966 28.193207
-Trial 753 0 40866966 28.194749
-Trial 754 0 40866966 28.198959
-Trial 755 0 40866966 28.229049
-Trial 756 0 40866966 28.281773
-Trial 757 0 40866966 28.290157
-Trial 758 0 40866966 28.308027
-Trial 759 0 40866966 28.322886
-Trial 760 0 40866966 28.332555
-Trial 761 0 40866966 28.335335
-Trial 762 0 40866966 28.339517
-Trial 763 0 40866966 28.360013
-Trial 764 0 40866966 28.369825
-Trial 765 0 40866966 28.385230
-Trial 766 0 40866966 28.404179
-Trial 767 0 40866966 28.422878
-Trial 768 0 40866966 28.431012
-Trial 769 0 40866966 28.437158
-Trial 770 0 40866966 28.465070
-Trial 771 0 40866966 28.511467
-Trial 772 0 40866966 28.535358
-Trial 773 0 40866966 28.555204
-Trial 774 0 40866966 28.566574
-Trial 775 0 40866966 28.632014
-Trial 776 0 40866966 28.654768
-Trial 777 0 40866966 28.674951
-Trial 778 0 40866966 28.675595
-Trial 779 0 40866966 28.711553
-Trial 780 0 40866966 28.716813
-Trial 781 0 40866966 28.784904
-Trial 782 0 40866966 28.803918
-Trial 783 0 40866966 28.820393
-Trial 784 0 40866966 28.833632
-Trial 785 0 40866966 28.869609
-Trial 786 0 40866966 28.900275
-Trial 787 0 40866966 28.920772
-Trial 788 0 40866966 29.002748
-Trial 789 0 40866966 29.008569
-Trial 790 0 40866966 29.020533
-Trial 791 0 40866966 29.038369
-Trial 792 0 40866966 29.053133
-Trial 793 0 40866966 29.057793
-Trial 794 0 40866966 29.068024
-Trial 795 0 40866966 29.088189
-Trial 796 0 40866966 29.118907
-Trial 797 0 40866966 29.140966
-Trial 798 0 40866966 29.151162
-Trial 799 0 40866966 29.187522
-Trial 800 0 40866966 29.187522
-Trial 801 0 40866966 29.192924
-Trial 802 0 40866966 29.208972
-Trial 803 0 40866966 29.520636
-Trial 804 0 40866966 29.528671
-Trial 805 0 40866966 29.537779
-Trial 806 0 40866966 29.832537
-Trial 807 0 40866966 29.885706
-Trial 808 0 40866966 29.928549
-Trial 809 0 40866966 29.952770
-Trial 810 0 40866966 30.051739
-Trial 811 0 40866966 30.080608
-Trial 812 0 40866966 30.092214
-Trial 813 0 40866966 30.107941
-Trial 814 0 40866966 30.178116
-Trial 815 0 40866966 30.196897
-Trial 816 0 40866966 30.207720
-Trial 817 0 40866966 30.302830
-Trial 818 0 40866966 30.336491
-Trial 819 0 40866966 30.365005
-Trial 820 0 40866966 30.395512
-Trial 821 0 40866966 30.479826
-Trial 822 0 40866966 30.484246
-Trial 823 0 40866966 30.529812
-Trial 824 0 40866966 30.540285
-Trial 825 0 40866966 30.548430
-Trial 826 0 40866966 30.610559
-Trial 827 0 40866966 30.647230
-Trial 828 0 40866966 30.667139
-Trial 829 0 40866966 30.669373
-Trial 830 0 40866966 30.724433
-Trial 831 0 40866966 30.735102
-Trial 832 0 40866966 30.754071
-Trial 833 0 40866966 30.770396
-Trial 834 0 40866966 30.851602
-Trial 835 0 40866966 30.864988
-Trial 836 0 40866966 30.880381
-Trial 837 0 40866966 30.903662
-Trial 838 0 40866966 30.931917
-Trial 839 0 40866966 30.947588
-Trial 840 0 40866966 30.998352
-Trial 841 0 40866966 31.001075
-Trial 842 0 40866966 31.042930
-Trial 843 0 40866966 31.085744
-Trial 844 0 40866966 31.111937
-Trial 845 0 40866966 31.120902
-Trial 846 0 40866966 31.126779
-Trial 847 0 40866966 31.143163
-Trial 848 0 40866966 31.214062
-Trial 849 0 40866966 31.242259
-Trial 850 0 40866966 31.253051
-Trial 851 0 40866966 31.260891
-Trial 852 0 40866966 31.275233
-Trial 853 0 40866966 31.288626
-Trial 854 0 40866966 31.293192
-Trial 855 0 40866966 31.297300
-Trial 856 0 40866966 31.308740
-Trial 857 0 40866966 31.332066
-Trial 858 0 40866966 31.396508
-Trial 859 0 40866966 31.418462
-Trial 860 0 40866966 31.439859
-Trial 861 0 40866966 31.459157
-Trial 862 0 40866966 31.466809
-Trial 863 0 40866966 31.473550
-Trial 864 0 40866966 31.487850
-Trial 865 0 40866966 31.512765
-Trial 866 0 40866966 31.517871
-Trial 867 0 40866966 31.524492
-Trial 868 0 40866966 31.551029
-Trial 869 0 40866966 31.582647
-Trial 870 0 40866966 31.632842
-Trial 871 0 40866966 31.638087
-Trial 872 0 40866966 31.648959
-Trial 873 0 40866966 31.660371
-Trial 874 0 40866966 31.665049
-Trial 875 0 40866966 31.821342
-Trial 876 0 40866966 31.866688
-Trial 877 0 40866966 31.894066
-Trial 878 0 40866966 31.895735
-Trial 879 0 40866966 31.912656
-Trial 880 0 40866966 31.924529
-Trial 881 0 40866966 31.935321
-Trial 882 0 40866966 32.019848
-Trial 883 0 40866966 32.033218
-Trial 884 0 40866966 32.039043
-Trial 885 0 40866966 32.058787
-Trial 886 0 40866966 32.163010
-Trial 887 0 40866966 32.181056
-Trial 888 0 40866966 32.186718
-Trial 889 0 40866966 32.238014
-Trial 890 0 40866966 32.285482
-Trial 891 0 40866966 32.291558
-Trial 892 0 40866966 32.293804
-Trial 893 0 40866966 32.314234
-Trial 894 0 40866966 32.319860
-Trial 895 0 40866966 32.344853
-Trial 896 0 40866966 32.375108
-Trial 897 0 40866966 32.429359
-Trial 898 0 40866966 32.487769
-Trial 899 0 40866966 32.556994
-Trial 900 0 40866966 32.566287
-Trial 901 0 40866966 32.582151
-Trial 902 0 40866966 32.607074
-Trial 903 0 40866966 32.692235
-Trial 904 0 40866966 32.696841
-Trial 905 0 40866966 32.698039
-Trial 906 0 40866966 32.702474
-Trial 907 0 40866966 32.736646
-Trial 908 0 40866966 32.739109
-Trial 909 0 40866966 32.748867
-Trial 910 0 40866966 32.749766
-Trial 911 0 40866966 32.845400
-Trial 912 0 40866966 32.900132
-Trial 913 0 40866966 32.927722
-Trial 914 0 40866966 32.933576
-Trial 915 0 40866966 32.946732
-Trial 916 0 40866966 32.961226
-Trial 917 0 40866966 32.985254
-Trial 918 0 40866966 32.993561
-Trial 919 0 40866966 33.002879
* 920: Cost = 0_40865151, Time = 30.81 sec. 
-Trial 920 0 40865151 33.032067
-Trial 921 0 40865151 33.041653
-Trial 922 0 40865151 33.063857
-Trial 923 0 40865151 33.164369
-Trial 924 0 40865151 33.206084
-Trial 925 0 40865151 33.228242
-Trial 926 0 40865151 33.239741
-Trial 927 0 40865151 33.245340
-Trial 928 0 40865151 33.260028
-Trial 929 0 40865151 33.281512
-Trial 930 0 40865151 33.320874
-Trial 931 0 40865151 33.336114
-Trial 932 0 40865151 33.345735
-Trial 933 0 40865151 33.361068
-Trial 934 0 40865151 33.406893
-Trial 935 0 40865151 33.417625
-Trial 936 0 40865151 33.486271
-Trial 937 0 40865151 33.498158
-Trial 938 0 40865151 33.605073
-Trial 939 0 40865151 33.606960
-Trial 940 0 40865151 33.624672
-Trial 941 0 40865151 33.633146
-Trial 942 0 40865151 33.733193
-Trial 943 0 40865151 33.759909
-Trial 944 0 40865151 33.772055
-Trial 945 0 40865151 33.804132
-Trial 946 0 40865151 33.807583
-Trial 947 0 40865151 33.821080
-Trial 948 0 40865151 33.859694
-Trial 949 0 40865151 33.929431
-Trial 950 0 40865151 33.934387
-Trial 951 0 40865151 33.968695
-Trial 952 0 40865151 33.996573
-Trial 953 0 40865151 34.026862
-Trial 954 0 40865151 34.055083
-Trial 955 0 40865151 34.081615
-Trial 956 0 40865151 34.090513
-Trial 957 0 40865151 34.112001
-Trial 958 0 40865151 34.139522
-Trial 959 0 40865151 34.146623
-Trial 960 0 40865151 34.185349
-Trial 961 0 40865151 34.194783
-Trial 962 0 40865151 34.244574
-Trial 963 0 40865151 34.273558
-Trial 964 0 40865151 34.281097
-Trial 965 0 40865151 34.323712
-Trial 966 0 40865151 34.425415
-Trial 967 0 40865151 34.433502
-Trial 968 0 40865151 34.441078
-Trial 969 0 40865151 34.452319
-Trial 970 0 40865151 34.457432
-Trial 971 0 40865151 34.476017
-Trial 972 0 40865151 34.477593
-Trial 973 0 40865151 34.551722
-Trial 974 0 40865151 34.554963
-Trial 975 0 40865151 34.579209
-Trial 976 0 40865151 34.587727
-Trial 977 0 40865151 34.592703
-Trial 978 0 40865151 34.602431
-Trial 979 0 40865151 34.613098
-Trial 980 0 40865151 34.644452
-Trial 981 0 40865151 34.651489
-Trial 982 0 40865151 34.656651
-Trial 983 0 40865151 34.680291
-Trial 984 0 40865151 34.730203
-Trial 985 0 40865151 34.735778
-Trial 986 0 40865151 34.810832
-Trial 987 0 40865151 34.835248
-Trial 988 0 40865151 34.853737
-Trial 989 0 40865151 34.857208
-Trial 990 0 40865151 34.863862
-Trial 991 0 40865151 34.884720
-Trial 992 0 40865151 34.912256
-Trial 993 0 40865151 34.926024
-Trial 994 0 40865151 34.930429
-Trial 995 0 40865151 34.946499
-Trial 996 0 40865151 34.969681
-Trial 997 0 40865151 35.008796
-Trial 998 0 40865151 35.024212
-Trial 999 0 40865151 35.030367
-Trial 1000 0 40865151 35.051853
Population:
  1: 0_40865151
Run 1: Cost = 0_40865151, Time = 32.83 sec. 

Successes/Runs = 0/1 
Cost.min = 40865151, Cost.avg = 40865151.00, Cost.max = 40865151
Gap.min = 0.0000%, Gap.avg = 0.0000%, Gap.max = 0.0000%
Penalty.min = 0, Penalty.avg = 0.00, Penalty.max = 0
Trials.min = 1000, Trials.avg = 1000.0, Trials.max = 1000
Time.min = 32.83 sec., Time.avg = 32.83 sec., Time.max = 32.83 sec.
Time.total = 35.05 sec.
  Size.min = 10, Size.max = 41, Penalty = 0
  Cost.min = 654824, Cost.max = 3614489, Cost.sum = 40865151
Best CVRPTW solution:
  Cost = 0_40865151
1 2 305 56 452 179 255 7 357 218 139 144 292 119 475 54 69 27 213 373 287 16 8 171 230 511 149 476 282 60 294 137 192 247 183 446 126 122 454 38 154 142 481 281 370 99 301 361 190 393 146 455 470 389 502 330 395 188 291 491 420 20 288 117 318 232 222 129 209 356 419 221 260 145 423 219 500 128 428 520 438 382 157 358 205 174 280 61 371 483 253 202 352 319 173 203 158 55 506 379 432 116 125 63 216 112 98 42 430 196 39 166 413 70 335 309 95 364 317 152 212 504 254 67 197 296 468 217 343 19 81 480 461 236 284 447 334 463 328 235 220 82 30 274 355 35 92 366 76 401 134 384 214 312 492 341 398 442 186 155 109 451 64 508 89 101 121 340 5 405 387 163 113 295 466 127 310 388 518 13 74 275 362 26 106 445 189 289 488 168 365 303 484 431 499 124 57 472 485 512 278 437 336 100 262 273 237 223 238 227 501 329 162 244 381 425 36 426 390 80 94 131 160 241 242 433 348 169 427 510 123 71 350 308 84 324 59 199 360 138 375 416 243 494 403 75 404 320 193 167 135 385 111 88 354 439 462 207 78 102 3 507 150 248 496 464 201 225 490 347 105 307 104 315 240 159 279 377 164 353 410 397 268 495 181 376 185 519 108 444 234 4 208 93 306 32 391 180 441 114 211 210 224 440 23 394 271 170 368 402 326 367 245 215 465 516 107 47 471 331 31 79 469 374 12 429 34 351 285 277 28 313 200 378 327 304 467 72 53 316 345 517 333 339 258 344 41 130 44 266 195 77 90 293 257 229 270 434 143 17 136 58 372 151 83 14 386 443 194 422 503 276 147 302 21 141 228 314 172 263 10 33 24 337 459 43 118 460 6 22 15 359 489 249 325 487 264 478 505 272 161 252 198 311 290 206 153 37 66 97 406 265 132 267 184 515 409 396 87 165 246 133 448 85 479 493 411 486 473 176 482 380 369 346 231 338 182 456 449 25 115 110 414 46 342 177 322 259 299 450 321 458 226 514 332 175 435 148 50 103 477 283 363 156 513 407 256 191 418 73 399 65 120 457 40 415 52 421 251 498 297 140 323 48 269 45 18 408 250 298 96 11 178 233 509 187 300 204 436 62 453 383 424 29 239 286 497 9 349 261 392 412 68 474 91 49 51 400 86 417 1 
