PARAMETER_FILE = result/cvrptw_500/LKH_para/269.para
Reading PROBLEM_FILE: "result/cvrptw_500/cvrptw/269.cvrptw" ... done
ASCENT_CANDIDATES = 50
BACKBONE_TRIALS = 0
BACKTRACKING = NO
# BWTSP =
# CANDIDATE_FILE =
CANDIDATE_SET_TYPE = ALPHA
DEPOT = 1
# EDGE_FILE =
EXCESS = 0.0384615
EXTERNAL_SALESMEN = 0
EXTRA_CANDIDATES = 0 
EXTRA_CANDIDATE_SET_TYPE = QUADRANT
GAIN23 = NO
GAIN_CRITERION = YES
INITIAL_PERIOD = 520
INITIAL_STEP_SIZE = 1
INITIAL_TOUR_ALGORITHM = WALK
# INITIAL_TOUR_FILE = 
INITIAL_TOUR_FRACTION = 1.000
# INPUT_TOUR_FILE = 
KICK_TYPE = 4
KICKS = 1
# MAX_BREADTH =
MAKESPAN = NO
MAX_CANDIDATES = 5 
MAX_SWAPS = 0
MAX_TRIALS = 1000
# MERGE_TOUR_FILE =
MOVE_TYPE = 5 SPECIAL
MTSP_MIN_SIZE = 1
MTSP_MAX_SIZE = 1039
# MTSP_SOLUTION_FILE = 
# NONSEQUENTIAL_MOVE_TYPE = 5
# OPTIMUM =
# OUTPUT_TOUR_FILE = 
PATCHING_A = 1 
PATCHING_C = 0 
# PI_FILE = 
POPMUSIC_INITIAL_TOUR = NO
POPMUSIC_MAX_NEIGHBORS = 5
POPMUSIC_SAMPLE_SIZE = 10
POPMUSIC_SOLUTIONS = 50
POPMUSIC_TRIALS = 1
POPULATION_SIZE = 10
PRECISION = 100
PROBLEM_FILE = result/cvrptw_500/cvrptw/269.cvrptw
RECOMBINATION = IPT
RESTRICTED_SEARCH = YES
RUNS = 1
SALESMEN = 20
SCALE = 1
SEED = 1234
# SINTEF_SOLUTION_FILE = 
STOP_AT_OPTIMUM = YES
SUBGRADIENT = YES
# SUBPROBLEM_SIZE =
# SUBPROBLEM_TOUR_FILE = 
SUBSEQUENT_MOVE_TYPE = 5 SPECIAL
SUBSEQUENT_PATCHING = YES
# TIME_LIMIT =
# TOUR_FILE = 
TRACE_LEVEL = 1
VEHICLES = 20

Lower bound = 29817575.8, Ascent time = 2.50 sec.
Cand.min = 5, Cand.avg = 5.0, Cand.max = 5
Edges.fixed = 520 [Cost = 0]
Preprocessing time = 2.59 sec.
* 1: Cost = 3543847_65459972, Time = 4.42 sec. 
-Trial 1 3543847 65459972 7.008563
-Trial 2 3543847 65459972 7.568030
-Trial 3 3543847 65459972 8.352628
* 4: Cost = 2859298_64352462, Time = 5.96 sec. 
-Trial 4 2859298 64352462 8.551829
* 5: Cost = 2859298_64310745, Time = 6.02 sec. 
-Trial 5 2859298 64310745 8.610277
-Trial 6 2859298 64310745 8.842788
-Trial 7 2859298 64310745 8.855774
* 8: Cost = 2343298_63067829, Time = 6.53 sec. 
-Trial 8 2343298 63067829 9.124754
* 9: Cost = 2343298_62471462, Time = 6.82 sec. 
-Trial 9 2343298 62471462 9.409859
-Trial 10 2343298 62471462 9.489268
* 11: Cost = 2110820_61996853, Time = 7.34 sec. 
-Trial 11 2110820 61996853 9.937701
-Trial 12 2110820 61996853 10.015657
-Trial 13 2110820 61996853 10.247182
-Trial 14 2110820 61996853 10.461415
* 15: Cost = 2110820_61587606, Time = 8.22 sec. 
-Trial 15 2110820 61587606 10.814812
-Trial 16 2110820 61587606 10.952221
* 17: Cost = 2110820_61484639, Time = 8.40 sec. 
-Trial 17 2110820 61484639 10.991847
* 18: Cost = 2110820_61452072, Time = 8.52 sec. 
-Trial 18 2110820 61452072 11.109205
* 19: Cost = 2110820_61447498, Time = 8.59 sec. 
-Trial 19 2110820 61447498 11.187698
* 20: Cost = 2110820_60830082, Time = 8.85 sec. 
-Trial 20 2110820 60830082 11.447102
* 21: Cost = 2110820_60793645, Time = 9.01 sec. 
-Trial 21 2110820 60793645 11.600338
* 22: Cost = 2110820_60703345, Time = 9.23 sec. 
-Trial 22 2110820 60703345 11.825754
* 23: Cost = 2110820_60361306, Time = 9.36 sec. 
-Trial 23 2110820 60361306 11.948380
* 24: Cost = 2110820_60281618, Time = 9.56 sec. 
-Trial 24 2110820 60281618 12.153049
* 25: Cost = 1890105_60400722, Time = 9.71 sec. 
-Trial 25 1890105 60400722 12.302190
-Trial 26 1890105 60400722 12.998461
-Trial 27 1890105 60400722 13.168035
-Trial 28 1890105 60400722 13.232705
* 29: Cost = 1890105_60350410, Time = 10.76 sec. 
-Trial 29 1890105 60350410 13.357448
-Trial 30 1890105 60350410 13.357953
* 31: Cost = 1890105_60299063, Time = 10.90 sec. 
-Trial 31 1890105 60299063 13.488613
-Trial 32 1890105 60299063 13.822651
-Trial 33 1890105 60299063 13.942659
-Trial 34 1890105 60299063 14.155163
-Trial 35 1890105 60299063 14.180330
* 36: Cost = 1890105_59784652, Time = 11.70 sec. 
-Trial 36 1890105 59784652 14.288294
-Trial 37 1890105 59784652 14.422568
-Trial 38 1890105 59784652 14.572675
* 39: Cost = 1658439_59703210, Time = 12.22 sec. 
-Trial 39 1658439 59703210 14.809603
-Trial 40 1658439 59703210 14.958776
-Trial 41 1658439 59703210 15.060943
-Trial 42 1658439 59703210 15.291648
* 43: Cost = 1431280_59659645, Time = 12.89 sec. 
-Trial 43 1431280 59659645 15.479438
-Trial 44 1431280 59659645 15.658323
* 45: Cost = 1431280_59651281, Time = 13.18 sec. 
-Trial 45 1431280 59651281 15.773783
* 46: Cost = 1431280_59480167, Time = 13.43 sec. 
-Trial 46 1431280 59480167 16.024732
-Trial 47 1431280 59480167 16.083119
-Trial 48 1431280 59480167 16.218495
-Trial 49 1431280 59480167 16.314434
-Trial 50 1431280 59480167 16.355740
* 51: Cost = 1431280_59348323, Time = 14.04 sec. 
-Trial 51 1431280 59348323 16.632109
-Trial 52 1431280 59348323 16.679407
* 53: Cost = 1431280_58924137, Time = 14.24 sec. 
-Trial 53 1431280 58924137 16.833334
* 54: Cost = 1431280_58882187, Time = 14.41 sec. 
-Trial 54 1431280 58882187 16.999155
* 55: Cost = 1203821_60131795, Time = 14.66 sec. 
-Trial 55 1203821 60131795 17.254921
-Trial 56 1203821 60131795 17.305668
* 57: Cost = 1203821_60128715, Time = 14.91 sec. 
-Trial 57 1203821 60128715 17.498333
-Trial 58 1203821 60128715 17.625959
-Trial 59 1203821 60128715 17.887658
-Trial 60 1203821 60128715 18.090298
* 61: Cost = 826851_59186560, Time = 15.68 sec. 
-Trial 61 826851 59186560 18.275465
* 62: Cost = 826851_59151685, Time = 15.97 sec. 
-Trial 62 826851 59151685 18.561614
-Trial 63 826851 59151685 18.717029
* 64: Cost = 826851_58045095, Time = 16.37 sec. 
-Trial 64 826851 58045095 18.962807
-Trial 65 826851 58045095 19.101639
* 66: Cost = 826851_57979106, Time = 16.59 sec. 
-Trial 66 826851 57979106 19.184271
-Trial 67 826851 57979106 19.332758
-Trial 68 826851 57979106 19.446178
-Trial 69 826851 57979106 19.508038
* 70: Cost = 826851_57814000, Time = 17.00 sec. 
-Trial 70 826851 57814000 19.593660
-Trial 71 826851 57814000 19.829036
-Trial 72 826851 57814000 19.964849
* 73: Cost = 826851_57445956, Time = 17.46 sec. 
-Trial 73 826851 57445956 20.050396
-Trial 74 826851 57445956 20.194259
-Trial 75 826851 57445956 20.279052
-Trial 76 826851 57445956 20.698560
-Trial 77 826851 57445956 20.718711
-Trial 78 826851 57445956 20.737073
-Trial 79 826851 57445956 21.056595
-Trial 80 826851 57445956 21.175719
-Trial 81 826851 57445956 21.632917
-Trial 82 826851 57445956 21.721582
-Trial 83 826851 57445956 21.818486
-Trial 84 826851 57445956 22.038449
-Trial 85 826851 57445956 22.156375
-Trial 86 826851 57445956 22.203742
* 87: Cost = 826851_57402763, Time = 19.74 sec. 
-Trial 87 826851 57402763 22.330878
-Trial 88 826851 57402763 22.426194
* 89: Cost = 826851_57204627, Time = 20.11 sec. 
-Trial 89 826851 57204627 22.702781
* 90: Cost = 826851_57151239, Time = 20.30 sec. 
-Trial 90 826851 57151239 22.896088
-Trial 91 826851 57151239 22.988874
-Trial 92 826851 57151239 23.061402
-Trial 93 826851 57151239 23.454876
-Trial 94 826851 57151239 23.465397
-Trial 95 826851 57151239 23.528410
* 96: Cost = 826851_57135291, Time = 21.03 sec. 
-Trial 96 826851 57135291 23.619979
* 97: Cost = 826851_57055468, Time = 21.26 sec. 
-Trial 97 826851 57055468 23.849677
-Trial 98 826851 57055468 23.978113
-Trial 99 826851 57055468 24.316687
-Trial 100 826851 57055468 24.390955
-Trial 101 826851 57055468 24.430161
* 102: Cost = 826851_56860950, Time = 22.01 sec. 
-Trial 102 826851 56860950 24.606881
-Trial 103 826851 56860950 24.657328
-Trial 104 826851 56860950 24.805321
-Trial 105 826851 56860950 24.942719
-Trial 106 826851 56860950 24.974859
* 107: Cost = 826851_56723583, Time = 22.51 sec. 
-Trial 107 826851 56723583 25.102490
* 108: Cost = 826851_56718166, Time = 22.71 sec. 
-Trial 108 826851 56718166 25.306585
-Trial 109 826851 56718166 25.551097
* 110: Cost = 826851_56681833, Time = 23.15 sec. 
-Trial 110 826851 56681833 25.743838
* 111: Cost = 826851_56525792, Time = 23.38 sec. 
-Trial 111 826851 56525792 25.976651
* 112: Cost = 826851_56524156, Time = 23.46 sec. 
-Trial 112 826851 56524156 26.050657
-Trial 113 826851 56524156 26.252956
* 114: Cost = 826851_56259410, Time = 23.81 sec. 
-Trial 114 826851 56259410 26.399228
* 115: Cost = 826851_56050960, Time = 24.07 sec. 
-Trial 115 826851 56050960 26.662738
* 116: Cost = 826851_55947207, Time = 24.17 sec. 
-Trial 116 826851 55947207 26.760012
-Trial 117 826851 55947207 26.898843
-Trial 118 826851 55947207 27.216431
-Trial 119 826851 55947207 27.270972
-Trial 120 826851 55947207 27.322775
-Trial 121 826851 55947207 27.396190
* 122: Cost = 826851_55901789, Time = 24.92 sec. 
-Trial 122 826851 55901789 27.510347
* 123: Cost = 826851_55888956, Time = 25.04 sec. 
-Trial 123 826851 55888956 27.633125
* 124: Cost = 826851_55871384, Time = 25.13 sec. 
-Trial 124 826851 55871384 27.727547
* 125: Cost = 826851_55867532, Time = 25.18 sec. 
-Trial 125 826851 55867532 27.776900
-Trial 126 826851 55867532 28.126686
-Trial 127 826851 55867532 28.197597
-Trial 128 826851 55867532 28.316564
-Trial 129 826851 55867532 28.466931
-Trial 130 826851 55867532 28.596598
-Trial 131 826851 55867532 28.731837
-Trial 132 826851 55867532 28.819569
-Trial 133 826851 55867532 29.015639
-Trial 134 826851 55867532 29.083489
-Trial 135 826851 55867532 29.173061
* 136: Cost = 826851_55860583, Time = 26.72 sec. 
-Trial 136 826851 55860583 29.310665
* 137: Cost = 826851_55701402, Time = 26.81 sec. 
-Trial 137 826851 55701402 29.402023
-Trial 138 826851 55701402 29.456170
-Trial 139 826851 55701402 29.503187
-Trial 140 826851 55701402 29.592884
-Trial 141 826851 55701402 29.764415
-Trial 142 826851 55701402 29.906162
-Trial 143 826851 55701402 29.977992
-Trial 144 826851 55701402 30.058157
-Trial 145 826851 55701402 30.149186
-Trial 146 826851 55701402 30.430709
-Trial 147 826851 55701402 30.515087
-Trial 148 826851 55701402 30.571836
-Trial 149 826851 55701402 30.751589
* 150: Cost = 826851_55487426, Time = 28.34 sec. 
-Trial 150 826851 55487426 30.936821
-Trial 151 826851 55487426 31.138009
-Trial 152 826851 55487426 31.329371
-Trial 153 826851 55487426 31.567221
* 154: Cost = 826851_55363222, Time = 29.51 sec. 
-Trial 154 826851 55363222 32.101880
-Trial 155 826851 55363222 32.171492
-Trial 156 826851 55363222 32.242051
* 157: Cost = 826851_55237576, Time = 29.85 sec. 
-Trial 157 826851 55237576 32.441407
-Trial 158 826851 55237576 32.458440
-Trial 159 826851 55237576 32.477523
-Trial 160 826851 55237576 32.628381
* 161: Cost = 826851_55194374, Time = 30.09 sec. 
-Trial 161 826851 55194374 32.682140
-Trial 162 826851 55194374 32.849910
-Trial 163 826851 55194374 33.028385
-Trial 164 826851 55194374 33.311227
-Trial 165 826851 55194374 33.537033
-Trial 166 826851 55194374 33.723859
-Trial 167 826851 55194374 33.772786
-Trial 168 826851 55194374 34.019943
* 169: Cost = 826851_54547209, Time = 31.57 sec. 
-Trial 169 826851 54547209 34.163635
-Trial 170 826851 54547209 34.445820
-Trial 171 826851 54547209 34.459293
-Trial 172 826851 54547209 34.493498
* 173: Cost = 826851_54482392, Time = 31.97 sec. 
-Trial 173 826851 54482392 34.558082
-Trial 174 826851 54482392 34.715970
-Trial 175 826851 54482392 34.804352
-Trial 176 826851 54482392 34.873727
* 177: Cost = 826851_54302393, Time = 32.39 sec. 
-Trial 177 826851 54302393 34.981357
-Trial 178 826851 54302393 35.031018
-Trial 179 826851 54302393 35.068588
* 180: Cost = 826851_54297034, Time = 32.59 sec. 
-Trial 180 826851 54297034 35.183561
* 181: Cost = 826851_53740552, Time = 32.79 sec. 
-Trial 181 826851 53740552 35.386386
-Trial 182 826851 53740552 35.452049
-Trial 183 826851 53740552 35.829036
-Trial 184 826851 53740552 35.845267
* 185: Cost = 826851_53613468, Time = 33.42 sec. 
-Trial 185 826851 53613468 36.015603
-Trial 186 826851 53613468 36.098708
-Trial 187 826851 53613468 36.176662
* 188: Cost = 826851_53608310, Time = 33.74 sec. 
-Trial 188 826851 53608310 36.335836
-Trial 189 826851 53608310 36.570313
-Trial 190 826851 53608310 36.822215
* 191: Cost = 826851_53605764, Time = 34.30 sec. 
-Trial 191 826851 53605764 36.893582
* 192: Cost = 826851_53579695, Time = 34.45 sec. 
-Trial 192 826851 53579695 37.039909
-Trial 193 826851 53579695 37.337758
-Trial 194 826851 53579695 37.441587
-Trial 195 826851 53579695 37.572300
-Trial 196 826851 53579695 37.581026
-Trial 197 826851 53579695 37.683619
-Trial 198 826851 53579695 37.792298
-Trial 199 826851 53579695 37.860619
-Trial 200 826851 53579695 37.965932
-Trial 201 826851 53579695 38.189020
-Trial 202 826851 53579695 38.281137
-Trial 203 826851 53579695 38.415661
-Trial 204 826851 53579695 38.466069
-Trial 205 826851 53579695 38.555604
-Trial 206 826851 53579695 38.653211
-Trial 207 826851 53579695 38.707024
-Trial 208 826851 53579695 38.744701
-Trial 209 826851 53579695 38.779741
-Trial 210 826851 53579695 38.989481
* 211: Cost = 826851_53569788, Time = 36.66 sec. 
-Trial 211 826851 53569788 39.253694
* 212: Cost = 826851_53559625, Time = 36.71 sec. 
-Trial 212 826851 53559625 39.303205
-Trial 213 826851 53559625 39.396741
-Trial 214 826851 53559625 39.444125
-Trial 215 826851 53559625 39.521598
* 216: Cost = 826851_53499517, Time = 37.14 sec. 
-Trial 216 826851 53499517 39.736593
-Trial 217 826851 53499517 39.937510
* 218: Cost = 826851_53406170, Time = 37.48 sec. 
-Trial 218 826851 53406170 40.073856
-Trial 219 826851 53406170 40.093966
-Trial 220 826851 53406170 40.455608
-Trial 221 826851 53406170 40.524351
-Trial 222 826851 53406170 40.647915
-Trial 223 826851 53406170 40.791029
* 224: Cost = 826851_53315667, Time = 38.34 sec. 
-Trial 224 826851 53315667 40.930526
-Trial 225 826851 53315667 41.042319
-Trial 226 826851 53315667 41.354991
-Trial 227 826851 53315667 41.360018
-Trial 228 826851 53315667 41.496169
-Trial 229 826851 53315667 41.692959
* 230: Cost = 826851_53245591, Time = 39.17 sec. 
-Trial 230 826851 53245591 41.767409
-Trial 231 826851 53245591 41.898586
-Trial 232 826851 53245591 41.899638
-Trial 233 826851 53245591 41.919654
* 234: Cost = 826851_53222311, Time = 39.48 sec. 
-Trial 234 826851 53222311 42.075154
-Trial 235 826851 53222311 42.090826
-Trial 236 826851 53222311 42.281642
-Trial 237 826851 53222311 42.459396
-Trial 238 826851 53222311 42.601560
-Trial 239 826851 53222311 42.728849
-Trial 240 826851 53222311 42.827541
-Trial 241 826851 53222311 42.965543
-Trial 242 826851 53222311 43.154248
-Trial 243 826851 53222311 43.163377
-Trial 244 826851 53222311 43.266118
-Trial 245 826851 53222311 43.403114
* 246: Cost = 826851_53155997, Time = 40.92 sec. 
-Trial 246 826851 53155997 43.513221
-Trial 247 826851 53155997 43.539900
-Trial 248 826851 53155997 43.872181
-Trial 249 826851 53155997 43.956523
-Trial 250 826851 53155997 44.101647
-Trial 251 826851 53155997 44.144818
-Trial 252 826851 53155997 44.280792
-Trial 253 826851 53155997 44.374894
* 254: Cost = 826851_53148137, Time = 41.88 sec. 
-Trial 254 826851 53148137 44.467981
-Trial 255 826851 53148137 44.727167
-Trial 256 826851 53148137 44.872047
-Trial 257 826851 53148137 44.998667
* 258: Cost = 826851_53113929, Time = 42.49 sec. 
-Trial 258 826851 53113929 45.082637
* 259: Cost = 826851_53073177, Time = 42.66 sec. 
-Trial 259 826851 53073177 45.249938
-Trial 260 826851 53073177 45.389388
-Trial 261 826851 53073177 45.506739
-Trial 262 826851 53073177 45.733292
-Trial 263 826851 53073177 45.740211
-Trial 264 826851 53073177 45.745558
-Trial 265 826851 53073177 45.886082
-Trial 266 826851 53073177 45.950280
-Trial 267 826851 53073177 46.251289
* 268: Cost = 826851_52978175, Time = 43.80 sec. 
-Trial 268 826851 52978175 46.392128
* 269: Cost = 92412_54240820, Time = 44.03 sec. 
-Trial 269 92412 54240820 46.621368
* 270: Cost = 92412_54134316, Time = 44.20 sec. 
-Trial 270 92412 54134316 46.792539
-Trial 271 92412 54134316 46.860335
-Trial 272 92412 54134316 47.012920
-Trial 273 92412 54134316 47.079326
* 274: Cost = 92412_54089395, Time = 44.54 sec. 
-Trial 274 92412 54089395 47.130797
-Trial 275 92412 54089395 47.197862
-Trial 276 92412 54089395 47.388781
-Trial 277 92412 54089395 47.420115
-Trial 278 92412 54089395 47.524823
* 279: Cost = 92412_54036302, Time = 45.06 sec. 
-Trial 279 92412 54036302 47.648124
-Trial 280 92412 54036302 47.700245
-Trial 281 92412 54036302 47.929061
-Trial 282 92412 54036302 48.023329
-Trial 283 92412 54036302 48.078495
* 284: Cost = 92412_53970698, Time = 45.55 sec. 
-Trial 284 92412 53970698 48.140601
-Trial 285 92412 53970698 48.192442
* 286: Cost = 92412_53969032, Time = 45.66 sec. 
-Trial 286 92412 53969032 48.249097
-Trial 287 92412 53969032 48.294304
-Trial 288 92412 53969032 48.327804
-Trial 289 92412 53969032 48.445017
-Trial 290 92412 53969032 48.565281
-Trial 291 92412 53969032 48.566503
-Trial 292 92412 53969032 48.647644
-Trial 293 92412 53969032 48.755885
-Trial 294 92412 53969032 48.832736
-Trial 295 92412 53969032 48.888435
-Trial 296 92412 53969032 48.921268
* 297: Cost = 92412_53951150, Time = 46.42 sec. 
-Trial 297 92412 53951150 49.014056
-Trial 298 92412 53951150 49.074966
-Trial 299 92412 53951150 49.112908
-Trial 300 92412 53951150 49.272693
* 301: Cost = 92412_53918561, Time = 46.73 sec. 
-Trial 301 92412 53918561 49.321646
-Trial 302 92412 53918561 49.450900
-Trial 303 92412 53918561 49.508395
-Trial 304 92412 53918561 49.552238
-Trial 305 92412 53918561 49.944856
-Trial 306 92412 53918561 50.051002
* 307: Cost = 92412_53790053, Time = 47.48 sec. 
-Trial 307 92412 53790053 50.074806
-Trial 308 92412 53790053 50.129749
-Trial 309 92412 53790053 50.218442
-Trial 310 92412 53790053 50.415291
-Trial 311 92412 53790053 50.597182
-Trial 312 92412 53790053 50.662835
-Trial 313 92412 53790053 50.753582
-Trial 314 92412 53790053 50.889291
-Trial 315 92412 53790053 50.949275
-Trial 316 92412 53790053 51.156936
-Trial 317 92412 53790053 51.305311
* 318: Cost = 92412_53691276, Time = 48.74 sec. 
-Trial 318 92412 53691276 51.336171
-Trial 319 92412 53691276 51.452723
-Trial 320 92412 53691276 51.537156
-Trial 321 92412 53691276 51.602592
-Trial 322 92412 53691276 51.633686
-Trial 323 92412 53691276 51.700934
-Trial 324 92412 53691276 51.707555
* 325: Cost = 92412_53657307, Time = 49.14 sec. 
-Trial 325 92412 53657307 51.730217
* 326: Cost = 92412_53413225, Time = 49.20 sec. 
-Trial 326 92412 53413225 51.790962
-Trial 327 92412 53413225 51.824640
-Trial 328 92412 53413225 51.929793
-Trial 329 92412 53413225 51.992880
-Trial 330 92412 53413225 52.018724
-Trial 331 92412 53413225 52.150238
-Trial 332 92412 53413225 52.177625
-Trial 333 92412 53413225 52.331410
-Trial 334 92412 53413225 52.437979
-Trial 335 92412 53413225 52.594667
-Trial 336 92412 53413225 52.675977
-Trial 337 92412 53413225 52.679420
-Trial 338 92412 53413225 52.720567
-Trial 339 92412 53413225 52.851330
-Trial 340 92412 53413225 52.895820
-Trial 341 92412 53413225 52.970810
-Trial 342 92412 53413225 53.071192
-Trial 343 92412 53413225 53.118021
-Trial 344 92412 53413225 53.209313
-Trial 345 92412 53413225 53.309089
-Trial 346 92412 53413225 53.446983
-Trial 347 92412 53413225 53.448459
* 348: Cost = 92412_53383696, Time = 50.91 sec. 
-Trial 348 92412 53383696 53.506615
-Trial 349 92412 53383696 53.715078
-Trial 350 92412 53383696 53.715573
-Trial 351 92412 53383696 53.774357
-Trial 352 92412 53383696 53.831518
* 353: Cost = 92412_53358217, Time = 51.30 sec. 
-Trial 353 92412 53358217 53.893658
-Trial 354 92412 53358217 53.912135
* 355: Cost = 92412_53208864, Time = 51.40 sec. 
-Trial 355 92412 53208864 53.992387
-Trial 356 92412 53208864 54.051027
-Trial 357 92412 53208864 54.052556
-Trial 358 92412 53208864 54.134547
-Trial 359 92412 53208864 54.185094
-Trial 360 92412 53208864 54.221274
-Trial 361 92412 53208864 54.285104
-Trial 362 92412 53208864 54.313737
-Trial 363 92412 53208864 54.371488
-Trial 364 92412 53208864 54.475677
-Trial 365 92412 53208864 54.523114
-Trial 366 92412 53208864 54.573791
-Trial 367 92412 53208864 54.665198
-Trial 368 92412 53208864 54.743187
-Trial 369 92412 53208864 54.962577
* 370: Cost = 92412_53180336, Time = 52.41 sec. 
-Trial 370 92412 53180336 55.002762
-Trial 371 92412 53180336 55.111335
-Trial 372 92412 53180336 55.113820
-Trial 373 92412 53180336 55.114232
-Trial 374 92412 53180336 55.218408
-Trial 375 92412 53180336 55.299053
-Trial 376 92412 53180336 55.359934
-Trial 377 92412 53180336 55.438605
-Trial 378 92412 53180336 55.511668
-Trial 379 92412 53180336 55.539944
-Trial 380 92412 53180336 55.606915
-Trial 381 92412 53180336 55.610763
-Trial 382 92412 53180336 55.642403
-Trial 383 92412 53180336 55.756181
-Trial 384 92412 53180336 55.943746
-Trial 385 92412 53180336 55.948388
-Trial 386 92412 53180336 55.952739
-Trial 387 92412 53180336 55.972288
-Trial 388 92412 53180336 56.005385
* 389: Cost = 92412_53178902, Time = 53.57 sec. 
-Trial 389 92412 53178902 56.165564
-Trial 390 92412 53178902 56.235062
* 391: Cost = 92412_53178200, Time = 53.67 sec. 
-Trial 391 92412 53178200 56.267074
-Trial 392 92412 53178200 56.327954
-Trial 393 92412 53178200 56.369855
-Trial 394 92412 53178200 56.490534
-Trial 395 92412 53178200 56.613616
-Trial 396 92412 53178200 56.942369
-Trial 397 92412 53178200 56.995608
-Trial 398 92412 53178200 57.024602
-Trial 399 92412 53178200 57.124205
-Trial 400 92412 53178200 57.181396
* 401: Cost = 92412_53162214, Time = 54.62 sec. 
-Trial 401 92412 53162214 57.217452
-Trial 402 92412 53162214 57.297038
-Trial 403 92412 53162214 57.462711
* 404: Cost = 92412_52982979, Time = 54.96 sec. 
-Trial 404 92412 52982979 57.550364
-Trial 405 92412 52982979 57.611815
* 406: Cost = 92412_52961715, Time = 55.04 sec. 
-Trial 406 92412 52961715 57.637245
* 407: Cost = 92412_52928405, Time = 55.08 sec. 
-Trial 407 92412 52928405 57.676978
* 408: Cost = 92412_52916888, Time = 55.15 sec. 
-Trial 408 92412 52916888 57.741679
* 409: Cost = 92412_52910059, Time = 55.21 sec. 
-Trial 409 92412 52910059 57.798837
-Trial 410 92412 52910059 57.811163
-Trial 411 92412 52910059 57.817047
-Trial 412 92412 52910059 57.846717
-Trial 413 92412 52910059 57.902267
-Trial 414 92412 52910059 57.993866
-Trial 415 92412 52910059 58.038719
-Trial 416 92412 52910059 58.132981
-Trial 417 92412 52910059 58.200549
-Trial 418 92412 52910059 58.332917
-Trial 419 92412 52910059 58.379225
-Trial 420 92412 52910059 58.457328
-Trial 421 92412 52910059 58.587795
-Trial 422 92412 52910059 58.627026
-Trial 423 92412 52910059 58.656329
-Trial 424 92412 52910059 58.666034
-Trial 425 92412 52910059 58.730351
-Trial 426 92412 52910059 58.802939
-Trial 427 92412 52910059 58.875193
-Trial 428 92412 52910059 58.892982
-Trial 429 92412 52910059 59.042571
-Trial 430 92412 52910059 59.059569
-Trial 431 92412 52910059 59.080820
-Trial 432 92412 52910059 59.155321
-Trial 433 92412 52910059 59.298102
-Trial 434 92412 52910059 59.322669
-Trial 435 92412 52910059 59.450707
-Trial 436 92412 52910059 59.539914
-Trial 437 92412 52910059 59.583068
-Trial 438 92412 52910059 59.719420
-Trial 439 92412 52910059 59.774135
-Trial 440 92412 52910059 59.867342
-Trial 441 92412 52910059 60.035162
-Trial 442 92412 52910059 60.082315
-Trial 443 92412 52910059 60.110876
-Trial 444 92412 52910059 60.246116
-Trial 445 92412 52910059 60.392286
-Trial 446 92412 52910059 60.587319
-Trial 447 92412 52910059 60.616984
-Trial 448 92412 52910059 60.620304
-Trial 449 92412 52910059 60.677929
-Trial 450 92412 52910059 60.771718
-Trial 451 92412 52910059 60.870507
-Trial 452 92412 52910059 60.916559
* 453: Cost = 92412_52884503, Time = 58.38 sec. 
-Trial 453 92412 52884503 60.975787
-Trial 454 92412 52884503 61.128781
-Trial 455 92412 52884503 61.160439
-Trial 456 92412 52884503 61.239984
-Trial 457 92412 52884503 61.241060
-Trial 458 92412 52884503 61.306718
-Trial 459 92412 52884503 61.321933
-Trial 460 92412 52884503 61.397988
-Trial 461 92412 52884503 61.404661
-Trial 462 92412 52884503 61.514598
-Trial 463 92412 52884503 61.689793
-Trial 464 92412 52884503 61.757313
-Trial 465 92412 52884503 61.906599
* 466: Cost = 92412_52874788, Time = 59.36 sec. 
-Trial 466 92412 52874788 61.952950
-Trial 467 92412 52874788 62.264119
-Trial 468 92412 52874788 62.322145
-Trial 469 92412 52874788 62.532703
-Trial 470 92412 52874788 62.533156
* 471: Cost = 92412_52811988, Time = 60.01 sec. 
-Trial 471 92412 52811988 62.607008
-Trial 472 92412 52811988 62.678648
-Trial 473 92412 52811988 62.786083
-Trial 474 92412 52811988 62.905198
-Trial 475 92412 52811988 62.962693
-Trial 476 92412 52811988 62.997244
-Trial 477 92412 52811988 63.076209
-Trial 478 92412 52811988 63.133786
-Trial 479 92412 52811988 63.256291
-Trial 480 92412 52811988 63.276219
-Trial 481 92412 52811988 63.341232
-Trial 482 92412 52811988 63.482866
-Trial 483 92412 52811988 63.610039
-Trial 484 92412 52811988 63.640253
* 485: Cost = 92412_52807503, Time = 61.14 sec. 
-Trial 485 92412 52807503 63.733960
-Trial 486 92412 52807503 63.782503
* 487: Cost = 92412_52693136, Time = 61.26 sec. 
-Trial 487 92412 52693136 63.848764
-Trial 488 92412 52693136 64.003182
-Trial 489 92412 52693136 64.127207
-Trial 490 92412 52693136 64.167629
-Trial 491 92412 52693136 64.198806
-Trial 492 92412 52693136 64.268731
-Trial 493 92412 52693136 64.270979
-Trial 494 92412 52693136 64.348716
-Trial 495 92412 52693136 64.378653
-Trial 496 92412 52693136 64.443580
-Trial 497 92412 52693136 64.473018
-Trial 498 92412 52693136 64.559882
-Trial 499 92412 52693136 64.950952
-Trial 500 92412 52693136 65.005935
-Trial 501 92412 52693136 65.325514
-Trial 502 92412 52693136 65.451892
-Trial 503 92412 52693136 65.529160
-Trial 504 92412 52693136 65.603589
-Trial 505 92412 52693136 65.701403
-Trial 506 92412 52693136 65.852492
-Trial 507 92412 52693136 65.853087
-Trial 508 92412 52693136 65.859826
-Trial 509 92412 52693136 65.932982
-Trial 510 92412 52693136 65.978099
-Trial 511 92412 52693136 65.984722
-Trial 512 92412 52693136 66.173394
-Trial 513 92412 52693136 66.391125
-Trial 514 92412 52693136 66.418235
-Trial 515 92412 52693136 66.492009
-Trial 516 92412 52693136 66.493243
-Trial 517 92412 52693136 66.724134
-Trial 518 92412 52693136 66.785438
-Trial 519 92412 52693136 66.846879
-Trial 520 92412 52693136 67.024280
-Trial 521 92412 52693136 67.159843
-Trial 522 92412 52693136 67.238697
-Trial 523 92412 52693136 67.279684
-Trial 524 92412 52693136 67.384327
-Trial 525 92412 52693136 67.441921
-Trial 526 92412 52693136 67.501996
-Trial 527 92412 52693136 67.565171
-Trial 528 92412 52693136 67.663339
-Trial 529 92412 52693136 67.664207
-Trial 530 92412 52693136 67.689908
* 531: Cost = 92412_52692759, Time = 65.13 sec. 
-Trial 531 92412 52692759 67.721395
* 532: Cost = 92412_52678301, Time = 65.36 sec. 
-Trial 532 92412 52678301 67.951604
-Trial 533 92412 52678301 68.030444
-Trial 534 92412 52678301 68.076998
-Trial 535 92412 52678301 68.152135
-Trial 536 92412 52678301 68.201607
-Trial 537 92412 52678301 68.313659
-Trial 538 92412 52678301 68.344609
* 539: Cost = 92412_52670574, Time = 65.80 sec. 
-Trial 539 92412 52670574 68.388847
-Trial 540 92412 52670574 68.490844
-Trial 541 92412 52670574 68.562536
-Trial 542 92412 52670574 68.630941
* 543: Cost = 92412_52648632, Time = 66.11 sec. 
-Trial 543 92412 52648632 68.705767
-Trial 544 92412 52648632 68.821729
-Trial 545 92412 52648632 68.869948
-Trial 546 92412 52648632 68.888102
-Trial 547 92412 52648632 68.926551
-Trial 548 92412 52648632 68.966513
* 549: Cost = 92412_52624434, Time = 66.45 sec. 
-Trial 549 92412 52624434 69.044002
* 550: Cost = 92412_52494194, Time = 66.48 sec. 
-Trial 550 92412 52494194 69.067940
-Trial 551 92412 52494194 69.121689
-Trial 552 92412 52494194 69.271439
-Trial 553 92412 52494194 69.283982
-Trial 554 92412 52494194 69.360361
-Trial 555 92412 52494194 69.383343
-Trial 556 92412 52494194 69.466135
-Trial 557 92412 52494194 69.483897
-Trial 558 92412 52494194 69.635992
-Trial 559 92412 52494194 69.679124
* 560: Cost = 92412_52483438, Time = 67.13 sec. 
-Trial 560 92412 52483438 69.720301
-Trial 561 92412 52483438 69.771316
* 562: Cost = 92412_52461496, Time = 67.21 sec. 
-Trial 562 92412 52461496 69.801278
-Trial 563 92412 52461496 69.834888
-Trial 564 92412 52461496 69.888877
-Trial 565 92412 52461496 70.041685
-Trial 566 92412 52461496 70.122628
-Trial 567 92412 52461496 70.194839
-Trial 568 92412 52461496 70.247269
-Trial 569 92412 52461496 70.296278
-Trial 570 92412 52461496 70.348722
-Trial 571 92412 52461496 70.377572
* 572: Cost = 92412_52385761, Time = 67.83 sec. 
-Trial 572 92412 52385761 70.423410
-Trial 573 92412 52385761 70.476048
-Trial 574 92412 52385761 70.579424
* 575: Cost = 92412_52380921, Time = 68.06 sec. 
-Trial 575 92412 52380921 70.649497
-Trial 576 92412 52380921 70.790287
-Trial 577 92412 52380921 70.873161
-Trial 578 92412 52380921 70.951482
-Trial 579 92412 52380921 71.157549
-Trial 580 92412 52380921 71.462100
-Trial 581 92412 52380921 71.487744
-Trial 582 92412 52380921 72.094150
-Trial 583 92412 52380921 72.103477
-Trial 584 92412 52380921 72.163906
-Trial 585 92412 52380921 72.230284
* 586: Cost = 92412_52324538, Time = 69.88 sec. 
-Trial 586 92412 52324538 72.469613
-Trial 587 92412 52324538 72.514460
-Trial 588 92412 52324538 72.522742
-Trial 589 92412 52324538 72.732489
-Trial 590 92412 52324538 72.782709
-Trial 591 92412 52324538 72.902883
-Trial 592 92412 52324538 72.977519
-Trial 593 92412 52324538 73.023930
-Trial 594 92412 52324538 73.133851
-Trial 595 92412 52324538 73.171378
-Trial 596 92412 52324538 73.273757
-Trial 597 92412 52324538 73.336271
-Trial 598 92412 52324538 73.410692
-Trial 599 92412 52324538 73.466023
-Trial 600 92412 52324538 73.727625
-Trial 601 92412 52324538 73.869785
-Trial 602 92412 52324538 73.924038
-Trial 603 92412 52324538 73.977630
-Trial 604 92412 52324538 73.978209
* 605: Cost = 92412_52321778, Time = 71.46 sec. 
-Trial 605 92412 52321778 74.057787
-Trial 606 92412 52321778 74.149181
-Trial 607 92412 52321778 74.233945
-Trial 608 92412 52321778 74.319928
-Trial 609 92412 52321778 74.346608
-Trial 610 92412 52321778 74.388260
-Trial 611 92412 52321778 74.567735
-Trial 612 92412 52321778 74.585862
-Trial 613 92412 52321778 74.663295
-Trial 614 92412 52321778 74.683758
-Trial 615 92412 52321778 74.969316
-Trial 616 92412 52321778 75.031339
-Trial 617 92412 52321778 75.091451
-Trial 618 92412 52321778 75.107476
-Trial 619 92412 52321778 75.268017
-Trial 620 92412 52321778 75.307485
-Trial 621 92412 52321778 75.309641
-Trial 622 92412 52321778 75.499348
-Trial 623 92412 52321778 75.551671
-Trial 624 92412 52321778 75.587680
-Trial 625 92412 52321778 75.641097
-Trial 626 92412 52321778 75.768932
-Trial 627 92412 52321778 75.773510
* 628: Cost = 92412_52243471, Time = 73.20 sec. 
-Trial 628 92412 52243471 75.790989
-Trial 629 92412 52243471 75.855027
-Trial 630 92412 52243471 76.094296
-Trial 631 92412 52243471 76.167204
-Trial 632 92412 52243471 76.299926
-Trial 633 92412 52243471 76.498546
-Trial 634 92412 52243471 76.563159
-Trial 635 92412 52243471 76.733203
-Trial 636 92412 52243471 76.747570
-Trial 637 92412 52243471 76.792639
-Trial 638 92412 52243471 76.815017
-Trial 639 92412 52243471 76.833178
-Trial 640 92412 52243471 76.909582
-Trial 641 92412 52243471 76.979138
-Trial 642 92412 52243471 77.031793
-Trial 643 92412 52243471 77.190602
-Trial 644 92412 52243471 77.202044
-Trial 645 92412 52243471 77.208606
-Trial 646 92412 52243471 77.220078
-Trial 647 92412 52243471 77.220559
-Trial 648 92412 52243471 77.333206
-Trial 649 92412 52243471 77.420508
-Trial 650 92412 52243471 77.478580
-Trial 651 92412 52243471 77.501090
-Trial 652 92412 52243471 77.602960
-Trial 653 92412 52243471 77.632032
-Trial 654 92412 52243471 77.813099
-Trial 655 92412 52243471 77.851301
-Trial 656 92412 52243471 77.886654
-Trial 657 92412 52243471 77.897448
-Trial 658 92412 52243471 78.114641
-Trial 659 92412 52243471 78.133801
-Trial 660 92412 52243471 78.201484
-Trial 661 92412 52243471 78.240487
-Trial 662 92412 52243471 78.297582
-Trial 663 92412 52243471 78.313714
-Trial 664 92412 52243471 78.406263
-Trial 665 92412 52243471 78.433125
-Trial 666 92412 52243471 78.510798
-Trial 667 92412 52243471 78.560492
-Trial 668 92412 52243471 78.591268
-Trial 669 92412 52243471 78.648323
-Trial 670 92412 52243471 78.655206
* 671: Cost = 92412_52118141, Time = 76.13 sec. 
-Trial 671 92412 52118141 78.725266
-Trial 672 92412 52118141 78.848331
-Trial 673 92412 52118141 78.869595
-Trial 674 92412 52118141 78.940075
-Trial 675 92412 52118141 78.958229
-Trial 676 92412 52118141 78.978489
-Trial 677 92412 52118141 79.050210
-Trial 678 92412 52118141 79.197349
-Trial 679 92412 52118141 79.198776
-Trial 680 92412 52118141 79.292549
-Trial 681 92412 52118141 79.315019
-Trial 682 92412 52118141 79.452048
-Trial 683 92412 52118141 79.707114
-Trial 684 92412 52118141 79.738816
-Trial 685 92412 52118141 79.771834
-Trial 686 92412 52118141 79.874737
-Trial 687 92412 52118141 79.900571
-Trial 688 92412 52118141 79.934793
* 689: Cost = 92412_52044250, Time = 77.48 sec. 
-Trial 689 92412 52044250 80.069745
-Trial 690 92412 52044250 80.328847
* 691: Cost = 92412_51953533, Time = 77.76 sec. 
-Trial 691 92412 51953533 80.351445
-Trial 692 92412 51953533 80.377856
-Trial 693 92412 51953533 80.420123
-Trial 694 92412 51953533 80.593185
-Trial 695 92412 51953533 80.692192
-Trial 696 92412 51953533 80.727473
-Trial 697 92412 51953533 80.908740
-Trial 698 92412 51953533 80.910002
-Trial 699 92412 51953533 80.928924
-Trial 700 92412 51953533 81.020148
-Trial 701 92412 51953533 81.094324
* 702: Cost = 92412_51935784, Time = 78.52 sec. 
-Trial 702 92412 51935784 81.112826
-Trial 703 92412 51935784 81.134379
-Trial 704 92412 51935784 81.292342
-Trial 705 92412 51935784 81.476636
-Trial 706 92412 51935784 81.665110
-Trial 707 92412 51935784 81.744539
-Trial 708 92412 51935784 81.798314
-Trial 709 92412 51935784 81.907125
-Trial 710 92412 51935784 81.926180
-Trial 711 92412 51935784 81.983463
-Trial 712 92412 51935784 81.993316
-Trial 713 92412 51935784 82.007268
-Trial 714 92412 51935784 82.095353
-Trial 715 92412 51935784 82.209094
-Trial 716 92412 51935784 82.371141
-Trial 717 92412 51935784 82.534193
* 718: Cost = 92412_51865591, Time = 80.00 sec. 
-Trial 718 92412 51865591 82.590962
-Trial 719 92412 51865591 82.647607
-Trial 720 92412 51865591 82.667147
-Trial 721 92412 51865591 82.742401
-Trial 722 92412 51865591 82.806578
-Trial 723 92412 51865591 82.932465
-Trial 724 92412 51865591 83.049317
-Trial 725 92412 51865591 83.070927
-Trial 726 92412 51865591 83.102896
-Trial 727 92412 51865591 83.180954
-Trial 728 92412 51865591 83.186204
-Trial 729 92412 51865591 83.307625
-Trial 730 92412 51865591 83.379493
-Trial 731 92412 51865591 83.554021
-Trial 732 92412 51865591 83.579098
-Trial 733 92412 51865591 83.644240
-Trial 734 92412 51865591 83.692849
-Trial 735 92412 51865591 83.738255
-Trial 736 92412 51865591 83.809754
-Trial 737 92412 51865591 83.842971
-Trial 738 92412 51865591 83.923400
-Trial 739 92412 51865591 83.992465
-Trial 740 92412 51865591 84.046477
-Trial 741 92412 51865591 84.128723
-Trial 742 92412 51865591 84.218516
-Trial 743 92412 51865591 84.844650
-Trial 744 92412 51865591 84.962834
-Trial 745 92412 51865591 85.157099
-Trial 746 92412 51865591 85.472338
-Trial 747 92412 51865591 85.653855
-Trial 748 92412 51865591 85.677574
-Trial 749 92412 51865591 85.702759
-Trial 750 92412 51865591 85.874354
-Trial 751 92412 51865591 86.002710
-Trial 752 92412 51865591 86.147046
-Trial 753 92412 51865591 86.205310
-Trial 754 92412 51865591 86.251898
-Trial 755 92412 51865591 86.279882
-Trial 756 92412 51865591 86.342793
* 757: Cost = 92412_51852118, Time = 83.82 sec. 
-Trial 757 92412 51852118 86.412146
-Trial 758 92412 51852118 86.451734
-Trial 759 92412 51852118 86.496549
-Trial 760 92412 51852118 86.537607
-Trial 761 92412 51852118 86.614958
-Trial 762 92412 51852118 86.708554
-Trial 763 92412 51852118 86.757755
-Trial 764 92412 51852118 86.896961
-Trial 765 92412 51852118 86.962042
-Trial 766 92412 51852118 87.071818
-Trial 767 92412 51852118 87.111179
-Trial 768 92412 51852118 87.150748
-Trial 769 92412 51852118 87.289786
-Trial 770 92412 51852118 87.317558
-Trial 771 92412 51852118 87.461762
-Trial 772 92412 51852118 87.714191
-Trial 773 92412 51852118 87.742257
-Trial 774 92412 51852118 88.097791
-Trial 775 92412 51852118 88.174729
-Trial 776 92412 51852118 88.212123
-Trial 777 92412 51852118 88.239219
-Trial 778 92412 51852118 88.271813
-Trial 779 92412 51852118 88.341095
-Trial 780 92412 51852118 88.489855
-Trial 781 92412 51852118 88.515016
-Trial 782 92412 51852118 88.574301
-Trial 783 92412 51852118 88.598493
-Trial 784 92412 51852118 88.692967
-Trial 785 92412 51852118 88.704588
-Trial 786 92412 51852118 88.781444
-Trial 787 92412 51852118 88.821401
* 788: Cost = 92412_51848676, Time = 86.29 sec. 
-Trial 788 92412 51848676 88.885816
-Trial 789 92412 51848676 88.915535
-Trial 790 92412 51848676 88.985154
* 791: Cost = 92412_51830315, Time = 86.49 sec. 
-Trial 791 92412 51830315 89.085405
-Trial 792 92412 51830315 89.253759
-Trial 793 92412 51830315 89.290523
-Trial 794 92412 51830315 89.331927
-Trial 795 92412 51830315 89.420123
-Trial 796 92412 51830315 89.469449
-Trial 797 92412 51830315 89.505503
-Trial 798 92412 51830315 89.567799
-Trial 799 92412 51830315 89.667095
-Trial 800 92412 51830315 89.704834
-Trial 801 92412 51830315 89.721162
-Trial 802 92412 51830315 89.794821
-Trial 803 92412 51830315 89.818566
-Trial 804 92412 51830315 90.057023
-Trial 805 92412 51830315 90.089348
-Trial 806 92412 51830315 90.155195
-Trial 807 92412 51830315 90.195369
-Trial 808 92412 51830315 90.228445
-Trial 809 92412 51830315 90.279257
-Trial 810 92412 51830315 90.415398
-Trial 811 92412 51830315 90.590100
-Trial 812 92412 51830315 90.625180
-Trial 813 92412 51830315 90.691549
-Trial 814 92412 51830315 90.723327
-Trial 815 92412 51830315 90.868250
-Trial 816 92412 51830315 90.964566
-Trial 817 92412 51830315 90.997358
-Trial 818 92412 51830315 91.040217
-Trial 819 92412 51830315 91.060351
-Trial 820 92412 51830315 91.109608
-Trial 821 92412 51830315 91.293424
-Trial 822 92412 51830315 91.296182
-Trial 823 92412 51830315 91.390245
-Trial 824 92412 51830315 91.410020
-Trial 825 92412 51830315 91.413860
-Trial 826 92412 51830315 91.600042
-Trial 827 92412 51830315 91.756014
-Trial 828 92412 51830315 91.824477
-Trial 829 92412 51830315 91.886980
-Trial 830 92412 51830315 91.929965
-Trial 831 92412 51830315 92.049314
-Trial 832 92412 51830315 92.097533
-Trial 833 92412 51830315 92.166999
-Trial 834 92412 51830315 92.214436
-Trial 835 92412 51830315 92.292442
-Trial 836 92412 51830315 92.302166
-Trial 837 92412 51830315 92.378012
-Trial 838 92412 51830315 92.442155
-Trial 839 92412 51830315 92.480068
-Trial 840 92412 51830315 92.656503
-Trial 841 92412 51830315 92.657792
-Trial 842 92412 51830315 92.744331
-Trial 843 92412 51830315 92.858361
-Trial 844 92412 51830315 92.882292
-Trial 845 92412 51830315 92.885680
-Trial 846 92412 51830315 92.991702
-Trial 847 92412 51830315 93.041800
-Trial 848 92412 51830315 93.088441
-Trial 849 92412 51830315 93.154808
-Trial 850 92412 51830315 93.312817
-Trial 851 92412 51830315 93.432238
-Trial 852 92412 51830315 93.526912
-Trial 853 92412 51830315 93.705832
-Trial 854 92412 51830315 93.727067
-Trial 855 92412 51830315 93.739293
-Trial 856 92412 51830315 93.799819
-Trial 857 92412 51830315 93.829845
-Trial 858 92412 51830315 93.973325
-Trial 859 92412 51830315 94.065368
* 860: Cost = 92412_51828531, Time = 91.52 sec. 
-Trial 860 92412 51828531 94.111548
-Trial 861 92412 51828531 94.122555
-Trial 862 92412 51828531 94.148090
-Trial 863 92412 51828531 94.203639
-Trial 864 92412 51828531 94.309660
-Trial 865 92412 51828531 94.592768
-Trial 866 92412 51828531 94.631498
-Trial 867 92412 51828531 94.672608
-Trial 868 92412 51828531 94.710716
-Trial 869 92412 51828531 94.790375
-Trial 870 92412 51828531 94.912444
-Trial 871 92412 51828531 94.936953
-Trial 872 92412 51828531 95.026452
-Trial 873 92412 51828531 95.078829
-Trial 874 92412 51828531 95.486831
-Trial 875 92412 51828531 95.583775
-Trial 876 92412 51828531 95.686675
-Trial 877 92412 51828531 95.835782
-Trial 878 92412 51828531 96.202518
-Trial 879 92412 51828531 96.210789
-Trial 880 92412 51828531 96.253420
-Trial 881 92412 51828531 96.331961
-Trial 882 92412 51828531 96.394983
-Trial 883 92412 51828531 96.835294
-Trial 884 92412 51828531 96.914781
-Trial 885 92412 51828531 96.962300
-Trial 886 92412 51828531 97.010306
-Trial 887 92412 51828531 97.035876
-Trial 888 92412 51828531 97.539832
-Trial 889 92412 51828531 97.586443
-Trial 890 92412 51828531 97.608032
-Trial 891 92412 51828531 97.639671
-Trial 892 92412 51828531 97.712205
-Trial 893 92412 51828531 97.736389
-Trial 894 92412 51828531 97.813600
* 895: Cost = 92412_51820625, Time = 95.26 sec. 
-Trial 895 92412 51820625 97.853142
-Trial 896 92412 51820625 97.911963
-Trial 897 92412 51820625 97.986315
-Trial 898 92412 51820625 98.057047
-Trial 899 92412 51820625 98.091200
-Trial 900 92412 51820625 98.109300
-Trial 901 92412 51820625 98.182237
-Trial 902 92412 51820625 98.220694
-Trial 903 92412 51820625 98.575548
-Trial 904 92412 51820625 98.745818
-Trial 905 92412 51820625 98.860475
-Trial 906 92412 51820625 99.083944
-Trial 907 92412 51820625 99.126247
* 908: Cost = 92412_51801378, Time = 96.56 sec. 
-Trial 908 92412 51801378 99.152994
-Trial 909 92412 51801378 99.161861
-Trial 910 92412 51801378 99.162364
-Trial 911 92412 51801378 99.231214
-Trial 912 92412 51801378 99.320723
-Trial 913 92412 51801378 99.378771
-Trial 914 92412 51801378 99.456850
-Trial 915 92412 51801378 99.506716
-Trial 916 92412 51801378 99.556177
* 917: Cost = 92412_51795871, Time = 97.09 sec. 
-Trial 917 92412 51795871 99.684771
-Trial 918 92412 51795871 99.722500
-Trial 919 92412 51795871 99.770226
-Trial 920 92412 51795871 99.816829
-Trial 921 92412 51795871 99.916897
-Trial 922 92412 51795871 100.055836
-Trial 923 92412 51795871 100.108572
-Trial 924 92412 51795871 100.125241
-Trial 925 92412 51795871 100.199416
-Trial 926 92412 51795871 100.246276
-Trial 927 92412 51795871 100.561122
-Trial 928 92412 51795871 100.699586
-Trial 929 92412 51795871 100.751679
-Trial 930 92412 51795871 100.841856
-Trial 931 92412 51795871 100.879604
-Trial 932 92412 51795871 100.971878
-Trial 933 92412 51795871 100.993634
* 934: Cost = 92412_51769687, Time = 98.48 sec. 
-Trial 934 92412 51769687 101.069613
-Trial 935 92412 51769687 101.085866
-Trial 936 92412 51769687 101.119339
-Trial 937 92412 51769687 101.152295
-Trial 938 92412 51769687 101.353851
-Trial 939 92412 51769687 101.400597
-Trial 940 92412 51769687 101.453455
-Trial 941 92412 51769687 101.508047
-Trial 942 92412 51769687 101.600665
-Trial 943 92412 51769687 101.601522
-Trial 944 92412 51769687 101.604868
-Trial 945 92412 51769687 101.782244
-Trial 946 92412 51769687 101.849440
-Trial 947 92412 51769687 101.854774
-Trial 948 92412 51769687 101.915717
-Trial 949 92412 51769687 101.948677
-Trial 950 92412 51769687 102.029972
-Trial 951 92412 51769687 102.172205
-Trial 952 92412 51769687 102.209334
-Trial 953 92412 51769687 102.227905
-Trial 954 92412 51769687 102.285107
-Trial 955 92412 51769687 102.309331
-Trial 956 92412 51769687 102.351978
-Trial 957 92412 51769687 102.482926
-Trial 958 92412 51769687 102.522922
-Trial 959 92412 51769687 102.560229
-Trial 960 92412 51769687 102.604541
-Trial 961 92412 51769687 102.673487
-Trial 962 92412 51769687 102.691110
-Trial 963 92412 51769687 102.698859
-Trial 964 92412 51769687 103.133703
-Trial 965 92412 51769687 103.367867
-Trial 966 92412 51769687 103.474468
* 967: Cost = 92412_51733242, Time = 100.91 sec. 
-Trial 967 92412 51733242 103.500506
-Trial 968 92412 51733242 103.520564
-Trial 969 92412 51733242 103.594789
-Trial 970 92412 51733242 103.675719
-Trial 971 92412 51733242 103.769567
-Trial 972 92412 51733242 103.772023
-Trial 973 92412 51733242 103.813033
-Trial 974 92412 51733242 103.816231
-Trial 975 92412 51733242 104.026441
-Trial 976 92412 51733242 104.061913
-Trial 977 92412 51733242 104.126035
-Trial 978 92412 51733242 104.168502
-Trial 979 92412 51733242 104.339468
-Trial 980 92412 51733242 104.371650
-Trial 981 92412 51733242 104.437542
-Trial 982 92412 51733242 104.515148
-Trial 983 92412 51733242 104.589402
-Trial 984 92412 51733242 104.685218
-Trial 985 92412 51733242 104.764277
-Trial 986 92412 51733242 104.815358
-Trial 987 92412 51733242 104.900209
-Trial 988 92412 51733242 104.940424
-Trial 989 92412 51733242 105.193829
-Trial 990 92412 51733242 105.194269
-Trial 991 92412 51733242 105.264520
-Trial 992 92412 51733242 105.588394
* 993: Cost = 92412_51556571, Time = 103.13 sec. 
-Trial 993 92412 51556571 105.725313
-Trial 994 92412 51556571 105.743954
-Trial 995 92412 51556571 105.793348
-Trial 996 92412 51556571 105.843495
-Trial 997 92412 51556571 105.967615
-Trial 998 92412 51556571 106.099883
-Trial 999 92412 51556571 106.150268
-Trial 1000 92412 51556571 106.209628
Population:
  1: 92412_51556571
Run 1: Cost = 92412_51556571, Time = 103.62 sec. 

Successes/Runs = 0/1 
Cost.min = 51556571, Cost.avg = 51556571.00, Cost.max = 51556571
Gap.min = 0.0000%, Gap.avg = 0.0000%, Gap.max = 0.0000%
Penalty.min = 92412, Penalty.avg = 92412.00, Penalty.max = 92412
Trials.min = 1000, Trials.avg = 1000.0, Trials.max = 1000
Time.min = 103.62 sec., Time.avg = 103.62 sec., Time.max = 103.62 sec.
Time.total = 106.21 sec.
  Size.min = 14, Size.max = 36, Penalty = 92412
  Cost.min = 1080197, Cost.max = 3822799, Cost.sum = 51556571
Best CVRPTW solution:
  Cost = 92412_51556571
1 104 390 353 268 411 452 352 181 20 388 13 94 258 341 33 419 196 175 14 269 502 439 132 65 485 51 38 135 465 157 286 123 52 428 174 260 134 324 240 203 430 495 113 44 492 119 204 363 491 145 171 421 5 207 109 333 499 515 278 197 379 297 245 222 73 461 293 205 182 301 236 162 441 480 194 259 232 403 340 226 64 85 322 460 346 57 59 265 347 484 514 296 364 288 298 283 435 108 238 433 218 373 417 112 451 489 413 467 180 36 48 221 201 30 325 183 189 330 198 223 351 509 225 21 224 23 356 440 144 295 384 336 195 42 474 165 505 366 450 386 167 141 137 331 190 210 380 22 345 96 328 6 78 24 256 449 25 404 518 140 266 466 284 414 393 227 303 7 133 425 246 455 272 277 63 316 215 305 454 147 327 251 39 396 186 72 510 61 304 235 86 62 211 387 161 95 10 97 77 459 250 139 271 273 416 79 160 503 400 115 27 357 26 121 241 192 496 323 482 423 169 54 332 99 329 290 392 58 43 3 415 310 98 291 170 374 118 476 504 389 184 66 338 479 300 445 106 143 219 9 292 472 128 367 371 344 126 105 337 438 276 309 102 247 318 88 50 131 513 397 426 206 307 69 431 494 473 263 179 93 149 188 399 16 40 84 187 498 159 81 463 150 335 488 508 255 243 326 74 11 87 49 362 249 456 8 214 193 311 312 103 130 408 339 208 405 469 350 512 124 486 248 262 424 483 177 381 114 285 493 90 422 402 200 348 477 434 267 252 234 506 436 158 468 244 368 334 18 385 418 209 427 378 231 117 365 370 500 520 191 447 302 178 279 280 185 166 490 359 481 122 261 154 89 308 420 410 274 173 199 237 202 458 321 294 358 516 355 372 46 429 148 395 76 168 437 216 136 349 354 82 229 151 281 70 319 230 517 41 56 270 501 75 448 377 19 383 172 317 464 67 306 116 15 45 120 375 391 34 220 233 507 101 92 111 320 71 31 361 242 29 369 287 156 2 254 163 68 475 376 409 444 152 110 462 511 212 453 282 155 12 446 138 47 32 28 83 239 264 443 487 470 471 125 129 213 313 153 382 17 442 299 519 314 398 142 164 91 407 100 401 406 253 497 107 60 360 342 457 315 37 35 4 478 217 146 176 394 257 275 412 127 53 432 343 289 55 228 80 1 
