PARAMETER_FILE = result/cvrptw_500/LKH_para/282.para
Reading PROBLEM_FILE: "result/cvrptw_500/cvrptw/282.cvrptw" ... done
ASCENT_CANDIDATES = 50
BACKBONE_TRIALS = 0
BACKTRACKING = NO
# BWTSP =
# CANDIDATE_FILE =
CANDIDATE_SET_TYPE = ALPHA
DEPOT = 1
# EDGE_FILE =
EXCESS = 0.0384615
EXTERNAL_SALESMEN = 0
EXTRA_CANDIDATES = 0 
EXTRA_CANDIDATE_SET_TYPE = QUADRANT
GAIN23 = NO
GAIN_CRITERION = YES
INITIAL_PERIOD = 520
INITIAL_STEP_SIZE = 1
INITIAL_TOUR_ALGORITHM = WALK
# INITIAL_TOUR_FILE = 
INITIAL_TOUR_FRACTION = 1.000
# INPUT_TOUR_FILE = 
KICK_TYPE = 4
KICKS = 1
# MAX_BREADTH =
MAKESPAN = NO
MAX_CANDIDATES = 5 
MAX_SWAPS = 0
MAX_TRIALS = 1000
# MERGE_TOUR_FILE =
MOVE_TYPE = 5 SPECIAL
MTSP_MIN_SIZE = 1
MTSP_MAX_SIZE = 1039
# MTSP_SOLUTION_FILE = 
# NONSEQUENTIAL_MOVE_TYPE = 5
# OPTIMUM =
# OUTPUT_TOUR_FILE = 
PATCHING_A = 1 
PATCHING_C = 0 
# PI_FILE = 
POPMUSIC_INITIAL_TOUR = NO
POPMUSIC_MAX_NEIGHBORS = 5
POPMUSIC_SAMPLE_SIZE = 10
POPMUSIC_SOLUTIONS = 50
POPMUSIC_TRIALS = 1
POPULATION_SIZE = 10
PRECISION = 100
PROBLEM_FILE = result/cvrptw_500/cvrptw/282.cvrptw
RECOMBINATION = IPT
RESTRICTED_SEARCH = YES
RUNS = 1
SALESMEN = 20
SCALE = 1
SEED = 1234
# SINTEF_SOLUTION_FILE = 
STOP_AT_OPTIMUM = YES
SUBGRADIENT = YES
# SUBPROBLEM_SIZE =
# SUBPROBLEM_TOUR_FILE = 
SUBSEQUENT_MOVE_TYPE = 5 SPECIAL
SUBSEQUENT_PATCHING = YES
# TIME_LIMIT =
# TOUR_FILE = 
TRACE_LEVEL = 1
VEHICLES = 20

Lower bound = 27372705.6, Ascent time = 3.39 sec.
Cand.min = 5, Cand.avg = 5.0, Cand.max = 5
Edges.fixed = 520 [Cost = 0]
Preprocessing time = 3.48 sec.
* 1: Cost = 1069953_54023056, Time = 4.38 sec. 
-Trial 1 1069953 54023056 7.866656
-Trial 2 1069953 54023056 7.939896
* 3: Cost = 985454_54035551, Time = 5.16 sec. 
-Trial 3 985454 54035551 8.646847
* 4: Cost = 985454_53532653, Time = 5.30 sec. 
-Trial 4 985454 53532653 8.784463
-Trial 5 985454 53532653 8.870207
* 6: Cost = 352510_53904361, Time = 5.46 sec. 
-Trial 6 352510 53904361 8.943330
-Trial 7 352510 53904361 9.230890
-Trial 8 352510 53904361 9.328763
-Trial 9 352510 53904361 9.367015
* 10: Cost = 352510_53632903, Time = 6.07 sec. 
-Trial 10 352510 53632903 9.556270
* 11: Cost = 352510_53559586, Time = 6.15 sec. 
-Trial 11 352510 53559586 9.632032
-Trial 12 352510 53559586 9.727512
-Trial 13 352510 53559586 9.883352
-Trial 14 352510 53559586 10.149723
-Trial 15 352510 53559586 10.259918
* 16: Cost = 352510_53374186, Time = 6.91 sec. 
-Trial 16 352510 53374186 10.390573
-Trial 17 352510 53374186 10.435824
* 18: Cost = 352510_53292991, Time = 7.09 sec. 
-Trial 18 352510 53292991 10.571501
-Trial 19 352510 53292991 10.948974
-Trial 20 352510 53292991 11.153772
* 21: Cost = 320056_53301183, Time = 7.79 sec. 
-Trial 21 320056 53301183 11.269541
-Trial 22 320056 53301183 11.371480
* 23: Cost = 320056_53177085, Time = 7.96 sec. 
-Trial 23 320056 53177085 11.445860
* 24: Cost = 320056_53164794, Time = 8.02 sec. 
-Trial 24 320056 53164794 11.507426
-Trial 25 320056 53164794 11.719986
-Trial 26 320056 53164794 11.735258
* 27: Cost = 120642_52895387, Time = 8.41 sec. 
-Trial 27 120642 52895387 11.896917
-Trial 28 120642 52895387 12.201233
-Trial 29 120642 52895387 12.498072
-Trial 30 120642 52895387 12.538635
-Trial 31 120642 52895387 12.705697
-Trial 32 120642 52895387 12.741743
-Trial 33 120642 52895387 12.772517
-Trial 34 120642 52895387 12.855687
* 35: Cost = 120642_52822062, Time = 9.42 sec. 
-Trial 35 120642 52822062 12.903993
-Trial 36 120642 52822062 12.963898
* 37: Cost = 120642_52309503, Time = 9.82 sec. 
-Trial 37 120642 52309503 13.305388
* 38: Cost = 120642_52242617, Time = 10.00 sec. 
-Trial 38 120642 52242617 13.487073
* 39: Cost = 120642_51181711, Time = 10.15 sec. 
-Trial 39 120642 51181711 13.629073
-Trial 40 120642 51181711 13.678846
-Trial 41 120642 51181711 13.716224
* 42: Cost = 120642_50546346, Time = 10.31 sec. 
-Trial 42 120642 50546346 13.792619
-Trial 43 120642 50546346 14.066571
* 44: Cost = 120642_50270153, Time = 10.66 sec. 
-Trial 44 120642 50270153 14.141475
* 45: Cost = 120642_50137211, Time = 10.68 sec. 
-Trial 45 120642 50137211 14.158675
-Trial 46 120642 50137211 14.193173
* 47: Cost = 120642_50011104, Time = 10.74 sec. 
-Trial 47 120642 50011104 14.227710
-Trial 48 120642 50011104 14.290331
-Trial 49 120642 50011104 14.352074
-Trial 50 120642 50011104 14.403983
-Trial 51 120642 50011104 14.507470
-Trial 52 120642 50011104 14.795332
* 53: Cost = 120642_49584840, Time = 11.37 sec. 
-Trial 53 120642 49584840 14.857106
-Trial 54 120642 49584840 14.914214
-Trial 55 120642 49584840 14.962767
-Trial 56 120642 49584840 14.969824
-Trial 57 120642 49584840 15.004569
-Trial 58 120642 49584840 15.017152
-Trial 59 120642 49584840 15.041798
-Trial 60 120642 49584840 15.106252
-Trial 61 120642 49584840 15.194942
-Trial 62 120642 49584840 15.317653
-Trial 63 120642 49584840 15.324909
* 64: Cost = 120642_49566050, Time = 11.87 sec. 
-Trial 64 120642 49566050 15.358276
-Trial 65 120642 49566050 15.431664
-Trial 66 120642 49566050 15.445781
* 67: Cost = 120642_49422085, Time = 11.99 sec. 
-Trial 67 120642 49422085 15.469612
-Trial 68 120642 49422085 15.539252
-Trial 69 120642 49422085 15.539923
-Trial 70 120642 49422085 15.581515
* 71: Cost = 120642_49383379, Time = 12.14 sec. 
-Trial 71 120642 49383379 15.624879
* 72: Cost = 120642_49353674, Time = 12.18 sec. 
-Trial 72 120642 49353674 15.659651
-Trial 73 120642 49353674 15.698841
* 74: Cost = 120642_49269858, Time = 12.24 sec. 
-Trial 74 120642 49269858 15.726959
-Trial 75 120642 49269858 15.763240
-Trial 76 120642 49269858 15.801453
-Trial 77 120642 49269858 15.855918
* 78: Cost = 120642_49268837, Time = 12.39 sec. 
-Trial 78 120642 49268837 15.872957
-Trial 79 120642 49268837 16.010115
-Trial 80 120642 49268837 16.206925
-Trial 81 120642 49268837 16.272638
-Trial 82 120642 49268837 16.320711
-Trial 83 120642 49268837 16.568048
-Trial 84 120642 49268837 16.621199
-Trial 85 120642 49268837 16.627216
* 86: Cost = 120642_49266382, Time = 13.32 sec. 
-Trial 86 120642 49266382 16.805235
-Trial 87 120642 49266382 17.030314
-Trial 88 120642 49266382 17.031288
-Trial 89 120642 49266382 17.065421
* 90: Cost = 120642_49077370, Time = 13.70 sec. 
-Trial 90 120642 49077370 17.186363
* 91: Cost = 120642_48904964, Time = 13.74 sec. 
-Trial 91 120642 48904964 17.221254
-Trial 92 120642 48904964 17.334322
-Trial 93 120642 48904964 17.383155
-Trial 94 120642 48904964 17.488492
-Trial 95 120642 48904964 17.541455
-Trial 96 120642 48904964 17.556282
* 97: Cost = 120642_48878434, Time = 14.10 sec. 
-Trial 97 120642 48878434 17.583067
-Trial 98 120642 48878434 17.704020
-Trial 99 120642 48878434 17.759541
* 100: Cost = 120642_48850720, Time = 14.39 sec. 
-Trial 100 120642 48850720 17.874498
* 101: Cost = 120642_48816239, Time = 14.46 sec. 
-Trial 101 120642 48816239 17.940945
-Trial 102 120642 48816239 18.070966
* 103: Cost = 120642_48740013, Time = 14.65 sec. 
-Trial 103 120642 48740013 18.130318
-Trial 104 120642 48740013 18.278923
-Trial 105 120642 48740013 18.321010
-Trial 106 120642 48740013 18.357353
* 107: Cost = 120642_48722507, Time = 14.99 sec. 
-Trial 107 120642 48722507 18.476354
-Trial 108 120642 48722507 18.578784
-Trial 109 120642 48722507 18.985101
-Trial 110 120642 48722507 19.109819
-Trial 111 120642 48722507 19.168498
-Trial 112 120642 48722507 19.186093
-Trial 113 120642 48722507 19.284445
-Trial 114 120642 48722507 19.527385
-Trial 115 120642 48722507 19.615361
* 116: Cost = 120642_48700825, Time = 16.30 sec. 
-Trial 116 120642 48700825 19.785817
-Trial 117 120642 48700825 19.928136
-Trial 118 120642 48700825 19.972590
-Trial 119 120642 48700825 20.064277
-Trial 120 120642 48700825 20.124724
-Trial 121 120642 48700825 20.176881
* 122: Cost = 120642_48686009, Time = 16.72 sec. 
-Trial 122 120642 48686009 20.199861
-Trial 123 120642 48686009 20.216736
-Trial 124 120642 48686009 20.267784
-Trial 125 120642 48686009 20.448818
-Trial 126 120642 48686009 20.489658
-Trial 127 120642 48686009 20.639646
-Trial 128 120642 48686009 20.701141
-Trial 129 120642 48686009 20.773670
* 130: Cost = 120642_48656267, Time = 17.37 sec. 
-Trial 130 120642 48656267 20.856537
* 131: Cost = 120642_48635647, Time = 17.39 sec. 
-Trial 131 120642 48635647 20.875051
-Trial 132 120642 48635647 20.976198
* 133: Cost = 120642_48592456, Time = 17.62 sec. 
-Trial 133 120642 48592456 21.105947
-Trial 134 120642 48592456 21.135711
-Trial 135 120642 48592456 21.232740
* 136: Cost = 120642_48520636, Time = 17.82 sec. 
-Trial 136 120642 48520636 21.307434
-Trial 137 120642 48520636 21.346103
-Trial 138 120642 48520636 21.372898
-Trial 139 120642 48520636 21.411432
-Trial 140 120642 48520636 21.556800
-Trial 141 120642 48520636 21.644616
-Trial 142 120642 48520636 21.705399
-Trial 143 120642 48520636 21.747628
-Trial 144 120642 48520636 21.831094
-Trial 145 120642 48520636 22.052676
-Trial 146 120642 48520636 22.105558
-Trial 147 120642 48520636 22.166391
-Trial 148 120642 48520636 22.239573
* 149: Cost = 120642_48477053, Time = 18.82 sec. 
-Trial 149 120642 48477053 22.299998
-Trial 150 120642 48477053 22.477367
-Trial 151 120642 48477053 22.491075
* 152: Cost = 120642_48453417, Time = 19.06 sec. 
-Trial 152 120642 48453417 22.539996
-Trial 153 120642 48453417 22.567489
-Trial 154 120642 48453417 22.615935
* 155: Cost = 120642_48256660, Time = 19.22 sec. 
-Trial 155 120642 48256660 22.702478
-Trial 156 120642 48256660 22.721129
* 157: Cost = 120642_48217971, Time = 19.33 sec. 
-Trial 157 120642 48217971 22.813687
-Trial 158 120642 48217971 22.890413
* 159: Cost = 0_49262895, Time = 19.46 sec. 
-Trial 159 0 49262895 22.946869
-Trial 160 0 49262895 22.956673
-Trial 161 0 49262895 22.963131
* 162: Cost = 0_49075032, Time = 19.71 sec. 
-Trial 162 0 49075032 23.190253
* 163: Cost = 0_49013252, Time = 19.73 sec. 
-Trial 163 0 49013252 23.215943
-Trial 164 0 49013252 23.238563
* 165: Cost = 0_48765270, Time = 19.77 sec. 
-Trial 165 0 48765270 23.258492
* 166: Cost = 0_48721749, Time = 19.79 sec. 
-Trial 166 0 48721749 23.272809
-Trial 167 0 48721749 23.304179
-Trial 168 0 48721749 23.325884
-Trial 169 0 48721749 23.338359
-Trial 170 0 48721749 23.375175
-Trial 171 0 48721749 23.388750
-Trial 172 0 48721749 23.391985
-Trial 173 0 48721749 23.414755
* 174: Cost = 0_48684258, Time = 19.95 sec. 
-Trial 174 0 48684258 23.430110
-Trial 175 0 48684258 23.467243
-Trial 176 0 48684258 23.631687
* 177: Cost = 0_48684124, Time = 20.18 sec. 
-Trial 177 0 48684124 23.660922
-Trial 178 0 48684124 23.684321
-Trial 179 0 48684124 23.685601
-Trial 180 0 48684124 23.692029
-Trial 181 0 48684124 23.712129
-Trial 182 0 48684124 23.725702
* 183: Cost = 0_48651150, Time = 20.25 sec. 
-Trial 183 0 48651150 23.737924
-Trial 184 0 48651150 23.748060
-Trial 185 0 48651150 23.759800
-Trial 186 0 48651150 23.763343
-Trial 187 0 48651150 23.796285
-Trial 188 0 48651150 23.800094
-Trial 189 0 48651150 23.845345
-Trial 190 0 48651150 23.881377
-Trial 191 0 48651150 23.894966
* 192: Cost = 0_48608637, Time = 20.43 sec. 
-Trial 192 0 48608637 23.913072
-Trial 193 0 48608637 23.920830
-Trial 194 0 48608637 23.990494
-Trial 195 0 48608637 24.060277
-Trial 196 0 48608637 24.078245
-Trial 197 0 48608637 24.144509
-Trial 198 0 48608637 24.218162
-Trial 199 0 48608637 24.307505
-Trial 200 0 48608637 24.309728
-Trial 201 0 48608637 24.315748
-Trial 202 0 48608637 24.330882
-Trial 203 0 48608637 24.398523
-Trial 204 0 48608637 24.568453
-Trial 205 0 48608637 24.631099
-Trial 206 0 48608637 24.638002
-Trial 207 0 48608637 24.696010
-Trial 208 0 48608637 24.768588
-Trial 209 0 48608637 24.897073
-Trial 210 0 48608637 24.992051
-Trial 211 0 48608637 25.042093
* 212: Cost = 0_48599971, Time = 21.57 sec. 
-Trial 212 0 48599971 25.051363
-Trial 213 0 48599971 25.086142
* 214: Cost = 0_47864750, Time = 21.66 sec. 
-Trial 214 0 47864750 25.146595
-Trial 215 0 47864750 25.182243
-Trial 216 0 47864750 25.254955
-Trial 217 0 47864750 25.261204
-Trial 218 0 47864750 25.265833
-Trial 219 0 47864750 25.275419
-Trial 220 0 47864750 25.282010
-Trial 221 0 47864750 25.301027
-Trial 222 0 47864750 25.314225
-Trial 223 0 47864750 25.334596
-Trial 224 0 47864750 25.459558
-Trial 225 0 47864750 25.486484
* 226: Cost = 0_47864333, Time = 22.02 sec. 
-Trial 226 0 47864333 25.503231
-Trial 227 0 47864333 25.511532
-Trial 228 0 47864333 25.643514
-Trial 229 0 47864333 25.649775
-Trial 230 0 47864333 25.705463
-Trial 231 0 47864333 25.720867
-Trial 232 0 47864333 25.728328
* 233: Cost = 0_47835528, Time = 22.28 sec. 
-Trial 233 0 47835528 25.765514
* 234: Cost = 0_47767642, Time = 22.29 sec. 
-Trial 234 0 47767642 25.776495
* 235: Cost = 0_47740243, Time = 22.30 sec. 
-Trial 235 0 47740243 25.786735
-Trial 236 0 47740243 25.803789
-Trial 237 0 47740243 25.898790
* 238: Cost = 0_47722508, Time = 22.43 sec. 
-Trial 238 0 47722508 25.916403
-Trial 239 0 47722508 25.983754
-Trial 240 0 47722508 25.988610
-Trial 241 0 47722508 25.999744
-Trial 242 0 47722508 26.025931
-Trial 243 0 47722508 26.040356
-Trial 244 0 47722508 26.076337
-Trial 245 0 47722508 26.097572
-Trial 246 0 47722508 26.147266
* 247: Cost = 0_47631749, Time = 22.67 sec. 
-Trial 247 0 47631749 26.155180
-Trial 248 0 47631749 26.157428
-Trial 249 0 47631749 26.226338
-Trial 250 0 47631749 26.238339
-Trial 251 0 47631749 26.242888
* 252: Cost = 0_47629222, Time = 22.78 sec. 
-Trial 252 0 47629222 26.266803
-Trial 253 0 47629222 26.270199
-Trial 254 0 47629222 26.339396
-Trial 255 0 47629222 26.346361
-Trial 256 0 47629222 26.416700
-Trial 257 0 47629222 26.451405
-Trial 258 0 47629222 26.710265
-Trial 259 0 47629222 26.718658
-Trial 260 0 47629222 26.725496
-Trial 261 0 47629222 26.732236
-Trial 262 0 47629222 26.742011
-Trial 263 0 47629222 26.760141
-Trial 264 0 47629222 26.783473
-Trial 265 0 47629222 26.805349
-Trial 266 0 47629222 26.816982
-Trial 267 0 47629222 26.876970
-Trial 268 0 47629222 26.883739
-Trial 269 0 47629222 26.920052
-Trial 270 0 47629222 26.939892
-Trial 271 0 47629222 26.941674
-Trial 272 0 47629222 26.995847
-Trial 273 0 47629222 27.068913
-Trial 274 0 47629222 27.075283
* 275: Cost = 0_47493044, Time = 23.68 sec. 
-Trial 275 0 47493044 27.159024
* 276: Cost = 0_47448107, Time = 23.68 sec. 
-Trial 276 0 47448107 27.164613
-Trial 277 0 47448107 27.166940
-Trial 278 0 47448107 27.170877
-Trial 279 0 47448107 27.192546
* 280: Cost = 0_47427600, Time = 23.72 sec. 
-Trial 280 0 47427600 27.207000
-Trial 281 0 47427600 27.209574
-Trial 282 0 47427600 27.224938
* 283: Cost = 0_47420267, Time = 23.75 sec. 
-Trial 283 0 47420267 27.233249
-Trial 284 0 47420267 27.237624
* 285: Cost = 0_47177720, Time = 23.85 sec. 
-Trial 285 0 47177720 27.332015
-Trial 286 0 47177720 27.360194
-Trial 287 0 47177720 27.398912
-Trial 288 0 47177720 27.465004
-Trial 289 0 47177720 27.467421
* 290: Cost = 0_47149890, Time = 24.02 sec. 
-Trial 290 0 47149890 27.507535
-Trial 291 0 47149890 27.519659
-Trial 292 0 47149890 27.528569
* 293: Cost = 0_47149671, Time = 24.14 sec. 
-Trial 293 0 47149671 27.619982
* 294: Cost = 0_47149475, Time = 24.16 sec. 
-Trial 294 0 47149475 27.648150
-Trial 295 0 47149475 27.702997
-Trial 296 0 47149475 27.781469
-Trial 297 0 47149475 27.834866
-Trial 298 0 47149475 27.856970
-Trial 299 0 47149475 27.878168
* 300: Cost = 0_47139728, Time = 24.40 sec. 
-Trial 300 0 47139728 27.881277
-Trial 301 0 47139728 27.902262
-Trial 302 0 47139728 27.931011
* 303: Cost = 0_47121239, Time = 24.47 sec. 
-Trial 303 0 47121239 27.955186
-Trial 304 0 47121239 28.016942
-Trial 305 0 47121239 28.035849
-Trial 306 0 47121239 28.042859
-Trial 307 0 47121239 28.051860
-Trial 308 0 47121239 28.053617
-Trial 309 0 47121239 28.099315
-Trial 310 0 47121239 28.117537
-Trial 311 0 47121239 28.141662
* 312: Cost = 0_47094367, Time = 24.67 sec. 
-Trial 312 0 47094367 28.157273
-Trial 313 0 47094367 28.161891
-Trial 314 0 47094367 28.199504
-Trial 315 0 47094367 28.215989
-Trial 316 0 47094367 28.226073
-Trial 317 0 47094367 28.244418
-Trial 318 0 47094367 28.249516
-Trial 319 0 47094367 28.273448
* 320: Cost = 0_47064342, Time = 24.81 sec. 
-Trial 320 0 47064342 28.296744
-Trial 321 0 47064342 28.300242
-Trial 322 0 47064342 28.351817
* 323: Cost = 0_46967368, Time = 24.89 sec. 
-Trial 323 0 46967368 28.377109
-Trial 324 0 46967368 28.392788
-Trial 325 0 46967368 28.418554
-Trial 326 0 46967368 28.501074
-Trial 327 0 46967368 28.545789
-Trial 328 0 46967368 28.597915
-Trial 329 0 46967368 28.696433
-Trial 330 0 46967368 28.723705
-Trial 331 0 46967368 28.746186
-Trial 332 0 46967368 28.755379
-Trial 333 0 46967368 28.760115
-Trial 334 0 46967368 28.805176
-Trial 335 0 46967368 28.858493
* 336: Cost = 0_46960331, Time = 25.44 sec. 
-Trial 336 0 46960331 28.927561
-Trial 337 0 46960331 28.978056
-Trial 338 0 46960331 28.995137
-Trial 339 0 46960331 29.013010
* 340: Cost = 0_46923751, Time = 25.56 sec. 
-Trial 340 0 46923751 29.045199
-Trial 341 0 46923751 29.063480
-Trial 342 0 46923751 29.112016
-Trial 343 0 46923751 29.120691
-Trial 344 0 46923751 29.154140
-Trial 345 0 46923751 29.179123
-Trial 346 0 46923751 29.181494
-Trial 347 0 46923751 29.182097
-Trial 348 0 46923751 29.200238
-Trial 349 0 46923751 29.226015
-Trial 350 0 46923751 29.342591
-Trial 351 0 46923751 29.346996
* 352: Cost = 0_46896866, Time = 25.88 sec. 
-Trial 352 0 46896866 29.359479
-Trial 353 0 46896866 29.365381
-Trial 354 0 46896866 29.401733
-Trial 355 0 46896866 29.418244
-Trial 356 0 46896866 29.466423
-Trial 357 0 46896866 29.494096
-Trial 358 0 46896866 29.508848
* 359: Cost = 0_46731273, Time = 26.06 sec. 
-Trial 359 0 46731273 29.546129
* 360: Cost = 0_46723281, Time = 26.08 sec. 
-Trial 360 0 46723281 29.559241
-Trial 361 0 46723281 29.583308
-Trial 362 0 46723281 29.611833
-Trial 363 0 46723281 29.641539
-Trial 364 0 46723281 29.660872
-Trial 365 0 46723281 29.701579
-Trial 366 0 46723281 29.752674
-Trial 367 0 46723281 29.775246
-Trial 368 0 46723281 29.803335
-Trial 369 0 46723281 29.829223
* 370: Cost = 0_46720551, Time = 26.41 sec. 
-Trial 370 0 46720551 29.896144
-Trial 371 0 46720551 29.925151
-Trial 372 0 46720551 29.946411
-Trial 373 0 46720551 29.958520
-Trial 374 0 46720551 29.959658
-Trial 375 0 46720551 29.970027
-Trial 376 0 46720551 30.039504
-Trial 377 0 46720551 30.045143
-Trial 378 0 46720551 30.068200
-Trial 379 0 46720551 30.085123
-Trial 380 0 46720551 30.112736
* 381: Cost = 0_46672983, Time = 26.64 sec. 
-Trial 381 0 46672983 30.126208
-Trial 382 0 46672983 30.150400
-Trial 383 0 46672983 30.161726
-Trial 384 0 46672983 30.177419
-Trial 385 0 46672983 30.211849
-Trial 386 0 46672983 30.229614
-Trial 387 0 46672983 30.250219
* 388: Cost = 0_46641748, Time = 26.81 sec. 
-Trial 388 0 46641748 30.293652
-Trial 389 0 46641748 30.306409
-Trial 390 0 46641748 30.321482
-Trial 391 0 46641748 30.323927
-Trial 392 0 46641748 30.368315
-Trial 393 0 46641748 30.389063
-Trial 394 0 46641748 30.401470
* 395: Cost = 0_46583130, Time = 26.93 sec. 
-Trial 395 0 46583130 30.411556
-Trial 396 0 46583130 30.560117
-Trial 397 0 46583130 30.602050
-Trial 398 0 46583130 30.620165
-Trial 399 0 46583130 30.682839
-Trial 400 0 46583130 30.705989
-Trial 401 0 46583130 30.716941
* 402: Cost = 0_46552224, Time = 27.37 sec. 
-Trial 402 0 46552224 30.858439
-Trial 403 0 46552224 30.872569
* 404: Cost = 0_46425397, Time = 27.39 sec. 
-Trial 404 0 46425397 30.875779
-Trial 405 0 46425397 30.924111
-Trial 406 0 46425397 30.929687
-Trial 407 0 46425397 30.949833
-Trial 408 0 46425397 30.953338
-Trial 409 0 46425397 30.963168
-Trial 410 0 46425397 30.987261
-Trial 411 0 46425397 31.064976
-Trial 412 0 46425397 31.068006
-Trial 413 0 46425397 31.144365
-Trial 414 0 46425397 31.174966
-Trial 415 0 46425397 31.192236
-Trial 416 0 46425397 31.286829
-Trial 417 0 46425397 31.350894
-Trial 418 0 46425397 31.374862
-Trial 419 0 46425397 31.387912
-Trial 420 0 46425397 31.391102
-Trial 421 0 46425397 31.535260
-Trial 422 0 46425397 31.565004
* 423: Cost = 0_46413295, Time = 28.09 sec. 
-Trial 423 0 46413295 31.578346
-Trial 424 0 46413295 31.584533
-Trial 425 0 46413295 31.595929
-Trial 426 0 46413295 31.606121
* 427: Cost = 0_46380452, Time = 28.15 sec. 
-Trial 427 0 46380452 31.632229
* 428: Cost = 0_46372012, Time = 28.24 sec. 
-Trial 428 0 46372012 31.721609
-Trial 429 0 46372012 31.730712
* 430: Cost = 0_46361564, Time = 28.26 sec. 
-Trial 430 0 46361564 31.744038
-Trial 431 0 46361564 31.820298
-Trial 432 0 46361564 31.827633
-Trial 433 0 46361564 31.874944
-Trial 434 0 46361564 31.901008
-Trial 435 0 46361564 31.921082
-Trial 436 0 46361564 32.054143
-Trial 437 0 46361564 32.079627
-Trial 438 0 46361564 32.102984
* 439: Cost = 0_46339180, Time = 28.62 sec. 
-Trial 439 0 46339180 32.108017
-Trial 440 0 46339180 32.168160
-Trial 441 0 46339180 32.264433
-Trial 442 0 46339180 32.272069
-Trial 443 0 46339180 32.282939
-Trial 444 0 46339180 32.283396
-Trial 445 0 46339180 32.285796
-Trial 446 0 46339180 32.307788
-Trial 447 0 46339180 32.327892
-Trial 448 0 46339180 32.338622
-Trial 449 0 46339180 32.365414
-Trial 450 0 46339180 32.400865
-Trial 451 0 46339180 32.475458
-Trial 452 0 46339180 32.486596
-Trial 453 0 46339180 32.512615
-Trial 454 0 46339180 32.544566
-Trial 455 0 46339180 32.584426
-Trial 456 0 46339180 32.803050
-Trial 457 0 46339180 32.808570
* 458: Cost = 0_46305461, Time = 29.42 sec. 
-Trial 458 0 46305461 32.899353
-Trial 459 0 46305461 32.928989
-Trial 460 0 46305461 32.981260
-Trial 461 0 46305461 32.995409
* 462: Cost = 0_46252607, Time = 29.53 sec. 
-Trial 462 0 46252607 33.013541
-Trial 463 0 46252607 33.060279
-Trial 464 0 46252607 33.066938
-Trial 465 0 46252607 33.091527
-Trial 466 0 46252607 33.204353
-Trial 467 0 46252607 33.260287
-Trial 468 0 46252607 33.272818
-Trial 469 0 46252607 33.291051
-Trial 470 0 46252607 33.305644
-Trial 471 0 46252607 33.352882
-Trial 472 0 46252607 33.353373
-Trial 473 0 46252607 33.357286
-Trial 474 0 46252607 33.367044
-Trial 475 0 46252607 33.384217
* 476: Cost = 0_46230719, Time = 30.00 sec. 
-Trial 476 0 46230719 33.486389
-Trial 477 0 46230719 33.494151
-Trial 478 0 46230719 33.587009
* 479: Cost = 0_46203131, Time = 30.13 sec. 
-Trial 479 0 46203131 33.612462
-Trial 480 0 46203131 33.631406
-Trial 481 0 46203131 33.636307
-Trial 482 0 46203131 33.671691
-Trial 483 0 46203131 33.683770
-Trial 484 0 46203131 33.684336
-Trial 485 0 46203131 33.695299
-Trial 486 0 46203131 33.702063
-Trial 487 0 46203131 33.709720
-Trial 488 0 46203131 33.765362
-Trial 489 0 46203131 33.783490
-Trial 490 0 46203131 33.792914
* 491: Cost = 0_46188162, Time = 30.33 sec. 
-Trial 491 0 46188162 33.810895
-Trial 492 0 46188162 33.824087
-Trial 493 0 46188162 33.882533
-Trial 494 0 46188162 33.889723
-Trial 495 0 46188162 33.919474
-Trial 496 0 46188162 33.942389
-Trial 497 0 46188162 33.961792
-Trial 498 0 46188162 33.967381
-Trial 499 0 46188162 34.003729
* 500: Cost = 0_46159390, Time = 30.52 sec. 
-Trial 500 0 46159390 34.005806
-Trial 501 0 46159390 34.068432
-Trial 502 0 46159390 34.075269
-Trial 503 0 46159390 34.083295
-Trial 504 0 46159390 34.105744
-Trial 505 0 46159390 34.133922
-Trial 506 0 46159390 34.260172
-Trial 507 0 46159390 34.303042
-Trial 508 0 46159390 34.333147
-Trial 509 0 46159390 34.341727
-Trial 510 0 46159390 34.367678
* 511: Cost = 0_46158595, Time = 30.90 sec. 
-Trial 511 0 46158595 34.381104
-Trial 512 0 46158595 34.398610
-Trial 513 0 46158595 34.423046
-Trial 514 0 46158595 34.455894
-Trial 515 0 46158595 34.475056
-Trial 516 0 46158595 34.502505
* 517: Cost = 0_46151935, Time = 31.13 sec. 
-Trial 517 0 46151935 34.614534
-Trial 518 0 46151935 34.643436
-Trial 519 0 46151935 34.650939
-Trial 520 0 46151935 34.667784
-Trial 521 0 46151935 34.678557
-Trial 522 0 46151935 34.711178
-Trial 523 0 46151935 34.723851
-Trial 524 0 46151935 34.738315
-Trial 525 0 46151935 34.748028
-Trial 526 0 46151935 34.770286
-Trial 527 0 46151935 34.813050
-Trial 528 0 46151935 34.839220
* 529: Cost = 0_46127087, Time = 31.48 sec. 
-Trial 529 0 46127087 34.959771
-Trial 530 0 46127087 34.987650
* 531: Cost = 0_46123417, Time = 31.61 sec. 
-Trial 531 0 46123417 35.088929
-Trial 532 0 46123417 35.109093
-Trial 533 0 46123417 35.118158
-Trial 534 0 46123417 35.148062
-Trial 535 0 46123417 35.151376
-Trial 536 0 46123417 35.197404
-Trial 537 0 46123417 35.211455
-Trial 538 0 46123417 35.213558
-Trial 539 0 46123417 35.284730
-Trial 540 0 46123417 35.291758
-Trial 541 0 46123417 35.330286
-Trial 542 0 46123417 35.341865
-Trial 543 0 46123417 35.420619
-Trial 544 0 46123417 35.431196
-Trial 545 0 46123417 35.442355
-Trial 546 0 46123417 35.618080
-Trial 547 0 46123417 35.683451
-Trial 548 0 46123417 35.763421
-Trial 549 0 46123417 35.774040
-Trial 550 0 46123417 35.787766
-Trial 551 0 46123417 35.805528
-Trial 552 0 46123417 35.897470
-Trial 553 0 46123417 35.907689
-Trial 554 0 46123417 35.959921
-Trial 555 0 46123417 36.021729
-Trial 556 0 46123417 36.059077
-Trial 557 0 46123417 36.115212
-Trial 558 0 46123417 36.136650
-Trial 559 0 46123417 36.161237
-Trial 560 0 46123417 36.251077
-Trial 561 0 46123417 36.281719
-Trial 562 0 46123417 36.311517
* 563: Cost = 0_46090721, Time = 32.84 sec. 
-Trial 563 0 46090721 36.323023
-Trial 564 0 46090721 36.363873
* 565: Cost = 0_46043397, Time = 32.98 sec. 
-Trial 565 0 46043397 36.459314
-Trial 566 0 46043397 36.481163
* 567: Cost = 0_45910463, Time = 33.00 sec. 
-Trial 567 0 45910463 36.486925
-Trial 568 0 45910463 36.488619
-Trial 569 0 45910463 36.498901
-Trial 570 0 45910463 36.503864
-Trial 571 0 45910463 36.567656
-Trial 572 0 45910463 36.592416
* 573: Cost = 0_45624385, Time = 33.13 sec. 
-Trial 573 0 45624385 36.618261
-Trial 574 0 45624385 36.630904
-Trial 575 0 45624385 36.658940
-Trial 576 0 45624385 36.691456
-Trial 577 0 45624385 36.699252
-Trial 578 0 45624385 36.773086
* 579: Cost = 0_45612412, Time = 33.33 sec. 
-Trial 579 0 45612412 36.816583
-Trial 580 0 45612412 36.860088
-Trial 581 0 45612412 36.890268
-Trial 582 0 45612412 36.912535
-Trial 583 0 45612412 36.934321
-Trial 584 0 45612412 36.943940
-Trial 585 0 45612412 36.950713
-Trial 586 0 45612412 36.959566
-Trial 587 0 45612412 36.988437
-Trial 588 0 45612412 37.026234
-Trial 589 0 45612412 37.043748
-Trial 590 0 45612412 37.051360
-Trial 591 0 45612412 37.054609
-Trial 592 0 45612412 37.078641
-Trial 593 0 45612412 37.139846
-Trial 594 0 45612412 37.177276
-Trial 595 0 45612412 37.182853
-Trial 596 0 45612412 37.192063
-Trial 597 0 45612412 37.210835
-Trial 598 0 45612412 37.258657
-Trial 599 0 45612412 37.270056
-Trial 600 0 45612412 37.324056
-Trial 601 0 45612412 37.392184
-Trial 602 0 45612412 37.412411
-Trial 603 0 45612412 37.435355
-Trial 604 0 45612412 37.460896
-Trial 605 0 45612412 37.465856
-Trial 606 0 45612412 37.493197
-Trial 607 0 45612412 37.508233
* 608: Cost = 0_45573584, Time = 34.03 sec. 
-Trial 608 0 45573584 37.512821
-Trial 609 0 45573584 37.520955
-Trial 610 0 45573584 37.625681
-Trial 611 0 45573584 37.636540
-Trial 612 0 45573584 37.656757
* 613: Cost = 0_45363493, Time = 34.21 sec. 
-Trial 613 0 45363493 37.691248
-Trial 614 0 45363493 37.708209
* 615: Cost = 0_45314323, Time = 34.23 sec. 
-Trial 615 0 45314323 37.715947
-Trial 616 0 45314323 37.730477
-Trial 617 0 45314323 37.745578
-Trial 618 0 45314323 37.753380
-Trial 619 0 45314323 37.767371
-Trial 620 0 45314323 37.815238
-Trial 621 0 45314323 37.819536
-Trial 622 0 45314323 37.893372
-Trial 623 0 45314323 37.960233
-Trial 624 0 45314323 37.969316
* 625: Cost = 0_45313908, Time = 34.53 sec. 
-Trial 625 0 45313908 38.014232
-Trial 626 0 45313908 38.047374
-Trial 627 0 45313908 38.064688
-Trial 628 0 45313908 38.124400
-Trial 629 0 45313908 38.172451
-Trial 630 0 45313908 38.186531
-Trial 631 0 45313908 38.196563
-Trial 632 0 45313908 38.199186
-Trial 633 0 45313908 38.219003
-Trial 634 0 45313908 38.244247
* 635: Cost = 0_45257793, Time = 34.77 sec. 
-Trial 635 0 45257793 38.258967
-Trial 636 0 45257793 38.309590
-Trial 637 0 45257793 38.312054
-Trial 638 0 45257793 38.326058
-Trial 639 0 45257793 38.351232
-Trial 640 0 45257793 38.360680
-Trial 641 0 45257793 38.372026
-Trial 642 0 45257793 38.497654
-Trial 643 0 45257793 38.506047
-Trial 644 0 45257793 38.508570
-Trial 645 0 45257793 38.522248
-Trial 646 0 45257793 38.560403
-Trial 647 0 45257793 38.563898
* 648: Cost = 0_45251365, Time = 35.13 sec. 
-Trial 648 0 45251365 38.612736
-Trial 649 0 45251365 38.613763
* 650: Cost = 0_45221247, Time = 35.15 sec. 
-Trial 650 0 45221247 38.631852
-Trial 651 0 45221247 38.672143
-Trial 652 0 45221247 38.678959
-Trial 653 0 45221247 38.683784
-Trial 654 0 45221247 38.687925
-Trial 655 0 45221247 38.713112
* 656: Cost = 0_44865370, Time = 35.26 sec. 
-Trial 656 0 44865370 38.741260
-Trial 657 0 44865370 38.752113
-Trial 658 0 44865370 38.759749
-Trial 659 0 44865370 38.764708
-Trial 660 0 44865370 38.778297
-Trial 661 0 44865370 38.812481
-Trial 662 0 44865370 38.830594
-Trial 663 0 44865370 38.837506
-Trial 664 0 44865370 38.839026
-Trial 665 0 44865370 38.863332
-Trial 666 0 44865370 38.886424
-Trial 667 0 44865370 38.899799
-Trial 668 0 44865370 38.922246
* 669: Cost = 0_44772507, Time = 35.53 sec. 
-Trial 669 0 44772507 39.011909
* 670: Cost = 0_44598234, Time = 35.55 sec. 
-Trial 670 0 44598234 39.032844
-Trial 671 0 44598234 39.052130
-Trial 672 0 44598234 39.076332
-Trial 673 0 44598234 39.086386
-Trial 674 0 44598234 39.091122
-Trial 675 0 44598234 39.156199
-Trial 676 0 44598234 39.166990
-Trial 677 0 44598234 39.174826
-Trial 678 0 44598234 39.178644
-Trial 679 0 44598234 39.267289
-Trial 680 0 44598234 39.269851
-Trial 681 0 44598234 39.319405
-Trial 682 0 44598234 39.325586
-Trial 683 0 44598234 39.331380
-Trial 684 0 44598234 39.342180
-Trial 685 0 44598234 39.359331
-Trial 686 0 44598234 39.406069
-Trial 687 0 44598234 39.458565
-Trial 688 0 44598234 39.502977
-Trial 689 0 44598234 39.534353
-Trial 690 0 44598234 39.545265
-Trial 691 0 44598234 39.548394
-Trial 692 0 44598234 39.617536
-Trial 693 0 44598234 39.682783
-Trial 694 0 44598234 39.705878
-Trial 695 0 44598234 39.719492
-Trial 696 0 44598234 39.739345
-Trial 697 0 44598234 39.759280
-Trial 698 0 44598234 39.780059
-Trial 699 0 44598234 39.816765
-Trial 700 0 44598234 39.848228
-Trial 701 0 44598234 39.851779
-Trial 702 0 44598234 39.857299
-Trial 703 0 44598234 39.872414
-Trial 704 0 44598234 39.879541
* 705: Cost = 0_44559419, Time = 36.41 sec. 
-Trial 705 0 44559419 39.897927
-Trial 706 0 44559419 39.901828
-Trial 707 0 44559419 39.918518
-Trial 708 0 44559419 39.923910
-Trial 709 0 44559419 39.939577
-Trial 710 0 44559419 39.952888
-Trial 711 0 44559419 39.967946
-Trial 712 0 44559419 40.016521
-Trial 713 0 44559419 40.023791
-Trial 714 0 44559419 40.040483
-Trial 715 0 44559419 40.057555
-Trial 716 0 44559419 40.068551
-Trial 717 0 44559419 40.123488
* 718: Cost = 0_44489654, Time = 36.68 sec. 
-Trial 718 0 44489654 40.163221
-Trial 719 0 44489654 40.169187
-Trial 720 0 44489654 40.191152
-Trial 721 0 44489654 40.211887
-Trial 722 0 44489654 40.221126
* 723: Cost = 0_44438422, Time = 36.79 sec. 
-Trial 723 0 44438422 40.273296
-Trial 724 0 44438422 40.637634
-Trial 725 0 44438422 40.782970
-Trial 726 0 44438422 40.995576
-Trial 727 0 44438422 41.007308
* 728: Cost = 0_44416244, Time = 37.55 sec. 
-Trial 728 0 44416244 41.034423
-Trial 729 0 44416244 41.096135
-Trial 730 0 44416244 41.111846
-Trial 731 0 44416244 41.132608
-Trial 732 0 44416244 41.191927
-Trial 733 0 44416244 41.199720
-Trial 734 0 44416244 41.397060
-Trial 735 0 44416244 41.406745
* 736: Cost = 0_44396579, Time = 38.09 sec. 
-Trial 736 0 44396579 41.573101
-Trial 737 0 44396579 41.578750
-Trial 738 0 44396579 41.598010
-Trial 739 0 44396579 41.607049
-Trial 740 0 44396579 41.624362
* 741: Cost = 0_44283859, Time = 38.14 sec. 
-Trial 741 0 44283859 41.626067
-Trial 742 0 44283859 41.680193
-Trial 743 0 44283859 41.725918
-Trial 744 0 44283859 41.747729
-Trial 745 0 44283859 41.813690
-Trial 746 0 44283859 41.829521
-Trial 747 0 44283859 41.846013
-Trial 748 0 44283859 41.849857
* 749: Cost = 0_44275964, Time = 38.38 sec. 
-Trial 749 0 44275964 41.868502
-Trial 750 0 44275964 41.982989
-Trial 751 0 44275964 42.011518
-Trial 752 0 44275964 42.015284
* 753: Cost = 0_44265964, Time = 38.56 sec. 
-Trial 753 0 44265964 42.043766
-Trial 754 0 44265964 42.110062
-Trial 755 0 44265964 42.147288
-Trial 756 0 44265964 42.169641
-Trial 757 0 44265964 42.170139
-Trial 758 0 44265964 42.170533
-Trial 759 0 44265964 42.180795
-Trial 760 0 44265964 42.280698
-Trial 761 0 44265964 42.286051
-Trial 762 0 44265964 42.301896
-Trial 763 0 44265964 42.316225
* 764: Cost = 0_44255685, Time = 38.91 sec. 
-Trial 764 0 44255685 42.395653
-Trial 765 0 44255685 42.433469
-Trial 766 0 44255685 42.442503
-Trial 767 0 44255685 42.452447
-Trial 768 0 44255685 42.490879
-Trial 769 0 44255685 42.523910
-Trial 770 0 44255685 42.547993
-Trial 771 0 44255685 42.664504
-Trial 772 0 44255685 42.681678
* 773: Cost = 0_44251634, Time = 39.22 sec. 
-Trial 773 0 44251634 42.703352
-Trial 774 0 44251634 42.738258
-Trial 775 0 44251634 42.745514
-Trial 776 0 44251634 42.775555
-Trial 777 0 44251634 42.826865
-Trial 778 0 44251634 42.887717
-Trial 779 0 44251634 42.924055
-Trial 780 0 44251634 42.949380
-Trial 781 0 44251634 42.971587
-Trial 782 0 44251634 43.016306
-Trial 783 0 44251634 43.028213
-Trial 784 0 44251634 43.036378
-Trial 785 0 44251634 43.047002
-Trial 786 0 44251634 43.101059
-Trial 787 0 44251634 43.256144
-Trial 788 0 44251634 43.327225
* 789: Cost = 0_44120121, Time = 39.85 sec. 
-Trial 789 0 44120121 43.334968
-Trial 790 0 44120121 43.337198
-Trial 791 0 44120121 43.406967
-Trial 792 0 44120121 43.409561
-Trial 793 0 44120121 43.430683
-Trial 794 0 44120121 43.453576
-Trial 795 0 44120121 43.474680
-Trial 796 0 44120121 43.506538
-Trial 797 0 44120121 43.530435
-Trial 798 0 44120121 43.567618
-Trial 799 0 44120121 43.576069
* 800: Cost = 0_44039550, Time = 40.16 sec. 
-Trial 800 0 44039550 43.639586
-Trial 801 0 44039550 43.682680
-Trial 802 0 44039550 43.693400
-Trial 803 0 44039550 43.697801
-Trial 804 0 44039550 43.725285
-Trial 805 0 44039550 43.737109
-Trial 806 0 44039550 43.743237
-Trial 807 0 44039550 43.754760
-Trial 808 0 44039550 43.768361
-Trial 809 0 44039550 43.780869
-Trial 810 0 44039550 43.788543
* 811: Cost = 0_44023248, Time = 40.32 sec. 
-Trial 811 0 44023248 43.801918
-Trial 812 0 44023248 43.846676
-Trial 813 0 44023248 43.855325
-Trial 814 0 44023248 43.874034
-Trial 815 0 44023248 43.876894
-Trial 816 0 44023248 43.929171
-Trial 817 0 44023248 43.952502
-Trial 818 0 44023248 43.960358
-Trial 819 0 44023248 44.001241
-Trial 820 0 44023248 44.020235
-Trial 821 0 44023248 44.022699
-Trial 822 0 44023248 44.027871
-Trial 823 0 44023248 44.069267
-Trial 824 0 44023248 44.122109
-Trial 825 0 44023248 44.124253
-Trial 826 0 44023248 44.134052
-Trial 827 0 44023248 44.151356
-Trial 828 0 44023248 44.237444
-Trial 829 0 44023248 44.247890
-Trial 830 0 44023248 44.327003
-Trial 831 0 44023248 44.354759
-Trial 832 0 44023248 44.366101
-Trial 833 0 44023248 44.392477
-Trial 834 0 44023248 44.411462
-Trial 835 0 44023248 44.433137
-Trial 836 0 44023248 44.466265
-Trial 837 0 44023248 44.471569
-Trial 838 0 44023248 44.488781
-Trial 839 0 44023248 44.537002
-Trial 840 0 44023248 44.549436
-Trial 841 0 44023248 44.690653
-Trial 842 0 44023248 44.705332
-Trial 843 0 44023248 44.790397
-Trial 844 0 44023248 44.792574
-Trial 845 0 44023248 44.846188
-Trial 846 0 44023248 44.878678
-Trial 847 0 44023248 44.972223
-Trial 848 0 44023248 45.020110
-Trial 849 0 44023248 45.069937
-Trial 850 0 44023248 45.115379
-Trial 851 0 44023248 45.123124
-Trial 852 0 44023248 45.135274
-Trial 853 0 44023248 45.189580
-Trial 854 0 44023248 45.193375
-Trial 855 0 44023248 45.202253
-Trial 856 0 44023248 45.220708
-Trial 857 0 44023248 45.234439
-Trial 858 0 44023248 45.239800
-Trial 859 0 44023248 45.366663
-Trial 860 0 44023248 45.385550
-Trial 861 0 44023248 45.390039
-Trial 862 0 44023248 45.403154
-Trial 863 0 44023248 45.460059
-Trial 864 0 44023248 45.484959
-Trial 865 0 44023248 45.511811
-Trial 866 0 44023248 45.516751
-Trial 867 0 44023248 45.526695
-Trial 868 0 44023248 45.528314
-Trial 869 0 44023248 45.537345
-Trial 870 0 44023248 45.576694
-Trial 871 0 44023248 45.580651
-Trial 872 0 44023248 45.613468
-Trial 873 0 44023248 45.673769
-Trial 874 0 44023248 45.681635
-Trial 875 0 44023248 45.697147
-Trial 876 0 44023248 45.708660
-Trial 877 0 44023248 45.712476
-Trial 878 0 44023248 45.714838
-Trial 879 0 44023248 45.835962
-Trial 880 0 44023248 45.844151
-Trial 881 0 44023248 45.847867
-Trial 882 0 44023248 45.851455
-Trial 883 0 44023248 45.852175
-Trial 884 0 44023248 45.946533
-Trial 885 0 44023248 45.958592
-Trial 886 0 44023248 45.998396
-Trial 887 0 44023248 46.004459
-Trial 888 0 44023248 46.010461
-Trial 889 0 44023248 46.026496
-Trial 890 0 44023248 46.069582
-Trial 891 0 44023248 46.081486
-Trial 892 0 44023248 46.099746
-Trial 893 0 44023248 46.109219
-Trial 894 0 44023248 46.126409
-Trial 895 0 44023248 46.140874
-Trial 896 0 44023248 46.154161
-Trial 897 0 44023248 46.163460
-Trial 898 0 44023248 46.197310
-Trial 899 0 44023248 46.198150
-Trial 900 0 44023248 46.200901
-Trial 901 0 44023248 46.202999
-Trial 902 0 44023248 46.216674
-Trial 903 0 44023248 46.238836
-Trial 904 0 44023248 46.271833
-Trial 905 0 44023248 46.299467
-Trial 906 0 44023248 46.307804
-Trial 907 0 44023248 46.337405
-Trial 908 0 44023248 46.340638
-Trial 909 0 44023248 46.350625
-Trial 910 0 44023248 46.386817
-Trial 911 0 44023248 46.467836
-Trial 912 0 44023248 46.557778
-Trial 913 0 44023248 46.562712
-Trial 914 0 44023248 46.582578
-Trial 915 0 44023248 46.605351
-Trial 916 0 44023248 46.608064
-Trial 917 0 44023248 46.636388
-Trial 918 0 44023248 46.660854
-Trial 919 0 44023248 46.710073
-Trial 920 0 44023248 46.726545
-Trial 921 0 44023248 46.729332
-Trial 922 0 44023248 46.749865
-Trial 923 0 44023248 46.756256
-Trial 924 0 44023248 46.764826
-Trial 925 0 44023248 46.770010
-Trial 926 0 44023248 46.795314
-Trial 927 0 44023248 46.801713
-Trial 928 0 44023248 46.809407
-Trial 929 0 44023248 46.820566
-Trial 930 0 44023248 46.857355
-Trial 931 0 44023248 46.864625
-Trial 932 0 44023248 46.918046
-Trial 933 0 44023248 46.926664
-Trial 934 0 44023248 46.947912
-Trial 935 0 44023248 46.984712
-Trial 936 0 44023248 46.987728
-Trial 937 0 44023248 46.997892
-Trial 938 0 44023248 47.011097
-Trial 939 0 44023248 47.030648
* 940: Cost = 0_44020408, Time = 43.56 sec. 
-Trial 940 0 44020408 47.046084
-Trial 941 0 44020408 47.051414
-Trial 942 0 44020408 47.055516
-Trial 943 0 44020408 47.085759
* 944: Cost = 0_44007889, Time = 43.63 sec. 
-Trial 944 0 44007889 47.117368
-Trial 945 0 44007889 47.120580
-Trial 946 0 44007889 47.127483
-Trial 947 0 44007889 47.133337
-Trial 948 0 44007889 47.147588
-Trial 949 0 44007889 47.154700
-Trial 950 0 44007889 47.174347
-Trial 951 0 44007889 47.187714
-Trial 952 0 44007889 47.202581
-Trial 953 0 44007889 47.231230
-Trial 954 0 44007889 47.247056
-Trial 955 0 44007889 47.261846
-Trial 956 0 44007889 47.278592
-Trial 957 0 44007889 47.315156
-Trial 958 0 44007889 47.354160
-Trial 959 0 44007889 47.368351
-Trial 960 0 44007889 47.385563
-Trial 961 0 44007889 47.411742
-Trial 962 0 44007889 47.450034
-Trial 963 0 44007889 47.469432
-Trial 964 0 44007889 47.528562
-Trial 965 0 44007889 47.679595
-Trial 966 0 44007889 47.690069
-Trial 967 0 44007889 47.698286
-Trial 968 0 44007889 47.706572
-Trial 969 0 44007889 47.743097
-Trial 970 0 44007889 47.756069
-Trial 971 0 44007889 47.774061
-Trial 972 0 44007889 47.774495
-Trial 973 0 44007889 47.818143
-Trial 974 0 44007889 47.830792
-Trial 975 0 44007889 47.834163
-Trial 976 0 44007889 47.839827
-Trial 977 0 44007889 47.861526
-Trial 978 0 44007889 47.866895
-Trial 979 0 44007889 47.929301
-Trial 980 0 44007889 48.012512
-Trial 981 0 44007889 48.014955
-Trial 982 0 44007889 48.039341
-Trial 983 0 44007889 48.042679
-Trial 984 0 44007889 48.096774
-Trial 985 0 44007889 48.132917
-Trial 986 0 44007889 48.139886
-Trial 987 0 44007889 48.146299
-Trial 988 0 44007889 48.161171
-Trial 989 0 44007889 48.176572
-Trial 990 0 44007889 48.218515
-Trial 991 0 44007889 48.403363
-Trial 992 0 44007889 48.488380
-Trial 993 0 44007889 48.505457
-Trial 994 0 44007889 48.516095
-Trial 995 0 44007889 48.551014
-Trial 996 0 44007889 48.565878
-Trial 997 0 44007889 48.580265
-Trial 998 0 44007889 48.613192
-Trial 999 0 44007889 48.864773
-Trial 1000 0 44007889 48.866552
Population:
  1: 0_44007889
Run 1: Cost = 0_44007889, Time = 45.38 sec. 

Successes/Runs = 0/1 
Cost.min = 44007889, Cost.avg = 44007889.00, Cost.max = 44007889
Gap.min = 0.0000%, Gap.avg = 0.0000%, Gap.max = 0.0000%
Penalty.min = 0, Penalty.avg = 0.00, Penalty.max = 0
Trials.min = 1000, Trials.avg = 1000.0, Trials.max = 1000
Time.min = 45.38 sec., Time.avg = 45.38 sec., Time.max = 45.38 sec.
Time.total = 48.87 sec.
  Size.min = 14, Size.max = 34, Penalty = 0
  Cost.min = 1148357, Cost.max = 3517191, Cost.sum = 44007889
Best CVRPTW solution:
  Cost = 0_44007889
1 189 370 416 296 245 78 341 290 129 471 289 24 217 160 336 224 45 84 209 367 115 334 403 83 483 488 137 379 117 479 248 2 519 398 380 75 253 280 120 139 107 363 158 237 184 314 71 275 323 56 79 385 435 406 242 30 264 360 172 516 54 130 356 89 464 219 325 285 251 276 240 64 110 221 510 427 69 337 308 475 361 357 99 18 320 388 274 136 447 8 128 405 394 142 501 118 188 20 449 244 205 206 10 404 417 93 372 509 5 133 134 402 470 138 197 82 279 238 77 395 58 40 124 176 407 121 392 171 484 438 465 506 391 410 94 51 141 7 106 318 434 97 53 12 469 383 195 150 458 157 145 39 300 148 350 153 514 265 283 309 262 159 374 86 35 425 347 154 278 252 16 362 187 358 292 431 203 15 33 294 72 418 263 462 439 85 23 207 505 166 211 170 215 461 181 267 34 182 32 196 67 255 28 313 113 409 486 25 414 497 421 452 477 193 286 164 515 433 324 222 473 371 229 103 389 454 13 198 330 352 194 61 420 307 291 168 163 338 218 382 239 455 101 66 38 151 482 496 305 319 466 512 295 271 422 376 212 256 430 46 156 268 36 175 108 344 353 167 125 49 96 88 210 437 343 472 258 266 342 493 511 119 456 98 44 441 311 31 204 400 499 354 60 57 41 443 27 183 304 37 155 401 436 298 507 76 348 282 202 146 225 116 47 213 312 62 281 102 445 299 375 73 378 173 112 316 345 306 399 413 476 149 365 201 165 254 140 169 518 228 19 247 480 123 68 65 451 104 301 478 293 230 234 349 180 408 442 485 192 114 390 42 243 494 208 109 450 111 260 500 508 317 377 287 223 460 80 481 179 3 233 440 257 48 87 517 384 11 95 491 70 322 126 9 177 250 6 393 366 259 487 105 315 288 467 502 55 174 333 284 232 277 50 328 351 17 369 448 355 59 346 412 132 236 249 364 424 235 191 147 52 386 513 331 396 100 135 270 74 397 474 429 92 269 492 231 297 200 310 368 190 29 131 340 504 226 152 468 359 273 241 161 144 495 185 21 419 332 321 411 162 520 302 261 26 428 444 327 122 463 490 423 426 335 127 432 143 4 63 459 14 227 326 90 489 387 246 503 43 186 373 81 178 220 446 498 381 216 91 339 329 214 453 272 22 303 457 415 199 1 
