PARAMETER_FILE = result/cvrptw_500/LKH_para/286.para
Reading PROBLEM_FILE: "result/cvrptw_500/cvrptw/286.cvrptw" ... done
ASCENT_CANDIDATES = 50
BACKBONE_TRIALS = 0
BACKTRACKING = NO
# BWTSP =
# CANDIDATE_FILE =
CANDIDATE_SET_TYPE = ALPHA
DEPOT = 1
# EDGE_FILE =
EXCESS = 0.0384615
EXTERNAL_SALESMEN = 0
EXTRA_CANDIDATES = 0 
EXTRA_CANDIDATE_SET_TYPE = QUADRANT
GAIN23 = NO
GAIN_CRITERION = YES
INITIAL_PERIOD = 520
INITIAL_STEP_SIZE = 1
INITIAL_TOUR_ALGORITHM = WALK
# INITIAL_TOUR_FILE = 
INITIAL_TOUR_FRACTION = 1.000
# INPUT_TOUR_FILE = 
KICK_TYPE = 4
KICKS = 1
# MAX_BREADTH =
MAKESPAN = NO
MAX_CANDIDATES = 5 
MAX_SWAPS = 0
MAX_TRIALS = 1000
# MERGE_TOUR_FILE =
MOVE_TYPE = 5 SPECIAL
MTSP_MIN_SIZE = 1
MTSP_MAX_SIZE = 1039
# MTSP_SOLUTION_FILE = 
# NONSEQUENTIAL_MOVE_TYPE = 5
# OPTIMUM =
# OUTPUT_TOUR_FILE = 
PATCHING_A = 1 
PATCHING_C = 0 
# PI_FILE = 
POPMUSIC_INITIAL_TOUR = NO
POPMUSIC_MAX_NEIGHBORS = 5
POPMUSIC_SAMPLE_SIZE = 10
POPMUSIC_SOLUTIONS = 50
POPMUSIC_TRIALS = 1
POPULATION_SIZE = 10
PRECISION = 100
PROBLEM_FILE = result/cvrptw_500/cvrptw/286.cvrptw
RECOMBINATION = IPT
RESTRICTED_SEARCH = YES
RUNS = 1
SALESMEN = 20
SCALE = 1
SEED = 1234
# SINTEF_SOLUTION_FILE = 
STOP_AT_OPTIMUM = YES
SUBGRADIENT = YES
# SUBPROBLEM_SIZE =
# SUBPROBLEM_TOUR_FILE = 
SUBSEQUENT_MOVE_TYPE = 5 SPECIAL
SUBSEQUENT_PATCHING = YES
# TIME_LIMIT =
# TOUR_FILE = 
TRACE_LEVEL = 1
VEHICLES = 20

Lower bound = 25934768.1, Ascent time = 2.12 sec.
Cand.min = 5, Cand.avg = 5.0, Cand.max = 5
Edges.fixed = 520 [Cost = 0]
Preprocessing time = 2.21 sec.
* 1: Cost = 2952275_56850671, Time = 5.16 sec. 
-Trial 1 2952275 56850671 7.377432
-Trial 2 2952275 56850671 7.965369
-Trial 3 2952275 56850671 8.219646
-Trial 4 2952275 56850671 8.700209
-Trial 5 2952275 56850671 8.807422
* 6: Cost = 2952275_56094437, Time = 7.19 sec. 
-Trial 6 2952275 56094437 9.403173
-Trial 7 2952275 56094437 9.464354
-Trial 8 2952275 56094437 9.681267
-Trial 9 2952275 56094437 9.991497
-Trial 10 2952275 56094437 10.126161
* 11: Cost = 2952275_55764528, Time = 8.25 sec. 
-Trial 11 2952275 55764528 10.467303
-Trial 12 2952275 55764528 10.590087
-Trial 13 2952275 55764528 10.851325
* 14: Cost = 2601012_55578973, Time = 8.82 sec. 
-Trial 14 2601012 55578973 11.034919
* 15: Cost = 2601012_55543357, Time = 8.90 sec. 
-Trial 15 2601012 55543357 11.115139
* 16: Cost = 2598484_56082086, Time = 9.04 sec. 
-Trial 16 2598484 56082086 11.259465
* 17: Cost = 2598484_55915033, Time = 9.06 sec. 
-Trial 17 2598484 55915033 11.274255
-Trial 18 2598484 55915033 11.435899
-Trial 19 2598484 55915033 11.489114
* 20: Cost = 2598484_55906788, Time = 9.29 sec. 
-Trial 20 2598484 55906788 11.510640
* 21: Cost = 0_54936463, Time = 9.42 sec. 
-Trial 21 0 54936463 11.636587
-Trial 22 0 54936463 11.702995
-Trial 23 0 54936463 11.704652
* 24: Cost = 0_53987025, Time = 9.51 sec. 
-Trial 24 0 53987025 11.729314
* 25: Cost = 0_53860347, Time = 9.52 sec. 
-Trial 25 0 53860347 11.739059
-Trial 26 0 53860347 11.741689
-Trial 27 0 53860347 11.807024
-Trial 28 0 53860347 11.849336
-Trial 29 0 53860347 11.906433
-Trial 30 0 53860347 11.979145
* 31: Cost = 0_53549654, Time = 9.81 sec. 
-Trial 31 0 53549654 12.031292
* 32: Cost = 0_53533096, Time = 9.83 sec. 
-Trial 32 0 53533096 12.051226
-Trial 33 0 53533096 12.092047
* 34: Cost = 0_53396534, Time = 9.89 sec. 
-Trial 34 0 53396534 12.106066
-Trial 35 0 53396534 12.110418
* 36: Cost = 0_53041337, Time = 9.93 sec. 
-Trial 36 0 53041337 12.144219
* 37: Cost = 0_52156735, Time = 9.96 sec. 
-Trial 37 0 52156735 12.175441
-Trial 38 0 52156735 12.426920
* 39: Cost = 0_52104724, Time = 10.22 sec. 
-Trial 39 0 52104724 12.440974
* 40: Cost = 0_51458062, Time = 10.25 sec. 
-Trial 40 0 51458062 12.466100
-Trial 41 0 51458062 12.481606
-Trial 42 0 51458062 12.632161
-Trial 43 0 51458062 12.678336
-Trial 44 0 51458062 12.727757
-Trial 45 0 51458062 12.741972
* 46: Cost = 0_51293877, Time = 10.55 sec. 
-Trial 46 0 51293877 12.766513
* 47: Cost = 0_51240929, Time = 10.56 sec. 
-Trial 47 0 51240929 12.781117
-Trial 48 0 51240929 12.788387
-Trial 49 0 51240929 12.811494
-Trial 50 0 51240929 12.845526
-Trial 51 0 51240929 12.955121
-Trial 52 0 51240929 12.990344
-Trial 53 0 51240929 13.002440
-Trial 54 0 51240929 13.021009
* 55: Cost = 0_50686032, Time = 10.86 sec. 
-Trial 55 0 50686032 13.072305
-Trial 56 0 50686032 13.093399
-Trial 57 0 50686032 13.098970
-Trial 58 0 50686032 13.112764
-Trial 59 0 50686032 13.150989
* 60: Cost = 0_50617919, Time = 10.94 sec. 
-Trial 60 0 50617919 13.156619
-Trial 61 0 50617919 13.168061
* 62: Cost = 0_50602789, Time = 10.99 sec. 
-Trial 62 0 50602789 13.208313
* 63: Cost = 0_50522046, Time = 10.99 sec. 
-Trial 63 0 50522046 13.211053
* 64: Cost = 0_50161949, Time = 11.06 sec. 
-Trial 64 0 50161949 13.274805
-Trial 65 0 50161949 13.280020
-Trial 66 0 50161949 13.347661
* 67: Cost = 0_49982872, Time = 11.15 sec. 
-Trial 67 0 49982872 13.364065
-Trial 68 0 49982872 13.467982
-Trial 69 0 49982872 13.480580
* 70: Cost = 0_49875770, Time = 11.29 sec. 
-Trial 70 0 49875770 13.508556
-Trial 71 0 49875770 13.527266
* 72: Cost = 0_49756506, Time = 11.33 sec. 
-Trial 72 0 49756506 13.552135
-Trial 73 0 49756506 13.562092
-Trial 74 0 49756506 13.570292
* 75: Cost = 0_49466470, Time = 11.40 sec. 
-Trial 75 0 49466470 13.614799
-Trial 76 0 49466470 13.618412
-Trial 77 0 49466470 13.632416
-Trial 78 0 49466470 13.815787
-Trial 79 0 49466470 13.825512
-Trial 80 0 49466470 13.837312
-Trial 81 0 49466470 13.884932
-Trial 82 0 49466470 13.894103
-Trial 83 0 49466470 13.918895
-Trial 84 0 49466470 13.954091
* 85: Cost = 0_49342604, Time = 11.81 sec. 
-Trial 85 0 49342604 14.023831
-Trial 86 0 49342604 14.057910
-Trial 87 0 49342604 14.075412
-Trial 88 0 49342604 14.082585
-Trial 89 0 49342604 14.086016
-Trial 90 0 49342604 14.092311
-Trial 91 0 49342604 14.162403
-Trial 92 0 49342604 14.199849
-Trial 93 0 49342604 14.201881
* 94: Cost = 0_49222693, Time = 11.99 sec. 
-Trial 94 0 49222693 14.211783
-Trial 95 0 49222693 14.236095
-Trial 96 0 49222693 14.260078
-Trial 97 0 49222693 14.279685
-Trial 98 0 49222693 14.338897
-Trial 99 0 49222693 14.346466
-Trial 100 0 49222693 14.371254
-Trial 101 0 49222693 14.399339
-Trial 102 0 49222693 14.403406
-Trial 103 0 49222693 14.407841
* 104: Cost = 0_49164808, Time = 12.20 sec. 
-Trial 104 0 49164808 14.420924
* 105: Cost = 0_49112442, Time = 12.27 sec. 
-Trial 105 0 49112442 14.484848
-Trial 106 0 49112442 14.515353
* 107: Cost = 0_48985220, Time = 12.32 sec. 
-Trial 107 0 48985220 14.535046
-Trial 108 0 48985220 14.549843
-Trial 109 0 48985220 14.588104
* 110: Cost = 0_48958441, Time = 12.38 sec. 
-Trial 110 0 48958441 14.594483
* 111: Cost = 0_48866159, Time = 12.40 sec. 
-Trial 111 0 48866159 14.618508
-Trial 112 0 48866159 14.667118
* 113: Cost = 0_48845950, Time = 12.47 sec. 
-Trial 113 0 48845950 14.685918
-Trial 114 0 48845950 14.737398
-Trial 115 0 48845950 14.746463
* 116: Cost = 0_48828470, Time = 12.58 sec. 
-Trial 116 0 48828470 14.794105
* 117: Cost = 0_48743747, Time = 12.63 sec. 
-Trial 117 0 48743747 14.843571
* 118: Cost = 0_48676782, Time = 12.63 sec. 
-Trial 118 0 48676782 14.849201
-Trial 119 0 48676782 14.882264
-Trial 120 0 48676782 14.888094
* 121: Cost = 0_48505822, Time = 12.68 sec. 
-Trial 121 0 48505822 14.897625
-Trial 122 0 48505822 14.909167
-Trial 123 0 48505822 14.929090
-Trial 124 0 48505822 14.933785
-Trial 125 0 48505822 14.947366
* 126: Cost = 0_48352744, Time = 12.74 sec. 
-Trial 126 0 48352744 14.960043
* 127: Cost = 0_48338489, Time = 12.87 sec. 
-Trial 127 0 48338489 15.083373
-Trial 128 0 48338489 15.117964
* 129: Cost = 0_48159407, Time = 12.91 sec. 
-Trial 129 0 48159407 15.123696
-Trial 130 0 48159407 15.158330
-Trial 131 0 48159407 15.166632
* 132: Cost = 0_48107585, Time = 13.01 sec. 
-Trial 132 0 48107585 15.224551
-Trial 133 0 48107585 15.305924
* 134: Cost = 0_48057717, Time = 13.13 sec. 
-Trial 134 0 48057717 15.345176
-Trial 135 0 48057717 15.366206
-Trial 136 0 48057717 15.382703
-Trial 137 0 48057717 15.393985
-Trial 138 0 48057717 15.396440
-Trial 139 0 48057717 15.431417
-Trial 140 0 48057717 15.436013
* 141: Cost = 0_47919150, Time = 13.31 sec. 
-Trial 141 0 47919150 15.532074
-Trial 142 0 47919150 15.629721
* 143: Cost = 0_47828527, Time = 13.56 sec. 
-Trial 143 0 47828527 15.774506
-Trial 144 0 47828527 15.900570
-Trial 145 0 47828527 15.963710
-Trial 146 0 47828527 15.995250
-Trial 147 0 47828527 16.033996
-Trial 148 0 47828527 16.035978
-Trial 149 0 47828527 16.091011
-Trial 150 0 47828527 16.100321
-Trial 151 0 47828527 16.103084
-Trial 152 0 47828527 16.108263
-Trial 153 0 47828527 16.121502
-Trial 154 0 47828527 16.164370
* 155: Cost = 0_47779385, Time = 13.99 sec. 
-Trial 155 0 47779385 16.212020
-Trial 156 0 47779385 16.271859
-Trial 157 0 47779385 16.313828
-Trial 158 0 47779385 16.356426
-Trial 159 0 47779385 16.414496
-Trial 160 0 47779385 16.441567
-Trial 161 0 47779385 16.480278
-Trial 162 0 47779385 16.499566
-Trial 163 0 47779385 16.521858
* 164: Cost = 0_47771862, Time = 14.34 sec. 
-Trial 164 0 47771862 16.554035
-Trial 165 0 47771862 16.601730
* 166: Cost = 0_47766996, Time = 14.63 sec. 
-Trial 166 0 47766996 16.845887
-Trial 167 0 47766996 16.865141
-Trial 168 0 47766996 16.876760
-Trial 169 0 47766996 16.932866
-Trial 170 0 47766996 17.022982
-Trial 171 0 47766996 17.033779
-Trial 172 0 47766996 17.061971
-Trial 173 0 47766996 17.135624
-Trial 174 0 47766996 17.178851
-Trial 175 0 47766996 17.200174
-Trial 176 0 47766996 17.208625
* 177: Cost = 0_47670184, Time = 15.01 sec. 
-Trial 177 0 47670184 17.228833
-Trial 178 0 47670184 17.300958
-Trial 179 0 47670184 17.337726
-Trial 180 0 47670184 17.347745
* 181: Cost = 0_47648902, Time = 15.14 sec. 
-Trial 181 0 47648902 17.352341
-Trial 182 0 47648902 17.380061
-Trial 183 0 47648902 17.395674
-Trial 184 0 47648902 17.418718
* 185: Cost = 0_47626214, Time = 15.21 sec. 
-Trial 185 0 47626214 17.428223
-Trial 186 0 47626214 17.443087
-Trial 187 0 47626214 17.454276
-Trial 188 0 47626214 17.464473
-Trial 189 0 47626214 17.475621
* 190: Cost = 0_47607690, Time = 15.28 sec. 
-Trial 190 0 47607690 17.501161
-Trial 191 0 47607690 17.506610
-Trial 192 0 47607690 17.547789
-Trial 193 0 47607690 17.583337
-Trial 194 0 47607690 17.603319
-Trial 195 0 47607690 17.633254
-Trial 196 0 47607690 17.750158
* 197: Cost = 0_47573786, Time = 15.60 sec. 
-Trial 197 0 47573786 17.813377
* 198: Cost = 0_47560043, Time = 15.63 sec. 
-Trial 198 0 47560043 17.846107
-Trial 199 0 47560043 17.851136
-Trial 200 0 47560043 17.865414
-Trial 201 0 47560043 17.867629
-Trial 202 0 47560043 17.922663
-Trial 203 0 47560043 17.969955
-Trial 204 0 47560043 17.980539
-Trial 205 0 47560043 18.164344
-Trial 206 0 47560043 18.185445
-Trial 207 0 47560043 18.205569
* 208: Cost = 0_47510402, Time = 16.03 sec. 
-Trial 208 0 47510402 18.251356
-Trial 209 0 47510402 18.278654
-Trial 210 0 47510402 18.327354
-Trial 211 0 47510402 18.446642
* 212: Cost = 0_47506465, Time = 16.30 sec. 
-Trial 212 0 47506465 18.520621
-Trial 213 0 47506465 18.543258
-Trial 214 0 47506465 18.559139
* 215: Cost = 0_47500500, Time = 16.36 sec. 
-Trial 215 0 47500500 18.580103
-Trial 216 0 47500500 18.641080
-Trial 217 0 47500500 18.689423
-Trial 218 0 47500500 18.696867
-Trial 219 0 47500500 18.730995
* 220: Cost = 0_47461210, Time = 16.52 sec. 
-Trial 220 0 47461210 18.740442
-Trial 221 0 47461210 18.751705
-Trial 222 0 47461210 18.785091
-Trial 223 0 47461210 18.867843
-Trial 224 0 47461210 18.896866
-Trial 225 0 47461210 18.990150
* 226: Cost = 0_47262515, Time = 16.78 sec. 
-Trial 226 0 47262515 18.996576
-Trial 227 0 47262515 19.003955
-Trial 228 0 47262515 19.019050
-Trial 229 0 47262515 19.039091
-Trial 230 0 47262515 19.065571
-Trial 231 0 47262515 19.089741
-Trial 232 0 47262515 19.113617
-Trial 233 0 47262515 19.145834
-Trial 234 0 47262515 19.160383
-Trial 235 0 47262515 19.169572
-Trial 236 0 47262515 19.176756
-Trial 237 0 47262515 19.202577
-Trial 238 0 47262515 19.236889
-Trial 239 0 47262515 19.258068
-Trial 240 0 47262515 19.300024
* 241: Cost = 0_47151835, Time = 17.09 sec. 
-Trial 241 0 47151835 19.304707
-Trial 242 0 47151835 19.311967
-Trial 243 0 47151835 19.321381
-Trial 244 0 47151835 19.343912
-Trial 245 0 47151835 19.423734
-Trial 246 0 47151835 19.427861
-Trial 247 0 47151835 19.496891
-Trial 248 0 47151835 19.535977
-Trial 249 0 47151835 19.555069
-Trial 250 0 47151835 19.558128
-Trial 251 0 47151835 19.578412
-Trial 252 0 47151835 19.716376
-Trial 253 0 47151835 19.754830
-Trial 254 0 47151835 19.790790
-Trial 255 0 47151835 19.843683
-Trial 256 0 47151835 19.890442
-Trial 257 0 47151835 19.917048
-Trial 258 0 47151835 19.931868
-Trial 259 0 47151835 19.977516
-Trial 260 0 47151835 19.977936
-Trial 261 0 47151835 20.038968
* 262: Cost = 0_47112471, Time = 17.83 sec. 
-Trial 262 0 47112471 20.047272
-Trial 263 0 47112471 20.076738
-Trial 264 0 47112471 20.086405
-Trial 265 0 47112471 20.097342
-Trial 266 0 47112471 20.106186
-Trial 267 0 47112471 20.134929
-Trial 268 0 47112471 20.139526
-Trial 269 0 47112471 20.198496
-Trial 270 0 47112471 20.205731
* 271: Cost = 0_47079421, Time = 18.02 sec. 
-Trial 271 0 47079421 20.234099
-Trial 272 0 47079421 20.264922
-Trial 273 0 47079421 20.425220
-Trial 274 0 47079421 20.425639
-Trial 275 0 47079421 20.527615
-Trial 276 0 47079421 20.546228
-Trial 277 0 47079421 20.643372
-Trial 278 0 47079421 20.672770
-Trial 279 0 47079421 20.684523
-Trial 280 0 47079421 20.703388
-Trial 281 0 47079421 20.798843
-Trial 282 0 47079421 20.833514
-Trial 283 0 47079421 20.840782
-Trial 284 0 47079421 20.847382
-Trial 285 0 47079421 20.863156
-Trial 286 0 47079421 20.868310
-Trial 287 0 47079421 20.869805
-Trial 288 0 47079421 20.874557
-Trial 289 0 47079421 20.932188
-Trial 290 0 47079421 20.940867
* 291: Cost = 0_46987761, Time = 18.74 sec. 
-Trial 291 0 46987761 20.956283
-Trial 292 0 46987761 20.961439
-Trial 293 0 46987761 20.980052
-Trial 294 0 46987761 21.003607
-Trial 295 0 46987761 21.019822
-Trial 296 0 46987761 21.226871
-Trial 297 0 46987761 21.233806
-Trial 298 0 46987761 21.336986
* 299: Cost = 0_46838892, Time = 19.17 sec. 
-Trial 299 0 46838892 21.389099
-Trial 300 0 46838892 21.454803
-Trial 301 0 46838892 21.479286
-Trial 302 0 46838892 21.488939
-Trial 303 0 46838892 21.498938
-Trial 304 0 46838892 21.525213
-Trial 305 0 46838892 21.535077
-Trial 306 0 46838892 21.548772
-Trial 307 0 46838892 21.557670
-Trial 308 0 46838892 21.567530
* 309: Cost = 0_46817882, Time = 19.42 sec. 
-Trial 309 0 46817882 21.636605
-Trial 310 0 46817882 21.665003
-Trial 311 0 46817882 21.683265
-Trial 312 0 46817882 21.708746
* 313: Cost = 0_46816488, Time = 19.52 sec. 
-Trial 313 0 46816488 21.735178
-Trial 314 0 46816488 21.739321
-Trial 315 0 46816488 21.776066
* 316: Cost = 0_46796284, Time = 19.56 sec. 
-Trial 316 0 46796284 21.781768
-Trial 317 0 46796284 21.796839
* 318: Cost = 0_46787050, Time = 19.61 sec. 
-Trial 318 0 46787050 21.825563
-Trial 319 0 46787050 21.836733
-Trial 320 0 46787050 21.867628
-Trial 321 0 46787050 21.920391
* 322: Cost = 0_46772560, Time = 19.80 sec. 
-Trial 322 0 46772560 22.016845
-Trial 323 0 46772560 22.098355
-Trial 324 0 46772560 22.144521
-Trial 325 0 46772560 22.171277
-Trial 326 0 46772560 22.202031
-Trial 327 0 46772560 22.229012
-Trial 328 0 46772560 22.270604
-Trial 329 0 46772560 22.291577
-Trial 330 0 46772560 22.323547
-Trial 331 0 46772560 22.344475
* 332: Cost = 0_46766043, Time = 20.17 sec. 
-Trial 332 0 46766043 22.384942
-Trial 333 0 46766043 22.403585
* 334: Cost = 0_46753473, Time = 20.20 sec. 
-Trial 334 0 46753473 22.420271
-Trial 335 0 46753473 22.434037
-Trial 336 0 46753473 22.540345
-Trial 337 0 46753473 22.557266
-Trial 338 0 46753473 22.563962
-Trial 339 0 46753473 22.579598
-Trial 340 0 46753473 22.626186
-Trial 341 0 46753473 22.649337
-Trial 342 0 46753473 22.693016
-Trial 343 0 46753473 22.704525
-Trial 344 0 46753473 22.858742
-Trial 345 0 46753473 22.927378
-Trial 346 0 46753473 22.967963
-Trial 347 0 46753473 22.969234
-Trial 348 0 46753473 23.017486
-Trial 349 0 46753473 23.036749
-Trial 350 0 46753473 23.054288
-Trial 351 0 46753473 23.059756
-Trial 352 0 46753473 23.061913
-Trial 353 0 46753473 23.064491
-Trial 354 0 46753473 23.080447
-Trial 355 0 46753473 23.084452
-Trial 356 0 46753473 23.112971
-Trial 357 0 46753473 23.204293
-Trial 358 0 46753473 23.249191
-Trial 359 0 46753473 23.275418
-Trial 360 0 46753473 23.280485
-Trial 361 0 46753473 23.339090
-Trial 362 0 46753473 23.343301
-Trial 363 0 46753473 23.349711
-Trial 364 0 46753473 23.363194
-Trial 365 0 46753473 23.370734
-Trial 366 0 46753473 23.375415
-Trial 367 0 46753473 23.412253
-Trial 368 0 46753473 23.415225
-Trial 369 0 46753473 23.477389
-Trial 370 0 46753473 23.529807
-Trial 371 0 46753473 23.549367
-Trial 372 0 46753473 23.574921
-Trial 373 0 46753473 23.658355
-Trial 374 0 46753473 23.665652
-Trial 375 0 46753473 23.708874
-Trial 376 0 46753473 23.770453
-Trial 377 0 46753473 23.799058
-Trial 378 0 46753473 23.807735
-Trial 379 0 46753473 23.829664
-Trial 380 0 46753473 23.838564
-Trial 381 0 46753473 23.862191
-Trial 382 0 46753473 23.924440
-Trial 383 0 46753473 23.954244
-Trial 384 0 46753473 23.961987
-Trial 385 0 46753473 23.977756
-Trial 386 0 46753473 23.993814
-Trial 387 0 46753473 24.032050
-Trial 388 0 46753473 24.037955
-Trial 389 0 46753473 24.062428
-Trial 390 0 46753473 24.073329
-Trial 391 0 46753473 24.098907
-Trial 392 0 46753473 24.164844
-Trial 393 0 46753473 24.175798
-Trial 394 0 46753473 24.220736
-Trial 395 0 46753473 24.408201
-Trial 396 0 46753473 24.417019
-Trial 397 0 46753473 24.457364
-Trial 398 0 46753473 24.471644
-Trial 399 0 46753473 24.500224
-Trial 400 0 46753473 24.529599
-Trial 401 0 46753473 24.654724
-Trial 402 0 46753473 24.685259
-Trial 403 0 46753473 24.685723
-Trial 404 0 46753473 24.704838
-Trial 405 0 46753473 24.708575
-Trial 406 0 46753473 24.776508
-Trial 407 0 46753473 24.782689
-Trial 408 0 46753473 24.871692
-Trial 409 0 46753473 24.873961
-Trial 410 0 46753473 24.883169
-Trial 411 0 46753473 24.916382
-Trial 412 0 46753473 24.920065
* 413: Cost = 0_46729221, Time = 22.77 sec. 
-Trial 413 0 46729221 24.990244
-Trial 414 0 46729221 24.992701
-Trial 415 0 46729221 25.002806
* 416: Cost = 0_46723556, Time = 22.84 sec. 
-Trial 416 0 46723556 25.054347
-Trial 417 0 46723556 25.091958
-Trial 418 0 46723556 25.093557
-Trial 419 0 46723556 25.107181
-Trial 420 0 46723556 25.114918
-Trial 421 0 46723556 25.125207
-Trial 422 0 46723556 25.141980
-Trial 423 0 46723556 25.204303
-Trial 424 0 46723556 25.233644
-Trial 425 0 46723556 25.268865
-Trial 426 0 46723556 25.277625
-Trial 427 0 46723556 25.289334
-Trial 428 0 46723556 25.291489
-Trial 429 0 46723556 25.336044
-Trial 430 0 46723556 25.357240
-Trial 431 0 46723556 25.381423
-Trial 432 0 46723556 25.392788
-Trial 433 0 46723556 25.460849
-Trial 434 0 46723556 25.520587
-Trial 435 0 46723556 25.544124
-Trial 436 0 46723556 25.552418
-Trial 437 0 46723556 25.594075
-Trial 438 0 46723556 25.647711
-Trial 439 0 46723556 25.683930
-Trial 440 0 46723556 25.708076
-Trial 441 0 46723556 25.715793
-Trial 442 0 46723556 25.776000
-Trial 443 0 46723556 25.833185
-Trial 444 0 46723556 25.835674
-Trial 445 0 46723556 25.854629
-Trial 446 0 46723556 25.861950
-Trial 447 0 46723556 25.903336
-Trial 448 0 46723556 25.927574
-Trial 449 0 46723556 25.941464
* 450: Cost = 0_46635666, Time = 23.83 sec. 
-Trial 450 0 46635666 26.048431
-Trial 451 0 46635666 26.049003
-Trial 452 0 46635666 26.058597
-Trial 453 0 46635666 26.071649
-Trial 454 0 46635666 26.094914
-Trial 455 0 46635666 26.107675
-Trial 456 0 46635666 26.143014
-Trial 457 0 46635666 26.188051
-Trial 458 0 46635666 26.277724
-Trial 459 0 46635666 26.300192
-Trial 460 0 46635666 26.327042
-Trial 461 0 46635666 26.334297
-Trial 462 0 46635666 26.342229
-Trial 463 0 46635666 26.400912
-Trial 464 0 46635666 26.427497
-Trial 465 0 46635666 26.466058
-Trial 466 0 46635666 26.475012
-Trial 467 0 46635666 26.481514
-Trial 468 0 46635666 26.556971
-Trial 469 0 46635666 26.583124
-Trial 470 0 46635666 26.600343
-Trial 471 0 46635666 26.671422
-Trial 472 0 46635666 26.701738
-Trial 473 0 46635666 26.712437
-Trial 474 0 46635666 26.735137
-Trial 475 0 46635666 26.782379
-Trial 476 0 46635666 26.788531
-Trial 477 0 46635666 26.828069
-Trial 478 0 46635666 26.868492
-Trial 479 0 46635666 26.888039
-Trial 480 0 46635666 26.927005
-Trial 481 0 46635666 26.938394
-Trial 482 0 46635666 26.968997
-Trial 483 0 46635666 26.981568
* 484: Cost = 0_46627749, Time = 24.77 sec. 
-Trial 484 0 46627749 26.992130
-Trial 485 0 46627749 27.018049
-Trial 486 0 46627749 27.043558
-Trial 487 0 46627749 27.045419
-Trial 488 0 46627749 27.053978
-Trial 489 0 46627749 27.054690
-Trial 490 0 46627749 27.068164
-Trial 491 0 46627749 27.077866
-Trial 492 0 46627749 27.091866
-Trial 493 0 46627749 27.340859
-Trial 494 0 46627749 27.355375
-Trial 495 0 46627749 27.367478
-Trial 496 0 46627749 27.401515
-Trial 497 0 46627749 27.419686
-Trial 498 0 46627749 27.453525
-Trial 499 0 46627749 27.464751
-Trial 500 0 46627749 27.466286
-Trial 501 0 46627749 27.540384
-Trial 502 0 46627749 27.558141
* 503: Cost = 0_46591931, Time = 25.36 sec. 
-Trial 503 0 46591931 27.577102
-Trial 504 0 46591931 27.604204
-Trial 505 0 46591931 27.640357
-Trial 506 0 46591931 27.656673
-Trial 507 0 46591931 27.676288
-Trial 508 0 46591931 27.683590
-Trial 509 0 46591931 27.753737
-Trial 510 0 46591931 27.821375
-Trial 511 0 46591931 27.860045
-Trial 512 0 46591931 27.907405
-Trial 513 0 46591931 27.931390
-Trial 514 0 46591931 27.957836
* 515: Cost = 0_46570341, Time = 25.77 sec. 
-Trial 515 0 46570341 27.987296
-Trial 516 0 46570341 28.247372
-Trial 517 0 46570341 28.278228
-Trial 518 0 46570341 28.292320
-Trial 519 0 46570341 28.304900
* 520: Cost = 0_46564324, Time = 26.11 sec. 
-Trial 520 0 46564324 28.325678
-Trial 521 0 46564324 28.352925
-Trial 522 0 46564324 28.358525
-Trial 523 0 46564324 28.364699
-Trial 524 0 46564324 28.366155
-Trial 525 0 46564324 28.382749
-Trial 526 0 46564324 28.521630
-Trial 527 0 46564324 28.565080
-Trial 528 0 46564324 28.723954
-Trial 529 0 46564324 28.755625
-Trial 530 0 46564324 28.785848
-Trial 531 0 46564324 28.799722
-Trial 532 0 46564324 28.817701
-Trial 533 0 46564324 28.830997
-Trial 534 0 46564324 28.856711
-Trial 535 0 46564324 28.861855
-Trial 536 0 46564324 28.893494
-Trial 537 0 46564324 28.899293
-Trial 538 0 46564324 28.904195
-Trial 539 0 46564324 28.929669
-Trial 540 0 46564324 29.006219
-Trial 541 0 46564324 29.012426
-Trial 542 0 46564324 29.045318
-Trial 543 0 46564324 29.049037
-Trial 544 0 46564324 29.203079
-Trial 545 0 46564324 29.213394
-Trial 546 0 46564324 29.229278
-Trial 547 0 46564324 29.316477
-Trial 548 0 46564324 29.389788
-Trial 549 0 46564324 29.404564
-Trial 550 0 46564324 29.414741
-Trial 551 0 46564324 29.417097
-Trial 552 0 46564324 29.439608
-Trial 553 0 46564324 29.508576
-Trial 554 0 46564324 29.515146
-Trial 555 0 46564324 29.536313
-Trial 556 0 46564324 29.541107
-Trial 557 0 46564324 29.664208
-Trial 558 0 46564324 30.010228
-Trial 559 0 46564324 30.074493
-Trial 560 0 46564324 30.097325
-Trial 561 0 46564324 30.108701
-Trial 562 0 46564324 30.139141
-Trial 563 0 46564324 30.172369
-Trial 564 0 46564324 30.240752
-Trial 565 0 46564324 30.269497
-Trial 566 0 46564324 30.303335
-Trial 567 0 46564324 30.310450
-Trial 568 0 46564324 30.424383
-Trial 569 0 46564324 30.454824
-Trial 570 0 46564324 30.463347
-Trial 571 0 46564324 30.567035
-Trial 572 0 46564324 30.623955
-Trial 573 0 46564324 30.626824
-Trial 574 0 46564324 30.649763
-Trial 575 0 46564324 30.666564
-Trial 576 0 46564324 30.722689
-Trial 577 0 46564324 30.727827
-Trial 578 0 46564324 30.761382
-Trial 579 0 46564324 30.768648
-Trial 580 0 46564324 30.783587
-Trial 581 0 46564324 30.796634
-Trial 582 0 46564324 30.829019
-Trial 583 0 46564324 30.842360
-Trial 584 0 46564324 30.857689
-Trial 585 0 46564324 30.864013
-Trial 586 0 46564324 30.942891
-Trial 587 0 46564324 30.966021
-Trial 588 0 46564324 30.978937
-Trial 589 0 46564324 31.065640
-Trial 590 0 46564324 31.085645
-Trial 591 0 46564324 31.088643
-Trial 592 0 46564324 31.117436
-Trial 593 0 46564324 31.163293
-Trial 594 0 46564324 31.168326
-Trial 595 0 46564324 31.170476
-Trial 596 0 46564324 31.174518
-Trial 597 0 46564324 31.183763
-Trial 598 0 46564324 31.196018
-Trial 599 0 46564324 31.198661
-Trial 600 0 46564324 31.220983
-Trial 601 0 46564324 31.234136
-Trial 602 0 46564324 31.250701
-Trial 603 0 46564324 31.285589
-Trial 604 0 46564324 31.338394
-Trial 605 0 46564324 31.368969
-Trial 606 0 46564324 31.432645
-Trial 607 0 46564324 31.457086
-Trial 608 0 46564324 31.501865
-Trial 609 0 46564324 31.507790
-Trial 610 0 46564324 31.530266
-Trial 611 0 46564324 31.538711
-Trial 612 0 46564324 31.592226
-Trial 613 0 46564324 31.596610
-Trial 614 0 46564324 31.604041
-Trial 615 0 46564324 31.615590
-Trial 616 0 46564324 31.618982
* 617: Cost = 0_46534807, Time = 29.44 sec. 
-Trial 617 0 46534807 31.653922
-Trial 618 0 46534807 31.698174
-Trial 619 0 46534807 31.717354
-Trial 620 0 46534807 31.743187
-Trial 621 0 46534807 31.792962
-Trial 622 0 46534807 31.810818
-Trial 623 0 46534807 31.814225
-Trial 624 0 46534807 31.830624
-Trial 625 0 46534807 31.949160
-Trial 626 0 46534807 31.972491
-Trial 627 0 46534807 31.977522
-Trial 628 0 46534807 31.987073
-Trial 629 0 46534807 32.076429
-Trial 630 0 46534807 32.099630
-Trial 631 0 46534807 32.108833
-Trial 632 0 46534807 32.131277
-Trial 633 0 46534807 32.177834
-Trial 634 0 46534807 32.189318
-Trial 635 0 46534807 32.207040
-Trial 636 0 46534807 32.237845
-Trial 637 0 46534807 32.242246
-Trial 638 0 46534807 32.259560
-Trial 639 0 46534807 32.267818
-Trial 640 0 46534807 32.274657
-Trial 641 0 46534807 32.276135
-Trial 642 0 46534807 32.277578
-Trial 643 0 46534807 32.277978
-Trial 644 0 46534807 32.287702
-Trial 645 0 46534807 32.337303
-Trial 646 0 46534807 32.342298
-Trial 647 0 46534807 32.371903
-Trial 648 0 46534807 32.421454
-Trial 649 0 46534807 32.477527
-Trial 650 0 46534807 32.484081
-Trial 651 0 46534807 32.591817
-Trial 652 0 46534807 32.601042
-Trial 653 0 46534807 32.609342
-Trial 654 0 46534807 32.644304
-Trial 655 0 46534807 32.689836
-Trial 656 0 46534807 32.733284
-Trial 657 0 46534807 32.742059
-Trial 658 0 46534807 32.745956
-Trial 659 0 46534807 32.806333
-Trial 660 0 46534807 32.859834
-Trial 661 0 46534807 32.911566
-Trial 662 0 46534807 32.918824
-Trial 663 0 46534807 32.937209
-Trial 664 0 46534807 32.987915
-Trial 665 0 46534807 33.007280
-Trial 666 0 46534807 33.026719
-Trial 667 0 46534807 33.081113
-Trial 668 0 46534807 33.131411
-Trial 669 0 46534807 33.169481
-Trial 670 0 46534807 33.203112
-Trial 671 0 46534807 33.212943
-Trial 672 0 46534807 33.260110
-Trial 673 0 46534807 33.265818
-Trial 674 0 46534807 33.406411
-Trial 675 0 46534807 33.408033
-Trial 676 0 46534807 33.425168
-Trial 677 0 46534807 33.472433
-Trial 678 0 46534807 33.536238
-Trial 679 0 46534807 33.552772
-Trial 680 0 46534807 33.565717
-Trial 681 0 46534807 33.606290
-Trial 682 0 46534807 33.635788
-Trial 683 0 46534807 33.645962
-Trial 684 0 46534807 33.651384
-Trial 685 0 46534807 33.656958
-Trial 686 0 46534807 33.726916
-Trial 687 0 46534807 33.744346
-Trial 688 0 46534807 33.759041
-Trial 689 0 46534807 33.772841
-Trial 690 0 46534807 33.779184
-Trial 691 0 46534807 33.810362
-Trial 692 0 46534807 33.876196
-Trial 693 0 46534807 33.895138
-Trial 694 0 46534807 33.914899
-Trial 695 0 46534807 33.918730
-Trial 696 0 46534807 33.930597
-Trial 697 0 46534807 33.979365
-Trial 698 0 46534807 34.106894
-Trial 699 0 46534807 34.110686
-Trial 700 0 46534807 34.119537
-Trial 701 0 46534807 34.139817
-Trial 702 0 46534807 34.154013
-Trial 703 0 46534807 34.269044
-Trial 704 0 46534807 34.271463
-Trial 705 0 46534807 34.326105
-Trial 706 0 46534807 34.336122
-Trial 707 0 46534807 34.359336
-Trial 708 0 46534807 34.420086
-Trial 709 0 46534807 34.484708
-Trial 710 0 46534807 34.719405
-Trial 711 0 46534807 34.727466
-Trial 712 0 46534807 34.743314
-Trial 713 0 46534807 34.780937
-Trial 714 0 46534807 34.812057
-Trial 715 0 46534807 34.846887
-Trial 716 0 46534807 34.925360
-Trial 717 0 46534807 34.938492
-Trial 718 0 46534807 34.940413
-Trial 719 0 46534807 34.973164
-Trial 720 0 46534807 35.004777
-Trial 721 0 46534807 35.020558
-Trial 722 0 46534807 35.052608
-Trial 723 0 46534807 35.067673
-Trial 724 0 46534807 35.164301
-Trial 725 0 46534807 35.295406
-Trial 726 0 46534807 35.369210
-Trial 727 0 46534807 35.379795
-Trial 728 0 46534807 35.388381
-Trial 729 0 46534807 35.423980
-Trial 730 0 46534807 35.426792
-Trial 731 0 46534807 35.448678
-Trial 732 0 46534807 35.499566
-Trial 733 0 46534807 35.529654
-Trial 734 0 46534807 35.536665
-Trial 735 0 46534807 35.550425
-Trial 736 0 46534807 35.569826
-Trial 737 0 46534807 35.573798
-Trial 738 0 46534807 35.650208
-Trial 739 0 46534807 35.651775
-Trial 740 0 46534807 35.654380
-Trial 741 0 46534807 35.698164
-Trial 742 0 46534807 35.708298
-Trial 743 0 46534807 35.730277
-Trial 744 0 46534807 35.742794
-Trial 745 0 46534807 35.750489
-Trial 746 0 46534807 35.837463
-Trial 747 0 46534807 35.931977
-Trial 748 0 46534807 35.944341
-Trial 749 0 46534807 35.957474
-Trial 750 0 46534807 35.981984
-Trial 751 0 46534807 36.018333
-Trial 752 0 46534807 36.038926
-Trial 753 0 46534807 36.051626
-Trial 754 0 46534807 36.075110
-Trial 755 0 46534807 36.083697
-Trial 756 0 46534807 36.119809
* 757: Cost = 0_46517064, Time = 33.94 sec. 
-Trial 757 0 46517064 36.161441
-Trial 758 0 46517064 36.184577
-Trial 759 0 46517064 36.209395
-Trial 760 0 46517064 36.234931
-Trial 761 0 46517064 36.245176
-Trial 762 0 46517064 36.401668
-Trial 763 0 46517064 36.457521
-Trial 764 0 46517064 36.458723
-Trial 765 0 46517064 36.466148
-Trial 766 0 46517064 36.489860
-Trial 767 0 46517064 36.513831
-Trial 768 0 46517064 36.527123
-Trial 769 0 46517064 36.566449
-Trial 770 0 46517064 36.577259
-Trial 771 0 46517064 36.589536
-Trial 772 0 46517064 36.595169
-Trial 773 0 46517064 36.668912
-Trial 774 0 46517064 36.708024
-Trial 775 0 46517064 36.715840
-Trial 776 0 46517064 36.737043
-Trial 777 0 46517064 36.802202
-Trial 778 0 46517064 36.863100
* 779: Cost = 0_46487402, Time = 34.66 sec. 
-Trial 779 0 46487402 36.881141
-Trial 780 0 46487402 36.964296
-Trial 781 0 46487402 37.086489
-Trial 782 0 46487402 37.144327
-Trial 783 0 46487402 37.159217
-Trial 784 0 46487402 37.344897
-Trial 785 0 46487402 37.348469
-Trial 786 0 46487402 37.446209
-Trial 787 0 46487402 37.487036
-Trial 788 0 46487402 37.642280
-Trial 789 0 46487402 37.651872
-Trial 790 0 46487402 37.661731
-Trial 791 0 46487402 37.720282
-Trial 792 0 46487402 37.730410
-Trial 793 0 46487402 37.740377
* 794: Cost = 0_46394239, Time = 35.56 sec. 
-Trial 794 0 46394239 37.781824
-Trial 795 0 46394239 37.829797
-Trial 796 0 46394239 37.834496
-Trial 797 0 46394239 37.839080
-Trial 798 0 46394239 37.856489
-Trial 799 0 46394239 37.870277
-Trial 800 0 46394239 37.918999
-Trial 801 0 46394239 37.981772
-Trial 802 0 46394239 37.993575
-Trial 803 0 46394239 38.031782
-Trial 804 0 46394239 38.043091
* 805: Cost = 0_46220122, Time = 35.92 sec. 
-Trial 805 0 46220122 38.133361
-Trial 806 0 46220122 38.136351
-Trial 807 0 46220122 38.162258
* 808: Cost = 0_46212396, Time = 35.96 sec. 
-Trial 808 0 46212396 38.179228
-Trial 809 0 46212396 38.222693
-Trial 810 0 46212396 38.234816
-Trial 811 0 46212396 38.242567
-Trial 812 0 46212396 38.252587
-Trial 813 0 46212396 38.270969
-Trial 814 0 46212396 38.290301
* 815: Cost = 0_46158032, Time = 36.10 sec. 
-Trial 815 0 46158032 38.319936
-Trial 816 0 46158032 38.357208
-Trial 817 0 46158032 38.405070
-Trial 818 0 46158032 38.410646
-Trial 819 0 46158032 38.427950
-Trial 820 0 46158032 38.448234
* 821: Cost = 0_46117379, Time = 36.27 sec. 
-Trial 821 0 46117379 38.483034
-Trial 822 0 46117379 38.588587
-Trial 823 0 46117379 38.595967
-Trial 824 0 46117379 38.658253
-Trial 825 0 46117379 38.692588
-Trial 826 0 46117379 38.750692
* 827: Cost = 0_46097665, Time = 36.54 sec. 
-Trial 827 0 46097665 38.756718
-Trial 828 0 46097665 38.767041
-Trial 829 0 46097665 38.778537
-Trial 830 0 46097665 38.814819
-Trial 831 0 46097665 38.831213
-Trial 832 0 46097665 38.870263
-Trial 833 0 46097665 38.874627
-Trial 834 0 46097665 39.026378
* 835: Cost = 0_45991545, Time = 36.81 sec. 
-Trial 835 0 45991545 39.029858
-Trial 836 0 45991545 39.081407
-Trial 837 0 45991545 39.084243
-Trial 838 0 45991545 39.096519
-Trial 839 0 45991545 39.104326
-Trial 840 0 45991545 39.154106
-Trial 841 0 45991545 39.170916
-Trial 842 0 45991545 39.197825
-Trial 843 0 45991545 39.228281
-Trial 844 0 45991545 39.256255
-Trial 845 0 45991545 39.256749
-Trial 846 0 45991545 39.263054
-Trial 847 0 45991545 39.291037
-Trial 848 0 45991545 39.301460
-Trial 849 0 45991545 39.333006
-Trial 850 0 45991545 39.336023
-Trial 851 0 45991545 39.349747
-Trial 852 0 45991545 39.376027
-Trial 853 0 45991545 39.397557
-Trial 854 0 45991545 39.418002
-Trial 855 0 45991545 39.451224
-Trial 856 0 45991545 39.461411
-Trial 857 0 45991545 39.480736
-Trial 858 0 45991545 39.517656
* 859: Cost = 0_45991482, Time = 37.30 sec. 
-Trial 859 0 45991482 39.520461
-Trial 860 0 45991482 39.609715
* 861: Cost = 0_45943228, Time = 37.41 sec. 
-Trial 861 0 45943228 39.624236
-Trial 862 0 45943228 39.688881
-Trial 863 0 45943228 39.710872
-Trial 864 0 45943228 39.739381
-Trial 865 0 45943228 39.745465
-Trial 866 0 45943228 39.752680
-Trial 867 0 45943228 39.895538
* 868: Cost = 0_45941948, Time = 37.69 sec. 
-Trial 868 0 45941948 39.910373
-Trial 869 0 45941948 39.918585
-Trial 870 0 45941948 39.951938
* 871: Cost = 0_45899622, Time = 37.79 sec. 
-Trial 871 0 45899622 40.009513
-Trial 872 0 45899622 40.039268
-Trial 873 0 45899622 40.059655
-Trial 874 0 45899622 40.102188
-Trial 875 0 45899622 40.124955
-Trial 876 0 45899622 40.210525
-Trial 877 0 45899622 40.586520
-Trial 878 0 45899622 40.600287
-Trial 879 0 45899622 40.608302
* 880: Cost = 0_45877328, Time = 38.42 sec. 
-Trial 880 0 45877328 40.634819
-Trial 881 0 45877328 40.668412
-Trial 882 0 45877328 40.742108
-Trial 883 0 45877328 40.764185
* 884: Cost = 0_45828634, Time = 38.57 sec. 
-Trial 884 0 45828634 40.784563
-Trial 885 0 45828634 40.800757
-Trial 886 0 45828634 40.858002
-Trial 887 0 45828634 40.889630
-Trial 888 0 45828634 40.906485
-Trial 889 0 45828634 40.924078
-Trial 890 0 45828634 40.940733
-Trial 891 0 45828634 40.944363
-Trial 892 0 45828634 40.958745
-Trial 893 0 45828634 40.963890
-Trial 894 0 45828634 40.967042
-Trial 895 0 45828634 40.989183
-Trial 896 0 45828634 40.994369
-Trial 897 0 45828634 40.996585
-Trial 898 0 45828634 40.999051
-Trial 899 0 45828634 41.039374
-Trial 900 0 45828634 41.087476
-Trial 901 0 45828634 41.171511
-Trial 902 0 45828634 41.182044
-Trial 903 0 45828634 41.209319
* 904: Cost = 0_45775504, Time = 39.07 sec. 
-Trial 904 0 45775504 41.283536
-Trial 905 0 45775504 41.293535
-Trial 906 0 45775504 41.333820
-Trial 907 0 45775504 41.350751
-Trial 908 0 45775504 41.478360
-Trial 909 0 45775504 41.511636
-Trial 910 0 45775504 41.556217
-Trial 911 0 45775504 41.614016
-Trial 912 0 45775504 41.628300
-Trial 913 0 45775504 41.639114
-Trial 914 0 45775504 41.649187
-Trial 915 0 45775504 41.686391
-Trial 916 0 45775504 41.709524
-Trial 917 0 45775504 41.749213
-Trial 918 0 45775504 41.813353
-Trial 919 0 45775504 41.844968
-Trial 920 0 45775504 41.853781
* 921: Cost = 0_45733865, Time = 39.69 sec. 
-Trial 921 0 45733865 41.903743
-Trial 922 0 45733865 41.972581
-Trial 923 0 45733865 41.984655
-Trial 924 0 45733865 42.052331
-Trial 925 0 45733865 42.059612
-Trial 926 0 45733865 42.081172
-Trial 927 0 45733865 42.111316
-Trial 928 0 45733865 42.149598
-Trial 929 0 45733865 42.154814
* 930: Cost = 0_45709627, Time = 39.95 sec. 
-Trial 930 0 45709627 42.163589
-Trial 931 0 45709627 42.178906
-Trial 932 0 45709627 42.183681
-Trial 933 0 45709627 42.195713
-Trial 934 0 45709627 42.210735
-Trial 935 0 45709627 42.221018
-Trial 936 0 45709627 42.242750
-Trial 937 0 45709627 42.384830
-Trial 938 0 45709627 42.599527
-Trial 939 0 45709627 42.621086
-Trial 940 0 45709627 42.621518
-Trial 941 0 45709627 42.628197
-Trial 942 0 45709627 42.642879
* 943: Cost = 0_45630185, Time = 40.46 sec. 
-Trial 943 0 45630185 42.675544
-Trial 944 0 45630185 42.690311
-Trial 945 0 45630185 42.721937
-Trial 946 0 45630185 42.754522
* 947: Cost = 0_45626931, Time = 40.54 sec. 
-Trial 947 0 45626931 42.757295
-Trial 948 0 45626931 42.847004
-Trial 949 0 45626931 42.852709
-Trial 950 0 45626931 42.864811
-Trial 951 0 45626931 42.871056
-Trial 952 0 45626931 42.884096
-Trial 953 0 45626931 42.923199
-Trial 954 0 45626931 42.939840
-Trial 955 0 45626931 42.957282
-Trial 956 0 45626931 43.021132
-Trial 957 0 45626931 43.039419
-Trial 958 0 45626931 43.062694
-Trial 959 0 45626931 43.096310
-Trial 960 0 45626931 43.159256
* 961: Cost = 0_45597953, Time = 40.97 sec. 
-Trial 961 0 45597953 43.190698
* 962: Cost = 0_45596305, Time = 40.99 sec. 
-Trial 962 0 45596305 43.205930
-Trial 963 0 45596305 43.208685
-Trial 964 0 45596305 43.212899
-Trial 965 0 45596305 43.264189
-Trial 966 0 45596305 43.306431
-Trial 967 0 45596305 43.331935
-Trial 968 0 45596305 43.345016
-Trial 969 0 45596305 43.352060
-Trial 970 0 45596305 43.353970
-Trial 971 0 45596305 43.430906
-Trial 972 0 45596305 43.445918
-Trial 973 0 45596305 43.583898
* 974: Cost = 0_45584751, Time = 41.37 sec. 
-Trial 974 0 45584751 43.587328
-Trial 975 0 45584751 43.623547
-Trial 976 0 45584751 43.645862
-Trial 977 0 45584751 43.665225
-Trial 978 0 45584751 43.684858
-Trial 979 0 45584751 43.790729
-Trial 980 0 45584751 43.862829
-Trial 981 0 45584751 43.880607
-Trial 982 0 45584751 43.943589
-Trial 983 0 45584751 43.998042
-Trial 984 0 45584751 44.017886
-Trial 985 0 45584751 44.038148
-Trial 986 0 45584751 44.039305
-Trial 987 0 45584751 44.044955
-Trial 988 0 45584751 44.067699
* 989: Cost = 0_45571355, Time = 41.86 sec. 
-Trial 989 0 45571355 44.081711
-Trial 990 0 45571355 44.098505
-Trial 991 0 45571355 44.110844
-Trial 992 0 45571355 44.169813
-Trial 993 0 45571355 44.181066
-Trial 994 0 45571355 44.229943
-Trial 995 0 45571355 44.239669
-Trial 996 0 45571355 44.260794
-Trial 997 0 45571355 44.269591
-Trial 998 0 45571355 44.276314
-Trial 999 0 45571355 44.350458
-Trial 1000 0 45571355 44.385788
Population:
  1: 0_45571355
Run 1: Cost = 0_45571355, Time = 42.17 sec. 

Successes/Runs = 0/1 
Cost.min = 45571355, Cost.avg = 45571355.00, Cost.max = 45571355
Gap.min = 0.0000%, Gap.avg = 0.0000%, Gap.max = 0.0000%
Penalty.min = 0, Penalty.avg = 0.00, Penalty.max = 0
Trials.min = 1000, Trials.avg = 1000.0, Trials.max = 1000
Time.min = 42.17 sec., Time.avg = 42.17 sec., Time.max = 42.17 sec.
Time.total = 44.39 sec.
  Size.min = 7, Size.max = 37, Penalty = 0
  Cost.min = 623170, Cost.max = 3744309, Cost.sum = 45571355
Best CVRPTW solution:
  Cost = 0_45571355
1 129 11 171 332 96 331 44 23 106 413 132 98 83 172 120 499 191 88 315 116 455 415 384 216 423 392 107 259 326 505 283 279 295 17 345 130 356 371 60 153 58 329 213 99 70 357 374 293 27 194 503 159 158 378 339 268 366 250 520 38 57 291 278 77 110 33 432 251 92 173 308 4 500 78 230 414 5 224 302 41 337 73 431 285 519 395 275 52 373 56 388 309 299 438 277 109 165 76 103 258 212 54 104 105 19 10 146 514 141 292 127 437 35 377 81 240 185 469 445 114 144 372 61 390 461 304 62 305 97 346 217 161 75 175 193 433 516 306 319 403 327 420 40 267 66 321 166 310 79 236 363 242 501 89 241 133 112 21 460 296 453 269 495 160 359 343 219 226 386 502 220 74 391 249 135 64 2 111 402 287 121 178 493 7 20 24 87 43 405 14 174 205 464 389 206 400 124 451 181 347 233 481 429 355 311 12 257 508 462 247 447 139 90 382 442 483 401 231 65 342 237 288 50 45 334 450 351 446 416 298 209 162 383 168 218 235 69 471 517 380 53 95 203 487 122 361 196 441 421 284 282 137 336 152 244 177 179 340 452 289 272 13 434 515 183 68 82 118 427 147 465 188 232 263 365 85 189 354 313 320 42 360 328 198 394 322 477 265 496 325 294 510 260 456 254 119 227 458 28 142 417 318 63 37 404 67 51 246 494 202 176 443 485 408 368 379 148 406 511 136 30 271 200 108 333 407 25 341 352 163 15 467 149 117 192 3 48 435 512 243 138 411 221 164 425 473 301 199 312 201 256 204 187 210 440 229 436 46 86 492 290 323 506 399 207 126 367 184 480 466 143 22 369 32 353 228 349 475 115 449 150 350 418 479 504 300 253 18 123 491 215 430 428 26 317 335 330 468 412 156 426 314 280 167 472 286 498 376 6 396 381 39 234 324 398 507 307 476 9 113 490 245 348 59 190 370 186 128 145 208 29 297 34 397 276 266 273 8 238 362 486 509 409 261 478 338 16 422 482 223 180 489 94 222 387 459 444 454 91 195 140 211 255 252 424 131 457 102 71 125 410 281 47 80 470 518 182 497 316 101 248 36 93 49 31 262 474 72 344 364 239 154 463 157 439 448 513 151 375 55 169 84 134 385 484 488 100 214 225 393 274 264 197 358 419 170 155 270 303 1 
