PARAMETER_FILE = result/cvrptw_500/LKH_para/29.para
Reading PROBLEM_FILE: "result/cvrptw_500/cvrptw/29.cvrptw" ... done
ASCENT_CANDIDATES = 50
BACKBONE_TRIALS = 0
BACKTRACKING = NO
# BWTSP =
# CANDIDATE_FILE =
CANDIDATE_SET_TYPE = ALPHA
DEPOT = 1
# EDGE_FILE =
EXCESS = 0.0384615
EXTERNAL_SALESMEN = 0
EXTRA_CANDIDATES = 0 
EXTRA_CANDIDATE_SET_TYPE = QUADRANT
GAIN23 = NO
GAIN_CRITERION = YES
INITIAL_PERIOD = 520
INITIAL_STEP_SIZE = 1
INITIAL_TOUR_ALGORITHM = WALK
# INITIAL_TOUR_FILE = 
INITIAL_TOUR_FRACTION = 1.000
# INPUT_TOUR_FILE = 
KICK_TYPE = 4
KICKS = 1
# MAX_BREADTH =
MAKESPAN = NO
MAX_CANDIDATES = 5 
MAX_SWAPS = 0
MAX_TRIALS = 1000
# MERGE_TOUR_FILE =
MOVE_TYPE = 5 SPECIAL
MTSP_MIN_SIZE = 1
MTSP_MAX_SIZE = 1039
# MTSP_SOLUTION_FILE = 
# NONSEQUENTIAL_MOVE_TYPE = 5
# OPTIMUM =
# OUTPUT_TOUR_FILE = 
PATCHING_A = 1 
PATCHING_C = 0 
# PI_FILE = 
POPMUSIC_INITIAL_TOUR = NO
POPMUSIC_MAX_NEIGHBORS = 5
POPMUSIC_SAMPLE_SIZE = 10
POPMUSIC_SOLUTIONS = 50
POPMUSIC_TRIALS = 1
POPULATION_SIZE = 10
PRECISION = 100
PROBLEM_FILE = result/cvrptw_500/cvrptw/29.cvrptw
RECOMBINATION = IPT
RESTRICTED_SEARCH = YES
RUNS = 1
SALESMEN = 20
SCALE = 1
SEED = 1234
# SINTEF_SOLUTION_FILE = 
STOP_AT_OPTIMUM = YES
SUBGRADIENT = YES
# SUBPROBLEM_SIZE =
# SUBPROBLEM_TOUR_FILE = 
SUBSEQUENT_MOVE_TYPE = 5 SPECIAL
SUBSEQUENT_PATCHING = YES
# TIME_LIMIT =
# TOUR_FILE = 
TRACE_LEVEL = 1
VEHICLES = 20

Lower bound = 26925548.8, Ascent time = 2.39 sec.
Cand.min = 5, Cand.avg = 5.0, Cand.max = 5
Edges.fixed = 520 [Cost = 0]
Preprocessing time = 2.48 sec.
* 1: Cost = 394493_56569122, Time = 4.07 sec. 
-Trial 1 394493 56569122 6.553359
-Trial 2 394493 56569122 6.758025
-Trial 3 394493 56569122 7.036074
* 4: Cost = 394493_56432884, Time = 4.83 sec. 
-Trial 4 394493 56432884 7.315339
-Trial 5 394493 56432884 7.336589
-Trial 6 394493 56432884 7.338597
-Trial 7 394493 56432884 7.589983
-Trial 8 394493 56432884 7.688728
-Trial 9 394493 56432884 7.790022
* 10: Cost = 394493_56400130, Time = 5.39 sec. 
-Trial 10 394493 56400130 7.879652
-Trial 11 394493 56400130 8.210719
-Trial 12 394493 56400130 8.399410
* 13: Cost = 394493_56039244, Time = 6.14 sec. 
-Trial 13 394493 56039244 8.626511
-Trial 14 394493 56039244 8.648979
-Trial 15 394493 56039244 8.732936
-Trial 16 394493 56039244 8.782992
* 17: Cost = 394493_55673051, Time = 6.41 sec. 
-Trial 17 394493 55673051 8.902441
* 18: Cost = 394493_54779848, Time = 6.60 sec. 
-Trial 18 394493 54779848 9.087966
-Trial 19 394493 54779848 9.149010
-Trial 20 394493 54779848 9.220785
* 21: Cost = 394493_54465495, Time = 6.90 sec. 
-Trial 21 394493 54465495 9.386999
-Trial 22 394493 54465495 9.411975
-Trial 23 394493 54465495 9.656496
* 24: Cost = 394493_54186950, Time = 7.39 sec. 
-Trial 24 394493 54186950 9.877535
-Trial 25 394493 54186950 9.880649
-Trial 26 394493 54186950 9.908398
* 27: Cost = 394493_53916324, Time = 7.54 sec. 
-Trial 27 394493 53916324 10.024485
* 28: Cost = 394493_53914043, Time = 7.58 sec. 
-Trial 28 394493 53914043 10.068519
-Trial 29 394493 53914043 10.168757
-Trial 30 394493 53914043 10.323232
-Trial 31 394493 53914043 10.415304
-Trial 32 394493 53914043 10.527896
-Trial 33 394493 53914043 10.679014
-Trial 34 394493 53914043 10.708906
* 35: Cost = 394493_53905183, Time = 8.43 sec. 
-Trial 35 394493 53905183 10.918452
* 36: Cost = 394493_53688254, Time = 8.53 sec. 
-Trial 36 394493 53688254 11.012547
-Trial 37 394493 53688254 11.108116
-Trial 38 394493 53688254 11.265623
* 39: Cost = 394493_53180289, Time = 8.87 sec. 
-Trial 39 394493 53180289 11.354696
* 40: Cost = 394493_52948230, Time = 8.99 sec. 
-Trial 40 394493 52948230 11.473060
* 41: Cost = 394493_52907685, Time = 9.06 sec. 
-Trial 41 394493 52907685 11.548324
-Trial 42 394493 52907685 11.593693
-Trial 43 394493 52907685 11.755317
* 44: Cost = 394493_52849761, Time = 9.35 sec. 
-Trial 44 394493 52849761 11.839642
-Trial 45 394493 52849761 11.875702
* 46: Cost = 394493_52729535, Time = 9.46 sec. 
-Trial 46 394493 52729535 11.948462
-Trial 47 394493 52729535 11.977358
* 48: Cost = 394493_52704683, Time = 9.55 sec. 
-Trial 48 394493 52704683 12.035156
-Trial 49 394493 52704683 12.148578
* 50: Cost = 394493_52400955, Time = 9.75 sec. 
-Trial 50 394493 52400955 12.239779
-Trial 51 394493 52400955 12.405820
-Trial 52 394493 52400955 12.661880
* 53: Cost = 394493_52284845, Time = 10.22 sec. 
-Trial 53 394493 52284845 12.707746
* 54: Cost = 394493_51853064, Time = 10.49 sec. 
-Trial 54 394493 51853064 12.979248
-Trial 55 394493 51853064 13.079728
* 56: Cost = 394493_51788956, Time = 10.69 sec. 
-Trial 56 394493 51788956 13.174272
* 57: Cost = 394493_51697525, Time = 10.77 sec. 
-Trial 57 394493 51697525 13.261161
* 58: Cost = 394493_51263771, Time = 10.86 sec. 
-Trial 58 394493 51263771 13.348435
* 59: Cost = 394493_50771861, Time = 11.03 sec. 
-Trial 59 394493 50771861 13.514250
* 60: Cost = 394493_50521301, Time = 11.08 sec. 
-Trial 60 394493 50521301 13.563431
* 61: Cost = 259382_50802888, Time = 11.18 sec. 
-Trial 61 259382 50802888 13.669825
-Trial 62 259382 50802888 13.742510
* 63: Cost = 259382_50771923, Time = 11.37 sec. 
-Trial 63 259382 50771923 13.856822
-Trial 64 259382 50771923 13.974095
* 65: Cost = 259382_50236303, Time = 11.54 sec. 
-Trial 65 259382 50236303 14.022813
-Trial 66 259382 50236303 14.098296
-Trial 67 259382 50236303 14.170561
-Trial 68 259382 50236303 14.237619
* 69: Cost = 259382_50210018, Time = 12.00 sec. 
-Trial 69 259382 50210018 14.483400
-Trial 70 259382 50210018 14.551142
-Trial 71 259382 50210018 14.661140
* 72: Cost = 259382_50192887, Time = 12.27 sec. 
-Trial 72 259382 50192887 14.753458
-Trial 73 259382 50192887 14.867857
-Trial 74 259382 50192887 15.029682
-Trial 75 259382 50192887 15.037007
-Trial 76 259382 50192887 15.104868
* 77: Cost = 259382_50059246, Time = 12.69 sec. 
-Trial 77 259382 50059246 15.175452
-Trial 78 259382 50059246 15.248673
-Trial 79 259382 50059246 15.292739
-Trial 80 259382 50059246 15.565336
-Trial 81 259382 50059246 15.610702
* 82: Cost = 259382_49920314, Time = 13.18 sec. 
-Trial 82 259382 49920314 15.666054
* 83: Cost = 259382_49797441, Time = 13.20 sec. 
-Trial 83 259382 49797441 15.684752
-Trial 84 259382 49797441 15.774148
-Trial 85 259382 49797441 15.835194
-Trial 86 259382 49797441 16.093860
* 87: Cost = 259382_49746088, Time = 13.74 sec. 
-Trial 87 259382 49746088 16.224980
* 88: Cost = 259382_49632257, Time = 13.91 sec. 
-Trial 88 259382 49632257 16.393636
* 89: Cost = 259382_49331655, Time = 13.99 sec. 
-Trial 89 259382 49331655 16.474885
* 90: Cost = 0_50302084, Time = 14.04 sec. 
-Trial 90 0 50302084 16.530351
-Trial 91 0 50302084 16.653196
-Trial 92 0 50302084 16.662476
-Trial 93 0 50302084 16.677082
* 94: Cost = 0_50256306, Time = 14.26 sec. 
-Trial 94 0 50256306 16.748029
-Trial 95 0 50256306 16.796001
-Trial 96 0 50256306 16.848924
* 97: Cost = 0_50168595, Time = 14.38 sec. 
-Trial 97 0 50168595 16.867766
-Trial 98 0 50168595 16.960356
-Trial 99 0 50168595 17.018967
-Trial 100 0 50168595 17.059926
* 101: Cost = 0_49854264, Time = 14.68 sec. 
-Trial 101 0 49854264 17.163738
* 102: Cost = 0_49847690, Time = 14.71 sec. 
-Trial 102 0 49847690 17.195525
-Trial 103 0 49847690 17.229985
-Trial 104 0 49847690 17.236929
* 105: Cost = 0_49811068, Time = 14.78 sec. 
-Trial 105 0 49811068 17.272389
-Trial 106 0 49811068 17.284500
-Trial 107 0 49811068 17.351676
-Trial 108 0 49811068 17.517108
-Trial 109 0 49811068 17.517936
-Trial 110 0 49811068 17.549941
* 111: Cost = 0_49775462, Time = 15.09 sec. 
-Trial 111 0 49775462 17.575735
-Trial 112 0 49775462 17.607288
* 113: Cost = 0_49732959, Time = 15.14 sec. 
-Trial 113 0 49732959 17.624173
* 114: Cost = 0_49661294, Time = 15.15 sec. 
-Trial 114 0 49661294 17.641964
-Trial 115 0 49661294 17.654789
* 116: Cost = 0_49579760, Time = 15.19 sec. 
-Trial 116 0 49579760 17.681001
* 117: Cost = 0_49334768, Time = 15.24 sec. 
-Trial 117 0 49334768 17.722504
-Trial 118 0 49334768 17.734543
-Trial 119 0 49334768 17.746753
-Trial 120 0 49334768 17.757151
-Trial 121 0 49334768 17.762132
-Trial 122 0 49334768 17.764120
-Trial 123 0 49334768 17.834522
-Trial 124 0 49334768 17.854404
-Trial 125 0 49334768 17.886043
-Trial 126 0 49334768 17.904394
-Trial 127 0 49334768 17.913668
* 128: Cost = 0_49245390, Time = 15.50 sec. 
-Trial 128 0 49245390 17.986586
-Trial 129 0 49245390 18.097045
-Trial 130 0 49245390 18.120063
-Trial 131 0 49245390 18.125075
* 132: Cost = 0_49199622, Time = 15.67 sec. 
-Trial 132 0 49199622 18.156785
-Trial 133 0 49199622 18.169971
* 134: Cost = 0_49174542, Time = 15.70 sec. 
-Trial 134 0 49174542 18.183978
-Trial 135 0 49174542 18.204824
-Trial 136 0 49174542 18.217550
* 137: Cost = 0_49109123, Time = 15.74 sec. 
-Trial 137 0 49109123 18.224172
-Trial 138 0 49109123 18.247665
-Trial 139 0 49109123 18.273590
-Trial 140 0 49109123 18.279048
-Trial 141 0 49109123 18.292101
* 142: Cost = 0_49088520, Time = 15.83 sec. 
-Trial 142 0 49088520 18.321272
-Trial 143 0 49088520 18.335850
-Trial 144 0 49088520 18.338164
-Trial 145 0 49088520 18.383188
* 146: Cost = 0_48875570, Time = 15.96 sec. 
-Trial 146 0 48875570 18.451324
-Trial 147 0 48875570 18.465679
* 148: Cost = 0_48858958, Time = 16.06 sec. 
-Trial 148 0 48858958 18.547144
-Trial 149 0 48858958 18.616335
* 150: Cost = 0_48446077, Time = 16.19 sec. 
-Trial 150 0 48446077 18.680572
* 151: Cost = 0_48056334, Time = 16.20 sec. 
-Trial 151 0 48056334 18.691642
-Trial 152 0 48056334 18.712641
-Trial 153 0 48056334 18.764746
* 154: Cost = 0_47961500, Time = 16.29 sec. 
-Trial 154 0 47961500 18.773549
-Trial 155 0 47961500 18.776498
* 156: Cost = 0_47940201, Time = 16.31 sec. 
-Trial 156 0 47940201 18.794769
* 157: Cost = 0_47925607, Time = 16.34 sec. 
-Trial 157 0 47925607 18.828857
-Trial 158 0 47925607 18.987726
-Trial 159 0 47925607 18.997638
* 160: Cost = 0_47394631, Time = 16.54 sec. 
-Trial 160 0 47394631 19.026672
-Trial 161 0 47394631 19.031172
-Trial 162 0 47394631 19.063889
* 163: Cost = 0_47011294, Time = 16.59 sec. 
-Trial 163 0 47011294 19.077045
-Trial 164 0 47011294 19.112978
-Trial 165 0 47011294 19.126604
* 166: Cost = 0_46902889, Time = 16.69 sec. 
-Trial 166 0 46902889 19.181057
-Trial 167 0 46902889 19.212319
-Trial 168 0 46902889 19.239222
-Trial 169 0 46902889 19.277194
-Trial 170 0 46902889 19.317685
-Trial 171 0 46902889 19.360913
-Trial 172 0 46902889 19.434031
* 173: Cost = 0_46861416, Time = 16.95 sec. 
-Trial 173 0 46861416 19.440599
-Trial 174 0 46861416 19.451516
-Trial 175 0 46861416 19.457289
-Trial 176 0 46861416 19.483221
-Trial 177 0 46861416 19.490513
-Trial 178 0 46861416 19.548117
-Trial 179 0 46861416 19.592174
-Trial 180 0 46861416 19.601026
-Trial 181 0 46861416 19.626105
-Trial 182 0 46861416 19.644421
-Trial 183 0 46861416 19.699734
-Trial 184 0 46861416 19.733481
-Trial 185 0 46861416 19.813247
-Trial 186 0 46861416 19.825515
-Trial 187 0 46861416 19.853356
-Trial 188 0 46861416 19.869453
-Trial 189 0 46861416 19.871888
-Trial 190 0 46861416 19.882652
-Trial 191 0 46861416 19.895123
-Trial 192 0 46861416 20.035319
-Trial 193 0 46861416 20.041614
-Trial 194 0 46861416 20.048007
-Trial 195 0 46861416 20.052109
-Trial 196 0 46861416 20.065864
-Trial 197 0 46861416 20.104472
-Trial 198 0 46861416 20.116269
* 199: Cost = 0_46843387, Time = 17.68 sec. 
-Trial 199 0 46843387 20.162949
-Trial 200 0 46843387 20.182219
-Trial 201 0 46843387 20.215002
-Trial 202 0 46843387 20.218953
-Trial 203 0 46843387 20.219758
-Trial 204 0 46843387 20.226313
-Trial 205 0 46843387 20.251535
-Trial 206 0 46843387 20.293132
-Trial 207 0 46843387 20.293650
-Trial 208 0 46843387 20.306112
-Trial 209 0 46843387 20.390826
-Trial 210 0 46843387 20.451023
-Trial 211 0 46843387 20.478982
-Trial 212 0 46843387 20.662926
* 213: Cost = 0_46817949, Time = 18.20 sec. 
-Trial 213 0 46817949 20.687416
-Trial 214 0 46817949 20.693564
-Trial 215 0 46817949 20.701968
-Trial 216 0 46817949 20.807861
-Trial 217 0 46817949 20.814210
-Trial 218 0 46817949 20.822249
-Trial 219 0 46817949 20.849410
-Trial 220 0 46817949 20.968912
-Trial 221 0 46817949 21.006142
-Trial 222 0 46817949 21.017382
-Trial 223 0 46817949 21.022045
-Trial 224 0 46817949 21.039252
* 225: Cost = 0_46801706, Time = 18.56 sec. 
-Trial 225 0 46801706 21.050274
-Trial 226 0 46801706 21.061193
-Trial 227 0 46801706 21.069351
-Trial 228 0 46801706 21.090737
-Trial 229 0 46801706 21.123545
-Trial 230 0 46801706 21.170887
-Trial 231 0 46801706 21.181643
* 232: Cost = 0_46780368, Time = 18.70 sec. 
-Trial 232 0 46780368 21.186317
* 233: Cost = 0_46755287, Time = 18.80 sec. 
-Trial 233 0 46755287 21.290736
-Trial 234 0 46755287 21.310254
-Trial 235 0 46755287 21.395292
-Trial 236 0 46755287 21.404955
-Trial 237 0 46755287 21.448103
-Trial 238 0 46755287 21.465960
-Trial 239 0 46755287 21.474154
-Trial 240 0 46755287 21.487984
-Trial 241 0 46755287 21.498077
-Trial 242 0 46755287 21.511592
-Trial 243 0 46755287 21.544183
-Trial 244 0 46755287 21.551510
-Trial 245 0 46755287 21.555575
* 246: Cost = 0_46742856, Time = 19.10 sec. 
-Trial 246 0 46742856 21.583028
-Trial 247 0 46742856 21.593882
-Trial 248 0 46742856 21.833770
-Trial 249 0 46742856 22.235099
-Trial 250 0 46742856 22.249188
* 251: Cost = 0_46719886, Time = 19.82 sec. 
-Trial 251 0 46719886 22.304980
-Trial 252 0 46719886 22.324902
-Trial 253 0 46719886 22.334630
-Trial 254 0 46719886 22.377278
-Trial 255 0 46719886 22.398554
-Trial 256 0 46719886 22.402602
-Trial 257 0 46719886 22.420465
-Trial 258 0 46719886 22.471293
-Trial 259 0 46719886 22.488457
-Trial 260 0 46719886 22.502065
-Trial 261 0 46719886 22.507645
-Trial 262 0 46719886 22.514312
-Trial 263 0 46719886 22.527361
-Trial 264 0 46719886 22.556395
-Trial 265 0 46719886 22.586476
-Trial 266 0 46719886 22.619671
-Trial 267 0 46719886 22.698000
-Trial 268 0 46719886 22.701804
* 269: Cost = 0_46715984, Time = 20.23 sec. 
-Trial 269 0 46715984 22.721601
-Trial 270 0 46715984 22.757557
-Trial 271 0 46715984 22.764401
-Trial 272 0 46715984 22.774582
-Trial 273 0 46715984 22.797558
-Trial 274 0 46715984 22.821558
-Trial 275 0 46715984 22.840783
-Trial 276 0 46715984 22.844281
-Trial 277 0 46715984 22.848036
-Trial 278 0 46715984 22.908460
-Trial 279 0 46715984 22.916107
-Trial 280 0 46715984 22.983269
-Trial 281 0 46715984 22.994200
-Trial 282 0 46715984 23.013724
-Trial 283 0 46715984 23.033174
-Trial 284 0 46715984 23.065302
-Trial 285 0 46715984 23.091384
-Trial 286 0 46715984 23.140775
-Trial 287 0 46715984 23.199581
-Trial 288 0 46715984 23.210521
-Trial 289 0 46715984 23.249726
-Trial 290 0 46715984 23.269458
* 291: Cost = 0_46715232, Time = 20.79 sec. 
-Trial 291 0 46715232 23.282331
-Trial 292 0 46715232 23.321634
-Trial 293 0 46715232 23.332455
-Trial 294 0 46715232 23.333066
-Trial 295 0 46715232 23.379093
* 296: Cost = 0_46674058, Time = 20.90 sec. 
-Trial 296 0 46674058 23.386843
-Trial 297 0 46674058 23.443404
-Trial 298 0 46674058 23.517127
-Trial 299 0 46674058 23.554845
-Trial 300 0 46674058 23.580082
-Trial 301 0 46674058 23.607075
-Trial 302 0 46674058 23.620899
* 303: Cost = 0_46606277, Time = 21.20 sec. 
-Trial 303 0 46606277 23.691876
-Trial 304 0 46606277 23.778017
-Trial 305 0 46606277 23.785188
* 306: Cost = 0_46531721, Time = 21.39 sec. 
-Trial 306 0 46531721 23.880643
-Trial 307 0 46531721 23.946723
-Trial 308 0 46531721 23.976277
-Trial 309 0 46531721 24.003582
-Trial 310 0 46531721 24.035533
* 311: Cost = 0_46399513, Time = 21.57 sec. 
-Trial 311 0 46399513 24.060860
* 312: Cost = 0_46398133, Time = 21.61 sec. 
-Trial 312 0 46398133 24.098579
-Trial 313 0 46398133 24.135768
-Trial 314 0 46398133 24.142055
-Trial 315 0 46398133 24.148949
-Trial 316 0 46398133 24.151337
-Trial 317 0 46398133 24.154276
-Trial 318 0 46398133 24.168460
-Trial 319 0 46398133 24.181796
-Trial 320 0 46398133 24.186076
-Trial 321 0 46398133 24.201350
-Trial 322 0 46398133 24.202745
-Trial 323 0 46398133 24.207222
-Trial 324 0 46398133 24.253462
-Trial 325 0 46398133 24.265186
-Trial 326 0 46398133 24.274342
-Trial 327 0 46398133 24.318997
-Trial 328 0 46398133 24.349394
-Trial 329 0 46398133 24.358550
-Trial 330 0 46398133 24.390300
-Trial 331 0 46398133 24.395983
-Trial 332 0 46398133 24.424632
-Trial 333 0 46398133 24.456275
* 334: Cost = 0_46379311, Time = 22.02 sec. 
-Trial 334 0 46379311 24.504325
* 335: Cost = 0_46367403, Time = 22.04 sec. 
-Trial 335 0 46367403 24.523551
-Trial 336 0 46367403 24.587630
-Trial 337 0 46367403 24.595728
-Trial 338 0 46367403 24.633905
-Trial 339 0 46367403 24.645276
-Trial 340 0 46367403 24.917937
-Trial 341 0 46367403 24.947920
-Trial 342 0 46367403 24.967395
-Trial 343 0 46367403 24.981403
-Trial 344 0 46367403 24.993588
-Trial 345 0 46367403 25.023588
-Trial 346 0 46367403 25.052721
* 347: Cost = 0_46056437, Time = 22.58 sec. 
-Trial 347 0 46056437 25.063636
-Trial 348 0 46056437 25.106680
* 349: Cost = 0_46037081, Time = 22.63 sec. 
-Trial 349 0 46037081 25.121151
-Trial 350 0 46037081 25.131906
-Trial 351 0 46037081 25.263759
-Trial 352 0 46037081 25.266171
-Trial 353 0 46037081 25.293996
* 354: Cost = 0_46013105, Time = 23.03 sec. 
-Trial 354 0 46013105 25.516369
-Trial 355 0 46013105 25.583020
-Trial 356 0 46013105 25.657161
-Trial 357 0 46013105 25.685555
-Trial 358 0 46013105 25.726220
-Trial 359 0 46013105 25.739591
-Trial 360 0 46013105 25.847233
-Trial 361 0 46013105 25.862701
-Trial 362 0 46013105 25.871819
-Trial 363 0 46013105 25.892559
-Trial 364 0 46013105 25.911446
-Trial 365 0 46013105 25.929315
-Trial 366 0 46013105 25.990241
-Trial 367 0 46013105 26.013859
-Trial 368 0 46013105 26.048392
-Trial 369 0 46013105 26.064925
-Trial 370 0 46013105 26.073182
-Trial 371 0 46013105 26.102112
-Trial 372 0 46013105 26.152452
-Trial 373 0 46013105 26.334370
-Trial 374 0 46013105 26.388873
-Trial 375 0 46013105 26.399699
-Trial 376 0 46013105 26.511535
-Trial 377 0 46013105 26.522438
-Trial 378 0 46013105 26.533928
-Trial 379 0 46013105 26.543913
-Trial 380 0 46013105 26.560540
-Trial 381 0 46013105 26.644778
-Trial 382 0 46013105 26.653310
-Trial 383 0 46013105 26.691090
-Trial 384 0 46013105 26.812227
-Trial 385 0 46013105 26.821817
* 386: Cost = 0_45983224, Time = 24.36 sec. 
-Trial 386 0 45983224 26.842728
-Trial 387 0 45983224 26.885355
-Trial 388 0 45983224 26.919565
-Trial 389 0 45983224 26.936039
* 390: Cost = 0_45896795, Time = 24.49 sec. 
-Trial 390 0 45896795 26.977002
-Trial 391 0 45896795 26.981920
-Trial 392 0 45896795 26.989150
-Trial 393 0 45896795 26.993081
-Trial 394 0 45896795 27.167304
-Trial 395 0 45896795 27.177619
-Trial 396 0 45896795 27.181348
-Trial 397 0 45896795 27.207335
-Trial 398 0 45896795 27.297238
-Trial 399 0 45896795 27.310317
-Trial 400 0 45896795 27.332605
-Trial 401 0 45896795 27.335222
-Trial 402 0 45896795 27.364401
-Trial 403 0 45896795 27.376758
-Trial 404 0 45896795 27.390362
-Trial 405 0 45896795 27.390817
-Trial 406 0 45896795 27.434132
-Trial 407 0 45896795 27.455900
-Trial 408 0 45896795 27.524210
-Trial 409 0 45896795 27.530334
-Trial 410 0 45896795 27.548949
-Trial 411 0 45896795 27.562367
-Trial 412 0 45896795 27.581767
-Trial 413 0 45896795 27.604542
-Trial 414 0 45896795 27.660949
-Trial 415 0 45896795 27.926669
-Trial 416 0 45896795 27.961985
-Trial 417 0 45896795 28.101521
-Trial 418 0 45896795 28.121928
-Trial 419 0 45896795 28.143654
-Trial 420 0 45896795 28.169863
-Trial 421 0 45896795 28.181535
-Trial 422 0 45896795 28.193770
-Trial 423 0 45896795 28.201235
-Trial 424 0 45896795 28.213690
-Trial 425 0 45896795 28.224769
-Trial 426 0 45896795 28.270618
-Trial 427 0 45896795 28.277607
-Trial 428 0 45896795 28.305097
* 429: Cost = 0_45896421, Time = 25.83 sec. 
-Trial 429 0 45896421 28.318722
-Trial 430 0 45896421 28.321190
* 431: Cost = 0_45870340, Time = 25.85 sec. 
-Trial 431 0 45870340 28.336614
-Trial 432 0 45870340 28.352016
-Trial 433 0 45870340 28.374907
-Trial 434 0 45870340 28.416146
-Trial 435 0 45870340 28.427973
-Trial 436 0 45870340 28.477772
-Trial 437 0 45870340 28.547209
-Trial 438 0 45870340 28.677473
-Trial 439 0 45870340 28.713044
-Trial 440 0 45870340 28.762068
-Trial 441 0 45870340 28.839916
-Trial 442 0 45870340 28.891769
-Trial 443 0 45870340 28.908572
-Trial 444 0 45870340 28.943466
* 445: Cost = 0_45865721, Time = 26.47 sec. 
-Trial 445 0 45865721 28.954422
-Trial 446 0 45865721 28.957846
-Trial 447 0 45865721 29.002713
-Trial 448 0 45865721 29.023152
-Trial 449 0 45865721 29.060607
-Trial 450 0 45865721 29.071217
-Trial 451 0 45865721 29.085219
* 452: Cost = 0_45827376, Time = 26.61 sec. 
-Trial 452 0 45827376 29.092742
-Trial 453 0 45827376 29.325397
-Trial 454 0 45827376 29.331018
-Trial 455 0 45827376 29.333840
* 456: Cost = 0_45778582, Time = 26.87 sec. 
-Trial 456 0 45778582 29.355901
-Trial 457 0 45778582 29.360873
* 458: Cost = 0_45721129, Time = 26.89 sec. 
-Trial 458 0 45721129 29.375940
-Trial 459 0 45721129 29.383757
-Trial 460 0 45721129 29.427292
-Trial 461 0 45721129 29.436226
-Trial 462 0 45721129 29.451509
-Trial 463 0 45721129 29.455955
-Trial 464 0 45721129 29.463630
-Trial 465 0 45721129 29.505214
-Trial 466 0 45721129 29.506584
-Trial 467 0 45721129 29.529080
-Trial 468 0 45721129 29.529712
-Trial 469 0 45721129 29.537609
-Trial 470 0 45721129 29.547529
-Trial 471 0 45721129 29.558683
-Trial 472 0 45721129 29.569765
-Trial 473 0 45721129 29.589866
-Trial 474 0 45721129 29.591975
-Trial 475 0 45721129 29.615314
-Trial 476 0 45721129 29.667554
-Trial 477 0 45721129 29.711320
-Trial 478 0 45721129 29.828274
-Trial 479 0 45721129 29.836890
-Trial 480 0 45721129 29.838525
-Trial 481 0 45721129 29.839399
-Trial 482 0 45721129 29.899841
-Trial 483 0 45721129 29.906691
-Trial 484 0 45721129 29.929544
-Trial 485 0 45721129 29.969259
-Trial 486 0 45721129 30.034007
* 487: Cost = 0_45695159, Time = 27.56 sec. 
-Trial 487 0 45695159 30.043906
-Trial 488 0 45695159 30.073834
* 489: Cost = 0_45639677, Time = 27.62 sec. 
-Trial 489 0 45639677 30.111272
-Trial 490 0 45639677 30.137486
-Trial 491 0 45639677 30.145161
-Trial 492 0 45639677 30.179802
-Trial 493 0 45639677 30.188316
-Trial 494 0 45639677 30.197309
-Trial 495 0 45639677 30.220580
-Trial 496 0 45639677 30.224285
-Trial 497 0 45639677 30.243654
-Trial 498 0 45639677 30.257115
-Trial 499 0 45639677 30.265521
-Trial 500 0 45639677 30.278702
-Trial 501 0 45639677 30.296289
-Trial 502 0 45639677 30.342193
-Trial 503 0 45639677 30.361332
-Trial 504 0 45639677 30.420485
-Trial 505 0 45639677 30.437337
-Trial 506 0 45639677 30.440003
-Trial 507 0 45639677 30.455374
-Trial 508 0 45639677 30.616674
-Trial 509 0 45639677 30.664097
-Trial 510 0 45639677 30.725169
-Trial 511 0 45639677 30.731690
* 512: Cost = 0_45603726, Time = 28.37 sec. 
-Trial 512 0 45603726 30.854212
-Trial 513 0 45603726 30.911256
-Trial 514 0 45603726 30.916164
-Trial 515 0 45603726 30.965842
-Trial 516 0 45603726 31.182553
-Trial 517 0 45603726 31.280448
-Trial 518 0 45603726 31.332252
-Trial 519 0 45603726 31.352962
-Trial 520 0 45603726 31.384980
-Trial 521 0 45603726 31.394707
* 522: Cost = 0_45511952, Time = 28.97 sec. 
-Trial 522 0 45511952 31.457335
-Trial 523 0 45511952 31.527870
* 524: Cost = 0_45508280, Time = 29.05 sec. 
-Trial 524 0 45508280 31.533011
-Trial 525 0 45508280 31.551749
-Trial 526 0 45508280 31.747402
-Trial 527 0 45508280 31.783137
-Trial 528 0 45508280 31.864436
-Trial 529 0 45508280 31.893864
-Trial 530 0 45508280 31.989037
-Trial 531 0 45508280 32.013413
-Trial 532 0 45508280 32.039573
-Trial 533 0 45508280 32.097187
* 534: Cost = 0_45420828, Time = 29.62 sec. 
-Trial 534 0 45420828 32.105724
-Trial 535 0 45420828 32.119555
-Trial 536 0 45420828 32.292620
-Trial 537 0 45420828 32.312970
-Trial 538 0 45420828 32.329463
-Trial 539 0 45420828 32.356672
-Trial 540 0 45420828 32.360274
-Trial 541 0 45420828 32.373112
-Trial 542 0 45420828 32.385837
-Trial 543 0 45420828 32.408497
-Trial 544 0 45420828 32.610009
-Trial 545 0 45420828 32.627809
* 546: Cost = 0_45404940, Time = 30.19 sec. 
-Trial 546 0 45404940 32.680866
-Trial 547 0 45404940 32.691763
-Trial 548 0 45404940 32.694844
-Trial 549 0 45404940 32.705701
-Trial 550 0 45404940 32.708594
-Trial 551 0 45404940 32.747071
-Trial 552 0 45404940 32.926693
-Trial 553 0 45404940 32.936168
-Trial 554 0 45404940 32.964490
-Trial 555 0 45404940 32.972830
-Trial 556 0 45404940 33.003039
-Trial 557 0 45404940 33.015064
-Trial 558 0 45404940 33.043669
-Trial 559 0 45404940 33.070811
-Trial 560 0 45404940 33.075980
-Trial 561 0 45404940 33.083063
-Trial 562 0 45404940 33.095219
-Trial 563 0 45404940 33.102023
-Trial 564 0 45404940 33.110024
-Trial 565 0 45404940 33.159418
-Trial 566 0 45404940 33.160620
* 567: Cost = 0_45348819, Time = 30.69 sec. 
-Trial 567 0 45348819 33.173648
-Trial 568 0 45348819 33.189247
* 569: Cost = 0_45334161, Time = 30.71 sec. 
-Trial 569 0 45334161 33.200951
-Trial 570 0 45334161 33.213367
-Trial 571 0 45334161 33.289747
-Trial 572 0 45334161 33.299538
-Trial 573 0 45334161 33.307341
-Trial 574 0 45334161 33.324406
-Trial 575 0 45334161 33.341029
-Trial 576 0 45334161 33.349162
-Trial 577 0 45334161 33.356614
-Trial 578 0 45334161 33.373880
* 579: Cost = 0_45329999, Time = 30.89 sec. 
-Trial 579 0 45329999 33.381728
-Trial 580 0 45329999 33.411251
-Trial 581 0 45329999 33.423362
-Trial 582 0 45329999 33.565252
-Trial 583 0 45329999 33.584402
-Trial 584 0 45329999 33.652780
-Trial 585 0 45329999 33.665689
-Trial 586 0 45329999 33.706846
-Trial 587 0 45329999 33.732190
-Trial 588 0 45329999 33.751151
-Trial 589 0 45329999 33.769730
-Trial 590 0 45329999 33.812059
-Trial 591 0 45329999 33.840671
-Trial 592 0 45329999 33.862969
-Trial 593 0 45329999 33.863562
-Trial 594 0 45329999 33.890044
-Trial 595 0 45329999 33.910219
-Trial 596 0 45329999 33.943925
-Trial 597 0 45329999 33.945698
-Trial 598 0 45329999 33.953021
-Trial 599 0 45329999 34.004978
-Trial 600 0 45329999 34.011501
-Trial 601 0 45329999 34.015468
-Trial 602 0 45329999 34.036009
-Trial 603 0 45329999 34.053394
-Trial 604 0 45329999 34.057605
-Trial 605 0 45329999 34.075825
* 606: Cost = 0_45251103, Time = 31.60 sec. 
-Trial 606 0 45251103 34.086494
-Trial 607 0 45251103 34.096372
-Trial 608 0 45251103 34.111668
-Trial 609 0 45251103 34.125024
-Trial 610 0 45251103 34.128900
* 611: Cost = 0_45241974, Time = 31.66 sec. 
-Trial 611 0 45241974 34.146541
-Trial 612 0 45241974 34.168644
-Trial 613 0 45241974 34.206077
-Trial 614 0 45241974 34.230436
-Trial 615 0 45241974 34.243267
-Trial 616 0 45241974 34.249967
-Trial 617 0 45241974 34.281413
-Trial 618 0 45241974 34.290373
-Trial 619 0 45241974 34.325812
-Trial 620 0 45241974 34.343419
-Trial 621 0 45241974 34.347112
-Trial 622 0 45241974 34.387607
-Trial 623 0 45241974 34.390860
-Trial 624 0 45241974 34.409807
-Trial 625 0 45241974 34.505959
* 626: Cost = 0_45212887, Time = 32.04 sec. 
-Trial 626 0 45212887 34.524880
-Trial 627 0 45212887 34.573968
-Trial 628 0 45212887 34.722357
* 629: Cost = 0_45131177, Time = 32.24 sec. 
-Trial 629 0 45131177 34.727165
-Trial 630 0 45131177 34.737308
-Trial 631 0 45131177 34.757722
-Trial 632 0 45131177 34.763941
-Trial 633 0 45131177 34.773657
-Trial 634 0 45131177 34.996664
-Trial 635 0 45131177 35.010375
-Trial 636 0 45131177 35.034270
-Trial 637 0 45131177 35.044335
-Trial 638 0 45131177 35.051189
-Trial 639 0 45131177 35.054606
-Trial 640 0 45131177 35.073140
-Trial 641 0 45131177 35.105327
-Trial 642 0 45131177 35.111413
-Trial 643 0 45131177 35.161373
-Trial 644 0 45131177 35.196973
-Trial 645 0 45131177 35.209692
-Trial 646 0 45131177 35.213602
-Trial 647 0 45131177 35.224187
-Trial 648 0 45131177 35.230552
-Trial 649 0 45131177 35.241608
-Trial 650 0 45131177 35.246570
-Trial 651 0 45131177 35.256565
-Trial 652 0 45131177 35.279305
-Trial 653 0 45131177 35.284288
-Trial 654 0 45131177 35.308340
-Trial 655 0 45131177 35.413270
-Trial 656 0 45131177 35.453830
-Trial 657 0 45131177 35.502236
-Trial 658 0 45131177 35.524411
-Trial 659 0 45131177 35.575804
-Trial 660 0 45131177 35.592442
-Trial 661 0 45131177 35.598281
-Trial 662 0 45131177 35.603921
-Trial 663 0 45131177 35.773808
-Trial 664 0 45131177 35.789626
-Trial 665 0 45131177 35.822397
-Trial 666 0 45131177 35.884094
* 667: Cost = 0_45124870, Time = 33.42 sec. 
-Trial 667 0 45124870 35.908696
-Trial 668 0 45124870 35.912923
-Trial 669 0 45124870 35.935433
-Trial 670 0 45124870 35.967665
-Trial 671 0 45124870 35.974195
-Trial 672 0 45124870 36.001877
-Trial 673 0 45124870 36.008063
-Trial 674 0 45124870 36.080550
-Trial 675 0 45124870 36.192155
-Trial 676 0 45124870 36.221831
-Trial 677 0 45124870 36.258422
-Trial 678 0 45124870 36.291012
-Trial 679 0 45124870 36.298835
-Trial 680 0 45124870 36.346235
-Trial 681 0 45124870 36.374805
-Trial 682 0 45124870 36.440537
-Trial 683 0 45124870 36.456033
-Trial 684 0 45124870 36.488552
-Trial 685 0 45124870 36.514147
-Trial 686 0 45124870 36.531987
-Trial 687 0 45124870 36.545250
-Trial 688 0 45124870 36.568170
-Trial 689 0 45124870 36.573862
-Trial 690 0 45124870 36.587327
-Trial 691 0 45124870 36.604735
-Trial 692 0 45124870 36.626459
-Trial 693 0 45124870 36.645422
-Trial 694 0 45124870 36.676543
-Trial 695 0 45124870 36.704403
-Trial 696 0 45124870 36.738225
-Trial 697 0 45124870 36.752216
-Trial 698 0 45124870 36.830112
-Trial 699 0 45124870 36.837884
-Trial 700 0 45124870 36.896090
* 701: Cost = 0_45099826, Time = 34.43 sec. 
-Trial 701 0 45099826 36.917932
-Trial 702 0 45099826 36.931459
-Trial 703 0 45099826 36.987337
-Trial 704 0 45099826 37.008650
-Trial 705 0 45099826 37.130811
-Trial 706 0 45099826 37.140074
-Trial 707 0 45099826 37.152935
-Trial 708 0 45099826 37.158686
-Trial 709 0 45099826 37.180925
-Trial 710 0 45099826 37.247713
-Trial 711 0 45099826 37.257770
-Trial 712 0 45099826 37.359770
-Trial 713 0 45099826 37.362552
-Trial 714 0 45099826 37.368097
-Trial 715 0 45099826 37.381544
-Trial 716 0 45099826 37.392026
-Trial 717 0 45099826 37.406817
-Trial 718 0 45099826 37.407911
-Trial 719 0 45099826 37.446912
-Trial 720 0 45099826 37.467518
-Trial 721 0 45099826 37.477802
-Trial 722 0 45099826 37.481581
-Trial 723 0 45099826 37.490500
-Trial 724 0 45099826 37.508743
-Trial 725 0 45099826 37.550534
-Trial 726 0 45099826 37.598906
-Trial 727 0 45099826 37.607042
* 728: Cost = 0_45087820, Time = 35.13 sec. 
-Trial 728 0 45087820 37.620069
-Trial 729 0 45087820 37.710164
-Trial 730 0 45087820 37.753981
-Trial 731 0 45087820 37.826404
-Trial 732 0 45087820 37.879976
-Trial 733 0 45087820 37.899031
-Trial 734 0 45087820 37.906638
-Trial 735 0 45087820 37.929875
-Trial 736 0 45087820 37.977090
-Trial 737 0 45087820 37.990402
-Trial 738 0 45087820 37.995356
-Trial 739 0 45087820 37.995714
-Trial 740 0 45087820 38.011612
-Trial 741 0 45087820 38.034778
-Trial 742 0 45087820 38.058852
-Trial 743 0 45087820 38.064721
-Trial 744 0 45087820 38.065518
-Trial 745 0 45087820 38.097835
-Trial 746 0 45087820 38.163677
-Trial 747 0 45087820 38.177635
-Trial 748 0 45087820 38.192755
-Trial 749 0 45087820 38.201786
-Trial 750 0 45087820 38.389169
-Trial 751 0 45087820 38.399735
-Trial 752 0 45087820 38.408338
-Trial 753 0 45087820 38.408755
* 754: Cost = 0_45069100, Time = 36.00 sec. 
-Trial 754 0 45069100 38.492368
-Trial 755 0 45069100 38.508879
-Trial 756 0 45069100 38.544690
* 757: Cost = 0_45026110, Time = 36.11 sec. 
-Trial 757 0 45026110 38.597560
-Trial 758 0 45026110 38.608301
-Trial 759 0 45026110 38.661372
-Trial 760 0 45026110 38.671381
-Trial 761 0 45026110 38.676949
-Trial 762 0 45026110 38.684063
-Trial 763 0 45026110 38.732310
-Trial 764 0 45026110 38.747380
-Trial 765 0 45026110 38.817198
-Trial 766 0 45026110 38.826293
-Trial 767 0 45026110 38.831600
-Trial 768 0 45026110 38.837594
-Trial 769 0 45026110 38.858239
-Trial 770 0 45026110 38.868300
-Trial 771 0 45026110 38.878176
-Trial 772 0 45026110 38.984415
-Trial 773 0 45026110 38.993648
-Trial 774 0 45026110 39.070909
-Trial 775 0 45026110 39.082077
-Trial 776 0 45026110 39.091598
-Trial 777 0 45026110 39.097564
-Trial 778 0 45026110 39.103443
-Trial 779 0 45026110 39.138874
-Trial 780 0 45026110 39.152236
-Trial 781 0 45026110 39.153600
* 782: Cost = 0_45009123, Time = 36.67 sec. 
-Trial 782 0 45009123 39.159936
-Trial 783 0 45009123 39.206611
-Trial 784 0 45009123 39.212795
-Trial 785 0 45009123 39.224869
-Trial 786 0 45009123 39.249362
-Trial 787 0 45009123 39.305783
-Trial 788 0 45009123 39.342984
-Trial 789 0 45009123 39.429720
-Trial 790 0 45009123 39.442243
-Trial 791 0 45009123 39.445099
-Trial 792 0 45009123 39.513062
-Trial 793 0 45009123 39.565809
-Trial 794 0 45009123 39.581276
-Trial 795 0 45009123 39.588085
-Trial 796 0 45009123 39.593938
-Trial 797 0 45009123 39.622626
-Trial 798 0 45009123 39.697339
-Trial 799 0 45009123 39.712269
-Trial 800 0 45009123 39.734802
-Trial 801 0 45009123 39.770470
-Trial 802 0 45009123 39.833760
-Trial 803 0 45009123 39.839304
-Trial 804 0 45009123 39.888823
-Trial 805 0 45009123 39.897212
-Trial 806 0 45009123 39.972745
-Trial 807 0 45009123 40.010563
-Trial 808 0 45009123 40.028767
-Trial 809 0 45009123 40.117621
-Trial 810 0 45009123 40.132907
-Trial 811 0 45009123 40.137773
-Trial 812 0 45009123 40.159252
-Trial 813 0 45009123 40.221591
-Trial 814 0 45009123 40.229020
-Trial 815 0 45009123 40.252051
* 816: Cost = 0_44984110, Time = 37.81 sec. 
-Trial 816 0 44984110 40.301814
-Trial 817 0 44984110 40.314975
-Trial 818 0 44984110 40.355129
-Trial 819 0 44984110 40.509076
-Trial 820 0 44984110 40.542883
-Trial 821 0 44984110 40.553996
-Trial 822 0 44984110 40.571208
-Trial 823 0 44984110 40.690011
-Trial 824 0 44984110 40.703539
-Trial 825 0 44984110 40.755538
-Trial 826 0 44984110 40.797750
-Trial 827 0 44984110 40.863898
-Trial 828 0 44984110 40.869389
-Trial 829 0 44984110 40.881816
-Trial 830 0 44984110 40.901501
-Trial 831 0 44984110 40.906923
-Trial 832 0 44984110 40.933894
-Trial 833 0 44984110 40.948588
-Trial 834 0 44984110 40.969419
-Trial 835 0 44984110 40.983766
-Trial 836 0 44984110 40.997963
-Trial 837 0 44984110 41.049056
-Trial 838 0 44984110 41.067440
-Trial 839 0 44984110 41.089558
-Trial 840 0 44984110 41.189657
-Trial 841 0 44984110 41.198694
-Trial 842 0 44984110 41.226850
-Trial 843 0 44984110 41.251749
-Trial 844 0 44984110 41.261844
* 845: Cost = 0_44896658, Time = 38.78 sec. 
-Trial 845 0 44896658 41.264633
-Trial 846 0 44896658 41.276746
-Trial 847 0 44896658 41.312971
* 848: Cost = 0_44877245, Time = 38.84 sec. 
-Trial 848 0 44877245 41.327831
-Trial 849 0 44877245 41.367113
-Trial 850 0 44877245 41.435833
-Trial 851 0 44877245 41.596570
-Trial 852 0 44877245 41.614446
-Trial 853 0 44877245 41.633446
-Trial 854 0 44877245 41.659337
-Trial 855 0 44877245 41.681023
-Trial 856 0 44877245 41.715980
-Trial 857 0 44877245 41.727800
-Trial 858 0 44877245 41.751599
-Trial 859 0 44877245 41.755917
-Trial 860 0 44877245 41.764253
* 861: Cost = 0_44828614, Time = 39.28 sec. 
-Trial 861 0 44828614 41.770275
-Trial 862 0 44828614 41.845879
-Trial 863 0 44828614 41.852682
-Trial 864 0 44828614 41.945697
-Trial 865 0 44828614 41.947914
-Trial 866 0 44828614 41.985664
-Trial 867 0 44828614 41.992436
-Trial 868 0 44828614 42.075393
-Trial 869 0 44828614 42.173832
-Trial 870 0 44828614 42.176908
-Trial 871 0 44828614 42.219617
-Trial 872 0 44828614 42.226236
-Trial 873 0 44828614 42.237696
-Trial 874 0 44828614 42.307478
-Trial 875 0 44828614 42.316290
-Trial 876 0 44828614 42.317580
-Trial 877 0 44828614 42.318517
-Trial 878 0 44828614 42.377568
-Trial 879 0 44828614 42.461302
-Trial 880 0 44828614 42.489916
-Trial 881 0 44828614 42.497615
-Trial 882 0 44828614 42.504771
-Trial 883 0 44828614 42.810171
-Trial 884 0 44828614 42.818697
-Trial 885 0 44828614 42.820868
-Trial 886 0 44828614 42.831322
-Trial 887 0 44828614 42.837014
-Trial 888 0 44828614 42.876806
-Trial 889 0 44828614 42.888918
-Trial 890 0 44828614 42.892182
-Trial 891 0 44828614 43.005917
-Trial 892 0 44828614 43.028387
-Trial 893 0 44828614 43.069565
-Trial 894 0 44828614 43.123388
-Trial 895 0 44828614 43.134957
-Trial 896 0 44828614 43.146272
-Trial 897 0 44828614 43.274337
-Trial 898 0 44828614 43.276646
-Trial 899 0 44828614 43.362636
-Trial 900 0 44828614 43.385689
-Trial 901 0 44828614 43.680626
-Trial 902 0 44828614 43.710809
-Trial 903 0 44828614 43.851054
-Trial 904 0 44828614 43.873477
-Trial 905 0 44828614 43.881288
-Trial 906 0 44828614 43.921595
-Trial 907 0 44828614 43.934398
-Trial 908 0 44828614 43.953748
-Trial 909 0 44828614 44.002405
-Trial 910 0 44828614 44.081646
-Trial 911 0 44828614 44.090509
-Trial 912 0 44828614 44.115691
-Trial 913 0 44828614 44.139975
-Trial 914 0 44828614 44.185588
-Trial 915 0 44828614 44.238362
-Trial 916 0 44828614 44.245237
-Trial 917 0 44828614 44.282162
-Trial 918 0 44828614 44.295736
-Trial 919 0 44828614 44.317894
-Trial 920 0 44828614 44.453684
-Trial 921 0 44828614 44.467547
-Trial 922 0 44828614 44.502072
-Trial 923 0 44828614 44.532739
-Trial 924 0 44828614 44.533206
-Trial 925 0 44828614 44.539905
-Trial 926 0 44828614 44.582998
-Trial 927 0 44828614 44.589022
-Trial 928 0 44828614 44.598658
-Trial 929 0 44828614 44.809060
-Trial 930 0 44828614 44.860872
-Trial 931 0 44828614 44.896976
-Trial 932 0 44828614 44.911096
-Trial 933 0 44828614 44.921368
-Trial 934 0 44828614 44.949370
-Trial 935 0 44828614 44.961871
-Trial 936 0 44828614 44.972500
-Trial 937 0 44828614 44.981998
-Trial 938 0 44828614 45.052756
-Trial 939 0 44828614 45.058456
-Trial 940 0 44828614 45.118307
-Trial 941 0 44828614 45.119438
-Trial 942 0 44828614 45.135211
-Trial 943 0 44828614 45.186053
-Trial 944 0 44828614 45.244668
-Trial 945 0 44828614 45.260828
-Trial 946 0 44828614 45.265176
-Trial 947 0 44828614 45.291788
-Trial 948 0 44828614 45.899415
-Trial 949 0 44828614 45.951214
-Trial 950 0 44828614 45.959821
-Trial 951 0 44828614 45.999897
-Trial 952 0 44828614 46.015218
-Trial 953 0 44828614 46.037097
-Trial 954 0 44828614 46.064296
-Trial 955 0 44828614 46.074019
-Trial 956 0 44828614 46.184703
-Trial 957 0 44828614 46.252783
-Trial 958 0 44828614 46.276735
-Trial 959 0 44828614 46.317290
-Trial 960 0 44828614 46.366571
-Trial 961 0 44828614 46.373995
-Trial 962 0 44828614 46.414617
-Trial 963 0 44828614 46.432068
-Trial 964 0 44828614 46.503142
-Trial 965 0 44828614 46.524326
-Trial 966 0 44828614 46.527922
-Trial 967 0 44828614 46.556354
-Trial 968 0 44828614 46.573511
-Trial 969 0 44828614 46.578953
-Trial 970 0 44828614 46.652341
-Trial 971 0 44828614 46.668238
-Trial 972 0 44828614 46.732956
-Trial 973 0 44828614 46.742997
-Trial 974 0 44828614 46.754120
-Trial 975 0 44828614 46.764374
-Trial 976 0 44828614 46.886905
-Trial 977 0 44828614 46.901734
-Trial 978 0 44828614 46.923002
-Trial 979 0 44828614 46.934454
-Trial 980 0 44828614 46.985202
-Trial 981 0 44828614 47.000058
-Trial 982 0 44828614 47.019835
-Trial 983 0 44828614 47.029257
-Trial 984 0 44828614 47.089515
-Trial 985 0 44828614 47.139444
-Trial 986 0 44828614 47.190421
-Trial 987 0 44828614 47.244501
-Trial 988 0 44828614 47.359035
-Trial 989 0 44828614 47.399405
-Trial 990 0 44828614 47.414363
-Trial 991 0 44828614 47.438049
-Trial 992 0 44828614 47.444422
-Trial 993 0 44828614 47.719250
-Trial 994 0 44828614 47.733687
-Trial 995 0 44828614 47.744928
-Trial 996 0 44828614 47.749687
-Trial 997 0 44828614 47.779608
-Trial 998 0 44828614 47.793678
-Trial 999 0 44828614 47.812753
-Trial 1000 0 44828614 47.827758
Population:
  1: 0_44828614
Run 1: Cost = 0_44828614, Time = 45.34 sec. 

Successes/Runs = 0/1 
Cost.min = 44828614, Cost.avg = 44828614.00, Cost.max = 44828614
Gap.min = 0.0000%, Gap.avg = 0.0000%, Gap.max = 0.0000%
Penalty.min = 0, Penalty.avg = 0.00, Penalty.max = 0
Trials.min = 1000, Trials.avg = 1000.0, Trials.max = 1000
Time.min = 45.34 sec., Time.avg = 45.34 sec., Time.max = 45.34 sec.
Time.total = 47.83 sec.
  Size.min = 12, Size.max = 37, Penalty = 0
  Cost.min = 904476, Cost.max = 3824587, Cost.sum = 44828614
Best CVRPTW solution:
  Cost = 0_44828614
68 1 17 246 175 272 202 86 494 337 135 10 148 110 367 237 172 404 127 146 4 492 109 341 278 311 310 468 53 238 204 222 409 121 431 520 217 458 240 307 88 227 264 229 304 84 385 471 435 72 292 266 484 447 160 294 509 157 332 75 206 192 161 91 328 491 360 326 277 31 382 505 501 260 226 93 28 314 33 165 244 22 56 16 95 98 350 406 155 80 282 115 79 35 315 369 396 63 87 48 487 153 325 71 415 302 370 189 25 506 15 457 233 289 140 207 203 323 54 147 446 3 508 228 295 271 420 335 36 176 108 318 221 64 403 104 92 490 433 43 66 181 324 6 218 11 184 339 122 200 371 451 365 60 510 306 12 164 422 239 99 349 474 381 169 27 463 249 69 185 312 26 286 340 305 399 253 448 392 211 212 517 118 201 386 178 283 194 436 89 466 101 103 481 186 85 437 418 259 163 113 251 52 372 507 90 347 241 462 333 30 76 327 395 219 408 149 445 139 120 413 291 130 173 8 234 511 187 225 154 57 32 231 14 449 407 301 426 285 405 114 483 138 421 453 320 276 472 380 170 502 429 342 196 363 423 150 460 100 141 195 316 223 42 488 388 355 262 504 232 5 250 197 179 330 441 417 475 321 193 467 198 485 13 279 58 419 411 111 215 308 357 401 512 414 208 299 254 156 49 257 313 379 269 298 275 243 389 94 343 425 102 345 378 81 440 410 375 190 290 74 21 67 476 412 247 518 336 331 461 242 39 123 162 297 83 394 438 390 188 263 464 356 456 132 216 224 59 2 359 473 482 106 235 443 516 77 334 351 358 397 50 82 288 24 180 261 500 497 47 346 424 70 459 97 515 199 230 18 210 444 117 65 34 452 354 177 37 280 344 73 40 361 151 366 19 252 353 174 143 167 152 434 112 477 402 29 486 480 362 519 352 427 105 131 20 267 125 348 391 128 430 255 287 364 245 393 470 496 270 432 44 159 51 137 416 23 274 514 384 398 183 322 61 428 119 144 134 171 293 319 493 124 273 7 265 296 133 96 209 236 309 126 489 300 465 46 498 503 284 142 454 41 400 373 205 9 116 387 256 499 136 268 281 377 62 45 303 374 107 168 495 220 513 317 214 38 158 469 78 383 329 338 129 191 166 439 442 145 55 213 182 258 248 455 376 450 479 368 478 68 
