PARAMETER_FILE = result/cvrptw_500/LKH_para/301.para
Reading PROBLEM_FILE: "result/cvrptw_500/cvrptw/301.cvrptw" ... done
ASCENT_CANDIDATES = 50
BACKBONE_TRIALS = 0
BACKTRACKING = NO
# BWTSP =
# CANDIDATE_FILE =
CANDIDATE_SET_TYPE = ALPHA
DEPOT = 1
# EDGE_FILE =
EXCESS = 0.0384615
EXTERNAL_SALESMEN = 0
EXTRA_CANDIDATES = 0 
EXTRA_CANDIDATE_SET_TYPE = QUADRANT
GAIN23 = NO
GAIN_CRITERION = YES
INITIAL_PERIOD = 520
INITIAL_STEP_SIZE = 1
INITIAL_TOUR_ALGORITHM = WALK
# INITIAL_TOUR_FILE = 
INITIAL_TOUR_FRACTION = 1.000
# INPUT_TOUR_FILE = 
KICK_TYPE = 4
KICKS = 1
# MAX_BREADTH =
MAKESPAN = NO
MAX_CANDIDATES = 5 
MAX_SWAPS = 0
MAX_TRIALS = 1000
# MERGE_TOUR_FILE =
MOVE_TYPE = 5 SPECIAL
MTSP_MIN_SIZE = 1
MTSP_MAX_SIZE = 1039
# MTSP_SOLUTION_FILE = 
# NONSEQUENTIAL_MOVE_TYPE = 5
# OPTIMUM =
# OUTPUT_TOUR_FILE = 
PATCHING_A = 1 
PATCHING_C = 0 
# PI_FILE = 
POPMUSIC_INITIAL_TOUR = NO
POPMUSIC_MAX_NEIGHBORS = 5
POPMUSIC_SAMPLE_SIZE = 10
POPMUSIC_SOLUTIONS = 50
POPMUSIC_TRIALS = 1
POPULATION_SIZE = 10
PRECISION = 100
PROBLEM_FILE = result/cvrptw_500/cvrptw/301.cvrptw
RECOMBINATION = IPT
RESTRICTED_SEARCH = YES
RUNS = 1
SALESMEN = 20
SCALE = 1
SEED = 1234
# SINTEF_SOLUTION_FILE = 
STOP_AT_OPTIMUM = YES
SUBGRADIENT = YES
# SUBPROBLEM_SIZE =
# SUBPROBLEM_TOUR_FILE = 
SUBSEQUENT_MOVE_TYPE = 5 SPECIAL
SUBSEQUENT_PATCHING = YES
# TIME_LIMIT =
# TOUR_FILE = 
TRACE_LEVEL = 1
VEHICLES = 20

Lower bound = 26563289.9, Ascent time = 2.54 sec.
Cand.min = 5, Cand.avg = 5.0, Cand.max = 5
Edges.fixed = 520 [Cost = 0]
Preprocessing time = 2.63 sec.
* 1: Cost = 3015324_49235928, Time = 3.90 sec. 
-Trial 1 3015324 49235928 6.532828
* 2: Cost = 3015324_49174331, Time = 4.03 sec. 
-Trial 2 3015324 49174331 6.663530
-Trial 3 3015324 49174331 7.283185
-Trial 4 3015324 49174331 7.346892
-Trial 5 3015324 49174331 7.471675
* 6: Cost = 3015324_49092189, Time = 4.96 sec. 
-Trial 6 3015324 49092189 7.594345
-Trial 7 3015324 49092189 8.185168
* 8: Cost = 3015324_48934282, Time = 5.73 sec. 
-Trial 8 3015324 48934282 8.362359
* 9: Cost = 3015324_48673076, Time = 6.01 sec. 
-Trial 9 3015324 48673076 8.645938
* 10: Cost = 3015324_48580206, Time = 6.15 sec. 
-Trial 10 3015324 48580206 8.787477
-Trial 11 3015324 48580206 8.936048
-Trial 12 3015324 48580206 8.963962
* 13: Cost = 219877_48387529, Time = 6.53 sec. 
-Trial 13 219877 48387529 9.168466
-Trial 14 219877 48387529 9.389585
-Trial 15 219877 48387529 9.416900
-Trial 16 219877 48387529 9.628418
-Trial 17 219877 48387529 9.675274
-Trial 18 219877 48387529 9.761063
-Trial 19 219877 48387529 9.830274
* 20: Cost = 219877_48380145, Time = 7.21 sec. 
-Trial 20 219877 48380145 9.847337
-Trial 21 219877 48380145 9.969666
-Trial 22 219877 48380145 9.988741
* 23: Cost = 219877_48370085, Time = 7.42 sec. 
-Trial 23 219877 48370085 10.051343
* 24: Cost = 219877_48335026, Time = 7.48 sec. 
-Trial 24 219877 48335026 10.117510
* 25: Cost = 219877_47414165, Time = 7.55 sec. 
-Trial 25 219877 47414165 10.190774
-Trial 26 219877 47414165 10.209655
-Trial 27 219877 47414165 10.261450
* 28: Cost = 219877_47323862, Time = 7.83 sec. 
-Trial 28 219877 47323862 10.467860
-Trial 29 219877 47323862 10.468343
* 30: Cost = 0_47792641, Time = 7.84 sec. 
-Trial 30 0 47792641 10.478082
* 31: Cost = 0_47690068, Time = 7.85 sec. 
-Trial 31 0 47690068 10.489215
* 32: Cost = 0_47683639, Time = 7.86 sec. 
-Trial 32 0 47683639 10.497875
* 33: Cost = 0_47624701, Time = 7.92 sec. 
-Trial 33 0 47624701 10.560663
* 34: Cost = 0_47609383, Time = 7.98 sec. 
-Trial 34 0 47609383 10.612417
* 35: Cost = 0_46609525, Time = 8.06 sec. 
-Trial 35 0 46609525 10.693810
-Trial 36 0 46609525 10.702707
-Trial 37 0 46609525 10.722249
-Trial 38 0 46609525 10.748166
-Trial 39 0 46609525 10.759821
-Trial 40 0 46609525 10.822102
* 41: Cost = 0_46004200, Time = 8.32 sec. 
-Trial 41 0 46004200 10.955910
* 42: Cost = 0_45702586, Time = 8.33 sec. 
-Trial 42 0 45702586 10.961425
* 43: Cost = 0_45674945, Time = 8.42 sec. 
-Trial 43 0 45674945 11.060576
-Trial 44 0 45674945 11.076342
-Trial 45 0 45674945 11.136205
-Trial 46 0 45674945 11.237814
-Trial 47 0 45674945 11.260322
* 48: Cost = 0_45674730, Time = 8.64 sec. 
-Trial 48 0 45674730 11.279793
-Trial 49 0 45674730 11.306250
-Trial 50 0 45674730 11.325518
-Trial 51 0 45674730 11.349279
* 52: Cost = 0_45620576, Time = 8.72 sec. 
-Trial 52 0 45620576 11.351481
* 53: Cost = 0_45602434, Time = 8.76 sec. 
-Trial 53 0 45602434 11.391888
-Trial 54 0 45602434 11.395588
-Trial 55 0 45602434 11.405847
-Trial 56 0 45602434 11.423394
-Trial 57 0 45602434 11.454066
-Trial 58 0 45602434 11.532402
-Trial 59 0 45602434 11.532855
* 60: Cost = 0_45537561, Time = 8.94 sec. 
-Trial 60 0 45537561 11.576790
-Trial 61 0 45537561 11.603979
* 62: Cost = 0_45509382, Time = 8.99 sec. 
-Trial 62 0 45509382 11.628810
-Trial 63 0 45509382 11.660902
-Trial 64 0 45509382 11.693651
-Trial 65 0 45509382 11.698557
* 66: Cost = 0_45499080, Time = 9.07 sec. 
-Trial 66 0 45499080 11.706611
* 67: Cost = 0_45271266, Time = 9.10 sec. 
-Trial 67 0 45271266 11.735734
* 68: Cost = 0_45226005, Time = 9.18 sec. 
-Trial 68 0 45226005 11.811216
-Trial 69 0 45226005 11.817298
-Trial 70 0 45226005 11.861592
-Trial 71 0 45226005 11.876545
* 72: Cost = 0_45061662, Time = 9.28 sec. 
-Trial 72 0 45061662 11.911343
-Trial 73 0 45061662 11.949823
-Trial 74 0 45061662 12.011699
-Trial 75 0 45061662 12.041424
-Trial 76 0 45061662 12.082803
* 77: Cost = 0_45011677, Time = 9.53 sec. 
-Trial 77 0 45011677 12.168445
-Trial 78 0 45011677 12.173241
-Trial 79 0 45011677 12.187111
-Trial 80 0 45011677 12.207579
-Trial 81 0 45011677 12.236427
-Trial 82 0 45011677 12.251037
-Trial 83 0 45011677 12.286090
-Trial 84 0 45011677 12.291860
* 85: Cost = 0_44970294, Time = 9.78 sec. 
-Trial 85 0 44970294 12.421061
* 86: Cost = 0_44960211, Time = 9.80 sec. 
-Trial 86 0 44960211 12.431941
-Trial 87 0 44960211 12.449951
* 88: Cost = 0_44956730, Time = 9.84 sec. 
-Trial 88 0 44956730 12.473929
-Trial 89 0 44956730 12.516305
-Trial 90 0 44956730 12.596516
-Trial 91 0 44956730 12.603484
-Trial 92 0 44956730 12.648056
-Trial 93 0 44956730 12.678551
-Trial 94 0 44956730 12.723115
-Trial 95 0 44956730 12.729240
* 96: Cost = 0_44864924, Time = 10.13 sec. 
-Trial 96 0 44864924 12.761166
-Trial 97 0 44864924 12.780733
* 98: Cost = 0_44759744, Time = 10.24 sec. 
-Trial 98 0 44759744 12.872278
* 99: Cost = 0_44730096, Time = 10.24 sec. 
-Trial 99 0 44730096 12.874943
-Trial 100 0 44730096 12.887742
* 101: Cost = 0_44680989, Time = 10.27 sec. 
-Trial 101 0 44680989 12.909770
-Trial 102 0 44680989 12.923529
-Trial 103 0 44680989 12.927351
-Trial 104 0 44680989 12.936834
-Trial 105 0 44680989 12.937473
* 106: Cost = 0_44483026, Time = 10.33 sec. 
-Trial 106 0 44483026 12.969747
-Trial 107 0 44483026 12.990236
-Trial 108 0 44483026 12.994867
-Trial 109 0 44483026 13.012099
-Trial 110 0 44483026 13.022517
-Trial 111 0 44483026 13.037307
-Trial 112 0 44483026 13.061157
-Trial 113 0 44483026 13.063526
* 114: Cost = 0_44189801, Time = 10.53 sec. 
-Trial 114 0 44189801 13.163336
* 115: Cost = 0_44147103, Time = 10.55 sec. 
-Trial 115 0 44147103 13.190542
-Trial 116 0 44147103 13.193136
-Trial 117 0 44147103 13.195852
-Trial 118 0 44147103 13.229383
-Trial 119 0 44147103 13.237128
-Trial 120 0 44147103 13.254992
* 121: Cost = 0_44132941, Time = 10.69 sec. 
-Trial 121 0 44132941 13.327347
-Trial 122 0 44132941 13.352803
-Trial 123 0 44132941 13.361389
* 124: Cost = 0_44120559, Time = 10.74 sec. 
-Trial 124 0 44120559 13.372384
-Trial 125 0 44120559 13.384553
* 126: Cost = 0_44115595, Time = 10.78 sec. 
-Trial 126 0 44115595 13.413667
-Trial 127 0 44115595 13.418285
-Trial 128 0 44115595 13.424081
-Trial 129 0 44115595 13.430191
-Trial 130 0 44115595 13.467497
* 131: Cost = 0_44111351, Time = 10.88 sec. 
-Trial 131 0 44111351 13.514881
-Trial 132 0 44111351 13.524061
-Trial 133 0 44111351 13.561515
-Trial 134 0 44111351 13.570357
* 135: Cost = 0_44090249, Time = 10.97 sec. 
-Trial 135 0 44090249 13.606070
-Trial 136 0 44090249 13.617140
* 137: Cost = 0_43641221, Time = 10.98 sec. 
-Trial 137 0 43641221 13.620313
-Trial 138 0 43641221 13.655715
-Trial 139 0 43641221 13.762222
-Trial 140 0 43641221 13.966630
* 141: Cost = 0_43632236, Time = 11.36 sec. 
-Trial 141 0 43632236 14.000745
-Trial 142 0 43632236 14.032019
-Trial 143 0 43632236 14.078305
-Trial 144 0 43632236 14.110626
-Trial 145 0 43632236 14.153566
-Trial 146 0 43632236 14.174843
-Trial 147 0 43632236 14.198977
-Trial 148 0 43632236 14.231428
-Trial 149 0 43632236 14.253004
* 150: Cost = 0_43604131, Time = 11.62 sec. 
-Trial 150 0 43604131 14.254528
-Trial 151 0 43604131 14.276301
-Trial 152 0 43604131 14.317473
-Trial 153 0 43604131 14.334699
-Trial 154 0 43604131 14.400913
-Trial 155 0 43604131 14.407859
-Trial 156 0 43604131 14.416959
-Trial 157 0 43604131 14.457121
-Trial 158 0 43604131 14.465244
-Trial 159 0 43604131 14.550474
-Trial 160 0 43604131 14.721836
-Trial 161 0 43604131 14.731404
-Trial 162 0 43604131 14.747552
-Trial 163 0 43604131 14.766849
-Trial 164 0 43604131 14.770460
-Trial 165 0 43604131 14.788507
-Trial 166 0 43604131 14.817745
-Trial 167 0 43604131 14.829198
* 168: Cost = 0_43447730, Time = 12.21 sec. 
-Trial 168 0 43447730 14.846695
-Trial 169 0 43447730 14.862377
* 170: Cost = 0_43393018, Time = 12.24 sec. 
-Trial 170 0 43393018 14.872887
-Trial 171 0 43393018 14.895413
-Trial 172 0 43393018 14.918411
-Trial 173 0 43393018 14.927813
-Trial 174 0 43393018 14.930938
-Trial 175 0 43393018 14.935903
* 176: Cost = 0_43350581, Time = 12.32 sec. 
-Trial 176 0 43350581 14.951308
* 177: Cost = 0_43331851, Time = 12.34 sec. 
-Trial 177 0 43331851 14.977718
-Trial 178 0 43331851 15.124078
-Trial 179 0 43331851 15.129327
-Trial 180 0 43331851 15.153365
-Trial 181 0 43331851 15.184065
-Trial 182 0 43331851 15.187619
-Trial 183 0 43331851 15.221453
-Trial 184 0 43331851 15.243738
-Trial 185 0 43331851 15.268341
-Trial 186 0 43331851 15.271725
* 187: Cost = 0_43259422, Time = 12.65 sec. 
-Trial 187 0 43259422 15.281183
-Trial 188 0 43259422 15.297559
-Trial 189 0 43259422 15.340072
-Trial 190 0 43259422 15.376001
-Trial 191 0 43259422 15.406992
-Trial 192 0 43259422 15.463306
-Trial 193 0 43259422 15.512240
-Trial 194 0 43259422 15.522471
* 195: Cost = 0_43197786, Time = 12.94 sec. 
-Trial 195 0 43197786 15.572400
-Trial 196 0 43197786 15.575466
-Trial 197 0 43197786 15.596699
-Trial 198 0 43197786 15.608703
* 199: Cost = 0_43131237, Time = 12.98 sec. 
-Trial 199 0 43131237 15.615657
-Trial 200 0 43131237 15.689927
-Trial 201 0 43131237 15.708656
-Trial 202 0 43131237 15.718629
-Trial 203 0 43131237 15.747971
-Trial 204 0 43131237 15.784405
-Trial 205 0 43131237 15.806655
-Trial 206 0 43131237 15.825354
-Trial 207 0 43131237 15.825885
-Trial 208 0 43131237 15.864568
-Trial 209 0 43131237 15.880804
-Trial 210 0 43131237 15.939551
-Trial 211 0 43131237 15.940268
-Trial 212 0 43131237 15.942721
-Trial 213 0 43131237 15.968171
* 214: Cost = 0_43129905, Time = 13.34 sec. 
-Trial 214 0 43129905 15.972145
-Trial 215 0 43129905 16.005308
-Trial 216 0 43129905 16.013167
-Trial 217 0 43129905 16.028925
-Trial 218 0 43129905 16.051946
-Trial 219 0 43129905 16.097298
-Trial 220 0 43129905 16.099114
-Trial 221 0 43129905 16.116956
-Trial 222 0 43129905 16.155314
-Trial 223 0 43129905 16.173150
-Trial 224 0 43129905 16.182011
* 225: Cost = 0_43110561, Time = 13.57 sec. 
-Trial 225 0 43110561 16.208853
-Trial 226 0 43110561 16.241240
* 227: Cost = 0_43059790, Time = 13.65 sec. 
-Trial 227 0 43059790 16.283440
-Trial 228 0 43059790 16.288951
-Trial 229 0 43059790 16.332505
-Trial 230 0 43059790 16.335843
-Trial 231 0 43059790 16.408159
* 232: Cost = 0_43052778, Time = 13.80 sec. 
-Trial 232 0 43052778 16.433057
-Trial 233 0 43052778 16.450298
-Trial 234 0 43052778 16.458858
-Trial 235 0 43052778 16.460815
-Trial 236 0 43052778 16.475810
-Trial 237 0 43052778 16.508105
-Trial 238 0 43052778 16.518628
-Trial 239 0 43052778 16.530159
-Trial 240 0 43052778 16.574600
-Trial 241 0 43052778 16.599588
-Trial 242 0 43052778 16.608653
-Trial 243 0 43052778 16.611088
-Trial 244 0 43052778 16.615486
-Trial 245 0 43052778 16.650680
-Trial 246 0 43052778 16.666525
-Trial 247 0 43052778 16.743421
-Trial 248 0 43052778 16.756224
-Trial 249 0 43052778 16.759213
-Trial 250 0 43052778 16.789230
-Trial 251 0 43052778 16.799891
-Trial 252 0 43052778 16.852656
-Trial 253 0 43052778 16.857957
-Trial 254 0 43052778 16.889230
-Trial 255 0 43052778 16.979230
-Trial 256 0 43052778 16.987000
-Trial 257 0 43052778 17.010155
-Trial 258 0 43052778 17.016352
-Trial 259 0 43052778 17.064929
-Trial 260 0 43052778 17.085950
-Trial 261 0 43052778 17.104878
-Trial 262 0 43052778 17.125491
-Trial 263 0 43052778 17.157422
-Trial 264 0 43052778 17.160945
-Trial 265 0 43052778 17.165011
-Trial 266 0 43052778 17.199939
-Trial 267 0 43052778 17.214410
-Trial 268 0 43052778 17.224358
-Trial 269 0 43052778 17.249213
-Trial 270 0 43052778 17.276776
-Trial 271 0 43052778 17.283508
-Trial 272 0 43052778 17.314085
* 273: Cost = 0_42947985, Time = 14.72 sec. 
-Trial 273 0 42947985 17.356839
* 274: Cost = 0_42751687, Time = 14.74 sec. 
-Trial 274 0 42751687 17.375948
-Trial 275 0 42751687 17.384804
-Trial 276 0 42751687 17.396491
* 277: Cost = 0_42693202, Time = 14.77 sec. 
-Trial 277 0 42693202 17.402016
-Trial 278 0 42693202 17.418061
-Trial 279 0 42693202 17.493740
-Trial 280 0 42693202 17.494845
-Trial 281 0 42693202 17.499781
-Trial 282 0 42693202 17.508320
* 283: Cost = 0_42692268, Time = 14.88 sec. 
-Trial 283 0 42692268 17.520132
-Trial 284 0 42692268 17.663459
-Trial 285 0 42692268 17.726230
-Trial 286 0 42692268 17.730396
-Trial 287 0 42692268 17.771757
-Trial 288 0 42692268 17.877130
-Trial 289 0 42692268 17.924353
* 290: Cost = 0_42657365, Time = 15.32 sec. 
-Trial 290 0 42657365 17.960377
-Trial 291 0 42657365 17.967701
-Trial 292 0 42657365 17.970081
-Trial 293 0 42657365 18.019088
-Trial 294 0 42657365 18.032507
-Trial 295 0 42657365 18.049392
* 296: Cost = 0_42533678, Time = 15.43 sec. 
-Trial 296 0 42533678 18.067208
-Trial 297 0 42533678 18.069714
-Trial 298 0 42533678 18.075533
-Trial 299 0 42533678 18.096277
-Trial 300 0 42533678 18.115460
-Trial 301 0 42533678 18.159780
-Trial 302 0 42533678 18.173849
-Trial 303 0 42533678 18.191675
-Trial 304 0 42533678 18.197389
-Trial 305 0 42533678 18.231488
-Trial 306 0 42533678 18.233438
-Trial 307 0 42533678 18.239421
-Trial 308 0 42533678 18.244655
-Trial 309 0 42533678 18.248657
-Trial 310 0 42533678 18.253394
-Trial 311 0 42533678 18.272185
-Trial 312 0 42533678 18.337736
-Trial 313 0 42533678 18.348577
-Trial 314 0 42533678 18.379471
* 315: Cost = 0_42526232, Time = 15.75 sec. 
-Trial 315 0 42526232 18.384102
-Trial 316 0 42526232 18.384722
-Trial 317 0 42526232 18.393213
-Trial 318 0 42526232 18.404316
-Trial 319 0 42526232 18.409213
-Trial 320 0 42526232 18.427291
-Trial 321 0 42526232 18.441099
-Trial 322 0 42526232 18.453262
* 323: Cost = 0_42478989, Time = 15.83 sec. 
-Trial 323 0 42478989 18.468702
-Trial 324 0 42478989 18.487971
-Trial 325 0 42478989 18.507443
-Trial 326 0 42478989 18.509458
-Trial 327 0 42478989 18.511866
-Trial 328 0 42478989 18.544819
-Trial 329 0 42478989 18.601345
-Trial 330 0 42478989 18.606105
-Trial 331 0 42478989 18.694491
-Trial 332 0 42478989 18.699085
-Trial 333 0 42478989 18.729028
* 334: Cost = 0_42440967, Time = 16.10 sec. 
-Trial 334 0 42440967 18.738852
* 335: Cost = 0_42399232, Time = 16.13 sec. 
-Trial 335 0 42399232 18.762593
-Trial 336 0 42399232 18.796816
-Trial 337 0 42399232 18.801677
* 338: Cost = 0_42394615, Time = 16.18 sec. 
-Trial 338 0 42394615 18.815197
-Trial 339 0 42394615 18.849392
-Trial 340 0 42394615 18.856761
-Trial 341 0 42394615 18.920159
-Trial 342 0 42394615 18.933716
-Trial 343 0 42394615 18.944603
-Trial 344 0 42394615 19.085659
-Trial 345 0 42394615 19.247714
-Trial 346 0 42394615 19.271541
-Trial 347 0 42394615 19.313200
-Trial 348 0 42394615 19.315474
-Trial 349 0 42394615 19.316958
-Trial 350 0 42394615 19.319353
-Trial 351 0 42394615 19.351854
-Trial 352 0 42394615 19.362675
-Trial 353 0 42394615 19.377830
-Trial 354 0 42394615 19.386080
-Trial 355 0 42394615 19.417968
-Trial 356 0 42394615 19.421766
-Trial 357 0 42394615 19.497069
-Trial 358 0 42394615 19.502173
-Trial 359 0 42394615 19.533835
-Trial 360 0 42394615 19.550403
-Trial 361 0 42394615 19.624912
-Trial 362 0 42394615 19.657835
-Trial 363 0 42394615 19.671451
-Trial 364 0 42394615 19.686966
-Trial 365 0 42394615 19.718131
-Trial 366 0 42394615 19.740561
-Trial 367 0 42394615 19.743561
-Trial 368 0 42394615 19.752206
-Trial 369 0 42394615 19.776309
-Trial 370 0 42394615 19.961725
-Trial 371 0 42394615 19.987600
-Trial 372 0 42394615 19.993624
-Trial 373 0 42394615 20.010749
-Trial 374 0 42394615 20.071536
-Trial 375 0 42394615 20.071949
-Trial 376 0 42394615 20.104173
-Trial 377 0 42394615 20.148741
-Trial 378 0 42394615 20.174509
-Trial 379 0 42394615 20.192502
-Trial 380 0 42394615 20.206223
-Trial 381 0 42394615 20.217445
-Trial 382 0 42394615 20.277609
-Trial 383 0 42394615 20.278303
-Trial 384 0 42394615 20.288652
-Trial 385 0 42394615 20.309124
-Trial 386 0 42394615 20.317392
-Trial 387 0 42394615 20.337664
-Trial 388 0 42394615 20.339988
-Trial 389 0 42394615 20.340775
-Trial 390 0 42394615 20.342818
-Trial 391 0 42394615 20.374141
-Trial 392 0 42394615 20.394513
-Trial 393 0 42394615 20.402724
-Trial 394 0 42394615 20.409806
-Trial 395 0 42394615 20.568369
* 396: Cost = 0_42367451, Time = 17.94 sec. 
-Trial 396 0 42367451 20.578020
-Trial 397 0 42367451 20.578554
-Trial 398 0 42367451 20.729813
-Trial 399 0 42367451 20.933571
-Trial 400 0 42367451 20.947662
-Trial 401 0 42367451 20.978555
-Trial 402 0 42367451 21.056875
-Trial 403 0 42367451 21.066074
-Trial 404 0 42367451 21.096844
-Trial 405 0 42367451 21.108540
-Trial 406 0 42367451 21.145967
* 407: Cost = 0_42333690, Time = 18.55 sec. 
-Trial 407 0 42333690 21.184077
-Trial 408 0 42333690 21.200818
-Trial 409 0 42333690 21.201254
* 410: Cost = 0_42319663, Time = 18.59 sec. 
-Trial 410 0 42319663 21.221096
-Trial 411 0 42319663 21.228585
* 412: Cost = 0_42275446, Time = 18.64 sec. 
-Trial 412 0 42275446 21.280220
-Trial 413 0 42275446 21.290304
-Trial 414 0 42275446 21.328303
-Trial 415 0 42275446 21.360715
-Trial 416 0 42275446 21.366798
-Trial 417 0 42275446 21.384898
-Trial 418 0 42275446 21.411274
-Trial 419 0 42275446 21.482359
-Trial 420 0 42275446 21.488811
-Trial 421 0 42275446 21.492794
* 422: Cost = 0_42217542, Time = 18.88 sec. 
-Trial 422 0 42217542 21.520279
* 423: Cost = 0_42198892, Time = 18.89 sec. 
-Trial 423 0 42198892 21.523957
-Trial 424 0 42198892 21.566192
-Trial 425 0 42198892 21.569724
-Trial 426 0 42198892 21.574005
-Trial 427 0 42198892 21.630550
-Trial 428 0 42198892 21.707800
* 429: Cost = 0_42193743, Time = 19.11 sec. 
-Trial 429 0 42193743 21.742749
-Trial 430 0 42193743 21.757507
-Trial 431 0 42193743 21.779856
-Trial 432 0 42193743 21.802740
* 433: Cost = 0_42140035, Time = 19.19 sec. 
-Trial 433 0 42140035 21.830675
-Trial 434 0 42140035 21.904979
-Trial 435 0 42140035 21.935543
-Trial 436 0 42140035 21.945865
-Trial 437 0 42140035 21.951526
-Trial 438 0 42140035 21.980918
-Trial 439 0 42140035 22.018494
-Trial 440 0 42140035 22.028379
-Trial 441 0 42140035 22.059646
-Trial 442 0 42140035 22.073327
-Trial 443 0 42140035 22.099432
-Trial 444 0 42140035 22.112065
-Trial 445 0 42140035 22.119220
-Trial 446 0 42140035 22.143882
-Trial 447 0 42140035 22.148852
-Trial 448 0 42140035 22.159759
-Trial 449 0 42140035 22.181929
-Trial 450 0 42140035 22.189580
-Trial 451 0 42140035 22.195169
-Trial 452 0 42140035 22.239007
-Trial 453 0 42140035 22.360018
-Trial 454 0 42140035 22.376356
-Trial 455 0 42140035 22.505892
-Trial 456 0 42140035 22.510630
-Trial 457 0 42140035 22.549535
-Trial 458 0 42140035 22.552224
-Trial 459 0 42140035 22.579276
-Trial 460 0 42140035 22.625309
-Trial 461 0 42140035 22.645928
-Trial 462 0 42140035 22.652424
* 463: Cost = 0_42110744, Time = 20.03 sec. 
-Trial 463 0 42110744 22.663438
-Trial 464 0 42110744 22.671070
-Trial 465 0 42110744 22.749925
-Trial 466 0 42110744 22.761028
-Trial 467 0 42110744 22.767887
-Trial 468 0 42110744 22.776065
* 469: Cost = 0_42073465, Time = 20.20 sec. 
-Trial 469 0 42073465 22.838839
-Trial 470 0 42073465 22.931212
-Trial 471 0 42073465 23.137566
-Trial 472 0 42073465 23.137962
-Trial 473 0 42073465 23.224236
* 474: Cost = 0_42059402, Time = 20.61 sec. 
-Trial 474 0 42059402 23.244436
-Trial 475 0 42059402 23.248259
-Trial 476 0 42059402 23.263415
-Trial 477 0 42059402 23.312418
-Trial 478 0 42059402 23.337093
-Trial 479 0 42059402 23.354450
-Trial 480 0 42059402 23.365584
-Trial 481 0 42059402 23.373675
* 482: Cost = 0_42031297, Time = 20.75 sec. 
-Trial 482 0 42031297 23.381558
-Trial 483 0 42031297 23.386106
-Trial 484 0 42031297 23.400846
-Trial 485 0 42031297 23.421171
-Trial 486 0 42031297 23.434892
-Trial 487 0 42031297 23.485761
-Trial 488 0 42031297 23.490636
-Trial 489 0 42031297 23.528397
-Trial 490 0 42031297 23.564017
-Trial 491 0 42031297 23.586602
* 492: Cost = 0_42024882, Time = 20.97 sec. 
-Trial 492 0 42024882 23.606843
-Trial 493 0 42024882 23.624524
-Trial 494 0 42024882 23.626647
-Trial 495 0 42024882 23.649560
-Trial 496 0 42024882 23.683795
-Trial 497 0 42024882 23.707243
-Trial 498 0 42024882 23.726321
-Trial 499 0 42024882 23.734815
-Trial 500 0 42024882 23.738536
-Trial 501 0 42024882 23.792555
-Trial 502 0 42024882 23.799590
-Trial 503 0 42024882 23.803562
-Trial 504 0 42024882 23.805356
-Trial 505 0 42024882 23.833189
-Trial 506 0 42024882 23.847989
-Trial 507 0 42024882 23.866530
-Trial 508 0 42024882 23.869217
-Trial 509 0 42024882 23.885354
-Trial 510 0 42024882 23.925198
-Trial 511 0 42024882 23.998451
-Trial 512 0 42024882 24.014807
-Trial 513 0 42024882 24.017473
* 514: Cost = 0_41974616, Time = 21.39 sec. 
-Trial 514 0 41974616 24.029191
-Trial 515 0 41974616 24.039474
-Trial 516 0 41974616 24.045487
-Trial 517 0 41974616 24.052486
-Trial 518 0 41974616 24.056438
-Trial 519 0 41974616 24.086962
-Trial 520 0 41974616 24.108438
-Trial 521 0 41974616 24.141054
-Trial 522 0 41974616 24.153846
-Trial 523 0 41974616 24.182608
* 524: Cost = 0_41940160, Time = 21.57 sec. 
-Trial 524 0 41940160 24.201389
-Trial 525 0 41940160 24.211012
-Trial 526 0 41940160 24.312571
-Trial 527 0 41940160 24.326675
-Trial 528 0 41940160 24.489652
-Trial 529 0 41940160 24.522977
* 530: Cost = 0_41898868, Time = 21.90 sec. 
-Trial 530 0 41898868 24.535296
-Trial 531 0 41898868 24.548681
-Trial 532 0 41898868 24.641495
-Trial 533 0 41898868 24.662493
-Trial 534 0 41898868 24.706528
-Trial 535 0 41898868 24.717616
* 536: Cost = 0_41879102, Time = 22.15 sec. 
-Trial 536 0 41879102 24.782170
-Trial 537 0 41879102 24.793091
-Trial 538 0 41879102 24.794087
-Trial 539 0 41879102 24.800304
-Trial 540 0 41879102 24.807370
-Trial 541 0 41879102 24.850959
-Trial 542 0 41879102 24.863344
* 543: Cost = 0_41827684, Time = 22.24 sec. 
-Trial 543 0 41827684 24.872497
-Trial 544 0 41827684 24.881005
-Trial 545 0 41827684 24.888387
-Trial 546 0 41827684 24.981530
-Trial 547 0 41827684 24.998084
-Trial 548 0 41827684 25.005736
-Trial 549 0 41827684 25.035418
-Trial 550 0 41827684 25.051033
-Trial 551 0 41827684 25.058161
-Trial 552 0 41827684 25.117101
-Trial 553 0 41827684 25.204230
-Trial 554 0 41827684 25.220192
-Trial 555 0 41827684 25.233003
-Trial 556 0 41827684 25.249447
-Trial 557 0 41827684 25.252180
-Trial 558 0 41827684 25.270879
-Trial 559 0 41827684 25.357811
-Trial 560 0 41827684 25.361923
-Trial 561 0 41827684 25.380422
-Trial 562 0 41827684 25.449533
-Trial 563 0 41827684 25.459148
-Trial 564 0 41827684 25.562342
-Trial 565 0 41827684 25.565552
-Trial 566 0 41827684 25.582066
-Trial 567 0 41827684 25.589028
-Trial 568 0 41827684 25.597507
-Trial 569 0 41827684 25.671651
-Trial 570 0 41827684 25.687340
-Trial 571 0 41827684 25.711216
-Trial 572 0 41827684 25.736129
-Trial 573 0 41827684 25.758254
-Trial 574 0 41827684 25.765824
-Trial 575 0 41827684 25.771089
-Trial 576 0 41827684 25.804740
-Trial 577 0 41827684 25.822164
-Trial 578 0 41827684 25.851220
-Trial 579 0 41827684 25.877650
-Trial 580 0 41827684 25.901655
-Trial 581 0 41827684 25.926852
-Trial 582 0 41827684 25.940829
-Trial 583 0 41827684 25.955093
-Trial 584 0 41827684 25.971279
-Trial 585 0 41827684 25.975344
-Trial 586 0 41827684 25.994460
-Trial 587 0 41827684 26.025352
-Trial 588 0 41827684 26.045511
-Trial 589 0 41827684 26.047565
-Trial 590 0 41827684 26.062481
-Trial 591 0 41827684 26.195868
-Trial 592 0 41827684 26.202268
-Trial 593 0 41827684 26.215696
-Trial 594 0 41827684 26.227397
-Trial 595 0 41827684 26.239117
-Trial 596 0 41827684 26.250144
-Trial 597 0 41827684 26.260111
-Trial 598 0 41827684 26.284049
-Trial 599 0 41827684 26.285696
-Trial 600 0 41827684 26.296850
-Trial 601 0 41827684 26.299940
-Trial 602 0 41827684 26.487703
-Trial 603 0 41827684 26.518752
-Trial 604 0 41827684 26.598137
-Trial 605 0 41827684 26.626959
-Trial 606 0 41827684 26.660407
-Trial 607 0 41827684 26.679414
-Trial 608 0 41827684 26.683948
-Trial 609 0 41827684 26.750723
-Trial 610 0 41827684 26.763481
-Trial 611 0 41827684 26.770203
-Trial 612 0 41827684 26.772964
* 613: Cost = 0_41795709, Time = 24.20 sec. 
-Trial 613 0 41795709 26.834925
* 614: Cost = 0_41785830, Time = 24.21 sec. 
-Trial 614 0 41785830 26.844679
-Trial 615 0 41785830 26.858209
-Trial 616 0 41785830 26.914775
-Trial 617 0 41785830 27.080185
-Trial 618 0 41785830 27.102010
-Trial 619 0 41785830 27.118431
-Trial 620 0 41785830 27.175782
-Trial 621 0 41785830 27.303507
-Trial 622 0 41785830 27.355298
-Trial 623 0 41785830 27.384953
-Trial 624 0 41785830 27.408887
-Trial 625 0 41785830 27.523619
-Trial 626 0 41785830 27.543171
-Trial 627 0 41785830 27.548820
-Trial 628 0 41785830 27.588830
-Trial 629 0 41785830 27.654095
-Trial 630 0 41785830 27.686337
-Trial 631 0 41785830 27.741500
-Trial 632 0 41785830 27.761967
-Trial 633 0 41785830 27.777135
-Trial 634 0 41785830 27.797616
-Trial 635 0 41785830 27.870139
-Trial 636 0 41785830 27.892863
-Trial 637 0 41785830 27.903886
-Trial 638 0 41785830 27.941430
-Trial 639 0 41785830 27.946186
-Trial 640 0 41785830 28.171387
-Trial 641 0 41785830 28.196260
-Trial 642 0 41785830 28.202505
-Trial 643 0 41785830 28.234044
-Trial 644 0 41785830 28.241051
-Trial 645 0 41785830 28.271052
-Trial 646 0 41785830 28.379271
-Trial 647 0 41785830 28.449522
-Trial 648 0 41785830 28.456854
-Trial 649 0 41785830 28.492921
-Trial 650 0 41785830 28.506683
-Trial 651 0 41785830 28.542168
-Trial 652 0 41785830 28.549198
-Trial 653 0 41785830 28.561588
-Trial 654 0 41785830 28.631809
-Trial 655 0 41785830 28.659348
-Trial 656 0 41785830 28.664602
-Trial 657 0 41785830 28.690720
-Trial 658 0 41785830 28.796751
-Trial 659 0 41785830 28.802455
-Trial 660 0 41785830 28.923833
-Trial 661 0 41785830 28.982335
-Trial 662 0 41785830 29.013476
-Trial 663 0 41785830 29.054974
-Trial 664 0 41785830 29.140568
-Trial 665 0 41785830 29.311980
-Trial 666 0 41785830 29.319758
* 667: Cost = 0_41735405, Time = 26.71 sec. 
-Trial 667 0 41735405 29.341850
-Trial 668 0 41735405 29.350130
-Trial 669 0 41735405 29.397007
-Trial 670 0 41735405 29.430078
-Trial 671 0 41735405 29.459220
-Trial 672 0 41735405 29.559730
-Trial 673 0 41735405 29.587905
-Trial 674 0 41735405 29.604609
-Trial 675 0 41735405 29.701116
-Trial 676 0 41735405 29.783185
-Trial 677 0 41735405 29.813982
-Trial 678 0 41735405 29.848398
-Trial 679 0 41735405 29.868643
-Trial 680 0 41735405 29.884857
-Trial 681 0 41735405 29.916835
-Trial 682 0 41735405 29.922555
-Trial 683 0 41735405 29.953874
-Trial 684 0 41735405 29.977641
-Trial 685 0 41735405 30.030916
-Trial 686 0 41735405 30.039810
-Trial 687 0 41735405 30.087245
-Trial 688 0 41735405 30.190629
-Trial 689 0 41735405 30.203817
-Trial 690 0 41735405 30.207255
-Trial 691 0 41735405 30.271758
-Trial 692 0 41735405 30.326266
-Trial 693 0 41735405 30.338905
-Trial 694 0 41735405 30.346959
-Trial 695 0 41735405 30.364031
* 696: Cost = 0_41660632, Time = 27.74 sec. 
-Trial 696 0 41660632 30.373203
-Trial 697 0 41660632 30.411881
-Trial 698 0 41660632 30.427756
-Trial 699 0 41660632 30.453065
-Trial 700 0 41660632 30.464152
-Trial 701 0 41660632 30.495003
-Trial 702 0 41660632 30.506516
-Trial 703 0 41660632 30.540805
-Trial 704 0 41660632 30.558403
-Trial 705 0 41660632 30.692879
-Trial 706 0 41660632 30.741695
-Trial 707 0 41660632 30.761552
-Trial 708 0 41660632 30.779152
-Trial 709 0 41660632 30.785889
-Trial 710 0 41660632 30.826493
-Trial 711 0 41660632 30.858002
-Trial 712 0 41660632 30.865187
-Trial 713 0 41660632 30.866931
-Trial 714 0 41660632 30.887331
-Trial 715 0 41660632 30.959366
-Trial 716 0 41660632 30.975684
-Trial 717 0 41660632 31.033124
-Trial 718 0 41660632 31.043294
* 719: Cost = 0_41660596, Time = 28.49 sec. 
-Trial 719 0 41660596 31.130988
-Trial 720 0 41660596 31.171182
-Trial 721 0 41660596 31.641624
-Trial 722 0 41660596 31.666754
-Trial 723 0 41660596 31.698410
-Trial 724 0 41660596 31.710197
-Trial 725 0 41660596 31.857357
-Trial 726 0 41660596 31.871106
-Trial 727 0 41660596 31.955933
-Trial 728 0 41660596 32.031017
-Trial 729 0 41660596 32.083550
-Trial 730 0 41660596 32.094065
-Trial 731 0 41660596 32.104569
-Trial 732 0 41660596 32.107918
-Trial 733 0 41660596 32.119199
-Trial 734 0 41660596 32.147445
-Trial 735 0 41660596 32.214918
-Trial 736 0 41660596 32.225838
-Trial 737 0 41660596 32.254105
-Trial 738 0 41660596 32.279651
-Trial 739 0 41660596 32.283269
-Trial 740 0 41660596 32.368598
-Trial 741 0 41660596 32.378123
-Trial 742 0 41660596 32.382414
-Trial 743 0 41660596 32.416247
-Trial 744 0 41660596 32.428395
-Trial 745 0 41660596 32.438032
-Trial 746 0 41660596 32.456169
-Trial 747 0 41660596 32.514831
-Trial 748 0 41660596 32.577872
-Trial 749 0 41660596 32.584333
-Trial 750 0 41660596 32.591358
-Trial 751 0 41660596 32.643598
-Trial 752 0 41660596 32.668946
-Trial 753 0 41660596 32.747592
-Trial 754 0 41660596 32.756933
-Trial 755 0 41660596 32.761880
-Trial 756 0 41660596 32.777608
-Trial 757 0 41660596 32.777998
-Trial 758 0 41660596 32.812883
* 759: Cost = 0_41640778, Time = 30.24 sec. 
-Trial 759 0 41640778 32.878217
-Trial 760 0 41640778 32.985763
-Trial 761 0 41640778 33.030568
-Trial 762 0 41640778 33.061132
-Trial 763 0 41640778 33.103390
-Trial 764 0 41640778 33.106960
-Trial 765 0 41640778 33.126119
-Trial 766 0 41640778 33.179925
-Trial 767 0 41640778 33.198446
-Trial 768 0 41640778 33.218566
* 769: Cost = 0_41617098, Time = 30.61 sec. 
-Trial 769 0 41617098 33.250001
-Trial 770 0 41617098 33.266010
-Trial 771 0 41617098 33.273514
-Trial 772 0 41617098 33.292838
* 773: Cost = 0_41596517, Time = 30.67 sec. 
-Trial 773 0 41596517 33.302642
-Trial 774 0 41596517 33.305772
-Trial 775 0 41596517 33.361264
-Trial 776 0 41596517 33.374806
* 777: Cost = 0_41496674, Time = 30.79 sec. 
-Trial 777 0 41496674 33.423376
-Trial 778 0 41496674 33.438211
-Trial 779 0 41496674 33.466240
-Trial 780 0 41496674 33.518802
-Trial 781 0 41496674 33.638749
-Trial 782 0 41496674 33.660509
-Trial 783 0 41496674 33.681520
-Trial 784 0 41496674 33.695126
-Trial 785 0 41496674 33.696021
-Trial 786 0 41496674 33.707356
-Trial 787 0 41496674 33.742919
-Trial 788 0 41496674 33.750894
-Trial 789 0 41496674 33.764719
-Trial 790 0 41496674 33.786829
-Trial 791 0 41496674 33.794501
-Trial 792 0 41496674 33.822879
-Trial 793 0 41496674 33.835906
-Trial 794 0 41496674 33.843328
-Trial 795 0 41496674 33.921143
-Trial 796 0 41496674 33.935123
-Trial 797 0 41496674 33.947932
-Trial 798 0 41496674 33.954154
-Trial 799 0 41496674 34.037357
-Trial 800 0 41496674 34.052060
-Trial 801 0 41496674 34.204377
-Trial 802 0 41496674 34.228183
-Trial 803 0 41496674 34.253610
-Trial 804 0 41496674 34.277604
-Trial 805 0 41496674 34.298395
-Trial 806 0 41496674 34.307495
-Trial 807 0 41496674 34.312689
-Trial 808 0 41496674 34.319325
-Trial 809 0 41496674 34.324077
-Trial 810 0 41496674 34.369817
-Trial 811 0 41496674 34.385039
-Trial 812 0 41496674 34.437356
-Trial 813 0 41496674 34.456511
-Trial 814 0 41496674 34.516570
-Trial 815 0 41496674 34.580814
-Trial 816 0 41496674 34.805799
-Trial 817 0 41496674 34.830358
-Trial 818 0 41496674 34.833896
-Trial 819 0 41496674 34.963356
-Trial 820 0 41496674 34.974995
-Trial 821 0 41496674 34.980565
-Trial 822 0 41496674 35.027089
-Trial 823 0 41496674 35.037794
-Trial 824 0 41496674 35.049647
-Trial 825 0 41496674 35.052253
-Trial 826 0 41496674 35.078337
-Trial 827 0 41496674 35.110942
-Trial 828 0 41496674 35.112938
-Trial 829 0 41496674 35.139906
-Trial 830 0 41496674 35.171738
-Trial 831 0 41496674 35.195088
-Trial 832 0 41496674 35.225500
-Trial 833 0 41496674 35.234462
-Trial 834 0 41496674 35.242435
-Trial 835 0 41496674 35.291013
-Trial 836 0 41496674 35.334938
-Trial 837 0 41496674 35.419344
-Trial 838 0 41496674 35.432025
-Trial 839 0 41496674 35.495948
-Trial 840 0 41496674 35.521749
-Trial 841 0 41496674 35.565243
-Trial 842 0 41496674 35.749444
-Trial 843 0 41496674 35.753112
-Trial 844 0 41496674 35.761694
-Trial 845 0 41496674 35.772886
-Trial 846 0 41496674 35.779727
-Trial 847 0 41496674 35.784321
-Trial 848 0 41496674 35.791599
-Trial 849 0 41496674 35.813560
-Trial 850 0 41496674 35.820852
-Trial 851 0 41496674 35.851531
-Trial 852 0 41496674 35.905991
-Trial 853 0 41496674 35.910837
-Trial 854 0 41496674 35.943350
-Trial 855 0 41496674 35.955528
-Trial 856 0 41496674 35.970728
-Trial 857 0 41496674 36.016355
-Trial 858 0 41496674 36.116294
-Trial 859 0 41496674 36.134925
-Trial 860 0 41496674 36.152433
-Trial 861 0 41496674 36.174879
-Trial 862 0 41496674 36.235869
-Trial 863 0 41496674 36.240510
-Trial 864 0 41496674 36.249757
-Trial 865 0 41496674 36.267506
-Trial 866 0 41496674 36.316793
-Trial 867 0 41496674 36.328248
-Trial 868 0 41496674 36.332256
-Trial 869 0 41496674 36.356457
-Trial 870 0 41496674 36.418499
-Trial 871 0 41496674 36.440269
-Trial 872 0 41496674 36.463894
-Trial 873 0 41496674 36.477901
-Trial 874 0 41496674 36.521440
-Trial 875 0 41496674 36.529465
-Trial 876 0 41496674 36.532891
-Trial 877 0 41496674 36.542166
-Trial 878 0 41496674 36.562132
-Trial 879 0 41496674 36.602800
-Trial 880 0 41496674 36.607683
* 881: Cost = 0_41486795, Time = 34.00 sec. 
-Trial 881 0 41486795 36.632418
* 882: Cost = 0_41476828, Time = 34.01 sec. 
-Trial 882 0 41476828 36.645404
-Trial 883 0 41476828 36.651223
-Trial 884 0 41476828 36.674384
-Trial 885 0 41476828 36.700604
-Trial 886 0 41476828 36.730982
-Trial 887 0 41476828 36.769778
-Trial 888 0 41476828 36.778748
-Trial 889 0 41476828 36.814941
-Trial 890 0 41476828 36.830109
-Trial 891 0 41476828 36.889116
-Trial 892 0 41476828 36.893955
-Trial 893 0 41476828 36.940173
-Trial 894 0 41476828 36.965540
-Trial 895 0 41476828 36.990723
-Trial 896 0 41476828 37.000184
-Trial 897 0 41476828 37.022820
-Trial 898 0 41476828 37.059861
-Trial 899 0 41476828 37.150083
-Trial 900 0 41476828 37.176555
-Trial 901 0 41476828 37.188439
-Trial 902 0 41476828 37.201530
-Trial 903 0 41476828 37.210955
-Trial 904 0 41476828 37.220620
-Trial 905 0 41476828 37.224474
-Trial 906 0 41476828 37.295452
-Trial 907 0 41476828 37.331069
-Trial 908 0 41476828 37.340217
-Trial 909 0 41476828 37.372977
-Trial 910 0 41476828 37.377537
-Trial 911 0 41476828 37.389896
-Trial 912 0 41476828 37.419236
-Trial 913 0 41476828 37.450494
-Trial 914 0 41476828 37.475163
-Trial 915 0 41476828 37.483262
-Trial 916 0 41476828 37.495362
-Trial 917 0 41476828 37.504369
-Trial 918 0 41476828 37.514759
-Trial 919 0 41476828 37.516532
-Trial 920 0 41476828 37.535594
-Trial 921 0 41476828 37.538514
-Trial 922 0 41476828 37.563202
-Trial 923 0 41476828 37.606934
-Trial 924 0 41476828 37.659538
-Trial 925 0 41476828 37.684970
-Trial 926 0 41476828 37.698352
-Trial 927 0 41476828 37.721951
-Trial 928 0 41476828 37.726358
-Trial 929 0 41476828 37.744897
-Trial 930 0 41476828 37.835326
-Trial 931 0 41476828 37.863767
-Trial 932 0 41476828 37.901797
-Trial 933 0 41476828 37.904738
-Trial 934 0 41476828 37.923687
-Trial 935 0 41476828 37.928767
-Trial 936 0 41476828 37.988144
* 937: Cost = 0_41471528, Time = 35.38 sec. 
-Trial 937 0 41471528 38.019544
-Trial 938 0 41471528 38.033571
-Trial 939 0 41471528 38.050767
-Trial 940 0 41471528 38.054296
-Trial 941 0 41471528 38.148736
-Trial 942 0 41471528 38.151462
-Trial 943 0 41471528 38.162203
-Trial 944 0 41471528 38.175566
-Trial 945 0 41471528 38.297801
-Trial 946 0 41471528 38.307160
-Trial 947 0 41471528 38.344274
-Trial 948 0 41471528 38.413185
-Trial 949 0 41471528 38.445796
-Trial 950 0 41471528 38.500017
-Trial 951 0 41471528 38.505697
-Trial 952 0 41471528 38.516337
-Trial 953 0 41471528 38.525343
* 954: Cost = 0_41440187, Time = 35.90 sec. 
-Trial 954 0 41440187 38.531371
-Trial 955 0 41440187 38.558833
-Trial 956 0 41440187 38.572925
-Trial 957 0 41440187 38.583798
* 958: Cost = 0_41409597, Time = 35.97 sec. 
-Trial 958 0 41409597 38.604141
* 959: Cost = 0_41398837, Time = 36.02 sec. 
-Trial 959 0 41398837 38.658383
-Trial 960 0 41398837 38.684522
-Trial 961 0 41398837 38.690049
-Trial 962 0 41398837 38.707415
-Trial 963 0 41398837 38.716819
-Trial 964 0 41398837 38.720118
-Trial 965 0 41398837 38.745629
-Trial 966 0 41398837 38.792754
-Trial 967 0 41398837 38.813343
-Trial 968 0 41398837 38.835324
-Trial 969 0 41398837 38.842663
-Trial 970 0 41398837 38.847041
-Trial 971 0 41398837 38.866997
* 972: Cost = 0_41155353, Time = 36.26 sec. 
-Trial 972 0 41155353 38.895754
-Trial 973 0 41155353 38.941666
-Trial 974 0 41155353 38.948973
-Trial 975 0 41155353 38.954582
* 976: Cost = 0_41109467, Time = 36.39 sec. 
-Trial 976 0 41109467 39.026090
-Trial 977 0 41109467 39.031416
-Trial 978 0 41109467 39.048431
-Trial 979 0 41109467 39.056601
-Trial 980 0 41109467 39.071340
-Trial 981 0 41109467 39.091533
-Trial 982 0 41109467 39.101845
-Trial 983 0 41109467 39.108429
-Trial 984 0 41109467 39.131236
-Trial 985 0 41109467 39.137799
-Trial 986 0 41109467 39.139420
-Trial 987 0 41109467 39.191110
-Trial 988 0 41109467 39.221714
-Trial 989 0 41109467 39.229807
-Trial 990 0 41109467 39.344456
-Trial 991 0 41109467 39.379887
-Trial 992 0 41109467 39.425976
-Trial 993 0 41109467 39.436913
-Trial 994 0 41109467 39.483498
-Trial 995 0 41109467 39.526647
-Trial 996 0 41109467 39.697328
-Trial 997 0 41109467 39.821163
-Trial 998 0 41109467 39.827263
-Trial 999 0 41109467 39.915035
-Trial 1000 0 41109467 39.930361
Population:
  1: 0_41109467
Run 1: Cost = 0_41109467, Time = 37.30 sec. 

Successes/Runs = 0/1 
Cost.min = 41109467, Cost.avg = 41109467.00, Cost.max = 41109467
Gap.min = 0.0000%, Gap.avg = 0.0000%, Gap.max = 0.0000%
Penalty.min = 0, Penalty.avg = 0.00, Penalty.max = 0
Trials.min = 1000, Trials.avg = 1000.0, Trials.max = 1000
Time.min = 37.30 sec., Time.avg = 37.30 sec., Time.max = 37.30 sec.
Time.total = 39.93 sec.
  Size.min = 15, Size.max = 39, Penalty = 0
  Cost.min = 953687, Cost.max = 3394336, Cost.sum = 41109467
Best CVRPTW solution:
  Cost = 0_41109467
1 226 44 75 116 465 137 483 330 281 441 114 17 388 94 349 455 302 319 68 138 219 306 468 443 104 511 345 381 87 84 207 419 103 362 296 129 221 389 262 99 40 316 507 111 39 413 470 428 73 344 150 29 132 265 198 163 160 360 368 300 379 514 230 341 180 257 223 293 292 122 184 187 294 407 304 197 375 309 194 213 350 474 119 447 339 273 13 244 417 3 505 34 500 31 41 247 405 60 43 217 162 499 191 370 473 4 272 166 133 412 498 438 271 98 220 305 354 10 270 147 399 497 218 512 127 33 351 442 47 409 201 181 400 307 144 196 334 167 46 149 364 467 58 324 510 91 240 496 209 331 253 92 285 325 190 225 432 408 214 333 154 275 52 403 414 95 328 51 506 276 392 458 242 332 205 74 203 20 183 171 130 206 243 124 67 308 38 250 153 261 5 459 355 169 298 503 374 236 436 173 258 260 440 287 342 165 128 139 65 241 168 520 437 490 178 126 135 238 63 415 106 284 340 451 24 27 429 404 252 101 396 402 387 378 246 445 192 77 475 519 195 449 372 70 255 477 430 434 145 263 366 315 81 278 161 295 177 146 134 384 156 268 291 216 397 248 234 486 141 251 19 112 259 327 452 493 488 318 377 518 125 235 288 14 338 444 311 115 329 469 113 289 336 337 140 231 286 356 59 427 136 418 457 371 211 471 237 466 45 454 367 382 56 502 176 16 32 245 6 463 320 49 172 431 117 420 376 64 439 199 310 105 11 212 394 426 222 78 492 383 504 118 393 155 50 323 109 189 249 411 256 25 373 479 62 174 312 57 277 186 321 170 478 202 279 348 456 314 188 516 97 143 353 121 120 15 317 401 358 398 71 2 35 157 422 266 421 380 9 227 224 175 37 102 72 229 508 448 28 42 386 158 395 485 239 299 489 280 425 264 164 346 267 322 484 8 76 89 66 159 461 365 406 495 517 482 391 480 179 110 36 453 487 26 326 61 7 450 363 416 343 460 491 131 513 79 390 433 435 494 152 88 472 82 93 142 208 501 148 228 301 55 69 269 357 151 80 462 481 283 85 23 232 254 193 515 22 53 182 347 108 233 424 464 385 86 185 423 204 96 359 210 313 48 352 215 509 410 361 369 107 200 274 446 100 290 282 21 123 83 54 476 335 12 90 303 30 18 297 1 
