PARAMETER_FILE = result/cvrptw_500/LKH_para/302.para
Reading PROBLEM_FILE: "result/cvrptw_500/cvrptw/302.cvrptw" ... done
ASCENT_CANDIDATES = 50
BACKBONE_TRIALS = 0
BACKTRACKING = NO
# BWTSP =
# CANDIDATE_FILE =
CANDIDATE_SET_TYPE = ALPHA
DEPOT = 1
# EDGE_FILE =
EXCESS = 0.0384615
EXTERNAL_SALESMEN = 0
EXTRA_CANDIDATES = 0 
EXTRA_CANDIDATE_SET_TYPE = QUADRANT
GAIN23 = NO
GAIN_CRITERION = YES
INITIAL_PERIOD = 520
INITIAL_STEP_SIZE = 1
INITIAL_TOUR_ALGORITHM = WALK
# INITIAL_TOUR_FILE = 
INITIAL_TOUR_FRACTION = 1.000
# INPUT_TOUR_FILE = 
KICK_TYPE = 4
KICKS = 1
# MAX_BREADTH =
MAKESPAN = NO
MAX_CANDIDATES = 5 
MAX_SWAPS = 0
MAX_TRIALS = 1000
# MERGE_TOUR_FILE =
MOVE_TYPE = 5 SPECIAL
MTSP_MIN_SIZE = 1
MTSP_MAX_SIZE = 1039
# MTSP_SOLUTION_FILE = 
# NONSEQUENTIAL_MOVE_TYPE = 5
# OPTIMUM =
# OUTPUT_TOUR_FILE = 
PATCHING_A = 1 
PATCHING_C = 0 
# PI_FILE = 
POPMUSIC_INITIAL_TOUR = NO
POPMUSIC_MAX_NEIGHBORS = 5
POPMUSIC_SAMPLE_SIZE = 10
POPMUSIC_SOLUTIONS = 50
POPMUSIC_TRIALS = 1
POPULATION_SIZE = 10
PRECISION = 100
PROBLEM_FILE = result/cvrptw_500/cvrptw/302.cvrptw
RECOMBINATION = IPT
RESTRICTED_SEARCH = YES
RUNS = 1
SALESMEN = 20
SCALE = 1
SEED = 1234
# SINTEF_SOLUTION_FILE = 
STOP_AT_OPTIMUM = YES
SUBGRADIENT = YES
# SUBPROBLEM_SIZE =
# SUBPROBLEM_TOUR_FILE = 
SUBSEQUENT_MOVE_TYPE = 5 SPECIAL
SUBSEQUENT_PATCHING = YES
# TIME_LIMIT =
# TOUR_FILE = 
TRACE_LEVEL = 1
VEHICLES = 20

Lower bound = 27917536.6, Ascent time = 2.38 sec.
Cand.min = 5, Cand.avg = 5.0, Cand.max = 5
Edges.fixed = 520 [Cost = 0]
Preprocessing time = 2.46 sec.
* 1: Cost = 3599129_58449324, Time = 4.70 sec. 
-Trial 1 3599129 58449324 7.170895
-Trial 2 3599129 58449324 7.471762
-Trial 3 3599129 58449324 7.818093
* 4: Cost = 3513381_57378740, Time = 5.90 sec. 
-Trial 4 3513381 57378740 8.363748
* 5: Cost = 626552_57047279, Time = 6.34 sec. 
-Trial 5 626552 57047279 8.803857
* 6: Cost = 626552_57045101, Time = 6.51 sec. 
-Trial 6 626552 57045101 8.980083
* 7: Cost = 626552_56180340, Time = 6.67 sec. 
-Trial 7 626552 56180340 9.135002
-Trial 8 626552 56180340 9.235311
* 9: Cost = 626552_55766456, Time = 7.19 sec. 
-Trial 9 626552 55766456 9.651408
* 10: Cost = 187034_56051160, Time = 7.38 sec. 
-Trial 10 187034 56051160 9.850920
-Trial 11 187034 56051160 9.884965
-Trial 12 187034 56051160 9.886539
-Trial 13 187034 56051160 9.950380
-Trial 14 187034 56051160 9.965881
* 15: Cost = 148870_57229339, Time = 7.94 sec. 
-Trial 15 148870 57229339 10.403890
-Trial 16 148870 57229339 10.429246
* 17: Cost = 148870_57069162, Time = 8.02 sec. 
-Trial 17 148870 57069162 10.490701
* 18: Cost = 148870_56713529, Time = 8.17 sec. 
-Trial 18 148870 56713529 10.639987
-Trial 19 148870 56713529 10.986231
-Trial 20 148870 56713529 11.459495
* 21: Cost = 148870_56495458, Time = 9.04 sec. 
-Trial 21 148870 56495458 11.503731
-Trial 22 148870 56495458 11.566167
-Trial 23 148870 56495458 11.601621
* 24: Cost = 148870_56491931, Time = 9.20 sec. 
-Trial 24 148870 56491931 11.670547
* 25: Cost = 148870_55951601, Time = 9.24 sec. 
-Trial 25 148870 55951601 11.710021
-Trial 26 148870 55951601 12.155654
* 27: Cost = 148870_55651848, Time = 9.78 sec. 
-Trial 27 148870 55651848 12.241605
* 28: Cost = 148870_55474773, Time = 9.81 sec. 
-Trial 28 148870 55474773 12.278737
* 29: Cost = 148870_55451494, Time = 9.85 sec. 
-Trial 29 148870 55451494 12.313546
* 30: Cost = 148870_55412196, Time = 9.89 sec. 
-Trial 30 148870 55412196 12.354745
* 31: Cost = 148870_55399577, Time = 9.93 sec. 
-Trial 31 148870 55399577 12.392788
-Trial 32 148870 55399577 12.452380
* 33: Cost = 148870_54733145, Time = 10.09 sec. 
-Trial 33 148870 54733145 12.559797
* 34: Cost = 148870_54182920, Time = 10.36 sec. 
-Trial 34 148870 54182920 12.827093
-Trial 35 148870 54182920 12.894672
-Trial 36 148870 54182920 12.945849
-Trial 37 148870 54182920 13.043096
-Trial 38 148870 54182920 13.081149
* 39: Cost = 148870_54160898, Time = 10.71 sec. 
-Trial 39 148870 54160898 13.175432
-Trial 40 148870 54160898 13.196245
-Trial 41 148870 54160898 13.227623
-Trial 42 148870 54160898 13.281159
-Trial 43 148870 54160898 13.379260
* 44: Cost = 148870_54092499, Time = 10.95 sec. 
-Trial 44 148870 54092499 13.416591
* 45: Cost = 148870_54002394, Time = 11.02 sec. 
-Trial 45 148870 54002394 13.481869
-Trial 46 148870 54002394 13.553800
* 47: Cost = 148870_53710573, Time = 11.24 sec. 
-Trial 47 148870 53710573 13.710515
-Trial 48 148870 53710573 13.747091
-Trial 49 148870 53710573 13.849802
-Trial 50 148870 53710573 13.979763
-Trial 51 148870 53710573 14.071817
-Trial 52 148870 53710573 14.134459
* 53: Cost = 148870_53686402, Time = 11.99 sec. 
-Trial 53 148870 53686402 14.458504
* 54: Cost = 148870_53650435, Time = 12.03 sec. 
-Trial 54 148870 53650435 14.495714
* 55: Cost = 148870_53575288, Time = 12.08 sec. 
-Trial 55 148870 53575288 14.548711
* 56: Cost = 148870_53545930, Time = 12.13 sec. 
-Trial 56 148870 53545930 14.601126
-Trial 57 148870 53545930 14.969313
* 58: Cost = 148870_53291193, Time = 12.57 sec. 
-Trial 58 148870 53291193 15.038601
-Trial 59 148870 53291193 15.162505
* 60: Cost = 148870_53172309, Time = 12.73 sec. 
-Trial 60 148870 53172309 15.192672
-Trial 61 148870 53172309 15.218007
* 62: Cost = 148870_52701621, Time = 12.80 sec. 
-Trial 62 148870 52701621 15.261396
-Trial 63 148870 52701621 15.301574
-Trial 64 148870 52701621 15.356346
-Trial 65 148870 52701621 15.438634
-Trial 66 148870 52701621 15.499553
* 67: Cost = 148870_52559981, Time = 13.20 sec. 
-Trial 67 148870 52559981 15.662808
-Trial 68 148870 52559981 15.812515
-Trial 69 148870 52559981 15.906386
* 70: Cost = 148870_52402131, Time = 13.50 sec. 
-Trial 70 148870 52402131 15.969950
* 71: Cost = 148870_52356279, Time = 13.63 sec. 
-Trial 71 148870 52356279 16.093651
* 72: Cost = 148870_52173970, Time = 13.67 sec. 
-Trial 72 148870 52173970 16.135510
-Trial 73 148870 52173970 16.376862
-Trial 74 148870 52173970 16.396416
-Trial 75 148870 52173970 16.448161
-Trial 76 148870 52173970 16.520546
-Trial 77 148870 52173970 16.648003
-Trial 78 148870 52173970 16.681839
-Trial 79 148870 52173970 16.732324
* 80: Cost = 148870_51861189, Time = 14.34 sec. 
-Trial 80 148870 51861189 16.806277
-Trial 81 148870 51861189 16.834263
* 82: Cost = 148870_51839808, Time = 14.39 sec. 
-Trial 82 148870 51839808 16.857358
* 83: Cost = 148870_51569884, Time = 14.56 sec. 
-Trial 83 148870 51569884 17.022797
-Trial 84 148870 51569884 17.023298
* 85: Cost = 148870_51129028, Time = 14.71 sec. 
-Trial 85 148870 51129028 17.172395
-Trial 86 148870 51129028 17.180138
* 87: Cost = 148870_51105164, Time = 14.77 sec. 
-Trial 87 148870 51105164 17.234842
* 88: Cost = 148870_51080622, Time = 15.10 sec. 
-Trial 88 148870 51080622 17.567565
-Trial 89 148870 51080622 17.600043
-Trial 90 148870 51080622 17.683763
-Trial 91 148870 51080622 17.710552
-Trial 92 148870 51080622 17.715968
-Trial 93 148870 51080622 17.721564
-Trial 94 148870 51080622 17.761523
* 95: Cost = 148870_50914429, Time = 15.44 sec. 
-Trial 95 148870 50914429 17.909574
-Trial 96 148870 50914429 17.944842
-Trial 97 148870 50914429 17.963484
* 98: Cost = 148870_50779987, Time = 15.54 sec. 
-Trial 98 148870 50779987 18.003516
-Trial 99 148870 50779987 18.080125
-Trial 100 148870 50779987 18.118253
-Trial 101 148870 50779987 18.194426
-Trial 102 148870 50779987 18.244696
-Trial 103 148870 50779987 18.328640
-Trial 104 148870 50779987 18.366885
-Trial 105 148870 50779987 18.384589
* 106: Cost = 148870_50415544, Time = 16.08 sec. 
-Trial 106 148870 50415544 18.541573
* 107: Cost = 148870_50350779, Time = 16.09 sec. 
-Trial 107 148870 50350779 18.559417
-Trial 108 148870 50350779 18.643405
* 109: Cost = 148870_50298244, Time = 16.35 sec. 
-Trial 109 148870 50298244 18.817026
-Trial 110 148870 50298244 18.865210
* 111: Cost = 148870_50239451, Time = 16.46 sec. 
-Trial 111 148870 50239451 18.927580
-Trial 112 148870 50239451 18.996650
-Trial 113 148870 50239451 19.132838
-Trial 114 148870 50239451 19.266328
* 115: Cost = 148870_50235723, Time = 16.89 sec. 
-Trial 115 148870 50235723 19.358473
-Trial 116 148870 50235723 19.414063
-Trial 117 148870 50235723 19.563800
-Trial 118 148870 50235723 19.714602
* 119: Cost = 148870_50197224, Time = 17.34 sec. 
-Trial 119 148870 50197224 19.806126
* 120: Cost = 148870_49890841, Time = 17.47 sec. 
-Trial 120 148870 49890841 19.938897
-Trial 121 148870 49890841 20.026795
-Trial 122 148870 49890841 20.054804
-Trial 123 148870 49890841 20.092060
-Trial 124 148870 49890841 20.125575
-Trial 125 148870 49890841 20.206890
-Trial 126 148870 49890841 20.216894
-Trial 127 148870 49890841 20.243616
-Trial 128 148870 49890841 20.353775
-Trial 129 148870 49890841 20.468971
-Trial 130 148870 49890841 20.827265
* 131: Cost = 148870_49831844, Time = 18.50 sec. 
-Trial 131 148870 49831844 20.971187
-Trial 132 148870 49831844 20.976695
-Trial 133 148870 49831844 21.199499
* 134: Cost = 148870_49819135, Time = 18.77 sec. 
-Trial 134 148870 49819135 21.238700
-Trial 135 148870 49819135 21.314956
-Trial 136 148870 49819135 21.587339
-Trial 137 148870 49819135 21.596177
-Trial 138 148870 49819135 21.652695
-Trial 139 148870 49819135 21.688567
-Trial 140 148870 49819135 21.860378
-Trial 141 148870 49819135 21.901654
-Trial 142 148870 49819135 22.010405
-Trial 143 148870 49819135 22.057700
* 144: Cost = 148870_49730292, Time = 19.68 sec. 
-Trial 144 148870 49730292 22.144373
-Trial 145 148870 49730292 22.209610
* 146: Cost = 148870_49725681, Time = 19.78 sec. 
-Trial 146 148870 49725681 22.246277
-Trial 147 148870 49725681 22.321414
-Trial 148 148870 49725681 22.370444
-Trial 149 148870 49725681 22.462933
-Trial 150 148870 49725681 22.562148
* 151: Cost = 148870_49706148, Time = 20.30 sec. 
-Trial 151 148870 49706148 22.765338
-Trial 152 148870 49706148 22.873115
-Trial 153 148870 49706148 22.904139
-Trial 154 148870 49706148 22.980464
-Trial 155 148870 49706148 23.071490
-Trial 156 148870 49706148 23.150800
-Trial 157 148870 49706148 23.214743
* 158: Cost = 148870_49694864, Time = 20.77 sec. 
-Trial 158 148870 49694864 23.237077
-Trial 159 148870 49694864 23.293952
-Trial 160 148870 49694864 23.334527
-Trial 161 148870 49694864 23.431694
-Trial 162 148870 49694864 23.499593
-Trial 163 148870 49694864 23.518627
-Trial 164 148870 49694864 23.679075
-Trial 165 148870 49694864 23.846569
-Trial 166 148870 49694864 23.862032
-Trial 167 148870 49694864 24.017942
-Trial 168 148870 49694864 24.069032
-Trial 169 148870 49694864 24.119550
-Trial 170 148870 49694864 24.475693
-Trial 171 148870 49694864 24.587584
-Trial 172 148870 49694864 24.694975
-Trial 173 148870 49694864 24.751006
-Trial 174 148870 49694864 24.757801
* 175: Cost = 148870_49522159, Time = 22.46 sec. 
-Trial 175 148870 49522159 24.930598
-Trial 176 148870 49522159 24.965285
-Trial 177 148870 49522159 24.986072
-Trial 178 148870 49522159 25.000060
-Trial 179 148870 49522159 25.194082
* 180: Cost = 148870_49485401, Time = 22.81 sec. 
-Trial 180 148870 49485401 25.272082
-Trial 181 148870 49485401 25.277959
-Trial 182 148870 49485401 25.345986
-Trial 183 148870 49485401 25.363232
-Trial 184 148870 49485401 25.386878
-Trial 185 148870 49485401 25.440038
-Trial 186 148870 49485401 25.626765
-Trial 187 148870 49485401 25.647554
* 188: Cost = 148870_49362604, Time = 23.23 sec. 
-Trial 188 148870 49362604 25.691475
-Trial 189 148870 49362604 25.762690
-Trial 190 148870 49362604 25.838988
-Trial 191 148870 49362604 25.886076
-Trial 192 148870 49362604 26.034788
-Trial 193 148870 49362604 26.061783
-Trial 194 148870 49362604 26.072470
-Trial 195 148870 49362604 26.187335
-Trial 196 148870 49362604 26.302663
-Trial 197 148870 49362604 26.374691
-Trial 198 148870 49362604 26.379236
-Trial 199 148870 49362604 26.426885
-Trial 200 148870 49362604 26.447627
-Trial 201 148870 49362604 26.493543
-Trial 202 148870 49362604 26.510840
-Trial 203 148870 49362604 26.560193
-Trial 204 148870 49362604 26.570941
-Trial 205 148870 49362604 26.622939
-Trial 206 148870 49362604 26.713645
-Trial 207 148870 49362604 26.799382
-Trial 208 148870 49362604 26.862327
-Trial 209 148870 49362604 26.916412
-Trial 210 148870 49362604 27.023526
* 211: Cost = 148870_49273185, Time = 24.60 sec. 
-Trial 211 148870 49273185 27.066795
-Trial 212 148870 49273185 27.124630
-Trial 213 148870 49273185 27.205363
-Trial 214 148870 49273185 27.305643
-Trial 215 148870 49273185 27.488880
-Trial 216 148870 49273185 27.517617
-Trial 217 148870 49273185 27.597308
* 218: Cost = 148870_49260875, Time = 25.20 sec. 
-Trial 218 148870 49260875 27.661370
-Trial 219 148870 49260875 28.085627
-Trial 220 148870 49260875 28.132435
-Trial 221 148870 49260875 28.199227
* 222: Cost = 148870_49113750, Time = 25.91 sec. 
-Trial 222 148870 49113750 28.373601
-Trial 223 148870 49113750 28.384212
-Trial 224 148870 49113750 28.387466
-Trial 225 148870 49113750 28.445262
* 226: Cost = 148870_49033175, Time = 26.16 sec. 
-Trial 226 148870 49033175 28.628330
-Trial 227 148870 49033175 28.704770
-Trial 228 148870 49033175 28.758186
-Trial 229 148870 49033175 28.804041
-Trial 230 148870 49033175 28.852857
-Trial 231 148870 49033175 28.861902
-Trial 232 148870 49033175 28.890069
-Trial 233 148870 49033175 29.007945
* 234: Cost = 148870_48896949, Time = 26.57 sec. 
-Trial 234 148870 48896949 29.038388
-Trial 235 148870 48896949 29.039293
* 236: Cost = 0_50197675, Time = 26.72 sec. 
-Trial 236 0 50197675 29.182307
* 237: Cost = 0_50195284, Time = 26.72 sec. 
-Trial 237 0 50195284 29.189634
-Trial 238 0 50195284 29.621146
-Trial 239 0 50195284 29.624065
-Trial 240 0 50195284 29.692429
-Trial 241 0 50195284 29.700969
-Trial 242 0 50195284 29.757529
-Trial 243 0 50195284 29.768245
* 244: Cost = 0_49893593, Time = 27.40 sec. 
-Trial 244 0 49893593 29.865181
-Trial 245 0 49893593 29.888363
-Trial 246 0 49893593 29.912399
-Trial 247 0 49893593 30.060525
* 248: Cost = 0_49781453, Time = 27.62 sec. 
-Trial 248 0 49781453 30.089706
-Trial 249 0 49781453 30.129977
-Trial 250 0 49781453 30.136546
-Trial 251 0 49781453 30.148878
-Trial 252 0 49781453 30.291650
-Trial 253 0 49781453 30.335492
-Trial 254 0 49781453 30.442185
-Trial 255 0 49781453 30.463322
-Trial 256 0 49781453 30.487002
-Trial 257 0 49781453 30.502490
-Trial 258 0 49781453 30.531068
* 259: Cost = 0_49628475, Time = 28.16 sec. 
-Trial 259 0 49628475 30.631375
-Trial 260 0 49628475 30.643094
-Trial 261 0 49628475 30.680236
-Trial 262 0 49628475 30.685820
-Trial 263 0 49628475 30.692986
-Trial 264 0 49628475 30.716144
-Trial 265 0 49628475 30.732135
-Trial 266 0 49628475 30.830972
-Trial 267 0 49628475 30.834309
-Trial 268 0 49628475 30.840495
-Trial 269 0 49628475 30.887546
-Trial 270 0 49628475 30.894823
-Trial 271 0 49628475 30.914288
-Trial 272 0 49628475 30.933005
-Trial 273 0 49628475 30.940925
-Trial 274 0 49628475 30.953196
-Trial 275 0 49628475 30.966537
* 276: Cost = 0_49579591, Time = 28.53 sec. 
-Trial 276 0 49579591 30.997463
-Trial 277 0 49579591 31.008812
-Trial 278 0 49579591 31.047255
-Trial 279 0 49579591 31.053182
-Trial 280 0 49579591 31.068846
-Trial 281 0 49579591 31.069907
-Trial 282 0 49579591 31.192543
-Trial 283 0 49579591 31.206509
-Trial 284 0 49579591 31.364580
-Trial 285 0 49579591 31.375115
-Trial 286 0 49579591 31.379428
-Trial 287 0 49579591 31.443472
-Trial 288 0 49579591 31.446271
-Trial 289 0 49579591 31.447721
-Trial 290 0 49579591 31.458871
-Trial 291 0 49579591 31.585079
* 292: Cost = 0_49560180, Time = 29.13 sec. 
-Trial 292 0 49560180 31.595006
-Trial 293 0 49560180 31.627281
-Trial 294 0 49560180 31.636443
-Trial 295 0 49560180 31.653123
-Trial 296 0 49560180 31.665300
-Trial 297 0 49560180 31.733761
-Trial 298 0 49560180 31.899717
-Trial 299 0 49560180 31.903357
-Trial 300 0 49560180 31.917357
-Trial 301 0 49560180 31.948477
-Trial 302 0 49560180 31.958045
-Trial 303 0 49560180 31.991942
-Trial 304 0 49560180 32.024442
-Trial 305 0 49560180 32.066833
-Trial 306 0 49560180 32.119177
-Trial 307 0 49560180 32.130689
-Trial 308 0 49560180 32.139810
-Trial 309 0 49560180 32.152883
-Trial 310 0 49560180 32.258609
-Trial 311 0 49560180 32.278719
-Trial 312 0 49560180 32.297526
-Trial 313 0 49560180 32.304435
-Trial 314 0 49560180 32.339336
-Trial 315 0 49560180 32.382756
-Trial 316 0 49560180 32.393054
-Trial 317 0 49560180 32.687275
-Trial 318 0 49560180 32.758121
-Trial 319 0 49560180 32.776460
* 320: Cost = 0_49452886, Time = 30.46 sec. 
-Trial 320 0 49452886 32.925235
-Trial 321 0 49452886 32.959605
-Trial 322 0 49452886 32.988391
-Trial 323 0 49452886 33.010807
-Trial 324 0 49452886 33.013144
-Trial 325 0 49452886 33.017984
-Trial 326 0 49452886 33.031410
-Trial 327 0 49452886 33.216280
-Trial 328 0 49452886 33.223075
-Trial 329 0 49452886 33.287212
-Trial 330 0 49452886 33.665377
-Trial 331 0 49452886 33.676294
-Trial 332 0 49452886 33.717375
-Trial 333 0 49452886 33.796661
-Trial 334 0 49452886 33.947587
-Trial 335 0 49452886 34.009470
-Trial 336 0 49452886 34.011478
-Trial 337 0 49452886 34.032176
-Trial 338 0 49452886 34.081450
-Trial 339 0 49452886 34.084289
-Trial 340 0 49452886 34.087502
-Trial 341 0 49452886 34.099833
* 342: Cost = 0_49446042, Time = 31.66 sec. 
-Trial 342 0 49446042 34.123145
-Trial 343 0 49446042 34.141996
-Trial 344 0 49446042 34.156738
-Trial 345 0 49446042 34.228254
* 346: Cost = 0_49440805, Time = 31.85 sec. 
-Trial 346 0 49440805 34.321152
-Trial 347 0 49440805 34.381110
-Trial 348 0 49440805 34.419868
-Trial 349 0 49440805 34.437717
-Trial 350 0 49440805 34.466269
-Trial 351 0 49440805 34.469745
-Trial 352 0 49440805 34.527492
-Trial 353 0 49440805 34.548706
-Trial 354 0 49440805 34.594836
-Trial 355 0 49440805 34.602716
-Trial 356 0 49440805 34.620956
-Trial 357 0 49440805 34.627769
-Trial 358 0 49440805 34.740675
-Trial 359 0 49440805 34.788626
-Trial 360 0 49440805 34.845928
-Trial 361 0 49440805 34.870100
-Trial 362 0 49440805 34.914204
-Trial 363 0 49440805 34.955619
-Trial 364 0 49440805 35.005553
-Trial 365 0 49440805 35.023873
-Trial 366 0 49440805 35.080759
-Trial 367 0 49440805 35.107526
-Trial 368 0 49440805 35.156674
-Trial 369 0 49440805 35.191580
-Trial 370 0 49440805 35.605618
-Trial 371 0 49440805 35.640909
-Trial 372 0 49440805 35.808375
* 373: Cost = 0_49395041, Time = 33.40 sec. 
-Trial 373 0 49395041 35.861854
-Trial 374 0 49395041 35.883079
-Trial 375 0 49395041 35.999917
-Trial 376 0 49395041 36.084225
-Trial 377 0 49395041 36.106070
-Trial 378 0 49395041 36.113015
-Trial 379 0 49395041 36.145762
-Trial 380 0 49395041 36.156715
-Trial 381 0 49395041 36.213013
-Trial 382 0 49395041 36.321453
-Trial 383 0 49395041 36.376322
-Trial 384 0 49395041 36.410056
-Trial 385 0 49395041 36.453118
-Trial 386 0 49395041 36.477649
-Trial 387 0 49395041 36.478109
* 388: Cost = 0_49379064, Time = 34.04 sec. 
-Trial 388 0 49379064 36.503769
-Trial 389 0 49379064 36.506695
-Trial 390 0 49379064 36.537953
* 391: Cost = 0_49272991, Time = 34.09 sec. 
-Trial 391 0 49272991 36.558603
* 392: Cost = 0_48871916, Time = 34.14 sec. 
-Trial 392 0 48871916 36.606589
-Trial 393 0 48871916 36.660317
-Trial 394 0 48871916 36.685559
-Trial 395 0 48871916 36.688819
-Trial 396 0 48871916 36.806612
-Trial 397 0 48871916 36.815358
-Trial 398 0 48871916 36.825025
-Trial 399 0 48871916 36.863254
-Trial 400 0 48871916 36.880362
-Trial 401 0 48871916 36.895313
-Trial 402 0 48871916 36.916014
* 403: Cost = 0_48818399, Time = 34.49 sec. 
-Trial 403 0 48818399 36.959696
-Trial 404 0 48818399 37.021427
-Trial 405 0 48818399 37.185250
-Trial 406 0 48818399 37.186735
-Trial 407 0 48818399 37.199865
-Trial 408 0 48818399 37.206975
* 409: Cost = 0_48802542, Time = 34.76 sec. 
-Trial 409 0 48802542 37.225057
-Trial 410 0 48802542 37.251550
-Trial 411 0 48802542 37.299816
-Trial 412 0 48802542 37.399068
-Trial 413 0 48802542 37.421599
-Trial 414 0 48802542 37.446202
-Trial 415 0 48802542 37.515241
-Trial 416 0 48802542 37.515764
-Trial 417 0 48802542 37.795784
-Trial 418 0 48802542 37.812763
-Trial 419 0 48802542 37.830892
-Trial 420 0 48802542 37.837951
-Trial 421 0 48802542 37.858515
* 422: Cost = 0_48779524, Time = 35.44 sec. 
-Trial 422 0 48779524 37.906222
-Trial 423 0 48779524 37.924025
-Trial 424 0 48779524 37.937930
-Trial 425 0 48779524 37.967386
-Trial 426 0 48779524 38.004810
-Trial 427 0 48779524 38.078442
-Trial 428 0 48779524 38.090289
-Trial 429 0 48779524 38.091653
-Trial 430 0 48779524 38.128033
-Trial 431 0 48779524 38.229276
-Trial 432 0 48779524 38.235109
-Trial 433 0 48779524 38.260223
-Trial 434 0 48779524 38.318146
-Trial 435 0 48779524 38.330876
-Trial 436 0 48779524 38.367548
-Trial 437 0 48779524 38.427729
-Trial 438 0 48779524 38.435383
-Trial 439 0 48779524 38.441175
-Trial 440 0 48779524 38.443805
-Trial 441 0 48779524 38.476602
-Trial 442 0 48779524 38.496720
-Trial 443 0 48779524 38.589209
-Trial 444 0 48779524 38.614707
* 445: Cost = 0_48750277, Time = 36.18 sec. 
-Trial 445 0 48750277 38.646610
-Trial 446 0 48750277 38.686113
-Trial 447 0 48750277 38.728596
-Trial 448 0 48750277 38.753233
-Trial 449 0 48750277 38.843673
-Trial 450 0 48750277 38.912609
-Trial 451 0 48750277 38.928814
-Trial 452 0 48750277 38.985655
-Trial 453 0 48750277 39.004158
-Trial 454 0 48750277 39.005058
-Trial 455 0 48750277 39.020297
-Trial 456 0 48750277 39.024433
-Trial 457 0 48750277 39.029051
-Trial 458 0 48750277 39.050248
-Trial 459 0 48750277 39.073169
-Trial 460 0 48750277 39.079790
-Trial 461 0 48750277 39.105907
-Trial 462 0 48750277 39.281912
-Trial 463 0 48750277 39.284347
-Trial 464 0 48750277 39.291354
-Trial 465 0 48750277 39.308427
-Trial 466 0 48750277 39.336502
-Trial 467 0 48750277 39.384358
-Trial 468 0 48750277 39.576699
-Trial 469 0 48750277 39.598488
-Trial 470 0 48750277 39.609875
-Trial 471 0 48750277 39.638102
-Trial 472 0 48750277 39.660258
-Trial 473 0 48750277 39.864274
-Trial 474 0 48750277 39.960605
-Trial 475 0 48750277 39.973669
* 476: Cost = 0_48743084, Time = 37.52 sec. 
-Trial 476 0 48743084 39.987094
* 477: Cost = 0_48577455, Time = 37.56 sec. 
-Trial 477 0 48577455 40.023394
-Trial 478 0 48577455 40.028641
-Trial 479 0 48577455 40.039906
* 480: Cost = 0_48550100, Time = 37.59 sec. 
-Trial 480 0 48550100 40.058238
* 481: Cost = 0_48544531, Time = 37.61 sec. 
-Trial 481 0 48544531 40.077325
-Trial 482 0 48544531 40.212817
* 483: Cost = 0_48507944, Time = 37.76 sec. 
-Trial 483 0 48507944 40.225559
-Trial 484 0 48507944 40.277537
-Trial 485 0 48507944 40.354804
-Trial 486 0 48507944 40.359142
-Trial 487 0 48507944 40.373102
-Trial 488 0 48507944 40.383584
-Trial 489 0 48507944 40.435157
-Trial 490 0 48507944 40.446189
-Trial 491 0 48507944 40.472602
-Trial 492 0 48507944 40.478801
-Trial 493 0 48507944 40.514643
* 494: Cost = 0_48357856, Time = 38.06 sec. 
-Trial 494 0 48357856 40.525130
* 495: Cost = 0_48349420, Time = 38.11 sec. 
-Trial 495 0 48349420 40.580954
-Trial 496 0 48349420 40.589624
-Trial 497 0 48349420 40.599744
-Trial 498 0 48349420 40.626960
-Trial 499 0 48349420 40.645641
-Trial 500 0 48349420 40.664877
-Trial 501 0 48349420 40.687508
-Trial 502 0 48349420 40.697380
* 503: Cost = 0_48318173, Time = 38.26 sec. 
-Trial 503 0 48318173 40.723843
-Trial 504 0 48318173 40.745559
-Trial 505 0 48318173 40.791783
-Trial 506 0 48318173 40.832687
-Trial 507 0 48318173 40.844292
-Trial 508 0 48318173 41.097289
-Trial 509 0 48318173 41.127187
-Trial 510 0 48318173 41.163418
-Trial 511 0 48318173 41.170718
-Trial 512 0 48318173 41.182277
-Trial 513 0 48318173 41.188863
-Trial 514 0 48318173 41.208866
-Trial 515 0 48318173 41.216827
-Trial 516 0 48318173 41.224314
-Trial 517 0 48318173 41.232487
-Trial 518 0 48318173 41.246391
-Trial 519 0 48318173 41.311342
-Trial 520 0 48318173 41.341013
-Trial 521 0 48318173 41.360192
-Trial 522 0 48318173 41.384406
-Trial 523 0 48318173 41.430730
-Trial 524 0 48318173 41.476353
* 525: Cost = 0_48316541, Time = 39.03 sec. 
-Trial 525 0 48316541 41.499364
-Trial 526 0 48316541 41.597281
-Trial 527 0 48316541 41.597822
-Trial 528 0 48316541 41.603000
-Trial 529 0 48316541 41.613681
-Trial 530 0 48316541 41.854184
-Trial 531 0 48316541 41.877897
-Trial 532 0 48316541 41.926823
-Trial 533 0 48316541 41.935504
-Trial 534 0 48316541 41.997003
-Trial 535 0 48316541 42.035358
-Trial 536 0 48316541 42.037688
-Trial 537 0 48316541 42.103093
* 538: Cost = 0_48263063, Time = 39.66 sec. 
-Trial 538 0 48263063 42.125609
-Trial 539 0 48263063 42.164070
-Trial 540 0 48263063 42.183655
-Trial 541 0 48263063 42.186943
-Trial 542 0 48263063 42.228489
-Trial 543 0 48263063 42.293706
-Trial 544 0 48263063 42.379959
-Trial 545 0 48263063 42.403625
-Trial 546 0 48263063 42.529543
-Trial 547 0 48263063 42.617926
-Trial 548 0 48263063 42.660383
-Trial 549 0 48263063 42.682228
-Trial 550 0 48263063 42.695735
-Trial 551 0 48263063 42.738539
-Trial 552 0 48263063 42.762187
* 553: Cost = 0_48234726, Time = 40.31 sec. 
-Trial 553 0 48234726 42.775116
-Trial 554 0 48234726 42.780532
-Trial 555 0 48234726 42.810116
-Trial 556 0 48234726 42.843577
* 557: Cost = 0_48171860, Time = 40.43 sec. 
-Trial 557 0 48171860 42.899220
-Trial 558 0 48171860 42.962867
-Trial 559 0 48171860 43.265799
-Trial 560 0 48171860 43.273368
-Trial 561 0 48171860 43.293406
-Trial 562 0 48171860 43.299081
-Trial 563 0 48171860 43.405479
* 564: Cost = 0_48158401, Time = 40.96 sec. 
-Trial 564 0 48158401 43.422462
-Trial 565 0 48158401 43.430429
-Trial 566 0 48158401 43.508293
-Trial 567 0 48158401 43.514692
* 568: Cost = 0_48090721, Time = 41.06 sec. 
-Trial 568 0 48090721 43.524188
-Trial 569 0 48090721 43.546303
-Trial 570 0 48090721 43.549657
-Trial 571 0 48090721 43.553087
-Trial 572 0 48090721 43.567753
* 573: Cost = 0_48039372, Time = 41.11 sec. 
-Trial 573 0 48039372 43.581164
-Trial 574 0 48039372 43.637406
-Trial 575 0 48039372 43.659353
* 576: Cost = 0_48027532, Time = 41.21 sec. 
-Trial 576 0 48027532 43.676892
-Trial 577 0 48027532 43.689711
-Trial 578 0 48027532 43.698367
-Trial 579 0 48027532 43.720360
-Trial 580 0 48027532 43.934282
-Trial 581 0 48027532 43.996617
-Trial 582 0 48027532 44.003720
-Trial 583 0 48027532 44.061785
-Trial 584 0 48027532 44.072370
-Trial 585 0 48027532 44.123901
-Trial 586 0 48027532 44.140731
-Trial 587 0 48027532 44.253469
-Trial 588 0 48027532 44.284034
-Trial 589 0 48027532 44.300207
-Trial 590 0 48027532 44.330052
-Trial 591 0 48027532 44.346727
-Trial 592 0 48027532 44.363560
-Trial 593 0 48027532 44.369295
-Trial 594 0 48027532 44.371508
-Trial 595 0 48027532 44.371929
-Trial 596 0 48027532 44.378949
-Trial 597 0 48027532 44.424909
-Trial 598 0 48027532 44.440707
-Trial 599 0 48027532 44.478453
-Trial 600 0 48027532 44.484689
-Trial 601 0 48027532 44.498412
-Trial 602 0 48027532 44.512601
-Trial 603 0 48027532 44.518101
-Trial 604 0 48027532 44.528725
-Trial 605 0 48027532 44.533802
-Trial 606 0 48027532 44.546502
-Trial 607 0 48027532 44.558973
-Trial 608 0 48027532 44.561405
-Trial 609 0 48027532 44.594436
-Trial 610 0 48027532 44.602267
-Trial 611 0 48027532 44.638745
-Trial 612 0 48027532 44.658518
-Trial 613 0 48027532 44.723410
-Trial 614 0 48027532 44.747407
-Trial 615 0 48027532 44.754985
-Trial 616 0 48027532 44.772837
-Trial 617 0 48027532 44.823172
-Trial 618 0 48027532 44.858244
-Trial 619 0 48027532 44.893338
-Trial 620 0 48027532 44.897395
-Trial 621 0 48027532 44.905515
-Trial 622 0 48027532 44.957992
-Trial 623 0 48027532 44.963826
-Trial 624 0 48027532 44.975571
-Trial 625 0 48027532 44.992843
-Trial 626 0 48027532 45.085059
-Trial 627 0 48027532 45.102186
-Trial 628 0 48027532 45.106952
-Trial 629 0 48027532 45.117246
-Trial 630 0 48027532 45.129989
-Trial 631 0 48027532 45.162594
* 632: Cost = 0_47956051, Time = 42.75 sec. 
-Trial 632 0 47956051 45.218411
-Trial 633 0 47956051 45.233023
-Trial 634 0 47956051 45.246574
-Trial 635 0 47956051 45.259370
-Trial 636 0 47956051 45.360429
-Trial 637 0 47956051 45.402610
-Trial 638 0 47956051 45.482505
-Trial 639 0 47956051 45.515339
-Trial 640 0 47956051 45.531005
-Trial 641 0 47956051 45.545790
-Trial 642 0 47956051 45.596324
-Trial 643 0 47956051 45.845285
-Trial 644 0 47956051 45.846196
-Trial 645 0 47956051 45.847283
-Trial 646 0 47956051 45.847664
-Trial 647 0 47956051 45.862574
-Trial 648 0 47956051 45.872712
-Trial 649 0 47956051 45.881440
-Trial 650 0 47956051 45.953299
-Trial 651 0 47956051 45.963191
-Trial 652 0 47956051 45.980504
-Trial 653 0 47956051 45.997614
-Trial 654 0 47956051 46.009452
-Trial 655 0 47956051 46.017482
-Trial 656 0 47956051 46.039214
-Trial 657 0 47956051 46.051446
-Trial 658 0 47956051 46.065640
-Trial 659 0 47956051 46.114442
-Trial 660 0 47956051 46.155032
-Trial 661 0 47956051 46.253749
-Trial 662 0 47956051 46.261748
-Trial 663 0 47956051 46.264076
-Trial 664 0 47956051 46.281731
-Trial 665 0 47956051 46.309244
-Trial 666 0 47956051 46.326695
-Trial 667 0 47956051 46.385549
-Trial 668 0 47956051 46.391926
-Trial 669 0 47956051 46.436002
-Trial 670 0 47956051 46.472569
-Trial 671 0 47956051 46.538111
-Trial 672 0 47956051 46.547627
-Trial 673 0 47956051 46.632758
-Trial 674 0 47956051 46.656572
-Trial 675 0 47956051 46.659256
-Trial 676 0 47956051 46.668287
-Trial 677 0 47956051 46.691034
-Trial 678 0 47956051 46.692100
-Trial 679 0 47956051 46.693229
-Trial 680 0 47956051 46.708557
-Trial 681 0 47956051 46.731088
-Trial 682 0 47956051 46.745168
-Trial 683 0 47956051 46.749402
-Trial 684 0 47956051 46.847084
-Trial 685 0 47956051 46.853267
-Trial 686 0 47956051 46.871636
-Trial 687 0 47956051 46.904837
-Trial 688 0 47956051 46.906993
-Trial 689 0 47956051 46.927033
-Trial 690 0 47956051 46.979697
-Trial 691 0 47956051 47.013386
-Trial 692 0 47956051 47.027751
-Trial 693 0 47956051 47.032605
-Trial 694 0 47956051 47.044715
-Trial 695 0 47956051 47.120403
-Trial 696 0 47956051 47.137517
-Trial 697 0 47956051 47.154470
-Trial 698 0 47956051 47.173993
-Trial 699 0 47956051 47.293024
-Trial 700 0 47956051 47.306698
-Trial 701 0 47956051 47.337939
-Trial 702 0 47956051 47.348691
-Trial 703 0 47956051 47.365604
-Trial 704 0 47956051 47.396370
-Trial 705 0 47956051 47.429551
-Trial 706 0 47956051 47.454274
-Trial 707 0 47956051 47.483104
-Trial 708 0 47956051 47.627673
-Trial 709 0 47956051 47.684703
-Trial 710 0 47956051 47.697170
* 711: Cost = 0_47948071, Time = 45.24 sec. 
-Trial 711 0 47948071 47.708309
-Trial 712 0 47948071 47.716478
-Trial 713 0 47948071 47.726170
-Trial 714 0 47948071 47.774239
-Trial 715 0 47948071 47.782254
-Trial 716 0 47948071 47.876061
-Trial 717 0 47948071 47.935931
-Trial 718 0 47948071 48.260670
-Trial 719 0 47948071 48.370593
-Trial 720 0 47948071 48.400507
-Trial 721 0 47948071 48.407585
-Trial 722 0 47948071 48.421998
-Trial 723 0 47948071 48.430545
-Trial 724 0 47948071 48.453488
-Trial 725 0 47948071 48.577147
-Trial 726 0 47948071 48.588676
-Trial 727 0 47948071 48.589385
-Trial 728 0 47948071 48.648610
-Trial 729 0 47948071 48.658633
-Trial 730 0 47948071 48.689847
-Trial 731 0 47948071 48.718936
-Trial 732 0 47948071 48.805493
-Trial 733 0 47948071 48.829189
-Trial 734 0 47948071 48.842747
-Trial 735 0 47948071 48.887835
-Trial 736 0 47948071 48.902707
-Trial 737 0 47948071 48.961409
-Trial 738 0 47948071 48.963762
-Trial 739 0 47948071 48.973508
-Trial 740 0 47948071 49.017300
-Trial 741 0 47948071 49.025214
-Trial 742 0 47948071 49.036712
-Trial 743 0 47948071 49.046305
-Trial 744 0 47948071 49.198321
-Trial 745 0 47948071 49.203178
-Trial 746 0 47948071 49.242159
-Trial 747 0 47948071 49.255388
-Trial 748 0 47948071 49.268812
-Trial 749 0 47948071 49.272125
-Trial 750 0 47948071 49.343944
-Trial 751 0 47948071 49.361947
-Trial 752 0 47948071 49.369145
-Trial 753 0 47948071 49.369581
-Trial 754 0 47948071 49.638476
-Trial 755 0 47948071 49.721210
-Trial 756 0 47948071 49.757467
-Trial 757 0 47948071 49.810528
-Trial 758 0 47948071 49.821032
-Trial 759 0 47948071 49.838414
-Trial 760 0 47948071 49.866739
-Trial 761 0 47948071 49.921382
-Trial 762 0 47948071 49.990030
-Trial 763 0 47948071 50.002971
-Trial 764 0 47948071 50.028665
-Trial 765 0 47948071 50.048542
-Trial 766 0 47948071 50.066102
-Trial 767 0 47948071 50.071073
-Trial 768 0 47948071 50.074094
-Trial 769 0 47948071 50.096540
-Trial 770 0 47948071 50.129912
-Trial 771 0 47948071 50.170134
-Trial 772 0 47948071 50.225535
-Trial 773 0 47948071 50.285508
-Trial 774 0 47948071 50.310506
-Trial 775 0 47948071 50.362629
-Trial 776 0 47948071 50.370934
-Trial 777 0 47948071 50.371438
-Trial 778 0 47948071 50.383318
-Trial 779 0 47948071 50.385732
-Trial 780 0 47948071 50.520713
-Trial 781 0 47948071 50.530861
-Trial 782 0 47948071 50.542388
-Trial 783 0 47948071 50.577697
-Trial 784 0 47948071 50.654945
-Trial 785 0 47948071 50.674864
-Trial 786 0 47948071 50.703229
* 787: Cost = 0_47908261, Time = 48.24 sec. 
-Trial 787 0 47908261 50.708324
-Trial 788 0 47908261 50.784830
-Trial 789 0 47908261 50.789999
-Trial 790 0 47908261 50.801572
-Trial 791 0 47908261 50.806277
-Trial 792 0 47908261 50.823170
-Trial 793 0 47908261 50.831740
-Trial 794 0 47908261 50.880164
-Trial 795 0 47908261 50.890820
-Trial 796 0 47908261 50.913254
-Trial 797 0 47908261 50.956094
* 798: Cost = 0_47884593, Time = 48.52 sec. 
-Trial 798 0 47884593 50.982346
-Trial 799 0 47884593 51.002056
-Trial 800 0 47884593 51.034991
-Trial 801 0 47884593 51.063788
-Trial 802 0 47884593 51.111228
-Trial 803 0 47884593 51.183889
-Trial 804 0 47884593 51.194765
-Trial 805 0 47884593 51.265911
-Trial 806 0 47884593 51.317533
-Trial 807 0 47884593 51.323986
-Trial 808 0 47884593 51.366297
-Trial 809 0 47884593 51.395619
-Trial 810 0 47884593 51.406472
-Trial 811 0 47884593 51.442732
-Trial 812 0 47884593 51.449436
-Trial 813 0 47884593 51.480421
-Trial 814 0 47884593 51.511110
-Trial 815 0 47884593 51.518104
-Trial 816 0 47884593 52.163980
-Trial 817 0 47884593 52.191796
-Trial 818 0 47884593 52.354078
* 819: Cost = 0_47868156, Time = 49.91 sec. 
-Trial 819 0 47868156 52.375473
-Trial 820 0 47868156 52.484619
-Trial 821 0 47868156 52.810374
-Trial 822 0 47868156 52.818117
-Trial 823 0 47868156 52.845511
-Trial 824 0 47868156 52.874708
-Trial 825 0 47868156 52.887756
-Trial 826 0 47868156 52.902098
-Trial 827 0 47868156 52.938836
-Trial 828 0 47868156 52.989976
-Trial 829 0 47868156 53.008359
* 830: Cost = 0_47787988, Time = 50.54 sec. 
-Trial 830 0 47787988 53.010725
-Trial 831 0 47787988 53.026411
-Trial 832 0 47787988 53.075084
-Trial 833 0 47787988 53.079317
-Trial 834 0 47787988 53.087687
-Trial 835 0 47787988 53.142692
-Trial 836 0 47787988 53.154096
-Trial 837 0 47787988 53.179074
-Trial 838 0 47787988 53.188074
-Trial 839 0 47787988 53.201195
-Trial 840 0 47787988 53.253370
-Trial 841 0 47787988 53.266980
-Trial 842 0 47787988 53.272263
-Trial 843 0 47787988 53.280436
-Trial 844 0 47787988 53.307626
-Trial 845 0 47787988 53.314544
-Trial 846 0 47787988 53.330534
-Trial 847 0 47787988 53.337300
-Trial 848 0 47787988 53.346179
-Trial 849 0 47787988 53.351069
-Trial 850 0 47787988 53.388363
-Trial 851 0 47787988 53.402870
-Trial 852 0 47787988 53.408290
-Trial 853 0 47787988 53.448182
-Trial 854 0 47787988 53.465024
-Trial 855 0 47787988 53.488484
-Trial 856 0 47787988 53.491439
-Trial 857 0 47787988 53.494301
-Trial 858 0 47787988 53.580488
-Trial 859 0 47787988 53.596136
-Trial 860 0 47787988 53.631475
-Trial 861 0 47787988 53.634575
-Trial 862 0 47787988 53.763095
-Trial 863 0 47787988 53.775775
-Trial 864 0 47787988 53.794969
-Trial 865 0 47787988 53.818277
-Trial 866 0 47787988 53.932145
-Trial 867 0 47787988 53.934601
-Trial 868 0 47787988 53.978104
-Trial 869 0 47787988 54.013737
-Trial 870 0 47787988 54.032601
-Trial 871 0 47787988 54.038939
-Trial 872 0 47787988 54.055729
-Trial 873 0 47787988 54.083583
-Trial 874 0 47787988 54.128443
-Trial 875 0 47787988 54.135737
-Trial 876 0 47787988 54.155124
-Trial 877 0 47787988 54.158592
-Trial 878 0 47787988 54.182514
-Trial 879 0 47787988 54.219563
-Trial 880 0 47787988 54.229995
-Trial 881 0 47787988 54.245735
-Trial 882 0 47787988 54.277566
-Trial 883 0 47787988 54.310802
-Trial 884 0 47787988 54.344358
-Trial 885 0 47787988 54.368831
-Trial 886 0 47787988 54.408334
-Trial 887 0 47787988 54.422556
-Trial 888 0 47787988 54.444839
-Trial 889 0 47787988 54.457814
-Trial 890 0 47787988 54.494079
-Trial 891 0 47787988 54.641733
-Trial 892 0 47787988 54.685380
-Trial 893 0 47787988 54.715869
* 894: Cost = 0_47769736, Time = 52.33 sec. 
-Trial 894 0 47769736 54.798042
-Trial 895 0 47769736 54.806844
-Trial 896 0 47769736 54.873773
-Trial 897 0 47769736 54.891412
-Trial 898 0 47769736 54.907627
-Trial 899 0 47769736 54.920914
-Trial 900 0 47769736 54.928465
-Trial 901 0 47769736 54.933062
-Trial 902 0 47769736 54.983778
-Trial 903 0 47769736 55.083165
-Trial 904 0 47769736 55.095975
-Trial 905 0 47769736 55.101342
-Trial 906 0 47769736 55.129149
-Trial 907 0 47769736 55.193522
-Trial 908 0 47769736 55.220996
-Trial 909 0 47769736 55.237468
-Trial 910 0 47769736 55.283230
-Trial 911 0 47769736 55.298070
-Trial 912 0 47769736 55.309305
-Trial 913 0 47769736 55.324310
-Trial 914 0 47769736 55.345906
-Trial 915 0 47769736 55.351910
-Trial 916 0 47769736 55.378353
* 917: Cost = 0_47728618, Time = 52.92 sec. 
-Trial 917 0 47728618 55.382672
-Trial 918 0 47728618 55.419814
-Trial 919 0 47728618 55.553986
-Trial 920 0 47728618 55.817139
-Trial 921 0 47728618 55.825138
-Trial 922 0 47728618 55.886058
-Trial 923 0 47728618 55.977445
-Trial 924 0 47728618 56.019562
-Trial 925 0 47728618 56.081931
-Trial 926 0 47728618 56.096003
-Trial 927 0 47728618 56.120663
-Trial 928 0 47728618 56.141431
-Trial 929 0 47728618 56.198252
-Trial 930 0 47728618 56.269540
-Trial 931 0 47728618 56.330113
-Trial 932 0 47728618 56.345670
-Trial 933 0 47728618 56.384791
-Trial 934 0 47728618 56.429169
-Trial 935 0 47728618 56.439791
-Trial 936 0 47728618 56.474020
* 937: Cost = 0_47700500, Time = 54.03 sec. 
-Trial 937 0 47700500 56.494697
-Trial 938 0 47700500 56.519429
-Trial 939 0 47700500 56.611371
-Trial 940 0 47700500 56.714328
-Trial 941 0 47700500 56.729275
-Trial 942 0 47700500 56.774420
-Trial 943 0 47700500 56.779615
-Trial 944 0 47700500 56.808868
-Trial 945 0 47700500 56.819398
-Trial 946 0 47700500 56.826130
-Trial 947 0 47700500 56.844578
-Trial 948 0 47700500 56.858006
-Trial 949 0 47700500 56.951963
-Trial 950 0 47700500 56.982634
-Trial 951 0 47700500 56.997688
-Trial 952 0 47700500 57.004377
-Trial 953 0 47700500 57.030550
-Trial 954 0 47700500 57.053570
-Trial 955 0 47700500 57.063173
-Trial 956 0 47700500 57.077879
-Trial 957 0 47700500 57.097815
-Trial 958 0 47700500 57.109839
-Trial 959 0 47700500 57.137819
-Trial 960 0 47700500 57.152997
* 961: Cost = 0_47651883, Time = 54.71 sec. 
-Trial 961 0 47651883 57.176065
-Trial 962 0 47651883 57.191578
-Trial 963 0 47651883 57.194212
-Trial 964 0 47651883 57.206132
-Trial 965 0 47651883 57.206903
-Trial 966 0 47651883 57.228541
-Trial 967 0 47651883 57.261104
-Trial 968 0 47651883 57.288632
-Trial 969 0 47651883 57.326915
-Trial 970 0 47651883 57.426829
-Trial 971 0 47651883 57.439668
-Trial 972 0 47651883 57.461835
-Trial 973 0 47651883 57.472662
-Trial 974 0 47651883 57.566803
-Trial 975 0 47651883 57.580158
-Trial 976 0 47651883 57.648888
-Trial 977 0 47651883 57.663489
-Trial 978 0 47651883 57.704868
-Trial 979 0 47651883 57.734885
* 980: Cost = 0_47601452, Time = 55.35 sec. 
-Trial 980 0 47601452 57.815468
-Trial 981 0 47601452 57.871400
-Trial 982 0 47601452 57.906954
-Trial 983 0 47601452 58.070294
-Trial 984 0 47601452 58.094163
-Trial 985 0 47601452 58.098763
-Trial 986 0 47601452 58.106483
-Trial 987 0 47601452 58.125396
-Trial 988 0 47601452 58.134131
-Trial 989 0 47601452 58.177487
-Trial 990 0 47601452 58.243057
-Trial 991 0 47601452 58.277237
-Trial 992 0 47601452 58.318179
-Trial 993 0 47601452 58.324882
-Trial 994 0 47601452 58.493521
-Trial 995 0 47601452 58.509598
-Trial 996 0 47601452 58.571796
-Trial 997 0 47601452 58.591625
-Trial 998 0 47601452 58.608945
-Trial 999 0 47601452 58.631401
-Trial 1000 0 47601452 58.631963
Population:
  1: 0_47601452
Run 1: Cost = 0_47601452, Time = 56.17 sec. 

Successes/Runs = 0/1 
Cost.min = 47601452, Cost.avg = 47601452.00, Cost.max = 47601452
Gap.min = 0.0000%, Gap.avg = 0.0000%, Gap.max = 0.0000%
Penalty.min = 0, Penalty.avg = 0.00, Penalty.max = 0
Trials.min = 1000, Trials.avg = 1000.0, Trials.max = 1000
Time.min = 56.17 sec., Time.avg = 56.17 sec., Time.max = 56.17 sec.
Time.total = 58.63 sec.
  Size.min = 10, Size.max = 34, Penalty = 0
  Cost.min = 742671, Cost.max = 3648889, Cost.sum = 47601452
Best CVRPTW solution:
  Cost = 0_47601452
349 1 167 340 470 273 380 2 32 410 195 52 450 375 107 347 319 315 295 220 207 163 166 152 465 414 421 97 391 92 504 258 204 114 132 95 487 91 326 101 117 35 8 71 7 378 368 343 75 255 496 492 217 82 165 65 145 34 461 369 18 10 441 276 469 516 500 216 130 228 318 334 298 426 457 189 519 371 24 400 402 313 131 412 361 456 464 247 362 468 38 481 181 83 57 304 388 502 21 88 3 467 56 187 335 141 190 140 143 102 425 367 327 68 46 437 49 292 213 60 223 282 128 308 353 488 445 285 249 520 261 365 151 53 395 311 482 266 125 211 300 174 303 458 19 25 390 30 320 36 321 239 411 110 289 381 27 67 514 272 264 241 422 257 484 307 423 342 180 385 493 158 396 333 472 160 120 518 330 109 494 11 178 474 356 418 415 164 480 442 232 246 328 339 136 104 506 314 74 254 153 486 173 118 184 447 479 147 208 206 332 172 306 483 398 409 408 352 39 222 513 434 183 438 293 329 491 126 269 224 209 416 440 260 322 119 387 47 142 13 459 323 509 309 146 379 70 490 226 471 231 294 267 317 157 348 123 50 179 460 489 252 93 197 432 259 185 430 87 384 61 144 372 433 176 462 517 201 420 15 275 236 79 427 229 59 37 406 281 77 453 99 234 9 404 103 51 338 256 366 374 383 14 508 177 274 48 188 90 358 149 473 431 212 41 351 22 413 454 170 80 268 233 135 505 137 85 133 40 240 297 455 148 76 424 296 393 58 270 28 156 345 12 250 139 495 452 439 253 124 503 194 138 448 55 377 370 394 121 45 429 116 72 279 20 6 405 417 155 54 94 271 205 515 203 337 435 449 312 175 105 444 476 451 263 401 215 392 63 331 66 244 305 316 359 242 265 290 202 287 162 373 214 346 446 129 360 191 511 200 389 219 64 192 478 382 127 31 193 310 225 364 277 428 354 29 81 115 262 302 497 501 397 26 498 278 16 218 96 84 485 507 161 196 42 355 86 291 230 399 108 350 376 325 341 463 286 168 477 43 237 301 284 113 299 245 122 283 210 44 512 336 23 344 134 251 78 5 363 150 182 17 238 443 436 475 357 33 419 199 288 499 186 510 159 386 198 100 403 407 466 154 106 324 169 171 62 243 112 280 111 235 69 221 227 248 4 73 98 89 349 
