PARAMETER_FILE = result/cvrptw_500/LKH_para/306.para
Reading PROBLEM_FILE: "result/cvrptw_500/cvrptw/306.cvrptw" ... done
ASCENT_CANDIDATES = 50
BACKBONE_TRIALS = 0
BACKTRACKING = NO
# BWTSP =
# CANDIDATE_FILE =
CANDIDATE_SET_TYPE = ALPHA
DEPOT = 1
# EDGE_FILE =
EXCESS = 0.0384615
EXTERNAL_SALESMEN = 0
EXTRA_CANDIDATES = 0 
EXTRA_CANDIDATE_SET_TYPE = QUADRANT
GAIN23 = NO
GAIN_CRITERION = YES
INITIAL_PERIOD = 520
INITIAL_STEP_SIZE = 1
INITIAL_TOUR_ALGORITHM = WALK
# INITIAL_TOUR_FILE = 
INITIAL_TOUR_FRACTION = 1.000
# INPUT_TOUR_FILE = 
KICK_TYPE = 4
KICKS = 1
# MAX_BREADTH =
MAKESPAN = NO
MAX_CANDIDATES = 5 
MAX_SWAPS = 0
MAX_TRIALS = 1000
# MERGE_TOUR_FILE =
MOVE_TYPE = 5 SPECIAL
MTSP_MIN_SIZE = 1
MTSP_MAX_SIZE = 1039
# MTSP_SOLUTION_FILE = 
# NONSEQUENTIAL_MOVE_TYPE = 5
# OPTIMUM =
# OUTPUT_TOUR_FILE = 
PATCHING_A = 1 
PATCHING_C = 0 
# PI_FILE = 
POPMUSIC_INITIAL_TOUR = NO
POPMUSIC_MAX_NEIGHBORS = 5
POPMUSIC_SAMPLE_SIZE = 10
POPMUSIC_SOLUTIONS = 50
POPMUSIC_TRIALS = 1
POPULATION_SIZE = 10
PRECISION = 100
PROBLEM_FILE = result/cvrptw_500/cvrptw/306.cvrptw
RECOMBINATION = IPT
RESTRICTED_SEARCH = YES
RUNS = 1
SALESMEN = 20
SCALE = 1
SEED = 1234
# SINTEF_SOLUTION_FILE = 
STOP_AT_OPTIMUM = YES
SUBGRADIENT = YES
# SUBPROBLEM_SIZE =
# SUBPROBLEM_TOUR_FILE = 
SUBSEQUENT_MOVE_TYPE = 5 SPECIAL
SUBSEQUENT_PATCHING = YES
# TIME_LIMIT =
# TOUR_FILE = 
TRACE_LEVEL = 1
VEHICLES = 20

Lower bound = 26684777.5, Ascent time = 2.28 sec.
Cand.min = 5, Cand.avg = 5.0, Cand.max = 5
Edges.fixed = 520 [Cost = 0]
Preprocessing time = 2.37 sec.
* 1: Cost = 70417_55740864, Time = 4.76 sec. 
-Trial 1 70417 55740864 7.127834
-Trial 2 70417 55740864 7.519650
-Trial 3 70417 55740864 7.621485
-Trial 4 70417 55740864 7.675563
-Trial 5 70417 55740864 7.879580
-Trial 6 70417 55740864 8.124394
* 7: Cost = 70417_54591148, Time = 6.21 sec. 
-Trial 7 70417 54591148 8.582955
* 8: Cost = 70417_53618180, Time = 6.40 sec. 
-Trial 8 70417 53618180 8.775764
-Trial 9 70417 53618180 8.840315
* 10: Cost = 70417_52611690, Time = 6.54 sec. 
-Trial 10 70417 52611690 8.909137
-Trial 11 70417 52611690 9.099918
-Trial 12 70417 52611690 9.316483
-Trial 13 70417 52611690 9.386483
* 14: Cost = 70417_51153412, Time = 7.52 sec. 
-Trial 14 70417 51153412 9.888291
-Trial 15 70417 51153412 9.910274
* 16: Cost = 70417_51146443, Time = 7.63 sec. 
-Trial 16 70417 51146443 10.000056
* 17: Cost = 70417_50946654, Time = 7.74 sec. 
-Trial 17 70417 50946654 10.115169
-Trial 18 70417 50946654 10.273203
-Trial 19 70417 50946654 10.322467
* 20: Cost = 70417_50479001, Time = 8.10 sec. 
-Trial 20 70417 50479001 10.467033
* 21: Cost = 70417_50029580, Time = 8.50 sec. 
-Trial 21 70417 50029580 10.872094
* 22: Cost = 70417_49693210, Time = 8.58 sec. 
-Trial 22 70417 49693210 10.952861
* 23: Cost = 70417_48700633, Time = 8.78 sec. 
-Trial 23 70417 48700633 11.155144
* 24: Cost = 70417_48641508, Time = 8.89 sec. 
-Trial 24 70417 48641508 11.264937
-Trial 25 70417 48641508 11.457423
-Trial 26 70417 48641508 11.462188
* 27: Cost = 70417_48287933, Time = 9.18 sec. 
-Trial 27 70417 48287933 11.550506
-Trial 28 70417 48287933 11.769786
-Trial 29 70417 48287933 11.771320
* 30: Cost = 70417_48279149, Time = 9.52 sec. 
-Trial 30 70417 48279149 11.892939
-Trial 31 70417 48279149 12.052706
-Trial 32 70417 48279149 12.263764
* 33: Cost = 70417_48151148, Time = 9.97 sec. 
-Trial 33 70417 48151148 12.342120
* 34: Cost = 70417_47539612, Time = 10.15 sec. 
-Trial 34 70417 47539612 12.518246
-Trial 35 70417 47539612 12.691502
-Trial 36 70417 47539612 12.720625
* 37: Cost = 70417_47216768, Time = 10.48 sec. 
-Trial 37 70417 47216768 12.855733
* 38: Cost = 70417_47103835, Time = 10.64 sec. 
-Trial 38 70417 47103835 13.014815
-Trial 39 70417 47103835 13.141189
-Trial 40 70417 47103835 13.372028
* 41: Cost = 70417_46894356, Time = 11.16 sec. 
-Trial 41 70417 46894356 13.529385
* 42: Cost = 70417_46401156, Time = 11.31 sec. 
-Trial 42 70417 46401156 13.676548
-Trial 43 70417 46401156 13.897515
-Trial 44 70417 46401156 13.967057
-Trial 45 70417 46401156 14.039141
-Trial 46 70417 46401156 14.078112
* 47: Cost = 70417_46280717, Time = 11.78 sec. 
-Trial 47 70417 46280717 14.149212
-Trial 48 70417 46280717 14.517972
-Trial 49 70417 46280717 14.651126
-Trial 50 70417 46280717 14.840222
* 51: Cost = 70417_46086279, Time = 12.60 sec. 
-Trial 51 70417 46086279 14.972568
-Trial 52 70417 46086279 15.165850
* 53: Cost = 70417_45214535, Time = 13.19 sec. 
-Trial 53 70417 45214535 15.558355
-Trial 54 70417 45214535 15.678950
-Trial 55 70417 45214535 15.737345
-Trial 56 70417 45214535 15.785822
-Trial 57 70417 45214535 15.875373
-Trial 58 70417 45214535 15.912769
-Trial 59 70417 45214535 16.069636
-Trial 60 70417 45214535 16.125087
-Trial 61 70417 45214535 16.472603
-Trial 62 70417 45214535 16.626492
-Trial 63 70417 45214535 16.675094
-Trial 64 70417 45214535 16.742622
-Trial 65 70417 45214535 16.889099
-Trial 66 70417 45214535 16.991251
-Trial 67 70417 45214535 17.039405
-Trial 68 70417 45214535 17.174507
* 69: Cost = 70417_45207712, Time = 14.96 sec. 
-Trial 69 70417 45207712 17.333956
-Trial 70 70417 45207712 17.456463
-Trial 71 70417 45207712 17.524553
-Trial 72 70417 45207712 17.561627
* 73: Cost = 70417_45191850, Time = 15.39 sec. 
-Trial 73 70417 45191850 17.761972
-Trial 74 70417 45191850 17.804200
* 75: Cost = 70417_45179236, Time = 15.47 sec. 
-Trial 75 70417 45179236 17.836642
* 76: Cost = 0_44935338, Time = 15.52 sec. 
-Trial 76 0 44935338 17.889496
-Trial 77 0 44935338 17.901246
-Trial 78 0 44935338 17.923014
-Trial 79 0 44935338 18.091146
-Trial 80 0 44935338 18.140757
-Trial 81 0 44935338 18.148696
-Trial 82 0 44935338 18.157795
-Trial 83 0 44935338 18.235341
-Trial 84 0 44935338 18.256042
-Trial 85 0 44935338 18.259965
* 86: Cost = 0_44898130, Time = 15.96 sec. 
-Trial 86 0 44898130 18.330589
* 87: Cost = 0_44597729, Time = 16.00 sec. 
-Trial 87 0 44597729 18.368143
-Trial 88 0 44597729 18.405895
* 89: Cost = 0_44538017, Time = 16.04 sec. 
-Trial 89 0 44538017 18.410655
-Trial 90 0 44538017 18.417050
-Trial 91 0 44538017 18.441597
-Trial 92 0 44538017 18.451272
* 93: Cost = 0_44452786, Time = 16.09 sec. 
-Trial 93 0 44452786 18.459511
-Trial 94 0 44452786 18.459511
-Trial 95 0 44452786 18.479287
* 96: Cost = 0_44420818, Time = 16.11 sec. 
-Trial 96 0 44420818 18.485416
-Trial 97 0 44420818 18.486397
-Trial 98 0 44420818 18.499848
* 99: Cost = 0_44384521, Time = 16.15 sec. 
-Trial 99 0 44384521 18.518051
-Trial 100 0 44384521 18.539152
-Trial 101 0 44384521 18.542165
-Trial 102 0 44384521 18.562557
-Trial 103 0 44384521 18.563671
-Trial 104 0 44384521 18.579079
* 105: Cost = 0_44303516, Time = 16.26 sec. 
-Trial 105 0 44303516 18.627896
-Trial 106 0 44303516 18.677952
-Trial 107 0 44303516 18.825754
-Trial 108 0 44303516 18.845544
-Trial 109 0 44303516 18.888385
* 110: Cost = 0_44300712, Time = 16.59 sec. 
-Trial 110 0 44300712 18.957447
-Trial 111 0 44300712 18.964467
-Trial 112 0 44300712 18.982230
* 113: Cost = 0_44282497, Time = 16.61 sec. 
-Trial 113 0 44282497 18.985131
* 114: Cost = 0_44224150, Time = 16.62 sec. 
-Trial 114 0 44224150 18.991562
-Trial 115 0 44224150 19.021830
-Trial 116 0 44224150 19.042008
-Trial 117 0 44224150 19.046238
-Trial 118 0 44224150 19.061598
* 119: Cost = 0_44195426, Time = 16.72 sec. 
-Trial 119 0 44195426 19.092721
-Trial 120 0 44195426 19.140971
-Trial 121 0 44195426 19.146479
-Trial 122 0 44195426 19.160849
-Trial 123 0 44195426 19.185464
-Trial 124 0 44195426 19.212754
-Trial 125 0 44195426 19.215074
-Trial 126 0 44195426 19.241275
-Trial 127 0 44195426 19.293177
-Trial 128 0 44195426 19.310281
-Trial 129 0 44195426 19.312851
-Trial 130 0 44195426 19.320542
* 131: Cost = 0_44140106, Time = 16.99 sec. 
-Trial 131 0 44140106 19.361530
-Trial 132 0 44140106 19.368993
* 133: Cost = 0_44120618, Time = 17.04 sec. 
-Trial 133 0 44120618 19.410919
-Trial 134 0 44120618 19.459726
-Trial 135 0 44120618 19.472880
-Trial 136 0 44120618 19.474490
-Trial 137 0 44120618 19.495392
-Trial 138 0 44120618 19.505254
-Trial 139 0 44120618 19.539080
-Trial 140 0 44120618 19.551388
-Trial 141 0 44120618 19.557586
-Trial 142 0 44120618 19.588745
-Trial 143 0 44120618 19.623169
-Trial 144 0 44120618 19.637223
* 145: Cost = 0_44080578, Time = 17.28 sec. 
-Trial 145 0 44080578 19.652755
-Trial 146 0 44080578 19.672687
-Trial 147 0 44080578 19.679313
* 148: Cost = 0_43894355, Time = 17.35 sec. 
-Trial 148 0 43894355 19.721854
* 149: Cost = 0_43850491, Time = 17.42 sec. 
-Trial 149 0 43850491 19.787112
* 150: Cost = 0_43734466, Time = 17.44 sec. 
-Trial 150 0 43734466 19.815514
-Trial 151 0 43734466 19.828034
-Trial 152 0 43734466 19.874341
-Trial 153 0 43734466 19.877293
-Trial 154 0 43734466 19.908296
-Trial 155 0 43734466 19.914361
-Trial 156 0 43734466 19.942005
-Trial 157 0 43734466 20.030945
-Trial 158 0 43734466 20.044464
-Trial 159 0 43734466 20.045584
-Trial 160 0 43734466 20.191006
-Trial 161 0 43734466 20.221537
-Trial 162 0 43734466 20.239999
-Trial 163 0 43734466 20.242174
-Trial 164 0 43734466 20.246647
-Trial 165 0 43734466 20.278679
-Trial 166 0 43734466 20.299190
-Trial 167 0 43734466 20.344965
-Trial 168 0 43734466 20.404703
-Trial 169 0 43734466 20.409371
-Trial 170 0 43734466 20.427178
-Trial 171 0 43734466 20.448800
-Trial 172 0 43734466 20.469846
-Trial 173 0 43734466 20.652361
-Trial 174 0 43734466 20.674764
-Trial 175 0 43734466 20.686628
-Trial 176 0 43734466 20.706293
* 177: Cost = 0_43727365, Time = 18.34 sec. 
-Trial 177 0 43727365 20.714915
-Trial 178 0 43727365 20.725503
-Trial 179 0 43727365 20.734589
-Trial 180 0 43727365 20.822572
-Trial 181 0 43727365 20.871597
-Trial 182 0 43727365 20.881460
-Trial 183 0 43727365 20.901044
-Trial 184 0 43727365 20.904288
-Trial 185 0 43727365 21.004286
-Trial 186 0 43727365 21.013735
-Trial 187 0 43727365 21.091683
-Trial 188 0 43727365 21.114035
-Trial 189 0 43727365 21.115515
-Trial 190 0 43727365 21.123851
* 191: Cost = 0_43648329, Time = 18.83 sec. 
-Trial 191 0 43648329 21.198114
* 192: Cost = 0_43645929, Time = 18.83 sec. 
-Trial 192 0 43645929 21.203468
-Trial 193 0 43645929 21.212850
* 194: Cost = 0_43599294, Time = 18.87 sec. 
-Trial 194 0 43599294 21.241659
-Trial 195 0 43599294 21.250407
* 196: Cost = 0_43580604, Time = 18.91 sec. 
-Trial 196 0 43580604 21.278526
-Trial 197 0 43580604 21.310792
-Trial 198 0 43580604 21.358441
-Trial 199 0 43580604 21.367355
-Trial 200 0 43580604 21.435978
-Trial 201 0 43580604 21.458936
-Trial 202 0 43580604 21.491659
-Trial 203 0 43580604 21.500348
-Trial 204 0 43580604 21.508981
-Trial 205 0 43580604 21.513103
-Trial 206 0 43580604 21.562015
-Trial 207 0 43580604 21.568352
* 208: Cost = 0_43509094, Time = 19.26 sec. 
-Trial 208 0 43509094 21.627964
-Trial 209 0 43509094 21.632585
-Trial 210 0 43509094 21.641176
-Trial 211 0 43509094 21.648974
-Trial 212 0 43509094 21.654877
-Trial 213 0 43509094 21.689870
-Trial 214 0 43509094 21.697709
-Trial 215 0 43509094 21.706623
-Trial 216 0 43509094 21.712351
-Trial 217 0 43509094 21.735489
-Trial 218 0 43509094 21.740640
-Trial 219 0 43509094 21.758387
-Trial 220 0 43509094 21.773295
-Trial 221 0 43509094 21.798076
-Trial 222 0 43509094 21.860882
-Trial 223 0 43509094 21.888345
-Trial 224 0 43509094 21.892836
-Trial 225 0 43509094 21.894432
-Trial 226 0 43509094 21.973328
-Trial 227 0 43509094 21.989852
-Trial 228 0 43509094 22.052794
-Trial 229 0 43509094 22.181924
-Trial 230 0 43509094 22.190308
-Trial 231 0 43509094 22.208090
-Trial 232 0 43509094 22.246531
* 233: Cost = 0_43477645, Time = 19.89 sec. 
-Trial 233 0 43477645 22.264651
-Trial 234 0 43477645 22.321737
-Trial 235 0 43477645 22.343359
-Trial 236 0 43477645 22.347048
-Trial 237 0 43477645 22.378512
-Trial 238 0 43477645 22.429091
-Trial 239 0 43477645 22.444918
-Trial 240 0 43477645 22.585674
-Trial 241 0 43477645 22.636512
-Trial 242 0 43477645 22.648796
-Trial 243 0 43477645 22.658586
-Trial 244 0 43477645 22.679948
-Trial 245 0 43477645 22.698047
-Trial 246 0 43477645 22.770011
-Trial 247 0 43477645 22.810094
-Trial 248 0 43477645 22.824124
-Trial 249 0 43477645 22.858298
-Trial 250 0 43477645 22.867366
-Trial 251 0 43477645 22.886856
-Trial 252 0 43477645 22.899876
-Trial 253 0 43477645 22.910214
-Trial 254 0 43477645 22.922577
-Trial 255 0 43477645 22.955160
-Trial 256 0 43477645 23.040217
-Trial 257 0 43477645 23.048869
-Trial 258 0 43477645 23.114158
-Trial 259 0 43477645 23.154299
-Trial 260 0 43477645 23.175555
-Trial 261 0 43477645 23.221094
-Trial 262 0 43477645 23.239685
-Trial 263 0 43477645 23.273453
-Trial 264 0 43477645 23.298085
* 265: Cost = 0_43382259, Time = 20.96 sec. 
-Trial 265 0 43382259 23.333066
-Trial 266 0 43382259 23.366752
-Trial 267 0 43382259 23.383579
-Trial 268 0 43382259 23.396526
-Trial 269 0 43382259 23.399999
-Trial 270 0 43382259 23.404187
-Trial 271 0 43382259 23.420292
-Trial 272 0 43382259 23.425572
-Trial 273 0 43382259 23.432905
-Trial 274 0 43382259 23.482715
-Trial 275 0 43382259 23.555580
-Trial 276 0 43382259 23.557704
-Trial 277 0 43382259 23.602497
-Trial 278 0 43382259 23.602893
-Trial 279 0 43382259 23.633633
-Trial 280 0 43382259 23.638378
-Trial 281 0 43382259 23.657621
-Trial 282 0 43382259 23.789574
-Trial 283 0 43382259 23.857464
-Trial 284 0 43382259 23.881564
-Trial 285 0 43382259 23.889261
-Trial 286 0 43382259 23.901582
-Trial 287 0 43382259 23.919725
-Trial 288 0 43382259 23.923492
-Trial 289 0 43382259 23.946879
-Trial 290 0 43382259 23.961094
-Trial 291 0 43382259 23.974269
-Trial 292 0 43382259 23.980734
-Trial 293 0 43382259 24.006880
-Trial 294 0 43382259 24.060018
-Trial 295 0 43382259 24.071852
-Trial 296 0 43382259 24.081867
-Trial 297 0 43382259 24.084607
-Trial 298 0 43382259 24.129240
-Trial 299 0 43382259 24.185425
-Trial 300 0 43382259 24.197085
* 301: Cost = 0_43363101, Time = 21.83 sec. 
-Trial 301 0 43363101 24.203894
-Trial 302 0 43363101 24.286418
-Trial 303 0 43363101 24.289394
-Trial 304 0 43363101 24.293693
-Trial 305 0 43363101 24.304478
-Trial 306 0 43363101 24.321192
-Trial 307 0 43363101 24.351009
-Trial 308 0 43363101 24.443239
-Trial 309 0 43363101 24.475091
* 310: Cost = 0_43333447, Time = 22.11 sec. 
-Trial 310 0 43333447 24.483267
-Trial 311 0 43333447 24.548639
* 312: Cost = 0_43331323, Time = 22.18 sec. 
-Trial 312 0 43331323 24.552706
-Trial 313 0 43331323 24.572998
-Trial 314 0 43331323 24.591391
-Trial 315 0 43331323 24.607155
-Trial 316 0 43331323 24.631149
-Trial 317 0 43331323 24.637566
-Trial 318 0 43331323 24.647921
-Trial 319 0 43331323 24.673840
-Trial 320 0 43331323 24.716733
-Trial 321 0 43331323 24.721074
-Trial 322 0 43331323 24.724567
-Trial 323 0 43331323 24.751245
-Trial 324 0 43331323 24.753374
* 325: Cost = 0_43208603, Time = 22.56 sec. 
-Trial 325 0 43208603 24.930236
* 326: Cost = 0_43094941, Time = 22.59 sec. 
-Trial 326 0 43094941 24.962084
* 327: Cost = 0_43085370, Time = 22.61 sec. 
-Trial 327 0 43085370 24.978629
-Trial 328 0 43085370 25.075955
-Trial 329 0 43085370 25.099949
-Trial 330 0 43085370 25.106387
-Trial 331 0 43085370 25.112945
-Trial 332 0 43085370 25.129481
-Trial 333 0 43085370 25.133495
-Trial 334 0 43085370 25.170529
-Trial 335 0 43085370 25.177471
-Trial 336 0 43085370 25.192392
-Trial 337 0 43085370 25.196273
-Trial 338 0 43085370 25.199001
-Trial 339 0 43085370 25.220988
-Trial 340 0 43085370 25.229933
-Trial 341 0 43085370 25.253093
-Trial 342 0 43085370 25.351974
-Trial 343 0 43085370 25.442027
-Trial 344 0 43085370 25.477190
* 345: Cost = 0_43070736, Time = 23.12 sec. 
-Trial 345 0 43070736 25.488543
-Trial 346 0 43070736 25.498456
-Trial 347 0 43070736 25.499218
-Trial 348 0 43070736 25.511648
-Trial 349 0 43070736 25.590769
-Trial 350 0 43070736 25.596222
-Trial 351 0 43070736 25.627687
-Trial 352 0 43070736 25.706989
* 353: Cost = 0_42952630, Time = 23.37 sec. 
-Trial 353 0 42952630 25.742539
-Trial 354 0 42952630 25.770150
-Trial 355 0 42952630 25.777917
-Trial 356 0 42952630 25.789555
* 357: Cost = 0_42919621, Time = 23.49 sec. 
-Trial 357 0 42919621 25.860842
-Trial 358 0 42919621 25.920316
-Trial 359 0 42919621 25.936758
-Trial 360 0 42919621 25.945646
-Trial 361 0 42919621 25.954963
-Trial 362 0 42919621 26.001413
-Trial 363 0 42919621 26.004393
-Trial 364 0 42919621 26.040025
-Trial 365 0 42919621 26.043822
-Trial 366 0 42919621 26.061917
* 367: Cost = 0_42839658, Time = 23.72 sec. 
-Trial 367 0 42839658 26.090131
-Trial 368 0 42839658 26.094104
-Trial 369 0 42839658 26.113325
-Trial 370 0 42839658 26.145964
-Trial 371 0 42839658 26.380329
-Trial 372 0 42839658 26.419155
* 373: Cost = 0_42796153, Time = 24.10 sec. 
-Trial 373 0 42796153 26.466744
-Trial 374 0 42796153 26.476152
* 375: Cost = 0_42795111, Time = 24.12 sec. 
-Trial 375 0 42795111 26.487635
-Trial 376 0 42795111 26.536987
-Trial 377 0 42795111 26.568330
-Trial 378 0 42795111 26.639215
-Trial 379 0 42795111 26.644198
-Trial 380 0 42795111 26.718137
-Trial 381 0 42795111 26.720584
-Trial 382 0 42795111 26.743874
-Trial 383 0 42795111 26.756877
-Trial 384 0 42795111 26.777891
-Trial 385 0 42795111 26.785061
-Trial 386 0 42795111 26.796094
-Trial 387 0 42795111 26.804690
-Trial 388 0 42795111 26.825726
-Trial 389 0 42795111 26.856965
-Trial 390 0 42795111 26.909972
-Trial 391 0 42795111 26.916275
-Trial 392 0 42795111 26.924566
-Trial 393 0 42795111 26.932930
-Trial 394 0 42795111 26.945354
-Trial 395 0 42795111 26.968780
-Trial 396 0 42795111 26.988539
-Trial 397 0 42795111 27.044593
-Trial 398 0 42795111 27.052507
-Trial 399 0 42795111 27.072580
-Trial 400 0 42795111 27.105844
-Trial 401 0 42795111 27.205023
-Trial 402 0 42795111 27.256287
-Trial 403 0 42795111 27.264141
-Trial 404 0 42795111 27.275479
-Trial 405 0 42795111 27.287859
-Trial 406 0 42795111 27.318156
-Trial 407 0 42795111 27.327628
-Trial 408 0 42795111 27.433203
-Trial 409 0 42795111 27.445143
-Trial 410 0 42795111 27.459167
-Trial 411 0 42795111 27.493034
-Trial 412 0 42795111 27.529615
-Trial 413 0 42795111 27.628990
-Trial 414 0 42795111 27.658839
-Trial 415 0 42795111 27.663669
-Trial 416 0 42795111 27.674614
-Trial 417 0 42795111 27.748172
-Trial 418 0 42795111 27.761283
-Trial 419 0 42795111 27.774192
-Trial 420 0 42795111 27.774617
-Trial 421 0 42795111 27.780474
-Trial 422 0 42795111 27.781328
-Trial 423 0 42795111 27.903496
-Trial 424 0 42795111 28.011823
-Trial 425 0 42795111 28.066697
-Trial 426 0 42795111 28.070016
-Trial 427 0 42795111 28.079433
-Trial 428 0 42795111 28.089422
-Trial 429 0 42795111 28.103006
-Trial 430 0 42795111 28.227454
-Trial 431 0 42795111 28.266495
-Trial 432 0 42795111 28.297914
-Trial 433 0 42795111 28.352050
-Trial 434 0 42795111 28.444010
-Trial 435 0 42795111 28.472104
-Trial 436 0 42795111 28.479965
-Trial 437 0 42795111 28.489596
-Trial 438 0 42795111 28.531712
-Trial 439 0 42795111 28.545156
-Trial 440 0 42795111 28.545917
-Trial 441 0 42795111 28.559372
-Trial 442 0 42795111 28.575499
-Trial 443 0 42795111 28.578639
-Trial 444 0 42795111 28.589600
-Trial 445 0 42795111 28.718734
-Trial 446 0 42795111 28.719464
-Trial 447 0 42795111 28.742450
-Trial 448 0 42795111 28.743073
-Trial 449 0 42795111 28.743979
-Trial 450 0 42795111 28.757622
-Trial 451 0 42795111 28.770027
-Trial 452 0 42795111 28.825034
-Trial 453 0 42795111 28.844446
-Trial 454 0 42795111 28.863227
-Trial 455 0 42795111 28.865575
-Trial 456 0 42795111 28.945491
-Trial 457 0 42795111 28.986920
-Trial 458 0 42795111 29.074479
-Trial 459 0 42795111 29.141239
-Trial 460 0 42795111 29.151420
-Trial 461 0 42795111 29.165309
-Trial 462 0 42795111 29.176352
-Trial 463 0 42795111 29.199327
-Trial 464 0 42795111 29.217126
-Trial 465 0 42795111 29.224929
-Trial 466 0 42795111 29.255778
-Trial 467 0 42795111 29.264628
-Trial 468 0 42795111 29.291371
-Trial 469 0 42795111 29.294477
-Trial 470 0 42795111 29.294945
-Trial 471 0 42795111 29.303609
-Trial 472 0 42795111 29.402931
-Trial 473 0 42795111 29.409656
-Trial 474 0 42795111 29.410782
-Trial 475 0 42795111 29.429541
-Trial 476 0 42795111 29.479474
-Trial 477 0 42795111 29.528535
-Trial 478 0 42795111 29.532969
-Trial 479 0 42795111 29.552346
-Trial 480 0 42795111 29.563500
-Trial 481 0 42795111 29.580064
-Trial 482 0 42795111 29.627680
-Trial 483 0 42795111 29.653607
-Trial 484 0 42795111 29.654792
-Trial 485 0 42795111 29.682133
-Trial 486 0 42795111 29.713567
-Trial 487 0 42795111 29.769482
-Trial 488 0 42795111 29.779481
-Trial 489 0 42795111 29.797794
* 490: Cost = 0_42783245, Time = 27.44 sec. 
-Trial 490 0 42783245 29.811756
-Trial 491 0 42783245 29.821493
-Trial 492 0 42783245 30.005272
-Trial 493 0 42783245 30.006725
-Trial 494 0 42783245 30.029094
-Trial 495 0 42783245 30.041007
-Trial 496 0 42783245 30.123586
-Trial 497 0 42783245 30.139272
-Trial 498 0 42783245 30.179677
-Trial 499 0 42783245 30.191451
-Trial 500 0 42783245 30.213763
-Trial 501 0 42783245 30.226177
-Trial 502 0 42783245 30.229892
-Trial 503 0 42783245 30.250852
-Trial 504 0 42783245 30.281858
-Trial 505 0 42783245 30.287077
-Trial 506 0 42783245 30.288348
-Trial 507 0 42783245 30.308114
-Trial 508 0 42783245 30.350153
-Trial 509 0 42783245 30.359886
-Trial 510 0 42783245 30.414425
-Trial 511 0 42783245 30.462359
-Trial 512 0 42783245 30.470627
-Trial 513 0 42783245 30.493514
-Trial 514 0 42783245 30.508183
-Trial 515 0 42783245 30.535560
* 516: Cost = 0_42781129, Time = 28.18 sec. 
-Trial 516 0 42781129 30.553375
-Trial 517 0 42781129 30.619668
-Trial 518 0 42781129 30.625331
-Trial 519 0 42781129 30.631626
-Trial 520 0 42781129 30.633969
-Trial 521 0 42781129 30.653342
-Trial 522 0 42781129 30.690082
-Trial 523 0 42781129 30.756285
-Trial 524 0 42781129 30.817980
-Trial 525 0 42781129 30.820250
-Trial 526 0 42781129 30.839627
-Trial 527 0 42781129 30.865809
-Trial 528 0 42781129 30.879250
-Trial 529 0 42781129 30.882876
-Trial 530 0 42781129 30.892803
-Trial 531 0 42781129 30.994367
-Trial 532 0 42781129 31.082589
-Trial 533 0 42781129 31.098508
-Trial 534 0 42781129 31.128417
-Trial 535 0 42781129 31.136332
-Trial 536 0 42781129 31.166129
-Trial 537 0 42781129 31.168163
-Trial 538 0 42781129 31.171929
-Trial 539 0 42781129 31.200819
-Trial 540 0 42781129 31.235981
-Trial 541 0 42781129 31.249416
-Trial 542 0 42781129 31.256978
-Trial 543 0 42781129 31.269320
-Trial 544 0 42781129 31.270789
-Trial 545 0 42781129 31.285285
-Trial 546 0 42781129 31.388696
-Trial 547 0 42781129 31.415955
* 548: Cost = 0_42660929, Time = 29.10 sec. 
-Trial 548 0 42660929 31.472575
* 549: Cost = 0_42584852, Time = 29.11 sec. 
-Trial 549 0 42584852 31.482168
-Trial 550 0 42584852 31.535707
-Trial 551 0 42584852 31.569591
-Trial 552 0 42584852 31.577777
-Trial 553 0 42584852 31.634420
-Trial 554 0 42584852 31.659717
-Trial 555 0 42584852 31.667795
-Trial 556 0 42584852 31.669737
-Trial 557 0 42584852 31.674127
-Trial 558 0 42584852 31.683150
* 559: Cost = 0_42581462, Time = 29.36 sec. 
-Trial 559 0 42581462 31.730787
-Trial 560 0 42581462 31.743055
-Trial 561 0 42581462 31.751694
-Trial 562 0 42581462 31.765460
-Trial 563 0 42581462 31.836457
-Trial 564 0 42581462 31.849945
-Trial 565 0 42581462 31.866768
-Trial 566 0 42581462 31.910486
-Trial 567 0 42581462 31.952645
-Trial 568 0 42581462 31.962181
-Trial 569 0 42581462 32.001277
-Trial 570 0 42581462 32.038443
-Trial 571 0 42581462 32.057123
-Trial 572 0 42581462 32.067557
* 573: Cost = 0_42580420, Time = 29.71 sec. 
-Trial 573 0 42580420 32.084187
* 574: Cost = 0_42557760, Time = 29.75 sec. 
-Trial 574 0 42557760 32.121882
-Trial 575 0 42557760 32.129562
-Trial 576 0 42557760 32.140114
-Trial 577 0 42557760 32.164533
-Trial 578 0 42557760 32.165979
-Trial 579 0 42557760 32.175575
-Trial 580 0 42557760 32.259808
-Trial 581 0 42557760 32.311014
-Trial 582 0 42557760 32.325797
-Trial 583 0 42557760 32.327617
-Trial 584 0 42557760 32.329852
-Trial 585 0 42557760 32.361837
-Trial 586 0 42557760 32.383726
-Trial 587 0 42557760 32.413641
-Trial 588 0 42557760 32.439534
-Trial 589 0 42557760 32.444301
-Trial 590 0 42557760 32.457003
-Trial 591 0 42557760 32.465149
-Trial 592 0 42557760 32.479510
-Trial 593 0 42557760 32.567922
-Trial 594 0 42557760 32.627555
-Trial 595 0 42557760 32.633644
-Trial 596 0 42557760 32.661092
-Trial 597 0 42557760 32.683220
-Trial 598 0 42557760 32.740382
-Trial 599 0 42557760 32.749230
-Trial 600 0 42557760 32.840058
-Trial 601 0 42557760 32.854488
-Trial 602 0 42557760 32.858001
-Trial 603 0 42557760 32.877472
-Trial 604 0 42557760 32.895730
-Trial 605 0 42557760 32.945707
-Trial 606 0 42557760 32.978221
-Trial 607 0 42557760 32.993325
-Trial 608 0 42557760 33.022747
-Trial 609 0 42557760 33.026700
-Trial 610 0 42557760 33.107033
-Trial 611 0 42557760 33.180383
-Trial 612 0 42557760 33.187265
-Trial 613 0 42557760 33.214754
-Trial 614 0 42557760 33.234378
-Trial 615 0 42557760 33.253414
-Trial 616 0 42557760 33.258450
-Trial 617 0 42557760 33.297405
-Trial 618 0 42557760 33.332254
-Trial 619 0 42557760 33.371493
-Trial 620 0 42557760 33.389394
-Trial 621 0 42557760 33.413498
-Trial 622 0 42557760 33.418181
-Trial 623 0 42557760 33.444830
-Trial 624 0 42557760 33.457324
-Trial 625 0 42557760 33.462214
-Trial 626 0 42557760 33.487417
-Trial 627 0 42557760 33.510978
-Trial 628 0 42557760 33.558218
-Trial 629 0 42557760 33.578922
-Trial 630 0 42557760 33.593471
-Trial 631 0 42557760 33.599833
-Trial 632 0 42557760 33.603991
-Trial 633 0 42557760 33.607258
-Trial 634 0 42557760 33.617422
-Trial 635 0 42557760 33.644400
-Trial 636 0 42557760 33.660400
-Trial 637 0 42557760 33.663325
-Trial 638 0 42557760 33.675283
-Trial 639 0 42557760 33.687500
-Trial 640 0 42557760 33.761585
-Trial 641 0 42557760 33.806739
-Trial 642 0 42557760 33.841492
-Trial 643 0 42557760 33.863213
-Trial 644 0 42557760 33.897012
-Trial 645 0 42557760 33.931133
-Trial 646 0 42557760 33.934914
-Trial 647 0 42557760 33.939166
-Trial 648 0 42557760 33.955058
-Trial 649 0 42557760 34.034363
-Trial 650 0 42557760 34.090879
-Trial 651 0 42557760 34.166281
-Trial 652 0 42557760 34.197403
-Trial 653 0 42557760 34.211995
-Trial 654 0 42557760 34.230628
-Trial 655 0 42557760 34.241836
-Trial 656 0 42557760 34.279487
-Trial 657 0 42557760 34.289766
-Trial 658 0 42557760 34.295852
-Trial 659 0 42557760 34.302883
-Trial 660 0 42557760 34.335329
-Trial 661 0 42557760 34.339009
-Trial 662 0 42557760 34.341971
-Trial 663 0 42557760 34.343844
-Trial 664 0 42557760 34.411343
-Trial 665 0 42557760 34.419135
-Trial 666 0 42557760 34.437442
-Trial 667 0 42557760 34.450016
-Trial 668 0 42557760 34.458811
-Trial 669 0 42557760 34.506047
-Trial 670 0 42557760 34.592614
-Trial 671 0 42557760 34.621376
-Trial 672 0 42557760 34.628278
-Trial 673 0 42557760 34.664530
-Trial 674 0 42557760 34.721150
-Trial 675 0 42557760 34.747232
-Trial 676 0 42557760 34.869981
-Trial 677 0 42557760 34.888609
-Trial 678 0 42557760 34.901396
-Trial 679 0 42557760 34.920858
-Trial 680 0 42557760 34.933810
-Trial 681 0 42557760 34.955208
-Trial 682 0 42557760 34.959768
-Trial 683 0 42557760 34.970390
-Trial 684 0 42557760 34.973907
-Trial 685 0 42557760 34.996152
-Trial 686 0 42557760 35.004738
-Trial 687 0 42557760 35.028300
-Trial 688 0 42557760 35.048897
-Trial 689 0 42557760 35.072524
-Trial 690 0 42557760 35.145790
-Trial 691 0 42557760 35.254858
-Trial 692 0 42557760 35.260607
-Trial 693 0 42557760 35.269300
-Trial 694 0 42557760 35.355168
-Trial 695 0 42557760 35.358756
-Trial 696 0 42557760 35.364667
-Trial 697 0 42557760 35.402515
-Trial 698 0 42557760 35.414592
-Trial 699 0 42557760 35.423189
-Trial 700 0 42557760 35.428859
-Trial 701 0 42557760 35.460842
-Trial 702 0 42557760 35.477145
-Trial 703 0 42557760 35.487476
-Trial 704 0 42557760 35.511017
-Trial 705 0 42557760 35.522066
-Trial 706 0 42557760 35.525162
-Trial 707 0 42557760 35.530754
-Trial 708 0 42557760 35.583209
-Trial 709 0 42557760 35.584017
-Trial 710 0 42557760 35.606447
-Trial 711 0 42557760 35.619949
-Trial 712 0 42557760 35.639547
-Trial 713 0 42557760 35.668996
-Trial 714 0 42557760 35.674339
-Trial 715 0 42557760 35.692590
-Trial 716 0 42557760 35.752882
-Trial 717 0 42557760 35.829823
-Trial 718 0 42557760 35.860277
-Trial 719 0 42557760 35.871046
-Trial 720 0 42557760 35.876074
-Trial 721 0 42557760 35.883687
-Trial 722 0 42557760 35.897055
-Trial 723 0 42557760 35.907427
-Trial 724 0 42557760 35.912570
-Trial 725 0 42557760 35.946554
-Trial 726 0 42557760 35.996753
-Trial 727 0 42557760 36.001792
-Trial 728 0 42557760 36.002210
-Trial 729 0 42557760 36.082380
-Trial 730 0 42557760 36.091801
-Trial 731 0 42557760 36.096956
-Trial 732 0 42557760 36.113278
-Trial 733 0 42557760 36.123778
-Trial 734 0 42557760 36.128361
-Trial 735 0 42557760 36.284131
-Trial 736 0 42557760 36.292750
-Trial 737 0 42557760 36.396714
-Trial 738 0 42557760 36.400846
-Trial 739 0 42557760 36.474984
-Trial 740 0 42557760 36.500130
-Trial 741 0 42557760 36.509072
-Trial 742 0 42557760 36.536233
-Trial 743 0 42557760 36.538324
-Trial 744 0 42557760 36.544741
-Trial 745 0 42557760 36.555776
-Trial 746 0 42557760 36.562162
-Trial 747 0 42557760 36.602426
-Trial 748 0 42557760 36.815073
-Trial 749 0 42557760 36.820126
-Trial 750 0 42557760 36.851455
-Trial 751 0 42557760 36.854537
-Trial 752 0 42557760 36.915865
-Trial 753 0 42557760 36.957228
-Trial 754 0 42557760 36.971513
-Trial 755 0 42557760 37.083494
-Trial 756 0 42557760 37.130582
-Trial 757 0 42557760 37.153183
-Trial 758 0 42557760 37.155588
-Trial 759 0 42557760 37.170455
-Trial 760 0 42557760 37.199609
-Trial 761 0 42557760 37.202700
-Trial 762 0 42557760 37.217319
-Trial 763 0 42557760 37.343453
-Trial 764 0 42557760 37.412010
-Trial 765 0 42557760 37.461917
-Trial 766 0 42557760 37.485691
-Trial 767 0 42557760 37.531635
-Trial 768 0 42557760 37.536698
-Trial 769 0 42557760 37.545606
-Trial 770 0 42557760 37.554964
-Trial 771 0 42557760 37.591968
-Trial 772 0 42557760 37.597726
-Trial 773 0 42557760 37.638616
-Trial 774 0 42557760 37.652831
-Trial 775 0 42557760 37.673844
-Trial 776 0 42557760 37.698513
-Trial 777 0 42557760 37.767650
-Trial 778 0 42557760 37.769825
-Trial 779 0 42557760 37.780099
-Trial 780 0 42557760 37.788457
-Trial 781 0 42557760 37.817137
-Trial 782 0 42557760 37.826364
-Trial 783 0 42557760 37.840334
-Trial 784 0 42557760 37.857091
-Trial 785 0 42557760 37.871436
-Trial 786 0 42557760 37.879842
-Trial 787 0 42557760 37.888394
-Trial 788 0 42557760 37.903726
-Trial 789 0 42557760 37.907238
-Trial 790 0 42557760 37.920895
-Trial 791 0 42557760 37.927508
-Trial 792 0 42557760 37.945980
-Trial 793 0 42557760 37.975144
-Trial 794 0 42557760 37.976134
-Trial 795 0 42557760 38.001076
-Trial 796 0 42557760 38.223429
-Trial 797 0 42557760 38.282394
-Trial 798 0 42557760 38.297640
-Trial 799 0 42557760 38.315863
-Trial 800 0 42557760 38.351494
-Trial 801 0 42557760 38.397623
-Trial 802 0 42557760 38.424631
-Trial 803 0 42557760 38.430519
-Trial 804 0 42557760 38.441371
-Trial 805 0 42557760 38.456494
-Trial 806 0 42557760 38.458915
-Trial 807 0 42557760 38.472925
-Trial 808 0 42557760 38.489525
-Trial 809 0 42557760 38.523300
-Trial 810 0 42557760 38.553986
-Trial 811 0 42557760 38.574881
-Trial 812 0 42557760 38.588579
-Trial 813 0 42557760 38.599874
-Trial 814 0 42557760 38.623290
-Trial 815 0 42557760 38.653821
-Trial 816 0 42557760 38.679488
-Trial 817 0 42557760 38.688534
-Trial 818 0 42557760 38.703995
-Trial 819 0 42557760 38.710556
-Trial 820 0 42557760 38.750654
-Trial 821 0 42557760 38.873075
-Trial 822 0 42557760 38.876810
-Trial 823 0 42557760 38.897636
-Trial 824 0 42557760 38.914785
-Trial 825 0 42557760 39.000648
-Trial 826 0 42557760 39.020178
-Trial 827 0 42557760 39.026229
-Trial 828 0 42557760 39.094909
-Trial 829 0 42557760 39.109980
-Trial 830 0 42557760 39.115539
-Trial 831 0 42557760 39.133374
-Trial 832 0 42557760 39.145846
-Trial 833 0 42557760 39.178619
-Trial 834 0 42557760 39.206809
-Trial 835 0 42557760 39.209603
-Trial 836 0 42557760 39.217691
-Trial 837 0 42557760 39.235169
-Trial 838 0 42557760 39.303337
* 839: Cost = 0_42514709, Time = 37.01 sec. 
-Trial 839 0 42514709 39.382107
* 840: Cost = 0_42514002, Time = 37.04 sec. 
-Trial 840 0 42514002 39.412208
-Trial 841 0 42514002 39.444090
-Trial 842 0 42514002 39.450709
-Trial 843 0 42514002 39.462547
-Trial 844 0 42514002 39.482164
-Trial 845 0 42514002 39.502963
-Trial 846 0 42514002 39.514408
-Trial 847 0 42514002 39.522800
-Trial 848 0 42514002 39.533690
-Trial 849 0 42514002 39.535703
* 850: Cost = 0_42486474, Time = 37.18 sec. 
-Trial 850 0 42486474 39.552901
-Trial 851 0 42486474 39.569022
-Trial 852 0 42486474 39.622091
-Trial 853 0 42486474 39.630176
-Trial 854 0 42486474 39.633299
-Trial 855 0 42486474 39.742887
-Trial 856 0 42486474 39.817314
-Trial 857 0 42486474 39.838374
-Trial 858 0 42486474 39.847003
-Trial 859 0 42486474 39.887159
* 860: Cost = 0_42455443, Time = 37.54 sec. 
-Trial 860 0 42455443 39.909633
-Trial 861 0 42455443 40.006329
-Trial 862 0 42455443 40.035678
-Trial 863 0 42455443 40.181736
-Trial 864 0 42455443 40.251369
-Trial 865 0 42455443 40.301460
-Trial 866 0 42455443 40.319788
* 867: Cost = 0_42454401, Time = 37.95 sec. 
-Trial 867 0 42454401 40.323317
-Trial 868 0 42454401 40.556924
-Trial 869 0 42454401 40.677499
-Trial 870 0 42454401 40.684550
-Trial 871 0 42454401 40.725320
-Trial 872 0 42454401 40.730340
-Trial 873 0 42454401 40.746648
-Trial 874 0 42454401 40.751259
-Trial 875 0 42454401 40.823879
-Trial 876 0 42454401 40.925984
-Trial 877 0 42454401 40.938275
-Trial 878 0 42454401 40.955698
-Trial 879 0 42454401 40.968545
-Trial 880 0 42454401 40.979611
-Trial 881 0 42454401 40.991434
-Trial 882 0 42454401 40.992438
-Trial 883 0 42454401 41.006671
-Trial 884 0 42454401 41.010596
-Trial 885 0 42454401 41.033876
-Trial 886 0 42454401 41.038359
-Trial 887 0 42454401 41.045045
-Trial 888 0 42454401 41.049903
-Trial 889 0 42454401 41.071664
-Trial 890 0 42454401 41.177217
-Trial 891 0 42454401 41.181307
-Trial 892 0 42454401 41.201322
-Trial 893 0 42454401 41.207587
-Trial 894 0 42454401 41.247216
-Trial 895 0 42454401 41.279624
-Trial 896 0 42454401 41.339870
-Trial 897 0 42454401 41.341803
-Trial 898 0 42454401 41.430258
-Trial 899 0 42454401 41.447193
-Trial 900 0 42454401 41.457800
-Trial 901 0 42454401 41.465951
-Trial 902 0 42454401 41.472743
-Trial 903 0 42454401 41.541675
-Trial 904 0 42454401 41.558163
-Trial 905 0 42454401 41.575497
-Trial 906 0 42454401 41.578344
-Trial 907 0 42454401 41.586535
-Trial 908 0 42454401 41.591738
-Trial 909 0 42454401 41.616653
-Trial 910 0 42454401 41.617394
-Trial 911 0 42454401 41.641070
-Trial 912 0 42454401 41.657508
-Trial 913 0 42454401 41.677627
-Trial 914 0 42454401 41.696079
-Trial 915 0 42454401 41.886946
-Trial 916 0 42454401 41.901432
-Trial 917 0 42454401 41.911502
-Trial 918 0 42454401 41.920983
-Trial 919 0 42454401 41.939676
-Trial 920 0 42454401 41.943166
-Trial 921 0 42454401 41.950252
-Trial 922 0 42454401 41.961783
-Trial 923 0 42454401 41.974878
-Trial 924 0 42454401 42.018396
-Trial 925 0 42454401 42.036936
-Trial 926 0 42454401 42.106071
-Trial 927 0 42454401 42.239699
-Trial 928 0 42454401 42.320586
-Trial 929 0 42454401 42.325073
-Trial 930 0 42454401 42.337397
-Trial 931 0 42454401 42.408174
-Trial 932 0 42454401 42.430711
* 933: Cost = 0_42447030, Time = 40.07 sec. 
-Trial 933 0 42447030 42.441157
-Trial 934 0 42447030 42.482012
-Trial 935 0 42447030 42.506843
-Trial 936 0 42447030 42.535425
-Trial 937 0 42447030 42.554677
-Trial 938 0 42447030 42.579815
-Trial 939 0 42447030 42.603852
-Trial 940 0 42447030 42.690192
-Trial 941 0 42447030 42.697745
-Trial 942 0 42447030 42.768446
-Trial 943 0 42447030 42.796536
-Trial 944 0 42447030 42.816694
-Trial 945 0 42447030 42.941002
-Trial 946 0 42447030 42.975190
-Trial 947 0 42447030 42.987450
-Trial 948 0 42447030 43.001791
-Trial 949 0 42447030 43.008697
-Trial 950 0 42447030 43.015343
-Trial 951 0 42447030 43.029231
-Trial 952 0 42447030 43.034275
-Trial 953 0 42447030 43.092687
* 954: Cost = 0_42421824, Time = 40.73 sec. 
-Trial 954 0 42421824 43.102678
-Trial 955 0 42421824 43.112264
-Trial 956 0 42421824 43.121261
-Trial 957 0 42421824 43.149567
-Trial 958 0 42421824 43.211605
-Trial 959 0 42421824 43.397124
-Trial 960 0 42421824 43.408392
-Trial 961 0 42421824 43.514757
-Trial 962 0 42421824 43.532350
-Trial 963 0 42421824 43.536308
-Trial 964 0 42421824 43.556502
-Trial 965 0 42421824 43.573928
-Trial 966 0 42421824 43.635916
-Trial 967 0 42421824 43.638426
-Trial 968 0 42421824 43.651901
-Trial 969 0 42421824 43.670576
-Trial 970 0 42421824 43.700769
-Trial 971 0 42421824 43.731033
-Trial 972 0 42421824 43.735250
-Trial 973 0 42421824 43.894642
-Trial 974 0 42421824 43.896368
-Trial 975 0 42421824 43.996129
-Trial 976 0 42421824 44.030643
-Trial 977 0 42421824 44.135710
-Trial 978 0 42421824 44.184798
-Trial 979 0 42421824 44.186373
-Trial 980 0 42421824 44.218811
-Trial 981 0 42421824 44.228152
-Trial 982 0 42421824 44.343362
-Trial 983 0 42421824 44.355310
-Trial 984 0 42421824 44.391510
-Trial 985 0 42421824 44.424867
-Trial 986 0 42421824 44.432706
-Trial 987 0 42421824 44.444414
-Trial 988 0 42421824 44.557439
-Trial 989 0 42421824 44.580607
-Trial 990 0 42421824 44.630254
-Trial 991 0 42421824 44.649510
-Trial 992 0 42421824 44.760415
-Trial 993 0 42421824 44.824603
-Trial 994 0 42421824 44.834858
-Trial 995 0 42421824 44.853341
-Trial 996 0 42421824 44.866206
-Trial 997 0 42421824 44.892413
-Trial 998 0 42421824 44.899017
-Trial 999 0 42421824 44.919736
-Trial 1000 0 42421824 44.920723
Population:
  1: 0_42421824
Run 1: Cost = 0_42421824, Time = 42.55 sec. 

Successes/Runs = 0/1 
Cost.min = 42421824, Cost.avg = 42421824.00, Cost.max = 42421824
Gap.min = 0.0000%, Gap.avg = 0.0000%, Gap.max = 0.0000%
Penalty.min = 0, Penalty.avg = 0.00, Penalty.max = 0
Trials.min = 1000, Trials.avg = 1000.0, Trials.max = 1000
Time.min = 42.55 sec., Time.avg = 42.55 sec., Time.max = 42.55 sec.
Time.total = 44.92 sec.
  Size.min = 10, Size.max = 37, Penalty = 0
  Cost.min = 548117, Cost.max = 3394322, Cost.sum = 42421824
Best CVRPTW solution:
  Cost = 0_42421824
463 1 371 85 84 29 123 219 192 363 492 261 171 186 77 134 432 491 218 128 338 200 243 385 367 223 444 387 89 195 133 483 107 503 490 58 417 125 64 74 315 384 154 38 141 324 249 407 345 471 52 435 147 182 253 262 144 510 35 137 362 443 142 306 23 56 94 55 198 26 180 466 470 271 207 386 126 25 17 411 13 39 370 267 37 225 516 350 45 346 157 209 313 228 231 47 353 14 181 241 354 445 185 138 115 213 22 11 378 388 72 352 425 66 356 197 59 431 266 92 196 156 418 442 517 280 132 239 43 332 149 91 307 240 113 424 441 230 269 143 361 397 349 103 322 334 226 251 321 438 496 292 93 372 518 454 499 61 447 376 222 248 461 485 234 296 168 80 328 414 152 75 433 410 487 166 335 78 162 79 220 177 32 309 8 15 355 448 229 506 67 494 139 201 333 118 480 69 294 140 108 455 360 298 458 259 104 381 481 416 409 508 286 96 117 71 337 459 42 60 87 428 187 4 2 258 159 429 399 505 57 131 341 493 390 408 167 302 30 95 305 347 331 33 217 497 279 474 110 284 375 111 109 348 308 210 88 148 190 511 179 467 501 129 254 194 165 160 291 121 519 276 400 351 290 323 373 232 68 10 264 486 214 216 73 112 127 44 468 453 456 236 427 24 130 500 51 205 512 146 97 477 310 464 178 238 465 268 62 300 53 193 221 208 426 336 514 20 46 174 189 170 404 403 393 124 462 329 396 342 19 188 273 339 235 199 423 389 395 406 237 369 31 301 365 70 382 7 304 476 312 507 28 374 449 27 401 402 440 175 469 206 242 105 122 293 327 311 303 359 398 421 49 498 5 246 86 90 172 422 412 520 82 263 145 98 244 54 394 164 457 161 211 317 452 81 297 169 436 420 316 183 513 153 252 233 451 287 41 495 272 215 295 120 405 318 3 314 116 212 204 484 48 16 419 119 437 21 158 260 299 379 36 515 203 83 257 274 275 340 270 488 326 366 76 101 173 330 18 357 184 509 289 191 472 245 344 283 320 439 100 176 278 415 380 256 391 265 12 364 343 473 34 247 502 383 163 114 40 282 250 99 413 6 65 482 106 150 288 136 430 224 50 281 460 325 446 358 9 255 368 227 202 319 504 377 135 102 155 392 151 479 450 475 489 63 285 478 434 277 463 
