PARAMETER_FILE = result/cvrptw_500/LKH_para/337.para
Reading PROBLEM_FILE: "result/cvrptw_500/cvrptw/337.cvrptw" ... done
ASCENT_CANDIDATES = 50
BACKBONE_TRIALS = 0
BACKTRACKING = NO
# BWTSP =
# CANDIDATE_FILE =
CANDIDATE_SET_TYPE = ALPHA
DEPOT = 1
# EDGE_FILE =
EXCESS = 0.0384615
EXTERNAL_SALESMEN = 0
EXTRA_CANDIDATES = 0 
EXTRA_CANDIDATE_SET_TYPE = QUADRANT
GAIN23 = NO
GAIN_CRITERION = YES
INITIAL_PERIOD = 520
INITIAL_STEP_SIZE = 1
INITIAL_TOUR_ALGORITHM = WALK
# INITIAL_TOUR_FILE = 
INITIAL_TOUR_FRACTION = 1.000
# INPUT_TOUR_FILE = 
KICK_TYPE = 4
KICKS = 1
# MAX_BREADTH =
MAKESPAN = NO
MAX_CANDIDATES = 5 
MAX_SWAPS = 0
MAX_TRIALS = 1000
# MERGE_TOUR_FILE =
MOVE_TYPE = 5 SPECIAL
MTSP_MIN_SIZE = 1
MTSP_MAX_SIZE = 1039
# MTSP_SOLUTION_FILE = 
# NONSEQUENTIAL_MOVE_TYPE = 5
# OPTIMUM =
# OUTPUT_TOUR_FILE = 
PATCHING_A = 1 
PATCHING_C = 0 
# PI_FILE = 
POPMUSIC_INITIAL_TOUR = NO
POPMUSIC_MAX_NEIGHBORS = 5
POPMUSIC_SAMPLE_SIZE = 10
POPMUSIC_SOLUTIONS = 50
POPMUSIC_TRIALS = 1
POPULATION_SIZE = 10
PRECISION = 100
PROBLEM_FILE = result/cvrptw_500/cvrptw/337.cvrptw
RECOMBINATION = IPT
RESTRICTED_SEARCH = YES
RUNS = 1
SALESMEN = 20
SCALE = 1
SEED = 1234
# SINTEF_SOLUTION_FILE = 
STOP_AT_OPTIMUM = YES
SUBGRADIENT = YES
# SUBPROBLEM_SIZE =
# SUBPROBLEM_TOUR_FILE = 
SUBSEQUENT_MOVE_TYPE = 5 SPECIAL
SUBSEQUENT_PATCHING = YES
# TIME_LIMIT =
# TOUR_FILE = 
TRACE_LEVEL = 1
VEHICLES = 20

Lower bound = 27185683.7, Ascent time = 2.37 sec.
Cand.min = 5, Cand.avg = 5.0, Cand.max = 5
Edges.fixed = 520 [Cost = 0]
Preprocessing time = 2.45 sec.
* 1: Cost = 98199_61627877, Time = 4.11 sec. 
-Trial 1 98199 61627877 6.565779
-Trial 2 98199 61627877 6.641071
* 3: Cost = 98199_60104273, Time = 4.82 sec. 
-Trial 3 98199 60104273 7.269390
-Trial 4 98199 60104273 7.408194
* 5: Cost = 98199_60029649, Time = 5.13 sec. 
-Trial 5 98199 60029649 7.585334
* 6: Cost = 98199_59731690, Time = 5.28 sec. 
-Trial 6 98199 59731690 7.729044
-Trial 7 98199 59731690 7.967633
-Trial 8 98199 59731690 8.027909
* 9: Cost = 98199_59715758, Time = 5.64 sec. 
-Trial 9 98199 59715758 8.093704
* 10: Cost = 98199_58856176, Time = 6.15 sec. 
-Trial 10 98199 58856176 8.596534
* 11: Cost = 56478_59222676, Time = 6.33 sec. 
-Trial 11 56478 59222676 8.779081
-Trial 12 56478 59222676 8.961528
-Trial 13 56478 59222676 9.034552
* 14: Cost = 56478_59144911, Time = 6.61 sec. 
-Trial 14 56478 59144911 9.062830
-Trial 15 56478 59144911 9.127314
-Trial 16 56478 59144911 9.133642
-Trial 17 56478 59144911 9.182927
* 18: Cost = 56478_58996464, Time = 6.84 sec. 
-Trial 18 56478 58996464 9.293787
* 19: Cost = 56478_58844459, Time = 7.06 sec. 
-Trial 19 56478 58844459 9.515917
-Trial 20 56478 58844459 9.516504
* 21: Cost = 56478_58791381, Time = 7.15 sec. 
-Trial 21 56478 58791381 9.605099
* 22: Cost = 56478_58724050, Time = 7.18 sec. 
-Trial 22 56478 58724050 9.631426
-Trial 23 56478 58724050 9.700044
-Trial 24 56478 58724050 9.782776
* 25: Cost = 56478_58710833, Time = 7.39 sec. 
-Trial 25 56478 58710833 9.842069
-Trial 26 56478 58710833 9.854895
* 27: Cost = 56478_58658815, Time = 7.82 sec. 
-Trial 27 56478 58658815 10.271299
-Trial 28 56478 58658815 10.351721
-Trial 29 56478 58658815 10.364436
* 30: Cost = 56478_57910690, Time = 8.09 sec. 
-Trial 30 56478 57910690 10.542649
-Trial 31 56478 57910690 10.548048
-Trial 32 56478 57910690 10.581842
* 33: Cost = 56478_57642433, Time = 8.21 sec. 
-Trial 33 56478 57642433 10.663944
* 34: Cost = 56478_56871738, Time = 8.28 sec. 
-Trial 34 56478 56871738 10.728307
-Trial 35 56478 56871738 10.734620
-Trial 36 56478 56871738 10.758229
-Trial 37 56478 56871738 10.897987
-Trial 38 56478 56871738 10.950157
-Trial 39 56478 56871738 11.010306
-Trial 40 56478 56871738 11.047144
-Trial 41 56478 56871738 11.107681
-Trial 42 56478 56871738 11.156690
-Trial 43 56478 56871738 11.244098
* 44: Cost = 56478_56801433, Time = 8.89 sec. 
-Trial 44 56478 56801433 11.344337
-Trial 45 56478 56801433 11.389159
* 46: Cost = 56478_56717522, Time = 8.96 sec. 
-Trial 46 56478 56717522 11.406646
* 47: Cost = 56478_56704884, Time = 9.05 sec. 
-Trial 47 56478 56704884 11.497313
* 48: Cost = 56478_56594391, Time = 9.13 sec. 
-Trial 48 56478 56594391 11.582444
* 49: Cost = 56478_56542789, Time = 9.33 sec. 
-Trial 49 56478 56542789 11.784854
* 50: Cost = 56478_56393329, Time = 9.40 sec. 
-Trial 50 56478 56393329 11.853092
-Trial 51 56478 56393329 11.933751
* 52: Cost = 56478_56298223, Time = 9.56 sec. 
-Trial 52 56478 56298223 12.010333
* 53: Cost = 56478_55975643, Time = 9.59 sec. 
-Trial 53 56478 55975643 12.042742
-Trial 54 56478 55975643 12.083889
* 55: Cost = 0_57317582, Time = 9.67 sec. 
-Trial 55 0 57317582 12.121982
* 56: Cost = 0_57114628, Time = 9.68 sec. 
-Trial 56 0 57114628 12.130824
-Trial 57 0 57114628 12.274191
* 58: Cost = 0_56954637, Time = 9.84 sec. 
-Trial 58 0 56954637 12.289067
* 59: Cost = 0_56927156, Time = 9.85 sec. 
-Trial 59 0 56927156 12.303961
* 60: Cost = 0_56887259, Time = 9.88 sec. 
-Trial 60 0 56887259 12.333827
-Trial 61 0 56887259 12.339161
-Trial 62 0 56887259 12.343333
-Trial 63 0 56887259 12.352784
* 64: Cost = 0_55972938, Time = 10.01 sec. 
-Trial 64 0 55972938 12.462104
-Trial 65 0 55972938 12.487386
-Trial 66 0 55972938 12.502576
-Trial 67 0 55972938 12.559677
-Trial 68 0 55972938 12.593780
-Trial 69 0 55972938 12.595989
* 70: Cost = 0_55793853, Time = 10.15 sec. 
-Trial 70 0 55793853 12.605567
-Trial 71 0 55793853 12.611019
-Trial 72 0 55793853 12.639609
-Trial 73 0 55793853 12.685435
-Trial 74 0 55793853 12.717668
-Trial 75 0 55793853 12.743870
* 76: Cost = 0_55711253, Time = 10.30 sec. 
-Trial 76 0 55711253 12.752017
-Trial 77 0 55711253 12.830404
-Trial 78 0 55711253 12.869517
-Trial 79 0 55711253 12.892747
-Trial 80 0 55711253 12.898715
* 81: Cost = 0_55647328, Time = 10.56 sec. 
-Trial 81 0 55647328 13.011177
* 82: Cost = 0_55636220, Time = 10.58 sec. 
-Trial 82 0 55636220 13.033105
-Trial 83 0 55636220 13.055359
* 84: Cost = 0_55630888, Time = 10.65 sec. 
-Trial 84 0 55630888 13.099003
-Trial 85 0 55630888 13.120069
* 86: Cost = 0_55619865, Time = 10.68 sec. 
-Trial 86 0 55619865 13.126750
-Trial 87 0 55619865 13.153687
-Trial 88 0 55619865 13.241532
-Trial 89 0 55619865 13.262679
-Trial 90 0 55619865 13.291903
* 91: Cost = 0_55519157, Time = 10.85 sec. 
-Trial 91 0 55519157 13.306031
-Trial 92 0 55519157 13.340163
-Trial 93 0 55519157 13.350994
-Trial 94 0 55519157 13.358871
-Trial 95 0 55519157 13.359472
-Trial 96 0 55519157 13.367764
* 97: Cost = 0_55445296, Time = 10.93 sec. 
-Trial 97 0 55445296 13.381698
* 98: Cost = 0_55397482, Time = 10.94 sec. 
-Trial 98 0 55397482 13.389480
* 99: Cost = 0_55249782, Time = 11.02 sec. 
-Trial 99 0 55249782 13.469925
-Trial 100 0 55249782 13.470741
-Trial 101 0 55249782 13.483970
-Trial 102 0 55249782 13.491338
* 103: Cost = 0_54922938, Time = 11.14 sec. 
-Trial 103 0 54922938 13.588450
-Trial 104 0 54922938 13.667418
-Trial 105 0 54922938 13.869689
-Trial 106 0 54922938 13.883794
* 107: Cost = 0_54850382, Time = 11.45 sec. 
-Trial 107 0 54850382 13.906433
* 108: Cost = 0_54614094, Time = 11.51 sec. 
-Trial 108 0 54614094 13.958245
* 109: Cost = 0_54552409, Time = 11.60 sec. 
-Trial 109 0 54552409 14.052929
-Trial 110 0 54552409 14.069269
-Trial 111 0 54552409 14.088955
-Trial 112 0 54552409 14.164132
* 113: Cost = 0_54261875, Time = 11.76 sec. 
-Trial 113 0 54261875 14.206598
-Trial 114 0 54261875 14.212893
-Trial 115 0 54261875 14.249646
-Trial 116 0 54261875 14.253588
-Trial 117 0 54261875 14.313597
* 118: Cost = 0_54122104, Time = 11.87 sec. 
-Trial 118 0 54122104 14.323855
-Trial 119 0 54122104 14.332774
-Trial 120 0 54122104 14.353803
* 121: Cost = 0_54002383, Time = 11.91 sec. 
-Trial 121 0 54002383 14.361720
-Trial 122 0 54002383 14.373236
-Trial 123 0 54002383 14.404320
* 124: Cost = 0_53951289, Time = 11.97 sec. 
-Trial 124 0 53951289 14.417668
* 125: Cost = 0_53889679, Time = 11.98 sec. 
-Trial 125 0 53889679 14.431395
-Trial 126 0 53889679 14.475573
-Trial 127 0 53889679 14.477578
-Trial 128 0 53889679 14.487960
-Trial 129 0 53889679 14.499090
-Trial 130 0 53889679 14.530526
-Trial 131 0 53889679 14.565496
* 132: Cost = 0_53820881, Time = 12.12 sec. 
-Trial 132 0 53820881 14.569586
-Trial 133 0 53820881 14.582158
* 134: Cost = 0_53753358, Time = 12.19 sec. 
-Trial 134 0 53753358 14.640746
-Trial 135 0 53753358 14.660724
* 136: Cost = 0_53716981, Time = 12.22 sec. 
-Trial 136 0 53716981 14.670487
-Trial 137 0 53716981 14.699504
-Trial 138 0 53716981 14.704438
-Trial 139 0 53716981 14.715485
-Trial 140 0 53716981 14.730166
-Trial 141 0 53716981 14.738152
-Trial 142 0 53716981 14.759367
* 143: Cost = 0_53617510, Time = 12.32 sec. 
-Trial 143 0 53617510 14.768319
-Trial 144 0 53617510 14.798332
* 145: Cost = 0_53580804, Time = 12.35 sec. 
-Trial 145 0 53580804 14.801730
-Trial 146 0 53580804 14.827188
-Trial 147 0 53580804 14.874594
-Trial 148 0 53580804 14.878644
-Trial 149 0 53580804 14.893183
-Trial 150 0 53580804 14.906702
-Trial 151 0 53580804 14.926324
-Trial 152 0 53580804 14.943155
* 153: Cost = 0_53553775, Time = 12.50 sec. 
-Trial 153 0 53553775 14.953980
-Trial 154 0 53553775 14.967335
-Trial 155 0 53553775 14.987060
-Trial 156 0 53553775 14.995514
-Trial 157 0 53553775 14.998316
* 158: Cost = 0_53540921, Time = 12.55 sec. 
-Trial 158 0 53540921 15.003548
* 159: Cost = 0_53299539, Time = 12.57 sec. 
-Trial 159 0 53299539 15.025289
-Trial 160 0 53299539 15.078006
-Trial 161 0 53299539 15.124646
-Trial 162 0 53299539 15.128176
-Trial 163 0 53299539 15.185011
-Trial 164 0 53299539 15.239712
-Trial 165 0 53299539 15.345957
-Trial 166 0 53299539 15.360064
-Trial 167 0 53299539 15.363412
-Trial 168 0 53299539 15.370337
-Trial 169 0 53299539 15.409948
* 170: Cost = 0_53249417, Time = 12.99 sec. 
-Trial 170 0 53249417 15.438903
* 171: Cost = 0_53180768, Time = 13.01 sec. 
-Trial 171 0 53180768 15.463298
-Trial 172 0 53180768 15.766494
* 173: Cost = 0_53129313, Time = 13.38 sec. 
-Trial 173 0 53129313 15.835256
-Trial 174 0 53129313 15.862201
-Trial 175 0 53129313 15.876077
-Trial 176 0 53129313 15.915500
-Trial 177 0 53129313 16.045945
-Trial 178 0 53129313 16.097625
* 179: Cost = 0_53073971, Time = 13.78 sec. 
-Trial 179 0 53073971 16.230512
-Trial 180 0 53073971 16.251722
* 181: Cost = 0_53067748, Time = 13.82 sec. 
-Trial 181 0 53067748 16.267317
-Trial 182 0 53067748 16.340743
* 183: Cost = 0_53034988, Time = 13.97 sec. 
-Trial 183 0 53034988 16.425691
-Trial 184 0 53034988 16.451621
-Trial 185 0 53034988 16.469345
-Trial 186 0 53034988 16.555460
-Trial 187 0 53034988 16.595406
-Trial 188 0 53034988 16.622496
* 189: Cost = 0_52822184, Time = 14.18 sec. 
-Trial 189 0 52822184 16.631728
-Trial 190 0 52822184 16.633363
* 191: Cost = 0_52774072, Time = 14.23 sec. 
-Trial 191 0 52774072 16.677363
-Trial 192 0 52774072 16.694338
-Trial 193 0 52774072 16.705784
-Trial 194 0 52774072 16.731260
-Trial 195 0 52774072 16.734577
-Trial 196 0 52774072 16.752053
-Trial 197 0 52774072 16.757348
-Trial 198 0 52774072 16.763049
-Trial 199 0 52774072 16.798673
* 200: Cost = 0_52750536, Time = 14.36 sec. 
-Trial 200 0 52750536 16.806810
-Trial 201 0 52750536 16.854457
-Trial 202 0 52750536 16.864687
-Trial 203 0 52750536 16.870035
-Trial 204 0 52750536 16.889359
-Trial 205 0 52750536 16.910950
-Trial 206 0 52750536 16.927979
-Trial 207 0 52750536 16.946309
-Trial 208 0 52750536 16.965137
-Trial 209 0 52750536 16.978852
-Trial 210 0 52750536 16.983041
-Trial 211 0 52750536 17.004253
-Trial 212 0 52750536 17.012713
-Trial 213 0 52750536 17.048717
-Trial 214 0 52750536 17.065799
-Trial 215 0 52750536 17.136997
-Trial 216 0 52750536 17.148585
-Trial 217 0 52750536 17.227046
-Trial 218 0 52750536 17.236966
-Trial 219 0 52750536 17.245368
-Trial 220 0 52750536 17.358255
-Trial 221 0 52750536 17.374303
-Trial 222 0 52750536 17.383751
-Trial 223 0 52750536 17.412898
* 224: Cost = 0_52729277, Time = 15.00 sec. 
-Trial 224 0 52729277 17.448365
-Trial 225 0 52729277 17.493806
-Trial 226 0 52729277 17.509420
-Trial 227 0 52729277 17.520699
-Trial 228 0 52729277 17.527080
-Trial 229 0 52729277 17.552690
-Trial 230 0 52729277 17.561245
-Trial 231 0 52729277 17.573631
-Trial 232 0 52729277 17.577534
-Trial 233 0 52729277 17.676555
-Trial 234 0 52729277 17.684147
-Trial 235 0 52729277 17.700705
-Trial 236 0 52729277 17.714046
-Trial 237 0 52729277 17.734591
* 238: Cost = 0_52684673, Time = 15.30 sec. 
-Trial 238 0 52684673 17.747159
-Trial 239 0 52684673 17.754242
-Trial 240 0 52684673 17.766543
* 241: Cost = 0_52666167, Time = 15.33 sec. 
-Trial 241 0 52666167 17.783050
-Trial 242 0 52666167 17.789218
-Trial 243 0 52666167 17.789861
-Trial 244 0 52666167 17.833819
-Trial 245 0 52666167 17.837508
-Trial 246 0 52666167 17.854894
-Trial 247 0 52666167 17.898950
-Trial 248 0 52666167 17.935065
-Trial 249 0 52666167 17.942546
-Trial 250 0 52666167 17.953361
-Trial 251 0 52666167 17.977093
* 252: Cost = 0_52657624, Time = 15.54 sec. 
-Trial 252 0 52657624 17.987466
-Trial 253 0 52657624 18.018360
-Trial 254 0 52657624 18.116683
-Trial 255 0 52657624 18.126190
-Trial 256 0 52657624 18.236079
-Trial 257 0 52657624 18.244294
-Trial 258 0 52657624 18.258633
-Trial 259 0 52657624 18.302395
-Trial 260 0 52657624 18.305959
-Trial 261 0 52657624 18.325242
-Trial 262 0 52657624 18.353379
-Trial 263 0 52657624 18.356344
-Trial 264 0 52657624 18.428425
-Trial 265 0 52657624 18.494154
-Trial 266 0 52657624 18.503714
-Trial 267 0 52657624 18.516253
-Trial 268 0 52657624 18.535061
-Trial 269 0 52657624 18.535487
-Trial 270 0 52657624 18.558419
-Trial 271 0 52657624 18.566631
-Trial 272 0 52657624 18.578622
-Trial 273 0 52657624 18.587387
-Trial 274 0 52657624 18.661846
-Trial 275 0 52657624 18.683044
-Trial 276 0 52657624 18.732614
-Trial 277 0 52657624 18.743245
-Trial 278 0 52657624 18.791669
-Trial 279 0 52657624 18.817793
-Trial 280 0 52657624 18.846400
-Trial 281 0 52657624 18.889222
* 282: Cost = 0_52639164, Time = 16.55 sec. 
-Trial 282 0 52639164 19.001326
-Trial 283 0 52639164 19.036040
-Trial 284 0 52639164 19.055295
-Trial 285 0 52639164 19.117309
-Trial 286 0 52639164 19.129980
-Trial 287 0 52639164 19.151841
-Trial 288 0 52639164 19.281026
-Trial 289 0 52639164 19.340543
-Trial 290 0 52639164 19.341196
-Trial 291 0 52639164 19.348609
-Trial 292 0 52639164 19.353467
-Trial 293 0 52639164 19.363417
-Trial 294 0 52639164 19.375679
-Trial 295 0 52639164 19.376192
-Trial 296 0 52639164 19.389758
-Trial 297 0 52639164 19.444259
-Trial 298 0 52639164 19.572540
-Trial 299 0 52639164 19.612922
-Trial 300 0 52639164 19.618112
-Trial 301 0 52639164 19.657959
-Trial 302 0 52639164 19.731043
-Trial 303 0 52639164 19.742157
-Trial 304 0 52639164 19.769667
-Trial 305 0 52639164 19.780176
-Trial 306 0 52639164 19.792855
-Trial 307 0 52639164 19.810243
-Trial 308 0 52639164 19.817471
-Trial 309 0 52639164 19.831829
-Trial 310 0 52639164 19.851024
* 311: Cost = 0_52541327, Time = 17.43 sec. 
-Trial 311 0 52541327 19.884452
-Trial 312 0 52541327 19.944996
-Trial 313 0 52541327 19.969510
-Trial 314 0 52541327 19.984138
-Trial 315 0 52541327 20.080623
-Trial 316 0 52541327 20.084552
* 317: Cost = 0_52540038, Time = 17.64 sec. 
-Trial 317 0 52540038 20.091817
-Trial 318 0 52540038 20.102379
-Trial 319 0 52540038 20.108757
-Trial 320 0 52540038 20.134476
-Trial 321 0 52540038 20.180571
-Trial 322 0 52540038 20.197365
-Trial 323 0 52540038 20.228888
-Trial 324 0 52540038 20.230213
-Trial 325 0 52540038 20.451041
-Trial 326 0 52540038 20.469737
-Trial 327 0 52540038 20.485096
-Trial 328 0 52540038 20.535622
-Trial 329 0 52540038 20.541439
-Trial 330 0 52540038 20.564195
-Trial 331 0 52540038 20.666351
-Trial 332 0 52540038 20.799654
-Trial 333 0 52540038 20.810589
-Trial 334 0 52540038 20.891540
-Trial 335 0 52540038 20.908300
-Trial 336 0 52540038 20.909699
-Trial 337 0 52540038 20.911586
-Trial 338 0 52540038 20.921088
-Trial 339 0 52540038 20.933869
-Trial 340 0 52540038 20.934894
-Trial 341 0 52540038 20.939706
-Trial 342 0 52540038 20.949580
-Trial 343 0 52540038 20.955670
-Trial 344 0 52540038 21.060633
-Trial 345 0 52540038 21.084354
-Trial 346 0 52540038 21.346194
-Trial 347 0 52540038 21.349016
-Trial 348 0 52540038 21.354254
-Trial 349 0 52540038 21.362568
-Trial 350 0 52540038 21.370035
-Trial 351 0 52540038 21.384381
-Trial 352 0 52540038 21.396400
-Trial 353 0 52540038 21.400603
* 354: Cost = 0_52502982, Time = 19.10 sec. 
-Trial 354 0 52502982 21.551357
-Trial 355 0 52502982 21.561298
* 356: Cost = 0_52477208, Time = 19.21 sec. 
-Trial 356 0 52477208 21.657599
-Trial 357 0 52477208 21.670458
-Trial 358 0 52477208 21.676372
-Trial 359 0 52477208 21.737643
-Trial 360 0 52477208 21.747719
-Trial 361 0 52477208 21.759601
* 362: Cost = 0_52421179, Time = 19.32 sec. 
-Trial 362 0 52421179 21.776124
-Trial 363 0 52421179 21.798695
-Trial 364 0 52421179 21.813855
-Trial 365 0 52421179 21.857953
-Trial 366 0 52421179 21.864409
-Trial 367 0 52421179 22.011486
-Trial 368 0 52421179 22.056990
-Trial 369 0 52421179 22.098083
-Trial 370 0 52421179 22.112354
-Trial 371 0 52421179 22.118440
-Trial 372 0 52421179 22.120661
-Trial 373 0 52421179 22.125553
-Trial 374 0 52421179 22.129606
-Trial 375 0 52421179 22.136037
-Trial 376 0 52421179 22.141380
-Trial 377 0 52421179 22.271093
-Trial 378 0 52421179 22.273677
-Trial 379 0 52421179 22.281663
-Trial 380 0 52421179 22.335950
-Trial 381 0 52421179 22.402360
* 382: Cost = 0_52341958, Time = 20.01 sec. 
-Trial 382 0 52341958 22.460599
* 383: Cost = 0_52312390, Time = 20.04 sec. 
-Trial 383 0 52312390 22.490456
* 384: Cost = 0_52280732, Time = 20.05 sec. 
-Trial 384 0 52280732 22.499530
-Trial 385 0 52280732 22.510245
-Trial 386 0 52280732 22.510804
-Trial 387 0 52280732 22.553883
-Trial 388 0 52280732 22.555824
-Trial 389 0 52280732 22.559518
-Trial 390 0 52280732 22.582957
-Trial 391 0 52280732 22.595873
-Trial 392 0 52280732 22.629267
-Trial 393 0 52280732 22.741360
* 394: Cost = 0_52278856, Time = 20.30 sec. 
-Trial 394 0 52278856 22.751463
-Trial 395 0 52278856 22.789469
* 396: Cost = 0_52142180, Time = 20.41 sec. 
-Trial 396 0 52142180 22.862909
-Trial 397 0 52142180 22.874289
-Trial 398 0 52142180 22.885288
-Trial 399 0 52142180 23.190688
-Trial 400 0 52142180 23.194994
* 401: Cost = 0_52137935, Time = 20.79 sec. 
-Trial 401 0 52137935 23.240164
-Trial 402 0 52137935 23.247093
-Trial 403 0 52137935 23.260976
-Trial 404 0 52137935 23.291608
-Trial 405 0 52137935 23.504224
* 406: Cost = 0_52108429, Time = 21.07 sec. 
-Trial 406 0 52108429 23.517049
-Trial 407 0 52108429 23.524033
-Trial 408 0 52108429 23.578001
-Trial 409 0 52108429 23.599275
-Trial 410 0 52108429 23.616479
-Trial 411 0 52108429 23.629753
* 412: Cost = 0_52011276, Time = 21.20 sec. 
-Trial 412 0 52011276 23.648086
* 413: Cost = 0_51903176, Time = 21.22 sec. 
-Trial 413 0 51903176 23.669907
-Trial 414 0 51903176 23.787073
-Trial 415 0 51903176 23.798943
-Trial 416 0 51903176 23.830492
-Trial 417 0 51903176 23.873170
* 418: Cost = 0_51835972, Time = 21.45 sec. 
-Trial 418 0 51835972 23.904378
-Trial 419 0 51835972 24.017242
-Trial 420 0 51835972 24.032547
-Trial 421 0 51835972 24.045244
-Trial 422 0 51835972 24.059217
-Trial 423 0 51835972 24.069929
-Trial 424 0 51835972 24.089642
-Trial 425 0 51835972 24.133290
-Trial 426 0 51835972 24.168050
* 427: Cost = 0_51829902, Time = 21.83 sec. 
-Trial 427 0 51829902 24.277465
-Trial 428 0 51829902 24.336401
-Trial 429 0 51829902 24.354777
-Trial 430 0 51829902 24.385546
-Trial 431 0 51829902 24.392115
-Trial 432 0 51829902 24.428895
-Trial 433 0 51829902 24.439028
-Trial 434 0 51829902 24.735039
-Trial 435 0 51829902 24.758998
-Trial 436 0 51829902 24.791474
-Trial 437 0 51829902 24.813051
-Trial 438 0 51829902 24.837268
-Trial 439 0 51829902 24.847169
-Trial 440 0 51829902 24.902235
-Trial 441 0 51829902 24.913844
* 442: Cost = 0_51821923, Time = 22.48 sec. 
-Trial 442 0 51821923 24.934178
-Trial 443 0 51821923 24.981427
-Trial 444 0 51821923 25.087116
-Trial 445 0 51821923 25.132558
-Trial 446 0 51821923 25.138942
-Trial 447 0 51821923 25.147604
-Trial 448 0 51821923 25.159863
-Trial 449 0 51821923 25.179366
* 450: Cost = 0_51799232, Time = 22.80 sec. 
-Trial 450 0 51799232 25.255132
* 451: Cost = 0_51774715, Time = 22.93 sec. 
-Trial 451 0 51774715 25.381943
-Trial 452 0 51774715 25.422822
-Trial 453 0 51774715 25.429286
-Trial 454 0 51774715 25.430091
* 455: Cost = 0_51752830, Time = 22.99 sec. 
-Trial 455 0 51752830 25.442540
-Trial 456 0 51752830 25.446528
-Trial 457 0 51752830 25.471360
-Trial 458 0 51752830 25.499507
-Trial 459 0 51752830 25.681282
-Trial 460 0 51752830 25.707155
-Trial 461 0 51752830 25.742754
-Trial 462 0 51752830 25.746929
-Trial 463 0 51752830 25.769322
-Trial 464 0 51752830 25.848819
-Trial 465 0 51752830 25.874495
-Trial 466 0 51752830 25.888621
-Trial 467 0 51752830 25.951558
-Trial 468 0 51752830 25.952085
-Trial 469 0 51752830 25.967090
-Trial 470 0 51752830 25.982870
-Trial 471 0 51752830 25.992803
-Trial 472 0 51752830 26.041401
-Trial 473 0 51752830 26.079513
* 474: Cost = 0_51639878, Time = 23.66 sec. 
-Trial 474 0 51639878 26.114710
-Trial 475 0 51639878 26.117149
* 476: Cost = 0_51601463, Time = 23.74 sec. 
-Trial 476 0 51601463 26.195878
-Trial 477 0 51601463 26.205684
* 478: Cost = 0_51549796, Time = 23.81 sec. 
-Trial 478 0 51549796 26.262850
-Trial 479 0 51549796 26.306589
-Trial 480 0 51549796 26.318236
-Trial 481 0 51549796 26.340150
-Trial 482 0 51549796 26.379321
-Trial 483 0 51549796 26.401651
-Trial 484 0 51549796 26.440709
-Trial 485 0 51549796 26.509697
-Trial 486 0 51549796 26.623414
-Trial 487 0 51549796 26.627765
-Trial 488 0 51549796 26.691321
-Trial 489 0 51549796 26.694405
-Trial 490 0 51549796 26.701967
-Trial 491 0 51549796 27.200851
-Trial 492 0 51549796 27.310013
-Trial 493 0 51549796 27.374241
-Trial 494 0 51549796 27.376580
-Trial 495 0 51549796 27.413835
-Trial 496 0 51549796 27.443215
-Trial 497 0 51549796 27.574893
-Trial 498 0 51549796 27.576354
-Trial 499 0 51549796 27.584734
-Trial 500 0 51549796 27.586825
-Trial 501 0 51549796 27.591060
-Trial 502 0 51549796 27.657308
-Trial 503 0 51549796 27.691550
* 504: Cost = 0_51520824, Time = 25.28 sec. 
-Trial 504 0 51520824 27.731705
-Trial 505 0 51520824 27.833406
-Trial 506 0 51520824 27.918738
-Trial 507 0 51520824 27.930629
-Trial 508 0 51520824 27.945602
-Trial 509 0 51520824 27.956620
-Trial 510 0 51520824 27.963840
-Trial 511 0 51520824 27.971163
-Trial 512 0 51520824 27.976999
-Trial 513 0 51520824 28.019832
-Trial 514 0 51520824 28.029034
-Trial 515 0 51520824 28.040637
* 516: Cost = 0_51511401, Time = 25.61 sec. 
-Trial 516 0 51511401 28.063172
-Trial 517 0 51511401 28.133479
-Trial 518 0 51511401 28.313407
-Trial 519 0 51511401 28.332467
-Trial 520 0 51511401 28.344881
-Trial 521 0 51511401 28.360279
-Trial 522 0 51511401 28.383718
* 523: Cost = 0_51507848, Time = 25.94 sec. 
-Trial 523 0 51507848 28.396335
-Trial 524 0 51507848 28.448672
-Trial 525 0 51507848 28.453491
-Trial 526 0 51507848 28.471352
-Trial 527 0 51507848 28.472092
-Trial 528 0 51507848 28.475883
-Trial 529 0 51507848 28.479526
-Trial 530 0 51507848 28.558494
-Trial 531 0 51507848 28.597635
-Trial 532 0 51507848 28.602018
-Trial 533 0 51507848 28.646115
-Trial 534 0 51507848 28.661590
-Trial 535 0 51507848 28.667297
-Trial 536 0 51507848 28.678605
-Trial 537 0 51507848 28.712429
-Trial 538 0 51507848 28.757406
-Trial 539 0 51507848 28.761766
* 540: Cost = 0_51485420, Time = 26.32 sec. 
-Trial 540 0 51485420 28.774709
-Trial 541 0 51485420 28.807753
-Trial 542 0 51485420 28.833242
-Trial 543 0 51485420 28.919803
-Trial 544 0 51485420 29.141995
-Trial 545 0 51485420 29.154305
-Trial 546 0 51485420 29.165289
-Trial 547 0 51485420 29.181504
-Trial 548 0 51485420 29.221553
-Trial 549 0 51485420 29.238509
-Trial 550 0 51485420 29.264965
-Trial 551 0 51485420 29.301993
-Trial 552 0 51485420 29.302677
-Trial 553 0 51485420 29.331909
-Trial 554 0 51485420 29.332645
-Trial 555 0 51485420 29.344682
-Trial 556 0 51485420 29.413011
-Trial 557 0 51485420 29.427635
-Trial 558 0 51485420 29.453254
-Trial 559 0 51485420 29.487345
-Trial 560 0 51485420 29.544857
-Trial 561 0 51485420 29.547576
* 562: Cost = 0_51410955, Time = 27.11 sec. 
-Trial 562 0 51410955 29.560610
-Trial 563 0 51410955 29.568663
-Trial 564 0 51410955 29.583219
-Trial 565 0 51410955 29.608372
-Trial 566 0 51410955 29.616055
-Trial 567 0 51410955 29.632124
-Trial 568 0 51410955 29.661582
-Trial 569 0 51410955 29.824064
-Trial 570 0 51410955 29.923604
-Trial 571 0 51410955 29.965433
-Trial 572 0 51410955 29.983851
-Trial 573 0 51410955 30.022329
-Trial 574 0 51410955 30.034273
-Trial 575 0 51410955 30.083050
-Trial 576 0 51410955 30.092026
-Trial 577 0 51410955 30.143219
-Trial 578 0 51410955 30.303562
-Trial 579 0 51410955 30.387713
-Trial 580 0 51410955 30.399863
-Trial 581 0 51410955 30.460059
-Trial 582 0 51410955 30.645238
-Trial 583 0 51410955 31.022988
-Trial 584 0 51410955 31.072435
-Trial 585 0 51410955 31.095916
-Trial 586 0 51410955 31.117948
-Trial 587 0 51410955 31.234561
-Trial 588 0 51410955 31.245176
-Trial 589 0 51410955 31.261206
* 590: Cost = 0_51403685, Time = 28.84 sec. 
-Trial 590 0 51403685 31.290743
-Trial 591 0 51403685 31.317319
-Trial 592 0 51403685 31.328030
-Trial 593 0 51403685 31.363504
-Trial 594 0 51403685 31.366441
-Trial 595 0 51403685 31.741293
-Trial 596 0 51403685 31.813464
-Trial 597 0 51403685 31.851266
-Trial 598 0 51403685 31.859155
-Trial 599 0 51403685 31.918434
-Trial 600 0 51403685 31.940035
* 601: Cost = 0_51336902, Time = 29.49 sec. 
-Trial 601 0 51336902 31.944031
-Trial 602 0 51336902 31.965039
-Trial 603 0 51336902 32.019047
-Trial 604 0 51336902 32.087771
-Trial 605 0 51336902 32.099030
-Trial 606 0 51336902 32.146119
-Trial 607 0 51336902 32.178889
-Trial 608 0 51336902 32.226104
-Trial 609 0 51336902 32.234255
-Trial 610 0 51336902 32.255834
-Trial 611 0 51336902 32.290954
-Trial 612 0 51336902 32.317399
-Trial 613 0 51336902 32.326274
-Trial 614 0 51336902 32.342695
-Trial 615 0 51336902 32.367879
-Trial 616 0 51336902 32.374788
-Trial 617 0 51336902 32.389158
-Trial 618 0 51336902 32.401434
-Trial 619 0 51336902 32.455009
-Trial 620 0 51336902 32.461696
-Trial 621 0 51336902 32.463027
-Trial 622 0 51336902 32.467965
-Trial 623 0 51336902 32.596513
-Trial 624 0 51336902 32.679603
-Trial 625 0 51336902 32.714234
-Trial 626 0 51336902 32.740232
-Trial 627 0 51336902 32.753637
-Trial 628 0 51336902 32.760627
-Trial 629 0 51336902 32.772879
-Trial 630 0 51336902 32.781462
-Trial 631 0 51336902 32.814490
-Trial 632 0 51336902 32.920972
-Trial 633 0 51336902 32.925651
-Trial 634 0 51336902 32.937517
-Trial 635 0 51336902 32.965688
-Trial 636 0 51336902 32.967980
-Trial 637 0 51336902 33.011759
-Trial 638 0 51336902 33.053642
-Trial 639 0 51336902 33.079947
-Trial 640 0 51336902 33.138173
-Trial 641 0 51336902 33.152496
-Trial 642 0 51336902 33.193790
-Trial 643 0 51336902 33.255026
-Trial 644 0 51336902 33.276511
-Trial 645 0 51336902 33.301474
-Trial 646 0 51336902 33.305312
-Trial 647 0 51336902 33.323153
-Trial 648 0 51336902 33.433466
-Trial 649 0 51336902 33.483196
-Trial 650 0 51336902 33.592624
-Trial 651 0 51336902 33.594871
-Trial 652 0 51336902 33.607666
-Trial 653 0 51336902 33.635640
-Trial 654 0 51336902 33.657154
-Trial 655 0 51336902 33.669053
-Trial 656 0 51336902 33.673718
-Trial 657 0 51336902 33.674775
* 658: Cost = 0_51265418, Time = 31.23 sec. 
-Trial 658 0 51265418 33.683323
-Trial 659 0 51265418 33.698639
-Trial 660 0 51265418 33.803033
-Trial 661 0 51265418 33.866206
-Trial 662 0 51265418 33.874916
-Trial 663 0 51265418 33.910294
-Trial 664 0 51265418 33.919068
-Trial 665 0 51265418 33.950530
-Trial 666 0 51265418 33.952358
-Trial 667 0 51265418 33.976698
-Trial 668 0 51265418 34.013763
-Trial 669 0 51265418 34.026415
-Trial 670 0 51265418 34.070037
* 671: Cost = 0_51174951, Time = 31.62 sec. 
-Trial 671 0 51174951 34.072485
-Trial 672 0 51174951 34.093448
-Trial 673 0 51174951 34.121162
-Trial 674 0 51174951 34.213706
-Trial 675 0 51174951 34.222488
-Trial 676 0 51174951 34.235280
-Trial 677 0 51174951 34.262427
-Trial 678 0 51174951 34.264952
-Trial 679 0 51174951 34.272548
-Trial 680 0 51174951 34.298199
-Trial 681 0 51174951 34.340496
-Trial 682 0 51174951 34.357135
-Trial 683 0 51174951 34.378495
-Trial 684 0 51174951 34.390019
-Trial 685 0 51174951 34.405627
-Trial 686 0 51174951 34.413646
-Trial 687 0 51174951 34.439274
-Trial 688 0 51174951 34.472432
-Trial 689 0 51174951 34.579065
-Trial 690 0 51174951 34.639926
-Trial 691 0 51174951 34.646519
-Trial 692 0 51174951 34.655957
-Trial 693 0 51174951 34.664293
-Trial 694 0 51174951 34.696988
-Trial 695 0 51174951 34.715495
-Trial 696 0 51174951 34.731821
* 697: Cost = 0_51161928, Time = 32.29 sec. 
-Trial 697 0 51161928 34.739480
-Trial 698 0 51161928 34.749834
-Trial 699 0 51161928 34.757603
-Trial 700 0 51161928 34.786063
-Trial 701 0 51161928 34.850569
-Trial 702 0 51161928 34.862285
-Trial 703 0 51161928 34.881627
* 704: Cost = 0_51039813, Time = 32.45 sec. 
-Trial 704 0 51039813 34.897269
-Trial 705 0 51039813 34.947877
-Trial 706 0 51039813 34.950094
-Trial 707 0 51039813 34.987077
-Trial 708 0 51039813 35.029047
-Trial 709 0 51039813 35.030381
-Trial 710 0 51039813 35.045361
-Trial 711 0 51039813 35.057751
-Trial 712 0 51039813 35.095932
-Trial 713 0 51039813 35.118063
-Trial 714 0 51039813 35.127260
-Trial 715 0 51039813 35.134141
-Trial 716 0 51039813 35.190151
-Trial 717 0 51039813 35.227208
-Trial 718 0 51039813 35.242832
-Trial 719 0 51039813 35.252315
-Trial 720 0 51039813 35.318546
-Trial 721 0 51039813 35.358681
-Trial 722 0 51039813 35.371396
-Trial 723 0 51039813 35.380904
-Trial 724 0 51039813 35.425879
-Trial 725 0 51039813 35.435991
-Trial 726 0 51039813 35.442360
-Trial 727 0 51039813 35.446129
-Trial 728 0 51039813 35.496495
-Trial 729 0 51039813 35.576008
-Trial 730 0 51039813 35.603962
-Trial 731 0 51039813 35.658414
-Trial 732 0 51039813 35.669851
-Trial 733 0 51039813 35.726744
-Trial 734 0 51039813 35.748256
-Trial 735 0 51039813 35.780163
-Trial 736 0 51039813 36.013035
-Trial 737 0 51039813 36.225404
-Trial 738 0 51039813 36.331520
-Trial 739 0 51039813 36.346492
-Trial 740 0 51039813 36.362626
-Trial 741 0 51039813 36.368565
-Trial 742 0 51039813 36.386616
-Trial 743 0 51039813 36.397815
-Trial 744 0 51039813 36.412323
-Trial 745 0 51039813 36.425621
-Trial 746 0 51039813 36.471225
-Trial 747 0 51039813 36.494895
-Trial 748 0 51039813 36.623776
* 749: Cost = 0_51023671, Time = 34.19 sec. 
-Trial 749 0 51023671 36.640977
-Trial 750 0 51023671 36.647355
-Trial 751 0 51023671 36.713921
-Trial 752 0 51023671 36.718945
-Trial 753 0 51023671 36.723175
-Trial 754 0 51023671 36.781478
* 755: Cost = 0_50973030, Time = 34.35 sec. 
-Trial 755 0 50973030 36.800694
-Trial 756 0 50973030 36.839429
-Trial 757 0 50973030 36.844450
-Trial 758 0 50973030 36.973641
-Trial 759 0 50973030 36.981680
-Trial 760 0 50973030 37.008016
-Trial 761 0 50973030 37.015909
-Trial 762 0 50973030 37.020287
-Trial 763 0 50973030 37.058620
-Trial 764 0 50973030 37.154969
-Trial 765 0 50973030 37.164713
-Trial 766 0 50973030 37.179084
-Trial 767 0 50973030 37.260901
-Trial 768 0 50973030 37.281208
-Trial 769 0 50973030 37.336647
-Trial 770 0 50973030 37.357767
-Trial 771 0 50973030 37.364452
-Trial 772 0 50973030 37.403575
-Trial 773 0 50973030 37.435005
-Trial 774 0 50973030 37.521480
-Trial 775 0 50973030 37.534770
-Trial 776 0 50973030 37.731669
-Trial 777 0 50973030 37.831508
-Trial 778 0 50973030 37.869467
-Trial 779 0 50973030 37.875490
-Trial 780 0 50973030 37.892801
-Trial 781 0 50973030 37.925105
-Trial 782 0 50973030 37.955965
-Trial 783 0 50973030 37.983444
-Trial 784 0 50973030 37.993387
-Trial 785 0 50973030 38.015576
-Trial 786 0 50973030 38.041896
-Trial 787 0 50973030 38.049480
-Trial 788 0 50973030 38.057633
-Trial 789 0 50973030 38.077809
-Trial 790 0 50973030 38.097437
-Trial 791 0 50973030 38.117658
-Trial 792 0 50973030 38.122005
-Trial 793 0 50973030 38.145778
-Trial 794 0 50973030 38.156758
-Trial 795 0 50973030 38.178663
-Trial 796 0 50973030 38.181879
-Trial 797 0 50973030 38.185434
-Trial 798 0 50973030 38.237033
-Trial 799 0 50973030 38.280940
* 800: Cost = 0_50963463, Time = 35.84 sec. 
-Trial 800 0 50963463 38.286999
-Trial 801 0 50963463 38.289128
-Trial 802 0 50963463 38.356151
-Trial 803 0 50963463 38.362725
-Trial 804 0 50963463 38.372376
-Trial 805 0 50963463 38.417374
-Trial 806 0 50963463 38.431654
-Trial 807 0 50963463 38.437134
-Trial 808 0 50963463 38.465232
-Trial 809 0 50963463 38.482191
-Trial 810 0 50963463 38.600471
-Trial 811 0 50963463 38.633983
-Trial 812 0 50963463 38.660601
-Trial 813 0 50963463 38.666189
-Trial 814 0 50963463 38.677468
-Trial 815 0 50963463 38.692807
-Trial 816 0 50963463 38.708181
-Trial 817 0 50963463 38.723024
-Trial 818 0 50963463 38.724931
-Trial 819 0 50963463 38.755883
-Trial 820 0 50963463 38.784847
-Trial 821 0 50963463 38.785945
-Trial 822 0 50963463 38.824663
-Trial 823 0 50963463 38.835305
-Trial 824 0 50963463 38.853729
* 825: Cost = 0_50907370, Time = 36.42 sec. 
-Trial 825 0 50907370 38.871855
-Trial 826 0 50907370 38.997827
-Trial 827 0 50907370 39.020274
-Trial 828 0 50907370 39.101954
-Trial 829 0 50907370 39.112202
-Trial 830 0 50907370 39.129640
-Trial 831 0 50907370 39.133761
-Trial 832 0 50907370 39.164793
-Trial 833 0 50907370 39.190327
-Trial 834 0 50907370 39.215209
-Trial 835 0 50907370 39.255417
* 836: Cost = 0_50883960, Time = 36.86 sec. 
-Trial 836 0 50883960 39.315729
-Trial 837 0 50883960 39.322353
-Trial 838 0 50883960 39.341005
* 839: Cost = 0_50874921, Time = 36.92 sec. 
-Trial 839 0 50874921 39.371948
-Trial 840 0 50874921 39.381116
-Trial 841 0 50874921 39.410765
-Trial 842 0 50874921 39.419321
-Trial 843 0 50874921 39.430327
-Trial 844 0 50874921 39.449608
-Trial 845 0 50874921 39.490180
-Trial 846 0 50874921 39.498289
-Trial 847 0 50874921 39.504972
-Trial 848 0 50874921 39.565765
-Trial 849 0 50874921 39.568009
-Trial 850 0 50874921 39.606554
-Trial 851 0 50874921 39.662822
-Trial 852 0 50874921 39.699917
-Trial 853 0 50874921 39.714972
-Trial 854 0 50874921 39.717389
-Trial 855 0 50874921 39.725677
-Trial 856 0 50874921 39.735703
-Trial 857 0 50874921 39.756351
-Trial 858 0 50874921 39.801397
-Trial 859 0 50874921 39.820872
-Trial 860 0 50874921 39.873803
-Trial 861 0 50874921 39.896752
-Trial 862 0 50874921 39.923335
-Trial 863 0 50874921 39.969677
-Trial 864 0 50874921 39.970973
-Trial 865 0 50874921 39.988098
-Trial 866 0 50874921 40.009075
-Trial 867 0 50874921 40.027759
-Trial 868 0 50874921 40.061965
-Trial 869 0 50874921 40.075146
-Trial 870 0 50874921 40.350638
-Trial 871 0 50874921 40.485899
-Trial 872 0 50874921 40.525470
-Trial 873 0 50874921 40.535328
-Trial 874 0 50874921 40.559971
-Trial 875 0 50874921 40.618968
-Trial 876 0 50874921 40.633735
-Trial 877 0 50874921 40.676206
-Trial 878 0 50874921 40.692557
-Trial 879 0 50874921 40.721963
-Trial 880 0 50874921 40.749656
-Trial 881 0 50874921 40.756737
-Trial 882 0 50874921 40.773950
-Trial 883 0 50874921 40.794548
-Trial 884 0 50874921 40.798979
-Trial 885 0 50874921 40.828544
-Trial 886 0 50874921 40.842208
-Trial 887 0 50874921 40.871256
-Trial 888 0 50874921 40.893336
-Trial 889 0 50874921 40.905472
-Trial 890 0 50874921 40.934787
-Trial 891 0 50874921 40.946901
-Trial 892 0 50874921 40.973299
-Trial 893 0 50874921 40.975508
-Trial 894 0 50874921 41.009055
-Trial 895 0 50874921 41.041602
-Trial 896 0 50874921 41.235666
-Trial 897 0 50874921 41.277397
-Trial 898 0 50874921 41.317222
-Trial 899 0 50874921 41.321473
-Trial 900 0 50874921 41.353171
-Trial 901 0 50874921 41.361613
-Trial 902 0 50874921 41.409164
-Trial 903 0 50874921 41.653745
-Trial 904 0 50874921 41.677647
-Trial 905 0 50874921 41.693522
-Trial 906 0 50874921 41.707459
-Trial 907 0 50874921 41.711141
-Trial 908 0 50874921 41.720108
-Trial 909 0 50874921 41.720986
-Trial 910 0 50874921 41.743108
-Trial 911 0 50874921 41.763631
-Trial 912 0 50874921 41.817025
-Trial 913 0 50874921 41.863761
-Trial 914 0 50874921 41.876664
-Trial 915 0 50874921 41.936526
-Trial 916 0 50874921 41.943901
* 917: Cost = 0_50855545, Time = 39.51 sec. 
-Trial 917 0 50855545 41.958152
-Trial 918 0 50855545 41.974104
-Trial 919 0 50855545 42.063230
-Trial 920 0 50855545 42.064255
-Trial 921 0 50855545 42.077480
-Trial 922 0 50855545 42.101326
-Trial 923 0 50855545 42.124721
-Trial 924 0 50855545 42.162023
* 925: Cost = 0_50795632, Time = 39.73 sec. 
-Trial 925 0 50795632 42.186177
-Trial 926 0 50795632 42.211242
-Trial 927 0 50795632 42.247248
-Trial 928 0 50795632 42.267777
-Trial 929 0 50795632 42.284087
-Trial 930 0 50795632 42.295772
-Trial 931 0 50795632 42.334165
-Trial 932 0 50795632 42.364014
-Trial 933 0 50795632 42.379035
-Trial 934 0 50795632 42.395949
-Trial 935 0 50795632 42.455769
-Trial 936 0 50795632 42.493631
-Trial 937 0 50795632 42.499581
-Trial 938 0 50795632 42.514975
-Trial 939 0 50795632 42.543801
-Trial 940 0 50795632 42.579869
-Trial 941 0 50795632 42.586093
-Trial 942 0 50795632 42.597932
-Trial 943 0 50795632 42.599815
-Trial 944 0 50795632 42.616431
-Trial 945 0 50795632 42.622932
-Trial 946 0 50795632 42.631579
-Trial 947 0 50795632 42.643738
-Trial 948 0 50795632 42.675519
* 949: Cost = 0_50794327, Time = 40.25 sec. 
-Trial 949 0 50794327 42.700091
-Trial 950 0 50794327 42.843867
-Trial 951 0 50794327 42.928423
-Trial 952 0 50794327 42.957603
-Trial 953 0 50794327 43.008938
-Trial 954 0 50794327 43.017007
-Trial 955 0 50794327 43.047106
-Trial 956 0 50794327 43.062522
-Trial 957 0 50794327 43.262342
-Trial 958 0 50794327 43.312837
-Trial 959 0 50794327 43.361532
-Trial 960 0 50794327 43.398316
-Trial 961 0 50794327 43.406297
-Trial 962 0 50794327 43.449762
-Trial 963 0 50794327 43.470245
-Trial 964 0 50794327 43.484599
* 965: Cost = 0_50788919, Time = 41.05 sec. 
-Trial 965 0 50788919 43.501654
-Trial 966 0 50788919 43.507602
-Trial 967 0 50788919 43.766844
-Trial 968 0 50788919 43.772778
-Trial 969 0 50788919 43.782208
-Trial 970 0 50788919 43.892459
-Trial 971 0 50788919 43.922759
-Trial 972 0 50788919 43.980937
-Trial 973 0 50788919 44.032742
-Trial 974 0 50788919 44.042351
-Trial 975 0 50788919 44.109442
-Trial 976 0 50788919 44.120096
-Trial 977 0 50788919 44.127530
-Trial 978 0 50788919 44.135144
-Trial 979 0 50788919 44.270622
-Trial 980 0 50788919 44.294014
-Trial 981 0 50788919 44.300921
-Trial 982 0 50788919 44.304714
-Trial 983 0 50788919 44.312265
-Trial 984 0 50788919 44.357389
-Trial 985 0 50788919 44.358677
-Trial 986 0 50788919 44.367911
-Trial 987 0 50788919 44.382848
-Trial 988 0 50788919 44.389831
-Trial 989 0 50788919 44.391187
-Trial 990 0 50788919 44.412998
-Trial 991 0 50788919 44.440926
-Trial 992 0 50788919 44.540209
-Trial 993 0 50788919 44.604474
-Trial 994 0 50788919 44.685574
-Trial 995 0 50788919 44.691132
-Trial 996 0 50788919 44.741693
-Trial 997 0 50788919 44.744922
-Trial 998 0 50788919 44.824521
-Trial 999 0 50788919 44.894239
-Trial 1000 0 50788919 44.922816
Population:
  1: 0_50788919
Run 1: Cost = 0_50788919, Time = 42.47 sec. 

Successes/Runs = 0/1 
Cost.min = 50788919, Cost.avg = 50788919.00, Cost.max = 50788919
Gap.min = 0.0000%, Gap.avg = 0.0000%, Gap.max = 0.0000%
Penalty.min = 0, Penalty.avg = 0.00, Penalty.max = 0
Trials.min = 1000, Trials.avg = 1000.0, Trials.max = 1000
Time.min = 42.47 sec., Time.avg = 42.47 sec., Time.max = 42.47 sec.
Time.total = 44.92 sec.
  Size.min = 7, Size.max = 34, Penalty = 0
  Cost.min = 680552, Cost.max = 3758083, Cost.sum = 50788919
Best CVRPTW solution:
  Cost = 0_50788919
1 107 15 180 342 448 375 309 289 93 110 105 85 393 133 136 94 338 460 419 207 469 514 201 374 292 323 52 253 138 489 423 8 118 265 373 250 435 19 350 279 84 199 74 341 517 213 348 494 294 155 149 331 267 433 287 228 425 175 467 346 206 406 407 319 252 157 16 221 184 120 91 354 104 376 512 70 73 39 429 451 311 41 465 337 27 235 231 90 33 196 128 182 402 28 59 3 506 99 154 466 191 17 404 189 76 20 36 4 381 111 82 446 176 171 62 280 394 254 5 479 168 440 353 142 88 286 26 262 284 505 150 141 46 55 422 431 148 217 54 137 352 445 87 444 223 334 302 161 7 276 339 325 298 502 478 490 475 449 195 101 498 417 321 438 270 482 127 215 258 185 308 100 12 89 380 500 204 38 122 229 257 124 509 11 486 50 271 2 44 187 507 310 131 163 18 263 261 329 318 401 246 316 48 426 405 144 264 167 25 158 428 269 96 134 516 332 113 173 408 218 234 343 322 307 103 349 125 67 209 86 169 243 434 24 420 416 106 65 139 278 237 510 293 66 476 72 186 256 92 364 378 361 356 205 518 75 143 362 377 23 212 340 452 68 245 249 447 441 35 304 71 79 121 216 219 21 6 45 14 140 238 230 40 208 275 453 459 312 116 520 282 178 474 194 9 296 335 463 247 47 454 501 461 493 80 63 53 152 391 398 357 78 165 29 177 266 390 151 179 515 273 462 130 174 400 13 248 288 285 22 220 300 367 233 382 112 146 102 119 303 259 443 369 456 366 385 470 488 240 513 345 430 297 272 117 468 242 181 320 64 413 392 147 290 97 37 214 411 60 10 188 386 396 370 450 57 327 43 483 114 236 519 477 368 224 226 371 344 360 333 495 159 260 251 126 115 299 132 499 414 162 487 472 389 473 347 274 193 244 504 491 412 388 326 281 306 496 172 222 241 32 255 210 363 359 418 170 492 384 58 123 277 202 437 183 372 200 410 508 232 351 129 395 436 415 225 480 485 387 358 156 192 471 56 160 34 314 166 42 315 427 317 109 324 69 511 51 457 291 497 197 336 211 227 108 355 399 95 365 409 164 330 203 239 432 421 77 439 305 403 81 481 484 61 83 424 145 313 383 301 503 49 30 190 464 397 268 198 458 153 455 283 295 98 135 328 442 379 31 1 
