PARAMETER_FILE = result/cvrptw_500/LKH_para/338.para
Reading PROBLEM_FILE: "result/cvrptw_500/cvrptw/338.cvrptw" ... done
ASCENT_CANDIDATES = 50
BACKBONE_TRIALS = 0
BACKTRACKING = NO
# BWTSP =
# CANDIDATE_FILE =
CANDIDATE_SET_TYPE = ALPHA
DEPOT = 1
# EDGE_FILE =
EXCESS = 0.0384615
EXTERNAL_SALESMEN = 0
EXTRA_CANDIDATES = 0 
EXTRA_CANDIDATE_SET_TYPE = QUADRANT
GAIN23 = NO
GAIN_CRITERION = YES
INITIAL_PERIOD = 520
INITIAL_STEP_SIZE = 1
INITIAL_TOUR_ALGORITHM = WALK
# INITIAL_TOUR_FILE = 
INITIAL_TOUR_FRACTION = 1.000
# INPUT_TOUR_FILE = 
KICK_TYPE = 4
KICKS = 1
# MAX_BREADTH =
MAKESPAN = NO
MAX_CANDIDATES = 5 
MAX_SWAPS = 0
MAX_TRIALS = 1000
# MERGE_TOUR_FILE =
MOVE_TYPE = 5 SPECIAL
MTSP_MIN_SIZE = 1
MTSP_MAX_SIZE = 1039
# MTSP_SOLUTION_FILE = 
# NONSEQUENTIAL_MOVE_TYPE = 5
# OPTIMUM =
# OUTPUT_TOUR_FILE = 
PATCHING_A = 1 
PATCHING_C = 0 
# PI_FILE = 
POPMUSIC_INITIAL_TOUR = NO
POPMUSIC_MAX_NEIGHBORS = 5
POPMUSIC_SAMPLE_SIZE = 10
POPMUSIC_SOLUTIONS = 50
POPMUSIC_TRIALS = 1
POPULATION_SIZE = 10
PRECISION = 100
PROBLEM_FILE = result/cvrptw_500/cvrptw/338.cvrptw
RECOMBINATION = IPT
RESTRICTED_SEARCH = YES
RUNS = 1
SALESMEN = 20
SCALE = 1
SEED = 1234
# SINTEF_SOLUTION_FILE = 
STOP_AT_OPTIMUM = YES
SUBGRADIENT = YES
# SUBPROBLEM_SIZE =
# SUBPROBLEM_TOUR_FILE = 
SUBSEQUENT_MOVE_TYPE = 5 SPECIAL
SUBSEQUENT_PATCHING = YES
# TIME_LIMIT =
# TOUR_FILE = 
TRACE_LEVEL = 1
VEHICLES = 20

Lower bound = 24903592.6, Ascent time = 2.10 sec.
Cand.min = 5, Cand.avg = 5.0, Cand.max = 5
Edges.fixed = 520 [Cost = 0]
Preprocessing time = 2.18 sec.
* 1: Cost = 499061_51879094, Time = 4.29 sec. 
-Trial 1 499061 51879094 6.469671
-Trial 2 499061 51879094 6.589197
-Trial 3 499061 51879094 6.986751
-Trial 4 499061 51879094 7.110338
-Trial 5 499061 51879094 7.456536
* 6: Cost = 499061_51377285, Time = 5.74 sec. 
-Trial 6 499061 51377285 7.921616
* 7: Cost = 499061_51284627, Time = 5.79 sec. 
-Trial 7 499061 51284627 7.970146
-Trial 8 499061 51284627 8.048538
* 9: Cost = 499061_51166902, Time = 5.90 sec. 
-Trial 9 499061 51166902 8.087217
-Trial 10 499061 51166902 8.343836
-Trial 11 499061 51166902 8.500927
* 12: Cost = 499061_51008882, Time = 6.47 sec. 
-Trial 12 499061 51008882 8.651521
-Trial 13 499061 51008882 8.668122
* 14: Cost = 499061_50931198, Time = 6.59 sec. 
-Trial 14 499061 50931198 8.772501
* 15: Cost = 499061_50892584, Time = 6.68 sec. 
-Trial 15 499061 50892584 8.861200
* 16: Cost = 195090_52082295, Time = 6.93 sec. 
-Trial 16 195090 52082295 9.111070
* 17: Cost = 195090_51326549, Time = 7.12 sec. 
-Trial 17 195090 51326549 9.308224
-Trial 18 195090 51326549 9.344285
* 19: Cost = 195090_51294510, Time = 7.20 sec. 
-Trial 19 195090 51294510 9.384779
* 20: Cost = 195090_50819991, Time = 7.36 sec. 
-Trial 20 195090 50819991 9.542440
-Trial 21 195090 50819991 9.577224
-Trial 22 195090 50819991 9.608853
* 23: Cost = 195090_49965574, Time = 7.51 sec. 
-Trial 23 195090 49965574 9.696785
* 24: Cost = 195090_49790254, Time = 7.53 sec. 
-Trial 24 195090 49790254 9.717208
-Trial 25 195090 49790254 9.735680
* 26: Cost = 195090_49697322, Time = 7.60 sec. 
-Trial 26 195090 49697322 9.788238
* 27: Cost = 195090_49674055, Time = 7.64 sec. 
-Trial 27 195090 49674055 9.820046
-Trial 28 195090 49674055 9.826143
-Trial 29 195090 49674055 9.838639
-Trial 30 195090 49674055 9.843691
* 31: Cost = 195090_49615480, Time = 7.72 sec. 
-Trial 31 195090 49615480 9.901174
* 32: Cost = 195090_49300189, Time = 8.21 sec. 
-Trial 32 195090 49300189 10.391987
-Trial 33 195090 49300189 10.628823
-Trial 34 195090 49300189 10.695357
* 35: Cost = 195090_48855596, Time = 8.58 sec. 
-Trial 35 195090 48855596 10.760085
* 36: Cost = 195090_48780077, Time = 8.62 sec. 
-Trial 36 195090 48780077 10.804783
* 37: Cost = 195090_48514361, Time = 8.65 sec. 
-Trial 37 195090 48514361 10.829924
-Trial 38 195090 48514361 10.961864
-Trial 39 195090 48514361 11.161499
-Trial 40 195090 48514361 11.182526
-Trial 41 195090 48514361 11.257029
* 42: Cost = 195090_48366420, Time = 9.30 sec. 
-Trial 42 195090 48366420 11.481941
-Trial 43 195090 48366420 11.515076
-Trial 44 195090 48366420 11.534297
-Trial 45 195090 48366420 11.581912
-Trial 46 195090 48366420 11.652300
-Trial 47 195090 48366420 11.737375
-Trial 48 195090 48366420 11.836553
-Trial 49 195090 48366420 12.370071
* 50: Cost = 195090_48174634, Time = 10.20 sec. 
-Trial 50 195090 48174634 12.379441
-Trial 51 195090 48174634 12.441073
-Trial 52 195090 48174634 12.509387
-Trial 53 195090 48174634 12.966540
-Trial 54 195090 48174634 13.018684
* 55: Cost = 195090_48019831, Time = 10.87 sec. 
-Trial 55 195090 48019831 13.055505
-Trial 56 195090 48019831 13.105698
-Trial 57 195090 48019831 13.202171
-Trial 58 195090 48019831 13.333316
* 59: Cost = 195090_47941988, Time = 11.17 sec. 
-Trial 59 195090 47941988 13.354841
* 60: Cost = 195090_47924171, Time = 11.18 sec. 
-Trial 60 195090 47924171 13.367296
-Trial 61 195090 47924171 13.405073
-Trial 62 195090 47924171 13.431064
-Trial 63 195090 47924171 13.470487
* 64: Cost = 195090_47744493, Time = 11.38 sec. 
-Trial 64 195090 47744493 13.561872
* 65: Cost = 195090_47510156, Time = 11.41 sec. 
-Trial 65 195090 47510156 13.598353
* 66: Cost = 195090_47287306, Time = 11.44 sec. 
-Trial 66 195090 47287306 13.625530
-Trial 67 195090 47287306 13.690736
-Trial 68 195090 47287306 13.757901
-Trial 69 195090 47287306 13.768351
-Trial 70 195090 47287306 14.014268
* 71: Cost = 195090_47282411, Time = 11.89 sec. 
-Trial 71 195090 47282411 14.075981
-Trial 72 195090 47282411 14.114967
-Trial 73 195090 47282411 14.171983
* 74: Cost = 195090_47224908, Time = 12.05 sec. 
-Trial 74 195090 47224908 14.229006
-Trial 75 195090 47224908 14.290392
* 76: Cost = 195090_47098828, Time = 12.15 sec. 
-Trial 76 195090 47098828 14.333682
-Trial 77 195090 47098828 14.408553
* 78: Cost = 195090_46915398, Time = 12.28 sec. 
-Trial 78 195090 46915398 14.468059
* 79: Cost = 195090_46909418, Time = 12.34 sec. 
-Trial 79 195090 46909418 14.522063
* 80: Cost = 195090_46796563, Time = 12.39 sec. 
-Trial 80 195090 46796563 14.569735
* 81: Cost = 195090_46603553, Time = 12.44 sec. 
-Trial 81 195090 46603553 14.624782
* 82: Cost = 195090_46557417, Time = 12.58 sec. 
-Trial 82 195090 46557417 14.763439
-Trial 83 195090 46557417 14.836870
-Trial 84 195090 46557417 14.858112
* 85: Cost = 195090_46538477, Time = 12.91 sec. 
-Trial 85 195090 46538477 15.093756
* 86: Cost = 195090_46429058, Time = 12.93 sec. 
-Trial 86 195090 46429058 15.118523
-Trial 87 195090 46429058 15.140384
-Trial 88 195090 46429058 15.140887
-Trial 89 195090 46429058 15.185253
-Trial 90 195090 46429058 15.215535
-Trial 91 195090 46429058 15.232194
-Trial 92 195090 46429058 15.250331
-Trial 93 195090 46429058 15.319499
-Trial 94 195090 46429058 15.321141
-Trial 95 195090 46429058 15.365079
-Trial 96 195090 46429058 15.367561
* 97: Cost = 195090_46150595, Time = 13.22 sec. 
-Trial 97 195090 46150595 15.405870
-Trial 98 195090 46150595 15.460288
-Trial 99 195090 46150595 15.502873
-Trial 100 195090 46150595 15.521729
-Trial 101 195090 46150595 15.562823
-Trial 102 195090 46150595 15.591864
* 103: Cost = 195090_46099567, Time = 13.46 sec. 
-Trial 103 195090 46099567 15.642209
-Trial 104 195090 46099567 15.686991
-Trial 105 195090 46099567 15.721146
* 106: Cost = 195090_45958361, Time = 13.65 sec. 
-Trial 106 195090 45958361 15.838721
-Trial 107 195090 45958361 15.980438
* 108: Cost = 195090_45913596, Time = 13.81 sec. 
-Trial 108 195090 45913596 15.996547
-Trial 109 195090 45913596 16.021028
-Trial 110 195090 45913596 16.192476
* 111: Cost = 195090_45838966, Time = 14.04 sec. 
-Trial 111 195090 45838966 16.224036
* 112: Cost = 195090_45811912, Time = 14.11 sec. 
-Trial 112 195090 45811912 16.297343
* 113: Cost = 195090_45207906, Time = 14.17 sec. 
-Trial 113 195090 45207906 16.357700
-Trial 114 195090 45207906 16.588980
-Trial 115 195090 45207906 16.623435
-Trial 116 195090 45207906 16.666887
-Trial 117 195090 45207906 16.712369
-Trial 118 195090 45207906 16.812353
-Trial 119 195090 45207906 16.835370
-Trial 120 195090 45207906 16.997730
-Trial 121 195090 45207906 17.136093
-Trial 122 195090 45207906 17.148297
-Trial 123 195090 45207906 17.280679
-Trial 124 195090 45207906 17.337853
-Trial 125 195090 45207906 17.401951
-Trial 126 195090 45207906 17.503654
* 127: Cost = 195090_45171631, Time = 15.41 sec. 
-Trial 127 195090 45171631 17.593717
-Trial 128 195090 45171631 17.637101
-Trial 129 195090 45171631 17.648802
* 130: Cost = 195090_45116275, Time = 15.50 sec. 
-Trial 130 195090 45116275 17.682425
* 131: Cost = 195090_45023659, Time = 15.52 sec. 
-Trial 131 195090 45023659 17.706562
-Trial 132 195090 45023659 17.866114
-Trial 133 195090 45023659 17.885665
-Trial 134 195090 45023659 17.930839
-Trial 135 195090 45023659 17.981598
* 136: Cost = 195090_44878551, Time = 15.87 sec. 
-Trial 136 195090 44878551 18.055764
* 137: Cost = 195090_44778271, Time = 16.00 sec. 
-Trial 137 195090 44778271 18.182596
* 138: Cost = 195090_44663531, Time = 16.11 sec. 
-Trial 138 195090 44663531 18.295542
-Trial 139 195090 44663531 18.347067
-Trial 140 195090 44663531 18.563430
-Trial 141 195090 44663531 18.579863
* 142: Cost = 195090_44583388, Time = 16.46 sec. 
-Trial 142 195090 44583388 18.646426
* 143: Cost = 195090_44556688, Time = 16.61 sec. 
-Trial 143 195090 44556688 18.791191
-Trial 144 195090 44556688 18.856710
-Trial 145 195090 44556688 18.900607
-Trial 146 195090 44556688 18.908735
-Trial 147 195090 44556688 18.919670
-Trial 148 195090 44556688 18.989874
-Trial 149 195090 44556688 19.136163
-Trial 150 195090 44556688 19.222021
-Trial 151 195090 44556688 19.247102
-Trial 152 195090 44556688 19.255971
-Trial 153 195090 44556688 19.282819
-Trial 154 195090 44556688 19.304277
-Trial 155 195090 44556688 19.337428
* 156: Cost = 195090_44363569, Time = 17.20 sec. 
-Trial 156 195090 44363569 19.379776
-Trial 157 195090 44363569 19.460610
-Trial 158 195090 44363569 19.543395
-Trial 159 195090 44363569 19.560149
* 160: Cost = 195090_44314613, Time = 17.39 sec. 
-Trial 160 195090 44314613 19.568841
-Trial 161 195090 44314613 19.651822
-Trial 162 195090 44314613 19.703192
-Trial 163 195090 44314613 19.760420
* 164: Cost = 195090_44296915, Time = 17.70 sec. 
-Trial 164 195090 44296915 19.883057
-Trial 165 195090 44296915 20.111778
-Trial 166 195090 44296915 20.142602
-Trial 167 195090 44296915 20.179395
-Trial 168 195090 44296915 20.274207
-Trial 169 195090 44296915 20.301885
* 170: Cost = 195090_44218395, Time = 18.17 sec. 
-Trial 170 195090 44218395 20.348803
-Trial 171 195090 44218395 20.400539
* 172: Cost = 195090_44189690, Time = 18.25 sec. 
-Trial 172 195090 44189690 20.437442
-Trial 173 195090 44189690 20.474331
-Trial 174 195090 44189690 20.745025
-Trial 175 195090 44189690 20.781822
-Trial 176 195090 44189690 20.915897
-Trial 177 195090 44189690 20.926908
-Trial 178 195090 44189690 21.006709
-Trial 179 195090 44189690 21.042442
-Trial 180 195090 44189690 21.097669
-Trial 181 195090 44189690 21.125864
-Trial 182 195090 44189690 21.347096
* 183: Cost = 195090_44163266, Time = 19.17 sec. 
-Trial 183 195090 44163266 21.357375
-Trial 184 195090 44163266 21.389701
-Trial 185 195090 44163266 21.496896
-Trial 186 195090 44163266 21.568081
-Trial 187 195090 44163266 21.591429
-Trial 188 195090 44163266 21.681137
* 189: Cost = 195090_44014813, Time = 19.55 sec. 
-Trial 189 195090 44014813 21.737064
-Trial 190 195090 44014813 21.833446
-Trial 191 195090 44014813 21.873552
-Trial 192 195090 44014813 21.903035
-Trial 193 195090 44014813 21.909775
-Trial 194 195090 44014813 21.945326
* 195: Cost = 195090_43865126, Time = 19.79 sec. 
-Trial 195 195090 43865126 21.968904
-Trial 196 195090 43865126 22.198251
-Trial 197 195090 43865126 22.284671
-Trial 198 195090 43865126 22.356921
-Trial 199 195090 43865126 22.420258
-Trial 200 195090 43865126 22.460632
* 201: Cost = 195090_43807683, Time = 20.32 sec. 
-Trial 201 195090 43807683 22.500703
-Trial 202 195090 43807683 22.678821
-Trial 203 195090 43807683 22.696384
-Trial 204 195090 43807683 22.740548
-Trial 205 195090 43807683 22.838464
-Trial 206 195090 43807683 22.867693
* 207: Cost = 195090_43710803, Time = 20.81 sec. 
-Trial 207 195090 43710803 22.991478
-Trial 208 195090 43710803 23.043555
-Trial 209 195090 43710803 23.116448
-Trial 210 195090 43710803 23.241171
-Trial 211 195090 43710803 23.262888
-Trial 212 195090 43710803 23.278677
* 213: Cost = 195090_43655215, Time = 21.14 sec. 
-Trial 213 195090 43655215 23.322863
* 214: Cost = 195090_43640296, Time = 21.23 sec. 
-Trial 214 195090 43640296 23.412243
* 215: Cost = 195090_43583709, Time = 21.28 sec. 
-Trial 215 195090 43583709 23.465785
-Trial 216 195090 43583709 23.499542
* 217: Cost = 195090_43552639, Time = 21.33 sec. 
-Trial 217 195090 43552639 23.517380
-Trial 218 195090 43552639 23.568311
-Trial 219 195090 43552639 23.659249
-Trial 220 195090 43552639 23.761182
-Trial 221 195090 43552639 23.794768
-Trial 222 195090 43552639 23.948831
-Trial 223 195090 43552639 23.969274
-Trial 224 195090 43552639 24.118265
-Trial 225 195090 43552639 24.169801
-Trial 226 195090 43552639 24.229417
-Trial 227 195090 43552639 24.273734
-Trial 228 195090 43552639 24.282118
-Trial 229 195090 43552639 24.309939
-Trial 230 195090 43552639 24.323995
-Trial 231 195090 43552639 24.406306
-Trial 232 195090 43552639 24.494709
-Trial 233 195090 43552639 24.561834
-Trial 234 195090 43552639 24.651350
* 235: Cost = 195090_43538722, Time = 22.56 sec. 
-Trial 235 195090 43538722 24.745332
-Trial 236 195090 43538722 24.809386
-Trial 237 195090 43538722 24.894043
-Trial 238 195090 43538722 25.134586
-Trial 239 195090 43538722 25.156693
-Trial 240 195090 43538722 25.190982
* 241: Cost = 195090_43535277, Time = 23.10 sec. 
-Trial 241 195090 43535277 25.284468
-Trial 242 195090 43535277 25.317567
-Trial 243 195090 43535277 25.375686
-Trial 244 195090 43535277 25.482549
-Trial 245 195090 43535277 25.489419
-Trial 246 195090 43535277 25.518802
-Trial 247 195090 43535277 25.536512
-Trial 248 195090 43535277 25.597379
-Trial 249 195090 43535277 25.660764
-Trial 250 195090 43535277 25.750403
* 251: Cost = 195090_43294787, Time = 23.60 sec. 
-Trial 251 195090 43294787 25.779399
-Trial 252 195090 43294787 25.820042
-Trial 253 195090 43294787 25.839868
-Trial 254 195090 43294787 25.864465
* 255: Cost = 195090_43118400, Time = 23.75 sec. 
-Trial 255 195090 43118400 25.936871
-Trial 256 195090 43118400 26.016809
-Trial 257 195090 43118400 26.033004
-Trial 258 195090 43118400 26.157852
-Trial 259 195090 43118400 26.171851
-Trial 260 195090 43118400 26.200348
-Trial 261 195090 43118400 26.282681
-Trial 262 195090 43118400 26.493834
-Trial 263 195090 43118400 26.516597
-Trial 264 195090 43118400 26.519670
-Trial 265 195090 43118400 26.590142
-Trial 266 195090 43118400 26.693918
-Trial 267 195090 43118400 26.720545
-Trial 268 195090 43118400 26.756769
-Trial 269 195090 43118400 26.826437
-Trial 270 195090 43118400 26.840057
-Trial 271 195090 43118400 26.851840
* 272: Cost = 195090_43100909, Time = 24.74 sec. 
-Trial 272 195090 43100909 26.920946
-Trial 273 195090 43100909 27.043486
-Trial 274 195090 43100909 27.050313
-Trial 275 195090 43100909 27.260859
-Trial 276 195090 43100909 27.353503
-Trial 277 195090 43100909 27.353953
-Trial 278 195090 43100909 27.386901
-Trial 279 195090 43100909 27.450092
* 280: Cost = 195090_42988248, Time = 25.33 sec. 
-Trial 280 195090 42988248 27.514014
-Trial 281 195090 42988248 27.574986
-Trial 282 195090 42988248 27.591160
-Trial 283 195090 42988248 27.622388
* 284: Cost = 195090_42979077, Time = 25.54 sec. 
-Trial 284 195090 42979077 27.719408
-Trial 285 195090 42979077 27.811614
-Trial 286 195090 42979077 27.834010
-Trial 287 195090 42979077 27.840219
-Trial 288 195090 42979077 27.926895
-Trial 289 195090 42979077 27.985635
-Trial 290 195090 42979077 28.040475
-Trial 291 195090 42979077 28.116695
-Trial 292 195090 42979077 28.134932
-Trial 293 195090 42979077 28.214480
-Trial 294 195090 42979077 28.238919
-Trial 295 195090 42979077 28.293882
-Trial 296 195090 42979077 28.362321
-Trial 297 195090 42979077 28.407773
-Trial 298 195090 42979077 28.429930
-Trial 299 195090 42979077 28.471703
-Trial 300 195090 42979077 28.530013
-Trial 301 195090 42979077 28.602875
-Trial 302 195090 42979077 28.659955
-Trial 303 195090 42979077 28.709256
-Trial 304 195090 42979077 28.722041
-Trial 305 195090 42979077 28.760866
-Trial 306 195090 42979077 28.855848
-Trial 307 195090 42979077 28.906858
-Trial 308 195090 42979077 29.016041
-Trial 309 195090 42979077 29.021412
-Trial 310 195090 42979077 29.112552
-Trial 311 195090 42979077 29.146154
-Trial 312 195090 42979077 29.235037
-Trial 313 195090 42979077 29.322568
* 314: Cost = 195090_42887850, Time = 27.21 sec. 
-Trial 314 195090 42887850 29.393345
-Trial 315 195090 42887850 29.456365
-Trial 316 195090 42887850 29.779808
-Trial 317 195090 42887850 29.976605
-Trial 318 195090 42887850 30.013613
-Trial 319 195090 42887850 30.178873
-Trial 320 195090 42887850 30.196934
-Trial 321 195090 42887850 30.216245
-Trial 322 195090 42887850 30.223209
-Trial 323 195090 42887850 30.301823
-Trial 324 195090 42887850 30.414172
-Trial 325 195090 42887850 30.458354
-Trial 326 195090 42887850 30.483898
-Trial 327 195090 42887850 30.515277
-Trial 328 195090 42887850 30.548889
-Trial 329 195090 42887850 30.577680
-Trial 330 195090 42887850 30.587329
-Trial 331 195090 42887850 30.682905
-Trial 332 195090 42887850 30.842379
-Trial 333 195090 42887850 30.940671
-Trial 334 195090 42887850 31.041889
-Trial 335 195090 42887850 31.086908
-Trial 336 195090 42887850 31.151946
-Trial 337 195090 42887850 31.244589
-Trial 338 195090 42887850 31.317020
-Trial 339 195090 42887850 31.343750
-Trial 340 195090 42887850 31.468347
-Trial 341 195090 42887850 31.621027
-Trial 342 195090 42887850 31.710222
-Trial 343 195090 42887850 32.128641
* 344: Cost = 195090_42821684, Time = 30.00 sec. 
-Trial 344 195090 42821684 32.180705
-Trial 345 195090 42821684 32.338224
-Trial 346 195090 42821684 32.382051
-Trial 347 195090 42821684 32.410266
-Trial 348 195090 42821684 32.431884
-Trial 349 195090 42821684 32.437689
-Trial 350 195090 42821684 32.464156
-Trial 351 195090 42821684 32.530104
-Trial 352 195090 42821684 32.540792
-Trial 353 195090 42821684 32.635720
* 354: Cost = 195090_42817218, Time = 30.48 sec. 
-Trial 354 195090 42817218 32.667091
-Trial 355 195090 42817218 32.689702
-Trial 356 195090 42817218 32.737328
-Trial 357 195090 42817218 32.749012
-Trial 358 195090 42817218 32.820002
-Trial 359 195090 42817218 32.856218
-Trial 360 195090 42817218 32.973203
-Trial 361 195090 42817218 32.998459
-Trial 362 195090 42817218 33.044384
-Trial 363 195090 42817218 33.100265
-Trial 364 195090 42817218 33.133466
-Trial 365 195090 42817218 33.221395
-Trial 366 195090 42817218 33.222734
-Trial 367 195090 42817218 33.339270
-Trial 368 195090 42817218 33.350526
-Trial 369 195090 42817218 33.377743
-Trial 370 195090 42817218 33.395210
-Trial 371 195090 42817218 33.430852
-Trial 372 195090 42817218 33.489419
-Trial 373 195090 42817218 33.504613
-Trial 374 195090 42817218 33.544091
-Trial 375 195090 42817218 33.662228
-Trial 376 195090 42817218 33.734157
-Trial 377 195090 42817218 33.807853
-Trial 378 195090 42817218 33.823924
* 379: Cost = 195090_42811722, Time = 31.65 sec. 
-Trial 379 195090 42811722 33.835365
-Trial 380 195090 42811722 33.863440
-Trial 381 195090 42811722 33.966078
-Trial 382 195090 42811722 34.014113
-Trial 383 195090 42811722 34.030193
-Trial 384 195090 42811722 34.062522
-Trial 385 195090 42811722 34.081079
-Trial 386 195090 42811722 34.201668
-Trial 387 195090 42811722 34.236548
-Trial 388 195090 42811722 34.238108
-Trial 389 195090 42811722 34.269002
-Trial 390 195090 42811722 34.288982
-Trial 391 195090 42811722 34.415680
-Trial 392 195090 42811722 34.471564
-Trial 393 195090 42811722 34.510080
-Trial 394 195090 42811722 34.619771
* 395: Cost = 195090_42800255, Time = 32.51 sec. 
-Trial 395 195090 42800255 34.690625
-Trial 396 195090 42800255 34.700627
-Trial 397 195090 42800255 34.733705
-Trial 398 195090 42800255 34.901852
-Trial 399 195090 42800255 34.927588
-Trial 400 195090 42800255 35.009272
-Trial 401 195090 42800255 35.028025
-Trial 402 195090 42800255 35.231185
-Trial 403 195090 42800255 35.258142
-Trial 404 195090 42800255 35.339538
-Trial 405 195090 42800255 35.350774
-Trial 406 195090 42800255 35.376882
-Trial 407 195090 42800255 35.420519
-Trial 408 195090 42800255 35.483802
-Trial 409 195090 42800255 35.645348
-Trial 410 195090 42800255 35.688933
-Trial 411 195090 42800255 35.899881
-Trial 412 195090 42800255 35.957731
-Trial 413 195090 42800255 35.995736
-Trial 414 195090 42800255 35.996167
-Trial 415 195090 42800255 36.088918
-Trial 416 195090 42800255 36.110597
-Trial 417 195090 42800255 36.142382
-Trial 418 195090 42800255 36.155018
-Trial 419 195090 42800255 36.188540
-Trial 420 195090 42800255 36.297223
-Trial 421 195090 42800255 36.331343
-Trial 422 195090 42800255 36.404063
-Trial 423 195090 42800255 36.436695
-Trial 424 195090 42800255 36.480142
-Trial 425 195090 42800255 36.539152
* 426: Cost = 195090_42780488, Time = 34.42 sec. 
-Trial 426 195090 42780488 36.599848
-Trial 427 195090 42780488 36.617590
-Trial 428 195090 42780488 36.662304
-Trial 429 195090 42780488 36.760165
-Trial 430 195090 42780488 36.796440
-Trial 431 195090 42780488 36.853024
-Trial 432 195090 42780488 36.893238
-Trial 433 195090 42780488 36.929791
-Trial 434 195090 42780488 36.961268
-Trial 435 195090 42780488 36.990357
-Trial 436 195090 42780488 36.997238
-Trial 437 195090 42780488 37.065667
-Trial 438 195090 42780488 37.089220
-Trial 439 195090 42780488 37.178924
-Trial 440 195090 42780488 37.228856
* 441: Cost = 195090_42753176, Time = 35.05 sec. 
-Trial 441 195090 42753176 37.236018
-Trial 442 195090 42753176 37.295878
-Trial 443 195090 42753176 37.332138
-Trial 444 195090 42753176 37.517411
-Trial 445 195090 42753176 37.552847
-Trial 446 195090 42753176 37.657544
* 447: Cost = 195090_42735698, Time = 35.53 sec. 
-Trial 447 195090 42735698 37.712202
-Trial 448 195090 42735698 37.757151
-Trial 449 195090 42735698 37.765897
-Trial 450 195090 42735698 37.841710
-Trial 451 195090 42735698 37.861974
-Trial 452 195090 42735698 37.918395
-Trial 453 195090 42735698 38.044826
-Trial 454 195090 42735698 38.055063
-Trial 455 195090 42735698 38.083636
-Trial 456 195090 42735698 38.146105
-Trial 457 195090 42735698 38.192243
-Trial 458 195090 42735698 38.250430
-Trial 459 195090 42735698 38.299218
-Trial 460 195090 42735698 38.376724
-Trial 461 195090 42735698 38.416417
-Trial 462 195090 42735698 38.503588
-Trial 463 195090 42735698 38.622106
-Trial 464 195090 42735698 38.640129
-Trial 465 195090 42735698 38.709819
-Trial 466 195090 42735698 38.745473
* 467: Cost = 195090_42714952, Time = 36.63 sec. 
-Trial 467 195090 42714952 38.816112
-Trial 468 195090 42714952 38.834136
-Trial 469 195090 42714952 38.834681
-Trial 470 195090 42714952 38.866005
-Trial 471 195090 42714952 38.983491
-Trial 472 195090 42714952 39.092725
-Trial 473 195090 42714952 39.148267
-Trial 474 195090 42714952 39.173629
-Trial 475 195090 42714952 39.208762
-Trial 476 195090 42714952 39.328136
-Trial 477 195090 42714952 39.336124
-Trial 478 195090 42714952 39.363286
-Trial 479 195090 42714952 39.412834
-Trial 480 195090 42714952 39.528430
-Trial 481 195090 42714952 39.529023
-Trial 482 195090 42714952 39.668032
-Trial 483 195090 42714952 39.740520
-Trial 484 195090 42714952 39.785563
-Trial 485 195090 42714952 39.839648
-Trial 486 195090 42714952 39.908929
-Trial 487 195090 42714952 39.993281
-Trial 488 195090 42714952 40.018696
-Trial 489 195090 42714952 40.040743
-Trial 490 195090 42714952 40.080045
-Trial 491 195090 42714952 40.150701
-Trial 492 195090 42714952 40.221974
-Trial 493 195090 42714952 40.296248
-Trial 494 195090 42714952 40.358781
-Trial 495 195090 42714952 40.396032
-Trial 496 195090 42714952 40.476976
-Trial 497 195090 42714952 40.509446
-Trial 498 195090 42714952 40.792714
-Trial 499 195090 42714952 40.846687
-Trial 500 195090 42714952 40.885172
-Trial 501 195090 42714952 40.912865
-Trial 502 195090 42714952 41.002636
-Trial 503 195090 42714952 41.025097
-Trial 504 195090 42714952 41.090571
-Trial 505 195090 42714952 41.120174
-Trial 506 195090 42714952 41.156870
-Trial 507 195090 42714952 41.202852
-Trial 508 195090 42714952 41.233694
-Trial 509 195090 42714952 41.279827
-Trial 510 195090 42714952 41.305512
-Trial 511 195090 42714952 41.349663
-Trial 512 195090 42714952 41.364615
-Trial 513 195090 42714952 41.623377
-Trial 514 195090 42714952 41.706229
-Trial 515 195090 42714952 41.832304
-Trial 516 195090 42714952 41.942922
-Trial 517 195090 42714952 41.967560
-Trial 518 195090 42714952 42.083844
-Trial 519 195090 42714952 42.111496
-Trial 520 195090 42714952 42.141638
-Trial 521 195090 42714952 42.182728
-Trial 522 195090 42714952 42.209018
-Trial 523 195090 42714952 42.271968
-Trial 524 195090 42714952 42.306088
-Trial 525 195090 42714952 42.417449
-Trial 526 195090 42714952 42.444286
-Trial 527 195090 42714952 42.510358
-Trial 528 195090 42714952 42.598362
-Trial 529 195090 42714952 42.670042
-Trial 530 195090 42714952 42.918626
-Trial 531 195090 42714952 42.932275
-Trial 532 195090 42714952 43.009617
-Trial 533 195090 42714952 43.139512
-Trial 534 195090 42714952 43.159851
-Trial 535 195090 42714952 43.171875
-Trial 536 195090 42714952 43.478359
-Trial 537 195090 42714952 43.574028
* 538: Cost = 195090_42644414, Time = 41.42 sec. 
-Trial 538 195090 42644414 43.606750
-Trial 539 195090 42644414 43.807749
-Trial 540 195090 42644414 43.974595
* 541: Cost = 195090_42628943, Time = 41.82 sec. 
-Trial 541 195090 42628943 44.007691
-Trial 542 195090 42628943 44.022727
-Trial 543 195090 42628943 44.060927
-Trial 544 195090 42628943 44.140671
-Trial 545 195090 42628943 44.154227
-Trial 546 195090 42628943 44.192490
-Trial 547 195090 42628943 44.264023
-Trial 548 195090 42628943 44.335034
-Trial 549 195090 42628943 44.406194
-Trial 550 195090 42628943 44.655902
-Trial 551 195090 42628943 44.673049
-Trial 552 195090 42628943 44.742030
-Trial 553 195090 42628943 44.777240
-Trial 554 195090 42628943 44.815983
-Trial 555 195090 42628943 44.845894
-Trial 556 195090 42628943 44.900196
-Trial 557 195090 42628943 44.971711
-Trial 558 195090 42628943 45.062440
-Trial 559 195090 42628943 45.224205
-Trial 560 195090 42628943 45.277321
-Trial 561 195090 42628943 45.291097
* 562: Cost = 195090_42580571, Time = 43.15 sec. 
-Trial 562 195090 42580571 45.336251
-Trial 563 195090 42580571 45.385940
-Trial 564 195090 42580571 45.411675
-Trial 565 195090 42580571 45.427224
-Trial 566 195090 42580571 45.565435
-Trial 567 195090 42580571 45.597667
-Trial 568 195090 42580571 45.657192
-Trial 569 195090 42580571 45.687579
-Trial 570 195090 42580571 45.779958
-Trial 571 195090 42580571 45.865737
-Trial 572 195090 42580571 45.973015
-Trial 573 195090 42580571 45.994330
-Trial 574 195090 42580571 46.021282
-Trial 575 195090 42580571 46.102547
-Trial 576 195090 42580571 46.171471
-Trial 577 195090 42580571 46.195869
-Trial 578 195090 42580571 46.255644
-Trial 579 195090 42580571 46.291878
-Trial 580 195090 42580571 46.318714
-Trial 581 195090 42580571 46.362516
-Trial 582 195090 42580571 46.506318
-Trial 583 195090 42580571 46.569984
-Trial 584 195090 42580571 46.731950
-Trial 585 195090 42580571 46.839816
-Trial 586 195090 42580571 46.908319
-Trial 587 195090 42580571 46.950853
-Trial 588 195090 42580571 47.016894
-Trial 589 195090 42580571 47.093509
-Trial 590 195090 42580571 47.154122
-Trial 591 195090 42580571 47.186593
-Trial 592 195090 42580571 47.423339
-Trial 593 195090 42580571 47.448748
-Trial 594 195090 42580571 47.460674
-Trial 595 195090 42580571 47.533223
-Trial 596 195090 42580571 47.582327
-Trial 597 195090 42580571 47.619032
-Trial 598 195090 42580571 47.660643
-Trial 599 195090 42580571 47.813237
-Trial 600 195090 42580571 48.016094
-Trial 601 195090 42580571 48.119560
-Trial 602 195090 42580571 48.182899
-Trial 603 195090 42580571 48.239451
-Trial 604 195090 42580571 48.271565
-Trial 605 195090 42580571 48.281354
* 606: Cost = 195090_42566289, Time = 46.14 sec. 
-Trial 606 195090 42566289 48.319818
-Trial 607 195090 42566289 48.337772
-Trial 608 195090 42566289 48.544741
-Trial 609 195090 42566289 48.587732
-Trial 610 195090 42566289 48.622518
-Trial 611 195090 42566289 48.655971
* 612: Cost = 195090_42503762, Time = 46.53 sec. 
-Trial 612 195090 42503762 48.709480
-Trial 613 195090 42503762 48.908548
-Trial 614 195090 42503762 48.975868
-Trial 615 195090 42503762 49.054946
-Trial 616 195090 42503762 49.085896
-Trial 617 195090 42503762 49.149211
-Trial 618 195090 42503762 49.217211
-Trial 619 195090 42503762 49.239669
-Trial 620 195090 42503762 49.301016
-Trial 621 195090 42503762 49.329556
-Trial 622 195090 42503762 49.333259
-Trial 623 195090 42503762 49.422753
-Trial 624 195090 42503762 49.512567
-Trial 625 195090 42503762 49.531353
-Trial 626 195090 42503762 49.576007
-Trial 627 195090 42503762 49.622836
-Trial 628 195090 42503762 49.688536
-Trial 629 195090 42503762 49.698779
-Trial 630 195090 42503762 49.727233
-Trial 631 195090 42503762 49.793412
-Trial 632 195090 42503762 49.832368
-Trial 633 195090 42503762 49.863251
-Trial 634 195090 42503762 49.913409
-Trial 635 195090 42503762 49.954555
-Trial 636 195090 42503762 50.007813
-Trial 637 195090 42503762 50.047147
-Trial 638 195090 42503762 50.061809
-Trial 639 195090 42503762 50.133345
-Trial 640 195090 42503762 50.147444
-Trial 641 195090 42503762 50.213939
-Trial 642 195090 42503762 50.269848
-Trial 643 195090 42503762 50.295440
-Trial 644 195090 42503762 50.366688
-Trial 645 195090 42503762 50.367274
-Trial 646 195090 42503762 50.370926
-Trial 647 195090 42503762 50.421546
-Trial 648 195090 42503762 50.502194
-Trial 649 195090 42503762 50.622099
-Trial 650 195090 42503762 50.671498
-Trial 651 195090 42503762 50.861711
-Trial 652 195090 42503762 50.921502
-Trial 653 195090 42503762 50.932812
-Trial 654 195090 42503762 50.968833
-Trial 655 195090 42503762 50.989496
-Trial 656 195090 42503762 51.033265
-Trial 657 195090 42503762 51.058587
-Trial 658 195090 42503762 51.086104
-Trial 659 195090 42503762 51.125590
-Trial 660 195090 42503762 51.180425
-Trial 661 195090 42503762 51.205384
-Trial 662 195090 42503762 51.305505
-Trial 663 195090 42503762 51.375950
-Trial 664 195090 42503762 51.409620
-Trial 665 195090 42503762 51.591827
-Trial 666 195090 42503762 51.656643
-Trial 667 195090 42503762 51.683040
-Trial 668 195090 42503762 51.778588
-Trial 669 195090 42503762 51.790730
-Trial 670 195090 42503762 51.833343
-Trial 671 195090 42503762 51.852952
-Trial 672 195090 42503762 51.887532
-Trial 673 195090 42503762 51.907322
-Trial 674 195090 42503762 51.912564
-Trial 675 195090 42503762 52.092230
-Trial 676 195090 42503762 52.235009
-Trial 677 195090 42503762 52.287784
-Trial 678 195090 42503762 52.495723
-Trial 679 195090 42503762 52.530370
-Trial 680 195090 42503762 52.671556
-Trial 681 195090 42503762 52.728128
-Trial 682 195090 42503762 52.837768
-Trial 683 195090 42503762 53.011102
-Trial 684 195090 42503762 53.065852
-Trial 685 195090 42503762 53.290857
-Trial 686 195090 42503762 53.302191
-Trial 687 195090 42503762 53.348609
-Trial 688 195090 42503762 53.518833
-Trial 689 195090 42503762 53.594604
-Trial 690 195090 42503762 53.627594
-Trial 691 195090 42503762 53.679582
-Trial 692 195090 42503762 53.747532
* 693: Cost = 195090_42493480, Time = 51.64 sec. 
-Trial 693 195090 42493480 53.823175
-Trial 694 195090 42493480 53.836874
-Trial 695 195090 42493480 53.842968
-Trial 696 195090 42493480 53.879064
* 697: Cost = 195090_42341043, Time = 51.86 sec. 
-Trial 697 195090 42341043 54.041651
-Trial 698 195090 42341043 54.059407
-Trial 699 195090 42341043 54.085787
-Trial 700 195090 42341043 54.145229
-Trial 701 195090 42341043 54.160398
-Trial 702 195090 42341043 54.191518
-Trial 703 195090 42341043 54.272151
-Trial 704 195090 42341043 54.294134
-Trial 705 195090 42341043 54.411501
-Trial 706 195090 42341043 54.451507
-Trial 707 195090 42341043 54.525956
-Trial 708 195090 42341043 54.574618
* 709: Cost = 195090_42329092, Time = 52.44 sec. 
-Trial 709 195090 42329092 54.625547
-Trial 710 195090 42329092 54.669337
* 711: Cost = 0_43833119, Time = 52.58 sec. 
-Trial 711 0 43833119 54.760658
* 712: Cost = 0_43783539, Time = 52.59 sec. 
-Trial 712 0 43783539 54.770857
-Trial 713 0 43783539 54.801811
-Trial 714 0 43783539 54.805462
-Trial 715 0 43783539 54.827756
-Trial 716 0 43783539 54.934039
* 717: Cost = 0_43765335, Time = 52.81 sec. 
-Trial 717 0 43765335 54.992038
-Trial 718 0 43765335 55.024818
-Trial 719 0 43765335 55.103295
-Trial 720 0 43765335 55.104851
-Trial 721 0 43765335 55.106300
-Trial 722 0 43765335 55.127946
-Trial 723 0 43765335 55.148395
-Trial 724 0 43765335 55.221879
-Trial 725 0 43765335 55.230598
-Trial 726 0 43765335 55.261442
* 727: Cost = 0_43721105, Time = 53.10 sec. 
-Trial 727 0 43721105 55.284357
-Trial 728 0 43721105 55.285076
-Trial 729 0 43721105 55.287426
-Trial 730 0 43721105 55.318231
-Trial 731 0 43721105 55.329241
-Trial 732 0 43721105 55.366560
-Trial 733 0 43721105 55.408223
-Trial 734 0 43721105 55.434974
-Trial 735 0 43721105 55.444388
-Trial 736 0 43721105 55.449287
-Trial 737 0 43721105 55.544367
-Trial 738 0 43721105 55.550116
-Trial 739 0 43721105 55.588560
* 740: Cost = 0_43255275, Time = 53.46 sec. 
-Trial 740 0 43255275 55.645154
-Trial 741 0 43255275 55.668734
-Trial 742 0 43255275 55.690758
-Trial 743 0 43255275 55.737335
* 744: Cost = 0_43227998, Time = 53.56 sec. 
-Trial 744 0 43227998 55.746914
-Trial 745 0 43227998 55.748099
-Trial 746 0 43227998 55.872902
-Trial 747 0 43227998 55.878517
-Trial 748 0 43227998 55.899382
-Trial 749 0 43227998 55.902127
-Trial 750 0 43227998 55.905957
-Trial 751 0 43227998 55.926839
-Trial 752 0 43227998 55.960803
-Trial 753 0 43227998 56.020983
-Trial 754 0 43227998 56.021460
-Trial 755 0 43227998 56.025425
-Trial 756 0 43227998 56.040108
-Trial 757 0 43227998 56.053939
-Trial 758 0 43227998 56.059600
-Trial 759 0 43227998 56.063850
-Trial 760 0 43227998 56.078872
-Trial 761 0 43227998 56.182393
-Trial 762 0 43227998 56.193479
-Trial 763 0 43227998 56.329882
-Trial 764 0 43227998 56.358100
-Trial 765 0 43227998 56.365852
* 766: Cost = 0_43170153, Time = 54.19 sec. 
-Trial 766 0 43170153 56.374151
-Trial 767 0 43170153 56.401161
-Trial 768 0 43170153 56.427070
-Trial 769 0 43170153 56.432489
* 770: Cost = 0_43106400, Time = 54.26 sec. 
-Trial 770 0 43106400 56.441213
-Trial 771 0 43106400 56.445005
-Trial 772 0 43106400 56.475290
* 773: Cost = 0_43038518, Time = 54.30 sec. 
-Trial 773 0 43038518 56.488058
-Trial 774 0 43038518 56.526584
-Trial 775 0 43038518 56.528948
-Trial 776 0 43038518 56.550909
-Trial 777 0 43038518 56.564948
-Trial 778 0 43038518 56.592966
-Trial 779 0 43038518 56.634884
-Trial 780 0 43038518 56.686729
-Trial 781 0 43038518 56.720006
* 782: Cost = 0_42968071, Time = 54.58 sec. 
-Trial 782 0 42968071 56.759430
-Trial 783 0 42968071 56.798079
-Trial 784 0 42968071 56.807766
-Trial 785 0 42968071 56.836233
-Trial 786 0 42968071 56.843666
-Trial 787 0 42968071 56.858597
-Trial 788 0 42968071 56.994921
-Trial 789 0 42968071 57.028700
-Trial 790 0 42968071 57.086659
-Trial 791 0 42968071 57.096317
-Trial 792 0 42968071 57.114989
-Trial 793 0 42968071 57.122807
-Trial 794 0 42968071 57.133995
-Trial 795 0 42968071 57.187680
-Trial 796 0 42968071 57.193270
-Trial 797 0 42968071 57.321568
* 798: Cost = 0_42944314, Time = 55.16 sec. 
-Trial 798 0 42944314 57.345597
-Trial 799 0 42944314 57.452478
-Trial 800 0 42944314 57.452986
-Trial 801 0 42944314 57.460248
* 802: Cost = 0_42882834, Time = 55.29 sec. 
-Trial 802 0 42882834 57.475660
-Trial 803 0 42882834 57.503638
-Trial 804 0 42882834 57.516742
-Trial 805 0 42882834 57.607231
-Trial 806 0 42882834 57.698022
-Trial 807 0 42882834 57.703250
-Trial 808 0 42882834 57.713156
-Trial 809 0 42882834 57.735800
-Trial 810 0 42882834 57.739917
-Trial 811 0 42882834 57.741904
-Trial 812 0 42882834 57.755144
-Trial 813 0 42882834 57.825816
-Trial 814 0 42882834 57.830321
-Trial 815 0 42882834 57.864897
-Trial 816 0 42882834 57.867548
-Trial 817 0 42882834 57.890086
-Trial 818 0 42882834 57.924390
-Trial 819 0 42882834 57.932844
-Trial 820 0 42882834 57.987740
-Trial 821 0 42882834 58.042226
-Trial 822 0 42882834 58.043249
-Trial 823 0 42882834 58.063339
-Trial 824 0 42882834 58.068667
-Trial 825 0 42882834 58.085348
-Trial 826 0 42882834 58.219306
-Trial 827 0 42882834 58.267179
-Trial 828 0 42882834 58.276937
-Trial 829 0 42882834 58.284094
-Trial 830 0 42882834 58.334887
-Trial 831 0 42882834 58.340563
-Trial 832 0 42882834 58.407166
-Trial 833 0 42882834 58.452923
-Trial 834 0 42882834 58.492425
-Trial 835 0 42882834 58.506173
* 836: Cost = 0_42822929, Time = 56.33 sec. 
-Trial 836 0 42822929 58.517194
-Trial 837 0 42822929 58.555880
-Trial 838 0 42822929 58.637544
-Trial 839 0 42822929 58.697485
-Trial 840 0 42822929 58.752583
-Trial 841 0 42822929 58.754769
-Trial 842 0 42822929 58.760554
-Trial 843 0 42822929 58.784019
* 844: Cost = 0_42808515, Time = 56.62 sec. 
-Trial 844 0 42808515 58.801862
-Trial 845 0 42808515 58.872822
-Trial 846 0 42808515 58.888209
-Trial 847 0 42808515 59.008690
-Trial 848 0 42808515 59.064427
-Trial 849 0 42808515 59.081615
-Trial 850 0 42808515 59.089105
-Trial 851 0 42808515 59.126674
* 852: Cost = 0_42803834, Time = 56.95 sec. 
-Trial 852 0 42803834 59.130040
-Trial 853 0 42803834 59.182204
-Trial 854 0 42803834 59.296645
-Trial 855 0 42803834 59.304495
-Trial 856 0 42803834 59.317737
-Trial 857 0 42803834 59.335035
-Trial 858 0 42803834 59.344717
-Trial 859 0 42803834 59.531785
-Trial 860 0 42803834 59.565422
-Trial 861 0 42803834 59.580396
-Trial 862 0 42803834 59.610792
-Trial 863 0 42803834 59.619069
-Trial 864 0 42803834 59.647327
-Trial 865 0 42803834 59.663714
-Trial 866 0 42803834 59.680814
-Trial 867 0 42803834 59.789346
-Trial 868 0 42803834 59.793429
-Trial 869 0 42803834 59.856304
-Trial 870 0 42803834 59.884975
-Trial 871 0 42803834 59.891657
-Trial 872 0 42803834 59.905756
-Trial 873 0 42803834 59.923713
-Trial 874 0 42803834 59.956542
-Trial 875 0 42803834 59.958804
-Trial 876 0 42803834 59.965723
-Trial 877 0 42803834 59.986266
-Trial 878 0 42803834 59.993258
-Trial 879 0 42803834 60.001688
-Trial 880 0 42803834 60.008032
-Trial 881 0 42803834 60.036754
-Trial 882 0 42803834 60.052709
-Trial 883 0 42803834 60.077378
-Trial 884 0 42803834 60.128408
-Trial 885 0 42803834 60.132864
-Trial 886 0 42803834 60.161298
-Trial 887 0 42803834 60.170164
-Trial 888 0 42803834 60.204385
-Trial 889 0 42803834 60.207684
-Trial 890 0 42803834 60.218442
-Trial 891 0 42803834 60.220601
-Trial 892 0 42803834 60.263243
-Trial 893 0 42803834 60.281608
-Trial 894 0 42803834 60.425764
-Trial 895 0 42803834 60.464237
-Trial 896 0 42803834 60.489534
-Trial 897 0 42803834 60.505381
-Trial 898 0 42803834 60.506394
-Trial 899 0 42803834 60.618434
-Trial 900 0 42803834 60.651537
-Trial 901 0 42803834 61.063887
-Trial 902 0 42803834 61.080946
-Trial 903 0 42803834 61.097812
* 904: Cost = 0_42783560, Time = 59.00 sec. 
-Trial 904 0 42783560 61.185922
-Trial 905 0 42783560 61.187203
-Trial 906 0 42783560 61.279548
-Trial 907 0 42783560 61.288482
* 908: Cost = 0_42753169, Time = 59.13 sec. 
-Trial 908 0 42753169 61.316661
* 909: Cost = 0_42682086, Time = 59.21 sec. 
-Trial 909 0 42682086 61.396169
-Trial 910 0 42682086 61.403812
-Trial 911 0 42682086 61.445328
-Trial 912 0 42682086 61.460367
-Trial 913 0 42682086 61.464010
-Trial 914 0 42682086 61.464615
-Trial 915 0 42682086 61.476465
-Trial 916 0 42682086 61.480940
-Trial 917 0 42682086 61.598227
-Trial 918 0 42682086 61.652042
-Trial 919 0 42682086 61.672417
-Trial 920 0 42682086 61.696455
-Trial 921 0 42682086 61.756283
-Trial 922 0 42682086 61.780654
-Trial 923 0 42682086 61.826368
-Trial 924 0 42682086 61.937971
-Trial 925 0 42682086 61.945957
-Trial 926 0 42682086 61.950315
-Trial 927 0 42682086 61.963499
-Trial 928 0 42682086 62.052382
-Trial 929 0 42682086 62.060981
-Trial 930 0 42682086 62.069842
-Trial 931 0 42682086 62.111666
-Trial 932 0 42682086 62.127310
-Trial 933 0 42682086 62.140792
-Trial 934 0 42682086 62.156947
-Trial 935 0 42682086 62.198679
-Trial 936 0 42682086 62.226300
-Trial 937 0 42682086 62.228031
-Trial 938 0 42682086 62.249649
-Trial 939 0 42682086 62.258853
-Trial 940 0 42682086 62.268423
-Trial 941 0 42682086 62.475746
-Trial 942 0 42682086 62.543305
-Trial 943 0 42682086 62.619389
-Trial 944 0 42682086 62.664843
-Trial 945 0 42682086 62.668776
-Trial 946 0 42682086 62.684753
-Trial 947 0 42682086 62.759351
-Trial 948 0 42682086 62.829187
-Trial 949 0 42682086 62.863624
-Trial 950 0 42682086 62.903969
-Trial 951 0 42682086 62.911103
-Trial 952 0 42682086 62.937814
-Trial 953 0 42682086 62.981704
-Trial 954 0 42682086 63.044201
-Trial 955 0 42682086 63.088357
-Trial 956 0 42682086 63.093716
-Trial 957 0 42682086 63.118354
-Trial 958 0 42682086 63.169839
-Trial 959 0 42682086 63.182810
* 960: Cost = 0_42643014, Time = 61.05 sec. 
-Trial 960 0 42643014 63.232717
-Trial 961 0 42643014 63.236086
-Trial 962 0 42643014 63.239964
-Trial 963 0 42643014 63.252206
-Trial 964 0 42643014 63.271064
-Trial 965 0 42643014 63.274076
-Trial 966 0 42643014 63.295677
-Trial 967 0 42643014 63.339701
-Trial 968 0 42643014 63.518452
-Trial 969 0 42643014 63.532687
-Trial 970 0 42643014 63.566369
-Trial 971 0 42643014 63.609852
-Trial 972 0 42643014 63.610341
-Trial 973 0 42643014 63.645225
* 974: Cost = 0_42631592, Time = 61.51 sec. 
-Trial 974 0 42631592 63.696406
-Trial 975 0 42631592 63.722993
-Trial 976 0 42631592 63.728782
-Trial 977 0 42631592 63.741202
-Trial 978 0 42631592 63.754361
-Trial 979 0 42631592 63.798366
-Trial 980 0 42631592 63.823088
-Trial 981 0 42631592 63.829299
-Trial 982 0 42631592 63.843600
-Trial 983 0 42631592 63.851972
-Trial 984 0 42631592 63.877288
-Trial 985 0 42631592 63.896848
* 986: Cost = 0_42613989, Time = 61.72 sec. 
-Trial 986 0 42613989 63.908638
-Trial 987 0 42613989 63.932775
-Trial 988 0 42613989 63.961739
-Trial 989 0 42613989 64.032390
-Trial 990 0 42613989 64.050793
-Trial 991 0 42613989 64.072667
-Trial 992 0 42613989 64.091937
-Trial 993 0 42613989 64.123433
-Trial 994 0 42613989 64.131760
-Trial 995 0 42613989 64.138564
-Trial 996 0 42613989 64.348771
-Trial 997 0 42613989 64.410999
-Trial 998 0 42613989 64.433818
-Trial 999 0 42613989 64.437737
-Trial 1000 0 42613989 64.446765
Population:
  1: 0_42613989
Run 1: Cost = 0_42613989, Time = 62.26 sec. 

Successes/Runs = 0/1 
Cost.min = 42613989, Cost.avg = 42613989.00, Cost.max = 42613989
Gap.min = 0.0000%, Gap.avg = 0.0000%, Gap.max = 0.0000%
Penalty.min = 0, Penalty.avg = 0.00, Penalty.max = 0
Trials.min = 1000, Trials.avg = 1000.0, Trials.max = 1000
Time.min = 62.26 sec., Time.avg = 62.26 sec., Time.max = 62.26 sec.
Time.total = 64.45 sec.
  Size.min = 5, Size.max = 38, Penalty = 0
  Cost.min = 249617, Cost.max = 3560316, Cost.sum = 42613989
Best CVRPTW solution:
  Cost = 0_42613989
1 241 40 302 451 300 117 164 78 47 423 193 209 188 88 59 150 131 314 352 101 389 285 427 346 99 165 5 498 251 174 324 143 505 280 342 441 225 247 297 310 219 8 167 102 108 140 344 119 137 36 106 48 245 130 363 178 82 70 138 118 184 216 258 158 513 398 73 267 486 224 3 404 350 159 442 372 13 182 458 473 500 180 365 369 491 452 301 17 515 429 236 420 411 84 177 333 282 74 435 291 83 274 446 134 97 428 465 436 239 161 71 242 211 400 475 185 266 142 172 509 316 364 244 110 397 44 152 205 202 298 468 405 514 233 445 90 289 60 413 31 387 128 327 122 176 186 437 401 462 388 46 215 95 283 268 328 213 63 399 162 229 362 334 264 503 293 42 358 497 381 271 58 68 11 345 61 231 495 418 114 386 156 38 470 253 94 124 374 504 288 105 315 9 480 359 189 484 62 321 15 157 406 6 281 390 19 276 455 96 292 192 375 331 510 439 148 431 325 170 489 201 179 448 125 339 100 319 460 54 136 173 26 29 259 477 89 27 471 457 496 133 416 467 204 368 252 520 278 77 422 203 183 109 308 376 332 261 483 478 343 518 474 456 235 2 107 104 338 320 199 464 469 449 395 366 260 472 32 318 433 37 476 160 270 426 265 481 243 373 355 217 69 306 187 218 255 392 517 482 115 20 394 432 414 440 18 191 329 286 305 146 171 371 139 196 377 421 228 237 221 7 335 55 384 116 12 41 461 419 103 28 126 275 507 14 195 348 269 33 506 35 341 330 340 492 402 360 450 246 72 383 417 438 488 200 385 490 30 516 21 175 279 207 208 22 212 223 92 111 210 466 250 120 403 361 367 337 295 254 64 51 147 135 311 67 299 248 508 39 91 382 396 277 75 169 238 380 86 226 257 313 412 290 501 190 273 168 287 485 93 163 155 121 307 50 66 409 312 443 65 487 256 453 415 434 113 511 354 23 16 181 151 206 304 197 76 425 79 198 430 294 512 447 127 296 57 10 153 410 249 230 81 220 56 85 353 262 144 357 347 272 391 444 141 463 479 499 25 80 214 494 502 378 123 112 356 4 309 326 323 349 194 145 227 459 370 424 49 45 493 408 519 87 454 240 407 132 24 98 379 284 53 303 222 166 263 232 393 34 234 149 52 351 336 317 129 43 322 154 1 
