PARAMETER_FILE = result/cvrptw_500/LKH_para/340.para
Reading PROBLEM_FILE: "result/cvrptw_500/cvrptw/340.cvrptw" ... done
ASCENT_CANDIDATES = 50
BACKBONE_TRIALS = 0
BACKTRACKING = NO
# BWTSP =
# CANDIDATE_FILE =
CANDIDATE_SET_TYPE = ALPHA
DEPOT = 1
# EDGE_FILE =
EXCESS = 0.0384615
EXTERNAL_SALESMEN = 0
EXTRA_CANDIDATES = 0 
EXTRA_CANDIDATE_SET_TYPE = QUADRANT
GAIN23 = NO
GAIN_CRITERION = YES
INITIAL_PERIOD = 520
INITIAL_STEP_SIZE = 1
INITIAL_TOUR_ALGORITHM = WALK
# INITIAL_TOUR_FILE = 
INITIAL_TOUR_FRACTION = 1.000
# INPUT_TOUR_FILE = 
KICK_TYPE = 4
KICKS = 1
# MAX_BREADTH =
MAKESPAN = NO
MAX_CANDIDATES = 5 
MAX_SWAPS = 0
MAX_TRIALS = 1000
# MERGE_TOUR_FILE =
MOVE_TYPE = 5 SPECIAL
MTSP_MIN_SIZE = 1
MTSP_MAX_SIZE = 1039
# MTSP_SOLUTION_FILE = 
# NONSEQUENTIAL_MOVE_TYPE = 5
# OPTIMUM =
# OUTPUT_TOUR_FILE = 
PATCHING_A = 1 
PATCHING_C = 0 
# PI_FILE = 
POPMUSIC_INITIAL_TOUR = NO
POPMUSIC_MAX_NEIGHBORS = 5
POPMUSIC_SAMPLE_SIZE = 10
POPMUSIC_SOLUTIONS = 50
POPMUSIC_TRIALS = 1
POPULATION_SIZE = 10
PRECISION = 100
PROBLEM_FILE = result/cvrptw_500/cvrptw/340.cvrptw
RECOMBINATION = IPT
RESTRICTED_SEARCH = YES
RUNS = 1
SALESMEN = 20
SCALE = 1
SEED = 1234
# SINTEF_SOLUTION_FILE = 
STOP_AT_OPTIMUM = YES
SUBGRADIENT = YES
# SUBPROBLEM_SIZE =
# SUBPROBLEM_TOUR_FILE = 
SUBSEQUENT_MOVE_TYPE = 5 SPECIAL
SUBSEQUENT_PATCHING = YES
# TIME_LIMIT =
# TOUR_FILE = 
TRACE_LEVEL = 1
VEHICLES = 20

Lower bound = 24532914.4, Ascent time = 2.07 sec.
Cand.min = 5, Cand.avg = 5.0, Cand.max = 5
Edges.fixed = 520 [Cost = 0]
Preprocessing time = 2.15 sec.
* 1: Cost = 2556201_59086354, Time = 4.27 sec. 
-Trial 1 2556201 59086354 6.432871
-Trial 2 2556201 59086354 6.507422
-Trial 3 2556201 59086354 6.876200
-Trial 4 2556201 59086354 7.260357
-Trial 5 2556201 59086354 8.287913
* 6: Cost = 1722564_60003065, Time = 6.33 sec. 
-Trial 6 1722564 60003065 8.493077
* 7: Cost = 153680_60814360, Time = 6.50 sec. 
-Trial 7 153680 60814360 8.662171
-Trial 8 153680 60814360 8.720773
* 9: Cost = 153680_58818501, Time = 6.87 sec. 
-Trial 9 153680 58818501 9.035050
* 10: Cost = 153680_58608107, Time = 6.95 sec. 
-Trial 10 153680 58608107 9.112562
* 11: Cost = 153680_58302312, Time = 7.04 sec. 
-Trial 11 153680 58302312 9.201154
* 12: Cost = 110071_58149932, Time = 7.15 sec. 
-Trial 12 110071 58149932 9.307686
-Trial 13 110071 58149932 9.442274
-Trial 14 110071 58149932 9.463030
-Trial 15 110071 58149932 9.504450
* 16: Cost = 50491_57040760, Time = 7.65 sec. 
-Trial 16 50491 57040760 9.816221
-Trial 17 50491 57040760 9.873272
-Trial 18 50491 57040760 9.908129
-Trial 19 50491 57040760 9.959708
-Trial 20 50491 57040760 9.988780
-Trial 21 50491 57040760 10.100449
-Trial 22 50491 57040760 10.153471
-Trial 23 50491 57040760 10.205421
-Trial 24 50491 57040760 10.228822
* 25: Cost = 0_57216346, Time = 8.10 sec. 
-Trial 25 0 57216346 10.258426
-Trial 26 0 57216346 10.302558
-Trial 27 0 57216346 10.308978
-Trial 28 0 57216346 10.437669
-Trial 29 0 57216346 10.629078
* 30: Cost = 0_56561421, Time = 8.54 sec. 
-Trial 30 0 56561421 10.703025
-Trial 31 0 56561421 10.707151
* 32: Cost = 0_56376703, Time = 8.57 sec. 
-Trial 32 0 56376703 10.734385
-Trial 33 0 56376703 10.815579
* 34: Cost = 0_56358850, Time = 8.79 sec. 
-Trial 34 0 56358850 10.952004
* 35: Cost = 0_56307731, Time = 8.83 sec. 
-Trial 35 0 56307731 10.991263
-Trial 36 0 56307731 10.997559
-Trial 37 0 56307731 11.047367
* 38: Cost = 0_55478046, Time = 8.96 sec. 
-Trial 38 0 55478046 11.121437
* 39: Cost = 0_54651212, Time = 8.98 sec. 
-Trial 39 0 54651212 11.145388
* 40: Cost = 0_54385923, Time = 8.99 sec. 
-Trial 40 0 54385923 11.154365
* 41: Cost = 0_54071061, Time = 9.00 sec. 
-Trial 41 0 54071061 11.162982
* 42: Cost = 0_54013742, Time = 9.19 sec. 
-Trial 42 0 54013742 11.355140
* 43: Cost = 0_54010796, Time = 9.22 sec. 
-Trial 43 0 54010796 11.377118
-Trial 44 0 54010796 11.500477
-Trial 45 0 54010796 11.549570
-Trial 46 0 54010796 11.644017
-Trial 47 0 54010796 11.689045
* 48: Cost = 0_54001972, Time = 9.54 sec. 
-Trial 48 0 54001972 11.704947
-Trial 49 0 54001972 11.714362
* 50: Cost = 0_53901795, Time = 9.56 sec. 
-Trial 50 0 53901795 11.717665
* 51: Cost = 0_53900355, Time = 9.56 sec. 
-Trial 51 0 53900355 11.721942
-Trial 52 0 53900355 11.725400
-Trial 53 0 53900355 11.726246
-Trial 54 0 53900355 11.737638
-Trial 55 0 53900355 11.742842
* 56: Cost = 0_53694447, Time = 9.63 sec. 
-Trial 56 0 53694447 11.789344
-Trial 57 0 53694447 11.795702
-Trial 58 0 53694447 11.798603
* 59: Cost = 0_53389806, Time = 9.73 sec. 
-Trial 59 0 53389806 11.886201
-Trial 60 0 53389806 11.981391
* 61: Cost = 0_52989388, Time = 9.91 sec. 
-Trial 61 0 52989388 12.069425
* 62: Cost = 0_52978407, Time = 9.93 sec. 
-Trial 62 0 52978407 12.091975
-Trial 63 0 52978407 12.160830
* 64: Cost = 0_52546580, Time = 10.11 sec. 
-Trial 64 0 52546580 12.269689
* 65: Cost = 0_52383022, Time = 10.12 sec. 
-Trial 65 0 52383022 12.282826
-Trial 66 0 52383022 12.297294
-Trial 67 0 52383022 12.349132
-Trial 68 0 52383022 12.357135
* 69: Cost = 0_52246953, Time = 10.29 sec. 
-Trial 69 0 52246953 12.452083
-Trial 70 0 52246953 12.513459
-Trial 71 0 52246953 12.552094
-Trial 72 0 52246953 12.745070
* 73: Cost = 0_52153560, Time = 10.59 sec. 
-Trial 73 0 52153560 12.754712
-Trial 74 0 52153560 12.779237
* 75: Cost = 0_52070557, Time = 10.68 sec. 
-Trial 75 0 52070557 12.842081
-Trial 76 0 52070557 12.863042
* 77: Cost = 0_51981488, Time = 10.95 sec. 
-Trial 77 0 51981488 13.107571
-Trial 78 0 51981488 13.114718
* 79: Cost = 0_51966286, Time = 11.00 sec. 
-Trial 79 0 51966286 13.166016
-Trial 80 0 51966286 13.203926
-Trial 81 0 51966286 13.233101
-Trial 82 0 51966286 13.248123
* 83: Cost = 0_51883390, Time = 11.11 sec. 
-Trial 83 0 51883390 13.266321
* 84: Cost = 0_51754780, Time = 11.11 sec. 
-Trial 84 0 51754780 13.272777
* 85: Cost = 0_51547689, Time = 11.13 sec. 
-Trial 85 0 51547689 13.287050
-Trial 86 0 51547689 13.299488
-Trial 87 0 51547689 13.383502
-Trial 88 0 51547689 13.403334
-Trial 89 0 51547689 13.431793
-Trial 90 0 51547689 13.452638
-Trial 91 0 51547689 13.560091
-Trial 92 0 51547689 13.566845
-Trial 93 0 51547689 13.578697
* 94: Cost = 0_51541282, Time = 11.44 sec. 
-Trial 94 0 51541282 13.603625
* 95: Cost = 0_51085864, Time = 11.64 sec. 
-Trial 95 0 51085864 13.802524
* 96: Cost = 0_51082339, Time = 11.65 sec. 
-Trial 96 0 51082339 13.811943
-Trial 97 0 51082339 14.064533
* 98: Cost = 0_50974426, Time = 11.92 sec. 
-Trial 98 0 50974426 14.085776
-Trial 99 0 50974426 14.185723
* 100: Cost = 0_50875396, Time = 12.09 sec. 
-Trial 100 0 50875396 14.255071
-Trial 101 0 50875396 14.289582
-Trial 102 0 50875396 14.291182
-Trial 103 0 50875396 14.314833
-Trial 104 0 50875396 14.340787
-Trial 105 0 50875396 14.349971
-Trial 106 0 50875396 14.404010
-Trial 107 0 50875396 14.408074
-Trial 108 0 50875396 14.492473
* 109: Cost = 0_50754115, Time = 12.35 sec. 
-Trial 109 0 50754115 14.506226
* 110: Cost = 0_50430351, Time = 12.37 sec. 
-Trial 110 0 50430351 14.535651
* 111: Cost = 0_49572052, Time = 12.42 sec. 
-Trial 111 0 49572052 14.583415
-Trial 112 0 49572052 14.963847
-Trial 113 0 49572052 14.969592
-Trial 114 0 49572052 14.982327
-Trial 115 0 49572052 15.045689
* 116: Cost = 0_49223336, Time = 12.97 sec. 
-Trial 116 0 49223336 15.128457
* 117: Cost = 0_49008774, Time = 13.07 sec. 
-Trial 117 0 49008774 15.230760
* 118: Cost = 0_48956504, Time = 13.11 sec. 
-Trial 118 0 48956504 15.266952
* 119: Cost = 0_48713045, Time = 13.18 sec. 
-Trial 119 0 48713045 15.336837
-Trial 120 0 48713045 15.351294
-Trial 121 0 48713045 15.454535
-Trial 122 0 48713045 15.494493
-Trial 123 0 48713045 15.503231
-Trial 124 0 48713045 15.562337
* 125: Cost = 0_48565055, Time = 13.41 sec. 
-Trial 125 0 48565055 15.571013
* 126: Cost = 0_48503456, Time = 13.43 sec. 
-Trial 126 0 48503456 15.589668
* 127: Cost = 0_48351420, Time = 13.44 sec. 
-Trial 127 0 48351420 15.605045
-Trial 128 0 48351420 15.683761
-Trial 129 0 48351420 15.702783
-Trial 130 0 48351420 15.713489
-Trial 131 0 48351420 15.724843
* 132: Cost = 0_48310455, Time = 13.58 sec. 
-Trial 132 0 48310455 15.737358
-Trial 133 0 48310455 15.741797
-Trial 134 0 48310455 15.793905
-Trial 135 0 48310455 15.800044
-Trial 136 0 48310455 15.803037
* 137: Cost = 0_48079572, Time = 13.68 sec. 
-Trial 137 0 48079572 15.836795
* 138: Cost = 0_48071069, Time = 13.73 sec. 
-Trial 138 0 48071069 15.893458
* 139: Cost = 0_48050018, Time = 13.74 sec. 
-Trial 139 0 48050018 15.897167
* 140: Cost = 0_48035667, Time = 13.74 sec. 
-Trial 140 0 48035667 15.905844
-Trial 141 0 48035667 15.909043
-Trial 142 0 48035667 15.944210
* 143: Cost = 0_47751547, Time = 13.79 sec. 
-Trial 143 0 47751547 15.950546
-Trial 144 0 47751547 15.975302
-Trial 145 0 47751547 16.072870
-Trial 146 0 47751547 16.252855
-Trial 147 0 47751547 16.277411
-Trial 148 0 47751547 16.286485
-Trial 149 0 47751547 16.349073
-Trial 150 0 47751547 16.382428
-Trial 151 0 47751547 16.395392
-Trial 152 0 47751547 16.468881
-Trial 153 0 47751547 16.470097
* 154: Cost = 0_47549633, Time = 14.32 sec. 
-Trial 154 0 47549633 16.483869
* 155: Cost = 0_47514504, Time = 14.33 sec. 
-Trial 155 0 47514504 16.490390
-Trial 156 0 47514504 16.497759
-Trial 157 0 47514504 16.524932
* 158: Cost = 0_47381199, Time = 14.47 sec. 
-Trial 158 0 47381199 16.633917
-Trial 159 0 47381199 16.641579
-Trial 160 0 47381199 16.653292
-Trial 161 0 47381199 16.703650
-Trial 162 0 47381199 16.751412
-Trial 163 0 47381199 16.770927
-Trial 164 0 47381199 16.776979
-Trial 165 0 47381199 16.818332
-Trial 166 0 47381199 16.820532
-Trial 167 0 47381199 16.837223
* 168: Cost = 0_47315788, Time = 14.76 sec. 
-Trial 168 0 47315788 16.920228
-Trial 169 0 47315788 16.938122
* 170: Cost = 0_47311694, Time = 14.87 sec. 
-Trial 170 0 47311694 17.035815
-Trial 171 0 47311694 17.058815
-Trial 172 0 47311694 17.101863
-Trial 173 0 47311694 17.111489
* 174: Cost = 0_47206617, Time = 14.97 sec. 
-Trial 174 0 47206617 17.126284
-Trial 175 0 47206617 17.172750
-Trial 176 0 47206617 17.183883
-Trial 177 0 47206617 17.216325
-Trial 178 0 47206617 17.224115
-Trial 179 0 47206617 17.231527
-Trial 180 0 47206617 17.356430
-Trial 181 0 47206617 17.369844
-Trial 182 0 47206617 17.491436
-Trial 183 0 47206617 17.497182
-Trial 184 0 47206617 17.553139
-Trial 185 0 47206617 17.553618
-Trial 186 0 47206617 17.562080
-Trial 187 0 47206617 17.641333
-Trial 188 0 47206617 17.682459
-Trial 189 0 47206617 17.687056
-Trial 190 0 47206617 17.699233
-Trial 191 0 47206617 17.784104
-Trial 192 0 47206617 17.798572
-Trial 193 0 47206617 17.803135
-Trial 194 0 47206617 18.049602
-Trial 195 0 47206617 18.082901
-Trial 196 0 47206617 18.084044
-Trial 197 0 47206617 18.126922
-Trial 198 0 47206617 18.167290
-Trial 199 0 47206617 18.198833
-Trial 200 0 47206617 18.204190
-Trial 201 0 47206617 18.238583
-Trial 202 0 47206617 18.261644
-Trial 203 0 47206617 18.268511
-Trial 204 0 47206617 18.276720
-Trial 205 0 47206617 18.281929
-Trial 206 0 47206617 18.316671
-Trial 207 0 47206617 18.338052
-Trial 208 0 47206617 18.391481
-Trial 209 0 47206617 18.546376
-Trial 210 0 47206617 18.546916
* 211: Cost = 0_47193662, Time = 16.48 sec. 
-Trial 211 0 47193662 18.637776
-Trial 212 0 47193662 18.645871
-Trial 213 0 47193662 18.667804
-Trial 214 0 47193662 18.669365
-Trial 215 0 47193662 18.674752
-Trial 216 0 47193662 18.752774
-Trial 217 0 47193662 18.784364
-Trial 218 0 47193662 18.823446
* 219: Cost = 0_47176873, Time = 16.67 sec. 
-Trial 219 0 47176873 18.829839
-Trial 220 0 47176873 18.840588
* 221: Cost = 0_47079530, Time = 16.79 sec. 
-Trial 221 0 47079530 18.953685
-Trial 222 0 47079530 18.998922
-Trial 223 0 47079530 19.005635
-Trial 224 0 47079530 19.011703
-Trial 225 0 47079530 19.055068
-Trial 226 0 47079530 19.110284
-Trial 227 0 47079530 19.120517
-Trial 228 0 47079530 19.248933
-Trial 229 0 47079530 19.270019
-Trial 230 0 47079530 19.271351
-Trial 231 0 47079530 19.322122
* 232: Cost = 0_47040295, Time = 17.18 sec. 
-Trial 232 0 47040295 19.340359
-Trial 233 0 47040295 19.346168
* 234: Cost = 0_47037881, Time = 17.23 sec. 
-Trial 234 0 47037881 19.392606
-Trial 235 0 47037881 19.442467
-Trial 236 0 47037881 19.468446
-Trial 237 0 47037881 19.537244
-Trial 238 0 47037881 19.544349
-Trial 239 0 47037881 19.559127
-Trial 240 0 47037881 19.687606
-Trial 241 0 47037881 19.712888
-Trial 242 0 47037881 19.724669
-Trial 243 0 47037881 19.766816
-Trial 244 0 47037881 19.767206
-Trial 245 0 47037881 19.803815
-Trial 246 0 47037881 19.814739
-Trial 247 0 47037881 19.815141
-Trial 248 0 47037881 19.821488
-Trial 249 0 47037881 19.825984
-Trial 250 0 47037881 19.845140
-Trial 251 0 47037881 19.883108
-Trial 252 0 47037881 19.898075
-Trial 253 0 47037881 19.907123
-Trial 254 0 47037881 19.989659
-Trial 255 0 47037881 20.013422
-Trial 256 0 47037881 20.049465
-Trial 257 0 47037881 20.096871
-Trial 258 0 47037881 20.110363
-Trial 259 0 47037881 20.209116
-Trial 260 0 47037881 20.215910
-Trial 261 0 47037881 20.360007
-Trial 262 0 47037881 20.368665
-Trial 263 0 47037881 20.424199
-Trial 264 0 47037881 20.427740
-Trial 265 0 47037881 20.447619
-Trial 266 0 47037881 20.484054
-Trial 267 0 47037881 20.488865
-Trial 268 0 47037881 20.500254
-Trial 269 0 47037881 20.525415
* 270: Cost = 0_47037098, Time = 18.37 sec. 
-Trial 270 0 47037098 20.535542
-Trial 271 0 47037098 20.574886
-Trial 272 0 47037098 20.669460
* 273: Cost = 0_47028596, Time = 18.52 sec. 
-Trial 273 0 47028596 20.680699
-Trial 274 0 47028596 20.750369
-Trial 275 0 47028596 20.786819
-Trial 276 0 47028596 20.894332
-Trial 277 0 47028596 20.939532
-Trial 278 0 47028596 20.953986
-Trial 279 0 47028596 20.954615
* 280: Cost = 0_47008188, Time = 18.85 sec. 
-Trial 280 0 47008188 21.006939
-Trial 281 0 47008188 21.038471
-Trial 282 0 47008188 21.042174
-Trial 283 0 47008188 21.057020
* 284: Cost = 0_46971325, Time = 18.91 sec. 
-Trial 284 0 46971325 21.072368
-Trial 285 0 46971325 21.085575
* 286: Cost = 0_46920876, Time = 18.93 sec. 
-Trial 286 0 46920876 21.091862
-Trial 287 0 46920876 21.127256
-Trial 288 0 46920876 21.132128
-Trial 289 0 46920876 21.144963
-Trial 290 0 46920876 21.164760
-Trial 291 0 46920876 21.166885
-Trial 292 0 46920876 21.168395
-Trial 293 0 46920876 21.178918
-Trial 294 0 46920876 21.205487
* 295: Cost = 0_46902332, Time = 19.16 sec. 
-Trial 295 0 46902332 21.322830
-Trial 296 0 46902332 21.418066
-Trial 297 0 46902332 21.421229
-Trial 298 0 46902332 21.428705
-Trial 299 0 46902332 21.432156
-Trial 300 0 46902332 21.457346
-Trial 301 0 46902332 21.493105
-Trial 302 0 46902332 21.654727
-Trial 303 0 46902332 21.662074
-Trial 304 0 46902332 21.682189
-Trial 305 0 46902332 21.718518
-Trial 306 0 46902332 21.727217
-Trial 307 0 46902332 21.807875
-Trial 308 0 46902332 21.862598
-Trial 309 0 46902332 21.866193
-Trial 310 0 46902332 21.902635
* 311: Cost = 0_46863161, Time = 19.77 sec. 
-Trial 311 0 46863161 21.934118
-Trial 312 0 46863161 21.943862
-Trial 313 0 46863161 21.950081
-Trial 314 0 46863161 21.957474
-Trial 315 0 46863161 21.958152
-Trial 316 0 46863161 22.012983
-Trial 317 0 46863161 22.031157
-Trial 318 0 46863161 22.128503
-Trial 319 0 46863161 22.146451
-Trial 320 0 46863161 22.149062
-Trial 321 0 46863161 22.152434
-Trial 322 0 46863161 22.166605
-Trial 323 0 46863161 22.174716
-Trial 324 0 46863161 22.182640
-Trial 325 0 46863161 22.188331
-Trial 326 0 46863161 22.256124
-Trial 327 0 46863161 22.265606
-Trial 328 0 46863161 22.270907
-Trial 329 0 46863161 22.293807
-Trial 330 0 46863161 22.313657
-Trial 331 0 46863161 22.340010
-Trial 332 0 46863161 22.408138
-Trial 333 0 46863161 22.414922
* 334: Cost = 0_46853584, Time = 20.26 sec. 
-Trial 334 0 46853584 22.418935
-Trial 335 0 46853584 22.453997
-Trial 336 0 46853584 22.469855
-Trial 337 0 46853584 22.475711
-Trial 338 0 46853584 22.493313
-Trial 339 0 46853584 22.505697
* 340: Cost = 0_46851609, Time = 20.37 sec. 
-Trial 340 0 46851609 22.532576
-Trial 341 0 46851609 22.576848
-Trial 342 0 46851609 22.581472
-Trial 343 0 46851609 22.603119
-Trial 344 0 46851609 22.613781
-Trial 345 0 46851609 22.627144
-Trial 346 0 46851609 22.643479
-Trial 347 0 46851609 22.658407
-Trial 348 0 46851609 22.685461
-Trial 349 0 46851609 22.700253
-Trial 350 0 46851609 22.708860
-Trial 351 0 46851609 22.748773
-Trial 352 0 46851609 22.778215
-Trial 353 0 46851609 22.814460
-Trial 354 0 46851609 22.830877
-Trial 355 0 46851609 22.897035
-Trial 356 0 46851609 22.909098
-Trial 357 0 46851609 22.922542
-Trial 358 0 46851609 22.947596
-Trial 359 0 46851609 23.012438
-Trial 360 0 46851609 23.052788
-Trial 361 0 46851609 23.116687
-Trial 362 0 46851609 23.136889
-Trial 363 0 46851609 23.145649
-Trial 364 0 46851609 23.155647
-Trial 365 0 46851609 23.194849
-Trial 366 0 46851609 23.221058
-Trial 367 0 46851609 23.314095
-Trial 368 0 46851609 23.327920
-Trial 369 0 46851609 23.351014
-Trial 370 0 46851609 23.372645
-Trial 371 0 46851609 23.433819
-Trial 372 0 46851609 23.452623
-Trial 373 0 46851609 23.575958
-Trial 374 0 46851609 23.576392
-Trial 375 0 46851609 23.579639
-Trial 376 0 46851609 23.639362
-Trial 377 0 46851609 23.670720
-Trial 378 0 46851609 23.722511
-Trial 379 0 46851609 23.748912
-Trial 380 0 46851609 23.759973
-Trial 381 0 46851609 23.775978
-Trial 382 0 46851609 23.777320
-Trial 383 0 46851609 23.872632
-Trial 384 0 46851609 23.898258
-Trial 385 0 46851609 23.918425
-Trial 386 0 46851609 23.988956
-Trial 387 0 46851609 24.017478
-Trial 388 0 46851609 24.038760
-Trial 389 0 46851609 24.048884
-Trial 390 0 46851609 24.056569
-Trial 391 0 46851609 24.075784
-Trial 392 0 46851609 24.086256
* 393: Cost = 0_46746955, Time = 21.95 sec. 
-Trial 393 0 46746955 24.110880
-Trial 394 0 46746955 24.123874
-Trial 395 0 46746955 24.138972
-Trial 396 0 46746955 24.141431
-Trial 397 0 46746955 24.155660
-Trial 398 0 46746955 24.219703
-Trial 399 0 46746955 24.229429
-Trial 400 0 46746955 24.289548
-Trial 401 0 46746955 24.422748
-Trial 402 0 46746955 24.450087
-Trial 403 0 46746955 24.476230
-Trial 404 0 46746955 24.578891
-Trial 405 0 46746955 24.583313
-Trial 406 0 46746955 24.606787
-Trial 407 0 46746955 24.624970
-Trial 408 0 46746955 24.629847
-Trial 409 0 46746955 24.698350
-Trial 410 0 46746955 24.711100
-Trial 411 0 46746955 24.747041
-Trial 412 0 46746955 24.769313
-Trial 413 0 46746955 24.783980
-Trial 414 0 46746955 24.790317
-Trial 415 0 46746955 24.809176
-Trial 416 0 46746955 24.823293
-Trial 417 0 46746955 24.829695
-Trial 418 0 46746955 24.869996
-Trial 419 0 46746955 24.925162
-Trial 420 0 46746955 24.929617
-Trial 421 0 46746955 24.947210
-Trial 422 0 46746955 24.954281
-Trial 423 0 46746955 24.960766
-Trial 424 0 46746955 25.119128
-Trial 425 0 46746955 25.131905
-Trial 426 0 46746955 25.173495
-Trial 427 0 46746955 25.180637
-Trial 428 0 46746955 25.207898
-Trial 429 0 46746955 25.267133
-Trial 430 0 46746955 25.329331
-Trial 431 0 46746955 25.404855
-Trial 432 0 46746955 25.496835
-Trial 433 0 46746955 25.517418
-Trial 434 0 46746955 25.548622
-Trial 435 0 46746955 25.590421
-Trial 436 0 46746955 25.599936
-Trial 437 0 46746955 25.630742
-Trial 438 0 46746955 25.637813
-Trial 439 0 46746955 25.641730
-Trial 440 0 46746955 25.666244
-Trial 441 0 46746955 25.727885
-Trial 442 0 46746955 25.764821
* 443: Cost = 0_46744956, Time = 23.66 sec. 
-Trial 443 0 46744956 25.818356
-Trial 444 0 46744956 25.825541
-Trial 445 0 46744956 25.835003
-Trial 446 0 46744956 25.868218
-Trial 447 0 46744956 25.986619
-Trial 448 0 46744956 26.017433
-Trial 449 0 46744956 26.021687
-Trial 450 0 46744956 26.025122
-Trial 451 0 46744956 26.083394
-Trial 452 0 46744956 26.117780
-Trial 453 0 46744956 26.147737
-Trial 454 0 46744956 26.196333
-Trial 455 0 46744956 26.225231
-Trial 456 0 46744956 26.230658
-Trial 457 0 46744956 26.238709
-Trial 458 0 46744956 26.270307
-Trial 459 0 46744956 26.291022
-Trial 460 0 46744956 26.294825
-Trial 461 0 46744956 26.321624
-Trial 462 0 46744956 26.387394
-Trial 463 0 46744956 26.408805
-Trial 464 0 46744956 26.431022
-Trial 465 0 46744956 26.456656
-Trial 466 0 46744956 26.482230
-Trial 467 0 46744956 26.498939
-Trial 468 0 46744956 26.516407
-Trial 469 0 46744956 26.566601
-Trial 470 0 46744956 26.585809
-Trial 471 0 46744956 26.586286
-Trial 472 0 46744956 26.595060
-Trial 473 0 46744956 26.603073
-Trial 474 0 46744956 26.704012
-Trial 475 0 46744956 26.728674
-Trial 476 0 46744956 26.741150
-Trial 477 0 46744956 26.777775
-Trial 478 0 46744956 26.814890
-Trial 479 0 46744956 26.816752
-Trial 480 0 46744956 26.853763
-Trial 481 0 46744956 26.874067
-Trial 482 0 46744956 26.886830
-Trial 483 0 46744956 26.888740
-Trial 484 0 46744956 27.041301
-Trial 485 0 46744956 27.097810
-Trial 486 0 46744956 27.141776
-Trial 487 0 46744956 27.275834
-Trial 488 0 46744956 27.301653
* 489: Cost = 0_46642432, Time = 25.19 sec. 
-Trial 489 0 46642432 27.347241
-Trial 490 0 46642432 27.349382
-Trial 491 0 46642432 27.576865
-Trial 492 0 46642432 27.616042
-Trial 493 0 46642432 27.709602
-Trial 494 0 46642432 27.861313
-Trial 495 0 46642432 27.900655
-Trial 496 0 46642432 27.971531
-Trial 497 0 46642432 27.976855
-Trial 498 0 46642432 28.012878
-Trial 499 0 46642432 28.021670
-Trial 500 0 46642432 28.044754
-Trial 501 0 46642432 28.106688
-Trial 502 0 46642432 28.148651
-Trial 503 0 46642432 28.154783
-Trial 504 0 46642432 28.175498
-Trial 505 0 46642432 28.196226
-Trial 506 0 46642432 28.333114
-Trial 507 0 46642432 28.339258
-Trial 508 0 46642432 28.375091
-Trial 509 0 46642432 28.391041
-Trial 510 0 46642432 28.396807
-Trial 511 0 46642432 28.431216
-Trial 512 0 46642432 28.899221
-Trial 513 0 46642432 28.962946
-Trial 514 0 46642432 28.972323
-Trial 515 0 46642432 28.998740
-Trial 516 0 46642432 29.035150
-Trial 517 0 46642432 29.042474
-Trial 518 0 46642432 29.064349
-Trial 519 0 46642432 29.079587
-Trial 520 0 46642432 29.140909
-Trial 521 0 46642432 29.142903
-Trial 522 0 46642432 29.170434
-Trial 523 0 46642432 29.187063
-Trial 524 0 46642432 29.249900
-Trial 525 0 46642432 29.300810
-Trial 526 0 46642432 29.392182
-Trial 527 0 46642432 29.505084
-Trial 528 0 46642432 29.508749
-Trial 529 0 46642432 29.547773
-Trial 530 0 46642432 29.557983
* 531: Cost = 0_46638501, Time = 27.46 sec. 
-Trial 531 0 46638501 29.622497
-Trial 532 0 46638501 29.649288
-Trial 533 0 46638501 29.763194
-Trial 534 0 46638501 29.783338
-Trial 535 0 46638501 29.803014
-Trial 536 0 46638501 29.859472
-Trial 537 0 46638501 29.895081
-Trial 538 0 46638501 29.927543
-Trial 539 0 46638501 29.933010
-Trial 540 0 46638501 29.956674
* 541: Cost = 0_46637146, Time = 27.80 sec. 
-Trial 541 0 46637146 29.964478
-Trial 542 0 46637146 29.983235
-Trial 543 0 46637146 29.998967
-Trial 544 0 46637146 30.044692
-Trial 545 0 46637146 30.079986
-Trial 546 0 46637146 30.118836
-Trial 547 0 46637146 30.133592
-Trial 548 0 46637146 30.144696
-Trial 549 0 46637146 30.196620
-Trial 550 0 46637146 30.227360
-Trial 551 0 46637146 30.248154
-Trial 552 0 46637146 30.291478
* 553: Cost = 0_46594879, Time = 28.21 sec. 
-Trial 553 0 46594879 30.369253
-Trial 554 0 46594879 30.392391
-Trial 555 0 46594879 30.397723
-Trial 556 0 46594879 30.411013
-Trial 557 0 46594879 30.430876
-Trial 558 0 46594879 30.439914
-Trial 559 0 46594879 30.556649
-Trial 560 0 46594879 30.591756
-Trial 561 0 46594879 30.638308
-Trial 562 0 46594879 30.653659
-Trial 563 0 46594879 30.696606
-Trial 564 0 46594879 30.809824
-Trial 565 0 46594879 30.851332
-Trial 566 0 46594879 30.999334
-Trial 567 0 46594879 31.009084
-Trial 568 0 46594879 31.046826
-Trial 569 0 46594879 31.070968
-Trial 570 0 46594879 31.161674
-Trial 571 0 46594879 31.171173
-Trial 572 0 46594879 31.183514
-Trial 573 0 46594879 31.211543
-Trial 574 0 46594879 31.213643
-Trial 575 0 46594879 31.271753
-Trial 576 0 46594879 31.392165
-Trial 577 0 46594879 31.411876
-Trial 578 0 46594879 31.493273
-Trial 579 0 46594879 31.527343
-Trial 580 0 46594879 31.587168
-Trial 581 0 46594879 31.631000
-Trial 582 0 46594879 31.670744
-Trial 583 0 46594879 31.697196
* 584: Cost = 0_46536476, Time = 29.56 sec. 
-Trial 584 0 46536476 31.719747
-Trial 585 0 46536476 31.795768
-Trial 586 0 46536476 31.849242
-Trial 587 0 46536476 31.960130
-Trial 588 0 46536476 31.977883
-Trial 589 0 46536476 31.998431
-Trial 590 0 46536476 32.043361
-Trial 591 0 46536476 32.052429
-Trial 592 0 46536476 32.125441
-Trial 593 0 46536476 32.144379
-Trial 594 0 46536476 32.204624
-Trial 595 0 46536476 32.232192
-Trial 596 0 46536476 32.245629
-Trial 597 0 46536476 32.251023
-Trial 598 0 46536476 32.260776
-Trial 599 0 46536476 32.285421
-Trial 600 0 46536476 32.286056
-Trial 601 0 46536476 32.292411
-Trial 602 0 46536476 32.306555
-Trial 603 0 46536476 32.325118
-Trial 604 0 46536476 32.342736
-Trial 605 0 46536476 32.365040
-Trial 606 0 46536476 32.487131
-Trial 607 0 46536476 32.490839
-Trial 608 0 46536476 32.572622
-Trial 609 0 46536476 32.578231
-Trial 610 0 46536476 32.595094
-Trial 611 0 46536476 32.613729
-Trial 612 0 46536476 32.660768
-Trial 613 0 46536476 32.702674
-Trial 614 0 46536476 32.729234
-Trial 615 0 46536476 32.834996
-Trial 616 0 46536476 32.840676
-Trial 617 0 46536476 32.851936
-Trial 618 0 46536476 32.962728
-Trial 619 0 46536476 33.072750
-Trial 620 0 46536476 33.094494
-Trial 621 0 46536476 33.100474
-Trial 622 0 46536476 33.105404
-Trial 623 0 46536476 33.161609
-Trial 624 0 46536476 33.168781
-Trial 625 0 46536476 33.198757
-Trial 626 0 46536476 33.287353
-Trial 627 0 46536476 33.307355
-Trial 628 0 46536476 33.342901
-Trial 629 0 46536476 33.359017
-Trial 630 0 46536476 33.394647
-Trial 631 0 46536476 33.519532
-Trial 632 0 46536476 33.522303
-Trial 633 0 46536476 33.613228
-Trial 634 0 46536476 33.628508
-Trial 635 0 46536476 33.658782
-Trial 636 0 46536476 33.665308
-Trial 637 0 46536476 33.683856
-Trial 638 0 46536476 33.685413
-Trial 639 0 46536476 33.689220
-Trial 640 0 46536476 33.696623
-Trial 641 0 46536476 33.700230
-Trial 642 0 46536476 33.719146
-Trial 643 0 46536476 33.758754
-Trial 644 0 46536476 33.778118
-Trial 645 0 46536476 33.796361
-Trial 646 0 46536476 33.818661
-Trial 647 0 46536476 33.820686
-Trial 648 0 46536476 33.856335
-Trial 649 0 46536476 33.860606
-Trial 650 0 46536476 33.923358
-Trial 651 0 46536476 33.958250
-Trial 652 0 46536476 33.997882
-Trial 653 0 46536476 34.021143
-Trial 654 0 46536476 34.042195
-Trial 655 0 46536476 34.047723
-Trial 656 0 46536476 34.097646
-Trial 657 0 46536476 34.151177
-Trial 658 0 46536476 34.316107
-Trial 659 0 46536476 34.336961
-Trial 660 0 46536476 34.342262
-Trial 661 0 46536476 34.396164
-Trial 662 0 46536476 34.447828
-Trial 663 0 46536476 34.484155
-Trial 664 0 46536476 34.496550
-Trial 665 0 46536476 34.503067
-Trial 666 0 46536476 34.532892
-Trial 667 0 46536476 34.641861
-Trial 668 0 46536476 34.662951
-Trial 669 0 46536476 34.676406
-Trial 670 0 46536476 34.683628
-Trial 671 0 46536476 34.812765
-Trial 672 0 46536476 34.834785
-Trial 673 0 46536476 34.873590
-Trial 674 0 46536476 35.033198
-Trial 675 0 46536476 35.050642
-Trial 676 0 46536476 35.051280
-Trial 677 0 46536476 35.061084
-Trial 678 0 46536476 35.065144
-Trial 679 0 46536476 35.080340
-Trial 680 0 46536476 35.105948
-Trial 681 0 46536476 35.123721
-Trial 682 0 46536476 35.138564
-Trial 683 0 46536476 35.154680
-Trial 684 0 46536476 35.164688
-Trial 685 0 46536476 35.169224
* 686: Cost = 0_46202199, Time = 33.13 sec. 
-Trial 686 0 46202199 35.292861
-Trial 687 0 46202199 35.310133
-Trial 688 0 46202199 35.314535
-Trial 689 0 46202199 35.344204
-Trial 690 0 46202199 35.386485
-Trial 691 0 46202199 35.389914
-Trial 692 0 46202199 35.398505
-Trial 693 0 46202199 35.436601
-Trial 694 0 46202199 35.458657
-Trial 695 0 46202199 35.474998
-Trial 696 0 46202199 35.539997
* 697: Cost = 0_46153569, Time = 33.39 sec. 
-Trial 697 0 46153569 35.547237
-Trial 698 0 46153569 35.559694
-Trial 699 0 46153569 35.560111
-Trial 700 0 46153569 35.597649
-Trial 701 0 46153569 35.640147
-Trial 702 0 46153569 35.726735
-Trial 703 0 46153569 35.752537
-Trial 704 0 46153569 35.754983
-Trial 705 0 46153569 35.774502
-Trial 706 0 46153569 35.829005
-Trial 707 0 46153569 35.885770
-Trial 708 0 46153569 35.900133
-Trial 709 0 46153569 35.907006
-Trial 710 0 46153569 35.942539
-Trial 711 0 46153569 35.959400
-Trial 712 0 46153569 35.998012
-Trial 713 0 46153569 36.013172
-Trial 714 0 46153569 36.031821
-Trial 715 0 46153569 36.068056
-Trial 716 0 46153569 36.097410
-Trial 717 0 46153569 36.108551
-Trial 718 0 46153569 36.113804
-Trial 719 0 46153569 36.142917
-Trial 720 0 46153569 36.160045
-Trial 721 0 46153569 36.164714
-Trial 722 0 46153569 36.204389
-Trial 723 0 46153569 36.279452
-Trial 724 0 46153569 36.292705
-Trial 725 0 46153569 36.314398
-Trial 726 0 46153569 36.324560
-Trial 727 0 46153569 36.364836
-Trial 728 0 46153569 36.482174
-Trial 729 0 46153569 36.507086
-Trial 730 0 46153569 36.628285
-Trial 731 0 46153569 36.638504
-Trial 732 0 46153569 36.653899
-Trial 733 0 46153569 36.686435
-Trial 734 0 46153569 36.754136
-Trial 735 0 46153569 36.808336
-Trial 736 0 46153569 36.827047
-Trial 737 0 46153569 36.880683
-Trial 738 0 46153569 37.060238
-Trial 739 0 46153569 37.071666
-Trial 740 0 46153569 37.079043
-Trial 741 0 46153569 37.080941
-Trial 742 0 46153569 37.095011
-Trial 743 0 46153569 37.118833
-Trial 744 0 46153569 37.135362
-Trial 745 0 46153569 37.162099
-Trial 746 0 46153569 37.225104
-Trial 747 0 46153569 37.225541
-Trial 748 0 46153569 37.237735
-Trial 749 0 46153569 37.306313
-Trial 750 0 46153569 37.491124
-Trial 751 0 46153569 37.492567
-Trial 752 0 46153569 37.508961
-Trial 753 0 46153569 37.551153
-Trial 754 0 46153569 37.599990
-Trial 755 0 46153569 37.616941
-Trial 756 0 46153569 37.617404
-Trial 757 0 46153569 37.650328
-Trial 758 0 46153569 37.691199
-Trial 759 0 46153569 37.702663
-Trial 760 0 46153569 37.711404
-Trial 761 0 46153569 37.745718
-Trial 762 0 46153569 37.762465
-Trial 763 0 46153569 37.791814
-Trial 764 0 46153569 37.812808
-Trial 765 0 46153569 37.816436
-Trial 766 0 46153569 37.821227
-Trial 767 0 46153569 37.851159
-Trial 768 0 46153569 37.859110
-Trial 769 0 46153569 37.859821
-Trial 770 0 46153569 37.963309
-Trial 771 0 46153569 37.972532
-Trial 772 0 46153569 37.980523
-Trial 773 0 46153569 37.988246
-Trial 774 0 46153569 38.024175
-Trial 775 0 46153569 38.083272
-Trial 776 0 46153569 38.092624
-Trial 777 0 46153569 38.097443
-Trial 778 0 46153569 38.128942
-Trial 779 0 46153569 38.136184
-Trial 780 0 46153569 38.138819
-Trial 781 0 46153569 38.160662
-Trial 782 0 46153569 38.223248
-Trial 783 0 46153569 38.230117
-Trial 784 0 46153569 38.236638
-Trial 785 0 46153569 38.246444
-Trial 786 0 46153569 38.262296
-Trial 787 0 46153569 38.305382
-Trial 788 0 46153569 38.332240
-Trial 789 0 46153569 38.340789
-Trial 790 0 46153569 38.346120
-Trial 791 0 46153569 38.350808
-Trial 792 0 46153569 38.366478
-Trial 793 0 46153569 38.401401
-Trial 794 0 46153569 38.410498
-Trial 795 0 46153569 38.427335
-Trial 796 0 46153569 38.438553
-Trial 797 0 46153569 38.463441
-Trial 798 0 46153569 38.472785
-Trial 799 0 46153569 38.477763
-Trial 800 0 46153569 38.537668
-Trial 801 0 46153569 38.541363
-Trial 802 0 46153569 38.594540
-Trial 803 0 46153569 38.608209
-Trial 804 0 46153569 38.611240
-Trial 805 0 46153569 38.624215
* 806: Cost = 0_46110507, Time = 36.49 sec. 
-Trial 806 0 46110507 38.648184
-Trial 807 0 46110507 38.724468
* 808: Cost = 0_46095944, Time = 36.60 sec. 
-Trial 808 0 46095944 38.757586
-Trial 809 0 46095944 38.762571
-Trial 810 0 46095944 38.764716
-Trial 811 0 46095944 38.770386
-Trial 812 0 46095944 38.826928
-Trial 813 0 46095944 38.830350
-Trial 814 0 46095944 38.831285
-Trial 815 0 46095944 38.841495
-Trial 816 0 46095944 38.929934
-Trial 817 0 46095944 39.009014
-Trial 818 0 46095944 39.012089
-Trial 819 0 46095944 39.021195
-Trial 820 0 46095944 39.105485
-Trial 821 0 46095944 39.119468
-Trial 822 0 46095944 39.138868
-Trial 823 0 46095944 39.144109
-Trial 824 0 46095944 39.238702
-Trial 825 0 46095944 39.253671
-Trial 826 0 46095944 39.264917
-Trial 827 0 46095944 39.272584
-Trial 828 0 46095944 39.314185
-Trial 829 0 46095944 39.338824
-Trial 830 0 46095944 39.345330
-Trial 831 0 46095944 39.374872
-Trial 832 0 46095944 39.405893
-Trial 833 0 46095944 39.426977
-Trial 834 0 46095944 39.459823
-Trial 835 0 46095944 39.484110
-Trial 836 0 46095944 39.500800
-Trial 837 0 46095944 39.561682
-Trial 838 0 46095944 39.565508
-Trial 839 0 46095944 39.596084
-Trial 840 0 46095944 39.620892
-Trial 841 0 46095944 39.627388
-Trial 842 0 46095944 39.628940
-Trial 843 0 46095944 39.718938
-Trial 844 0 46095944 39.793490
-Trial 845 0 46095944 39.828444
-Trial 846 0 46095944 39.897828
-Trial 847 0 46095944 39.906903
-Trial 848 0 46095944 39.912394
-Trial 849 0 46095944 39.927496
-Trial 850 0 46095944 39.947975
-Trial 851 0 46095944 39.965260
-Trial 852 0 46095944 40.073173
-Trial 853 0 46095944 40.089345
-Trial 854 0 46095944 40.130010
-Trial 855 0 46095944 40.131427
-Trial 856 0 46095944 40.174994
-Trial 857 0 46095944 40.189094
-Trial 858 0 46095944 40.227318
-Trial 859 0 46095944 40.280409
-Trial 860 0 46095944 40.304345
-Trial 861 0 46095944 40.335426
-Trial 862 0 46095944 40.357556
-Trial 863 0 46095944 40.390610
-Trial 864 0 46095944 40.453724
-Trial 865 0 46095944 40.467055
-Trial 866 0 46095944 40.510921
-Trial 867 0 46095944 40.548702
-Trial 868 0 46095944 40.571848
-Trial 869 0 46095944 40.599230
-Trial 870 0 46095944 40.619127
-Trial 871 0 46095944 40.641548
-Trial 872 0 46095944 40.670971
-Trial 873 0 46095944 40.682580
-Trial 874 0 46095944 40.689209
-Trial 875 0 46095944 40.707062
-Trial 876 0 46095944 40.748192
-Trial 877 0 46095944 40.757090
-Trial 878 0 46095944 40.797039
-Trial 879 0 46095944 40.797700
-Trial 880 0 46095944 40.943310
-Trial 881 0 46095944 40.955226
-Trial 882 0 46095944 40.957302
-Trial 883 0 46095944 41.005991
-Trial 884 0 46095944 41.025041
-Trial 885 0 46095944 41.140209
-Trial 886 0 46095944 41.146705
-Trial 887 0 46095944 41.218215
-Trial 888 0 46095944 41.284790
-Trial 889 0 46095944 41.315253
-Trial 890 0 46095944 41.349555
-Trial 891 0 46095944 41.360810
-Trial 892 0 46095944 41.594085
-Trial 893 0 46095944 41.603482
-Trial 894 0 46095944 41.617219
-Trial 895 0 46095944 41.628682
-Trial 896 0 46095944 41.641797
-Trial 897 0 46095944 41.656446
-Trial 898 0 46095944 41.687583
-Trial 899 0 46095944 41.696060
-Trial 900 0 46095944 41.703696
-Trial 901 0 46095944 41.722044
* 902: Cost = 0_46090579, Time = 39.60 sec. 
-Trial 902 0 46090579 41.761849
-Trial 903 0 46090579 41.764790
-Trial 904 0 46090579 41.789818
-Trial 905 0 46090579 41.793991
-Trial 906 0 46090579 41.811199
-Trial 907 0 46090579 41.820700
-Trial 908 0 46090579 41.822494
-Trial 909 0 46090579 41.839140
-Trial 910 0 46090579 41.842402
-Trial 911 0 46090579 41.880571
-Trial 912 0 46090579 41.971417
-Trial 913 0 46090579 41.983839
-Trial 914 0 46090579 42.015075
-Trial 915 0 46090579 42.033288
-Trial 916 0 46090579 42.034021
-Trial 917 0 46090579 42.045057
-Trial 918 0 46090579 42.048322
-Trial 919 0 46090579 42.074309
-Trial 920 0 46090579 42.088345
-Trial 921 0 46090579 42.136926
-Trial 922 0 46090579 42.146844
-Trial 923 0 46090579 42.180483
-Trial 924 0 46090579 42.191331
-Trial 925 0 46090579 42.263654
-Trial 926 0 46090579 42.372952
-Trial 927 0 46090579 42.379677
-Trial 928 0 46090579 42.393591
-Trial 929 0 46090579 42.394092
-Trial 930 0 46090579 42.446725
-Trial 931 0 46090579 42.483658
-Trial 932 0 46090579 42.509326
-Trial 933 0 46090579 42.512081
-Trial 934 0 46090579 42.512689
-Trial 935 0 46090579 42.535945
-Trial 936 0 46090579 42.581476
-Trial 937 0 46090579 42.609693
-Trial 938 0 46090579 42.614914
-Trial 939 0 46090579 42.622238
-Trial 940 0 46090579 42.637550
-Trial 941 0 46090579 42.651687
-Trial 942 0 46090579 42.669943
-Trial 943 0 46090579 42.678007
-Trial 944 0 46090579 42.722594
-Trial 945 0 46090579 42.752072
-Trial 946 0 46090579 42.773817
-Trial 947 0 46090579 42.782588
-Trial 948 0 46090579 42.789363
-Trial 949 0 46090579 42.847705
-Trial 950 0 46090579 42.862751
-Trial 951 0 46090579 42.874093
-Trial 952 0 46090579 42.901239
-Trial 953 0 46090579 42.910800
-Trial 954 0 46090579 42.917672
-Trial 955 0 46090579 42.920678
-Trial 956 0 46090579 42.926383
-Trial 957 0 46090579 42.942003
-Trial 958 0 46090579 42.967810
-Trial 959 0 46090579 42.972977
-Trial 960 0 46090579 42.975039
-Trial 961 0 46090579 42.978383
-Trial 962 0 46090579 42.979447
-Trial 963 0 46090579 43.019051
-Trial 964 0 46090579 43.104919
-Trial 965 0 46090579 43.113380
-Trial 966 0 46090579 43.119690
-Trial 967 0 46090579 43.177307
-Trial 968 0 46090579 43.213288
-Trial 969 0 46090579 43.241363
-Trial 970 0 46090579 43.247592
-Trial 971 0 46090579 43.290443
-Trial 972 0 46090579 43.300219
-Trial 973 0 46090579 43.317787
-Trial 974 0 46090579 43.394550
-Trial 975 0 46090579 43.463504
-Trial 976 0 46090579 43.471914
-Trial 977 0 46090579 43.476189
-Trial 978 0 46090579 43.671062
-Trial 979 0 46090579 43.779145
-Trial 980 0 46090579 43.794823
-Trial 981 0 46090579 43.807058
-Trial 982 0 46090579 43.846002
-Trial 983 0 46090579 43.875776
-Trial 984 0 46090579 43.889779
-Trial 985 0 46090579 43.907506
-Trial 986 0 46090579 43.925837
-Trial 987 0 46090579 43.952043
-Trial 988 0 46090579 43.965042
-Trial 989 0 46090579 43.997952
-Trial 990 0 46090579 44.189544
-Trial 991 0 46090579 44.226849
-Trial 992 0 46090579 44.234385
-Trial 993 0 46090579 44.254237
-Trial 994 0 46090579 44.260637
-Trial 995 0 46090579 44.265658
-Trial 996 0 46090579 44.272845
-Trial 997 0 46090579 44.278096
-Trial 998 0 46090579 44.288851
-Trial 999 0 46090579 44.295817
-Trial 1000 0 46090579 44.318815
Population:
  1: 0_46090579
Run 1: Cost = 0_46090579, Time = 42.16 sec. 

Successes/Runs = 0/1 
Cost.min = 46090579, Cost.avg = 46090579.00, Cost.max = 46090579
Gap.min = 0.0000%, Gap.avg = 0.0000%, Gap.max = 0.0000%
Penalty.min = 0, Penalty.avg = 0.00, Penalty.max = 0
Trials.min = 1000, Trials.avg = 1000.0, Trials.max = 1000
Time.min = 42.16 sec., Time.avg = 42.16 sec., Time.max = 42.16 sec.
Time.total = 44.32 sec.
  Size.min = 10, Size.max = 33, Penalty = 0
  Cost.min = 608370, Cost.max = 3912377, Cost.sum = 46090579
Best CVRPTW solution:
  Cost = 0_46090579
120 1 290 330 416 296 13 247 135 90 211 21 510 481 23 149 50 182 33 422 339 373 399 266 389 492 133 59 424 191 410 517 80 477 407 22 47 28 387 460 392 220 282 70 457 214 145 451 478 376 17 172 153 160 295 81 192 34 275 233 146 455 456 294 511 30 44 86 467 345 213 498 123 459 68 485 344 131 27 29 237 173 325 85 506 14 285 445 208 369 126 4 116 245 38 93 139 207 62 297 144 463 519 132 84 170 174 231 105 269 9 111 336 203 438 271 299 82 64 368 242 502 76 359 305 117 104 396 136 356 284 58 357 335 204 452 206 421 121 31 328 166 475 163 315 83 96 428 370 37 347 518 487 375 431 261 236 177 202 6 114 371 158 134 94 187 262 420 264 453 71 437 19 248 101 185 391 450 303 67 378 313 507 112 2 286 193 464 176 281 314 471 364 107 168 179 125 291 127 194 77 232 490 405 287 183 289 155 337 495 504 338 470 218 329 265 304 323 52 20 350 395 222 278 472 466 201 386 16 494 254 319 212 515 309 241 74 43 418 381 307 57 333 489 78 246 331 260 484 358 312 235 383 91 293 162 465 429 164 411 380 61 514 130 273 496 226 366 298 35 11 318 150 385 256 388 272 310 39 497 92 63 49 409 103 178 354 461 513 469 87 154 169 118 279 181 425 442 180 238 454 32 98 327 5 100 195 270 443 363 56 66 308 148 196 119 255 343 124 45 184 509 230 479 292 240 476 137 128 197 147 188 53 229 436 142 99 448 48 258 157 151 97 156 360 3 324 10 215 355 210 372 205 302 520 161 251 106 152 398 55 321 209 382 394 501 482 483 234 367 40 316 199 102 280 468 440 500 122 474 283 143 332 95 138 249 505 217 171 434 243 253 227 109 252 301 362 400 493 346 320 488 365 432 239 200 439 274 361 516 140 12 277 353 110 65 417 480 36 435 228 88 219 390 419 288 89 73 79 374 311 444 26 72 491 415 441 224 223 349 198 75 300 512 129 341 414 41 326 406 263 108 403 427 306 46 42 334 18 430 317 259 115 499 8 276 503 221 165 348 449 69 15 54 24 433 190 322 175 257 268 167 25 189 113 446 379 352 159 342 447 397 351 508 413 404 401 458 60 486 393 462 473 408 377 141 250 423 51 340 402 216 225 412 267 186 244 426 384 7 120 
