PARAMETER_FILE = result/cvrptw_500/LKH_para/344.para
Reading PROBLEM_FILE: "result/cvrptw_500/cvrptw/344.cvrptw" ... done
ASCENT_CANDIDATES = 50
BACKBONE_TRIALS = 0
BACKTRACKING = NO
# BWTSP =
# CANDIDATE_FILE =
CANDIDATE_SET_TYPE = ALPHA
DEPOT = 1
# EDGE_FILE =
EXCESS = 0.0384615
EXTERNAL_SALESMEN = 0
EXTRA_CANDIDATES = 0 
EXTRA_CANDIDATE_SET_TYPE = QUADRANT
GAIN23 = NO
GAIN_CRITERION = YES
INITIAL_PERIOD = 520
INITIAL_STEP_SIZE = 1
INITIAL_TOUR_ALGORITHM = WALK
# INITIAL_TOUR_FILE = 
INITIAL_TOUR_FRACTION = 1.000
# INPUT_TOUR_FILE = 
KICK_TYPE = 4
KICKS = 1
# MAX_BREADTH =
MAKESPAN = NO
MAX_CANDIDATES = 5 
MAX_SWAPS = 0
MAX_TRIALS = 1000
# MERGE_TOUR_FILE =
MOVE_TYPE = 5 SPECIAL
MTSP_MIN_SIZE = 1
MTSP_MAX_SIZE = 1039
# MTSP_SOLUTION_FILE = 
# NONSEQUENTIAL_MOVE_TYPE = 5
# OPTIMUM =
# OUTPUT_TOUR_FILE = 
PATCHING_A = 1 
PATCHING_C = 0 
# PI_FILE = 
POPMUSIC_INITIAL_TOUR = NO
POPMUSIC_MAX_NEIGHBORS = 5
POPMUSIC_SAMPLE_SIZE = 10
POPMUSIC_SOLUTIONS = 50
POPMUSIC_TRIALS = 1
POPULATION_SIZE = 10
PRECISION = 100
PROBLEM_FILE = result/cvrptw_500/cvrptw/344.cvrptw
RECOMBINATION = IPT
RESTRICTED_SEARCH = YES
RUNS = 1
SALESMEN = 20
SCALE = 1
SEED = 1234
# SINTEF_SOLUTION_FILE = 
STOP_AT_OPTIMUM = YES
SUBGRADIENT = YES
# SUBPROBLEM_SIZE =
# SUBPROBLEM_TOUR_FILE = 
SUBSEQUENT_MOVE_TYPE = 5 SPECIAL
SUBSEQUENT_PATCHING = YES
# TIME_LIMIT =
# TOUR_FILE = 
TRACE_LEVEL = 1
VEHICLES = 20

Lower bound = 26652869.8, Ascent time = 2.99 sec.
Cand.min = 5, Cand.avg = 5.0, Cand.max = 5
Edges.fixed = 520 [Cost = 0]
Preprocessing time = 3.08 sec.
* 1: Cost = 233051_58622712, Time = 3.97 sec. 
-Trial 1 233051 58622712 7.054765
-Trial 2 233051 58622712 7.177540
* 3: Cost = 12449_57954334, Time = 4.23 sec. 
-Trial 3 12449 57954334 7.314360
* 4: Cost = 12449_56858630, Time = 4.38 sec. 
-Trial 4 12449 56858630 7.464727
* 5: Cost = 12449_56661760, Time = 4.53 sec. 
-Trial 5 12449 56661760 7.615636
* 6: Cost = 12449_56320924, Time = 4.58 sec. 
-Trial 6 12449 56320924 7.657974
-Trial 7 12449 56320924 7.771299
-Trial 8 12449 56320924 7.921999
-Trial 9 12449 56320924 8.034343
* 10: Cost = 12449_56279445, Time = 4.98 sec. 
-Trial 10 12449 56279445 8.056836
* 11: Cost = 12449_55800137, Time = 5.01 sec. 
-Trial 11 12449 55800137 8.089652
* 12: Cost = 12449_55680333, Time = 5.05 sec. 
-Trial 12 12449 55680333 8.130114
-Trial 13 12449 55680333 8.177475
* 14: Cost = 12449_55472948, Time = 5.15 sec. 
-Trial 14 12449 55472948 8.234838
* 15: Cost = 12449_54627682, Time = 5.22 sec. 
-Trial 15 12449 54627682 8.296340
* 16: Cost = 12449_54554335, Time = 5.34 sec. 
-Trial 16 12449 54554335 8.423999
* 17: Cost = 12449_54006735, Time = 5.44 sec. 
-Trial 17 12449 54006735 8.519836
-Trial 18 12449 54006735 8.574389
* 19: Cost = 12449_53947061, Time = 5.51 sec. 
-Trial 19 12449 53947061 8.594282
-Trial 20 12449 53947061 8.718004
* 21: Cost = 12449_53736226, Time = 5.77 sec. 
-Trial 21 12449 53736226 8.846513
* 22: Cost = 12449_53608933, Time = 6.01 sec. 
-Trial 22 12449 53608933 9.089468
-Trial 23 12449 53608933 9.185524
* 24: Cost = 12449_53605575, Time = 6.12 sec. 
-Trial 24 12449 53605575 9.199609
* 25: Cost = 12449_53503679, Time = 6.16 sec. 
-Trial 25 12449 53503679 9.245832
-Trial 26 12449 53503679 9.440114
* 27: Cost = 12449_53397989, Time = 6.41 sec. 
-Trial 27 12449 53397989 9.489778
-Trial 28 12449 53397989 9.558611
-Trial 29 12449 53397989 9.657300
-Trial 30 12449 53397989 9.704309
* 31: Cost = 12449_53031807, Time = 6.66 sec. 
-Trial 31 12449 53031807 9.744551
* 32: Cost = 0_51988191, Time = 6.71 sec. 
-Trial 32 0 51988191 9.795111
-Trial 33 0 51988191 9.812317
-Trial 34 0 51988191 9.818061
* 35: Cost = 0_51912441, Time = 6.81 sec. 
-Trial 35 0 51912441 9.895249
-Trial 36 0 51912441 9.910258
-Trial 37 0 51912441 9.931154
-Trial 38 0 51912441 9.980470
* 39: Cost = 0_51902811, Time = 6.91 sec. 
-Trial 39 0 51902811 9.990680
* 40: Cost = 0_51599513, Time = 6.91 sec. 
-Trial 40 0 51599513 9.992646
* 41: Cost = 0_51273520, Time = 6.92 sec. 
-Trial 41 0 51273520 10.001845
* 42: Cost = 0_51266408, Time = 6.98 sec. 
-Trial 42 0 51266408 10.062487
* 43: Cost = 0_51059983, Time = 7.07 sec. 
-Trial 43 0 51059983 10.148916
* 44: Cost = 0_51034083, Time = 7.07 sec. 
-Trial 44 0 51034083 10.154812
-Trial 45 0 51034083 10.173119
-Trial 46 0 51034083 10.173672
-Trial 47 0 51034083 10.235294
* 48: Cost = 0_50945950, Time = 7.19 sec. 
-Trial 48 0 50945950 10.272446
-Trial 49 0 50945950 10.280173
* 50: Cost = 0_50197592, Time = 7.24 sec. 
-Trial 50 0 50197592 10.325521
* 51: Cost = 0_50123114, Time = 7.27 sec. 
-Trial 51 0 50123114 10.353430
-Trial 52 0 50123114 10.371635
-Trial 53 0 50123114 10.464057
* 54: Cost = 0_50084167, Time = 7.41 sec. 
-Trial 54 0 50084167 10.487251
* 55: Cost = 0_50041800, Time = 7.52 sec. 
-Trial 55 0 50041800 10.602848
-Trial 56 0 50041800 10.605025
-Trial 57 0 50041800 10.614800
-Trial 58 0 50041800 10.621979
* 59: Cost = 0_49883371, Time = 7.55 sec. 
-Trial 59 0 49883371 10.628232
* 60: Cost = 0_49857365, Time = 7.59 sec. 
-Trial 60 0 49857365 10.669610
-Trial 61 0 49857365 10.686627
-Trial 62 0 49857365 10.693787
-Trial 63 0 49857365 10.764568
-Trial 64 0 49857365 10.767904
-Trial 65 0 49857365 10.768453
-Trial 66 0 49857365 10.833168
* 67: Cost = 0_49734462, Time = 7.83 sec. 
-Trial 67 0 49734462 10.906045
-Trial 68 0 49734462 10.921899
-Trial 69 0 49734462 11.034164
* 70: Cost = 0_49122019, Time = 8.02 sec. 
-Trial 70 0 49122019 11.097785
-Trial 71 0 49122019 11.110189
-Trial 72 0 49122019 11.142392
* 73: Cost = 0_49019395, Time = 8.13 sec. 
-Trial 73 0 49019395 11.208911
-Trial 74 0 49019395 11.212909
-Trial 75 0 49019395 11.570972
-Trial 76 0 49019395 11.581422
-Trial 77 0 49019395 11.612193
-Trial 78 0 49019395 11.638126
* 79: Cost = 0_48948920, Time = 8.56 sec. 
-Trial 79 0 48948920 11.640781
-Trial 80 0 48948920 11.810137
-Trial 81 0 48948920 11.810887
* 82: Cost = 0_48732403, Time = 8.79 sec. 
-Trial 82 0 48732403 11.866901
* 83: Cost = 0_48627265, Time = 8.83 sec. 
-Trial 83 0 48627265 11.910135
-Trial 84 0 48627265 12.006293
* 85: Cost = 0_48393081, Time = 8.94 sec. 
-Trial 85 0 48393081 12.020262
* 86: Cost = 0_48327347, Time = 8.97 sec. 
-Trial 86 0 48327347 12.052545
* 87: Cost = 0_48303655, Time = 8.99 sec. 
-Trial 87 0 48303655 12.072347
-Trial 88 0 48303655 12.087390
* 89: Cost = 0_48076114, Time = 9.03 sec. 
-Trial 89 0 48076114 12.107482
* 90: Cost = 0_48006806, Time = 9.07 sec. 
-Trial 90 0 48006806 12.146422
* 91: Cost = 0_47839730, Time = 9.08 sec. 
-Trial 91 0 47839730 12.165474
-Trial 92 0 47839730 12.183962
-Trial 93 0 47839730 12.278299
* 94: Cost = 0_47796811, Time = 9.21 sec. 
-Trial 94 0 47796811 12.292292
-Trial 95 0 47796811 12.298022
-Trial 96 0 47796811 12.344010
-Trial 97 0 47796811 12.375284
* 98: Cost = 0_47786477, Time = 9.30 sec. 
-Trial 98 0 47786477 12.382989
* 99: Cost = 0_47776108, Time = 9.31 sec. 
-Trial 99 0 47776108 12.392487
-Trial 100 0 47776108 12.415479
-Trial 101 0 47776108 12.418262
* 102: Cost = 0_47727063, Time = 9.35 sec. 
-Trial 102 0 47727063 12.429686
* 103: Cost = 0_47722403, Time = 9.38 sec. 
-Trial 103 0 47722403 12.465624
-Trial 104 0 47722403 12.510105
* 105: Cost = 0_47601066, Time = 9.43 sec. 
-Trial 105 0 47601066 12.514769
-Trial 106 0 47601066 12.522373
* 107: Cost = 0_47398226, Time = 9.45 sec. 
-Trial 107 0 47398226 12.531211
-Trial 108 0 47398226 12.545660
* 109: Cost = 0_47118597, Time = 9.56 sec. 
-Trial 109 0 47118597 12.645820
-Trial 110 0 47118597 12.676082
-Trial 111 0 47118597 12.695912
-Trial 112 0 47118597 12.701613
-Trial 113 0 47118597 12.704814
-Trial 114 0 47118597 12.805182
* 115: Cost = 0_47013527, Time = 9.74 sec. 
-Trial 115 0 47013527 12.823479
-Trial 116 0 47013527 12.866203
-Trial 117 0 47013527 12.868370
* 118: Cost = 0_46898668, Time = 9.81 sec. 
-Trial 118 0 46898668 12.894214
* 119: Cost = 0_46851925, Time = 9.86 sec. 
-Trial 119 0 46851925 12.943454
-Trial 120 0 46851925 13.037748
-Trial 121 0 46851925 13.058545
* 122: Cost = 0_46822117, Time = 10.01 sec. 
-Trial 122 0 46822117 13.089688
-Trial 123 0 46822117 13.127226
-Trial 124 0 46822117 13.173474
-Trial 125 0 46822117 13.174836
* 126: Cost = 0_46777559, Time = 10.12 sec. 
-Trial 126 0 46777559 13.200424
* 127: Cost = 0_46735939, Time = 10.14 sec. 
-Trial 127 0 46735939 13.218943
-Trial 128 0 46735939 13.306377
-Trial 129 0 46735939 13.310348
* 130: Cost = 0_46505986, Time = 10.24 sec. 
-Trial 130 0 46505986 13.322020
-Trial 131 0 46505986 13.334205
-Trial 132 0 46505986 13.344646
* 133: Cost = 0_46476175, Time = 10.30 sec. 
-Trial 133 0 46476175 13.378452
* 134: Cost = 0_46434531, Time = 10.30 sec. 
-Trial 134 0 46434531 13.383260
* 135: Cost = 0_46421198, Time = 10.38 sec. 
-Trial 135 0 46421198 13.464039
* 136: Cost = 0_46410058, Time = 10.41 sec. 
-Trial 136 0 46410058 13.487746
-Trial 137 0 46410058 13.502452
* 138: Cost = 0_46333490, Time = 10.45 sec. 
-Trial 138 0 46333490 13.531625
-Trial 139 0 46333490 13.542765
-Trial 140 0 46333490 13.550483
-Trial 141 0 46333490 13.574126
-Trial 142 0 46333490 13.580967
-Trial 143 0 46333490 13.585407
-Trial 144 0 46333490 13.594287
* 145: Cost = 0_46281981, Time = 10.66 sec. 
-Trial 145 0 46281981 13.738851
* 146: Cost = 0_46249646, Time = 10.69 sec. 
-Trial 146 0 46249646 13.773449
-Trial 147 0 46249646 13.777124
-Trial 148 0 46249646 13.783516
* 149: Cost = 0_46210980, Time = 10.81 sec. 
-Trial 149 0 46210980 13.887224
-Trial 150 0 46210980 13.908679
-Trial 151 0 46210980 13.935897
-Trial 152 0 46210980 14.022238
* 153: Cost = 0_46164153, Time = 10.94 sec. 
-Trial 153 0 46164153 14.024966
-Trial 154 0 46164153 14.025860
* 155: Cost = 0_46152484, Time = 10.98 sec. 
-Trial 155 0 46152484 14.061349
-Trial 156 0 46152484 14.199196
-Trial 157 0 46152484 14.260702
* 158: Cost = 0_46103327, Time = 11.25 sec. 
-Trial 158 0 46103327 14.326600
-Trial 159 0 46103327 14.341799
* 160: Cost = 0_45922127, Time = 11.28 sec. 
-Trial 160 0 45922127 14.360456
-Trial 161 0 45922127 14.414496
* 162: Cost = 0_45740823, Time = 11.35 sec. 
-Trial 162 0 45740823 14.429463
-Trial 163 0 45740823 14.450255
-Trial 164 0 45740823 14.451819
-Trial 165 0 45740823 14.474217
-Trial 166 0 45740823 14.474649
* 167: Cost = 0_45537382, Time = 11.46 sec. 
-Trial 167 0 45537382 14.545180
* 168: Cost = 0_45514477, Time = 11.47 sec. 
-Trial 168 0 45514477 14.551371
* 169: Cost = 0_45474133, Time = 11.48 sec. 
-Trial 169 0 45474133 14.560547
-Trial 170 0 45474133 14.580287
-Trial 171 0 45474133 14.589417
-Trial 172 0 45474133 14.601962
-Trial 173 0 45474133 14.610055
-Trial 174 0 45474133 14.622795
* 175: Cost = 0_45324350, Time = 11.61 sec. 
-Trial 175 0 45324350 14.690715
-Trial 176 0 45324350 14.717249
-Trial 177 0 45324350 14.782220
-Trial 178 0 45324350 14.806857
* 179: Cost = 0_45317189, Time = 11.76 sec. 
-Trial 179 0 45317189 14.840914
-Trial 180 0 45317189 14.866485
-Trial 181 0 45317189 14.871899
-Trial 182 0 45317189 14.877140
-Trial 183 0 45317189 14.903740
-Trial 184 0 45317189 14.909872
* 185: Cost = 0_45224492, Time = 11.95 sec. 
-Trial 185 0 45224492 15.027958
-Trial 186 0 45224492 15.648232
-Trial 187 0 45224492 15.693149
* 188: Cost = 0_45067777, Time = 12.62 sec. 
-Trial 188 0 45067777 15.701181
-Trial 189 0 45067777 15.761840
-Trial 190 0 45067777 15.774629
-Trial 191 0 45067777 15.784342
-Trial 192 0 45067777 15.788558
-Trial 193 0 45067777 15.806295
* 194: Cost = 0_45056618, Time = 12.79 sec. 
-Trial 194 0 45056618 15.871959
-Trial 195 0 45056618 15.891253
-Trial 196 0 45056618 15.943067
-Trial 197 0 45056618 15.957298
-Trial 198 0 45056618 15.975895
-Trial 199 0 45056618 15.988062
-Trial 200 0 45056618 16.053400
* 201: Cost = 0_44912774, Time = 13.08 sec. 
-Trial 201 0 44912774 16.165550
* 202: Cost = 0_44871681, Time = 13.12 sec. 
-Trial 202 0 44871681 16.205677
-Trial 203 0 44871681 16.208588
-Trial 204 0 44871681 16.228265
* 205: Cost = 0_44726056, Time = 13.16 sec. 
-Trial 205 0 44726056 16.239955
-Trial 206 0 44726056 16.243599
-Trial 207 0 44726056 16.255706
-Trial 208 0 44726056 16.260959
-Trial 209 0 44726056 16.319149
-Trial 210 0 44726056 16.346866
-Trial 211 0 44726056 16.458575
-Trial 212 0 44726056 16.466003
-Trial 213 0 44726056 16.612356
-Trial 214 0 44726056 16.632380
-Trial 215 0 44726056 16.697079
-Trial 216 0 44726056 16.702664
-Trial 217 0 44726056 16.874179
-Trial 218 0 44726056 16.913712
-Trial 219 0 44726056 16.923406
-Trial 220 0 44726056 16.934661
* 221: Cost = 0_44689296, Time = 13.90 sec. 
-Trial 221 0 44689296 16.976487
-Trial 222 0 44689296 17.014876
-Trial 223 0 44689296 17.094107
-Trial 224 0 44689296 17.108160
-Trial 225 0 44689296 17.174664
-Trial 226 0 44689296 17.180575
-Trial 227 0 44689296 17.183317
-Trial 228 0 44689296 17.208256
-Trial 229 0 44689296 17.245832
-Trial 230 0 44689296 17.309208
-Trial 231 0 44689296 17.314589
-Trial 232 0 44689296 17.341603
-Trial 233 0 44689296 17.395580
-Trial 234 0 44689296 17.428670
-Trial 235 0 44689296 17.474986
-Trial 236 0 44689296 17.515487
-Trial 237 0 44689296 17.545538
-Trial 238 0 44689296 17.568894
-Trial 239 0 44689296 17.570989
-Trial 240 0 44689296 17.572815
-Trial 241 0 44689296 17.577885
-Trial 242 0 44689296 17.615265
-Trial 243 0 44689296 17.660529
-Trial 244 0 44689296 17.668968
* 245: Cost = 0_44629923, Time = 14.61 sec. 
-Trial 245 0 44629923 17.689566
-Trial 246 0 44629923 17.692332
-Trial 247 0 44629923 17.735544
-Trial 248 0 44629923 17.752389
-Trial 249 0 44629923 17.788420
* 250: Cost = 0_44622771, Time = 14.71 sec. 
-Trial 250 0 44622771 17.790972
-Trial 251 0 44622771 17.834964
-Trial 252 0 44622771 17.943291
-Trial 253 0 44622771 17.971699
-Trial 254 0 44622771 17.974228
-Trial 255 0 44622771 17.987314
-Trial 256 0 44622771 17.996996
-Trial 257 0 44622771 18.074972
-Trial 258 0 44622771 18.084935
-Trial 259 0 44622771 18.099507
-Trial 260 0 44622771 18.107875
-Trial 261 0 44622771 18.121081
-Trial 262 0 44622771 18.233143
-Trial 263 0 44622771 18.235841
-Trial 264 0 44622771 18.243152
-Trial 265 0 44622771 18.295098
-Trial 266 0 44622771 18.298083
-Trial 267 0 44622771 18.325798
-Trial 268 0 44622771 18.341030
-Trial 269 0 44622771 18.358134
-Trial 270 0 44622771 18.380591
-Trial 271 0 44622771 18.401415
-Trial 272 0 44622771 18.422175
-Trial 273 0 44622771 18.432877
-Trial 274 0 44622771 18.440508
-Trial 275 0 44622771 18.445251
-Trial 276 0 44622771 18.479972
* 277: Cost = 0_44589197, Time = 15.43 sec. 
-Trial 277 0 44589197 18.510136
-Trial 278 0 44589197 18.513633
* 279: Cost = 0_44550841, Time = 15.45 sec. 
-Trial 279 0 44550841 18.529570
-Trial 280 0 44550841 18.546695
-Trial 281 0 44550841 18.547284
-Trial 282 0 44550841 18.596393
-Trial 283 0 44550841 18.600337
-Trial 284 0 44550841 18.605576
-Trial 285 0 44550841 18.612885
-Trial 286 0 44550841 18.619771
* 287: Cost = 0_44543095, Time = 15.59 sec. 
-Trial 287 0 44543095 18.668753
-Trial 288 0 44543095 18.675681
-Trial 289 0 44543095 18.725610
-Trial 290 0 44543095 18.814863
-Trial 291 0 44543095 18.828604
-Trial 292 0 44543095 18.839220
-Trial 293 0 44543095 18.912450
-Trial 294 0 44543095 18.925761
-Trial 295 0 44543095 18.931959
-Trial 296 0 44543095 18.948777
-Trial 297 0 44543095 18.960229
-Trial 298 0 44543095 18.971675
-Trial 299 0 44543095 19.140359
-Trial 300 0 44543095 19.151420
-Trial 301 0 44543095 19.165086
-Trial 302 0 44543095 19.169478
-Trial 303 0 44543095 19.187308
-Trial 304 0 44543095 19.202956
-Trial 305 0 44543095 19.206605
-Trial 306 0 44543095 19.247446
-Trial 307 0 44543095 19.360105
-Trial 308 0 44543095 19.373500
-Trial 309 0 44543095 19.377669
-Trial 310 0 44543095 19.399660
-Trial 311 0 44543095 19.488197
-Trial 312 0 44543095 19.497299
-Trial 313 0 44543095 19.552326
-Trial 314 0 44543095 19.571574
-Trial 315 0 44543095 19.577735
-Trial 316 0 44543095 19.614904
-Trial 317 0 44543095 19.622224
-Trial 318 0 44543095 19.664100
-Trial 319 0 44543095 19.691904
-Trial 320 0 44543095 19.697939
-Trial 321 0 44543095 19.703932
-Trial 322 0 44543095 19.704965
-Trial 323 0 44543095 19.761337
-Trial 324 0 44543095 19.770584
-Trial 325 0 44543095 19.852134
-Trial 326 0 44543095 19.973367
-Trial 327 0 44543095 19.982557
* 328: Cost = 0_44522672, Time = 16.93 sec. 
-Trial 328 0 44522672 20.007644
-Trial 329 0 44522672 20.025268
-Trial 330 0 44522672 20.039699
-Trial 331 0 44522672 20.045026
-Trial 332 0 44522672 20.063244
-Trial 333 0 44522672 20.106471
-Trial 334 0 44522672 20.180173
* 335: Cost = 0_44461831, Time = 17.15 sec. 
-Trial 335 0 44461831 20.235564
-Trial 336 0 44461831 20.314894
-Trial 337 0 44461831 20.322049
-Trial 338 0 44461831 20.334095
-Trial 339 0 44461831 20.351329
-Trial 340 0 44461831 20.371775
-Trial 341 0 44461831 20.378275
-Trial 342 0 44461831 20.385359
-Trial 343 0 44461831 20.391094
-Trial 344 0 44461831 20.391924
-Trial 345 0 44461831 20.421010
-Trial 346 0 44461831 20.464678
-Trial 347 0 44461831 20.481634
-Trial 348 0 44461831 20.490293
-Trial 349 0 44461831 20.513262
-Trial 350 0 44461831 20.516363
-Trial 351 0 44461831 20.517401
-Trial 352 0 44461831 20.527378
-Trial 353 0 44461831 20.540659
* 354: Cost = 0_44335599, Time = 17.47 sec. 
-Trial 354 0 44335599 20.550810
-Trial 355 0 44335599 20.676061
-Trial 356 0 44335599 20.684569
-Trial 357 0 44335599 20.690847
-Trial 358 0 44335599 20.698707
-Trial 359 0 44335599 20.707278
-Trial 360 0 44335599 20.763875
-Trial 361 0 44335599 20.781245
-Trial 362 0 44335599 20.807269
-Trial 363 0 44335599 20.814077
-Trial 364 0 44335599 20.827315
-Trial 365 0 44335599 20.895956
* 366: Cost = 0_44272618, Time = 17.83 sec. 
-Trial 366 0 44272618 20.913632
-Trial 367 0 44272618 20.920180
-Trial 368 0 44272618 21.045063
-Trial 369 0 44272618 21.058056
-Trial 370 0 44272618 21.079781
-Trial 371 0 44272618 21.087413
-Trial 372 0 44272618 21.089807
-Trial 373 0 44272618 21.109285
-Trial 374 0 44272618 21.123373
-Trial 375 0 44272618 21.133747
* 376: Cost = 0_44248841, Time = 18.06 sec. 
-Trial 376 0 44248841 21.136326
* 377: Cost = 0_44227669, Time = 18.06 sec. 
-Trial 377 0 44227669 21.139662
-Trial 378 0 44227669 21.145242
-Trial 379 0 44227669 21.155228
-Trial 380 0 44227669 21.177115
-Trial 381 0 44227669 21.205695
* 382: Cost = 0_44181418, Time = 18.16 sec. 
-Trial 382 0 44181418 21.237387
* 383: Cost = 0_43985082, Time = 18.18 sec. 
-Trial 383 0 43985082 21.264994
-Trial 384 0 43985082 21.279026
-Trial 385 0 43985082 21.337682
-Trial 386 0 43985082 21.340359
-Trial 387 0 43985082 21.344102
-Trial 388 0 43985082 21.345498
-Trial 389 0 43985082 21.354879
-Trial 390 0 43985082 21.366216
-Trial 391 0 43985082 21.434583
-Trial 392 0 43985082 21.473777
-Trial 393 0 43985082 21.500266
-Trial 394 0 43985082 21.529463
-Trial 395 0 43985082 21.538793
-Trial 396 0 43985082 21.605752
-Trial 397 0 43985082 21.616748
-Trial 398 0 43985082 21.626719
* 399: Cost = 0_43891795, Time = 18.60 sec. 
-Trial 399 0 43891795 21.679162
-Trial 400 0 43891795 21.702133
-Trial 401 0 43891795 21.717203
-Trial 402 0 43891795 21.753453
-Trial 403 0 43891795 21.761028
-Trial 404 0 43891795 21.778326
-Trial 405 0 43891795 21.797486
-Trial 406 0 43891795 21.804115
-Trial 407 0 43891795 21.810607
-Trial 408 0 43891795 21.819518
-Trial 409 0 43891795 21.825657
-Trial 410 0 43891795 21.851928
-Trial 411 0 43891795 21.869482
-Trial 412 0 43891795 21.872651
-Trial 413 0 43891795 21.902040
-Trial 414 0 43891795 21.902778
-Trial 415 0 43891795 21.907567
-Trial 416 0 43891795 21.920741
-Trial 417 0 43891795 21.923921
-Trial 418 0 43891795 22.012376
-Trial 419 0 43891795 22.192146
-Trial 420 0 43891795 22.198853
-Trial 421 0 43891795 22.201876
-Trial 422 0 43891795 22.221356
-Trial 423 0 43891795 22.228002
-Trial 424 0 43891795 22.234106
-Trial 425 0 43891795 22.260387
-Trial 426 0 43891795 22.295016
-Trial 427 0 43891795 22.341593
-Trial 428 0 43891795 22.505949
-Trial 429 0 43891795 22.513447
-Trial 430 0 43891795 22.545479
-Trial 431 0 43891795 22.579526
-Trial 432 0 43891795 22.586588
-Trial 433 0 43891795 22.591332
-Trial 434 0 43891795 22.625093
-Trial 435 0 43891795 22.662524
-Trial 436 0 43891795 22.696230
-Trial 437 0 43891795 23.017129
-Trial 438 0 43891795 23.040672
-Trial 439 0 43891795 23.065995
-Trial 440 0 43891795 23.080083
-Trial 441 0 43891795 23.111187
-Trial 442 0 43891795 23.136159
-Trial 443 0 43891795 23.150741
-Trial 444 0 43891795 23.179982
-Trial 445 0 43891795 23.182590
-Trial 446 0 43891795 23.203602
-Trial 447 0 43891795 23.207886
-Trial 448 0 43891795 23.208277
-Trial 449 0 43891795 23.264749
* 450: Cost = 0_43774501, Time = 20.20 sec. 
-Trial 450 0 43774501 23.283010
-Trial 451 0 43774501 23.303540
-Trial 452 0 43774501 23.365241
-Trial 453 0 43774501 23.399445
-Trial 454 0 43774501 23.416759
-Trial 455 0 43774501 23.423164
-Trial 456 0 43774501 23.432490
-Trial 457 0 43774501 23.530194
-Trial 458 0 43774501 23.548053
-Trial 459 0 43774501 23.551073
-Trial 460 0 43774501 23.585034
-Trial 461 0 43774501 23.588522
-Trial 462 0 43774501 23.635835
-Trial 463 0 43774501 23.648171
-Trial 464 0 43774501 23.655567
-Trial 465 0 43774501 23.662821
* 466: Cost = 0_43768047, Time = 20.60 sec. 
-Trial 466 0 43768047 23.678685
-Trial 467 0 43768047 23.709668
* 468: Cost = 0_43765170, Time = 20.64 sec. 
-Trial 468 0 43765170 23.723136
-Trial 469 0 43765170 23.739059
-Trial 470 0 43765170 23.774138
* 471: Cost = 0_43731785, Time = 20.72 sec. 
-Trial 471 0 43731785 23.801889
-Trial 472 0 43731785 23.810948
-Trial 473 0 43731785 23.834078
-Trial 474 0 43731785 23.846884
-Trial 475 0 43731785 23.868106
-Trial 476 0 43731785 23.870740
-Trial 477 0 43731785 23.874941
-Trial 478 0 43731785 23.918579
-Trial 479 0 43731785 23.925955
* 480: Cost = 0_43704623, Time = 20.87 sec. 
-Trial 480 0 43704623 23.954659
-Trial 481 0 43704623 23.959009
-Trial 482 0 43704623 23.961697
-Trial 483 0 43704623 24.047514
-Trial 484 0 43704623 24.453797
-Trial 485 0 43704623 24.457773
-Trial 486 0 43704623 24.510241
-Trial 487 0 43704623 24.520961
* 488: Cost = 0_43702776, Time = 21.54 sec. 
-Trial 488 0 43702776 24.617146
-Trial 489 0 43702776 24.630799
-Trial 490 0 43702776 24.674553
* 491: Cost = 0_43688090, Time = 21.60 sec. 
-Trial 491 0 43688090 24.680031
-Trial 492 0 43688090 24.684855
-Trial 493 0 43688090 24.736187
-Trial 494 0 43688090 24.815075
-Trial 495 0 43688090 24.850878
* 496: Cost = 0_43683508, Time = 21.77 sec. 
-Trial 496 0 43683508 24.853295
-Trial 497 0 43683508 24.860616
-Trial 498 0 43683508 24.870820
-Trial 499 0 43683508 24.887394
-Trial 500 0 43683508 24.894296
-Trial 501 0 43683508 24.922080
-Trial 502 0 43683508 24.943925
-Trial 503 0 43683508 24.961243
-Trial 504 0 43683508 24.965798
-Trial 505 0 43683508 24.984033
-Trial 506 0 43683508 24.998834
-Trial 507 0 43683508 25.000727
-Trial 508 0 43683508 25.030258
-Trial 509 0 43683508 25.069795
-Trial 510 0 43683508 25.089877
-Trial 511 0 43683508 25.099663
-Trial 512 0 43683508 25.108278
-Trial 513 0 43683508 25.137182
-Trial 514 0 43683508 25.181323
-Trial 515 0 43683508 25.195222
-Trial 516 0 43683508 25.199924
-Trial 517 0 43683508 25.350297
-Trial 518 0 43683508 25.421897
-Trial 519 0 43683508 25.450374
-Trial 520 0 43683508 25.471612
-Trial 521 0 43683508 25.495103
-Trial 522 0 43683508 25.628878
* 523: Cost = 0_43503926, Time = 22.65 sec. 
-Trial 523 0 43503926 25.730556
-Trial 524 0 43503926 25.740150
-Trial 525 0 43503926 25.756192
-Trial 526 0 43503926 25.772435
-Trial 527 0 43503926 25.791976
-Trial 528 0 43503926 25.810629
-Trial 529 0 43503926 25.814131
-Trial 530 0 43503926 25.844054
-Trial 531 0 43503926 25.853726
-Trial 532 0 43503926 25.857049
* 533: Cost = 0_43351163, Time = 22.79 sec. 
-Trial 533 0 43351163 25.874073
-Trial 534 0 43351163 25.881716
-Trial 535 0 43351163 25.883033
-Trial 536 0 43351163 25.894120
-Trial 537 0 43351163 25.970474
-Trial 538 0 43351163 25.976663
-Trial 539 0 43351163 25.983382
-Trial 540 0 43351163 26.033833
-Trial 541 0 43351163 26.037307
-Trial 542 0 43351163 26.071348
-Trial 543 0 43351163 26.117427
-Trial 544 0 43351163 26.122014
-Trial 545 0 43351163 26.172585
* 546: Cost = 0_43347229, Time = 23.13 sec. 
-Trial 546 0 43347229 26.211600
-Trial 547 0 43347229 26.222546
-Trial 548 0 43347229 26.251585
-Trial 549 0 43347229 26.300365
-Trial 550 0 43347229 26.315411
* 551: Cost = 0_43319954, Time = 23.24 sec. 
-Trial 551 0 43319954 26.318639
-Trial 552 0 43319954 26.351088
-Trial 553 0 43319954 26.359954
-Trial 554 0 43319954 26.365416
-Trial 555 0 43319954 26.368063
-Trial 556 0 43319954 26.380393
-Trial 557 0 43319954 26.388630
-Trial 558 0 43319954 26.402775
-Trial 559 0 43319954 26.412696
-Trial 560 0 43319954 26.413394
-Trial 561 0 43319954 26.420574
-Trial 562 0 43319954 26.421739
-Trial 563 0 43319954 26.427435
-Trial 564 0 43319954 26.437614
* 565: Cost = 0_43280598, Time = 23.43 sec. 
-Trial 565 0 43280598 26.510205
-Trial 566 0 43280598 26.573046
-Trial 567 0 43280598 26.578302
-Trial 568 0 43280598 26.591234
-Trial 569 0 43280598 26.659456
* 570: Cost = 0_43279937, Time = 23.60 sec. 
-Trial 570 0 43279937 26.677866
-Trial 571 0 43279937 26.707213
-Trial 572 0 43279937 26.752997
-Trial 573 0 43279937 26.766204
-Trial 574 0 43279937 26.769598
-Trial 575 0 43279937 26.805056
-Trial 576 0 43279937 26.869845
-Trial 577 0 43279937 26.897101
-Trial 578 0 43279937 26.972409
-Trial 579 0 43279937 26.974146
-Trial 580 0 43279937 26.987736
-Trial 581 0 43279937 27.024276
-Trial 582 0 43279937 27.035547
-Trial 583 0 43279937 27.066016
-Trial 584 0 43279937 27.071454
-Trial 585 0 43279937 27.083031
-Trial 586 0 43279937 27.093542
-Trial 587 0 43279937 27.094383
-Trial 588 0 43279937 27.105671
-Trial 589 0 43279937 27.122751
-Trial 590 0 43279937 27.138163
-Trial 591 0 43279937 27.165063
-Trial 592 0 43279937 27.307564
-Trial 593 0 43279937 27.335689
-Trial 594 0 43279937 27.466302
-Trial 595 0 43279937 27.497992
-Trial 596 0 43279937 27.505248
-Trial 597 0 43279937 27.537977
-Trial 598 0 43279937 27.541507
-Trial 599 0 43279937 27.553850
* 600: Cost = 0_43277686, Time = 24.49 sec. 
-Trial 600 0 43277686 27.573603
-Trial 601 0 43277686 27.627813
-Trial 602 0 43277686 27.635153
-Trial 603 0 43277686 27.680108
-Trial 604 0 43277686 27.735865
-Trial 605 0 43277686 27.738112
-Trial 606 0 43277686 27.743506
-Trial 607 0 43277686 27.753771
-Trial 608 0 43277686 27.761570
-Trial 609 0 43277686 27.766427
-Trial 610 0 43277686 27.775693
-Trial 611 0 43277686 27.783049
* 612: Cost = 0_43271494, Time = 24.71 sec. 
-Trial 612 0 43271494 27.787960
-Trial 613 0 43271494 27.802526
-Trial 614 0 43271494 27.807429
-Trial 615 0 43271494 27.821679
-Trial 616 0 43271494 27.828608
-Trial 617 0 43271494 28.029960
-Trial 618 0 43271494 28.036614
-Trial 619 0 43271494 28.038792
-Trial 620 0 43271494 28.050820
-Trial 621 0 43271494 28.053496
* 622: Cost = 0_43206639, Time = 24.99 sec. 
-Trial 622 0 43206639 28.072841
-Trial 623 0 43206639 28.096932
-Trial 624 0 43206639 28.184273
-Trial 625 0 43206639 28.190527
-Trial 626 0 43206639 28.201894
-Trial 627 0 43206639 28.202431
-Trial 628 0 43206639 28.209902
-Trial 629 0 43206639 28.212050
* 630: Cost = 0_43126935, Time = 25.17 sec. 
-Trial 630 0 43126935 28.247116
-Trial 631 0 43126935 28.273385
-Trial 632 0 43126935 28.370085
-Trial 633 0 43126935 28.381689
* 634: Cost = 0_43119783, Time = 25.31 sec. 
-Trial 634 0 43119783 28.391102
-Trial 635 0 43119783 28.395022
-Trial 636 0 43119783 28.401669
-Trial 637 0 43119783 28.413457
-Trial 638 0 43119783 28.420002
-Trial 639 0 43119783 28.448381
-Trial 640 0 43119783 28.454610
-Trial 641 0 43119783 28.478279
-Trial 642 0 43119783 28.671656
-Trial 643 0 43119783 28.680026
-Trial 644 0 43119783 28.729398
-Trial 645 0 43119783 28.736713
-Trial 646 0 43119783 28.742709
-Trial 647 0 43119783 28.788442
-Trial 648 0 43119783 28.867215
-Trial 649 0 43119783 28.872040
-Trial 650 0 43119783 28.876316
-Trial 651 0 43119783 28.883241
-Trial 652 0 43119783 28.883777
-Trial 653 0 43119783 28.925035
-Trial 654 0 43119783 28.927152
-Trial 655 0 43119783 28.930290
-Trial 656 0 43119783 29.164292
-Trial 657 0 43119783 29.223857
* 658: Cost = 0_43049181, Time = 26.23 sec. 
-Trial 658 0 43049181 29.307868
-Trial 659 0 43049181 29.357009
-Trial 660 0 43049181 29.361516
-Trial 661 0 43049181 29.378029
-Trial 662 0 43049181 29.384133
-Trial 663 0 43049181 29.390472
-Trial 664 0 43049181 29.400636
-Trial 665 0 43049181 29.479670
-Trial 666 0 43049181 29.577854
-Trial 667 0 43049181 29.609321
-Trial 668 0 43049181 29.631789
-Trial 669 0 43049181 29.742347
-Trial 670 0 43049181 29.765822
-Trial 671 0 43049181 29.781651
-Trial 672 0 43049181 29.791723
-Trial 673 0 43049181 29.815603
-Trial 674 0 43049181 29.840524
-Trial 675 0 43049181 29.843044
-Trial 676 0 43049181 29.869551
-Trial 677 0 43049181 29.966347
-Trial 678 0 43049181 29.990879
-Trial 679 0 43049181 30.014836
-Trial 680 0 43049181 30.022350
-Trial 681 0 43049181 30.045103
-Trial 682 0 43049181 30.059531
-Trial 683 0 43049181 30.077722
-Trial 684 0 43049181 30.081347
-Trial 685 0 43049181 30.092981
-Trial 686 0 43049181 30.098452
-Trial 687 0 43049181 30.098895
-Trial 688 0 43049181 30.146905
-Trial 689 0 43049181 30.196467
-Trial 690 0 43049181 30.197902
-Trial 691 0 43049181 30.332817
-Trial 692 0 43049181 30.363308
-Trial 693 0 43049181 30.414080
-Trial 694 0 43049181 30.417733
* 695: Cost = 0_42922780, Time = 27.36 sec. 
-Trial 695 0 42922780 30.445374
-Trial 696 0 42922780 30.456300
-Trial 697 0 42922780 30.469319
-Trial 698 0 42922780 30.477308
-Trial 699 0 42922780 30.493215
-Trial 700 0 42922780 30.544846
-Trial 701 0 42922780 30.575566
-Trial 702 0 42922780 30.581093
-Trial 703 0 42922780 30.672971
-Trial 704 0 42922780 30.713569
-Trial 705 0 42922780 30.716676
-Trial 706 0 42922780 30.740558
-Trial 707 0 42922780 30.768158
-Trial 708 0 42922780 30.799606
-Trial 709 0 42922780 30.813138
-Trial 710 0 42922780 30.816164
-Trial 711 0 42922780 30.846626
-Trial 712 0 42922780 31.070864
-Trial 713 0 42922780 31.111255
-Trial 714 0 42922780 31.118202
-Trial 715 0 42922780 31.144275
-Trial 716 0 42922780 31.161209
-Trial 717 0 42922780 31.207946
-Trial 718 0 42922780 31.213701
-Trial 719 0 42922780 31.222160
* 720: Cost = 0_42922743, Time = 28.15 sec. 
-Trial 720 0 42922743 31.233712
-Trial 721 0 42922743 31.238392
-Trial 722 0 42922743 31.471729
-Trial 723 0 42922743 31.495122
-Trial 724 0 42922743 31.504397
-Trial 725 0 42922743 31.514618
-Trial 726 0 42922743 31.574986
-Trial 727 0 42922743 31.591099
-Trial 728 0 42922743 31.628917
-Trial 729 0 42922743 31.645434
-Trial 730 0 42922743 31.653425
-Trial 731 0 42922743 31.655065
-Trial 732 0 42922743 31.683177
-Trial 733 0 42922743 31.694148
-Trial 734 0 42922743 31.700859
-Trial 735 0 42922743 31.714705
-Trial 736 0 42922743 31.734204
-Trial 737 0 42922743 31.763666
-Trial 738 0 42922743 31.777850
-Trial 739 0 42922743 31.797744
-Trial 740 0 42922743 31.810958
-Trial 741 0 42922743 31.822742
-Trial 742 0 42922743 31.824366
-Trial 743 0 42922743 31.827307
-Trial 744 0 42922743 31.865417
-Trial 745 0 42922743 31.881737
-Trial 746 0 42922743 31.887071
-Trial 747 0 42922743 31.903730
-Trial 748 0 42922743 31.904676
-Trial 749 0 42922743 31.919684
-Trial 750 0 42922743 31.924890
* 751: Cost = 0_42910334, Time = 28.85 sec. 
-Trial 751 0 42910334 31.934188
-Trial 752 0 42910334 31.941937
-Trial 753 0 42910334 31.960369
-Trial 754 0 42910334 32.000509
-Trial 755 0 42910334 32.028210
-Trial 756 0 42910334 32.036215
-Trial 757 0 42910334 32.043274
-Trial 758 0 42910334 32.072081
-Trial 759 0 42910334 32.088774
-Trial 760 0 42910334 32.191581
-Trial 761 0 42910334 32.201570
-Trial 762 0 42910334 32.221391
-Trial 763 0 42910334 32.254310
-Trial 764 0 42910334 32.272894
-Trial 765 0 42910334 32.276068
-Trial 766 0 42910334 32.375484
-Trial 767 0 42910334 32.381904
-Trial 768 0 42910334 32.425181
-Trial 769 0 42910334 32.432140
-Trial 770 0 42910334 32.434619
-Trial 771 0 42910334 32.443147
* 772: Cost = 0_42903731, Time = 29.39 sec. 
-Trial 772 0 42903731 32.472717
-Trial 773 0 42903731 32.496232
-Trial 774 0 42903731 32.499647
-Trial 775 0 42903731 32.525562
-Trial 776 0 42903731 32.534799
-Trial 777 0 42903731 32.551399
-Trial 778 0 42903731 32.560765
-Trial 779 0 42903731 32.578658
-Trial 780 0 42903731 32.595181
-Trial 781 0 42903731 32.623544
-Trial 782 0 42903731 32.638084
-Trial 783 0 42903731 32.643122
-Trial 784 0 42903731 32.674967
-Trial 785 0 42903731 32.675418
-Trial 786 0 42903731 32.832474
-Trial 787 0 42903731 32.834545
-Trial 788 0 42903731 32.837178
-Trial 789 0 42903731 32.932784
-Trial 790 0 42903731 32.946793
-Trial 791 0 42903731 32.971662
-Trial 792 0 42903731 32.977529
-Trial 793 0 42903731 32.988792
-Trial 794 0 42903731 32.993063
-Trial 795 0 42903731 33.005678
-Trial 796 0 42903731 33.012489
-Trial 797 0 42903731 33.015301
-Trial 798 0 42903731 33.073043
-Trial 799 0 42903731 33.178523
-Trial 800 0 42903731 33.188437
-Trial 801 0 42903731 33.205094
* 802: Cost = 0_42843126, Time = 30.14 sec. 
-Trial 802 0 42843126 33.220785
-Trial 803 0 42843126 33.226179
-Trial 804 0 42843126 33.262867
-Trial 805 0 42843126 33.271505
-Trial 806 0 42843126 33.279381
-Trial 807 0 42843126 33.294048
-Trial 808 0 42843126 33.297932
-Trial 809 0 42843126 33.306854
-Trial 810 0 42843126 33.322992
-Trial 811 0 42843126 33.330052
-Trial 812 0 42843126 33.337875
-Trial 813 0 42843126 33.367481
-Trial 814 0 42843126 33.375685
-Trial 815 0 42843126 33.385490
-Trial 816 0 42843126 33.400493
-Trial 817 0 42843126 33.441886
-Trial 818 0 42843126 33.452820
-Trial 819 0 42843126 33.473695
-Trial 820 0 42843126 33.669971
-Trial 821 0 42843126 33.710694
-Trial 822 0 42843126 33.726934
-Trial 823 0 42843126 33.731007
-Trial 824 0 42843126 33.732618
-Trial 825 0 42843126 33.751591
-Trial 826 0 42843126 33.763406
-Trial 827 0 42843126 33.828461
-Trial 828 0 42843126 33.853286
-Trial 829 0 42843126 33.946980
-Trial 830 0 42843126 33.958241
-Trial 831 0 42843126 34.045985
-Trial 832 0 42843126 34.058832
-Trial 833 0 42843126 34.154989
-Trial 834 0 42843126 34.176768
-Trial 835 0 42843126 34.228354
-Trial 836 0 42843126 34.231656
-Trial 837 0 42843126 34.240927
-Trial 838 0 42843126 34.260076
-Trial 839 0 42843126 34.270263
-Trial 840 0 42843126 34.290437
-Trial 841 0 42843126 34.307400
-Trial 842 0 42843126 34.319457
-Trial 843 0 42843126 34.410690
-Trial 844 0 42843126 34.424683
-Trial 845 0 42843126 34.432832
-Trial 846 0 42843126 34.530276
-Trial 847 0 42843126 34.562114
-Trial 848 0 42843126 34.564414
-Trial 849 0 42843126 34.586611
-Trial 850 0 42843126 34.590431
-Trial 851 0 42843126 34.596516
-Trial 852 0 42843126 34.623261
-Trial 853 0 42843126 34.628379
-Trial 854 0 42843126 34.647148
-Trial 855 0 42843126 34.673871
-Trial 856 0 42843126 34.677266
-Trial 857 0 42843126 34.690329
-Trial 858 0 42843126 34.693843
-Trial 859 0 42843126 34.700034
-Trial 860 0 42843126 34.769316
-Trial 861 0 42843126 34.793481
-Trial 862 0 42843126 34.795757
-Trial 863 0 42843126 34.804774
-Trial 864 0 42843126 34.816570
-Trial 865 0 42843126 34.822296
-Trial 866 0 42843126 34.853461
-Trial 867 0 42843126 34.869621
-Trial 868 0 42843126 34.895018
-Trial 869 0 42843126 34.917444
-Trial 870 0 42843126 34.956651
-Trial 871 0 42843126 34.971249
-Trial 872 0 42843126 34.983477
-Trial 873 0 42843126 35.058030
-Trial 874 0 42843126 35.073280
-Trial 875 0 42843126 35.078413
-Trial 876 0 42843126 35.098095
-Trial 877 0 42843126 35.148518
-Trial 878 0 42843126 35.203139
-Trial 879 0 42843126 35.204298
-Trial 880 0 42843126 35.225931
-Trial 881 0 42843126 35.252761
-Trial 882 0 42843126 35.368158
-Trial 883 0 42843126 35.405783
-Trial 884 0 42843126 35.433334
-Trial 885 0 42843126 35.450317
-Trial 886 0 42843126 35.460118
-Trial 887 0 42843126 35.462489
-Trial 888 0 42843126 35.524422
-Trial 889 0 42843126 35.537169
-Trial 890 0 42843126 35.567055
-Trial 891 0 42843126 35.574428
-Trial 892 0 42843126 35.584729
-Trial 893 0 42843126 35.660022
-Trial 894 0 42843126 35.682533
-Trial 895 0 42843126 35.700621
-Trial 896 0 42843126 35.723942
-Trial 897 0 42843126 35.729505
-Trial 898 0 42843126 35.743347
* 899: Cost = 0_42746967, Time = 32.74 sec. 
-Trial 899 0 42746967 35.817137
-Trial 900 0 42746967 35.825216
-Trial 901 0 42746967 35.844486
-Trial 902 0 42746967 35.943892
-Trial 903 0 42746967 35.961082
-Trial 904 0 42746967 35.964981
-Trial 905 0 42746967 35.991111
-Trial 906 0 42746967 35.999354
-Trial 907 0 42746967 36.002003
-Trial 908 0 42746967 36.007571
-Trial 909 0 42746967 36.009599
-Trial 910 0 42746967 36.012471
-Trial 911 0 42746967 36.072777
-Trial 912 0 42746967 36.103422
-Trial 913 0 42746967 36.110718
-Trial 914 0 42746967 36.139517
-Trial 915 0 42746967 36.150797
-Trial 916 0 42746967 36.175095
-Trial 917 0 42746967 36.176668
-Trial 918 0 42746967 36.186863
-Trial 919 0 42746967 36.224392
-Trial 920 0 42746967 36.244944
-Trial 921 0 42746967 36.269256
-Trial 922 0 42746967 36.274554
-Trial 923 0 42746967 36.297193
-Trial 924 0 42746967 36.307647
-Trial 925 0 42746967 36.423517
-Trial 926 0 42746967 36.437057
-Trial 927 0 42746967 36.457724
-Trial 928 0 42746967 36.477424
-Trial 929 0 42746967 36.521633
-Trial 930 0 42746967 36.544170
-Trial 931 0 42746967 36.611923
-Trial 932 0 42746967 36.693544
-Trial 933 0 42746967 36.743511
-Trial 934 0 42746967 36.763204
-Trial 935 0 42746967 36.768070
-Trial 936 0 42746967 36.810171
* 937: Cost = 0_42746924, Time = 33.75 sec. 
-Trial 937 0 42746924 36.834913
-Trial 938 0 42746924 36.858005
-Trial 939 0 42746924 36.871669
-Trial 940 0 42746924 36.911702
-Trial 941 0 42746924 36.920650
-Trial 942 0 42746924 36.937764
-Trial 943 0 42746924 36.960093
-Trial 944 0 42746924 37.000559
* 945: Cost = 0_42725590, Time = 33.93 sec. 
-Trial 945 0 42725590 37.007180
-Trial 946 0 42725590 37.057380
-Trial 947 0 42725590 37.111365
-Trial 948 0 42725590 37.118712
-Trial 949 0 42725590 37.123941
-Trial 950 0 42725590 37.144467
-Trial 951 0 42725590 37.148797
* 952: Cost = 0_42705785, Time = 34.08 sec. 
-Trial 952 0 42705785 37.161596
-Trial 953 0 42705785 37.183190
-Trial 954 0 42705785 37.370948
-Trial 955 0 42705785 37.374986
-Trial 956 0 42705785 37.392704
-Trial 957 0 42705785 37.396440
-Trial 958 0 42705785 37.406781
-Trial 959 0 42705785 37.428882
-Trial 960 0 42705785 37.487977
-Trial 961 0 42705785 37.498969
* 962: Cost = 0_42690209, Time = 34.45 sec. 
-Trial 962 0 42690209 37.530114
-Trial 963 0 42690209 37.533584
-Trial 964 0 42690209 37.558605
-Trial 965 0 42690209 37.569819
-Trial 966 0 42690209 37.574957
-Trial 967 0 42690209 37.585004
-Trial 968 0 42690209 37.656728
-Trial 969 0 42690209 37.745612
-Trial 970 0 42690209 37.746991
-Trial 971 0 42690209 37.766429
-Trial 972 0 42690209 37.821415
-Trial 973 0 42690209 37.838414
-Trial 974 0 42690209 37.866748
-Trial 975 0 42690209 37.881436
-Trial 976 0 42690209 37.900500
-Trial 977 0 42690209 37.920683
-Trial 978 0 42690209 37.948604
-Trial 979 0 42690209 37.950982
-Trial 980 0 42690209 37.988240
-Trial 981 0 42690209 38.018750
-Trial 982 0 42690209 38.126665
-Trial 983 0 42690209 38.138252
-Trial 984 0 42690209 38.152207
-Trial 985 0 42690209 38.159361
-Trial 986 0 42690209 38.178071
-Trial 987 0 42690209 38.242509
-Trial 988 0 42690209 38.255847
-Trial 989 0 42690209 38.365602
-Trial 990 0 42690209 38.410480
-Trial 991 0 42690209 38.422993
-Trial 992 0 42690209 38.427822
-Trial 993 0 42690209 38.461554
-Trial 994 0 42690209 38.484262
-Trial 995 0 42690209 38.501699
* 996: Cost = 0_42671947, Time = 35.48 sec. 
-Trial 996 0 42671947 38.560409
-Trial 997 0 42671947 38.591565
-Trial 998 0 42671947 38.608223
-Trial 999 0 42671947 38.613907
-Trial 1000 0 42671947 38.622627
Population:
  1: 0_42671947
Run 1: Cost = 0_42671947, Time = 35.54 sec. 

Successes/Runs = 0/1 
Cost.min = 42671947, Cost.avg = 42671947.00, Cost.max = 42671947
Gap.min = 0.0000%, Gap.avg = 0.0000%, Gap.max = 0.0000%
Penalty.min = 0, Penalty.avg = 0.00, Penalty.max = 0
Trials.min = 1000, Trials.avg = 1000.0, Trials.max = 1000
Time.min = 35.54 sec., Time.avg = 35.54 sec., Time.max = 35.54 sec.
Time.total = 38.62 sec.
  Size.min = 11, Size.max = 32, Penalty = 0
  Cost.min = 770097, Cost.max = 3108313, Cost.sum = 42671947
Best CVRPTW solution:
  Cost = 0_42671947
1 256 408 122 149 228 468 478 42 355 386 246 135 183 113 501 81 90 86 188 128 516 311 349 125 450 481 398 17 181 84 363 208 515 276 440 449 222 201 379 51 254 479 232 43 424 233 158 325 412 361 453 7 368 302 344 258 167 474 293 496 132 154 28 504 79 497 486 194 451 454 97 82 331 216 459 259 150 57 492 463 423 411 489 406 306 144 506 47 219 429 223 338 253 114 171 177 404 466 295 4 305 229 458 207 388 243 268 457 332 56 48 131 67 499 509 184 376 365 20 69 495 377 296 153 405 415 123 260 71 476 145 418 157 94 383 278 315 318 519 288 211 203 307 262 484 438 2 358 252 37 168 337 44 244 96 273 433 164 460 477 399 212 215 336 155 455 505 334 38 138 87 275 224 299 245 83 448 121 385 78 297 139 461 488 152 263 148 220 60 103 396 70 239 381 512 402 3 298 324 333 364 21 341 491 110 471 485 137 413 300 321 73 176 169 347 68 26 508 294 74 282 456 419 221 52 61 27 237 351 242 192 225 205 394 6 267 247 234 147 416 213 80 417 99 53 54 510 129 209 326 439 345 330 109 373 443 185 19 162 15 172 93 170 314 493 112 248 446 472 312 204 323 191 503 161 218 369 101 46 266 217 290 494 356 444 441 31 352 24 354 287 40 392 163 189 187 182 342 25 174 465 309 133 357 65 511 430 257 375 214 106 11 98 359 202 403 482 230 227 284 59 367 55 241 127 420 159 180 425 447 426 5 410 281 442 380 10 407 507 272 118 343 30 431 391 58 77 384 34 371 32 14 197 353 240 35 92 200 518 76 435 231 89 63 445 16 464 23 374 500 236 124 8 498 382 151 186 116 421 29 317 313 75 140 483 335 502 389 108 362 141 238 226 304 264 45 291 100 422 134 320 119 120 91 105 310 117 434 85 414 467 175 130 285 210 520 179 427 41 350 198 301 286 13 370 328 104 156 473 142 517 146 487 340 249 274 470 292 346 196 9 160 436 88 199 409 126 50 279 283 195 360 378 490 66 62 395 36 480 178 143 235 514 166 462 102 339 393 400 390 251 22 452 469 366 316 39 269 165 327 270 308 475 319 49 111 250 437 513 190 277 206 397 271 255 348 95 428 289 136 401 115 72 193 432 387 64 33 107 12 280 329 265 261 173 18 322 303 372 1 
