PARAMETER_FILE = result/cvrptw_500/LKH_para/347.para
Reading PROBLEM_FILE: "result/cvrptw_500/cvrptw/347.cvrptw" ... done
ASCENT_CANDIDATES = 50
BACKBONE_TRIALS = 0
BACKTRACKING = NO
# BWTSP =
# CANDIDATE_FILE =
CANDIDATE_SET_TYPE = ALPHA
DEPOT = 1
# EDGE_FILE =
EXCESS = 0.0384615
EXTERNAL_SALESMEN = 0
EXTRA_CANDIDATES = 0 
EXTRA_CANDIDATE_SET_TYPE = QUADRANT
GAIN23 = NO
GAIN_CRITERION = YES
INITIAL_PERIOD = 520
INITIAL_STEP_SIZE = 1
INITIAL_TOUR_ALGORITHM = WALK
# INITIAL_TOUR_FILE = 
INITIAL_TOUR_FRACTION = 1.000
# INPUT_TOUR_FILE = 
KICK_TYPE = 4
KICKS = 1
# MAX_BREADTH =
MAKESPAN = NO
MAX_CANDIDATES = 5 
MAX_SWAPS = 0
MAX_TRIALS = 1000
# MERGE_TOUR_FILE =
MOVE_TYPE = 5 SPECIAL
MTSP_MIN_SIZE = 1
MTSP_MAX_SIZE = 1039
# MTSP_SOLUTION_FILE = 
# NONSEQUENTIAL_MOVE_TYPE = 5
# OPTIMUM =
# OUTPUT_TOUR_FILE = 
PATCHING_A = 1 
PATCHING_C = 0 
# PI_FILE = 
POPMUSIC_INITIAL_TOUR = NO
POPMUSIC_MAX_NEIGHBORS = 5
POPMUSIC_SAMPLE_SIZE = 10
POPMUSIC_SOLUTIONS = 50
POPMUSIC_TRIALS = 1
POPULATION_SIZE = 10
PRECISION = 100
PROBLEM_FILE = result/cvrptw_500/cvrptw/347.cvrptw
RECOMBINATION = IPT
RESTRICTED_SEARCH = YES
RUNS = 1
SALESMEN = 20
SCALE = 1
SEED = 1234
# SINTEF_SOLUTION_FILE = 
STOP_AT_OPTIMUM = YES
SUBGRADIENT = YES
# SUBPROBLEM_SIZE =
# SUBPROBLEM_TOUR_FILE = 
SUBSEQUENT_MOVE_TYPE = 5 SPECIAL
SUBSEQUENT_PATCHING = YES
# TIME_LIMIT =
# TOUR_FILE = 
TRACE_LEVEL = 1
VEHICLES = 20

Lower bound = 30376084.5, Ascent time = 3.42 sec.
Cand.min = 5, Cand.avg = 5.0, Cand.max = 5
Edges.fixed = 520 [Cost = 0]
Preprocessing time = 3.51 sec.
* 1: Cost = 0_59445667, Time = 2.87 sec. 
-Trial 1 0 59445667 6.385914
* 2: Cost = 0_59444848, Time = 3.28 sec. 
-Trial 2 0 59444848 6.795564
* 3: Cost = 0_59371043, Time = 3.35 sec. 
-Trial 3 0 59371043 6.860133
* 4: Cost = 0_59365839, Time = 3.39 sec. 
-Trial 4 0 59365839 6.907551
-Trial 5 0 59365839 6.922413
-Trial 6 0 59365839 6.945927
* 7: Cost = 0_59255642, Time = 3.43 sec. 
-Trial 7 0 59255642 6.948833
* 8: Cost = 0_59184369, Time = 3.45 sec. 
-Trial 8 0 59184369 6.963166
-Trial 9 0 59184369 6.989569
-Trial 10 0 59184369 7.061819
* 11: Cost = 0_59164891, Time = 3.68 sec. 
-Trial 11 0 59164891 7.196191
* 12: Cost = 0_59096189, Time = 3.69 sec. 
-Trial 12 0 59096189 7.204178
* 13: Cost = 0_58745318, Time = 3.73 sec. 
-Trial 13 0 58745318 7.249069
* 14: Cost = 0_58212679, Time = 3.77 sec. 
-Trial 14 0 58212679 7.287520
-Trial 15 0 58212679 7.298585
-Trial 16 0 58212679 7.380009
-Trial 17 0 58212679 7.382894
-Trial 18 0 58212679 7.430005
* 19: Cost = 0_58140166, Time = 3.92 sec. 
-Trial 19 0 58140166 7.436625
-Trial 20 0 58140166 7.563155
* 21: Cost = 0_57964574, Time = 4.10 sec. 
-Trial 21 0 57964574 7.617644
-Trial 22 0 57964574 7.623318
* 23: Cost = 0_57707786, Time = 4.18 sec. 
-Trial 23 0 57707786 7.691500
-Trial 24 0 57707786 7.728342
* 25: Cost = 0_57252644, Time = 4.49 sec. 
-Trial 25 0 57252644 8.002593
* 26: Cost = 0_57116595, Time = 4.50 sec. 
-Trial 26 0 57116595 8.016009
-Trial 27 0 57116595 8.023263
-Trial 28 0 57116595 8.051962
* 29: Cost = 0_57096910, Time = 4.55 sec. 
-Trial 29 0 57096910 8.060849
* 30: Cost = 0_56751597, Time = 4.56 sec. 
-Trial 30 0 56751597 8.079208
* 31: Cost = 0_56574457, Time = 4.65 sec. 
-Trial 31 0 56574457 8.165193
* 32: Cost = 0_56549922, Time = 4.68 sec. 
-Trial 32 0 56549922 8.199394
-Trial 33 0 56549922 8.214290
* 34: Cost = 0_56542393, Time = 4.70 sec. 
-Trial 34 0 56542393 8.216040
* 35: Cost = 0_56489255, Time = 4.72 sec. 
-Trial 35 0 56489255 8.231888
-Trial 36 0 56489255 8.307833
-Trial 37 0 56489255 8.339116
* 38: Cost = 0_56380188, Time = 4.88 sec. 
-Trial 38 0 56380188 8.395749
* 39: Cost = 0_56054221, Time = 4.94 sec. 
-Trial 39 0 56054221 8.453213
* 40: Cost = 0_55796157, Time = 4.94 sec. 
-Trial 40 0 55796157 8.457026
-Trial 41 0 55796157 8.469851
-Trial 42 0 55796157 8.498609
* 43: Cost = 0_55793499, Time = 4.99 sec. 
-Trial 43 0 55793499 8.501462
-Trial 44 0 55793499 8.556339
-Trial 45 0 55793499 8.649835
-Trial 46 0 55793499 8.656077
-Trial 47 0 55793499 8.699483
-Trial 48 0 55793499 8.770244
-Trial 49 0 55793499 8.770938
-Trial 50 0 55793499 8.854532
-Trial 51 0 55793499 8.863470
* 52: Cost = 0_55608370, Time = 5.38 sec. 
-Trial 52 0 55608370 8.891918
-Trial 53 0 55608370 8.979272
-Trial 54 0 55608370 8.991578
-Trial 55 0 55608370 8.995582
-Trial 56 0 55608370 9.001052
-Trial 57 0 55608370 9.011631
-Trial 58 0 55608370 9.025191
-Trial 59 0 55608370 9.037230
-Trial 60 0 55608370 9.134549
* 61: Cost = 0_55317265, Time = 5.66 sec. 
-Trial 61 0 55317265 9.173239
* 62: Cost = 0_55195705, Time = 5.68 sec. 
-Trial 62 0 55195705 9.191068
-Trial 63 0 55195705 9.215771
* 64: Cost = 0_55189989, Time = 5.76 sec. 
-Trial 64 0 55189989 9.269583
-Trial 65 0 55189989 9.308200
-Trial 66 0 55189989 9.351339
-Trial 67 0 55189989 9.360059
-Trial 68 0 55189989 9.373314
* 69: Cost = 0_54993862, Time = 5.87 sec. 
-Trial 69 0 54993862 9.385407
-Trial 70 0 54993862 9.406624
* 71: Cost = 0_54946957, Time = 5.92 sec. 
-Trial 71 0 54946957 9.433041
-Trial 72 0 54946957 9.467037
* 73: Cost = 0_54931748, Time = 6.00 sec. 
-Trial 73 0 54931748 9.517547
* 74: Cost = 0_54371843, Time = 6.07 sec. 
-Trial 74 0 54371843 9.587969
-Trial 75 0 54371843 9.601592
-Trial 76 0 54371843 9.612659
-Trial 77 0 54371843 9.616418
-Trial 78 0 54371843 9.635044
-Trial 79 0 54371843 9.653788
-Trial 80 0 54371843 9.658204
-Trial 81 0 54371843 9.667203
-Trial 82 0 54371843 9.714224
* 83: Cost = 0_54338084, Time = 6.21 sec. 
-Trial 83 0 54338084 9.720660
-Trial 84 0 54338084 9.766328
-Trial 85 0 54338084 9.776393
-Trial 86 0 54338084 9.807679
-Trial 87 0 54338084 9.816565
* 88: Cost = 0_54295795, Time = 6.33 sec. 
-Trial 88 0 54295795 9.842253
* 89: Cost = 0_54293655, Time = 6.33 sec. 
-Trial 89 0 54293655 9.843791
* 90: Cost = 0_54079516, Time = 6.39 sec. 
-Trial 90 0 54079516 9.907249
-Trial 91 0 54079516 9.933088
* 92: Cost = 0_53952675, Time = 6.45 sec. 
-Trial 92 0 53952675 9.967285
-Trial 93 0 53952675 10.066652
-Trial 94 0 53952675 10.275445
-Trial 95 0 53952675 10.284708
-Trial 96 0 53952675 10.295763
-Trial 97 0 53952675 10.398867
-Trial 98 0 53952675 10.399629
* 99: Cost = 0_53802736, Time = 6.96 sec. 
-Trial 99 0 53802736 10.470741
-Trial 100 0 53802736 10.557825
-Trial 101 0 53802736 10.571359
-Trial 102 0 53802736 10.610944
-Trial 103 0 53802736 10.628059
-Trial 104 0 53802736 10.643177
* 105: Cost = 0_53739981, Time = 7.16 sec. 
-Trial 105 0 53739981 10.671324
-Trial 106 0 53739981 10.737387
* 107: Cost = 0_53734882, Time = 7.30 sec. 
-Trial 107 0 53734882 10.811798
-Trial 108 0 53734882 10.817160
-Trial 109 0 53734882 10.883830
-Trial 110 0 53734882 10.978396
-Trial 111 0 53734882 10.988458
-Trial 112 0 53734882 11.046252
-Trial 113 0 53734882 11.050322
-Trial 114 0 53734882 11.061985
-Trial 115 0 53734882 11.127321
* 116: Cost = 0_53692825, Time = 7.62 sec. 
-Trial 116 0 53692825 11.131304
* 117: Cost = 0_53690809, Time = 7.68 sec. 
-Trial 117 0 53690809 11.198472
* 118: Cost = 0_53531363, Time = 7.69 sec. 
-Trial 118 0 53531363 11.202623
-Trial 119 0 53531363 11.263304
* 120: Cost = 0_53291229, Time = 7.77 sec. 
-Trial 120 0 53291229 11.289132
-Trial 121 0 53291229 11.320619
-Trial 122 0 53291229 11.364865
* 123: Cost = 0_53223244, Time = 7.86 sec. 
-Trial 123 0 53223244 11.377501
-Trial 124 0 53223244 11.404206
* 125: Cost = 0_53053975, Time = 7.91 sec. 
-Trial 125 0 53053975 11.426008
-Trial 126 0 53053975 11.495828
* 127: Cost = 0_52993272, Time = 8.00 sec. 
-Trial 127 0 52993272 11.510756
-Trial 128 0 52993272 11.636147
* 129: Cost = 0_52751373, Time = 8.20 sec. 
-Trial 129 0 52751373 11.710150
-Trial 130 0 52751373 11.722071
-Trial 131 0 52751373 11.729754
-Trial 132 0 52751373 11.741529
-Trial 133 0 52751373 11.747464
-Trial 134 0 52751373 11.759266
-Trial 135 0 52751373 11.783177
-Trial 136 0 52751373 11.804955
-Trial 137 0 52751373 11.834395
-Trial 138 0 52751373 11.895602
-Trial 139 0 52751373 11.916498
-Trial 140 0 52751373 11.952101
-Trial 141 0 52751373 11.973482
-Trial 142 0 52751373 11.990734
-Trial 143 0 52751373 11.996755
-Trial 144 0 52751373 12.001391
-Trial 145 0 52751373 12.173680
-Trial 146 0 52751373 12.195723
-Trial 147 0 52751373 12.204729
-Trial 148 0 52751373 12.219483
* 149: Cost = 0_52657799, Time = 8.73 sec. 
-Trial 149 0 52657799 12.244025
-Trial 150 0 52657799 12.280972
-Trial 151 0 52657799 12.289427
* 152: Cost = 0_52652580, Time = 8.78 sec. 
-Trial 152 0 52652580 12.293687
* 153: Cost = 0_52649396, Time = 8.79 sec. 
-Trial 153 0 52649396 12.306208
-Trial 154 0 52649396 12.327983
-Trial 155 0 52649396 12.359462
* 156: Cost = 0_52634039, Time = 8.87 sec. 
-Trial 156 0 52634039 12.385561
-Trial 157 0 52634039 12.414302
-Trial 158 0 52634039 12.475533
-Trial 159 0 52634039 12.483219
-Trial 160 0 52634039 12.486848
-Trial 161 0 52634039 12.639837
-Trial 162 0 52634039 12.671013
-Trial 163 0 52634039 12.673523
-Trial 164 0 52634039 12.693185
-Trial 165 0 52634039 12.713337
-Trial 166 0 52634039 12.750649
* 167: Cost = 0_52547009, Time = 9.35 sec. 
-Trial 167 0 52547009 12.861450
-Trial 168 0 52547009 12.871208
-Trial 169 0 52547009 12.883331
-Trial 170 0 52547009 12.963861
-Trial 171 0 52547009 12.978717
* 172: Cost = 0_52470928, Time = 9.49 sec. 
-Trial 172 0 52470928 13.003729
* 173: Cost = 0_52287617, Time = 9.55 sec. 
-Trial 173 0 52287617 13.067169
* 174: Cost = 0_51925318, Time = 9.62 sec. 
-Trial 174 0 51925318 13.129687
-Trial 175 0 51925318 13.141617
-Trial 176 0 51925318 13.160713
-Trial 177 0 51925318 13.214271
* 178: Cost = 0_51877141, Time = 9.76 sec. 
-Trial 178 0 51877141 13.274102
-Trial 179 0 51877141 13.321846
-Trial 180 0 51877141 13.339601
-Trial 181 0 51877141 13.341057
-Trial 182 0 51877141 13.375046
-Trial 183 0 51877141 13.444559
-Trial 184 0 51877141 13.446797
-Trial 185 0 51877141 13.542313
-Trial 186 0 51877141 13.570949
-Trial 187 0 51877141 13.720166
-Trial 188 0 51877141 13.725687
-Trial 189 0 51877141 13.745912
-Trial 190 0 51877141 13.775814
-Trial 191 0 51877141 13.793486
-Trial 192 0 51877141 13.810662
-Trial 193 0 51877141 13.880952
-Trial 194 0 51877141 13.951125
-Trial 195 0 51877141 14.139393
-Trial 196 0 51877141 14.161541
-Trial 197 0 51877141 14.169923
-Trial 198 0 51877141 14.189211
-Trial 199 0 51877141 14.191404
-Trial 200 0 51877141 14.199414
-Trial 201 0 51877141 14.232442
-Trial 202 0 51877141 14.242520
-Trial 203 0 51877141 14.272343
-Trial 204 0 51877141 14.278876
* 205: Cost = 0_51811092, Time = 10.79 sec. 
-Trial 205 0 51811092 14.308266
-Trial 206 0 51811092 14.312064
-Trial 207 0 51811092 14.390691
-Trial 208 0 51811092 14.422946
-Trial 209 0 51811092 14.427691
-Trial 210 0 51811092 14.430129
-Trial 211 0 51811092 14.460597
* 212: Cost = 0_51585592, Time = 11.16 sec. 
-Trial 212 0 51585592 14.673067
* 213: Cost = 0_51570585, Time = 11.22 sec. 
-Trial 213 0 51570585 14.730878
* 214: Cost = 0_51533880, Time = 11.22 sec. 
-Trial 214 0 51533880 14.732695
-Trial 215 0 51533880 14.746701
-Trial 216 0 51533880 14.761362
-Trial 217 0 51533880 14.786833
* 218: Cost = 0_51518241, Time = 11.28 sec. 
-Trial 218 0 51518241 14.793218
-Trial 219 0 51518241 14.800868
-Trial 220 0 51518241 14.814561
* 221: Cost = 0_51375118, Time = 11.32 sec. 
-Trial 221 0 51375118 14.834396
-Trial 222 0 51375118 14.855810
-Trial 223 0 51375118 14.926518
* 224: Cost = 0_51335736, Time = 11.48 sec. 
-Trial 224 0 51335736 14.990093
-Trial 225 0 51335736 15.009287
-Trial 226 0 51335736 15.075705
-Trial 227 0 51335736 15.099060
* 228: Cost = 0_51214032, Time = 11.64 sec. 
-Trial 228 0 51214032 15.156263
-Trial 229 0 51214032 15.174297
-Trial 230 0 51214032 15.215317
-Trial 231 0 51214032 15.235558
-Trial 232 0 51214032 15.262518
-Trial 233 0 51214032 15.278860
-Trial 234 0 51214032 15.288357
-Trial 235 0 51214032 15.318895
-Trial 236 0 51214032 15.320876
-Trial 237 0 51214032 15.351158
-Trial 238 0 51214032 15.389714
-Trial 239 0 51214032 15.425445
-Trial 240 0 51214032 15.476239
-Trial 241 0 51214032 15.542798
-Trial 242 0 51214032 15.594361
-Trial 243 0 51214032 15.599566
-Trial 244 0 51214032 15.615028
* 245: Cost = 0_51198715, Time = 12.12 sec. 
-Trial 245 0 51198715 15.634599
-Trial 246 0 51198715 15.660626
* 247: Cost = 0_51008824, Time = 12.17 sec. 
-Trial 247 0 51008824 15.681146
-Trial 248 0 51008824 15.863630
-Trial 249 0 51008824 16.011178
-Trial 250 0 51008824 16.127326
-Trial 251 0 51008824 16.152836
-Trial 252 0 51008824 16.189355
-Trial 253 0 51008824 16.201096
-Trial 254 0 51008824 16.205391
-Trial 255 0 51008824 16.227240
* 256: Cost = 0_50996233, Time = 12.76 sec. 
-Trial 256 0 50996233 16.277683
-Trial 257 0 50996233 16.372784
-Trial 258 0 50996233 16.407146
-Trial 259 0 50996233 16.468868
-Trial 260 0 50996233 16.490285
-Trial 261 0 50996233 16.493471
-Trial 262 0 50996233 16.586480
-Trial 263 0 50996233 16.636086
-Trial 264 0 50996233 16.638645
-Trial 265 0 50996233 16.663086
* 266: Cost = 0_50963735, Time = 13.16 sec. 
-Trial 266 0 50963735 16.670487
-Trial 267 0 50963735 16.690834
-Trial 268 0 50963735 16.759440
-Trial 269 0 50963735 16.764966
-Trial 270 0 50963735 16.793518
-Trial 271 0 50963735 16.809816
-Trial 272 0 50963735 16.813662
* 273: Cost = 0_50962938, Time = 13.31 sec. 
-Trial 273 0 50962938 16.825831
-Trial 274 0 50962938 16.833847
-Trial 275 0 50962938 16.869678
* 276: Cost = 0_50958420, Time = 13.36 sec. 
-Trial 276 0 50958420 16.879024
-Trial 277 0 50958420 16.913426
-Trial 278 0 50958420 16.948410
-Trial 279 0 50958420 16.952865
-Trial 280 0 50958420 16.994301
-Trial 281 0 50958420 17.001240
* 282: Cost = 0_50952109, Time = 13.50 sec. 
-Trial 282 0 50952109 17.013627
-Trial 283 0 50952109 17.078060
-Trial 284 0 50952109 17.089455
-Trial 285 0 50952109 17.179717
-Trial 286 0 50952109 17.185365
-Trial 287 0 50952109 17.187392
-Trial 288 0 50952109 17.218918
* 289: Cost = 0_50844485, Time = 13.71 sec. 
-Trial 289 0 50844485 17.228607
-Trial 290 0 50844485 17.258391
-Trial 291 0 50844485 17.278176
* 292: Cost = 0_50797031, Time = 13.78 sec. 
-Trial 292 0 50797031 17.298578
-Trial 293 0 50797031 17.314332
-Trial 294 0 50797031 17.321322
-Trial 295 0 50797031 17.323240
-Trial 296 0 50797031 17.334450
-Trial 297 0 50797031 17.341319
-Trial 298 0 50797031 17.404726
-Trial 299 0 50797031 17.426256
-Trial 300 0 50797031 17.453927
-Trial 301 0 50797031 17.477131
-Trial 302 0 50797031 17.489438
-Trial 303 0 50797031 17.518030
-Trial 304 0 50797031 17.532013
-Trial 305 0 50797031 17.561937
-Trial 306 0 50797031 17.614143
-Trial 307 0 50797031 17.642044
-Trial 308 0 50797031 17.676107
* 309: Cost = 0_50697693, Time = 14.25 sec. 
-Trial 309 0 50697693 17.759952
* 310: Cost = 0_50695529, Time = 14.26 sec. 
-Trial 310 0 50695529 17.770310
-Trial 311 0 50695529 17.803960
-Trial 312 0 50695529 17.874989
-Trial 313 0 50695529 17.918463
-Trial 314 0 50695529 17.947107
-Trial 315 0 50695529 18.031892
* 316: Cost = 0_50669966, Time = 14.58 sec. 
-Trial 316 0 50669966 18.093688
-Trial 317 0 50669966 18.102459
-Trial 318 0 50669966 18.266460
-Trial 319 0 50669966 18.270657
-Trial 320 0 50669966 18.281471
-Trial 321 0 50669966 18.287533
-Trial 322 0 50669966 18.337114
-Trial 323 0 50669966 18.368660
-Trial 324 0 50669966 18.444777
-Trial 325 0 50669966 18.452808
-Trial 326 0 50669966 18.474889
-Trial 327 0 50669966 18.513045
-Trial 328 0 50669966 18.548157
-Trial 329 0 50669966 18.579514
-Trial 330 0 50669966 18.693866
-Trial 331 0 50669966 18.744104
-Trial 332 0 50669966 18.783974
-Trial 333 0 50669966 18.805774
-Trial 334 0 50669966 18.813434
-Trial 335 0 50669966 18.844989
-Trial 336 0 50669966 18.865896
-Trial 337 0 50669966 18.882989
-Trial 338 0 50669966 18.916746
-Trial 339 0 50669966 18.926871
-Trial 340 0 50669966 19.001353
-Trial 341 0 50669966 19.001835
-Trial 342 0 50669966 19.022265
-Trial 343 0 50669966 19.034360
* 344: Cost = 0_50476794, Time = 15.60 sec. 
-Trial 344 0 50476794 19.110580
-Trial 345 0 50476794 19.125823
-Trial 346 0 50476794 19.148685
-Trial 347 0 50476794 19.149343
-Trial 348 0 50476794 19.152617
-Trial 349 0 50476794 19.176373
-Trial 350 0 50476794 19.258647
-Trial 351 0 50476794 19.261001
-Trial 352 0 50476794 19.267509
* 353: Cost = 0_50459803, Time = 15.76 sec. 
-Trial 353 0 50459803 19.272226
-Trial 354 0 50459803 19.293435
-Trial 355 0 50459803 19.327687
-Trial 356 0 50459803 19.334537
-Trial 357 0 50459803 19.336569
-Trial 358 0 50459803 19.340299
-Trial 359 0 50459803 19.403047
-Trial 360 0 50459803 19.462976
-Trial 361 0 50459803 19.465391
* 362: Cost = 0_50453002, Time = 15.96 sec. 
-Trial 362 0 50453002 19.478654
-Trial 363 0 50453002 19.485708
-Trial 364 0 50453002 19.512272
-Trial 365 0 50453002 19.555442
-Trial 366 0 50453002 19.560366
* 367: Cost = 0_50313554, Time = 16.05 sec. 
-Trial 367 0 50313554 19.568951
-Trial 368 0 50313554 19.673093
-Trial 369 0 50313554 19.697840
-Trial 370 0 50313554 19.715791
-Trial 371 0 50313554 19.762840
-Trial 372 0 50313554 19.804021
-Trial 373 0 50313554 19.908538
-Trial 374 0 50313554 19.913887
-Trial 375 0 50313554 19.943199
-Trial 376 0 50313554 20.071154
-Trial 377 0 50313554 20.131778
-Trial 378 0 50313554 20.164603
-Trial 379 0 50313554 20.327294
-Trial 380 0 50313554 20.329841
* 381: Cost = 0_50255538, Time = 16.84 sec. 
-Trial 381 0 50255538 20.353570
-Trial 382 0 50255538 20.363348
-Trial 383 0 50255538 20.398780
-Trial 384 0 50255538 20.493640
-Trial 385 0 50255538 20.494100
-Trial 386 0 50255538 20.499283
-Trial 387 0 50255538 20.515635
-Trial 388 0 50255538 20.522892
* 389: Cost = 0_50249648, Time = 17.05 sec. 
-Trial 389 0 50249648 20.564788
-Trial 390 0 50249648 20.585448
-Trial 391 0 50249648 20.615988
-Trial 392 0 50249648 20.624072
-Trial 393 0 50249648 20.648157
-Trial 394 0 50249648 20.675932
-Trial 395 0 50249648 20.696637
* 396: Cost = 0_50248923, Time = 17.20 sec. 
-Trial 396 0 50248923 20.709903
-Trial 397 0 50248923 20.816624
-Trial 398 0 50248923 20.874522
-Trial 399 0 50248923 20.934997
-Trial 400 0 50248923 20.954187
-Trial 401 0 50248923 20.976642
* 402: Cost = 0_50245669, Time = 17.47 sec. 
-Trial 402 0 50245669 20.984545
-Trial 403 0 50245669 21.030356
-Trial 404 0 50245669 21.272846
-Trial 405 0 50245669 21.294790
-Trial 406 0 50245669 21.352557
-Trial 407 0 50245669 21.359743
-Trial 408 0 50245669 21.381102
-Trial 409 0 50245669 21.414298
-Trial 410 0 50245669 21.446209
* 411: Cost = 0_50172076, Time = 17.94 sec. 
-Trial 411 0 50172076 21.452827
-Trial 412 0 50172076 21.463135
-Trial 413 0 50172076 21.484804
-Trial 414 0 50172076 21.555562
-Trial 415 0 50172076 21.562375
* 416: Cost = 0_50064301, Time = 18.07 sec. 
-Trial 416 0 50064301 21.585603
-Trial 417 0 50064301 21.615057
-Trial 418 0 50064301 21.622038
-Trial 419 0 50064301 21.639866
-Trial 420 0 50064301 21.642223
-Trial 421 0 50064301 21.643191
-Trial 422 0 50064301 21.665350
-Trial 423 0 50064301 21.734525
-Trial 424 0 50064301 21.750519
-Trial 425 0 50064301 21.762747
-Trial 426 0 50064301 21.782578
-Trial 427 0 50064301 21.788636
-Trial 428 0 50064301 21.800148
-Trial 429 0 50064301 21.831371
-Trial 430 0 50064301 21.835244
-Trial 431 0 50064301 21.840243
-Trial 432 0 50064301 21.886611
* 433: Cost = 0_49954602, Time = 18.38 sec. 
-Trial 433 0 49954602 21.892762
-Trial 434 0 49954602 21.903668
-Trial 435 0 49954602 21.914938
-Trial 436 0 49954602 21.986096
-Trial 437 0 49954602 22.091891
-Trial 438 0 49954602 22.118650
-Trial 439 0 49954602 22.150526
* 440: Cost = 0_49929673, Time = 18.65 sec. 
-Trial 440 0 49929673 22.159930
-Trial 441 0 49929673 22.221465
-Trial 442 0 49929673 22.256959
-Trial 443 0 49929673 22.276218
-Trial 444 0 49929673 22.310397
-Trial 445 0 49929673 22.310777
-Trial 446 0 49929673 22.316885
-Trial 447 0 49929673 22.336290
-Trial 448 0 49929673 22.550068
-Trial 449 0 49929673 22.555676
-Trial 450 0 49929673 22.647985
-Trial 451 0 49929673 22.653066
* 452: Cost = 0_49921130, Time = 19.16 sec. 
-Trial 452 0 49921130 22.674379
-Trial 453 0 49921130 22.695259
-Trial 454 0 49921130 22.701597
-Trial 455 0 49921130 22.727433
* 456: Cost = 0_49915458, Time = 19.24 sec. 
-Trial 456 0 49915458 22.755601
-Trial 457 0 49915458 22.763992
-Trial 458 0 49915458 22.778055
-Trial 459 0 49915458 22.779588
-Trial 460 0 49915458 22.810183
-Trial 461 0 49915458 22.838527
-Trial 462 0 49915458 22.926310
-Trial 463 0 49915458 23.044849
-Trial 464 0 49915458 23.132314
-Trial 465 0 49915458 23.139827
-Trial 466 0 49915458 23.175135
-Trial 467 0 49915458 23.220694
-Trial 468 0 49915458 23.234254
-Trial 469 0 49915458 23.254150
-Trial 470 0 49915458 23.259334
-Trial 471 0 49915458 23.266612
-Trial 472 0 49915458 23.286921
-Trial 473 0 49915458 23.290361
-Trial 474 0 49915458 23.300904
-Trial 475 0 49915458 23.345599
-Trial 476 0 49915458 23.437059
-Trial 477 0 49915458 23.473776
-Trial 478 0 49915458 23.537242
-Trial 479 0 49915458 23.542120
-Trial 480 0 49915458 23.560703
-Trial 481 0 49915458 23.671578
-Trial 482 0 49915458 23.692953
-Trial 483 0 49915458 23.719186
-Trial 484 0 49915458 23.791751
-Trial 485 0 49915458 23.838168
-Trial 486 0 49915458 23.840233
-Trial 487 0 49915458 23.881160
-Trial 488 0 49915458 23.893544
-Trial 489 0 49915458 23.939148
-Trial 490 0 49915458 23.944155
-Trial 491 0 49915458 23.949013
-Trial 492 0 49915458 23.966533
-Trial 493 0 49915458 24.038240
-Trial 494 0 49915458 24.371562
-Trial 495 0 49915458 24.387468
-Trial 496 0 49915458 24.393342
-Trial 497 0 49915458 24.396596
-Trial 498 0 49915458 24.411955
* 499: Cost = 0_49913004, Time = 20.92 sec. 
-Trial 499 0 49913004 24.434052
-Trial 500 0 49913004 24.441982
-Trial 501 0 49913004 24.482067
-Trial 502 0 49913004 24.486117
-Trial 503 0 49913004 24.568377
-Trial 504 0 49913004 24.632042
-Trial 505 0 49913004 24.636873
-Trial 506 0 49913004 24.650035
-Trial 507 0 49913004 24.682800
-Trial 508 0 49913004 24.696896
* 509: Cost = 0_49902101, Time = 21.21 sec. 
-Trial 509 0 49902101 24.720715
-Trial 510 0 49902101 24.795176
-Trial 511 0 49902101 24.820139
-Trial 512 0 49902101 24.852793
-Trial 513 0 49902101 24.861533
-Trial 514 0 49902101 24.878034
-Trial 515 0 49902101 24.882058
-Trial 516 0 49902101 24.898941
-Trial 517 0 49902101 24.993503
-Trial 518 0 49902101 25.007844
-Trial 519 0 49902101 25.027530
-Trial 520 0 49902101 25.126917
-Trial 521 0 49902101 25.138510
-Trial 522 0 49902101 25.147282
-Trial 523 0 49902101 25.223524
-Trial 524 0 49902101 25.255677
-Trial 525 0 49902101 25.289404
-Trial 526 0 49902101 25.294964
* 527: Cost = 0_49798071, Time = 21.82 sec. 
-Trial 527 0 49798071 25.334262
-Trial 528 0 49798071 25.396977
-Trial 529 0 49798071 25.399099
-Trial 530 0 49798071 25.403086
-Trial 531 0 49798071 25.450210
-Trial 532 0 49798071 25.450743
-Trial 533 0 49798071 25.451229
-Trial 534 0 49798071 25.482231
-Trial 535 0 49798071 25.510351
-Trial 536 0 49798071 25.516774
* 537: Cost = 0_49776006, Time = 22.03 sec. 
-Trial 537 0 49776006 25.545632
-Trial 538 0 49776006 25.578527
-Trial 539 0 49776006 25.592674
-Trial 540 0 49776006 25.607267
-Trial 541 0 49776006 25.607875
-Trial 542 0 49776006 25.806051
-Trial 543 0 49776006 25.830590
-Trial 544 0 49776006 25.839165
-Trial 545 0 49776006 25.848527
-Trial 546 0 49776006 25.933508
-Trial 547 0 49776006 25.961725
-Trial 548 0 49776006 26.083118
-Trial 549 0 49776006 26.098865
-Trial 550 0 49776006 26.112014
-Trial 551 0 49776006 26.116115
-Trial 552 0 49776006 26.135949
-Trial 553 0 49776006 26.271486
-Trial 554 0 49776006 26.321557
-Trial 555 0 49776006 26.371422
-Trial 556 0 49776006 26.381093
-Trial 557 0 49776006 26.402238
-Trial 558 0 49776006 26.419747
* 559: Cost = 0_49480566, Time = 22.98 sec. 
-Trial 559 0 49480566 26.494070
-Trial 560 0 49480566 26.498136
-Trial 561 0 49480566 26.553030
-Trial 562 0 49480566 26.562578
-Trial 563 0 49480566 26.565692
-Trial 564 0 49480566 26.656954
-Trial 565 0 49480566 26.701048
-Trial 566 0 49480566 26.728535
-Trial 567 0 49480566 26.748774
-Trial 568 0 49480566 26.807177
-Trial 569 0 49480566 26.825650
-Trial 570 0 49480566 26.841444
-Trial 571 0 49480566 26.866424
-Trial 572 0 49480566 26.878342
-Trial 573 0 49480566 26.965751
-Trial 574 0 49480566 27.061264
* 575: Cost = 0_49437246, Time = 23.56 sec. 
-Trial 575 0 49437246 27.070066
* 576: Cost = 0_49358848, Time = 23.56 sec. 
-Trial 576 0 49358848 27.072879
-Trial 577 0 49358848 27.075917
-Trial 578 0 49358848 27.112671
-Trial 579 0 49358848 27.118308
-Trial 580 0 49358848 27.143357
-Trial 581 0 49358848 27.210372
-Trial 582 0 49358848 27.215798
-Trial 583 0 49358848 27.233775
-Trial 584 0 49358848 27.315161
-Trial 585 0 49358848 27.357546
-Trial 586 0 49358848 27.376819
-Trial 587 0 49358848 27.382684
-Trial 588 0 49358848 27.419279
-Trial 589 0 49358848 27.437645
-Trial 590 0 49358848 27.463427
-Trial 591 0 49358848 27.498195
-Trial 592 0 49358848 27.509945
-Trial 593 0 49358848 27.559024
-Trial 594 0 49358848 27.586546
-Trial 595 0 49358848 27.622462
-Trial 596 0 49358848 27.678597
-Trial 597 0 49358848 27.700242
* 598: Cost = 0_49326047, Time = 24.24 sec. 
-Trial 598 0 49326047 27.752669
-Trial 599 0 49326047 27.773127
-Trial 600 0 49326047 27.850123
-Trial 601 0 49326047 27.900050
-Trial 602 0 49326047 27.919358
-Trial 603 0 49326047 27.923715
-Trial 604 0 49326047 27.956512
-Trial 605 0 49326047 27.976334
-Trial 606 0 49326047 27.987738
-Trial 607 0 49326047 28.001221
-Trial 608 0 49326047 28.009353
-Trial 609 0 49326047 28.036910
-Trial 610 0 49326047 28.047667
-Trial 611 0 49326047 28.060275
-Trial 612 0 49326047 28.186043
* 613: Cost = 0_49310408, Time = 24.68 sec. 
-Trial 613 0 49310408 28.189781
-Trial 614 0 49310408 28.256042
-Trial 615 0 49310408 28.265078
-Trial 616 0 49310408 28.277611
-Trial 617 0 49310408 28.330667
* 618: Cost = 0_49304849, Time = 24.82 sec. 
-Trial 618 0 49304849 28.334590
-Trial 619 0 49304849 28.427179
* 620: Cost = 0_49303332, Time = 24.98 sec. 
-Trial 620 0 49303332 28.495170
-Trial 621 0 49303332 28.567329
-Trial 622 0 49303332 28.687526
-Trial 623 0 49303332 28.743733
-Trial 624 0 49303332 28.757539
-Trial 625 0 49303332 28.761250
-Trial 626 0 49303332 28.762422
* 627: Cost = 0_49302850, Time = 25.31 sec. 
-Trial 627 0 49302850 28.823700
-Trial 628 0 49302850 28.982880
-Trial 629 0 49302850 29.017406
-Trial 630 0 49302850 29.033278
-Trial 631 0 49302850 29.055260
* 632: Cost = 0_49274677, Time = 25.55 sec. 
-Trial 632 0 49274677 29.065213
-Trial 633 0 49274677 29.111555
-Trial 634 0 49274677 29.128748
-Trial 635 0 49274677 29.150620
-Trial 636 0 49274677 29.193980
-Trial 637 0 49274677 29.225688
-Trial 638 0 49274677 29.272001
-Trial 639 0 49274677 29.347541
-Trial 640 0 49274677 29.468500
-Trial 641 0 49274677 29.473171
* 642: Cost = 0_49266676, Time = 25.97 sec. 
-Trial 642 0 49266676 29.480831
-Trial 643 0 49266676 29.482025
-Trial 644 0 49266676 29.510105
-Trial 645 0 49266676 29.565251
-Trial 646 0 49266676 29.635966
-Trial 647 0 49266676 29.711053
-Trial 648 0 49266676 29.716075
-Trial 649 0 49266676 29.717124
-Trial 650 0 49266676 29.717938
* 651: Cost = 0_49240235, Time = 26.23 sec. 
-Trial 651 0 49240235 29.739688
-Trial 652 0 49240235 29.762868
-Trial 653 0 49240235 29.782191
* 654: Cost = 0_49186931, Time = 26.30 sec. 
-Trial 654 0 49186931 29.810660
-Trial 655 0 49186931 29.841547
-Trial 656 0 49186931 29.864041
-Trial 657 0 49186931 29.908375
-Trial 658 0 49186931 29.939921
-Trial 659 0 49186931 30.015647
* 660: Cost = 0_49169314, Time = 26.55 sec. 
-Trial 660 0 49169314 30.061666
-Trial 661 0 49169314 30.110197
-Trial 662 0 49169314 30.205664
-Trial 663 0 49169314 30.210420
-Trial 664 0 49169314 30.245261
-Trial 665 0 49169314 30.251930
-Trial 666 0 49169314 30.263050
-Trial 667 0 49169314 30.270571
-Trial 668 0 49169314 30.279086
-Trial 669 0 49169314 30.315116
-Trial 670 0 49169314 30.331310
-Trial 671 0 49169314 30.337713
-Trial 672 0 49169314 30.349001
* 673: Cost = 0_49155244, Time = 26.85 sec. 
-Trial 673 0 49155244 30.363445
-Trial 674 0 49155244 30.375798
-Trial 675 0 49155244 30.380329
-Trial 676 0 49155244 30.402872
-Trial 677 0 49155244 30.546137
* 678: Cost = 0_49144940, Time = 27.04 sec. 
-Trial 678 0 49144940 30.551632
-Trial 679 0 49144940 30.560963
-Trial 680 0 49144940 30.598982
-Trial 681 0 49144940 30.611804
-Trial 682 0 49144940 30.795743
-Trial 683 0 49144940 30.823857
-Trial 684 0 49144940 30.859938
-Trial 685 0 49144940 30.888098
-Trial 686 0 49144940 30.903671
-Trial 687 0 49144940 30.929102
-Trial 688 0 49144940 30.930409
* 689: Cost = 0_49140989, Time = 27.51 sec. 
-Trial 689 0 49140989 31.029374
-Trial 690 0 49140989 31.175548
-Trial 691 0 49140989 31.181990
-Trial 692 0 49140989 31.212409
* 693: Cost = 0_49090869, Time = 27.72 sec. 
-Trial 693 0 49090869 31.235779
-Trial 694 0 49090869 31.335573
-Trial 695 0 49090869 31.353696
-Trial 696 0 49090869 31.382523
-Trial 697 0 49090869 31.384759
-Trial 698 0 49090869 31.425529
-Trial 699 0 49090869 31.535999
-Trial 700 0 49090869 31.545260
-Trial 701 0 49090869 31.624822
-Trial 702 0 49090869 31.630873
-Trial 703 0 49090869 31.636115
-Trial 704 0 49090869 31.662946
-Trial 705 0 49090869 31.729979
-Trial 706 0 49090869 31.733007
-Trial 707 0 49090869 31.767253
* 708: Cost = 0_49080866, Time = 28.28 sec. 
-Trial 708 0 49080866 31.793532
-Trial 709 0 49080866 31.796321
-Trial 710 0 49080866 31.843096
-Trial 711 0 49080866 31.919222
-Trial 712 0 49080866 31.932924
-Trial 713 0 49080866 31.964450
-Trial 714 0 49080866 31.973635
-Trial 715 0 49080866 32.002246
-Trial 716 0 49080866 32.134794
-Trial 717 0 49080866 32.197438
-Trial 718 0 49080866 32.282160
-Trial 719 0 49080866 32.310785
-Trial 720 0 49080866 32.329909
-Trial 721 0 49080866 32.358303
-Trial 722 0 49080866 32.399200
-Trial 723 0 49080866 32.425882
* 724: Cost = 0_49010685, Time = 28.91 sec. 
-Trial 724 0 49010685 32.427285
-Trial 725 0 49010685 32.450860
-Trial 726 0 49010685 32.463972
-Trial 727 0 49010685 32.471031
-Trial 728 0 49010685 32.473764
-Trial 729 0 49010685 32.487989
-Trial 730 0 49010685 32.499421
-Trial 731 0 49010685 32.528597
-Trial 732 0 49010685 32.529623
-Trial 733 0 49010685 32.551148
-Trial 734 0 49010685 32.569972
-Trial 735 0 49010685 32.585043
-Trial 736 0 49010685 32.598628
* 737: Cost = 0_48845677, Time = 29.10 sec. 
-Trial 737 0 48845677 32.617013
-Trial 738 0 48845677 32.619195
-Trial 739 0 48845677 32.652071
-Trial 740 0 48845677 32.690028
-Trial 741 0 48845677 32.694508
-Trial 742 0 48845677 32.707531
-Trial 743 0 48845677 32.714201
-Trial 744 0 48845677 32.764681
-Trial 745 0 48845677 32.765093
-Trial 746 0 48845677 32.773394
-Trial 747 0 48845677 32.782114
-Trial 748 0 48845677 32.808811
-Trial 749 0 48845677 32.820561
-Trial 750 0 48845677 32.877117
-Trial 751 0 48845677 32.895400
-Trial 752 0 48845677 32.905264
-Trial 753 0 48845677 32.910539
-Trial 754 0 48845677 32.917039
-Trial 755 0 48845677 32.921085
-Trial 756 0 48845677 32.948925
-Trial 757 0 48845677 32.951440
-Trial 758 0 48845677 32.977666
* 759: Cost = 0_48845672, Time = 29.51 sec. 
-Trial 759 0 48845672 33.027696
-Trial 760 0 48845672 33.065146
-Trial 761 0 48845672 33.069547
-Trial 762 0 48845672 33.079391
* 763: Cost = 0_48827755, Time = 29.57 sec. 
-Trial 763 0 48827755 33.085947
-Trial 764 0 48827755 33.124773
-Trial 765 0 48827755 33.151600
-Trial 766 0 48827755 33.178321
-Trial 767 0 48827755 33.181128
-Trial 768 0 48827755 33.204963
-Trial 769 0 48827755 33.285805
-Trial 770 0 48827755 33.288645
-Trial 771 0 48827755 33.309952
-Trial 772 0 48827755 33.339756
-Trial 773 0 48827755 33.389263
-Trial 774 0 48827755 33.402661
-Trial 775 0 48827755 33.412459
-Trial 776 0 48827755 33.738409
-Trial 777 0 48827755 33.746216
-Trial 778 0 48827755 33.768515
-Trial 779 0 48827755 33.864741
-Trial 780 0 48827755 33.923873
-Trial 781 0 48827755 33.973511
-Trial 782 0 48827755 33.983584
-Trial 783 0 48827755 34.001200
* 784: Cost = 0_48777316, Time = 30.51 sec. 
-Trial 784 0 48777316 34.022776
-Trial 785 0 48777316 34.100683
-Trial 786 0 48777316 34.202916
-Trial 787 0 48777316 34.236260
-Trial 788 0 48777316 34.247928
-Trial 789 0 48777316 34.280601
-Trial 790 0 48777316 34.374596
-Trial 791 0 48777316 34.381543
-Trial 792 0 48777316 34.439684
-Trial 793 0 48777316 34.467305
-Trial 794 0 48777316 34.535260
-Trial 795 0 48777316 34.651444
-Trial 796 0 48777316 34.782213
-Trial 797 0 48777316 34.790588
-Trial 798 0 48777316 34.823297
-Trial 799 0 48777316 34.835767
-Trial 800 0 48777316 34.872380
-Trial 801 0 48777316 34.892976
-Trial 802 0 48777316 34.906954
-Trial 803 0 48777316 34.927742
-Trial 804 0 48777316 34.958467
-Trial 805 0 48777316 34.961046
-Trial 806 0 48777316 34.991968
-Trial 807 0 48777316 35.035349
-Trial 808 0 48777316 35.051960
-Trial 809 0 48777316 35.062373
-Trial 810 0 48777316 35.067708
-Trial 811 0 48777316 35.079894
-Trial 812 0 48777316 35.092815
-Trial 813 0 48777316 35.174377
-Trial 814 0 48777316 35.189803
-Trial 815 0 48777316 35.192144
-Trial 816 0 48777316 35.211640
-Trial 817 0 48777316 35.313586
-Trial 818 0 48777316 35.320737
-Trial 819 0 48777316 35.469129
-Trial 820 0 48777316 35.489633
-Trial 821 0 48777316 35.558056
-Trial 822 0 48777316 35.753781
-Trial 823 0 48777316 35.793750
-Trial 824 0 48777316 35.835671
-Trial 825 0 48777316 35.875946
-Trial 826 0 48777316 35.888709
-Trial 827 0 48777316 35.995977
-Trial 828 0 48777316 36.014047
-Trial 829 0 48777316 36.027432
-Trial 830 0 48777316 36.033150
-Trial 831 0 48777316 36.053528
-Trial 832 0 48777316 36.085405
-Trial 833 0 48777316 36.097037
-Trial 834 0 48777316 36.145512
-Trial 835 0 48777316 36.164357
-Trial 836 0 48777316 36.166160
-Trial 837 0 48777316 36.174861
-Trial 838 0 48777316 36.295180
-Trial 839 0 48777316 36.331857
-Trial 840 0 48777316 36.390818
-Trial 841 0 48777316 36.416836
-Trial 842 0 48777316 36.468099
-Trial 843 0 48777316 36.476299
-Trial 844 0 48777316 36.514141
-Trial 845 0 48777316 36.623298
-Trial 846 0 48777316 36.637358
-Trial 847 0 48777316 36.643601
-Trial 848 0 48777316 36.689290
-Trial 849 0 48777316 36.739069
-Trial 850 0 48777316 36.745766
-Trial 851 0 48777316 36.758394
-Trial 852 0 48777316 36.828347
-Trial 853 0 48777316 36.833329
-Trial 854 0 48777316 36.845335
-Trial 855 0 48777316 36.886164
-Trial 856 0 48777316 36.890587
-Trial 857 0 48777316 36.903839
-Trial 858 0 48777316 36.940657
-Trial 859 0 48777316 36.946093
-Trial 860 0 48777316 36.963126
-Trial 861 0 48777316 37.035503
-Trial 862 0 48777316 37.039579
-Trial 863 0 48777316 37.282107
-Trial 864 0 48777316 37.365745
-Trial 865 0 48777316 37.391262
-Trial 866 0 48777316 37.456710
-Trial 867 0 48777316 37.466243
-Trial 868 0 48777316 37.508093
-Trial 869 0 48777316 37.513337
* 870: Cost = 0_48767053, Time = 34.04 sec. 
-Trial 870 0 48767053 37.555437
-Trial 871 0 48767053 37.858034
-Trial 872 0 48767053 37.868342
-Trial 873 0 48767053 37.872949
-Trial 874 0 48767053 37.883688
-Trial 875 0 48767053 37.889483
* 876: Cost = 0_48753007, Time = 34.39 sec. 
-Trial 876 0 48753007 37.908021
-Trial 877 0 48753007 37.973520
-Trial 878 0 48753007 37.990478
-Trial 879 0 48753007 37.994889
-Trial 880 0 48753007 38.031178
-Trial 881 0 48753007 38.034595
-Trial 882 0 48753007 38.162730
-Trial 883 0 48753007 38.190928
-Trial 884 0 48753007 38.209800
-Trial 885 0 48753007 38.217312
-Trial 886 0 48753007 38.222010
-Trial 887 0 48753007 38.244833
-Trial 888 0 48753007 38.402617
-Trial 889 0 48753007 38.405158
-Trial 890 0 48753007 38.438454
-Trial 891 0 48753007 38.445143
-Trial 892 0 48753007 38.482939
-Trial 893 0 48753007 38.617298
-Trial 894 0 48753007 38.622897
-Trial 895 0 48753007 38.636984
-Trial 896 0 48753007 38.694170
-Trial 897 0 48753007 38.707911
-Trial 898 0 48753007 38.721583
-Trial 899 0 48753007 38.724427
-Trial 900 0 48753007 38.741076
* 901: Cost = 0_48745804, Time = 35.24 sec. 
-Trial 901 0 48745804 38.753113
-Trial 902 0 48745804 38.787973
-Trial 903 0 48745804 38.797481
-Trial 904 0 48745804 38.807982
-Trial 905 0 48745804 38.832502
-Trial 906 0 48745804 38.873494
-Trial 907 0 48745804 38.895632
-Trial 908 0 48745804 38.900891
-Trial 909 0 48745804 38.903211
-Trial 910 0 48745804 39.079244
-Trial 911 0 48745804 39.096527
-Trial 912 0 48745804 39.118185
-Trial 913 0 48745804 39.147872
-Trial 914 0 48745804 39.149763
-Trial 915 0 48745804 39.167074
-Trial 916 0 48745804 39.204287
-Trial 917 0 48745804 39.207604
-Trial 918 0 48745804 39.234668
-Trial 919 0 48745804 39.264679
-Trial 920 0 48745804 39.274453
-Trial 921 0 48745804 39.293561
-Trial 922 0 48745804 39.346904
-Trial 923 0 48745804 39.358046
-Trial 924 0 48745804 39.396507
-Trial 925 0 48745804 39.409518
-Trial 926 0 48745804 39.423630
-Trial 927 0 48745804 39.429121
-Trial 928 0 48745804 39.629697
-Trial 929 0 48745804 39.654383
-Trial 930 0 48745804 39.711797
-Trial 931 0 48745804 39.726466
-Trial 932 0 48745804 39.741144
-Trial 933 0 48745804 39.750727
-Trial 934 0 48745804 39.760260
-Trial 935 0 48745804 39.913619
-Trial 936 0 48745804 39.928131
-Trial 937 0 48745804 39.994266
-Trial 938 0 48745804 40.007511
-Trial 939 0 48745804 40.043458
-Trial 940 0 48745804 40.111593
-Trial 941 0 48745804 40.118236
-Trial 942 0 48745804 40.167336
-Trial 943 0 48745804 40.182062
-Trial 944 0 48745804 40.192014
-Trial 945 0 48745804 40.199941
-Trial 946 0 48745804 40.225683
-Trial 947 0 48745804 40.239685
-Trial 948 0 48745804 40.281211
-Trial 949 0 48745804 40.316667
-Trial 950 0 48745804 40.414104
-Trial 951 0 48745804 40.422358
-Trial 952 0 48745804 40.536571
-Trial 953 0 48745804 40.691900
-Trial 954 0 48745804 40.724370
-Trial 955 0 48745804 40.732441
-Trial 956 0 48745804 40.755207
-Trial 957 0 48745804 40.767291
* 958: Cost = 0_48729001, Time = 37.27 sec. 
-Trial 958 0 48729001 40.784850
-Trial 959 0 48729001 40.797916
-Trial 960 0 48729001 40.813539
-Trial 961 0 48729001 40.847792
-Trial 962 0 48729001 40.922806
-Trial 963 0 48729001 41.148104
-Trial 964 0 48729001 41.197065
-Trial 965 0 48729001 41.210815
-Trial 966 0 48729001 41.277453
-Trial 967 0 48729001 41.299240
-Trial 968 0 48729001 41.307984
-Trial 969 0 48729001 41.329395
-Trial 970 0 48729001 41.365792
-Trial 971 0 48729001 41.388536
-Trial 972 0 48729001 41.393669
-Trial 973 0 48729001 41.409464
* 974: Cost = 0_48715090, Time = 37.92 sec. 
-Trial 974 0 48715090 41.433439
-Trial 975 0 48715090 41.516340
-Trial 976 0 48715090 41.519850
-Trial 977 0 48715090 41.572327
-Trial 978 0 48715090 41.574098
-Trial 979 0 48715090 41.676935
-Trial 980 0 48715090 41.683195
-Trial 981 0 48715090 41.705842
-Trial 982 0 48715090 42.124476
-Trial 983 0 48715090 42.158526
-Trial 984 0 48715090 42.283176
-Trial 985 0 48715090 42.349406
-Trial 986 0 48715090 42.377105
-Trial 987 0 48715090 42.509572
-Trial 988 0 48715090 42.533637
-Trial 989 0 48715090 42.558548
-Trial 990 0 48715090 42.586493
-Trial 991 0 48715090 42.624686
-Trial 992 0 48715090 42.644417
-Trial 993 0 48715090 42.767592
-Trial 994 0 48715090 42.790805
-Trial 995 0 48715090 42.897157
-Trial 996 0 48715090 42.912543
-Trial 997 0 48715090 42.915513
-Trial 998 0 48715090 42.952450
-Trial 999 0 48715090 43.048158
-Trial 1000 0 48715090 43.084610
Population:
  1: 0_48715090
Run 1: Cost = 0_48715090, Time = 39.57 sec. 

Successes/Runs = 0/1 
Cost.min = 48715090, Cost.avg = 48715090.00, Cost.max = 48715090
Gap.min = 0.0000%, Gap.avg = 0.0000%, Gap.max = 0.0000%
Penalty.min = 0, Penalty.avg = 0.00, Penalty.max = 0
Trials.min = 1000, Trials.avg = 1000.0, Trials.max = 1000
Time.min = 39.57 sec., Time.avg = 39.57 sec., Time.max = 39.57 sec.
Time.total = 43.09 sec.
  Size.min = 10, Size.max = 39, Penalty = 0
  Cost.min = 712592, Cost.max = 3520429, Cost.sum = 48715090
Best CVRPTW solution:
  Cost = 0_48715090
1 448 199 238 304 322 109 483 150 344 42 441 88 117 410 347 39 179 247 67 303 362 470 32 216 13 159 512 52 425 278 272 377 330 245 166 400 382 511 254 288 143 198 433 137 466 436 255 293 110 135 49 499 301 287 275 136 451 392 220 294 383 502 178 432 476 368 405 154 420 41 91 281 412 482 160 197 94 207 114 449 22 380 37 18 106 73 503 385 351 501 98 386 431 128 232 168 175 348 204 506 5 342 285 277 375 51 131 116 452 292 453 462 280 149 68 23 213 125 83 388 253 519 31 75 419 408 333 188 321 444 182 228 481 314 129 474 360 393 369 241 219 170 430 153 291 21 227 504 123 329 500 155 407 212 335 194 411 45 270 398 65 193 423 471 87 414 55 104 300 363 480 230 20 171 515 378 395 107 488 358 491 489 343 17 234 72 96 309 284 181 372 447 244 48 62 161 183 456 417 415 513 367 164 455 248 283 328 186 77 463 35 233 364 141 189 371 338 267 203 315 174 428 259 33 47 516 440 495 89 211 450 158 12 63 19 426 458 221 266 396 237 290 6 318 359 81 402 308 196 214 152 61 86 262 332 509 3 163 190 352 142 140 111 7 176 113 80 324 438 319 339 325 16 64 387 101 494 95 384 156 475 439 265 260 40 514 130 251 192 490 124 312 187 26 316 313 54 185 240 78 487 195 446 460 468 85 121 122 508 276 4 70 424 200 201 231 492 274 298 394 28 115 66 53 9 354 467 100 71 235 57 381 102 353 397 356 326 69 366 222 50 485 165 90 390 365 472 296 510 2 108 224 43 327 151 76 461 34 418 337 191 370 147 127 243 8 11 350 217 399 445 457 218 210 286 27 505 126 252 373 429 289 442 172 465 82 355 403 340 46 261 271 263 334 336 58 478 144 421 79 496 305 282 36 99 225 299 443 518 379 477 273 413 295 389 74 120 139 209 60 92 497 374 242 97 239 84 177 320 479 434 167 25 15 250 331 24 132 256 10 520 264 56 157 345 184 279 38 391 268 249 119 103 517 310 311 112 484 346 427 148 205 307 206 409 223 133 459 226 173 29 59 208 341 464 229 202 257 493 93 498 406 376 236 401 349 507 246 30 357 169 138 469 486 306 269 105 435 180 134 162 215 473 323 258 297 437 404 361 14 422 416 44 118 146 145 317 302 454 1 
