PARAMETER_FILE = result/cvrptw_500/LKH_para/355.para
Reading PROBLEM_FILE: "result/cvrptw_500/cvrptw/355.cvrptw" ... done
ASCENT_CANDIDATES = 50
BACKBONE_TRIALS = 0
BACKTRACKING = NO
# BWTSP =
# CANDIDATE_FILE =
CANDIDATE_SET_TYPE = ALPHA
DEPOT = 1
# EDGE_FILE =
EXCESS = 0.0384615
EXTERNAL_SALESMEN = 0
EXTRA_CANDIDATES = 0 
EXTRA_CANDIDATE_SET_TYPE = QUADRANT
GAIN23 = NO
GAIN_CRITERION = YES
INITIAL_PERIOD = 520
INITIAL_STEP_SIZE = 1
INITIAL_TOUR_ALGORITHM = WALK
# INITIAL_TOUR_FILE = 
INITIAL_TOUR_FRACTION = 1.000
# INPUT_TOUR_FILE = 
KICK_TYPE = 4
KICKS = 1
# MAX_BREADTH =
MAKESPAN = NO
MAX_CANDIDATES = 5 
MAX_SWAPS = 0
MAX_TRIALS = 1000
# MERGE_TOUR_FILE =
MOVE_TYPE = 5 SPECIAL
MTSP_MIN_SIZE = 1
MTSP_MAX_SIZE = 1039
# MTSP_SOLUTION_FILE = 
# NONSEQUENTIAL_MOVE_TYPE = 5
# OPTIMUM =
# OUTPUT_TOUR_FILE = 
PATCHING_A = 1 
PATCHING_C = 0 
# PI_FILE = 
POPMUSIC_INITIAL_TOUR = NO
POPMUSIC_MAX_NEIGHBORS = 5
POPMUSIC_SAMPLE_SIZE = 10
POPMUSIC_SOLUTIONS = 50
POPMUSIC_TRIALS = 1
POPULATION_SIZE = 10
PRECISION = 100
PROBLEM_FILE = result/cvrptw_500/cvrptw/355.cvrptw
RECOMBINATION = IPT
RESTRICTED_SEARCH = YES
RUNS = 1
SALESMEN = 20
SCALE = 1
SEED = 1234
# SINTEF_SOLUTION_FILE = 
STOP_AT_OPTIMUM = YES
SUBGRADIENT = YES
# SUBPROBLEM_SIZE =
# SUBPROBLEM_TOUR_FILE = 
SUBSEQUENT_MOVE_TYPE = 5 SPECIAL
SUBSEQUENT_PATCHING = YES
# TIME_LIMIT =
# TOUR_FILE = 
TRACE_LEVEL = 1
VEHICLES = 20

Lower bound = 26829926.9, Ascent time = 2.45 sec.
Cand.min = 5, Cand.avg = 5.0, Cand.max = 5
Edges.fixed = 520 [Cost = 0]
Preprocessing time = 2.55 sec.
* 1: Cost = 1084986_56034015, Time = 4.44 sec. 
-Trial 1 1084986 56034015 6.991573
* 2: Cost = 1084986_54457960, Time = 4.84 sec. 
-Trial 2 1084986 54457960 7.382941
-Trial 3 1084986 54457960 7.437814
* 4: Cost = 998558_54492281, Time = 5.31 sec. 
-Trial 4 998558 54492281 7.856923
-Trial 5 998558 54492281 7.892966
-Trial 6 998558 54492281 7.995717
-Trial 7 998558 54492281 8.108880
* 8: Cost = 998558_53882786, Time = 5.78 sec. 
-Trial 8 998558 53882786 8.322719
* 9: Cost = 998558_53881006, Time = 5.88 sec. 
-Trial 9 998558 53881006 8.424744
* 10: Cost = 998558_53611548, Time = 6.05 sec. 
-Trial 10 998558 53611548 8.592917
-Trial 11 998558 53611548 8.701414
* 12: Cost = 998558_53060619, Time = 6.29 sec. 
-Trial 12 998558 53060619 8.839436
* 13: Cost = 998558_52996527, Time = 6.31 sec. 
-Trial 13 998558 52996527 8.859257
-Trial 14 998558 52996527 8.935796
* 15: Cost = 998558_52384936, Time = 6.48 sec. 
-Trial 15 998558 52384936 9.031029
-Trial 16 998558 52384936 9.098867
* 17: Cost = 998558_52317175, Time = 6.69 sec. 
-Trial 17 998558 52317175 9.239562
* 18: Cost = 998558_51864104, Time = 6.74 sec. 
-Trial 18 998558 51864104 9.284929
* 19: Cost = 998558_51597723, Time = 7.17 sec. 
-Trial 19 998558 51597723 9.719134
-Trial 20 998558 51597723 9.786097
* 21: Cost = 998558_51269222, Time = 7.44 sec. 
-Trial 21 998558 51269222 9.986897
-Trial 22 998558 51269222 10.112162
-Trial 23 998558 51269222 10.160088
* 24: Cost = 998558_50953353, Time = 7.71 sec. 
-Trial 24 998558 50953353 10.252796
-Trial 25 998558 50953353 10.291084
* 26: Cost = 998558_50885134, Time = 7.90 sec. 
-Trial 26 998558 50885134 10.443917
-Trial 27 998558 50885134 10.533252
* 28: Cost = 998558_50111685, Time = 8.11 sec. 
-Trial 28 998558 50111685 10.660463
* 29: Cost = 998558_49557231, Time = 8.52 sec. 
-Trial 29 998558 49557231 11.065276
* 30: Cost = 998558_49434912, Time = 8.63 sec. 
-Trial 30 998558 49434912 11.174949
-Trial 31 998558 49434912 11.244433
* 32: Cost = 998558_48525370, Time = 8.80 sec. 
-Trial 32 998558 48525370 11.344334
-Trial 33 998558 48525370 11.524604
* 34: Cost = 998558_48479157, Time = 9.01 sec. 
-Trial 34 998558 48479157 11.562021
* 35: Cost = 998558_48334514, Time = 9.06 sec. 
-Trial 35 998558 48334514 11.607802
* 36: Cost = 998558_47979258, Time = 9.13 sec. 
-Trial 36 998558 47979258 11.674371
-Trial 37 998558 47979258 11.713460
-Trial 38 998558 47979258 11.766019
-Trial 39 998558 47979258 11.874092
-Trial 40 998558 47979258 12.020806
* 41: Cost = 998558_47889010, Time = 9.55 sec. 
-Trial 41 998558 47889010 12.096566
* 42: Cost = 998558_47737784, Time = 9.61 sec. 
-Trial 42 998558 47737784 12.153918
-Trial 43 998558 47737784 12.395079
* 44: Cost = 998558_47622280, Time = 9.87 sec. 
-Trial 44 998558 47622280 12.413601
* 45: Cost = 998558_47546596, Time = 9.90 sec. 
-Trial 45 998558 47546596 12.446563
* 46: Cost = 998558_47412630, Time = 9.99 sec. 
-Trial 46 998558 47412630 12.537091
-Trial 47 998558 47412630 12.589930
* 48: Cost = 998558_47385251, Time = 10.15 sec. 
-Trial 48 998558 47385251 12.692496
-Trial 49 998558 47385251 12.721492
-Trial 50 998558 47385251 12.736457
-Trial 51 998558 47385251 12.783609
* 52: Cost = 998558_47196517, Time = 10.29 sec. 
-Trial 52 998558 47196517 12.835222
-Trial 53 998558 47196517 12.875105
* 54: Cost = 998558_47181714, Time = 10.48 sec. 
-Trial 54 998558 47181714 13.027997
-Trial 55 998558 47181714 13.069762
* 56: Cost = 998558_46753685, Time = 10.61 sec. 
-Trial 56 998558 46753685 13.157355
* 57: Cost = 998558_46676440, Time = 10.72 sec. 
-Trial 57 998558 46676440 13.266714
-Trial 58 998558 46676440 13.349834
-Trial 59 998558 46676440 13.448761
-Trial 60 998558 46676440 13.457308
* 61: Cost = 998558_46496327, Time = 11.03 sec. 
-Trial 61 998558 46496327 13.572266
-Trial 62 998558 46496327 13.622946
-Trial 63 998558 46496327 13.837954
-Trial 64 998558 46496327 13.934084
-Trial 65 998558 46496327 14.495295
-Trial 66 998558 46496327 14.530634
-Trial 67 998558 46496327 14.616608
-Trial 68 998558 46496327 14.668204
-Trial 69 998558 46496327 14.712552
* 70: Cost = 998558_46264239, Time = 12.26 sec. 
-Trial 70 998558 46264239 14.807798
* 71: Cost = 998558_46184856, Time = 12.29 sec. 
-Trial 71 998558 46184856 14.837424
-Trial 72 998558 46184856 14.901843
-Trial 73 998558 46184856 14.977012
* 74: Cost = 998558_46121093, Time = 12.52 sec. 
-Trial 74 998558 46121093 15.070570
-Trial 75 998558 46121093 15.089223
-Trial 76 998558 46121093 15.171053
* 77: Cost = 998558_46083753, Time = 12.69 sec. 
-Trial 77 998558 46083753 15.236557
-Trial 78 998558 46083753 15.364478
-Trial 79 998558 46083753 15.408912
* 80: Cost = 998558_46013260, Time = 12.92 sec. 
-Trial 80 998558 46013260 15.466837
-Trial 81 998558 46013260 15.533435
-Trial 82 998558 46013260 15.774549
-Trial 83 998558 46013260 15.896520
* 84: Cost = 998558_46002560, Time = 13.37 sec. 
-Trial 84 998558 46002560 15.916425
-Trial 85 998558 46002560 15.988444
-Trial 86 998558 46002560 16.137682
-Trial 87 998558 46002560 16.223092
* 88: Cost = 998558_45979276, Time = 13.69 sec. 
-Trial 88 998558 45979276 16.240935
-Trial 89 998558 45979276 16.264333
* 90: Cost = 998558_45933486, Time = 13.72 sec. 
-Trial 90 998558 45933486 16.271463
* 91: Cost = 998558_45904869, Time = 13.76 sec. 
-Trial 91 998558 45904869 16.304477
-Trial 92 998558 45904869 16.352957
* 93: Cost = 998558_45848963, Time = 13.84 sec. 
-Trial 93 998558 45848963 16.390882
-Trial 94 998558 45848963 16.444858
-Trial 95 998558 45848963 16.475325
* 96: Cost = 584108_46224981, Time = 14.06 sec. 
-Trial 96 584108 46224981 16.603452
-Trial 97 584108 46224981 16.659664
-Trial 98 584108 46224981 16.877562
-Trial 99 584108 46224981 17.078774
-Trial 100 584108 46224981 17.212650
* 101: Cost = 343657_45917016, Time = 15.39 sec. 
-Trial 101 343657 45917016 17.934468
-Trial 102 343657 45917016 17.993768
* 103: Cost = 330551_47240717, Time = 15.79 sec. 
-Trial 103 330551 47240717 18.332314
-Trial 104 330551 47240717 18.522504
* 105: Cost = 267375_47288856, Time = 16.06 sec. 
-Trial 105 267375 47288856 18.606591
* 106: Cost = 267375_47242452, Time = 16.11 sec. 
-Trial 106 267375 47242452 18.654520
-Trial 107 267375 47242452 18.666415
-Trial 108 267375 47242452 18.697071
* 109: Cost = 267375_47116207, Time = 16.22 sec. 
-Trial 109 267375 47116207 18.771441
-Trial 110 267375 47116207 18.828346
* 111: Cost = 267375_45877100, Time = 16.43 sec. 
-Trial 111 267375 45877100 18.980251
-Trial 112 267375 45877100 19.040767
-Trial 113 267375 45877100 19.091807
* 114: Cost = 267375_45805212, Time = 16.65 sec. 
-Trial 114 267375 45805212 19.201864
-Trial 115 267375 45805212 19.245485
-Trial 116 267375 45805212 19.425211
* 117: Cost = 267375_45748473, Time = 16.91 sec. 
-Trial 117 267375 45748473 19.452890
* 118: Cost = 267375_45683084, Time = 16.99 sec. 
-Trial 118 267375 45683084 19.532270
-Trial 119 267375 45683084 19.548582
* 120: Cost = 267375_45653259, Time = 17.03 sec. 
-Trial 120 267375 45653259 19.574049
-Trial 121 267375 45653259 19.638059
* 122: Cost = 267375_45607501, Time = 17.15 sec. 
-Trial 122 267375 45607501 19.693677
-Trial 123 267375 45607501 19.719836
-Trial 124 267375 45607501 19.870446
-Trial 125 267375 45607501 19.906118
-Trial 126 267375 45607501 19.927565
-Trial 127 267375 45607501 20.235154
-Trial 128 267375 45607501 20.340708
-Trial 129 267375 45607501 20.361174
* 130: Cost = 267375_45514308, Time = 17.87 sec. 
-Trial 130 267375 45514308 20.417214
* 131: Cost = 267375_45470121, Time = 17.99 sec. 
-Trial 131 267375 45470121 20.541944
-Trial 132 267375 45470121 20.619636
-Trial 133 267375 45470121 20.683863
* 134: Cost = 267375_45204733, Time = 18.18 sec. 
-Trial 134 267375 45204733 20.727994
-Trial 135 267375 45204733 20.754435
-Trial 136 267375 45204733 20.781662
-Trial 137 267375 45204733 20.810351
-Trial 138 267375 45204733 20.859701
-Trial 139 267375 45204733 20.900075
-Trial 140 267375 45204733 20.922180
-Trial 141 267375 45204733 21.061973
* 142: Cost = 267375_45204524, Time = 18.54 sec. 
-Trial 142 267375 45204524 21.086153
-Trial 143 267375 45204524 21.182388
-Trial 144 267375 45204524 21.190426
-Trial 145 267375 45204524 21.315308
* 146: Cost = 159170_45472792, Time = 18.84 sec. 
-Trial 146 159170 45472792 21.388653
-Trial 147 159170 45472792 21.467497
* 148: Cost = 159170_45390888, Time = 19.03 sec. 
-Trial 148 159170 45390888 21.577400
* 149: Cost = 159170_45339778, Time = 19.12 sec. 
-Trial 149 159170 45339778 21.670589
-Trial 150 159170 45339778 21.735652
-Trial 151 159170 45339778 21.776567
-Trial 152 159170 45339778 21.953325
* 153: Cost = 159170_45333251, Time = 19.46 sec. 
-Trial 153 159170 45333251 22.012170
-Trial 154 159170 45333251 22.184787
-Trial 155 159170 45333251 22.229221
-Trial 156 159170 45333251 22.302853
* 157: Cost = 159170_45297372, Time = 19.94 sec. 
-Trial 157 159170 45297372 22.485682
-Trial 158 159170 45297372 22.798600
-Trial 159 159170 45297372 22.938129
-Trial 160 159170 45297372 23.025034
-Trial 161 159170 45297372 23.153946
-Trial 162 159170 45297372 23.245275
-Trial 163 159170 45297372 23.372727
-Trial 164 159170 45297372 23.493200
-Trial 165 159170 45297372 23.574241
* 166: Cost = 159170_45267812, Time = 21.10 sec. 
-Trial 166 159170 45267812 23.644196
-Trial 167 159170 45267812 23.746382
-Trial 168 159170 45267812 23.753122
-Trial 169 159170 45267812 24.077884
-Trial 170 159170 45267812 24.178416
-Trial 171 159170 45267812 24.246875
-Trial 172 159170 45267812 24.248071
-Trial 173 159170 45267812 24.432644
* 174: Cost = 159170_45254856, Time = 22.00 sec. 
-Trial 174 159170 45254856 24.548613
* 175: Cost = 119734_45230376, Time = 22.09 sec. 
-Trial 175 119734 45230376 24.634712
-Trial 176 119734 45230376 24.738464
-Trial 177 119734 45230376 24.970632
-Trial 178 119734 45230376 25.118418
* 179: Cost = 119734_45217296, Time = 22.65 sec. 
-Trial 179 119734 45217296 25.193814
-Trial 180 119734 45217296 25.237005
* 181: Cost = 119734_45213707, Time = 22.72 sec. 
-Trial 181 119734 45213707 25.265514
-Trial 182 119734 45213707 25.388518
-Trial 183 119734 45213707 25.489193
-Trial 184 119734 45213707 25.554318
-Trial 185 119734 45213707 25.622595
-Trial 186 119734 45213707 25.872298
-Trial 187 119734 45213707 26.079808
-Trial 188 119734 45213707 26.149617
-Trial 189 119734 45213707 26.191872
-Trial 190 119734 45213707 26.206865
-Trial 191 119734 45213707 26.297776
-Trial 192 119734 45213707 26.349464
-Trial 193 119734 45213707 26.458569
-Trial 194 119734 45213707 26.500162
-Trial 195 119734 45213707 26.590809
-Trial 196 119734 45213707 26.593455
-Trial 197 119734 45213707 26.667873
-Trial 198 119734 45213707 26.722180
-Trial 199 119734 45213707 26.997976
-Trial 200 119734 45213707 27.015842
* 201: Cost = 119734_45188246, Time = 24.50 sec. 
-Trial 201 119734 45188246 27.045088
-Trial 202 119734 45188246 27.096115
-Trial 203 119734 45188246 27.129575
-Trial 204 119734 45188246 27.194386
-Trial 205 119734 45188246 27.218942
-Trial 206 119734 45188246 27.243744
-Trial 207 119734 45188246 27.278870
-Trial 208 119734 45188246 27.383636
-Trial 209 119734 45188246 27.448980
* 210: Cost = 119734_45108510, Time = 24.92 sec. 
-Trial 210 119734 45108510 27.464327
-Trial 211 119734 45108510 27.533210
-Trial 212 119734 45108510 27.636317
-Trial 213 119734 45108510 27.782394
* 214: Cost = 119734_45039065, Time = 25.26 sec. 
-Trial 214 119734 45039065 27.811401
-Trial 215 119734 45039065 27.906596
-Trial 216 119734 45039065 27.993181
-Trial 217 119734 45039065 28.096298
-Trial 218 119734 45039065 28.127693
-Trial 219 119734 45039065 28.201129
-Trial 220 119734 45039065 28.307975
-Trial 221 119734 45039065 28.380012
-Trial 222 119734 45039065 28.442605
-Trial 223 119734 45039065 28.541711
-Trial 224 119734 45039065 28.627119
-Trial 225 119734 45039065 28.647972
-Trial 226 119734 45039065 28.751397
-Trial 227 119734 45039065 28.789714
-Trial 228 119734 45039065 28.839563
-Trial 229 119734 45039065 28.840737
* 230: Cost = 119734_45034061, Time = 26.32 sec. 
-Trial 230 119734 45034061 28.867377
-Trial 231 119734 45034061 28.907772
-Trial 232 119734 45034061 28.988403
-Trial 233 119734 45034061 29.019237
* 234: Cost = 119734_45023256, Time = 26.54 sec. 
-Trial 234 119734 45023256 29.088661
* 235: Cost = 119734_45010006, Time = 26.60 sec. 
-Trial 235 119734 45010006 29.146652
-Trial 236 119734 45010006 29.162825
-Trial 237 119734 45010006 29.225877
-Trial 238 119734 45010006 29.255830
-Trial 239 119734 45010006 29.312368
-Trial 240 119734 45010006 29.357310
-Trial 241 119734 45010006 29.400153
-Trial 242 119734 45010006 29.460131
-Trial 243 119734 45010006 29.628973
-Trial 244 119734 45010006 29.639085
-Trial 245 119734 45010006 29.790083
-Trial 246 119734 45010006 29.798383
* 247: Cost = 93065_45263408, Time = 27.30 sec. 
-Trial 247 93065 45263408 29.846963
-Trial 248 93065 45263408 30.190055
-Trial 249 93065 45263408 30.258912
-Trial 250 93065 45263408 30.308068
-Trial 251 93065 45263408 30.323671
-Trial 252 93065 45263408 30.364030
-Trial 253 93065 45263408 30.405089
-Trial 254 93065 45263408 30.506257
* 255: Cost = 93065_45096841, Time = 28.12 sec. 
-Trial 255 93065 45096841 30.666454
-Trial 256 93065 45096841 30.710517
* 257: Cost = 93065_45096517, Time = 28.21 sec. 
-Trial 257 93065 45096517 30.761723
-Trial 258 93065 45096517 30.822517
-Trial 259 93065 45096517 30.844804
-Trial 260 93065 45096517 31.000576
-Trial 261 93065 45096517 31.057033
-Trial 262 93065 45096517 31.106219
-Trial 263 93065 45096517 31.147066
-Trial 264 93065 45096517 31.187413
-Trial 265 93065 45096517 31.379439
-Trial 266 93065 45096517 31.381977
-Trial 267 93065 45096517 31.402309
-Trial 268 93065 45096517 31.530380
-Trial 269 93065 45096517 31.541561
-Trial 270 93065 45096517 31.618947
-Trial 271 93065 45096517 31.642976
-Trial 272 93065 45096517 31.670727
-Trial 273 93065 45096517 31.739913
-Trial 274 93065 45096517 31.801514
-Trial 275 93065 45096517 31.880539
* 276: Cost = 93065_44882954, Time = 29.38 sec. 
-Trial 276 93065 44882954 31.929910
-Trial 277 93065 44882954 32.002009
-Trial 278 93065 44882954 32.037645
-Trial 279 93065 44882954 32.087554
* 280: Cost = 93065_44786576, Time = 29.56 sec. 
-Trial 280 93065 44786576 32.104196
-Trial 281 93065 44786576 32.186922
-Trial 282 93065 44786576 32.263277
-Trial 283 93065 44786576 32.315861
* 284: Cost = 93065_44751716, Time = 29.80 sec. 
-Trial 284 93065 44751716 32.349190
* 285: Cost = 93065_44738912, Time = 29.86 sec. 
-Trial 285 93065 44738912 32.408444
-Trial 286 93065 44738912 32.418893
-Trial 287 93065 44738912 32.543790
-Trial 288 93065 44738912 32.544905
-Trial 289 93065 44738912 32.575349
-Trial 290 93065 44738912 32.627305
-Trial 291 93065 44738912 32.653140
-Trial 292 93065 44738912 32.679966
-Trial 293 93065 44738912 32.712994
-Trial 294 93065 44738912 32.741575
-Trial 295 93065 44738912 32.797997
-Trial 296 93065 44738912 32.829500
-Trial 297 93065 44738912 32.856867
* 298: Cost = 93065_44737188, Time = 30.35 sec. 
-Trial 298 93065 44737188 32.895827
* 299: Cost = 93065_44696469, Time = 30.41 sec. 
-Trial 299 93065 44696469 32.959722
* 300: Cost = 93065_44692880, Time = 30.51 sec. 
-Trial 300 93065 44692880 33.056926
-Trial 301 93065 44692880 33.116664
-Trial 302 93065 44692880 33.204815
-Trial 303 93065 44692880 33.255700
-Trial 304 93065 44692880 33.305074
-Trial 305 93065 44692880 33.417419
* 306: Cost = 93065_44614911, Time = 30.97 sec. 
-Trial 306 93065 44614911 33.512293
-Trial 307 93065 44614911 33.540939
-Trial 308 93065 44614911 33.578569
-Trial 309 93065 44614911 33.606191
-Trial 310 93065 44614911 33.706891
-Trial 311 93065 44614911 33.806276
-Trial 312 93065 44614911 33.806743
-Trial 313 93065 44614911 33.816240
-Trial 314 93065 44614911 33.841755
-Trial 315 93065 44614911 33.912184
-Trial 316 93065 44614911 33.941551
-Trial 317 93065 44614911 34.075641
-Trial 318 93065 44614911 34.081930
-Trial 319 93065 44614911 34.143231
-Trial 320 93065 44614911 34.270163
-Trial 321 93065 44614911 34.453944
* 322: Cost = 93065_44498195, Time = 31.96 sec. 
-Trial 322 93065 44498195 34.505317
* 323: Cost = 0_44661508, Time = 32.05 sec. 
-Trial 323 0 44661508 34.601876
-Trial 324 0 44661508 34.615129
-Trial 325 0 44661508 34.638986
-Trial 326 0 44661508 34.650876
-Trial 327 0 44661508 34.692521
-Trial 328 0 44661508 34.774884
-Trial 329 0 44661508 34.781127
-Trial 330 0 44661508 34.841786
-Trial 331 0 44661508 34.870989
* 332: Cost = 0_44645918, Time = 32.37 sec. 
-Trial 332 0 44645918 34.920819
-Trial 333 0 44645918 34.991065
-Trial 334 0 44645918 34.991564
-Trial 335 0 44645918 35.005804
-Trial 336 0 44645918 35.025592
* 337: Cost = 0_44542785, Time = 32.49 sec. 
-Trial 337 0 44542785 35.038805
-Trial 338 0 44542785 35.055623
-Trial 339 0 44542785 35.072940
-Trial 340 0 44542785 35.100013
-Trial 341 0 44542785 35.100616
-Trial 342 0 44542785 35.146256
-Trial 343 0 44542785 35.194962
-Trial 344 0 44542785 35.208904
-Trial 345 0 44542785 35.233375
-Trial 346 0 44542785 35.235163
* 347: Cost = 0_44511793, Time = 32.72 sec. 
-Trial 347 0 44511793 35.264181
-Trial 348 0 44511793 35.467596
-Trial 349 0 44511793 35.497449
-Trial 350 0 44511793 35.515890
-Trial 351 0 44511793 35.534775
-Trial 352 0 44511793 35.567198
-Trial 353 0 44511793 35.591854
* 354: Cost = 0_44475957, Time = 33.06 sec. 
-Trial 354 0 44475957 35.605145
-Trial 355 0 44475957 35.659954
-Trial 356 0 44475957 35.671541
-Trial 357 0 44475957 35.721091
-Trial 358 0 44475957 35.757453
-Trial 359 0 44475957 35.768953
-Trial 360 0 44475957 35.795613
-Trial 361 0 44475957 35.813148
-Trial 362 0 44475957 35.992193
-Trial 363 0 44475957 36.042447
-Trial 364 0 44475957 36.115069
-Trial 365 0 44475957 36.149911
* 366: Cost = 0_44424877, Time = 33.63 sec. 
-Trial 366 0 44424877 36.173316
-Trial 367 0 44424877 36.184626
-Trial 368 0 44424877 36.188135
-Trial 369 0 44424877 36.206240
-Trial 370 0 44424877 36.273730
-Trial 371 0 44424877 36.293457
-Trial 372 0 44424877 36.302752
-Trial 373 0 44424877 36.348969
-Trial 374 0 44424877 36.391803
-Trial 375 0 44424877 36.395663
-Trial 376 0 44424877 36.401470
-Trial 377 0 44424877 36.432606
-Trial 378 0 44424877 36.439702
-Trial 379 0 44424877 36.443415
-Trial 380 0 44424877 36.452206
-Trial 381 0 44424877 36.499349
-Trial 382 0 44424877 36.519666
-Trial 383 0 44424877 36.540988
-Trial 384 0 44424877 36.544581
-Trial 385 0 44424877 36.545683
-Trial 386 0 44424877 36.569623
-Trial 387 0 44424877 36.587630
-Trial 388 0 44424877 36.603427
-Trial 389 0 44424877 36.620463
-Trial 390 0 44424877 36.637121
-Trial 391 0 44424877 36.721443
-Trial 392 0 44424877 36.733519
-Trial 393 0 44424877 36.763842
-Trial 394 0 44424877 36.793231
-Trial 395 0 44424877 36.807827
-Trial 396 0 44424877 36.811912
-Trial 397 0 44424877 36.856225
-Trial 398 0 44424877 36.868828
-Trial 399 0 44424877 36.885674
-Trial 400 0 44424877 36.924098
-Trial 401 0 44424877 36.932618
-Trial 402 0 44424877 36.950674
-Trial 403 0 44424877 36.978389
-Trial 404 0 44424877 37.037194
-Trial 405 0 44424877 37.071520
-Trial 406 0 44424877 37.083809
* 407: Cost = 0_44356264, Time = 34.55 sec. 
-Trial 407 0 44356264 37.092685
-Trial 408 0 44356264 37.098624
-Trial 409 0 44356264 37.109971
-Trial 410 0 44356264 37.227057
-Trial 411 0 44356264 37.238593
* 412: Cost = 0_44325288, Time = 34.74 sec. 
-Trial 412 0 44325288 37.290893
-Trial 413 0 44325288 37.333462
-Trial 414 0 44325288 37.334477
-Trial 415 0 44325288 37.361365
-Trial 416 0 44325288 37.370590
-Trial 417 0 44325288 37.388922
-Trial 418 0 44325288 37.392259
-Trial 419 0 44325288 37.396911
-Trial 420 0 44325288 37.428854
-Trial 421 0 44325288 37.451366
-Trial 422 0 44325288 37.477150
-Trial 423 0 44325288 37.625582
-Trial 424 0 44325288 37.640967
-Trial 425 0 44325288 37.662021
-Trial 426 0 44325288 37.683227
-Trial 427 0 44325288 37.713382
-Trial 428 0 44325288 37.750506
-Trial 429 0 44325288 37.759908
-Trial 430 0 44325288 37.778990
-Trial 431 0 44325288 37.894657
-Trial 432 0 44325288 37.937181
-Trial 433 0 44325288 37.965233
* 434: Cost = 0_44323504, Time = 35.48 sec. 
-Trial 434 0 44323504 38.030574
-Trial 435 0 44323504 38.049457
* 436: Cost = 0_44306413, Time = 35.53 sec. 
-Trial 436 0 44306413 38.079531
-Trial 437 0 44306413 38.112882
-Trial 438 0 44306413 38.116081
* 439: Cost = 0_44300624, Time = 35.60 sec. 
-Trial 439 0 44300624 38.145952
-Trial 440 0 44300624 38.217846
-Trial 441 0 44300624 38.223319
-Trial 442 0 44300624 38.265774
-Trial 443 0 44300624 38.287903
-Trial 444 0 44300624 38.354638
-Trial 445 0 44300624 38.382375
-Trial 446 0 44300624 38.394376
-Trial 447 0 44300624 38.422925
-Trial 448 0 44300624 38.467860
-Trial 449 0 44300624 38.551102
-Trial 450 0 44300624 38.559570
* 451: Cost = 0_44275679, Time = 36.03 sec. 
-Trial 451 0 44275679 38.580423
-Trial 452 0 44275679 38.682453
* 453: Cost = 0_44170111, Time = 36.17 sec. 
-Trial 453 0 44170111 38.713497
-Trial 454 0 44170111 38.730368
-Trial 455 0 44170111 38.739170
-Trial 456 0 44170111 38.752749
-Trial 457 0 44170111 38.766135
-Trial 458 0 44170111 38.771867
-Trial 459 0 44170111 38.888001
-Trial 460 0 44170111 38.900131
-Trial 461 0 44170111 38.956677
-Trial 462 0 44170111 39.038291
-Trial 463 0 44170111 39.046934
-Trial 464 0 44170111 39.093367
-Trial 465 0 44170111 39.135811
-Trial 466 0 44170111 39.358624
-Trial 467 0 44170111 39.368426
-Trial 468 0 44170111 39.376214
-Trial 469 0 44170111 39.387149
-Trial 470 0 44170111 39.400600
-Trial 471 0 44170111 39.445426
-Trial 472 0 44170111 39.472983
-Trial 473 0 44170111 39.487974
-Trial 474 0 44170111 39.528534
-Trial 475 0 44170111 39.538841
-Trial 476 0 44170111 39.591996
-Trial 477 0 44170111 39.597738
-Trial 478 0 44170111 39.610805
-Trial 479 0 44170111 39.633356
-Trial 480 0 44170111 39.642892
-Trial 481 0 44170111 39.665204
-Trial 482 0 44170111 39.694344
-Trial 483 0 44170111 39.743051
-Trial 484 0 44170111 39.787834
-Trial 485 0 44170111 39.807709
-Trial 486 0 44170111 39.964555
-Trial 487 0 44170111 40.067041
-Trial 488 0 44170111 40.079768
-Trial 489 0 44170111 40.086944
-Trial 490 0 44170111 40.095793
* 491: Cost = 0_44166203, Time = 37.56 sec. 
-Trial 491 0 44166203 40.103333
-Trial 492 0 44166203 40.115837
-Trial 493 0 44166203 40.227882
* 494: Cost = 0_44136314, Time = 37.70 sec. 
-Trial 494 0 44136314 40.251630
-Trial 495 0 44136314 40.292365
-Trial 496 0 44136314 40.301403
-Trial 497 0 44136314 40.335132
-Trial 498 0 44136314 40.377235
-Trial 499 0 44136314 40.410620
-Trial 500 0 44136314 40.421824
-Trial 501 0 44136314 40.430791
* 502: Cost = 0_44102829, Time = 37.90 sec. 
-Trial 502 0 44102829 40.442443
-Trial 503 0 44102829 40.446426
-Trial 504 0 44102829 40.452230
-Trial 505 0 44102829 40.456811
-Trial 506 0 44102829 40.468185
-Trial 507 0 44102829 40.521484
-Trial 508 0 44102829 40.566917
-Trial 509 0 44102829 40.645340
-Trial 510 0 44102829 40.649083
-Trial 511 0 44102829 40.821697
-Trial 512 0 44102829 40.880640
-Trial 513 0 44102829 40.895734
-Trial 514 0 44102829 40.919452
-Trial 515 0 44102829 40.945032
* 516: Cost = 0_44070436, Time = 38.42 sec. 
-Trial 516 0 44070436 40.964026
-Trial 517 0 44070436 41.044855
-Trial 518 0 44070436 41.058281
-Trial 519 0 44070436 41.409712
-Trial 520 0 44070436 41.428181
-Trial 521 0 44070436 41.442910
-Trial 522 0 44070436 41.448292
-Trial 523 0 44070436 41.453237
-Trial 524 0 44070436 41.455377
-Trial 525 0 44070436 41.575219
-Trial 526 0 44070436 41.597934
-Trial 527 0 44070436 41.601609
-Trial 528 0 44070436 41.617740
-Trial 529 0 44070436 41.624915
-Trial 530 0 44070436 41.731966
-Trial 531 0 44070436 41.747357
-Trial 532 0 44070436 41.756791
-Trial 533 0 44070436 41.759514
-Trial 534 0 44070436 41.763663
-Trial 535 0 44070436 41.788738
-Trial 536 0 44070436 41.793394
-Trial 537 0 44070436 41.799151
-Trial 538 0 44070436 41.805871
-Trial 539 0 44070436 41.816438
-Trial 540 0 44070436 41.881624
-Trial 541 0 44070436 41.899417
-Trial 542 0 44070436 41.913510
-Trial 543 0 44070436 41.923474
-Trial 544 0 44070436 42.014246
-Trial 545 0 44070436 42.043359
-Trial 546 0 44070436 42.118138
-Trial 547 0 44070436 42.128104
-Trial 548 0 44070436 42.174096
-Trial 549 0 44070436 42.244629
-Trial 550 0 44070436 42.249995
-Trial 551 0 44070436 42.259899
-Trial 552 0 44070436 42.306387
-Trial 553 0 44070436 42.370188
-Trial 554 0 44070436 42.372776
-Trial 555 0 44070436 42.388434
-Trial 556 0 44070436 42.400018
-Trial 557 0 44070436 42.414160
-Trial 558 0 44070436 42.439430
-Trial 559 0 44070436 42.460034
-Trial 560 0 44070436 42.493585
-Trial 561 0 44070436 42.505302
-Trial 562 0 44070436 42.512247
-Trial 563 0 44070436 42.514847
-Trial 564 0 44070436 42.695320
-Trial 565 0 44070436 42.721830
-Trial 566 0 44070436 43.127641
-Trial 567 0 44070436 43.198681
-Trial 568 0 44070436 43.241060
-Trial 569 0 44070436 43.247561
-Trial 570 0 44070436 43.288871
-Trial 571 0 44070436 43.289325
-Trial 572 0 44070436 43.319409
-Trial 573 0 44070436 43.358644
-Trial 574 0 44070436 43.379122
-Trial 575 0 44070436 43.391230
-Trial 576 0 44070436 43.496003
-Trial 577 0 44070436 43.517763
-Trial 578 0 44070436 43.527751
-Trial 579 0 44070436 43.561231
-Trial 580 0 44070436 43.578989
-Trial 581 0 44070436 43.642267
-Trial 582 0 44070436 43.645828
-Trial 583 0 44070436 43.681406
-Trial 584 0 44070436 43.686034
-Trial 585 0 44070436 43.701706
-Trial 586 0 44070436 43.716932
-Trial 587 0 44070436 43.742282
-Trial 588 0 44070436 43.783213
-Trial 589 0 44070436 43.794186
-Trial 590 0 44070436 43.798733
-Trial 591 0 44070436 43.897131
-Trial 592 0 44070436 43.962217
-Trial 593 0 44070436 43.972107
-Trial 594 0 44070436 44.034357
-Trial 595 0 44070436 44.062670
-Trial 596 0 44070436 44.104274
-Trial 597 0 44070436 44.109942
-Trial 598 0 44070436 44.121090
-Trial 599 0 44070436 44.124949
-Trial 600 0 44070436 44.173272
-Trial 601 0 44070436 44.224941
-Trial 602 0 44070436 44.228445
-Trial 603 0 44070436 44.242813
-Trial 604 0 44070436 44.255719
-Trial 605 0 44070436 44.262597
-Trial 606 0 44070436 44.270473
-Trial 607 0 44070436 44.283381
-Trial 608 0 44070436 44.342134
-Trial 609 0 44070436 44.359561
-Trial 610 0 44070436 44.363957
-Trial 611 0 44070436 44.454131
-Trial 612 0 44070436 44.480827
-Trial 613 0 44070436 44.526540
-Trial 614 0 44070436 44.561816
-Trial 615 0 44070436 44.578330
-Trial 616 0 44070436 44.585345
-Trial 617 0 44070436 44.630642
-Trial 618 0 44070436 44.644144
-Trial 619 0 44070436 44.645810
-Trial 620 0 44070436 44.696653
-Trial 621 0 44070436 44.709096
-Trial 622 0 44070436 44.770031
-Trial 623 0 44070436 44.791749
-Trial 624 0 44070436 44.824218
-Trial 625 0 44070436 44.827989
-Trial 626 0 44070436 44.857914
-Trial 627 0 44070436 44.870430
-Trial 628 0 44070436 44.970396
-Trial 629 0 44070436 45.018365
-Trial 630 0 44070436 45.029019
-Trial 631 0 44070436 45.040141
-Trial 632 0 44070436 45.081700
-Trial 633 0 44070436 45.111157
-Trial 634 0 44070436 45.137012
-Trial 635 0 44070436 45.138773
-Trial 636 0 44070436 45.147382
-Trial 637 0 44070436 45.153535
-Trial 638 0 44070436 45.168680
-Trial 639 0 44070436 45.198318
-Trial 640 0 44070436 45.340402
-Trial 641 0 44070436 45.351362
-Trial 642 0 44070436 45.354439
-Trial 643 0 44070436 45.493942
-Trial 644 0 44070436 45.520874
-Trial 645 0 44070436 45.549518
-Trial 646 0 44070436 45.555130
-Trial 647 0 44070436 45.649755
-Trial 648 0 44070436 45.689591
-Trial 649 0 44070436 45.727569
-Trial 650 0 44070436 45.743895
-Trial 651 0 44070436 45.814731
-Trial 652 0 44070436 45.894092
-Trial 653 0 44070436 45.919801
-Trial 654 0 44070436 45.980263
-Trial 655 0 44070436 45.998299
-Trial 656 0 44070436 46.022715
-Trial 657 0 44070436 46.037451
-Trial 658 0 44070436 46.111039
-Trial 659 0 44070436 46.122174
-Trial 660 0 44070436 46.149452
-Trial 661 0 44070436 46.209679
-Trial 662 0 44070436 46.212481
-Trial 663 0 44070436 46.281435
-Trial 664 0 44070436 46.299744
-Trial 665 0 44070436 46.310487
-Trial 666 0 44070436 46.328092
-Trial 667 0 44070436 46.430426
-Trial 668 0 44070436 46.440174
* 669: Cost = 0_44056458, Time = 43.90 sec. 
-Trial 669 0 44056458 46.444713
-Trial 670 0 44056458 46.451864
-Trial 671 0 44056458 46.501568
-Trial 672 0 44056458 46.526011
-Trial 673 0 44056458 46.552540
-Trial 674 0 44056458 46.743060
-Trial 675 0 44056458 46.757860
-Trial 676 0 44056458 46.774270
-Trial 677 0 44056458 46.775029
-Trial 678 0 44056458 46.854288
-Trial 679 0 44056458 46.873597
-Trial 680 0 44056458 46.884599
-Trial 681 0 44056458 46.907885
-Trial 682 0 44056458 46.945463
-Trial 683 0 44056458 46.962449
-Trial 684 0 44056458 46.964222
-Trial 685 0 44056458 46.966764
-Trial 686 0 44056458 46.978378
-Trial 687 0 44056458 46.983310
-Trial 688 0 44056458 47.106117
-Trial 689 0 44056458 47.312753
-Trial 690 0 44056458 47.319787
-Trial 691 0 44056458 47.376774
* 692: Cost = 0_44038691, Time = 44.86 sec. 
-Trial 692 0 44038691 47.404531
-Trial 693 0 44038691 47.415083
-Trial 694 0 44038691 47.419457
-Trial 695 0 44038691 47.479085
-Trial 696 0 44038691 47.498740
-Trial 697 0 44038691 47.516943
-Trial 698 0 44038691 47.528401
-Trial 699 0 44038691 47.581036
-Trial 700 0 44038691 47.594774
-Trial 701 0 44038691 47.651554
-Trial 702 0 44038691 47.713316
-Trial 703 0 44038691 47.724195
-Trial 704 0 44038691 47.733017
-Trial 705 0 44038691 47.744681
-Trial 706 0 44038691 47.760448
-Trial 707 0 44038691 47.762739
-Trial 708 0 44038691 47.779446
-Trial 709 0 44038691 47.822449
-Trial 710 0 44038691 47.883835
-Trial 711 0 44038691 47.886907
-Trial 712 0 44038691 47.915945
-Trial 713 0 44038691 47.925089
-Trial 714 0 44038691 47.974595
-Trial 715 0 44038691 47.996449
-Trial 716 0 44038691 48.002274
-Trial 717 0 44038691 48.005857
-Trial 718 0 44038691 48.013057
-Trial 719 0 44038691 48.200298
-Trial 720 0 44038691 48.215658
-Trial 721 0 44038691 48.248398
-Trial 722 0 44038691 48.300066
-Trial 723 0 44038691 48.340084
-Trial 724 0 44038691 48.350321
-Trial 725 0 44038691 48.351641
* 726: Cost = 0_44003641, Time = 45.83 sec. 
-Trial 726 0 44003641 48.374265
-Trial 727 0 44003641 48.408248
-Trial 728 0 44003641 48.412458
-Trial 729 0 44003641 48.445904
-Trial 730 0 44003641 48.455905
* 731: Cost = 0_43948640, Time = 45.99 sec. 
-Trial 731 0 43948640 48.535803
* 732: Cost = 0_43925356, Time = 46.00 sec. 
-Trial 732 0 43925356 48.544293
-Trial 733 0 43925356 48.556688
-Trial 734 0 43925356 48.602571
-Trial 735 0 43925356 48.627893
-Trial 736 0 43925356 48.638483
-Trial 737 0 43925356 48.641396
-Trial 738 0 43925356 48.654079
-Trial 739 0 43925356 48.668829
-Trial 740 0 43925356 48.838656
-Trial 741 0 43925356 48.870632
-Trial 742 0 43925356 48.914624
-Trial 743 0 43925356 48.933481
-Trial 744 0 43925356 48.952631
-Trial 745 0 43925356 48.975871
-Trial 746 0 43925356 49.011074
-Trial 747 0 43925356 49.031190
-Trial 748 0 43925356 49.281706
-Trial 749 0 43925356 49.302378
-Trial 750 0 43925356 49.310944
-Trial 751 0 43925356 49.317024
-Trial 752 0 43925356 49.348873
-Trial 753 0 43925356 49.378412
-Trial 754 0 43925356 49.415829
-Trial 755 0 43925356 49.434202
-Trial 756 0 43925356 49.457701
-Trial 757 0 43925356 49.506702
-Trial 758 0 43925356 49.565561
-Trial 759 0 43925356 49.595294
-Trial 760 0 43925356 49.601207
-Trial 761 0 43925356 49.614354
-Trial 762 0 43925356 49.635656
-Trial 763 0 43925356 49.668717
-Trial 764 0 43925356 49.680421
-Trial 765 0 43925356 49.780758
-Trial 766 0 43925356 49.793358
-Trial 767 0 43925356 49.796034
-Trial 768 0 43925356 49.805280
-Trial 769 0 43925356 49.819822
-Trial 770 0 43925356 49.823873
-Trial 771 0 43925356 49.850845
-Trial 772 0 43925356 49.853658
-Trial 773 0 43925356 49.861819
-Trial 774 0 43925356 49.913352
-Trial 775 0 43925356 49.994356
-Trial 776 0 43925356 49.994825
-Trial 777 0 43925356 50.009278
-Trial 778 0 43925356 50.013874
-Trial 779 0 43925356 50.076983
-Trial 780 0 43925356 50.118586
-Trial 781 0 43925356 50.128374
-Trial 782 0 43925356 50.144265
-Trial 783 0 43925356 50.161815
-Trial 784 0 43925356 50.205175
-Trial 785 0 43925356 50.227709
-Trial 786 0 43925356 50.235324
* 787: Cost = 0_43902456, Time = 47.70 sec. 
-Trial 787 0 43902456 50.243436
-Trial 788 0 43902456 50.250681
-Trial 789 0 43902456 50.276640
-Trial 790 0 43902456 50.313534
-Trial 791 0 43902456 50.337163
-Trial 792 0 43902456 50.344258
-Trial 793 0 43902456 50.354271
-Trial 794 0 43902456 50.368597
-Trial 795 0 43902456 50.398544
-Trial 796 0 43902456 50.413313
-Trial 797 0 43902456 50.430202
-Trial 798 0 43902456 50.441986
-Trial 799 0 43902456 50.496016
-Trial 800 0 43902456 50.512646
-Trial 801 0 43902456 50.532162
-Trial 802 0 43902456 50.762719
-Trial 803 0 43902456 50.820065
-Trial 804 0 43902456 50.835797
-Trial 805 0 43902456 50.843481
-Trial 806 0 43902456 50.850069
-Trial 807 0 43902456 50.867151
-Trial 808 0 43902456 50.871846
-Trial 809 0 43902456 50.887185
-Trial 810 0 43902456 50.895338
-Trial 811 0 43902456 50.903856
-Trial 812 0 43902456 50.921257
-Trial 813 0 43902456 50.940523
-Trial 814 0 43902456 51.075984
-Trial 815 0 43902456 51.222535
-Trial 816 0 43902456 51.235059
-Trial 817 0 43902456 51.278835
-Trial 818 0 43902456 51.329043
-Trial 819 0 43902456 51.330281
-Trial 820 0 43902456 51.387154
-Trial 821 0 43902456 51.445669
-Trial 822 0 43902456 51.469909
-Trial 823 0 43902456 51.474927
-Trial 824 0 43902456 51.497434
-Trial 825 0 43902456 51.542282
-Trial 826 0 43902456 51.545555
-Trial 827 0 43902456 51.578607
-Trial 828 0 43902456 51.591051
-Trial 829 0 43902456 51.600658
-Trial 830 0 43902456 51.649154
-Trial 831 0 43902456 51.780111
-Trial 832 0 43902456 51.796975
-Trial 833 0 43902456 51.869644
-Trial 834 0 43902456 51.894939
-Trial 835 0 43902456 51.903971
-Trial 836 0 43902456 51.947269
-Trial 837 0 43902456 51.977994
-Trial 838 0 43902456 52.012549
-Trial 839 0 43902456 52.049574
-Trial 840 0 43902456 52.066909
-Trial 841 0 43902456 52.101004
-Trial 842 0 43902456 52.196131
-Trial 843 0 43902456 52.202133
-Trial 844 0 43902456 52.207045
-Trial 845 0 43902456 52.280926
-Trial 846 0 43902456 52.334613
-Trial 847 0 43902456 52.356231
-Trial 848 0 43902456 52.375288
-Trial 849 0 43902456 52.388112
-Trial 850 0 43902456 52.393469
-Trial 851 0 43902456 52.397376
-Trial 852 0 43902456 52.422250
-Trial 853 0 43902456 52.453077
-Trial 854 0 43902456 52.491617
-Trial 855 0 43902456 52.574632
-Trial 856 0 43902456 52.613282
-Trial 857 0 43902456 52.674049
-Trial 858 0 43902456 52.685391
-Trial 859 0 43902456 52.805840
-Trial 860 0 43902456 52.826312
-Trial 861 0 43902456 52.831327
-Trial 862 0 43902456 52.882956
-Trial 863 0 43902456 52.897130
-Trial 864 0 43902456 52.913406
-Trial 865 0 43902456 52.920489
-Trial 866 0 43902456 52.925570
-Trial 867 0 43902456 52.955192
-Trial 868 0 43902456 52.974408
-Trial 869 0 43902456 53.035097
-Trial 870 0 43902456 53.160508
-Trial 871 0 43902456 53.325891
-Trial 872 0 43902456 53.329236
-Trial 873 0 43902456 53.331996
-Trial 874 0 43902456 53.337590
-Trial 875 0 43902456 53.345832
-Trial 876 0 43902456 53.373652
-Trial 877 0 43902456 53.399489
-Trial 878 0 43902456 53.401070
-Trial 879 0 43902456 53.430214
-Trial 880 0 43902456 53.676480
-Trial 881 0 43902456 53.703676
-Trial 882 0 43902456 53.716539
-Trial 883 0 43902456 53.729894
-Trial 884 0 43902456 54.066253
-Trial 885 0 43902456 54.077777
-Trial 886 0 43902456 54.092359
-Trial 887 0 43902456 54.129841
-Trial 888 0 43902456 54.204438
-Trial 889 0 43902456 54.257546
-Trial 890 0 43902456 54.263768
-Trial 891 0 43902456 54.442244
-Trial 892 0 43902456 54.448589
-Trial 893 0 43902456 54.477200
-Trial 894 0 43902456 54.500495
-Trial 895 0 43902456 54.520835
-Trial 896 0 43902456 54.529110
-Trial 897 0 43902456 54.537798
-Trial 898 0 43902456 54.608201
-Trial 899 0 43902456 54.671300
-Trial 900 0 43902456 54.727849
-Trial 901 0 43902456 54.771122
-Trial 902 0 43902456 54.797806
-Trial 903 0 43902456 54.814733
-Trial 904 0 43902456 54.847370
-Trial 905 0 43902456 54.874502
-Trial 906 0 43902456 54.916617
-Trial 907 0 43902456 54.978008
-Trial 908 0 43902456 55.006149
-Trial 909 0 43902456 55.017239
-Trial 910 0 43902456 55.065365
-Trial 911 0 43902456 55.071312
-Trial 912 0 43902456 55.102449
-Trial 913 0 43902456 55.113579
-Trial 914 0 43902456 55.126055
-Trial 915 0 43902456 55.141438
-Trial 916 0 43902456 55.243459
-Trial 917 0 43902456 55.271587
-Trial 918 0 43902456 55.322725
-Trial 919 0 43902456 55.335447
-Trial 920 0 43902456 55.348913
-Trial 921 0 43902456 55.371503
-Trial 922 0 43902456 55.404784
-Trial 923 0 43902456 55.416467
-Trial 924 0 43902456 55.445219
-Trial 925 0 43902456 55.446834
-Trial 926 0 43902456 55.466020
-Trial 927 0 43902456 55.469262
-Trial 928 0 43902456 55.686265
-Trial 929 0 43902456 55.693860
-Trial 930 0 43902456 55.732410
* 931: Cost = 0_43881496, Time = 53.25 sec. 
-Trial 931 0 43881496 55.800586
-Trial 932 0 43881496 55.919193
-Trial 933 0 43881496 55.927087
-Trial 934 0 43881496 55.995304
-Trial 935 0 43881496 56.006301
* 936: Cost = 0_43866090, Time = 53.50 sec. 
-Trial 936 0 43866090 56.050647
-Trial 937 0 43866090 56.070056
-Trial 938 0 43866090 56.083721
-Trial 939 0 43866090 56.096039
-Trial 940 0 43866090 56.109940
-Trial 941 0 43866090 56.110439
-Trial 942 0 43866090 56.117335
-Trial 943 0 43866090 56.202373
-Trial 944 0 43866090 56.230923
-Trial 945 0 43866090 56.239297
-Trial 946 0 43866090 56.261330
-Trial 947 0 43866090 56.446062
-Trial 948 0 43866090 56.503864
-Trial 949 0 43866090 56.523903
-Trial 950 0 43866090 56.540083
-Trial 951 0 43866090 56.543562
-Trial 952 0 43866090 56.598490
-Trial 953 0 43866090 56.608229
-Trial 954 0 43866090 56.622539
-Trial 955 0 43866090 56.635391
-Trial 956 0 43866090 56.638213
-Trial 957 0 43866090 56.658662
-Trial 958 0 43866090 56.693907
-Trial 959 0 43866090 56.708620
-Trial 960 0 43866090 56.788983
-Trial 961 0 43866090 56.795442
-Trial 962 0 43866090 56.929840
-Trial 963 0 43866090 56.977617
-Trial 964 0 43866090 57.013303
-Trial 965 0 43866090 57.028369
-Trial 966 0 43866090 57.093937
-Trial 967 0 43866090 57.121942
-Trial 968 0 43866090 57.127556
-Trial 969 0 43866090 57.137759
-Trial 970 0 43866090 57.254140
-Trial 971 0 43866090 57.255390
-Trial 972 0 43866090 57.265580
-Trial 973 0 43866090 57.269232
-Trial 974 0 43866090 57.282300
-Trial 975 0 43866090 57.360557
-Trial 976 0 43866090 57.371458
-Trial 977 0 43866090 57.383793
-Trial 978 0 43866090 57.393220
-Trial 979 0 43866090 57.462203
-Trial 980 0 43866090 57.505202
-Trial 981 0 43866090 57.514011
-Trial 982 0 43866090 57.564533
-Trial 983 0 43866090 57.574630
-Trial 984 0 43866090 57.621062
-Trial 985 0 43866090 57.638425
-Trial 986 0 43866090 57.655319
-Trial 987 0 43866090 57.662178
-Trial 988 0 43866090 57.709251
-Trial 989 0 43866090 57.722387
-Trial 990 0 43866090 57.725742
-Trial 991 0 43866090 57.734649
-Trial 992 0 43866090 57.739413
-Trial 993 0 43866090 57.746486
-Trial 994 0 43866090 57.850011
-Trial 995 0 43866090 57.893654
-Trial 996 0 43866090 57.896939
-Trial 997 0 43866090 57.926122
-Trial 998 0 43866090 58.001232
-Trial 999 0 43866090 58.027525
-Trial 1000 0 43866090 58.049126
Population:
  1: 0_43866090
Run 1: Cost = 0_43866090, Time = 55.50 sec. 

Successes/Runs = 0/1 
Cost.min = 43866090, Cost.avg = 43866090.00, Cost.max = 43866090
Gap.min = 0.0000%, Gap.avg = 0.0000%, Gap.max = 0.0000%
Penalty.min = 0, Penalty.avg = 0.00, Penalty.max = 0
Trials.min = 1000, Trials.avg = 1000.0, Trials.max = 1000
Time.min = 55.50 sec., Time.avg = 55.50 sec., Time.max = 55.50 sec.
Time.total = 58.05 sec.
  Size.min = 12, Size.max = 34, Penalty = 0
  Cost.min = 950348, Cost.max = 3436032, Cost.sum = 43866090
Best CVRPTW solution:
  Cost = 0_43866090
1 386 300 489 494 106 140 7 262 236 401 59 125 513 37 349 461 137 375 394 105 369 199 56 24 405 196 295 39 470 100 226 127 145 271 286 424 436 509 4 119 215 421 14 296 260 28 237 391 343 18 129 109 165 332 157 238 435 407 164 313 25 144 245 189 520 414 67 276 117 308 91 463 443 180 339 270 450 168 311 148 310 256 110 174 395 350 299 191 497 243 21 85 444 359 507 281 220 360 297 412 10 252 160 115 46 495 203 319 188 355 353 442 264 469 423 197 193 304 455 41 235 6 36 241 146 108 409 82 3 511 71 302 198 404 201 205 34 195 341 251 413 240 259 397 383 52 131 277 324 250 315 312 190 8 517 80 258 475 142 291 376 342 334 185 263 293 93 493 88 94 340 268 158 275 130 246 384 448 47 434 266 422 420 348 228 202 518 70 178 120 425 272 419 467 217 389 89 73 103 460 114 31 496 244 17 508 417 65 210 480 316 11 456 206 499 149 13 320 317 325 200 229 176 155 53 364 261 390 387 150 123 466 45 208 441 453 515 403 216 265 133 134 9 121 2 378 333 411 32 354 430 380 388 362 54 478 159 368 449 60 218 447 209 373 305 298 487 326 63 366 255 510 87 446 172 177 338 171 242 182 104 498 69 79 365 501 457 35 16 152 328 20 151 78 428 379 476 222 68 410 50 225 274 61 504 438 156 249 491 472 254 471 29 370 418 147 371 102 186 278 113 239 118 194 429 465 285 330 512 323 40 183 346 290 292 426 451 154 482 204 55 48 458 15 408 30 5 327 98 136 184 363 163 516 22 248 122 329 169 213 337 57 439 269 231 132 358 445 374 181 96 356 361 162 167 514 287 282 303 74 416 101 440 481 398 111 486 321 335 219 479 12 214 468 519 273 454 92 392 318 247 166 352 283 490 474 345 437 33 309 505 230 66 153 173 139 473 72 221 284 427 232 77 372 432 138 433 27 192 90 294 402 38 415 488 506 141 99 400 485 257 135 500 452 357 336 301 307 179 351 377 116 51 86 459 347 187 227 170 306 367 75 128 314 503 431 26 124 477 83 484 161 84 19 280 385 97 322 112 64 81 288 224 253 381 502 483 143 406 42 399 462 207 492 107 95 58 279 126 331 344 289 211 43 44 62 23 382 267 175 393 49 234 76 464 396 212 233 223 1 
