PARAMETER_FILE = result/cvrptw_500/LKH_para/358.para
Reading PROBLEM_FILE: "result/cvrptw_500/cvrptw/358.cvrptw" ... done
ASCENT_CANDIDATES = 50
BACKBONE_TRIALS = 0
BACKTRACKING = NO
# BWTSP =
# CANDIDATE_FILE =
CANDIDATE_SET_TYPE = ALPHA
DEPOT = 1
# EDGE_FILE =
EXCESS = 0.0384615
EXTERNAL_SALESMEN = 0
EXTRA_CANDIDATES = 0 
EXTRA_CANDIDATE_SET_TYPE = QUADRANT
GAIN23 = NO
GAIN_CRITERION = YES
INITIAL_PERIOD = 520
INITIAL_STEP_SIZE = 1
INITIAL_TOUR_ALGORITHM = WALK
# INITIAL_TOUR_FILE = 
INITIAL_TOUR_FRACTION = 1.000
# INPUT_TOUR_FILE = 
KICK_TYPE = 4
KICKS = 1
# MAX_BREADTH =
MAKESPAN = NO
MAX_CANDIDATES = 5 
MAX_SWAPS = 0
MAX_TRIALS = 1000
# MERGE_TOUR_FILE =
MOVE_TYPE = 5 SPECIAL
MTSP_MIN_SIZE = 1
MTSP_MAX_SIZE = 1039
# MTSP_SOLUTION_FILE = 
# NONSEQUENTIAL_MOVE_TYPE = 5
# OPTIMUM =
# OUTPUT_TOUR_FILE = 
PATCHING_A = 1 
PATCHING_C = 0 
# PI_FILE = 
POPMUSIC_INITIAL_TOUR = NO
POPMUSIC_MAX_NEIGHBORS = 5
POPMUSIC_SAMPLE_SIZE = 10
POPMUSIC_SOLUTIONS = 50
POPMUSIC_TRIALS = 1
POPULATION_SIZE = 10
PRECISION = 100
PROBLEM_FILE = result/cvrptw_500/cvrptw/358.cvrptw
RECOMBINATION = IPT
RESTRICTED_SEARCH = YES
RUNS = 1
SALESMEN = 20
SCALE = 1
SEED = 1234
# SINTEF_SOLUTION_FILE = 
STOP_AT_OPTIMUM = YES
SUBGRADIENT = YES
# SUBPROBLEM_SIZE =
# SUBPROBLEM_TOUR_FILE = 
SUBSEQUENT_MOVE_TYPE = 5 SPECIAL
SUBSEQUENT_PATCHING = YES
# TIME_LIMIT =
# TOUR_FILE = 
TRACE_LEVEL = 1
VEHICLES = 20

Lower bound = 24436798.6, Ascent time = 2.26 sec.
Cand.min = 5, Cand.avg = 5.0, Cand.max = 5
Edges.fixed = 520 [Cost = 0]
Preprocessing time = 2.34 sec.
* 1: Cost = 900795_53832156, Time = 4.56 sec. 
-Trial 1 900795 53832156 6.912613
-Trial 2 900795 53832156 7.064377
* 3: Cost = 900795_51410239, Time = 5.18 sec. 
-Trial 3 900795 51410239 7.534324
-Trial 4 900795 51410239 7.597785
-Trial 5 900795 51410239 7.692593
-Trial 6 900795 51410239 7.775132
-Trial 7 900795 51410239 7.924773
* 8: Cost = 900795_51026651, Time = 5.71 sec. 
-Trial 8 900795 51026651 8.055497
-Trial 9 900795 51026651 8.168586
* 10: Cost = 900795_50190874, Time = 5.90 sec. 
-Trial 10 900795 50190874 8.251341
* 11: Cost = 900795_49936183, Time = 6.06 sec. 
-Trial 11 900795 49936183 8.406308
* 12: Cost = 900795_49388237, Time = 6.13 sec. 
-Trial 12 900795 49388237 8.475637
-Trial 13 900795 49388237 8.527528
-Trial 14 900795 49388237 8.614042
-Trial 15 900795 49388237 8.668022
-Trial 16 900795 49388237 8.782793
* 17: Cost = 900795_48671618, Time = 6.61 sec. 
-Trial 17 900795 48671618 8.958095
-Trial 18 900795 48671618 9.018314
-Trial 19 900795 48671618 9.085920
* 20: Cost = 900795_48316909, Time = 6.82 sec. 
-Trial 20 900795 48316909 9.169248
-Trial 21 900795 48316909 9.334378
-Trial 22 900795 48316909 9.412882
-Trial 23 900795 48316909 9.569592
* 24: Cost = 900795_48223034, Time = 7.34 sec. 
-Trial 24 900795 48223034 9.694747
* 25: Cost = 900795_48145474, Time = 7.44 sec. 
-Trial 25 900795 48145474 9.791373
* 26: Cost = 900795_47794297, Time = 7.51 sec. 
-Trial 26 900795 47794297 9.855191
-Trial 27 900795 47794297 9.859705
-Trial 28 900795 47794297 9.977286
-Trial 29 900795 47794297 10.003197
-Trial 30 900795 47794297 10.003664
* 31: Cost = 900795_47627478, Time = 7.68 sec. 
-Trial 31 900795 47627478 10.026223
-Trial 32 900795 47627478 10.062033
-Trial 33 900795 47627478 10.138760
-Trial 34 900795 47627478 10.214758
-Trial 35 900795 47627478 10.273150
-Trial 36 900795 47627478 10.376333
-Trial 37 900795 47627478 10.392399
-Trial 38 900795 47627478 10.439059
-Trial 39 900795 47627478 10.602781
-Trial 40 900795 47627478 10.676290
-Trial 41 900795 47627478 10.750427
-Trial 42 900795 47627478 10.826316
-Trial 43 900795 47627478 10.932463
* 44: Cost = 900795_47583802, Time = 8.72 sec. 
-Trial 44 900795 47583802 11.074089
-Trial 45 900795 47583802 11.213387
-Trial 46 900795 47583802 11.293058
-Trial 47 900795 47583802 11.414215
-Trial 48 900795 47583802 11.629606
-Trial 49 900795 47583802 11.691385
* 50: Cost = 900795_47567246, Time = 9.39 sec. 
-Trial 50 900795 47567246 11.745068
* 51: Cost = 900795_47500573, Time = 9.46 sec. 
-Trial 51 900795 47500573 11.811455
-Trial 52 900795 47500573 11.821317
* 53: Cost = 900795_47183935, Time = 9.57 sec. 
-Trial 53 900795 47183935 11.915386
-Trial 54 900795 47183935 11.948827
-Trial 55 900795 47183935 12.076232
* 56: Cost = 900795_47100785, Time = 9.79 sec. 
-Trial 56 900795 47100785 12.144264
-Trial 57 900795 47100785 12.145162
-Trial 58 900795 47100785 12.161973
-Trial 59 900795 47100785 12.389050
* 60: Cost = 391100_47017837, Time = 10.11 sec. 
-Trial 60 391100 47017837 12.455943
-Trial 61 391100 47017837 12.524354
* 62: Cost = 118895_47374262, Time = 10.27 sec. 
-Trial 62 118895 47374262 12.623585
-Trial 63 118895 47374262 12.674944
-Trial 64 118895 47374262 12.715591
* 65: Cost = 118895_47312636, Time = 10.67 sec. 
-Trial 65 118895 47312636 13.019506
* 66: Cost = 118895_47183672, Time = 10.71 sec. 
-Trial 66 118895 47183672 13.063070
-Trial 67 118895 47183672 13.065738
* 68: Cost = 118895_47154711, Time = 10.79 sec. 
-Trial 68 118895 47154711 13.136058
-Trial 69 118895 47154711 13.197505
-Trial 70 118895 47154711 13.234798
-Trial 71 118895 47154711 13.347184
-Trial 72 118895 47154711 13.372132
-Trial 73 118895 47154711 13.593845
-Trial 74 118895 47154711 13.695217
* 75: Cost = 118895_46965842, Time = 11.58 sec. 
-Trial 75 118895 46965842 13.928047
-Trial 76 118895 46965842 14.002726
-Trial 77 118895 46965842 14.097146
* 78: Cost = 118895_46807863, Time = 11.84 sec. 
-Trial 78 118895 46807863 14.190584
-Trial 79 118895 46807863 14.224870
-Trial 80 118895 46807863 14.407847
* 81: Cost = 118895_46779759, Time = 12.19 sec. 
-Trial 81 118895 46779759 14.536555
* 82: Cost = 118895_46767570, Time = 12.23 sec. 
-Trial 82 118895 46767570 14.577329
-Trial 83 118895 46767570 14.678712
* 84: Cost = 118895_46720515, Time = 12.35 sec. 
-Trial 84 118895 46720515 14.702675
* 85: Cost = 118895_46556796, Time = 12.43 sec. 
-Trial 85 118895 46556796 14.782015
-Trial 86 118895 46556796 14.823458
-Trial 87 118895 46556796 14.874274
* 88: Cost = 118895_46537364, Time = 12.64 sec. 
-Trial 88 118895 46537364 14.986757
* 89: Cost = 118895_46522006, Time = 12.69 sec. 
-Trial 89 118895 46522006 15.036530
* 90: Cost = 118895_46474405, Time = 12.77 sec. 
-Trial 90 118895 46474405 15.121437
-Trial 91 118895 46474405 15.257523
* 92: Cost = 118895_46472264, Time = 13.05 sec. 
-Trial 92 118895 46472264 15.402084
-Trial 93 118895 46472264 15.492934
-Trial 94 118895 46472264 15.608115
-Trial 95 118895 46472264 15.643811
-Trial 96 118895 46472264 15.701933
-Trial 97 118895 46472264 15.767752
* 98: Cost = 118895_46438990, Time = 13.44 sec. 
-Trial 98 118895 46438990 15.792874
-Trial 99 118895 46438990 15.857898
-Trial 100 118895 46438990 15.913108
-Trial 101 118895 46438990 15.957814
-Trial 102 118895 46438990 16.015965
-Trial 103 118895 46438990 16.031401
-Trial 104 118895 46438990 16.116063
-Trial 105 118895 46438990 16.129723
-Trial 106 118895 46438990 16.172467
-Trial 107 118895 46438990 16.272785
-Trial 108 118895 46438990 16.323211
* 109: Cost = 118895_46364878, Time = 13.99 sec. 
-Trial 109 118895 46364878 16.341416
-Trial 110 118895 46364878 16.407302
-Trial 111 118895 46364878 16.481229
-Trial 112 118895 46364878 16.512649
* 113: Cost = 118895_45967247, Time = 14.24 sec. 
-Trial 113 118895 45967247 16.593300
* 114: Cost = 118895_45828566, Time = 14.30 sec. 
-Trial 114 118895 45828566 16.654527
-Trial 115 118895 45828566 16.738614
* 116: Cost = 118895_45630395, Time = 14.52 sec. 
-Trial 116 118895 45630395 16.874897
* 117: Cost = 118895_45567588, Time = 14.61 sec. 
-Trial 117 118895 45567588 16.956340
-Trial 118 118895 45567588 16.990218
-Trial 119 118895 45567588 17.169753
* 120: Cost = 118895_45566157, Time = 14.87 sec. 
-Trial 120 118895 45566157 17.215569
-Trial 121 118895 45566157 17.270745
-Trial 122 118895 45566157 17.301836
* 123: Cost = 118895_45414502, Time = 14.99 sec. 
-Trial 123 118895 45414502 17.336752
-Trial 124 118895 45414502 17.398258
-Trial 125 118895 45414502 17.492144
-Trial 126 118895 45414502 17.582083
-Trial 127 118895 45414502 17.643119
-Trial 128 118895 45414502 17.702020
-Trial 129 118895 45414502 17.754844
-Trial 130 118895 45414502 17.872205
-Trial 131 118895 45414502 17.872682
-Trial 132 118895 45414502 17.890806
-Trial 133 118895 45414502 18.013689
-Trial 134 118895 45414502 18.023766
-Trial 135 118895 45414502 18.161926
-Trial 136 118895 45414502 18.214391
-Trial 137 118895 45414502 18.334153
* 138: Cost = 118895_45390833, Time = 16.06 sec. 
-Trial 138 118895 45390833 18.413945
-Trial 139 118895 45390833 18.537694
-Trial 140 118895 45390833 18.709488
-Trial 141 118895 45390833 18.744236
-Trial 142 118895 45390833 18.817237
-Trial 143 118895 45390833 18.984813
-Trial 144 118895 45390833 19.030238
-Trial 145 118895 45390833 19.108517
-Trial 146 118895 45390833 19.233243
-Trial 147 118895 45390833 19.429617
-Trial 148 118895 45390833 19.455489
-Trial 149 118895 45390833 19.509886
* 150: Cost = 118895_45344119, Time = 17.27 sec. 
-Trial 150 118895 45344119 19.617713
-Trial 151 118895 45344119 19.667798
-Trial 152 118895 45344119 19.695757
* 153: Cost = 118895_45340061, Time = 17.40 sec. 
-Trial 153 118895 45340061 19.751655
-Trial 154 118895 45340061 20.034151
-Trial 155 118895 45340061 20.087879
-Trial 156 118895 45340061 20.153576
-Trial 157 118895 45340061 20.208944
-Trial 158 118895 45340061 20.257235
* 159: Cost = 118895_45325985, Time = 18.02 sec. 
-Trial 159 118895 45325985 20.366316
-Trial 160 118895 45325985 20.543019
-Trial 161 118895 45325985 20.738338
-Trial 162 118895 45325985 21.039112
-Trial 163 118895 45325985 21.043211
-Trial 164 118895 45325985 21.166300
-Trial 165 118895 45325985 21.257615
-Trial 166 118895 45325985 21.279378
-Trial 167 118895 45325985 21.332046
* 168: Cost = 118895_45299705, Time = 19.03 sec. 
-Trial 168 118895 45299705 21.380391
* 169: Cost = 118895_45275431, Time = 19.23 sec. 
-Trial 169 118895 45275431 21.576384
-Trial 170 118895 45275431 21.609422
-Trial 171 118895 45275431 21.696890
-Trial 172 118895 45275431 21.775276
-Trial 173 118895 45275431 21.800334
-Trial 174 118895 45275431 21.822243
-Trial 175 118895 45275431 21.861366
-Trial 176 118895 45275431 21.942183
-Trial 177 118895 45275431 21.981547
-Trial 178 118895 45275431 21.993205
-Trial 179 118895 45275431 22.086953
* 180: Cost = 118895_45270289, Time = 19.81 sec. 
-Trial 180 118895 45270289 22.160094
-Trial 181 118895 45270289 22.232928
-Trial 182 118895 45270289 22.250024
-Trial 183 118895 45270289 22.300216
-Trial 184 118895 45270289 22.327931
-Trial 185 118895 45270289 22.368366
* 186: Cost = 118895_45219408, Time = 20.06 sec. 
-Trial 186 118895 45219408 22.412540
-Trial 187 118895 45219408 22.483074
* 188: Cost = 118895_45203144, Time = 20.21 sec. 
-Trial 188 118895 45203144 22.558699
* 189: Cost = 118895_45076539, Time = 20.37 sec. 
-Trial 189 118895 45076539 22.724217
-Trial 190 118895 45076539 22.744907
-Trial 191 118895 45076539 22.874471
* 192: Cost = 118895_45034350, Time = 20.56 sec. 
-Trial 192 118895 45034350 22.912563
-Trial 193 118895 45034350 22.971044
-Trial 194 118895 45034350 22.998491
* 195: Cost = 118895_45022117, Time = 20.71 sec. 
-Trial 195 118895 45022117 23.061652
-Trial 196 118895 45022117 23.127072
-Trial 197 118895 45022117 23.145324
-Trial 198 118895 45022117 23.219041
* 199: Cost = 118895_44993349, Time = 20.95 sec. 
-Trial 199 118895 44993349 23.301456
* 200: Cost = 118895_44871091, Time = 21.05 sec. 
-Trial 200 118895 44871091 23.399329
-Trial 201 118895 44871091 23.447162
-Trial 202 118895 44871091 23.575540
-Trial 203 118895 44871091 23.654502
-Trial 204 118895 44871091 23.716902
-Trial 205 118895 44871091 23.718510
-Trial 206 118895 44871091 23.806382
-Trial 207 118895 44871091 23.839315
-Trial 208 118895 44871091 23.960882
-Trial 209 118895 44871091 23.983879
-Trial 210 118895 44871091 24.087184
* 211: Cost = 118895_44834745, Time = 21.79 sec. 
-Trial 211 118895 44834745 24.138366
-Trial 212 118895 44834745 24.170661
-Trial 213 118895 44834745 24.182887
-Trial 214 118895 44834745 24.279528
-Trial 215 118895 44834745 24.313924
-Trial 216 118895 44834745 24.397658
* 217: Cost = 118895_44730790, Time = 22.24 sec. 
-Trial 217 118895 44730790 24.591760
-Trial 218 118895 44730790 24.695382
-Trial 219 118895 44730790 24.734892
-Trial 220 118895 44730790 24.783988
-Trial 221 118895 44730790 24.836184
-Trial 222 118895 44730790 24.953500
-Trial 223 118895 44730790 25.008697
-Trial 224 118895 44730790 25.098360
* 225: Cost = 118895_44665154, Time = 22.86 sec. 
-Trial 225 118895 44665154 25.209623
-Trial 226 118895 44665154 25.330176
-Trial 227 118895 44665154 25.406111
-Trial 228 118895 44665154 25.541121
-Trial 229 118895 44665154 25.605724
* 230: Cost = 118895_44586974, Time = 23.33 sec. 
-Trial 230 118895 44586974 25.680923
-Trial 231 118895 44586974 25.726868
-Trial 232 118895 44586974 25.758343
-Trial 233 118895 44586974 25.817876
-Trial 234 118895 44586974 25.927783
-Trial 235 118895 44586974 25.960172
-Trial 236 118895 44586974 26.007225
-Trial 237 118895 44586974 26.047309
-Trial 238 118895 44586974 26.078249
-Trial 239 118895 44586974 26.345657
-Trial 240 118895 44586974 26.461690
* 241: Cost = 118895_44521746, Time = 24.24 sec. 
-Trial 241 118895 44521746 26.587404
-Trial 242 118895 44521746 26.673653
-Trial 243 118895 44521746 26.674186
-Trial 244 118895 44521746 26.832880
-Trial 245 118895 44521746 26.880374
-Trial 246 118895 44521746 26.943519
-Trial 247 118895 44521746 26.980158
-Trial 248 118895 44521746 27.001552
-Trial 249 118895 44521746 27.153512
-Trial 250 118895 44521746 27.292327
-Trial 251 118895 44521746 27.360554
-Trial 252 118895 44521746 27.398835
* 253: Cost = 0_44657407, Time = 25.19 sec. 
-Trial 253 0 44657407 27.535293
-Trial 254 0 44657407 27.597151
-Trial 255 0 44657407 27.693981
-Trial 256 0 44657407 27.722254
-Trial 257 0 44657407 27.754908
-Trial 258 0 44657407 27.817476
-Trial 259 0 44657407 27.866146
-Trial 260 0 44657407 27.980594
* 261: Cost = 0_44637654, Time = 25.64 sec. 
-Trial 261 0 44637654 27.991995
-Trial 262 0 44637654 28.002959
-Trial 263 0 44637654 28.033660
-Trial 264 0 44637654 28.052555
* 265: Cost = 0_44608096, Time = 25.71 sec. 
-Trial 265 0 44608096 28.062932
* 266: Cost = 0_44537871, Time = 25.72 sec. 
-Trial 266 0 44537871 28.068773
-Trial 267 0 44537871 28.084856
-Trial 268 0 44537871 28.105597
-Trial 269 0 44537871 28.136898
-Trial 270 0 44537871 28.155732
-Trial 271 0 44537871 28.176661
-Trial 272 0 44537871 28.210398
-Trial 273 0 44537871 28.240495
* 274: Cost = 0_44533461, Time = 25.89 sec. 
-Trial 274 0 44533461 28.244193
-Trial 275 0 44533461 28.269406
-Trial 276 0 44533461 28.282795
* 277: Cost = 0_44514711, Time = 26.00 sec. 
-Trial 277 0 44514711 28.350576
-Trial 278 0 44514711 28.351486
-Trial 279 0 44514711 28.365259
-Trial 280 0 44514711 28.376312
-Trial 281 0 44514711 28.410887
-Trial 282 0 44514711 28.475857
-Trial 283 0 44514711 28.517409
-Trial 284 0 44514711 28.541195
-Trial 285 0 44514711 28.622010
-Trial 286 0 44514711 28.717384
-Trial 287 0 44514711 28.736732
-Trial 288 0 44514711 28.742275
-Trial 289 0 44514711 28.746029
-Trial 290 0 44514711 28.752595
-Trial 291 0 44514711 28.797760
-Trial 292 0 44514711 28.823100
-Trial 293 0 44514711 28.830751
-Trial 294 0 44514711 28.841849
* 295: Cost = 0_44433903, Time = 26.51 sec. 
-Trial 295 0 44433903 28.864102
-Trial 296 0 44433903 28.883205
-Trial 297 0 44433903 28.899891
-Trial 298 0 44433903 29.070949
-Trial 299 0 44433903 29.134519
-Trial 300 0 44433903 29.148226
-Trial 301 0 44433903 29.254621
-Trial 302 0 44433903 29.280381
-Trial 303 0 44433903 29.298519
-Trial 304 0 44433903 29.320826
-Trial 305 0 44433903 29.332726
-Trial 306 0 44433903 29.364086
-Trial 307 0 44433903 29.372556
-Trial 308 0 44433903 29.404373
-Trial 309 0 44433903 29.441829
-Trial 310 0 44433903 29.468875
-Trial 311 0 44433903 29.500868
* 312: Cost = 0_44407119, Time = 27.18 sec. 
-Trial 312 0 44407119 29.525354
-Trial 313 0 44407119 29.542749
-Trial 314 0 44407119 29.574484
-Trial 315 0 44407119 29.623538
-Trial 316 0 44407119 29.633642
-Trial 317 0 44407119 29.639859
-Trial 318 0 44407119 29.655338
-Trial 319 0 44407119 29.675667
-Trial 320 0 44407119 29.751893
-Trial 321 0 44407119 29.756494
-Trial 322 0 44407119 29.774075
-Trial 323 0 44407119 29.776491
-Trial 324 0 44407119 29.784671
-Trial 325 0 44407119 29.800618
-Trial 326 0 44407119 29.844755
-Trial 327 0 44407119 29.867067
-Trial 328 0 44407119 29.879256
-Trial 329 0 44407119 29.928727
* 330: Cost = 0_44360183, Time = 27.59 sec. 
-Trial 330 0 44360183 29.938694
-Trial 331 0 44360183 29.951699
-Trial 332 0 44360183 30.011804
-Trial 333 0 44360183 30.033852
-Trial 334 0 44360183 30.064858
-Trial 335 0 44360183 30.106009
-Trial 336 0 44360183 30.110979
-Trial 337 0 44360183 30.142278
-Trial 338 0 44360183 30.159129
-Trial 339 0 44360183 30.166673
* 340: Cost = 0_44340442, Time = 27.84 sec. 
-Trial 340 0 44340442 30.188302
-Trial 341 0 44340442 30.204292
-Trial 342 0 44340442 30.218348
-Trial 343 0 44340442 30.234165
-Trial 344 0 44340442 30.270330
-Trial 345 0 44340442 30.320502
-Trial 346 0 44340442 30.405486
* 347: Cost = 0_44311596, Time = 28.06 sec. 
-Trial 347 0 44311596 30.411188
-Trial 348 0 44311596 30.420623
-Trial 349 0 44311596 30.437790
-Trial 350 0 44311596 30.498353
-Trial 351 0 44311596 30.504896
-Trial 352 0 44311596 30.527598
-Trial 353 0 44311596 30.591199
-Trial 354 0 44311596 30.620104
-Trial 355 0 44311596 30.649015
-Trial 356 0 44311596 30.696247
-Trial 357 0 44311596 30.731736
-Trial 358 0 44311596 30.740150
-Trial 359 0 44311596 31.098037
-Trial 360 0 44311596 31.158070
-Trial 361 0 44311596 31.180199
-Trial 362 0 44311596 31.187933
-Trial 363 0 44311596 31.199072
-Trial 364 0 44311596 31.205957
-Trial 365 0 44311596 31.233210
-Trial 366 0 44311596 31.322668
-Trial 367 0 44311596 31.378005
-Trial 368 0 44311596 31.400741
-Trial 369 0 44311596 31.461780
* 370: Cost = 0_44297996, Time = 29.19 sec. 
-Trial 370 0 44297996 31.541975
-Trial 371 0 44297996 31.544160
-Trial 372 0 44297996 31.550189
-Trial 373 0 44297996 31.557199
-Trial 374 0 44297996 31.599819
-Trial 375 0 44297996 31.631101
-Trial 376 0 44297996 31.764420
-Trial 377 0 44297996 31.783644
* 378: Cost = 0_44216639, Time = 29.45 sec. 
-Trial 378 0 44216639 31.804946
-Trial 379 0 44216639 31.913938
-Trial 380 0 44216639 31.935423
-Trial 381 0 44216639 31.936020
-Trial 382 0 44216639 31.983406
-Trial 383 0 44216639 31.984645
-Trial 384 0 44216639 32.019036
-Trial 385 0 44216639 32.085358
-Trial 386 0 44216639 32.145518
-Trial 387 0 44216639 32.155789
-Trial 388 0 44216639 32.158672
-Trial 389 0 44216639 32.185325
-Trial 390 0 44216639 32.361256
-Trial 391 0 44216639 32.415324
* 392: Cost = 0_44209714, Time = 30.09 sec. 
-Trial 392 0 44209714 32.441293
-Trial 393 0 44209714 32.448918
-Trial 394 0 44209714 32.484185
-Trial 395 0 44209714 32.486015
-Trial 396 0 44209714 32.556556
-Trial 397 0 44209714 32.575373
-Trial 398 0 44209714 32.611229
-Trial 399 0 44209714 32.629098
-Trial 400 0 44209714 32.668426
-Trial 401 0 44209714 32.711084
-Trial 402 0 44209714 32.723788
-Trial 403 0 44209714 32.827938
-Trial 404 0 44209714 32.828338
-Trial 405 0 44209714 32.860375
-Trial 406 0 44209714 32.872601
-Trial 407 0 44209714 32.873241
-Trial 408 0 44209714 32.902170
-Trial 409 0 44209714 32.903139
-Trial 410 0 44209714 32.955280
-Trial 411 0 44209714 32.973084
-Trial 412 0 44209714 33.028472
* 413: Cost = 0_44187484, Time = 30.73 sec. 
-Trial 413 0 44187484 33.076510
-Trial 414 0 44187484 33.098604
-Trial 415 0 44187484 33.102503
-Trial 416 0 44187484 33.158166
-Trial 417 0 44187484 33.162501
-Trial 418 0 44187484 33.220897
* 419: Cost = 0_44065379, Time = 30.91 sec. 
-Trial 419 0 44065379 33.264620
-Trial 420 0 44065379 33.303973
-Trial 421 0 44065379 33.343117
-Trial 422 0 44065379 33.351875
-Trial 423 0 44065379 33.359748
-Trial 424 0 44065379 33.387970
* 425: Cost = 0_44060913, Time = 31.08 sec. 
-Trial 425 0 44060913 33.432988
-Trial 426 0 44060913 33.493897
-Trial 427 0 44060913 33.577538
-Trial 428 0 44060913 33.600179
-Trial 429 0 44060913 33.607035
-Trial 430 0 44060913 33.698500
-Trial 431 0 44060913 33.714965
-Trial 432 0 44060913 33.764588
-Trial 433 0 44060913 33.841220
-Trial 434 0 44060913 33.854903
-Trial 435 0 44060913 33.875296
-Trial 436 0 44060913 33.922520
-Trial 437 0 44060913 33.946461
-Trial 438 0 44060913 33.958212
-Trial 439 0 44060913 33.977552
-Trial 440 0 44060913 33.979233
-Trial 441 0 44060913 33.980384
-Trial 442 0 44060913 34.008196
-Trial 443 0 44060913 34.013531
* 444: Cost = 0_44021668, Time = 31.68 sec. 
-Trial 444 0 44021668 34.032177
-Trial 445 0 44021668 34.072543
-Trial 446 0 44021668 34.081472
-Trial 447 0 44021668 34.091769
-Trial 448 0 44021668 34.184932
-Trial 449 0 44021668 34.226247
-Trial 450 0 44021668 34.251929
-Trial 451 0 44021668 34.301675
* 452: Cost = 0_44010870, Time = 31.97 sec. 
-Trial 452 0 44010870 34.317715
-Trial 453 0 44010870 34.323172
-Trial 454 0 44010870 34.324837
-Trial 455 0 44010870 34.337364
-Trial 456 0 44010870 34.380594
-Trial 457 0 44010870 34.527745
-Trial 458 0 44010870 34.547453
-Trial 459 0 44010870 34.558337
-Trial 460 0 44010870 34.581994
-Trial 461 0 44010870 34.601455
-Trial 462 0 44010870 34.634317
-Trial 463 0 44010870 34.753060
-Trial 464 0 44010870 34.773612
-Trial 465 0 44010870 34.815991
-Trial 466 0 44010870 34.826272
-Trial 467 0 44010870 34.865357
-Trial 468 0 44010870 34.888485
-Trial 469 0 44010870 34.919653
-Trial 470 0 44010870 34.979302
-Trial 471 0 44010870 34.986863
-Trial 472 0 44010870 35.028699
-Trial 473 0 44010870 35.083059
-Trial 474 0 44010870 35.098059
-Trial 475 0 44010870 35.101493
-Trial 476 0 44010870 35.127678
-Trial 477 0 44010870 35.138800
-Trial 478 0 44010870 35.235715
-Trial 479 0 44010870 35.253368
-Trial 480 0 44010870 35.328920
-Trial 481 0 44010870 35.344547
-Trial 482 0 44010870 35.345331
-Trial 483 0 44010870 35.393605
-Trial 484 0 44010870 35.410017
-Trial 485 0 44010870 35.418971
-Trial 486 0 44010870 35.431110
* 487: Cost = 0_43925439, Time = 33.10 sec. 
-Trial 487 0 43925439 35.450058
-Trial 488 0 43925439 35.550065
-Trial 489 0 43925439 35.551571
-Trial 490 0 43925439 35.619685
-Trial 491 0 43925439 35.672426
-Trial 492 0 43925439 35.788303
-Trial 493 0 43925439 35.912092
-Trial 494 0 43925439 35.932416
* 495: Cost = 0_43907224, Time = 33.60 sec. 
-Trial 495 0 43907224 35.954941
-Trial 496 0 43907224 36.019324
-Trial 497 0 43907224 36.047285
-Trial 498 0 43907224 36.072693
* 499: Cost = 0_43862079, Time = 33.73 sec. 
-Trial 499 0 43862079 36.075468
-Trial 500 0 43862079 36.105448
-Trial 501 0 43862079 36.107473
-Trial 502 0 43862079 36.128655
-Trial 503 0 43862079 36.136242
-Trial 504 0 43862079 36.174440
-Trial 505 0 43862079 36.194396
-Trial 506 0 43862079 36.211545
-Trial 507 0 43862079 36.254145
-Trial 508 0 43862079 36.295926
-Trial 509 0 43862079 36.352198
-Trial 510 0 43862079 36.376829
-Trial 511 0 43862079 36.390405
-Trial 512 0 43862079 36.475130
-Trial 513 0 43862079 36.482537
-Trial 514 0 43862079 36.541118
-Trial 515 0 43862079 36.640950
-Trial 516 0 43862079 36.646045
-Trial 517 0 43862079 36.656948
-Trial 518 0 43862079 36.669033
-Trial 519 0 43862079 36.676731
-Trial 520 0 43862079 36.692542
-Trial 521 0 43862079 36.701085
-Trial 522 0 43862079 36.749941
-Trial 523 0 43862079 36.770004
-Trial 524 0 43862079 36.790536
-Trial 525 0 43862079 36.808326
-Trial 526 0 43862079 36.836654
-Trial 527 0 43862079 36.892893
* 528: Cost = 0_43850166, Time = 34.60 sec. 
-Trial 528 0 43850166 36.945890
-Trial 529 0 43850166 37.113547
-Trial 530 0 43850166 37.137887
-Trial 531 0 43850166 37.153307
-Trial 532 0 43850166 37.202551
-Trial 533 0 43850166 37.210601
-Trial 534 0 43850166 37.236534
-Trial 535 0 43850166 37.269295
-Trial 536 0 43850166 37.274546
* 537: Cost = 0_43755524, Time = 34.95 sec. 
-Trial 537 0 43755524 37.302839
-Trial 538 0 43755524 37.313078
-Trial 539 0 43755524 37.316918
-Trial 540 0 43755524 37.471381
-Trial 541 0 43755524 37.516750
-Trial 542 0 43755524 37.529650
-Trial 543 0 43755524 37.588554
-Trial 544 0 43755524 37.600612
-Trial 545 0 43755524 37.621111
-Trial 546 0 43755524 37.667463
-Trial 547 0 43755524 37.713266
-Trial 548 0 43755524 37.730656
-Trial 549 0 43755524 37.749010
-Trial 550 0 43755524 37.755111
-Trial 551 0 43755524 37.794415
-Trial 552 0 43755524 37.808886
-Trial 553 0 43755524 37.865587
-Trial 554 0 43755524 37.932295
-Trial 555 0 43755524 37.984825
-Trial 556 0 43755524 37.999058
-Trial 557 0 43755524 38.014673
-Trial 558 0 43755524 38.070690
-Trial 559 0 43755524 38.122832
-Trial 560 0 43755524 38.171466
-Trial 561 0 43755524 38.282984
-Trial 562 0 43755524 38.304403
-Trial 563 0 43755524 38.335443
-Trial 564 0 43755524 38.344656
-Trial 565 0 43755524 38.576663
-Trial 566 0 43755524 38.585319
* 567: Cost = 0_43751114, Time = 36.31 sec. 
-Trial 567 0 43751114 38.662533
-Trial 568 0 43751114 38.662982
-Trial 569 0 43751114 38.805516
-Trial 570 0 43751114 39.019166
-Trial 571 0 43751114 39.031962
* 572: Cost = 0_43733087, Time = 36.68 sec. 
-Trial 572 0 43733087 39.034499
-Trial 573 0 43733087 39.065221
-Trial 574 0 43733087 39.079634
-Trial 575 0 43733087 39.089831
-Trial 576 0 43733087 39.097210
-Trial 577 0 43733087 39.158867
-Trial 578 0 43733087 39.221573
-Trial 579 0 43733087 39.252596
-Trial 580 0 43733087 39.265092
-Trial 581 0 43733087 39.282722
-Trial 582 0 43733087 39.331211
-Trial 583 0 43733087 39.351360
-Trial 584 0 43733087 39.353744
* 585: Cost = 0_43687571, Time = 37.03 sec. 
-Trial 585 0 43687571 39.375527
-Trial 586 0 43687571 39.393876
* 587: Cost = 0_43645130, Time = 37.10 sec. 
-Trial 587 0 43645130 39.451815
-Trial 588 0 43645130 39.517614
-Trial 589 0 43645130 39.538497
-Trial 590 0 43645130 39.663697
-Trial 591 0 43645130 39.716393
-Trial 592 0 43645130 39.863727
-Trial 593 0 43645130 39.981143
-Trial 594 0 43645130 40.004831
-Trial 595 0 43645130 40.120494
-Trial 596 0 43645130 40.141661
-Trial 597 0 43645130 40.177072
-Trial 598 0 43645130 40.296394
-Trial 599 0 43645130 40.297797
-Trial 600 0 43645130 40.305277
-Trial 601 0 43645130 40.334907
-Trial 602 0 43645130 40.376159
-Trial 603 0 43645130 40.390236
-Trial 604 0 43645130 40.445562
-Trial 605 0 43645130 40.462825
-Trial 606 0 43645130 40.463630
-Trial 607 0 43645130 40.507995
-Trial 608 0 43645130 40.513363
-Trial 609 0 43645130 40.570377
-Trial 610 0 43645130 40.625434
-Trial 611 0 43645130 40.671272
-Trial 612 0 43645130 40.698350
-Trial 613 0 43645130 40.728127
-Trial 614 0 43645130 40.780927
-Trial 615 0 43645130 40.808444
-Trial 616 0 43645130 40.814710
-Trial 617 0 43645130 40.822798
-Trial 618 0 43645130 40.961774
-Trial 619 0 43645130 41.012093
-Trial 620 0 43645130 41.037603
-Trial 621 0 43645130 41.057722
-Trial 622 0 43645130 41.068504
-Trial 623 0 43645130 41.080639
-Trial 624 0 43645130 41.170058
-Trial 625 0 43645130 41.222889
-Trial 626 0 43645130 41.226931
-Trial 627 0 43645130 41.283896
-Trial 628 0 43645130 41.304045
-Trial 629 0 43645130 41.427214
-Trial 630 0 43645130 41.436230
-Trial 631 0 43645130 41.447037
-Trial 632 0 43645130 41.459836
-Trial 633 0 43645130 41.461467
-Trial 634 0 43645130 41.474571
-Trial 635 0 43645130 41.480420
-Trial 636 0 43645130 41.508955
-Trial 637 0 43645130 41.514242
-Trial 638 0 43645130 41.706553
-Trial 639 0 43645130 41.783120
-Trial 640 0 43645130 41.822868
-Trial 641 0 43645130 41.846422
-Trial 642 0 43645130 41.873978
-Trial 643 0 43645130 41.876593
-Trial 644 0 43645130 41.906624
-Trial 645 0 43645130 42.292005
-Trial 646 0 43645130 42.301278
-Trial 647 0 43645130 42.303672
-Trial 648 0 43645130 42.310135
-Trial 649 0 43645130 42.349919
-Trial 650 0 43645130 42.359129
-Trial 651 0 43645130 42.373742
-Trial 652 0 43645130 42.442989
-Trial 653 0 43645130 42.590136
-Trial 654 0 43645130 42.726638
-Trial 655 0 43645130 42.784293
-Trial 656 0 43645130 42.786488
-Trial 657 0 43645130 42.837926
-Trial 658 0 43645130 42.857741
-Trial 659 0 43645130 42.881426
-Trial 660 0 43645130 42.899296
-Trial 661 0 43645130 42.903643
-Trial 662 0 43645130 42.907621
-Trial 663 0 43645130 42.912295
-Trial 664 0 43645130 42.938193
-Trial 665 0 43645130 42.952262
-Trial 666 0 43645130 43.055975
-Trial 667 0 43645130 43.090762
-Trial 668 0 43645130 43.099389
-Trial 669 0 43645130 43.109013
-Trial 670 0 43645130 43.129161
-Trial 671 0 43645130 43.140939
-Trial 672 0 43645130 43.164128
-Trial 673 0 43645130 43.173168
-Trial 674 0 43645130 43.320843
-Trial 675 0 43645130 43.329702
-Trial 676 0 43645130 43.369784
-Trial 677 0 43645130 43.384648
* 678: Cost = 0_43644040, Time = 41.10 sec. 
-Trial 678 0 43644040 43.451227
-Trial 679 0 43644040 43.486714
* 680: Cost = 0_43639401, Time = 41.18 sec. 
-Trial 680 0 43639401 43.533989
-Trial 681 0 43639401 43.574402
-Trial 682 0 43639401 43.596452
-Trial 683 0 43639401 43.607513
-Trial 684 0 43639401 43.653512
-Trial 685 0 43639401 43.669073
-Trial 686 0 43639401 43.690988
-Trial 687 0 43639401 43.782398
-Trial 688 0 43639401 43.782825
-Trial 689 0 43639401 43.807738
-Trial 690 0 43639401 43.832573
-Trial 691 0 43639401 43.840397
-Trial 692 0 43639401 43.850931
-Trial 693 0 43639401 43.857809
-Trial 694 0 43639401 43.907167
-Trial 695 0 43639401 43.981032
-Trial 696 0 43639401 43.993080
-Trial 697 0 43639401 44.015441
-Trial 698 0 43639401 44.054597
-Trial 699 0 43639401 44.069201
-Trial 700 0 43639401 44.086839
-Trial 701 0 43639401 44.249982
-Trial 702 0 43639401 44.259879
-Trial 703 0 43639401 44.329231
-Trial 704 0 43639401 44.356973
-Trial 705 0 43639401 44.401955
-Trial 706 0 43639401 44.404846
-Trial 707 0 43639401 44.425174
-Trial 708 0 43639401 44.431142
-Trial 709 0 43639401 44.461734
-Trial 710 0 43639401 44.493661
-Trial 711 0 43639401 44.549222
-Trial 712 0 43639401 44.558331
-Trial 713 0 43639401 44.574907
-Trial 714 0 43639401 44.581014
-Trial 715 0 43639401 44.594498
-Trial 716 0 43639401 44.618237
-Trial 717 0 43639401 44.691530
-Trial 718 0 43639401 44.718481
-Trial 719 0 43639401 44.758939
-Trial 720 0 43639401 44.778042
-Trial 721 0 43639401 44.808956
-Trial 722 0 43639401 44.831822
-Trial 723 0 43639401 44.920534
-Trial 724 0 43639401 45.037687
-Trial 725 0 43639401 45.050678
-Trial 726 0 43639401 45.084574
-Trial 727 0 43639401 45.097502
-Trial 728 0 43639401 45.115765
-Trial 729 0 43639401 45.165466
-Trial 730 0 43639401 45.170151
-Trial 731 0 43639401 45.180042
-Trial 732 0 43639401 45.243077
-Trial 733 0 43639401 45.246896
-Trial 734 0 43639401 45.255702
-Trial 735 0 43639401 45.288485
-Trial 736 0 43639401 45.297150
-Trial 737 0 43639401 45.318525
-Trial 738 0 43639401 45.336765
-Trial 739 0 43639401 45.340832
-Trial 740 0 43639401 45.363371
-Trial 741 0 43639401 45.368672
-Trial 742 0 43639401 45.380734
-Trial 743 0 43639401 45.389662
-Trial 744 0 43639401 45.401272
-Trial 745 0 43639401 45.451946
-Trial 746 0 43639401 45.455082
-Trial 747 0 43639401 45.466332
-Trial 748 0 43639401 45.578599
* 749: Cost = 0_43584463, Time = 43.25 sec. 
-Trial 749 0 43584463 45.600256
-Trial 750 0 43584463 45.601806
-Trial 751 0 43584463 45.619943
-Trial 752 0 43584463 45.633116
* 753: Cost = 0_43566616, Time = 43.31 sec. 
-Trial 753 0 43566616 45.658589
-Trial 754 0 43566616 45.670815
-Trial 755 0 43566616 45.671853
-Trial 756 0 43566616 45.705264
* 757: Cost = 0_43558521, Time = 43.38 sec. 
-Trial 757 0 43558521 45.729532
-Trial 758 0 43558521 45.738267
-Trial 759 0 43558521 45.763477
-Trial 760 0 43558521 45.768027
-Trial 761 0 43558521 45.773287
-Trial 762 0 43558521 45.784661
-Trial 763 0 43558521 45.813550
-Trial 764 0 43558521 45.848282
-Trial 765 0 43558521 45.891581
-Trial 766 0 43558521 45.915853
-Trial 767 0 43558521 45.997427
-Trial 768 0 43558521 46.017002
-Trial 769 0 43558521 46.018562
-Trial 770 0 43558521 46.053689
-Trial 771 0 43558521 46.112919
-Trial 772 0 43558521 46.126274
-Trial 773 0 43558521 46.183768
-Trial 774 0 43558521 46.198555
-Trial 775 0 43558521 46.285949
-Trial 776 0 43558521 46.334936
-Trial 777 0 43558521 46.339794
-Trial 778 0 43558521 46.390001
-Trial 779 0 43558521 46.417280
-Trial 780 0 43558521 46.439752
-Trial 781 0 43558521 46.440571
-Trial 782 0 43558521 46.471676
-Trial 783 0 43558521 46.476691
-Trial 784 0 43558521 46.507106
-Trial 785 0 43558521 46.559735
-Trial 786 0 43558521 46.596538
-Trial 787 0 43558521 46.648855
-Trial 788 0 43558521 46.716829
-Trial 789 0 43558521 46.734461
* 790: Cost = 0_43524637, Time = 44.42 sec. 
-Trial 790 0 43524637 46.766532
-Trial 791 0 43524637 46.820756
-Trial 792 0 43524637 46.847701
-Trial 793 0 43524637 46.853261
* 794: Cost = 0_43476044, Time = 44.53 sec. 
-Trial 794 0 43476044 46.879891
* 795: Cost = 0_43458853, Time = 44.61 sec. 
-Trial 795 0 43458853 46.959355
-Trial 796 0 43458853 47.006830
-Trial 797 0 43458853 47.081617
-Trial 798 0 43458853 47.101688
-Trial 799 0 43458853 47.120945
-Trial 800 0 43458853 47.142895
-Trial 801 0 43458853 47.147882
-Trial 802 0 43458853 47.152529
* 803: Cost = 0_43424338, Time = 44.84 sec. 
-Trial 803 0 43424338 47.187908
-Trial 804 0 43424338 47.251700
-Trial 805 0 43424338 47.257853
-Trial 806 0 43424338 47.281117
-Trial 807 0 43424338 47.309548
-Trial 808 0 43424338 47.318143
-Trial 809 0 43424338 47.373060
-Trial 810 0 43424338 47.389703
-Trial 811 0 43424338 47.452135
-Trial 812 0 43424338 47.481163
-Trial 813 0 43424338 47.566238
-Trial 814 0 43424338 47.602733
-Trial 815 0 43424338 47.626262
-Trial 816 0 43424338 47.647313
-Trial 817 0 43424338 47.699801
-Trial 818 0 43424338 47.705099
-Trial 819 0 43424338 47.725624
-Trial 820 0 43424338 47.735263
-Trial 821 0 43424338 47.773126
-Trial 822 0 43424338 47.786314
-Trial 823 0 43424338 47.968306
-Trial 824 0 43424338 48.028539
-Trial 825 0 43424338 48.036792
-Trial 826 0 43424338 48.067986
-Trial 827 0 43424338 48.090203
-Trial 828 0 43424338 48.093229
-Trial 829 0 43424338 48.162375
-Trial 830 0 43424338 48.199528
-Trial 831 0 43424338 48.270508
-Trial 832 0 43424338 48.284752
-Trial 833 0 43424338 48.308335
-Trial 834 0 43424338 48.317268
-Trial 835 0 43424338 48.340785
-Trial 836 0 43424338 48.353418
-Trial 837 0 43424338 48.371565
-Trial 838 0 43424338 48.556991
-Trial 839 0 43424338 48.659854
-Trial 840 0 43424338 48.677068
-Trial 841 0 43424338 48.681818
-Trial 842 0 43424338 48.686144
-Trial 843 0 43424338 48.695187
-Trial 844 0 43424338 48.750886
-Trial 845 0 43424338 48.772658
-Trial 846 0 43424338 48.782561
-Trial 847 0 43424338 48.791767
-Trial 848 0 43424338 48.810550
-Trial 849 0 43424338 48.820931
-Trial 850 0 43424338 48.833280
-Trial 851 0 43424338 48.844089
-Trial 852 0 43424338 48.853860
-Trial 853 0 43424338 48.858939
-Trial 854 0 43424338 48.860952
-Trial 855 0 43424338 48.876349
-Trial 856 0 43424338 48.896251
-Trial 857 0 43424338 48.918138
-Trial 858 0 43424338 48.990940
-Trial 859 0 43424338 49.001913
-Trial 860 0 43424338 49.012226
-Trial 861 0 43424338 49.041408
-Trial 862 0 43424338 49.079427
* 863: Cost = 0_43420520, Time = 46.78 sec. 
-Trial 863 0 43420520 49.126541
-Trial 864 0 43420520 49.142969
-Trial 865 0 43420520 49.180983
-Trial 866 0 43420520 49.241100
-Trial 867 0 43420520 49.257092
-Trial 868 0 43420520 49.293548
-Trial 869 0 43420520 49.299779
-Trial 870 0 43420520 49.382308
-Trial 871 0 43420520 49.443014
-Trial 872 0 43420520 49.455486
-Trial 873 0 43420520 49.568106
-Trial 874 0 43420520 49.613877
-Trial 875 0 43420520 49.638545
-Trial 876 0 43420520 49.654879
-Trial 877 0 43420520 49.658778
-Trial 878 0 43420520 49.659899
-Trial 879 0 43420520 49.699774
-Trial 880 0 43420520 49.737701
-Trial 881 0 43420520 49.746174
-Trial 882 0 43420520 49.795893
-Trial 883 0 43420520 49.830376
-Trial 884 0 43420520 49.830913
-Trial 885 0 43420520 49.875311
-Trial 886 0 43420520 50.125787
-Trial 887 0 43420520 50.148725
-Trial 888 0 43420520 50.154590
-Trial 889 0 43420520 50.194781
-Trial 890 0 43420520 50.232722
-Trial 891 0 43420520 50.269360
-Trial 892 0 43420520 50.306601
-Trial 893 0 43420520 50.324774
-Trial 894 0 43420520 50.344736
-Trial 895 0 43420520 50.360687
-Trial 896 0 43420520 50.379019
-Trial 897 0 43420520 50.419884
-Trial 898 0 43420520 50.426006
-Trial 899 0 43420520 50.438631
-Trial 900 0 43420520 50.452902
-Trial 901 0 43420520 50.470916
-Trial 902 0 43420520 50.488539
-Trial 903 0 43420520 50.492098
-Trial 904 0 43420520 50.529176
-Trial 905 0 43420520 50.541923
-Trial 906 0 43420520 50.555681
-Trial 907 0 43420520 50.562674
-Trial 908 0 43420520 50.584226
-Trial 909 0 43420520 50.589801
-Trial 910 0 43420520 50.606362
-Trial 911 0 43420520 50.617502
-Trial 912 0 43420520 50.757136
-Trial 913 0 43420520 50.786783
-Trial 914 0 43420520 50.879543
-Trial 915 0 43420520 50.904875
-Trial 916 0 43420520 50.906550
-Trial 917 0 43420520 50.945637
-Trial 918 0 43420520 50.994095
-Trial 919 0 43420520 51.000581
-Trial 920 0 43420520 51.039598
-Trial 921 0 43420520 51.074661
-Trial 922 0 43420520 51.139990
-Trial 923 0 43420520 51.188526
-Trial 924 0 43420520 51.253154
-Trial 925 0 43420520 51.292531
-Trial 926 0 43420520 51.296812
-Trial 927 0 43420520 51.302534
-Trial 928 0 43420520 51.409717
-Trial 929 0 43420520 51.426574
-Trial 930 0 43420520 51.644696
-Trial 931 0 43420520 51.651604
-Trial 932 0 43420520 51.669906
-Trial 933 0 43420520 51.671982
-Trial 934 0 43420520 51.719745
-Trial 935 0 43420520 51.727892
-Trial 936 0 43420520 51.740038
-Trial 937 0 43420520 51.797376
-Trial 938 0 43420520 51.883714
-Trial 939 0 43420520 51.933605
-Trial 940 0 43420520 51.944396
-Trial 941 0 43420520 51.954689
-Trial 942 0 43420520 52.018102
-Trial 943 0 43420520 52.357842
-Trial 944 0 43420520 52.380279
-Trial 945 0 43420520 52.419996
-Trial 946 0 43420520 52.429325
-Trial 947 0 43420520 52.432338
-Trial 948 0 43420520 52.466952
-Trial 949 0 43420520 52.500749
-Trial 950 0 43420520 52.518931
-Trial 951 0 43420520 52.527057
-Trial 952 0 43420520 52.550801
-Trial 953 0 43420520 52.582542
-Trial 954 0 43420520 52.607683
-Trial 955 0 43420520 52.684586
-Trial 956 0 43420520 52.686667
-Trial 957 0 43420520 52.720416
-Trial 958 0 43420520 52.883011
-Trial 959 0 43420520 52.886749
-Trial 960 0 43420520 52.900495
-Trial 961 0 43420520 52.930493
-Trial 962 0 43420520 52.950745
-Trial 963 0 43420520 52.959188
-Trial 964 0 43420520 53.132331
-Trial 965 0 43420520 53.201628
-Trial 966 0 43420520 53.237398
-Trial 967 0 43420520 53.278877
-Trial 968 0 43420520 53.360324
-Trial 969 0 43420520 53.417891
-Trial 970 0 43420520 53.450241
-Trial 971 0 43420520 53.508362
-Trial 972 0 43420520 53.520150
-Trial 973 0 43420520 53.542309
-Trial 974 0 43420520 53.558271
-Trial 975 0 43420520 53.577009
-Trial 976 0 43420520 53.710139
* 977: Cost = 0_43409036, Time = 51.41 sec. 
-Trial 977 0 43409036 53.762184
-Trial 978 0 43409036 53.822469
-Trial 979 0 43409036 53.838870
-Trial 980 0 43409036 53.895922
-Trial 981 0 43409036 53.907722
-Trial 982 0 43409036 53.929234
-Trial 983 0 43409036 53.947930
-Trial 984 0 43409036 53.948504
-Trial 985 0 43409036 53.978233
* 986: Cost = 0_43408913, Time = 51.68 sec. 
-Trial 986 0 43408913 54.028527
-Trial 987 0 43408913 54.078361
-Trial 988 0 43408913 54.102399
-Trial 989 0 43408913 54.121145
-Trial 990 0 43408913 54.194331
-Trial 991 0 43408913 54.200830
-Trial 992 0 43408913 54.227566
-Trial 993 0 43408913 54.233379
-Trial 994 0 43408913 54.254710
-Trial 995 0 43408913 54.343067
-Trial 996 0 43408913 54.372494
-Trial 997 0 43408913 54.382328
-Trial 998 0 43408913 54.392368
-Trial 999 0 43408913 54.420206
-Trial 1000 0 43408913 54.445075
Population:
  1: 0_43408913
Run 1: Cost = 0_43408913, Time = 52.10 sec. 

Successes/Runs = 0/1 
Cost.min = 43408913, Cost.avg = 43408913.00, Cost.max = 43408913
Gap.min = 0.0000%, Gap.avg = 0.0000%, Gap.max = 0.0000%
Penalty.min = 0, Penalty.avg = 0.00, Penalty.max = 0
Trials.min = 1000, Trials.avg = 1000.0, Trials.max = 1000
Time.min = 52.10 sec., Time.avg = 52.10 sec., Time.max = 52.10 sec.
Time.total = 54.45 sec.
  Size.min = 16, Size.max = 36, Penalty = 0
  Cost.min = 1266306, Cost.max = 3090287, Cost.sum = 43408913
Best CVRPTW solution:
  Cost = 0_43408913
385 1 284 125 308 366 137 32 353 475 254 478 219 124 364 10 453 381 19 44 491 508 319 267 15 105 486 480 222 421 237 31 415 315 393 390 417 14 269 456 221 351 33 283 463 510 338 181 68 209 63 80 153 104 365 370 331 492 67 179 427 255 84 165 454 100 159 211 459 9 401 458 200 123 434 310 155 418 182 516 59 57 294 287 149 25 429 174 43 79 88 143 52 91 195 368 215 433 167 386 488 150 466 509 112 477 303 493 206 75 51 290 406 260 408 263 333 332 148 24 286 514 108 74 103 426 177 373 138 162 234 312 93 362 262 424 224 258 26 316 70 354 507 420 483 357 320 54 2 216 69 412 363 42 334 278 115 289 120 352 110 96 518 111 183 198 467 157 350 140 97 114 147 476 236 374 300 489 277 389 261 329 432 117 89 340 246 403 193 358 119 469 172 503 190 214 187 121 18 223 122 13 394 233 430 268 275 325 327 178 400 41 407 376 387 506 462 36 460 461 448 145 135 168 109 383 455 204 49 472 136 301 502 296 280 161 273 369 139 288 238 396 397 490 189 90 307 484 194 4 259 37 302 367 173 61 449 92 512 17 402 39 245 191 62 292 265 163 207 266 371 344 445 66 360 391 129 56 46 346 60 130 515 481 29 50 11 474 231 218 499 160 382 497 208 355 94 501 158 64 239 419 343 470 151 40 305 252 180 102 471 228 197 452 388 513 23 146 322 270 249 196 425 6 444 324 321 464 342 465 107 152 169 78 511 85 116 76 451 133 132 106 8 361 405 34 65 154 339 256 220 411 72 496 404 229 395 212 38 519 99 281 30 482 372 156 380 144 251 113 335 446 81 242 21 227 423 3 311 55 468 442 298 349 304 240 257 504 437 250 293 410 359 276 485 98 134 53 230 235 272 409 309 226 83 435 47 336 431 384 345 323 341 7 128 271 95 71 184 447 16 176 142 440 517 82 5 28 264 297 225 48 12 244 279 498 241 77 330 285 87 170 379 175 248 356 282 118 495 500 201 185 291 20 520 436 171 232 494 399 314 192 422 487 479 337 392 86 457 306 101 247 58 27 253 317 126 347 441 299 217 473 213 328 450 413 439 318 166 141 414 505 164 438 375 131 210 295 188 443 205 22 45 378 186 274 243 73 428 313 326 127 416 202 377 35 348 203 199 398 385 
