PARAMETER_FILE = result/cvrptw_500/LKH_para/364.para
Reading PROBLEM_FILE: "result/cvrptw_500/cvrptw/364.cvrptw" ... done
ASCENT_CANDIDATES = 50
BACKBONE_TRIALS = 0
BACKTRACKING = NO
# BWTSP =
# CANDIDATE_FILE =
CANDIDATE_SET_TYPE = ALPHA
DEPOT = 1
# EDGE_FILE =
EXCESS = 0.0384615
EXTERNAL_SALESMEN = 0
EXTRA_CANDIDATES = 0 
EXTRA_CANDIDATE_SET_TYPE = QUADRANT
GAIN23 = NO
GAIN_CRITERION = YES
INITIAL_PERIOD = 520
INITIAL_STEP_SIZE = 1
INITIAL_TOUR_ALGORITHM = WALK
# INITIAL_TOUR_FILE = 
INITIAL_TOUR_FRACTION = 1.000
# INPUT_TOUR_FILE = 
KICK_TYPE = 4
KICKS = 1
# MAX_BREADTH =
MAKESPAN = NO
MAX_CANDIDATES = 5 
MAX_SWAPS = 0
MAX_TRIALS = 1000
# MERGE_TOUR_FILE =
MOVE_TYPE = 5 SPECIAL
MTSP_MIN_SIZE = 1
MTSP_MAX_SIZE = 1039
# MTSP_SOLUTION_FILE = 
# NONSEQUENTIAL_MOVE_TYPE = 5
# OPTIMUM =
# OUTPUT_TOUR_FILE = 
PATCHING_A = 1 
PATCHING_C = 0 
# PI_FILE = 
POPMUSIC_INITIAL_TOUR = NO
POPMUSIC_MAX_NEIGHBORS = 5
POPMUSIC_SAMPLE_SIZE = 10
POPMUSIC_SOLUTIONS = 50
POPMUSIC_TRIALS = 1
POPULATION_SIZE = 10
PRECISION = 100
PROBLEM_FILE = result/cvrptw_500/cvrptw/364.cvrptw
RECOMBINATION = IPT
RESTRICTED_SEARCH = YES
RUNS = 1
SALESMEN = 20
SCALE = 1
SEED = 1234
# SINTEF_SOLUTION_FILE = 
STOP_AT_OPTIMUM = YES
SUBGRADIENT = YES
# SUBPROBLEM_SIZE =
# SUBPROBLEM_TOUR_FILE = 
SUBSEQUENT_MOVE_TYPE = 5 SPECIAL
SUBSEQUENT_PATCHING = YES
# TIME_LIMIT =
# TOUR_FILE = 
TRACE_LEVEL = 1
VEHICLES = 20

Lower bound = 26007244.4, Ascent time = 2.30 sec.
Cand.min = 5, Cand.avg = 5.0, Cand.max = 5
Edges.fixed = 520 [Cost = 0]
Preprocessing time = 2.38 sec.
* 1: Cost = 3517021_59905796, Time = 3.93 sec. 
-Trial 1 3517021 59905796 6.312583
* 2: Cost = 3431569_58761135, Time = 4.44 sec. 
-Trial 2 3431569 58761135 6.830208
* 3: Cost = 3431569_58752208, Time = 4.56 sec. 
-Trial 3 3431569 58752208 6.943379
* 4: Cost = 2269130_59027542, Time = 4.77 sec. 
-Trial 4 2269130 59027542 7.154348
* 5: Cost = 1743631_62104718, Time = 5.06 sec. 
-Trial 5 1743631 62104718 7.445268
* 6: Cost = 1743631_62039466, Time = 5.13 sec. 
-Trial 6 1743631 62039466 7.512799
* 7: Cost = 1743631_61889709, Time = 5.22 sec. 
-Trial 7 1743631 61889709 7.604413
* 8: Cost = 1743631_61694048, Time = 5.46 sec. 
-Trial 8 1743631 61694048 7.844176
-Trial 9 1743631 61694048 8.093986
* 10: Cost = 1743631_61498596, Time = 5.81 sec. 
-Trial 10 1743631 61498596 8.198332
-Trial 11 1743631 61498596 8.310749
* 12: Cost = 1668585_62188032, Time = 6.15 sec. 
-Trial 12 1668585 62188032 8.532763
-Trial 13 1668585 62188032 8.748458
* 14: Cost = 1583832_62500236, Time = 6.53 sec. 
-Trial 14 1583832 62500236 8.919408
* 15: Cost = 1583832_62438612, Time = 6.71 sec. 
-Trial 15 1583832 62438612 9.100798
-Trial 16 1583832 62438612 9.101897
* 17: Cost = 1583832_62178705, Time = 6.88 sec. 
-Trial 17 1583832 62178705 9.263256
-Trial 18 1583832 62178705 9.407232
-Trial 19 1583832 62178705 9.442894
* 20: Cost = 1583832_61713798, Time = 7.15 sec. 
-Trial 20 1583832 61713798 9.532391
* 21: Cost = 1583832_61561109, Time = 7.38 sec. 
-Trial 21 1583832 61561109 9.766491
* 22: Cost = 1583832_59920961, Time = 7.56 sec. 
-Trial 22 1583832 59920961 9.948598
* 23: Cost = 1583406_59766412, Time = 7.62 sec. 
-Trial 23 1583406 59766412 10.008241
* 24: Cost = 1583406_59604337, Time = 7.82 sec. 
-Trial 24 1583406 59604337 10.209649
* 25: Cost = 1583406_58915295, Time = 7.96 sec. 
-Trial 25 1583406 58915295 10.346391
-Trial 26 1583406 58915295 10.558181
-Trial 27 1583406 58915295 10.928882
-Trial 28 1583406 58915295 10.973757
* 29: Cost = 1583406_58646670, Time = 8.63 sec. 
-Trial 29 1583406 58646670 11.012814
* 30: Cost = 1583406_58643717, Time = 8.71 sec. 
-Trial 30 1583406 58643717 11.095520
-Trial 31 1583406 58643717 11.166036
* 32: Cost = 1583406_57601074, Time = 8.91 sec. 
-Trial 32 1583406 57601074 11.299719
-Trial 33 1583406 57601074 11.527696
* 34: Cost = 1583406_57361534, Time = 9.21 sec. 
-Trial 34 1583406 57361534 11.600028
-Trial 35 1583406 57361534 11.639261
* 36: Cost = 1583406_57042111, Time = 9.51 sec. 
-Trial 36 1583406 57042111 11.897736
* 37: Cost = 1583406_56970852, Time = 9.61 sec. 
-Trial 37 1583406 56970852 11.997802
-Trial 38 1583406 56970852 12.204054
-Trial 39 1583406 56970852 12.289797
-Trial 40 1583406 56970852 12.586257
-Trial 41 1583406 56970852 12.732678
-Trial 42 1583406 56970852 13.181073
-Trial 43 1583406 56970852 13.280170
* 44: Cost = 1583406_56870279, Time = 11.13 sec. 
-Trial 44 1583406 56870279 13.516462
* 45: Cost = 1541200_56590149, Time = 11.44 sec. 
-Trial 45 1541200 56590149 13.821519
-Trial 46 1541200 56590149 13.857585
* 47: Cost = 1369911_56432226, Time = 11.93 sec. 
-Trial 47 1369911 56432226 14.312692
-Trial 48 1369911 56432226 14.319916
-Trial 49 1369911 56432226 14.352986
* 50: Cost = 1089367_56509430, Time = 12.06 sec. 
-Trial 50 1089367 56509430 14.446088
* 51: Cost = 1073754_56465271, Time = 12.20 sec. 
-Trial 51 1073754 56465271 14.584858
-Trial 52 1073754 56465271 14.702174
* 53: Cost = 1073754_56458252, Time = 12.37 sec. 
-Trial 53 1073754 56458252 14.760658
* 54: Cost = 1073754_56415455, Time = 12.43 sec. 
-Trial 54 1073754 56415455 14.817609
-Trial 55 1073754 56415455 14.904947
-Trial 56 1073754 56415455 14.933942
-Trial 57 1073754 56415455 15.081975
-Trial 58 1073754 56415455 15.169237
-Trial 59 1073754 56415455 15.389952
-Trial 60 1073754 56415455 15.458866
* 61: Cost = 1073754_56218525, Time = 13.14 sec. 
-Trial 61 1073754 56218525 15.527451
* 62: Cost = 1073754_55614648, Time = 13.32 sec. 
-Trial 62 1073754 55614648 15.702825
* 63: Cost = 1073754_55601450, Time = 13.52 sec. 
-Trial 63 1073754 55601450 15.906455
-Trial 64 1073754 55601450 16.092186
* 65: Cost = 1073754_55399193, Time = 13.95 sec. 
-Trial 65 1073754 55399193 16.339315
-Trial 66 1073754 55399193 16.409224
-Trial 67 1073754 55399193 16.615345
* 68: Cost = 1073754_55348207, Time = 14.60 sec. 
-Trial 68 1073754 55348207 16.982431
* 69: Cost = 1044293_55549109, Time = 14.86 sec. 
-Trial 69 1044293 55549109 17.242973
* 70: Cost = 830075_55380822, Time = 15.13 sec. 
-Trial 70 830075 55380822 17.513672
* 71: Cost = 830075_55103284, Time = 15.26 sec. 
-Trial 71 830075 55103284 17.650558
* 72: Cost = 830075_55090720, Time = 15.43 sec. 
-Trial 72 830075 55090720 17.814980
* 73: Cost = 830075_55063981, Time = 15.78 sec. 
-Trial 73 830075 55063981 18.164988
-Trial 74 830075 55063981 18.391042
-Trial 75 830075 55063981 18.603599
-Trial 76 830075 55063981 18.925715
* 77: Cost = 830075_54785098, Time = 17.04 sec. 
-Trial 77 830075 54785098 19.427848
-Trial 78 830075 54785098 19.634472
-Trial 79 830075 54785098 19.698362
* 80: Cost = 830075_54666420, Time = 17.95 sec. 
-Trial 80 830075 54666420 20.335029
-Trial 81 830075 54666420 20.458491
* 82: Cost = 830075_54332517, Time = 18.25 sec. 
-Trial 82 830075 54332517 20.640964
* 83: Cost = 830075_54211752, Time = 18.37 sec. 
-Trial 83 830075 54211752 20.757512
-Trial 84 830075 54211752 20.844625
-Trial 85 830075 54211752 20.922160
-Trial 86 830075 54211752 21.011056
-Trial 87 830075 54211752 21.067084
-Trial 88 830075 54211752 21.067534
-Trial 89 830075 54211752 21.167658
-Trial 90 830075 54211752 21.353819
-Trial 91 830075 54211752 21.395125
-Trial 92 830075 54211752 21.453269
-Trial 93 830075 54211752 21.703666
-Trial 94 830075 54211752 22.043485
-Trial 95 830075 54211752 22.117600
-Trial 96 830075 54211752 22.683735
-Trial 97 830075 54211752 22.820678
-Trial 98 830075 54211752 22.943126
-Trial 99 830075 54211752 23.046736
-Trial 100 830075 54211752 23.088323
-Trial 101 830075 54211752 23.186378
-Trial 102 830075 54211752 23.284461
-Trial 103 830075 54211752 23.797922
* 104: Cost = 830075_54095704, Time = 21.47 sec. 
-Trial 104 830075 54095704 23.858006
-Trial 105 830075 54095704 24.088003
-Trial 106 830075 54095704 24.126785
-Trial 107 830075 54095704 24.216548
-Trial 108 830075 54095704 24.320989
* 109: Cost = 830075_53954720, Time = 22.03 sec. 
-Trial 109 830075 53954720 24.421238
-Trial 110 830075 53954720 24.502734
-Trial 111 830075 53954720 24.663661
-Trial 112 830075 53954720 24.802517
-Trial 113 830075 53954720 24.934202
-Trial 114 830075 53954720 25.043123
-Trial 115 830075 53954720 25.221072
-Trial 116 830075 53954720 25.454303
-Trial 117 830075 53954720 25.903190
-Trial 118 830075 53954720 25.931121
* 119: Cost = 830075_53262180, Time = 23.64 sec. 
-Trial 119 830075 53262180 26.028020
-Trial 120 830075 53262180 26.218010
-Trial 121 830075 53262180 26.228600
* 122: Cost = 830075_53213729, Time = 24.07 sec. 
-Trial 122 830075 53213729 26.459511
* 123: Cost = 830075_53159747, Time = 24.30 sec. 
-Trial 123 830075 53159747 26.682092
* 124: Cost = 830075_52918114, Time = 24.43 sec. 
-Trial 124 830075 52918114 26.816979
-Trial 125 830075 52918114 26.842206
-Trial 126 830075 52918114 27.142328
-Trial 127 830075 52918114 27.468419
-Trial 128 830075 52918114 27.543710
-Trial 129 830075 52918114 27.624604
-Trial 130 830075 52918114 27.851320
-Trial 131 830075 52918114 27.905318
-Trial 132 830075 52918114 28.081782
* 133: Cost = 830075_52829621, Time = 25.87 sec. 
-Trial 133 830075 52829621 28.259930
* 134: Cost = 830075_52794427, Time = 25.99 sec. 
-Trial 134 830075 52794427 28.376032
-Trial 135 830075 52794427 28.417312
* 136: Cost = 830075_52792933, Time = 26.34 sec. 
-Trial 136 830075 52792933 28.727630
-Trial 137 830075 52792933 28.851125
-Trial 138 830075 52792933 28.861486
-Trial 139 830075 52792933 28.909110
* 140: Cost = 712096_53026452, Time = 26.86 sec. 
-Trial 140 712096 53026452 29.244396
-Trial 141 712096 53026452 29.262488
-Trial 142 712096 53026452 29.469035
-Trial 143 712096 53026452 29.524906
-Trial 144 712096 53026452 29.568293
-Trial 145 712096 53026452 29.648605
-Trial 146 712096 53026452 29.674131
-Trial 147 712096 53026452 29.839527
-Trial 148 712096 53026452 29.839898
-Trial 149 712096 53026452 30.024613
* 150: Cost = 712096_53024615, Time = 27.70 sec. 
-Trial 150 712096 53024615 30.087957
-Trial 151 712096 53024615 30.114912
-Trial 152 712096 53024615 30.163037
-Trial 153 712096 53024615 30.523683
-Trial 154 712096 53024615 30.708744
-Trial 155 712096 53024615 30.759559
* 156: Cost = 712096_52901200, Time = 28.44 sec. 
-Trial 156 712096 52901200 30.824953
-Trial 157 712096 52901200 30.911766
-Trial 158 712096 52901200 31.193026
* 159: Cost = 712096_52883868, Time = 28.85 sec. 
-Trial 159 712096 52883868 31.236627
-Trial 160 712096 52883868 31.604630
-Trial 161 712096 52883868 31.634589
-Trial 162 712096 52883868 31.686857
* 163: Cost = 712096_52823461, Time = 29.34 sec. 
-Trial 163 712096 52823461 31.723864
-Trial 164 712096 52823461 31.821091
-Trial 165 712096 52823461 32.002807
-Trial 166 712096 52823461 32.390442
-Trial 167 712096 52823461 32.571921
-Trial 168 712096 52823461 32.810373
-Trial 169 712096 52823461 32.863867
* 170: Cost = 712096_52786090, Time = 30.57 sec. 
-Trial 170 712096 52786090 32.957942
-Trial 171 712096 52786090 32.981290
* 172: Cost = 712096_52724507, Time = 30.66 sec. 
-Trial 172 712096 52724507 33.043460
-Trial 173 712096 52724507 33.161167
-Trial 174 712096 52724507 33.180774
* 175: Cost = 712096_52642185, Time = 30.84 sec. 
-Trial 175 712096 52642185 33.224734
* 176: Cost = 712096_52641133, Time = 30.92 sec. 
-Trial 176 712096 52641133 33.305713
-Trial 177 712096 52641133 33.319335
-Trial 178 712096 52641133 33.460325
* 179: Cost = 712096_52467050, Time = 31.14 sec. 
-Trial 179 712096 52467050 33.522537
-Trial 180 712096 52467050 33.593206
-Trial 181 712096 52467050 33.622844
* 182: Cost = 712096_52464560, Time = 31.39 sec. 
-Trial 182 712096 52464560 33.777239
-Trial 183 712096 52464560 33.832315
-Trial 184 712096 52464560 33.895236
-Trial 185 712096 52464560 33.947988
-Trial 186 712096 52464560 34.050757
-Trial 187 712096 52464560 34.104787
-Trial 188 712096 52464560 34.191284
-Trial 189 712096 52464560 34.259236
* 190: Cost = 712096_52327274, Time = 31.89 sec. 
-Trial 190 712096 52327274 34.275313
-Trial 191 712096 52327274 34.325549
-Trial 192 712096 52327274 34.348798
-Trial 193 712096 52327274 34.376230
-Trial 194 712096 52327274 34.502863
-Trial 195 712096 52327274 34.513215
-Trial 196 712096 52327274 34.775209
-Trial 197 712096 52327274 34.904736
-Trial 198 712096 52327274 34.909555
-Trial 199 712096 52327274 34.966537
-Trial 200 712096 52327274 35.153383
* 201: Cost = 712096_52259509, Time = 32.82 sec. 
-Trial 201 712096 52259509 35.208961
-Trial 202 712096 52259509 35.349999
-Trial 203 712096 52259509 35.364199
-Trial 204 712096 52259509 35.413060
* 205: Cost = 712096_52228713, Time = 33.12 sec. 
-Trial 205 712096 52228713 35.509623
-Trial 206 712096 52228713 35.620924
-Trial 207 712096 52228713 35.806096
-Trial 208 712096 52228713 35.846816
* 209: Cost = 712096_52202413, Time = 33.56 sec. 
-Trial 209 712096 52202413 35.944526
-Trial 210 712096 52202413 35.988204
-Trial 211 712096 52202413 36.056341
* 212: Cost = 712096_51923485, Time = 33.73 sec. 
-Trial 212 712096 51923485 36.121013
-Trial 213 712096 51923485 36.171442
-Trial 214 712096 51923485 36.334022
-Trial 215 712096 51923485 36.396548
* 216: Cost = 712096_51880826, Time = 34.04 sec. 
-Trial 216 712096 51880826 36.424205
-Trial 217 712096 51880826 36.458476
-Trial 218 712096 51880826 36.480248
-Trial 219 712096 51880826 36.576611
-Trial 220 712096 51880826 36.637334
* 221: Cost = 712096_51877971, Time = 34.28 sec. 
-Trial 221 712096 51877971 36.666262
-Trial 222 712096 51877971 36.797602
-Trial 223 712096 51877971 36.927666
-Trial 224 712096 51877971 37.035916
* 225: Cost = 712096_51832896, Time = 34.86 sec. 
-Trial 225 712096 51832896 37.247269
-Trial 226 712096 51832896 37.353257
-Trial 227 712096 51832896 37.402266
* 228: Cost = 712096_51822620, Time = 35.03 sec. 
-Trial 228 712096 51822620 37.417245
-Trial 229 712096 51822620 37.616621
-Trial 230 712096 51822620 37.667167
-Trial 231 712096 51822620 37.715893
-Trial 232 712096 51822620 37.741696
-Trial 233 712096 51822620 37.894085
-Trial 234 712096 51822620 37.961160
-Trial 235 712096 51822620 38.079068
-Trial 236 712096 51822620 38.104704
-Trial 237 712096 51822620 38.129317
-Trial 238 712096 51822620 38.201418
-Trial 239 712096 51822620 38.233375
-Trial 240 712096 51822620 38.365785
-Trial 241 712096 51822620 38.635037
-Trial 242 712096 51822620 38.708986
-Trial 243 712096 51822620 39.084147
-Trial 244 712096 51822620 39.237943
-Trial 245 712096 51822620 39.238650
-Trial 246 712096 51822620 39.256902
* 247: Cost = 712096_51782431, Time = 36.96 sec. 
-Trial 247 712096 51782431 39.349504
* 248: Cost = 712096_51762451, Time = 37.00 sec. 
-Trial 248 712096 51762451 39.383395
-Trial 249 712096 51762451 39.502458
-Trial 250 712096 51762451 39.560370
* 251: Cost = 712096_51745201, Time = 37.22 sec. 
-Trial 251 712096 51745201 39.611090
-Trial 252 712096 51745201 39.663980
-Trial 253 712096 51745201 39.734542
-Trial 254 712096 51745201 39.860973
* 255: Cost = 712096_51699646, Time = 37.58 sec. 
-Trial 255 712096 51699646 39.963630
* 256: Cost = 712096_51613608, Time = 37.70 sec. 
-Trial 256 712096 51613608 40.083861
-Trial 257 712096 51613608 40.146524
-Trial 258 712096 51613608 40.404287
-Trial 259 712096 51613608 40.431891
-Trial 260 712096 51613608 40.478406
* 261: Cost = 712096_51469206, Time = 38.13 sec. 
-Trial 261 712096 51469206 40.517735
-Trial 262 712096 51469206 40.544592
-Trial 263 712096 51469206 40.604429
-Trial 264 712096 51469206 40.829949
-Trial 265 712096 51469206 40.882148
* 266: Cost = 712096_51462147, Time = 38.52 sec. 
-Trial 266 712096 51462147 40.910493
-Trial 267 712096 51462147 41.133847
* 268: Cost = 712096_51434545, Time = 38.85 sec. 
-Trial 268 712096 51434545 41.239697
-Trial 269 712096 51434545 41.291708
-Trial 270 712096 51434545 41.402942
-Trial 271 712096 51434545 41.756627
-Trial 272 712096 51434545 41.863044
-Trial 273 712096 51434545 42.085179
-Trial 274 712096 51434545 42.114543
-Trial 275 712096 51434545 42.218568
-Trial 276 712096 51434545 42.301421
-Trial 277 712096 51434545 42.304579
-Trial 278 712096 51434545 42.344360
-Trial 279 712096 51434545 42.366552
-Trial 280 712096 51434545 42.413610
-Trial 281 712096 51434545 42.480376
-Trial 282 712096 51434545 42.663448
-Trial 283 712096 51434545 42.737474
-Trial 284 712096 51434545 42.859138
-Trial 285 712096 51434545 42.914466
-Trial 286 712096 51434545 43.134145
-Trial 287 712096 51434545 43.152899
-Trial 288 712096 51434545 43.153542
-Trial 289 712096 51434545 43.346104
-Trial 290 712096 51434545 43.395304
-Trial 291 712096 51434545 43.507100
-Trial 292 712096 51434545 43.676912
-Trial 293 712096 51434545 43.747002
-Trial 294 712096 51434545 43.990833
-Trial 295 712096 51434545 44.016914
-Trial 296 712096 51434545 44.163685
* 297: Cost = 712096_51433633, Time = 41.87 sec. 
-Trial 297 712096 51433633 44.256949
-Trial 298 712096 51433633 44.286697
-Trial 299 712096 51433633 44.316850
-Trial 300 712096 51433633 44.382334
-Trial 301 712096 51433633 44.419974
-Trial 302 712096 51433633 44.481000
-Trial 303 712096 51433633 44.565608
* 304: Cost = 712096_51407155, Time = 42.23 sec. 
-Trial 304 712096 51407155 44.615133
-Trial 305 712096 51407155 44.664103
-Trial 306 712096 51407155 44.682292
* 307: Cost = 712096_51341355, Time = 42.41 sec. 
-Trial 307 712096 51341355 44.800257
-Trial 308 712096 51341355 44.949043
* 309: Cost = 712096_51287840, Time = 42.71 sec. 
-Trial 309 712096 51287840 45.096665
-Trial 310 712096 51287840 45.170859
-Trial 311 712096 51287840 45.252858
-Trial 312 712096 51287840 45.327383
-Trial 313 712096 51287840 45.354282
-Trial 314 712096 51287840 45.413835
-Trial 315 712096 51287840 45.414283
-Trial 316 712096 51287840 45.493814
-Trial 317 712096 51287840 45.596556
-Trial 318 712096 51287840 45.836239
-Trial 319 712096 51287840 45.873324
-Trial 320 712096 51287840 45.949888
-Trial 321 712096 51287840 46.051970
-Trial 322 712096 51287840 46.381095
-Trial 323 712096 51287840 46.548022
-Trial 324 712096 51287840 46.712921
-Trial 325 712096 51287840 46.813983
-Trial 326 712096 51287840 46.856588
-Trial 327 712096 51287840 46.923171
* 328: Cost = 712096_51285432, Time = 44.64 sec. 
-Trial 328 712096 51285432 47.028153
* 329: Cost = 712096_51197205, Time = 44.70 sec. 
-Trial 329 712096 51197205 47.085850
-Trial 330 712096 51197205 47.118551
-Trial 331 712096 51197205 47.178051
-Trial 332 712096 51197205 47.462173
-Trial 333 712096 51197205 47.611129
-Trial 334 712096 51197205 47.719774
-Trial 335 712096 51197205 47.830738
-Trial 336 712096 51197205 48.094235
-Trial 337 712096 51197205 48.155456
-Trial 338 712096 51197205 48.463482
-Trial 339 712096 51197205 48.665153
-Trial 340 712096 51197205 48.699178
-Trial 341 712096 51197205 48.769903
* 342: Cost = 712096_51145959, Time = 46.50 sec. 
-Trial 342 712096 51145959 48.888363
-Trial 343 712096 51145959 48.905363
-Trial 344 712096 51145959 49.158323
-Trial 345 712096 51145959 49.299493
-Trial 346 712096 51145959 49.357262
-Trial 347 712096 51145959 49.389488
-Trial 348 712096 51145959 49.553762
-Trial 349 712096 51145959 49.690486
-Trial 350 712096 51145959 49.822759
* 351: Cost = 712096_51106510, Time = 47.47 sec. 
-Trial 351 712096 51106510 49.857578
-Trial 352 712096 51106510 49.893123
-Trial 353 712096 51106510 49.914665
-Trial 354 712096 51106510 49.994657
-Trial 355 712096 51106510 50.070012
-Trial 356 712096 51106510 50.165543
-Trial 357 712096 51106510 50.313378
-Trial 358 712096 51106510 50.339570
-Trial 359 712096 51106510 50.376637
-Trial 360 712096 51106510 50.408912
* 361: Cost = 712096_51099451, Time = 48.17 sec. 
-Trial 361 712096 51099451 50.553093
-Trial 362 712096 51099451 50.729232
-Trial 363 712096 51099451 50.765105
* 364: Cost = 712096_50987747, Time = 48.44 sec. 
-Trial 364 712096 50987747 50.821374
* 365: Cost = 712096_50907863, Time = 48.56 sec. 
-Trial 365 712096 50907863 50.945997
-Trial 366 712096 50907863 51.036368
-Trial 367 712096 50907863 51.062372
-Trial 368 712096 50907863 51.098520
-Trial 369 712096 50907863 51.126836
-Trial 370 712096 50907863 51.151683
-Trial 371 712096 50907863 51.249580
-Trial 372 712096 50907863 51.255374
-Trial 373 712096 50907863 51.367020
-Trial 374 712096 50907863 51.377927
-Trial 375 712096 50907863 51.395017
-Trial 376 712096 50907863 51.857255
-Trial 377 712096 50907863 51.938118
-Trial 378 712096 50907863 51.958801
-Trial 379 712096 50907863 52.021986
-Trial 380 712096 50907863 52.072498
-Trial 381 712096 50907863 52.121876
-Trial 382 712096 50907863 52.238255
-Trial 383 712096 50907863 52.256188
-Trial 384 712096 50907863 52.279753
-Trial 385 712096 50907863 52.524236
-Trial 386 712096 50907863 52.525750
-Trial 387 712096 50907863 52.697457
-Trial 388 712096 50907863 52.714799
* 389: Cost = 712096_50734983, Time = 50.47 sec. 
-Trial 389 712096 50734983 52.856341
* 390: Cost = 712096_50731472, Time = 50.54 sec. 
-Trial 390 712096 50731472 52.925275
-Trial 391 712096 50731472 53.007609
-Trial 392 712096 50731472 53.154184
-Trial 393 712096 50731472 53.200956
* 394: Cost = 712096_50679228, Time = 50.89 sec. 
-Trial 394 712096 50679228 53.271991
-Trial 395 712096 50679228 53.292544
-Trial 396 712096 50679228 53.338706
-Trial 397 712096 50679228 53.445230
* 398: Cost = 712096_50673320, Time = 51.16 sec. 
-Trial 398 712096 50673320 53.542116
-Trial 399 712096 50673320 53.564516
-Trial 400 712096 50673320 53.603697
-Trial 401 712096 50673320 53.639568
-Trial 402 712096 50673320 53.825326
-Trial 403 712096 50673320 54.029395
* 404: Cost = 712096_50664163, Time = 51.72 sec. 
-Trial 404 712096 50664163 54.101625
-Trial 405 712096 50664163 54.176604
-Trial 406 712096 50664163 54.213844
-Trial 407 712096 50664163 54.264724
-Trial 408 712096 50664163 54.301605
-Trial 409 712096 50664163 54.350428
-Trial 410 712096 50664163 54.412366
-Trial 411 712096 50664163 54.480245
-Trial 412 712096 50664163 54.508443
-Trial 413 712096 50664163 54.575509
-Trial 414 712096 50664163 54.639658
-Trial 415 712096 50664163 54.665231
-Trial 416 712096 50664163 54.772470
* 417: Cost = 712096_50659071, Time = 52.51 sec. 
-Trial 417 712096 50659071 54.899649
-Trial 418 712096 50659071 54.956489
-Trial 419 712096 50659071 55.047501
-Trial 420 712096 50659071 55.215802
-Trial 421 712096 50659071 55.286552
-Trial 422 712096 50659071 55.346944
* 423: Cost = 712096_50657363, Time = 53.01 sec. 
-Trial 423 712096 50657363 55.393046
-Trial 424 712096 50657363 55.425807
-Trial 425 712096 50657363 55.507255
-Trial 426 712096 50657363 55.655481
-Trial 427 712096 50657363 55.716119
-Trial 428 712096 50657363 55.817230
-Trial 429 712096 50657363 55.899027
* 430: Cost = 712096_50646825, Time = 53.55 sec. 
-Trial 430 712096 50646825 55.938072
-Trial 431 712096 50646825 55.977130
-Trial 432 712096 50646825 56.059171
-Trial 433 712096 50646825 56.089014
-Trial 434 712096 50646825 56.144920
-Trial 435 712096 50646825 56.153889
-Trial 436 712096 50646825 56.256691
-Trial 437 712096 50646825 56.403916
-Trial 438 712096 50646825 56.548781
-Trial 439 712096 50646825 56.598621
-Trial 440 712096 50646825 56.641339
-Trial 441 712096 50646825 56.643102
-Trial 442 712096 50646825 56.699809
-Trial 443 712096 50646825 56.703640
-Trial 444 712096 50646825 56.857158
-Trial 445 712096 50646825 56.883808
-Trial 446 712096 50646825 56.980910
-Trial 447 712096 50646825 57.010117
-Trial 448 712096 50646825 57.050088
-Trial 449 712096 50646825 57.077483
-Trial 450 712096 50646825 57.104194
-Trial 451 712096 50646825 57.105002
* 452: Cost = 712096_50633714, Time = 54.73 sec. 
-Trial 452 712096 50633714 57.115755
* 453: Cost = 712096_50626655, Time = 54.76 sec. 
-Trial 453 712096 50626655 57.143725
* 454: Cost = 712096_50593293, Time = 54.81 sec. 
-Trial 454 712096 50593293 57.193764
-Trial 455 712096 50593293 57.221884
-Trial 456 712096 50593293 57.316434
-Trial 457 712096 50593293 57.338734
-Trial 458 712096 50593293 57.493294
-Trial 459 712096 50593293 57.527328
-Trial 460 712096 50593293 57.559581
-Trial 461 712096 50593293 57.580968
-Trial 462 712096 50593293 57.706599
-Trial 463 712096 50593293 57.748081
-Trial 464 712096 50593293 57.819248
-Trial 465 712096 50593293 57.892851
-Trial 466 712096 50593293 57.968600
* 467: Cost = 712096_50574090, Time = 55.61 sec. 
-Trial 467 712096 50574090 57.997955
-Trial 468 712096 50574090 58.042086
-Trial 469 712096 50574090 58.050420
-Trial 470 712096 50574090 58.086844
-Trial 471 712096 50574090 58.445354
-Trial 472 712096 50574090 58.474110
-Trial 473 712096 50574090 58.567279
-Trial 474 712096 50574090 58.589401
-Trial 475 712096 50574090 58.651455
* 476: Cost = 712096_50556556, Time = 56.40 sec. 
-Trial 476 712096 50556556 58.785316
-Trial 477 712096 50556556 58.911549
-Trial 478 712096 50556556 59.109509
* 479: Cost = 712096_50555298, Time = 56.77 sec. 
-Trial 479 712096 50555298 59.157768
-Trial 480 712096 50555298 59.198911
-Trial 481 712096 50555298 59.227346
-Trial 482 712096 50555298 59.348481
-Trial 483 712096 50555298 59.424661
-Trial 484 712096 50555298 59.556006
-Trial 485 712096 50555298 59.831485
* 486: Cost = 712096_50401378, Time = 57.48 sec. 
-Trial 486 712096 50401378 59.869120
-Trial 487 712096 50401378 59.911625
-Trial 488 712096 50401378 59.949113
-Trial 489 712096 50401378 59.999710
-Trial 490 712096 50401378 60.052977
-Trial 491 712096 50401378 60.105727
-Trial 492 712096 50401378 60.340975
-Trial 493 712096 50401378 60.370308
* 494: Cost = 712096_50380804, Time = 58.03 sec. 
-Trial 494 712096 50380804 60.415708
-Trial 495 712096 50380804 60.527627
-Trial 496 712096 50380804 60.564608
-Trial 497 712096 50380804 60.814967
-Trial 498 712096 50380804 60.821188
-Trial 499 712096 50380804 60.905938
-Trial 500 712096 50380804 60.922501
-Trial 501 712096 50380804 60.953130
-Trial 502 712096 50380804 60.972295
-Trial 503 712096 50380804 61.010495
-Trial 504 712096 50380804 61.125123
-Trial 505 712096 50380804 61.140186
-Trial 506 712096 50380804 61.205124
-Trial 507 712096 50380804 61.301829
-Trial 508 712096 50380804 61.395198
-Trial 509 712096 50380804 61.444895
-Trial 510 712096 50380804 61.510534
-Trial 511 712096 50380804 61.548717
-Trial 512 712096 50380804 61.598989
* 513: Cost = 712096_50336040, Time = 59.30 sec. 
-Trial 513 712096 50336040 61.687093
-Trial 514 712096 50336040 61.710814
* 515: Cost = 712096_50304351, Time = 59.37 sec. 
-Trial 515 712096 50304351 61.757152
-Trial 516 712096 50304351 62.069083
-Trial 517 712096 50304351 62.183956
-Trial 518 712096 50304351 62.447571
-Trial 519 712096 50304351 62.515214
-Trial 520 712096 50304351 62.608923
-Trial 521 712096 50304351 62.683689
-Trial 522 712096 50304351 62.726255
-Trial 523 712096 50304351 62.771560
-Trial 524 712096 50304351 62.829644
-Trial 525 712096 50304351 62.850719
-Trial 526 712096 50304351 62.934908
-Trial 527 712096 50304351 62.935956
-Trial 528 712096 50304351 63.026252
-Trial 529 712096 50304351 63.042730
-Trial 530 712096 50304351 63.084171
-Trial 531 712096 50304351 63.145126
-Trial 532 712096 50304351 63.169949
-Trial 533 712096 50304351 63.346253
-Trial 534 712096 50304351 63.379576
-Trial 535 712096 50304351 63.503186
-Trial 536 712096 50304351 63.573316
-Trial 537 712096 50304351 63.595080
-Trial 538 712096 50304351 63.613542
-Trial 539 712096 50304351 63.679634
-Trial 540 712096 50304351 63.735005
-Trial 541 712096 50304351 63.844733
-Trial 542 712096 50304351 64.091517
-Trial 543 712096 50304351 64.111852
-Trial 544 712096 50304351 64.246841
-Trial 545 712096 50304351 64.297134
-Trial 546 712096 50304351 64.356430
-Trial 547 712096 50304351 64.381650
-Trial 548 712096 50304351 64.424164
-Trial 549 712096 50304351 64.775354
-Trial 550 712096 50304351 64.822106
-Trial 551 712096 50304351 64.849609
-Trial 552 712096 50304351 64.924575
-Trial 553 712096 50304351 65.026168
-Trial 554 712096 50304351 65.103047
-Trial 555 712096 50304351 65.174428
-Trial 556 712096 50304351 65.214004
-Trial 557 712096 50304351 65.286754
-Trial 558 712096 50304351 65.425370
* 559: Cost = 712096_50291718, Time = 63.13 sec. 
-Trial 559 712096 50291718 65.515558
-Trial 560 712096 50291718 65.601888
-Trial 561 712096 50291718 65.750054
-Trial 562 712096 50291718 65.847841
-Trial 563 712096 50291718 65.881156
-Trial 564 712096 50291718 65.956376
-Trial 565 712096 50291718 66.076173
-Trial 566 712096 50291718 66.082106
* 567: Cost = 712096_50286023, Time = 63.75 sec. 
-Trial 567 712096 50286023 66.140905
-Trial 568 712096 50286023 66.184923
-Trial 569 712096 50286023 66.482404
-Trial 570 712096 50286023 66.485715
-Trial 571 712096 50286023 66.536381
-Trial 572 712096 50286023 66.546413
-Trial 573 712096 50286023 66.877702
-Trial 574 712096 50286023 66.984378
-Trial 575 712096 50286023 67.131316
-Trial 576 712096 50286023 67.159698
-Trial 577 712096 50286023 67.174127
-Trial 578 712096 50286023 67.212738
-Trial 579 712096 50286023 67.299441
-Trial 580 712096 50286023 67.353890
-Trial 581 712096 50286023 67.363664
-Trial 582 712096 50286023 67.450495
-Trial 583 712096 50286023 67.499996
-Trial 584 712096 50286023 67.579434
-Trial 585 712096 50286023 67.609127
-Trial 586 712096 50286023 67.839070
-Trial 587 712096 50286023 67.888742
-Trial 588 712096 50286023 67.943000
-Trial 589 712096 50286023 68.048853
-Trial 590 712096 50286023 68.088178
-Trial 591 712096 50286023 68.189273
-Trial 592 712096 50286023 68.229643
-Trial 593 712096 50286023 68.252157
* 594: Cost = 712096_50280882, Time = 65.89 sec. 
-Trial 594 712096 50280882 68.280467
-Trial 595 712096 50280882 68.457570
-Trial 596 712096 50280882 68.531095
-Trial 597 712096 50280882 68.596680
-Trial 598 712096 50280882 68.675498
-Trial 599 712096 50280882 68.759217
-Trial 600 712096 50280882 68.775045
-Trial 601 712096 50280882 68.819383
-Trial 602 712096 50280882 68.855808
-Trial 603 712096 50280882 68.937597
-Trial 604 712096 50280882 68.985836
-Trial 605 712096 50280882 69.021726
-Trial 606 712096 50280882 69.094778
-Trial 607 712096 50280882 69.157314
-Trial 608 712096 50280882 69.182802
-Trial 609 712096 50280882 69.303278
-Trial 610 712096 50280882 69.416730
-Trial 611 712096 50280882 69.494741
-Trial 612 712096 50280882 69.758012
-Trial 613 712096 50280882 69.789180
-Trial 614 712096 50280882 69.851749
-Trial 615 712096 50280882 69.900724
-Trial 616 712096 50280882 69.905086
-Trial 617 712096 50280882 69.988691
-Trial 618 712096 50280882 70.203774
-Trial 619 712096 50280882 70.213354
-Trial 620 712096 50280882 70.395142
-Trial 621 712096 50280882 70.408665
-Trial 622 712096 50280882 70.452220
-Trial 623 712096 50280882 71.183556
-Trial 624 712096 50280882 71.301852
-Trial 625 712096 50280882 71.339857
* 626: Cost = 712096_50270211, Time = 69.02 sec. 
-Trial 626 712096 50270211 71.403293
-Trial 627 712096 50270211 71.468216
-Trial 628 712096 50270211 71.483374
-Trial 629 712096 50270211 71.509540
-Trial 630 712096 50270211 72.015634
-Trial 631 712096 50270211 72.127921
-Trial 632 712096 50270211 72.182008
-Trial 633 712096 50270211 72.232616
-Trial 634 712096 50270211 72.278326
-Trial 635 712096 50270211 72.353604
-Trial 636 712096 50270211 72.525886
-Trial 637 712096 50270211 72.625553
-Trial 638 712096 50270211 72.823821
-Trial 639 712096 50270211 72.965641
-Trial 640 712096 50270211 73.026625
-Trial 641 712096 50270211 73.027172
-Trial 642 712096 50270211 73.050986
-Trial 643 712096 50270211 73.207457
* 644: Cost = 712096_50238370, Time = 70.86 sec. 
-Trial 644 712096 50238370 73.245270
-Trial 645 712096 50238370 73.369636
-Trial 646 712096 50238370 73.427494
-Trial 647 712096 50238370 73.479044
-Trial 648 712096 50238370 73.576753
* 649: Cost = 712096_50201586, Time = 71.26 sec. 
-Trial 649 712096 50201586 73.649495
-Trial 650 712096 50201586 73.812687
* 651: Cost = 712096_50186076, Time = 71.49 sec. 
-Trial 651 712096 50186076 73.876250
-Trial 652 712096 50186076 73.917366
-Trial 653 712096 50186076 74.105437
-Trial 654 712096 50186076 74.107244
-Trial 655 712096 50186076 74.151609
-Trial 656 712096 50186076 74.314230
-Trial 657 712096 50186076 74.380548
-Trial 658 712096 50186076 74.484965
-Trial 659 712096 50186076 74.563202
-Trial 660 712096 50186076 74.831457
-Trial 661 712096 50186076 74.891066
-Trial 662 712096 50186076 74.937183
-Trial 663 712096 50186076 75.044327
-Trial 664 712096 50186076 75.096100
-Trial 665 712096 50186076 75.299047
-Trial 666 712096 50186076 75.412801
-Trial 667 712096 50186076 75.428278
-Trial 668 712096 50186076 75.437730
-Trial 669 712096 50186076 75.560359
-Trial 670 712096 50186076 75.883141
-Trial 671 712096 50186076 75.937481
-Trial 672 712096 50186076 76.004559
-Trial 673 712096 50186076 76.178415
-Trial 674 712096 50186076 76.332746
-Trial 675 712096 50186076 76.434836
* 676: Cost = 35772_50580891, Time = 74.18 sec. 
-Trial 676 35772 50580891 76.568866
* 677: Cost = 35772_50580208, Time = 74.21 sec. 
-Trial 677 35772 50580208 76.598728
-Trial 678 35772 50580208 76.625309
-Trial 679 35772 50580208 76.793954
-Trial 680 35772 50580208 76.799791
-Trial 681 35772 50580208 76.849388
-Trial 682 35772 50580208 76.891888
-Trial 683 35772 50580208 76.956408
* 684: Cost = 35772_50251388, Time = 74.59 sec. 
-Trial 684 35772 50251388 76.974155
-Trial 685 35772 50251388 77.513656
-Trial 686 35772 50251388 77.589072
-Trial 687 35772 50251388 77.688771
-Trial 688 35772 50251388 77.775599
-Trial 689 35772 50251388 77.781174
-Trial 690 35772 50251388 77.814311
-Trial 691 35772 50251388 77.877072
-Trial 692 35772 50251388 78.119122
-Trial 693 35772 50251388 78.166685
-Trial 694 35772 50251388 78.232205
-Trial 695 35772 50251388 78.321684
-Trial 696 35772 50251388 78.394495
-Trial 697 35772 50251388 78.403878
-Trial 698 35772 50251388 78.470907
-Trial 699 35772 50251388 78.884042
* 700: Cost = 35772_50244373, Time = 76.63 sec. 
-Trial 700 35772 50244373 79.019334
-Trial 701 35772 50244373 79.042073
-Trial 702 35772 50244373 79.063915
-Trial 703 35772 50244373 79.152945
-Trial 704 35772 50244373 79.191226
-Trial 705 35772 50244373 79.278230
-Trial 706 35772 50244373 79.419521
-Trial 707 35772 50244373 79.499669
-Trial 708 35772 50244373 79.556064
* 709: Cost = 35772_50217845, Time = 77.22 sec. 
-Trial 709 35772 50217845 79.609362
-Trial 710 35772 50217845 79.703885
-Trial 711 35772 50217845 79.740535
-Trial 712 35772 50217845 79.775632
-Trial 713 35772 50217845 80.305594
-Trial 714 35772 50217845 80.319262
-Trial 715 35772 50217845 80.320470
-Trial 716 35772 50217845 80.371159
-Trial 717 35772 50217845 80.432616
-Trial 718 35772 50217845 80.486175
-Trial 719 35772 50217845 80.541962
-Trial 720 35772 50217845 80.593109
-Trial 721 35772 50217845 80.633673
-Trial 722 35772 50217845 81.183833
-Trial 723 35772 50217845 81.240880
-Trial 724 35772 50217845 81.321389
-Trial 725 35772 50217845 81.368263
-Trial 726 35772 50217845 81.399759
-Trial 727 35772 50217845 81.533272
-Trial 728 35772 50217845 81.654256
-Trial 729 35772 50217845 81.673099
-Trial 730 35772 50217845 81.693646
-Trial 731 35772 50217845 81.758804
-Trial 732 35772 50217845 81.915178
-Trial 733 35772 50217845 82.110636
-Trial 734 35772 50217845 82.189296
-Trial 735 35772 50217845 82.217490
-Trial 736 35772 50217845 82.319224
-Trial 737 35772 50217845 82.366191
-Trial 738 35772 50217845 82.407970
-Trial 739 35772 50217845 82.514484
-Trial 740 35772 50217845 82.580413
-Trial 741 35772 50217845 83.018951
-Trial 742 35772 50217845 83.039756
-Trial 743 35772 50217845 83.072367
-Trial 744 35772 50217845 83.128437
-Trial 745 35772 50217845 83.136339
-Trial 746 35772 50217845 83.164846
-Trial 747 35772 50217845 83.246478
-Trial 748 35772 50217845 83.256580
-Trial 749 35772 50217845 83.263093
-Trial 750 35772 50217845 83.322925
-Trial 751 35772 50217845 83.399274
-Trial 752 35772 50217845 83.463115
-Trial 753 35772 50217845 83.601414
-Trial 754 35772 50217845 83.626320
-Trial 755 35772 50217845 83.650896
-Trial 756 35772 50217845 83.722304
-Trial 757 35772 50217845 83.773078
-Trial 758 35772 50217845 83.848831
-Trial 759 35772 50217845 83.877468
-Trial 760 35772 50217845 83.936196
-Trial 761 35772 50217845 83.970577
-Trial 762 35772 50217845 84.000230
-Trial 763 35772 50217845 84.059210
-Trial 764 35772 50217845 84.079199
-Trial 765 35772 50217845 84.135769
-Trial 766 35772 50217845 84.169515
-Trial 767 35772 50217845 84.324022
-Trial 768 35772 50217845 84.388485
-Trial 769 35772 50217845 84.413986
-Trial 770 35772 50217845 84.513301
-Trial 771 35772 50217845 84.557345
-Trial 772 35772 50217845 84.643993
-Trial 773 35772 50217845 84.706533
-Trial 774 35772 50217845 84.732409
-Trial 775 35772 50217845 84.872507
-Trial 776 35772 50217845 84.913965
-Trial 777 35772 50217845 84.996889
-Trial 778 35772 50217845 85.025376
-Trial 779 35772 50217845 85.103529
-Trial 780 35772 50217845 85.139183
-Trial 781 35772 50217845 85.375371
-Trial 782 35772 50217845 85.391282
-Trial 783 35772 50217845 85.411345
-Trial 784 35772 50217845 85.462900
-Trial 785 35772 50217845 85.790929
* 786: Cost = 35772_50213502, Time = 83.47 sec. 
-Trial 786 35772 50213502 85.857823
-Trial 787 35772 50213502 85.894986
-Trial 788 35772 50213502 85.952672
-Trial 789 35772 50213502 85.977328
-Trial 790 35772 50213502 86.087670
-Trial 791 35772 50213502 86.118191
-Trial 792 35772 50213502 86.458511
-Trial 793 35772 50213502 86.514475
-Trial 794 35772 50213502 86.693221
-Trial 795 35772 50213502 86.787226
-Trial 796 35772 50213502 86.892644
-Trial 797 35772 50213502 86.915247
-Trial 798 35772 50213502 86.943481
-Trial 799 35772 50213502 86.963294
-Trial 800 35772 50213502 87.413048
-Trial 801 35772 50213502 87.465687
* 802: Cost = 35772_50198778, Time = 85.11 sec. 
-Trial 802 35772 50198778 87.493810
-Trial 803 35772 50198778 87.517836
-Trial 804 35772 50198778 87.747970
-Trial 805 35772 50198778 87.786895
-Trial 806 35772 50198778 87.839046
-Trial 807 35772 50198778 87.904508
-Trial 808 35772 50198778 87.916615
-Trial 809 35772 50198778 87.947599
-Trial 810 35772 50198778 87.998608
-Trial 811 35772 50198778 88.085792
-Trial 812 35772 50198778 88.288590
-Trial 813 35772 50198778 88.465210
-Trial 814 35772 50198778 88.518359
* 815: Cost = 35772_50140290, Time = 86.26 sec. 
-Trial 815 35772 50140290 88.642710
-Trial 816 35772 50140290 88.814016
-Trial 817 35772 50140290 88.839796
-Trial 818 35772 50140290 88.871340
-Trial 819 35772 50140290 88.939182
-Trial 820 35772 50140290 89.003117
-Trial 821 35772 50140290 89.131342
-Trial 822 35772 50140290 89.257087
-Trial 823 35772 50140290 89.274603
-Trial 824 35772 50140290 89.280989
-Trial 825 35772 50140290 89.305999
-Trial 826 35772 50140290 89.425771
-Trial 827 35772 50140290 89.481349
-Trial 828 35772 50140290 89.636247
-Trial 829 35772 50140290 89.706198
-Trial 830 35772 50140290 89.805501
-Trial 831 35772 50140290 90.187273
-Trial 832 35772 50140290 90.221959
-Trial 833 35772 50140290 90.262929
-Trial 834 35772 50140290 90.316936
-Trial 835 35772 50140290 90.488492
-Trial 836 35772 50140290 90.675649
-Trial 837 35772 50140290 90.702377
-Trial 838 35772 50140290 90.818671
-Trial 839 35772 50140290 90.872441
-Trial 840 35772 50140290 90.892498
-Trial 841 35772 50140290 91.037326
* 842: Cost = 35772_50126077, Time = 88.67 sec. 
-Trial 842 35772 50126077 91.056473
-Trial 843 35772 50126077 91.096906
* 844: Cost = 35772_50124713, Time = 88.74 sec. 
-Trial 844 35772 50124713 91.125576
-Trial 845 35772 50124713 91.179878
-Trial 846 35772 50124713 91.198115
-Trial 847 35772 50124713 91.221391
-Trial 848 35772 50124713 91.274833
-Trial 849 35772 50124713 91.306426
-Trial 850 35772 50124713 91.378427
-Trial 851 35772 50124713 91.632288
-Trial 852 35772 50124713 91.644590
-Trial 853 35772 50124713 91.709055
-Trial 854 35772 50124713 91.742963
* 855: Cost = 35772_50008095, Time = 89.49 sec. 
-Trial 855 35772 50008095 91.875723
-Trial 856 35772 50008095 91.915883
-Trial 857 35772 50008095 91.967997
-Trial 858 35772 50008095 92.011899
* 859: Cost = 35772_49988539, Time = 89.73 sec. 
-Trial 859 35772 49988539 92.116897
-Trial 860 35772 49988539 92.181196
-Trial 861 35772 49988539 92.294263
-Trial 862 35772 49988539 92.696829
-Trial 863 35772 49988539 92.861419
-Trial 864 35772 49988539 92.889689
-Trial 865 35772 49988539 93.066281
-Trial 866 35772 49988539 93.137434
-Trial 867 35772 49988539 93.233790
-Trial 868 35772 49988539 93.273676
-Trial 869 35772 49988539 93.402229
-Trial 870 35772 49988539 93.441705
-Trial 871 35772 49988539 93.519356
-Trial 872 35772 49988539 93.539914
-Trial 873 35772 49988539 93.563479
-Trial 874 35772 49988539 93.579070
-Trial 875 35772 49988539 93.693415
-Trial 876 35772 49988539 93.741949
-Trial 877 35772 49988539 93.776898
-Trial 878 35772 49988539 94.069441
-Trial 879 35772 49988539 94.526272
-Trial 880 35772 49988539 94.528100
-Trial 881 35772 49988539 94.643803
-Trial 882 35772 49988539 94.735368
-Trial 883 35772 49988539 94.836047
-Trial 884 35772 49988539 94.855216
-Trial 885 35772 49988539 94.948196
-Trial 886 35772 49988539 94.951570
-Trial 887 35772 49988539 94.989519
-Trial 888 35772 49988539 95.196591
* 889: Cost = 35772_49951968, Time = 92.87 sec. 
-Trial 889 35772 49951968 95.260291
-Trial 890 35772 49951968 95.657662
* 891: Cost = 35772_49948353, Time = 93.34 sec. 
-Trial 891 35772 49948353 95.727254
-Trial 892 35772 49948353 95.788026
* 893: Cost = 35772_49736777, Time = 93.44 sec. 
-Trial 893 35772 49736777 95.828362
-Trial 894 35772 49736777 95.875478
-Trial 895 35772 49736777 95.920681
-Trial 896 35772 49736777 95.978519
-Trial 897 35772 49736777 96.015062
-Trial 898 35772 49736777 96.065792
* 899: Cost = 35772_49733096, Time = 93.72 sec. 
-Trial 899 35772 49733096 96.111131
-Trial 900 35772 49733096 96.259932
-Trial 901 35772 49733096 96.342836
-Trial 902 35772 49733096 96.395093
-Trial 903 35772 49733096 96.428359
-Trial 904 35772 49733096 96.483078
-Trial 905 35772 49733096 96.489322
-Trial 906 35772 49733096 96.531951
-Trial 907 35772 49733096 96.702539
-Trial 908 35772 49733096 96.765710
-Trial 909 35772 49733096 97.040154
* 910: Cost = 0_50409943, Time = 94.76 sec. 
-Trial 910 0 50409943 97.149372
-Trial 911 0 50409943 97.166184
-Trial 912 0 50409943 97.168681
-Trial 913 0 50409943 97.169149
-Trial 914 0 50409943 97.191523
-Trial 915 0 50409943 97.201818
* 916: Cost = 0_50383326, Time = 94.82 sec. 
-Trial 916 0 50383326 97.209979
-Trial 917 0 50383326 97.243896
-Trial 918 0 50383326 97.271150
-Trial 919 0 50383326 97.353629
-Trial 920 0 50383326 97.366603
-Trial 921 0 50383326 97.461158
-Trial 922 0 50383326 97.539066
-Trial 923 0 50383326 97.602321
-Trial 924 0 50383326 97.606313
-Trial 925 0 50383326 97.624902
-Trial 926 0 50383326 97.669014
-Trial 927 0 50383326 97.680124
-Trial 928 0 50383326 97.709895
* 929: Cost = 0_50253093, Time = 95.34 sec. 
-Trial 929 0 50253093 97.723388
-Trial 930 0 50253093 97.735952
-Trial 931 0 50253093 97.783094
-Trial 932 0 50253093 97.810943
-Trial 933 0 50253093 97.831040
* 934: Cost = 0_50246484, Time = 95.51 sec. 
-Trial 934 0 50246484 97.893403
* 935: Cost = 0_50243409, Time = 95.54 sec. 
-Trial 935 0 50243409 97.927033
* 936: Cost = 0_50032261, Time = 95.58 sec. 
-Trial 936 0 50032261 97.963650
-Trial 937 0 50032261 98.052661
-Trial 938 0 50032261 98.078264
* 939: Cost = 0_50021692, Time = 95.73 sec. 
-Trial 939 0 50021692 98.115776
-Trial 940 0 50021692 98.132915
-Trial 941 0 50021692 98.138567
-Trial 942 0 50021692 98.156147
-Trial 943 0 50021692 98.189711
-Trial 944 0 50021692 98.236017
-Trial 945 0 50021692 98.251354
-Trial 946 0 50021692 98.301222
-Trial 947 0 50021692 98.335624
-Trial 948 0 50021692 98.375109
-Trial 949 0 50021692 98.392671
-Trial 950 0 50021692 98.459813
-Trial 951 0 50021692 98.737193
-Trial 952 0 50021692 98.743792
-Trial 953 0 50021692 98.874530
-Trial 954 0 50021692 98.902420
-Trial 955 0 50021692 98.905680
-Trial 956 0 50021692 98.912057
-Trial 957 0 50021692 99.002072
-Trial 958 0 50021692 99.032729
-Trial 959 0 50021692 99.062051
-Trial 960 0 50021692 99.083104
-Trial 961 0 50021692 99.084524
-Trial 962 0 50021692 99.101984
-Trial 963 0 50021692 99.103388
* 964: Cost = 0_50003151, Time = 96.81 sec. 
-Trial 964 0 50003151 99.199305
-Trial 965 0 50003151 99.300412
* 966: Cost = 0_49956643, Time = 97.02 sec. 
-Trial 966 0 49956643 99.401640
* 967: Cost = 0_49912220, Time = 97.66 sec. 
-Trial 967 0 49912220 100.042430
-Trial 968 0 49912220 100.066295
-Trial 969 0 49912220 100.098113
-Trial 970 0 49912220 100.257928
-Trial 971 0 49912220 100.271585
-Trial 972 0 49912220 100.285938
-Trial 973 0 49912220 100.313038
-Trial 974 0 49912220 100.424964
-Trial 975 0 49912220 100.437628
-Trial 976 0 49912220 100.452092
-Trial 977 0 49912220 100.483294
-Trial 978 0 49912220 100.634106
-Trial 979 0 49912220 100.692242
-Trial 980 0 49912220 100.727494
-Trial 981 0 49912220 100.792970
-Trial 982 0 49912220 100.826840
-Trial 983 0 49912220 100.835341
-Trial 984 0 49912220 100.841554
-Trial 985 0 49912220 100.848033
-Trial 986 0 49912220 100.906809
-Trial 987 0 49912220 100.988173
-Trial 988 0 49912220 101.074319
-Trial 989 0 49912220 101.105976
-Trial 990 0 49912220 101.113025
-Trial 991 0 49912220 101.139746
-Trial 992 0 49912220 101.192021
-Trial 993 0 49912220 101.216806
-Trial 994 0 49912220 101.225737
-Trial 995 0 49912220 101.237172
-Trial 996 0 49912220 101.260200
* 997: Cost = 0_49874168, Time = 98.91 sec. 
-Trial 997 0 49874168 101.292505
-Trial 998 0 49874168 101.328564
-Trial 999 0 49874168 101.337823
-Trial 1000 0 49874168 101.343051
Population:
  1: 0_49874168
Run 1: Cost = 0_49874168, Time = 98.96 sec. 

Successes/Runs = 0/1 
Cost.min = 49874168, Cost.avg = 49874168.00, Cost.max = 49874168
Gap.min = 0.0000%, Gap.avg = 0.0000%, Gap.max = 0.0000%
Penalty.min = 0, Penalty.avg = 0.00, Penalty.max = 0
Trials.min = 1000, Trials.avg = 1000.0, Trials.max = 1000
Time.min = 98.96 sec., Time.avg = 98.96 sec., Time.max = 98.96 sec.
Time.total = 101.34 sec.
  Size.min = 15, Size.max = 31, Penalty = 0
  Cost.min = 1065111, Cost.max = 3480504, Cost.sum = 49874168
Best CVRPTW solution:
  Cost = 0_49874168
390 1 142 180 57 137 48 464 342 167 181 144 462 335 165 388 89 55 402 71 49 349 326 384 347 490 141 179 8 17 239 5 419 505 409 315 435 296 120 201 380 247 82 2 256 217 231 122 320 254 212 258 491 121 260 279 513 280 352 451 285 45 151 168 106 436 365 368 463 317 44 432 395 31 173 496 366 500 381 364 383 515 47 262 327 301 422 448 162 19 39 471 69 324 449 183 359 367 227 361 51 504 420 412 211 199 70 431 396 84 292 385 7 274 267 354 204 209 461 520 333 113 136 341 446 228 237 492 318 108 188 130 438 208 316 191 23 160 489 134 86 169 477 346 177 306 59 482 519 444 345 125 230 501 405 305 287 415 104 245 460 250 10 64 440 202 99 429 273 494 389 25 14 379 314 338 309 154 307 512 78 392 12 42 328 35 277 236 455 3 164 215 323 80 152 475 378 270 470 322 50 407 478 265 73 36 357 197 37 275 330 518 340 350 397 310 394 441 146 281 360 433 68 426 401 30 43 147 128 442 372 53 133 263 135 424 425 170 343 278 502 304 98 196 24 272 175 194 353 92 238 244 148 187 487 149 261 6 163 308 222 184 87 348 240 286 506 458 96 232 85 495 91 207 467 213 174 117 358 459 81 452 468 391 182 107 225 131 386 153 105 266 32 216 29 503 282 355 299 374 126 473 303 241 190 329 62 325 74 485 56 403 295 246 186 370 235 476 9 269 319 331 479 11 508 178 90 497 465 410 77 233 176 219 408 398 313 224 185 132 123 428 300 437 486 88 166 159 93 54 427 155 456 514 18 116 206 453 124 200 234 414 253 339 375 195 229 158 221 488 447 469 294 399 16 119 336 103 406 226 252 140 95 271 517 434 102 344 288 60 66 72 445 480 291 129 264 418 143 38 94 377 242 302 223 493 507 138 220 109 393 65 297 110 218 387 332 276 248 293 210 312 205 40 421 198 22 4 376 363 404 157 466 83 356 510 411 193 457 79 474 172 63 76 369 13 290 97 257 161 214 516 417 156 481 46 20 127 289 26 362 203 351 255 337 118 251 499 28 371 483 511 58 171 283 41 114 373 61 298 450 189 484 100 498 33 111 21 334 101 112 192 15 115 400 284 150 268 423 321 509 52 439 75 34 311 249 67 416 243 430 454 139 413 27 472 145 382 259 443 390 
