PARAMETER_FILE = result/cvrptw_500/LKH_para/378.para
Reading PROBLEM_FILE: "result/cvrptw_500/cvrptw/378.cvrptw" ... done
ASCENT_CANDIDATES = 50
BACKBONE_TRIALS = 0
BACKTRACKING = NO
# BWTSP =
# CANDIDATE_FILE =
CANDIDATE_SET_TYPE = ALPHA
DEPOT = 1
# EDGE_FILE =
EXCESS = 0.0384615
EXTERNAL_SALESMEN = 0
EXTRA_CANDIDATES = 0 
EXTRA_CANDIDATE_SET_TYPE = QUADRANT
GAIN23 = NO
GAIN_CRITERION = YES
INITIAL_PERIOD = 520
INITIAL_STEP_SIZE = 1
INITIAL_TOUR_ALGORITHM = WALK
# INITIAL_TOUR_FILE = 
INITIAL_TOUR_FRACTION = 1.000
# INPUT_TOUR_FILE = 
KICK_TYPE = 4
KICKS = 1
# MAX_BREADTH =
MAKESPAN = NO
MAX_CANDIDATES = 5 
MAX_SWAPS = 0
MAX_TRIALS = 1000
# MERGE_TOUR_FILE =
MOVE_TYPE = 5 SPECIAL
MTSP_MIN_SIZE = 1
MTSP_MAX_SIZE = 1039
# MTSP_SOLUTION_FILE = 
# NONSEQUENTIAL_MOVE_TYPE = 5
# OPTIMUM =
# OUTPUT_TOUR_FILE = 
PATCHING_A = 1 
PATCHING_C = 0 
# PI_FILE = 
POPMUSIC_INITIAL_TOUR = NO
POPMUSIC_MAX_NEIGHBORS = 5
POPMUSIC_SAMPLE_SIZE = 10
POPMUSIC_SOLUTIONS = 50
POPMUSIC_TRIALS = 1
POPULATION_SIZE = 10
PRECISION = 100
PROBLEM_FILE = result/cvrptw_500/cvrptw/378.cvrptw
RECOMBINATION = IPT
RESTRICTED_SEARCH = YES
RUNS = 1
SALESMEN = 20
SCALE = 1
SEED = 1234
# SINTEF_SOLUTION_FILE = 
STOP_AT_OPTIMUM = YES
SUBGRADIENT = YES
# SUBPROBLEM_SIZE =
# SUBPROBLEM_TOUR_FILE = 
SUBSEQUENT_MOVE_TYPE = 5 SPECIAL
SUBSEQUENT_PATCHING = YES
# TIME_LIMIT =
# TOUR_FILE = 
TRACE_LEVEL = 1
VEHICLES = 20

Lower bound = 25972188.9, Ascent time = 2.98 sec.
Cand.min = 5, Cand.avg = 5.0, Cand.max = 5
Edges.fixed = 520 [Cost = 0]
Preprocessing time = 3.05 sec.
* 1: Cost = 3702117_55302781, Time = 4.44 sec. 
-Trial 1 3702117 55302781 7.488599
-Trial 2 3702117 55302781 8.239878
-Trial 3 3702117 55302781 8.418437
-Trial 4 3702117 55302781 8.750878
* 5: Cost = 2170371_54813395, Time = 6.41 sec. 
-Trial 5 2170371 54813395 9.461428
* 6: Cost = 2170371_54642778, Time = 6.49 sec. 
-Trial 6 2170371 54642778 9.534518
-Trial 7 2170371 54642778 9.714905
-Trial 8 2170371 54642778 9.869700
-Trial 9 2170371 54642778 9.981690
-Trial 10 2170371 54642778 10.268078
* 11: Cost = 2170371_54629762, Time = 7.44 sec. 
-Trial 11 2170371 54629762 10.484356
* 12: Cost = 2170371_54536013, Time = 7.54 sec. 
-Trial 12 2170371 54536013 10.584964
-Trial 13 2170371 54536013 10.644225
* 14: Cost = 2119167_54458976, Time = 7.71 sec. 
-Trial 14 2119167 54458976 10.755885
-Trial 15 2119167 54458976 10.999403
* 16: Cost = 1446040_53657495, Time = 8.60 sec. 
-Trial 16 1446040 53657495 11.652631
-Trial 17 1446040 53657495 11.916680
* 18: Cost = 1446040_53638693, Time = 9.06 sec. 
-Trial 18 1446040 53638693 12.106688
-Trial 19 1446040 53638693 12.459942
-Trial 20 1446040 53638693 12.588844
* 21: Cost = 1446040_53569907, Time = 9.63 sec. 
-Trial 21 1446040 53569907 12.678837
* 22: Cost = 1446040_53550149, Time = 9.79 sec. 
-Trial 22 1446040 53550149 12.843877
* 23: Cost = 1401498_54985055, Time = 10.02 sec. 
-Trial 23 1401498 54985055 13.068795
* 24: Cost = 1401498_53717388, Time = 10.12 sec. 
-Trial 24 1401498 53717388 13.166057
-Trial 25 1401498 53717388 13.268978
-Trial 26 1401498 53717388 13.520958
* 27: Cost = 1401498_53432125, Time = 10.55 sec. 
-Trial 27 1401498 53432125 13.599869
-Trial 28 1401498 53432125 13.686235
* 29: Cost = 1401498_53145976, Time = 10.86 sec. 
-Trial 29 1401498 53145976 13.913176
-Trial 30 1401498 53145976 14.100332
-Trial 31 1401498 53145976 14.138589
* 32: Cost = 1401498_53133539, Time = 11.18 sec. 
-Trial 32 1401498 53133539 14.225356
* 33: Cost = 1401498_52588006, Time = 11.45 sec. 
-Trial 33 1401498 52588006 14.501036
-Trial 34 1401498 52588006 14.594917
-Trial 35 1401498 52588006 14.737194
* 36: Cost = 573619_53495018, Time = 12.00 sec. 
-Trial 36 573619 53495018 15.044956
* 37: Cost = 573619_53480947, Time = 12.12 sec. 
-Trial 37 573619 53480947 15.165255
-Trial 38 573619 53480947 15.320420
-Trial 39 573619 53480947 15.489614
* 40: Cost = 573619_52636226, Time = 12.60 sec. 
-Trial 40 573619 52636226 15.651032
-Trial 41 573619 52636226 15.755082
-Trial 42 573619 52636226 15.764096
-Trial 43 573619 52636226 15.867667
-Trial 44 573619 52636226 16.063849
-Trial 45 573619 52636226 16.460962
-Trial 46 573619 52636226 16.650460
* 47: Cost = 573619_52557819, Time = 13.67 sec. 
-Trial 47 573619 52557819 16.722822
* 48: Cost = 158024_52182327, Time = 14.04 sec. 
-Trial 48 158024 52182327 17.085961
* 49: Cost = 158024_52128205, Time = 14.81 sec. 
-Trial 49 158024 52128205 17.859030
* 50: Cost = 158024_52017036, Time = 14.92 sec. 
-Trial 50 158024 52017036 17.969868
-Trial 51 158024 52017036 18.039775
* 52: Cost = 158024_51997831, Time = 15.08 sec. 
-Trial 52 158024 51997831 18.132066
* 53: Cost = 158024_51535026, Time = 15.35 sec. 
-Trial 53 158024 51535026 18.398567
-Trial 54 158024 51535026 18.457183
* 55: Cost = 158024_51283789, Time = 15.50 sec. 
-Trial 55 158024 51283789 18.547631
* 56: Cost = 158024_50518565, Time = 15.85 sec. 
-Trial 56 158024 50518565 18.899720
-Trial 57 158024 50518565 19.207072
* 58: Cost = 158024_50236410, Time = 16.23 sec. 
-Trial 58 158024 50236410 19.277414
-Trial 59 158024 50236410 19.296564
* 60: Cost = 158024_50233175, Time = 16.32 sec. 
-Trial 60 158024 50233175 19.371183
-Trial 61 158024 50233175 19.510226
-Trial 62 158024 50233175 19.639526
* 63: Cost = 31376_50278042, Time = 16.74 sec. 
-Trial 63 31376 50278042 19.786997
-Trial 64 31376 50278042 19.861790
-Trial 65 31376 50278042 20.023854
-Trial 66 31376 50278042 20.040410
* 67: Cost = 31376_49875635, Time = 17.07 sec. 
-Trial 67 31376 49875635 20.123118
* 68: Cost = 31376_49786561, Time = 17.10 sec. 
-Trial 68 31376 49786561 20.150907
-Trial 69 31376 49786561 20.158745
-Trial 70 31376 49786561 20.187400
* 71: Cost = 31376_49776065, Time = 17.23 sec. 
-Trial 71 31376 49776065 20.280963
-Trial 72 31376 49776065 20.339740
* 73: Cost = 31376_48793019, Time = 17.45 sec. 
-Trial 73 31376 48793019 20.494754
-Trial 74 31376 48793019 20.797382
-Trial 75 31376 48793019 20.914533
-Trial 76 31376 48793019 21.029331
-Trial 77 31376 48793019 21.059601
-Trial 78 31376 48793019 21.101978
-Trial 79 31376 48793019 21.109077
-Trial 80 31376 48793019 21.125500
-Trial 81 31376 48793019 21.154010
* 82: Cost = 31376_48723144, Time = 18.15 sec. 
-Trial 82 31376 48723144 21.197548
-Trial 83 31376 48723144 21.208018
-Trial 84 31376 48723144 21.276581
-Trial 85 31376 48723144 21.314842
-Trial 86 31376 48723144 21.528908
-Trial 87 31376 48723144 21.603816
-Trial 88 31376 48723144 21.717543
-Trial 89 31376 48723144 21.755973
-Trial 90 31376 48723144 21.879663
-Trial 91 31376 48723144 21.880051
-Trial 92 31376 48723144 21.940448
-Trial 93 31376 48723144 21.974232
-Trial 94 31376 48723144 22.011983
-Trial 95 31376 48723144 22.029831
* 96: Cost = 31376_48399165, Time = 19.06 sec. 
-Trial 96 31376 48399165 22.104773
-Trial 97 31376 48399165 22.106355
-Trial 98 31376 48399165 22.144084
-Trial 99 31376 48399165 22.147439
* 100: Cost = 31376_48284448, Time = 19.11 sec. 
-Trial 100 31376 48284448 22.160948
-Trial 101 31376 48284448 22.207682
-Trial 102 31376 48284448 22.254592
-Trial 103 31376 48284448 22.377928
-Trial 104 31376 48284448 22.522398
-Trial 105 31376 48284448 22.749658
* 106: Cost = 31376_48184041, Time = 19.74 sec. 
-Trial 106 31376 48184041 22.787649
-Trial 107 31376 48184041 22.905824
* 108: Cost = 31376_48107652, Time = 19.94 sec. 
-Trial 108 31376 48107652 22.993874
-Trial 109 31376 48107652 23.060418
-Trial 110 31376 48107652 23.129186
-Trial 111 31376 48107652 23.164343
-Trial 112 31376 48107652 23.204287
-Trial 113 31376 48107652 23.473797
-Trial 114 31376 48107652 23.479236
-Trial 115 31376 48107652 23.603474
* 116: Cost = 31376_47682711, Time = 20.72 sec. 
-Trial 116 31376 47682711 23.767608
-Trial 117 31376 47682711 23.814279
* 118: Cost = 31376_47680929, Time = 20.80 sec. 
-Trial 118 31376 47680929 23.848388
* 119: Cost = 31376_47665313, Time = 20.85 sec. 
-Trial 119 31376 47665313 23.896984
* 120: Cost = 31376_47176179, Time = 21.00 sec. 
-Trial 120 31376 47176179 24.046011
-Trial 121 31376 47176179 24.137865
-Trial 122 31376 47176179 24.211632
-Trial 123 31376 47176179 24.389826
-Trial 124 31376 47176179 24.401029
-Trial 125 31376 47176179 24.537690
-Trial 126 31376 47176179 24.596688
-Trial 127 31376 47176179 24.658775
-Trial 128 31376 47176179 24.752916
-Trial 129 31376 47176179 24.804047
* 130: Cost = 31376_47138062, Time = 21.82 sec. 
-Trial 130 31376 47138062 24.870649
-Trial 131 31376 47138062 24.929819
-Trial 132 31376 47138062 25.006498
-Trial 133 31376 47138062 25.125635
* 134: Cost = 31376_47102666, Time = 22.26 sec. 
-Trial 134 31376 47102666 25.308649
-Trial 135 31376 47102666 25.574766
-Trial 136 31376 47102666 25.624539
* 137: Cost = 31376_47072912, Time = 22.60 sec. 
-Trial 137 31376 47072912 25.652340
-Trial 138 31376 47072912 25.787436
-Trial 139 31376 47072912 25.872528
* 140: Cost = 31376_46958536, Time = 22.87 sec. 
-Trial 140 31376 46958536 25.923155
-Trial 141 31376 46958536 25.949653
-Trial 142 31376 46958536 26.122877
-Trial 143 31376 46958536 26.170491
-Trial 144 31376 46958536 26.420328
-Trial 145 31376 46958536 26.514272
-Trial 146 31376 46958536 26.565208
-Trial 147 31376 46958536 26.662021
-Trial 148 31376 46958536 26.722458
-Trial 149 31376 46958536 26.927205
-Trial 150 31376 46958536 26.951482
-Trial 151 31376 46958536 27.041657
-Trial 152 31376 46958536 27.076966
-Trial 153 31376 46958536 27.123980
* 154: Cost = 31376_46945550, Time = 24.10 sec. 
-Trial 154 31376 46945550 27.153468
-Trial 155 31376 46945550 27.205960
-Trial 156 31376 46945550 27.278824
-Trial 157 31376 46945550 27.295262
-Trial 158 31376 46945550 27.349445
-Trial 159 31376 46945550 27.401923
-Trial 160 31376 46945550 27.488748
-Trial 161 31376 46945550 27.537237
-Trial 162 31376 46945550 27.584245
-Trial 163 31376 46945550 27.603636
-Trial 164 31376 46945550 27.638317
-Trial 165 31376 46945550 27.720830
-Trial 166 31376 46945550 27.913350
* 167: Cost = 31376_46936722, Time = 24.95 sec. 
-Trial 167 31376 46936722 28.003256
-Trial 168 31376 46936722 28.163541
-Trial 169 31376 46936722 28.190947
-Trial 170 31376 46936722 28.214218
* 171: Cost = 31376_46898113, Time = 25.23 sec. 
-Trial 171 31376 46898113 28.277229
-Trial 172 31376 46898113 28.469450
-Trial 173 31376 46898113 28.482795
* 174: Cost = 31376_46888638, Time = 25.52 sec. 
-Trial 174 31376 46888638 28.568273
-Trial 175 31376 46888638 28.602624
* 176: Cost = 31376_46868320, Time = 25.60 sec. 
-Trial 176 31376 46868320 28.649631
* 177: Cost = 31376_46831576, Time = 25.63 sec. 
-Trial 177 31376 46831576 28.682097
-Trial 178 31376 46831576 28.791371
-Trial 179 31376 46831576 28.794992
-Trial 180 31376 46831576 28.835597
* 181: Cost = 31376_46800589, Time = 25.84 sec. 
-Trial 181 31376 46800589 28.884988
-Trial 182 31376 46800589 28.929799
-Trial 183 31376 46800589 28.943051
-Trial 184 31376 46800589 28.971007
-Trial 185 31376 46800589 28.971878
-Trial 186 31376 46800589 29.006932
-Trial 187 31376 46800589 29.244397
-Trial 188 31376 46800589 29.431717
-Trial 189 31376 46800589 29.499084
-Trial 190 31376 46800589 29.617529
-Trial 191 31376 46800589 29.659102
-Trial 192 31376 46800589 29.784166
-Trial 193 31376 46800589 29.948373
-Trial 194 31376 46800589 29.956900
-Trial 195 31376 46800589 30.037535
-Trial 196 31376 46800589 30.088851
-Trial 197 31376 46800589 30.146877
-Trial 198 31376 46800589 30.166987
-Trial 199 31376 46800589 30.200730
* 200: Cost = 31376_46736894, Time = 27.18 sec. 
-Trial 200 31376 46736894 30.234094
-Trial 201 31376 46736894 30.251793
-Trial 202 31376 46736894 30.327540
-Trial 203 31376 46736894 30.391023
-Trial 204 31376 46736894 30.511286
-Trial 205 31376 46736894 30.633310
* 206: Cost = 31376_46530421, Time = 27.64 sec. 
-Trial 206 31376 46530421 30.684419
* 207: Cost = 31376_46334745, Time = 27.70 sec. 
-Trial 207 31376 46334745 30.751130
-Trial 208 31376 46334745 30.863647
-Trial 209 31376 46334745 30.916236
-Trial 210 31376 46334745 30.934509
-Trial 211 31376 46334745 31.151615
-Trial 212 31376 46334745 31.210535
-Trial 213 31376 46334745 31.226098
-Trial 214 31376 46334745 31.246699
-Trial 215 31376 46334745 31.263896
* 216: Cost = 31376_46331786, Time = 28.25 sec. 
-Trial 216 31376 46331786 31.296572
-Trial 217 31376 46331786 31.313340
-Trial 218 31376 46331786 31.347888
* 219: Cost = 31376_46287960, Time = 28.48 sec. 
-Trial 219 31376 46287960 31.530323
-Trial 220 31376 46287960 31.572388
-Trial 221 31376 46287960 31.776193
-Trial 222 31376 46287960 31.871374
-Trial 223 31376 46287960 31.944381
-Trial 224 31376 46287960 32.052205
-Trial 225 31376 46287960 32.137644
-Trial 226 31376 46287960 32.252209
* 227: Cost = 31376_46181883, Time = 29.27 sec. 
-Trial 227 31376 46181883 32.322198
-Trial 228 31376 46181883 32.335262
-Trial 229 31376 46181883 32.388480
-Trial 230 31376 46181883 32.418861
-Trial 231 31376 46181883 32.421710
* 232: Cost = 31376_45879673, Time = 29.46 sec. 
-Trial 232 31376 45879673 32.504295
-Trial 233 31376 45879673 32.505275
-Trial 234 31376 45879673 32.696383
-Trial 235 31376 45879673 32.765918
-Trial 236 31376 45879673 32.777632
-Trial 237 31376 45879673 32.796931
-Trial 238 31376 45879673 32.837795
-Trial 239 31376 45879673 32.887386
-Trial 240 31376 45879673 33.292820
* 241: Cost = 31376_45876971, Time = 30.37 sec. 
-Trial 241 31376 45876971 33.415507
-Trial 242 31376 45876971 33.485670
-Trial 243 31376 45876971 33.550253
-Trial 244 31376 45876971 33.960511
-Trial 245 31376 45876971 34.027462
-Trial 246 31376 45876971 34.069591
-Trial 247 31376 45876971 34.114517
-Trial 248 31376 45876971 34.118706
-Trial 249 31376 45876971 34.160186
* 250: Cost = 31376_45771808, Time = 31.25 sec. 
-Trial 250 31376 45771808 34.296226
-Trial 251 31376 45771808 34.365746
-Trial 252 31376 45771808 34.414799
-Trial 253 31376 45771808 34.451573
-Trial 254 31376 45771808 34.556222
-Trial 255 31376 45771808 34.616978
-Trial 256 31376 45771808 34.643253
* 257: Cost = 31376_45609962, Time = 31.71 sec. 
-Trial 257 31376 45609962 34.761274
* 258: Cost = 31376_45585082, Time = 31.81 sec. 
-Trial 258 31376 45585082 34.859377
-Trial 259 31376 45585082 34.873128
* 260: Cost = 31376_45571589, Time = 31.85 sec. 
-Trial 260 31376 45571589 34.898461
-Trial 261 31376 45571589 34.968018
-Trial 262 31376 45571589 35.034859
-Trial 263 31376 45571589 35.065466
-Trial 264 31376 45571589 35.332596
-Trial 265 31376 45571589 35.392372
-Trial 266 31376 45571589 35.424573
-Trial 267 31376 45571589 35.425814
-Trial 268 31376 45571589 35.458290
-Trial 269 31376 45571589 35.459956
-Trial 270 31376 45571589 35.545482
-Trial 271 31376 45571589 35.673976
-Trial 272 31376 45571589 35.721238
-Trial 273 31376 45571589 35.776949
-Trial 274 31376 45571589 35.822559
-Trial 275 31376 45571589 35.863591
-Trial 276 31376 45571589 35.896624
-Trial 277 31376 45571589 35.915428
-Trial 278 31376 45571589 35.974842
* 279: Cost = 31376_45549996, Time = 32.95 sec. 
-Trial 279 31376 45549996 36.001100
-Trial 280 31376 45549996 36.003830
-Trial 281 31376 45549996 36.150484
* 282: Cost = 31376_45537906, Time = 33.14 sec. 
-Trial 282 31376 45537906 36.191314
-Trial 283 31376 45537906 36.203772
-Trial 284 31376 45537906 36.212205
-Trial 285 31376 45537906 36.446831
-Trial 286 31376 45537906 36.531775
* 287: Cost = 31376_45536482, Time = 33.68 sec. 
-Trial 287 31376 45536482 36.733685
-Trial 288 31376 45536482 36.804288
-Trial 289 31376 45536482 36.836429
-Trial 290 31376 45536482 36.879274
-Trial 291 31376 45536482 36.922291
-Trial 292 31376 45536482 36.960634
-Trial 293 31376 45536482 37.003652
-Trial 294 31376 45536482 37.039218
-Trial 295 31376 45536482 37.194710
-Trial 296 31376 45536482 37.267015
-Trial 297 31376 45536482 37.343930
-Trial 298 31376 45536482 37.371045
-Trial 299 31376 45536482 37.550980
-Trial 300 31376 45536482 37.609357
-Trial 301 31376 45536482 37.675420
-Trial 302 31376 45536482 37.728728
-Trial 303 31376 45536482 37.758624
-Trial 304 31376 45536482 38.187963
-Trial 305 31376 45536482 38.229046
-Trial 306 31376 45536482 38.316033
* 307: Cost = 31376_45521146, Time = 35.31 sec. 
-Trial 307 31376 45521146 38.361436
-Trial 308 31376 45521146 38.391968
-Trial 309 31376 45521146 38.534966
* 310: Cost = 31376_45472455, Time = 35.56 sec. 
-Trial 310 31376 45472455 38.613671
-Trial 311 31376 45472455 38.628985
-Trial 312 31376 45472455 38.694481
-Trial 313 31376 45472455 38.742885
* 314: Cost = 31376_45462895, Time = 35.78 sec. 
-Trial 314 31376 45462895 38.826759
* 315: Cost = 31376_45360907, Time = 35.85 sec. 
-Trial 315 31376 45360907 38.897184
-Trial 316 31376 45360907 38.936819
-Trial 317 31376 45360907 39.089681
-Trial 318 31376 45360907 39.092484
-Trial 319 31376 45360907 39.136525
* 320: Cost = 31376_45348954, Time = 36.14 sec. 
-Trial 320 31376 45348954 39.184540
-Trial 321 31376 45348954 39.235612
-Trial 322 31376 45348954 39.298680
-Trial 323 31376 45348954 39.430701
-Trial 324 31376 45348954 39.503738
* 325: Cost = 31376_45260757, Time = 36.54 sec. 
-Trial 325 31376 45260757 39.587282
* 326: Cost = 31376_45109101, Time = 36.59 sec. 
-Trial 326 31376 45109101 39.640904
-Trial 327 31376 45109101 39.644429
-Trial 328 31376 45109101 39.657122
-Trial 329 31376 45109101 39.743749
-Trial 330 31376 45109101 39.773394
* 331: Cost = 31376_45017037, Time = 36.74 sec. 
-Trial 331 31376 45017037 39.791331
-Trial 332 31376 45017037 39.889681
-Trial 333 31376 45017037 39.981694
-Trial 334 31376 45017037 40.099041
-Trial 335 31376 45017037 40.119624
-Trial 336 31376 45017037 40.204729
* 337: Cost = 31376_44973055, Time = 37.25 sec. 
-Trial 337 31376 44973055 40.299031
-Trial 338 31376 44973055 40.357238
-Trial 339 31376 44973055 40.501129
-Trial 340 31376 44973055 40.531461
-Trial 341 31376 44973055 40.618189
-Trial 342 31376 44973055 40.695126
* 343: Cost = 31376_44914746, Time = 37.70 sec. 
-Trial 343 31376 44914746 40.751985
* 344: Cost = 31376_44887457, Time = 37.76 sec. 
-Trial 344 31376 44887457 40.811671
-Trial 345 31376 44887457 40.893410
-Trial 346 31376 44887457 40.928518
-Trial 347 31376 44887457 40.969721
* 348: Cost = 31376_44879951, Time = 38.05 sec. 
-Trial 348 31376 44879951 41.095998
-Trial 349 31376 44879951 41.177620
* 350: Cost = 31376_44736970, Time = 38.19 sec. 
-Trial 350 31376 44736970 41.236702
-Trial 351 31376 44736970 41.257592
-Trial 352 31376 44736970 41.263517
-Trial 353 31376 44736970 41.563892
-Trial 354 31376 44736970 41.651361
-Trial 355 31376 44736970 41.722838
-Trial 356 31376 44736970 41.954614
-Trial 357 31376 44736970 42.028177
-Trial 358 31376 44736970 42.038762
-Trial 359 31376 44736970 42.093709
-Trial 360 31376 44736970 42.190949
-Trial 361 31376 44736970 42.222810
-Trial 362 31376 44736970 42.239208
-Trial 363 31376 44736970 42.451906
-Trial 364 31376 44736970 42.500081
* 365: Cost = 31376_44705590, Time = 39.50 sec. 
-Trial 365 31376 44705590 42.548544
-Trial 366 31376 44705590 42.625830
-Trial 367 31376 44705590 42.667558
-Trial 368 31376 44705590 42.723898
-Trial 369 31376 44705590 42.775056
-Trial 370 31376 44705590 42.907738
-Trial 371 31376 44705590 43.011409
-Trial 372 31376 44705590 43.125458
-Trial 373 31376 44705590 43.172307
-Trial 374 31376 44705590 43.209172
-Trial 375 31376 44705590 43.235772
-Trial 376 31376 44705590 43.264699
-Trial 377 31376 44705590 43.373576
-Trial 378 31376 44705590 43.451605
-Trial 379 31376 44705590 43.471613
-Trial 380 31376 44705590 43.545948
-Trial 381 31376 44705590 43.591405
-Trial 382 31376 44705590 43.598392
-Trial 383 31376 44705590 43.617352
-Trial 384 31376 44705590 43.635414
-Trial 385 31376 44705590 43.697362
-Trial 386 31376 44705590 43.731817
-Trial 387 31376 44705590 43.981301
-Trial 388 31376 44705590 44.027128
-Trial 389 31376 44705590 44.146844
-Trial 390 31376 44705590 44.389969
-Trial 391 31376 44705590 44.395315
-Trial 392 31376 44705590 44.489801
* 393: Cost = 31376_44680151, Time = 41.52 sec. 
-Trial 393 31376 44680151 44.573713
-Trial 394 31376 44680151 44.647697
-Trial 395 31376 44680151 44.652365
* 396: Cost = 31376_44607596, Time = 41.64 sec. 
-Trial 396 31376 44607596 44.692535
-Trial 397 31376 44607596 44.740260
-Trial 398 31376 44607596 44.803579
* 399: Cost = 31376_44555950, Time = 41.85 sec. 
-Trial 399 31376 44555950 44.895431
-Trial 400 31376 44555950 44.919850
-Trial 401 31376 44555950 44.921924
-Trial 402 31376 44555950 45.211184
-Trial 403 31376 44555950 45.303011
-Trial 404 31376 44555950 45.375959
-Trial 405 31376 44555950 45.399075
-Trial 406 31376 44555950 45.500509
-Trial 407 31376 44555950 45.550981
-Trial 408 31376 44555950 45.602444
-Trial 409 31376 44555950 45.648370
-Trial 410 31376 44555950 45.762544
-Trial 411 31376 44555950 45.779728
* 412: Cost = 31376_44522086, Time = 42.78 sec. 
-Trial 412 31376 44522086 45.825184
-Trial 413 31376 44522086 45.870092
* 414: Cost = 31376_44395352, Time = 42.89 sec. 
-Trial 414 31376 44395352 45.934630
* 415: Cost = 0_45333134, Time = 43.04 sec. 
-Trial 415 0 45333134 46.092781
-Trial 416 0 45333134 46.136800
-Trial 417 0 45333134 46.138395
-Trial 418 0 45333134 46.141044
-Trial 419 0 45333134 46.161298
-Trial 420 0 45333134 46.272992
-Trial 421 0 45333134 46.302570
-Trial 422 0 45333134 46.340348
-Trial 423 0 45333134 46.346166
-Trial 424 0 45333134 46.374763
-Trial 425 0 45333134 46.430618
-Trial 426 0 45333134 46.501159
-Trial 427 0 45333134 46.561580
-Trial 428 0 45333134 46.566802
* 429: Cost = 0_45310484, Time = 43.53 sec. 
-Trial 429 0 45310484 46.574516
-Trial 430 0 45310484 46.583510
-Trial 431 0 45310484 46.593251
-Trial 432 0 45310484 46.610779
-Trial 433 0 45310484 46.647948
* 434: Cost = 0_45261910, Time = 43.65 sec. 
-Trial 434 0 45261910 46.695452
-Trial 435 0 45261910 46.713292
-Trial 436 0 45261910 46.937285
-Trial 437 0 45261910 46.944539
-Trial 438 0 45261910 47.105439
-Trial 439 0 45261910 47.137741
-Trial 440 0 45261910 47.145806
-Trial 441 0 45261910 47.166577
-Trial 442 0 45261910 47.172185
-Trial 443 0 45261910 47.192074
-Trial 444 0 45261910 47.196229
-Trial 445 0 45261910 47.215004
* 446: Cost = 0_45254137, Time = 44.18 sec. 
-Trial 446 0 45254137 47.226106
-Trial 447 0 45254137 47.232682
-Trial 448 0 45254137 47.236458
-Trial 449 0 45254137 47.267166
-Trial 450 0 45254137 47.296888
-Trial 451 0 45254137 47.306108
-Trial 452 0 45254137 47.329985
-Trial 453 0 45254137 47.399616
-Trial 454 0 45254137 47.437893
-Trial 455 0 45254137 47.476841
-Trial 456 0 45254137 47.510270
-Trial 457 0 45254137 47.591830
-Trial 458 0 45254137 47.594424
-Trial 459 0 45254137 47.656326
-Trial 460 0 45254137 47.674302
* 461: Cost = 0_45207582, Time = 44.67 sec. 
-Trial 461 0 45207582 47.718168
-Trial 462 0 45207582 47.823222
-Trial 463 0 45207582 47.865258
-Trial 464 0 45207582 47.909167
* 465: Cost = 0_45149033, Time = 44.87 sec. 
-Trial 465 0 45149033 47.914916
-Trial 466 0 45149033 47.919129
-Trial 467 0 45149033 47.923512
-Trial 468 0 45149033 47.924829
-Trial 469 0 45149033 47.980692
-Trial 470 0 45149033 47.990152
-Trial 471 0 45149033 48.037855
-Trial 472 0 45149033 48.054884
-Trial 473 0 45149033 48.151924
* 474: Cost = 0_45102802, Time = 45.13 sec. 
-Trial 474 0 45102802 48.177526
-Trial 475 0 45102802 48.194741
-Trial 476 0 45102802 48.387418
-Trial 477 0 45102802 48.409993
-Trial 478 0 45102802 48.411541
-Trial 479 0 45102802 48.418591
-Trial 480 0 45102802 48.421232
-Trial 481 0 45102802 48.509692
-Trial 482 0 45102802 48.524455
-Trial 483 0 45102802 48.547455
-Trial 484 0 45102802 48.561006
-Trial 485 0 45102802 48.564780
-Trial 486 0 45102802 48.607648
-Trial 487 0 45102802 48.621601
-Trial 488 0 45102802 48.632758
-Trial 489 0 45102802 48.680856
-Trial 490 0 45102802 48.689898
-Trial 491 0 45102802 48.716374
-Trial 492 0 45102802 48.745428
-Trial 493 0 45102802 48.751956
* 494: Cost = 0_45064872, Time = 45.75 sec. 
-Trial 494 0 45064872 48.794300
-Trial 495 0 45064872 48.837519
-Trial 496 0 45064872 48.856270
-Trial 497 0 45064872 48.902674
-Trial 498 0 45064872 48.969185
-Trial 499 0 45064872 48.994617
-Trial 500 0 45064872 49.003749
-Trial 501 0 45064872 49.016046
-Trial 502 0 45064872 49.139852
* 503: Cost = 0_45001497, Time = 46.09 sec. 
-Trial 503 0 45001497 49.141717
-Trial 504 0 45001497 49.146522
-Trial 505 0 45001497 49.153482
-Trial 506 0 45001497 49.181853
-Trial 507 0 45001497 49.213259
-Trial 508 0 45001497 49.249951
-Trial 509 0 45001497 49.289604
-Trial 510 0 45001497 49.305321
-Trial 511 0 45001497 49.312749
-Trial 512 0 45001497 49.387015
-Trial 513 0 45001497 49.398468
-Trial 514 0 45001497 49.418042
-Trial 515 0 45001497 49.426343
* 516: Cost = 0_44934318, Time = 46.42 sec. 
-Trial 516 0 44934318 49.468764
-Trial 517 0 44934318 49.473573
-Trial 518 0 44934318 49.495985
-Trial 519 0 44934318 49.506786
* 520: Cost = 0_44929618, Time = 47.03 sec. 
-Trial 520 0 44929618 50.081443
-Trial 521 0 44929618 50.118852
-Trial 522 0 44929618 50.152876
-Trial 523 0 44929618 50.185376
-Trial 524 0 44929618 50.247267
-Trial 525 0 44929618 50.273444
-Trial 526 0 44929618 50.314556
* 527: Cost = 0_44897340, Time = 47.28 sec. 
-Trial 527 0 44897340 50.327836
-Trial 528 0 44897340 50.339118
-Trial 529 0 44897340 50.378084
-Trial 530 0 44897340 50.404006
* 531: Cost = 0_44870105, Time = 47.39 sec. 
-Trial 531 0 44870105 50.443394
-Trial 532 0 44870105 50.472129
-Trial 533 0 44870105 50.532894
-Trial 534 0 44870105 50.534943
-Trial 535 0 44870105 50.564652
-Trial 536 0 44870105 50.582395
* 537: Cost = 0_44842758, Time = 47.54 sec. 
-Trial 537 0 44842758 50.588981
-Trial 538 0 44842758 50.591409
* 539: Cost = 0_44777690, Time = 47.55 sec. 
-Trial 539 0 44777690 50.596283
-Trial 540 0 44777690 50.655792
* 541: Cost = 0_44628828, Time = 47.76 sec. 
-Trial 541 0 44628828 50.810472
-Trial 542 0 44628828 50.846216
-Trial 543 0 44628828 50.891921
-Trial 544 0 44628828 50.928673
-Trial 545 0 44628828 50.934077
-Trial 546 0 44628828 51.090277
-Trial 547 0 44628828 51.104233
-Trial 548 0 44628828 51.170849
-Trial 549 0 44628828 51.181864
-Trial 550 0 44628828 51.413416
-Trial 551 0 44628828 51.668423
-Trial 552 0 44628828 51.701982
-Trial 553 0 44628828 51.730474
-Trial 554 0 44628828 51.786656
-Trial 555 0 44628828 51.797528
-Trial 556 0 44628828 51.822604
-Trial 557 0 44628828 51.827136
-Trial 558 0 44628828 51.843708
-Trial 559 0 44628828 51.858533
-Trial 560 0 44628828 51.889564
* 561: Cost = 0_44589862, Time = 48.88 sec. 
-Trial 561 0 44589862 51.924423
-Trial 562 0 44589862 52.052540
-Trial 563 0 44589862 52.411447
-Trial 564 0 44589862 52.511346
-Trial 565 0 44589862 52.516745
-Trial 566 0 44589862 52.590720
-Trial 567 0 44589862 52.733681
-Trial 568 0 44589862 52.871925
-Trial 569 0 44589862 52.901096
-Trial 570 0 44589862 52.929155
-Trial 571 0 44589862 52.932064
-Trial 572 0 44589862 52.937782
* 573: Cost = 0_44575669, Time = 49.91 sec. 
-Trial 573 0 44575669 52.959207
-Trial 574 0 44575669 53.001600
-Trial 575 0 44575669 53.065392
-Trial 576 0 44575669 53.070534
-Trial 577 0 44575669 53.081646
-Trial 578 0 44575669 53.145064
-Trial 579 0 44575669 53.167167
* 580: Cost = 0_44538626, Time = 50.16 sec. 
-Trial 580 0 44538626 53.210475
-Trial 581 0 44538626 53.217300
-Trial 582 0 44538626 53.313020
-Trial 583 0 44538626 53.372691
-Trial 584 0 44538626 53.518366
-Trial 585 0 44538626 53.522291
-Trial 586 0 44538626 53.536302
-Trial 587 0 44538626 53.573460
-Trial 588 0 44538626 53.600806
-Trial 589 0 44538626 53.625142
-Trial 590 0 44538626 53.788618
-Trial 591 0 44538626 53.799944
-Trial 592 0 44538626 53.844096
-Trial 593 0 44538626 53.886342
* 594: Cost = 0_44512636, Time = 50.85 sec. 
-Trial 594 0 44512636 53.894759
-Trial 595 0 44512636 53.895439
-Trial 596 0 44512636 53.912050
-Trial 597 0 44512636 53.927004
-Trial 598 0 44512636 53.943836
-Trial 599 0 44512636 53.958416
-Trial 600 0 44512636 53.968934
-Trial 601 0 44512636 54.016044
-Trial 602 0 44512636 54.123901
-Trial 603 0 44512636 54.149044
-Trial 604 0 44512636 54.160111
-Trial 605 0 44512636 54.200048
-Trial 606 0 44512636 54.225132
-Trial 607 0 44512636 54.244408
-Trial 608 0 44512636 54.244897
-Trial 609 0 44512636 54.407662
-Trial 610 0 44512636 54.451760
-Trial 611 0 44512636 54.571686
-Trial 612 0 44512636 54.580448
* 613: Cost = 0_44081874, Time = 51.59 sec. 
-Trial 613 0 44081874 54.634413
-Trial 614 0 44081874 54.675516
-Trial 615 0 44081874 54.683349
-Trial 616 0 44081874 54.693773
* 617: Cost = 0_44074105, Time = 51.68 sec. 
-Trial 617 0 44074105 54.726332
-Trial 618 0 44074105 54.753153
-Trial 619 0 44074105 54.761912
-Trial 620 0 44074105 54.798168
-Trial 621 0 44074105 54.865590
-Trial 622 0 44074105 55.118705
-Trial 623 0 44074105 55.150210
-Trial 624 0 44074105 55.151514
-Trial 625 0 44074105 55.152280
-Trial 626 0 44074105 55.159819
-Trial 627 0 44074105 55.198449
-Trial 628 0 44074105 55.213575
-Trial 629 0 44074105 55.226615
-Trial 630 0 44074105 55.305193
-Trial 631 0 44074105 55.335274
-Trial 632 0 44074105 55.350464
-Trial 633 0 44074105 55.353036
-Trial 634 0 44074105 55.396210
-Trial 635 0 44074105 55.408427
-Trial 636 0 44074105 55.452829
-Trial 637 0 44074105 55.590203
-Trial 638 0 44074105 55.601683
-Trial 639 0 44074105 55.634437
-Trial 640 0 44074105 55.642068
-Trial 641 0 44074105 55.691186
-Trial 642 0 44074105 55.696224
-Trial 643 0 44074105 55.732109
-Trial 644 0 44074105 55.736194
-Trial 645 0 44074105 55.763133
-Trial 646 0 44074105 55.770077
-Trial 647 0 44074105 55.782404
-Trial 648 0 44074105 55.784528
-Trial 649 0 44074105 55.808500
-Trial 650 0 44074105 55.845453
-Trial 651 0 44074105 55.885064
-Trial 652 0 44074105 55.894609
-Trial 653 0 44074105 55.916188
-Trial 654 0 44074105 55.918927
-Trial 655 0 44074105 55.937262
-Trial 656 0 44074105 56.058868
-Trial 657 0 44074105 56.078816
-Trial 658 0 44074105 56.092571
-Trial 659 0 44074105 56.095188
-Trial 660 0 44074105 56.096923
-Trial 661 0 44074105 56.103505
-Trial 662 0 44074105 56.114489
-Trial 663 0 44074105 56.177175
-Trial 664 0 44074105 56.384159
-Trial 665 0 44074105 56.402672
-Trial 666 0 44074105 56.545848
-Trial 667 0 44074105 56.617070
-Trial 668 0 44074105 56.660885
-Trial 669 0 44074105 56.682943
-Trial 670 0 44074105 56.686882
-Trial 671 0 44074105 56.707021
-Trial 672 0 44074105 56.942210
* 673: Cost = 0_44068438, Time = 54.02 sec. 
-Trial 673 0 44068438 57.073827
-Trial 674 0 44068438 57.078029
-Trial 675 0 44068438 57.081414
-Trial 676 0 44068438 57.123383
-Trial 677 0 44068438 57.234493
-Trial 678 0 44068438 57.251947
-Trial 679 0 44068438 57.331705
-Trial 680 0 44068438 57.345920
-Trial 681 0 44068438 57.397539
-Trial 682 0 44068438 57.451645
-Trial 683 0 44068438 57.529481
-Trial 684 0 44068438 57.552123
-Trial 685 0 44068438 57.618668
-Trial 686 0 44068438 57.768241
-Trial 687 0 44068438 57.818060
-Trial 688 0 44068438 57.876841
-Trial 689 0 44068438 57.882650
-Trial 690 0 44068438 57.896893
-Trial 691 0 44068438 57.907984
-Trial 692 0 44068438 58.207274
-Trial 693 0 44068438 58.403105
* 694: Cost = 0_43977113, Time = 55.38 sec. 
-Trial 694 0 43977113 58.428957
-Trial 695 0 43977113 58.440309
-Trial 696 0 43977113 58.469980
-Trial 697 0 43977113 58.487303
-Trial 698 0 43977113 58.492240
-Trial 699 0 43977113 58.689814
-Trial 700 0 43977113 58.727253
-Trial 701 0 43977113 58.781996
-Trial 702 0 43977113 58.791120
-Trial 703 0 43977113 58.797005
-Trial 704 0 43977113 58.804508
-Trial 705 0 43977113 58.992424
-Trial 706 0 43977113 59.013426
-Trial 707 0 43977113 59.022697
-Trial 708 0 43977113 59.081373
-Trial 709 0 43977113 59.100604
-Trial 710 0 43977113 59.257592
-Trial 711 0 43977113 59.264069
-Trial 712 0 43977113 59.356797
-Trial 713 0 43977113 59.357305
-Trial 714 0 43977113 59.696094
* 715: Cost = 0_43902357, Time = 56.66 sec. 
-Trial 715 0 43902357 59.706132
-Trial 716 0 43902357 59.712662
-Trial 717 0 43902357 59.733601
-Trial 718 0 43902357 59.773278
-Trial 719 0 43902357 59.840873
-Trial 720 0 43902357 59.867850
-Trial 721 0 43902357 59.883803
-Trial 722 0 43902357 59.910828
-Trial 723 0 43902357 59.915719
-Trial 724 0 43902357 59.944532
-Trial 725 0 43902357 60.033644
-Trial 726 0 43902357 60.053506
-Trial 727 0 43902357 60.109657
-Trial 728 0 43902357 60.115177
-Trial 729 0 43902357 60.124845
-Trial 730 0 43902357 60.131775
-Trial 731 0 43902357 60.134140
-Trial 732 0 43902357 60.158970
-Trial 733 0 43902357 60.164870
-Trial 734 0 43902357 60.249095
* 735: Cost = 0_43898869, Time = 57.21 sec. 
-Trial 735 0 43898869 60.254608
-Trial 736 0 43898869 60.282145
-Trial 737 0 43898869 60.302690
-Trial 738 0 43898869 60.324049
-Trial 739 0 43898869 60.390423
-Trial 740 0 43898869 60.426120
-Trial 741 0 43898869 60.427933
-Trial 742 0 43898869 60.435226
-Trial 743 0 43898869 60.451352
-Trial 744 0 43898869 60.461657
-Trial 745 0 43898869 60.511068
-Trial 746 0 43898869 60.750903
-Trial 747 0 43898869 60.809401
-Trial 748 0 43898869 60.813054
-Trial 749 0 43898869 60.831839
-Trial 750 0 43898869 60.925134
-Trial 751 0 43898869 60.953153
-Trial 752 0 43898869 60.956147
-Trial 753 0 43898869 60.975329
-Trial 754 0 43898869 60.990371
-Trial 755 0 43898869 61.012804
-Trial 756 0 43898869 61.091002
-Trial 757 0 43898869 61.091487
-Trial 758 0 43898869 61.217464
-Trial 759 0 43898869 61.230172
-Trial 760 0 43898869 61.236147
-Trial 761 0 43898869 61.282932
-Trial 762 0 43898869 61.285952
-Trial 763 0 43898869 61.377946
-Trial 764 0 43898869 61.400929
-Trial 765 0 43898869 61.431598
-Trial 766 0 43898869 61.439089
-Trial 767 0 43898869 61.444374
-Trial 768 0 43898869 61.450675
-Trial 769 0 43898869 61.525275
-Trial 770 0 43898869 61.527084
-Trial 771 0 43898869 61.529886
-Trial 772 0 43898869 61.625318
-Trial 773 0 43898869 61.635400
* 774: Cost = 0_43896764, Time = 58.59 sec. 
-Trial 774 0 43896764 61.637423
-Trial 775 0 43896764 61.640576
-Trial 776 0 43896764 61.664987
-Trial 777 0 43896764 61.745792
-Trial 778 0 43896764 61.776798
-Trial 779 0 43896764 61.785767
-Trial 780 0 43896764 61.841980
-Trial 781 0 43896764 61.844072
-Trial 782 0 43896764 62.137827
-Trial 783 0 43896764 62.209962
-Trial 784 0 43896764 62.222975
-Trial 785 0 43896764 62.236377
-Trial 786 0 43896764 62.264461
-Trial 787 0 43896764 62.300996
-Trial 788 0 43896764 62.312479
-Trial 789 0 43896764 62.316949
-Trial 790 0 43896764 62.336611
-Trial 791 0 43896764 62.841963
-Trial 792 0 43896764 62.921370
-Trial 793 0 43896764 62.956008
-Trial 794 0 43896764 62.956975
-Trial 795 0 43896764 62.962154
-Trial 796 0 43896764 62.967255
-Trial 797 0 43896764 62.979775
-Trial 798 0 43896764 63.004763
-Trial 799 0 43896764 63.012379
-Trial 800 0 43896764 63.048997
-Trial 801 0 43896764 63.071847
-Trial 802 0 43896764 63.150752
-Trial 803 0 43896764 63.159514
-Trial 804 0 43896764 63.195023
-Trial 805 0 43896764 63.207972
-Trial 806 0 43896764 63.232359
-Trial 807 0 43896764 63.238816
-Trial 808 0 43896764 63.252699
-Trial 809 0 43896764 63.256093
-Trial 810 0 43896764 63.266061
-Trial 811 0 43896764 63.321859
-Trial 812 0 43896764 63.335940
-Trial 813 0 43896764 63.379803
-Trial 814 0 43896764 63.396606
-Trial 815 0 43896764 63.416035
-Trial 816 0 43896764 63.446931
-Trial 817 0 43896764 63.527429
-Trial 818 0 43896764 63.556619
-Trial 819 0 43896764 63.577720
-Trial 820 0 43896764 63.600120
-Trial 821 0 43896764 63.641600
-Trial 822 0 43896764 63.679685
-Trial 823 0 43896764 63.688780
-Trial 824 0 43896764 63.733703
-Trial 825 0 43896764 63.734539
-Trial 826 0 43896764 63.763398
-Trial 827 0 43896764 63.834915
-Trial 828 0 43896764 63.840087
-Trial 829 0 43896764 63.845902
-Trial 830 0 43896764 63.857290
* 831: Cost = 0_43794767, Time = 61.08 sec. 
-Trial 831 0 43794767 64.133897
-Trial 832 0 43794767 64.178823
-Trial 833 0 43794767 64.198043
-Trial 834 0 43794767 64.202108
-Trial 835 0 43794767 64.260003
-Trial 836 0 43794767 64.275979
-Trial 837 0 43794767 64.280115
-Trial 838 0 43794767 64.407971
-Trial 839 0 43794767 64.440222
-Trial 840 0 43794767 64.445225
-Trial 841 0 43794767 64.512287
-Trial 842 0 43794767 64.516236
-Trial 843 0 43794767 64.545187
-Trial 844 0 43794767 64.558936
-Trial 845 0 43794767 64.574450
-Trial 846 0 43794767 64.583463
-Trial 847 0 43794767 64.592194
-Trial 848 0 43794767 64.630705
-Trial 849 0 43794767 64.634533
-Trial 850 0 43794767 64.714910
-Trial 851 0 43794767 64.718372
-Trial 852 0 43794767 64.798481
-Trial 853 0 43794767 64.801636
-Trial 854 0 43794767 64.813743
-Trial 855 0 43794767 64.864274
-Trial 856 0 43794767 64.892991
-Trial 857 0 43794767 64.899733
-Trial 858 0 43794767 64.912527
* 859: Cost = 0_43727613, Time = 61.88 sec. 
-Trial 859 0 43727613 64.925376
-Trial 860 0 43727613 64.946219
-Trial 861 0 43727613 64.953348
-Trial 862 0 43727613 64.959530
-Trial 863 0 43727613 64.964943
-Trial 864 0 43727613 64.981880
-Trial 865 0 43727613 65.004552
-Trial 866 0 43727613 65.011440
-Trial 867 0 43727613 65.048038
-Trial 868 0 43727613 65.071135
-Trial 869 0 43727613 65.079693
-Trial 870 0 43727613 65.094599
-Trial 871 0 43727613 65.115641
-Trial 872 0 43727613 65.127884
-Trial 873 0 43727613 65.170536
-Trial 874 0 43727613 65.193665
-Trial 875 0 43727613 65.200795
-Trial 876 0 43727613 65.218508
-Trial 877 0 43727613 65.230057
-Trial 878 0 43727613 65.255975
-Trial 879 0 43727613 65.259909
-Trial 880 0 43727613 65.269984
-Trial 881 0 43727613 65.306452
-Trial 882 0 43727613 65.325868
-Trial 883 0 43727613 65.326949
-Trial 884 0 43727613 65.329431
-Trial 885 0 43727613 65.332879
-Trial 886 0 43727613 65.343455
-Trial 887 0 43727613 65.357778
-Trial 888 0 43727613 65.360085
-Trial 889 0 43727613 65.384124
-Trial 890 0 43727613 65.423023
-Trial 891 0 43727613 65.445336
-Trial 892 0 43727613 65.511365
-Trial 893 0 43727613 65.538598
-Trial 894 0 43727613 65.549849
-Trial 895 0 43727613 65.570848
-Trial 896 0 43727613 65.580300
-Trial 897 0 43727613 65.603731
-Trial 898 0 43727613 65.616837
-Trial 899 0 43727613 65.617448
-Trial 900 0 43727613 65.629593
-Trial 901 0 43727613 65.631055
-Trial 902 0 43727613 65.643700
-Trial 903 0 43727613 65.772919
-Trial 904 0 43727613 65.785221
-Trial 905 0 43727613 65.926280
-Trial 906 0 43727613 65.937045
-Trial 907 0 43727613 65.949633
-Trial 908 0 43727613 65.971126
-Trial 909 0 43727613 66.014909
-Trial 910 0 43727613 66.039706
-Trial 911 0 43727613 66.059909
-Trial 912 0 43727613 66.108286
-Trial 913 0 43727613 66.132791
-Trial 914 0 43727613 66.143068
-Trial 915 0 43727613 66.240121
-Trial 916 0 43727613 66.257191
-Trial 917 0 43727613 66.277257
-Trial 918 0 43727613 66.306583
-Trial 919 0 43727613 66.314588
-Trial 920 0 43727613 66.346920
-Trial 921 0 43727613 66.379053
-Trial 922 0 43727613 66.408049
-Trial 923 0 43727613 66.601762
-Trial 924 0 43727613 66.614565
-Trial 925 0 43727613 66.880865
-Trial 926 0 43727613 66.940756
-Trial 927 0 43727613 66.944399
-Trial 928 0 43727613 66.986197
-Trial 929 0 43727613 66.994616
-Trial 930 0 43727613 67.042797
-Trial 931 0 43727613 67.052665
-Trial 932 0 43727613 67.116693
* 933: Cost = 0_43720694, Time = 64.08 sec. 
-Trial 933 0 43720694 67.124615
-Trial 934 0 43720694 67.165425
-Trial 935 0 43720694 67.185083
-Trial 936 0 43720694 67.200912
-Trial 937 0 43720694 67.227228
-Trial 938 0 43720694 67.255559
-Trial 939 0 43720694 67.285044
-Trial 940 0 43720694 67.305493
* 941: Cost = 0_43718589, Time = 64.26 sec. 
-Trial 941 0 43718589 67.309190
-Trial 942 0 43718589 67.355481
-Trial 943 0 43718589 67.403202
-Trial 944 0 43718589 67.480111
-Trial 945 0 43718589 67.519743
-Trial 946 0 43718589 67.542432
-Trial 947 0 43718589 67.552642
-Trial 948 0 43718589 67.583120
-Trial 949 0 43718589 67.597804
-Trial 950 0 43718589 67.605057
-Trial 951 0 43718589 67.620705
-Trial 952 0 43718589 67.647672
-Trial 953 0 43718589 67.670381
-Trial 954 0 43718589 67.685430
-Trial 955 0 43718589 67.747638
-Trial 956 0 43718589 67.765181
-Trial 957 0 43718589 67.779649
-Trial 958 0 43718589 67.789527
-Trial 959 0 43718589 67.819095
-Trial 960 0 43718589 67.832452
-Trial 961 0 43718589 67.838622
-Trial 962 0 43718589 67.846587
-Trial 963 0 43718589 67.956051
-Trial 964 0 43718589 67.989607
-Trial 965 0 43718589 67.992501
-Trial 966 0 43718589 67.996124
-Trial 967 0 43718589 68.008002
-Trial 968 0 43718589 68.016649
-Trial 969 0 43718589 68.120472
-Trial 970 0 43718589 68.151307
-Trial 971 0 43718589 68.194645
* 972: Cost = 0_43660961, Time = 65.26 sec. 
-Trial 972 0 43660961 68.307299
-Trial 973 0 43660961 68.342504
-Trial 974 0 43660961 68.541717
-Trial 975 0 43660961 68.542976
-Trial 976 0 43660961 68.610777
-Trial 977 0 43660961 68.623245
-Trial 978 0 43660961 68.747704
-Trial 979 0 43660961 68.764717
-Trial 980 0 43660961 68.793502
-Trial 981 0 43660961 68.822700
* 982: Cost = 0_43636897, Time = 65.78 sec. 
-Trial 982 0 43636897 68.831892
-Trial 983 0 43636897 68.988012
-Trial 984 0 43636897 69.002038
-Trial 985 0 43636897 69.012844
-Trial 986 0 43636897 69.034757
-Trial 987 0 43636897 69.051631
-Trial 988 0 43636897 69.187174
-Trial 989 0 43636897 69.222799
-Trial 990 0 43636897 69.237571
-Trial 991 0 43636897 69.260620
-Trial 992 0 43636897 69.295665
-Trial 993 0 43636897 69.299602
-Trial 994 0 43636897 69.303608
-Trial 995 0 43636897 69.350812
-Trial 996 0 43636897 69.452294
-Trial 997 0 43636897 69.536159
-Trial 998 0 43636897 69.650597
-Trial 999 0 43636897 69.653770
-Trial 1000 0 43636897 69.673657
Population:
  1: 0_43636897
Run 1: Cost = 0_43636897, Time = 66.63 sec. 

Successes/Runs = 0/1 
Cost.min = 43636897, Cost.avg = 43636897.00, Cost.max = 43636897
Gap.min = 0.0000%, Gap.avg = 0.0000%, Gap.max = 0.0000%
Penalty.min = 0, Penalty.avg = 0.00, Penalty.max = 0
Trials.min = 1000, Trials.avg = 1000.0, Trials.max = 1000
Time.min = 66.63 sec., Time.avg = 66.63 sec., Time.max = 66.63 sec.
Time.total = 69.67 sec.
  Size.min = 12, Size.max = 38, Penalty = 0
  Cost.min = 669231, Cost.max = 3851855, Cost.sum = 43636897
Best CVRPTW solution:
  Cost = 0_43636897
375 1 307 468 66 73 278 3 393 488 262 243 246 112 381 143 372 496 419 164 240 121 23 324 326 186 156 510 190 65 77 227 159 70 235 237 447 249 409 463 320 184 232 412 470 228 275 114 2 238 422 214 242 348 273 363 192 25 469 19 48 503 299 472 198 106 323 369 254 117 210 424 80 395 420 467 53 234 357 251 108 58 9 222 427 259 502 86 56 61 75 373 31 122 384 501 96 102 461 291 380 437 346 60 241 515 161 330 203 189 196 389 284 490 180 331 351 166 371 358 442 482 69 356 451 440 290 339 520 248 12 170 57 292 153 489 216 11 398 379 123 519 72 99 399 439 236 390 477 62 13 441 110 91 52 22 391 281 354 229 298 486 5 353 509 475 328 30 175 173 81 295 258 223 247 125 151 76 132 310 104 481 204 167 302 168 464 413 504 225 479 279 152 160 42 50 71 499 209 392 455 140 438 100 257 492 301 263 403 315 218 40 368 333 272 511 288 21 219 78 92 417 400 404 4 181 202 405 137 59 205 306 221 491 304 28 200 43 116 443 231 459 293 505 133 158 308 342 148 177 311 449 370 474 201 264 322 296 107 344 208 360 178 274 294 191 206 120 276 334 450 183 325 445 289 250 321 136 508 126 36 128 144 8 182 74 217 84 197 98 385 332 287 38 68 466 215 376 45 327 406 518 157 446 270 337 407 15 55 129 444 39 79 261 421 220 367 394 283 16 285 435 516 485 418 312 462 131 426 280 37 224 416 431 252 365 456 436 174 111 188 85 17 341 494 165 335 473 260 90 457 487 383 146 388 514 47 402 458 87 500 297 245 362 314 141 271 318 355 423 268 480 434 94 366 118 506 286 212 41 169 233 105 51 142 95 350 83 493 6 408 484 176 478 26 498 256 465 428 211 24 429 35 213 244 230 313 29 162 88 507 64 300 374 185 138 319 149 452 163 497 195 101 340 150 336 359 33 361 20 269 266 97 386 103 145 154 411 282 401 517 44 187 155 239 396 382 471 495 171 309 410 10 207 18 432 193 265 139 109 199 303 113 317 415 377 460 378 115 397 448 124 453 49 89 255 425 27 277 512 147 172 483 32 316 387 352 476 433 134 454 343 345 63 349 347 14 7 34 430 414 226 267 54 329 513 194 127 135 130 46 179 364 93 67 253 82 338 305 119 375 
