PARAMETER_FILE = result/cvrptw_500/LKH_para/38.para
Reading PROBLEM_FILE: "result/cvrptw_500/cvrptw/38.cvrptw" ... done
ASCENT_CANDIDATES = 50
BACKBONE_TRIALS = 0
BACKTRACKING = NO
# BWTSP =
# CANDIDATE_FILE =
CANDIDATE_SET_TYPE = ALPHA
DEPOT = 1
# EDGE_FILE =
EXCESS = 0.0384615
EXTERNAL_SALESMEN = 0
EXTRA_CANDIDATES = 0 
EXTRA_CANDIDATE_SET_TYPE = QUADRANT
GAIN23 = NO
GAIN_CRITERION = YES
INITIAL_PERIOD = 520
INITIAL_STEP_SIZE = 1
INITIAL_TOUR_ALGORITHM = WALK
# INITIAL_TOUR_FILE = 
INITIAL_TOUR_FRACTION = 1.000
# INPUT_TOUR_FILE = 
KICK_TYPE = 4
KICKS = 1
# MAX_BREADTH =
MAKESPAN = NO
MAX_CANDIDATES = 5 
MAX_SWAPS = 0
MAX_TRIALS = 1000
# MERGE_TOUR_FILE =
MOVE_TYPE = 5 SPECIAL
MTSP_MIN_SIZE = 1
MTSP_MAX_SIZE = 1039
# MTSP_SOLUTION_FILE = 
# NONSEQUENTIAL_MOVE_TYPE = 5
# OPTIMUM =
# OUTPUT_TOUR_FILE = 
PATCHING_A = 1 
PATCHING_C = 0 
# PI_FILE = 
POPMUSIC_INITIAL_TOUR = NO
POPMUSIC_MAX_NEIGHBORS = 5
POPMUSIC_SAMPLE_SIZE = 10
POPMUSIC_SOLUTIONS = 50
POPMUSIC_TRIALS = 1
POPULATION_SIZE = 10
PRECISION = 100
PROBLEM_FILE = result/cvrptw_500/cvrptw/38.cvrptw
RECOMBINATION = IPT
RESTRICTED_SEARCH = YES
RUNS = 1
SALESMEN = 20
SCALE = 1
SEED = 1234
# SINTEF_SOLUTION_FILE = 
STOP_AT_OPTIMUM = YES
SUBGRADIENT = YES
# SUBPROBLEM_SIZE =
# SUBPROBLEM_TOUR_FILE = 
SUBSEQUENT_MOVE_TYPE = 5 SPECIAL
SUBSEQUENT_PATCHING = YES
# TIME_LIMIT =
# TOUR_FILE = 
TRACE_LEVEL = 1
VEHICLES = 20

Lower bound = 30043184.2, Ascent time = 6.85 sec.
Cand.min = 5, Cand.avg = 5.0, Cand.max = 5
Edges.fixed = 520 [Cost = 0]
Preprocessing time = 6.93 sec.
* 1: Cost = 405386_61756183, Time = 4.60 sec. 
-Trial 1 405386 61756183 11.534853
* 2: Cost = 405386_59973058, Time = 5.36 sec. 
-Trial 2 405386 59973058 12.294859
* 3: Cost = 201392_59017683, Time = 5.84 sec. 
-Trial 3 201392 59017683 12.781598
* 4: Cost = 0_59209735, Time = 5.94 sec. 
-Trial 4 0 59209735 12.880821
* 5: Cost = 0_59020138, Time = 5.97 sec. 
-Trial 5 0 59020138 12.913074
* 6: Cost = 0_59012880, Time = 5.98 sec. 
-Trial 6 0 59012880 12.914832
* 7: Cost = 0_58757920, Time = 5.99 sec. 
-Trial 7 0 58757920 12.928793
-Trial 8 0 58757920 12.974848
* 9: Cost = 0_58518174, Time = 6.07 sec. 
-Trial 9 0 58518174 13.013227
* 10: Cost = 0_58458559, Time = 6.09 sec. 
-Trial 10 0 58458559 13.029471
* 11: Cost = 0_58332975, Time = 6.11 sec. 
-Trial 11 0 58332975 13.045037
-Trial 12 0 58332975 13.086327
* 13: Cost = 0_58325924, Time = 6.16 sec. 
-Trial 13 0 58325924 13.099005
-Trial 14 0 58325924 13.177549
-Trial 15 0 58325924 13.275119
-Trial 16 0 58325924 13.282867
-Trial 17 0 58325924 13.352650
* 18: Cost = 0_57947140, Time = 6.52 sec. 
-Trial 18 0 57947140 13.456431
-Trial 19 0 57947140 13.703262
* 20: Cost = 0_57148984, Time = 6.84 sec. 
-Trial 20 0 57148984 13.782355
* 21: Cost = 0_57047681, Time = 6.88 sec. 
-Trial 21 0 57047681 13.818130
-Trial 22 0 57047681 13.828207
-Trial 23 0 57047681 13.841196
-Trial 24 0 57047681 13.858542
* 25: Cost = 0_56725957, Time = 6.95 sec. 
-Trial 25 0 56725957 13.889866
* 26: Cost = 0_56627938, Time = 6.98 sec. 
-Trial 26 0 56627938 13.914973
-Trial 27 0 56627938 13.918895
* 28: Cost = 0_56581473, Time = 6.99 sec. 
-Trial 28 0 56581473 13.930654
-Trial 29 0 56581473 13.972492
-Trial 30 0 56581473 13.973034
-Trial 31 0 56581473 13.977132
-Trial 32 0 56581473 14.148084
-Trial 33 0 56581473 14.153701
-Trial 34 0 56581473 14.357257
-Trial 35 0 56581473 14.383560
-Trial 36 0 56581473 14.487971
* 37: Cost = 0_56526983, Time = 7.57 sec. 
-Trial 37 0 56526983 14.511577
* 38: Cost = 0_56480680, Time = 7.63 sec. 
-Trial 38 0 56480680 14.573081
-Trial 39 0 56480680 14.579502
* 40: Cost = 0_56295026, Time = 7.83 sec. 
-Trial 40 0 56295026 14.773894
-Trial 41 0 56295026 14.786253
* 42: Cost = 0_56053804, Time = 7.85 sec. 
-Trial 42 0 56053804 14.792159
* 43: Cost = 0_55615809, Time = 7.89 sec. 
-Trial 43 0 55615809 14.832008
* 44: Cost = 0_55530163, Time = 7.94 sec. 
-Trial 44 0 55530163 14.883727
* 45: Cost = 0_55526373, Time = 7.96 sec. 
-Trial 45 0 55526373 14.898313
* 46: Cost = 0_55222956, Time = 7.97 sec. 
-Trial 46 0 55222956 14.911484
* 47: Cost = 0_55216436, Time = 7.98 sec. 
-Trial 47 0 55216436 14.921291
-Trial 48 0 55216436 14.963897
-Trial 49 0 55216436 14.993858
-Trial 50 0 55216436 15.071027
* 51: Cost = 0_55172611, Time = 8.19 sec. 
-Trial 51 0 55172611 15.128112
-Trial 52 0 55172611 15.140859
-Trial 53 0 55172611 15.157757
* 54: Cost = 0_55091963, Time = 8.26 sec. 
-Trial 54 0 55091963 15.202064
* 55: Cost = 0_54762375, Time = 8.29 sec. 
-Trial 55 0 54762375 15.227749
-Trial 56 0 54762375 15.260112
* 57: Cost = 0_54706473, Time = 8.33 sec. 
-Trial 57 0 54706473 15.273483
-Trial 58 0 54706473 15.279153
* 59: Cost = 0_54448595, Time = 8.38 sec. 
-Trial 59 0 54448595 15.314908
-Trial 60 0 54448595 15.326843
* 61: Cost = 0_54155356, Time = 8.42 sec. 
-Trial 61 0 54155356 15.356237
-Trial 62 0 54155356 15.359318
-Trial 63 0 54155356 15.375699
-Trial 64 0 54155356 15.383939
-Trial 65 0 54155356 15.415326
* 66: Cost = 0_54074746, Time = 8.53 sec. 
-Trial 66 0 54074746 15.467368
* 67: Cost = 0_53625387, Time = 8.59 sec. 
-Trial 67 0 53625387 15.527051
-Trial 68 0 53625387 15.574838
* 69: Cost = 0_53429701, Time = 8.67 sec. 
-Trial 69 0 53429701 15.607013
-Trial 70 0 53429701 15.613021
* 71: Cost = 0_53277050, Time = 8.69 sec. 
-Trial 71 0 53277050 15.633740
* 72: Cost = 0_53263571, Time = 8.87 sec. 
-Trial 72 0 53263571 15.814647
-Trial 73 0 53263571 15.964791
-Trial 74 0 53263571 15.974186
* 75: Cost = 0_52881288, Time = 9.06 sec. 
-Trial 75 0 52881288 15.997799
* 76: Cost = 0_52831956, Time = 9.09 sec. 
-Trial 76 0 52831956 16.030241
* 77: Cost = 0_52720179, Time = 9.14 sec. 
-Trial 77 0 52720179 16.074874
-Trial 78 0 52720179 16.148578
* 79: Cost = 0_52719873, Time = 9.23 sec. 
-Trial 79 0 52719873 16.168731
* 80: Cost = 0_52718293, Time = 9.31 sec. 
-Trial 80 0 52718293 16.248903
-Trial 81 0 52718293 16.261626
-Trial 82 0 52718293 16.289316
-Trial 83 0 52718293 16.292901
* 84: Cost = 0_52497451, Time = 9.37 sec. 
-Trial 84 0 52497451 16.307674
* 85: Cost = 0_52421556, Time = 9.43 sec. 
-Trial 85 0 52421556 16.370403
* 86: Cost = 0_52042504, Time = 9.52 sec. 
-Trial 86 0 52042504 16.459998
-Trial 87 0 52042504 16.473989
-Trial 88 0 52042504 16.482267
-Trial 89 0 52042504 16.489820
-Trial 90 0 52042504 16.516953
-Trial 91 0 52042504 16.562953
* 92: Cost = 0_52035860, Time = 9.66 sec. 
-Trial 92 0 52035860 16.601272
-Trial 93 0 52035860 16.647940
-Trial 94 0 52035860 16.649873
-Trial 95 0 52035860 16.651317
-Trial 96 0 52035860 16.670178
-Trial 97 0 52035860 16.693265
-Trial 98 0 52035860 16.793972
-Trial 99 0 52035860 17.134832
-Trial 100 0 52035860 17.165617
-Trial 101 0 52035860 17.166080
* 102: Cost = 0_51977721, Time = 10.25 sec. 
-Trial 102 0 51977721 17.190997
-Trial 103 0 51977721 17.196934
-Trial 104 0 51977721 17.203660
* 105: Cost = 0_51975607, Time = 10.28 sec. 
-Trial 105 0 51975607 17.217373
-Trial 106 0 51975607 17.251488
-Trial 107 0 51975607 17.274645
-Trial 108 0 51975607 17.281138
* 109: Cost = 0_51785054, Time = 10.36 sec. 
-Trial 109 0 51785054 17.297513
-Trial 110 0 51785054 17.353749
-Trial 111 0 51785054 17.472484
-Trial 112 0 51785054 17.486257
-Trial 113 0 51785054 17.500275
-Trial 114 0 51785054 17.526049
-Trial 115 0 51785054 17.532330
-Trial 116 0 51785054 17.607843
-Trial 117 0 51785054 17.611645
-Trial 118 0 51785054 17.629527
-Trial 119 0 51785054 18.038100
-Trial 120 0 51785054 18.042039
* 121: Cost = 0_51641324, Time = 11.15 sec. 
-Trial 121 0 51641324 18.087390
-Trial 122 0 51641324 18.110396
-Trial 123 0 51641324 18.146663
-Trial 124 0 51641324 18.154943
-Trial 125 0 51641324 18.222454
-Trial 126 0 51641324 18.265314
-Trial 127 0 51641324 18.278616
-Trial 128 0 51641324 18.297481
-Trial 129 0 51641324 18.358215
-Trial 130 0 51641324 18.365843
-Trial 131 0 51641324 18.420091
-Trial 132 0 51641324 18.427005
-Trial 133 0 51641324 18.461819
-Trial 134 0 51641324 18.472767
-Trial 135 0 51641324 18.481014
-Trial 136 0 51641324 18.541727
* 137: Cost = 0_51584510, Time = 11.64 sec. 
-Trial 137 0 51584510 18.575480
-Trial 138 0 51584510 18.628675
* 139: Cost = 0_51545048, Time = 11.70 sec. 
-Trial 139 0 51545048 18.637782
* 140: Cost = 0_51525674, Time = 11.71 sec. 
-Trial 140 0 51525674 18.647578
-Trial 141 0 51525674 18.650879
-Trial 142 0 51525674 18.663363
* 143: Cost = 0_51499808, Time = 11.74 sec. 
-Trial 143 0 51499808 18.684014
* 144: Cost = 0_51378831, Time = 11.78 sec. 
-Trial 144 0 51378831 18.722965
-Trial 145 0 51378831 18.739005
-Trial 146 0 51378831 18.743193
-Trial 147 0 51378831 18.745267
-Trial 148 0 51378831 18.776380
* 149: Cost = 0_51257462, Time = 11.85 sec. 
-Trial 149 0 51257462 18.789185
-Trial 150 0 51257462 18.811008
-Trial 151 0 51257462 18.840145
-Trial 152 0 51257462 18.901890
-Trial 153 0 51257462 18.908188
-Trial 154 0 51257462 18.979973
-Trial 155 0 51257462 19.004359
-Trial 156 0 51257462 19.057500
-Trial 157 0 51257462 19.071862
-Trial 158 0 51257462 19.111443
-Trial 159 0 51257462 19.111942
-Trial 160 0 51257462 19.139676
-Trial 161 0 51257462 19.156056
-Trial 162 0 51257462 19.167892
* 163: Cost = 0_50995962, Time = 12.26 sec. 
-Trial 163 0 50995962 19.201673
-Trial 164 0 50995962 19.207668
-Trial 165 0 50995962 19.261894
-Trial 166 0 50995962 19.313294
-Trial 167 0 50995962 19.319263
-Trial 168 0 50995962 19.339031
-Trial 169 0 50995962 19.351370
-Trial 170 0 50995962 19.364308
-Trial 171 0 50995962 19.447286
-Trial 172 0 50995962 19.463273
-Trial 173 0 50995962 19.522316
-Trial 174 0 50995962 19.557119
-Trial 175 0 50995962 19.562224
-Trial 176 0 50995962 19.597887
-Trial 177 0 50995962 19.598489
-Trial 178 0 50995962 19.618783
-Trial 179 0 50995962 19.631757
-Trial 180 0 50995962 19.654930
-Trial 181 0 50995962 19.874479
-Trial 182 0 50995962 19.888780
-Trial 183 0 50995962 19.914866
-Trial 184 0 50995962 19.953783
-Trial 185 0 50995962 19.961913
-Trial 186 0 50995962 19.968282
-Trial 187 0 50995962 19.999448
-Trial 188 0 50995962 20.002619
-Trial 189 0 50995962 20.006006
-Trial 190 0 50995962 20.014428
-Trial 191 0 50995962 20.042207
* 192: Cost = 0_50927203, Time = 13.12 sec. 
-Trial 192 0 50927203 20.062367
-Trial 193 0 50927203 20.067773
-Trial 194 0 50927203 20.093601
-Trial 195 0 50927203 20.134787
-Trial 196 0 50927203 20.193561
-Trial 197 0 50927203 20.215341
-Trial 198 0 50927203 20.222428
-Trial 199 0 50927203 20.283721
-Trial 200 0 50927203 20.288032
-Trial 201 0 50927203 20.356910
-Trial 202 0 50927203 20.363535
* 203: Cost = 0_50907591, Time = 13.47 sec. 
-Trial 203 0 50907591 20.410503
-Trial 204 0 50907591 20.421530
-Trial 205 0 50907591 20.437179
-Trial 206 0 50907591 20.459661
-Trial 207 0 50907591 20.479778
-Trial 208 0 50907591 20.491837
-Trial 209 0 50907591 20.511112
-Trial 210 0 50907591 20.541685
-Trial 211 0 50907591 20.559263
-Trial 212 0 50907591 20.593657
-Trial 213 0 50907591 20.626017
-Trial 214 0 50907591 20.654637
-Trial 215 0 50907591 20.668798
-Trial 216 0 50907591 20.687506
-Trial 217 0 50907591 21.198065
-Trial 218 0 50907591 21.205068
-Trial 219 0 50907591 21.217347
-Trial 220 0 50907591 21.323062
-Trial 221 0 50907591 21.521345
-Trial 222 0 50907591 21.558449
-Trial 223 0 50907591 21.566848
-Trial 224 0 50907591 21.575970
-Trial 225 0 50907591 21.578974
-Trial 226 0 50907591 21.618914
-Trial 227 0 50907591 21.718853
-Trial 228 0 50907591 21.722518
-Trial 229 0 50907591 21.733980
-Trial 230 0 50907591 21.743490
-Trial 231 0 50907591 21.761706
-Trial 232 0 50907591 21.774810
-Trial 233 0 50907591 21.786412
-Trial 234 0 50907591 21.805885
-Trial 235 0 50907591 22.114350
* 236: Cost = 0_50641038, Time = 15.24 sec. 
-Trial 236 0 50641038 22.175027
-Trial 237 0 50641038 22.178177
-Trial 238 0 50641038 22.213966
-Trial 239 0 50641038 22.235955
-Trial 240 0 50641038 22.249907
-Trial 241 0 50641038 22.281944
-Trial 242 0 50641038 22.521296
-Trial 243 0 50641038 22.529276
-Trial 244 0 50641038 22.537333
-Trial 245 0 50641038 22.561417
-Trial 246 0 50641038 22.587534
* 247: Cost = 0_50562190, Time = 15.67 sec. 
-Trial 247 0 50562190 22.612413
-Trial 248 0 50562190 22.652094
-Trial 249 0 50562190 22.760276
-Trial 250 0 50562190 22.768108
-Trial 251 0 50562190 22.774445
* 252: Cost = 0_50561690, Time = 15.86 sec. 
-Trial 252 0 50561690 22.796602
-Trial 253 0 50561690 22.806574
-Trial 254 0 50561690 22.863300
-Trial 255 0 50561690 22.907344
-Trial 256 0 50561690 22.917869
-Trial 257 0 50561690 22.925503
-Trial 258 0 50561690 22.929077
-Trial 259 0 50561690 22.952556
* 260: Cost = 0_50523988, Time = 16.07 sec. 
-Trial 260 0 50523988 23.008996
-Trial 261 0 50523988 23.023645
* 262: Cost = 0_50368032, Time = 16.11 sec. 
-Trial 262 0 50368032 23.047241
-Trial 263 0 50368032 23.067042
-Trial 264 0 50368032 23.067489
-Trial 265 0 50368032 23.106410
-Trial 266 0 50368032 23.139025
-Trial 267 0 50368032 23.161043
-Trial 268 0 50368032 23.168449
-Trial 269 0 50368032 23.187288
* 270: Cost = 0_50360698, Time = 16.34 sec. 
-Trial 270 0 50360698 23.275057
-Trial 271 0 50360698 23.392444
* 272: Cost = 0_50045145, Time = 16.48 sec. 
-Trial 272 0 50045145 23.416294
-Trial 273 0 50045145 23.455121
-Trial 274 0 50045145 23.465292
-Trial 275 0 50045145 23.497898
-Trial 276 0 50045145 23.528158
-Trial 277 0 50045145 23.554311
-Trial 278 0 50045145 23.555043
-Trial 279 0 50045145 23.562891
* 280: Cost = 0_50045133, Time = 16.75 sec. 
-Trial 280 0 50045133 23.692193
-Trial 281 0 50045133 23.873641
-Trial 282 0 50045133 23.884649
-Trial 283 0 50045133 23.906892
-Trial 284 0 50045133 23.926337
-Trial 285 0 50045133 23.985193
-Trial 286 0 50045133 24.020828
-Trial 287 0 50045133 24.046077
* 288: Cost = 0_49872196, Time = 17.11 sec. 
-Trial 288 0 49872196 24.050730
-Trial 289 0 49872196 24.080422
-Trial 290 0 49872196 24.102099
-Trial 291 0 49872196 24.103423
-Trial 292 0 49872196 24.129390
-Trial 293 0 49872196 24.140576
-Trial 294 0 49872196 24.179459
-Trial 295 0 49872196 24.196004
* 296: Cost = 0_49828544, Time = 17.26 sec. 
-Trial 296 0 49828544 24.203074
-Trial 297 0 49828544 24.229774
-Trial 298 0 49828544 24.268340
-Trial 299 0 49828544 24.328023
-Trial 300 0 49828544 24.337515
* 301: Cost = 0_49683670, Time = 17.46 sec. 
-Trial 301 0 49683670 24.403550
-Trial 302 0 49683670 24.474551
-Trial 303 0 49683670 24.498293
-Trial 304 0 49683670 24.693856
* 305: Cost = 0_49676016, Time = 17.77 sec. 
-Trial 305 0 49676016 24.714686
-Trial 306 0 49676016 24.741552
-Trial 307 0 49676016 24.767676
-Trial 308 0 49676016 24.770699
-Trial 309 0 49676016 24.779036
-Trial 310 0 49676016 24.788192
-Trial 311 0 49676016 24.798770
-Trial 312 0 49676016 24.811514
* 313: Cost = 0_49643749, Time = 17.93 sec. 
-Trial 313 0 49643749 24.867320
-Trial 314 0 49643749 25.571066
-Trial 315 0 49643749 25.590367
-Trial 316 0 49643749 25.631440
* 317: Cost = 0_49574772, Time = 18.72 sec. 
-Trial 317 0 49574772 25.659736
-Trial 318 0 49574772 25.761987
-Trial 319 0 49574772 25.766114
* 320: Cost = 0_49540130, Time = 18.85 sec. 
-Trial 320 0 49540130 25.793159
-Trial 321 0 49540130 25.818238
-Trial 322 0 49540130 25.934415
-Trial 323 0 49540130 26.001569
* 324: Cost = 0_49524370, Time = 19.08 sec. 
-Trial 324 0 49524370 26.022107
-Trial 325 0 49524370 26.068453
-Trial 326 0 49524370 26.159633
-Trial 327 0 49524370 26.172985
-Trial 328 0 49524370 26.203798
-Trial 329 0 49524370 26.215466
-Trial 330 0 49524370 26.228511
-Trial 331 0 49524370 26.295314
-Trial 332 0 49524370 26.305273
-Trial 333 0 49524370 26.332077
-Trial 334 0 49524370 26.350033
* 335: Cost = 0_49497178, Time = 19.42 sec. 
-Trial 335 0 49497178 26.363080
-Trial 336 0 49497178 26.470551
-Trial 337 0 49497178 26.475438
-Trial 338 0 49497178 26.505860
-Trial 339 0 49497178 26.515522
-Trial 340 0 49497178 26.540095
-Trial 341 0 49497178 26.650081
-Trial 342 0 49497178 26.652153
-Trial 343 0 49497178 26.670822
-Trial 344 0 49497178 26.687249
-Trial 345 0 49497178 26.850713
-Trial 346 0 49497178 26.938541
-Trial 347 0 49497178 27.012978
-Trial 348 0 49497178 27.075903
-Trial 349 0 49497178 27.085446
-Trial 350 0 49497178 27.093633
* 351: Cost = 0_49390759, Time = 20.18 sec. 
-Trial 351 0 49390759 27.118664
-Trial 352 0 49390759 27.159502
-Trial 353 0 49390759 27.226457
-Trial 354 0 49390759 27.433458
-Trial 355 0 49390759 27.440192
-Trial 356 0 49390759 27.489485
-Trial 357 0 49390759 27.504841
-Trial 358 0 49390759 27.533393
-Trial 359 0 49390759 27.553380
-Trial 360 0 49390759 27.561892
-Trial 361 0 49390759 27.592243
-Trial 362 0 49390759 27.637149
-Trial 363 0 49390759 27.678707
-Trial 364 0 49390759 27.696769
-Trial 365 0 49390759 27.727399
-Trial 366 0 49390759 27.756097
-Trial 367 0 49390759 27.818673
-Trial 368 0 49390759 27.927654
-Trial 369 0 49390759 27.945789
-Trial 370 0 49390759 27.949574
-Trial 371 0 49390759 27.988713
-Trial 372 0 49390759 28.032404
-Trial 373 0 49390759 28.033064
* 374: Cost = 0_49343725, Time = 21.16 sec. 
-Trial 374 0 49343725 28.103361
-Trial 375 0 49343725 28.155864
* 376: Cost = 0_49326095, Time = 21.32 sec. 
-Trial 376 0 49326095 28.258222
-Trial 377 0 49326095 28.302217
-Trial 378 0 49326095 28.326176
-Trial 379 0 49326095 28.332772
-Trial 380 0 49326095 28.366271
-Trial 381 0 49326095 28.411312
-Trial 382 0 49326095 28.422730
-Trial 383 0 49326095 28.562411
-Trial 384 0 49326095 28.784295
* 385: Cost = 0_49185625, Time = 21.88 sec. 
-Trial 385 0 49185625 28.823501
-Trial 386 0 49185625 28.827271
-Trial 387 0 49185625 28.837526
-Trial 388 0 49185625 28.870403
-Trial 389 0 49185625 28.897539
-Trial 390 0 49185625 28.950020
-Trial 391 0 49185625 29.146413
* 392: Cost = 0_49163955, Time = 22.23 sec. 
-Trial 392 0 49163955 29.166851
-Trial 393 0 49163955 29.171318
-Trial 394 0 49163955 29.178619
-Trial 395 0 49163955 29.205053
-Trial 396 0 49163955 29.227273
-Trial 397 0 49163955 29.264031
-Trial 398 0 49163955 29.281453
-Trial 399 0 49163955 29.313700
-Trial 400 0 49163955 29.336017
* 401: Cost = 0_49162474, Time = 22.41 sec. 
-Trial 401 0 49162474 29.350671
-Trial 402 0 49162474 29.354166
* 403: Cost = 0_49066074, Time = 22.44 sec. 
-Trial 403 0 49066074 29.377411
-Trial 404 0 49066074 29.520839
-Trial 405 0 49066074 29.580389
-Trial 406 0 49066074 29.587007
-Trial 407 0 49066074 29.589270
-Trial 408 0 49066074 29.597974
-Trial 409 0 49066074 29.645782
-Trial 410 0 49066074 30.017425
-Trial 411 0 49066074 30.039073
-Trial 412 0 49066074 30.052641
-Trial 413 0 49066074 30.114499
-Trial 414 0 49066074 30.126794
-Trial 415 0 49066074 30.184528
-Trial 416 0 49066074 30.188663
-Trial 417 0 49066074 30.230359
-Trial 418 0 49066074 30.236862
-Trial 419 0 49066074 30.243122
-Trial 420 0 49066074 30.480922
-Trial 421 0 49066074 30.507995
* 422: Cost = 0_48919002, Time = 23.58 sec. 
-Trial 422 0 48919002 30.524142
-Trial 423 0 48919002 30.549868
-Trial 424 0 48919002 30.555478
-Trial 425 0 48919002 30.577608
-Trial 426 0 48919002 30.632299
-Trial 427 0 48919002 30.780724
-Trial 428 0 48919002 30.792985
-Trial 429 0 48919002 30.875553
* 430: Cost = 0_48916752, Time = 24.08 sec. 
-Trial 430 0 48916752 31.016838
* 431: Cost = 0_48783054, Time = 24.09 sec. 
-Trial 431 0 48783054 31.029135
-Trial 432 0 48783054 31.040418
-Trial 433 0 48783054 31.095052
* 434: Cost = 0_48769284, Time = 24.17 sec. 
-Trial 434 0 48769284 31.107887
* 435: Cost = 0_48734923, Time = 24.20 sec. 
-Trial 435 0 48734923 31.138221
-Trial 436 0 48734923 31.157318
-Trial 437 0 48734923 31.167140
-Trial 438 0 48734923 31.185571
-Trial 439 0 48734923 31.200948
-Trial 440 0 48734923 31.210577
-Trial 441 0 48734923 31.215366
-Trial 442 0 48734923 31.238131
-Trial 443 0 48734923 31.244869
-Trial 444 0 48734923 31.260670
-Trial 445 0 48734923 31.278851
-Trial 446 0 48734923 31.286355
-Trial 447 0 48734923 31.298938
-Trial 448 0 48734923 31.301220
-Trial 449 0 48734923 31.329608
-Trial 450 0 48734923 31.690669
* 451: Cost = 0_48681024, Time = 24.76 sec. 
-Trial 451 0 48681024 31.702202
-Trial 452 0 48681024 31.711828
-Trial 453 0 48681024 31.713274
-Trial 454 0 48681024 31.736105
-Trial 455 0 48681024 31.736686
-Trial 456 0 48681024 31.767197
-Trial 457 0 48681024 31.772900
-Trial 458 0 48681024 31.785591
-Trial 459 0 48681024 31.798298
-Trial 460 0 48681024 31.822619
-Trial 461 0 48681024 31.896918
-Trial 462 0 48681024 32.000121
-Trial 463 0 48681024 32.101393
-Trial 464 0 48681024 32.127165
* 465: Cost = 0_48655794, Time = 25.20 sec. 
-Trial 465 0 48655794 32.142953
-Trial 466 0 48655794 32.149872
-Trial 467 0 48655794 32.188563
-Trial 468 0 48655794 32.205078
-Trial 469 0 48655794 32.212238
* 470: Cost = 0_48554213, Time = 25.30 sec. 
-Trial 470 0 48554213 32.238082
-Trial 471 0 48554213 32.379502
-Trial 472 0 48554213 32.382062
-Trial 473 0 48554213 32.394446
-Trial 474 0 48554213 32.500364
-Trial 475 0 48554213 32.500784
-Trial 476 0 48554213 32.601673
-Trial 477 0 48554213 32.619276
-Trial 478 0 48554213 32.635972
-Trial 479 0 48554213 32.822124
-Trial 480 0 48554213 32.933040
-Trial 481 0 48554213 32.985046
-Trial 482 0 48554213 33.050343
-Trial 483 0 48554213 33.073641
-Trial 484 0 48554213 33.108446
-Trial 485 0 48554213 33.226919
-Trial 486 0 48554213 33.236693
-Trial 487 0 48554213 33.267570
-Trial 488 0 48554213 33.277430
-Trial 489 0 48554213 33.320557
-Trial 490 0 48554213 33.336371
* 491: Cost = 0_48544590, Time = 26.40 sec. 
-Trial 491 0 48544590 33.343257
-Trial 492 0 48544590 33.365943
-Trial 493 0 48544590 33.368514
-Trial 494 0 48544590 33.370484
-Trial 495 0 48544590 33.379617
-Trial 496 0 48544590 33.451505
-Trial 497 0 48544590 33.534844
-Trial 498 0 48544590 33.554114
-Trial 499 0 48544590 33.574985
-Trial 500 0 48544590 33.603932
-Trial 501 0 48544590 33.633521
-Trial 502 0 48544590 33.661956
-Trial 503 0 48544590 33.683642
-Trial 504 0 48544590 33.688597
* 505: Cost = 0_48526306, Time = 26.78 sec. 
-Trial 505 0 48526306 33.715955
-Trial 506 0 48526306 33.728446
-Trial 507 0 48526306 33.758742
-Trial 508 0 48526306 33.773583
* 509: Cost = 0_48461758, Time = 26.84 sec. 
-Trial 509 0 48461758 33.780787
-Trial 510 0 48461758 33.811544
-Trial 511 0 48461758 33.819477
-Trial 512 0 48461758 33.828809
-Trial 513 0 48461758 33.842813
-Trial 514 0 48461758 33.846736
-Trial 515 0 48461758 33.874398
-Trial 516 0 48461758 33.884026
-Trial 517 0 48461758 33.905544
-Trial 518 0 48461758 33.969962
-Trial 519 0 48461758 33.996218
* 520: Cost = 0_48461589, Time = 27.07 sec. 
-Trial 520 0 48461589 34.014492
-Trial 521 0 48461589 34.023431
-Trial 522 0 48461589 34.128436
-Trial 523 0 48461589 34.185336
-Trial 524 0 48461589 34.406495
-Trial 525 0 48461589 34.435094
* 526: Cost = 0_48459107, Time = 27.50 sec. 
-Trial 526 0 48459107 34.443407
-Trial 527 0 48459107 34.448897
-Trial 528 0 48459107 34.449542
-Trial 529 0 48459107 34.451980
-Trial 530 0 48459107 34.498750
-Trial 531 0 48459107 34.507116
-Trial 532 0 48459107 34.529771
-Trial 533 0 48459107 34.574567
-Trial 534 0 48459107 34.592806
-Trial 535 0 48459107 34.596877
-Trial 536 0 48459107 34.755435
-Trial 537 0 48459107 34.766268
-Trial 538 0 48459107 34.773758
-Trial 539 0 48459107 34.785999
-Trial 540 0 48459107 34.876265
-Trial 541 0 48459107 34.881416
-Trial 542 0 48459107 34.890182
* 543: Cost = 0_48421923, Time = 27.97 sec. 
-Trial 543 0 48421923 34.913671
-Trial 544 0 48421923 34.922986
-Trial 545 0 48421923 35.110204
-Trial 546 0 48421923 35.126439
-Trial 547 0 48421923 35.142725
-Trial 548 0 48421923 35.150832
-Trial 549 0 48421923 35.172084
-Trial 550 0 48421923 35.240577
-Trial 551 0 48421923 35.250085
-Trial 552 0 48421923 35.286120
-Trial 553 0 48421923 35.308451
-Trial 554 0 48421923 35.352754
-Trial 555 0 48421923 35.353217
-Trial 556 0 48421923 35.389981
-Trial 557 0 48421923 35.410836
-Trial 558 0 48421923 35.444058
-Trial 559 0 48421923 35.451222
-Trial 560 0 48421923 35.478609
* 561: Cost = 0_48354600, Time = 28.56 sec. 
-Trial 561 0 48354600 35.498818
-Trial 562 0 48354600 35.506504
-Trial 563 0 48354600 35.556098
-Trial 564 0 48354600 35.572376
-Trial 565 0 48354600 35.588637
-Trial 566 0 48354600 35.594916
-Trial 567 0 48354600 35.608779
-Trial 568 0 48354600 35.631157
-Trial 569 0 48354600 35.645619
-Trial 570 0 48354600 35.648341
-Trial 571 0 48354600 35.679731
-Trial 572 0 48354600 35.683840
-Trial 573 0 48354600 35.782770
-Trial 574 0 48354600 35.804756
-Trial 575 0 48354600 35.850465
-Trial 576 0 48354600 35.882527
-Trial 577 0 48354600 35.890272
-Trial 578 0 48354600 35.910854
-Trial 579 0 48354600 35.917768
-Trial 580 0 48354600 35.993649
-Trial 581 0 48354600 36.026466
-Trial 582 0 48354600 36.095458
-Trial 583 0 48354600 36.104081
-Trial 584 0 48354600 36.107683
-Trial 585 0 48354600 36.127211
-Trial 586 0 48354600 36.163570
-Trial 587 0 48354600 36.166050
-Trial 588 0 48354600 36.188104
-Trial 589 0 48354600 36.280868
-Trial 590 0 48354600 36.311544
* 591: Cost = 0_48323365, Time = 29.38 sec. 
-Trial 591 0 48323365 36.319483
-Trial 592 0 48323365 36.322269
-Trial 593 0 48323365 36.332956
-Trial 594 0 48323365 36.372985
-Trial 595 0 48323365 36.394152
-Trial 596 0 48323365 36.398921
-Trial 597 0 48323365 36.402687
-Trial 598 0 48323365 36.410181
-Trial 599 0 48323365 36.422812
-Trial 600 0 48323365 36.432915
-Trial 601 0 48323365 36.454366
-Trial 602 0 48323365 36.466477
-Trial 603 0 48323365 36.788489
-Trial 604 0 48323365 36.908099
-Trial 605 0 48323365 36.938050
-Trial 606 0 48323365 36.946439
-Trial 607 0 48323365 36.980173
-Trial 608 0 48323365 37.032151
-Trial 609 0 48323365 37.040526
-Trial 610 0 48323365 37.189613
-Trial 611 0 48323365 37.200881
-Trial 612 0 48323365 37.228009
-Trial 613 0 48323365 37.325619
-Trial 614 0 48323365 37.370660
-Trial 615 0 48323365 37.401319
-Trial 616 0 48323365 37.417753
-Trial 617 0 48323365 37.468396
-Trial 618 0 48323365 37.539578
-Trial 619 0 48323365 37.547231
-Trial 620 0 48323365 37.708924
-Trial 621 0 48323365 37.725184
-Trial 622 0 48323365 37.732147
-Trial 623 0 48323365 37.745828
-Trial 624 0 48323365 37.763057
-Trial 625 0 48323365 37.786791
-Trial 626 0 48323365 37.811340
-Trial 627 0 48323365 37.815363
-Trial 628 0 48323365 37.833663
-Trial 629 0 48323365 37.853525
-Trial 630 0 48323365 37.855415
-Trial 631 0 48323365 37.871568
-Trial 632 0 48323365 37.899723
-Trial 633 0 48323365 37.904741
-Trial 634 0 48323365 37.952672
-Trial 635 0 48323365 38.001385
-Trial 636 0 48323365 38.007897
-Trial 637 0 48323365 38.011772
-Trial 638 0 48323365 38.223690
-Trial 639 0 48323365 38.230687
-Trial 640 0 48323365 38.396563
-Trial 641 0 48323365 38.434716
-Trial 642 0 48323365 38.437341
-Trial 643 0 48323365 38.530653
-Trial 644 0 48323365 38.560656
-Trial 645 0 48323365 38.563134
-Trial 646 0 48323365 38.592281
-Trial 647 0 48323365 38.619522
-Trial 648 0 48323365 38.665362
-Trial 649 0 48323365 38.800018
-Trial 650 0 48323365 38.829419
-Trial 651 0 48323365 38.843729
-Trial 652 0 48323365 38.861639
-Trial 653 0 48323365 38.875129
-Trial 654 0 48323365 38.884527
-Trial 655 0 48323365 38.901310
-Trial 656 0 48323365 38.902164
* 657: Cost = 0_48132258, Time = 32.00 sec. 
-Trial 657 0 48132258 38.944165
-Trial 658 0 48132258 38.979924
-Trial 659 0 48132258 39.008067
-Trial 660 0 48132258 39.012024
-Trial 661 0 48132258 39.014356
-Trial 662 0 48132258 39.032689
-Trial 663 0 48132258 39.044833
-Trial 664 0 48132258 39.050265
-Trial 665 0 48132258 39.058520
-Trial 666 0 48132258 39.093942
-Trial 667 0 48132258 39.120269
-Trial 668 0 48132258 39.136494
-Trial 669 0 48132258 39.176125
-Trial 670 0 48132258 39.214288
-Trial 671 0 48132258 39.234244
-Trial 672 0 48132258 39.237621
-Trial 673 0 48132258 39.287864
-Trial 674 0 48132258 39.333435
-Trial 675 0 48132258 39.344112
-Trial 676 0 48132258 39.366432
-Trial 677 0 48132258 39.375151
-Trial 678 0 48132258 39.421424
-Trial 679 0 48132258 39.525188
-Trial 680 0 48132258 39.533035
* 681: Cost = 0_48128334, Time = 32.61 sec. 
-Trial 681 0 48128334 39.552425
-Trial 682 0 48128334 39.559400
-Trial 683 0 48128334 39.600984
-Trial 684 0 48128334 39.604158
-Trial 685 0 48128334 39.622994
-Trial 686 0 48128334 39.635505
-Trial 687 0 48128334 39.701088
-Trial 688 0 48128334 39.740023
* 689: Cost = 0_48118872, Time = 32.84 sec. 
-Trial 689 0 48118872 39.784354
-Trial 690 0 48118872 39.788112
-Trial 691 0 48118872 39.834420
-Trial 692 0 48118872 39.838343
-Trial 693 0 48118872 39.845000
-Trial 694 0 48118872 39.847089
-Trial 695 0 48118872 39.849914
-Trial 696 0 48118872 39.873619
-Trial 697 0 48118872 39.893771
-Trial 698 0 48118872 39.895871
-Trial 699 0 48118872 39.919898
-Trial 700 0 48118872 39.965674
-Trial 701 0 48118872 40.008965
-Trial 702 0 48118872 40.009381
-Trial 703 0 48118872 40.009788
-Trial 704 0 48118872 40.030360
-Trial 705 0 48118872 40.045064
-Trial 706 0 48118872 40.086744
-Trial 707 0 48118872 40.225531
-Trial 708 0 48118872 40.231691
* 709: Cost = 0_48092809, Time = 33.31 sec. 
-Trial 709 0 48092809 40.249478
-Trial 710 0 48092809 40.304364
-Trial 711 0 48092809 40.313230
-Trial 712 0 48092809 40.454912
-Trial 713 0 48092809 40.467549
-Trial 714 0 48092809 40.491566
-Trial 715 0 48092809 40.518049
-Trial 716 0 48092809 40.564849
-Trial 717 0 48092809 40.589384
-Trial 718 0 48092809 40.596081
-Trial 719 0 48092809 40.664001
-Trial 720 0 48092809 40.747713
-Trial 721 0 48092809 40.753243
-Trial 722 0 48092809 40.765139
-Trial 723 0 48092809 40.769817
-Trial 724 0 48092809 40.774114
-Trial 725 0 48092809 40.812447
-Trial 726 0 48092809 40.889948
-Trial 727 0 48092809 40.899497
-Trial 728 0 48092809 40.902691
-Trial 729 0 48092809 40.930823
-Trial 730 0 48092809 40.946502
-Trial 731 0 48092809 41.011978
-Trial 732 0 48092809 41.076101
-Trial 733 0 48092809 41.130896
-Trial 734 0 48092809 41.178596
-Trial 735 0 48092809 41.185130
-Trial 736 0 48092809 41.192166
-Trial 737 0 48092809 41.206445
-Trial 738 0 48092809 41.255043
-Trial 739 0 48092809 41.291864
-Trial 740 0 48092809 41.337119
-Trial 741 0 48092809 41.339388
-Trial 742 0 48092809 41.357218
-Trial 743 0 48092809 41.365848
-Trial 744 0 48092809 41.392843
-Trial 745 0 48092809 41.410096
-Trial 746 0 48092809 41.424766
-Trial 747 0 48092809 41.446991
-Trial 748 0 48092809 41.485151
-Trial 749 0 48092809 41.487994
-Trial 750 0 48092809 41.535495
-Trial 751 0 48092809 41.538261
* 752: Cost = 0_48024329, Time = 34.61 sec. 
-Trial 752 0 48024329 41.549126
-Trial 753 0 48024329 41.564644
-Trial 754 0 48024329 41.630127
-Trial 755 0 48024329 41.653578
-Trial 756 0 48024329 41.705570
-Trial 757 0 48024329 41.705998
-Trial 758 0 48024329 41.711683
-Trial 759 0 48024329 41.734330
-Trial 760 0 48024329 41.777033
-Trial 761 0 48024329 41.792845
-Trial 762 0 48024329 41.821698
-Trial 763 0 48024329 41.834057
-Trial 764 0 48024329 41.843396
-Trial 765 0 48024329 41.851353
-Trial 766 0 48024329 41.908136
-Trial 767 0 48024329 41.916255
-Trial 768 0 48024329 41.945132
-Trial 769 0 48024329 41.976267
-Trial 770 0 48024329 41.985276
-Trial 771 0 48024329 42.033975
-Trial 772 0 48024329 42.044171
-Trial 773 0 48024329 42.052297
-Trial 774 0 48024329 42.072466
-Trial 775 0 48024329 42.110649
-Trial 776 0 48024329 42.235434
-Trial 777 0 48024329 42.240522
-Trial 778 0 48024329 42.247416
-Trial 779 0 48024329 42.325096
-Trial 780 0 48024329 42.350723
* 781: Cost = 0_48018258, Time = 35.43 sec. 
-Trial 781 0 48018258 42.371145
-Trial 782 0 48018258 42.402880
-Trial 783 0 48018258 42.437634
-Trial 784 0 48018258 42.449072
-Trial 785 0 48018258 42.453348
-Trial 786 0 48018258 42.467923
-Trial 787 0 48018258 42.489903
-Trial 788 0 48018258 42.539676
-Trial 789 0 48018258 42.555476
-Trial 790 0 48018258 42.565036
-Trial 791 0 48018258 42.598880
-Trial 792 0 48018258 42.609974
-Trial 793 0 48018258 42.619903
-Trial 794 0 48018258 42.668195
-Trial 795 0 48018258 42.679947
* 796: Cost = 0_47984179, Time = 35.77 sec. 
-Trial 796 0 47984179 42.705445
-Trial 797 0 47984179 42.776134
-Trial 798 0 47984179 42.817591
-Trial 799 0 47984179 42.906383
-Trial 800 0 47984179 42.916100
-Trial 801 0 47984179 43.007300
-Trial 802 0 47984179 43.098360
-Trial 803 0 47984179 43.120885
-Trial 804 0 47984179 43.235251
-Trial 805 0 47984179 43.247572
-Trial 806 0 47984179 43.259138
-Trial 807 0 47984179 43.315011
-Trial 808 0 47984179 43.363175
-Trial 809 0 47984179 43.385353
-Trial 810 0 47984179 43.391197
-Trial 811 0 47984179 43.444749
-Trial 812 0 47984179 43.460349
-Trial 813 0 47984179 43.509747
-Trial 814 0 47984179 43.521716
-Trial 815 0 47984179 43.529327
-Trial 816 0 47984179 43.598268
-Trial 817 0 47984179 43.610282
-Trial 818 0 47984179 43.645444
-Trial 819 0 47984179 43.684181
-Trial 820 0 47984179 43.699378
-Trial 821 0 47984179 43.779244
-Trial 822 0 47984179 43.781672
-Trial 823 0 47984179 43.805790
-Trial 824 0 47984179 43.808985
-Trial 825 0 47984179 43.824774
-Trial 826 0 47984179 43.832848
-Trial 827 0 47984179 43.879310
-Trial 828 0 47984179 43.899510
-Trial 829 0 47984179 43.900822
-Trial 830 0 47984179 43.939095
-Trial 831 0 47984179 44.058688
-Trial 832 0 47984179 44.094107
-Trial 833 0 47984179 44.170385
-Trial 834 0 47984179 44.213345
-Trial 835 0 47984179 44.226610
-Trial 836 0 47984179 44.277025
-Trial 837 0 47984179 44.280952
-Trial 838 0 47984179 44.304742
-Trial 839 0 47984179 44.389817
-Trial 840 0 47984179 44.429753
-Trial 841 0 47984179 44.431741
-Trial 842 0 47984179 44.442118
-Trial 843 0 47984179 44.456067
-Trial 844 0 47984179 44.492569
-Trial 845 0 47984179 44.509335
-Trial 846 0 47984179 44.643944
-Trial 847 0 47984179 44.659840
-Trial 848 0 47984179 44.714480
-Trial 849 0 47984179 44.715099
-Trial 850 0 47984179 44.837465
-Trial 851 0 47984179 44.842369
-Trial 852 0 47984179 44.863067
-Trial 853 0 47984179 45.018449
-Trial 854 0 47984179 45.019534
-Trial 855 0 47984179 45.033385
-Trial 856 0 47984179 45.041589
-Trial 857 0 47984179 45.077050
-Trial 858 0 47984179 45.131231
-Trial 859 0 47984179 45.142120
-Trial 860 0 47984179 45.210477
-Trial 861 0 47984179 45.233581
-Trial 862 0 47984179 45.246643
-Trial 863 0 47984179 45.317568
-Trial 864 0 47984179 45.355471
* 865: Cost = 0_47957860, Time = 38.44 sec. 
-Trial 865 0 47957860 45.379767
-Trial 866 0 47957860 45.391995
-Trial 867 0 47957860 45.409181
-Trial 868 0 47957860 45.447755
-Trial 869 0 47957860 45.489498
-Trial 870 0 47957860 45.554445
-Trial 871 0 47957860 45.557929
-Trial 872 0 47957860 45.603302
-Trial 873 0 47957860 45.613068
-Trial 874 0 47957860 45.654320
-Trial 875 0 47957860 45.715112
-Trial 876 0 47957860 45.740165
-Trial 877 0 47957860 45.746887
-Trial 878 0 47957860 45.765635
-Trial 879 0 47957860 45.777417
-Trial 880 0 47957860 45.777860
-Trial 881 0 47957860 45.788058
-Trial 882 0 47957860 45.834314
-Trial 883 0 47957860 45.844965
-Trial 884 0 47957860 45.880662
-Trial 885 0 47957860 45.965100
-Trial 886 0 47957860 45.986787
-Trial 887 0 47957860 46.030783
-Trial 888 0 47957860 46.079952
-Trial 889 0 47957860 46.162391
-Trial 890 0 47957860 46.185780
-Trial 891 0 47957860 46.204132
-Trial 892 0 47957860 46.258460
-Trial 893 0 47957860 46.268461
-Trial 894 0 47957860 46.278997
-Trial 895 0 47957860 46.315668
-Trial 896 0 47957860 46.333028
-Trial 897 0 47957860 46.371192
-Trial 898 0 47957860 46.426788
-Trial 899 0 47957860 46.446761
-Trial 900 0 47957860 46.453373
-Trial 901 0 47957860 46.474844
-Trial 902 0 47957860 46.476146
* 903: Cost = 0_47949355, Time = 39.65 sec. 
-Trial 903 0 47949355 46.592462
-Trial 904 0 47949355 46.612924
-Trial 905 0 47949355 46.632922
-Trial 906 0 47949355 46.635808
-Trial 907 0 47949355 46.641806
-Trial 908 0 47949355 46.653239
-Trial 909 0 47949355 46.727817
-Trial 910 0 47949355 46.732183
-Trial 911 0 47949355 46.748203
-Trial 912 0 47949355 46.776343
-Trial 913 0 47949355 46.794347
-Trial 914 0 47949355 46.804888
-Trial 915 0 47949355 46.823853
-Trial 916 0 47949355 46.827596
-Trial 917 0 47949355 46.838243
-Trial 918 0 47949355 46.846794
-Trial 919 0 47949355 46.886713
-Trial 920 0 47949355 46.946913
-Trial 921 0 47949355 46.970339
-Trial 922 0 47949355 47.102373
-Trial 923 0 47949355 47.146257
-Trial 924 0 47949355 47.247642
-Trial 925 0 47949355 47.259199
-Trial 926 0 47949355 47.311483
-Trial 927 0 47949355 47.336403
-Trial 928 0 47949355 47.365726
-Trial 929 0 47949355 47.428010
-Trial 930 0 47949355 47.531607
-Trial 931 0 47949355 47.569722
-Trial 932 0 47949355 47.575650
-Trial 933 0 47949355 47.596225
-Trial 934 0 47949355 47.619945
-Trial 935 0 47949355 47.635907
-Trial 936 0 47949355 47.675571
-Trial 937 0 47949355 47.685828
-Trial 938 0 47949355 47.696593
-Trial 939 0 47949355 47.730646
-Trial 940 0 47949355 47.755401
-Trial 941 0 47949355 47.767628
-Trial 942 0 47949355 47.833803
-Trial 943 0 47949355 47.848017
-Trial 944 0 47949355 47.848517
-Trial 945 0 47949355 47.899776
-Trial 946 0 47949355 47.934406
-Trial 947 0 47949355 47.944924
-Trial 948 0 47949355 47.959225
-Trial 949 0 47949355 47.999643
-Trial 950 0 47949355 48.142988
-Trial 951 0 47949355 48.161315
-Trial 952 0 47949355 48.227636
-Trial 953 0 47949355 48.237083
-Trial 954 0 47949355 48.256322
-Trial 955 0 47949355 48.265652
-Trial 956 0 47949355 48.290595
-Trial 957 0 47949355 48.312645
-Trial 958 0 47949355 48.361735
-Trial 959 0 47949355 48.382548
-Trial 960 0 47949355 48.385391
-Trial 961 0 47949355 48.449157
-Trial 962 0 47949355 48.582060
-Trial 963 0 47949355 48.645496
-Trial 964 0 47949355 48.690560
-Trial 965 0 47949355 48.698495
-Trial 966 0 47949355 48.731785
-Trial 967 0 47949355 48.770588
-Trial 968 0 47949355 48.832518
-Trial 969 0 47949355 48.902232
-Trial 970 0 47949355 48.928930
-Trial 971 0 47949355 48.963124
-Trial 972 0 47949355 48.987611
-Trial 973 0 47949355 49.103264
-Trial 974 0 47949355 49.110180
-Trial 975 0 47949355 49.139902
-Trial 976 0 47949355 49.155453
-Trial 977 0 47949355 49.167613
-Trial 978 0 47949355 49.189198
-Trial 979 0 47949355 49.205451
-Trial 980 0 47949355 49.351642
-Trial 981 0 47949355 49.375005
-Trial 982 0 47949355 49.395065
-Trial 983 0 47949355 49.536403
-Trial 984 0 47949355 49.540780
-Trial 985 0 47949355 49.567153
-Trial 986 0 47949355 49.571785
-Trial 987 0 47949355 49.721834
-Trial 988 0 47949355 49.759101
-Trial 989 0 47949355 49.870703
-Trial 990 0 47949355 49.872656
-Trial 991 0 47949355 49.879378
-Trial 992 0 47949355 49.890985
-Trial 993 0 47949355 49.899545
-Trial 994 0 47949355 49.919428
-Trial 995 0 47949355 49.942196
-Trial 996 0 47949355 49.981157
-Trial 997 0 47949355 50.088616
-Trial 998 0 47949355 50.105691
-Trial 999 0 47949355 50.108265
-Trial 1000 0 47949355 50.122182
Population:
  1: 0_47949355
Run 1: Cost = 0_47949355, Time = 43.18 sec. 

Successes/Runs = 0/1 
Cost.min = 47949355, Cost.avg = 47949355.00, Cost.max = 47949355
Gap.min = 0.0000%, Gap.avg = 0.0000%, Gap.max = 0.0000%
Penalty.min = 0, Penalty.avg = 0.00, Penalty.max = 0
Trials.min = 1000, Trials.avg = 1000.0, Trials.max = 1000
Time.min = 43.18 sec., Time.avg = 43.18 sec., Time.max = 43.18 sec.
Time.total = 50.12 sec.
  Size.min = 12, Size.max = 33, Penalty = 0
  Cost.min = 696035, Cost.max = 3539059, Cost.sum = 47949355
Best CVRPTW solution:
  Cost = 0_47949355
1 413 14 379 240 7 130 41 395 497 168 18 21 33 119 331 461 462 478 347 266 375 159 268 192 95 139 504 17 30 44 67 6 309 20 155 55 180 138 218 279 284 414 482 410 365 513 70 189 73 428 254 89 34 165 167 211 232 320 205 185 407 480 302 427 446 197 505 380 491 98 272 455 243 468 114 25 177 48 327 512 277 288 356 382 222 125 152 316 216 344 250 374 43 304 378 255 431 100 134 219 156 224 74 340 62 223 500 46 199 397 435 508 457 393 436 146 377 488 325 448 120 418 359 271 27 357 370 15 409 293 92 394 261 401 182 362 520 324 212 387 94 498 215 299 429 23 450 93 494 349 83 68 69 53 489 5 132 317 162 402 147 424 426 105 495 439 472 390 406 174 514 291 198 173 110 19 470 262 39 102 202 276 332 124 257 275 72 297 391 419 460 235 476 90 84 123 313 237 361 306 252 339 509 367 464 116 190 103 353 166 385 386 64 244 109 77 289 40 245 282 298 242 154 181 517 80 178 388 321 148 311 437 346 4 85 389 158 355 447 485 88 336 283 65 129 214 486 87 360 326 334 101 516 201 128 315 99 381 54 301 81 35 79 176 452 420 253 8 160 398 260 207 78 492 487 292 184 415 22 459 341 122 383 404 466 502 399 49 373 417 384 445 458 267 285 3 372 421 204 411 76 143 358 230 433 256 104 121 363 443 191 206 507 366 442 209 484 96 333 149 31 423 312 451 308 345 287 220 193 351 118 454 249 475 278 150 515 175 434 115 133 200 376 247 463 496 295 251 371 57 453 71 141 258 269 170 307 208 196 26 32 396 503 280 322 2 405 37 449 111 66 305 217 145 444 477 238 163 186 342 493 337 164 264 229 352 263 82 400 270 157 438 265 140 518 10 13 86 354 323 135 221 151 471 188 490 473 28 169 210 281 106 456 228 422 519 126 203 328 51 29 403 465 153 343 300 369 142 319 195 335 440 213 483 314 499 11 231 56 469 236 273 330 506 45 286 474 97 75 412 259 432 144 50 117 187 467 16 183 38 511 310 47 36 112 296 226 481 392 416 137 58 241 290 113 234 233 225 171 239 329 172 9 368 108 246 61 227 63 318 430 510 107 350 42 248 91 136 60 179 408 338 364 127 12 294 24 59 194 441 303 348 479 501 425 161 52 131 274 1 
