PARAMETER_FILE = result/cvrptw_500/LKH_para/385.para
Reading PROBLEM_FILE: "result/cvrptw_500/cvrptw/385.cvrptw" ... done
ASCENT_CANDIDATES = 50
BACKBONE_TRIALS = 0
BACKTRACKING = NO
# BWTSP =
# CANDIDATE_FILE =
CANDIDATE_SET_TYPE = ALPHA
DEPOT = 1
# EDGE_FILE =
EXCESS = 0.0384615
EXTERNAL_SALESMEN = 0
EXTRA_CANDIDATES = 0 
EXTRA_CANDIDATE_SET_TYPE = QUADRANT
GAIN23 = NO
GAIN_CRITERION = YES
INITIAL_PERIOD = 520
INITIAL_STEP_SIZE = 1
INITIAL_TOUR_ALGORITHM = WALK
# INITIAL_TOUR_FILE = 
INITIAL_TOUR_FRACTION = 1.000
# INPUT_TOUR_FILE = 
KICK_TYPE = 4
KICKS = 1
# MAX_BREADTH =
MAKESPAN = NO
MAX_CANDIDATES = 5 
MAX_SWAPS = 0
MAX_TRIALS = 1000
# MERGE_TOUR_FILE =
MOVE_TYPE = 5 SPECIAL
MTSP_MIN_SIZE = 1
MTSP_MAX_SIZE = 1039
# MTSP_SOLUTION_FILE = 
# NONSEQUENTIAL_MOVE_TYPE = 5
# OPTIMUM =
# OUTPUT_TOUR_FILE = 
PATCHING_A = 1 
PATCHING_C = 0 
# PI_FILE = 
POPMUSIC_INITIAL_TOUR = NO
POPMUSIC_MAX_NEIGHBORS = 5
POPMUSIC_SAMPLE_SIZE = 10
POPMUSIC_SOLUTIONS = 50
POPMUSIC_TRIALS = 1
POPULATION_SIZE = 10
PRECISION = 100
PROBLEM_FILE = result/cvrptw_500/cvrptw/385.cvrptw
RECOMBINATION = IPT
RESTRICTED_SEARCH = YES
RUNS = 1
SALESMEN = 20
SCALE = 1
SEED = 1234
# SINTEF_SOLUTION_FILE = 
STOP_AT_OPTIMUM = YES
SUBGRADIENT = YES
# SUBPROBLEM_SIZE =
# SUBPROBLEM_TOUR_FILE = 
SUBSEQUENT_MOVE_TYPE = 5 SPECIAL
SUBSEQUENT_PATCHING = YES
# TIME_LIMIT =
# TOUR_FILE = 
TRACE_LEVEL = 1
VEHICLES = 20

Lower bound = 23450604.2, Ascent time = 3.21 sec.
Cand.min = 5, Cand.avg = 5.0, Cand.max = 5
Edges.fixed = 520 [Cost = 0]
Preprocessing time = 3.30 sec.
* 1: Cost = 575393_49708368, Time = 3.50 sec. 
-Trial 1 575393 49708368 6.802324
* 2: Cost = 575393_49703532, Time = 3.82 sec. 
-Trial 2 575393 49703532 7.118254
-Trial 3 575393 49703532 7.191524
* 4: Cost = 575393_49136293, Time = 4.12 sec. 
-Trial 4 575393 49136293 7.419758
* 5: Cost = 575393_49132646, Time = 4.44 sec. 
-Trial 5 575393 49132646 7.745776
* 6: Cost = 182353_48958264, Time = 4.77 sec. 
-Trial 6 182353 48958264 8.070172
* 7: Cost = 182353_48616219, Time = 4.86 sec. 
-Trial 7 182353 48616219 8.166117
* 8: Cost = 182353_47857923, Time = 4.99 sec. 
-Trial 8 182353 47857923 8.289158
-Trial 9 182353 47857923 8.513524
* 10: Cost = 4211_47807880, Time = 5.30 sec. 
-Trial 10 4211 47807880 8.605036
-Trial 11 4211 47807880 8.929984
-Trial 12 4211 47807880 9.052318
-Trial 13 4211 47807880 9.231343
-Trial 14 4211 47807880 9.450824
* 15: Cost = 4211_47722164, Time = 6.18 sec. 
-Trial 15 4211 47722164 9.483947
-Trial 16 4211 47722164 9.721091
* 17: Cost = 4211_47520906, Time = 6.58 sec. 
-Trial 17 4211 47520906 9.879822
* 18: Cost = 4211_47275096, Time = 6.66 sec. 
-Trial 18 4211 47275096 9.963342
-Trial 19 4211 47275096 10.076554
* 20: Cost = 4211_46156555, Time = 6.84 sec. 
-Trial 20 4211 46156555 10.142415
-Trial 21 4211 46156555 11.202315
* 22: Cost = 4211_46044345, Time = 8.19 sec. 
-Trial 22 4211 46044345 11.492756
* 23: Cost = 4211_46005176, Time = 8.41 sec. 
-Trial 23 4211 46005176 11.716491
* 24: Cost = 4211_45744312, Time = 8.45 sec. 
-Trial 24 4211 45744312 11.753026
* 25: Cost = 4211_45530239, Time = 8.50 sec. 
-Trial 25 4211 45530239 11.800722
-Trial 26 4211 45530239 11.851985
* 27: Cost = 4211_45447528, Time = 8.60 sec. 
-Trial 27 4211 45447528 11.904442
-Trial 28 4211 45447528 11.911728
-Trial 29 4211 45447528 11.942896
* 30: Cost = 4211_45346456, Time = 8.73 sec. 
-Trial 30 4211 45346456 12.029589
-Trial 31 4211 45346456 12.032207
-Trial 32 4211 45346456 12.085082
* 33: Cost = 4211_45327906, Time = 8.85 sec. 
-Trial 33 4211 45327906 12.155891
-Trial 34 4211 45327906 12.184818
* 35: Cost = 4211_45293714, Time = 8.98 sec. 
-Trial 35 4211 45293714 12.280660
-Trial 36 4211 45293714 12.367835
-Trial 37 4211 45293714 12.628592
-Trial 38 4211 45293714 12.633649
-Trial 39 4211 45293714 12.649426
-Trial 40 4211 45293714 12.753264
-Trial 41 4211 45293714 12.765615
-Trial 42 4211 45293714 12.941551
-Trial 43 4211 45293714 13.035252
* 44: Cost = 4211_45240208, Time = 9.83 sec. 
-Trial 44 4211 45240208 13.134798
-Trial 45 4211 45240208 13.283803
* 46: Cost = 4211_45090311, Time = 10.02 sec. 
-Trial 46 4211 45090311 13.323988
-Trial 47 4211 45090311 13.411776
-Trial 48 4211 45090311 13.426131
-Trial 49 4211 45090311 13.453962
-Trial 50 4211 45090311 13.541807
-Trial 51 4211 45090311 13.590604
-Trial 52 4211 45090311 13.707575
-Trial 53 4211 45090311 13.727411
-Trial 54 4211 45090311 13.928846
-Trial 55 4211 45090311 14.039034
* 56: Cost = 4211_44892744, Time = 10.89 sec. 
-Trial 56 4211 44892744 14.195014
-Trial 57 4211 44892744 14.267592
-Trial 58 4211 44892744 14.268016
-Trial 59 4211 44892744 14.307983
* 60: Cost = 4211_44807284, Time = 11.05 sec. 
-Trial 60 4211 44807284 14.353859
-Trial 61 4211 44807284 14.467387
-Trial 62 4211 44807284 14.497068
-Trial 63 4211 44807284 14.532167
* 64: Cost = 4211_44792055, Time = 11.41 sec. 
-Trial 64 4211 44792055 14.715980
* 65: Cost = 4211_44668624, Time = 11.44 sec. 
-Trial 65 4211 44668624 14.739737
-Trial 66 4211 44668624 14.803504
-Trial 67 4211 44668624 14.942687
* 68: Cost = 4211_44342557, Time = 11.77 sec. 
-Trial 68 4211 44342557 15.072518
* 69: Cost = 4211_44230919, Time = 11.86 sec. 
-Trial 69 4211 44230919 15.159339
* 70: Cost = 0_44501634, Time = 11.88 sec. 
-Trial 70 0 44501634 15.185758
* 71: Cost = 0_44428828, Time = 12.03 sec. 
-Trial 71 0 44428828 15.331061
-Trial 72 0 44428828 15.345629
-Trial 73 0 44428828 15.346010
-Trial 74 0 44428828 15.425642
-Trial 75 0 44428828 15.463600
-Trial 76 0 44428828 15.470564
-Trial 77 0 44428828 15.620482
-Trial 78 0 44428828 15.638832
-Trial 79 0 44428828 15.677527
-Trial 80 0 44428828 15.697348
* 81: Cost = 0_44266787, Time = 12.41 sec. 
-Trial 81 0 44266787 15.714428
-Trial 82 0 44266787 15.725933
-Trial 83 0 44266787 15.743894
-Trial 84 0 44266787 15.752761
-Trial 85 0 44266787 15.763661
-Trial 86 0 44266787 15.785840
-Trial 87 0 44266787 15.802618
* 88: Cost = 0_44230089, Time = 12.51 sec. 
-Trial 88 0 44230089 15.811500
-Trial 89 0 44230089 15.822878
-Trial 90 0 44230089 15.840945
-Trial 91 0 44230089 15.878360
-Trial 92 0 44230089 15.926057
-Trial 93 0 44230089 15.970747
-Trial 94 0 44230089 16.008434
* 95: Cost = 0_44171744, Time = 12.75 sec. 
-Trial 95 0 44171744 16.048683
-Trial 96 0 44171744 16.176904
-Trial 97 0 44171744 16.202293
-Trial 98 0 44171744 16.501429
-Trial 99 0 44171744 16.557231
-Trial 100 0 44171744 16.580370
-Trial 101 0 44171744 16.640998
-Trial 102 0 44171744 16.642228
-Trial 103 0 44171744 16.699911
-Trial 104 0 44171744 16.705870
-Trial 105 0 44171744 16.725322
-Trial 106 0 44171744 16.757299
-Trial 107 0 44171744 16.781521
-Trial 108 0 44171744 16.782233
-Trial 109 0 44171744 16.804800
-Trial 110 0 44171744 16.845728
* 111: Cost = 0_44168147, Time = 13.55 sec. 
-Trial 111 0 44168147 16.854334
-Trial 112 0 44168147 16.883244
-Trial 113 0 44168147 16.892083
* 114: Cost = 0_44167314, Time = 13.61 sec. 
-Trial 114 0 44167314 16.916072
* 115: Cost = 0_43998073, Time = 13.64 sec. 
-Trial 115 0 43998073 16.939762
-Trial 116 0 43998073 16.953396
-Trial 117 0 43998073 16.960578
-Trial 118 0 43998073 16.978298
-Trial 119 0 43998073 16.997477
-Trial 120 0 43998073 17.209133
-Trial 121 0 43998073 17.218887
-Trial 122 0 43998073 17.420357
-Trial 123 0 43998073 17.424018
-Trial 124 0 43998073 17.468666
-Trial 125 0 43998073 17.567081
-Trial 126 0 43998073 17.642532
-Trial 127 0 43998073 17.857076
-Trial 128 0 43998073 17.884355
* 129: Cost = 0_43947886, Time = 14.62 sec. 
-Trial 129 0 43947886 17.918071
-Trial 130 0 43947886 17.941025
-Trial 131 0 43947886 17.951955
-Trial 132 0 43947886 17.971649
* 133: Cost = 0_43946266, Time = 14.81 sec. 
-Trial 133 0 43946266 18.108233
-Trial 134 0 43946266 18.199300
-Trial 135 0 43946266 18.313811
-Trial 136 0 43946266 18.382031
-Trial 137 0 43946266 18.402813
-Trial 138 0 43946266 18.429275
-Trial 139 0 43946266 18.436342
-Trial 140 0 43946266 18.493592
-Trial 141 0 43946266 18.551794
-Trial 142 0 43946266 18.576752
-Trial 143 0 43946266 18.587514
* 144: Cost = 0_43869505, Time = 15.30 sec. 
-Trial 144 0 43869505 18.605920
-Trial 145 0 43869505 18.611113
* 146: Cost = 0_43782831, Time = 15.32 sec. 
-Trial 146 0 43782831 18.627264
* 147: Cost = 0_43711714, Time = 15.33 sec. 
-Trial 147 0 43711714 18.633349
-Trial 148 0 43711714 18.695191
-Trial 149 0 43711714 18.712419
* 150: Cost = 0_43651109, Time = 15.43 sec. 
-Trial 150 0 43651109 18.728760
-Trial 151 0 43651109 18.807571
* 152: Cost = 0_43427943, Time = 15.53 sec. 
-Trial 152 0 43427943 18.831491
-Trial 153 0 43427943 18.887287
-Trial 154 0 43427943 18.915665
* 155: Cost = 0_43241222, Time = 15.65 sec. 
-Trial 155 0 43241222 18.952409
-Trial 156 0 43241222 18.991457
-Trial 157 0 43241222 18.993329
* 158: Cost = 0_43197439, Time = 15.69 sec. 
-Trial 158 0 43197439 18.996081
-Trial 159 0 43197439 19.051980
-Trial 160 0 43197439 19.070636
* 161: Cost = 0_43185895, Time = 15.78 sec. 
-Trial 161 0 43185895 19.078719
-Trial 162 0 43185895 19.101371
-Trial 163 0 43185895 19.153595
-Trial 164 0 43185895 19.170556
-Trial 165 0 43185895 19.192483
-Trial 166 0 43185895 19.208605
-Trial 167 0 43185895 19.217763
-Trial 168 0 43185895 19.279183
-Trial 169 0 43185895 19.297998
-Trial 170 0 43185895 19.348597
-Trial 171 0 43185895 19.459198
* 172: Cost = 0_43163921, Time = 16.17 sec. 
-Trial 172 0 43163921 19.476435
-Trial 173 0 43163921 19.481223
-Trial 174 0 43163921 19.484203
-Trial 175 0 43163921 19.531480
-Trial 176 0 43163921 19.545026
-Trial 177 0 43163921 19.606505
-Trial 178 0 43163921 19.625578
-Trial 179 0 43163921 19.631804
* 180: Cost = 0_43134702, Time = 16.36 sec. 
-Trial 180 0 43134702 19.657822
-Trial 181 0 43134702 19.729565
-Trial 182 0 43134702 19.769376
-Trial 183 0 43134702 19.808595
-Trial 184 0 43134702 19.918747
* 185: Cost = 0_43102213, Time = 16.65 sec. 
-Trial 185 0 43102213 19.956405
* 186: Cost = 0_43098005, Time = 16.66 sec. 
-Trial 186 0 43098005 19.963743
-Trial 187 0 43098005 19.977544
-Trial 188 0 43098005 20.080631
-Trial 189 0 43098005 20.086777
-Trial 190 0 43098005 20.099659
-Trial 191 0 43098005 20.114540
-Trial 192 0 43098005 20.124926
-Trial 193 0 43098005 20.205857
-Trial 194 0 43098005 20.254498
-Trial 195 0 43098005 20.277673
-Trial 196 0 43098005 20.280294
* 197: Cost = 0_43084531, Time = 17.00 sec. 
-Trial 197 0 43084531 20.306620
-Trial 198 0 43084531 20.335225
-Trial 199 0 43084531 20.348584
-Trial 200 0 43084531 20.365438
-Trial 201 0 43084531 20.427863
-Trial 202 0 43084531 20.435828
-Trial 203 0 43084531 20.443173
-Trial 204 0 43084531 20.494739
-Trial 205 0 43084531 20.536787
-Trial 206 0 43084531 20.541015
-Trial 207 0 43084531 20.564746
-Trial 208 0 43084531 20.625787
-Trial 209 0 43084531 20.714481
-Trial 210 0 43084531 20.714907
-Trial 211 0 43084531 20.772142
* 212: Cost = 0_43079174, Time = 17.48 sec. 
-Trial 212 0 43079174 20.785153
-Trial 213 0 43079174 20.806706
-Trial 214 0 43079174 20.807733
-Trial 215 0 43079174 20.824442
-Trial 216 0 43079174 20.885973
-Trial 217 0 43079174 20.888006
* 218: Cost = 0_43046537, Time = 17.61 sec. 
-Trial 218 0 43046537 20.908791
-Trial 219 0 43046537 20.916663
-Trial 220 0 43046537 21.031042
-Trial 221 0 43046537 21.052439
-Trial 222 0 43046537 21.062866
* 223: Cost = 0_42967614, Time = 17.80 sec. 
-Trial 223 0 42967614 21.097482
-Trial 224 0 42967614 21.102954
-Trial 225 0 42967614 21.131965
-Trial 226 0 42967614 21.138907
-Trial 227 0 42967614 21.157452
-Trial 228 0 42967614 21.163404
-Trial 229 0 42967614 21.208034
-Trial 230 0 42967614 21.211721
-Trial 231 0 42967614 21.296776
-Trial 232 0 42967614 21.336468
-Trial 233 0 42967614 21.417243
-Trial 234 0 42967614 21.451948
-Trial 235 0 42967614 21.499326
-Trial 236 0 42967614 21.528154
-Trial 237 0 42967614 21.554719
-Trial 238 0 42967614 21.570540
-Trial 239 0 42967614 21.588384
-Trial 240 0 42967614 21.611613
-Trial 241 0 42967614 21.626762
-Trial 242 0 42967614 21.656033
-Trial 243 0 42967614 21.674989
* 244: Cost = 0_42959992, Time = 18.38 sec. 
-Trial 244 0 42959992 21.677506
-Trial 245 0 42959992 21.711227
-Trial 246 0 42959992 21.723228
-Trial 247 0 42959992 21.728480
-Trial 248 0 42959992 21.751817
-Trial 249 0 42959992 21.774966
* 250: Cost = 0_42939304, Time = 18.53 sec. 
-Trial 250 0 42939304 21.835796
-Trial 251 0 42939304 21.883871
-Trial 252 0 42939304 21.911503
* 253: Cost = 0_42930145, Time = 18.63 sec. 
-Trial 253 0 42930145 21.927785
-Trial 254 0 42930145 21.950865
-Trial 255 0 42930145 21.986085
-Trial 256 0 42930145 21.999264
-Trial 257 0 42930145 22.003007
-Trial 258 0 42930145 22.016079
* 259: Cost = 0_42887964, Time = 18.72 sec. 
-Trial 259 0 42887964 22.023576
-Trial 260 0 42887964 22.028460
-Trial 261 0 42887964 22.042670
-Trial 262 0 42887964 22.134395
-Trial 263 0 42887964 22.182762
-Trial 264 0 42887964 22.266302
-Trial 265 0 42887964 22.360056
-Trial 266 0 42887964 22.419440
* 267: Cost = 0_42817121, Time = 19.16 sec. 
-Trial 267 0 42817121 22.462492
-Trial 268 0 42817121 22.476836
-Trial 269 0 42817121 22.483703
-Trial 270 0 42817121 22.497681
-Trial 271 0 42817121 22.504336
-Trial 272 0 42817121 22.569976
-Trial 273 0 42817121 22.575887
-Trial 274 0 42817121 22.584516
-Trial 275 0 42817121 22.607730
-Trial 276 0 42817121 22.617512
-Trial 277 0 42817121 22.623708
* 278: Cost = 0_42770236, Time = 19.43 sec. 
-Trial 278 0 42770236 22.733343
-Trial 279 0 42770236 22.733999
-Trial 280 0 42770236 22.742699
* 281: Cost = 0_42629738, Time = 19.47 sec. 
-Trial 281 0 42629738 22.777047
-Trial 282 0 42629738 22.778539
-Trial 283 0 42629738 22.785253
-Trial 284 0 42629738 22.842117
* 285: Cost = 0_42547793, Time = 19.60 sec. 
-Trial 285 0 42547793 22.899286
-Trial 286 0 42547793 22.906348
-Trial 287 0 42547793 22.934422
* 288: Cost = 0_42520162, Time = 19.65 sec. 
-Trial 288 0 42520162 22.954218
-Trial 289 0 42520162 22.981697
-Trial 290 0 42520162 23.048837
-Trial 291 0 42520162 23.054340
-Trial 292 0 42520162 23.067211
-Trial 293 0 42520162 23.081248
* 294: Cost = 0_42430683, Time = 19.79 sec. 
-Trial 294 0 42430683 23.089881
-Trial 295 0 42430683 23.099458
* 296: Cost = 0_42423928, Time = 19.85 sec. 
-Trial 296 0 42423928 23.156823
-Trial 297 0 42423928 23.188447
* 298: Cost = 0_42394169, Time = 19.90 sec. 
-Trial 298 0 42394169 23.204550
* 299: Cost = 0_42384540, Time = 19.91 sec. 
-Trial 299 0 42384540 23.208492
* 300: Cost = 0_42324457, Time = 19.92 sec. 
-Trial 300 0 42324457 23.219798
* 301: Cost = 0_42306320, Time = 19.93 sec. 
-Trial 301 0 42306320 23.234193
-Trial 302 0 42306320 23.239934
-Trial 303 0 42306320 23.264109
* 304: Cost = 0_42304295, Time = 19.97 sec. 
-Trial 304 0 42304295 23.274072
* 305: Cost = 0_42222437, Time = 20.00 sec. 
-Trial 305 0 42222437 23.300723
-Trial 306 0 42222437 23.325113
-Trial 307 0 42222437 23.350419
-Trial 308 0 42222437 23.398958
-Trial 309 0 42222437 23.403687
-Trial 310 0 42222437 23.406596
-Trial 311 0 42222437 23.412810
* 312: Cost = 0_42142820, Time = 20.14 sec. 
-Trial 312 0 42142820 23.446487
-Trial 313 0 42142820 23.518111
* 314: Cost = 0_42046985, Time = 20.23 sec. 
-Trial 314 0 42046985 23.534193
* 315: Cost = 0_41933150, Time = 20.24 sec. 
-Trial 315 0 41933150 23.541710
-Trial 316 0 41933150 23.546301
-Trial 317 0 41933150 23.557698
-Trial 318 0 41933150 23.574535
-Trial 319 0 41933150 23.606917
-Trial 320 0 41933150 23.623982
-Trial 321 0 41933150 23.630438
-Trial 322 0 41933150 23.633042
-Trial 323 0 41933150 23.660949
-Trial 324 0 41933150 23.667970
-Trial 325 0 41933150 23.731319
-Trial 326 0 41933150 23.741942
-Trial 327 0 41933150 23.810311
-Trial 328 0 41933150 23.826900
* 329: Cost = 0_41873236, Time = 20.58 sec. 
-Trial 329 0 41873236 23.885077
* 330: Cost = 0_41700386, Time = 20.66 sec. 
-Trial 330 0 41700386 23.966344
-Trial 331 0 41700386 23.995060
* 332: Cost = 0_41502995, Time = 20.77 sec. 
-Trial 332 0 41502995 24.068777
-Trial 333 0 41502995 24.127639
* 334: Cost = 0_41380728, Time = 20.83 sec. 
-Trial 334 0 41380728 24.135939
* 335: Cost = 0_41208422, Time = 20.85 sec. 
-Trial 335 0 41208422 24.148557
-Trial 336 0 41208422 24.162701
-Trial 337 0 41208422 24.201351
-Trial 338 0 41208422 24.203862
* 339: Cost = 0_41199221, Time = 20.92 sec. 
-Trial 339 0 41199221 24.224988
-Trial 340 0 41199221 24.247189
-Trial 341 0 41199221 24.255281
-Trial 342 0 41199221 24.272981
* 343: Cost = 0_40615580, Time = 21.08 sec. 
-Trial 343 0 40615580 24.385159
-Trial 344 0 40615580 24.409231
-Trial 345 0 40615580 24.431806
-Trial 346 0 40615580 24.444016
-Trial 347 0 40615580 24.473614
-Trial 348 0 40615580 24.649594
-Trial 349 0 40615580 24.663223
-Trial 350 0 40615580 24.763360
-Trial 351 0 40615580 24.771625
-Trial 352 0 40615580 24.781085
-Trial 353 0 40615580 24.787622
-Trial 354 0 40615580 24.807136
-Trial 355 0 40615580 24.813222
* 356: Cost = 0_40572094, Time = 21.57 sec. 
-Trial 356 0 40572094 24.875373
-Trial 357 0 40572094 24.883144
-Trial 358 0 40572094 24.887263
-Trial 359 0 40572094 24.899983
-Trial 360 0 40572094 24.905930
-Trial 361 0 40572094 24.983482
-Trial 362 0 40572094 25.008458
-Trial 363 0 40572094 25.017013
-Trial 364 0 40572094 25.020444
* 365: Cost = 0_40525389, Time = 21.74 sec. 
-Trial 365 0 40525389 25.041888
-Trial 366 0 40525389 25.065644
-Trial 367 0 40525389 25.076623
-Trial 368 0 40525389 25.102776
-Trial 369 0 40525389 25.179914
* 370: Cost = 0_40445689, Time = 21.91 sec. 
-Trial 370 0 40445689 25.215083
-Trial 371 0 40445689 25.223369
-Trial 372 0 40445689 25.223961
-Trial 373 0 40445689 25.228527
-Trial 374 0 40445689 25.228854
-Trial 375 0 40445689 25.236799
-Trial 376 0 40445689 25.295706
-Trial 377 0 40445689 25.301571
-Trial 378 0 40445689 25.325552
-Trial 379 0 40445689 25.345000
-Trial 380 0 40445689 25.356869
-Trial 381 0 40445689 25.375102
-Trial 382 0 40445689 25.440571
-Trial 383 0 40445689 25.473557
-Trial 384 0 40445689 25.526340
* 385: Cost = 0_40444799, Time = 22.25 sec. 
-Trial 385 0 40444799 25.548636
-Trial 386 0 40444799 25.562740
-Trial 387 0 40444799 25.587139
-Trial 388 0 40444799 25.601449
-Trial 389 0 40444799 25.609127
-Trial 390 0 40444799 25.644648
-Trial 391 0 40444799 25.695014
-Trial 392 0 40444799 25.760099
-Trial 393 0 40444799 25.763828
-Trial 394 0 40444799 25.782727
-Trial 395 0 40444799 25.800975
-Trial 396 0 40444799 25.809089
-Trial 397 0 40444799 25.814584
-Trial 398 0 40444799 25.832248
* 399: Cost = 0_40378716, Time = 22.60 sec. 
-Trial 399 0 40378716 25.904852
-Trial 400 0 40378716 25.913449
-Trial 401 0 40378716 25.952853
-Trial 402 0 40378716 25.953702
-Trial 403 0 40378716 25.972344
-Trial 404 0 40378716 25.978108
-Trial 405 0 40378716 26.003532
-Trial 406 0 40378716 26.012808
* 407: Cost = 0_40346087, Time = 22.73 sec. 
-Trial 407 0 40346087 26.031327
-Trial 408 0 40346087 26.031775
-Trial 409 0 40346087 26.055884
-Trial 410 0 40346087 26.107808
-Trial 411 0 40346087 26.138290
-Trial 412 0 40346087 26.149478
-Trial 413 0 40346087 26.162513
-Trial 414 0 40346087 26.169961
-Trial 415 0 40346087 26.211019
-Trial 416 0 40346087 26.238866
-Trial 417 0 40346087 26.265477
-Trial 418 0 40346087 26.348058
-Trial 419 0 40346087 26.369689
-Trial 420 0 40346087 26.387458
-Trial 421 0 40346087 26.430538
-Trial 422 0 40346087 26.655130
-Trial 423 0 40346087 26.662942
-Trial 424 0 40346087 26.785283
-Trial 425 0 40346087 26.840956
* 426: Cost = 0_40320492, Time = 23.57 sec. 
-Trial 426 0 40320492 26.875756
-Trial 427 0 40320492 27.050540
-Trial 428 0 40320492 27.104499
-Trial 429 0 40320492 27.123335
-Trial 430 0 40320492 27.131672
-Trial 431 0 40320492 27.142341
* 432: Cost = 0_40290514, Time = 23.85 sec. 
-Trial 432 0 40290514 27.149207
-Trial 433 0 40290514 27.155058
-Trial 434 0 40290514 27.170437
-Trial 435 0 40290514 27.192853
-Trial 436 0 40290514 27.229299
-Trial 437 0 40290514 27.248118
-Trial 438 0 40290514 27.287940
-Trial 439 0 40290514 27.295513
* 440: Cost = 0_40257877, Time = 24.01 sec. 
-Trial 440 0 40257877 27.307862
-Trial 441 0 40257877 27.310139
-Trial 442 0 40257877 27.316796
* 443: Cost = 0_40231101, Time = 24.04 sec. 
-Trial 443 0 40231101 27.343437
-Trial 444 0 40231101 27.359056
-Trial 445 0 40231101 27.377800
-Trial 446 0 40231101 27.397845
-Trial 447 0 40231101 27.407945
-Trial 448 0 40231101 27.428219
-Trial 449 0 40231101 27.429714
-Trial 450 0 40231101 27.672057
-Trial 451 0 40231101 27.685469
-Trial 452 0 40231101 27.700155
* 453: Cost = 0_40224599, Time = 24.44 sec. 
-Trial 453 0 40224599 27.738917
-Trial 454 0 40224599 27.748426
-Trial 455 0 40224599 27.773599
-Trial 456 0 40224599 27.792801
-Trial 457 0 40224599 27.797987
-Trial 458 0 40224599 27.820454
-Trial 459 0 40224599 27.840489
-Trial 460 0 40224599 27.843744
-Trial 461 0 40224599 27.895420
-Trial 462 0 40224599 27.914288
-Trial 463 0 40224599 27.960195
-Trial 464 0 40224599 28.042336
-Trial 465 0 40224599 28.076779
-Trial 466 0 40224599 28.095444
-Trial 467 0 40224599 28.096470
-Trial 468 0 40224599 28.129084
-Trial 469 0 40224599 28.131390
-Trial 470 0 40224599 28.151833
-Trial 471 0 40224599 28.152669
-Trial 472 0 40224599 28.168138
-Trial 473 0 40224599 28.259982
-Trial 474 0 40224599 28.277457
-Trial 475 0 40224599 28.325733
-Trial 476 0 40224599 28.397271
-Trial 477 0 40224599 28.409605
-Trial 478 0 40224599 28.433038
-Trial 479 0 40224599 28.486878
-Trial 480 0 40224599 28.503280
-Trial 481 0 40224599 28.516728
-Trial 482 0 40224599 28.585592
-Trial 483 0 40224599 28.586108
-Trial 484 0 40224599 28.666905
-Trial 485 0 40224599 28.671046
-Trial 486 0 40224599 28.681555
-Trial 487 0 40224599 28.725343
-Trial 488 0 40224599 28.785030
-Trial 489 0 40224599 28.793828
-Trial 490 0 40224599 28.823501
-Trial 491 0 40224599 28.877023
-Trial 492 0 40224599 28.888522
-Trial 493 0 40224599 28.898418
-Trial 494 0 40224599 28.950790
-Trial 495 0 40224599 28.957794
-Trial 496 0 40224599 29.025615
-Trial 497 0 40224599 29.034175
-Trial 498 0 40224599 29.079810
-Trial 499 0 40224599 29.084432
-Trial 500 0 40224599 29.087033
-Trial 501 0 40224599 29.098143
-Trial 502 0 40224599 29.145116
-Trial 503 0 40224599 29.197690
-Trial 504 0 40224599 29.242848
-Trial 505 0 40224599 29.280166
-Trial 506 0 40224599 29.290555
-Trial 507 0 40224599 29.291112
-Trial 508 0 40224599 29.294192
-Trial 509 0 40224599 29.297621
-Trial 510 0 40224599 29.334781
-Trial 511 0 40224599 29.343561
-Trial 512 0 40224599 29.366833
-Trial 513 0 40224599 29.395771
-Trial 514 0 40224599 29.398505
-Trial 515 0 40224599 29.436310
-Trial 516 0 40224599 29.452699
-Trial 517 0 40224599 29.458222
-Trial 518 0 40224599 29.474669
-Trial 519 0 40224599 29.490664
-Trial 520 0 40224599 29.520501
-Trial 521 0 40224599 29.539784
-Trial 522 0 40224599 29.560144
* 523: Cost = 0_40205459, Time = 26.29 sec. 
-Trial 523 0 40205459 29.595730
-Trial 524 0 40205459 29.600492
-Trial 525 0 40205459 29.627134
-Trial 526 0 40205459 29.674316
-Trial 527 0 40205459 29.692246
-Trial 528 0 40205459 29.699043
-Trial 529 0 40205459 29.705795
-Trial 530 0 40205459 29.770203
-Trial 531 0 40205459 29.804217
-Trial 532 0 40205459 29.811366
-Trial 533 0 40205459 29.816196
-Trial 534 0 40205459 29.859021
-Trial 535 0 40205459 29.883819
-Trial 536 0 40205459 29.889375
-Trial 537 0 40205459 29.890451
-Trial 538 0 40205459 29.973739
-Trial 539 0 40205459 30.002944
-Trial 540 0 40205459 30.013630
-Trial 541 0 40205459 30.026964
-Trial 542 0 40205459 30.039827
* 543: Cost = 0_40184746, Time = 26.75 sec. 
-Trial 543 0 40184746 30.053022
-Trial 544 0 40184746 30.055611
-Trial 545 0 40184746 30.070321
-Trial 546 0 40184746 30.075646
-Trial 547 0 40184746 30.091385
-Trial 548 0 40184746 30.102385
-Trial 549 0 40184746 30.128354
-Trial 550 0 40184746 30.130605
-Trial 551 0 40184746 30.149996
-Trial 552 0 40184746 30.175397
-Trial 553 0 40184746 30.197332
-Trial 554 0 40184746 30.210623
-Trial 555 0 40184746 30.227650
-Trial 556 0 40184746 30.228987
-Trial 557 0 40184746 30.237503
-Trial 558 0 40184746 30.276296
-Trial 559 0 40184746 30.288348
-Trial 560 0 40184746 30.329432
-Trial 561 0 40184746 30.331544
-Trial 562 0 40184746 30.402656
-Trial 563 0 40184746 30.564435
-Trial 564 0 40184746 30.573117
-Trial 565 0 40184746 30.576579
-Trial 566 0 40184746 30.590628
-Trial 567 0 40184746 30.604100
-Trial 568 0 40184746 30.627908
-Trial 569 0 40184746 30.630163
-Trial 570 0 40184746 30.647507
-Trial 571 0 40184746 30.786150
-Trial 572 0 40184746 30.790950
-Trial 573 0 40184746 30.814696
-Trial 574 0 40184746 30.818378
-Trial 575 0 40184746 30.835360
* 576: Cost = 0_40166989, Time = 27.54 sec. 
-Trial 576 0 40166989 30.841507
-Trial 577 0 40166989 30.853051
-Trial 578 0 40166989 30.873681
-Trial 579 0 40166989 30.896115
-Trial 580 0 40166989 30.962025
-Trial 581 0 40166989 31.023774
-Trial 582 0 40166989 31.026927
-Trial 583 0 40166989 31.033719
-Trial 584 0 40166989 31.038461
* 585: Cost = 0_40074447, Time = 27.74 sec. 
-Trial 585 0 40074447 31.041960
-Trial 586 0 40074447 31.051432
-Trial 587 0 40074447 31.103106
-Trial 588 0 40074447 31.103648
-Trial 589 0 40074447 31.158366
-Trial 590 0 40074447 31.166368
-Trial 591 0 40074447 31.188294
-Trial 592 0 40074447 31.224493
-Trial 593 0 40074447 31.237799
* 594: Cost = 0_39986949, Time = 27.95 sec. 
-Trial 594 0 39986949 31.250772
-Trial 595 0 39986949 31.327363
-Trial 596 0 39986949 31.356124
-Trial 597 0 39986949 31.452565
-Trial 598 0 39986949 31.457914
-Trial 599 0 39986949 31.493002
-Trial 600 0 39986949 31.494158
* 601: Cost = 0_39983695, Time = 28.21 sec. 
-Trial 601 0 39983695 31.516953
-Trial 602 0 39983695 31.546517
-Trial 603 0 39983695 31.557173
* 604: Cost = 0_39972178, Time = 28.26 sec. 
-Trial 604 0 39972178 31.566675
-Trial 605 0 39972178 31.611406
-Trial 606 0 39972178 31.617509
-Trial 607 0 39972178 31.641742
-Trial 608 0 39972178 31.648098
-Trial 609 0 39972178 31.677122
-Trial 610 0 39972178 31.684057
* 611: Cost = 0_39957668, Time = 28.43 sec. 
-Trial 611 0 39957668 31.734614
-Trial 612 0 39957668 31.776464
-Trial 613 0 39957668 31.845965
* 614: Cost = 0_39952167, Time = 28.55 sec. 
-Trial 614 0 39952167 31.850113
-Trial 615 0 39952167 32.008785
-Trial 616 0 39952167 32.028224
-Trial 617 0 39952167 32.039781
* 618: Cost = 0_39913233, Time = 28.75 sec. 
-Trial 618 0 39913233 32.048200
-Trial 619 0 39913233 32.060430
-Trial 620 0 39913233 32.068202
-Trial 621 0 39913233 32.111441
-Trial 622 0 39913233 32.119507
* 623: Cost = 0_39891326, Time = 28.83 sec. 
-Trial 623 0 39891326 32.127603
-Trial 624 0 39891326 32.154131
-Trial 625 0 39891326 32.300934
-Trial 626 0 39891326 32.348963
-Trial 627 0 39891326 32.394758
-Trial 628 0 39891326 32.422300
-Trial 629 0 39891326 32.465152
-Trial 630 0 39891326 32.520128
-Trial 631 0 39891326 32.524612
-Trial 632 0 39891326 32.704366
-Trial 633 0 39891326 32.720855
-Trial 634 0 39891326 32.729802
-Trial 635 0 39891326 32.775081
-Trial 636 0 39891326 32.780115
-Trial 637 0 39891326 32.789872
* 638: Cost = 0_39873166, Time = 29.50 sec. 
-Trial 638 0 39873166 32.798482
-Trial 639 0 39873166 32.801579
-Trial 640 0 39873166 32.810105
-Trial 641 0 39873166 32.850161
-Trial 642 0 39873166 32.859693
* 643: Cost = 0_39776475, Time = 29.57 sec. 
-Trial 643 0 39776475 32.875394
-Trial 644 0 39776475 32.885019
-Trial 645 0 39776475 32.900766
-Trial 646 0 39776475 32.949586
-Trial 647 0 39776475 32.962684
-Trial 648 0 39776475 33.030557
-Trial 649 0 39776475 33.032940
-Trial 650 0 39776475 33.061504
-Trial 651 0 39776475 33.076104
-Trial 652 0 39776475 33.083414
-Trial 653 0 39776475 33.091879
-Trial 654 0 39776475 33.097364
-Trial 655 0 39776475 33.098905
-Trial 656 0 39776475 33.114272
-Trial 657 0 39776475 33.142588
* 658: Cost = 0_39766170, Time = 29.87 sec. 
-Trial 658 0 39766170 33.168027
-Trial 659 0 39766170 33.173982
-Trial 660 0 39766170 33.362290
-Trial 661 0 39766170 33.365612
-Trial 662 0 39766170 33.392005
-Trial 663 0 39766170 33.397405
-Trial 664 0 39766170 33.443919
-Trial 665 0 39766170 33.448875
-Trial 666 0 39766170 33.454684
-Trial 667 0 39766170 33.464262
-Trial 668 0 39766170 33.535298
-Trial 669 0 39766170 33.551258
-Trial 670 0 39766170 33.557217
* 671: Cost = 0_39712177, Time = 30.28 sec. 
-Trial 671 0 39712177 33.580329
-Trial 672 0 39712177 33.594844
-Trial 673 0 39712177 33.634776
-Trial 674 0 39712177 33.659009
-Trial 675 0 39712177 33.720339
-Trial 676 0 39712177 33.723645
-Trial 677 0 39712177 33.738788
-Trial 678 0 39712177 33.786793
* 679: Cost = 0_39695331, Time = 30.50 sec. 
-Trial 679 0 39695331 33.797584
* 680: Cost = 0_39621419, Time = 30.51 sec. 
-Trial 680 0 39621419 33.810256
-Trial 681 0 39621419 33.819111
-Trial 682 0 39621419 34.054592
-Trial 683 0 39621419 34.070784
-Trial 684 0 39621419 34.074381
-Trial 685 0 39621419 34.089745
-Trial 686 0 39621419 34.112562
-Trial 687 0 39621419 34.125491
-Trial 688 0 39621419 34.129185
-Trial 689 0 39621419 34.136475
-Trial 690 0 39621419 34.140414
-Trial 691 0 39621419 34.198131
-Trial 692 0 39621419 34.217225
-Trial 693 0 39621419 34.255590
-Trial 694 0 39621419 34.259438
-Trial 695 0 39621419 34.280418
-Trial 696 0 39621419 34.296659
-Trial 697 0 39621419 34.315869
-Trial 698 0 39621419 34.335526
-Trial 699 0 39621419 34.380143
-Trial 700 0 39621419 34.398292
-Trial 701 0 39621419 34.417814
-Trial 702 0 39621419 34.432407
-Trial 703 0 39621419 34.445792
-Trial 704 0 39621419 34.455753
-Trial 705 0 39621419 34.474586
-Trial 706 0 39621419 34.500981
-Trial 707 0 39621419 34.511462
-Trial 708 0 39621419 34.534064
-Trial 709 0 39621419 34.537766
* 710: Cost = 0_39587116, Time = 31.29 sec. 
-Trial 710 0 39587116 34.595826
-Trial 711 0 39587116 34.659686
-Trial 712 0 39587116 34.671988
-Trial 713 0 39587116 34.680319
-Trial 714 0 39587116 34.711596
-Trial 715 0 39587116 34.716626
* 716: Cost = 0_39585452, Time = 31.45 sec. 
-Trial 716 0 39585452 34.748464
-Trial 717 0 39585452 34.770167
-Trial 718 0 39585452 34.792625
-Trial 719 0 39585452 34.804928
-Trial 720 0 39585452 34.864526
-Trial 721 0 39585452 34.874934
-Trial 722 0 39585452 34.876990
-Trial 723 0 39585452 34.902846
-Trial 724 0 39585452 34.909219
-Trial 725 0 39585452 34.931558
-Trial 726 0 39585452 34.934083
-Trial 727 0 39585452 34.946458
-Trial 728 0 39585452 34.977364
-Trial 729 0 39585452 34.979389
-Trial 730 0 39585452 34.986406
-Trial 731 0 39585452 35.002396
-Trial 732 0 39585452 35.020030
-Trial 733 0 39585452 35.047779
-Trial 734 0 39585452 35.071249
-Trial 735 0 39585452 35.080854
-Trial 736 0 39585452 35.088395
-Trial 737 0 39585452 35.111796
-Trial 738 0 39585452 35.158771
-Trial 739 0 39585452 35.167183
* 740: Cost = 0_39578148, Time = 31.90 sec. 
-Trial 740 0 39578148 35.203584
-Trial 741 0 39578148 35.208651
-Trial 742 0 39578148 35.213330
-Trial 743 0 39578148 35.221619
-Trial 744 0 39578148 35.228239
-Trial 745 0 39578148 35.248741
-Trial 746 0 39578148 35.255076
-Trial 747 0 39578148 35.298581
-Trial 748 0 39578148 35.309662
-Trial 749 0 39578148 35.319953
-Trial 750 0 39578148 35.338214
-Trial 751 0 39578148 35.340737
-Trial 752 0 39578148 35.392655
-Trial 753 0 39578148 35.421655
-Trial 754 0 39578148 35.469824
-Trial 755 0 39578148 35.500370
-Trial 756 0 39578148 35.534834
-Trial 757 0 39578148 35.545788
-Trial 758 0 39578148 35.570282
-Trial 759 0 39578148 35.578112
-Trial 760 0 39578148 35.596493
-Trial 761 0 39578148 35.600977
-Trial 762 0 39578148 35.625929
-Trial 763 0 39578148 35.645826
-Trial 764 0 39578148 35.663456
-Trial 765 0 39578148 35.720879
-Trial 766 0 39578148 35.776924
-Trial 767 0 39578148 35.847319
-Trial 768 0 39578148 35.927593
-Trial 769 0 39578148 35.928478
-Trial 770 0 39578148 35.932691
-Trial 771 0 39578148 35.946531
-Trial 772 0 39578148 35.953365
-Trial 773 0 39578148 35.954317
-Trial 774 0 39578148 35.974483
-Trial 775 0 39578148 35.993619
-Trial 776 0 39578148 36.026391
-Trial 777 0 39578148 36.321843
* 778: Cost = 0_39558780, Time = 33.02 sec. 
-Trial 778 0 39558780 36.323672
-Trial 779 0 39558780 36.351868
-Trial 780 0 39558780 36.369975
-Trial 781 0 39558780 36.384743
-Trial 782 0 39558780 36.426977
-Trial 783 0 39558780 36.450642
-Trial 784 0 39558780 36.472768
-Trial 785 0 39558780 36.513430
-Trial 786 0 39558780 36.530137
-Trial 787 0 39558780 36.550789
-Trial 788 0 39558780 36.615724
-Trial 789 0 39558780 36.628570
-Trial 790 0 39558780 36.689850
-Trial 791 0 39558780 36.734818
-Trial 792 0 39558780 36.791700
-Trial 793 0 39558780 36.832171
-Trial 794 0 39558780 36.834593
-Trial 795 0 39558780 36.852848
-Trial 796 0 39558780 36.893700
-Trial 797 0 39558780 36.911995
-Trial 798 0 39558780 36.938924
-Trial 799 0 39558780 36.954748
-Trial 800 0 39558780 37.005283
-Trial 801 0 39558780 37.049576
-Trial 802 0 39558780 37.050947
-Trial 803 0 39558780 37.059588
-Trial 804 0 39558780 37.077995
-Trial 805 0 39558780 37.089582
-Trial 806 0 39558780 37.113088
-Trial 807 0 39558780 37.170615
-Trial 808 0 39558780 37.248562
* 809: Cost = 0_39530872, Time = 33.96 sec. 
-Trial 809 0 39530872 37.260918
* 810: Cost = 0_39475122, Time = 33.96 sec. 
-Trial 810 0 39475122 37.267064
-Trial 811 0 39475122 37.278462
-Trial 812 0 39475122 37.284117
-Trial 813 0 39475122 37.290059
* 814: Cost = 0_39433753, Time = 34.01 sec. 
-Trial 814 0 39433753 37.310880
-Trial 815 0 39433753 37.318576
* 816: Cost = 0_39397000, Time = 34.03 sec. 
-Trial 816 0 39397000 37.334605
-Trial 817 0 39397000 37.400788
-Trial 818 0 39397000 37.455665
-Trial 819 0 39397000 37.482261
-Trial 820 0 39397000 37.493840
-Trial 821 0 39397000 37.512634
-Trial 822 0 39397000 37.691806
-Trial 823 0 39397000 37.735744
-Trial 824 0 39397000 37.741228
* 825: Cost = 0_39347907, Time = 34.45 sec. 
-Trial 825 0 39347907 37.754561
-Trial 826 0 39347907 37.762383
-Trial 827 0 39347907 37.769246
-Trial 828 0 39347907 37.803328
-Trial 829 0 39347907 37.807928
-Trial 830 0 39347907 37.825685
-Trial 831 0 39347907 37.841261
-Trial 832 0 39347907 37.843172
-Trial 833 0 39347907 37.849646
-Trial 834 0 39347907 37.862538
-Trial 835 0 39347907 37.888666
-Trial 836 0 39347907 37.919573
-Trial 837 0 39347907 37.943277
-Trial 838 0 39347907 37.990437
-Trial 839 0 39347907 38.004675
-Trial 840 0 39347907 38.010381
-Trial 841 0 39347907 38.019851
-Trial 842 0 39347907 38.059432
-Trial 843 0 39347907 38.086629
-Trial 844 0 39347907 38.126584
-Trial 845 0 39347907 38.143371
-Trial 846 0 39347907 38.156499
-Trial 847 0 39347907 38.202344
-Trial 848 0 39347907 38.203925
-Trial 849 0 39347907 38.205800
-Trial 850 0 39347907 38.222727
-Trial 851 0 39347907 38.277111
-Trial 852 0 39347907 38.286267
-Trial 853 0 39347907 38.303614
-Trial 854 0 39347907 38.311025
-Trial 855 0 39347907 38.313768
-Trial 856 0 39347907 38.346416
-Trial 857 0 39347907 38.350663
-Trial 858 0 39347907 38.362834
-Trial 859 0 39347907 38.388646
-Trial 860 0 39347907 38.422242
-Trial 861 0 39347907 38.441496
-Trial 862 0 39347907 38.461439
-Trial 863 0 39347907 38.469423
-Trial 864 0 39347907 38.473228
-Trial 865 0 39347907 38.500367
-Trial 866 0 39347907 38.617072
-Trial 867 0 39347907 38.627183
-Trial 868 0 39347907 38.638625
* 869: Cost = 0_39316269, Time = 35.35 sec. 
-Trial 869 0 39316269 38.650731
-Trial 870 0 39316269 38.659096
-Trial 871 0 39316269 38.694229
-Trial 872 0 39316269 38.700289
-Trial 873 0 39316269 38.732920
-Trial 874 0 39316269 38.795904
-Trial 875 0 39316269 38.831266
-Trial 876 0 39316269 38.849791
-Trial 877 0 39316269 38.901316
-Trial 878 0 39316269 38.969079
-Trial 879 0 39316269 38.970537
-Trial 880 0 39316269 38.977069
-Trial 881 0 39316269 38.982045
-Trial 882 0 39316269 38.985432
-Trial 883 0 39316269 38.998386
-Trial 884 0 39316269 39.085267
-Trial 885 0 39316269 39.165454
-Trial 886 0 39316269 39.171115
-Trial 887 0 39316269 39.179938
-Trial 888 0 39316269 39.188315
-Trial 889 0 39316269 39.215967
-Trial 890 0 39316269 39.224464
-Trial 891 0 39316269 39.246454
-Trial 892 0 39316269 39.270622
-Trial 893 0 39316269 39.314067
-Trial 894 0 39316269 39.355564
-Trial 895 0 39316269 39.370255
-Trial 896 0 39316269 39.385800
-Trial 897 0 39316269 39.397872
-Trial 898 0 39316269 39.420577
-Trial 899 0 39316269 39.452996
-Trial 900 0 39316269 39.527071
-Trial 901 0 39316269 39.572941
-Trial 902 0 39316269 39.577761
-Trial 903 0 39316269 39.587791
-Trial 904 0 39316269 39.658855
-Trial 905 0 39316269 39.670041
-Trial 906 0 39316269 39.674362
-Trial 907 0 39316269 39.675496
-Trial 908 0 39316269 39.693054
* 909: Cost = 0_39275978, Time = 36.47 sec. 
-Trial 909 0 39275978 39.773883
-Trial 910 0 39275978 39.814955
-Trial 911 0 39275978 39.845825
-Trial 912 0 39275978 39.858412
-Trial 913 0 39275978 39.887129
-Trial 914 0 39275978 39.926617
-Trial 915 0 39275978 39.939876
-Trial 916 0 39275978 39.943255
-Trial 917 0 39275978 39.966441
-Trial 918 0 39275978 39.976823
-Trial 919 0 39275978 39.986593
-Trial 920 0 39275978 39.994801
-Trial 921 0 39275978 40.027451
-Trial 922 0 39275978 40.066803
-Trial 923 0 39275978 40.070959
-Trial 924 0 39275978 40.148365
-Trial 925 0 39275978 40.166010
-Trial 926 0 39275978 40.195372
-Trial 927 0 39275978 40.198960
-Trial 928 0 39275978 40.228567
-Trial 929 0 39275978 40.232008
-Trial 930 0 39275978 40.237386
-Trial 931 0 39275978 40.244118
-Trial 932 0 39275978 40.262415
-Trial 933 0 39275978 40.320561
-Trial 934 0 39275978 40.325079
-Trial 935 0 39275978 40.379946
-Trial 936 0 39275978 40.391280
-Trial 937 0 39275978 40.398655
-Trial 938 0 39275978 40.421044
-Trial 939 0 39275978 40.431791
-Trial 940 0 39275978 40.437812
-Trial 941 0 39275978 40.447096
-Trial 942 0 39275978 40.464653
-Trial 943 0 39275978 40.475975
-Trial 944 0 39275978 40.482722
-Trial 945 0 39275978 40.513600
-Trial 946 0 39275978 40.518495
-Trial 947 0 39275978 40.569647
-Trial 948 0 39275978 40.688638
-Trial 949 0 39275978 40.694052
-Trial 950 0 39275978 40.748767
-Trial 951 0 39275978 40.912653
-Trial 952 0 39275978 40.917343
-Trial 953 0 39275978 40.935393
-Trial 954 0 39275978 40.948443
-Trial 955 0 39275978 40.972620
-Trial 956 0 39275978 40.997948
-Trial 957 0 39275978 41.002257
-Trial 958 0 39275978 41.056257
-Trial 959 0 39275978 41.090776
-Trial 960 0 39275978 41.160755
-Trial 961 0 39275978 41.178155
-Trial 962 0 39275978 41.215780
-Trial 963 0 39275978 41.245561
* 964: Cost = 0_39230125, Time = 37.96 sec. 
-Trial 964 0 39230125 41.263266
-Trial 965 0 39230125 41.297126
-Trial 966 0 39230125 41.305860
-Trial 967 0 39230125 41.323978
-Trial 968 0 39230125 41.331029
-Trial 969 0 39230125 41.376258
-Trial 970 0 39230125 41.385950
-Trial 971 0 39230125 41.436072
-Trial 972 0 39230125 41.501331
-Trial 973 0 39230125 41.546567
-Trial 974 0 39230125 41.556764
-Trial 975 0 39230125 41.561118
-Trial 976 0 39230125 41.564900
-Trial 977 0 39230125 41.585170
-Trial 978 0 39230125 41.592287
-Trial 979 0 39230125 41.603226
-Trial 980 0 39230125 41.605634
-Trial 981 0 39230125 41.615475
-Trial 982 0 39230125 41.634744
-Trial 983 0 39230125 41.636943
-Trial 984 0 39230125 41.651721
-Trial 985 0 39230125 41.656442
-Trial 986 0 39230125 41.695183
-Trial 987 0 39230125 41.711872
-Trial 988 0 39230125 41.841471
-Trial 989 0 39230125 41.893848
* 990: Cost = 0_39219995, Time = 38.71 sec. 
-Trial 990 0 39219995 42.014752
-Trial 991 0 39219995 42.050212
-Trial 992 0 39219995 42.058134
-Trial 993 0 39219995 42.060785
-Trial 994 0 39219995 42.072810
-Trial 995 0 39219995 42.118857
-Trial 996 0 39219995 42.138197
-Trial 997 0 39219995 42.156753
-Trial 998 0 39219995 42.171278
-Trial 999 0 39219995 42.206500
-Trial 1000 0 39219995 42.223348
Population:
  1: 0_39219995
Run 1: Cost = 0_39219995, Time = 38.92 sec. 

Successes/Runs = 0/1 
Cost.min = 39219995, Cost.avg = 39219995.00, Cost.max = 39219995
Gap.min = 0.0000%, Gap.avg = 0.0000%, Gap.max = 0.0000%
Penalty.min = 0, Penalty.avg = 0.00, Penalty.max = 0
Trials.min = 1000, Trials.avg = 1000.0, Trials.max = 1000
Time.min = 38.92 sec., Time.avg = 38.92 sec., Time.max = 38.92 sec.
Time.total = 42.22 sec.
  Size.min = 11, Size.max = 38, Penalty = 0
  Cost.min = 851996, Cost.max = 3044622, Cost.sum = 39219995
Best CVRPTW solution:
  Cost = 0_39219995
466 1 348 409 152 295 162 479 213 446 22 133 33 247 253 468 201 30 422 460 218 98 260 497 109 183 144 333 113 96 470 26 335 169 402 275 458 286 504 99 225 228 249 277 142 310 371 412 442 130 507 264 170 19 53 387 426 351 305 405 334 413 47 215 403 35 299 207 431 203 388 195 255 120 344 361 252 107 368 495 381 14 453 282 220 175 307 100 146 512 392 259 292 224 314 313 375 173 457 28 156 462 68 199 34 492 135 452 191 300 184 463 189 341 92 198 61 508 116 380 196 74 483 243 233 397 417 327 359 330 265 301 63 316 4 432 27 121 118 163 181 501 172 153 240 472 499 209 59 490 65 400 62 211 511 2 382 9 404 285 82 102 134 258 451 266 486 311 251 39 423 60 24 271 160 78 350 274 180 506 464 287 471 309 242 168 445 202 235 498 485 254 48 376 280 306 140 88 250 302 270 465 340 54 194 75 3 514 157 139 154 396 222 474 12 161 450 362 491 236 454 43 115 16 155 241 229 517 101 342 389 151 296 469 262 6 42 347 131 481 326 150 111 126 473 95 337 89 398 378 70 69 467 76 354 519 219 383 50 147 346 127 420 214 20 185 192 159 226 459 158 484 343 493 369 364 358 357 322 321 256 425 500 503 212 407 132 187 394 197 281 328 237 448 449 391 193 329 488 122 15 79 23 289 200 509 456 25 390 46 429 106 399 124 56 176 430 18 428 373 86 363 186 338 73 516 291 55 179 94 45 171 64 72 278 49 370 239 149 408 10 360 97 386 143 283 505 80 32 436 7 372 13 482 36 355 410 177 437 8 85 141 366 66 261 393 93 58 273 217 244 103 518 324 411 44 349 332 276 475 339 419 67 38 308 119 418 51 303 208 138 245 216 288 210 269 57 440 145 520 17 37 320 365 165 227 298 487 424 476 421 129 91 246 221 174 205 114 263 188 234 455 123 84 513 272 125 395 489 267 374 128 294 238 443 90 416 284 81 353 71 11 257 312 515 182 461 480 434 290 441 164 137 77 352 268 323 248 377 325 356 5 502 167 293 317 439 83 345 206 319 415 178 478 367 110 433 108 40 379 477 117 232 447 104 136 336 231 230 384 166 510 105 444 427 190 401 304 496 385 112 315 406 414 279 41 87 148 318 31 438 435 21 331 297 52 204 29 223 494 466 
