PARAMETER_FILE = result/cvrptw_500/LKH_para/408.para
Reading PROBLEM_FILE: "result/cvrptw_500/cvrptw/408.cvrptw" ... done
ASCENT_CANDIDATES = 50
BACKBONE_TRIALS = 0
BACKTRACKING = NO
# BWTSP =
# CANDIDATE_FILE =
CANDIDATE_SET_TYPE = ALPHA
DEPOT = 1
# EDGE_FILE =
EXCESS = 0.0384615
EXTERNAL_SALESMEN = 0
EXTRA_CANDIDATES = 0 
EXTRA_CANDIDATE_SET_TYPE = QUADRANT
GAIN23 = NO
GAIN_CRITERION = YES
INITIAL_PERIOD = 520
INITIAL_STEP_SIZE = 1
INITIAL_TOUR_ALGORITHM = WALK
# INITIAL_TOUR_FILE = 
INITIAL_TOUR_FRACTION = 1.000
# INPUT_TOUR_FILE = 
KICK_TYPE = 4
KICKS = 1
# MAX_BREADTH =
MAKESPAN = NO
MAX_CANDIDATES = 5 
MAX_SWAPS = 0
MAX_TRIALS = 1000
# MERGE_TOUR_FILE =
MOVE_TYPE = 5 SPECIAL
MTSP_MIN_SIZE = 1
MTSP_MAX_SIZE = 1039
# MTSP_SOLUTION_FILE = 
# NONSEQUENTIAL_MOVE_TYPE = 5
# OPTIMUM =
# OUTPUT_TOUR_FILE = 
PATCHING_A = 1 
PATCHING_C = 0 
# PI_FILE = 
POPMUSIC_INITIAL_TOUR = NO
POPMUSIC_MAX_NEIGHBORS = 5
POPMUSIC_SAMPLE_SIZE = 10
POPMUSIC_SOLUTIONS = 50
POPMUSIC_TRIALS = 1
POPULATION_SIZE = 10
PRECISION = 100
PROBLEM_FILE = result/cvrptw_500/cvrptw/408.cvrptw
RECOMBINATION = IPT
RESTRICTED_SEARCH = YES
RUNS = 1
SALESMEN = 20
SCALE = 1
SEED = 1234
# SINTEF_SOLUTION_FILE = 
STOP_AT_OPTIMUM = YES
SUBGRADIENT = YES
# SUBPROBLEM_SIZE =
# SUBPROBLEM_TOUR_FILE = 
SUBSEQUENT_MOVE_TYPE = 5 SPECIAL
SUBSEQUENT_PATCHING = YES
# TIME_LIMIT =
# TOUR_FILE = 
TRACE_LEVEL = 1
VEHICLES = 20

Lower bound = 28371235.2, Ascent time = 2.51 sec.
Cand.min = 5, Cand.avg = 5.0, Cand.max = 5
Edges.fixed = 520 [Cost = 0]
Preprocessing time = 2.59 sec.
* 1: Cost = 29680_59020779, Time = 3.58 sec. 
-Trial 1 29680 59020779 6.176502
* 2: Cost = 29680_58701239, Time = 3.62 sec. 
-Trial 2 29680 58701239 6.216427
* 3: Cost = 29680_58288820, Time = 3.70 sec. 
-Trial 3 29680 58288820 6.294501
* 4: Cost = 29680_57053511, Time = 4.02 sec. 
-Trial 4 29680 57053511 6.614508
* 5: Cost = 29680_55992606, Time = 4.18 sec. 
-Trial 5 29680 55992606 6.777829
* 6: Cost = 29680_55643378, Time = 4.25 sec. 
-Trial 6 29680 55643378 6.853768
-Trial 7 29680 55643378 7.030886
-Trial 8 29680 55643378 7.049712
-Trial 9 29680 55643378 7.099295
-Trial 10 29680 55643378 7.119397
* 11: Cost = 29680_54858984, Time = 4.68 sec. 
-Trial 11 29680 54858984 7.277732
-Trial 12 29680 54858984 7.323039
* 13: Cost = 29680_54582997, Time = 4.79 sec. 
-Trial 13 29680 54582997 7.385340
* 14: Cost = 29680_54478976, Time = 4.86 sec. 
-Trial 14 29680 54478976 7.461598
-Trial 15 29680 54478976 7.505592
-Trial 16 29680 54478976 7.506827
* 17: Cost = 29680_54448636, Time = 4.98 sec. 
-Trial 17 29680 54448636 7.580481
* 18: Cost = 29680_54252505, Time = 5.01 sec. 
-Trial 18 29680 54252505 7.606217
-Trial 19 29680 54252505 7.745098
-Trial 20 29680 54252505 7.790884
-Trial 21 29680 54252505 7.848681
-Trial 22 29680 54252505 7.975599
* 23: Cost = 29680_54228814, Time = 5.40 sec. 
-Trial 23 29680 54228814 7.997418
-Trial 24 29680 54228814 7.998588
-Trial 25 29680 54228814 8.066295
* 26: Cost = 29680_53780883, Time = 5.53 sec. 
-Trial 26 29680 53780883 8.129748
-Trial 27 29680 53780883 8.426867
-Trial 28 29680 53780883 8.433466
-Trial 29 29680 53780883 8.452059
-Trial 30 29680 53780883 8.492092
-Trial 31 29680 53780883 8.493021
* 32: Cost = 29680_53774595, Time = 5.97 sec. 
-Trial 32 29680 53774595 8.573021
* 33: Cost = 29680_53213834, Time = 6.16 sec. 
-Trial 33 29680 53213834 8.756904
-Trial 34 29680 53213834 8.813183
-Trial 35 29680 53213834 8.834488
-Trial 36 29680 53213834 8.859052
-Trial 37 29680 53213834 8.900243
-Trial 38 29680 53213834 9.052429
* 39: Cost = 29680_53106135, Time = 6.61 sec. 
-Trial 39 29680 53106135 9.209183
-Trial 40 29680 53106135 9.220711
* 41: Cost = 29680_52878241, Time = 6.67 sec. 
-Trial 41 29680 52878241 9.265838
-Trial 42 29680 52878241 9.355789
-Trial 43 29680 52878241 9.404541
* 44: Cost = 29680_52844799, Time = 6.82 sec. 
-Trial 44 29680 52844799 9.418708
-Trial 45 29680 52844799 9.465207
-Trial 46 29680 52844799 9.540056
* 47: Cost = 29680_52642438, Time = 6.98 sec. 
-Trial 47 29680 52642438 9.582751
-Trial 48 29680 52642438 9.688262
* 49: Cost = 29680_52541898, Time = 7.16 sec. 
-Trial 49 29680 52541898 9.763577
* 50: Cost = 29680_52265059, Time = 7.22 sec. 
-Trial 50 29680 52265059 9.817808
-Trial 51 29680 52265059 9.889860
-Trial 52 29680 52265059 9.972141
* 53: Cost = 29680_52258307, Time = 7.39 sec. 
-Trial 53 29680 52258307 9.987169
* 54: Cost = 29680_52254849, Time = 7.45 sec. 
-Trial 54 29680 52254849 10.053116
-Trial 55 29680 52254849 10.078878
* 56: Cost = 29680_52157821, Time = 7.52 sec. 
-Trial 56 29680 52157821 10.118782
-Trial 57 29680 52157821 10.230364
-Trial 58 29680 52157821 10.298532
-Trial 59 29680 52157821 10.334211
* 60: Cost = 29680_52006503, Time = 7.76 sec. 
-Trial 60 29680 52006503 10.358272
* 61: Cost = 29680_51960704, Time = 7.86 sec. 
-Trial 61 29680 51960704 10.464359
-Trial 62 29680 51960704 10.685451
-Trial 63 29680 51960704 10.722992
-Trial 64 29680 51960704 10.785143
-Trial 65 29680 51960704 10.972195
-Trial 66 29680 51960704 10.996864
* 67: Cost = 29680_51952501, Time = 8.44 sec. 
-Trial 67 29680 51952501 11.036347
* 68: Cost = 29680_51934542, Time = 8.45 sec. 
-Trial 68 29680 51934542 11.051942
-Trial 69 29680 51934542 11.145799
-Trial 70 29680 51934542 11.200183
-Trial 71 29680 51934542 11.263603
* 72: Cost = 29680_51243136, Time = 8.73 sec. 
-Trial 72 29680 51243136 11.325734
-Trial 73 29680 51243136 11.422183
* 74: Cost = 29680_51056884, Time = 8.87 sec. 
-Trial 74 29680 51056884 11.472275
-Trial 75 29680 51056884 11.499706
-Trial 76 29680 51056884 11.534513
-Trial 77 29680 51056884 11.669651
-Trial 78 29680 51056884 12.035499
-Trial 79 29680 51056884 12.071645
* 80: Cost = 29680_50959244, Time = 9.51 sec. 
-Trial 80 29680 50959244 12.104810
-Trial 81 29680 50959244 12.258167
* 82: Cost = 29680_50927431, Time = 9.72 sec. 
-Trial 82 29680 50927431 12.319648
* 83: Cost = 29680_50657187, Time = 10.02 sec. 
-Trial 83 29680 50657187 12.614488
* 84: Cost = 29680_50614311, Time = 10.05 sec. 
-Trial 84 29680 50614311 12.646275
* 85: Cost = 29680_50544794, Time = 10.09 sec. 
-Trial 85 29680 50544794 12.690294
* 86: Cost = 29680_50387303, Time = 10.12 sec. 
-Trial 86 29680 50387303 12.714381
-Trial 87 29680 50387303 12.761896
* 88: Cost = 29680_50275465, Time = 10.21 sec. 
-Trial 88 29680 50275465 12.808975
* 89: Cost = 29680_50245665, Time = 10.24 sec. 
-Trial 89 29680 50245665 12.835680
-Trial 90 29680 50245665 12.907168
* 91: Cost = 29680_50217335, Time = 10.46 sec. 
-Trial 91 29680 50217335 13.056274
* 92: Cost = 29680_50098896, Time = 10.50 sec. 
-Trial 92 29680 50098896 13.099557
* 93: Cost = 29680_50091197, Time = 10.54 sec. 
-Trial 93 29680 50091197 13.136120
-Trial 94 29680 50091197 13.205828
-Trial 95 29680 50091197 13.263973
* 96: Cost = 29680_50072644, Time = 10.75 sec. 
-Trial 96 29680 50072644 13.344581
-Trial 97 29680 50072644 13.362229
* 98: Cost = 29680_50063290, Time = 10.81 sec. 
-Trial 98 29680 50063290 13.406450
-Trial 99 29680 50063290 13.477887
* 100: Cost = 29680_49785416, Time = 11.02 sec. 
-Trial 100 29680 49785416 13.618184
-Trial 101 29680 49785416 13.646650
* 102: Cost = 29680_49776071, Time = 11.09 sec. 
-Trial 102 29680 49776071 13.689127
-Trial 103 29680 49776071 13.737822
* 104: Cost = 0_50130470, Time = 11.19 sec. 
-Trial 104 0 50130470 13.793996
* 105: Cost = 0_50063321, Time = 11.22 sec. 
-Trial 105 0 50063321 13.816124
-Trial 106 0 50063321 13.836325
-Trial 107 0 50063321 13.839732
-Trial 108 0 50063321 13.857300
-Trial 109 0 50063321 13.969780
-Trial 110 0 50063321 14.017259
-Trial 111 0 50063321 14.033406
* 112: Cost = 0_49955394, Time = 11.47 sec. 
-Trial 112 0 49955394 14.073531
-Trial 113 0 49955394 14.090826
-Trial 114 0 49955394 14.158335
* 115: Cost = 0_49906178, Time = 11.58 sec. 
-Trial 115 0 49906178 14.179049
-Trial 116 0 49906178 14.182297
-Trial 117 0 49906178 14.194000
-Trial 118 0 49906178 14.205536
* 119: Cost = 0_49580854, Time = 11.62 sec. 
-Trial 119 0 49580854 14.220002
-Trial 120 0 49580854 14.275638
-Trial 121 0 49580854 14.280773
* 122: Cost = 0_49568698, Time = 11.78 sec. 
-Trial 122 0 49568698 14.379805
* 123: Cost = 0_49553097, Time = 11.79 sec. 
-Trial 123 0 49553097 14.393529
* 124: Cost = 0_49224443, Time = 11.82 sec. 
-Trial 124 0 49224443 14.423069
-Trial 125 0 49224443 14.630628
* 126: Cost = 0_49062331, Time = 12.12 sec. 
-Trial 126 0 49062331 14.722054
-Trial 127 0 49062331 14.731697
* 128: Cost = 0_49025283, Time = 12.15 sec. 
-Trial 128 0 49025283 14.753203
* 129: Cost = 0_49020797, Time = 12.18 sec. 
-Trial 129 0 49020797 14.775164
-Trial 130 0 49020797 14.842422
-Trial 131 0 49020797 14.860779
-Trial 132 0 49020797 14.916687
-Trial 133 0 49020797 14.931212
-Trial 134 0 49020797 14.941245
* 135: Cost = 0_48888163, Time = 12.35 sec. 
-Trial 135 0 48888163 14.950240
-Trial 136 0 48888163 14.958010
-Trial 137 0 48888163 15.012506
-Trial 138 0 48888163 15.016868
-Trial 139 0 48888163 15.064288
-Trial 140 0 48888163 15.108144
* 141: Cost = 0_48847053, Time = 12.56 sec. 
-Trial 141 0 48847053 15.159932
-Trial 142 0 48847053 15.181163
-Trial 143 0 48847053 15.185714
-Trial 144 0 48847053 15.243074
-Trial 145 0 48847053 15.258504
-Trial 146 0 48847053 15.353328
* 147: Cost = 0_48762828, Time = 12.76 sec. 
-Trial 147 0 48762828 15.359881
* 148: Cost = 0_48728066, Time = 12.83 sec. 
-Trial 148 0 48728066 15.433562
-Trial 149 0 48728066 15.438003
-Trial 150 0 48728066 15.509190
-Trial 151 0 48728066 15.534659
-Trial 152 0 48728066 15.617071
-Trial 153 0 48728066 15.650230
-Trial 154 0 48728066 15.664252
-Trial 155 0 48728066 15.686737
* 156: Cost = 0_48572035, Time = 13.19 sec. 
-Trial 156 0 48572035 15.786654
* 157: Cost = 0_48532553, Time = 13.19 sec. 
-Trial 157 0 48532553 15.792213
-Trial 158 0 48532553 15.811599
-Trial 159 0 48532553 15.820948
-Trial 160 0 48532553 15.822237
-Trial 161 0 48532553 15.827559
-Trial 162 0 48532553 15.836317
-Trial 163 0 48532553 15.842348
-Trial 164 0 48532553 15.952310
-Trial 165 0 48532553 16.017319
-Trial 166 0 48532553 16.032632
* 167: Cost = 0_48526974, Time = 13.45 sec. 
-Trial 167 0 48526974 16.051915
-Trial 168 0 48526974 16.059546
-Trial 169 0 48526974 16.068790
-Trial 170 0 48526974 16.088968
-Trial 171 0 48526974 16.133080
-Trial 172 0 48526974 16.136475
-Trial 173 0 48526974 16.149964
-Trial 174 0 48526974 16.168531
-Trial 175 0 48526974 16.173703
* 176: Cost = 0_48478896, Time = 13.60 sec. 
-Trial 176 0 48478896 16.197582
-Trial 177 0 48478896 16.221190
-Trial 178 0 48478896 16.283824
* 179: Cost = 0_48407386, Time = 13.72 sec. 
-Trial 179 0 48407386 16.319690
-Trial 180 0 48407386 16.368331
-Trial 181 0 48407386 16.388038
* 182: Cost = 0_48306052, Time = 13.80 sec. 
-Trial 182 0 48306052 16.401790
* 183: Cost = 0_48218321, Time = 13.82 sec. 
-Trial 183 0 48218321 16.424036
-Trial 184 0 48218321 16.433012
* 185: Cost = 0_48203944, Time = 13.84 sec. 
-Trial 185 0 48203944 16.439412
-Trial 186 0 48203944 16.553322
-Trial 187 0 48203944 16.649917
-Trial 188 0 48203944 16.683528
* 189: Cost = 0_48154040, Time = 14.09 sec. 
-Trial 189 0 48154040 16.690328
* 190: Cost = 0_48102815, Time = 14.10 sec. 
-Trial 190 0 48102815 16.694424
* 191: Cost = 0_48082186, Time = 14.13 sec. 
-Trial 191 0 48082186 16.731281
-Trial 192 0 48082186 16.750770
-Trial 193 0 48082186 16.754677
-Trial 194 0 48082186 16.786263
-Trial 195 0 48082186 16.824977
-Trial 196 0 48082186 16.826323
-Trial 197 0 48082186 16.841822
* 198: Cost = 0_48041357, Time = 14.26 sec. 
-Trial 198 0 48041357 16.854522
-Trial 199 0 48041357 16.881761
-Trial 200 0 48041357 16.888254
-Trial 201 0 48041357 16.890164
-Trial 202 0 48041357 16.913536
-Trial 203 0 48041357 16.957456
-Trial 204 0 48041357 16.985729
* 205: Cost = 0_48040093, Time = 14.41 sec. 
-Trial 205 0 48040093 17.006913
-Trial 206 0 48040093 17.014108
-Trial 207 0 48040093 17.031089
-Trial 208 0 48040093 17.042443
-Trial 209 0 48040093 17.066598
-Trial 210 0 48040093 17.130523
-Trial 211 0 48040093 17.154080
-Trial 212 0 48040093 17.157613
* 213: Cost = 0_47917366, Time = 14.59 sec. 
-Trial 213 0 47917366 17.187915
* 214: Cost = 0_47917252, Time = 14.60 sec. 
-Trial 214 0 47917252 17.199510
-Trial 215 0 47917252 17.229175
* 216: Cost = 0_47903351, Time = 14.65 sec. 
-Trial 216 0 47903351 17.248583
* 217: Cost = 0_47883196, Time = 14.68 sec. 
-Trial 217 0 47883196 17.274828
-Trial 218 0 47883196 17.275327
-Trial 219 0 47883196 17.327357
-Trial 220 0 47883196 17.336491
-Trial 221 0 47883196 17.447218
* 222: Cost = 0_47858004, Time = 14.85 sec. 
-Trial 222 0 47858004 17.450596
* 223: Cost = 0_47789416, Time = 14.86 sec. 
-Trial 223 0 47789416 17.457221
* 224: Cost = 0_47757954, Time = 14.88 sec. 
-Trial 224 0 47757954 17.479200
-Trial 225 0 47757954 17.488607
* 226: Cost = 0_47658052, Time = 15.01 sec. 
-Trial 226 0 47658052 17.605977
-Trial 227 0 47658052 17.611728
* 228: Cost = 0_47550322, Time = 15.02 sec. 
-Trial 228 0 47550322 17.617050
-Trial 229 0 47550322 17.626155
-Trial 230 0 47550322 17.668543
-Trial 231 0 47550322 17.765521
-Trial 232 0 47550322 17.771632
-Trial 233 0 47550322 17.808046
-Trial 234 0 47550322 17.809478
-Trial 235 0 47550322 17.899167
* 236: Cost = 0_47531625, Time = 15.30 sec. 
-Trial 236 0 47531625 17.901149
-Trial 237 0 47531625 17.983769
* 238: Cost = 0_47476658, Time = 15.39 sec. 
-Trial 238 0 47476658 17.990908
-Trial 239 0 47476658 18.004098
-Trial 240 0 47476658 18.021227
-Trial 241 0 47476658 18.029650
* 242: Cost = 0_47465378, Time = 15.44 sec. 
-Trial 242 0 47465378 18.043494
-Trial 243 0 47465378 18.052292
-Trial 244 0 47465378 18.071597
-Trial 245 0 47465378 18.080528
-Trial 246 0 47465378 18.085582
-Trial 247 0 47465378 18.110710
-Trial 248 0 47465378 18.128997
-Trial 249 0 47465378 18.150325
-Trial 250 0 47465378 18.156813
-Trial 251 0 47465378 18.166880
-Trial 252 0 47465378 18.168619
-Trial 253 0 47465378 18.217739
-Trial 254 0 47465378 18.327845
-Trial 255 0 47465378 18.345529
-Trial 256 0 47465378 18.352370
-Trial 257 0 47465378 18.363101
-Trial 258 0 47465378 18.374070
-Trial 259 0 47465378 18.430729
* 260: Cost = 0_47347761, Time = 15.85 sec. 
-Trial 260 0 47347761 18.448015
-Trial 261 0 47347761 18.496669
-Trial 262 0 47347761 18.510457
-Trial 263 0 47347761 18.516938
-Trial 264 0 47347761 18.537887
-Trial 265 0 47347761 18.539126
* 266: Cost = 0_47246783, Time = 15.99 sec. 
-Trial 266 0 47246783 18.591884
-Trial 267 0 47246783 18.615418
-Trial 268 0 47246783 18.618633
-Trial 269 0 47246783 18.625779
-Trial 270 0 47246783 18.640198
-Trial 271 0 47246783 18.690794
-Trial 272 0 47246783 18.718983
-Trial 273 0 47246783 18.746374
-Trial 274 0 47246783 18.787251
* 275: Cost = 0_47228050, Time = 16.19 sec. 
-Trial 275 0 47228050 18.790524
-Trial 276 0 47228050 18.802431
-Trial 277 0 47228050 18.856733
-Trial 278 0 47228050 19.006361
-Trial 279 0 47228050 19.006842
-Trial 280 0 47228050 19.030000
-Trial 281 0 47228050 19.079844
-Trial 282 0 47228050 19.086372
-Trial 283 0 47228050 19.112735
-Trial 284 0 47228050 19.128790
-Trial 285 0 47228050 19.138227
-Trial 286 0 47228050 19.145342
* 287: Cost = 0_47169590, Time = 16.55 sec. 
-Trial 287 0 47169590 19.152203
-Trial 288 0 47169590 19.180717
-Trial 289 0 47169590 19.229560
-Trial 290 0 47169590 19.245184
-Trial 291 0 47169590 19.271036
-Trial 292 0 47169590 19.282163
-Trial 293 0 47169590 19.291972
-Trial 294 0 47169590 19.308624
-Trial 295 0 47169590 19.323123
-Trial 296 0 47169590 19.351785
-Trial 297 0 47169590 19.359478
-Trial 298 0 47169590 19.365439
-Trial 299 0 47169590 19.385996
* 300: Cost = 0_47068417, Time = 16.79 sec. 
-Trial 300 0 47068417 19.388231
-Trial 301 0 47068417 19.447080
-Trial 302 0 47068417 19.459086
-Trial 303 0 47068417 19.474813
* 304: Cost = 0_47062971, Time = 16.88 sec. 
-Trial 304 0 47062971 19.483387
-Trial 305 0 47062971 19.501811
* 306: Cost = 0_46936331, Time = 16.92 sec. 
-Trial 306 0 46936331 19.519804
-Trial 307 0 46936331 19.563365
* 308: Cost = 0_46915610, Time = 16.97 sec. 
-Trial 308 0 46915610 19.570086
-Trial 309 0 46915610 19.589668
-Trial 310 0 46915610 19.595153
-Trial 311 0 46915610 19.606897
-Trial 312 0 46915610 19.619533
* 313: Cost = 0_46828658, Time = 17.11 sec. 
-Trial 313 0 46828658 19.707418
-Trial 314 0 46828658 19.713041
-Trial 315 0 46828658 19.768034
-Trial 316 0 46828658 19.794850
-Trial 317 0 46828658 19.807648
* 318: Cost = 0_46820952, Time = 17.21 sec. 
-Trial 318 0 46820952 19.813610
-Trial 319 0 46820952 19.824061
-Trial 320 0 46820952 19.833615
-Trial 321 0 46820952 19.856928
-Trial 322 0 46820952 19.859937
-Trial 323 0 46820952 19.862380
-Trial 324 0 46820952 19.904343
* 325: Cost = 0_46813162, Time = 17.41 sec. 
-Trial 325 0 46813162 20.010617
-Trial 326 0 46813162 20.035961
-Trial 327 0 46813162 20.042544
-Trial 328 0 46813162 20.051343
-Trial 329 0 46813162 20.056058
-Trial 330 0 46813162 20.090033
* 331: Cost = 0_46714917, Time = 17.51 sec. 
-Trial 331 0 46714917 20.110520
* 332: Cost = 0_46683885, Time = 17.53 sec. 
-Trial 332 0 46683885 20.129407
-Trial 333 0 46683885 20.155620
-Trial 334 0 46683885 20.160310
-Trial 335 0 46683885 20.180069
-Trial 336 0 46683885 20.181726
-Trial 337 0 46683885 20.217498
-Trial 338 0 46683885 20.232406
* 339: Cost = 0_46577045, Time = 17.64 sec. 
-Trial 339 0 46577045 20.243179
-Trial 340 0 46577045 20.267702
-Trial 341 0 46577045 20.280490
-Trial 342 0 46577045 20.302381
-Trial 343 0 46577045 20.332492
-Trial 344 0 46577045 20.418900
-Trial 345 0 46577045 20.449533
* 346: Cost = 0_46550027, Time = 17.92 sec. 
-Trial 346 0 46550027 20.517985
-Trial 347 0 46550027 20.523279
-Trial 348 0 46550027 20.572200
-Trial 349 0 46550027 20.574943
-Trial 350 0 46550027 20.577017
* 351: Cost = 0_46252924, Time = 18.00 sec. 
-Trial 351 0 46252924 20.599643
-Trial 352 0 46252924 20.615395
-Trial 353 0 46252924 20.639857
-Trial 354 0 46252924 20.643725
-Trial 355 0 46252924 20.677007
-Trial 356 0 46252924 20.681527
-Trial 357 0 46252924 20.689136
-Trial 358 0 46252924 20.704032
-Trial 359 0 46252924 20.735360
-Trial 360 0 46252924 20.738569
* 361: Cost = 0_46179388, Time = 18.17 sec. 
-Trial 361 0 46179388 20.768971
-Trial 362 0 46179388 20.783717
-Trial 363 0 46179388 20.799303
-Trial 364 0 46179388 20.804833
-Trial 365 0 46179388 20.840035
-Trial 366 0 46179388 20.875382
* 367: Cost = 0_46157604, Time = 18.28 sec. 
-Trial 367 0 46157604 20.882283
* 368: Cost = 0_46157175, Time = 18.29 sec. 
-Trial 368 0 46157175 20.893225
-Trial 369 0 46157175 20.923161
-Trial 370 0 46157175 20.955107
-Trial 371 0 46157175 20.993042
* 372: Cost = 0_46107271, Time = 18.42 sec. 
-Trial 372 0 46107271 21.018997
-Trial 373 0 46107271 21.054206
-Trial 374 0 46107271 21.055953
-Trial 375 0 46107271 21.058601
-Trial 376 0 46107271 21.071751
-Trial 377 0 46107271 21.078636
-Trial 378 0 46107271 21.089494
* 379: Cost = 0_45990980, Time = 18.55 sec. 
-Trial 379 0 45990980 21.147591
-Trial 380 0 45990980 21.161657
* 381: Cost = 0_45937786, Time = 18.57 sec. 
-Trial 381 0 45937786 21.172751
-Trial 382 0 45937786 21.173311
* 383: Cost = 0_45901315, Time = 18.58 sec. 
-Trial 383 0 45901315 21.178062
-Trial 384 0 45901315 21.264319
-Trial 385 0 45901315 21.334293
-Trial 386 0 45901315 21.342306
-Trial 387 0 45901315 21.404614
-Trial 388 0 45901315 21.436643
-Trial 389 0 45901315 21.452251
-Trial 390 0 45901315 21.453972
-Trial 391 0 45901315 21.467311
* 392: Cost = 0_45379940, Time = 18.96 sec. 
-Trial 392 0 45379940 21.555754
-Trial 393 0 45379940 21.565042
-Trial 394 0 45379940 21.680537
-Trial 395 0 45379940 21.740677
-Trial 396 0 45379940 21.818408
-Trial 397 0 45379940 21.827616
-Trial 398 0 45379940 21.832157
-Trial 399 0 45379940 21.940463
* 400: Cost = 0_45322698, Time = 19.40 sec. 
-Trial 400 0 45322698 21.997939
-Trial 401 0 45322698 22.017707
-Trial 402 0 45322698 22.031998
* 403: Cost = 0_45281972, Time = 19.44 sec. 
-Trial 403 0 45281972 22.039405
* 404: Cost = 0_45246487, Time = 19.46 sec. 
-Trial 404 0 45246487 22.057204
-Trial 405 0 45246487 22.088951
-Trial 406 0 45246487 22.118428
-Trial 407 0 45246487 22.243997
-Trial 408 0 45246487 22.320914
-Trial 409 0 45246487 22.338260
-Trial 410 0 45246487 22.372318
-Trial 411 0 45246487 22.400383
-Trial 412 0 45246487 22.407833
-Trial 413 0 45246487 22.429587
-Trial 414 0 45246487 22.438301
-Trial 415 0 45246487 22.476947
-Trial 416 0 45246487 22.569796
-Trial 417 0 45246487 22.676452
* 418: Cost = 0_45225484, Time = 20.08 sec. 
-Trial 418 0 45225484 22.683692
-Trial 419 0 45225484 22.685575
-Trial 420 0 45225484 22.697323
-Trial 421 0 45225484 22.703605
-Trial 422 0 45225484 22.886421
-Trial 423 0 45225484 23.082826
-Trial 424 0 45225484 23.087234
-Trial 425 0 45225484 23.090295
-Trial 426 0 45225484 23.104117
-Trial 427 0 45225484 23.109399
-Trial 428 0 45225484 23.142947
-Trial 429 0 45225484 23.144596
-Trial 430 0 45225484 23.146457
-Trial 431 0 45225484 23.173837
-Trial 432 0 45225484 23.211948
-Trial 433 0 45225484 23.224021
-Trial 434 0 45225484 23.251222
-Trial 435 0 45225484 23.254743
-Trial 436 0 45225484 23.278274
-Trial 437 0 45225484 23.286188
-Trial 438 0 45225484 23.297442
-Trial 439 0 45225484 23.314639
-Trial 440 0 45225484 23.317010
-Trial 441 0 45225484 23.337237
-Trial 442 0 45225484 23.368884
-Trial 443 0 45225484 23.372485
-Trial 444 0 45225484 23.383950
-Trial 445 0 45225484 23.428074
-Trial 446 0 45225484 23.472256
-Trial 447 0 45225484 23.484315
-Trial 448 0 45225484 23.500080
-Trial 449 0 45225484 23.501778
-Trial 450 0 45225484 23.509731
-Trial 451 0 45225484 23.521251
-Trial 452 0 45225484 23.530827
-Trial 453 0 45225484 23.620249
-Trial 454 0 45225484 23.656066
-Trial 455 0 45225484 23.660714
-Trial 456 0 45225484 23.680692
-Trial 457 0 45225484 23.791194
-Trial 458 0 45225484 23.793696
-Trial 459 0 45225484 23.812793
-Trial 460 0 45225484 23.856369
-Trial 461 0 45225484 23.864711
-Trial 462 0 45225484 23.968837
-Trial 463 0 45225484 23.971239
-Trial 464 0 45225484 24.034712
-Trial 465 0 45225484 24.070487
-Trial 466 0 45225484 24.075273
-Trial 467 0 45225484 24.100755
-Trial 468 0 45225484 24.120910
-Trial 469 0 45225484 24.127056
* 470: Cost = 0_45206341, Time = 21.56 sec. 
-Trial 470 0 45206341 24.163297
-Trial 471 0 45206341 24.163780
-Trial 472 0 45206341 24.164475
-Trial 473 0 45206341 24.201490
-Trial 474 0 45206341 24.210753
-Trial 475 0 45206341 24.226327
-Trial 476 0 45206341 24.239714
-Trial 477 0 45206341 24.318222
-Trial 478 0 45206341 24.344891
-Trial 479 0 45206341 24.354633
-Trial 480 0 45206341 24.385299
-Trial 481 0 45206341 24.408673
-Trial 482 0 45206341 24.429127
-Trial 483 0 45206341 24.434161
* 484: Cost = 0_45102916, Time = 21.87 sec. 
-Trial 484 0 45102916 24.470250
-Trial 485 0 45102916 24.478983
-Trial 486 0 45102916 24.486740
-Trial 487 0 45102916 24.559303
* 488: Cost = 0_45088587, Time = 21.99 sec. 
-Trial 488 0 45088587 24.586920
-Trial 489 0 45088587 24.684856
-Trial 490 0 45088587 24.693937
-Trial 491 0 45088587 24.702390
-Trial 492 0 45088587 24.736724
-Trial 493 0 45088587 24.757761
-Trial 494 0 45088587 24.768641
-Trial 495 0 45088587 24.800249
-Trial 496 0 45088587 24.833935
-Trial 497 0 45088587 24.898432
-Trial 498 0 45088587 24.929321
-Trial 499 0 45088587 24.930781
-Trial 500 0 45088587 24.936161
-Trial 501 0 45088587 24.947557
-Trial 502 0 45088587 24.957695
-Trial 503 0 45088587 24.960248
-Trial 504 0 45088587 24.974285
-Trial 505 0 45088587 24.992854
-Trial 506 0 45088587 25.138853
-Trial 507 0 45088587 25.159879
-Trial 508 0 45088587 25.171504
-Trial 509 0 45088587 25.179669
-Trial 510 0 45088587 25.190759
-Trial 511 0 45088587 25.194143
-Trial 512 0 45088587 25.209232
-Trial 513 0 45088587 25.234896
-Trial 514 0 45088587 25.244417
* 515: Cost = 0_45072542, Time = 22.65 sec. 
-Trial 515 0 45072542 25.253597
-Trial 516 0 45072542 25.254330
-Trial 517 0 45072542 25.298389
-Trial 518 0 45072542 25.303032
-Trial 519 0 45072542 25.318181
-Trial 520 0 45072542 25.323968
-Trial 521 0 45072542 25.357677
-Trial 522 0 45072542 25.371224
-Trial 523 0 45072542 25.392461
-Trial 524 0 45072542 25.395396
-Trial 525 0 45072542 25.415105
-Trial 526 0 45072542 25.416368
-Trial 527 0 45072542 25.438411
-Trial 528 0 45072542 25.462304
-Trial 529 0 45072542 25.488376
-Trial 530 0 45072542 25.495875
-Trial 531 0 45072542 25.505859
-Trial 532 0 45072542 25.514319
-Trial 533 0 45072542 25.556326
-Trial 534 0 45072542 25.582691
-Trial 535 0 45072542 25.648382
-Trial 536 0 45072542 25.666935
-Trial 537 0 45072542 25.757039
-Trial 538 0 45072542 25.760831
-Trial 539 0 45072542 25.815268
-Trial 540 0 45072542 25.860493
-Trial 541 0 45072542 25.862413
-Trial 542 0 45072542 25.898171
-Trial 543 0 45072542 25.989422
-Trial 544 0 45072542 26.022218
-Trial 545 0 45072542 26.028851
-Trial 546 0 45072542 26.154289
-Trial 547 0 45072542 26.164781
-Trial 548 0 45072542 26.187376
-Trial 549 0 45072542 26.239211
-Trial 550 0 45072542 26.285412
-Trial 551 0 45072542 26.421968
-Trial 552 0 45072542 26.553235
-Trial 553 0 45072542 26.567574
-Trial 554 0 45072542 26.593002
-Trial 555 0 45072542 26.600323
-Trial 556 0 45072542 26.601275
-Trial 557 0 45072542 26.607492
-Trial 558 0 45072542 26.615305
-Trial 559 0 45072542 26.746647
-Trial 560 0 45072542 26.757424
-Trial 561 0 45072542 26.766960
* 562: Cost = 0_45068078, Time = 24.21 sec. 
-Trial 562 0 45068078 26.806736
-Trial 563 0 45068078 26.824112
-Trial 564 0 45068078 26.837123
-Trial 565 0 45068078 26.842493
-Trial 566 0 45068078 26.857429
-Trial 567 0 45068078 26.900415
-Trial 568 0 45068078 26.909744
-Trial 569 0 45068078 26.913808
-Trial 570 0 45068078 26.937246
-Trial 571 0 45068078 26.954372
-Trial 572 0 45068078 26.960826
-Trial 573 0 45068078 26.971823
-Trial 574 0 45068078 26.978619
-Trial 575 0 45068078 26.997036
-Trial 576 0 45068078 27.031641
-Trial 577 0 45068078 27.052920
-Trial 578 0 45068078 27.069633
-Trial 579 0 45068078 27.076592
-Trial 580 0 45068078 27.085074
-Trial 581 0 45068078 27.123986
-Trial 582 0 45068078 27.137052
-Trial 583 0 45068078 27.180297
-Trial 584 0 45068078 27.183162
-Trial 585 0 45068078 27.190593
-Trial 586 0 45068078 27.203687
* 587: Cost = 0_45058151, Time = 24.61 sec. 
-Trial 587 0 45058151 27.213177
* 588: Cost = 0_44954238, Time = 24.64 sec. 
-Trial 588 0 44954238 27.243102
-Trial 589 0 44954238 27.258571
-Trial 590 0 44954238 27.273558
-Trial 591 0 44954238 27.277487
-Trial 592 0 44954238 27.305466
-Trial 593 0 44954238 27.321935
-Trial 594 0 44954238 27.369579
-Trial 595 0 44954238 27.380775
-Trial 596 0 44954238 27.420201
-Trial 597 0 44954238 27.435194
-Trial 598 0 44954238 27.446339
-Trial 599 0 44954238 27.465091
-Trial 600 0 44954238 27.475876
-Trial 601 0 44954238 27.486193
-Trial 602 0 44954238 27.520383
-Trial 603 0 44954238 27.590534
-Trial 604 0 44954238 27.595932
-Trial 605 0 44954238 27.609441
-Trial 606 0 44954238 27.701275
-Trial 607 0 44954238 27.741374
-Trial 608 0 44954238 27.778747
-Trial 609 0 44954238 27.789403
-Trial 610 0 44954238 27.810447
-Trial 611 0 44954238 27.853298
-Trial 612 0 44954238 27.859701
-Trial 613 0 44954238 27.870898
-Trial 614 0 44954238 27.887299
-Trial 615 0 44954238 27.914339
-Trial 616 0 44954238 27.993032
-Trial 617 0 44954238 28.128880
-Trial 618 0 44954238 28.157223
* 619: Cost = 0_44876018, Time = 25.58 sec. 
-Trial 619 0 44876018 28.179378
-Trial 620 0 44876018 28.185043
-Trial 621 0 44876018 28.204074
-Trial 622 0 44876018 28.288147
-Trial 623 0 44876018 28.331906
-Trial 624 0 44876018 28.352736
-Trial 625 0 44876018 28.426232
-Trial 626 0 44876018 28.447162
-Trial 627 0 44876018 28.452876
-Trial 628 0 44876018 28.483551
-Trial 629 0 44876018 28.506692
-Trial 630 0 44876018 28.539380
-Trial 631 0 44876018 28.625622
-Trial 632 0 44876018 28.639768
-Trial 633 0 44876018 28.667924
-Trial 634 0 44876018 28.708489
-Trial 635 0 44876018 28.757367
-Trial 636 0 44876018 28.778600
-Trial 637 0 44876018 28.803699
-Trial 638 0 44876018 28.843171
-Trial 639 0 44876018 28.887620
-Trial 640 0 44876018 28.899843
-Trial 641 0 44876018 28.922576
-Trial 642 0 44876018 28.945748
-Trial 643 0 44876018 28.959945
-Trial 644 0 44876018 28.982703
-Trial 645 0 44876018 29.021496
-Trial 646 0 44876018 29.023641
* 647: Cost = 0_44871864, Time = 26.49 sec. 
-Trial 647 0 44871864 29.086005
-Trial 648 0 44871864 29.099554
-Trial 649 0 44871864 29.131311
-Trial 650 0 44871864 29.135998
-Trial 651 0 44871864 29.140308
-Trial 652 0 44871864 29.155169
-Trial 653 0 44871864 29.202704
-Trial 654 0 44871864 29.329023
-Trial 655 0 44871864 29.351313
-Trial 656 0 44871864 29.391115
-Trial 657 0 44871864 29.430804
-Trial 658 0 44871864 29.471801
-Trial 659 0 44871864 29.501041
-Trial 660 0 44871864 29.542145
-Trial 661 0 44871864 29.548562
-Trial 662 0 44871864 29.580379
-Trial 663 0 44871864 29.603324
-Trial 664 0 44871864 29.752205
-Trial 665 0 44871864 29.759284
-Trial 666 0 44871864 29.781484
-Trial 667 0 44871864 29.808783
-Trial 668 0 44871864 29.817300
-Trial 669 0 44871864 29.825138
-Trial 670 0 44871864 29.857048
-Trial 671 0 44871864 29.932196
-Trial 672 0 44871864 29.954649
-Trial 673 0 44871864 30.009644
-Trial 674 0 44871864 30.043912
-Trial 675 0 44871864 30.093921
-Trial 676 0 44871864 30.107240
-Trial 677 0 44871864 30.113647
* 678: Cost = 0_44806382, Time = 27.52 sec. 
-Trial 678 0 44806382 30.122635
-Trial 679 0 44806382 30.149514
-Trial 680 0 44806382 30.150644
-Trial 681 0 44806382 30.179321
* 682: Cost = 0_44792185, Time = 27.64 sec. 
-Trial 682 0 44792185 30.237764
-Trial 683 0 44792185 30.273135
-Trial 684 0 44792185 30.284068
-Trial 685 0 44792185 30.324284
-Trial 686 0 44792185 30.332438
-Trial 687 0 44792185 30.341506
-Trial 688 0 44792185 30.382185
* 689: Cost = 0_44790028, Time = 27.80 sec. 
-Trial 689 0 44790028 30.402492
* 690: Cost = 0_44765144, Time = 27.81 sec. 
-Trial 690 0 44765144 30.406245
-Trial 691 0 44765144 30.408373
-Trial 692 0 44765144 30.432442
-Trial 693 0 44765144 30.434414
-Trial 694 0 44765144 30.465582
-Trial 695 0 44765144 30.472335
-Trial 696 0 44765144 30.486216
-Trial 697 0 44765144 30.491865
-Trial 698 0 44765144 30.536098
-Trial 699 0 44765144 30.563731
-Trial 700 0 44765144 30.568715
-Trial 701 0 44765144 30.575312
-Trial 702 0 44765144 30.581278
-Trial 703 0 44765144 30.847120
-Trial 704 0 44765144 30.860770
-Trial 705 0 44765144 30.877655
-Trial 706 0 44765144 30.945741
-Trial 707 0 44765144 30.964884
-Trial 708 0 44765144 30.990961
-Trial 709 0 44765144 31.046492
* 710: Cost = 0_44739455, Time = 28.48 sec. 
-Trial 710 0 44739455 31.079648
-Trial 711 0 44739455 31.122590
-Trial 712 0 44739455 31.138478
-Trial 713 0 44739455 31.367391
-Trial 714 0 44739455 31.372925
-Trial 715 0 44739455 31.429022
-Trial 716 0 44739455 31.435725
-Trial 717 0 44739455 31.444297
-Trial 718 0 44739455 31.568114
-Trial 719 0 44739455 31.600999
-Trial 720 0 44739455 31.616056
-Trial 721 0 44739455 31.630688
-Trial 722 0 44739455 31.634103
* 723: Cost = 0_44738550, Time = 29.11 sec. 
-Trial 723 0 44738550 31.705690
* 724: Cost = 0_44729245, Time = 29.21 sec. 
-Trial 724 0 44729245 31.805447
-Trial 725 0 44729245 31.831450
-Trial 726 0 44729245 31.881636
-Trial 727 0 44729245 31.903152
-Trial 728 0 44729245 31.924854
-Trial 729 0 44729245 31.925346
-Trial 730 0 44729245 31.936225
-Trial 731 0 44729245 32.083519
-Trial 732 0 44729245 32.118090
* 733: Cost = 0_44712898, Time = 29.53 sec. 
-Trial 733 0 44712898 32.133780
-Trial 734 0 44712898 32.325754
-Trial 735 0 44712898 32.401340
-Trial 736 0 44712898 32.410595
-Trial 737 0 44712898 32.433505
-Trial 738 0 44712898 32.441183
-Trial 739 0 44712898 32.459955
-Trial 740 0 44712898 32.473918
-Trial 741 0 44712898 32.494060
-Trial 742 0 44712898 32.496225
-Trial 743 0 44712898 32.518367
-Trial 744 0 44712898 32.523134
-Trial 745 0 44712898 32.553733
-Trial 746 0 44712898 32.590921
-Trial 747 0 44712898 32.597098
-Trial 748 0 44712898 32.606575
-Trial 749 0 44712898 32.625791
-Trial 750 0 44712898 32.664566
-Trial 751 0 44712898 32.693816
-Trial 752 0 44712898 32.733021
-Trial 753 0 44712898 32.772963
-Trial 754 0 44712898 32.779552
-Trial 755 0 44712898 32.804587
-Trial 756 0 44712898 32.842417
* 757: Cost = 0_44697374, Time = 30.25 sec. 
-Trial 757 0 44697374 32.852273
-Trial 758 0 44697374 32.864903
-Trial 759 0 44697374 32.899666
-Trial 760 0 44697374 32.938149
-Trial 761 0 44697374 32.951627
-Trial 762 0 44697374 32.970418
-Trial 763 0 44697374 33.092712
-Trial 764 0 44697374 33.112734
-Trial 765 0 44697374 33.137164
-Trial 766 0 44697374 33.174273
-Trial 767 0 44697374 33.200588
-Trial 768 0 44697374 33.304149
-Trial 769 0 44697374 33.333060
-Trial 770 0 44697374 33.335478
-Trial 771 0 44697374 33.347380
-Trial 772 0 44697374 33.473774
-Trial 773 0 44697374 33.477411
-Trial 774 0 44697374 33.493892
-Trial 775 0 44697374 33.501107
-Trial 776 0 44697374 33.508903
-Trial 777 0 44697374 33.547604
-Trial 778 0 44697374 33.570816
* 779: Cost = 0_44606144, Time = 31.01 sec. 
-Trial 779 0 44606144 33.611883
-Trial 780 0 44606144 33.617228
-Trial 781 0 44606144 33.650461
-Trial 782 0 44606144 33.668907
-Trial 783 0 44606144 33.686131
-Trial 784 0 44606144 33.728626
-Trial 785 0 44606144 33.768984
-Trial 786 0 44606144 33.776413
-Trial 787 0 44606144 33.793458
-Trial 788 0 44606144 33.799876
-Trial 789 0 44606144 33.813096
-Trial 790 0 44606144 33.856887
-Trial 791 0 44606144 33.870049
-Trial 792 0 44606144 33.878281
-Trial 793 0 44606144 33.884308
-Trial 794 0 44606144 33.898159
-Trial 795 0 44606144 33.916720
-Trial 796 0 44606144 33.928388
-Trial 797 0 44606144 33.940512
-Trial 798 0 44606144 33.993084
-Trial 799 0 44606144 34.123360
-Trial 800 0 44606144 34.183675
-Trial 801 0 44606144 34.190554
-Trial 802 0 44606144 34.193516
-Trial 803 0 44606144 34.202478
-Trial 804 0 44606144 34.211505
-Trial 805 0 44606144 34.239298
-Trial 806 0 44606144 34.241859
-Trial 807 0 44606144 34.248689
-Trial 808 0 44606144 34.263605
-Trial 809 0 44606144 34.276051
-Trial 810 0 44606144 34.301740
-Trial 811 0 44606144 34.340990
-Trial 812 0 44606144 34.341426
-Trial 813 0 44606144 34.381171
-Trial 814 0 44606144 34.442383
-Trial 815 0 44606144 34.451617
-Trial 816 0 44606144 34.462317
-Trial 817 0 44606144 34.466845
-Trial 818 0 44606144 34.469969
-Trial 819 0 44606144 34.476851
-Trial 820 0 44606144 34.483135
-Trial 821 0 44606144 34.488755
-Trial 822 0 44606144 34.560206
-Trial 823 0 44606144 34.582541
-Trial 824 0 44606144 34.588737
-Trial 825 0 44606144 34.593333
-Trial 826 0 44606144 34.621686
-Trial 827 0 44606144 34.628177
-Trial 828 0 44606144 34.646410
-Trial 829 0 44606144 34.876995
-Trial 830 0 44606144 34.905925
-Trial 831 0 44606144 35.035399
-Trial 832 0 44606144 35.088228
-Trial 833 0 44606144 35.095054
-Trial 834 0 44606144 35.098312
-Trial 835 0 44606144 35.239665
-Trial 836 0 44606144 35.240083
-Trial 837 0 44606144 35.295966
-Trial 838 0 44606144 35.320885
-Trial 839 0 44606144 35.403950
-Trial 840 0 44606144 35.404849
-Trial 841 0 44606144 35.459946
-Trial 842 0 44606144 35.480376
-Trial 843 0 44606144 35.492144
-Trial 844 0 44606144 35.496802
-Trial 845 0 44606144 35.521540
-Trial 846 0 44606144 35.543452
-Trial 847 0 44606144 35.544955
-Trial 848 0 44606144 35.560680
-Trial 849 0 44606144 35.564619
-Trial 850 0 44606144 35.572549
-Trial 851 0 44606144 35.580863
-Trial 852 0 44606144 35.638654
-Trial 853 0 44606144 35.649547
-Trial 854 0 44606144 35.668589
-Trial 855 0 44606144 35.677457
-Trial 856 0 44606144 35.680861
-Trial 857 0 44606144 35.694543
-Trial 858 0 44606144 35.717212
-Trial 859 0 44606144 35.908554
-Trial 860 0 44606144 35.947410
-Trial 861 0 44606144 35.977091
-Trial 862 0 44606144 36.026595
-Trial 863 0 44606144 36.050260
-Trial 864 0 44606144 36.078488
-Trial 865 0 44606144 36.122441
-Trial 866 0 44606144 36.327774
-Trial 867 0 44606144 36.371180
-Trial 868 0 44606144 36.411702
-Trial 869 0 44606144 36.468938
-Trial 870 0 44606144 36.626555
-Trial 871 0 44606144 36.701434
-Trial 872 0 44606144 36.708197
-Trial 873 0 44606144 36.710364
-Trial 874 0 44606144 36.716999
-Trial 875 0 44606144 36.767554
-Trial 876 0 44606144 36.790818
-Trial 877 0 44606144 36.810909
-Trial 878 0 44606144 36.823143
-Trial 879 0 44606144 36.843582
-Trial 880 0 44606144 36.866634
-Trial 881 0 44606144 36.886760
-Trial 882 0 44606144 36.945814
-Trial 883 0 44606144 36.969905
-Trial 884 0 44606144 37.074647
-Trial 885 0 44606144 37.113397
-Trial 886 0 44606144 37.162416
-Trial 887 0 44606144 37.425456
-Trial 888 0 44606144 37.451357
-Trial 889 0 44606144 37.472281
-Trial 890 0 44606144 37.506431
-Trial 891 0 44606144 37.741404
-Trial 892 0 44606144 37.926115
-Trial 893 0 44606144 37.937163
-Trial 894 0 44606144 37.948977
-Trial 895 0 44606144 38.027538
-Trial 896 0 44606144 38.042212
-Trial 897 0 44606144 38.076028
-Trial 898 0 44606144 38.088327
-Trial 899 0 44606144 38.100984
-Trial 900 0 44606144 38.125228
-Trial 901 0 44606144 38.159230
-Trial 902 0 44606144 38.169877
-Trial 903 0 44606144 38.185519
-Trial 904 0 44606144 38.204380
-Trial 905 0 44606144 38.280711
-Trial 906 0 44606144 38.284808
-Trial 907 0 44606144 38.293344
-Trial 908 0 44606144 38.310515
-Trial 909 0 44606144 38.317782
-Trial 910 0 44606144 38.409291
-Trial 911 0 44606144 38.411647
* 912: Cost = 0_44602298, Time = 35.83 sec. 
-Trial 912 0 44602298 38.430323
-Trial 913 0 44602298 38.500397
-Trial 914 0 44602298 38.514386
-Trial 915 0 44602298 38.519772
-Trial 916 0 44602298 38.531764
-Trial 917 0 44602298 38.534866
-Trial 918 0 44602298 38.566306
-Trial 919 0 44602298 38.579071
-Trial 920 0 44602298 38.634128
-Trial 921 0 44602298 38.652945
-Trial 922 0 44602298 38.718460
-Trial 923 0 44602298 38.754762
-Trial 924 0 44602298 38.794300
-Trial 925 0 44602298 38.810550
-Trial 926 0 44602298 38.813432
-Trial 927 0 44602298 38.824720
-Trial 928 0 44602298 39.029055
-Trial 929 0 44602298 39.034465
-Trial 930 0 44602298 39.036902
-Trial 931 0 44602298 39.041844
-Trial 932 0 44602298 39.050039
-Trial 933 0 44602298 39.071487
-Trial 934 0 44602298 39.088068
-Trial 935 0 44602298 39.096105
-Trial 936 0 44602298 39.108236
-Trial 937 0 44602298 39.115371
-Trial 938 0 44602298 39.125134
-Trial 939 0 44602298 39.162742
-Trial 940 0 44602298 39.171614
-Trial 941 0 44602298 39.246289
-Trial 942 0 44602298 39.258548
-Trial 943 0 44602298 39.263607
-Trial 944 0 44602298 39.307334
-Trial 945 0 44602298 39.320148
-Trial 946 0 44602298 39.320903
-Trial 947 0 44602298 39.328820
-Trial 948 0 44602298 39.336024
-Trial 949 0 44602298 39.355949
-Trial 950 0 44602298 39.363153
-Trial 951 0 44602298 39.389231
-Trial 952 0 44602298 39.453545
-Trial 953 0 44602298 39.549854
-Trial 954 0 44602298 39.570533
* 955: Cost = 0_44572059, Time = 37.03 sec. 
-Trial 955 0 44572059 39.632343
-Trial 956 0 44572059 39.663475
* 957: Cost = 0_44558423, Time = 37.08 sec. 
-Trial 957 0 44558423 39.678140
-Trial 958 0 44558423 39.699469
-Trial 959 0 44558423 39.713949
-Trial 960 0 44558423 39.722540
-Trial 961 0 44558423 39.755568
-Trial 962 0 44558423 39.815987
-Trial 963 0 44558423 39.827406
-Trial 964 0 44558423 39.844914
-Trial 965 0 44558423 39.873516
-Trial 966 0 44558423 39.885421
-Trial 967 0 44558423 39.905850
-Trial 968 0 44558423 39.920102
-Trial 969 0 44558423 39.930377
-Trial 970 0 44558423 39.945452
-Trial 971 0 44558423 39.965068
-Trial 972 0 44558423 40.014677
-Trial 973 0 44558423 40.040903
-Trial 974 0 44558423 40.046091
-Trial 975 0 44558423 40.048507
-Trial 976 0 44558423 40.085130
-Trial 977 0 44558423 40.102995
-Trial 978 0 44558423 40.120470
-Trial 979 0 44558423 40.171815
-Trial 980 0 44558423 40.181160
-Trial 981 0 44558423 40.190203
-Trial 982 0 44558423 40.242561
-Trial 983 0 44558423 40.323171
-Trial 984 0 44558423 40.345211
-Trial 985 0 44558423 40.351206
-Trial 986 0 44558423 40.376285
-Trial 987 0 44558423 40.383623
-Trial 988 0 44558423 40.387458
-Trial 989 0 44558423 40.398318
-Trial 990 0 44558423 40.412495
-Trial 991 0 44558423 40.429793
-Trial 992 0 44558423 40.432478
-Trial 993 0 44558423 40.474610
-Trial 994 0 44558423 40.486809
-Trial 995 0 44558423 40.556114
-Trial 996 0 44558423 40.568188
-Trial 997 0 44558423 40.589126
-Trial 998 0 44558423 40.610097
-Trial 999 0 44558423 40.649346
-Trial 1000 0 44558423 40.686300
Population:
  1: 0_44558423
Run 1: Cost = 0_44558423, Time = 38.09 sec. 

Successes/Runs = 0/1 
Cost.min = 44558423, Cost.avg = 44558423.00, Cost.max = 44558423
Gap.min = 0.0000%, Gap.avg = 0.0000%, Gap.max = 0.0000%
Penalty.min = 0, Penalty.avg = 0.00, Penalty.max = 0
Trials.min = 1000, Trials.avg = 1000.0, Trials.max = 1000
Time.min = 38.09 sec., Time.avg = 38.09 sec., Time.max = 38.09 sec.
Time.total = 40.69 sec.
  Size.min = 15, Size.max = 38, Penalty = 0
  Cost.min = 1122993, Cost.max = 3428707, Cost.sum = 44558423
Best CVRPTW solution:
  Cost = 0_44558423
262 1 473 78 2 435 143 482 305 193 410 213 259 25 225 95 159 326 154 231 458 65 142 293 504 128 173 134 164 334 487 481 172 162 405 492 241 228 304 368 52 483 330 105 185 517 24 407 26 247 158 82 90 18 347 99 290 395 3 29 319 374 348 417 23 514 14 321 197 392 198 366 57 389 175 48 256 444 364 32 50 467 31 147 59 437 372 145 201 463 120 491 108 479 510 354 71 235 168 327 13 400 261 477 66 234 171 251 34 125 346 511 80 103 17 151 16 217 122 306 451 498 94 87 86 367 411 30 379 41 376 296 488 398 63 369 101 341 349 315 286 515 167 192 408 60 441 272 144 263 404 352 385 58 288 432 204 56 338 260 453 280 109 61 126 107 240 285 431 448 478 470 513 325 40 250 499 202 15 416 249 37 254 136 114 464 22 84 314 274 357 253 104 266 512 265 73 355 471 386 459 436 176 449 207 215 382 212 342 318 506 409 363 335 135 466 77 418 232 83 70 233 490 419 248 242 289 8 423 300 81 425 258 403 44 508 178 406 413 303 230 316 396 76 320 465 75 74 79 308 224 279 420 191 183 353 221 152 119 47 443 42 493 111 209 507 294 196 472 377 468 361 438 430 281 200 337 64 399 356 227 456 359 89 38 350 264 35 157 312 484 236 131 383 503 115 388 11 239 161 387 106 179 469 205 188 68 381 402 373 447 28 223 92 165 494 332 331 462 72 311 148 273 12 516 110 229 210 485 98 113 429 450 133 203 46 302 245 238 67 55 446 20 434 51 496 414 461 139 489 226 129 501 309 371 218 509 53 36 299 169 97 336 298 170 146 88 497 9 155 216 163 186 394 500 252 117 160 137 7 495 132 474 141 455 370 33 211 206 475 156 121 287 454 271 518 424 365 269 153 194 457 243 93 96 182 427 428 278 123 180 412 244 345 187 10 27 344 199 343 322 339 324 519 460 127 166 476 391 100 21 317 208 486 442 222 440 415 362 401 181 19 149 184 118 220 219 277 393 422 268 502 426 301 177 292 380 323 43 190 295 267 189 246 310 140 116 39 340 358 333 351 138 480 452 130 124 390 276 6 112 284 329 439 174 445 520 307 257 237 384 375 360 433 62 49 195 4 91 291 54 275 421 297 150 505 102 69 255 378 283 397 313 85 214 282 328 5 45 270 262 
