PARAMETER_FILE = result/cvrptw_500/LKH_para/420.para
Reading PROBLEM_FILE: "result/cvrptw_500/cvrptw/420.cvrptw" ... done
ASCENT_CANDIDATES = 50
BACKBONE_TRIALS = 0
BACKTRACKING = NO
# BWTSP =
# CANDIDATE_FILE =
CANDIDATE_SET_TYPE = ALPHA
DEPOT = 1
# EDGE_FILE =
EXCESS = 0.0384615
EXTERNAL_SALESMEN = 0
EXTRA_CANDIDATES = 0 
EXTRA_CANDIDATE_SET_TYPE = QUADRANT
GAIN23 = NO
GAIN_CRITERION = YES
INITIAL_PERIOD = 520
INITIAL_STEP_SIZE = 1
INITIAL_TOUR_ALGORITHM = WALK
# INITIAL_TOUR_FILE = 
INITIAL_TOUR_FRACTION = 1.000
# INPUT_TOUR_FILE = 
KICK_TYPE = 4
KICKS = 1
# MAX_BREADTH =
MAKESPAN = NO
MAX_CANDIDATES = 5 
MAX_SWAPS = 0
MAX_TRIALS = 1000
# MERGE_TOUR_FILE =
MOVE_TYPE = 5 SPECIAL
MTSP_MIN_SIZE = 1
MTSP_MAX_SIZE = 1039
# MTSP_SOLUTION_FILE = 
# NONSEQUENTIAL_MOVE_TYPE = 5
# OPTIMUM =
# OUTPUT_TOUR_FILE = 
PATCHING_A = 1 
PATCHING_C = 0 
# PI_FILE = 
POPMUSIC_INITIAL_TOUR = NO
POPMUSIC_MAX_NEIGHBORS = 5
POPMUSIC_SAMPLE_SIZE = 10
POPMUSIC_SOLUTIONS = 50
POPMUSIC_TRIALS = 1
POPULATION_SIZE = 10
PRECISION = 100
PROBLEM_FILE = result/cvrptw_500/cvrptw/420.cvrptw
RECOMBINATION = IPT
RESTRICTED_SEARCH = YES
RUNS = 1
SALESMEN = 20
SCALE = 1
SEED = 1234
# SINTEF_SOLUTION_FILE = 
STOP_AT_OPTIMUM = YES
SUBGRADIENT = YES
# SUBPROBLEM_SIZE =
# SUBPROBLEM_TOUR_FILE = 
SUBSEQUENT_MOVE_TYPE = 5 SPECIAL
SUBSEQUENT_PATCHING = YES
# TIME_LIMIT =
# TOUR_FILE = 
TRACE_LEVEL = 1
VEHICLES = 20

Lower bound = 23313749.9, Ascent time = 2.88 sec.
Cand.min = 5, Cand.avg = 5.0, Cand.max = 5
Edges.fixed = 520 [Cost = 0]
Preprocessing time = 2.96 sec.
* 1: Cost = 1086161_54281887, Time = 4.25 sec. 
-Trial 1 1086161 54281887 7.211738
* 2: Cost = 1086161_53916429, Time = 4.36 sec. 
-Trial 2 1086161 53916429 7.326883
-Trial 3 1086161 53916429 7.414268
* 4: Cost = 1086161_53142527, Time = 4.66 sec. 
-Trial 4 1086161 53142527 7.626473
* 5: Cost = 1086161_52982171, Time = 4.76 sec. 
-Trial 5 1086161 52982171 7.725869
* 6: Cost = 1086161_52924277, Time = 4.95 sec. 
-Trial 6 1086161 52924277 7.920973
* 7: Cost = 1086161_52851694, Time = 5.04 sec. 
-Trial 7 1086161 52851694 8.008579
-Trial 8 1086161 52851694 8.052846
-Trial 9 1086161 52851694 8.298765
-Trial 10 1086161 52851694 8.460093
* 11: Cost = 1086161_52817264, Time = 5.59 sec. 
-Trial 11 1086161 52817264 8.558507
* 12: Cost = 1001366_53555366, Time = 5.99 sec. 
-Trial 12 1001366 53555366 8.961234
-Trial 13 1001366 53555366 9.229267
* 14: Cost = 1001366_53040091, Time = 6.38 sec. 
-Trial 14 1001366 53040091 9.346478
-Trial 15 1001366 53040091 9.408835
* 16: Cost = 1001366_52991560, Time = 6.56 sec. 
-Trial 16 1001366 52991560 9.527292
* 17: Cost = 1001366_52401270, Time = 6.63 sec. 
-Trial 17 1001366 52401270 9.593065
* 18: Cost = 1001366_52365893, Time = 6.67 sec. 
-Trial 18 1001366 52365893 9.636267
-Trial 19 1001366 52365893 9.685679
-Trial 20 1001366 52365893 9.763749
* 21: Cost = 1001366_51066729, Time = 6.94 sec. 
-Trial 21 1001366 51066729 9.906664
-Trial 22 1001366 51066729 9.972650
-Trial 23 1001366 51066729 10.283739
-Trial 24 1001366 51066729 10.289360
-Trial 25 1001366 51066729 10.336240
* 26: Cost = 1001366_50992826, Time = 7.77 sec. 
-Trial 26 1001366 50992826 10.737264
* 27: Cost = 1001366_50969461, Time = 8.11 sec. 
-Trial 27 1001366 50969461 11.079459
-Trial 28 1001366 50969461 11.133022
-Trial 29 1001366 50969461 11.319125
-Trial 30 1001366 50969461 11.444268
-Trial 31 1001366 50969461 11.553729
* 32: Cost = 996680_50486863, Time = 8.78 sec. 
-Trial 32 996680 50486863 11.749034
* 33: Cost = 996680_50472433, Time = 8.95 sec. 
-Trial 33 996680 50472433 11.915097
* 34: Cost = 996680_49829902, Time = 9.19 sec. 
-Trial 34 996680 49829902 12.161179
-Trial 35 996680 49829902 12.280671
* 36: Cost = 996680_49805545, Time = 9.41 sec. 
-Trial 36 996680 49805545 12.378115
-Trial 37 996680 49805545 12.659436
* 38: Cost = 996680_49781740, Time = 9.75 sec. 
-Trial 38 996680 49781740 12.713984
* 39: Cost = 996680_49717387, Time = 9.82 sec. 
-Trial 39 996680 49717387 12.787183
* 40: Cost = 996680_49154657, Time = 10.02 sec. 
-Trial 40 996680 49154657 12.990092
-Trial 41 996680 49154657 13.214876
-Trial 42 996680 49154657 13.324280
-Trial 43 996680 49154657 13.365305
-Trial 44 996680 49154657 13.456253
-Trial 45 996680 49154657 13.456840
-Trial 46 996680 49154657 13.492393
-Trial 47 996680 49154657 13.557958
* 48: Cost = 996680_48840619, Time = 10.79 sec. 
-Trial 48 996680 48840619 13.759671
* 49: Cost = 996680_48681920, Time = 11.01 sec. 
-Trial 49 996680 48681920 13.980007
-Trial 50 996680 48681920 14.269949
-Trial 51 996680 48681920 14.366297
-Trial 52 996680 48681920 14.431555
-Trial 53 996680 48681920 14.539411
-Trial 54 996680 48681920 14.622327
-Trial 55 996680 48681920 14.623436
* 56: Cost = 996680_48671605, Time = 11.80 sec. 
-Trial 56 996680 48671605 14.764000
-Trial 57 996680 48671605 14.819219
* 58: Cost = 996680_48290193, Time = 12.17 sec. 
-Trial 58 996680 48290193 15.133479
-Trial 59 996680 48290193 15.136118
-Trial 60 996680 48290193 15.236187
-Trial 61 996680 48290193 15.441672
-Trial 62 996680 48290193 15.597258
-Trial 63 996680 48290193 15.642898
* 64: Cost = 996680_48227891, Time = 12.74 sec. 
-Trial 64 996680 48227891 15.711530
* 65: Cost = 996680_48032209, Time = 12.99 sec. 
-Trial 65 996680 48032209 15.958296
-Trial 66 996680 48032209 16.073630
-Trial 67 996680 48032209 16.108335
-Trial 68 996680 48032209 16.180105
-Trial 69 996680 48032209 16.364595
-Trial 70 996680 48032209 16.473947
-Trial 71 996680 48032209 16.551848
-Trial 72 996680 48032209 17.092510
* 73: Cost = 996680_47959054, Time = 14.24 sec. 
-Trial 73 996680 47959054 17.207752
-Trial 74 996680 47959054 17.277213
-Trial 75 996680 47959054 17.406359
* 76: Cost = 996680_47954605, Time = 14.69 sec. 
-Trial 76 996680 47954605 17.660429
* 77: Cost = 785723_47602506, Time = 14.91 sec. 
-Trial 77 785723 47602506 17.872806
-Trial 78 785723 47602506 17.905213
-Trial 79 785723 47602506 17.935403
-Trial 80 785723 47602506 18.136828
-Trial 81 785723 47602506 18.290228
-Trial 82 785723 47602506 18.331310
-Trial 83 785723 47602506 18.598746
-Trial 84 785723 47602506 18.649020
-Trial 85 785723 47602506 18.895130
-Trial 86 785723 47602506 18.981837
-Trial 87 785723 47602506 19.113667
-Trial 88 785723 47602506 19.205837
-Trial 89 785723 47602506 19.322435
-Trial 90 785723 47602506 19.449807
-Trial 91 785723 47602506 19.503630
-Trial 92 785723 47602506 19.513983
* 93: Cost = 785723_47528815, Time = 16.58 sec. 
-Trial 93 785723 47528815 19.545300
* 94: Cost = 785723_47118046, Time = 16.76 sec. 
-Trial 94 785723 47118046 19.721764
-Trial 95 785723 47118046 19.875619
-Trial 96 785723 47118046 20.067377
-Trial 97 785723 47118046 20.186242
* 98: Cost = 483017_47764368, Time = 17.45 sec. 
-Trial 98 483017 47764368 20.413795
-Trial 99 483017 47764368 20.426242
* 100: Cost = 483017_47599674, Time = 17.57 sec. 
-Trial 100 483017 47599674 20.541006
-Trial 101 483017 47599674 20.581132
-Trial 102 483017 47599674 20.655320
-Trial 103 483017 47599674 20.759999
-Trial 104 483017 47599674 20.894402
-Trial 105 483017 47599674 21.108449
* 106: Cost = 483017_47056807, Time = 18.31 sec. 
-Trial 106 483017 47056807 21.281458
* 107: Cost = 483017_46940010, Time = 18.39 sec. 
-Trial 107 483017 46940010 21.356107
-Trial 108 483017 46940010 21.358307
-Trial 109 483017 46940010 21.467381
-Trial 110 483017 46940010 21.715493
-Trial 111 483017 46940010 21.887493
-Trial 112 483017 46940010 22.197204
* 113: Cost = 185249_46888245, Time = 19.40 sec. 
-Trial 113 185249 46888245 22.371632
* 114: Cost = 185249_46575344, Time = 19.50 sec. 
-Trial 114 185249 46575344 22.466818
-Trial 115 185249 46575344 22.693907
-Trial 116 185249 46575344 22.725768
-Trial 117 185249 46575344 22.734333
* 118: Cost = 185249_46574593, Time = 19.85 sec. 
-Trial 118 185249 46574593 22.817129
-Trial 119 185249 46574593 22.836533
-Trial 120 185249 46574593 22.838643
* 121: Cost = 185249_46492088, Time = 20.02 sec. 
-Trial 121 185249 46492088 22.990817
-Trial 122 185249 46492088 23.161118
-Trial 123 185249 46492088 23.262775
-Trial 124 185249 46492088 23.352018
-Trial 125 185249 46492088 23.409425
-Trial 126 185249 46492088 23.478710
-Trial 127 185249 46492088 23.565246
-Trial 128 185249 46492088 23.602333
* 129: Cost = 185249_46389775, Time = 20.73 sec. 
-Trial 129 185249 46389775 23.699854
-Trial 130 185249 46389775 23.753503
-Trial 131 185249 46389775 23.773325
-Trial 132 185249 46389775 23.868336
-Trial 133 185249 46389775 24.000727
* 134: Cost = 185249_46259763, Time = 21.08 sec. 
-Trial 134 185249 46259763 24.044997
* 135: Cost = 185249_46091481, Time = 21.11 sec. 
-Trial 135 185249 46091481 24.077392
-Trial 136 185249 46091481 24.159642
* 137: Cost = 185249_46044861, Time = 21.25 sec. 
-Trial 137 185249 46044861 24.218157
-Trial 138 185249 46044861 24.281485
-Trial 139 185249 46044861 24.332867
* 140: Cost = 185249_46023774, Time = 21.43 sec. 
-Trial 140 185249 46023774 24.398145
* 141: Cost = 185249_45920172, Time = 21.47 sec. 
-Trial 141 185249 45920172 24.441452
-Trial 142 185249 45920172 24.577576
-Trial 143 185249 45920172 24.616281
* 144: Cost = 185249_45714371, Time = 21.70 sec. 
-Trial 144 185249 45714371 24.666295
-Trial 145 185249 45714371 24.734703
* 146: Cost = 185249_45620906, Time = 21.80 sec. 
-Trial 146 185249 45620906 24.770762
-Trial 147 185249 45620906 24.771277
-Trial 148 185249 45620906 24.831395
-Trial 149 185249 45620906 24.848640
-Trial 150 185249 45620906 24.880374
-Trial 151 185249 45620906 24.913027
* 152: Cost = 185249_45565592, Time = 22.00 sec. 
-Trial 152 185249 45565592 24.964091
-Trial 153 185249 45565592 24.970790
-Trial 154 185249 45565592 25.037237
* 155: Cost = 185249_45493948, Time = 22.10 sec. 
-Trial 155 185249 45493948 25.065265
* 156: Cost = 185249_45391651, Time = 22.26 sec. 
-Trial 156 185249 45391651 25.226248
-Trial 157 185249 45391651 25.282718
-Trial 158 185249 45391651 25.323761
* 159: Cost = 185249_45224715, Time = 22.47 sec. 
-Trial 159 185249 45224715 25.431652
* 160: Cost = 185249_45209393, Time = 22.56 sec. 
-Trial 160 185249 45209393 25.527021
-Trial 161 185249 45209393 25.542381
* 162: Cost = 185249_45178129, Time = 22.61 sec. 
-Trial 162 185249 45178129 25.581456
-Trial 163 185249 45178129 25.709581
* 164: Cost = 185249_45102161, Time = 22.76 sec. 
-Trial 164 185249 45102161 25.731086
-Trial 165 185249 45102161 25.793797
* 166: Cost = 185249_44965270, Time = 22.87 sec. 
-Trial 166 185249 44965270 25.838214
-Trial 167 185249 44965270 25.883067
-Trial 168 185249 44965270 25.972961
-Trial 169 185249 44965270 26.060019
-Trial 170 185249 44965270 26.118815
-Trial 171 185249 44965270 26.179149
-Trial 172 185249 44965270 26.305342
* 173: Cost = 185249_44908374, Time = 23.38 sec. 
-Trial 173 185249 44908374 26.347865
* 174: Cost = 185249_44908106, Time = 23.42 sec. 
-Trial 174 185249 44908106 26.384119
-Trial 175 185249 44908106 26.462780
-Trial 176 185249 44908106 26.492332
-Trial 177 185249 44908106 26.792330
* 178: Cost = 185249_44478204, Time = 23.89 sec. 
-Trial 178 185249 44478204 26.857109
-Trial 179 185249 44478204 26.932056
-Trial 180 185249 44478204 27.069680
-Trial 181 185249 44478204 27.111924
-Trial 182 185249 44478204 27.413332
-Trial 183 185249 44478204 27.526192
-Trial 184 185249 44478204 27.631097
-Trial 185 185249 44478204 27.655000
-Trial 186 185249 44478204 27.688952
* 187: Cost = 185249_44423038, Time = 24.85 sec. 
-Trial 187 185249 44423038 27.818868
-Trial 188 185249 44423038 27.829244
-Trial 189 185249 44423038 27.896592
* 190: Cost = 185249_44262003, Time = 24.97 sec. 
-Trial 190 185249 44262003 27.936881
* 191: Cost = 185249_44196619, Time = 25.07 sec. 
-Trial 191 185249 44196619 28.034540
-Trial 192 185249 44196619 28.075016
-Trial 193 185249 44196619 28.223496
-Trial 194 185249 44196619 28.230646
* 195: Cost = 185249_44186107, Time = 25.27 sec. 
-Trial 195 185249 44186107 28.238241
-Trial 196 185249 44186107 28.257368
-Trial 197 185249 44186107 28.269530
-Trial 198 185249 44186107 28.340195
-Trial 199 185249 44186107 28.377794
* 200: Cost = 185249_44028236, Time = 25.46 sec. 
-Trial 200 185249 44028236 28.429276
-Trial 201 185249 44028236 28.469532
-Trial 202 185249 44028236 28.562365
-Trial 203 185249 44028236 28.667008
-Trial 204 185249 44028236 28.669005
-Trial 205 185249 44028236 28.710639
-Trial 206 185249 44028236 28.861886
-Trial 207 185249 44028236 28.916198
* 208: Cost = 185249_44024809, Time = 25.98 sec. 
-Trial 208 185249 44024809 28.944448
-Trial 209 185249 44024809 28.978073
* 210: Cost = 185249_43994159, Time = 26.07 sec. 
-Trial 210 185249 43994159 29.036216
-Trial 211 185249 43994159 29.070684
-Trial 212 185249 43994159 29.103594
-Trial 213 185249 43994159 29.123024
-Trial 214 185249 43994159 29.167941
-Trial 215 185249 43994159 29.245693
-Trial 216 185249 43994159 29.283805
-Trial 217 185249 43994159 29.392962
-Trial 218 185249 43994159 29.436146
-Trial 219 185249 43994159 29.605766
-Trial 220 185249 43994159 29.721010
-Trial 221 185249 43994159 29.782459
-Trial 222 185249 43994159 29.811278
-Trial 223 185249 43994159 29.812592
-Trial 224 185249 43994159 29.846857
-Trial 225 185249 43994159 29.914249
* 226: Cost = 185249_43884071, Time = 27.00 sec. 
-Trial 226 185249 43884071 29.966704
* 227: Cost = 185249_43882305, Time = 27.10 sec. 
-Trial 227 185249 43882305 30.065190
-Trial 228 185249 43882305 30.093392
-Trial 229 185249 43882305 30.145816
-Trial 230 185249 43882305 30.216268
-Trial 231 185249 43882305 30.270299
* 232: Cost = 185249_43835889, Time = 27.39 sec. 
-Trial 232 185249 43835889 30.360285
* 233: Cost = 185249_43822810, Time = 27.48 sec. 
-Trial 233 185249 43822810 30.442919
-Trial 234 185249 43822810 30.522593
-Trial 235 185249 43822810 30.545673
-Trial 236 185249 43822810 30.636799
-Trial 237 185249 43822810 30.690370
-Trial 238 185249 43822810 30.765742
-Trial 239 185249 43822810 30.773825
-Trial 240 185249 43822810 30.822873
-Trial 241 185249 43822810 30.897536
-Trial 242 185249 43822810 30.907220
-Trial 243 185249 43822810 30.994734
* 244: Cost = 185249_43786404, Time = 28.08 sec. 
-Trial 244 185249 43786404 31.048761
-Trial 245 185249 43786404 31.082704
-Trial 246 185249 43786404 31.316830
-Trial 247 185249 43786404 31.521657
-Trial 248 185249 43786404 31.575699
-Trial 249 185249 43786404 31.689995
-Trial 250 185249 43786404 31.790708
-Trial 251 185249 43786404 31.886002
-Trial 252 185249 43786404 31.898091
-Trial 253 185249 43786404 31.929247
-Trial 254 185249 43786404 31.970931
* 255: Cost = 185249_43762068, Time = 29.03 sec. 
-Trial 255 185249 43762068 31.997789
-Trial 256 185249 43762068 32.206522
-Trial 257 185249 43762068 32.256020
-Trial 258 185249 43762068 32.336889
-Trial 259 185249 43762068 32.352696
-Trial 260 185249 43762068 32.387043
-Trial 261 185249 43762068 32.491745
-Trial 262 185249 43762068 32.503427
-Trial 263 185249 43762068 32.515337
-Trial 264 185249 43762068 32.581083
-Trial 265 185249 43762068 32.610402
-Trial 266 185249 43762068 32.815510
-Trial 267 185249 43762068 32.989389
-Trial 268 185249 43762068 33.112392
-Trial 269 185249 43762068 33.352181
-Trial 270 185249 43762068 33.438959
-Trial 271 185249 43762068 33.472271
-Trial 272 185249 43762068 33.524746
-Trial 273 185249 43762068 33.642930
-Trial 274 185249 43762068 33.689914
-Trial 275 185249 43762068 33.700361
-Trial 276 185249 43762068 33.706768
-Trial 277 185249 43762068 33.758263
-Trial 278 185249 43762068 33.905953
-Trial 279 185249 43762068 34.004293
-Trial 280 185249 43762068 34.028655
-Trial 281 185249 43762068 34.181494
-Trial 282 185249 43762068 34.245667
-Trial 283 185249 43762068 34.297075
-Trial 284 185249 43762068 34.321774
-Trial 285 185249 43762068 34.433859
-Trial 286 185249 43762068 34.485818
-Trial 287 185249 43762068 34.560080
-Trial 288 185249 43762068 34.587551
-Trial 289 185249 43762068 34.627692
-Trial 290 185249 43762068 34.665806
-Trial 291 185249 43762068 34.728871
* 292: Cost = 185249_43721194, Time = 31.84 sec. 
-Trial 292 185249 43721194 34.809989
-Trial 293 185249 43721194 34.923672
-Trial 294 185249 43721194 34.987839
* 295: Cost = 185249_43718765, Time = 32.06 sec. 
-Trial 295 185249 43718765 35.026557
-Trial 296 185249 43718765 35.171033
-Trial 297 185249 43718765 35.198913
-Trial 298 185249 43718765 35.356183
-Trial 299 185249 43718765 35.421008
-Trial 300 185249 43718765 35.558541
-Trial 301 185249 43718765 35.596946
-Trial 302 185249 43718765 35.659837
-Trial 303 185249 43718765 35.663808
-Trial 304 185249 43718765 35.744886
* 305: Cost = 185249_43715925, Time = 32.83 sec. 
-Trial 305 185249 43715925 35.793956
-Trial 306 185249 43715925 35.802181
* 307: Cost = 185249_43678787, Time = 32.87 sec. 
-Trial 307 185249 43678787 35.834975
-Trial 308 185249 43678787 35.904809
-Trial 309 185249 43678787 35.966728
* 310: Cost = 185249_43676518, Time = 33.07 sec. 
-Trial 310 185249 43676518 36.037361
-Trial 311 185249 43676518 36.073909
-Trial 312 185249 43676518 36.074369
-Trial 313 185249 43676518 36.162244
-Trial 314 185249 43676518 36.162909
-Trial 315 185249 43676518 36.210601
-Trial 316 185249 43676518 36.355015
-Trial 317 185249 43676518 36.386789
-Trial 318 185249 43676518 36.411963
-Trial 319 185249 43676518 36.459093
-Trial 320 185249 43676518 36.529629
-Trial 321 185249 43676518 36.556318
-Trial 322 185249 43676518 36.676385
-Trial 323 185249 43676518 36.779312
-Trial 324 185249 43676518 36.836927
-Trial 325 185249 43676518 36.900665
-Trial 326 185249 43676518 36.952731
-Trial 327 185249 43676518 36.993665
* 328: Cost = 0_44088083, Time = 34.10 sec. 
-Trial 328 0 44088083 37.064490
-Trial 329 0 44088083 37.070210
* 330: Cost = 0_43878788, Time = 34.15 sec. 
-Trial 330 0 43878788 37.121261
-Trial 331 0 43878788 37.122600
-Trial 332 0 43878788 37.132383
-Trial 333 0 43878788 37.135468
* 334: Cost = 0_43841844, Time = 34.18 sec. 
-Trial 334 0 43841844 37.142888
-Trial 335 0 43841844 37.150037
-Trial 336 0 43841844 37.350836
-Trial 337 0 43841844 37.357524
* 338: Cost = 0_43805317, Time = 34.40 sec. 
-Trial 338 0 43805317 37.364019
-Trial 339 0 43805317 37.387619
-Trial 340 0 43805317 37.393490
-Trial 341 0 43805317 37.403464
-Trial 342 0 43805317 37.444258
-Trial 343 0 43805317 37.471008
-Trial 344 0 43805317 37.479561
-Trial 345 0 43805317 37.574059
-Trial 346 0 43805317 37.577221
-Trial 347 0 43805317 37.617420
-Trial 348 0 43805317 37.650842
-Trial 349 0 43805317 37.697077
-Trial 350 0 43805317 37.705612
-Trial 351 0 43805317 37.708150
-Trial 352 0 43805317 37.749855
-Trial 353 0 43805317 37.833794
-Trial 354 0 43805317 37.913160
-Trial 355 0 43805317 37.926045
-Trial 356 0 43805317 37.942486
-Trial 357 0 43805317 37.993693
-Trial 358 0 43805317 38.045487
-Trial 359 0 43805317 38.055763
-Trial 360 0 43805317 38.073463
-Trial 361 0 43805317 38.077803
* 362: Cost = 0_43794657, Time = 35.14 sec. 
-Trial 362 0 43794657 38.107383
-Trial 363 0 43794657 38.186607
-Trial 364 0 43794657 38.190043
-Trial 365 0 43794657 38.203525
-Trial 366 0 43794657 38.208702
-Trial 367 0 43794657 38.241737
* 368: Cost = 0_43783263, Time = 35.35 sec. 
-Trial 368 0 43783263 38.314839
-Trial 369 0 43783263 38.335188
-Trial 370 0 43783263 38.354994
-Trial 371 0 43783263 38.380198
-Trial 372 0 43783263 38.383691
* 373: Cost = 0_43697789, Time = 35.42 sec. 
-Trial 373 0 43697789 38.387960
-Trial 374 0 43697789 38.439258
-Trial 375 0 43697789 38.494447
-Trial 376 0 43697789 38.503308
-Trial 377 0 43697789 38.594841
-Trial 378 0 43697789 38.617234
-Trial 379 0 43697789 38.631014
-Trial 380 0 43697789 38.657655
-Trial 381 0 43697789 38.665791
-Trial 382 0 43697789 38.670118
-Trial 383 0 43697789 38.704918
-Trial 384 0 43697789 38.708946
-Trial 385 0 43697789 38.759083
-Trial 386 0 43697789 38.837885
-Trial 387 0 43697789 38.838605
-Trial 388 0 43697789 38.896363
-Trial 389 0 43697789 38.901145
-Trial 390 0 43697789 38.974763
-Trial 391 0 43697789 38.989799
-Trial 392 0 43697789 38.993898
-Trial 393 0 43697789 38.996064
-Trial 394 0 43697789 39.043028
-Trial 395 0 43697789 39.141125
* 396: Cost = 0_43606346, Time = 36.18 sec. 
-Trial 396 0 43606346 39.149061
-Trial 397 0 43606346 39.339934
-Trial 398 0 43606346 39.363918
-Trial 399 0 43606346 39.449334
-Trial 400 0 43606346 39.568897
-Trial 401 0 43606346 39.637823
-Trial 402 0 43606346 39.687824
-Trial 403 0 43606346 39.698293
-Trial 404 0 43606346 39.701671
-Trial 405 0 43606346 39.799721
-Trial 406 0 43606346 39.820923
-Trial 407 0 43606346 39.906029
-Trial 408 0 43606346 39.939881
* 409: Cost = 0_43590384, Time = 36.98 sec. 
-Trial 409 0 43590384 39.949986
-Trial 410 0 43590384 40.006027
-Trial 411 0 43590384 40.053466
-Trial 412 0 43590384 40.059880
-Trial 413 0 43590384 40.061002
-Trial 414 0 43590384 40.073194
-Trial 415 0 43590384 40.083018
-Trial 416 0 43590384 40.086986
-Trial 417 0 43590384 40.189186
-Trial 418 0 43590384 40.325766
-Trial 419 0 43590384 40.336630
-Trial 420 0 43590384 40.384676
-Trial 421 0 43590384 40.401155
-Trial 422 0 43590384 40.485694
-Trial 423 0 43590384 40.512011
-Trial 424 0 43590384 40.530243
-Trial 425 0 43590384 40.542988
-Trial 426 0 43590384 40.552829
-Trial 427 0 43590384 40.582587
-Trial 428 0 43590384 40.594419
-Trial 429 0 43590384 40.665644
* 430: Cost = 0_43553723, Time = 37.70 sec. 
-Trial 430 0 43553723 40.671297
-Trial 431 0 43553723 40.859181
-Trial 432 0 43553723 40.863775
-Trial 433 0 43553723 40.883649
-Trial 434 0 43553723 40.888530
-Trial 435 0 43553723 40.904669
-Trial 436 0 43553723 40.912257
-Trial 437 0 43553723 40.977873
-Trial 438 0 43553723 40.999823
-Trial 439 0 43553723 41.023559
-Trial 440 0 43553723 41.027111
-Trial 441 0 43553723 41.034608
-Trial 442 0 43553723 41.169481
-Trial 443 0 43553723 41.188331
-Trial 444 0 43553723 41.199635
-Trial 445 0 43553723 41.217431
-Trial 446 0 43553723 41.218795
-Trial 447 0 43553723 41.224858
-Trial 448 0 43553723 41.263487
-Trial 449 0 43553723 41.274734
* 450: Cost = 0_43396884, Time = 38.34 sec. 
-Trial 450 0 43396884 41.307650
-Trial 451 0 43396884 41.332887
-Trial 452 0 43396884 41.342621
-Trial 453 0 43396884 41.555030
-Trial 454 0 43396884 41.566867
-Trial 455 0 43396884 41.581569
-Trial 456 0 43396884 41.596015
-Trial 457 0 43396884 41.627684
-Trial 458 0 43396884 41.634841
-Trial 459 0 43396884 41.653624
-Trial 460 0 43396884 41.703479
-Trial 461 0 43396884 41.732625
-Trial 462 0 43396884 41.747319
-Trial 463 0 43396884 41.750562
-Trial 464 0 43396884 41.796312
-Trial 465 0 43396884 41.820702
-Trial 466 0 43396884 41.853803
-Trial 467 0 43396884 41.878002
-Trial 468 0 43396884 41.880745
* 469: Cost = 0_43375797, Time = 38.93 sec. 
-Trial 469 0 43375797 41.897732
-Trial 470 0 43375797 41.903921
-Trial 471 0 43375797 41.939529
-Trial 472 0 43375797 41.963603
-Trial 473 0 43375797 42.006486
-Trial 474 0 43375797 42.007404
-Trial 475 0 43375797 42.100459
-Trial 476 0 43375797 42.106347
-Trial 477 0 43375797 42.190188
-Trial 478 0 43375797 42.277652
-Trial 479 0 43375797 42.281560
-Trial 480 0 43375797 42.283567
-Trial 481 0 43375797 42.304756
-Trial 482 0 43375797 42.333630
-Trial 483 0 43375797 42.346729
-Trial 484 0 43375797 42.362200
-Trial 485 0 43375797 42.364192
-Trial 486 0 43375797 42.379399
-Trial 487 0 43375797 42.389388
-Trial 488 0 43375797 42.589774
-Trial 489 0 43375797 42.639986
* 490: Cost = 0_43371396, Time = 39.68 sec. 
-Trial 490 0 43371396 42.650356
-Trial 491 0 43371396 42.659326
-Trial 492 0 43371396 42.690410
-Trial 493 0 43371396 42.701545
-Trial 494 0 43371396 42.766698
-Trial 495 0 43371396 42.782561
-Trial 496 0 43371396 42.821150
-Trial 497 0 43371396 42.851807
-Trial 498 0 43371396 42.862460
-Trial 499 0 43371396 42.867950
-Trial 500 0 43371396 42.881537
-Trial 501 0 43371396 42.884883
-Trial 502 0 43371396 42.947689
-Trial 503 0 43371396 42.980793
-Trial 504 0 43371396 42.986748
-Trial 505 0 43371396 42.989081
-Trial 506 0 43371396 43.042269
-Trial 507 0 43371396 43.070968
-Trial 508 0 43371396 43.104492
-Trial 509 0 43371396 43.112681
-Trial 510 0 43371396 43.124986
-Trial 511 0 43371396 43.134226
-Trial 512 0 43371396 43.307320
-Trial 513 0 43371396 43.336785
-Trial 514 0 43371396 43.342857
-Trial 515 0 43371396 43.383776
-Trial 516 0 43371396 43.456921
-Trial 517 0 43371396 43.484384
-Trial 518 0 43371396 43.487010
-Trial 519 0 43371396 43.520827
-Trial 520 0 43371396 43.553884
-Trial 521 0 43371396 43.575223
-Trial 522 0 43371396 43.653776
-Trial 523 0 43371396 43.670995
-Trial 524 0 43371396 43.706689
-Trial 525 0 43371396 43.765597
-Trial 526 0 43371396 43.777913
-Trial 527 0 43371396 43.785202
-Trial 528 0 43371396 43.878029
-Trial 529 0 43371396 43.882229
* 530: Cost = 0_43306029, Time = 41.06 sec. 
-Trial 530 0 43306029 44.024035
-Trial 531 0 43306029 44.030404
-Trial 532 0 43306029 44.082226
* 533: Cost = 0_43290364, Time = 41.12 sec. 
-Trial 533 0 43290364 44.090769
-Trial 534 0 43290364 44.097016
-Trial 535 0 43290364 44.144206
-Trial 536 0 43290364 44.147123
-Trial 537 0 43290364 44.150584
-Trial 538 0 43290364 44.164828
-Trial 539 0 43290364 44.178597
-Trial 540 0 43290364 44.200174
-Trial 541 0 43290364 44.230323
-Trial 542 0 43290364 44.264017
-Trial 543 0 43290364 44.292639
-Trial 544 0 43290364 44.298157
-Trial 545 0 43290364 44.325400
-Trial 546 0 43290364 44.328448
-Trial 547 0 43290364 44.346244
-Trial 548 0 43290364 44.379357
-Trial 549 0 43290364 44.403944
-Trial 550 0 43290364 44.412707
-Trial 551 0 43290364 44.421381
-Trial 552 0 43290364 44.441167
-Trial 553 0 43290364 44.468983
-Trial 554 0 43290364 44.504235
-Trial 555 0 43290364 44.525924
-Trial 556 0 43290364 44.555801
-Trial 557 0 43290364 44.565851
-Trial 558 0 43290364 44.583421
-Trial 559 0 43290364 44.597977
-Trial 560 0 43290364 44.598746
-Trial 561 0 43290364 44.624547
-Trial 562 0 43290364 44.628945
-Trial 563 0 43290364 44.653609
-Trial 564 0 43290364 44.683185
-Trial 565 0 43290364 44.691007
-Trial 566 0 43290364 44.719613
-Trial 567 0 43290364 44.739723
-Trial 568 0 43290364 44.751098
-Trial 569 0 43290364 44.753727
-Trial 570 0 43290364 44.774892
-Trial 571 0 43290364 44.777347
-Trial 572 0 43290364 44.799665
-Trial 573 0 43290364 44.894488
-Trial 574 0 43290364 44.899117
-Trial 575 0 43290364 44.901805
-Trial 576 0 43290364 44.975623
-Trial 577 0 43290364 44.984203
-Trial 578 0 43290364 44.998406
-Trial 579 0 43290364 45.011163
-Trial 580 0 43290364 45.150428
-Trial 581 0 43290364 45.207866
* 582: Cost = 0_43286409, Time = 42.28 sec. 
-Trial 582 0 43286409 45.243485
-Trial 583 0 43286409 45.257177
-Trial 584 0 43286409 45.302858
-Trial 585 0 43286409 45.303303
-Trial 586 0 43286409 45.308147
-Trial 587 0 43286409 45.314131
-Trial 588 0 43286409 45.323907
-Trial 589 0 43286409 45.333263
-Trial 590 0 43286409 45.409691
-Trial 591 0 43286409 45.411761
-Trial 592 0 43286409 45.433925
-Trial 593 0 43286409 45.458173
* 594: Cost = 0_43231767, Time = 42.51 sec. 
-Trial 594 0 43231767 45.472192
-Trial 595 0 43231767 45.485720
-Trial 596 0 43231767 45.488539
* 597: Cost = 0_43231264, Time = 42.63 sec. 
-Trial 597 0 43231264 45.599777
-Trial 598 0 43231264 45.647617
-Trial 599 0 43231264 45.669957
-Trial 600 0 43231264 45.756955
-Trial 601 0 43231264 45.767030
-Trial 602 0 43231264 45.794976
-Trial 603 0 43231264 45.809017
-Trial 604 0 43231264 45.810783
-Trial 605 0 43231264 45.822036
-Trial 606 0 43231264 45.838892
-Trial 607 0 43231264 45.841138
-Trial 608 0 43231264 45.887692
-Trial 609 0 43231264 45.909398
-Trial 610 0 43231264 45.930751
-Trial 611 0 43231264 45.934636
-Trial 612 0 43231264 46.061269
-Trial 613 0 43231264 46.082903
-Trial 614 0 43231264 46.113905
-Trial 615 0 43231264 46.125259
-Trial 616 0 43231264 46.161459
-Trial 617 0 43231264 46.163782
-Trial 618 0 43231264 46.174935
-Trial 619 0 43231264 46.243704
-Trial 620 0 43231264 46.278175
-Trial 621 0 43231264 46.361637
-Trial 622 0 43231264 46.400565
-Trial 623 0 43231264 46.433412
-Trial 624 0 43231264 46.496879
-Trial 625 0 43231264 46.513502
-Trial 626 0 43231264 46.551786
-Trial 627 0 43231264 46.560183
-Trial 628 0 43231264 46.620478
-Trial 629 0 43231264 46.624321
-Trial 630 0 43231264 46.861461
-Trial 631 0 43231264 46.885792
-Trial 632 0 43231264 46.901037
-Trial 633 0 43231264 46.903626
-Trial 634 0 43231264 46.928599
-Trial 635 0 43231264 46.942961
-Trial 636 0 43231264 46.969407
-Trial 637 0 43231264 47.003046
-Trial 638 0 43231264 47.020008
-Trial 639 0 43231264 47.039991
-Trial 640 0 43231264 47.050217
-Trial 641 0 43231264 47.054433
-Trial 642 0 43231264 47.060903
-Trial 643 0 43231264 47.065258
-Trial 644 0 43231264 47.110233
-Trial 645 0 43231264 47.136001
-Trial 646 0 43231264 47.178422
-Trial 647 0 43231264 47.183474
-Trial 648 0 43231264 47.186042
-Trial 649 0 43231264 47.192949
-Trial 650 0 43231264 47.199472
-Trial 651 0 43231264 47.220520
-Trial 652 0 43231264 47.223983
-Trial 653 0 43231264 47.284429
-Trial 654 0 43231264 47.407563
-Trial 655 0 43231264 47.434867
-Trial 656 0 43231264 47.447561
-Trial 657 0 43231264 47.482902
-Trial 658 0 43231264 47.494798
-Trial 659 0 43231264 47.533452
-Trial 660 0 43231264 47.542530
-Trial 661 0 43231264 47.573238
-Trial 662 0 43231264 47.581604
-Trial 663 0 43231264 47.594667
-Trial 664 0 43231264 47.602817
-Trial 665 0 43231264 47.610818
-Trial 666 0 43231264 47.617253
-Trial 667 0 43231264 47.626550
-Trial 668 0 43231264 47.630955
-Trial 669 0 43231264 47.643640
-Trial 670 0 43231264 47.690905
-Trial 671 0 43231264 47.693271
-Trial 672 0 43231264 47.747918
-Trial 673 0 43231264 47.808621
-Trial 674 0 43231264 47.822385
-Trial 675 0 43231264 47.832988
-Trial 676 0 43231264 47.879447
-Trial 677 0 43231264 47.900423
-Trial 678 0 43231264 48.095203
-Trial 679 0 43231264 48.096321
-Trial 680 0 43231264 48.119335
-Trial 681 0 43231264 48.218107
-Trial 682 0 43231264 48.225374
-Trial 683 0 43231264 48.238682
-Trial 684 0 43231264 48.239732
-Trial 685 0 43231264 48.242433
-Trial 686 0 43231264 48.261789
-Trial 687 0 43231264 48.327651
-Trial 688 0 43231264 48.358931
* 689: Cost = 0_43164933, Time = 45.45 sec. 
-Trial 689 0 43164933 48.420361
-Trial 690 0 43164933 48.433978
-Trial 691 0 43164933 48.443022
-Trial 692 0 43164933 48.456311
-Trial 693 0 43164933 48.476361
-Trial 694 0 43164933 48.489815
-Trial 695 0 43164933 48.531599
-Trial 696 0 43164933 48.566442
-Trial 697 0 43164933 48.579498
-Trial 698 0 43164933 48.594806
-Trial 699 0 43164933 48.605827
-Trial 700 0 43164933 48.623649
-Trial 701 0 43164933 48.628743
-Trial 702 0 43164933 48.633029
-Trial 703 0 43164933 48.638380
-Trial 704 0 43164933 48.667461
-Trial 705 0 43164933 48.699763
-Trial 706 0 43164933 48.717364
-Trial 707 0 43164933 48.794162
-Trial 708 0 43164933 48.809459
-Trial 709 0 43164933 48.900494
-Trial 710 0 43164933 48.951555
-Trial 711 0 43164933 48.956247
-Trial 712 0 43164933 48.964046
-Trial 713 0 43164933 48.973788
-Trial 714 0 43164933 48.975055
-Trial 715 0 43164933 49.009586
-Trial 716 0 43164933 49.039522
-Trial 717 0 43164933 49.047969
-Trial 718 0 43164933 49.091764
-Trial 719 0 43164933 49.152172
-Trial 720 0 43164933 49.171305
-Trial 721 0 43164933 49.198490
-Trial 722 0 43164933 49.210219
-Trial 723 0 43164933 49.251936
-Trial 724 0 43164933 49.289299
-Trial 725 0 43164933 49.352639
-Trial 726 0 43164933 49.476875
-Trial 727 0 43164933 49.516155
-Trial 728 0 43164933 49.679610
-Trial 729 0 43164933 49.684634
-Trial 730 0 43164933 49.691327
-Trial 731 0 43164933 49.724988
-Trial 732 0 43164933 49.757323
-Trial 733 0 43164933 49.783588
-Trial 734 0 43164933 49.814011
-Trial 735 0 43164933 49.856226
-Trial 736 0 43164933 49.880002
-Trial 737 0 43164933 49.949360
-Trial 738 0 43164933 49.960100
-Trial 739 0 43164933 50.006021
-Trial 740 0 43164933 50.014317
-Trial 741 0 43164933 50.026315
-Trial 742 0 43164933 50.062321
-Trial 743 0 43164933 50.118242
-Trial 744 0 43164933 50.118673
-Trial 745 0 43164933 50.132441
-Trial 746 0 43164933 50.135936
-Trial 747 0 43164933 50.166851
* 748: Cost = 0_43131263, Time = 47.22 sec. 
-Trial 748 0 43131263 50.185709
-Trial 749 0 43131263 50.192421
-Trial 750 0 43131263 50.213162
-Trial 751 0 43131263 50.226965
-Trial 752 0 43131263 50.230936
-Trial 753 0 43131263 50.241714
-Trial 754 0 43131263 50.313215
-Trial 755 0 43131263 50.324570
-Trial 756 0 43131263 50.326665
-Trial 757 0 43131263 50.349450
-Trial 758 0 43131263 50.366764
-Trial 759 0 43131263 50.400004
-Trial 760 0 43131263 50.452087
-Trial 761 0 43131263 50.468638
-Trial 762 0 43131263 50.476205
-Trial 763 0 43131263 50.478526
-Trial 764 0 43131263 50.485198
-Trial 765 0 43131263 50.508138
-Trial 766 0 43131263 50.515373
-Trial 767 0 43131263 50.626380
-Trial 768 0 43131263 50.681731
-Trial 769 0 43131263 50.686525
* 770: Cost = 0_43127374, Time = 47.76 sec. 
-Trial 770 0 43127374 50.726903
-Trial 771 0 43127374 50.740202
-Trial 772 0 43127374 50.765293
-Trial 773 0 43127374 50.785949
-Trial 774 0 43127374 50.793915
-Trial 775 0 43127374 50.805809
-Trial 776 0 43127374 50.900726
-Trial 777 0 43127374 50.902920
-Trial 778 0 43127374 51.132492
-Trial 779 0 43127374 51.193773
-Trial 780 0 43127374 51.337424
-Trial 781 0 43127374 51.350242
-Trial 782 0 43127374 51.367294
-Trial 783 0 43127374 51.400273
-Trial 784 0 43127374 51.435118
-Trial 785 0 43127374 51.440397
-Trial 786 0 43127374 51.443123
-Trial 787 0 43127374 51.450549
* 788: Cost = 0_43126871, Time = 48.49 sec. 
-Trial 788 0 43126871 51.454287
* 789: Cost = 0_43120284, Time = 48.52 sec. 
-Trial 789 0 43120284 51.488301
-Trial 790 0 43120284 51.497219
-Trial 791 0 43120284 51.508511
-Trial 792 0 43120284 51.511970
-Trial 793 0 43120284 51.517775
-Trial 794 0 43120284 51.522548
-Trial 795 0 43120284 51.574256
-Trial 796 0 43120284 51.590720
-Trial 797 0 43120284 51.612044
-Trial 798 0 43120284 51.625525
-Trial 799 0 43120284 51.635405
-Trial 800 0 43120284 51.674009
-Trial 801 0 43120284 51.683590
-Trial 802 0 43120284 51.700105
-Trial 803 0 43120284 51.706786
-Trial 804 0 43120284 51.713357
-Trial 805 0 43120284 51.723350
-Trial 806 0 43120284 51.743983
-Trial 807 0 43120284 51.789715
-Trial 808 0 43120284 51.799042
-Trial 809 0 43120284 51.828533
-Trial 810 0 43120284 51.842174
-Trial 811 0 43120284 51.865915
-Trial 812 0 43120284 51.869174
-Trial 813 0 43120284 51.898552
-Trial 814 0 43120284 51.922657
-Trial 815 0 43120284 51.933178
* 816: Cost = 0_43008045, Time = 48.97 sec. 
-Trial 816 0 43008045 51.940855
-Trial 817 0 43008045 52.035144
-Trial 818 0 43008045 52.058480
-Trial 819 0 43008045 52.083339
-Trial 820 0 43008045 52.226683
-Trial 821 0 43008045 52.230191
-Trial 822 0 43008045 52.251038
-Trial 823 0 43008045 52.277285
-Trial 824 0 43008045 52.305759
-Trial 825 0 43008045 52.325732
-Trial 826 0 43008045 52.331836
-Trial 827 0 43008045 52.351523
-Trial 828 0 43008045 52.357746
-Trial 829 0 43008045 52.371721
-Trial 830 0 43008045 52.395937
-Trial 831 0 43008045 52.424178
-Trial 832 0 43008045 52.454842
-Trial 833 0 43008045 52.459389
-Trial 834 0 43008045 52.476924
-Trial 835 0 43008045 52.481328
-Trial 836 0 43008045 52.493401
-Trial 837 0 43008045 52.532081
-Trial 838 0 43008045 52.542298
-Trial 839 0 43008045 52.545516
-Trial 840 0 43008045 52.767614
-Trial 841 0 43008045 52.786339
-Trial 842 0 43008045 52.851718
-Trial 843 0 43008045 52.860522
-Trial 844 0 43008045 52.877581
-Trial 845 0 43008045 52.898493
-Trial 846 0 43008045 52.915251
-Trial 847 0 43008045 52.958527
-Trial 848 0 43008045 52.967016
-Trial 849 0 43008045 52.974352
-Trial 850 0 43008045 52.981575
-Trial 851 0 43008045 53.169286
-Trial 852 0 43008045 53.198313
-Trial 853 0 43008045 53.213200
-Trial 854 0 43008045 53.240651
-Trial 855 0 43008045 53.249251
-Trial 856 0 43008045 53.292654
-Trial 857 0 43008045 53.666637
-Trial 858 0 43008045 53.681889
-Trial 859 0 43008045 53.727564
-Trial 860 0 43008045 53.801936
-Trial 861 0 43008045 53.822779
-Trial 862 0 43008045 53.836424
* 863: Cost = 0_42982325, Time = 50.88 sec. 
-Trial 863 0 42982325 53.842243
-Trial 864 0 42982325 53.861313
-Trial 865 0 42982325 53.910548
-Trial 866 0 42982325 53.912620
-Trial 867 0 42982325 53.936533
-Trial 868 0 42982325 53.938496
-Trial 869 0 42982325 53.946944
-Trial 870 0 42982325 53.970016
-Trial 871 0 42982325 54.056550
-Trial 872 0 42982325 54.080615
-Trial 873 0 42982325 54.141390
-Trial 874 0 42982325 54.145903
-Trial 875 0 42982325 54.259138
-Trial 876 0 42982325 54.263136
-Trial 877 0 42982325 54.312263
-Trial 878 0 42982325 54.328355
-Trial 879 0 42982325 54.329821
-Trial 880 0 42982325 54.339252
-Trial 881 0 42982325 54.344168
-Trial 882 0 42982325 54.377390
-Trial 883 0 42982325 54.392326
-Trial 884 0 42982325 54.515980
-Trial 885 0 42982325 54.570002
-Trial 886 0 42982325 54.596541
-Trial 887 0 42982325 54.599771
-Trial 888 0 42982325 54.624730
-Trial 889 0 42982325 54.654225
-Trial 890 0 42982325 54.665951
-Trial 891 0 42982325 54.667351
-Trial 892 0 42982325 54.738194
-Trial 893 0 42982325 54.753792
-Trial 894 0 42982325 54.779532
-Trial 895 0 42982325 54.789711
-Trial 896 0 42982325 54.802470
-Trial 897 0 42982325 54.837916
-Trial 898 0 42982325 54.881929
-Trial 899 0 42982325 54.902850
-Trial 900 0 42982325 54.925674
-Trial 901 0 42982325 54.943340
-Trial 902 0 42982325 54.983658
-Trial 903 0 42982325 55.005388
-Trial 904 0 42982325 55.012906
-Trial 905 0 42982325 55.050865
-Trial 906 0 42982325 55.064017
-Trial 907 0 42982325 55.069866
-Trial 908 0 42982325 55.080409
-Trial 909 0 42982325 55.083824
-Trial 910 0 42982325 55.094592
-Trial 911 0 42982325 55.098397
-Trial 912 0 42982325 55.099234
-Trial 913 0 42982325 55.105834
-Trial 914 0 42982325 55.176640
-Trial 915 0 42982325 55.201292
-Trial 916 0 42982325 55.215134
-Trial 917 0 42982325 55.223344
-Trial 918 0 42982325 55.234649
-Trial 919 0 42982325 55.320156
-Trial 920 0 42982325 55.337330
-Trial 921 0 42982325 55.369749
-Trial 922 0 42982325 55.392094
-Trial 923 0 42982325 55.409909
-Trial 924 0 42982325 55.516927
-Trial 925 0 42982325 55.529404
-Trial 926 0 42982325 55.577811
-Trial 927 0 42982325 55.616628
-Trial 928 0 42982325 55.626429
-Trial 929 0 42982325 55.635202
-Trial 930 0 42982325 55.664820
-Trial 931 0 42982325 55.772135
-Trial 932 0 42982325 55.782300
-Trial 933 0 42982325 55.807455
-Trial 934 0 42982325 55.824813
-Trial 935 0 42982325 55.830576
-Trial 936 0 42982325 55.847633
-Trial 937 0 42982325 55.864469
-Trial 938 0 42982325 55.896241
-Trial 939 0 42982325 55.903491
-Trial 940 0 42982325 56.025993
-Trial 941 0 42982325 56.034633
-Trial 942 0 42982325 56.037539
-Trial 943 0 42982325 56.065502
-Trial 944 0 42982325 56.088368
-Trial 945 0 42982325 56.116576
-Trial 946 0 42982325 56.130580
-Trial 947 0 42982325 56.152018
* 948: Cost = 0_42959631, Time = 53.35 sec. 
-Trial 948 0 42959631 56.313369
-Trial 949 0 42959631 56.346949
-Trial 950 0 42959631 56.369169
-Trial 951 0 42959631 56.377241
-Trial 952 0 42959631 56.484658
-Trial 953 0 42959631 56.494309
-Trial 954 0 42959631 56.523562
-Trial 955 0 42959631 56.576449
-Trial 956 0 42959631 57.047059
-Trial 957 0 42959631 57.053068
-Trial 958 0 42959631 57.077831
-Trial 959 0 42959631 57.091861
-Trial 960 0 42959631 57.099409
-Trial 961 0 42959631 57.106328
-Trial 962 0 42959631 57.113645
-Trial 963 0 42959631 57.147418
-Trial 964 0 42959631 57.155397
-Trial 965 0 42959631 57.182196
-Trial 966 0 42959631 57.194886
-Trial 967 0 42959631 57.273510
-Trial 968 0 42959631 57.283783
-Trial 969 0 42959631 57.376290
-Trial 970 0 42959631 57.424582
-Trial 971 0 42959631 57.460514
-Trial 972 0 42959631 57.494125
-Trial 973 0 42959631 57.545819
-Trial 974 0 42959631 57.622213
-Trial 975 0 42959631 57.633752
-Trial 976 0 42959631 57.639248
-Trial 977 0 42959631 57.640849
-Trial 978 0 42959631 57.686778
-Trial 979 0 42959631 57.694788
-Trial 980 0 42959631 57.717036
-Trial 981 0 42959631 57.719707
-Trial 982 0 42959631 57.787254
-Trial 983 0 42959631 57.902507
-Trial 984 0 42959631 57.924559
-Trial 985 0 42959631 57.952222
-Trial 986 0 42959631 57.961512
-Trial 987 0 42959631 57.976204
-Trial 988 0 42959631 58.000158
-Trial 989 0 42959631 58.022992
-Trial 990 0 42959631 58.072751
-Trial 991 0 42959631 58.094455
-Trial 992 0 42959631 58.101329
-Trial 993 0 42959631 58.110740
-Trial 994 0 42959631 58.140559
-Trial 995 0 42959631 58.201610
-Trial 996 0 42959631 58.230225
-Trial 997 0 42959631 58.290552
-Trial 998 0 42959631 58.296581
-Trial 999 0 42959631 58.302520
-Trial 1000 0 42959631 58.344648
Population:
  1: 0_42959631
Run 1: Cost = 0_42959631, Time = 55.38 sec. 

Successes/Runs = 0/1 
Cost.min = 42959631, Cost.avg = 42959631.00, Cost.max = 42959631
Gap.min = 0.0000%, Gap.avg = 0.0000%, Gap.max = 0.0000%
Penalty.min = 0, Penalty.avg = 0.00, Penalty.max = 0
Trials.min = 1000, Trials.avg = 1000.0, Trials.max = 1000
Time.min = 55.38 sec., Time.avg = 55.38 sec., Time.max = 55.38 sec.
Time.total = 58.35 sec.
  Size.min = 13, Size.max = 34, Penalty = 0
  Cost.min = 904423, Cost.max = 3144641, Cost.sum = 42959631
Best CVRPTW solution:
  Cost = 0_42959631
1 383 226 368 311 52 351 48 2 30 187 353 47 354 336 91 170 197 335 45 238 276 253 251 477 162 389 503 323 113 43 100 415 96 322 350 474 204 210 224 263 143 139 243 313 8 122 75 184 240 307 99 308 247 262 519 84 490 95 68 234 340 261 426 447 13 407 312 419 467 326 131 497 66 468 125 3 230 218 431 299 362 451 386 77 436 90 469 279 516 25 429 20 5 471 133 67 57 343 167 324 165 252 498 54 59 440 105 71 443 454 185 199 520 274 155 387 22 377 267 439 171 173 287 427 119 403 286 89 316 365 371 88 396 448 282 127 301 205 11 321 27 510 411 15 306 10 277 178 409 42 194 500 102 51 347 74 46 110 461 101 424 12 495 237 460 506 315 264 345 283 250 112 254 31 108 183 69 303 186 310 138 493 453 317 195 236 257 410 40 352 168 486 359 333 496 470 231 193 397 504 34 121 213 94 4 284 394 458 53 501 329 37 268 502 293 349 80 149 462 357 228 87 179 192 150 331 452 60 300 290 222 348 201 212 466 355 216 85 35 399 188 136 408 158 491 449 361 514 435 130 207 330 374 103 379 464 176 235 465 270 97 93 266 428 385 72 479 511 160 41 366 182 248 392 49 378 489 132 152 339 175 434 161 278 413 134 33 332 512 417 225 346 484 154 314 356 117 62 404 24 275 271 9 318 211 106 36 221 425 141 272 157 258 509 369 393 17 438 159 58 445 245 92 219 295 421 364 109 140 189 135 244 513 163 309 459 488 390 422 144 50 21 456 198 177 420 281 166 481 209 200 398 233 118 294 446 78 433 280 518 423 304 115 190 120 249 23 169 220 483 375 145 437 273 325 255 400 289 430 302 86 338 292 476 82 26 153 508 114 487 328 381 196 208 395 123 229 327 367 227 473 111 401 142 16 104 172 463 305 472 44 269 18 55 38 405 28 217 124 455 265 203 515 147 232 450 492 384 129 485 416 107 297 151 61 19 457 156 391 482 373 376 296 246 180 505 442 214 388 239 334 288 372 64 63 126 478 320 494 360 79 174 298 507 259 344 83 441 14 412 73 432 137 39 223 341 146 480 358 363 65 291 342 148 418 475 164 256 517 7 402 215 285 76 382 98 128 406 380 260 242 202 56 319 6 181 337 370 29 206 191 414 81 32 499 70 241 444 116 1 
