PARAMETER_FILE = result/cvrptw_500/LKH_para/436.para
Reading PROBLEM_FILE: "result/cvrptw_500/cvrptw/436.cvrptw" ... done
ASCENT_CANDIDATES = 50
BACKBONE_TRIALS = 0
BACKTRACKING = NO
# BWTSP =
# CANDIDATE_FILE =
CANDIDATE_SET_TYPE = ALPHA
DEPOT = 1
# EDGE_FILE =
EXCESS = 0.0384615
EXTERNAL_SALESMEN = 0
EXTRA_CANDIDATES = 0 
EXTRA_CANDIDATE_SET_TYPE = QUADRANT
GAIN23 = NO
GAIN_CRITERION = YES
INITIAL_PERIOD = 520
INITIAL_STEP_SIZE = 1
INITIAL_TOUR_ALGORITHM = WALK
# INITIAL_TOUR_FILE = 
INITIAL_TOUR_FRACTION = 1.000
# INPUT_TOUR_FILE = 
KICK_TYPE = 4
KICKS = 1
# MAX_BREADTH =
MAKESPAN = NO
MAX_CANDIDATES = 5 
MAX_SWAPS = 0
MAX_TRIALS = 1000
# MERGE_TOUR_FILE =
MOVE_TYPE = 5 SPECIAL
MTSP_MIN_SIZE = 1
MTSP_MAX_SIZE = 1039
# MTSP_SOLUTION_FILE = 
# NONSEQUENTIAL_MOVE_TYPE = 5
# OPTIMUM =
# OUTPUT_TOUR_FILE = 
PATCHING_A = 1 
PATCHING_C = 0 
# PI_FILE = 
POPMUSIC_INITIAL_TOUR = NO
POPMUSIC_MAX_NEIGHBORS = 5
POPMUSIC_SAMPLE_SIZE = 10
POPMUSIC_SOLUTIONS = 50
POPMUSIC_TRIALS = 1
POPULATION_SIZE = 10
PRECISION = 100
PROBLEM_FILE = result/cvrptw_500/cvrptw/436.cvrptw
RECOMBINATION = IPT
RESTRICTED_SEARCH = YES
RUNS = 1
SALESMEN = 20
SCALE = 1
SEED = 1234
# SINTEF_SOLUTION_FILE = 
STOP_AT_OPTIMUM = YES
SUBGRADIENT = YES
# SUBPROBLEM_SIZE =
# SUBPROBLEM_TOUR_FILE = 
SUBSEQUENT_MOVE_TYPE = 5 SPECIAL
SUBSEQUENT_PATCHING = YES
# TIME_LIMIT =
# TOUR_FILE = 
TRACE_LEVEL = 1
VEHICLES = 20

Lower bound = 25147947.0, Ascent time = 3.01 sec.
Cand.min = 5, Cand.avg = 5.0, Cand.max = 5
Edges.fixed = 520 [Cost = 0]
Preprocessing time = 3.09 sec.
* 1: Cost = 430734_51739849, Time = 3.62 sec. 
-Trial 1 430734 51739849 6.709814
* 2: Cost = 430734_51618626, Time = 3.68 sec. 
-Trial 2 430734 51618626 6.779376
* 3: Cost = 10982_51455625, Time = 3.73 sec. 
-Trial 3 10982 51455625 6.825778
-Trial 4 10982 51455625 6.864596
* 5: Cost = 10982_50918688, Time = 3.95 sec. 
-Trial 5 10982 50918688 7.042077
* 6: Cost = 0_51519809, Time = 4.06 sec. 
-Trial 6 0 51519809 7.156035
* 7: Cost = 0_51311030, Time = 4.08 sec. 
-Trial 7 0 51311030 7.178455
* 8: Cost = 0_51225956, Time = 4.10 sec. 
-Trial 8 0 51225956 7.196327
* 9: Cost = 0_50540387, Time = 4.12 sec. 
-Trial 9 0 50540387 7.218142
* 10: Cost = 0_50273156, Time = 4.31 sec. 
-Trial 10 0 50273156 7.400701
-Trial 11 0 50273156 7.508097
* 12: Cost = 0_50243370, Time = 4.46 sec. 
-Trial 12 0 50243370 7.553128
-Trial 13 0 50243370 7.554105
* 14: Cost = 0_49004153, Time = 4.48 sec. 
-Trial 14 0 49004153 7.574497
-Trial 15 0 49004153 7.606277
* 16: Cost = 0_48765372, Time = 4.55 sec. 
-Trial 16 0 48765372 7.646912
* 17: Cost = 0_48732626, Time = 4.56 sec. 
-Trial 17 0 48732626 7.650460
-Trial 18 0 48732626 7.673174
-Trial 19 0 48732626 7.717954
* 20: Cost = 0_48672213, Time = 4.67 sec. 
-Trial 20 0 48672213 7.764361
* 21: Cost = 0_48382149, Time = 4.71 sec. 
-Trial 21 0 48382149 7.802061
-Trial 22 0 48382149 7.820662
-Trial 23 0 48382149 7.845648
-Trial 24 0 48382149 7.884032
* 25: Cost = 0_48217846, Time = 4.83 sec. 
-Trial 25 0 48217846 7.920464
-Trial 26 0 48217846 8.219349
* 27: Cost = 0_47986717, Time = 5.15 sec. 
-Trial 27 0 47986717 8.240949
-Trial 28 0 47986717 8.297124
-Trial 29 0 47986717 8.340762
* 30: Cost = 0_47845923, Time = 5.27 sec. 
-Trial 30 0 47845923 8.363964
* 31: Cost = 0_47299191, Time = 5.31 sec. 
-Trial 31 0 47299191 8.404404
-Trial 32 0 47299191 8.408518
* 33: Cost = 0_47263538, Time = 5.32 sec. 
-Trial 33 0 47263538 8.411555
-Trial 34 0 47263538 8.417991
* 35: Cost = 0_46878405, Time = 5.33 sec. 
-Trial 35 0 46878405 8.426922
-Trial 36 0 46878405 8.436478
* 37: Cost = 0_46650097, Time = 5.38 sec. 
-Trial 37 0 46650097 8.470429
-Trial 38 0 46650097 8.563217
-Trial 39 0 46650097 8.579089
-Trial 40 0 46650097 8.653368
-Trial 41 0 46650097 8.666251
-Trial 42 0 46650097 8.667812
* 43: Cost = 0_46548606, Time = 5.59 sec. 
-Trial 43 0 46548606 8.688438
-Trial 44 0 46548606 8.704602
-Trial 45 0 46548606 8.717859
-Trial 46 0 46548606 8.726528
* 47: Cost = 0_46472518, Time = 5.66 sec. 
-Trial 47 0 46472518 8.749858
* 48: Cost = 0_46409238, Time = 5.68 sec. 
-Trial 48 0 46409238 8.778221
-Trial 49 0 46409238 8.798325
* 50: Cost = 0_46319741, Time = 5.72 sec. 
-Trial 50 0 46319741 8.818177
* 51: Cost = 0_46097973, Time = 5.73 sec. 
-Trial 51 0 46097973 8.827545
* 52: Cost = 0_45925382, Time = 5.79 sec. 
-Trial 52 0 45925382 8.881841
-Trial 53 0 45925382 8.892576
* 54: Cost = 0_45901704, Time = 5.81 sec. 
-Trial 54 0 45901704 8.901341
-Trial 55 0 45901704 8.915456
-Trial 56 0 45901704 8.924662
-Trial 57 0 45901704 8.977026
-Trial 58 0 45901704 9.027475
-Trial 59 0 45901704 9.027854
-Trial 60 0 45901704 9.032275
* 61: Cost = 0_45860578, Time = 5.97 sec. 
-Trial 61 0 45860578 9.059901
-Trial 62 0 45860578 9.069165
-Trial 63 0 45860578 9.212858
-Trial 64 0 45860578 9.250158
-Trial 65 0 45860578 9.260481
* 66: Cost = 0_45683495, Time = 6.17 sec. 
-Trial 66 0 45683495 9.265881
-Trial 67 0 45683495 9.334867
-Trial 68 0 45683495 9.340488
-Trial 69 0 45683495 9.342591
-Trial 70 0 45683495 9.354012
-Trial 71 0 45683495 9.379898
-Trial 72 0 45683495 9.391310
-Trial 73 0 45683495 9.405409
-Trial 74 0 45683495 9.441208
-Trial 75 0 45683495 9.584904
-Trial 76 0 45683495 9.594050
* 77: Cost = 0_45475630, Time = 6.50 sec. 
-Trial 77 0 45475630 9.599691
-Trial 78 0 45475630 9.728506
-Trial 79 0 45475630 9.730914
* 80: Cost = 0_45358292, Time = 6.65 sec. 
-Trial 80 0 45358292 9.740926
-Trial 81 0 45358292 9.841131
* 82: Cost = 0_45190822, Time = 6.79 sec. 
-Trial 82 0 45190822 9.885565
* 83: Cost = 0_45075232, Time = 6.86 sec. 
-Trial 83 0 45075232 9.956524
* 84: Cost = 0_44908478, Time = 6.90 sec. 
-Trial 84 0 44908478 9.997672
-Trial 85 0 44908478 10.012916
* 86: Cost = 0_44680929, Time = 6.95 sec. 
-Trial 86 0 44680929 10.049398
-Trial 87 0 44680929 10.052209
-Trial 88 0 44680929 10.061210
-Trial 89 0 44680929 10.066872
-Trial 90 0 44680929 10.101469
* 91: Cost = 0_44464602, Time = 7.02 sec. 
-Trial 91 0 44464602 10.118231
-Trial 92 0 44464602 10.125165
-Trial 93 0 44464602 10.342099
-Trial 94 0 44464602 10.359218
-Trial 95 0 44464602 10.364438
-Trial 96 0 44464602 10.383322
-Trial 97 0 44464602 10.384650
-Trial 98 0 44464602 10.451000
-Trial 99 0 44464602 10.482695
* 100: Cost = 0_44343965, Time = 7.39 sec. 
-Trial 100 0 44343965 10.487003
-Trial 101 0 44343965 10.502325
-Trial 102 0 44343965 10.525350
-Trial 103 0 44343965 10.526499
-Trial 104 0 44343965 10.528258
* 105: Cost = 0_44289172, Time = 7.44 sec. 
-Trial 105 0 44289172 10.536979
* 106: Cost = 0_44201170, Time = 7.47 sec. 
-Trial 106 0 44201170 10.562405
* 107: Cost = 0_44164846, Time = 7.47 sec. 
-Trial 107 0 44164846 10.566940
* 108: Cost = 0_43880814, Time = 7.50 sec. 
-Trial 108 0 43880814 10.592643
* 109: Cost = 0_43721524, Time = 7.52 sec. 
-Trial 109 0 43721524 10.616745
* 110: Cost = 0_43563018, Time = 7.56 sec. 
-Trial 110 0 43563018 10.651957
-Trial 111 0 43563018 10.664771
* 112: Cost = 0_43563004, Time = 7.60 sec. 
-Trial 112 0 43563004 10.694584
-Trial 113 0 43563004 10.745352
-Trial 114 0 43563004 10.748411
-Trial 115 0 43563004 10.759837
-Trial 116 0 43563004 10.774594
-Trial 117 0 43563004 10.802090
-Trial 118 0 43563004 10.806931
-Trial 119 0 43563004 10.828825
* 120: Cost = 0_43555399, Time = 7.79 sec. 
-Trial 120 0 43555399 10.880542
-Trial 121 0 43555399 10.960783
-Trial 122 0 43555399 10.984022
* 123: Cost = 0_43552703, Time = 7.99 sec. 
-Trial 123 0 43552703 11.082738
-Trial 124 0 43552703 11.086175
-Trial 125 0 43552703 11.097249
-Trial 126 0 43552703 11.123800
-Trial 127 0 43552703 11.142473
-Trial 128 0 43552703 11.237092
-Trial 129 0 43552703 11.298254
-Trial 130 0 43552703 11.340798
* 131: Cost = 0_43385854, Time = 8.29 sec. 
-Trial 131 0 43385854 11.380710
-Trial 132 0 43385854 11.482718
-Trial 133 0 43385854 11.495694
-Trial 134 0 43385854 11.502462
-Trial 135 0 43385854 11.520727
-Trial 136 0 43385854 11.559398
-Trial 137 0 43385854 11.569187
-Trial 138 0 43385854 11.575473
-Trial 139 0 43385854 11.589564
-Trial 140 0 43385854 11.648497
-Trial 141 0 43385854 11.674841
-Trial 142 0 43385854 11.680570
-Trial 143 0 43385854 11.775592
-Trial 144 0 43385854 11.781223
-Trial 145 0 43385854 11.882468
-Trial 146 0 43385854 11.891202
-Trial 147 0 43385854 11.909331
-Trial 148 0 43385854 11.915245
-Trial 149 0 43385854 11.934564
* 150: Cost = 0_43384315, Time = 8.90 sec. 
-Trial 150 0 43384315 11.998679
-Trial 151 0 43384315 12.011932
-Trial 152 0 43384315 12.038410
* 153: Cost = 0_43127534, Time = 9.02 sec. 
-Trial 153 0 43127534 12.113143
-Trial 154 0 43127534 12.160550
-Trial 155 0 43127534 12.166709
-Trial 156 0 43127534 12.184939
* 157: Cost = 0_43117998, Time = 9.10 sec. 
-Trial 157 0 43117998 12.195766
-Trial 158 0 43117998 12.235248
-Trial 159 0 43117998 12.260336
-Trial 160 0 43117998 12.342379
-Trial 161 0 43117998 12.348196
-Trial 162 0 43117998 12.355744
-Trial 163 0 43117998 12.391864
-Trial 164 0 43117998 12.419618
* 165: Cost = 0_43062118, Time = 9.33 sec. 
-Trial 165 0 43062118 12.428003
-Trial 166 0 43062118 12.430790
-Trial 167 0 43062118 12.458473
-Trial 168 0 43062118 12.566959
-Trial 169 0 43062118 12.604335
-Trial 170 0 43062118 12.635605
-Trial 171 0 43062118 12.654694
-Trial 172 0 43062118 12.677447
-Trial 173 0 43062118 12.696535
-Trial 174 0 43062118 12.745707
* 175: Cost = 0_43039369, Time = 9.70 sec. 
-Trial 175 0 43039369 12.790521
-Trial 176 0 43039369 12.963161
-Trial 177 0 43039369 12.968455
-Trial 178 0 43039369 12.975920
-Trial 179 0 43039369 13.013242
* 180: Cost = 0_43030567, Time = 9.95 sec. 
-Trial 180 0 43030567 13.040024
-Trial 181 0 43030567 13.149193
-Trial 182 0 43030567 13.176297
-Trial 183 0 43030567 13.214893
-Trial 184 0 43030567 13.257892
-Trial 185 0 43030567 13.300073
* 186: Cost = 0_43029466, Time = 10.23 sec. 
-Trial 186 0 43029466 13.323363
-Trial 187 0 43029466 13.341882
* 188: Cost = 0_42948343, Time = 10.28 sec. 
-Trial 188 0 42948343 13.371120
-Trial 189 0 42948343 13.403988
-Trial 190 0 42948343 13.412914
-Trial 191 0 42948343 13.422220
-Trial 192 0 42948343 13.447462
-Trial 193 0 42948343 13.470256
* 194: Cost = 0_42919987, Time = 10.43 sec. 
-Trial 194 0 42919987 13.526791
* 195: Cost = 0_42900590, Time = 10.47 sec. 
-Trial 195 0 42900590 13.566926
-Trial 196 0 42900590 13.686047
-Trial 197 0 42900590 13.688818
-Trial 198 0 42900590 13.700734
-Trial 199 0 42900590 13.719602
-Trial 200 0 42900590 13.721733
* 201: Cost = 0_42807814, Time = 10.68 sec. 
-Trial 201 0 42807814 13.776846
-Trial 202 0 42807814 13.780699
* 203: Cost = 0_42640045, Time = 10.70 sec. 
-Trial 203 0 42640045 13.795538
-Trial 204 0 42640045 13.855450
-Trial 205 0 42640045 13.870848
-Trial 206 0 42640045 13.903991
-Trial 207 0 42640045 13.904952
-Trial 208 0 42640045 13.915755
-Trial 209 0 42640045 14.037454
-Trial 210 0 42640045 14.291007
-Trial 211 0 42640045 14.294393
-Trial 212 0 42640045 14.308751
-Trial 213 0 42640045 14.320522
-Trial 214 0 42640045 14.333724
-Trial 215 0 42640045 14.334941
* 216: Cost = 0_42608886, Time = 11.25 sec. 
-Trial 216 0 42608886 14.344639
-Trial 217 0 42608886 14.529466
-Trial 218 0 42608886 14.562480
-Trial 219 0 42608886 14.598246
* 220: Cost = 0_42599533, Time = 11.57 sec. 
-Trial 220 0 42599533 14.662367
* 221: Cost = 0_42542832, Time = 11.58 sec. 
-Trial 221 0 42542832 14.679384
-Trial 222 0 42542832 14.713757
-Trial 223 0 42542832 14.733216
-Trial 224 0 42542832 14.750691
-Trial 225 0 42542832 14.762625
-Trial 226 0 42542832 14.782249
-Trial 227 0 42542832 14.791459
-Trial 228 0 42542832 14.809635
-Trial 229 0 42542832 14.822463
-Trial 230 0 42542832 14.829416
-Trial 231 0 42542832 14.831320
-Trial 232 0 42542832 14.845432
-Trial 233 0 42542832 14.848925
-Trial 234 0 42542832 14.852565
* 235: Cost = 0_42542616, Time = 11.77 sec. 
-Trial 235 0 42542616 14.869073
-Trial 236 0 42542616 14.987939
-Trial 237 0 42542616 15.019717
-Trial 238 0 42542616 15.021955
-Trial 239 0 42542616 15.031067
-Trial 240 0 42542616 15.063861
-Trial 241 0 42542616 15.070707
-Trial 242 0 42542616 15.075892
-Trial 243 0 42542616 15.083121
-Trial 244 0 42542616 15.095271
-Trial 245 0 42542616 15.096850
-Trial 246 0 42542616 15.126234
-Trial 247 0 42542616 15.176250
-Trial 248 0 42542616 15.219061
-Trial 249 0 42542616 15.233573
-Trial 250 0 42542616 15.256039
-Trial 251 0 42542616 15.282011
-Trial 252 0 42542616 15.291403
-Trial 253 0 42542616 15.336374
-Trial 254 0 42542616 15.350305
-Trial 255 0 42542616 15.384523
-Trial 256 0 42542616 15.412049
-Trial 257 0 42542616 15.414698
-Trial 258 0 42542616 15.464753
-Trial 259 0 42542616 15.477821
* 260: Cost = 0_42494475, Time = 12.39 sec. 
-Trial 260 0 42494475 15.488238
-Trial 261 0 42494475 15.498757
-Trial 262 0 42494475 15.568680
-Trial 263 0 42494475 15.577441
-Trial 264 0 42494475 15.604833
-Trial 265 0 42494475 15.614931
* 266: Cost = 0_42436885, Time = 12.53 sec. 
-Trial 266 0 42436885 15.626426
-Trial 267 0 42436885 15.635778
-Trial 268 0 42436885 15.640002
-Trial 269 0 42436885 15.734145
* 270: Cost = 0_42417621, Time = 12.65 sec. 
-Trial 270 0 42417621 15.742521
-Trial 271 0 42417621 15.777668
-Trial 272 0 42417621 15.798230
-Trial 273 0 42417621 15.859288
-Trial 274 0 42417621 15.903477
-Trial 275 0 42417621 15.909111
-Trial 276 0 42417621 15.916583
-Trial 277 0 42417621 16.016019
-Trial 278 0 42417621 16.032421
-Trial 279 0 42417621 16.070640
-Trial 280 0 42417621 16.098764
-Trial 281 0 42417621 16.114069
-Trial 282 0 42417621 16.136195
-Trial 283 0 42417621 16.138955
-Trial 284 0 42417621 16.337325
-Trial 285 0 42417621 16.360398
-Trial 286 0 42417621 16.366122
-Trial 287 0 42417621 16.391880
-Trial 288 0 42417621 16.603832
-Trial 289 0 42417621 16.608969
-Trial 290 0 42417621 16.663833
-Trial 291 0 42417621 16.668347
-Trial 292 0 42417621 16.677555
-Trial 293 0 42417621 16.713647
-Trial 294 0 42417621 16.734607
-Trial 295 0 42417621 16.755760
* 296: Cost = 0_42363726, Time = 13.67 sec. 
-Trial 296 0 42363726 16.763006
-Trial 297 0 42363726 16.809604
-Trial 298 0 42363726 16.822507
-Trial 299 0 42363726 16.868017
-Trial 300 0 42363726 16.873421
-Trial 301 0 42363726 16.879616
-Trial 302 0 42363726 17.043650
-Trial 303 0 42363726 17.055979
-Trial 304 0 42363726 17.066202
-Trial 305 0 42363726 17.096842
-Trial 306 0 42363726 17.127829
-Trial 307 0 42363726 17.147277
-Trial 308 0 42363726 17.150574
-Trial 309 0 42363726 17.164403
-Trial 310 0 42363726 17.172119
-Trial 311 0 42363726 17.188601
-Trial 312 0 42363726 17.213739
-Trial 313 0 42363726 17.239246
-Trial 314 0 42363726 17.313376
-Trial 315 0 42363726 17.320491
-Trial 316 0 42363726 17.321674
-Trial 317 0 42363726 17.349129
-Trial 318 0 42363726 17.371411
-Trial 319 0 42363726 17.390746
-Trial 320 0 42363726 17.396697
-Trial 321 0 42363726 17.413690
-Trial 322 0 42363726 17.441624
-Trial 323 0 42363726 17.447322
-Trial 324 0 42363726 17.465086
* 325: Cost = 0_42348865, Time = 14.43 sec. 
-Trial 325 0 42348865 17.522720
-Trial 326 0 42348865 17.538368
-Trial 327 0 42348865 17.540358
-Trial 328 0 42348865 17.548201
-Trial 329 0 42348865 17.602837
-Trial 330 0 42348865 17.609271
-Trial 331 0 42348865 17.623081
-Trial 332 0 42348865 17.634347
-Trial 333 0 42348865 17.646193
* 334: Cost = 0_42296163, Time = 14.57 sec. 
-Trial 334 0 42296163 17.662687
-Trial 335 0 42296163 17.665572
* 336: Cost = 0_42104577, Time = 14.59 sec. 
-Trial 336 0 42104577 17.680761
* 337: Cost = 0_42072191, Time = 14.59 sec. 
-Trial 337 0 42072191 17.688398
-Trial 338 0 42072191 17.710841
-Trial 339 0 42072191 17.823267
-Trial 340 0 42072191 17.875725
-Trial 341 0 42072191 17.881908
-Trial 342 0 42072191 17.886619
-Trial 343 0 42072191 17.914480
-Trial 344 0 42072191 17.941114
-Trial 345 0 42072191 17.950091
-Trial 346 0 42072191 17.954381
-Trial 347 0 42072191 18.014293
-Trial 348 0 42072191 18.039477
-Trial 349 0 42072191 18.055199
-Trial 350 0 42072191 18.112170
-Trial 351 0 42072191 18.127873
-Trial 352 0 42072191 18.134035
-Trial 353 0 42072191 18.173337
-Trial 354 0 42072191 18.182982
-Trial 355 0 42072191 18.190517
-Trial 356 0 42072191 18.254998
-Trial 357 0 42072191 18.260354
-Trial 358 0 42072191 18.264476
-Trial 359 0 42072191 18.275264
-Trial 360 0 42072191 18.297838
-Trial 361 0 42072191 18.308082
-Trial 362 0 42072191 18.309912
-Trial 363 0 42072191 18.370883
-Trial 364 0 42072191 18.449233
-Trial 365 0 42072191 18.460742
-Trial 366 0 42072191 18.467682
-Trial 367 0 42072191 18.486710
* 368: Cost = 0_42029833, Time = 15.46 sec. 
-Trial 368 0 42029833 18.555988
-Trial 369 0 42029833 18.578964
-Trial 370 0 42029833 18.605694
-Trial 371 0 42029833 18.614914
-Trial 372 0 42029833 18.625238
-Trial 373 0 42029833 18.660067
-Trial 374 0 42029833 18.676441
-Trial 375 0 42029833 18.677780
* 376: Cost = 0_41979520, Time = 15.59 sec. 
-Trial 376 0 41979520 18.679774
-Trial 377 0 41979520 18.700417
-Trial 378 0 41979520 18.707988
-Trial 379 0 41979520 18.733080
-Trial 380 0 41979520 18.814151
-Trial 381 0 41979520 18.875414
-Trial 382 0 41979520 18.881633
-Trial 383 0 41979520 18.899618
-Trial 384 0 41979520 18.945385
-Trial 385 0 41979520 18.958195
-Trial 386 0 41979520 18.970011
-Trial 387 0 41979520 19.032392
-Trial 388 0 41979520 19.043597
-Trial 389 0 41979520 19.063375
-Trial 390 0 41979520 19.077300
-Trial 391 0 41979520 19.105562
-Trial 392 0 41979520 19.113356
-Trial 393 0 41979520 19.116790
-Trial 394 0 41979520 19.136516
-Trial 395 0 41979520 19.205980
-Trial 396 0 41979520 19.233291
-Trial 397 0 41979520 19.235140
-Trial 398 0 41979520 19.250320
-Trial 399 0 41979520 19.263853
-Trial 400 0 41979520 19.277999
-Trial 401 0 41979520 19.344598
-Trial 402 0 41979520 19.368121
-Trial 403 0 41979520 19.391897
-Trial 404 0 41979520 19.427704
-Trial 405 0 41979520 19.452684
-Trial 406 0 41979520 19.462614
-Trial 407 0 41979520 19.478960
-Trial 408 0 41979520 19.515308
-Trial 409 0 41979520 19.533171
-Trial 410 0 41979520 19.546266
-Trial 411 0 41979520 19.576733
-Trial 412 0 41979520 19.581077
* 413: Cost = 0_41923311, Time = 16.50 sec. 
-Trial 413 0 41923311 19.596722
-Trial 414 0 41923311 19.609264
-Trial 415 0 41923311 19.631151
-Trial 416 0 41923311 19.641467
-Trial 417 0 41923311 19.805585
-Trial 418 0 41923311 19.810576
-Trial 419 0 41923311 19.835811
-Trial 420 0 41923311 19.844721
-Trial 421 0 41923311 19.882589
-Trial 422 0 41923311 19.919175
-Trial 423 0 41923311 19.933339
-Trial 424 0 41923311 19.987692
-Trial 425 0 41923311 19.998978
-Trial 426 0 41923311 20.022669
-Trial 427 0 41923311 20.050214
-Trial 428 0 41923311 20.068013
-Trial 429 0 41923311 20.091388
-Trial 430 0 41923311 20.099597
-Trial 431 0 41923311 20.113776
-Trial 432 0 41923311 20.122775
* 433: Cost = 0_41869570, Time = 17.04 sec. 
-Trial 433 0 41869570 20.136484
-Trial 434 0 41869570 20.172646
-Trial 435 0 41869570 20.189844
-Trial 436 0 41869570 20.199019
-Trial 437 0 41869570 20.204551
-Trial 438 0 41869570 20.258261
-Trial 439 0 41869570 20.274502
-Trial 440 0 41869570 20.280114
* 441: Cost = 0_41868036, Time = 17.22 sec. 
-Trial 441 0 41868036 20.318896
* 442: Cost = 0_41857196, Time = 17.23 sec. 
-Trial 442 0 41857196 20.324255
-Trial 443 0 41857196 20.348726
-Trial 444 0 41857196 20.351304
-Trial 445 0 41857196 20.376268
* 446: Cost = 0_41793604, Time = 17.29 sec. 
-Trial 446 0 41793604 20.386205
-Trial 447 0 41793604 20.424642
-Trial 448 0 41793604 20.440335
-Trial 449 0 41793604 20.503219
-Trial 450 0 41793604 20.504884
-Trial 451 0 41793604 20.537030
-Trial 452 0 41793604 20.600186
-Trial 453 0 41793604 20.730326
-Trial 454 0 41793604 20.739642
-Trial 455 0 41793604 20.753270
-Trial 456 0 41793604 20.800671
-Trial 457 0 41793604 20.833187
-Trial 458 0 41793604 20.840619
* 459: Cost = 0_41721657, Time = 17.76 sec. 
-Trial 459 0 41721657 20.850214
-Trial 460 0 41721657 20.865900
-Trial 461 0 41721657 20.884263
-Trial 462 0 41721657 20.913683
-Trial 463 0 41721657 20.960945
-Trial 464 0 41721657 20.968486
-Trial 465 0 41721657 20.981202
-Trial 466 0 41721657 21.042017
-Trial 467 0 41721657 21.047845
-Trial 468 0 41721657 21.055400
-Trial 469 0 41721657 21.081597
-Trial 470 0 41721657 21.087582
-Trial 471 0 41721657 21.092431
-Trial 472 0 41721657 21.093728
-Trial 473 0 41721657 21.147303
-Trial 474 0 41721657 21.162924
-Trial 475 0 41721657 21.168263
-Trial 476 0 41721657 21.233073
-Trial 477 0 41721657 21.264397
* 478: Cost = 0_41687606, Time = 18.21 sec. 
-Trial 478 0 41687606 21.301905
* 479: Cost = 0_41663775, Time = 18.21 sec. 
-Trial 479 0 41663775 21.309216
-Trial 480 0 41663775 21.346829
* 481: Cost = 0_41611134, Time = 18.27 sec. 
-Trial 481 0 41611134 21.361566
-Trial 482 0 41611134 21.370907
-Trial 483 0 41611134 21.424425
-Trial 484 0 41611134 21.424836
-Trial 485 0 41611134 21.465659
-Trial 486 0 41611134 21.486683
-Trial 487 0 41611134 21.489785
-Trial 488 0 41611134 21.499301
-Trial 489 0 41611134 21.575515
-Trial 490 0 41611134 21.579049
-Trial 491 0 41611134 21.606605
-Trial 492 0 41611134 21.613155
-Trial 493 0 41611134 21.674437
* 494: Cost = 0_41604072, Time = 18.60 sec. 
-Trial 494 0 41604072 21.697808
-Trial 495 0 41604072 21.725085
-Trial 496 0 41604072 21.738882
-Trial 497 0 41604072 21.754822
* 498: Cost = 0_41583968, Time = 18.67 sec. 
-Trial 498 0 41583968 21.762852
-Trial 499 0 41583968 21.774541
-Trial 500 0 41583968 21.810028
-Trial 501 0 41583968 21.813172
-Trial 502 0 41583968 21.850272
-Trial 503 0 41583968 21.874288
-Trial 504 0 41583968 21.889341
-Trial 505 0 41583968 21.906767
-Trial 506 0 41583968 21.940822
-Trial 507 0 41583968 21.947288
-Trial 508 0 41583968 21.965060
-Trial 509 0 41583968 22.004324
-Trial 510 0 41583968 22.012668
-Trial 511 0 41583968 22.017120
-Trial 512 0 41583968 22.026890
-Trial 513 0 41583968 22.032606
-Trial 514 0 41583968 22.176117
-Trial 515 0 41583968 22.187699
-Trial 516 0 41583968 22.219374
-Trial 517 0 41583968 22.272287
-Trial 518 0 41583968 22.285786
-Trial 519 0 41583968 22.355790
-Trial 520 0 41583968 22.373314
-Trial 521 0 41583968 22.399032
-Trial 522 0 41583968 22.402905
-Trial 523 0 41583968 22.416740
-Trial 524 0 41583968 22.463855
* 525: Cost = 0_41542202, Time = 19.43 sec. 
-Trial 525 0 41542202 22.524147
-Trial 526 0 41542202 22.527495
-Trial 527 0 41542202 22.547791
-Trial 528 0 41542202 22.554058
-Trial 529 0 41542202 22.579354
* 530: Cost = 0_41541162, Time = 19.49 sec. 
-Trial 530 0 41541162 22.581592
-Trial 531 0 41541162 22.588070
-Trial 532 0 41541162 22.597086
-Trial 533 0 41541162 22.598907
-Trial 534 0 41541162 22.607232
-Trial 535 0 41541162 22.630681
-Trial 536 0 41541162 22.649902
-Trial 537 0 41541162 22.672648
-Trial 538 0 41541162 22.712832
-Trial 539 0 41541162 22.745285
-Trial 540 0 41541162 22.747312
* 541: Cost = 0_41537922, Time = 19.68 sec. 
-Trial 541 0 41537922 22.776620
-Trial 542 0 41537922 22.791253
-Trial 543 0 41537922 22.804542
-Trial 544 0 41537922 22.868086
-Trial 545 0 41537922 22.954182
-Trial 546 0 41537922 22.973240
-Trial 547 0 41537922 23.074981
-Trial 548 0 41537922 23.091516
-Trial 549 0 41537922 23.116690
-Trial 550 0 41537922 23.127966
-Trial 551 0 41537922 23.185696
-Trial 552 0 41537922 23.196115
-Trial 553 0 41537922 23.252398
-Trial 554 0 41537922 23.279530
-Trial 555 0 41537922 23.293383
-Trial 556 0 41537922 23.343675
-Trial 557 0 41537922 23.344916
-Trial 558 0 41537922 23.352852
-Trial 559 0 41537922 23.436123
-Trial 560 0 41537922 23.439907
-Trial 561 0 41537922 23.471744
-Trial 562 0 41537922 23.483857
-Trial 563 0 41537922 23.534230
-Trial 564 0 41537922 23.578148
-Trial 565 0 41537922 23.607784
-Trial 566 0 41537922 23.620620
-Trial 567 0 41537922 23.649930
-Trial 568 0 41537922 23.758909
-Trial 569 0 41537922 23.826174
-Trial 570 0 41537922 23.827156
-Trial 571 0 41537922 23.851843
-Trial 572 0 41537922 23.868211
-Trial 573 0 41537922 23.874991
-Trial 574 0 41537922 23.919654
-Trial 575 0 41537922 23.983005
-Trial 576 0 41537922 23.986299
-Trial 577 0 41537922 23.999255
-Trial 578 0 41537922 24.058919
-Trial 579 0 41537922 24.084852
-Trial 580 0 41537922 24.102405
-Trial 581 0 41537922 24.216177
-Trial 582 0 41537922 24.249303
-Trial 583 0 41537922 24.252744
-Trial 584 0 41537922 24.330572
-Trial 585 0 41537922 24.377284
-Trial 586 0 41537922 24.419149
-Trial 587 0 41537922 24.426569
* 588: Cost = 0_41362645, Time = 21.35 sec. 
-Trial 588 0 41362645 24.449122
-Trial 589 0 41362645 24.459221
-Trial 590 0 41362645 24.464218
-Trial 591 0 41362645 24.472417
-Trial 592 0 41362645 24.476702
-Trial 593 0 41362645 24.481594
-Trial 594 0 41362645 24.483153
-Trial 595 0 41362645 24.487202
-Trial 596 0 41362645 24.531926
-Trial 597 0 41362645 24.533279
-Trial 598 0 41362645 24.538889
-Trial 599 0 41362645 24.621126
-Trial 600 0 41362645 24.636482
-Trial 601 0 41362645 24.639094
-Trial 602 0 41362645 24.645626
-Trial 603 0 41362645 24.651238
* 604: Cost = 0_41310265, Time = 21.58 sec. 
-Trial 604 0 41310265 24.672379
-Trial 605 0 41310265 24.690836
-Trial 606 0 41310265 24.703567
-Trial 607 0 41310265 24.734434
-Trial 608 0 41310265 24.743435
-Trial 609 0 41310265 24.809632
-Trial 610 0 41310265 25.020357
-Trial 611 0 41310265 25.022802
-Trial 612 0 41310265 25.090331
-Trial 613 0 41310265 25.109157
-Trial 614 0 41310265 25.126462
* 615: Cost = 0_41291829, Time = 22.04 sec. 
-Trial 615 0 41291829 25.134409
-Trial 616 0 41291829 25.204243
-Trial 617 0 41291829 25.216353
-Trial 618 0 41291829 25.259729
-Trial 619 0 41291829 25.264222
-Trial 620 0 41291829 25.279540
-Trial 621 0 41291829 25.286980
-Trial 622 0 41291829 25.301235
-Trial 623 0 41291829 25.311424
-Trial 624 0 41291829 25.312221
* 625: Cost = 0_41262171, Time = 22.23 sec. 
-Trial 625 0 41262171 25.322295
-Trial 626 0 41262171 25.359821
-Trial 627 0 41262171 25.369302
-Trial 628 0 41262171 25.419325
-Trial 629 0 41262171 25.425804
-Trial 630 0 41262171 25.519237
-Trial 631 0 41262171 25.526763
-Trial 632 0 41262171 25.567928
-Trial 633 0 41262171 25.645387
-Trial 634 0 41262171 25.660363
-Trial 635 0 41262171 25.684878
-Trial 636 0 41262171 25.727190
-Trial 637 0 41262171 25.741646
-Trial 638 0 41262171 25.754409
-Trial 639 0 41262171 25.790977
-Trial 640 0 41262171 25.801551
-Trial 641 0 41262171 25.814439
-Trial 642 0 41262171 25.960581
-Trial 643 0 41262171 25.980652
-Trial 644 0 41262171 26.000424
-Trial 645 0 41262171 26.024472
-Trial 646 0 41262171 26.032926
-Trial 647 0 41262171 26.077573
-Trial 648 0 41262171 26.084299
-Trial 649 0 41262171 26.108286
-Trial 650 0 41262171 26.119887
-Trial 651 0 41262171 26.134493
-Trial 652 0 41262171 26.148469
-Trial 653 0 41262171 26.162226
-Trial 654 0 41262171 26.173221
-Trial 655 0 41262171 26.239943
-Trial 656 0 41262171 26.250808
-Trial 657 0 41262171 26.271749
-Trial 658 0 41262171 26.281230
-Trial 659 0 41262171 26.293460
-Trial 660 0 41262171 26.311237
-Trial 661 0 41262171 26.327029
-Trial 662 0 41262171 26.349028
-Trial 663 0 41262171 26.428112
-Trial 664 0 41262171 26.460172
-Trial 665 0 41262171 26.484079
-Trial 666 0 41262171 26.538658
-Trial 667 0 41262171 26.764265
-Trial 668 0 41262171 26.774232
-Trial 669 0 41262171 26.783487
* 670: Cost = 0_41217073, Time = 23.71 sec. 
-Trial 670 0 41217073 26.800805
-Trial 671 0 41217073 26.836702
-Trial 672 0 41217073 26.839643
-Trial 673 0 41217073 26.854706
-Trial 674 0 41217073 26.877675
-Trial 675 0 41217073 26.883162
-Trial 676 0 41217073 26.936104
-Trial 677 0 41217073 26.952957
-Trial 678 0 41217073 26.962224
-Trial 679 0 41217073 26.991049
-Trial 680 0 41217073 27.003835
-Trial 681 0 41217073 27.009560
-Trial 682 0 41217073 27.026195
-Trial 683 0 41217073 27.032657
-Trial 684 0 41217073 27.044043
-Trial 685 0 41217073 27.060098
-Trial 686 0 41217073 27.135889
-Trial 687 0 41217073 27.143904
-Trial 688 0 41217073 27.159880
-Trial 689 0 41217073 27.167705
-Trial 690 0 41217073 27.182220
-Trial 691 0 41217073 27.191291
-Trial 692 0 41217073 27.209711
-Trial 693 0 41217073 27.227144
* 694: Cost = 0_41192821, Time = 24.14 sec. 
-Trial 694 0 41192821 27.237735
-Trial 695 0 41192821 27.267495
-Trial 696 0 41192821 27.275496
-Trial 697 0 41192821 27.326102
-Trial 698 0 41192821 27.343404
-Trial 699 0 41192821 27.348203
-Trial 700 0 41192821 27.349412
-Trial 701 0 41192821 27.357904
-Trial 702 0 41192821 27.390179
-Trial 703 0 41192821 27.414730
-Trial 704 0 41192821 27.447859
-Trial 705 0 41192821 27.457729
-Trial 706 0 41192821 27.484832
-Trial 707 0 41192821 27.495939
-Trial 708 0 41192821 27.501501
-Trial 709 0 41192821 27.780033
-Trial 710 0 41192821 27.842430
-Trial 711 0 41192821 27.866482
-Trial 712 0 41192821 27.875948
-Trial 713 0 41192821 27.886079
-Trial 714 0 41192821 28.024292
-Trial 715 0 41192821 28.037183
-Trial 716 0 41192821 28.067615
-Trial 717 0 41192821 28.116679
-Trial 718 0 41192821 28.140097
-Trial 719 0 41192821 28.212228
-Trial 720 0 41192821 28.228510
-Trial 721 0 41192821 28.263526
-Trial 722 0 41192821 28.268533
-Trial 723 0 41192821 28.293567
-Trial 724 0 41192821 28.418730
-Trial 725 0 41192821 28.434695
-Trial 726 0 41192821 28.453321
-Trial 727 0 41192821 28.462901
-Trial 728 0 41192821 28.467630
-Trial 729 0 41192821 28.484206
-Trial 730 0 41192821 28.496643
-Trial 731 0 41192821 28.514982
-Trial 732 0 41192821 28.519582
-Trial 733 0 41192821 28.543689
-Trial 734 0 41192821 28.563112
-Trial 735 0 41192821 28.647901
-Trial 736 0 41192821 28.727115
-Trial 737 0 41192821 28.729095
-Trial 738 0 41192821 28.755938
-Trial 739 0 41192821 28.798906
-Trial 740 0 41192821 28.831639
-Trial 741 0 41192821 28.849278
-Trial 742 0 41192821 28.887691
-Trial 743 0 41192821 28.888296
-Trial 744 0 41192821 28.893089
-Trial 745 0 41192821 28.928371
-Trial 746 0 41192821 28.954546
-Trial 747 0 41192821 28.962938
-Trial 748 0 41192821 28.987617
-Trial 749 0 41192821 29.014935
-Trial 750 0 41192821 29.099210
-Trial 751 0 41192821 29.105700
-Trial 752 0 41192821 29.136088
* 753: Cost = 0_41167658, Time = 26.05 sec. 
-Trial 753 0 41167658 29.142346
-Trial 754 0 41167658 29.216232
-Trial 755 0 41167658 29.250286
-Trial 756 0 41167658 29.254528
-Trial 757 0 41167658 29.263927
-Trial 758 0 41167658 29.302487
-Trial 759 0 41167658 29.312943
-Trial 760 0 41167658 29.343062
-Trial 761 0 41167658 29.367904
-Trial 762 0 41167658 29.421243
-Trial 763 0 41167658 29.429629
-Trial 764 0 41167658 29.444442
-Trial 765 0 41167658 29.468984
-Trial 766 0 41167658 29.483596
-Trial 767 0 41167658 29.572107
-Trial 768 0 41167658 29.576848
* 769: Cost = 0_41165699, Time = 26.49 sec. 
-Trial 769 0 41165699 29.588371
-Trial 770 0 41165699 29.588895
-Trial 771 0 41165699 29.604269
-Trial 772 0 41165699 29.605590
* 773: Cost = 0_41124770, Time = 26.51 sec. 
-Trial 773 0 41124770 29.608142
-Trial 774 0 41124770 29.614918
-Trial 775 0 41124770 29.751747
-Trial 776 0 41124770 29.783091
-Trial 777 0 41124770 29.824891
-Trial 778 0 41124770 29.899860
-Trial 779 0 41124770 29.902925
-Trial 780 0 41124770 29.958810
-Trial 781 0 41124770 29.983743
-Trial 782 0 41124770 29.992870
-Trial 783 0 41124770 30.007167
-Trial 784 0 41124770 30.022108
-Trial 785 0 41124770 30.023525
-Trial 786 0 41124770 30.030287
-Trial 787 0 41124770 30.036860
-Trial 788 0 41124770 30.078703
-Trial 789 0 41124770 30.104274
-Trial 790 0 41124770 30.117119
-Trial 791 0 41124770 30.218674
-Trial 792 0 41124770 30.227421
-Trial 793 0 41124770 30.232526
-Trial 794 0 41124770 30.276603
-Trial 795 0 41124770 30.297364
-Trial 796 0 41124770 30.302390
-Trial 797 0 41124770 30.306663
-Trial 798 0 41124770 30.310436
* 799: Cost = 0_41102175, Time = 27.24 sec. 
-Trial 799 0 41102175 30.337807
-Trial 800 0 41102175 30.373488
-Trial 801 0 41102175 30.395067
-Trial 802 0 41102175 30.412721
-Trial 803 0 41102175 30.472407
-Trial 804 0 41102175 30.500553
-Trial 805 0 41102175 30.512199
-Trial 806 0 41102175 30.523400
-Trial 807 0 41102175 30.547852
-Trial 808 0 41102175 30.584177
-Trial 809 0 41102175 30.605720
-Trial 810 0 41102175 30.621261
-Trial 811 0 41102175 30.633119
-Trial 812 0 41102175 30.680595
-Trial 813 0 41102175 30.687360
-Trial 814 0 41102175 30.698842
-Trial 815 0 41102175 30.726149
-Trial 816 0 41102175 30.730014
-Trial 817 0 41102175 30.734694
-Trial 818 0 41102175 30.782609
-Trial 819 0 41102175 30.791439
-Trial 820 0 41102175 30.829415
-Trial 821 0 41102175 30.923890
-Trial 822 0 41102175 30.926806
-Trial 823 0 41102175 30.943227
-Trial 824 0 41102175 30.985850
-Trial 825 0 41102175 30.990800
-Trial 826 0 41102175 30.999639
-Trial 827 0 41102175 31.000412
-Trial 828 0 41102175 31.012152
-Trial 829 0 41102175 31.153859
-Trial 830 0 41102175 31.171131
-Trial 831 0 41102175 31.235556
-Trial 832 0 41102175 31.256969
-Trial 833 0 41102175 31.274489
-Trial 834 0 41102175 31.283160
-Trial 835 0 41102175 31.287816
-Trial 836 0 41102175 31.326118
-Trial 837 0 41102175 31.337410
-Trial 838 0 41102175 31.382970
-Trial 839 0 41102175 31.401650
-Trial 840 0 41102175 31.428957
-Trial 841 0 41102175 31.498241
-Trial 842 0 41102175 31.511275
-Trial 843 0 41102175 31.514114
-Trial 844 0 41102175 31.515105
-Trial 845 0 41102175 31.524625
-Trial 846 0 41102175 31.597701
-Trial 847 0 41102175 31.633289
-Trial 848 0 41102175 31.652251
-Trial 849 0 41102175 31.742707
-Trial 850 0 41102175 31.761811
-Trial 851 0 41102175 31.787612
-Trial 852 0 41102175 31.839894
-Trial 853 0 41102175 31.848060
-Trial 854 0 41102175 31.857909
-Trial 855 0 41102175 31.864694
-Trial 856 0 41102175 31.880475
-Trial 857 0 41102175 31.887915
* 858: Cost = 0_41061297, Time = 28.80 sec. 
-Trial 858 0 41061297 31.897301
-Trial 859 0 41061297 31.906242
-Trial 860 0 41061297 31.917016
-Trial 861 0 41061297 31.972743
-Trial 862 0 41061297 31.983426
-Trial 863 0 41061297 32.047277
-Trial 864 0 41061297 32.077741
* 865: Cost = 0_41059181, Time = 29.02 sec. 
-Trial 865 0 41059181 32.119183
-Trial 866 0 41059181 32.150465
-Trial 867 0 41059181 32.180671
-Trial 868 0 41059181 32.241337
-Trial 869 0 41059181 32.246363
-Trial 870 0 41059181 32.251278
-Trial 871 0 41059181 32.266731
-Trial 872 0 41059181 32.298511
-Trial 873 0 41059181 32.354469
-Trial 874 0 41059181 32.393195
-Trial 875 0 41059181 32.419883
-Trial 876 0 41059181 32.428112
-Trial 877 0 41059181 32.451245
-Trial 878 0 41059181 32.465038
-Trial 879 0 41059181 32.467026
-Trial 880 0 41059181 32.472109
-Trial 881 0 41059181 32.642616
-Trial 882 0 41059181 32.647125
-Trial 883 0 41059181 32.654217
-Trial 884 0 41059181 32.674107
-Trial 885 0 41059181 32.734502
-Trial 886 0 41059181 32.754281
-Trial 887 0 41059181 32.762410
-Trial 888 0 41059181 32.762823
-Trial 889 0 41059181 32.777347
-Trial 890 0 41059181 32.783624
-Trial 891 0 41059181 32.817576
-Trial 892 0 41059181 32.834795
-Trial 893 0 41059181 32.848684
-Trial 894 0 41059181 32.895614
-Trial 895 0 41059181 32.900137
-Trial 896 0 41059181 32.908368
-Trial 897 0 41059181 32.950458
-Trial 898 0 41059181 32.986208
-Trial 899 0 41059181 33.007799
-Trial 900 0 41059181 33.023733
-Trial 901 0 41059181 33.036419
-Trial 902 0 41059181 33.045149
-Trial 903 0 41059181 33.073551
-Trial 904 0 41059181 33.222506
-Trial 905 0 41059181 33.251523
-Trial 906 0 41059181 33.312514
-Trial 907 0 41059181 33.320806
-Trial 908 0 41059181 33.332651
-Trial 909 0 41059181 33.372079
-Trial 910 0 41059181 33.401814
-Trial 911 0 41059181 33.442814
-Trial 912 0 41059181 33.448894
-Trial 913 0 41059181 33.499825
-Trial 914 0 41059181 33.520120
-Trial 915 0 41059181 33.523986
-Trial 916 0 41059181 33.527348
-Trial 917 0 41059181 33.527747
-Trial 918 0 41059181 33.534689
-Trial 919 0 41059181 33.550929
-Trial 920 0 41059181 33.557533
-Trial 921 0 41059181 33.575858
-Trial 922 0 41059181 33.592472
-Trial 923 0 41059181 33.675014
-Trial 924 0 41059181 33.684018
-Trial 925 0 41059181 33.710039
-Trial 926 0 41059181 33.743009
-Trial 927 0 41059181 33.767386
-Trial 928 0 41059181 33.831927
* 929: Cost = 0_41055155, Time = 30.79 sec. 
-Trial 929 0 41055155 33.881336
-Trial 930 0 41055155 33.913487
-Trial 931 0 41055155 33.989318
-Trial 932 0 41055155 34.008382
-Trial 933 0 41055155 34.020163
-Trial 934 0 41055155 34.072558
-Trial 935 0 41055155 34.106796
-Trial 936 0 41055155 34.117684
-Trial 937 0 41055155 34.125913
-Trial 938 0 41055155 34.132272
-Trial 939 0 41055155 34.137232
-Trial 940 0 41055155 34.154266
-Trial 941 0 41055155 34.178841
-Trial 942 0 41055155 34.293081
-Trial 943 0 41055155 34.297952
-Trial 944 0 41055155 34.342940
-Trial 945 0 41055155 34.362590
-Trial 946 0 41055155 34.369252
-Trial 947 0 41055155 34.483204
-Trial 948 0 41055155 34.512369
-Trial 949 0 41055155 34.524828
-Trial 950 0 41055155 34.529284
-Trial 951 0 41055155 34.561364
-Trial 952 0 41055155 34.743488
-Trial 953 0 41055155 34.755654
-Trial 954 0 41055155 34.791601
-Trial 955 0 41055155 34.804604
-Trial 956 0 41055155 34.809165
-Trial 957 0 41055155 34.835724
-Trial 958 0 41055155 34.873783
-Trial 959 0 41055155 34.891350
-Trial 960 0 41055155 34.904884
-Trial 961 0 41055155 34.947017
-Trial 962 0 41055155 34.972577
-Trial 963 0 41055155 35.016208
-Trial 964 0 41055155 35.021141
-Trial 965 0 41055155 35.055819
-Trial 966 0 41055155 35.065327
-Trial 967 0 41055155 35.099713
-Trial 968 0 41055155 35.118214
-Trial 969 0 41055155 35.125098
-Trial 970 0 41055155 35.128159
-Trial 971 0 41055155 35.141447
-Trial 972 0 41055155 35.212736
-Trial 973 0 41055155 35.220430
-Trial 974 0 41055155 35.223571
-Trial 975 0 41055155 35.355188
-Trial 976 0 41055155 35.382578
-Trial 977 0 41055155 35.458287
-Trial 978 0 41055155 35.474468
-Trial 979 0 41055155 35.501876
-Trial 980 0 41055155 35.514533
-Trial 981 0 41055155 35.549920
-Trial 982 0 41055155 35.573170
-Trial 983 0 41055155 35.597083
-Trial 984 0 41055155 35.635462
-Trial 985 0 41055155 35.655342
-Trial 986 0 41055155 35.678886
-Trial 987 0 41055155 35.706723
-Trial 988 0 41055155 35.722041
* 989: Cost = 0_40946667, Time = 32.64 sec. 
-Trial 989 0 40946667 35.730164
* 990: Cost = 0_40937864, Time = 32.65 sec. 
-Trial 990 0 40937864 35.745052
-Trial 991 0 40937864 35.775830
-Trial 992 0 40937864 35.777818
-Trial 993 0 40937864 35.931865
-Trial 994 0 40937864 35.991897
-Trial 995 0 40937864 36.008426
-Trial 996 0 40937864 36.025571
-Trial 997 0 40937864 36.105079
-Trial 998 0 40937864 36.193430
-Trial 999 0 40937864 36.206420
-Trial 1000 0 40937864 36.219381
Population:
  1: 0_40937864
Run 1: Cost = 0_40937864, Time = 33.13 sec. 

Successes/Runs = 0/1 
Cost.min = 40937864, Cost.avg = 40937864.00, Cost.max = 40937864
Gap.min = 0.0000%, Gap.avg = 0.0000%, Gap.max = 0.0000%
Penalty.min = 0, Penalty.avg = 0.00, Penalty.max = 0
Trials.min = 1000, Trials.avg = 1000.0, Trials.max = 1000
Time.min = 33.13 sec., Time.avg = 33.13 sec., Time.max = 33.13 sec.
Time.total = 36.22 sec.
  Size.min = 13, Size.max = 34, Penalty = 0
  Cost.min = 538603, Cost.max = 2839771, Cost.sum = 40937864
Best CVRPTW solution:
  Cost = 0_40937864
1 15 205 100 355 93 227 19 299 139 143 10 332 55 397 431 95 40 41 364 361 191 305 179 462 155 504 465 260 337 62 207 44 52 392 330 327 49 444 64 266 34 20 274 109 219 285 58 9 354 287 423 85 408 233 422 23 70 508 357 180 280 192 202 198 134 115 384 54 67 7 469 99 338 385 172 440 258 147 236 486 396 419 412 301 129 341 130 363 351 510 433 257 495 243 215 424 478 3 413 388 197 166 312 201 386 283 4 450 209 234 254 103 352 145 262 473 390 36 328 430 244 475 520 464 415 353 170 271 94 69 104 210 125 249 242 493 451 158 291 106 123 516 30 111 324 436 6 428 194 304 300 56 331 241 314 426 14 277 122 515 270 318 224 488 367 121 17 253 273 105 108 319 381 173 427 22 177 309 268 514 323 406 400 101 217 434 365 350 289 429 497 195 460 278 265 167 292 200 276 509 193 404 183 401 275 403 80 25 144 203 154 45 374 127 26 438 149 163 71 213 231 176 255 437 124 506 368 32 68 461 370 477 97 418 138 89 326 113 269 501 513 27 487 185 251 162 387 74 463 238 178 416 96 369 470 447 204 187 196 306 394 164 119 263 482 468 136 366 190 2 499 502 72 474 443 492 395 472 264 114 160 371 455 435 476 212 286 489 389 334 146 343 518 117 186 344 377 308 50 490 484 51 410 409 329 28 161 228 61 294 441 141 29 153 376 133 175 340 135 348 393 237 259 98 110 519 157 152 235 66 81 281 77 189 378 33 449 230 42 339 491 252 76 296 246 282 65 498 311 511 307 362 79 448 132 214 31 87 360 466 480 417 182 345 446 48 248 293 420 229 112 247 83 405 503 458 349 120 496 471 75 407 102 137 171 380 398 218 288 333 16 60 43 342 372 442 21 256 169 47 290 298 402 500 512 295 373 216 91 126 13 310 336 37 38 421 222 131 517 57 118 82 375 313 8 454 86 150 432 452 181 211 382 317 78 206 46 92 116 148 107 459 220 18 223 84 188 142 485 439 399 225 284 505 156 315 481 411 35 379 151 347 165 391 316 226 199 272 73 12 320 321 261 5 174 250 383 483 267 303 245 297 63 59 346 302 507 453 325 24 467 425 414 88 457 221 359 159 53 208 240 90 479 322 494 445 39 335 11 456 356 140 168 184 128 358 279 239 232 1 
