PARAMETER_FILE = result/cvrptw_500/LKH_para/441.para
Reading PROBLEM_FILE: "result/cvrptw_500/cvrptw/441.cvrptw" ... done
ASCENT_CANDIDATES = 50
BACKBONE_TRIALS = 0
BACKTRACKING = NO
# BWTSP =
# CANDIDATE_FILE =
CANDIDATE_SET_TYPE = ALPHA
DEPOT = 1
# EDGE_FILE =
EXCESS = 0.0384615
EXTERNAL_SALESMEN = 0
EXTRA_CANDIDATES = 0 
EXTRA_CANDIDATE_SET_TYPE = QUADRANT
GAIN23 = NO
GAIN_CRITERION = YES
INITIAL_PERIOD = 520
INITIAL_STEP_SIZE = 1
INITIAL_TOUR_ALGORITHM = WALK
# INITIAL_TOUR_FILE = 
INITIAL_TOUR_FRACTION = 1.000
# INPUT_TOUR_FILE = 
KICK_TYPE = 4
KICKS = 1
# MAX_BREADTH =
MAKESPAN = NO
MAX_CANDIDATES = 5 
MAX_SWAPS = 0
MAX_TRIALS = 1000
# MERGE_TOUR_FILE =
MOVE_TYPE = 5 SPECIAL
MTSP_MIN_SIZE = 1
MTSP_MAX_SIZE = 1039
# MTSP_SOLUTION_FILE = 
# NONSEQUENTIAL_MOVE_TYPE = 5
# OPTIMUM =
# OUTPUT_TOUR_FILE = 
PATCHING_A = 1 
PATCHING_C = 0 
# PI_FILE = 
POPMUSIC_INITIAL_TOUR = NO
POPMUSIC_MAX_NEIGHBORS = 5
POPMUSIC_SAMPLE_SIZE = 10
POPMUSIC_SOLUTIONS = 50
POPMUSIC_TRIALS = 1
POPULATION_SIZE = 10
PRECISION = 100
PROBLEM_FILE = result/cvrptw_500/cvrptw/441.cvrptw
RECOMBINATION = IPT
RESTRICTED_SEARCH = YES
RUNS = 1
SALESMEN = 20
SCALE = 1
SEED = 1234
# SINTEF_SOLUTION_FILE = 
STOP_AT_OPTIMUM = YES
SUBGRADIENT = YES
# SUBPROBLEM_SIZE =
# SUBPROBLEM_TOUR_FILE = 
SUBSEQUENT_MOVE_TYPE = 5 SPECIAL
SUBSEQUENT_PATCHING = YES
# TIME_LIMIT =
# TOUR_FILE = 
TRACE_LEVEL = 1
VEHICLES = 20

Lower bound = 27068302.1, Ascent time = 2.60 sec.
Cand.min = 5, Cand.avg = 5.0, Cand.max = 5
Edges.fixed = 520 [Cost = 0]
Preprocessing time = 2.69 sec.
* 1: Cost = 1374260_52544214, Time = 4.58 sec. 
-Trial 1 1374260 52544214 7.272902
* 2: Cost = 806180_51530037, Time = 5.75 sec. 
-Trial 2 806180 51530037 8.441380
* 3: Cost = 806180_51194638, Time = 6.05 sec. 
-Trial 3 806180 51194638 8.741810
* 4: Cost = 806180_50901559, Time = 6.27 sec. 
-Trial 4 806180 50901559 8.962821
-Trial 5 806180 50901559 9.015736
-Trial 6 806180 50901559 9.036904
* 7: Cost = 605182_50756068, Time = 6.54 sec. 
-Trial 7 605182 50756068 9.230701
* 8: Cost = 605182_50206351, Time = 6.75 sec. 
-Trial 8 605182 50206351 9.443984
-Trial 9 605182 50206351 9.512664
-Trial 10 605182 50206351 9.539367
* 11: Cost = 605182_50071183, Time = 6.90 sec. 
-Trial 11 605182 50071183 9.593349
-Trial 12 605182 50071183 9.680363
* 13: Cost = 605182_48856537, Time = 7.19 sec. 
-Trial 13 605182 48856537 9.883080
* 14: Cost = 570224_48613473, Time = 7.38 sec. 
-Trial 14 570224 48613473 10.077814
* 15: Cost = 570224_48551422, Time = 7.62 sec. 
-Trial 15 570224 48551422 10.318502
-Trial 16 570224 48551422 10.351969
-Trial 17 570224 48551422 10.419580
-Trial 18 570224 48551422 10.430416
-Trial 19 570224 48551422 10.514542
-Trial 20 570224 48551422 10.731098
-Trial 21 570224 48551422 10.793402
-Trial 22 570224 48551422 10.936105
* 23: Cost = 570224_48346232, Time = 8.35 sec. 
-Trial 23 570224 48346232 11.042239
-Trial 24 570224 48346232 11.140275
-Trial 25 570224 48346232 11.196291
-Trial 26 570224 48346232 11.512021
-Trial 27 570224 48346232 11.609900
* 28: Cost = 570224_48175521, Time = 9.14 sec. 
-Trial 28 570224 48175521 11.833268
* 29: Cost = 570224_48107225, Time = 9.31 sec. 
-Trial 29 570224 48107225 12.004417
-Trial 30 570224 48107225 12.169315
-Trial 31 570224 48107225 12.274722
-Trial 32 570224 48107225 12.375842
-Trial 33 570224 48107225 12.793982
* 34: Cost = 570224_48057617, Time = 10.18 sec. 
-Trial 34 570224 48057617 12.872353
* 35: Cost = 570224_48043486, Time = 10.31 sec. 
-Trial 35 570224 48043486 13.010077
-Trial 36 570224 48043486 13.096123
* 37: Cost = 570224_47895546, Time = 10.46 sec. 
-Trial 37 570224 47895546 13.159190
* 38: Cost = 570224_47845543, Time = 10.64 sec. 
-Trial 38 570224 47845543 13.333479
-Trial 39 570224 47845543 13.390685
* 40: Cost = 570224_47159158, Time = 10.80 sec. 
-Trial 40 570224 47159158 13.499584
-Trial 41 570224 47159158 13.581279
-Trial 42 570224 47159158 13.738709
-Trial 43 570224 47159158 13.771834
* 44: Cost = 570224_46992790, Time = 11.22 sec. 
-Trial 44 570224 46992790 13.910438
* 45: Cost = 570224_46945595, Time = 11.44 sec. 
-Trial 45 570224 46945595 14.136971
* 46: Cost = 462050_46720044, Time = 11.54 sec. 
-Trial 46 462050 46720044 14.239181
-Trial 47 462050 46720044 14.316627
-Trial 48 462050 46720044 14.322031
-Trial 49 462050 46720044 14.381128
-Trial 50 462050 46720044 14.480992
* 51: Cost = 462050_46528651, Time = 11.98 sec. 
-Trial 51 462050 46528651 14.675014
* 52: Cost = 462050_46276122, Time = 12.08 sec. 
-Trial 52 462050 46276122 14.775055
-Trial 53 462050 46276122 14.831411
-Trial 54 462050 46276122 15.015117
-Trial 55 462050 46276122 15.175355
* 56: Cost = 462050_46270008, Time = 12.62 sec. 
-Trial 56 462050 46270008 15.313749
-Trial 57 462050 46270008 15.316956
* 58: Cost = 462050_46259313, Time = 12.73 sec. 
-Trial 58 462050 46259313 15.420702
-Trial 59 462050 46259313 15.422672
-Trial 60 462050 46259313 15.587500
* 61: Cost = 462050_46178909, Time = 13.00 sec. 
-Trial 61 462050 46178909 15.697993
* 62: Cost = 462050_46059658, Time = 13.05 sec. 
-Trial 62 462050 46059658 15.743691
-Trial 63 462050 46059658 16.039331
* 64: Cost = 462050_45981790, Time = 13.39 sec. 
-Trial 64 462050 45981790 16.088597
* 65: Cost = 462050_45936819, Time = 13.48 sec. 
-Trial 65 462050 45936819 16.172379
-Trial 66 462050 45936819 16.288381
-Trial 67 462050 45936819 16.438346
-Trial 68 462050 45936819 16.691149
-Trial 69 462050 45936819 16.887152
* 70: Cost = 462050_45878043, Time = 14.38 sec. 
-Trial 70 462050 45878043 17.080218
-Trial 71 462050 45878043 17.178698
* 72: Cost = 462050_45874555, Time = 14.73 sec. 
-Trial 72 462050 45874555 17.422043
-Trial 73 462050 45874555 17.597511
-Trial 74 462050 45874555 17.646130
-Trial 75 462050 45874555 17.663368
-Trial 76 462050 45874555 17.693823
-Trial 77 462050 45874555 17.737790
-Trial 78 462050 45874555 17.785461
* 79: Cost = 462050_45854415, Time = 15.27 sec. 
-Trial 79 462050 45854415 17.960653
* 80: Cost = 462050_45740563, Time = 15.32 sec. 
-Trial 80 462050 45740563 18.014517
* 81: Cost = 462050_44964213, Time = 15.57 sec. 
-Trial 81 462050 44964213 18.267514
-Trial 82 462050 44964213 18.349241
* 83: Cost = 462050_44916084, Time = 15.75 sec. 
-Trial 83 462050 44916084 18.441402
* 84: Cost = 102986_45549484, Time = 15.87 sec. 
-Trial 84 102986 45549484 18.564744
* 85: Cost = 102986_45486404, Time = 15.95 sec. 
-Trial 85 102986 45486404 18.644803
-Trial 86 102986 45486404 18.645683
-Trial 87 102986 45486404 18.785136
* 88: Cost = 102986_45070869, Time = 16.25 sec. 
-Trial 88 102986 45070869 18.941232
-Trial 89 102986 45070869 19.004710
-Trial 90 102986 45070869 19.097667
-Trial 91 102986 45070869 19.184767
-Trial 92 102986 45070869 19.224066
* 93: Cost = 102986_45067804, Time = 16.62 sec. 
-Trial 93 102986 45067804 19.316083
-Trial 94 102986 45067804 19.324395
-Trial 95 102986 45067804 19.325283
-Trial 96 102986 45067804 19.402387
-Trial 97 102986 45067804 19.426056
* 98: Cost = 102986_45010863, Time = 16.77 sec. 
-Trial 98 102986 45010863 19.466236
-Trial 99 102986 45010863 19.545414
-Trial 100 102986 45010863 19.598405
-Trial 101 102986 45010863 19.636217
-Trial 102 102986 45010863 19.704496
-Trial 103 102986 45010863 19.738448
-Trial 104 102986 45010863 19.769182
-Trial 105 102986 45010863 19.820854
-Trial 106 102986 45010863 20.090854
-Trial 107 102986 45010863 20.400598
-Trial 108 102986 45010863 20.455240
-Trial 109 102986 45010863 20.949753
-Trial 110 102986 45010863 21.088365
-Trial 111 102986 45010863 21.163318
-Trial 112 102986 45010863 21.176639
-Trial 113 102986 45010863 21.222999
-Trial 114 102986 45010863 21.324632
-Trial 115 102986 45010863 21.325205
-Trial 116 102986 45010863 21.422917
-Trial 117 102986 45010863 21.534139
* 118: Cost = 2233_45486939, Time = 18.90 sec. 
-Trial 118 2233 45486939 21.599032
-Trial 119 2233 45486939 21.612364
-Trial 120 2233 45486939 21.651839
-Trial 121 2233 45486939 21.686975
* 122: Cost = 2233_45330519, Time = 19.08 sec. 
-Trial 122 2233 45330519 21.778832
-Trial 123 2233 45330519 21.871364
-Trial 124 2233 45330519 21.926694
-Trial 125 2233 45330519 21.941075
* 126: Cost = 2233_45315391, Time = 19.28 sec. 
-Trial 126 2233 45315391 21.976256
* 127: Cost = 2233_44893892, Time = 19.37 sec. 
-Trial 127 2233 44893892 22.062955
* 128: Cost = 2233_44857655, Time = 19.38 sec. 
-Trial 128 2233 44857655 22.079877
-Trial 129 2233 44857655 22.119999
-Trial 130 2233 44857655 22.192520
-Trial 131 2233 44857655 22.315917
-Trial 132 2233 44857655 22.411760
-Trial 133 2233 44857655 22.471727
-Trial 134 2233 44857655 22.557233
-Trial 135 2233 44857655 22.626700
-Trial 136 2233 44857655 22.666285
-Trial 137 2233 44857655 22.697332
* 138: Cost = 2233_44854271, Time = 20.03 sec. 
-Trial 138 2233 44854271 22.723132
* 139: Cost = 2233_44800595, Time = 20.05 sec. 
-Trial 139 2233 44800595 22.747659
-Trial 140 2233 44800595 22.813160
-Trial 141 2233 44800595 22.839149
-Trial 142 2233 44800595 22.917333
-Trial 143 2233 44800595 22.996794
-Trial 144 2233 44800595 23.025405
-Trial 145 2233 44800595 23.106588
-Trial 146 2233 44800595 23.152493
-Trial 147 2233 44800595 23.168528
* 148: Cost = 2233_44737472, Time = 20.48 sec. 
-Trial 148 2233 44737472 23.176796
-Trial 149 2233 44737472 23.196534
-Trial 150 2233 44737472 23.255452
* 151: Cost = 2233_44712390, Time = 20.58 sec. 
-Trial 151 2233 44712390 23.277617
-Trial 152 2233 44712390 23.336400
-Trial 153 2233 44712390 23.359598
-Trial 154 2233 44712390 23.428662
-Trial 155 2233 44712390 23.505815
-Trial 156 2233 44712390 23.584663
-Trial 157 2233 44712390 23.621678
* 158: Cost = 2233_44589358, Time = 20.95 sec. 
-Trial 158 2233 44589358 23.643322
* 159: Cost = 2233_44507313, Time = 20.99 sec. 
-Trial 159 2233 44507313 23.685388
-Trial 160 2233 44507313 23.693636
* 161: Cost = 2233_44504496, Time = 21.08 sec. 
-Trial 161 2233 44504496 23.773996
* 162: Cost = 2233_44326821, Time = 21.16 sec. 
-Trial 162 2233 44326821 23.856666
-Trial 163 2233 44326821 23.943679
-Trial 164 2233 44326821 23.944136
-Trial 165 2233 44326821 24.034739
-Trial 166 2233 44326821 24.056294
-Trial 167 2233 44326821 24.084749
-Trial 168 2233 44326821 24.156983
-Trial 169 2233 44326821 24.210894
-Trial 170 2233 44326821 24.220562
-Trial 171 2233 44326821 24.266467
-Trial 172 2233 44326821 24.356743
-Trial 173 2233 44326821 24.379644
-Trial 174 2233 44326821 24.427499
-Trial 175 2233 44326821 24.450324
-Trial 176 2233 44326821 24.623846
-Trial 177 2233 44326821 24.727324
-Trial 178 2233 44326821 24.758374
-Trial 179 2233 44326821 24.807586
-Trial 180 2233 44326821 24.934097
-Trial 181 2233 44326821 24.957044
-Trial 182 2233 44326821 25.059407
-Trial 183 2233 44326821 25.137359
-Trial 184 2233 44326821 25.296981
-Trial 185 2233 44326821 25.304093
-Trial 186 2233 44326821 25.327731
-Trial 187 2233 44326821 25.360135
-Trial 188 2233 44326821 25.395274
-Trial 189 2233 44326821 25.475237
-Trial 190 2233 44326821 25.579046
-Trial 191 2233 44326821 25.608519
-Trial 192 2233 44326821 25.826574
-Trial 193 2233 44326821 25.849231
-Trial 194 2233 44326821 26.027500
* 195: Cost = 2233_44307616, Time = 23.42 sec. 
-Trial 195 2233 44307616 26.113980
-Trial 196 2233 44307616 26.131906
-Trial 197 2233 44307616 26.138102
-Trial 198 2233 44307616 26.167192
-Trial 199 2233 44307616 26.209692
-Trial 200 2233 44307616 26.215929
-Trial 201 2233 44307616 26.239358
-Trial 202 2233 44307616 26.283102
-Trial 203 2233 44307616 26.337031
-Trial 204 2233 44307616 26.389082
-Trial 205 2233 44307616 26.452277
-Trial 206 2233 44307616 26.479063
-Trial 207 2233 44307616 26.535020
-Trial 208 2233 44307616 26.585984
-Trial 209 2233 44307616 26.633734
-Trial 210 2233 44307616 26.718144
-Trial 211 2233 44307616 26.750006
-Trial 212 2233 44307616 26.815707
-Trial 213 2233 44307616 26.853120
-Trial 214 2233 44307616 26.855966
-Trial 215 2233 44307616 26.932560
-Trial 216 2233 44307616 27.047785
-Trial 217 2233 44307616 27.141666
-Trial 218 2233 44307616 27.180228
-Trial 219 2233 44307616 27.251185
-Trial 220 2233 44307616 27.535345
-Trial 221 2233 44307616 27.572903
-Trial 222 2233 44307616 27.686373
-Trial 223 2233 44307616 27.719799
-Trial 224 2233 44307616 27.813621
-Trial 225 2233 44307616 27.818198
-Trial 226 2233 44307616 27.845494
-Trial 227 2233 44307616 27.868855
-Trial 228 2233 44307616 27.901812
-Trial 229 2233 44307616 27.960911
-Trial 230 2233 44307616 27.981197
* 231: Cost = 2233_44278183, Time = 25.40 sec. 
-Trial 231 2233 44278183 28.092188
-Trial 232 2233 44278183 28.175905
-Trial 233 2233 44278183 28.224154
-Trial 234 2233 44278183 28.272859
-Trial 235 2233 44278183 28.663022
-Trial 236 2233 44278183 28.753516
-Trial 237 2233 44278183 28.760023
-Trial 238 2233 44278183 28.793863
-Trial 239 2233 44278183 28.837585
* 240: Cost = 2233_44253940, Time = 26.20 sec. 
-Trial 240 2233 44253940 28.894944
-Trial 241 2233 44253940 28.962330
-Trial 242 2233 44253940 29.015326
-Trial 243 2233 44253940 29.053235
-Trial 244 2233 44253940 29.072095
-Trial 245 2233 44253940 29.134437
* 246: Cost = 2233_44128808, Time = 26.58 sec. 
-Trial 246 2233 44128808 29.278898
-Trial 247 2233 44128808 29.349357
-Trial 248 2233 44128808 29.413009
-Trial 249 2233 44128808 29.595301
* 250: Cost = 2233_44123271, Time = 26.93 sec. 
-Trial 250 2233 44123271 29.626605
-Trial 251 2233 44123271 29.633447
-Trial 252 2233 44123271 29.643101
* 253: Cost = 2233_44075060, Time = 27.13 sec. 
-Trial 253 2233 44075060 29.823726
-Trial 254 2233 44075060 29.858694
* 255: Cost = 2233_43971850, Time = 27.28 sec. 
-Trial 255 2233 43971850 29.972380
-Trial 256 2233 43971850 30.042294
-Trial 257 2233 43971850 30.132489
-Trial 258 2233 43971850 30.206288
-Trial 259 2233 43971850 30.378021
-Trial 260 2233 43971850 30.646050
-Trial 261 2233 43971850 30.790111
-Trial 262 2233 43971850 30.826775
-Trial 263 2233 43971850 30.911279
-Trial 264 2233 43971850 31.028241
-Trial 265 2233 43971850 31.029119
-Trial 266 2233 43971850 31.063786
* 267: Cost = 2233_43956829, Time = 28.39 sec. 
-Trial 267 2233 43956829 31.090215
-Trial 268 2233 43956829 31.126613
-Trial 269 2233 43956829 31.215329
-Trial 270 2233 43956829 31.363994
-Trial 271 2233 43956829 31.497522
-Trial 272 2233 43956829 31.537540
* 273: Cost = 2233_43955505, Time = 28.90 sec. 
-Trial 273 2233 43955505 31.592166
-Trial 274 2233 43955505 31.636966
* 275: Cost = 2233_43897070, Time = 28.98 sec. 
-Trial 275 2233 43897070 31.671445
* 276: Cost = 2233_43745140, Time = 29.04 sec. 
-Trial 276 2233 43745140 31.738414
-Trial 277 2233 43745140 31.868100
-Trial 278 2233 43745140 31.994615
* 279: Cost = 2233_43616146, Time = 29.33 sec. 
-Trial 279 2233 43616146 32.021076
* 280: Cost = 2233_43611062, Time = 29.42 sec. 
-Trial 280 2233 43611062 32.116842
-Trial 281 2233 43611062 32.169159
* 282: Cost = 2233_43423568, Time = 29.51 sec. 
-Trial 282 2233 43423568 32.203243
-Trial 283 2233 43423568 32.254647
* 284: Cost = 2233_43398963, Time = 29.62 sec. 
-Trial 284 2233 43398963 32.316491
* 285: Cost = 2233_43344035, Time = 29.76 sec. 
-Trial 285 2233 43344035 32.459083
-Trial 286 2233 43344035 32.525101
-Trial 287 2233 43344035 32.541685
-Trial 288 2233 43344035 32.559511
-Trial 289 2233 43344035 32.590164
-Trial 290 2233 43344035 32.646834
-Trial 291 2233 43344035 32.718139
-Trial 292 2233 43344035 32.742111
-Trial 293 2233 43344035 32.796665
-Trial 294 2233 43344035 32.854269
-Trial 295 2233 43344035 32.872871
* 296: Cost = 2233_43279945, Time = 30.25 sec. 
-Trial 296 2233 43279945 32.946239
-Trial 297 2233 43279945 32.957980
-Trial 298 2233 43279945 33.045980
-Trial 299 2233 43279945 33.077168
* 300: Cost = 2233_43253500, Time = 30.44 sec. 
-Trial 300 2233 43253500 33.131592
-Trial 301 2233 43253500 33.133604
-Trial 302 2233 43253500 33.168532
-Trial 303 2233 43253500 33.231691
-Trial 304 2233 43253500 33.243438
-Trial 305 2233 43253500 33.336485
-Trial 306 2233 43253500 33.341632
-Trial 307 2233 43253500 33.401774
-Trial 308 2233 43253500 33.429020
-Trial 309 2233 43253500 33.530698
-Trial 310 2233 43253500 33.668164
-Trial 311 2233 43253500 33.755185
* 312: Cost = 2233_43052973, Time = 31.11 sec. 
-Trial 312 2233 43052973 33.810238
-Trial 313 2233 43052973 33.855954
-Trial 314 2233 43052973 33.892354
-Trial 315 2233 43052973 33.918651
-Trial 316 2233 43052973 33.945317
-Trial 317 2233 43052973 34.024079
-Trial 318 2233 43052973 34.169077
-Trial 319 2233 43052973 34.210605
-Trial 320 2233 43052973 34.261602
-Trial 321 2233 43052973 34.380693
* 322: Cost = 2233_43046756, Time = 31.77 sec. 
-Trial 322 2233 43046756 34.460364
-Trial 323 2233 43046756 34.475088
-Trial 324 2233 43046756 34.677011
-Trial 325 2233 43046756 34.722188
-Trial 326 2233 43046756 34.841627
-Trial 327 2233 43046756 34.915918
-Trial 328 2233 43046756 34.995785
-Trial 329 2233 43046756 35.076679
-Trial 330 2233 43046756 35.103644
-Trial 331 2233 43046756 35.159787
-Trial 332 2233 43046756 35.224966
-Trial 333 2233 43046756 35.360262
-Trial 334 2233 43046756 35.482016
* 335: Cost = 2233_43034519, Time = 32.85 sec. 
-Trial 335 2233 43034519 35.541963
-Trial 336 2233 43034519 35.595792
-Trial 337 2233 43034519 35.632012
-Trial 338 2233 43034519 35.639832
-Trial 339 2233 43034519 35.664420
-Trial 340 2233 43034519 35.713037
-Trial 341 2233 43034519 35.738375
-Trial 342 2233 43034519 35.831654
* 343: Cost = 2233_43030619, Time = 33.18 sec. 
-Trial 343 2233 43030619 35.872027
-Trial 344 2233 43030619 35.922135
-Trial 345 2233 43030619 35.994130
-Trial 346 2233 43030619 36.135342
-Trial 347 2233 43030619 36.173411
-Trial 348 2233 43030619 36.235275
-Trial 349 2233 43030619 36.265953
-Trial 350 2233 43030619 36.282429
-Trial 351 2233 43030619 36.283634
-Trial 352 2233 43030619 36.337217
-Trial 353 2233 43030619 36.429743
-Trial 354 2233 43030619 36.520926
-Trial 355 2233 43030619 36.642672
-Trial 356 2233 43030619 36.709257
-Trial 357 2233 43030619 36.732846
* 358: Cost = 2233_42978835, Time = 34.06 sec. 
-Trial 358 2233 42978835 36.758130
-Trial 359 2233 42978835 36.785441
-Trial 360 2233 42978835 36.789627
-Trial 361 2233 42978835 36.887699
* 362: Cost = 2233_42976157, Time = 34.26 sec. 
-Trial 362 2233 42976157 36.955833
-Trial 363 2233 42976157 37.024408
-Trial 364 2233 42976157 37.055388
-Trial 365 2233 42976157 37.103345
-Trial 366 2233 42976157 37.151887
-Trial 367 2233 42976157 37.171045
-Trial 368 2233 42976157 37.268515
-Trial 369 2233 42976157 37.332864
-Trial 370 2233 42976157 37.360491
-Trial 371 2233 42976157 37.392575
-Trial 372 2233 42976157 37.421698
-Trial 373 2233 42976157 37.454509
-Trial 374 2233 42976157 37.492376
-Trial 375 2233 42976157 37.650871
-Trial 376 2233 42976157 37.956162
* 377: Cost = 2233_42933695, Time = 35.32 sec. 
-Trial 377 2233 42933695 38.018672
-Trial 378 2233 42933695 38.084753
-Trial 379 2233 42933695 38.178132
-Trial 380 2233 42933695 38.281994
-Trial 381 2233 42933695 38.313343
-Trial 382 2233 42933695 38.336889
* 383: Cost = 2233_42933358, Time = 35.65 sec. 
-Trial 383 2233 42933358 38.349975
-Trial 384 2233 42933358 38.383318
-Trial 385 2233 42933358 38.465679
-Trial 386 2233 42933358 38.522768
-Trial 387 2233 42933358 38.703685
-Trial 388 2233 42933358 38.745034
-Trial 389 2233 42933358 38.745991
-Trial 390 2233 42933358 38.779897
-Trial 391 2233 42933358 38.809355
-Trial 392 2233 42933358 38.826125
-Trial 393 2233 42933358 38.953235
-Trial 394 2233 42933358 39.062423
-Trial 395 2233 42933358 39.110039
-Trial 396 2233 42933358 39.131461
-Trial 397 2233 42933358 39.152083
-Trial 398 2233 42933358 39.279289
-Trial 399 2233 42933358 39.456733
-Trial 400 2233 42933358 39.541865
-Trial 401 2233 42933358 39.564880
-Trial 402 2233 42933358 39.612828
-Trial 403 2233 42933358 39.751868
-Trial 404 2233 42933358 39.789147
-Trial 405 2233 42933358 39.830942
-Trial 406 2233 42933358 39.864910
-Trial 407 2233 42933358 39.904822
* 408: Cost = 2233_42929156, Time = 37.25 sec. 
-Trial 408 2233 42929156 39.946472
-Trial 409 2233 42929156 40.054013
-Trial 410 2233 42929156 40.077844
-Trial 411 2233 42929156 40.124719
-Trial 412 2233 42929156 40.175239
-Trial 413 2233 42929156 40.285863
-Trial 414 2233 42929156 40.355623
-Trial 415 2233 42929156 40.469891
-Trial 416 2233 42929156 40.511396
* 417: Cost = 2233_42708646, Time = 38.07 sec. 
-Trial 417 2233 42708646 40.762526
-Trial 418 2233 42708646 40.770128
-Trial 419 2233 42708646 40.854298
-Trial 420 2233 42708646 40.897307
* 421: Cost = 2233_42700429, Time = 38.48 sec. 
-Trial 421 2233 42700429 41.179008
-Trial 422 2233 42700429 41.206475
-Trial 423 2233 42700429 41.232238
-Trial 424 2233 42700429 41.335642
-Trial 425 2233 42700429 41.376812
-Trial 426 2233 42700429 41.467935
-Trial 427 2233 42700429 41.502368
-Trial 428 2233 42700429 41.562145
-Trial 429 2233 42700429 41.612823
-Trial 430 2233 42700429 41.660653
-Trial 431 2233 42700429 41.798273
-Trial 432 2233 42700429 41.860176
-Trial 433 2233 42700429 42.178626
-Trial 434 2233 42700429 42.243897
-Trial 435 2233 42700429 42.260509
-Trial 436 2233 42700429 42.305450
-Trial 437 2233 42700429 42.390864
-Trial 438 2233 42700429 42.398600
-Trial 439 2233 42700429 42.399055
-Trial 440 2233 42700429 42.468596
-Trial 441 2233 42700429 42.599510
-Trial 442 2233 42700429 42.606198
-Trial 443 2233 42700429 42.626455
-Trial 444 2233 42700429 42.662688
-Trial 445 2233 42700429 42.701769
-Trial 446 2233 42700429 42.762875
-Trial 447 2233 42700429 42.810536
-Trial 448 2233 42700429 42.836189
-Trial 449 2233 42700429 42.845732
-Trial 450 2233 42700429 42.898158
-Trial 451 2233 42700429 42.946552
-Trial 452 2233 42700429 42.963667
* 453: Cost = 2233_42694311, Time = 40.33 sec. 
-Trial 453 2233 42694311 43.021644
-Trial 454 2233 42694311 43.046690
-Trial 455 2233 42694311 43.080651
-Trial 456 2233 42694311 43.085776
-Trial 457 2233 42694311 43.249527
-Trial 458 2233 42694311 43.299526
-Trial 459 2233 42694311 43.327035
* 460: Cost = 2233_42692987, Time = 40.67 sec. 
-Trial 460 2233 42692987 43.361776
-Trial 461 2233 42692987 43.423728
-Trial 462 2233 42692987 43.432845
-Trial 463 2233 42692987 43.604116
-Trial 464 2233 42692987 43.620806
-Trial 465 2233 42692987 43.668030
-Trial 466 2233 42692987 43.973583
-Trial 467 2233 42692987 44.010030
-Trial 468 2233 42692987 44.080028
-Trial 469 2233 42692987 44.146542
* 470: Cost = 2233_42656125, Time = 41.49 sec. 
-Trial 470 2233 42656125 44.181369
-Trial 471 2233 42656125 44.314400
-Trial 472 2233 42656125 44.334724
-Trial 473 2233 42656125 44.342492
-Trial 474 2233 42656125 44.412390
-Trial 475 2233 42656125 44.563554
-Trial 476 2233 42656125 44.617109
-Trial 477 2233 42656125 44.684331
* 478: Cost = 2233_42618749, Time = 42.13 sec. 
-Trial 478 2233 42618749 44.824131
-Trial 479 2233 42618749 44.843030
-Trial 480 2233 42618749 44.848175
-Trial 481 2233 42618749 44.880485
-Trial 482 2233 42618749 44.941138
-Trial 483 2233 42618749 44.974004
-Trial 484 2233 42618749 45.062205
-Trial 485 2233 42618749 45.126995
-Trial 486 2233 42618749 45.255148
-Trial 487 2233 42618749 45.335568
-Trial 488 2233 42618749 45.377330
* 489: Cost = 2233_42568675, Time = 42.79 sec. 
-Trial 489 2233 42568675 45.485312
-Trial 490 2233 42568675 45.561701
-Trial 491 2233 42568675 45.691257
* 492: Cost = 2233_42520686, Time = 43.16 sec. 
-Trial 492 2233 42520686 45.855041
-Trial 493 2233 42520686 45.864923
-Trial 494 2233 42520686 45.878515
-Trial 495 2233 42520686 45.911295
-Trial 496 2233 42520686 45.973005
-Trial 497 2233 42520686 45.987054
-Trial 498 2233 42520686 46.072203
-Trial 499 2233 42520686 46.080425
-Trial 500 2233 42520686 46.110300
-Trial 501 2233 42520686 46.193532
-Trial 502 2233 42520686 46.475124
-Trial 503 2233 42520686 46.500761
-Trial 504 2233 42520686 46.534691
-Trial 505 2233 42520686 46.561035
-Trial 506 2233 42520686 46.708637
* 507: Cost = 2233_42501398, Time = 44.06 sec. 
-Trial 507 2233 42501398 46.753004
-Trial 508 2233 42501398 46.753589
-Trial 509 2233 42501398 47.047308
-Trial 510 2233 42501398 47.075484
-Trial 511 2233 42501398 47.119515
-Trial 512 2233 42501398 47.126436
-Trial 513 2233 42501398 47.218462
-Trial 514 2233 42501398 47.296020
-Trial 515 2233 42501398 47.351417
-Trial 516 2233 42501398 47.390513
-Trial 517 2233 42501398 47.468225
-Trial 518 2233 42501398 47.515402
-Trial 519 2233 42501398 47.613352
-Trial 520 2233 42501398 47.677708
-Trial 521 2233 42501398 47.733664
-Trial 522 2233 42501398 47.783763
-Trial 523 2233 42501398 47.854669
-Trial 524 2233 42501398 47.876192
-Trial 525 2233 42501398 47.954527
-Trial 526 2233 42501398 47.999356
-Trial 527 2233 42501398 48.011006
* 528: Cost = 2233_42458414, Time = 45.35 sec. 
-Trial 528 2233 42458414 48.047027
-Trial 529 2233 42458414 48.082651
-Trial 530 2233 42458414 48.127165
-Trial 531 2233 42458414 48.218382
-Trial 532 2233 42458414 48.236064
-Trial 533 2233 42458414 48.289784
-Trial 534 2233 42458414 48.665641
-Trial 535 2233 42458414 48.694008
-Trial 536 2233 42458414 48.731395
-Trial 537 2233 42458414 48.760074
-Trial 538 2233 42458414 48.770825
-Trial 539 2233 42458414 48.791952
-Trial 540 2233 42458414 48.937665
-Trial 541 2233 42458414 49.003428
-Trial 542 2233 42458414 49.017547
-Trial 543 2233 42458414 49.044434
-Trial 544 2233 42458414 49.114440
-Trial 545 2233 42458414 49.153954
-Trial 546 2233 42458414 49.198212
-Trial 547 2233 42458414 49.277287
-Trial 548 2233 42458414 49.288101
-Trial 549 2233 42458414 49.333094
-Trial 550 2233 42458414 49.358991
* 551: Cost = 2233_42412951, Time = 46.82 sec. 
-Trial 551 2233 42412951 49.511846
-Trial 552 2233 42412951 49.543382
-Trial 553 2233 42412951 49.595934
-Trial 554 2233 42412951 49.622549
* 555: Cost = 2233_42374082, Time = 46.96 sec. 
-Trial 555 2233 42374082 49.652991
-Trial 556 2233 42374082 49.712241
-Trial 557 2233 42374082 49.824519
-Trial 558 2233 42374082 49.870300
-Trial 559 2233 42374082 49.982874
-Trial 560 2233 42374082 50.002601
-Trial 561 2233 42374082 50.018401
-Trial 562 2233 42374082 50.028580
-Trial 563 2233 42374082 50.070734
-Trial 564 2233 42374082 50.103794
-Trial 565 2233 42374082 50.163029
-Trial 566 2233 42374082 50.227012
-Trial 567 2233 42374082 50.244668
-Trial 568 2233 42374082 50.333640
-Trial 569 2233 42374082 50.438646
-Trial 570 2233 42374082 50.471881
-Trial 571 2233 42374082 50.498723
-Trial 572 2233 42374082 50.513744
-Trial 573 2233 42374082 50.610166
-Trial 574 2233 42374082 50.685063
-Trial 575 2233 42374082 50.788936
-Trial 576 2233 42374082 50.827849
-Trial 577 2233 42374082 50.883335
-Trial 578 2233 42374082 50.905066
-Trial 579 2233 42374082 50.962731
-Trial 580 2233 42374082 50.966927
-Trial 581 2233 42374082 51.013980
-Trial 582 2233 42374082 51.076932
-Trial 583 2233 42374082 51.131470
-Trial 584 2233 42374082 51.157812
-Trial 585 2233 42374082 51.183772
-Trial 586 2233 42374082 51.221686
-Trial 587 2233 42374082 51.230859
-Trial 588 2233 42374082 51.263761
-Trial 589 2233 42374082 51.309265
* 590: Cost = 2233_42372557, Time = 48.66 sec. 
-Trial 590 2233 42372557 51.356403
-Trial 591 2233 42372557 51.473427
-Trial 592 2233 42372557 51.616584
* 593: Cost = 2233_42353387, Time = 48.97 sec. 
-Trial 593 2233 42353387 51.661128
-Trial 594 2233 42353387 51.736124
-Trial 595 2233 42353387 51.812768
-Trial 596 2233 42353387 51.870951
-Trial 597 2233 42353387 51.910066
-Trial 598 2233 42353387 51.969467
-Trial 599 2233 42353387 52.004187
-Trial 600 2233 42353387 52.045716
-Trial 601 2233 42353387 52.088196
* 602: Cost = 2233_42299114, Time = 49.41 sec. 
-Trial 602 2233 42299114 52.105293
-Trial 603 2233 42299114 52.142168
-Trial 604 2233 42299114 52.243174
-Trial 605 2233 42299114 52.284103
* 606: Cost = 0_42583370, Time = 49.66 sec. 
-Trial 606 0 42583370 52.351062
-Trial 607 0 42583370 52.356458
-Trial 608 0 42583370 52.375211
-Trial 609 0 42583370 52.385763
-Trial 610 0 42583370 52.488422
-Trial 611 0 42583370 52.531246
-Trial 612 0 42583370 52.559814
-Trial 613 0 42583370 52.577195
-Trial 614 0 42583370 52.594470
-Trial 615 0 42583370 52.602796
-Trial 616 0 42583370 52.626278
-Trial 617 0 42583370 52.632375
-Trial 618 0 42583370 52.658383
-Trial 619 0 42583370 52.670263
-Trial 620 0 42583370 52.676146
-Trial 621 0 42583370 52.679779
* 622: Cost = 0_42451142, Time = 50.00 sec. 
-Trial 622 0 42451142 52.694886
-Trial 623 0 42451142 52.699698
-Trial 624 0 42451142 52.708119
-Trial 625 0 42451142 52.711932
-Trial 626 0 42451142 52.733309
-Trial 627 0 42451142 52.789368
-Trial 628 0 42451142 52.840876
-Trial 629 0 42451142 52.843042
-Trial 630 0 42451142 52.870496
-Trial 631 0 42451142 52.894293
-Trial 632 0 42451142 52.898927
-Trial 633 0 42451142 52.903928
-Trial 634 0 42451142 53.002661
-Trial 635 0 42451142 53.046015
-Trial 636 0 42451142 53.050503
-Trial 637 0 42451142 53.056027
-Trial 638 0 42451142 53.064451
-Trial 639 0 42451142 53.095221
-Trial 640 0 42451142 53.131309
-Trial 641 0 42451142 53.144704
-Trial 642 0 42451142 53.178318
-Trial 643 0 42451142 53.212271
-Trial 644 0 42451142 53.276717
-Trial 645 0 42451142 53.280150
-Trial 646 0 42451142 53.353741
-Trial 647 0 42451142 53.354420
-Trial 648 0 42451142 53.354838
-Trial 649 0 42451142 53.360208
-Trial 650 0 42451142 53.372528
-Trial 651 0 42451142 53.391230
* 652: Cost = 0_42392266, Time = 50.72 sec. 
-Trial 652 0 42392266 53.415708
-Trial 653 0 42392266 53.496075
* 654: Cost = 0_42333541, Time = 50.81 sec. 
-Trial 654 0 42333541 53.500925
-Trial 655 0 42333541 53.573323
-Trial 656 0 42333541 53.590623
-Trial 657 0 42333541 53.610642
-Trial 658 0 42333541 53.657413
-Trial 659 0 42333541 53.666968
-Trial 660 0 42333541 53.692285
-Trial 661 0 42333541 53.698083
-Trial 662 0 42333541 53.712452
-Trial 663 0 42333541 53.720835
-Trial 664 0 42333541 53.742783
-Trial 665 0 42333541 53.755630
-Trial 666 0 42333541 53.758140
-Trial 667 0 42333541 53.763649
-Trial 668 0 42333541 53.779930
* 669: Cost = 0_42319313, Time = 51.15 sec. 
-Trial 669 0 42319313 53.847614
-Trial 670 0 42319313 53.869751
-Trial 671 0 42319313 53.886754
-Trial 672 0 42319313 53.897145
-Trial 673 0 42319313 53.909736
-Trial 674 0 42319313 53.917496
-Trial 675 0 42319313 53.929845
-Trial 676 0 42319313 53.968857
-Trial 677 0 42319313 53.972289
-Trial 678 0 42319313 53.987416
-Trial 679 0 42319313 54.000516
-Trial 680 0 42319313 54.004043
-Trial 681 0 42319313 54.004610
-Trial 682 0 42319313 54.022632
-Trial 683 0 42319313 54.042430
-Trial 684 0 42319313 54.155882
-Trial 685 0 42319313 54.189934
-Trial 686 0 42319313 54.211125
-Trial 687 0 42319313 54.240103
-Trial 688 0 42319313 54.258188
-Trial 689 0 42319313 54.291340
-Trial 690 0 42319313 54.297592
-Trial 691 0 42319313 54.326312
-Trial 692 0 42319313 54.347784
-Trial 693 0 42319313 54.366640
* 694: Cost = 0_42306168, Time = 51.68 sec. 
-Trial 694 0 42306168 54.370754
-Trial 695 0 42306168 54.375115
* 696: Cost = 0_42282102, Time = 51.72 sec. 
-Trial 696 0 42282102 54.416393
-Trial 697 0 42282102 54.457476
-Trial 698 0 42282102 54.464189
-Trial 699 0 42282102 54.577878
-Trial 700 0 42282102 54.587470
* 701: Cost = 0_42231104, Time = 51.91 sec. 
-Trial 701 0 42231104 54.605796
-Trial 702 0 42231104 54.628337
-Trial 703 0 42231104 54.631811
-Trial 704 0 42231104 54.635564
* 705: Cost = 0_42203247, Time = 51.97 sec. 
-Trial 705 0 42203247 54.663685
-Trial 706 0 42203247 54.673265
-Trial 707 0 42203247 54.999003
-Trial 708 0 42203247 55.013160
-Trial 709 0 42203247 55.018430
-Trial 710 0 42203247 55.021331
-Trial 711 0 42203247 55.056708
-Trial 712 0 42203247 55.067925
-Trial 713 0 42203247 55.083282
-Trial 714 0 42203247 55.109992
-Trial 715 0 42203247 55.120405
-Trial 716 0 42203247 55.136328
-Trial 717 0 42203247 55.157161
-Trial 718 0 42203247 55.170466
-Trial 719 0 42203247 55.183569
-Trial 720 0 42203247 55.227882
-Trial 721 0 42203247 55.325736
-Trial 722 0 42203247 55.335106
-Trial 723 0 42203247 55.342021
-Trial 724 0 42203247 55.353102
-Trial 725 0 42203247 55.355321
-Trial 726 0 42203247 55.360197
-Trial 727 0 42203247 55.365123
-Trial 728 0 42203247 55.489116
-Trial 729 0 42203247 55.489622
-Trial 730 0 42203247 55.538237
* 731: Cost = 0_42198580, Time = 52.86 sec. 
-Trial 731 0 42198580 55.550932
-Trial 732 0 42198580 55.614853
-Trial 733 0 42198580 55.617567
-Trial 734 0 42198580 55.702621
-Trial 735 0 42198580 55.725479
-Trial 736 0 42198580 55.756326
-Trial 737 0 42198580 55.761930
-Trial 738 0 42198580 55.825505
-Trial 739 0 42198580 55.924188
-Trial 740 0 42198580 55.975020
-Trial 741 0 42198580 56.002789
-Trial 742 0 42198580 56.005045
-Trial 743 0 42198580 56.034883
-Trial 744 0 42198580 56.166726
-Trial 745 0 42198580 56.184468
-Trial 746 0 42198580 56.232747
-Trial 747 0 42198580 56.247529
-Trial 748 0 42198580 56.260706
-Trial 749 0 42198580 56.286441
* 750: Cost = 0_42134842, Time = 53.60 sec. 
-Trial 750 0 42134842 56.291613
-Trial 751 0 42134842 56.320829
-Trial 752 0 42134842 56.322884
* 753: Cost = 0_42126590, Time = 53.63 sec. 
-Trial 753 0 42126590 56.327686
-Trial 754 0 42126590 56.351054
-Trial 755 0 42126590 56.356040
-Trial 756 0 42126590 56.411851
-Trial 757 0 42126590 56.423760
-Trial 758 0 42126590 56.433873
-Trial 759 0 42126590 56.599422
-Trial 760 0 42126590 56.642712
-Trial 761 0 42126590 56.663843
-Trial 762 0 42126590 56.717344
-Trial 763 0 42126590 56.720207
-Trial 764 0 42126590 56.753947
-Trial 765 0 42126590 56.764157
-Trial 766 0 42126590 56.846941
-Trial 767 0 42126590 56.865177
-Trial 768 0 42126590 56.881314
-Trial 769 0 42126590 56.904138
-Trial 770 0 42126590 56.955311
-Trial 771 0 42126590 56.974855
-Trial 772 0 42126590 56.980318
-Trial 773 0 42126590 56.992986
-Trial 774 0 42126590 57.056672
-Trial 775 0 42126590 57.070155
-Trial 776 0 42126590 57.115500
-Trial 777 0 42126590 57.137686
-Trial 778 0 42126590 57.151184
-Trial 779 0 42126590 57.152043
-Trial 780 0 42126590 57.171310
-Trial 781 0 42126590 57.190032
-Trial 782 0 42126590 57.203284
-Trial 783 0 42126590 57.207890
-Trial 784 0 42126590 57.218316
-Trial 785 0 42126590 57.247418
-Trial 786 0 42126590 57.275804
-Trial 787 0 42126590 57.283605
-Trial 788 0 42126590 57.345715
-Trial 789 0 42126590 57.349555
-Trial 790 0 42126590 57.357957
-Trial 791 0 42126590 57.364956
-Trial 792 0 42126590 57.392179
-Trial 793 0 42126590 57.403351
-Trial 794 0 42126590 57.412732
-Trial 795 0 42126590 57.462237
-Trial 796 0 42126590 57.484235
-Trial 797 0 42126590 57.517093
-Trial 798 0 42126590 57.556256
-Trial 799 0 42126590 57.570154
-Trial 800 0 42126590 57.579605
-Trial 801 0 42126590 57.630890
-Trial 802 0 42126590 57.679763
-Trial 803 0 42126590 57.720651
-Trial 804 0 42126590 57.726720
-Trial 805 0 42126590 57.732280
-Trial 806 0 42126590 57.773281
-Trial 807 0 42126590 57.849154
-Trial 808 0 42126590 57.868984
-Trial 809 0 42126590 57.889251
-Trial 810 0 42126590 57.903890
-Trial 811 0 42126590 57.919349
-Trial 812 0 42126590 57.929434
-Trial 813 0 42126590 57.955757
-Trial 814 0 42126590 57.971212
-Trial 815 0 42126590 57.980113
-Trial 816 0 42126590 58.022656
-Trial 817 0 42126590 58.044487
-Trial 818 0 42126590 58.101063
-Trial 819 0 42126590 58.107893
-Trial 820 0 42126590 58.172142
-Trial 821 0 42126590 58.175714
-Trial 822 0 42126590 58.181203
-Trial 823 0 42126590 58.194241
-Trial 824 0 42126590 58.210738
-Trial 825 0 42126590 58.380642
-Trial 826 0 42126590 58.449648
-Trial 827 0 42126590 58.518476
-Trial 828 0 42126590 58.526825
-Trial 829 0 42126590 58.533341
-Trial 830 0 42126590 58.553983
-Trial 831 0 42126590 58.600505
-Trial 832 0 42126590 58.647496
-Trial 833 0 42126590 58.665380
-Trial 834 0 42126590 58.735063
-Trial 835 0 42126590 58.766361
-Trial 836 0 42126590 58.800254
-Trial 837 0 42126590 58.835726
-Trial 838 0 42126590 58.849135
-Trial 839 0 42126590 58.994779
-Trial 840 0 42126590 59.030805
-Trial 841 0 42126590 59.031682
-Trial 842 0 42126590 59.048002
-Trial 843 0 42126590 59.084249
-Trial 844 0 42126590 59.133542
-Trial 845 0 42126590 59.160669
-Trial 846 0 42126590 59.303070
-Trial 847 0 42126590 59.350295
-Trial 848 0 42126590 59.366724
-Trial 849 0 42126590 59.388582
-Trial 850 0 42126590 59.510972
-Trial 851 0 42126590 59.528858
-Trial 852 0 42126590 59.542049
-Trial 853 0 42126590 59.548106
-Trial 854 0 42126590 59.553389
-Trial 855 0 42126590 59.571925
-Trial 856 0 42126590 59.590779
-Trial 857 0 42126590 59.593537
-Trial 858 0 42126590 59.608591
-Trial 859 0 42126590 59.609612
-Trial 860 0 42126590 59.617631
-Trial 861 0 42126590 59.618807
-Trial 862 0 42126590 59.624889
-Trial 863 0 42126590 59.645408
-Trial 864 0 42126590 59.661156
-Trial 865 0 42126590 59.679964
-Trial 866 0 42126590 59.697268
-Trial 867 0 42126590 59.715182
-Trial 868 0 42126590 59.740789
-Trial 869 0 42126590 59.772288
-Trial 870 0 42126590 59.775938
-Trial 871 0 42126590 59.826169
-Trial 872 0 42126590 59.833921
-Trial 873 0 42126590 59.865720
-Trial 874 0 42126590 59.875596
-Trial 875 0 42126590 59.897983
-Trial 876 0 42126590 59.922813
-Trial 877 0 42126590 59.964146
-Trial 878 0 42126590 59.969207
-Trial 879 0 42126590 59.971596
-Trial 880 0 42126590 59.981981
-Trial 881 0 42126590 60.004065
-Trial 882 0 42126590 60.031286
-Trial 883 0 42126590 60.033335
-Trial 884 0 42126590 60.068427
-Trial 885 0 42126590 60.073476
-Trial 886 0 42126590 60.111553
-Trial 887 0 42126590 60.119617
-Trial 888 0 42126590 60.158596
-Trial 889 0 42126590 60.161740
-Trial 890 0 42126590 60.187362
-Trial 891 0 42126590 60.202182
-Trial 892 0 42126590 60.204055
-Trial 893 0 42126590 60.212914
-Trial 894 0 42126590 60.230893
-Trial 895 0 42126590 60.269979
-Trial 896 0 42126590 60.301820
-Trial 897 0 42126590 60.360670
-Trial 898 0 42126590 60.367548
-Trial 899 0 42126590 60.395163
-Trial 900 0 42126590 60.405819
-Trial 901 0 42126590 60.418602
-Trial 902 0 42126590 60.502583
-Trial 903 0 42126590 60.577254
-Trial 904 0 42126590 60.665382
-Trial 905 0 42126590 60.680034
-Trial 906 0 42126590 60.689541
-Trial 907 0 42126590 60.705158
-Trial 908 0 42126590 60.731380
-Trial 909 0 42126590 60.743250
-Trial 910 0 42126590 60.751947
-Trial 911 0 42126590 60.758405
-Trial 912 0 42126590 60.770460
-Trial 913 0 42126590 60.778254
-Trial 914 0 42126590 60.801218
-Trial 915 0 42126590 60.822891
-Trial 916 0 42126590 60.825417
-Trial 917 0 42126590 60.830677
-Trial 918 0 42126590 60.872397
-Trial 919 0 42126590 60.928732
-Trial 920 0 42126590 60.976808
-Trial 921 0 42126590 60.983201
-Trial 922 0 42126590 60.997910
-Trial 923 0 42126590 61.008668
-Trial 924 0 42126590 61.051832
-Trial 925 0 42126590 61.067335
-Trial 926 0 42126590 61.080249
-Trial 927 0 42126590 61.091351
-Trial 928 0 42126590 61.136066
-Trial 929 0 42126590 61.138977
-Trial 930 0 42126590 61.142920
-Trial 931 0 42126590 61.232015
-Trial 932 0 42126590 61.261426
-Trial 933 0 42126590 61.270980
-Trial 934 0 42126590 61.274240
-Trial 935 0 42126590 61.281239
-Trial 936 0 42126590 61.409941
-Trial 937 0 42126590 61.454302
-Trial 938 0 42126590 61.489333
-Trial 939 0 42126590 61.522233
-Trial 940 0 42126590 61.555380
-Trial 941 0 42126590 61.572487
-Trial 942 0 42126590 61.584289
-Trial 943 0 42126590 61.675692
-Trial 944 0 42126590 61.715676
-Trial 945 0 42126590 61.718272
-Trial 946 0 42126590 61.738654
* 947: Cost = 0_42091218, Time = 59.10 sec. 
-Trial 947 0 42091218 61.795861
-Trial 948 0 42091218 61.829258
-Trial 949 0 42091218 61.836783
-Trial 950 0 42091218 61.851717
-Trial 951 0 42091218 61.871542
-Trial 952 0 42091218 61.881305
-Trial 953 0 42091218 61.888256
-Trial 954 0 42091218 61.913304
-Trial 955 0 42091218 61.977778
-Trial 956 0 42091218 61.987969
-Trial 957 0 42091218 61.988449
* 958: Cost = 0_42027946, Time = 59.34 sec. 
-Trial 958 0 42027946 62.036615
-Trial 959 0 42027946 62.038349
-Trial 960 0 42027946 62.058095
* 961: Cost = 0_42006845, Time = 59.41 sec. 
-Trial 961 0 42006845 62.103524
-Trial 962 0 42006845 62.194206
-Trial 963 0 42006845 62.196324
-Trial 964 0 42006845 62.270899
-Trial 965 0 42006845 62.282899
-Trial 966 0 42006845 62.305370
-Trial 967 0 42006845 62.315070
-Trial 968 0 42006845 62.320571
-Trial 969 0 42006845 62.333176
-Trial 970 0 42006845 62.408707
-Trial 971 0 42006845 62.457816
-Trial 972 0 42006845 62.467629
-Trial 973 0 42006845 62.471819
-Trial 974 0 42006845 62.479693
-Trial 975 0 42006845 62.482684
-Trial 976 0 42006845 62.516775
-Trial 977 0 42006845 62.523392
-Trial 978 0 42006845 62.535434
-Trial 979 0 42006845 62.624571
-Trial 980 0 42006845 62.635937
-Trial 981 0 42006845 62.669835
-Trial 982 0 42006845 62.678328
-Trial 983 0 42006845 62.830476
-Trial 984 0 42006845 62.836119
-Trial 985 0 42006845 62.840146
-Trial 986 0 42006845 62.874178
-Trial 987 0 42006845 62.908038
-Trial 988 0 42006845 62.917490
* 989: Cost = 0_41970528, Time = 60.27 sec. 
-Trial 989 0 41970528 62.960767
-Trial 990 0 41970528 62.977955
-Trial 991 0 41970528 62.984752
-Trial 992 0 41970528 63.005409
-Trial 993 0 41970528 63.034885
-Trial 994 0 41970528 63.063279
-Trial 995 0 41970528 63.079836
-Trial 996 0 41970528 63.088292
-Trial 997 0 41970528 63.100755
-Trial 998 0 41970528 63.112355
-Trial 999 0 41970528 63.114482
-Trial 1000 0 41970528 63.114872
Population:
  1: 0_41970528
Run 1: Cost = 0_41970528, Time = 60.42 sec. 

Successes/Runs = 0/1 
Cost.min = 41970528, Cost.avg = 41970528.00, Cost.max = 41970528
Gap.min = 0.0000%, Gap.avg = 0.0000%, Gap.max = 0.0000%
Penalty.min = 0, Penalty.avg = 0.00, Penalty.max = 0
Trials.min = 1000, Trials.avg = 1000.0, Trials.max = 1000
Time.min = 60.42 sec., Time.avg = 60.42 sec., Time.max = 60.42 sec.
Time.total = 63.12 sec.
  Size.min = 18, Size.max = 32, Penalty = 0
  Cost.min = 1328454, Cost.max = 2692872, Cost.sum = 41970528
Best CVRPTW solution:
  Cost = 0_41970528
140 1 433 353 251 470 319 229 55 431 292 79 34 308 458 387 451 35 59 160 416 64 320 489 432 279 115 496 54 498 315 429 514 2 455 18 227 212 17 159 114 186 184 178 390 100 256 375 356 243 95 47 53 253 249 192 50 125 134 299 96 507 334 412 226 351 262 147 151 49 311 343 164 156 190 138 28 38 384 69 382 137 438 365 446 329 281 121 445 484 231 202 510 185 72 459 481 497 228 22 276 379 264 41 483 74 248 325 112 385 7 506 20 424 33 500 420 330 26 493 259 84 487 179 237 127 361 239 111 475 157 478 338 509 182 242 501 40 312 410 364 376 309 148 367 145 120 423 333 359 62 86 68 490 374 166 75 371 518 11 419 383 133 449 181 302 232 109 407 200 360 283 108 463 258 266 77 413 516 477 118 165 494 310 444 136 346 284 300 268 36 141 209 16 218 469 314 260 194 504 313 177 13 439 67 482 441 280 389 3 180 467 81 25 51 335 434 223 503 418 158 235 207 464 421 171 175 98 92 422 230 447 369 105 408 491 273 89 90 267 368 296 76 24 187 295 437 468 188 474 354 502 82 454 378 427 46 126 472 236 495 462 9 344 317 85 395 213 78 404 349 414 479 93 102 197 370 152 328 513 263 415 57 448 341 149 401 255 214 225 217 128 452 99 65 191 169 233 220 39 21 435 428 269 466 250 238 60 12 505 116 135 488 193 442 132 204 183 27 306 206 272 392 45 399 150 129 409 252 480 397 440 113 4 278 142 519 326 163 366 52 287 37 203 189 80 358 443 224 398 103 168 42 303 307 155 31 15 402 391 91 73 340 517 122 154 247 211 6 363 386 324 321 417 476 257 245 8 63 241 406 425 124 322 162 436 336 355 5 362 139 58 508 388 222 117 174 318 288 304 144 201 246 289 323 377 342 275 97 345 29 515 130 198 293 66 499 400 403 70 297 219 456 23 153 44 119 244 172 486 291 205 83 457 394 337 30 215 285 511 453 173 14 107 271 131 216 104 327 332 277 347 430 405 373 88 396 87 348 473 234 167 485 195 380 372 123 43 512 265 294 274 460 465 56 450 381 316 19 101 461 210 199 254 221 106 357 301 240 393 143 48 94 350 261 282 520 110 196 471 305 10 61 411 71 208 170 32 352 331 298 270 161 286 290 339 426 176 492 146 140 
