PARAMETER_FILE = result/cvrptw_500/LKH_para/450.para
Reading PROBLEM_FILE: "result/cvrptw_500/cvrptw/450.cvrptw" ... done
ASCENT_CANDIDATES = 50
BACKBONE_TRIALS = 0
BACKTRACKING = NO
# BWTSP =
# CANDIDATE_FILE =
CANDIDATE_SET_TYPE = ALPHA
DEPOT = 1
# EDGE_FILE =
EXCESS = 0.0384615
EXTERNAL_SALESMEN = 0
EXTRA_CANDIDATES = 0 
EXTRA_CANDIDATE_SET_TYPE = QUADRANT
GAIN23 = NO
GAIN_CRITERION = YES
INITIAL_PERIOD = 520
INITIAL_STEP_SIZE = 1
INITIAL_TOUR_ALGORITHM = WALK
# INITIAL_TOUR_FILE = 
INITIAL_TOUR_FRACTION = 1.000
# INPUT_TOUR_FILE = 
KICK_TYPE = 4
KICKS = 1
# MAX_BREADTH =
MAKESPAN = NO
MAX_CANDIDATES = 5 
MAX_SWAPS = 0
MAX_TRIALS = 1000
# MERGE_TOUR_FILE =
MOVE_TYPE = 5 SPECIAL
MTSP_MIN_SIZE = 1
MTSP_MAX_SIZE = 1039
# MTSP_SOLUTION_FILE = 
# NONSEQUENTIAL_MOVE_TYPE = 5
# OPTIMUM =
# OUTPUT_TOUR_FILE = 
PATCHING_A = 1 
PATCHING_C = 0 
# PI_FILE = 
POPMUSIC_INITIAL_TOUR = NO
POPMUSIC_MAX_NEIGHBORS = 5
POPMUSIC_SAMPLE_SIZE = 10
POPMUSIC_SOLUTIONS = 50
POPMUSIC_TRIALS = 1
POPULATION_SIZE = 10
PRECISION = 100
PROBLEM_FILE = result/cvrptw_500/cvrptw/450.cvrptw
RECOMBINATION = IPT
RESTRICTED_SEARCH = YES
RUNS = 1
SALESMEN = 20
SCALE = 1
SEED = 1234
# SINTEF_SOLUTION_FILE = 
STOP_AT_OPTIMUM = YES
SUBGRADIENT = YES
# SUBPROBLEM_SIZE =
# SUBPROBLEM_TOUR_FILE = 
SUBSEQUENT_MOVE_TYPE = 5 SPECIAL
SUBSEQUENT_PATCHING = YES
# TIME_LIMIT =
# TOUR_FILE = 
TRACE_LEVEL = 1
VEHICLES = 20

Lower bound = 24337626.0, Ascent time = 1.99 sec.
Cand.min = 5, Cand.avg = 5.0, Cand.max = 5
Edges.fixed = 520 [Cost = 0]
Preprocessing time = 2.08 sec.
* 1: Cost = 339659_49437851, Time = 3.15 sec. 
-Trial 1 339659 49437851 5.235518
* 2: Cost = 339659_49186519, Time = 3.44 sec. 
-Trial 2 339659 49186519 5.523379
-Trial 3 339659 49186519 5.581843
-Trial 4 339659 49186519 5.652751
-Trial 5 339659 49186519 5.793499
* 6: Cost = 339659_49092161, Time = 3.84 sec. 
-Trial 6 339659 49092161 5.917931
-Trial 7 339659 49092161 5.952000
* 8: Cost = 339659_49015961, Time = 3.91 sec. 
-Trial 8 339659 49015961 5.994416
* 9: Cost = 339659_48914389, Time = 3.94 sec. 
-Trial 9 339659 48914389 6.022141
-Trial 10 339659 48914389 6.078450
-Trial 11 339659 48914389 6.230327
-Trial 12 339659 48914389 6.272927
* 13: Cost = 339659_48750653, Time = 4.28 sec. 
-Trial 13 339659 48750653 6.360660
* 14: Cost = 339659_48251751, Time = 4.35 sec. 
-Trial 14 339659 48251751 6.426305
* 15: Cost = 339659_48237231, Time = 4.69 sec. 
-Trial 15 339659 48237231 6.771182
-Trial 16 339659 48237231 6.816921
* 17: Cost = 339659_48208732, Time = 4.77 sec. 
-Trial 17 339659 48208732 6.846773
-Trial 18 339659 48208732 6.933228
* 19: Cost = 339659_47858274, Time = 5.06 sec. 
-Trial 19 339659 47858274 7.137889
* 20: Cost = 339659_47720315, Time = 5.11 sec. 
-Trial 20 339659 47720315 7.191398
-Trial 21 339659 47720315 7.261212
* 22: Cost = 0_47805902, Time = 5.25 sec. 
-Trial 22 0 47805902 7.325763
* 23: Cost = 0_47735238, Time = 5.26 sec. 
-Trial 23 0 47735238 7.338689
-Trial 24 0 47735238 7.342896
* 25: Cost = 0_47344745, Time = 5.27 sec. 
-Trial 25 0 47344745 7.349107
-Trial 26 0 47344745 7.420525
-Trial 27 0 47344745 7.423717
-Trial 28 0 47344745 7.428985
-Trial 29 0 47344745 7.569605
-Trial 30 0 47344745 7.606973
-Trial 31 0 47344745 7.675359
-Trial 32 0 47344745 7.691650
-Trial 33 0 47344745 7.770350
* 34: Cost = 0_47306284, Time = 5.69 sec. 
-Trial 34 0 47306284 7.774269
-Trial 35 0 47306284 7.784905
* 36: Cost = 0_47244978, Time = 5.71 sec. 
-Trial 36 0 47244978 7.791510
-Trial 37 0 47244978 7.809934
* 38: Cost = 0_47196008, Time = 5.76 sec. 
-Trial 38 0 47196008 7.837541
* 39: Cost = 0_46952463, Time = 5.81 sec. 
-Trial 39 0 46952463 7.888189
-Trial 40 0 46952463 7.905746
* 41: Cost = 0_46933840, Time = 5.83 sec. 
-Trial 41 0 46933840 7.913921
* 42: Cost = 0_46711662, Time = 5.88 sec. 
-Trial 42 0 46711662 7.956583
-Trial 43 0 46711662 8.034050
-Trial 44 0 46711662 8.060284
* 45: Cost = 0_46274606, Time = 5.99 sec. 
-Trial 45 0 46274606 8.070538
-Trial 46 0 46274606 8.094531
-Trial 47 0 46274606 8.163751
* 48: Cost = 0_46227516, Time = 6.10 sec. 
-Trial 48 0 46227516 8.178072
-Trial 49 0 46227516 8.179203
* 50: Cost = 0_45959929, Time = 6.12 sec. 
-Trial 50 0 45959929 8.202533
-Trial 51 0 45959929 8.268220
* 52: Cost = 0_45920752, Time = 6.24 sec. 
-Trial 52 0 45920752 8.318324
* 53: Cost = 0_45917547, Time = 6.24 sec. 
-Trial 53 0 45917547 8.325180
-Trial 54 0 45917547 8.347115
* 55: Cost = 0_45891154, Time = 6.29 sec. 
-Trial 55 0 45891154 8.368142
-Trial 56 0 45891154 8.391609
-Trial 57 0 45891154 8.429324
* 58: Cost = 0_45824212, Time = 6.35 sec. 
-Trial 58 0 45824212 8.431183
-Trial 59 0 45824212 8.538311
* 60: Cost = 0_45811387, Time = 6.47 sec. 
-Trial 60 0 45811387 8.554030
-Trial 61 0 45811387 8.586522
-Trial 62 0 45811387 8.592115
-Trial 63 0 45811387 8.593323
-Trial 64 0 45811387 8.596422
-Trial 65 0 45811387 8.609715
* 66: Cost = 0_45768258, Time = 6.54 sec. 
-Trial 66 0 45768258 8.620281
-Trial 67 0 45768258 8.713680
-Trial 68 0 45768258 8.734494
-Trial 69 0 45768258 8.765983
-Trial 70 0 45768258 8.772413
-Trial 71 0 45768258 8.825999
* 72: Cost = 0_45645082, Time = 6.77 sec. 
-Trial 72 0 45645082 8.853325
-Trial 73 0 45645082 8.952148
-Trial 74 0 45645082 8.976993
* 75: Cost = 0_45630613, Time = 6.97 sec. 
-Trial 75 0 45630613 9.052552
-Trial 76 0 45630613 9.123936
-Trial 77 0 45630613 9.189020
-Trial 78 0 45630613 9.190213
* 79: Cost = 0_45535127, Time = 7.13 sec. 
-Trial 79 0 45535127 9.209363
* 80: Cost = 0_45075379, Time = 7.16 sec. 
-Trial 80 0 45075379 9.237397
-Trial 81 0 45075379 9.313177
* 82: Cost = 0_44933073, Time = 7.26 sec. 
-Trial 82 0 44933073 9.342749
* 83: Cost = 0_44862031, Time = 7.29 sec. 
-Trial 83 0 44862031 9.372365
-Trial 84 0 44862031 9.383892
-Trial 85 0 44862031 9.403257
-Trial 86 0 44862031 9.409701
* 87: Cost = 0_44169202, Time = 7.34 sec. 
-Trial 87 0 44169202 9.425350
-Trial 88 0 44169202 9.476437
-Trial 89 0 44169202 9.486115
-Trial 90 0 44169202 9.493161
-Trial 91 0 44169202 9.563606
* 92: Cost = 0_44132555, Time = 7.50 sec. 
-Trial 92 0 44132555 9.578475
-Trial 93 0 44132555 9.584630
-Trial 94 0 44132555 9.623405
-Trial 95 0 44132555 9.659357
* 96: Cost = 0_44097209, Time = 7.59 sec. 
-Trial 96 0 44097209 9.671752
* 97: Cost = 0_44089131, Time = 7.69 sec. 
-Trial 97 0 44089131 9.774163
-Trial 98 0 44089131 9.774608
-Trial 99 0 44089131 9.786296
-Trial 100 0 44089131 9.921168
-Trial 101 0 44089131 9.962260
-Trial 102 0 44089131 9.992779
-Trial 103 0 44089131 10.012351
-Trial 104 0 44089131 10.020741
* 105: Cost = 0_44083424, Time = 7.95 sec. 
-Trial 105 0 44083424 10.032011
-Trial 106 0 44083424 10.057864
* 107: Cost = 0_44035353, Time = 7.99 sec. 
-Trial 107 0 44035353 10.069044
* 108: Cost = 0_44020735, Time = 8.04 sec. 
-Trial 108 0 44020735 10.116146
* 109: Cost = 0_43826242, Time = 8.06 sec. 
-Trial 109 0 43826242 10.145238
-Trial 110 0 43826242 10.159743
-Trial 111 0 43826242 10.178296
-Trial 112 0 43826242 10.189010
-Trial 113 0 43826242 10.197341
-Trial 114 0 43826242 10.251128
-Trial 115 0 43826242 10.300447
-Trial 116 0 43826242 10.320449
-Trial 117 0 43826242 10.324878
-Trial 118 0 43826242 10.332332
-Trial 119 0 43826242 10.598366
-Trial 120 0 43826242 10.646357
* 121: Cost = 0_43708574, Time = 8.62 sec. 
-Trial 121 0 43708574 10.697065
-Trial 122 0 43708574 10.732289
-Trial 123 0 43708574 10.749326
-Trial 124 0 43708574 11.109538
-Trial 125 0 43708574 11.134840
* 126: Cost = 0_43702165, Time = 9.10 sec. 
-Trial 126 0 43702165 11.179698
-Trial 127 0 43702165 11.206068
-Trial 128 0 43702165 11.432337
-Trial 129 0 43702165 11.448725
-Trial 130 0 43702165 11.509890
-Trial 131 0 43702165 11.853913
-Trial 132 0 43702165 11.874436
-Trial 133 0 43702165 11.925073
-Trial 134 0 43702165 11.952863
-Trial 135 0 43702165 11.961531
-Trial 136 0 43702165 11.974565
* 137: Cost = 0_43675865, Time = 9.90 sec. 
-Trial 137 0 43675865 11.980717
-Trial 138 0 43675865 12.112103
-Trial 139 0 43675865 12.144775
-Trial 140 0 43675865 12.158297
* 141: Cost = 0_43665708, Time = 10.11 sec. 
-Trial 141 0 43665708 12.187623
-Trial 142 0 43665708 12.213907
-Trial 143 0 43665708 12.226862
-Trial 144 0 43665708 12.233707
-Trial 145 0 43665708 12.270093
-Trial 146 0 43665708 12.276011
-Trial 147 0 43665708 12.284369
-Trial 148 0 43665708 12.321861
-Trial 149 0 43665708 12.410144
-Trial 150 0 43665708 12.435024
-Trial 151 0 43665708 12.554277
-Trial 152 0 43665708 12.561143
-Trial 153 0 43665708 12.565851
* 154: Cost = 0_43650486, Time = 10.50 sec. 
-Trial 154 0 43650486 12.575883
-Trial 155 0 43650486 12.586668
-Trial 156 0 43650486 12.597424
-Trial 157 0 43650486 12.639487
-Trial 158 0 43650486 12.720161
-Trial 159 0 43650486 12.736126
-Trial 160 0 43650486 12.752439
-Trial 161 0 43650486 12.800761
* 162: Cost = 0_43632584, Time = 10.78 sec. 
-Trial 162 0 43632584 12.861631
-Trial 163 0 43632584 12.873006
-Trial 164 0 43632584 12.889468
-Trial 165 0 43632584 12.896888
-Trial 166 0 43632584 12.949935
-Trial 167 0 43632584 12.959431
* 168: Cost = 0_43597336, Time = 10.93 sec. 
-Trial 168 0 43597336 13.008381
-Trial 169 0 43597336 13.053630
* 170: Cost = 0_43057217, Time = 11.06 sec. 
-Trial 170 0 43057217 13.143066
-Trial 171 0 43057217 13.172387
-Trial 172 0 43057217 13.243847
-Trial 173 0 43057217 13.300259
-Trial 174 0 43057217 13.330996
-Trial 175 0 43057217 13.343465
-Trial 176 0 43057217 13.347286
-Trial 177 0 43057217 13.404706
-Trial 178 0 43057217 13.434793
-Trial 179 0 43057217 13.481603
-Trial 180 0 43057217 13.503433
-Trial 181 0 43057217 13.507858
-Trial 182 0 43057217 13.512314
* 183: Cost = 0_42972857, Time = 11.44 sec. 
-Trial 183 0 42972857 13.520797
-Trial 184 0 42972857 14.008511
* 185: Cost = 0_42786428, Time = 11.96 sec. 
-Trial 185 0 42786428 14.038949
-Trial 186 0 42786428 14.063297
-Trial 187 0 42786428 14.086133
-Trial 188 0 42786428 14.121886
-Trial 189 0 42786428 14.150530
-Trial 190 0 42786428 14.180727
-Trial 191 0 42786428 14.208338
-Trial 192 0 42786428 14.229063
-Trial 193 0 42786428 14.248557
-Trial 194 0 42786428 14.259786
-Trial 195 0 42786428 14.378313
-Trial 196 0 42786428 14.384231
-Trial 197 0 42786428 14.390255
-Trial 198 0 42786428 14.420229
-Trial 199 0 42786428 14.524958
* 200: Cost = 0_42732189, Time = 12.53 sec. 
-Trial 200 0 42732189 14.605968
-Trial 201 0 42732189 14.618780
-Trial 202 0 42732189 14.619556
-Trial 203 0 42732189 14.626836
-Trial 204 0 42732189 14.699372
-Trial 205 0 42732189 14.703766
-Trial 206 0 42732189 14.740139
-Trial 207 0 42732189 14.763448
-Trial 208 0 42732189 14.807064
-Trial 209 0 42732189 14.821698
-Trial 210 0 42732189 14.829933
-Trial 211 0 42732189 14.835473
-Trial 212 0 42732189 14.842247
-Trial 213 0 42732189 14.866988
-Trial 214 0 42732189 14.871724
-Trial 215 0 42732189 15.228750
-Trial 216 0 42732189 15.277760
-Trial 217 0 42732189 15.284011
-Trial 218 0 42732189 15.294439
-Trial 219 0 42732189 15.314613
-Trial 220 0 42732189 15.369692
-Trial 221 0 42732189 15.389738
* 222: Cost = 0_42610407, Time = 13.31 sec. 
-Trial 222 0 42610407 15.394023
-Trial 223 0 42610407 15.398933
-Trial 224 0 42610407 15.435035
-Trial 225 0 42610407 15.460835
-Trial 226 0 42610407 15.505349
-Trial 227 0 42610407 15.512874
-Trial 228 0 42610407 15.518075
-Trial 229 0 42610407 15.553772
-Trial 230 0 42610407 15.603147
-Trial 231 0 42610407 15.616083
-Trial 232 0 42610407 15.626640
-Trial 233 0 42610407 15.635429
-Trial 234 0 42610407 15.670866
-Trial 235 0 42610407 15.696595
-Trial 236 0 42610407 15.732035
* 237: Cost = 0_42550343, Time = 13.66 sec. 
-Trial 237 0 42550343 15.737512
-Trial 238 0 42550343 15.752324
-Trial 239 0 42550343 15.772897
-Trial 240 0 42550343 15.775332
-Trial 241 0 42550343 15.850568
-Trial 242 0 42550343 15.896445
-Trial 243 0 42550343 15.901793
-Trial 244 0 42550343 15.966892
-Trial 245 0 42550343 15.994789
-Trial 246 0 42550343 16.045589
-Trial 247 0 42550343 16.113201
-Trial 248 0 42550343 16.138095
-Trial 249 0 42550343 16.154902
-Trial 250 0 42550343 16.233912
-Trial 251 0 42550343 16.278857
-Trial 252 0 42550343 16.335924
-Trial 253 0 42550343 16.378030
-Trial 254 0 42550343 16.389767
-Trial 255 0 42550343 16.393469
-Trial 256 0 42550343 16.415854
-Trial 257 0 42550343 16.420465
-Trial 258 0 42550343 16.475929
-Trial 259 0 42550343 16.502292
-Trial 260 0 42550343 16.532888
-Trial 261 0 42550343 16.566965
-Trial 262 0 42550343 16.848515
-Trial 263 0 42550343 16.860142
-Trial 264 0 42550343 16.888666
-Trial 265 0 42550343 17.000081
-Trial 266 0 42550343 17.024420
-Trial 267 0 42550343 17.088408
-Trial 268 0 42550343 17.115920
-Trial 269 0 42550343 17.142468
-Trial 270 0 42550343 17.230279
-Trial 271 0 42550343 17.250344
-Trial 272 0 42550343 17.268736
-Trial 273 0 42550343 17.274559
-Trial 274 0 42550343 17.320755
-Trial 275 0 42550343 17.321363
-Trial 276 0 42550343 17.331029
-Trial 277 0 42550343 17.332406
-Trial 278 0 42550343 17.340487
-Trial 279 0 42550343 17.371051
-Trial 280 0 42550343 17.390913
-Trial 281 0 42550343 17.431544
-Trial 282 0 42550343 17.443604
* 283: Cost = 0_42496365, Time = 15.37 sec. 
-Trial 283 0 42496365 17.452222
* 284: Cost = 0_42472204, Time = 15.40 sec. 
-Trial 284 0 42472204 17.482987
-Trial 285 0 42472204 17.495137
-Trial 286 0 42472204 17.512695
-Trial 287 0 42472204 17.516503
-Trial 288 0 42472204 17.530071
* 289: Cost = 0_42470118, Time = 15.47 sec. 
-Trial 289 0 42470118 17.547142
-Trial 290 0 42470118 17.610419
-Trial 291 0 42470118 17.624280
-Trial 292 0 42470118 17.649508
-Trial 293 0 42470118 17.852572
* 294: Cost = 0_42453012, Time = 15.78 sec. 
-Trial 294 0 42453012 17.862246
-Trial 295 0 42453012 17.879754
-Trial 296 0 42453012 17.914926
-Trial 297 0 42453012 17.951807
-Trial 298 0 42453012 17.962229
-Trial 299 0 42453012 17.988373
-Trial 300 0 42453012 18.004189
-Trial 301 0 42453012 18.033987
-Trial 302 0 42453012 18.038780
-Trial 303 0 42453012 18.103535
-Trial 304 0 42453012 18.118104
-Trial 305 0 42453012 18.151555
-Trial 306 0 42453012 18.162819
-Trial 307 0 42453012 18.182344
-Trial 308 0 42453012 18.207413
-Trial 309 0 42453012 18.246191
-Trial 310 0 42453012 18.296590
-Trial 311 0 42453012 18.303487
* 312: Cost = 0_42386311, Time = 16.26 sec. 
-Trial 312 0 42386311 18.339437
-Trial 313 0 42386311 18.382253
-Trial 314 0 42386311 18.423119
-Trial 315 0 42386311 18.449644
-Trial 316 0 42386311 18.475790
-Trial 317 0 42386311 18.506927
-Trial 318 0 42386311 18.538426
-Trial 319 0 42386311 18.545467
-Trial 320 0 42386311 18.549583
-Trial 321 0 42386311 18.557428
-Trial 322 0 42386311 18.583882
-Trial 323 0 42386311 18.588840
-Trial 324 0 42386311 18.685182
-Trial 325 0 42386311 18.744124
-Trial 326 0 42386311 18.747238
-Trial 327 0 42386311 18.789877
-Trial 328 0 42386311 18.901279
-Trial 329 0 42386311 18.931285
-Trial 330 0 42386311 18.982696
-Trial 331 0 42386311 19.064690
-Trial 332 0 42386311 19.100802
-Trial 333 0 42386311 19.228576
-Trial 334 0 42386311 19.235277
-Trial 335 0 42386311 19.238009
-Trial 336 0 42386311 19.243963
-Trial 337 0 42386311 19.266642
-Trial 338 0 42386311 19.271050
-Trial 339 0 42386311 19.314467
-Trial 340 0 42386311 19.473944
-Trial 341 0 42386311 19.553044
-Trial 342 0 42386311 19.630313
-Trial 343 0 42386311 19.664979
-Trial 344 0 42386311 19.725790
-Trial 345 0 42386311 19.804425
-Trial 346 0 42386311 19.855841
-Trial 347 0 42386311 19.883818
* 348: Cost = 0_42206196, Time = 17.84 sec. 
-Trial 348 0 42206196 19.917428
-Trial 349 0 42206196 19.955170
-Trial 350 0 42206196 20.035562
-Trial 351 0 42206196 20.094836
* 352: Cost = 0_42154244, Time = 18.05 sec. 
-Trial 352 0 42154244 20.129327
* 353: Cost = 0_41870073, Time = 18.08 sec. 
-Trial 353 0 41870073 20.157604
-Trial 354 0 41870073 20.163398
-Trial 355 0 41870073 20.191699
-Trial 356 0 41870073 20.238525
-Trial 357 0 41870073 20.309658
-Trial 358 0 41870073 20.366827
* 359: Cost = 0_41682556, Time = 18.30 sec. 
-Trial 359 0 41682556 20.377354
-Trial 360 0 41682556 20.390703
-Trial 361 0 41682556 20.393755
-Trial 362 0 41682556 20.399785
-Trial 363 0 41682556 20.407345
-Trial 364 0 41682556 20.447730
-Trial 365 0 41682556 20.458619
-Trial 366 0 41682556 20.503564
-Trial 367 0 41682556 20.567845
-Trial 368 0 41682556 20.580331
-Trial 369 0 41682556 20.602008
* 370: Cost = 0_41568553, Time = 18.53 sec. 
-Trial 370 0 41568553 20.608429
-Trial 371 0 41568553 20.671380
-Trial 372 0 41568553 20.682037
-Trial 373 0 41568553 20.692619
-Trial 374 0 41568553 20.749241
-Trial 375 0 41568553 20.795086
-Trial 376 0 41568553 20.822497
* 377: Cost = 0_41562879, Time = 18.78 sec. 
-Trial 377 0 41562879 20.863755
-Trial 378 0 41562879 20.864354
-Trial 379 0 41562879 20.942012
* 380: Cost = 0_41540407, Time = 18.88 sec. 
-Trial 380 0 41540407 20.956677
-Trial 381 0 41540407 21.016885
-Trial 382 0 41540407 21.064856
-Trial 383 0 41540407 21.089914
-Trial 384 0 41540407 21.097458
-Trial 385 0 41540407 21.116022
-Trial 386 0 41540407 21.156629
-Trial 387 0 41540407 21.157269
-Trial 388 0 41540407 21.306591
-Trial 389 0 41540407 21.359084
-Trial 390 0 41540407 21.366532
-Trial 391 0 41540407 21.377598
-Trial 392 0 41540407 21.378609
-Trial 393 0 41540407 21.387757
-Trial 394 0 41540407 21.526293
-Trial 395 0 41540407 21.539557
-Trial 396 0 41540407 21.564189
-Trial 397 0 41540407 21.601694
-Trial 398 0 41540407 21.746324
-Trial 399 0 41540407 21.780420
-Trial 400 0 41540407 21.796893
-Trial 401 0 41540407 21.816127
-Trial 402 0 41540407 21.830617
-Trial 403 0 41540407 21.899621
-Trial 404 0 41540407 21.905288
-Trial 405 0 41540407 21.955320
-Trial 406 0 41540407 22.002860
-Trial 407 0 41540407 22.011093
-Trial 408 0 41540407 22.369136
-Trial 409 0 41540407 22.402973
-Trial 410 0 41540407 22.424418
-Trial 411 0 41540407 22.466647
-Trial 412 0 41540407 22.474485
-Trial 413 0 41540407 22.526638
-Trial 414 0 41540407 22.654787
-Trial 415 0 41540407 22.700954
-Trial 416 0 41540407 22.771650
-Trial 417 0 41540407 22.799074
-Trial 418 0 41540407 22.808222
-Trial 419 0 41540407 22.844104
-Trial 420 0 41540407 22.880177
-Trial 421 0 41540407 22.914609
-Trial 422 0 41540407 22.941796
-Trial 423 0 41540407 22.988837
-Trial 424 0 41540407 23.012205
-Trial 425 0 41540407 23.094032
* 426: Cost = 0_41401438, Time = 21.03 sec. 
-Trial 426 0 41401438 23.112027
-Trial 427 0 41401438 23.126914
* 428: Cost = 0_41304731, Time = 21.08 sec. 
-Trial 428 0 41304731 23.156382
-Trial 429 0 41304731 23.234785
-Trial 430 0 41304731 23.268053
-Trial 431 0 41304731 23.279373
-Trial 432 0 41304731 23.294444
-Trial 433 0 41304731 23.298268
-Trial 434 0 41304731 23.349311
-Trial 435 0 41304731 23.388203
-Trial 436 0 41304731 23.456065
-Trial 437 0 41304731 23.469700
-Trial 438 0 41304731 23.509165
-Trial 439 0 41304731 23.514537
-Trial 440 0 41304731 23.570016
-Trial 441 0 41304731 23.600271
-Trial 442 0 41304731 23.628685
-Trial 443 0 41304731 23.677955
-Trial 444 0 41304731 23.754780
-Trial 445 0 41304731 23.757964
-Trial 446 0 41304731 23.827376
-Trial 447 0 41304731 23.872100
-Trial 448 0 41304731 23.909780
-Trial 449 0 41304731 23.988421
-Trial 450 0 41304731 23.992472
-Trial 451 0 41304731 24.025572
-Trial 452 0 41304731 24.031660
-Trial 453 0 41304731 24.049021
-Trial 454 0 41304731 24.125912
-Trial 455 0 41304731 24.150767
-Trial 456 0 41304731 24.198698
-Trial 457 0 41304731 24.240734
-Trial 458 0 41304731 24.258624
* 459: Cost = 0_41292263, Time = 22.22 sec. 
-Trial 459 0 41292263 24.297981
-Trial 460 0 41292263 24.302904
-Trial 461 0 41292263 24.409557
-Trial 462 0 41292263 24.414928
-Trial 463 0 41292263 24.449410
-Trial 464 0 41292263 24.469361
-Trial 465 0 41292263 24.487955
-Trial 466 0 41292263 24.491138
-Trial 467 0 41292263 24.492071
-Trial 468 0 41292263 24.591152
-Trial 469 0 41292263 24.611424
-Trial 470 0 41292263 24.618337
-Trial 471 0 41292263 24.625434
* 472: Cost = 0_41259838, Time = 22.57 sec. 
-Trial 472 0 41259838 24.652489
* 473: Cost = 0_41168124, Time = 22.58 sec. 
-Trial 473 0 41168124 24.656484
-Trial 474 0 41168124 24.697362
* 475: Cost = 0_41166038, Time = 22.62 sec. 
-Trial 475 0 41166038 24.699631
-Trial 476 0 41166038 24.742203
-Trial 477 0 41166038 24.788736
-Trial 478 0 41166038 24.827597
-Trial 479 0 41166038 24.858570
-Trial 480 0 41166038 24.903582
-Trial 481 0 41166038 24.922518
-Trial 482 0 41166038 24.925931
-Trial 483 0 41166038 24.957973
-Trial 484 0 41166038 24.994590
-Trial 485 0 41166038 25.075126
* 486: Cost = 0_41153570, Time = 23.00 sec. 
-Trial 486 0 41153570 25.082837
-Trial 487 0 41153570 25.155488
-Trial 488 0 41153570 25.242798
-Trial 489 0 41153570 25.258911
-Trial 490 0 41153570 25.313591
-Trial 491 0 41153570 25.333832
-Trial 492 0 41153570 25.347673
-Trial 493 0 41153570 25.376600
-Trial 494 0 41153570 25.408316
-Trial 495 0 41153570 25.411867
-Trial 496 0 41153570 25.454337
-Trial 497 0 41153570 25.475617
-Trial 498 0 41153570 25.515097
-Trial 499 0 41153570 25.529499
-Trial 500 0 41153570 25.533231
-Trial 501 0 41153570 25.538020
-Trial 502 0 41153570 25.580378
-Trial 503 0 41153570 25.584842
-Trial 504 0 41153570 25.600269
-Trial 505 0 41153570 25.659868
* 506: Cost = 0_41149233, Time = 23.63 sec. 
-Trial 506 0 41149233 25.715049
-Trial 507 0 41149233 25.718474
* 508: Cost = 0_41140451, Time = 23.66 sec. 
-Trial 508 0 41140451 25.739292
-Trial 509 0 41140451 25.746732
-Trial 510 0 41140451 25.788218
-Trial 511 0 41140451 25.842734
-Trial 512 0 41140451 25.848571
-Trial 513 0 41140451 25.855539
-Trial 514 0 41140451 25.887827
* 515: Cost = 0_41089709, Time = 23.84 sec. 
-Trial 515 0 41089709 25.916724
-Trial 516 0 41089709 25.929265
-Trial 517 0 41089709 25.946831
-Trial 518 0 41089709 25.985321
-Trial 519 0 41089709 26.001180
-Trial 520 0 41089709 26.048953
* 521: Cost = 0_41071935, Time = 24.00 sec. 
-Trial 521 0 41071935 26.080316
-Trial 522 0 41071935 26.176515
-Trial 523 0 41071935 26.205996
-Trial 524 0 41071935 26.227524
-Trial 525 0 41071935 26.252096
-Trial 526 0 41071935 26.258459
-Trial 527 0 41071935 26.281049
-Trial 528 0 41071935 26.291373
-Trial 529 0 41071935 26.305134
-Trial 530 0 41071935 26.321032
-Trial 531 0 41071935 26.324796
-Trial 532 0 41071935 26.333098
-Trial 533 0 41071935 26.384208
-Trial 534 0 41071935 26.422226
-Trial 535 0 41071935 26.447358
-Trial 536 0 41071935 26.461614
-Trial 537 0 41071935 26.467805
-Trial 538 0 41071935 26.478874
-Trial 539 0 41071935 26.486262
-Trial 540 0 41071935 26.491442
-Trial 541 0 41071935 26.493399
-Trial 542 0 41071935 26.503515
-Trial 543 0 41071935 26.514322
-Trial 544 0 41071935 26.529679
-Trial 545 0 41071935 26.675038
-Trial 546 0 41071935 26.724343
-Trial 547 0 41071935 26.732842
* 548: Cost = 0_41058214, Time = 24.66 sec. 
-Trial 548 0 41058214 26.738129
-Trial 549 0 41058214 26.765836
-Trial 550 0 41058214 26.784109
-Trial 551 0 41058214 26.825915
-Trial 552 0 41058214 26.826468
-Trial 553 0 41058214 26.847084
-Trial 554 0 41058214 26.850445
-Trial 555 0 41058214 26.869028
-Trial 556 0 41058214 26.964580
-Trial 557 0 41058214 26.981963
-Trial 558 0 41058214 26.986053
-Trial 559 0 41058214 26.992037
-Trial 560 0 41058214 27.003669
-Trial 561 0 41058214 27.024951
-Trial 562 0 41058214 27.041679
-Trial 563 0 41058214 27.067043
-Trial 564 0 41058214 27.083992
-Trial 565 0 41058214 27.086579
* 566: Cost = 0_40953388, Time = 25.11 sec. 
-Trial 566 0 40953388 27.192501
-Trial 567 0 40953388 27.194147
-Trial 568 0 40953388 27.279909
-Trial 569 0 40953388 27.433755
-Trial 570 0 40953388 27.444099
-Trial 571 0 40953388 27.534566
-Trial 572 0 40953388 27.550577
-Trial 573 0 40953388 27.559051
-Trial 574 0 40953388 27.568938
-Trial 575 0 40953388 27.603105
-Trial 576 0 40953388 27.651481
-Trial 577 0 40953388 27.671128
-Trial 578 0 40953388 27.695358
-Trial 579 0 40953388 27.812959
* 580: Cost = 0_40945044, Time = 25.79 sec. 
-Trial 580 0 40945044 27.866654
* 581: Cost = 0_40896368, Time = 25.82 sec. 
-Trial 581 0 40896368 27.905255
* 582: Cost = 0_40853327, Time = 25.84 sec. 
-Trial 582 0 40853327 27.921941
-Trial 583 0 40853327 28.113110
-Trial 584 0 40853327 28.129229
-Trial 585 0 40853327 28.226476
-Trial 586 0 40853327 28.381502
-Trial 587 0 40853327 28.385542
-Trial 588 0 40853327 28.390145
-Trial 589 0 40853327 28.432350
-Trial 590 0 40853327 28.472603
-Trial 591 0 40853327 28.482250
-Trial 592 0 40853327 28.530359
-Trial 593 0 40853327 28.544961
-Trial 594 0 40853327 28.576043
-Trial 595 0 40853327 28.617572
-Trial 596 0 40853327 28.619844
-Trial 597 0 40853327 28.703801
-Trial 598 0 40853327 28.755284
-Trial 599 0 40853327 28.792354
-Trial 600 0 40853327 28.815969
-Trial 601 0 40853327 28.816400
* 602: Cost = 0_40834007, Time = 26.75 sec. 
-Trial 602 0 40834007 28.833885
-Trial 603 0 40834007 28.860468
-Trial 604 0 40834007 28.964051
-Trial 605 0 40834007 29.034438
-Trial 606 0 40834007 29.051188
-Trial 607 0 40834007 29.098809
-Trial 608 0 40834007 29.241308
-Trial 609 0 40834007 29.269692
-Trial 610 0 40834007 29.300663
-Trial 611 0 40834007 29.350977
-Trial 612 0 40834007 29.496588
* 613: Cost = 0_40817472, Time = 27.42 sec. 
-Trial 613 0 40817472 29.505165
-Trial 614 0 40817472 29.517227
-Trial 615 0 40817472 29.577415
-Trial 616 0 40817472 29.734701
-Trial 617 0 40817472 29.757872
-Trial 618 0 40817472 29.763853
-Trial 619 0 40817472 29.776252
* 620: Cost = 0_40769259, Time = 27.79 sec. 
-Trial 620 0 40769259 29.868080
* 621: Cost = 0_40766361, Time = 27.81 sec. 
-Trial 621 0 40766361 29.885786
-Trial 622 0 40766361 29.895501
-Trial 623 0 40766361 29.911979
-Trial 624 0 40766361 29.964196
-Trial 625 0 40766361 30.067654
-Trial 626 0 40766361 30.101489
-Trial 627 0 40766361 30.113833
-Trial 628 0 40766361 30.117679
-Trial 629 0 40766361 30.176733
-Trial 630 0 40766361 30.178393
-Trial 631 0 40766361 30.222736
-Trial 632 0 40766361 30.233199
-Trial 633 0 40766361 30.254120
-Trial 634 0 40766361 30.343140
-Trial 635 0 40766361 30.361243
-Trial 636 0 40766361 30.392841
-Trial 637 0 40766361 30.459526
-Trial 638 0 40766361 30.516175
-Trial 639 0 40766361 30.529958
-Trial 640 0 40766361 30.540936
-Trial 641 0 40766361 30.541644
-Trial 642 0 40766361 30.760756
-Trial 643 0 40766361 30.767939
-Trial 644 0 40766361 30.836100
-Trial 645 0 40766361 30.836999
-Trial 646 0 40766361 30.861945
-Trial 647 0 40766361 30.975269
-Trial 648 0 40766361 30.985194
-Trial 649 0 40766361 30.987943
-Trial 650 0 40766361 31.145569
-Trial 651 0 40766361 31.186235
-Trial 652 0 40766361 31.194364
* 653: Cost = 0_40752116, Time = 29.14 sec. 
-Trial 653 0 40752116 31.221250
-Trial 654 0 40752116 31.223310
-Trial 655 0 40752116 31.235937
-Trial 656 0 40752116 31.305466
-Trial 657 0 40752116 31.374646
-Trial 658 0 40752116 31.440824
-Trial 659 0 40752116 31.448592
-Trial 660 0 40752116 31.449933
-Trial 661 0 40752116 31.492050
-Trial 662 0 40752116 31.501781
-Trial 663 0 40752116 31.527594
-Trial 664 0 40752116 31.576449
-Trial 665 0 40752116 31.592965
-Trial 666 0 40752116 31.608848
-Trial 667 0 40752116 31.828641
-Trial 668 0 40752116 31.878267
-Trial 669 0 40752116 31.885373
-Trial 670 0 40752116 31.949927
-Trial 671 0 40752116 31.959683
-Trial 672 0 40752116 31.978192
-Trial 673 0 40752116 31.986415
-Trial 674 0 40752116 31.989124
-Trial 675 0 40752116 32.002832
-Trial 676 0 40752116 32.015015
-Trial 677 0 40752116 32.108294
-Trial 678 0 40752116 32.113292
-Trial 679 0 40752116 32.251109
-Trial 680 0 40752116 32.262684
-Trial 681 0 40752116 32.271154
-Trial 682 0 40752116 32.284630
-Trial 683 0 40752116 32.290111
-Trial 684 0 40752116 32.329095
-Trial 685 0 40752116 32.448009
-Trial 686 0 40752116 32.503783
-Trial 687 0 40752116 32.508372
-Trial 688 0 40752116 32.534201
-Trial 689 0 40752116 32.567985
-Trial 690 0 40752116 32.605616
-Trial 691 0 40752116 32.740659
-Trial 692 0 40752116 32.801268
-Trial 693 0 40752116 32.811213
-Trial 694 0 40752116 32.836179
-Trial 695 0 40752116 32.862139
-Trial 696 0 40752116 32.872986
* 697: Cost = 0_40744376, Time = 30.83 sec. 
-Trial 697 0 40744376 32.913069
-Trial 698 0 40744376 32.937418
-Trial 699 0 40744376 33.132755
-Trial 700 0 40744376 33.151425
-Trial 701 0 40744376 33.158747
-Trial 702 0 40744376 33.177975
-Trial 703 0 40744376 33.214258
-Trial 704 0 40744376 33.288289
-Trial 705 0 40744376 33.313164
-Trial 706 0 40744376 33.410227
-Trial 707 0 40744376 33.425907
-Trial 708 0 40744376 33.442588
-Trial 709 0 40744376 33.507593
-Trial 710 0 40744376 33.541353
-Trial 711 0 40744376 33.572536
-Trial 712 0 40744376 33.581356
-Trial 713 0 40744376 33.678767
-Trial 714 0 40744376 33.692754
-Trial 715 0 40744376 33.708040
* 716: Cost = 0_40734811, Time = 31.64 sec. 
-Trial 716 0 40734811 33.716976
-Trial 717 0 40734811 33.747748
-Trial 718 0 40734811 33.754922
-Trial 719 0 40734811 33.926140
-Trial 720 0 40734811 33.963206
-Trial 721 0 40734811 34.005070
-Trial 722 0 40734811 34.008738
-Trial 723 0 40734811 34.068428
-Trial 724 0 40734811 34.143945
-Trial 725 0 40734811 34.192816
-Trial 726 0 40734811 34.198949
-Trial 727 0 40734811 34.338416
-Trial 728 0 40734811 34.338998
-Trial 729 0 40734811 34.387288
-Trial 730 0 40734811 34.398235
-Trial 731 0 40734811 34.420513
-Trial 732 0 40734811 34.424417
-Trial 733 0 40734811 34.444051
-Trial 734 0 40734811 34.629179
-Trial 735 0 40734811 34.661101
-Trial 736 0 40734811 34.724819
-Trial 737 0 40734811 34.755541
-Trial 738 0 40734811 34.773161
-Trial 739 0 40734811 34.778142
-Trial 740 0 40734811 34.790054
-Trial 741 0 40734811 34.842442
-Trial 742 0 40734811 34.880815
-Trial 743 0 40734811 34.881231
-Trial 744 0 40734811 34.890548
-Trial 745 0 40734811 34.932386
-Trial 746 0 40734811 34.967460
-Trial 747 0 40734811 34.974722
-Trial 748 0 40734811 34.980353
-Trial 749 0 40734811 34.987587
-Trial 750 0 40734811 34.992567
-Trial 751 0 40734811 34.995583
-Trial 752 0 40734811 35.003388
-Trial 753 0 40734811 35.047001
-Trial 754 0 40734811 35.070934
-Trial 755 0 40734811 35.286569
-Trial 756 0 40734811 35.294986
-Trial 757 0 40734811 35.394851
-Trial 758 0 40734811 35.408996
-Trial 759 0 40734811 35.423792
-Trial 760 0 40734811 35.435141
-Trial 761 0 40734811 35.481333
-Trial 762 0 40734811 35.487697
-Trial 763 0 40734811 35.493906
-Trial 764 0 40734811 35.555030
-Trial 765 0 40734811 35.605763
-Trial 766 0 40734811 35.623602
-Trial 767 0 40734811 35.630727
-Trial 768 0 40734811 35.648880
-Trial 769 0 40734811 35.659847
-Trial 770 0 40734811 35.669629
* 771: Cost = 0_40727616, Time = 33.60 sec. 
-Trial 771 0 40727616 35.682607
-Trial 772 0 40727616 35.707902
-Trial 773 0 40727616 35.741948
-Trial 774 0 40727616 35.749472
-Trial 775 0 40727616 35.752217
-Trial 776 0 40727616 35.757276
-Trial 777 0 40727616 35.759557
-Trial 778 0 40727616 35.782015
-Trial 779 0 40727616 35.788150
-Trial 780 0 40727616 35.841458
-Trial 781 0 40727616 35.875706
-Trial 782 0 40727616 35.910919
-Trial 783 0 40727616 36.021393
-Trial 784 0 40727616 36.037565
-Trial 785 0 40727616 36.051275
-Trial 786 0 40727616 36.113767
-Trial 787 0 40727616 36.221754
-Trial 788 0 40727616 36.229075
-Trial 789 0 40727616 36.252744
-Trial 790 0 40727616 36.268276
-Trial 791 0 40727616 36.296024
-Trial 792 0 40727616 36.350064
-Trial 793 0 40727616 36.486852
-Trial 794 0 40727616 36.549653
-Trial 795 0 40727616 36.573085
-Trial 796 0 40727616 36.587197
-Trial 797 0 40727616 36.698116
-Trial 798 0 40727616 36.791161
-Trial 799 0 40727616 36.805663
-Trial 800 0 40727616 36.864172
-Trial 801 0 40727616 36.878477
-Trial 802 0 40727616 36.928491
-Trial 803 0 40727616 36.951392
-Trial 804 0 40727616 37.051763
-Trial 805 0 40727616 37.077729
* 806: Cost = 0_40724836, Time = 35.00 sec. 
-Trial 806 0 40724836 37.082853
-Trial 807 0 40724836 37.086988
-Trial 808 0 40724836 37.141431
-Trial 809 0 40724836 37.200104
-Trial 810 0 40724836 37.224182
-Trial 811 0 40724836 37.261293
-Trial 812 0 40724836 37.352189
-Trial 813 0 40724836 37.423074
-Trial 814 0 40724836 37.425827
-Trial 815 0 40724836 37.428317
-Trial 816 0 40724836 37.455883
-Trial 817 0 40724836 37.548091
-Trial 818 0 40724836 37.550346
-Trial 819 0 40724836 37.567676
-Trial 820 0 40724836 37.577018
-Trial 821 0 40724836 37.584499
-Trial 822 0 40724836 37.619347
-Trial 823 0 40724836 37.641490
-Trial 824 0 40724836 37.684013
-Trial 825 0 40724836 37.689038
-Trial 826 0 40724836 37.935683
-Trial 827 0 40724836 37.959837
-Trial 828 0 40724836 38.011090
-Trial 829 0 40724836 38.017331
-Trial 830 0 40724836 38.028007
-Trial 831 0 40724836 38.076572
-Trial 832 0 40724836 38.093610
-Trial 833 0 40724836 38.110637
-Trial 834 0 40724836 38.135539
-Trial 835 0 40724836 38.143052
-Trial 836 0 40724836 38.173196
-Trial 837 0 40724836 38.181308
-Trial 838 0 40724836 38.192405
-Trial 839 0 40724836 38.194620
-Trial 840 0 40724836 38.210106
-Trial 841 0 40724836 38.216427
-Trial 842 0 40724836 38.357246
-Trial 843 0 40724836 38.379379
-Trial 844 0 40724836 38.398748
-Trial 845 0 40724836 38.405184
-Trial 846 0 40724836 38.413346
-Trial 847 0 40724836 38.437794
-Trial 848 0 40724836 38.448559
-Trial 849 0 40724836 38.491595
-Trial 850 0 40724836 38.525501
-Trial 851 0 40724836 38.533001
-Trial 852 0 40724836 38.536105
-Trial 853 0 40724836 38.544417
-Trial 854 0 40724836 38.549953
-Trial 855 0 40724836 38.551731
-Trial 856 0 40724836 38.570965
-Trial 857 0 40724836 38.594053
-Trial 858 0 40724836 38.645036
-Trial 859 0 40724836 38.667847
-Trial 860 0 40724836 38.675478
-Trial 861 0 40724836 38.713821
-Trial 862 0 40724836 38.720201
-Trial 863 0 40724836 38.893544
-Trial 864 0 40724836 38.904402
-Trial 865 0 40724836 38.943139
-Trial 866 0 40724836 38.945015
-Trial 867 0 40724836 39.081825
-Trial 868 0 40724836 39.098462
-Trial 869 0 40724836 39.100300
-Trial 870 0 40724836 39.102819
-Trial 871 0 40724836 39.134503
-Trial 872 0 40724836 39.206281
-Trial 873 0 40724836 39.211993
-Trial 874 0 40724836 39.230207
-Trial 875 0 40724836 39.256643
-Trial 876 0 40724836 39.261968
-Trial 877 0 40724836 39.273259
-Trial 878 0 40724836 39.275502
-Trial 879 0 40724836 39.322930
-Trial 880 0 40724836 39.352673
-Trial 881 0 40724836 39.354689
-Trial 882 0 40724836 39.374912
-Trial 883 0 40724836 39.385043
-Trial 884 0 40724836 39.396662
-Trial 885 0 40724836 39.418081
-Trial 886 0 40724836 39.420424
-Trial 887 0 40724836 39.426525
-Trial 888 0 40724836 39.487337
-Trial 889 0 40724836 39.506145
-Trial 890 0 40724836 39.514997
-Trial 891 0 40724836 39.560546
* 892: Cost = 0_40700321, Time = 37.53 sec. 
-Trial 892 0 40700321 39.611893
-Trial 893 0 40700321 39.614850
-Trial 894 0 40700321 39.628590
-Trial 895 0 40700321 39.653313
-Trial 896 0 40700321 39.658317
-Trial 897 0 40700321 39.674467
-Trial 898 0 40700321 39.691415
-Trial 899 0 40700321 39.703556
-Trial 900 0 40700321 39.720992
-Trial 901 0 40700321 39.783380
-Trial 902 0 40700321 39.822107
-Trial 903 0 40700321 39.842873
-Trial 904 0 40700321 39.857869
-Trial 905 0 40700321 39.879239
-Trial 906 0 40700321 39.893320
-Trial 907 0 40700321 39.921337
-Trial 908 0 40700321 39.922481
-Trial 909 0 40700321 39.939054
-Trial 910 0 40700321 40.046149
-Trial 911 0 40700321 40.139083
-Trial 912 0 40700321 40.142033
-Trial 913 0 40700321 40.155701
-Trial 914 0 40700321 40.164458
* 915: Cost = 0_40676646, Time = 38.41 sec. 
-Trial 915 0 40676646 40.486569
-Trial 916 0 40676646 40.495088
* 917: Cost = 0_40675148, Time = 38.43 sec. 
-Trial 917 0 40675148 40.514190
-Trial 918 0 40675148 40.519357
-Trial 919 0 40675148 40.522798
-Trial 920 0 40675148 40.531952
-Trial 921 0 40675148 40.545424
-Trial 922 0 40675148 40.557188
-Trial 923 0 40675148 40.559045
-Trial 924 0 40675148 40.629405
-Trial 925 0 40675148 40.638576
-Trial 926 0 40675148 40.653734
-Trial 927 0 40675148 40.852156
-Trial 928 0 40675148 40.862942
-Trial 929 0 40675148 40.877481
-Trial 930 0 40675148 40.905329
-Trial 931 0 40675148 40.926544
-Trial 932 0 40675148 40.940639
-Trial 933 0 40675148 40.941394
-Trial 934 0 40675148 40.950354
-Trial 935 0 40675148 40.966736
-Trial 936 0 40675148 41.013066
-Trial 937 0 40675148 41.039731
-Trial 938 0 40675148 41.045512
-Trial 939 0 40675148 41.050441
-Trial 940 0 40675148 41.059555
-Trial 941 0 40675148 41.073958
-Trial 942 0 40675148 41.087591
-Trial 943 0 40675148 41.147337
-Trial 944 0 40675148 41.154284
-Trial 945 0 40675148 41.245009
-Trial 946 0 40675148 41.285313
-Trial 947 0 40675148 41.380789
-Trial 948 0 40675148 41.402572
-Trial 949 0 40675148 41.412300
-Trial 950 0 40675148 41.442640
-Trial 951 0 40675148 41.499649
-Trial 952 0 40675148 41.502639
-Trial 953 0 40675148 41.505534
-Trial 954 0 40675148 41.655275
-Trial 955 0 40675148 41.711758
-Trial 956 0 40675148 41.749548
-Trial 957 0 40675148 41.805309
-Trial 958 0 40675148 41.829275
-Trial 959 0 40675148 41.854303
-Trial 960 0 40675148 41.893303
-Trial 961 0 40675148 41.917251
-Trial 962 0 40675148 41.983004
-Trial 963 0 40675148 41.996728
-Trial 964 0 40675148 42.034788
-Trial 965 0 40675148 42.059151
-Trial 966 0 40675148 42.088629
-Trial 967 0 40675148 42.136077
-Trial 968 0 40675148 42.188726
-Trial 969 0 40675148 42.190037
-Trial 970 0 40675148 42.239499
-Trial 971 0 40675148 42.264573
-Trial 972 0 40675148 42.281869
-Trial 973 0 40675148 42.300784
-Trial 974 0 40675148 42.333021
-Trial 975 0 40675148 42.338043
-Trial 976 0 40675148 42.351748
-Trial 977 0 40675148 42.410961
-Trial 978 0 40675148 42.427141
-Trial 979 0 40675148 42.472447
-Trial 980 0 40675148 42.521637
-Trial 981 0 40675148 42.531002
-Trial 982 0 40675148 42.546130
-Trial 983 0 40675148 42.621067
-Trial 984 0 40675148 42.631850
-Trial 985 0 40675148 42.666708
-Trial 986 0 40675148 42.675580
-Trial 987 0 40675148 42.683709
-Trial 988 0 40675148 42.777535
-Trial 989 0 40675148 42.788305
-Trial 990 0 40675148 42.794770
-Trial 991 0 40675148 42.820857
-Trial 992 0 40675148 42.852294
-Trial 993 0 40675148 42.925819
-Trial 994 0 40675148 42.939400
-Trial 995 0 40675148 42.943989
-Trial 996 0 40675148 42.946706
-Trial 997 0 40675148 43.010186
-Trial 998 0 40675148 43.100756
-Trial 999 0 40675148 43.120893
-Trial 1000 0 40675148 43.217969
Population:
  1: 0_40675148
Run 1: Cost = 0_40675148, Time = 41.14 sec. 

Successes/Runs = 0/1 
Cost.min = 40675148, Cost.avg = 40675148.00, Cost.max = 40675148
Gap.min = 0.0000%, Gap.avg = 0.0000%, Gap.max = 0.0000%
Penalty.min = 0, Penalty.avg = 0.00, Penalty.max = 0
Trials.min = 1000, Trials.avg = 1000.0, Trials.max = 1000
Time.min = 41.14 sec., Time.avg = 41.14 sec., Time.max = 41.14 sec.
Time.total = 43.22 sec.
  Size.min = 11, Size.max = 35, Penalty = 0
  Cost.min = 680104, Cost.max = 3020426, Cost.sum = 40675148
Best CVRPTW solution:
  Cost = 0_40675148
480 1 288 43 66 108 132 406 18 185 309 466 441 37 76 81 78 129 189 384 324 471 182 167 121 510 28 338 110 122 93 187 386 302 171 155 100 236 61 341 274 53 96 303 321 111 95 518 245 253 118 488 233 97 407 172 404 23 308 387 241 176 458 143 410 372 112 298 353 42 465 147 508 73 320 232 388 158 349 420 487 285 40 409 416 237 14 50 25 49 362 207 34 363 446 438 331 181 45 105 218 166 311 98 455 57 502 323 82 173 428 296 205 326 70 7 268 376 154 124 470 44 151 211 90 412 325 204 152 437 361 194 116 500 516 293 304 67 184 94 301 271 472 334 483 8 424 119 145 79 449 77 13 496 272 317 199 492 391 342 235 240 312 454 511 374 22 275 473 89 474 101 168 249 394 280 292 339 153 333 395 436 113 262 139 269 509 267 316 290 451 354 477 421 366 377 276 115 513 48 239 397 411 462 196 35 106 200 198 32 413 36 178 174 63 225 120 490 5 56 30 209 503 381 251 85 393 476 186 130 337 11 431 80 430 355 46 459 390 445 141 243 505 190 491 429 221 103 26 456 27 475 127 319 87 329 39 69 234 364 214 370 383 402 175 133 254 467 460 84 197 257 52 519 264 16 315 450 307 379 10 215 170 60 71 58 201 369 195 380 365 385 306 443 165 419 504 299 332 440 382 255 24 20 358 210 494 156 415 160 260 65 432 159 282 481 493 17 91 340 193 75 284 74 357 448 373 512 425 287 4 244 142 498 92 408 109 426 352 192 305 213 345 248 140 216 41 517 497 499 360 463 270 433 359 231 229 356 423 162 220 131 3 447 126 484 495 478 219 378 203 435 19 336 242 263 346 439 506 453 62 314 479 310 150 161 278 300 417 102 149 452 179 348 507 291 330 33 469 12 461 489 2 138 202 54 191 64 261 396 297 403 217 398 21 59 125 286 457 146 514 281 86 485 371 294 117 169 266 328 107 15 128 392 47 55 418 277 230 322 368 38 228 344 247 114 104 123 250 515 343 136 289 434 401 212 464 226 223 148 414 327 206 405 51 252 367 208 468 265 318 188 399 389 422 442 486 351 400 6 347 163 256 68 83 520 137 313 295 144 259 350 279 177 444 227 29 183 222 273 375 180 31 135 246 72 224 157 134 9 283 99 258 501 482 238 335 164 427 88 480 
