PARAMETER_FILE = result/cvrptw_500/LKH_para/46.para
Reading PROBLEM_FILE: "result/cvrptw_500/cvrptw/46.cvrptw" ... done
ASCENT_CANDIDATES = 50
BACKBONE_TRIALS = 0
BACKTRACKING = NO
# BWTSP =
# CANDIDATE_FILE =
CANDIDATE_SET_TYPE = ALPHA
DEPOT = 1
# EDGE_FILE =
EXCESS = 0.0384615
EXTERNAL_SALESMEN = 0
EXTRA_CANDIDATES = 0 
EXTRA_CANDIDATE_SET_TYPE = QUADRANT
GAIN23 = NO
GAIN_CRITERION = YES
INITIAL_PERIOD = 520
INITIAL_STEP_SIZE = 1
INITIAL_TOUR_ALGORITHM = WALK
# INITIAL_TOUR_FILE = 
INITIAL_TOUR_FRACTION = 1.000
# INPUT_TOUR_FILE = 
KICK_TYPE = 4
KICKS = 1
# MAX_BREADTH =
MAKESPAN = NO
MAX_CANDIDATES = 5 
MAX_SWAPS = 0
MAX_TRIALS = 1000
# MERGE_TOUR_FILE =
MOVE_TYPE = 5 SPECIAL
MTSP_MIN_SIZE = 1
MTSP_MAX_SIZE = 1039
# MTSP_SOLUTION_FILE = 
# NONSEQUENTIAL_MOVE_TYPE = 5
# OPTIMUM =
# OUTPUT_TOUR_FILE = 
PATCHING_A = 1 
PATCHING_C = 0 
# PI_FILE = 
POPMUSIC_INITIAL_TOUR = NO
POPMUSIC_MAX_NEIGHBORS = 5
POPMUSIC_SAMPLE_SIZE = 10
POPMUSIC_SOLUTIONS = 50
POPMUSIC_TRIALS = 1
POPULATION_SIZE = 10
PRECISION = 100
PROBLEM_FILE = result/cvrptw_500/cvrptw/46.cvrptw
RECOMBINATION = IPT
RESTRICTED_SEARCH = YES
RUNS = 1
SALESMEN = 20
SCALE = 1
SEED = 1234
# SINTEF_SOLUTION_FILE = 
STOP_AT_OPTIMUM = YES
SUBGRADIENT = YES
# SUBPROBLEM_SIZE =
# SUBPROBLEM_TOUR_FILE = 
SUBSEQUENT_MOVE_TYPE = 5 SPECIAL
SUBSEQUENT_PATCHING = YES
# TIME_LIMIT =
# TOUR_FILE = 
TRACE_LEVEL = 1
VEHICLES = 20

Lower bound = 31479914.4, Ascent time = 2.91 sec.
Cand.min = 5, Cand.avg = 5.0, Cand.max = 5
Edges.fixed = 520 [Cost = 0]
Preprocessing time = 3.00 sec.
* 1: Cost = 1418193_60154915, Time = 4.30 sec. 
-Trial 1 1418193 60154915 7.310496
-Trial 2 1418193 60154915 8.034502
* 3: Cost = 861114_59491604, Time = 6.32 sec. 
-Trial 3 861114 59491604 9.331342
-Trial 4 861114 59491604 9.543242
-Trial 5 861114 59491604 9.746352
-Trial 6 861114 59491604 10.006230
-Trial 7 861114 59491604 10.076421
* 8: Cost = 803954_59412205, Time = 7.36 sec. 
-Trial 8 803954 59412205 10.365300
-Trial 9 803954 59412205 10.443132
* 10: Cost = 803954_58049091, Time = 7.79 sec. 
-Trial 10 803954 58049091 10.794840
* 11: Cost = 803954_57933875, Time = 7.87 sec. 
-Trial 11 803954 57933875 10.879929
* 12: Cost = 803954_57820618, Time = 8.10 sec. 
-Trial 12 803954 57820618 11.104622
* 13: Cost = 803954_56981590, Time = 8.43 sec. 
-Trial 13 803954 56981590 11.436798
-Trial 14 803954 56981590 11.594510
-Trial 15 803954 56981590 11.804593
-Trial 16 803954 56981590 11.871092
-Trial 17 803954 56981590 11.872542
-Trial 18 803954 56981590 12.183624
-Trial 19 803954 56981590 12.275182
-Trial 20 803954 56981590 12.357673
* 21: Cost = 803954_56902039, Time = 9.45 sec. 
-Trial 21 803954 56902039 12.459825
* 22: Cost = 803954_56862251, Time = 9.55 sec. 
-Trial 22 803954 56862251 12.555360
* 23: Cost = 803954_56848438, Time = 9.83 sec. 
-Trial 23 803954 56848438 12.835894
-Trial 24 803954 56848438 13.106926
* 25: Cost = 803954_56846226, Time = 10.27 sec. 
-Trial 25 803954 56846226 13.281386
-Trial 26 803954 56846226 13.391970
* 27: Cost = 803954_56620337, Time = 10.51 sec. 
-Trial 27 803954 56620337 13.521483
-Trial 28 803954 56620337 13.592382
* 29: Cost = 524639_56386888, Time = 11.33 sec. 
-Trial 29 524639 56386888 14.337146
* 30: Cost = 524639_56378754, Time = 11.48 sec. 
-Trial 30 524639 56378754 14.492058
-Trial 31 524639 56378754 14.540680
-Trial 32 524639 56378754 14.636408
-Trial 33 524639 56378754 14.901390
* 34: Cost = 524639_56169453, Time = 12.01 sec. 
-Trial 34 524639 56169453 15.016961
-Trial 35 524639 56169453 15.092221
* 36: Cost = 387474_54683149, Time = 12.49 sec. 
-Trial 36 387474 54683149 15.500257
-Trial 37 387474 54683149 15.787741
-Trial 38 387474 54683149 15.893633
* 39: Cost = 57160_56169751, Time = 13.22 sec. 
-Trial 39 57160 56169751 16.232173
* 40: Cost = 57160_56113014, Time = 13.26 sec. 
-Trial 40 57160 56113014 16.268454
* 41: Cost = 57160_55916210, Time = 13.36 sec. 
-Trial 41 57160 55916210 16.371682
* 42: Cost = 57160_55124736, Time = 13.52 sec. 
-Trial 42 57160 55124736 16.533243
-Trial 43 57160 55124736 16.714628
-Trial 44 57160 55124736 16.809697
-Trial 45 57160 55124736 16.816873
-Trial 46 57160 55124736 17.118504
* 47: Cost = 57160_55120332, Time = 14.14 sec. 
-Trial 47 57160 55120332 17.145615
-Trial 48 57160 55120332 17.220379
-Trial 49 57160 55120332 17.227271
-Trial 50 57160 55120332 17.311080
* 51: Cost = 57160_55021752, Time = 14.50 sec. 
-Trial 51 57160 55021752 17.505669
-Trial 52 57160 55021752 17.613216
* 53: Cost = 0_55288543, Time = 14.65 sec. 
-Trial 53 0 55288543 17.663899
-Trial 54 0 55288543 17.665670
-Trial 55 0 55288543 17.683230
-Trial 56 0 55288543 17.690178
-Trial 57 0 55288543 17.839101
* 58: Cost = 0_54595497, Time = 14.90 sec. 
-Trial 58 0 54595497 17.905812
-Trial 59 0 54595497 17.934069
-Trial 60 0 54595497 17.966626
-Trial 61 0 54595497 17.985006
* 62: Cost = 0_54464153, Time = 14.99 sec. 
-Trial 62 0 54464153 18.003961
-Trial 63 0 54464153 18.082642
-Trial 64 0 54464153 18.106407
* 65: Cost = 0_54222553, Time = 15.10 sec. 
-Trial 65 0 54222553 18.110556
-Trial 66 0 54222553 18.138030
* 67: Cost = 0_54171378, Time = 15.15 sec. 
-Trial 67 0 54171378 18.157262
* 68: Cost = 0_54026052, Time = 15.18 sec. 
-Trial 68 0 54026052 18.193617
-Trial 69 0 54026052 18.373183
-Trial 70 0 54026052 18.382721
* 71: Cost = 0_53921391, Time = 15.39 sec. 
-Trial 71 0 53921391 18.403245
* 72: Cost = 0_53883297, Time = 15.41 sec. 
-Trial 72 0 53883297 18.417621
* 73: Cost = 0_53824682, Time = 15.42 sec. 
-Trial 73 0 53824682 18.430798
-Trial 74 0 53824682 18.480025
-Trial 75 0 53824682 18.595705
-Trial 76 0 53824682 18.609575
-Trial 77 0 53824682 18.615733
-Trial 78 0 53824682 18.626602
-Trial 79 0 53824682 18.686706
-Trial 80 0 53824682 18.696914
-Trial 81 0 53824682 18.991934
-Trial 82 0 53824682 19.200646
-Trial 83 0 53824682 19.202883
-Trial 84 0 53824682 19.404022
-Trial 85 0 53824682 19.411683
* 86: Cost = 0_53527435, Time = 16.42 sec. 
-Trial 86 0 53527435 19.431908
-Trial 87 0 53527435 19.459379
-Trial 88 0 53527435 19.465979
-Trial 89 0 53527435 19.589548
-Trial 90 0 53527435 19.674000
-Trial 91 0 53527435 19.687638
-Trial 92 0 53527435 19.692330
-Trial 93 0 53527435 19.726542
-Trial 94 0 53527435 19.736996
* 95: Cost = 0_53493417, Time = 16.78 sec. 
-Trial 95 0 53493417 19.785092
-Trial 96 0 53493417 19.813408
-Trial 97 0 53493417 19.914283
* 98: Cost = 0_53121740, Time = 16.91 sec. 
-Trial 98 0 53121740 19.924121
-Trial 99 0 53121740 20.271525
* 100: Cost = 0_53001419, Time = 17.39 sec. 
-Trial 100 0 53001419 20.396259
* 101: Cost = 0_52640160, Time = 17.41 sec. 
-Trial 101 0 52640160 20.416784
-Trial 102 0 52640160 20.440742
-Trial 103 0 52640160 20.478465
-Trial 104 0 52640160 20.487206
-Trial 105 0 52640160 20.491184
* 106: Cost = 0_52622505, Time = 17.49 sec. 
-Trial 106 0 52622505 20.496485
-Trial 107 0 52622505 20.506188
* 108: Cost = 0_52611127, Time = 17.55 sec. 
-Trial 108 0 52611127 20.562080
-Trial 109 0 52611127 20.572058
-Trial 110 0 52611127 20.614393
* 111: Cost = 0_52581237, Time = 17.69 sec. 
-Trial 111 0 52581237 20.698718
* 112: Cost = 0_52449956, Time = 17.77 sec. 
-Trial 112 0 52449956 20.777619
* 113: Cost = 0_52449068, Time = 17.79 sec. 
-Trial 113 0 52449068 20.794935
-Trial 114 0 52449068 20.850410
-Trial 115 0 52449068 20.887478
-Trial 116 0 52449068 20.896623
-Trial 117 0 52449068 20.914164
-Trial 118 0 52449068 21.249574
-Trial 119 0 52449068 21.310610
-Trial 120 0 52449068 21.316970
-Trial 121 0 52449068 21.331531
* 122: Cost = 0_52402962, Time = 18.38 sec. 
-Trial 122 0 52402962 21.388421
-Trial 123 0 52402962 21.477116
-Trial 124 0 52402962 21.483694
-Trial 125 0 52402962 21.500983
-Trial 126 0 52402962 21.547749
-Trial 127 0 52402962 21.571779
-Trial 128 0 52402962 21.600337
* 129: Cost = 0_52254761, Time = 18.72 sec. 
-Trial 129 0 52254761 21.725154
-Trial 130 0 52254761 22.779323
-Trial 131 0 52254761 22.981692
-Trial 132 0 52254761 23.011587
-Trial 133 0 52254761 23.371573
-Trial 134 0 52254761 23.432725
-Trial 135 0 52254761 23.493979
-Trial 136 0 52254761 23.598805
* 137: Cost = 0_52237907, Time = 20.65 sec. 
-Trial 137 0 52237907 23.655162
* 138: Cost = 0_52135176, Time = 20.66 sec. 
-Trial 138 0 52135176 23.666522
-Trial 139 0 52135176 23.791463
* 140: Cost = 0_51985352, Time = 20.80 sec. 
-Trial 140 0 51985352 23.809795
* 141: Cost = 0_51921979, Time = 20.82 sec. 
-Trial 141 0 51921979 23.828838
-Trial 142 0 51921979 23.844463
* 143: Cost = 0_51825344, Time = 20.96 sec. 
-Trial 143 0 51825344 23.969012
-Trial 144 0 51825344 23.973717
* 145: Cost = 0_51701277, Time = 21.00 sec. 
-Trial 145 0 51701277 24.010894
-Trial 146 0 51701277 24.043848
-Trial 147 0 51701277 24.060873
* 148: Cost = 0_51687173, Time = 21.06 sec. 
-Trial 148 0 51687173 24.067810
-Trial 149 0 51687173 24.130357
* 150: Cost = 0_51564282, Time = 21.13 sec. 
-Trial 150 0 51564282 24.136526
* 151: Cost = 0_51525141, Time = 21.19 sec. 
-Trial 151 0 51525141 24.203054
-Trial 152 0 51525141 24.213444
-Trial 153 0 51525141 24.423250
-Trial 154 0 51525141 24.469609
-Trial 155 0 51525141 24.501300
-Trial 156 0 51525141 24.522102
-Trial 157 0 51525141 24.604472
* 158: Cost = 0_51483164, Time = 21.61 sec. 
-Trial 158 0 51483164 24.618364
-Trial 159 0 51483164 24.713833
-Trial 160 0 51483164 25.008417
-Trial 161 0 51483164 25.013754
-Trial 162 0 51483164 25.037331
-Trial 163 0 51483164 25.041313
* 164: Cost = 0_51395947, Time = 22.04 sec. 
-Trial 164 0 51395947 25.049415
-Trial 165 0 51395947 25.098414
-Trial 166 0 51395947 25.103118
* 167: Cost = 0_51347566, Time = 22.11 sec. 
-Trial 167 0 51347566 25.114872
-Trial 168 0 51347566 25.137237
* 169: Cost = 0_51213542, Time = 22.14 sec. 
-Trial 169 0 51213542 25.149538
-Trial 170 0 51213542 25.161633
* 171: Cost = 0_51174487, Time = 22.17 sec. 
-Trial 171 0 51174487 25.181862
-Trial 172 0 51174487 25.190323
-Trial 173 0 51174487 25.210842
* 174: Cost = 0_51108809, Time = 22.21 sec. 
-Trial 174 0 51108809 25.223997
-Trial 175 0 51108809 25.537833
-Trial 176 0 51108809 25.552327
-Trial 177 0 51108809 25.923970
-Trial 178 0 51108809 25.990152
* 179: Cost = 0_51020708, Time = 23.03 sec. 
-Trial 179 0 51020708 26.040235
-Trial 180 0 51020708 26.075700
* 181: Cost = 0_50826900, Time = 23.08 sec. 
-Trial 181 0 50826900 26.087104
-Trial 182 0 50826900 26.090048
-Trial 183 0 50826900 26.114432
-Trial 184 0 50826900 26.276278
-Trial 185 0 50826900 26.278899
-Trial 186 0 50826900 26.316897
* 187: Cost = 0_50767704, Time = 23.35 sec. 
-Trial 187 0 50767704 26.361327
-Trial 188 0 50767704 26.371558
* 189: Cost = 0_50747189, Time = 23.39 sec. 
-Trial 189 0 50747189 26.404196
-Trial 190 0 50747189 26.417806
-Trial 191 0 50747189 26.419424
-Trial 192 0 50747189 26.552000
-Trial 193 0 50747189 26.566200
-Trial 194 0 50747189 26.570355
-Trial 195 0 50747189 26.658412
-Trial 196 0 50747189 26.666334
-Trial 197 0 50747189 26.667036
* 198: Cost = 0_50669082, Time = 23.71 sec. 
-Trial 198 0 50669082 26.717806
-Trial 199 0 50669082 26.739609
* 200: Cost = 0_50625121, Time = 23.76 sec. 
-Trial 200 0 50625121 26.766709
-Trial 201 0 50625121 26.815542
-Trial 202 0 50625121 26.825097
-Trial 203 0 50625121 26.846971
-Trial 204 0 50625121 26.864253
-Trial 205 0 50625121 26.888077
-Trial 206 0 50625121 26.905988
-Trial 207 0 50625121 26.925697
* 208: Cost = 0_50500363, Time = 23.92 sec. 
-Trial 208 0 50500363 26.928198
-Trial 209 0 50500363 26.990076
-Trial 210 0 50500363 27.027656
* 211: Cost = 0_50386754, Time = 24.03 sec. 
-Trial 211 0 50386754 27.042220
-Trial 212 0 50386754 27.051245
-Trial 213 0 50386754 27.066048
-Trial 214 0 50386754 27.073407
-Trial 215 0 50386754 27.080379
* 216: Cost = 0_50360520, Time = 24.08 sec. 
-Trial 216 0 50360520 27.088221
-Trial 217 0 50360520 27.352031
-Trial 218 0 50360520 27.357123
* 219: Cost = 0_50338092, Time = 24.44 sec. 
-Trial 219 0 50338092 27.448925
-Trial 220 0 50338092 27.462082
-Trial 221 0 50338092 27.577191
-Trial 222 0 50338092 27.869604
-Trial 223 0 50338092 27.871760
-Trial 224 0 50338092 27.883392
-Trial 225 0 50338092 27.887165
-Trial 226 0 50338092 27.913655
-Trial 227 0 50338092 28.080282
* 228: Cost = 0_50227267, Time = 25.10 sec. 
-Trial 228 0 50227267 28.111418
* 229: Cost = 0_50224698, Time = 25.12 sec. 
-Trial 229 0 50224698 28.127187
-Trial 230 0 50224698 28.128214
* 231: Cost = 0_50214562, Time = 25.33 sec. 
-Trial 231 0 50214562 28.340303
* 232: Cost = 0_50203792, Time = 25.39 sec. 
-Trial 232 0 50203792 28.396504
-Trial 233 0 50203792 28.576956
-Trial 234 0 50203792 28.666089
-Trial 235 0 50203792 28.816806
-Trial 236 0 50203792 28.824807
-Trial 237 0 50203792 28.881883
-Trial 238 0 50203792 28.938807
-Trial 239 0 50203792 28.944700
-Trial 240 0 50203792 28.966481
-Trial 241 0 50203792 29.019188
-Trial 242 0 50203792 29.023238
-Trial 243 0 50203792 29.030111
-Trial 244 0 50203792 29.062449
-Trial 245 0 50203792 29.072705
-Trial 246 0 50203792 29.152883
-Trial 247 0 50203792 29.260290
-Trial 248 0 50203792 29.279370
-Trial 249 0 50203792 29.307370
-Trial 250 0 50203792 29.317801
-Trial 251 0 50203792 29.318402
-Trial 252 0 50203792 29.372865
-Trial 253 0 50203792 29.381057
-Trial 254 0 50203792 29.392399
-Trial 255 0 50203792 29.429525
-Trial 256 0 50203792 29.531444
-Trial 257 0 50203792 29.556787
-Trial 258 0 50203792 29.623052
-Trial 259 0 50203792 29.626608
-Trial 260 0 50203792 29.642865
-Trial 261 0 50203792 29.665416
* 262: Cost = 0_50109379, Time = 26.66 sec. 
-Trial 262 0 50109379 29.672046
* 263: Cost = 0_50027242, Time = 26.67 sec. 
-Trial 263 0 50027242 29.683948
-Trial 264 0 50027242 29.704641
-Trial 265 0 50027242 29.707167
* 266: Cost = 0_49994907, Time = 26.71 sec. 
-Trial 266 0 49994907 29.714457
-Trial 267 0 49994907 29.753839
-Trial 268 0 49994907 29.760691
* 269: Cost = 0_49981833, Time = 26.76 sec. 
-Trial 269 0 49981833 29.765076
-Trial 270 0 49981833 29.800158
-Trial 271 0 49981833 29.811158
-Trial 272 0 49981833 29.824927
-Trial 273 0 49981833 29.852290
-Trial 274 0 49981833 29.912409
-Trial 275 0 49981833 30.064177
* 276: Cost = 0_49912260, Time = 27.10 sec. 
-Trial 276 0 49912260 30.109899
* 277: Cost = 0_49772573, Time = 27.15 sec. 
-Trial 277 0 49772573 30.161182
-Trial 278 0 49772573 30.168910
-Trial 279 0 49772573 30.178479
* 280: Cost = 0_49724579, Time = 27.21 sec. 
-Trial 280 0 49724579 30.219979
* 281: Cost = 0_49698789, Time = 27.27 sec. 
-Trial 281 0 49698789 30.281451
-Trial 282 0 49698789 30.400287
-Trial 283 0 49698789 30.545495
-Trial 284 0 49698789 30.576505
-Trial 285 0 49698789 30.611142
-Trial 286 0 49698789 30.627263
-Trial 287 0 49698789 30.732990
-Trial 288 0 49698789 30.753585
-Trial 289 0 49698789 30.783234
-Trial 290 0 49698789 30.897151
-Trial 291 0 49698789 30.974663
-Trial 292 0 49698789 30.979765
-Trial 293 0 49698789 31.031653
-Trial 294 0 49698789 31.036309
-Trial 295 0 49698789 31.050493
-Trial 296 0 49698789 31.069259
-Trial 297 0 49698789 31.118572
* 298: Cost = 0_49638890, Time = 28.24 sec. 
-Trial 298 0 49638890 31.246182
-Trial 299 0 49638890 31.359543
-Trial 300 0 49638890 31.366463
-Trial 301 0 49638890 31.373411
-Trial 302 0 49638890 31.822656
-Trial 303 0 49638890 31.860603
-Trial 304 0 49638890 31.881041
* 305: Cost = 0_49418372, Time = 28.89 sec. 
-Trial 305 0 49418372 31.896427
-Trial 306 0 49418372 31.929411
* 307: Cost = 0_49411714, Time = 28.94 sec. 
-Trial 307 0 49411714 31.949916
-Trial 308 0 49411714 32.006108
-Trial 309 0 49411714 32.106566
-Trial 310 0 49411714 32.422172
-Trial 311 0 49411714 32.440590
-Trial 312 0 49411714 32.443729
-Trial 313 0 49411714 32.444141
-Trial 314 0 49411714 32.446537
-Trial 315 0 49411714 32.467290
-Trial 316 0 49411714 32.477555
-Trial 317 0 49411714 32.522481
-Trial 318 0 49411714 32.547118
* 319: Cost = 0_49404030, Time = 29.56 sec. 
-Trial 319 0 49404030 32.567210
-Trial 320 0 49404030 32.701458
* 321: Cost = 0_49382525, Time = 29.70 sec. 
-Trial 321 0 49382525 32.714092
* 322: Cost = 0_49253936, Time = 29.78 sec. 
-Trial 322 0 49253936 32.792019
-Trial 323 0 49253936 32.818798
-Trial 324 0 49253936 32.990291
-Trial 325 0 49253936 33.047304
-Trial 326 0 49253936 33.070985
-Trial 327 0 49253936 33.103478
* 328: Cost = 0_49253351, Time = 30.16 sec. 
-Trial 328 0 49253351 33.168618
* 329: Cost = 0_49250906, Time = 30.17 sec. 
-Trial 329 0 49250906 33.174913
* 330: Cost = 0_49234299, Time = 30.20 sec. 
-Trial 330 0 49234299 33.211968
-Trial 331 0 49234299 33.213815
-Trial 332 0 49234299 33.218104
-Trial 333 0 49234299 33.254711
-Trial 334 0 49234299 33.258758
-Trial 335 0 49234299 33.259195
-Trial 336 0 49234299 33.274333
-Trial 337 0 49234299 33.304825
-Trial 338 0 49234299 33.322095
* 339: Cost = 0_49221280, Time = 30.33 sec. 
-Trial 339 0 49221280 33.336600
* 340: Cost = 0_49219941, Time = 30.34 sec. 
-Trial 340 0 49219941 33.352895
-Trial 341 0 49219941 33.382716
-Trial 342 0 49219941 33.384503
-Trial 343 0 49219941 33.488787
-Trial 344 0 49219941 33.661909
-Trial 345 0 49219941 33.662652
-Trial 346 0 49219941 33.665860
-Trial 347 0 49219941 33.670557
* 348: Cost = 0_49181332, Time = 30.67 sec. 
-Trial 348 0 49181332 33.680353
-Trial 349 0 49181332 33.717365
-Trial 350 0 49181332 33.725291
* 351: Cost = 0_49179555, Time = 30.72 sec. 
-Trial 351 0 49179555 33.733542
-Trial 352 0 49179555 33.738368
-Trial 353 0 49179555 33.750552
-Trial 354 0 49179555 33.782778
* 355: Cost = 0_49106127, Time = 30.80 sec. 
-Trial 355 0 49106127 33.809230
-Trial 356 0 49106127 33.820059
-Trial 357 0 49106127 33.825692
-Trial 358 0 49106127 33.972023
-Trial 359 0 49106127 33.996128
-Trial 360 0 49106127 34.067669
-Trial 361 0 49106127 34.137174
-Trial 362 0 49106127 34.181692
-Trial 363 0 49106127 34.187946
-Trial 364 0 49106127 34.190625
-Trial 365 0 49106127 34.324323
-Trial 366 0 49106127 34.371874
-Trial 367 0 49106127 34.404243
-Trial 368 0 49106127 34.584487
-Trial 369 0 49106127 34.605535
-Trial 370 0 49106127 34.637276
* 371: Cost = 0_49017134, Time = 31.64 sec. 
-Trial 371 0 49017134 34.652933
* 372: Cost = 0_49006702, Time = 31.66 sec. 
-Trial 372 0 49006702 34.665922
-Trial 373 0 49006702 34.706005
-Trial 374 0 49006702 34.720927
-Trial 375 0 49006702 34.790638
-Trial 376 0 49006702 34.876699
-Trial 377 0 49006702 34.906794
-Trial 378 0 49006702 34.919573
-Trial 379 0 49006702 35.332410
-Trial 380 0 49006702 35.344010
-Trial 381 0 49006702 35.347293
-Trial 382 0 49006702 35.387262
-Trial 383 0 49006702 35.421176
-Trial 384 0 49006702 35.423970
-Trial 385 0 49006702 35.469171
-Trial 386 0 49006702 35.473185
-Trial 387 0 49006702 35.480346
-Trial 388 0 49006702 35.538572
-Trial 389 0 49006702 35.545882
-Trial 390 0 49006702 35.549378
-Trial 391 0 49006702 35.567277
-Trial 392 0 49006702 35.787740
-Trial 393 0 49006702 35.892713
-Trial 394 0 49006702 35.918309
-Trial 395 0 49006702 35.929536
-Trial 396 0 49006702 35.939963
-Trial 397 0 49006702 35.983096
-Trial 398 0 49006702 36.012864
-Trial 399 0 49006702 36.044056
-Trial 400 0 49006702 36.044553
* 401: Cost = 0_49003176, Time = 33.08 sec. 
-Trial 401 0 49003176 36.086781
-Trial 402 0 49003176 36.205419
-Trial 403 0 49003176 36.214397
* 404: Cost = 0_48980926, Time = 33.27 sec. 
-Trial 404 0 48980926 36.282081
-Trial 405 0 48980926 36.318465
-Trial 406 0 48980926 36.322692
-Trial 407 0 48980926 36.325881
-Trial 408 0 48980926 36.333678
-Trial 409 0 48980926 36.338590
-Trial 410 0 48980926 36.380711
-Trial 411 0 48980926 36.417644
-Trial 412 0 48980926 36.424798
-Trial 413 0 48980926 36.447666
* 414: Cost = 0_48947233, Time = 33.59 sec. 
-Trial 414 0 48947233 36.598999
-Trial 415 0 48947233 36.602060
-Trial 416 0 48947233 36.659629
-Trial 417 0 48947233 36.663556
-Trial 418 0 48947233 36.673309
-Trial 419 0 48947233 36.685673
-Trial 420 0 48947233 36.705395
-Trial 421 0 48947233 36.710713
-Trial 422 0 48947233 36.760539
-Trial 423 0 48947233 36.918199
* 424: Cost = 0_48908397, Time = 34.01 sec. 
-Trial 424 0 48908397 37.022761
-Trial 425 0 48908397 37.054131
-Trial 426 0 48908397 37.077614
-Trial 427 0 48908397 37.101164
-Trial 428 0 48908397 37.126193
-Trial 429 0 48908397 37.138869
-Trial 430 0 48908397 37.212663
-Trial 431 0 48908397 37.231497
-Trial 432 0 48908397 37.243858
-Trial 433 0 48908397 37.258870
-Trial 434 0 48908397 37.264100
-Trial 435 0 48908397 37.281487
-Trial 436 0 48908397 37.298279
-Trial 437 0 48908397 37.301998
-Trial 438 0 48908397 37.308015
-Trial 439 0 48908397 37.311501
-Trial 440 0 48908397 37.321866
-Trial 441 0 48908397 37.331712
-Trial 442 0 48908397 37.335129
-Trial 443 0 48908397 37.383033
-Trial 444 0 48908397 37.385593
-Trial 445 0 48908397 37.400893
-Trial 446 0 48908397 37.438788
-Trial 447 0 48908397 37.446925
-Trial 448 0 48908397 37.472485
-Trial 449 0 48908397 37.499824
-Trial 450 0 48908397 37.511977
-Trial 451 0 48908397 37.525406
-Trial 452 0 48908397 37.563754
-Trial 453 0 48908397 37.593100
-Trial 454 0 48908397 37.602185
-Trial 455 0 48908397 37.610100
-Trial 456 0 48908397 37.639428
-Trial 457 0 48908397 37.644068
* 458: Cost = 0_48906846, Time = 34.69 sec. 
-Trial 458 0 48906846 37.699990
-Trial 459 0 48906846 37.713365
-Trial 460 0 48906846 37.722546
-Trial 461 0 48906846 37.756341
-Trial 462 0 48906846 37.834657
-Trial 463 0 48906846 37.849376
-Trial 464 0 48906846 37.934081
-Trial 465 0 48906846 37.997647
-Trial 466 0 48906846 38.016396
-Trial 467 0 48906846 38.336025
-Trial 468 0 48906846 38.352182
-Trial 469 0 48906846 38.372519
-Trial 470 0 48906846 38.381495
-Trial 471 0 48906846 38.409127
-Trial 472 0 48906846 38.430347
-Trial 473 0 48906846 38.465115
* 474: Cost = 0_48782884, Time = 35.49 sec. 
-Trial 474 0 48782884 38.500941
-Trial 475 0 48782884 38.508852
-Trial 476 0 48782884 38.546447
-Trial 477 0 48782884 38.581396
-Trial 478 0 48782884 38.585091
-Trial 479 0 48782884 38.624093
-Trial 480 0 48782884 38.628198
-Trial 481 0 48782884 38.649460
-Trial 482 0 48782884 38.686976
-Trial 483 0 48782884 38.700322
-Trial 484 0 48782884 38.701911
-Trial 485 0 48782884 38.718729
-Trial 486 0 48782884 38.728563
-Trial 487 0 48782884 38.777486
-Trial 488 0 48782884 38.833537
* 489: Cost = 0_48710256, Time = 35.88 sec. 
-Trial 489 0 48710256 38.886408
-Trial 490 0 48710256 38.888247
-Trial 491 0 48710256 38.901974
-Trial 492 0 48710256 38.944959
* 493: Cost = 0_48667769, Time = 35.98 sec. 
-Trial 493 0 48667769 38.992656
-Trial 494 0 48667769 39.055471
-Trial 495 0 48667769 39.067713
-Trial 496 0 48667769 39.069676
-Trial 497 0 48667769 39.077085
-Trial 498 0 48667769 39.113084
-Trial 499 0 48667769 39.127908
-Trial 500 0 48667769 39.128682
-Trial 501 0 48667769 39.682608
-Trial 502 0 48667769 39.687433
-Trial 503 0 48667769 39.690326
-Trial 504 0 48667769 39.697049
-Trial 505 0 48667769 39.717630
-Trial 506 0 48667769 39.731308
-Trial 507 0 48667769 39.737759
-Trial 508 0 48667769 39.747331
-Trial 509 0 48667769 39.755978
-Trial 510 0 48667769 39.769161
-Trial 511 0 48667769 39.789985
-Trial 512 0 48667769 39.803954
* 513: Cost = 0_48630871, Time = 36.80 sec. 
-Trial 513 0 48630871 39.807279
-Trial 514 0 48630871 39.819326
-Trial 515 0 48630871 39.972124
-Trial 516 0 48630871 39.994965
-Trial 517 0 48630871 40.035566
* 518: Cost = 0_48509240, Time = 37.09 sec. 
-Trial 518 0 48509240 40.100644
-Trial 519 0 48509240 40.106605
-Trial 520 0 48509240 40.313374
-Trial 521 0 48509240 40.336082
-Trial 522 0 48509240 40.354795
-Trial 523 0 48509240 40.372078
-Trial 524 0 48509240 40.394896
-Trial 525 0 48509240 40.424193
-Trial 526 0 48509240 40.480194
-Trial 527 0 48509240 40.485889
-Trial 528 0 48509240 40.519013
-Trial 529 0 48509240 40.585018
-Trial 530 0 48509240 40.624228
-Trial 531 0 48509240 40.663227
-Trial 532 0 48509240 40.705440
-Trial 533 0 48509240 40.743938
-Trial 534 0 48509240 40.950250
-Trial 535 0 48509240 40.951191
-Trial 536 0 48509240 40.998878
-Trial 537 0 48509240 41.030655
-Trial 538 0 48509240 41.059795
-Trial 539 0 48509240 41.074942
-Trial 540 0 48509240 41.084767
-Trial 541 0 48509240 41.090352
-Trial 542 0 48509240 41.275387
-Trial 543 0 48509240 41.290807
-Trial 544 0 48509240 41.303434
-Trial 545 0 48509240 41.365869
-Trial 546 0 48509240 41.458850
-Trial 547 0 48509240 41.468575
-Trial 548 0 48509240 41.680572
* 549: Cost = 0_48499651, Time = 38.67 sec. 
-Trial 549 0 48499651 41.683373
-Trial 550 0 48499651 41.724938
-Trial 551 0 48499651 41.746428
-Trial 552 0 48499651 41.759497
-Trial 553 0 48499651 41.760503
-Trial 554 0 48499651 41.820003
-Trial 555 0 48499651 41.821069
-Trial 556 0 48499651 41.876695
-Trial 557 0 48499651 41.886472
-Trial 558 0 48499651 41.981969
-Trial 559 0 48499651 42.038611
-Trial 560 0 48499651 42.167057
-Trial 561 0 48499651 42.182997
-Trial 562 0 48499651 42.277515
-Trial 563 0 48499651 42.336538
-Trial 564 0 48499651 42.448448
-Trial 565 0 48499651 42.454985
-Trial 566 0 48499651 42.502151
-Trial 567 0 48499651 42.522198
-Trial 568 0 48499651 42.574365
-Trial 569 0 48499651 42.587762
-Trial 570 0 48499651 42.607093
-Trial 571 0 48499651 42.709802
-Trial 572 0 48499651 42.720754
-Trial 573 0 48499651 42.739930
-Trial 574 0 48499651 42.749528
-Trial 575 0 48499651 42.778014
-Trial 576 0 48499651 42.819652
-Trial 577 0 48499651 42.838994
-Trial 578 0 48499651 42.839980
-Trial 579 0 48499651 42.847634
-Trial 580 0 48499651 42.848706
-Trial 581 0 48499651 42.856615
-Trial 582 0 48499651 42.865517
-Trial 583 0 48499651 42.893892
-Trial 584 0 48499651 42.899534
-Trial 585 0 48499651 42.908436
-Trial 586 0 48499651 42.914695
-Trial 587 0 48499651 42.944707
-Trial 588 0 48499651 42.956338
-Trial 589 0 48499651 42.974507
-Trial 590 0 48499651 43.024177
-Trial 591 0 48499651 43.044021
-Trial 592 0 48499651 43.066782
-Trial 593 0 48499651 43.088882
-Trial 594 0 48499651 43.109287
-Trial 595 0 48499651 43.160083
-Trial 596 0 48499651 43.166612
-Trial 597 0 48499651 43.175122
-Trial 598 0 48499651 43.180978
-Trial 599 0 48499651 43.235088
-Trial 600 0 48499651 43.275850
-Trial 601 0 48499651 43.279610
-Trial 602 0 48499651 43.318603
-Trial 603 0 48499651 43.319518
-Trial 604 0 48499651 43.326888
-Trial 605 0 48499651 43.357169
-Trial 606 0 48499651 43.373472
-Trial 607 0 48499651 43.414287
-Trial 608 0 48499651 43.497368
-Trial 609 0 48499651 43.524450
-Trial 610 0 48499651 43.544075
-Trial 611 0 48499651 43.574316
-Trial 612 0 48499651 43.582518
-Trial 613 0 48499651 43.602946
-Trial 614 0 48499651 43.618280
-Trial 615 0 48499651 43.747568
-Trial 616 0 48499651 43.831497
-Trial 617 0 48499651 43.859946
-Trial 618 0 48499651 43.893458
-Trial 619 0 48499651 43.958745
-Trial 620 0 48499651 43.993806
-Trial 621 0 48499651 44.012118
-Trial 622 0 48499651 44.020458
-Trial 623 0 48499651 44.059504
-Trial 624 0 48499651 44.252014
-Trial 625 0 48499651 44.291418
-Trial 626 0 48499651 44.345104
-Trial 627 0 48499651 44.385172
-Trial 628 0 48499651 44.388983
-Trial 629 0 48499651 44.772741
-Trial 630 0 48499651 44.779563
-Trial 631 0 48499651 44.845796
-Trial 632 0 48499651 44.924690
-Trial 633 0 48499651 44.925554
-Trial 634 0 48499651 44.943015
-Trial 635 0 48499651 45.002249
-Trial 636 0 48499651 45.004264
-Trial 637 0 48499651 45.054876
-Trial 638 0 48499651 45.244938
-Trial 639 0 48499651 45.263766
-Trial 640 0 48499651 45.266905
-Trial 641 0 48499651 45.278851
-Trial 642 0 48499651 45.286442
-Trial 643 0 48499651 45.287034
-Trial 644 0 48499651 45.305407
-Trial 645 0 48499651 45.306770
-Trial 646 0 48499651 45.315933
-Trial 647 0 48499651 45.327407
-Trial 648 0 48499651 45.363842
-Trial 649 0 48499651 45.378724
-Trial 650 0 48499651 45.384150
-Trial 651 0 48499651 45.388501
-Trial 652 0 48499651 45.514103
-Trial 653 0 48499651 45.554176
* 654: Cost = 0_48401142, Time = 42.74 sec. 
-Trial 654 0 48401142 45.752180
-Trial 655 0 48401142 45.759084
-Trial 656 0 48401142 45.779748
-Trial 657 0 48401142 45.782691
-Trial 658 0 48401142 45.811087
-Trial 659 0 48401142 45.837648
-Trial 660 0 48401142 45.859079
-Trial 661 0 48401142 45.962233
-Trial 662 0 48401142 45.990138
-Trial 663 0 48401142 46.077190
-Trial 664 0 48401142 46.100720
-Trial 665 0 48401142 46.136643
-Trial 666 0 48401142 46.169994
-Trial 667 0 48401142 46.173641
-Trial 668 0 48401142 46.187694
-Trial 669 0 48401142 46.283277
-Trial 670 0 48401142 46.383614
-Trial 671 0 48401142 46.416932
-Trial 672 0 48401142 46.432020
-Trial 673 0 48401142 46.459394
-Trial 674 0 48401142 46.503828
-Trial 675 0 48401142 46.509238
-Trial 676 0 48401142 46.586337
-Trial 677 0 48401142 46.588888
-Trial 678 0 48401142 46.593955
-Trial 679 0 48401142 46.697616
-Trial 680 0 48401142 46.765522
-Trial 681 0 48401142 46.840063
-Trial 682 0 48401142 46.862399
-Trial 683 0 48401142 46.868591
-Trial 684 0 48401142 46.895531
-Trial 685 0 48401142 46.919041
-Trial 686 0 48401142 47.009314
* 687: Cost = 0_48400554, Time = 44.08 sec. 
-Trial 687 0 48400554 47.089451
-Trial 688 0 48400554 47.099729
-Trial 689 0 48400554 47.136586
-Trial 690 0 48400554 47.310518
-Trial 691 0 48400554 47.339648
-Trial 692 0 48400554 47.368999
-Trial 693 0 48400554 47.403975
-Trial 694 0 48400554 47.430408
* 695: Cost = 0_48378351, Time = 44.43 sec. 
-Trial 695 0 48378351 47.437287
-Trial 696 0 48378351 47.463345
-Trial 697 0 48378351 47.536690
-Trial 698 0 48378351 47.608773
-Trial 699 0 48378351 47.679123
-Trial 700 0 48378351 47.700540
-Trial 701 0 48378351 47.713535
-Trial 702 0 48378351 47.729734
-Trial 703 0 48378351 47.789470
-Trial 704 0 48378351 47.815375
-Trial 705 0 48378351 47.822792
-Trial 706 0 48378351 47.879739
-Trial 707 0 48378351 47.976781
-Trial 708 0 48378351 47.977813
-Trial 709 0 48378351 48.023395
-Trial 710 0 48378351 48.036604
-Trial 711 0 48378351 48.058973
-Trial 712 0 48378351 48.113587
-Trial 713 0 48378351 48.123136
-Trial 714 0 48378351 48.134816
-Trial 715 0 48378351 48.163849
-Trial 716 0 48378351 48.264964
-Trial 717 0 48378351 48.353203
-Trial 718 0 48378351 48.411474
-Trial 719 0 48378351 48.469005
* 720: Cost = 0_48370432, Time = 45.47 sec. 
-Trial 720 0 48370432 48.477439
-Trial 721 0 48370432 48.498714
-Trial 722 0 48370432 48.552322
-Trial 723 0 48370432 48.565504
-Trial 724 0 48370432 48.617747
-Trial 725 0 48370432 48.629332
-Trial 726 0 48370432 48.629828
-Trial 727 0 48370432 48.632590
-Trial 728 0 48370432 48.633568
-Trial 729 0 48370432 48.686066
-Trial 730 0 48370432 48.703782
-Trial 731 0 48370432 48.736794
-Trial 732 0 48370432 48.747568
-Trial 733 0 48370432 48.778523
-Trial 734 0 48370432 48.863328
-Trial 735 0 48370432 48.880886
-Trial 736 0 48370432 48.903616
-Trial 737 0 48370432 48.956914
-Trial 738 0 48370432 48.964471
-Trial 739 0 48370432 48.965064
-Trial 740 0 48370432 48.984100
-Trial 741 0 48370432 49.027194
-Trial 742 0 48370432 49.036677
-Trial 743 0 48370432 49.045840
-Trial 744 0 48370432 49.133035
-Trial 745 0 48370432 49.136711
-Trial 746 0 48370432 49.160643
-Trial 747 0 48370432 49.201200
-Trial 748 0 48370432 49.251069
-Trial 749 0 48370432 49.263105
-Trial 750 0 48370432 49.313343
-Trial 751 0 48370432 49.314364
-Trial 752 0 48370432 49.356589
-Trial 753 0 48370432 49.473008
-Trial 754 0 48370432 49.485566
-Trial 755 0 48370432 49.497572
-Trial 756 0 48370432 49.506955
-Trial 757 0 48370432 49.586817
-Trial 758 0 48370432 49.591919
-Trial 759 0 48370432 49.595955
-Trial 760 0 48370432 49.612413
-Trial 761 0 48370432 49.670543
-Trial 762 0 48370432 49.743194
-Trial 763 0 48370432 49.812153
-Trial 764 0 48370432 49.883948
-Trial 765 0 48370432 49.991115
-Trial 766 0 48370432 50.005915
-Trial 767 0 48370432 50.047610
-Trial 768 0 48370432 50.055735
-Trial 769 0 48370432 50.107542
-Trial 770 0 48370432 50.160937
-Trial 771 0 48370432 50.169774
-Trial 772 0 48370432 50.231108
-Trial 773 0 48370432 50.334204
-Trial 774 0 48370432 50.370976
-Trial 775 0 48370432 50.395142
-Trial 776 0 48370432 50.395597
-Trial 777 0 48370432 50.412890
-Trial 778 0 48370432 50.504595
-Trial 779 0 48370432 50.669801
-Trial 780 0 48370432 50.838456
-Trial 781 0 48370432 50.849154
-Trial 782 0 48370432 50.874907
-Trial 783 0 48370432 50.887303
-Trial 784 0 48370432 50.930592
-Trial 785 0 48370432 50.944603
-Trial 786 0 48370432 50.998854
-Trial 787 0 48370432 51.141785
-Trial 788 0 48370432 51.276515
-Trial 789 0 48370432 51.290492
-Trial 790 0 48370432 51.299562
-Trial 791 0 48370432 51.304760
-Trial 792 0 48370432 51.357835
-Trial 793 0 48370432 51.386386
-Trial 794 0 48370432 51.405137
-Trial 795 0 48370432 51.441448
-Trial 796 0 48370432 51.476753
-Trial 797 0 48370432 51.497988
-Trial 798 0 48370432 51.501965
-Trial 799 0 48370432 51.748473
-Trial 800 0 48370432 51.762090
-Trial 801 0 48370432 51.820632
-Trial 802 0 48370432 51.821471
-Trial 803 0 48370432 51.915562
-Trial 804 0 48370432 51.930357
-Trial 805 0 48370432 52.046960
-Trial 806 0 48370432 52.108728
-Trial 807 0 48370432 52.125191
-Trial 808 0 48370432 52.145197
-Trial 809 0 48370432 52.185037
-Trial 810 0 48370432 52.282453
-Trial 811 0 48370432 52.302154
-Trial 812 0 48370432 52.327425
-Trial 813 0 48370432 52.354899
-Trial 814 0 48370432 52.359429
-Trial 815 0 48370432 52.373730
-Trial 816 0 48370432 52.384593
-Trial 817 0 48370432 52.385960
-Trial 818 0 48370432 52.430446
-Trial 819 0 48370432 52.472330
* 820: Cost = 0_48368574, Time = 49.47 sec. 
-Trial 820 0 48368574 52.483044
-Trial 821 0 48368574 52.507286
-Trial 822 0 48368574 52.583191
-Trial 823 0 48368574 52.595756
-Trial 824 0 48368574 52.650526
-Trial 825 0 48368574 52.694338
-Trial 826 0 48368574 52.722364
-Trial 827 0 48368574 52.731250
-Trial 828 0 48368574 52.747238
-Trial 829 0 48368574 52.751737
-Trial 830 0 48368574 52.897701
-Trial 831 0 48368574 53.091362
-Trial 832 0 48368574 53.095604
-Trial 833 0 48368574 53.134468
-Trial 834 0 48368574 53.195477
-Trial 835 0 48368574 53.230571
-Trial 836 0 48368574 53.316423
-Trial 837 0 48368574 53.332630
-Trial 838 0 48368574 53.363637
-Trial 839 0 48368574 53.478851
-Trial 840 0 48368574 53.486254
-Trial 841 0 48368574 53.487931
-Trial 842 0 48368574 53.515025
-Trial 843 0 48368574 53.521341
-Trial 844 0 48368574 53.525115
-Trial 845 0 48368574 53.543031
-Trial 846 0 48368574 53.570759
-Trial 847 0 48368574 53.600062
-Trial 848 0 48368574 53.613391
-Trial 849 0 48368574 53.775526
-Trial 850 0 48368574 53.777537
-Trial 851 0 48368574 53.847034
-Trial 852 0 48368574 53.852187
-Trial 853 0 48368574 53.855471
-Trial 854 0 48368574 53.881463
-Trial 855 0 48368574 53.892096
-Trial 856 0 48368574 53.893364
-Trial 857 0 48368574 53.900500
-Trial 858 0 48368574 54.019636
-Trial 859 0 48368574 54.093581
-Trial 860 0 48368574 54.166628
-Trial 861 0 48368574 54.174752
-Trial 862 0 48368574 54.210939
-Trial 863 0 48368574 54.246826
-Trial 864 0 48368574 54.361716
-Trial 865 0 48368574 54.511942
-Trial 866 0 48368574 54.551266
-Trial 867 0 48368574 54.565478
-Trial 868 0 48368574 54.616224
-Trial 869 0 48368574 54.637492
-Trial 870 0 48368574 54.770095
-Trial 871 0 48368574 54.779355
-Trial 872 0 48368574 54.964501
-Trial 873 0 48368574 55.057114
-Trial 874 0 48368574 55.061779
-Trial 875 0 48368574 55.216223
-Trial 876 0 48368574 55.237022
-Trial 877 0 48368574 55.322382
-Trial 878 0 48368574 55.328801
-Trial 879 0 48368574 55.351870
-Trial 880 0 48368574 55.392826
-Trial 881 0 48368574 55.400638
-Trial 882 0 48368574 55.414891
-Trial 883 0 48368574 55.423067
-Trial 884 0 48368574 55.434027
-Trial 885 0 48368574 55.439597
-Trial 886 0 48368574 55.476314
-Trial 887 0 48368574 55.530558
-Trial 888 0 48368574 55.548542
-Trial 889 0 48368574 55.549483
-Trial 890 0 48368574 55.552755
-Trial 891 0 48368574 55.576475
-Trial 892 0 48368574 55.601598
-Trial 893 0 48368574 55.640112
-Trial 894 0 48368574 55.667213
-Trial 895 0 48368574 55.746238
-Trial 896 0 48368574 55.786387
-Trial 897 0 48368574 55.840945
-Trial 898 0 48368574 55.843371
-Trial 899 0 48368574 55.860786
-Trial 900 0 48368574 55.873497
-Trial 901 0 48368574 55.949620
-Trial 902 0 48368574 55.978505
-Trial 903 0 48368574 55.986339
-Trial 904 0 48368574 56.037173
-Trial 905 0 48368574 56.041035
-Trial 906 0 48368574 56.118449
-Trial 907 0 48368574 56.150257
-Trial 908 0 48368574 56.150996
-Trial 909 0 48368574 56.193759
-Trial 910 0 48368574 56.447405
-Trial 911 0 48368574 56.494320
-Trial 912 0 48368574 56.516802
-Trial 913 0 48368574 56.547626
-Trial 914 0 48368574 56.563213
-Trial 915 0 48368574 56.567862
-Trial 916 0 48368574 56.619018
-Trial 917 0 48368574 56.632120
-Trial 918 0 48368574 56.637390
-Trial 919 0 48368574 56.645640
-Trial 920 0 48368574 56.767142
-Trial 921 0 48368574 56.785672
-Trial 922 0 48368574 56.799393
-Trial 923 0 48368574 56.851723
-Trial 924 0 48368574 56.855327
-Trial 925 0 48368574 56.963717
-Trial 926 0 48368574 56.969565
-Trial 927 0 48368574 57.001039
-Trial 928 0 48368574 57.007447
-Trial 929 0 48368574 57.033691
-Trial 930 0 48368574 57.034354
-Trial 931 0 48368574 57.106471
-Trial 932 0 48368574 57.169779
-Trial 933 0 48368574 57.268519
-Trial 934 0 48368574 57.272748
-Trial 935 0 48368574 57.315368
-Trial 936 0 48368574 57.475854
-Trial 937 0 48368574 57.530578
-Trial 938 0 48368574 57.544775
-Trial 939 0 48368574 57.665819
-Trial 940 0 48368574 57.688008
-Trial 941 0 48368574 57.716777
-Trial 942 0 48368574 57.718601
-Trial 943 0 48368574 57.738809
-Trial 944 0 48368574 57.770382
-Trial 945 0 48368574 57.795989
-Trial 946 0 48368574 57.957117
-Trial 947 0 48368574 57.997813
-Trial 948 0 48368574 58.016961
-Trial 949 0 48368574 58.027742
-Trial 950 0 48368574 58.037816
-Trial 951 0 48368574 58.059885
-Trial 952 0 48368574 58.072773
-Trial 953 0 48368574 58.113280
-Trial 954 0 48368574 58.116929
-Trial 955 0 48368574 58.143558
-Trial 956 0 48368574 58.188289
-Trial 957 0 48368574 58.325526
-Trial 958 0 48368574 58.363327
-Trial 959 0 48368574 58.405438
-Trial 960 0 48368574 58.448248
-Trial 961 0 48368574 58.471357
-Trial 962 0 48368574 58.484622
-Trial 963 0 48368574 58.555203
-Trial 964 0 48368574 58.569225
-Trial 965 0 48368574 58.607951
-Trial 966 0 48368574 58.612530
-Trial 967 0 48368574 58.760948
-Trial 968 0 48368574 58.849431
-Trial 969 0 48368574 58.890385
-Trial 970 0 48368574 58.925185
-Trial 971 0 48368574 58.940022
-Trial 972 0 48368574 58.941699
-Trial 973 0 48368574 58.959680
-Trial 974 0 48368574 59.057618
-Trial 975 0 48368574 59.124798
-Trial 976 0 48368574 59.168023
-Trial 977 0 48368574 59.174343
-Trial 978 0 48368574 59.199383
-Trial 979 0 48368574 59.316820
-Trial 980 0 48368574 59.326202
-Trial 981 0 48368574 59.340849
-Trial 982 0 48368574 59.364484
-Trial 983 0 48368574 59.404020
-Trial 984 0 48368574 59.407962
-Trial 985 0 48368574 59.492171
-Trial 986 0 48368574 59.511666
* 987: Cost = 0_48356607, Time = 56.52 sec. 
-Trial 987 0 48356607 59.528795
-Trial 988 0 48356607 59.529280
-Trial 989 0 48356607 59.546542
-Trial 990 0 48356607 59.564287
-Trial 991 0 48356607 59.595277
-Trial 992 0 48356607 59.609838
* 993: Cost = 0_48350302, Time = 56.61 sec. 
-Trial 993 0 48350302 59.617979
-Trial 994 0 48350302 59.636141
-Trial 995 0 48350302 59.659782
-Trial 996 0 48350302 59.708009
-Trial 997 0 48350302 59.722679
-Trial 998 0 48350302 59.740447
-Trial 999 0 48350302 59.766638
-Trial 1000 0 48350302 59.790906
Population:
  1: 0_48350302
Run 1: Cost = 0_48350302, Time = 56.78 sec. 

Successes/Runs = 0/1 
Cost.min = 48350302, Cost.avg = 48350302.00, Cost.max = 48350302
Gap.min = 0.0000%, Gap.avg = 0.0000%, Gap.max = 0.0000%
Penalty.min = 0, Penalty.avg = 0.00, Penalty.max = 0
Trials.min = 1000, Trials.avg = 1000.0, Trials.max = 1000
Time.min = 56.78 sec., Time.avg = 56.78 sec., Time.max = 56.78 sec.
Time.total = 59.79 sec.
  Size.min = 16, Size.max = 37, Penalty = 0
  Cost.min = 730312, Cost.max = 3598660, Cost.sum = 48350302
Best CVRPTW solution:
  Cost = 0_48350302
1 259 424 235 379 47 36 450 311 451 286 148 487 173 281 256 331 317 299 106 50 388 57 321 92 210 303 97 17 219 418 147 132 518 327 261 456 432 472 157 206 67 364 350 214 425 434 166 108 124 107 272 385 8 93 112 133 121 507 44 368 135 355 186 408 478 104 445 371 335 342 389 150 109 65 296 474 517 463 34 448 278 100 234 397 134 276 439 203 217 128 319 367 347 496 226 60 409 449 376 35 160 83 77 142 391 504 49 378 302 205 208 211 308 74 366 401 403 237 314 269 253 199 40 282 420 152 22 274 520 370 325 358 315 82 158 291 283 215 146 293 167 301 91 183 71 81 422 102 122 365 56 156 130 516 125 345 193 248 72 292 410 444 171 178 429 438 488 33 442 407 360 25 63 138 266 26 494 511 6 471 46 324 275 51 412 177 427 495 163 440 329 101 426 362 354 491 139 233 277 225 509 381 155 165 198 344 48 196 279 16 212 501 87 473 437 320 469 174 149 145 304 13 263 271 200 113 468 513 398 190 153 45 490 452 62 78 306 185 377 332 470 260 3 322 512 89 375 137 223 23 288 400 284 392 447 476 294 359 179 195 181 436 252 416 244 466 7 262 213 218 240 61 458 431 95 229 318 465 238 30 98 413 515 414 430 141 131 66 70 280 443 341 330 484 86 242 24 489 415 417 80 220 475 90 227 250 497 309 32 144 349 461 372 38 267 265 519 68 136 189 21 120 482 361 353 228 297 96 323 402 76 222 433 249 58 168 493 300 316 290 14 390 404 187 114 502 499 251 143 457 307 209 459 69 382 287 328 64 27 270 154 241 182 374 480 188 75 254 334 506 180 172 20 477 201 231 483 161 395 441 386 298 289 18 140 103 126 383 351 423 37 285 510 255 453 357 194 39 394 481 498 333 428 462 43 28 399 221 19 356 396 295 53 230 336 55 405 123 243 232 164 380 99 4 88 500 505 116 202 159 454 117 393 446 352 384 118 486 419 85 339 94 313 369 305 460 492 264 406 247 59 503 245 197 411 387 5 52 464 73 54 129 111 115 11 176 246 9 340 216 508 346 236 348 273 29 12 257 363 175 84 337 110 258 343 239 42 191 310 435 79 151 127 119 268 184 224 514 479 2 204 338 455 170 485 31 10 373 312 15 467 207 162 192 421 41 105 169 326 1 
