PARAMETER_FILE = result/cvrptw_500/LKH_para/48.para
Reading PROBLEM_FILE: "result/cvrptw_500/cvrptw/48.cvrptw" ... done
ASCENT_CANDIDATES = 50
BACKBONE_TRIALS = 0
BACKTRACKING = NO
# BWTSP =
# CANDIDATE_FILE =
CANDIDATE_SET_TYPE = ALPHA
DEPOT = 1
# EDGE_FILE =
EXCESS = 0.0384615
EXTERNAL_SALESMEN = 0
EXTRA_CANDIDATES = 0 
EXTRA_CANDIDATE_SET_TYPE = QUADRANT
GAIN23 = NO
GAIN_CRITERION = YES
INITIAL_PERIOD = 520
INITIAL_STEP_SIZE = 1
INITIAL_TOUR_ALGORITHM = WALK
# INITIAL_TOUR_FILE = 
INITIAL_TOUR_FRACTION = 1.000
# INPUT_TOUR_FILE = 
KICK_TYPE = 4
KICKS = 1
# MAX_BREADTH =
MAKESPAN = NO
MAX_CANDIDATES = 5 
MAX_SWAPS = 0
MAX_TRIALS = 1000
# MERGE_TOUR_FILE =
MOVE_TYPE = 5 SPECIAL
MTSP_MIN_SIZE = 1
MTSP_MAX_SIZE = 1039
# MTSP_SOLUTION_FILE = 
# NONSEQUENTIAL_MOVE_TYPE = 5
# OPTIMUM =
# OUTPUT_TOUR_FILE = 
PATCHING_A = 1 
PATCHING_C = 0 
# PI_FILE = 
POPMUSIC_INITIAL_TOUR = NO
POPMUSIC_MAX_NEIGHBORS = 5
POPMUSIC_SAMPLE_SIZE = 10
POPMUSIC_SOLUTIONS = 50
POPMUSIC_TRIALS = 1
POPULATION_SIZE = 10
PRECISION = 100
PROBLEM_FILE = result/cvrptw_500/cvrptw/48.cvrptw
RECOMBINATION = IPT
RESTRICTED_SEARCH = YES
RUNS = 1
SALESMEN = 20
SCALE = 1
SEED = 1234
# SINTEF_SOLUTION_FILE = 
STOP_AT_OPTIMUM = YES
SUBGRADIENT = YES
# SUBPROBLEM_SIZE =
# SUBPROBLEM_TOUR_FILE = 
SUBSEQUENT_MOVE_TYPE = 5 SPECIAL
SUBSEQUENT_PATCHING = YES
# TIME_LIMIT =
# TOUR_FILE = 
TRACE_LEVEL = 1
VEHICLES = 20

Lower bound = 25529636.1, Ascent time = 2.32 sec.
Cand.min = 5, Cand.avg = 5.0, Cand.max = 5
Edges.fixed = 520 [Cost = 0]
Preprocessing time = 2.41 sec.
* 1: Cost = 1617844_49576221, Time = 3.92 sec. 
-Trial 1 1617844 49576221 6.341583
* 2: Cost = 1393938_51824574, Time = 4.38 sec. 
-Trial 2 1393938 51824574 6.799353
* 3: Cost = 1393938_49620496, Time = 4.81 sec. 
-Trial 3 1393938 49620496 7.231155
* 4: Cost = 1224839_49541385, Time = 5.26 sec. 
-Trial 4 1224839 49541385 7.671732
* 5: Cost = 1224839_49396036, Time = 5.48 sec. 
-Trial 5 1224839 49396036 7.898625
* 6: Cost = 1210888_49462690, Time = 5.56 sec. 
-Trial 6 1210888 49462690 7.980326
-Trial 7 1210888 49462690 8.048550
-Trial 8 1210888 49462690 8.053217
-Trial 9 1210888 49462690 8.240334
-Trial 10 1210888 49462690 8.322630
-Trial 11 1210888 49462690 8.425878
-Trial 12 1210888 49462690 8.426240
-Trial 13 1210888 49462690 8.639413
-Trial 14 1210888 49462690 8.936530
* 15: Cost = 1210888_49419149, Time = 6.57 sec. 
-Trial 15 1210888 49419149 8.986075
-Trial 16 1210888 49419149 9.060111
-Trial 17 1210888 49419149 9.132714
-Trial 18 1210888 49419149 9.164166
* 19: Cost = 995148_50610533, Time = 7.11 sec. 
-Trial 19 995148 50610533 9.522848
* 20: Cost = 775477_49719128, Time = 7.32 sec. 
-Trial 20 775477 49719128 9.734164
-Trial 21 775477 49719128 9.850796
* 22: Cost = 775477_49634493, Time = 7.51 sec. 
-Trial 22 775477 49634493 9.924859
* 23: Cost = 643892_51066255, Time = 7.75 sec. 
-Trial 23 643892 51066255 10.166156
* 24: Cost = 643892_50972650, Time = 7.79 sec. 
-Trial 24 643892 50972650 10.205632
* 25: Cost = 643892_50867564, Time = 8.06 sec. 
-Trial 25 643892 50867564 10.471485
* 26: Cost = 581457_51096288, Time = 8.29 sec. 
-Trial 26 581457 51096288 10.704353
* 27: Cost = 344824_49918415, Time = 8.71 sec. 
-Trial 27 344824 49918415 11.125035
-Trial 28 344824 49918415 11.258541
-Trial 29 344824 49918415 11.488016
-Trial 30 344824 49918415 11.506565
* 31: Cost = 344824_49068879, Time = 9.19 sec. 
-Trial 31 344824 49068879 11.605696
* 32: Cost = 344824_48915334, Time = 9.34 sec. 
-Trial 32 344824 48915334 11.752369
-Trial 33 344824 48915334 11.873955
* 34: Cost = 344824_47466216, Time = 9.51 sec. 
-Trial 34 344824 47466216 11.930390
* 35: Cost = 344824_47313777, Time = 9.62 sec. 
-Trial 35 344824 47313777 12.039568
-Trial 36 344824 47313777 12.149154
-Trial 37 344824 47313777 12.161710
-Trial 38 344824 47313777 12.196936
* 39: Cost = 344824_47173913, Time = 9.83 sec. 
-Trial 39 344824 47173913 12.243459
* 40: Cost = 344824_47047752, Time = 9.89 sec. 
-Trial 40 344824 47047752 12.308669
* 41: Cost = 344824_46941127, Time = 9.94 sec. 
-Trial 41 344824 46941127 12.358711
-Trial 42 344824 46941127 12.520955
* 43: Cost = 344824_46839111, Time = 10.14 sec. 
-Trial 43 344824 46839111 12.555255
-Trial 44 344824 46839111 12.675782
-Trial 45 344824 46839111 12.787130
-Trial 46 344824 46839111 12.848411
-Trial 47 344824 46839111 13.112042
* 48: Cost = 344824_46806849, Time = 10.71 sec. 
-Trial 48 344824 46806849 13.124625
* 49: Cost = 344824_46772814, Time = 10.72 sec. 
-Trial 49 344824 46772814 13.140840
-Trial 50 344824 46772814 13.159860
-Trial 51 344824 46772814 13.225126
-Trial 52 344824 46772814 13.264349
-Trial 53 344824 46772814 13.316303
-Trial 54 344824 46772814 13.316894
* 55: Cost = 344824_46618697, Time = 10.96 sec. 
-Trial 55 344824 46618697 13.374082
-Trial 56 344824 46618697 13.407627
* 57: Cost = 344824_46429857, Time = 11.11 sec. 
-Trial 57 344824 46429857 13.529600
-Trial 58 344824 46429857 13.648959
-Trial 59 344824 46429857 13.737527
-Trial 60 344824 46429857 13.829404
-Trial 61 344824 46429857 13.892049
-Trial 62 344824 46429857 13.920047
-Trial 63 344824 46429857 13.955512
-Trial 64 344824 46429857 14.032303
-Trial 65 344824 46429857 14.118026
-Trial 66 344824 46429857 14.205459
-Trial 67 344824 46429857 14.239557
* 68: Cost = 344824_46420579, Time = 11.93 sec. 
-Trial 68 344824 46420579 14.344725
* 69: Cost = 344824_46413995, Time = 11.98 sec. 
-Trial 69 344824 46413995 14.395236
* 70: Cost = 344824_46336519, Time = 12.26 sec. 
-Trial 70 344824 46336519 14.678947
-Trial 71 344824 46336519 14.733018
-Trial 72 344824 46336519 14.778664
* 73: Cost = 344824_45616809, Time = 12.72 sec. 
-Trial 73 344824 45616809 15.132479
-Trial 74 344824 45616809 15.197998
-Trial 75 344824 45616809 15.240115
-Trial 76 344824 45616809 15.307714
* 77: Cost = 101501_45571681, Time = 13.04 sec. 
-Trial 77 101501 45571681 15.459095
-Trial 78 101501 45571681 15.567849
* 79: Cost = 101501_45458510, Time = 13.21 sec. 
-Trial 79 101501 45458510 15.622438
-Trial 80 101501 45458510 15.713517
* 81: Cost = 101501_45413068, Time = 13.33 sec. 
-Trial 81 101501 45413068 15.748046
-Trial 82 101501 45413068 15.784880
-Trial 83 101501 45413068 15.823220
* 84: Cost = 101501_45283794, Time = 13.55 sec. 
-Trial 84 101501 45283794 15.970634
-Trial 85 101501 45283794 16.060904
-Trial 86 101501 45283794 16.102684
-Trial 87 101501 45283794 16.156138
-Trial 88 101501 45283794 16.275909
* 89: Cost = 101501_45195144, Time = 13.89 sec. 
-Trial 89 101501 45195144 16.308245
* 90: Cost = 101501_45115486, Time = 13.91 sec. 
-Trial 90 101501 45115486 16.327209
* 91: Cost = 101501_45065528, Time = 13.97 sec. 
-Trial 91 101501 45065528 16.383409
-Trial 92 101501 45065528 16.457483
* 93: Cost = 0_45317538, Time = 14.09 sec. 
-Trial 93 0 45317538 16.509751
* 94: Cost = 0_45241329, Time = 14.15 sec. 
-Trial 94 0 45241329 16.568423
-Trial 95 0 45241329 16.760315
-Trial 96 0 45241329 16.790556
* 97: Cost = 0_45210003, Time = 14.40 sec. 
-Trial 97 0 45210003 16.820425
-Trial 98 0 45210003 16.864113
-Trial 99 0 45210003 16.878222
-Trial 100 0 45210003 16.888315
-Trial 101 0 45210003 16.892548
-Trial 102 0 45210003 16.901164
-Trial 103 0 45210003 16.935096
-Trial 104 0 45210003 16.962800
-Trial 105 0 45210003 16.971641
-Trial 106 0 45210003 17.333796
* 107: Cost = 0_44914216, Time = 14.94 sec. 
-Trial 107 0 44914216 17.354273
* 108: Cost = 0_44523847, Time = 14.97 sec. 
-Trial 108 0 44523847 17.389669
-Trial 109 0 44523847 17.418198
-Trial 110 0 44523847 17.461768
* 111: Cost = 0_44253048, Time = 15.10 sec. 
-Trial 111 0 44253048 17.513563
* 112: Cost = 0_44175138, Time = 15.11 sec. 
-Trial 112 0 44175138 17.530828
* 113: Cost = 0_44120733, Time = 15.13 sec. 
-Trial 113 0 44120733 17.546773
-Trial 114 0 44120733 17.583958
-Trial 115 0 44120733 17.599723
-Trial 116 0 44120733 17.618698
-Trial 117 0 44120733 17.624959
-Trial 118 0 44120733 17.640837
-Trial 119 0 44120733 17.642072
* 120: Cost = 0_44094511, Time = 15.24 sec. 
-Trial 120 0 44094511 17.656221
-Trial 121 0 44094511 17.675861
-Trial 122 0 44094511 17.708991
* 123: Cost = 0_44052864, Time = 15.31 sec. 
-Trial 123 0 44052864 17.727191
-Trial 124 0 44052864 17.756734
-Trial 125 0 44052864 17.786506
-Trial 126 0 44052864 17.801011
* 127: Cost = 0_44002463, Time = 15.42 sec. 
-Trial 127 0 44002463 17.840104
-Trial 128 0 44002463 17.863755
-Trial 129 0 44002463 17.890496
-Trial 130 0 44002463 17.894066
-Trial 131 0 44002463 17.949871
-Trial 132 0 44002463 17.951414
-Trial 133 0 44002463 18.021718
-Trial 134 0 44002463 18.045976
-Trial 135 0 44002463 18.135503
-Trial 136 0 44002463 18.220323
-Trial 137 0 44002463 18.293715
-Trial 138 0 44002463 18.298708
* 139: Cost = 0_44002143, Time = 15.95 sec. 
-Trial 139 0 44002143 18.368120
-Trial 140 0 44002143 18.372559
-Trial 141 0 44002143 18.392834
* 142: Cost = 0_43929697, Time = 15.99 sec. 
-Trial 142 0 43929697 18.406388
-Trial 143 0 43929697 18.453115
-Trial 144 0 43929697 18.490226
-Trial 145 0 43929697 18.539643
* 146: Cost = 0_43724650, Time = 16.18 sec. 
-Trial 146 0 43724650 18.591722
* 147: Cost = 0_43690532, Time = 16.22 sec. 
-Trial 147 0 43690532 18.634343
* 148: Cost = 0_43681469, Time = 16.23 sec. 
-Trial 148 0 43681469 18.650408
* 149: Cost = 0_43041547, Time = 16.58 sec. 
-Trial 149 0 43041547 19.001124
-Trial 150 0 43041547 19.028415
-Trial 151 0 43041547 19.076775
-Trial 152 0 43041547 19.233955
* 153: Cost = 0_43026760, Time = 16.82 sec. 
-Trial 153 0 43026760 19.238322
-Trial 154 0 43026760 19.250069
-Trial 155 0 43026760 19.339883
-Trial 156 0 43026760 19.395244
-Trial 157 0 43026760 19.438770
* 158: Cost = 0_42843320, Time = 17.09 sec. 
-Trial 158 0 42843320 19.501692
-Trial 159 0 42843320 19.521873
-Trial 160 0 42843320 19.558262
* 161: Cost = 0_42761467, Time = 17.25 sec. 
-Trial 161 0 42761467 19.669938
-Trial 162 0 42761467 19.702517
-Trial 163 0 42761467 19.752423
-Trial 164 0 42761467 19.769765
-Trial 165 0 42761467 19.783961
-Trial 166 0 42761467 19.798679
* 167: Cost = 0_42738035, Time = 17.39 sec. 
-Trial 167 0 42738035 19.810655
-Trial 168 0 42738035 19.820139
-Trial 169 0 42738035 19.849881
-Trial 170 0 42738035 19.929450
-Trial 171 0 42738035 19.981306
-Trial 172 0 42738035 20.004246
-Trial 173 0 42738035 20.012717
-Trial 174 0 42738035 20.019393
-Trial 175 0 42738035 20.064615
* 176: Cost = 0_42729071, Time = 17.72 sec. 
-Trial 176 0 42729071 20.132365
* 177: Cost = 0_42719426, Time = 17.74 sec. 
-Trial 177 0 42719426 20.153079
-Trial 178 0 42719426 20.158383
-Trial 179 0 42719426 20.186224
-Trial 180 0 42719426 20.228280
* 181: Cost = 0_42707215, Time = 17.82 sec. 
-Trial 181 0 42707215 20.233580
-Trial 182 0 42707215 20.293216
-Trial 183 0 42707215 20.321819
-Trial 184 0 42707215 20.329865
-Trial 185 0 42707215 20.351385
-Trial 186 0 42707215 20.353952
-Trial 187 0 42707215 20.442752
-Trial 188 0 42707215 20.529219
-Trial 189 0 42707215 20.549991
-Trial 190 0 42707215 20.558045
-Trial 191 0 42707215 20.565890
-Trial 192 0 42707215 20.570629
-Trial 193 0 42707215 20.579216
-Trial 194 0 42707215 20.593359
-Trial 195 0 42707215 20.595799
* 196: Cost = 0_42687051, Time = 18.20 sec. 
-Trial 196 0 42687051 20.620648
* 197: Cost = 0_42665551, Time = 18.23 sec. 
-Trial 197 0 42665551 20.647142
-Trial 198 0 42665551 20.710792
-Trial 199 0 42665551 20.720909
-Trial 200 0 42665551 20.725993
-Trial 201 0 42665551 20.828411
-Trial 202 0 42665551 20.835536
-Trial 203 0 42665551 20.884219
-Trial 204 0 42665551 20.892188
-Trial 205 0 42665551 21.005196
-Trial 206 0 42665551 21.005668
-Trial 207 0 42665551 21.016818
-Trial 208 0 42665551 21.029300
-Trial 209 0 42665551 21.080635
-Trial 210 0 42665551 21.096532
-Trial 211 0 42665551 21.116292
-Trial 212 0 42665551 21.127389
-Trial 213 0 42665551 21.145607
-Trial 214 0 42665551 21.159689
-Trial 215 0 42665551 21.187987
* 216: Cost = 0_42630942, Time = 18.79 sec. 
-Trial 216 0 42630942 21.208104
-Trial 217 0 42630942 21.241951
* 218: Cost = 0_42581978, Time = 18.84 sec. 
-Trial 218 0 42581978 21.257199
-Trial 219 0 42581978 21.276577
-Trial 220 0 42581978 21.288073
-Trial 221 0 42581978 21.361567
-Trial 222 0 42581978 21.373127
-Trial 223 0 42581978 21.412591
-Trial 224 0 42581978 21.427542
-Trial 225 0 42581978 21.457825
-Trial 226 0 42581978 21.468374
-Trial 227 0 42581978 21.519938
-Trial 228 0 42581978 21.540702
-Trial 229 0 42581978 21.546619
-Trial 230 0 42581978 21.547362
-Trial 231 0 42581978 21.559708
-Trial 232 0 42581978 21.580226
-Trial 233 0 42581978 21.586356
* 234: Cost = 0_42568695, Time = 19.19 sec. 
-Trial 234 0 42568695 21.610006
-Trial 235 0 42568695 21.635831
-Trial 236 0 42568695 21.655469
-Trial 237 0 42568695 21.681336
-Trial 238 0 42568695 21.689436
-Trial 239 0 42568695 21.870127
-Trial 240 0 42568695 21.870980
* 241: Cost = 0_42503254, Time = 19.46 sec. 
-Trial 241 0 42503254 21.879157
-Trial 242 0 42503254 21.884940
-Trial 243 0 42503254 21.889058
-Trial 244 0 42503254 21.918714
-Trial 245 0 42503254 21.929481
-Trial 246 0 42503254 22.036805
-Trial 247 0 42503254 22.086753
-Trial 248 0 42503254 22.127511
-Trial 249 0 42503254 22.159914
-Trial 250 0 42503254 22.256038
-Trial 251 0 42503254 22.316525
-Trial 252 0 42503254 22.329268
-Trial 253 0 42503254 22.336025
-Trial 254 0 42503254 22.342008
-Trial 255 0 42503254 22.349432
-Trial 256 0 42503254 22.398636
-Trial 257 0 42503254 22.401304
-Trial 258 0 42503254 22.438815
-Trial 259 0 42503254 22.452894
-Trial 260 0 42503254 22.457861
-Trial 261 0 42503254 22.518913
-Trial 262 0 42503254 22.529298
-Trial 263 0 42503254 22.563349
-Trial 264 0 42503254 22.583902
-Trial 265 0 42503254 22.600499
-Trial 266 0 42503254 22.605014
-Trial 267 0 42503254 22.645083
-Trial 268 0 42503254 22.695271
-Trial 269 0 42503254 22.703018
-Trial 270 0 42503254 22.748365
-Trial 271 0 42503254 22.937318
-Trial 272 0 42503254 22.952787
-Trial 273 0 42503254 22.955272
-Trial 274 0 42503254 23.057445
-Trial 275 0 42503254 23.057901
-Trial 276 0 42503254 23.067342
-Trial 277 0 42503254 23.093896
-Trial 278 0 42503254 23.094882
-Trial 279 0 42503254 23.123757
-Trial 280 0 42503254 23.225797
-Trial 281 0 42503254 23.270217
-Trial 282 0 42503254 23.280806
-Trial 283 0 42503254 23.320693
-Trial 284 0 42503254 23.335474
-Trial 285 0 42503254 23.363415
-Trial 286 0 42503254 23.430684
-Trial 287 0 42503254 23.433611
-Trial 288 0 42503254 23.466475
-Trial 289 0 42503254 23.505065
-Trial 290 0 42503254 23.514910
* 291: Cost = 0_42498664, Time = 21.10 sec. 
-Trial 291 0 42498664 23.520355
-Trial 292 0 42498664 23.569032
* 293: Cost = 0_42498621, Time = 21.21 sec. 
-Trial 293 0 42498621 23.627648
-Trial 294 0 42498621 23.647367
-Trial 295 0 42498621 23.655373
-Trial 296 0 42498621 23.674915
-Trial 297 0 42498621 23.686091
* 298: Cost = 0_42243146, Time = 21.29 sec. 
-Trial 298 0 42243146 23.703267
-Trial 299 0 42243146 23.733540
-Trial 300 0 42243146 23.750796
* 301: Cost = 0_42225712, Time = 21.39 sec. 
-Trial 301 0 42225712 23.810631
-Trial 302 0 42225712 23.813124
-Trial 303 0 42225712 23.867467
-Trial 304 0 42225712 23.921689
-Trial 305 0 42225712 23.925739
-Trial 306 0 42225712 23.934190
-Trial 307 0 42225712 23.935751
-Trial 308 0 42225712 23.948480
-Trial 309 0 42225712 24.021954
-Trial 310 0 42225712 24.094704
-Trial 311 0 42225712 24.095123
-Trial 312 0 42225712 24.098784
-Trial 313 0 42225712 24.163945
-Trial 314 0 42225712 24.249766
-Trial 315 0 42225712 24.255762
* 316: Cost = 0_42216741, Time = 21.94 sec. 
-Trial 316 0 42216741 24.356416
-Trial 317 0 42216741 24.421799
* 318: Cost = 0_42198721, Time = 22.03 sec. 
-Trial 318 0 42198721 24.448759
-Trial 319 0 42198721 24.456151
-Trial 320 0 42198721 24.465476
-Trial 321 0 42198721 24.490686
-Trial 322 0 42198721 24.499686
-Trial 323 0 42198721 24.529982
-Trial 324 0 42198721 24.550491
-Trial 325 0 42198721 24.567789
-Trial 326 0 42198721 24.617556
-Trial 327 0 42198721 24.619893
-Trial 328 0 42198721 24.640214
-Trial 329 0 42198721 24.649618
* 330: Cost = 0_42168229, Time = 22.25 sec. 
-Trial 330 0 42168229 24.665922
-Trial 331 0 42168229 24.686875
-Trial 332 0 42168229 24.705808
-Trial 333 0 42168229 24.712816
-Trial 334 0 42168229 24.723876
-Trial 335 0 42168229 24.813833
-Trial 336 0 42168229 24.878448
-Trial 337 0 42168229 24.884310
-Trial 338 0 42168229 24.901920
-Trial 339 0 42168229 24.902862
-Trial 340 0 42168229 24.949297
-Trial 341 0 42168229 24.964468
-Trial 342 0 42168229 24.975244
-Trial 343 0 42168229 24.982099
-Trial 344 0 42168229 24.983550
* 345: Cost = 0_42168019, Time = 22.59 sec. 
-Trial 345 0 42168019 25.006294
-Trial 346 0 42168019 25.016644
-Trial 347 0 42168019 25.025579
-Trial 348 0 42168019 25.029474
* 349: Cost = 0_42164090, Time = 22.62 sec. 
-Trial 349 0 42164090 25.039147
-Trial 350 0 42164090 25.066192
-Trial 351 0 42164090 25.096791
-Trial 352 0 42164090 25.143153
-Trial 353 0 42164090 25.164593
-Trial 354 0 42164090 25.170439
-Trial 355 0 42164090 25.187313
-Trial 356 0 42164090 25.194107
* 357: Cost = 0_42159639, Time = 22.81 sec. 
-Trial 357 0 42159639 25.229301
-Trial 358 0 42159639 25.259971
-Trial 359 0 42159639 25.266637
-Trial 360 0 42159639 25.283919
-Trial 361 0 42159639 25.304112
-Trial 362 0 42159639 25.357069
-Trial 363 0 42159639 25.415083
-Trial 364 0 42159639 25.445022
-Trial 365 0 42159639 25.470578
-Trial 366 0 42159639 25.491979
-Trial 367 0 42159639 25.537565
-Trial 368 0 42159639 25.544112
-Trial 369 0 42159639 25.585372
-Trial 370 0 42159639 25.586178
-Trial 371 0 42159639 25.603284
-Trial 372 0 42159639 25.614108
-Trial 373 0 42159639 25.624658
-Trial 374 0 42159639 25.628427
-Trial 375 0 42159639 25.712357
-Trial 376 0 42159639 25.741667
-Trial 377 0 42159639 25.757683
-Trial 378 0 42159639 25.769453
-Trial 379 0 42159639 25.785638
-Trial 380 0 42159639 25.802245
-Trial 381 0 42159639 25.829258
-Trial 382 0 42159639 25.839622
-Trial 383 0 42159639 25.847719
-Trial 384 0 42159639 25.869708
-Trial 385 0 42159639 25.875929
-Trial 386 0 42159639 25.884543
-Trial 387 0 42159639 25.920100
-Trial 388 0 42159639 25.960452
-Trial 389 0 42159639 25.973435
-Trial 390 0 42159639 25.974261
-Trial 391 0 42159639 25.998025
-Trial 392 0 42159639 25.999365
-Trial 393 0 42159639 26.014807
-Trial 394 0 42159639 26.072902
-Trial 395 0 42159639 26.121009
-Trial 396 0 42159639 26.126620
-Trial 397 0 42159639 26.147854
* 398: Cost = 0_42156266, Time = 23.74 sec. 
-Trial 398 0 42156266 26.152235
-Trial 399 0 42156266 26.163159
-Trial 400 0 42156266 26.186422
-Trial 401 0 42156266 26.214069
-Trial 402 0 42156266 26.283666
-Trial 403 0 42156266 26.293511
* 404: Cost = 0_42142080, Time = 23.97 sec. 
-Trial 404 0 42142080 26.383307
-Trial 405 0 42142080 26.415591
-Trial 406 0 42142080 26.427628
* 407: Cost = 0_42130072, Time = 24.02 sec. 
-Trial 407 0 42130072 26.438906
-Trial 408 0 42130072 26.484596
-Trial 409 0 42130072 26.488504
-Trial 410 0 42130072 26.532133
-Trial 411 0 42130072 26.539221
-Trial 412 0 42130072 26.584465
-Trial 413 0 42130072 26.670914
-Trial 414 0 42130072 26.686161
-Trial 415 0 42130072 26.707616
-Trial 416 0 42130072 26.710932
-Trial 417 0 42130072 26.727422
-Trial 418 0 42130072 26.792252
-Trial 419 0 42130072 26.820277
-Trial 420 0 42130072 27.007951
-Trial 421 0 42130072 27.048121
-Trial 422 0 42130072 27.052437
-Trial 423 0 42130072 27.105723
-Trial 424 0 42130072 27.126761
-Trial 425 0 42130072 27.225640
-Trial 426 0 42130072 27.273802
-Trial 427 0 42130072 27.289063
-Trial 428 0 42130072 27.298573
-Trial 429 0 42130072 27.313589
-Trial 430 0 42130072 27.323519
-Trial 431 0 42130072 27.331124
-Trial 432 0 42130072 27.345038
-Trial 433 0 42130072 27.396099
-Trial 434 0 42130072 27.397136
-Trial 435 0 42130072 27.462625
* 436: Cost = 0_42106488, Time = 25.05 sec. 
-Trial 436 0 42106488 27.471054
-Trial 437 0 42106488 27.508003
-Trial 438 0 42106488 27.513493
-Trial 439 0 42106488 27.548553
-Trial 440 0 42106488 27.582795
-Trial 441 0 42106488 27.613097
-Trial 442 0 42106488 27.639524
-Trial 443 0 42106488 27.647892
-Trial 444 0 42106488 27.664197
-Trial 445 0 42106488 27.667665
-Trial 446 0 42106488 27.669907
* 447: Cost = 0_42080651, Time = 25.26 sec. 
-Trial 447 0 42080651 27.674052
-Trial 448 0 42080651 27.681454
-Trial 449 0 42080651 27.722611
-Trial 450 0 42080651 27.737485
-Trial 451 0 42080651 27.749044
-Trial 452 0 42080651 27.768102
-Trial 453 0 42080651 27.778178
-Trial 454 0 42080651 27.785793
-Trial 455 0 42080651 27.855086
-Trial 456 0 42080651 27.874935
-Trial 457 0 42080651 27.885937
-Trial 458 0 42080651 27.887643
-Trial 459 0 42080651 27.890473
-Trial 460 0 42080651 27.902947
-Trial 461 0 42080651 27.923020
-Trial 462 0 42080651 28.029599
-Trial 463 0 42080651 28.054917
-Trial 464 0 42080651 28.066599
-Trial 465 0 42080651 28.090534
-Trial 466 0 42080651 28.096941
-Trial 467 0 42080651 28.097473
-Trial 468 0 42080651 28.141531
-Trial 469 0 42080651 28.159807
* 470: Cost = 0_42042811, Time = 25.75 sec. 
-Trial 470 0 42042811 28.166811
-Trial 471 0 42042811 28.171285
-Trial 472 0 42042811 28.212362
-Trial 473 0 42042811 28.370981
-Trial 474 0 42042811 28.385578
-Trial 475 0 42042811 28.388555
-Trial 476 0 42042811 28.399744
-Trial 477 0 42042811 28.503356
-Trial 478 0 42042811 28.537978
-Trial 479 0 42042811 28.538445
-Trial 480 0 42042811 28.543295
-Trial 481 0 42042811 28.555753
-Trial 482 0 42042811 28.575502
-Trial 483 0 42042811 28.577992
-Trial 484 0 42042811 28.593714
-Trial 485 0 42042811 28.815121
-Trial 486 0 42042811 28.846638
-Trial 487 0 42042811 28.848375
-Trial 488 0 42042811 28.850464
-Trial 489 0 42042811 28.928883
-Trial 490 0 42042811 28.942867
-Trial 491 0 42042811 28.981097
-Trial 492 0 42042811 28.986781
-Trial 493 0 42042811 28.989564
-Trial 494 0 42042811 29.020571
-Trial 495 0 42042811 29.144513
-Trial 496 0 42042811 29.150470
-Trial 497 0 42042811 29.180348
* 498: Cost = 0_41971107, Time = 26.81 sec. 
-Trial 498 0 41971107 29.227908
-Trial 499 0 41971107 29.245740
-Trial 500 0 41971107 29.282509
-Trial 501 0 41971107 29.384281
-Trial 502 0 41971107 29.408119
-Trial 503 0 41971107 29.465278
-Trial 504 0 41971107 29.482370
-Trial 505 0 41971107 29.499202
-Trial 506 0 41971107 29.500936
-Trial 507 0 41971107 29.514920
-Trial 508 0 41971107 29.535005
-Trial 509 0 41971107 29.549773
-Trial 510 0 41971107 29.553078
-Trial 511 0 41971107 29.570537
-Trial 512 0 41971107 29.575379
-Trial 513 0 41971107 29.588916
-Trial 514 0 41971107 29.589740
-Trial 515 0 41971107 29.608693
-Trial 516 0 41971107 29.622790
-Trial 517 0 41971107 29.677118
-Trial 518 0 41971107 29.913930
-Trial 519 0 41971107 29.922556
-Trial 520 0 41971107 30.013250
* 521: Cost = 0_41908729, Time = 27.60 sec. 
-Trial 521 0 41908729 30.016900
-Trial 522 0 41908729 30.047977
* 523: Cost = 0_41889228, Time = 27.64 sec. 
-Trial 523 0 41889228 30.051694
-Trial 524 0 41889228 30.059829
-Trial 525 0 41889228 30.071223
-Trial 526 0 41889228 30.073399
-Trial 527 0 41889228 30.088974
-Trial 528 0 41889228 30.115745
* 529: Cost = 0_41820977, Time = 27.70 sec. 
-Trial 529 0 41820977 30.120204
-Trial 530 0 41820977 30.128424
-Trial 531 0 41820977 30.155830
-Trial 532 0 41820977 30.169107
-Trial 533 0 41820977 30.179512
-Trial 534 0 41820977 30.211201
-Trial 535 0 41820977 30.214720
-Trial 536 0 41820977 30.234563
-Trial 537 0 41820977 30.237146
-Trial 538 0 41820977 30.246887
-Trial 539 0 41820977 30.371274
* 540: Cost = 0_41813870, Time = 27.97 sec. 
-Trial 540 0 41813870 30.389741
-Trial 541 0 41813870 30.424285
-Trial 542 0 41813870 30.434018
-Trial 543 0 41813870 30.461199
-Trial 544 0 41813870 30.503148
-Trial 545 0 41813870 30.505387
-Trial 546 0 41813870 30.537088
-Trial 547 0 41813870 30.549922
-Trial 548 0 41813870 30.551070
-Trial 549 0 41813870 30.554616
-Trial 550 0 41813870 30.613855
-Trial 551 0 41813870 30.713710
-Trial 552 0 41813870 30.778184
-Trial 553 0 41813870 30.780143
-Trial 554 0 41813870 30.783502
-Trial 555 0 41813870 30.802254
-Trial 556 0 41813870 30.813583
-Trial 557 0 41813870 30.884506
-Trial 558 0 41813870 30.901997
-Trial 559 0 41813870 30.905006
-Trial 560 0 41813870 30.919428
-Trial 561 0 41813870 30.929185
-Trial 562 0 41813870 30.954606
-Trial 563 0 41813870 30.960068
-Trial 564 0 41813870 30.965402
-Trial 565 0 41813870 30.965858
-Trial 566 0 41813870 30.984856
-Trial 567 0 41813870 30.994806
-Trial 568 0 41813870 31.008179
-Trial 569 0 41813870 31.095008
-Trial 570 0 41813870 31.154053
-Trial 571 0 41813870 31.302711
-Trial 572 0 41813870 31.315073
-Trial 573 0 41813870 31.331613
-Trial 574 0 41813870 31.348185
-Trial 575 0 41813870 31.401037
-Trial 576 0 41813870 31.444033
-Trial 577 0 41813870 31.564022
-Trial 578 0 41813870 31.572327
-Trial 579 0 41813870 31.580087
-Trial 580 0 41813870 31.580865
-Trial 581 0 41813870 31.584286
-Trial 582 0 41813870 31.591397
-Trial 583 0 41813870 31.615415
-Trial 584 0 41813870 31.677671
-Trial 585 0 41813870 31.727688
-Trial 586 0 41813870 31.836132
-Trial 587 0 41813870 31.855662
-Trial 588 0 41813870 31.877886
-Trial 589 0 41813870 31.916132
-Trial 590 0 41813870 31.938293
-Trial 591 0 41813870 31.955734
-Trial 592 0 41813870 31.964248
-Trial 593 0 41813870 31.969604
-Trial 594 0 41813870 31.980248
-Trial 595 0 41813870 32.018307
-Trial 596 0 41813870 32.144088
-Trial 597 0 41813870 32.162960
-Trial 598 0 41813870 32.166202
-Trial 599 0 41813870 32.168387
-Trial 600 0 41813870 32.187398
-Trial 601 0 41813870 32.204278
-Trial 602 0 41813870 32.346976
-Trial 603 0 41813870 32.366539
-Trial 604 0 41813870 32.484122
-Trial 605 0 41813870 32.499149
-Trial 606 0 41813870 32.549715
-Trial 607 0 41813870 32.579018
* 608: Cost = 0_41765482, Time = 30.21 sec. 
-Trial 608 0 41765482 32.630911
-Trial 609 0 41765482 32.658342
-Trial 610 0 41765482 32.696103
-Trial 611 0 41765482 32.709552
-Trial 612 0 41765482 32.741396
* 613: Cost = 0_41761596, Time = 30.33 sec. 
-Trial 613 0 41761596 32.743631
-Trial 614 0 41761596 32.763360
-Trial 615 0 41761596 32.784902
-Trial 616 0 41761596 32.800947
-Trial 617 0 41761596 32.820946
-Trial 618 0 41761596 32.830421
-Trial 619 0 41761596 32.920048
-Trial 620 0 41761596 32.954730
-Trial 621 0 41761596 32.967514
-Trial 622 0 41761596 32.976878
-Trial 623 0 41761596 33.023563
-Trial 624 0 41761596 33.046624
-Trial 625 0 41761596 33.087286
-Trial 626 0 41761596 33.089801
-Trial 627 0 41761596 33.095485
-Trial 628 0 41761596 33.109600
-Trial 629 0 41761596 33.113960
-Trial 630 0 41761596 33.120052
-Trial 631 0 41761596 33.136268
-Trial 632 0 41761596 33.249288
-Trial 633 0 41761596 33.253324
-Trial 634 0 41761596 33.272587
* 635: Cost = 0_41761553, Time = 30.86 sec. 
-Trial 635 0 41761553 33.277840
-Trial 636 0 41761553 33.311167
-Trial 637 0 41761553 33.324994
-Trial 638 0 41761553 33.333535
-Trial 639 0 41761553 33.352277
-Trial 640 0 41761553 33.364210
-Trial 641 0 41761553 33.439273
-Trial 642 0 41761553 33.450786
-Trial 643 0 41761553 33.456792
-Trial 644 0 41761553 33.484090
-Trial 645 0 41761553 33.502893
-Trial 646 0 41761553 33.514544
-Trial 647 0 41761553 33.521944
-Trial 648 0 41761553 33.531625
-Trial 649 0 41761553 33.539086
-Trial 650 0 41761553 33.563871
-Trial 651 0 41761553 33.576997
-Trial 652 0 41761553 33.584925
-Trial 653 0 41761553 33.643054
-Trial 654 0 41761553 33.653367
-Trial 655 0 41761553 33.661754
-Trial 656 0 41761553 33.675448
-Trial 657 0 41761553 33.688967
-Trial 658 0 41761553 33.700703
-Trial 659 0 41761553 33.713085
-Trial 660 0 41761553 33.719451
-Trial 661 0 41761553 33.737142
-Trial 662 0 41761553 33.741791
-Trial 663 0 41761553 33.753541
-Trial 664 0 41761553 33.925601
-Trial 665 0 41761553 33.929669
-Trial 666 0 41761553 33.937066
-Trial 667 0 41761553 33.938421
-Trial 668 0 41761553 33.943195
-Trial 669 0 41761553 33.945644
-Trial 670 0 41761553 33.987310
-Trial 671 0 41761553 34.001269
-Trial 672 0 41761553 34.026219
-Trial 673 0 41761553 34.041257
-Trial 674 0 41761553 34.051246
-Trial 675 0 41761553 34.057760
-Trial 676 0 41761553 34.059214
-Trial 677 0 41761553 34.079354
-Trial 678 0 41761553 34.100859
-Trial 679 0 41761553 34.123278
-Trial 680 0 41761553 34.143198
-Trial 681 0 41761553 34.151527
-Trial 682 0 41761553 34.152682
-Trial 683 0 41761553 34.191296
-Trial 684 0 41761553 34.288879
-Trial 685 0 41761553 34.324680
-Trial 686 0 41761553 34.341126
-Trial 687 0 41761553 34.348528
-Trial 688 0 41761553 34.590708
-Trial 689 0 41761553 34.608404
-Trial 690 0 41761553 34.610989
-Trial 691 0 41761553 34.616510
-Trial 692 0 41761553 34.628458
-Trial 693 0 41761553 34.631544
-Trial 694 0 41761553 34.669575
-Trial 695 0 41761553 34.673110
-Trial 696 0 41761553 34.694073
-Trial 697 0 41761553 34.700272
-Trial 698 0 41761553 34.786071
-Trial 699 0 41761553 34.822415
-Trial 700 0 41761553 34.859551
-Trial 701 0 41761553 34.869202
-Trial 702 0 41761553 34.925526
-Trial 703 0 41761553 34.928924
-Trial 704 0 41761553 34.943599
-Trial 705 0 41761553 35.018417
-Trial 706 0 41761553 35.027151
-Trial 707 0 41761553 35.038791
-Trial 708 0 41761553 35.047345
-Trial 709 0 41761553 35.132893
-Trial 710 0 41761553 35.172058
-Trial 711 0 41761553 35.175513
-Trial 712 0 41761553 35.231006
-Trial 713 0 41761553 35.238937
-Trial 714 0 41761553 35.269605
-Trial 715 0 41761553 35.381479
-Trial 716 0 41761553 35.402815
-Trial 717 0 41761553 35.409272
-Trial 718 0 41761553 35.418577
-Trial 719 0 41761553 35.428142
-Trial 720 0 41761553 35.455987
-Trial 721 0 41761553 35.512514
-Trial 722 0 41761553 35.557406
-Trial 723 0 41761553 35.678243
-Trial 724 0 41761553 35.722783
-Trial 725 0 41761553 35.768104
-Trial 726 0 41761553 35.795865
* 727: Cost = 0_41724153, Time = 33.50 sec. 
-Trial 727 0 41724153 35.918996
-Trial 728 0 41724153 35.924409
-Trial 729 0 41724153 35.934351
-Trial 730 0 41724153 35.952922
-Trial 731 0 41724153 36.021308
-Trial 732 0 41724153 36.023534
-Trial 733 0 41724153 36.034846
-Trial 734 0 41724153 36.050896
-Trial 735 0 41724153 36.060743
-Trial 736 0 41724153 36.065501
-Trial 737 0 41724153 36.074111
-Trial 738 0 41724153 36.075582
-Trial 739 0 41724153 36.084986
-Trial 740 0 41724153 36.115194
-Trial 741 0 41724153 36.139432
-Trial 742 0 41724153 36.145791
-Trial 743 0 41724153 36.146237
-Trial 744 0 41724153 36.182646
-Trial 745 0 41724153 36.291266
-Trial 746 0 41724153 36.295637
-Trial 747 0 41724153 36.305539
-Trial 748 0 41724153 36.328225
* 749: Cost = 0_41627567, Time = 33.93 sec. 
-Trial 749 0 41627567 36.345759
-Trial 750 0 41627567 36.360767
* 751: Cost = 0_41600674, Time = 33.95 sec. 
-Trial 751 0 41600674 36.371021
-Trial 752 0 41600674 36.371448
-Trial 753 0 41600674 36.406977
-Trial 754 0 41600674 36.413570
-Trial 755 0 41600674 36.441296
-Trial 756 0 41600674 36.444747
* 757: Cost = 0_41519935, Time = 34.04 sec. 
-Trial 757 0 41519935 36.454846
-Trial 758 0 41519935 36.460844
-Trial 759 0 41519935 36.470763
-Trial 760 0 41519935 36.481568
-Trial 761 0 41519935 36.499574
* 762: Cost = 0_41482758, Time = 34.10 sec. 
-Trial 762 0 41482758 36.513045
-Trial 763 0 41482758 36.531120
-Trial 764 0 41482758 36.591702
-Trial 765 0 41482758 36.601599
* 766: Cost = 0_41467745, Time = 34.19 sec. 
-Trial 766 0 41467745 36.604670
-Trial 767 0 41467745 36.605546
-Trial 768 0 41467745 36.619127
-Trial 769 0 41467745 36.684243
-Trial 770 0 41467745 36.718825
-Trial 771 0 41467745 36.774487
-Trial 772 0 41467745 36.784048
-Trial 773 0 41467745 36.808994
-Trial 774 0 41467745 36.821502
-Trial 775 0 41467745 36.828424
-Trial 776 0 41467745 36.898810
-Trial 777 0 41467745 36.908587
-Trial 778 0 41467745 36.915494
-Trial 779 0 41467745 36.952105
-Trial 780 0 41467745 36.952683
* 781: Cost = 0_41416604, Time = 34.54 sec. 
-Trial 781 0 41416604 36.959953
-Trial 782 0 41416604 37.241846
* 783: Cost = 0_41408659, Time = 34.83 sec. 
-Trial 783 0 41408659 37.247136
-Trial 784 0 41408659 37.271602
-Trial 785 0 41408659 37.274788
-Trial 786 0 41408659 37.316322
-Trial 787 0 41408659 37.326421
-Trial 788 0 41408659 37.339046
-Trial 789 0 41408659 37.416908
-Trial 790 0 41408659 37.421275
-Trial 791 0 41408659 37.427562
-Trial 792 0 41408659 37.445531
-Trial 793 0 41408659 37.479217
-Trial 794 0 41408659 37.495385
-Trial 795 0 41408659 37.507096
-Trial 796 0 41408659 37.569938
-Trial 797 0 41408659 37.626014
-Trial 798 0 41408659 37.633692
-Trial 799 0 41408659 37.726627
-Trial 800 0 41408659 37.801567
-Trial 801 0 41408659 37.803187
-Trial 802 0 41408659 37.809311
-Trial 803 0 41408659 37.813083
-Trial 804 0 41408659 37.833127
-Trial 805 0 41408659 37.855629
-Trial 806 0 41408659 37.863363
-Trial 807 0 41408659 37.926730
-Trial 808 0 41408659 37.941595
-Trial 809 0 41408659 37.976178
-Trial 810 0 41408659 37.988265
* 811: Cost = 0_41395225, Time = 35.62 sec. 
-Trial 811 0 41395225 38.033747
-Trial 812 0 41395225 38.069247
-Trial 813 0 41395225 38.108926
-Trial 814 0 41395225 38.113848
-Trial 815 0 41395225 38.128620
* 816: Cost = 0_41371242, Time = 35.74 sec. 
-Trial 816 0 41371242 38.156128
-Trial 817 0 41371242 38.249746
-Trial 818 0 41371242 38.300421
-Trial 819 0 41371242 38.320111
-Trial 820 0 41371242 38.324415
-Trial 821 0 41371242 38.359303
-Trial 822 0 41371242 38.365907
-Trial 823 0 41371242 38.393693
-Trial 824 0 41371242 38.430395
* 825: Cost = 0_41338358, Time = 36.02 sec. 
-Trial 825 0 41338358 38.435417
-Trial 826 0 41338358 38.475773
-Trial 827 0 41338358 38.501749
-Trial 828 0 41338358 38.570462
-Trial 829 0 41338358 38.575864
-Trial 830 0 41338358 38.601119
-Trial 831 0 41338358 38.623651
-Trial 832 0 41338358 38.717744
-Trial 833 0 41338358 38.782985
-Trial 834 0 41338358 38.791733
-Trial 835 0 41338358 38.798786
-Trial 836 0 41338358 38.811774
-Trial 837 0 41338358 38.913550
-Trial 838 0 41338358 38.961340
-Trial 839 0 41338358 39.101817
-Trial 840 0 41338358 39.133912
-Trial 841 0 41338358 39.138762
-Trial 842 0 41338358 39.146858
-Trial 843 0 41338358 39.165072
-Trial 844 0 41338358 39.186775
-Trial 845 0 41338358 39.212562
-Trial 846 0 41338358 39.336823
-Trial 847 0 41338358 39.391909
-Trial 848 0 41338358 39.393326
-Trial 849 0 41338358 39.411464
-Trial 850 0 41338358 39.494142
-Trial 851 0 41338358 39.605206
-Trial 852 0 41338358 39.615405
-Trial 853 0 41338358 39.640296
-Trial 854 0 41338358 39.692346
-Trial 855 0 41338358 39.703563
-Trial 856 0 41338358 39.713680
-Trial 857 0 41338358 39.825967
-Trial 858 0 41338358 39.832934
-Trial 859 0 41338358 39.858101
-Trial 860 0 41338358 39.890539
-Trial 861 0 41338358 39.898397
-Trial 862 0 41338358 39.918080
-Trial 863 0 41338358 39.936083
-Trial 864 0 41338358 39.945650
-Trial 865 0 41338358 39.950966
-Trial 866 0 41338358 39.968491
-Trial 867 0 41338358 40.090574
-Trial 868 0 41338358 40.140424
-Trial 869 0 41338358 40.143162
-Trial 870 0 41338358 40.200854
-Trial 871 0 41338358 40.210186
-Trial 872 0 41338358 40.212671
-Trial 873 0 41338358 40.266523
-Trial 874 0 41338358 40.268685
-Trial 875 0 41338358 40.283096
-Trial 876 0 41338358 40.323508
-Trial 877 0 41338358 40.335401
-Trial 878 0 41338358 40.336594
-Trial 879 0 41338358 40.363311
-Trial 880 0 41338358 40.466992
-Trial 881 0 41338358 40.532893
-Trial 882 0 41338358 40.591645
-Trial 883 0 41338358 40.614301
-Trial 884 0 41338358 40.631891
-Trial 885 0 41338358 40.652674
-Trial 886 0 41338358 40.674825
-Trial 887 0 41338358 40.704019
-Trial 888 0 41338358 40.721431
-Trial 889 0 41338358 40.749621
* 890: Cost = 0_41250349, Time = 38.37 sec. 
-Trial 890 0 41250349 40.787684
-Trial 891 0 41250349 40.803174
-Trial 892 0 41250349 40.885993
-Trial 893 0 41250349 40.906758
-Trial 894 0 41250349 40.921292
-Trial 895 0 41250349 40.922722
-Trial 896 0 41250349 40.938065
-Trial 897 0 41250349 40.983850
-Trial 898 0 41250349 40.993883
-Trial 899 0 41250349 41.005679
-Trial 900 0 41250349 41.009931
-Trial 901 0 41250349 41.021020
-Trial 902 0 41250349 41.071676
-Trial 903 0 41250349 41.072881
-Trial 904 0 41250349 41.188588
-Trial 905 0 41250349 41.210973
-Trial 906 0 41250349 41.274707
-Trial 907 0 41250349 41.315428
-Trial 908 0 41250349 41.320029
-Trial 909 0 41250349 41.392679
-Trial 910 0 41250349 41.397494
-Trial 911 0 41250349 41.412972
-Trial 912 0 41250349 41.489932
-Trial 913 0 41250349 41.503949
-Trial 914 0 41250349 41.514417
-Trial 915 0 41250349 41.525570
-Trial 916 0 41250349 41.538482
-Trial 917 0 41250349 41.554479
-Trial 918 0 41250349 41.599041
-Trial 919 0 41250349 41.623735
-Trial 920 0 41250349 41.654082
-Trial 921 0 41250349 41.664365
-Trial 922 0 41250349 41.667350
-Trial 923 0 41250349 41.692615
-Trial 924 0 41250349 41.864530
-Trial 925 0 41250349 41.881767
-Trial 926 0 41250349 41.890557
-Trial 927 0 41250349 41.899422
-Trial 928 0 41250349 41.905097
-Trial 929 0 41250349 41.924295
-Trial 930 0 41250349 41.928107
-Trial 931 0 41250349 41.960291
-Trial 932 0 41250349 42.105288
-Trial 933 0 41250349 42.110324
-Trial 934 0 41250349 42.132997
-Trial 935 0 41250349 42.151162
-Trial 936 0 41250349 42.190210
-Trial 937 0 41250349 42.252221
-Trial 938 0 41250349 42.322610
-Trial 939 0 41250349 42.339384
* 940: Cost = 0_41240419, Time = 39.96 sec. 
-Trial 940 0 41240419 42.380512
-Trial 941 0 41240419 42.656329
-Trial 942 0 41240419 42.670179
-Trial 943 0 41240419 42.705259
-Trial 944 0 41240419 42.740508
-Trial 945 0 41240419 42.759115
-Trial 946 0 41240419 42.778153
* 947: Cost = 0_41135766, Time = 40.48 sec. 
-Trial 947 0 41135766 42.899202
-Trial 948 0 41135766 42.940322
-Trial 949 0 41135766 42.942787
-Trial 950 0 41135766 43.045470
-Trial 951 0 41135766 43.086260
-Trial 952 0 41135766 43.107364
-Trial 953 0 41135766 43.126219
-Trial 954 0 41135766 43.147735
-Trial 955 0 41135766 43.192505
-Trial 956 0 41135766 43.200681
-Trial 957 0 41135766 43.237174
-Trial 958 0 41135766 43.241536
-Trial 959 0 41135766 43.270503
-Trial 960 0 41135766 43.338782
-Trial 961 0 41135766 43.345758
-Trial 962 0 41135766 43.372077
-Trial 963 0 41135766 43.427858
-Trial 964 0 41135766 43.493178
-Trial 965 0 41135766 43.529807
-Trial 966 0 41135766 43.547017
-Trial 967 0 41135766 43.563826
* 968: Cost = 0_41045020, Time = 41.17 sec. 
-Trial 968 0 41045020 43.584013
-Trial 969 0 41045020 43.604274
-Trial 970 0 41045020 43.609331
-Trial 971 0 41045020 43.619249
-Trial 972 0 41045020 43.641378
* 973: Cost = 0_41004322, Time = 41.23 sec. 
-Trial 973 0 41004322 43.648606
-Trial 974 0 41004322 43.654087
-Trial 975 0 41004322 43.661098
-Trial 976 0 41004322 43.668666
* 977: Cost = 0_40997953, Time = 41.29 sec. 
-Trial 977 0 40997953 43.706458
-Trial 978 0 40997953 43.911557
* 979: Cost = 0_40962794, Time = 41.50 sec. 
-Trial 979 0 40962794 43.914421
-Trial 980 0 40962794 43.943811
-Trial 981 0 40962794 43.946475
-Trial 982 0 40962794 44.016048
-Trial 983 0 40962794 44.036002
-Trial 984 0 40962794 44.050865
-Trial 985 0 40962794 44.075206
-Trial 986 0 40962794 44.105871
-Trial 987 0 40962794 44.419589
-Trial 988 0 40962794 44.440699
-Trial 989 0 40962794 44.460913
-Trial 990 0 40962794 44.523798
-Trial 991 0 40962794 44.554603
-Trial 992 0 40962794 44.632822
-Trial 993 0 40962794 44.679244
-Trial 994 0 40962794 44.689312
* 995: Cost = 0_40946816, Time = 42.31 sec. 
-Trial 995 0 40946816 44.726997
-Trial 996 0 40946816 44.788187
-Trial 997 0 40946816 44.843337
-Trial 998 0 40946816 44.856940
-Trial 999 0 40946816 44.891979
* 1000: Cost = 0_40933518, Time = 42.53 sec. 
-Trial 1000 0 40933518 44.942379
Population:
  1: 0_40933518
Run 1: Cost = 0_40933518, Time = 42.53 sec. 

Successes/Runs = 0/1 
Cost.min = 40933518, Cost.avg = 40933518.00, Cost.max = 40933518
Gap.min = 0.0000%, Gap.avg = 0.0000%, Gap.max = 0.0000%
Penalty.min = 0, Penalty.avg = 0.00, Penalty.max = 0
Trials.min = 1000, Trials.avg = 1000.0, Trials.max = 1000
Time.min = 42.53 sec., Time.avg = 42.53 sec., Time.max = 42.53 sec.
Time.total = 44.94 sec.
  Size.min = 7, Size.max = 40, Penalty = 0
  Cost.min = 661236, Cost.max = 3953060, Cost.sum = 40933518
Best CVRPTW solution:
  Cost = 0_40933518
1 58 346 475 26 411 368 454 293 126 123 93 349 315 177 322 164 107 376 495 62 506 154 390 29 407 227 449 316 50 498 460 313 483 306 206 428 191 65 294 186 59 216 370 263 136 392 499 408 134 247 492 183 160 113 142 226 511 72 234 338 439 281 197 242 516 188 360 394 457 153 328 7 493 236 230 418 285 203 115 362 478 220 61 412 480 81 57 201 232 181 270 17 187 99 190 79 178 512 297 386 468 235 184 128 432 302 490 351 501 431 198 266 496 344 75 88 358 104 245 519 6 145 66 172 304 98 452 100 150 291 194 219 373 12 327 86 329 208 262 419 51 417 49 106 63 485 111 398 461 430 162 308 462 32 443 303 166 174 182 224 515 119 254 455 171 401 228 127 410 2 54 15 170 25 237 325 279 472 207 42 176 389 189 513 204 339 44 374 445 212 40 108 33 151 55 447 77 367 257 95 241 157 508 399 130 348 421 103 114 8 3 296 277 28 53 422 143 473 89 340 69 280 441 323 289 80 426 388 118 330 222 137 309 509 288 43 47 82 343 276 301 109 96 489 311 14 400 299 196 415 382 205 269 147 229 38 337 482 256 402 199 173 504 87 287 91 64 371 395 273 131 248 448 101 132 463 345 451 312 71 420 274 21 520 19 259 379 210 214 265 218 465 444 253 252 347 494 239 255 446 165 141 283 195 372 31 429 168 314 268 307 290 354 365 13 45 502 363 366 238 18 68 326 156 30 459 484 41 76 318 331 155 469 436 169 357 350 24 298 278 359 295 83 124 122 381 517 60 120 310 300 146 139 73 90 321 491 159 78 179 138 258 378 39 466 375 140 317 243 129 518 352 158 486 467 453 221 117 324 474 9 175 110 319 391 240 479 332 180 393 353 383 246 94 11 409 20 336 97 450 85 514 27 380 193 211 477 464 456 267 433 438 342 275 84 423 5 52 387 510 476 261 272 356 335 377 202 231 200 334 23 152 414 425 161 282 404 250 442 133 16 396 413 217 440 507 167 192 424 105 355 361 427 67 148 435 135 384 35 102 233 251 149 74 397 403 434 260 369 37 34 284 505 116 215 48 271 481 470 223 292 249 185 125 320 471 144 333 163 213 46 503 10 92 121 225 488 341 286 500 56 70 458 209 112 406 405 36 22 4 416 487 244 264 364 497 305 437 385 1 
