PARAMETER_FILE = result/cvrptw_500/LKH_para/485.para
Reading PROBLEM_FILE: "result/cvrptw_500/cvrptw/485.cvrptw" ... done
ASCENT_CANDIDATES = 50
BACKBONE_TRIALS = 0
BACKTRACKING = NO
# BWTSP =
# CANDIDATE_FILE =
CANDIDATE_SET_TYPE = ALPHA
DEPOT = 1
# EDGE_FILE =
EXCESS = 0.0384615
EXTERNAL_SALESMEN = 0
EXTRA_CANDIDATES = 0 
EXTRA_CANDIDATE_SET_TYPE = QUADRANT
GAIN23 = NO
GAIN_CRITERION = YES
INITIAL_PERIOD = 520
INITIAL_STEP_SIZE = 1
INITIAL_TOUR_ALGORITHM = WALK
# INITIAL_TOUR_FILE = 
INITIAL_TOUR_FRACTION = 1.000
# INPUT_TOUR_FILE = 
KICK_TYPE = 4
KICKS = 1
# MAX_BREADTH =
MAKESPAN = NO
MAX_CANDIDATES = 5 
MAX_SWAPS = 0
MAX_TRIALS = 1000
# MERGE_TOUR_FILE =
MOVE_TYPE = 5 SPECIAL
MTSP_MIN_SIZE = 1
MTSP_MAX_SIZE = 1039
# MTSP_SOLUTION_FILE = 
# NONSEQUENTIAL_MOVE_TYPE = 5
# OPTIMUM =
# OUTPUT_TOUR_FILE = 
PATCHING_A = 1 
PATCHING_C = 0 
# PI_FILE = 
POPMUSIC_INITIAL_TOUR = NO
POPMUSIC_MAX_NEIGHBORS = 5
POPMUSIC_SAMPLE_SIZE = 10
POPMUSIC_SOLUTIONS = 50
POPMUSIC_TRIALS = 1
POPULATION_SIZE = 10
PRECISION = 100
PROBLEM_FILE = result/cvrptw_500/cvrptw/485.cvrptw
RECOMBINATION = IPT
RESTRICTED_SEARCH = YES
RUNS = 1
SALESMEN = 20
SCALE = 1
SEED = 1234
# SINTEF_SOLUTION_FILE = 
STOP_AT_OPTIMUM = YES
SUBGRADIENT = YES
# SUBPROBLEM_SIZE =
# SUBPROBLEM_TOUR_FILE = 
SUBSEQUENT_MOVE_TYPE = 5 SPECIAL
SUBSEQUENT_PATCHING = YES
# TIME_LIMIT =
# TOUR_FILE = 
TRACE_LEVEL = 1
VEHICLES = 20

Lower bound = 25881501.4, Ascent time = 2.42 sec.
Cand.min = 5, Cand.avg = 5.0, Cand.max = 5
Edges.fixed = 520 [Cost = 0]
Preprocessing time = 2.50 sec.
* 1: Cost = 0_49298407, Time = 2.89 sec. 
-Trial 1 0 49298407 5.396221
* 2: Cost = 0_48799610, Time = 2.92 sec. 
-Trial 2 0 48799610 5.425457
* 3: Cost = 0_48584491, Time = 2.98 sec. 
-Trial 3 0 48584491 5.483157
* 4: Cost = 0_48087406, Time = 3.13 sec. 
-Trial 4 0 48087406 5.631724
-Trial 5 0 48087406 5.636886
* 6: Cost = 0_47441823, Time = 3.18 sec. 
-Trial 6 0 47441823 5.684541
* 7: Cost = 0_47401156, Time = 3.19 sec. 
-Trial 7 0 47401156 5.690065
-Trial 8 0 47401156 5.716539
* 9: Cost = 0_47243437, Time = 3.22 sec. 
-Trial 9 0 47243437 5.723098
-Trial 10 0 47243437 5.724049
* 11: Cost = 0_46769769, Time = 3.23 sec. 
-Trial 11 0 46769769 5.736548
-Trial 12 0 46769769 5.766671
* 13: Cost = 0_46698944, Time = 3.28 sec. 
-Trial 13 0 46698944 5.780172
-Trial 14 0 46698944 5.783691
* 15: Cost = 0_46613435, Time = 3.40 sec. 
-Trial 15 0 46613435 5.903722
-Trial 16 0 46613435 5.917966
-Trial 17 0 46613435 5.954657
* 18: Cost = 0_46339509, Time = 3.46 sec. 
-Trial 18 0 46339509 5.963054
* 19: Cost = 0_46177724, Time = 3.51 sec. 
-Trial 19 0 46177724 6.019430
-Trial 20 0 46177724 6.042095
-Trial 21 0 46177724 6.060286
-Trial 22 0 46177724 6.141347
-Trial 23 0 46177724 6.163039
* 24: Cost = 0_45913440, Time = 3.67 sec. 
-Trial 24 0 45913440 6.176468
* 25: Cost = 0_45743816, Time = 3.68 sec. 
-Trial 25 0 45743816 6.189474
* 26: Cost = 0_45723538, Time = 3.73 sec. 
-Trial 26 0 45723538 6.239593
* 27: Cost = 0_45593394, Time = 3.74 sec. 
-Trial 27 0 45593394 6.245933
* 28: Cost = 0_45468300, Time = 3.75 sec. 
-Trial 28 0 45468300 6.254896
* 29: Cost = 0_45450226, Time = 3.76 sec. 
-Trial 29 0 45450226 6.259899
-Trial 30 0 45450226 6.262526
-Trial 31 0 45450226 6.268937
* 32: Cost = 0_45449359, Time = 3.80 sec. 
-Trial 32 0 45449359 6.306961
* 33: Cost = 0_45438870, Time = 3.81 sec. 
-Trial 33 0 45438870 6.319366
* 34: Cost = 0_45199073, Time = 3.83 sec. 
-Trial 34 0 45199073 6.339033
-Trial 35 0 45199073 6.345901
* 36: Cost = 0_45119392, Time = 3.87 sec. 
-Trial 36 0 45119392 6.372350
-Trial 37 0 45119392 6.380903
-Trial 38 0 45119392 6.407854
* 39: Cost = 0_44888894, Time = 3.92 sec. 
-Trial 39 0 44888894 6.419919
* 40: Cost = 0_44823210, Time = 3.93 sec. 
-Trial 40 0 44823210 6.432489
-Trial 41 0 44823210 6.570371
-Trial 42 0 44823210 6.601345
-Trial 43 0 44823210 6.602625
-Trial 44 0 44823210 6.654782
-Trial 45 0 44823210 6.684790
-Trial 46 0 44823210 6.710129
-Trial 47 0 44823210 6.719063
-Trial 48 0 44823210 6.751904
-Trial 49 0 44823210 6.799645
-Trial 50 0 44823210 6.804950
* 51: Cost = 0_44800966, Time = 4.31 sec. 
-Trial 51 0 44800966 6.817246
-Trial 52 0 44800966 6.871135
-Trial 53 0 44800966 6.973273
-Trial 54 0 44800966 7.097866
* 55: Cost = 0_44781459, Time = 4.61 sec. 
-Trial 55 0 44781459 7.118631
-Trial 56 0 44781459 7.157779
-Trial 57 0 44781459 7.162650
* 58: Cost = 0_44760491, Time = 4.73 sec. 
-Trial 58 0 44760491 7.236335
* 59: Cost = 0_44457025, Time = 4.75 sec. 
-Trial 59 0 44457025 7.252893
* 60: Cost = 0_44165967, Time = 4.82 sec. 
-Trial 60 0 44165967 7.320676
* 61: Cost = 0_43492595, Time = 4.84 sec. 
-Trial 61 0 43492595 7.346471
* 62: Cost = 0_43487513, Time = 4.89 sec. 
-Trial 62 0 43487513 7.399789
-Trial 63 0 43487513 7.423950
-Trial 64 0 43487513 7.454815
-Trial 65 0 43487513 7.495687
* 66: Cost = 0_43283705, Time = 5.12 sec. 
-Trial 66 0 43283705 7.629173
* 67: Cost = 0_43282734, Time = 5.14 sec. 
-Trial 67 0 43282734 7.645041
-Trial 68 0 43282734 7.686970
-Trial 69 0 43282734 7.708570
* 70: Cost = 0_42965963, Time = 5.22 sec. 
-Trial 70 0 42965963 7.721271
-Trial 71 0 42965963 7.726503
-Trial 72 0 42965963 7.734863
-Trial 73 0 42965963 7.752891
-Trial 74 0 42965963 7.764815
-Trial 75 0 42965963 7.781564
* 76: Cost = 0_42803551, Time = 5.28 sec. 
-Trial 76 0 42803551 7.788630
-Trial 77 0 42803551 7.799288
-Trial 78 0 42803551 7.808889
* 79: Cost = 0_42745663, Time = 5.31 sec. 
-Trial 79 0 42745663 7.814640
-Trial 80 0 42745663 7.832441
-Trial 81 0 42745663 7.906075
-Trial 82 0 42745663 7.914130
* 83: Cost = 0_42728943, Time = 5.49 sec. 
-Trial 83 0 42728943 7.996204
-Trial 84 0 42728943 8.055650
-Trial 85 0 42728943 8.062608
-Trial 86 0 42728943 8.063141
-Trial 87 0 42728943 8.075154
-Trial 88 0 42728943 8.090345
-Trial 89 0 42728943 8.214095
* 90: Cost = 0_42663482, Time = 5.73 sec. 
-Trial 90 0 42663482 8.238656
-Trial 91 0 42663482 8.243564
-Trial 92 0 42663482 8.285216
-Trial 93 0 42663482 8.295113
-Trial 94 0 42663482 8.399455
-Trial 95 0 42663482 8.426486
-Trial 96 0 42663482 8.430692
-Trial 97 0 42663482 8.491316
* 98: Cost = 0_42568695, Time = 5.99 sec. 
-Trial 98 0 42568695 8.499049
-Trial 99 0 42568695 8.567122
-Trial 100 0 42568695 8.627995
* 101: Cost = 0_42553957, Time = 6.13 sec. 
-Trial 101 0 42553957 8.635567
-Trial 102 0 42553957 8.637537
* 103: Cost = 0_42528851, Time = 6.14 sec. 
-Trial 103 0 42528851 8.641001
-Trial 104 0 42528851 8.644249
-Trial 105 0 42528851 8.645703
-Trial 106 0 42528851 8.654972
-Trial 107 0 42528851 8.709356
-Trial 108 0 42528851 8.732923
-Trial 109 0 42528851 8.735655
-Trial 110 0 42528851 8.745900
-Trial 111 0 42528851 8.754723
-Trial 112 0 42528851 8.756270
-Trial 113 0 42528851 8.764235
-Trial 114 0 42528851 8.779688
-Trial 115 0 42528851 8.844627
* 116: Cost = 0_42512949, Time = 6.35 sec. 
-Trial 116 0 42512949 8.855075
-Trial 117 0 42512949 8.937529
-Trial 118 0 42512949 8.949755
-Trial 119 0 42512949 8.986399
-Trial 120 0 42512949 9.014468
-Trial 121 0 42512949 9.043528
-Trial 122 0 42512949 9.064716
-Trial 123 0 42512949 9.100945
-Trial 124 0 42512949 9.106934
-Trial 125 0 42512949 9.111095
-Trial 126 0 42512949 9.119415
-Trial 127 0 42512949 9.140081
-Trial 128 0 42512949 9.182756
-Trial 129 0 42512949 9.187241
-Trial 130 0 42512949 9.195955
* 131: Cost = 0_42431936, Time = 6.71 sec. 
-Trial 131 0 42431936 9.219575
* 132: Cost = 0_42376298, Time = 6.76 sec. 
-Trial 132 0 42376298 9.260198
* 133: Cost = 0_42342384, Time = 6.78 sec. 
-Trial 133 0 42342384 9.283376
-Trial 134 0 42342384 9.307263
-Trial 135 0 42342384 9.330339
-Trial 136 0 42342384 9.351387
-Trial 137 0 42342384 9.363505
-Trial 138 0 42342384 9.499190
-Trial 139 0 42342384 9.534233
-Trial 140 0 42342384 9.554963
* 141: Cost = 0_42310663, Time = 7.06 sec. 
-Trial 141 0 42310663 9.560874
-Trial 142 0 42310663 9.599967
-Trial 143 0 42310663 9.603837
-Trial 144 0 42310663 9.622537
-Trial 145 0 42310663 9.641801
-Trial 146 0 42310663 9.682326
* 147: Cost = 0_42117502, Time = 7.19 sec. 
-Trial 147 0 42117502 9.697239
-Trial 148 0 42117502 9.743433
-Trial 149 0 42117502 9.853998
-Trial 150 0 42117502 9.864045
-Trial 151 0 42117502 9.872792
-Trial 152 0 42117502 9.874044
-Trial 153 0 42117502 9.924963
* 154: Cost = 0_42096148, Time = 7.46 sec. 
-Trial 154 0 42096148 9.963211
-Trial 155 0 42096148 9.981411
-Trial 156 0 42096148 10.004659
-Trial 157 0 42096148 10.012939
-Trial 158 0 42096148 10.019787
-Trial 159 0 42096148 10.027881
-Trial 160 0 42096148 10.029827
-Trial 161 0 42096148 10.062158
-Trial 162 0 42096148 10.080474
-Trial 163 0 42096148 10.139646
-Trial 164 0 42096148 10.171745
* 165: Cost = 0_42089235, Time = 7.68 sec. 
-Trial 165 0 42089235 10.185240
-Trial 166 0 42089235 10.191401
* 167: Cost = 0_41932188, Time = 7.72 sec. 
-Trial 167 0 41932188 10.220715
* 168: Cost = 0_41931119, Time = 7.72 sec. 
-Trial 168 0 41931119 10.229498
-Trial 169 0 41931119 10.248208
-Trial 170 0 41931119 10.263510
-Trial 171 0 41931119 10.271926
-Trial 172 0 41931119 10.274541
-Trial 173 0 41931119 10.322272
-Trial 174 0 41931119 10.325375
* 175: Cost = 0_41918228, Time = 7.83 sec. 
-Trial 175 0 41918228 10.333877
-Trial 176 0 41918228 10.341708
-Trial 177 0 41918228 10.362444
-Trial 178 0 41918228 10.364266
-Trial 179 0 41918228 10.374481
-Trial 180 0 41918228 10.386741
-Trial 181 0 41918228 10.420880
-Trial 182 0 41918228 10.433839
-Trial 183 0 41918228 10.437143
-Trial 184 0 41918228 10.463175
-Trial 185 0 41918228 10.474111
* 186: Cost = 0_41910519, Time = 7.98 sec. 
-Trial 186 0 41910519 10.481039
-Trial 187 0 41910519 10.491015
-Trial 188 0 41910519 10.542819
-Trial 189 0 41910519 10.556875
-Trial 190 0 41910519 10.564203
-Trial 191 0 41910519 10.601984
-Trial 192 0 41910519 10.614040
-Trial 193 0 41910519 10.622544
* 194: Cost = 0_41789877, Time = 8.15 sec. 
-Trial 194 0 41789877 10.655608
-Trial 195 0 41789877 10.699100
* 196: Cost = 0_41766697, Time = 8.20 sec. 
-Trial 196 0 41766697 10.704653
-Trial 197 0 41766697 10.845476
* 198: Cost = 0_41608952, Time = 8.36 sec. 
-Trial 198 0 41608952 10.865634
-Trial 199 0 41608952 10.880860
* 200: Cost = 0_41573196, Time = 8.39 sec. 
-Trial 200 0 41573196 10.898720
-Trial 201 0 41573196 10.920323
* 202: Cost = 0_41539820, Time = 8.47 sec. 
-Trial 202 0 41539820 10.977981
-Trial 203 0 41539820 10.990380
-Trial 204 0 41539820 11.022182
-Trial 205 0 41539820 11.058750
-Trial 206 0 41539820 11.081682
-Trial 207 0 41539820 11.103918
* 208: Cost = 0_41534338, Time = 8.61 sec. 
-Trial 208 0 41534338 11.117978
-Trial 209 0 41534338 11.190965
* 210: Cost = 0_41522333, Time = 8.69 sec. 
-Trial 210 0 41522333 11.194459
-Trial 211 0 41522333 11.197620
-Trial 212 0 41522333 11.223458
-Trial 213 0 41522333 11.238791
-Trial 214 0 41522333 11.260232
-Trial 215 0 41522333 11.263453
* 216: Cost = 0_41293369, Time = 8.87 sec. 
-Trial 216 0 41293369 11.371757
-Trial 217 0 41293369 11.382544
-Trial 218 0 41293369 11.386876
-Trial 219 0 41293369 11.393184
-Trial 220 0 41293369 11.408537
-Trial 221 0 41293369 11.411735
* 222: Cost = 0_41127448, Time = 8.92 sec. 
-Trial 222 0 41127448 11.425106
-Trial 223 0 41127448 11.430296
-Trial 224 0 41127448 11.444585
-Trial 225 0 41127448 11.460224
-Trial 226 0 41127448 11.464267
-Trial 227 0 41127448 11.468352
-Trial 228 0 41127448 11.504032
-Trial 229 0 41127448 11.510665
-Trial 230 0 41127448 11.519987
-Trial 231 0 41127448 11.531742
-Trial 232 0 41127448 11.546571
* 233: Cost = 0_41097391, Time = 9.05 sec. 
-Trial 233 0 41097391 11.556934
-Trial 234 0 41097391 11.557609
* 235: Cost = 0_41092404, Time = 9.08 sec. 
-Trial 235 0 41092404 11.586851
-Trial 236 0 41092404 11.610009
-Trial 237 0 41092404 11.619035
-Trial 238 0 41092404 11.674562
-Trial 239 0 41092404 11.674921
-Trial 240 0 41092404 11.683580
-Trial 241 0 41092404 11.713462
-Trial 242 0 41092404 11.749744
-Trial 243 0 41092404 11.752285
-Trial 244 0 41092404 11.753628
* 245: Cost = 0_41081064, Time = 9.26 sec. 
-Trial 245 0 41081064 11.763808
-Trial 246 0 41081064 11.764245
-Trial 247 0 41081064 11.775188
-Trial 248 0 41081064 11.777672
-Trial 249 0 41081064 11.804075
-Trial 250 0 41081064 11.816135
-Trial 251 0 41081064 11.838186
-Trial 252 0 41081064 11.861589
-Trial 253 0 41081064 11.881124
-Trial 254 0 41081064 11.883706
-Trial 255 0 41081064 11.892722
-Trial 256 0 41081064 11.897659
-Trial 257 0 41081064 11.923268
-Trial 258 0 41081064 11.929082
-Trial 259 0 41081064 11.948409
-Trial 260 0 41081064 12.061187
-Trial 261 0 41081064 12.073621
-Trial 262 0 41081064 12.090117
-Trial 263 0 41081064 12.130275
-Trial 264 0 41081064 12.132967
-Trial 265 0 41081064 12.134057
-Trial 266 0 41081064 12.154623
-Trial 267 0 41081064 12.167719
-Trial 268 0 41081064 12.187124
-Trial 269 0 41081064 12.187627
-Trial 270 0 41081064 12.190108
-Trial 271 0 41081064 12.235950
-Trial 272 0 41081064 12.237554
-Trial 273 0 41081064 12.254052
-Trial 274 0 41081064 12.263160
-Trial 275 0 41081064 12.286462
-Trial 276 0 41081064 12.315195
-Trial 277 0 41081064 12.353259
-Trial 278 0 41081064 12.361731
* 279: Cost = 0_41033103, Time = 9.89 sec. 
-Trial 279 0 41033103 12.395100
-Trial 280 0 41033103 12.401560
-Trial 281 0 41033103 12.465091
-Trial 282 0 41033103 12.495091
-Trial 283 0 41033103 12.516283
-Trial 284 0 41033103 12.525626
* 285: Cost = 0_41027453, Time = 10.02 sec. 
-Trial 285 0 41027453 12.528935
-Trial 286 0 41027453 12.560561
* 287: Cost = 0_41023807, Time = 10.07 sec. 
-Trial 287 0 41023807 12.575626
-Trial 288 0 41023807 12.581889
-Trial 289 0 41023807 12.600635
-Trial 290 0 41023807 12.648603
-Trial 291 0 41023807 12.660009
* 292: Cost = 0_41002145, Time = 10.16 sec. 
-Trial 292 0 41002145 12.662550
-Trial 293 0 41002145 12.686163
* 294: Cost = 0_40976904, Time = 10.20 sec. 
-Trial 294 0 40976904 12.708109
-Trial 295 0 40976904 12.720633
-Trial 296 0 40976904 12.726569
-Trial 297 0 40976904 12.736549
-Trial 298 0 40976904 12.745397
* 299: Cost = 0_40959221, Time = 10.25 sec. 
-Trial 299 0 40959221 12.753404
-Trial 300 0 40959221 12.770806
-Trial 301 0 40959221 12.775605
* 302: Cost = 0_40815674, Time = 10.29 sec. 
-Trial 302 0 40815674 12.791082
-Trial 303 0 40815674 12.811646
-Trial 304 0 40815674 12.843375
-Trial 305 0 40815674 12.849843
-Trial 306 0 40815674 12.866701
-Trial 307 0 40815674 12.879783
-Trial 308 0 40815674 12.890611
-Trial 309 0 40815674 12.900813
-Trial 310 0 40815674 12.921961
-Trial 311 0 40815674 12.927706
-Trial 312 0 40815674 12.951012
-Trial 313 0 40815674 12.972594
-Trial 314 0 40815674 12.988047
-Trial 315 0 40815674 12.991532
-Trial 316 0 40815674 12.992461
-Trial 317 0 40815674 13.009344
-Trial 318 0 40815674 13.013953
-Trial 319 0 40815674 13.071079
-Trial 320 0 40815674 13.083131
-Trial 321 0 40815674 13.107070
-Trial 322 0 40815674 13.137089
-Trial 323 0 40815674 13.153182
* 324: Cost = 0_40775104, Time = 10.69 sec. 
-Trial 324 0 40775104 13.193754
-Trial 325 0 40775104 13.213873
-Trial 326 0 40775104 13.242649
-Trial 327 0 40775104 13.356940
-Trial 328 0 40775104 13.360597
-Trial 329 0 40775104 13.379044
-Trial 330 0 40775104 13.383914
-Trial 331 0 40775104 13.407639
-Trial 332 0 40775104 13.418133
-Trial 333 0 40775104 13.462439
* 334: Cost = 0_40772608, Time = 11.02 sec. 
-Trial 334 0 40772608 13.520368
-Trial 335 0 40772608 13.531571
-Trial 336 0 40772608 13.560442
-Trial 337 0 40772608 13.578305
* 338: Cost = 0_40666324, Time = 11.12 sec. 
-Trial 338 0 40666324 13.627320
-Trial 339 0 40666324 13.665822
-Trial 340 0 40666324 13.765448
-Trial 341 0 40666324 13.777119
* 342: Cost = 0_40446096, Time = 11.28 sec. 
-Trial 342 0 40446096 13.785385
-Trial 343 0 40446096 13.816639
-Trial 344 0 40446096 13.836056
-Trial 345 0 40446096 13.904462
-Trial 346 0 40446096 13.925038
-Trial 347 0 40446096 13.928565
* 348: Cost = 0_40419130, Time = 11.43 sec. 
-Trial 348 0 40419130 13.939759
-Trial 349 0 40419130 13.945393
-Trial 350 0 40419130 13.958123
-Trial 351 0 40419130 13.966934
-Trial 352 0 40419130 13.992906
-Trial 353 0 40419130 14.013977
-Trial 354 0 40419130 14.016990
-Trial 355 0 40419130 14.021201
-Trial 356 0 40419130 14.068876
-Trial 357 0 40419130 14.071016
-Trial 358 0 40419130 14.079142
-Trial 359 0 40419130 14.100178
-Trial 360 0 40419130 14.107650
-Trial 361 0 40419130 14.157979
-Trial 362 0 40419130 14.171014
-Trial 363 0 40419130 14.173447
-Trial 364 0 40419130 14.197003
-Trial 365 0 40419130 14.210284
-Trial 366 0 40419130 14.231399
-Trial 367 0 40419130 14.261054
-Trial 368 0 40419130 14.354397
-Trial 369 0 40419130 14.362036
-Trial 370 0 40419130 14.383698
-Trial 371 0 40419130 14.473426
-Trial 372 0 40419130 14.486832
-Trial 373 0 40419130 14.490041
-Trial 374 0 40419130 14.506744
-Trial 375 0 40419130 14.518441
-Trial 376 0 40419130 14.537709
-Trial 377 0 40419130 14.542056
-Trial 378 0 40419130 14.594614
-Trial 379 0 40419130 14.595257
-Trial 380 0 40419130 14.597789
-Trial 381 0 40419130 14.614030
* 382: Cost = 0_40362158, Time = 12.13 sec. 
-Trial 382 0 40362158 14.634679
-Trial 383 0 40362158 14.657602
-Trial 384 0 40362158 14.665371
-Trial 385 0 40362158 14.687133
-Trial 386 0 40362158 14.718484
-Trial 387 0 40362158 14.732501
-Trial 388 0 40362158 14.755997
-Trial 389 0 40362158 14.762741
-Trial 390 0 40362158 14.799239
-Trial 391 0 40362158 14.822003
-Trial 392 0 40362158 14.831026
-Trial 393 0 40362158 14.833629
-Trial 394 0 40362158 14.847242
-Trial 395 0 40362158 14.872570
-Trial 396 0 40362158 15.083212
* 397: Cost = 0_40351097, Time = 12.60 sec. 
-Trial 397 0 40351097 15.104545
-Trial 398 0 40351097 15.106418
-Trial 399 0 40351097 15.137078
-Trial 400 0 40351097 15.175660
-Trial 401 0 40351097 15.271236
-Trial 402 0 40351097 15.279165
-Trial 403 0 40351097 15.287706
-Trial 404 0 40351097 15.312186
-Trial 405 0 40351097 15.344058
-Trial 406 0 40351097 15.356842
-Trial 407 0 40351097 15.372100
-Trial 408 0 40351097 15.375995
-Trial 409 0 40351097 15.379728
-Trial 410 0 40351097 15.525277
-Trial 411 0 40351097 15.539835
-Trial 412 0 40351097 15.582480
-Trial 413 0 40351097 15.592817
-Trial 414 0 40351097 15.641240
-Trial 415 0 40351097 15.671601
-Trial 416 0 40351097 15.732417
-Trial 417 0 40351097 15.735924
-Trial 418 0 40351097 15.754046
-Trial 419 0 40351097 15.762503
-Trial 420 0 40351097 15.768508
* 421: Cost = 0_40341719, Time = 13.28 sec. 
-Trial 421 0 40341719 15.783228
-Trial 422 0 40341719 15.802545
-Trial 423 0 40341719 15.813016
* 424: Cost = 0_40337776, Time = 13.32 sec. 
-Trial 424 0 40337776 15.827021
-Trial 425 0 40337776 15.836469
-Trial 426 0 40337776 15.850061
-Trial 427 0 40337776 15.870376
-Trial 428 0 40337776 15.883288
* 429: Cost = 0_40281601, Time = 13.42 sec. 
-Trial 429 0 40281601 15.922903
-Trial 430 0 40281601 15.927340
-Trial 431 0 40281601 15.964221
-Trial 432 0 40281601 15.967384
-Trial 433 0 40281601 15.986987
-Trial 434 0 40281601 16.010833
-Trial 435 0 40281601 16.024716
-Trial 436 0 40281601 16.073467
-Trial 437 0 40281601 16.098427
-Trial 438 0 40281601 16.107990
-Trial 439 0 40281601 16.117557
-Trial 440 0 40281601 16.144743
-Trial 441 0 40281601 16.172774
-Trial 442 0 40281601 16.175761
-Trial 443 0 40281601 16.181024
-Trial 444 0 40281601 16.267006
-Trial 445 0 40281601 16.270281
-Trial 446 0 40281601 16.280632
-Trial 447 0 40281601 16.305997
-Trial 448 0 40281601 16.308641
-Trial 449 0 40281601 16.340913
-Trial 450 0 40281601 16.352635
-Trial 451 0 40281601 16.390738
-Trial 452 0 40281601 16.413437
* 453: Cost = 0_40273668, Time = 13.92 sec. 
-Trial 453 0 40273668 16.423702
-Trial 454 0 40273668 16.465088
-Trial 455 0 40273668 16.494615
-Trial 456 0 40273668 16.496304
-Trial 457 0 40273668 16.498121
-Trial 458 0 40273668 16.546518
-Trial 459 0 40273668 16.604064
-Trial 460 0 40273668 16.662450
-Trial 461 0 40273668 16.712095
-Trial 462 0 40273668 16.751346
-Trial 463 0 40273668 16.797150
-Trial 464 0 40273668 16.811900
-Trial 465 0 40273668 16.843637
-Trial 466 0 40273668 16.861641
-Trial 467 0 40273668 16.863028
-Trial 468 0 40273668 16.926316
-Trial 469 0 40273668 16.985157
-Trial 470 0 40273668 16.986898
* 471: Cost = 0_40199568, Time = 14.49 sec. 
-Trial 471 0 40199568 16.999328
-Trial 472 0 40199568 17.008865
-Trial 473 0 40199568 17.088623
-Trial 474 0 40199568 17.102454
-Trial 475 0 40199568 17.107267
-Trial 476 0 40199568 17.116690
* 477: Cost = 0_40191914, Time = 14.65 sec. 
-Trial 477 0 40191914 17.157733
* 478: Cost = 0_40164100, Time = 14.69 sec. 
-Trial 478 0 40164100 17.193447
-Trial 479 0 40164100 17.241881
-Trial 480 0 40164100 17.262713
-Trial 481 0 40164100 17.323938
-Trial 482 0 40164100 17.324351
-Trial 483 0 40164100 17.334858
-Trial 484 0 40164100 17.347936
-Trial 485 0 40164100 17.370492
-Trial 486 0 40164100 17.494501
-Trial 487 0 40164100 17.514894
-Trial 488 0 40164100 17.558923
-Trial 489 0 40164100 17.561092
-Trial 490 0 40164100 17.581057
-Trial 491 0 40164100 17.592720
-Trial 492 0 40164100 17.632590
-Trial 493 0 40164100 17.670658
-Trial 494 0 40164100 17.680641
-Trial 495 0 40164100 17.697450
-Trial 496 0 40164100 17.711188
-Trial 497 0 40164100 17.735605
-Trial 498 0 40164100 17.745243
-Trial 499 0 40164100 17.753985
-Trial 500 0 40164100 17.764471
-Trial 501 0 40164100 17.776379
-Trial 502 0 40164100 17.811880
-Trial 503 0 40164100 17.834855
-Trial 504 0 40164100 17.848998
-Trial 505 0 40164100 17.876177
-Trial 506 0 40164100 17.904393
-Trial 507 0 40164100 17.999478
-Trial 508 0 40164100 18.027080
-Trial 509 0 40164100 18.082158
-Trial 510 0 40164100 18.086219
-Trial 511 0 40164100 18.097828
-Trial 512 0 40164100 18.108588
-Trial 513 0 40164100 18.112508
-Trial 514 0 40164100 18.144739
-Trial 515 0 40164100 18.160993
-Trial 516 0 40164100 18.171817
-Trial 517 0 40164100 18.183324
-Trial 518 0 40164100 18.215793
-Trial 519 0 40164100 18.226178
-Trial 520 0 40164100 18.326162
-Trial 521 0 40164100 18.341997
-Trial 522 0 40164100 18.371613
-Trial 523 0 40164100 18.412818
-Trial 524 0 40164100 18.421239
-Trial 525 0 40164100 18.428227
-Trial 526 0 40164100 18.430373
-Trial 527 0 40164100 18.439664
-Trial 528 0 40164100 18.459335
-Trial 529 0 40164100 18.462932
-Trial 530 0 40164100 18.481777
-Trial 531 0 40164100 18.493749
-Trial 532 0 40164100 18.512904
-Trial 533 0 40164100 18.534388
-Trial 534 0 40164100 18.545045
-Trial 535 0 40164100 18.594929
-Trial 536 0 40164100 18.601039
-Trial 537 0 40164100 18.619202
-Trial 538 0 40164100 18.767206
-Trial 539 0 40164100 18.799885
-Trial 540 0 40164100 18.811492
-Trial 541 0 40164100 18.840467
-Trial 542 0 40164100 18.913327
-Trial 543 0 40164100 18.943512
-Trial 544 0 40164100 19.001310
-Trial 545 0 40164100 19.024489
-Trial 546 0 40164100 19.034612
-Trial 547 0 40164100 19.082094
* 548: Cost = 0_40163860, Time = 16.73 sec. 
-Trial 548 0 40163860 19.237881
-Trial 549 0 40163860 19.313679
-Trial 550 0 40163860 19.326045
-Trial 551 0 40163860 19.350913
-Trial 552 0 40163860 19.360124
-Trial 553 0 40163860 19.372903
-Trial 554 0 40163860 19.378035
-Trial 555 0 40163860 19.406382
* 556: Cost = 0_40150141, Time = 16.91 sec. 
-Trial 556 0 40150141 19.417025
-Trial 557 0 40150141 19.509722
-Trial 558 0 40150141 19.536589
-Trial 559 0 40150141 19.562044
-Trial 560 0 40150141 19.577845
-Trial 561 0 40150141 19.593166
-Trial 562 0 40150141 19.660609
-Trial 563 0 40150141 19.729866
-Trial 564 0 40150141 19.916883
-Trial 565 0 40150141 19.991367
-Trial 566 0 40150141 19.993083
-Trial 567 0 40150141 20.125784
-Trial 568 0 40150141 20.138291
-Trial 569 0 40150141 20.151523
-Trial 570 0 40150141 20.181804
-Trial 571 0 40150141 20.196172
-Trial 572 0 40150141 20.214840
-Trial 573 0 40150141 20.240702
-Trial 574 0 40150141 20.253099
-Trial 575 0 40150141 20.263759
-Trial 576 0 40150141 20.291992
-Trial 577 0 40150141 20.328078
-Trial 578 0 40150141 20.336225
-Trial 579 0 40150141 20.367885
-Trial 580 0 40150141 20.415595
-Trial 581 0 40150141 20.427026
-Trial 582 0 40150141 20.448257
-Trial 583 0 40150141 20.461849
-Trial 584 0 40150141 20.469122
-Trial 585 0 40150141 20.476488
-Trial 586 0 40150141 20.501841
-Trial 587 0 40150141 20.523840
-Trial 588 0 40150141 20.571514
-Trial 589 0 40150141 20.578140
-Trial 590 0 40150141 20.582900
-Trial 591 0 40150141 20.612396
-Trial 592 0 40150141 20.622256
-Trial 593 0 40150141 20.748349
-Trial 594 0 40150141 20.751644
-Trial 595 0 40150141 20.777928
-Trial 596 0 40150141 20.790937
-Trial 597 0 40150141 20.799231
-Trial 598 0 40150141 20.807150
-Trial 599 0 40150141 20.824026
-Trial 600 0 40150141 20.840196
-Trial 601 0 40150141 20.895992
-Trial 602 0 40150141 20.903498
-Trial 603 0 40150141 21.026094
-Trial 604 0 40150141 21.127393
-Trial 605 0 40150141 21.130576
-Trial 606 0 40150141 21.130992
-Trial 607 0 40150141 21.137172
-Trial 608 0 40150141 21.150761
-Trial 609 0 40150141 21.159464
-Trial 610 0 40150141 21.165283
-Trial 611 0 40150141 21.208554
-Trial 612 0 40150141 21.263137
-Trial 613 0 40150141 21.270878
-Trial 614 0 40150141 21.274883
-Trial 615 0 40150141 21.288782
-Trial 616 0 40150141 21.312102
-Trial 617 0 40150141 21.344951
-Trial 618 0 40150141 21.355219
-Trial 619 0 40150141 21.372136
-Trial 620 0 40150141 21.397133
-Trial 621 0 40150141 21.443718
-Trial 622 0 40150141 21.450270
-Trial 623 0 40150141 21.453174
-Trial 624 0 40150141 21.456501
-Trial 625 0 40150141 21.720719
-Trial 626 0 40150141 21.765396
-Trial 627 0 40150141 21.767967
-Trial 628 0 40150141 21.790228
-Trial 629 0 40150141 21.833108
-Trial 630 0 40150141 21.840694
-Trial 631 0 40150141 21.865307
-Trial 632 0 40150141 21.986918
-Trial 633 0 40150141 22.009150
-Trial 634 0 40150141 22.124911
-Trial 635 0 40150141 22.126315
-Trial 636 0 40150141 22.154747
-Trial 637 0 40150141 22.200847
-Trial 638 0 40150141 22.209959
-Trial 639 0 40150141 22.258429
-Trial 640 0 40150141 22.265822
-Trial 641 0 40150141 22.272586
-Trial 642 0 40150141 22.277105
-Trial 643 0 40150141 22.313386
-Trial 644 0 40150141 22.346179
-Trial 645 0 40150141 22.351299
-Trial 646 0 40150141 22.352246
-Trial 647 0 40150141 22.420213
-Trial 648 0 40150141 22.472270
-Trial 649 0 40150141 22.487678
* 650: Cost = 0_40139352, Time = 20.00 sec. 
-Trial 650 0 40139352 22.503937
-Trial 651 0 40139352 22.516328
-Trial 652 0 40139352 22.526387
-Trial 653 0 40139352 22.550055
-Trial 654 0 40139352 22.600970
-Trial 655 0 40139352 22.619085
-Trial 656 0 40139352 22.633848
-Trial 657 0 40139352 22.657731
-Trial 658 0 40139352 22.666503
-Trial 659 0 40139352 22.682965
-Trial 660 0 40139352 22.740971
-Trial 661 0 40139352 22.746140
-Trial 662 0 40139352 22.814009
-Trial 663 0 40139352 22.821450
-Trial 664 0 40139352 22.905393
-Trial 665 0 40139352 22.926987
-Trial 666 0 40139352 22.951340
-Trial 667 0 40139352 22.981520
-Trial 668 0 40139352 23.012221
-Trial 669 0 40139352 23.054393
-Trial 670 0 40139352 23.093061
-Trial 671 0 40139352 23.099685
-Trial 672 0 40139352 23.105681
-Trial 673 0 40139352 23.156036
-Trial 674 0 40139352 23.162731
-Trial 675 0 40139352 23.169531
-Trial 676 0 40139352 23.188377
-Trial 677 0 40139352 23.195737
-Trial 678 0 40139352 23.237814
-Trial 679 0 40139352 23.252023
-Trial 680 0 40139352 23.327244
-Trial 681 0 40139352 23.350952
-Trial 682 0 40139352 23.413882
-Trial 683 0 40139352 23.435922
-Trial 684 0 40139352 23.437891
-Trial 685 0 40139352 23.461489
-Trial 686 0 40139352 23.469876
-Trial 687 0 40139352 23.481920
-Trial 688 0 40139352 23.485375
-Trial 689 0 40139352 23.499885
-Trial 690 0 40139352 23.561330
-Trial 691 0 40139352 23.612405
-Trial 692 0 40139352 23.619863
-Trial 693 0 40139352 23.623513
-Trial 694 0 40139352 23.628500
-Trial 695 0 40139352 23.684589
-Trial 696 0 40139352 23.724252
-Trial 697 0 40139352 23.777500
-Trial 698 0 40139352 23.794743
-Trial 699 0 40139352 23.801177
-Trial 700 0 40139352 23.836662
-Trial 701 0 40139352 23.855301
-Trial 702 0 40139352 23.887880
-Trial 703 0 40139352 23.899584
-Trial 704 0 40139352 23.928117
-Trial 705 0 40139352 23.932549
-Trial 706 0 40139352 24.047822
-Trial 707 0 40139352 24.053547
-Trial 708 0 40139352 24.136375
-Trial 709 0 40139352 24.154183
-Trial 710 0 40139352 24.172119
-Trial 711 0 40139352 24.219675
-Trial 712 0 40139352 24.241749
-Trial 713 0 40139352 24.248686
-Trial 714 0 40139352 24.287936
-Trial 715 0 40139352 24.307722
-Trial 716 0 40139352 24.315498
-Trial 717 0 40139352 24.329847
-Trial 718 0 40139352 24.367783
-Trial 719 0 40139352 24.403027
-Trial 720 0 40139352 24.406251
-Trial 721 0 40139352 24.416210
-Trial 722 0 40139352 24.423953
-Trial 723 0 40139352 24.434610
-Trial 724 0 40139352 24.437294
-Trial 725 0 40139352 24.450575
-Trial 726 0 40139352 24.482156
-Trial 727 0 40139352 24.532266
-Trial 728 0 40139352 24.554715
-Trial 729 0 40139352 24.561584
-Trial 730 0 40139352 24.576039
-Trial 731 0 40139352 24.697144
-Trial 732 0 40139352 24.720559
-Trial 733 0 40139352 24.731464
-Trial 734 0 40139352 24.733883
-Trial 735 0 40139352 24.748020
-Trial 736 0 40139352 24.758175
-Trial 737 0 40139352 24.854841
-Trial 738 0 40139352 24.899563
-Trial 739 0 40139352 24.914003
-Trial 740 0 40139352 24.960982
-Trial 741 0 40139352 24.970760
-Trial 742 0 40139352 24.980749
-Trial 743 0 40139352 24.995725
-Trial 744 0 40139352 25.057395
-Trial 745 0 40139352 25.092232
-Trial 746 0 40139352 25.097719
-Trial 747 0 40139352 25.118531
-Trial 748 0 40139352 25.140478
-Trial 749 0 40139352 25.156358
-Trial 750 0 40139352 25.157778
-Trial 751 0 40139352 25.162154
-Trial 752 0 40139352 25.170911
-Trial 753 0 40139352 25.241402
-Trial 754 0 40139352 25.265613
-Trial 755 0 40139352 25.266850
-Trial 756 0 40139352 25.288722
-Trial 757 0 40139352 25.324697
-Trial 758 0 40139352 25.347630
-Trial 759 0 40139352 25.371996
-Trial 760 0 40139352 25.445415
-Trial 761 0 40139352 25.460446
-Trial 762 0 40139352 25.468020
-Trial 763 0 40139352 25.499097
-Trial 764 0 40139352 25.524410
-Trial 765 0 40139352 25.526739
-Trial 766 0 40139352 25.536953
-Trial 767 0 40139352 25.570017
-Trial 768 0 40139352 25.585521
-Trial 769 0 40139352 25.646109
-Trial 770 0 40139352 25.663096
-Trial 771 0 40139352 25.665324
-Trial 772 0 40139352 25.703908
-Trial 773 0 40139352 25.719932
-Trial 774 0 40139352 25.722360
-Trial 775 0 40139352 25.742217
-Trial 776 0 40139352 25.748834
-Trial 777 0 40139352 25.755173
-Trial 778 0 40139352 25.758252
-Trial 779 0 40139352 25.790251
-Trial 780 0 40139352 25.802097
-Trial 781 0 40139352 25.808242
-Trial 782 0 40139352 25.817796
-Trial 783 0 40139352 25.874363
-Trial 784 0 40139352 25.890184
-Trial 785 0 40139352 25.892923
-Trial 786 0 40139352 25.905741
-Trial 787 0 40139352 25.923515
-Trial 788 0 40139352 25.939187
-Trial 789 0 40139352 25.952940
-Trial 790 0 40139352 25.957200
-Trial 791 0 40139352 25.969132
-Trial 792 0 40139352 26.017159
-Trial 793 0 40139352 26.081894
-Trial 794 0 40139352 26.135037
-Trial 795 0 40139352 26.156320
-Trial 796 0 40139352 26.166751
-Trial 797 0 40139352 26.175504
-Trial 798 0 40139352 26.200478
-Trial 799 0 40139352 26.216970
-Trial 800 0 40139352 26.239136
-Trial 801 0 40139352 26.240497
-Trial 802 0 40139352 26.252214
-Trial 803 0 40139352 26.354986
-Trial 804 0 40139352 26.412138
-Trial 805 0 40139352 26.441794
-Trial 806 0 40139352 26.484640
-Trial 807 0 40139352 26.494657
-Trial 808 0 40139352 26.521426
-Trial 809 0 40139352 26.522549
-Trial 810 0 40139352 26.532376
-Trial 811 0 40139352 26.690244
-Trial 812 0 40139352 26.702085
-Trial 813 0 40139352 26.725426
-Trial 814 0 40139352 26.753019
-Trial 815 0 40139352 26.768757
-Trial 816 0 40139352 26.785903
-Trial 817 0 40139352 26.805380
-Trial 818 0 40139352 26.817078
-Trial 819 0 40139352 26.829799
-Trial 820 0 40139352 26.856419
-Trial 821 0 40139352 26.888762
-Trial 822 0 40139352 26.915867
-Trial 823 0 40139352 26.946339
-Trial 824 0 40139352 26.962939
-Trial 825 0 40139352 26.973276
-Trial 826 0 40139352 26.987059
-Trial 827 0 40139352 27.013028
-Trial 828 0 40139352 27.155431
-Trial 829 0 40139352 27.170534
-Trial 830 0 40139352 27.197565
-Trial 831 0 40139352 27.229253
-Trial 832 0 40139352 27.234202
* 833: Cost = 0_40132845, Time = 24.75 sec. 
-Trial 833 0 40132845 27.257807
-Trial 834 0 40132845 27.307307
-Trial 835 0 40132845 27.316931
-Trial 836 0 40132845 27.322419
-Trial 837 0 40132845 27.362477
-Trial 838 0 40132845 27.407827
-Trial 839 0 40132845 27.446454
-Trial 840 0 40132845 27.454119
-Trial 841 0 40132845 27.463008
-Trial 842 0 40132845 27.469498
-Trial 843 0 40132845 27.492716
-Trial 844 0 40132845 27.571219
-Trial 845 0 40132845 27.573899
-Trial 846 0 40132845 27.627867
-Trial 847 0 40132845 27.642210
-Trial 848 0 40132845 27.661745
-Trial 849 0 40132845 27.674298
-Trial 850 0 40132845 27.707443
-Trial 851 0 40132845 27.778261
-Trial 852 0 40132845 27.847928
-Trial 853 0 40132845 27.907039
-Trial 854 0 40132845 27.976728
-Trial 855 0 40132845 27.984708
* 856: Cost = 0_40028551, Time = 25.52 sec. 
-Trial 856 0 40028551 28.020917
-Trial 857 0 40028551 28.031673
-Trial 858 0 40028551 28.043001
-Trial 859 0 40028551 28.043767
-Trial 860 0 40028551 28.060184
-Trial 861 0 40028551 28.093119
-Trial 862 0 40028551 28.109657
-Trial 863 0 40028551 28.112452
-Trial 864 0 40028551 28.115724
-Trial 865 0 40028551 28.131010
-Trial 866 0 40028551 28.172692
-Trial 867 0 40028551 28.219230
-Trial 868 0 40028551 28.244712
-Trial 869 0 40028551 28.253606
-Trial 870 0 40028551 28.296067
-Trial 871 0 40028551 28.307093
-Trial 872 0 40028551 28.314018
-Trial 873 0 40028551 28.324024
-Trial 874 0 40028551 28.336448
-Trial 875 0 40028551 28.337333
-Trial 876 0 40028551 28.349198
-Trial 877 0 40028551 28.369972
-Trial 878 0 40028551 28.414920
-Trial 879 0 40028551 28.447174
-Trial 880 0 40028551 28.595093
-Trial 881 0 40028551 28.640877
-Trial 882 0 40028551 28.658431
-Trial 883 0 40028551 28.692144
-Trial 884 0 40028551 28.732778
-Trial 885 0 40028551 28.780012
-Trial 886 0 40028551 28.791739
-Trial 887 0 40028551 28.836791
-Trial 888 0 40028551 28.869282
-Trial 889 0 40028551 28.888973
-Trial 890 0 40028551 28.894250
-Trial 891 0 40028551 28.961980
-Trial 892 0 40028551 29.053122
-Trial 893 0 40028551 29.078094
-Trial 894 0 40028551 29.089180
-Trial 895 0 40028551 29.093119
-Trial 896 0 40028551 29.139404
-Trial 897 0 40028551 29.152255
-Trial 898 0 40028551 29.170403
-Trial 899 0 40028551 29.184372
-Trial 900 0 40028551 29.187524
-Trial 901 0 40028551 29.230189
-Trial 902 0 40028551 29.234241
-Trial 903 0 40028551 29.240936
-Trial 904 0 40028551 29.250537
-Trial 905 0 40028551 29.286958
-Trial 906 0 40028551 29.287770
-Trial 907 0 40028551 29.304462
-Trial 908 0 40028551 29.316438
-Trial 909 0 40028551 29.329232
-Trial 910 0 40028551 29.349944
-Trial 911 0 40028551 29.350539
-Trial 912 0 40028551 29.368616
-Trial 913 0 40028551 29.437318
-Trial 914 0 40028551 29.451015
-Trial 915 0 40028551 29.463357
-Trial 916 0 40028551 29.482843
-Trial 917 0 40028551 29.501688
-Trial 918 0 40028551 29.512787
-Trial 919 0 40028551 29.542693
-Trial 920 0 40028551 29.689534
-Trial 921 0 40028551 29.776128
-Trial 922 0 40028551 29.782306
-Trial 923 0 40028551 29.810405
-Trial 924 0 40028551 29.817818
-Trial 925 0 40028551 29.850264
-Trial 926 0 40028551 29.890036
-Trial 927 0 40028551 29.920781
-Trial 928 0 40028551 29.949837
-Trial 929 0 40028551 29.959343
-Trial 930 0 40028551 29.971490
-Trial 931 0 40028551 29.983609
-Trial 932 0 40028551 30.051240
-Trial 933 0 40028551 30.126095
-Trial 934 0 40028551 30.137918
-Trial 935 0 40028551 30.171116
-Trial 936 0 40028551 30.199339
-Trial 937 0 40028551 30.202030
-Trial 938 0 40028551 30.215849
-Trial 939 0 40028551 30.226287
-Trial 940 0 40028551 30.330924
-Trial 941 0 40028551 30.342443
-Trial 942 0 40028551 30.450899
-Trial 943 0 40028551 30.457393
-Trial 944 0 40028551 30.526196
-Trial 945 0 40028551 30.533023
-Trial 946 0 40028551 30.546981
-Trial 947 0 40028551 30.555934
-Trial 948 0 40028551 30.573283
-Trial 949 0 40028551 30.579135
-Trial 950 0 40028551 30.634911
-Trial 951 0 40028551 30.667116
-Trial 952 0 40028551 30.692614
-Trial 953 0 40028551 30.719191
-Trial 954 0 40028551 30.823726
-Trial 955 0 40028551 30.834198
-Trial 956 0 40028551 30.861589
-Trial 957 0 40028551 30.864521
-Trial 958 0 40028551 30.878479
-Trial 959 0 40028551 30.888164
-Trial 960 0 40028551 30.931589
-Trial 961 0 40028551 30.955914
-Trial 962 0 40028551 31.065855
-Trial 963 0 40028551 31.075930
-Trial 964 0 40028551 31.120467
-Trial 965 0 40028551 31.142176
-Trial 966 0 40028551 31.157387
-Trial 967 0 40028551 31.168946
-Trial 968 0 40028551 31.183752
-Trial 969 0 40028551 31.256275
-Trial 970 0 40028551 31.363430
-Trial 971 0 40028551 31.380859
-Trial 972 0 40028551 31.434918
-Trial 973 0 40028551 31.464818
-Trial 974 0 40028551 31.467019
-Trial 975 0 40028551 31.474426
-Trial 976 0 40028551 31.493793
-Trial 977 0 40028551 31.503886
-Trial 978 0 40028551 31.525531
-Trial 979 0 40028551 31.532308
-Trial 980 0 40028551 31.535886
-Trial 981 0 40028551 31.550386
-Trial 982 0 40028551 31.560510
-Trial 983 0 40028551 31.639911
-Trial 984 0 40028551 31.665203
-Trial 985 0 40028551 31.667602
-Trial 986 0 40028551 31.680289
-Trial 987 0 40028551 31.687599
-Trial 988 0 40028551 31.698302
-Trial 989 0 40028551 31.708663
-Trial 990 0 40028551 31.727457
-Trial 991 0 40028551 31.770718
-Trial 992 0 40028551 31.841136
-Trial 993 0 40028551 31.846050
-Trial 994 0 40028551 31.874360
-Trial 995 0 40028551 31.886507
-Trial 996 0 40028551 31.946582
-Trial 997 0 40028551 32.006614
-Trial 998 0 40028551 32.014480
-Trial 999 0 40028551 32.053232
-Trial 1000 0 40028551 32.113907
Population:
  1: 0_40028551
Run 1: Cost = 0_40028551, Time = 29.61 sec. 

Successes/Runs = 0/1 
Cost.min = 40028551, Cost.avg = 40028551.00, Cost.max = 40028551
Gap.min = 0.0000%, Gap.avg = 0.0000%, Gap.max = 0.0000%
Penalty.min = 0, Penalty.avg = 0.00, Penalty.max = 0
Trials.min = 1000, Trials.avg = 1000.0, Trials.max = 1000
Time.min = 29.61 sec., Time.avg = 29.61 sec., Time.max = 29.61 sec.
Time.total = 32.11 sec.
  Size.min = 12, Size.max = 45, Penalty = 0
  Cost.min = 683495, Cost.max = 3052464, Cost.sum = 40028551
Best CVRPTW solution:
  Cost = 0_40028551
305 1 218 99 451 224 238 481 167 131 303 172 273 379 85 175 57 500 220 446 163 148 355 164 58 212 454 94 162 516 437 296 154 480 204 452 501 374 213 288 434 206 308 376 445 30 393 291 460 342 407 235 399 391 325 203 37 284 356 88 413 169 473 160 199 5 444 120 180 51 67 337 115 496 276 514 382 11 381 390 135 123 8 143 395 3 26 233 281 319 341 487 488 465 166 519 349 190 474 34 348 147 384 193 375 259 138 269 490 498 152 205 13 31 73 246 241 134 286 462 359 415 467 270 103 184 515 262 339 226 229 471 385 52 335 116 438 41 324 82 156 320 170 126 389 165 292 345 22 40 283 321 217 79 505 71 210 402 363 483 274 420 322 344 47 223 146 142 400 428 29 111 53 48 323 301 140 208 263 358 260 504 340 178 468 66 23 98 298 287 117 332 416 50 214 394 350 248 461 448 442 383 92 421 137 520 367 83 247 200 16 6 39 136 357 423 329 76 86 404 179 431 427 336 49 141 251 432 228 9 122 187 517 14 108 119 388 409 295 351 149 133 161 418 485 96 386 309 307 181 46 254 300 32 387 361 127 314 87 441 472 78 44 405 506 173 430 397 176 426 243 196 453 195 403 492 398 458 266 237 252 186 299 478 312 503 56 412 42 90 443 435 19 63 417 464 369 107 43 289 197 429 280 495 128 392 294 275 24 157 151 470 362 227 509 489 93 457 198 209 192 110 72 97 25 129 290 105 130 20 231 302 499 513 109 433 114 315 21 377 95 144 62 380 318 449 65 378 194 328 360 36 45 242 245 201 240 330 482 334 510 155 183 484 4 436 17 425 54 475 145 124 497 507 253 327 121 100 439 174 189 477 366 352 267 370 373 343 508 185 476 55 406 272 419 10 81 80 191 91 277 168 132 311 354 450 239 502 278 222 459 38 221 232 326 64 372 297 313 353 486 158 268 257 33 207 106 60 493 368 411 159 153 215 512 424 89 75 282 188 18 234 35 59 293 258 364 338 236 306 256 15 414 70 139 455 408 27 463 112 84 150 125 113 255 511 101 304 401 7 331 371 171 271 2 469 104 491 346 77 479 177 182 12 466 250 219 279 440 265 494 518 422 69 230 244 225 264 316 456 285 317 211 28 118 347 410 310 396 249 102 74 216 68 333 365 447 202 61 261 305 
