PARAMETER_FILE = result/cvrptw_500/LKH_para/533.para
Reading PROBLEM_FILE: "result/cvrptw_500/cvrptw/533.cvrptw" ... done
ASCENT_CANDIDATES = 50
BACKBONE_TRIALS = 0
BACKTRACKING = NO
# BWTSP =
# CANDIDATE_FILE =
CANDIDATE_SET_TYPE = ALPHA
DEPOT = 1
# EDGE_FILE =
EXCESS = 0.0384615
EXTERNAL_SALESMEN = 0
EXTRA_CANDIDATES = 0 
EXTRA_CANDIDATE_SET_TYPE = QUADRANT
GAIN23 = NO
GAIN_CRITERION = YES
INITIAL_PERIOD = 520
INITIAL_STEP_SIZE = 1
INITIAL_TOUR_ALGORITHM = WALK
# INITIAL_TOUR_FILE = 
INITIAL_TOUR_FRACTION = 1.000
# INPUT_TOUR_FILE = 
KICK_TYPE = 4
KICKS = 1
# MAX_BREADTH =
MAKESPAN = NO
MAX_CANDIDATES = 5 
MAX_SWAPS = 0
MAX_TRIALS = 1000
# MERGE_TOUR_FILE =
MOVE_TYPE = 5 SPECIAL
MTSP_MIN_SIZE = 1
MTSP_MAX_SIZE = 1039
# MTSP_SOLUTION_FILE = 
# NONSEQUENTIAL_MOVE_TYPE = 5
# OPTIMUM =
# OUTPUT_TOUR_FILE = 
PATCHING_A = 1 
PATCHING_C = 0 
# PI_FILE = 
POPMUSIC_INITIAL_TOUR = NO
POPMUSIC_MAX_NEIGHBORS = 5
POPMUSIC_SAMPLE_SIZE = 10
POPMUSIC_SOLUTIONS = 50
POPMUSIC_TRIALS = 1
POPULATION_SIZE = 10
PRECISION = 100
PROBLEM_FILE = result/cvrptw_500/cvrptw/533.cvrptw
RECOMBINATION = IPT
RESTRICTED_SEARCH = YES
RUNS = 1
SALESMEN = 20
SCALE = 1
SEED = 1234
# SINTEF_SOLUTION_FILE = 
STOP_AT_OPTIMUM = YES
SUBGRADIENT = YES
# SUBPROBLEM_SIZE =
# SUBPROBLEM_TOUR_FILE = 
SUBSEQUENT_MOVE_TYPE = 5 SPECIAL
SUBSEQUENT_PATCHING = YES
# TIME_LIMIT =
# TOUR_FILE = 
TRACE_LEVEL = 1
VEHICLES = 20

Lower bound = 27411826.8, Ascent time = 2.15 sec.
Cand.min = 5, Cand.avg = 5.0, Cand.max = 5
Edges.fixed = 520 [Cost = 0]
Preprocessing time = 2.23 sec.
* 1: Cost = 2070878_53128627, Time = 4.33 sec. 
-Trial 1 2070878 53128627 6.568188
* 2: Cost = 1846348_53475730, Time = 4.60 sec. 
-Trial 2 1846348 53475730 6.839986
-Trial 3 1846348 53475730 6.953365
* 4: Cost = 1846348_52808561, Time = 4.86 sec. 
-Trial 4 1846348 52808561 7.093463
* 5: Cost = 1846348_51729968, Time = 5.14 sec. 
-Trial 5 1846348 51729968 7.377329
-Trial 6 1846348 51729968 7.380649
-Trial 7 1846348 51729968 7.498356
* 8: Cost = 1846348_51441055, Time = 5.39 sec. 
-Trial 8 1846348 51441055 7.625830
-Trial 9 1846348 51441055 7.659974
* 10: Cost = 1846348_51296744, Time = 5.70 sec. 
-Trial 10 1846348 51296744 7.936539
* 11: Cost = 1846348_51158988, Time = 5.84 sec. 
-Trial 11 1846348 51158988 8.072496
-Trial 12 1846348 51158988 8.242171
-Trial 13 1846348 51158988 8.466934
* 14: Cost = 1846348_50203033, Time = 6.70 sec. 
-Trial 14 1846348 50203033 8.932088
* 15: Cost = 1846348_50070777, Time = 6.78 sec. 
-Trial 15 1846348 50070777 9.017376
-Trial 16 1846348 50070777 9.128449
-Trial 17 1846348 50070777 9.225023
* 18: Cost = 1797400_50284507, Time = 7.12 sec. 
-Trial 18 1797400 50284507 9.353149
-Trial 19 1797400 50284507 9.544018
* 20: Cost = 1586838_50924551, Time = 7.43 sec. 
-Trial 20 1586838 50924551 9.670635
-Trial 21 1586838 50924551 9.957677
* 22: Cost = 1586838_50914014, Time = 7.86 sec. 
-Trial 22 1586838 50914014 10.093496
-Trial 23 1586838 50914014 10.171441
-Trial 24 1586838 50914014 10.229854
-Trial 25 1586838 50914014 10.234545
* 26: Cost = 1490336_50503099, Time = 8.36 sec. 
-Trial 26 1490336 50503099 10.594877
* 27: Cost = 1490336_50363008, Time = 8.43 sec. 
-Trial 27 1490336 50363008 10.666273
-Trial 28 1490336 50363008 10.971384
-Trial 29 1490336 50363008 10.976546
-Trial 30 1490336 50363008 11.067428
-Trial 31 1490336 50363008 11.068993
-Trial 32 1490336 50363008 11.073408
-Trial 33 1490336 50363008 11.209804
* 34: Cost = 1490336_50055124, Time = 9.13 sec. 
-Trial 34 1490336 50055124 11.370389
-Trial 35 1490336 50055124 11.478894
* 36: Cost = 1490336_49991832, Time = 9.40 sec. 
-Trial 36 1490336 49991832 11.640834
* 37: Cost = 1490336_49888415, Time = 9.48 sec. 
-Trial 37 1490336 49888415 11.716654
* 38: Cost = 1490336_49863735, Time = 9.67 sec. 
-Trial 38 1490336 49863735 11.906251
-Trial 39 1490336 49863735 12.003442
* 40: Cost = 934871_50243048, Time = 10.03 sec. 
-Trial 40 934871 50243048 12.262178
* 41: Cost = 932947_50218483, Time = 10.14 sec. 
-Trial 41 932947 50218483 12.376496
-Trial 42 932947 50218483 12.433004
-Trial 43 932947 50218483 12.541089
-Trial 44 932947 50218483 12.680608
* 45: Cost = 932947_49549809, Time = 10.58 sec. 
-Trial 45 932947 49549809 12.815030
-Trial 46 932947 49549809 12.995414
-Trial 47 932947 49549809 13.302107
-Trial 48 932947 49549809 13.423065
-Trial 49 932947 49549809 13.471658
* 50: Cost = 932947_49435604, Time = 11.31 sec. 
-Trial 50 932947 49435604 13.546291
-Trial 51 932947 49435604 13.564179
-Trial 52 932947 49435604 13.782569
-Trial 53 932947 49435604 13.794099
-Trial 54 932947 49435604 13.982166
* 55: Cost = 932947_49126520, Time = 11.94 sec. 
-Trial 55 932947 49126520 14.173710
-Trial 56 932947 49126520 14.254945
-Trial 57 932947 49126520 14.338745
-Trial 58 932947 49126520 14.521362
* 59: Cost = 932947_48930398, Time = 12.38 sec. 
-Trial 59 932947 48930398 14.613521
-Trial 60 932947 48930398 14.849909
-Trial 61 932947 48930398 15.094294
-Trial 62 932947 48930398 15.171250
* 63: Cost = 917214_48558476, Time = 13.15 sec. 
-Trial 63 917214 48558476 15.389282
-Trial 64 917214 48558476 15.443192
* 65: Cost = 917214_48516373, Time = 13.34 sec. 
-Trial 65 917214 48516373 15.579219
-Trial 66 917214 48516373 15.680201
-Trial 67 917214 48516373 15.825020
-Trial 68 917214 48516373 15.891080
-Trial 69 917214 48516373 15.952052
* 70: Cost = 917214_48431085, Time = 13.76 sec. 
-Trial 70 917214 48431085 15.999185
-Trial 71 917214 48431085 16.158451
-Trial 72 917214 48431085 16.208323
-Trial 73 917214 48431085 16.444668
* 74: Cost = 917214_48086026, Time = 14.57 sec. 
-Trial 74 917214 48086026 16.809208
-Trial 75 917214 48086026 16.937897
-Trial 76 917214 48086026 17.007900
-Trial 77 917214 48086026 17.038799
-Trial 78 917214 48086026 17.043160
-Trial 79 917214 48086026 17.093218
* 80: Cost = 917214_47995176, Time = 15.01 sec. 
-Trial 80 917214 47995176 17.243191
* 81: Cost = 917214_47993726, Time = 15.04 sec. 
-Trial 81 917214 47993726 17.275859
-Trial 82 917214 47993726 17.344113
-Trial 83 917214 47993726 17.368551
-Trial 84 917214 47993726 17.469355
-Trial 85 917214 47993726 17.703208
-Trial 86 917214 47993726 17.891192
-Trial 87 917214 47993726 17.939641
* 88: Cost = 917214_47977610, Time = 15.89 sec. 
-Trial 88 917214 47977610 18.121180
-Trial 89 917214 47977610 18.244369
-Trial 90 917214 47977610 18.346021
* 91: Cost = 917214_47742357, Time = 16.34 sec. 
-Trial 91 917214 47742357 18.572685
* 92: Cost = 917214_47726537, Time = 16.55 sec. 
-Trial 92 917214 47726537 18.786244
* 93: Cost = 917214_47574657, Time = 16.66 sec. 
-Trial 93 917214 47574657 18.894506
-Trial 94 917214 47574657 18.965087
-Trial 95 917214 47574657 19.013018
* 96: Cost = 917214_47517474, Time = 16.82 sec. 
-Trial 96 917214 47517474 19.057796
-Trial 97 917214 47517474 19.236506
* 98: Cost = 917214_47151311, Time = 17.26 sec. 
-Trial 98 917214 47151311 19.493363
-Trial 99 917214 47151311 19.590637
* 100: Cost = 917214_47055326, Time = 17.45 sec. 
-Trial 100 917214 47055326 19.690665
-Trial 101 917214 47055326 19.926589
-Trial 102 917214 47055326 19.975609
-Trial 103 917214 47055326 19.977638
-Trial 104 917214 47055326 20.068998
* 105: Cost = 917214_46868679, Time = 17.91 sec. 
-Trial 105 917214 46868679 20.141227
* 106: Cost = 917214_46799096, Time = 18.02 sec. 
-Trial 106 917214 46799096 20.251425
* 107: Cost = 917214_46776730, Time = 18.07 sec. 
-Trial 107 917214 46776730 20.301731
-Trial 108 917214 46776730 20.597774
-Trial 109 917214 46776730 20.704960
-Trial 110 917214 46776730 20.715552
-Trial 111 917214 46776730 20.794645
* 112: Cost = 917214_46629988, Time = 18.65 sec. 
-Trial 112 917214 46629988 20.881660
-Trial 113 917214 46629988 20.949171
-Trial 114 917214 46629988 21.150468
-Trial 115 917214 46629988 21.389116
-Trial 116 917214 46629988 21.413248
-Trial 117 917214 46629988 21.514515
-Trial 118 917214 46629988 21.578091
-Trial 119 917214 46629988 21.698705
* 120: Cost = 917214_46495411, Time = 19.58 sec. 
-Trial 120 917214 46495411 21.814202
-Trial 121 917214 46495411 21.908563
* 122: Cost = 917214_46395739, Time = 19.80 sec. 
-Trial 122 917214 46395739 22.031710
-Trial 123 917214 46395739 22.310545
* 124: Cost = 917214_45967395, Time = 20.30 sec. 
-Trial 124 917214 45967395 22.532469
* 125: Cost = 917214_45800550, Time = 20.40 sec. 
-Trial 125 917214 45800550 22.635628
-Trial 126 917214 45800550 22.730665
-Trial 127 917214 45800550 22.845619
-Trial 128 917214 45800550 22.898673
* 129: Cost = 917214_45791977, Time = 20.70 sec. 
-Trial 129 917214 45791977 22.935241
-Trial 130 917214 45791977 23.190276
* 131: Cost = 917214_45687701, Time = 21.10 sec. 
-Trial 131 917214 45687701 23.341148
-Trial 132 917214 45687701 23.390278
-Trial 133 917214 45687701 23.653768
-Trial 134 917214 45687701 23.705367
-Trial 135 917214 45687701 23.810271
-Trial 136 917214 45687701 23.876043
-Trial 137 917214 45687701 23.979060
-Trial 138 917214 45687701 24.069665
-Trial 139 917214 45687701 24.139550
-Trial 140 917214 45687701 24.320423
-Trial 141 917214 45687701 24.414079
* 142: Cost = 917214_45678978, Time = 22.25 sec. 
-Trial 142 917214 45678978 24.482432
-Trial 143 917214 45678978 24.646527
-Trial 144 917214 45678978 24.647602
-Trial 145 917214 45678978 24.783224
* 146: Cost = 917214_45579069, Time = 22.69 sec. 
-Trial 146 917214 45579069 24.929153
-Trial 147 917214 45579069 25.029495
* 148: Cost = 607874_45681393, Time = 22.85 sec. 
-Trial 148 607874 45681393 25.090589
-Trial 149 607874 45681393 25.366587
-Trial 150 607874 45681393 25.454753
* 151: Cost = 607874_45656965, Time = 23.27 sec. 
-Trial 151 607874 45656965 25.506141
-Trial 152 607874 45656965 25.670561
* 153: Cost = 607874_45587071, Time = 23.51 sec. 
-Trial 153 607874 45587071 25.747723
-Trial 154 607874 45587071 26.001346
-Trial 155 607874 45587071 26.220809
* 156: Cost = 607874_45574767, Time = 24.16 sec. 
-Trial 156 607874 45574767 26.393210
-Trial 157 607874 45574767 26.551495
-Trial 158 607874 45574767 26.709680
-Trial 159 607874 45574767 26.739517
* 160: Cost = 408294_45776082, Time = 24.83 sec. 
-Trial 160 408294 45776082 27.069915
-Trial 161 408294 45776082 27.171468
* 162: Cost = 408294_45650472, Time = 25.04 sec. 
-Trial 162 408294 45650472 27.280663
-Trial 163 408294 45650472 27.313843
-Trial 164 408294 45650472 27.368537
-Trial 165 408294 45650472 27.661094
* 166: Cost = 408294_45559959, Time = 25.50 sec. 
-Trial 166 408294 45559959 27.737091
-Trial 167 408294 45559959 27.790750
-Trial 168 408294 45559959 27.936133
-Trial 169 408294 45559959 28.073372
-Trial 170 408294 45559959 28.315159
-Trial 171 408294 45559959 28.439015
* 172: Cost = 408294_45455712, Time = 26.42 sec. 
-Trial 172 408294 45455712 28.660735
-Trial 173 408294 45455712 28.787428
* 174: Cost = 408294_45401697, Time = 26.69 sec. 
-Trial 174 408294 45401697 28.922476
-Trial 175 408294 45401697 29.019608
-Trial 176 408294 45401697 29.062712
-Trial 177 408294 45401697 29.162139
* 178: Cost = 408294_45301680, Time = 27.07 sec. 
-Trial 178 408294 45301680 29.310326
-Trial 179 408294 45301680 29.423442
-Trial 180 408294 45301680 29.548887
* 181: Cost = 408294_45153387, Time = 27.48 sec. 
-Trial 181 408294 45153387 29.716201
-Trial 182 408294 45153387 29.753516
-Trial 183 408294 45153387 29.938583
-Trial 184 408294 45153387 30.040909
-Trial 185 408294 45153387 30.243169
-Trial 186 408294 45153387 30.279290
-Trial 187 408294 45153387 30.324445
-Trial 188 408294 45153387 30.450057
-Trial 189 408294 45153387 30.566800
-Trial 190 408294 45153387 30.863410
-Trial 191 408294 45153387 30.907248
* 192: Cost = 408294_45029438, Time = 28.75 sec. 
-Trial 192 408294 45029438 30.987749
-Trial 193 408294 45029438 31.046644
-Trial 194 408294 45029438 31.128209
-Trial 195 408294 45029438 31.325833
-Trial 196 408294 45029438 31.376262
-Trial 197 408294 45029438 31.454645
-Trial 198 408294 45029438 31.551941
-Trial 199 408294 45029438 31.691487
-Trial 200 408294 45029438 31.837923
-Trial 201 408294 45029438 31.890048
-Trial 202 408294 45029438 32.209017
* 203: Cost = 408294_45028723, Time = 30.07 sec. 
-Trial 203 408294 45028723 32.306631
-Trial 204 408294 45028723 32.386917
-Trial 205 408294 45028723 32.526171
-Trial 206 408294 45028723 32.567833
* 207: Cost = 408294_44934899, Time = 30.36 sec. 
-Trial 207 408294 44934899 32.593592
* 208: Cost = 280876_46057475, Time = 30.47 sec. 
-Trial 208 280876 46057475 32.707888
-Trial 209 280876 46057475 32.799161
* 210: Cost = 280876_45915785, Time = 30.65 sec. 
-Trial 210 280876 45915785 32.889372
-Trial 211 280876 45915785 32.934836
-Trial 212 280876 45915785 33.001042
-Trial 213 280876 45915785 33.169423
* 214: Cost = 280876_45851162, Time = 31.00 sec. 
-Trial 214 280876 45851162 33.235931
-Trial 215 280876 45851162 33.613637
-Trial 216 280876 45851162 33.680714
-Trial 217 280876 45851162 33.863907
-Trial 218 280876 45851162 34.013733
-Trial 219 280876 45851162 34.054718
* 220: Cost = 280876_45811677, Time = 31.86 sec. 
-Trial 220 280876 45811677 34.094000
* 221: Cost = 280876_45784052, Time = 31.94 sec. 
-Trial 221 280876 45784052 34.175011
-Trial 222 280876 45784052 34.319164
-Trial 223 280876 45784052 34.418067
-Trial 224 280876 45784052 34.487790
-Trial 225 280876 45784052 34.652173
-Trial 226 280876 45784052 34.744920
-Trial 227 280876 45784052 34.927491
-Trial 228 280876 45784052 34.981685
-Trial 229 280876 45784052 35.066596
-Trial 230 280876 45784052 35.215089
-Trial 231 280876 45784052 35.376372
-Trial 232 280876 45784052 35.495908
-Trial 233 280876 45784052 35.524436
-Trial 234 280876 45784052 35.600819
-Trial 235 280876 45784052 35.609271
* 236: Cost = 280876_45775583, Time = 33.49 sec. 
-Trial 236 280876 45775583 35.725011
-Trial 237 280876 45775583 35.876107
-Trial 238 280876 45775583 35.932102
* 239: Cost = 280876_45740513, Time = 33.76 sec. 
-Trial 239 280876 45740513 35.998505
* 240: Cost = 196834_46633517, Time = 33.90 sec. 
-Trial 240 196834 46633517 36.136680
* 241: Cost = 196834_46067774, Time = 34.03 sec. 
-Trial 241 196834 46067774 36.267997
-Trial 242 196834 46067774 36.300643
-Trial 243 196834 46067774 36.330490
* 244: Cost = 196834_46045248, Time = 34.27 sec. 
-Trial 244 196834 46045248 36.502200
* 245: Cost = 196834_46007249, Time = 34.35 sec. 
-Trial 245 196834 46007249 36.584035
* 246: Cost = 196834_45993595, Time = 34.37 sec. 
-Trial 246 196834 45993595 36.604078
* 247: Cost = 196834_45733233, Time = 34.42 sec. 
-Trial 247 196834 45733233 36.660109
-Trial 248 196834 45733233 36.753471
-Trial 249 196834 45733233 36.802907
* 250: Cost = 127418_46562637, Time = 34.63 sec. 
-Trial 250 127418 46562637 36.868374
* 251: Cost = 127418_45913533, Time = 34.66 sec. 
-Trial 251 127418 45913533 36.894928
* 252: Cost = 127418_45836147, Time = 34.69 sec. 
-Trial 252 127418 45836147 36.924859
-Trial 253 127418 45836147 36.955871
-Trial 254 127418 45836147 37.089188
-Trial 255 127418 45836147 37.145054
-Trial 256 127418 45836147 37.160960
* 257: Cost = 127418_45347168, Time = 35.01 sec. 
-Trial 257 127418 45347168 37.250455
* 258: Cost = 127418_45233205, Time = 35.10 sec. 
-Trial 258 127418 45233205 37.333594
-Trial 259 127418 45233205 37.380376
* 260: Cost = 127418_45192800, Time = 35.17 sec. 
-Trial 260 127418 45192800 37.402139
-Trial 261 127418 45192800 37.444924
-Trial 262 127418 45192800 37.522128
-Trial 263 127418 45192800 37.578403
-Trial 264 127418 45192800 37.593726
-Trial 265 127418 45192800 37.656922
* 266: Cost = 127418_45088284, Time = 35.46 sec. 
-Trial 266 127418 45088284 37.692201
-Trial 267 127418 45088284 37.722828
-Trial 268 127418 45088284 37.781351
-Trial 269 127418 45088284 37.845459
-Trial 270 127418 45088284 37.864210
-Trial 271 127418 45088284 37.884187
-Trial 272 127418 45088284 37.915854
-Trial 273 127418 45088284 37.943527
-Trial 274 127418 45088284 38.015588
-Trial 275 127418 45088284 38.100679
-Trial 276 127418 45088284 38.231818
-Trial 277 127418 45088284 38.269436
-Trial 278 127418 45088284 38.311169
* 279: Cost = 127418_44936472, Time = 36.11 sec. 
-Trial 279 127418 44936472 38.345385
* 280: Cost = 127418_44885533, Time = 36.21 sec. 
-Trial 280 127418 44885533 38.447328
-Trial 281 127418 44885533 38.464381
-Trial 282 127418 44885533 38.511818
-Trial 283 127418 44885533 38.531872
-Trial 284 127418 44885533 38.581913
-Trial 285 127418 44885533 38.644914
-Trial 286 127418 44885533 38.723714
-Trial 287 127418 44885533 38.812209
-Trial 288 127418 44885533 38.882697
-Trial 289 127418 44885533 38.899179
-Trial 290 127418 44885533 38.952279
-Trial 291 127418 44885533 38.995961
-Trial 292 127418 44885533 39.028711
-Trial 293 127418 44885533 39.061625
-Trial 294 127418 44885533 39.084421
-Trial 295 127418 44885533 39.208643
-Trial 296 127418 44885533 39.231920
* 297: Cost = 127418_44813127, Time = 37.03 sec. 
-Trial 297 127418 44813127 39.264374
-Trial 298 127418 44813127 39.335760
-Trial 299 127418 44813127 39.361499
-Trial 300 127418 44813127 39.424500
-Trial 301 127418 44813127 39.468628
-Trial 302 127418 44813127 39.488994
-Trial 303 127418 44813127 39.491030
* 304: Cost = 127418_44566170, Time = 37.32 sec. 
-Trial 304 127418 44566170 39.555054
-Trial 305 127418 44566170 39.583918
-Trial 306 127418 44566170 39.651467
-Trial 307 127418 44566170 39.656624
-Trial 308 127418 44566170 39.751570
-Trial 309 127418 44566170 39.789164
-Trial 310 127418 44566170 39.868925
-Trial 311 127418 44566170 39.901452
-Trial 312 127418 44566170 39.937884
-Trial 313 127418 44566170 39.958758
-Trial 314 127418 44566170 39.960858
-Trial 315 127418 44566170 39.981976
-Trial 316 127418 44566170 40.012862
-Trial 317 127418 44566170 40.094900
-Trial 318 127418 44566170 40.162014
-Trial 319 127418 44566170 40.264712
-Trial 320 127418 44566170 40.338580
-Trial 321 127418 44566170 40.368767
-Trial 322 127418 44566170 40.381322
-Trial 323 127418 44566170 40.485745
* 324: Cost = 127418_44536666, Time = 38.38 sec. 
-Trial 324 127418 44536666 40.614901
-Trial 325 127418 44536666 40.674849
-Trial 326 127418 44536666 40.686691
-Trial 327 127418 44536666 40.702688
-Trial 328 127418 44536666 40.732696
-Trial 329 127418 44536666 40.743207
-Trial 330 127418 44536666 40.746661
-Trial 331 127418 44536666 40.769432
-Trial 332 127418 44536666 40.921023
-Trial 333 127418 44536666 40.964215
-Trial 334 127418 44536666 41.024550
* 335: Cost = 127418_44505660, Time = 38.86 sec. 
-Trial 335 127418 44505660 41.095698
-Trial 336 127418 44505660 41.231218
-Trial 337 127418 44505660 41.302817
-Trial 338 127418 44505660 41.342275
-Trial 339 127418 44505660 41.551067
-Trial 340 127418 44505660 41.614076
-Trial 341 127418 44505660 41.691236
-Trial 342 127418 44505660 41.754922
-Trial 343 127418 44505660 41.824928
* 344: Cost = 127418_44478805, Time = 39.64 sec. 
-Trial 344 127418 44478805 41.875050
-Trial 345 127418 44478805 41.901632
-Trial 346 127418 44478805 41.985916
-Trial 347 127418 44478805 42.030309
-Trial 348 127418 44478805 42.138379
-Trial 349 127418 44478805 42.193954
-Trial 350 127418 44478805 42.195590
-Trial 351 127418 44478805 42.232546
-Trial 352 127418 44478805 42.282648
-Trial 353 127418 44478805 42.305473
-Trial 354 127418 44478805 42.343927
-Trial 355 127418 44478805 42.349956
-Trial 356 127418 44478805 42.370652
-Trial 357 127418 44478805 42.524245
-Trial 358 127418 44478805 42.552145
-Trial 359 127418 44478805 42.570729
-Trial 360 127418 44478805 42.656472
-Trial 361 127418 44478805 42.668895
-Trial 362 127418 44478805 42.833918
-Trial 363 127418 44478805 42.912782
-Trial 364 127418 44478805 42.951256
-Trial 365 127418 44478805 42.989981
-Trial 366 127418 44478805 43.031432
-Trial 367 127418 44478805 43.057208
* 368: Cost = 127418_44437991, Time = 40.91 sec. 
-Trial 368 127418 44437991 43.148058
-Trial 369 127418 44437991 43.177497
-Trial 370 127418 44437991 43.223211
-Trial 371 127418 44437991 43.230015
-Trial 372 127418 44437991 43.232812
-Trial 373 127418 44437991 43.304082
* 374: Cost = 127418_44234066, Time = 41.22 sec. 
-Trial 374 127418 44234066 43.456201
-Trial 375 127418 44234066 43.465184
-Trial 376 127418 44234066 43.485598
-Trial 377 127418 44234066 43.520656
-Trial 378 127418 44234066 43.655102
* 379: Cost = 127418_44160551, Time = 41.44 sec. 
-Trial 379 127418 44160551 43.676198
-Trial 380 127418 44160551 43.714403
-Trial 381 127418 44160551 43.719797
-Trial 382 127418 44160551 43.764224
-Trial 383 127418 44160551 43.770848
-Trial 384 127418 44160551 43.817468
-Trial 385 127418 44160551 43.833828
-Trial 386 127418 44160551 43.865170
-Trial 387 127418 44160551 43.885119
-Trial 388 127418 44160551 43.907384
-Trial 389 127418 44160551 43.945022
-Trial 390 127418 44160551 44.033814
* 391: Cost = 127418_44122756, Time = 41.85 sec. 
-Trial 391 127418 44122756 44.084429
-Trial 392 127418 44122756 44.171977
-Trial 393 127418 44122756 44.277101
-Trial 394 127418 44122756 44.287015
-Trial 395 127418 44122756 44.317379
* 396: Cost = 127418_44014359, Time = 42.12 sec. 
-Trial 396 127418 44014359 44.356304
-Trial 397 127418 44014359 44.366834
-Trial 398 127418 44014359 44.388418
-Trial 399 127418 44014359 44.398049
* 400: Cost = 0_45358385, Time = 42.30 sec. 
-Trial 400 0 45358385 44.534849
-Trial 401 0 45358385 44.560495
-Trial 402 0 45358385 44.575592
-Trial 403 0 45358385 44.601419
* 404: Cost = 0_45353577, Time = 42.37 sec. 
-Trial 404 0 45353577 44.609580
-Trial 405 0 45353577 44.623160
-Trial 406 0 45353577 44.629338
-Trial 407 0 45353577 44.736574
* 408: Cost = 0_45210846, Time = 42.59 sec. 
-Trial 408 0 45210846 44.827777
-Trial 409 0 45210846 44.829913
-Trial 410 0 45210846 44.840970
-Trial 411 0 45210846 44.847861
-Trial 412 0 45210846 44.865690
-Trial 413 0 45210846 44.980712
-Trial 414 0 45210846 44.991707
-Trial 415 0 45210846 45.001721
-Trial 416 0 45210846 45.020892
-Trial 417 0 45210846 45.071380
-Trial 418 0 45210846 45.101722
-Trial 419 0 45210846 45.105303
-Trial 420 0 45210846 45.110816
* 421: Cost = 0_44891626, Time = 42.90 sec. 
-Trial 421 0 44891626 45.135654
-Trial 422 0 44891626 45.142329
-Trial 423 0 44891626 45.146043
-Trial 424 0 44891626 45.168248
* 425: Cost = 0_44801513, Time = 42.95 sec. 
-Trial 425 0 44801513 45.182806
-Trial 426 0 44801513 45.186075
-Trial 427 0 44801513 45.258022
* 428: Cost = 0_44518103, Time = 43.12 sec. 
-Trial 428 0 44518103 45.359676
-Trial 429 0 44518103 45.431336
-Trial 430 0 44518103 45.452880
-Trial 431 0 44518103 45.474981
-Trial 432 0 44518103 45.549778
-Trial 433 0 44518103 45.560746
-Trial 434 0 44518103 45.616596
-Trial 435 0 44518103 45.643345
* 436: Cost = 0_44509965, Time = 43.41 sec. 
-Trial 436 0 44509965 45.648034
* 437: Cost = 0_44435280, Time = 43.43 sec. 
-Trial 437 0 44435280 45.665530
-Trial 438 0 44435280 45.736788
-Trial 439 0 44435280 45.801196
-Trial 440 0 44435280 45.824509
* 441: Cost = 0_44245676, Time = 43.70 sec. 
-Trial 441 0 44245676 45.933100
-Trial 442 0 44245676 45.948210
-Trial 443 0 44245676 46.002431
* 444: Cost = 0_44244716, Time = 43.77 sec. 
-Trial 444 0 44244716 46.010664
-Trial 445 0 44244716 46.013511
-Trial 446 0 44244716 46.026349
-Trial 447 0 44244716 46.031343
-Trial 448 0 44244716 46.085796
-Trial 449 0 44244716 46.092434
-Trial 450 0 44244716 46.092819
-Trial 451 0 44244716 46.141236
-Trial 452 0 44244716 46.144120
-Trial 453 0 44244716 46.152550
-Trial 454 0 44244716 46.178130
-Trial 455 0 44244716 46.205303
-Trial 456 0 44244716 46.250062
-Trial 457 0 44244716 46.255474
-Trial 458 0 44244716 46.320227
-Trial 459 0 44244716 46.322606
-Trial 460 0 44244716 46.333174
-Trial 461 0 44244716 46.338780
-Trial 462 0 44244716 46.404621
-Trial 463 0 44244716 46.520244
* 464: Cost = 0_44220905, Time = 44.30 sec. 
-Trial 464 0 44220905 46.533638
-Trial 465 0 44220905 46.616194
-Trial 466 0 44220905 46.661837
-Trial 467 0 44220905 46.672728
* 468: Cost = 0_44172034, Time = 44.45 sec. 
-Trial 468 0 44172034 46.690677
* 469: Cost = 0_44166766, Time = 44.46 sec. 
-Trial 469 0 44166766 46.700399
-Trial 470 0 44166766 46.706324
-Trial 471 0 44166766 46.718039
-Trial 472 0 44166766 46.766854
-Trial 473 0 44166766 46.771932
* 474: Cost = 0_44153342, Time = 44.54 sec. 
-Trial 474 0 44153342 46.779811
-Trial 475 0 44153342 46.783310
-Trial 476 0 44153342 46.791750
-Trial 477 0 44153342 46.806051
-Trial 478 0 44153342 46.847565
-Trial 479 0 44153342 46.849788
-Trial 480 0 44153342 46.880999
-Trial 481 0 44153342 46.886078
-Trial 482 0 44153342 46.911969
-Trial 483 0 44153342 46.926460
-Trial 484 0 44153342 46.944812
-Trial 485 0 44153342 47.067702
-Trial 486 0 44153342 47.094706
-Trial 487 0 44153342 47.132922
-Trial 488 0 44153342 47.186921
-Trial 489 0 44153342 47.267904
-Trial 490 0 44153342 47.289558
* 491: Cost = 0_44130591, Time = 45.06 sec. 
-Trial 491 0 44130591 47.294180
-Trial 492 0 44130591 47.494357
-Trial 493 0 44130591 47.535809
-Trial 494 0 44130591 47.543813
-Trial 495 0 44130591 47.545694
-Trial 496 0 44130591 47.554836
-Trial 497 0 44130591 47.563742
-Trial 498 0 44130591 47.574539
-Trial 499 0 44130591 47.605567
-Trial 500 0 44130591 47.634681
-Trial 501 0 44130591 47.652052
-Trial 502 0 44130591 47.673256
-Trial 503 0 44130591 47.677268
-Trial 504 0 44130591 47.682917
* 505: Cost = 0_44094709, Time = 45.47 sec. 
-Trial 505 0 44094709 47.709448
-Trial 506 0 44094709 47.721527
-Trial 507 0 44094709 47.723925
-Trial 508 0 44094709 47.737087
* 509: Cost = 0_44094411, Time = 45.51 sec. 
-Trial 509 0 44094411 47.742780
-Trial 510 0 44094411 47.745501
* 511: Cost = 0_44089076, Time = 45.51 sec. 
-Trial 511 0 44089076 47.750038
-Trial 512 0 44089076 47.783972
-Trial 513 0 44089076 47.790585
-Trial 514 0 44089076 47.792502
* 515: Cost = 0_44088002, Time = 45.56 sec. 
-Trial 515 0 44088002 47.798820
-Trial 516 0 44088002 47.821464
-Trial 517 0 44088002 47.839378
* 518: Cost = 0_43570893, Time = 45.65 sec. 
-Trial 518 0 43570893 47.887193
* 519: Cost = 0_43527512, Time = 45.68 sec. 
-Trial 519 0 43527512 47.913802
* 520: Cost = 0_43497746, Time = 45.68 sec. 
-Trial 520 0 43497746 47.920738
* 521: Cost = 0_43478506, Time = 45.70 sec. 
-Trial 521 0 43478506 47.933184
-Trial 522 0 43478506 47.935844
-Trial 523 0 43478506 47.951220
-Trial 524 0 43478506 47.953795
-Trial 525 0 43478506 47.962967
-Trial 526 0 43478506 47.973753
-Trial 527 0 43478506 47.982009
-Trial 528 0 43478506 47.985310
-Trial 529 0 43478506 48.022312
-Trial 530 0 43478506 48.024219
-Trial 531 0 43478506 48.040382
-Trial 532 0 43478506 48.044711
-Trial 533 0 43478506 48.047638
* 534: Cost = 0_43477488, Time = 45.83 sec. 
-Trial 534 0 43477488 48.065141
-Trial 535 0 43477488 48.105748
-Trial 536 0 43477488 48.127503
-Trial 537 0 43477488 48.135106
-Trial 538 0 43477488 48.138577
-Trial 539 0 43477488 48.143971
-Trial 540 0 43477488 48.152980
-Trial 541 0 43477488 48.205033
-Trial 542 0 43477488 48.222174
-Trial 543 0 43477488 48.242278
-Trial 544 0 43477488 48.266137
-Trial 545 0 43477488 48.269071
-Trial 546 0 43477488 48.295968
-Trial 547 0 43477488 48.306707
-Trial 548 0 43477488 48.326678
-Trial 549 0 43477488 48.347883
-Trial 550 0 43477488 48.353216
-Trial 551 0 43477488 48.361800
-Trial 552 0 43477488 48.383733
-Trial 553 0 43477488 48.393278
-Trial 554 0 43477488 48.396633
-Trial 555 0 43477488 48.425409
-Trial 556 0 43477488 48.445072
-Trial 557 0 43477488 48.445450
-Trial 558 0 43477488 48.469805
-Trial 559 0 43477488 48.510820
-Trial 560 0 43477488 48.515488
-Trial 561 0 43477488 48.537806
-Trial 562 0 43477488 48.549849
-Trial 563 0 43477488 48.572985
-Trial 564 0 43477488 48.579148
-Trial 565 0 43477488 48.608284
-Trial 566 0 43477488 48.619941
-Trial 567 0 43477488 48.626059
-Trial 568 0 43477488 48.629493
-Trial 569 0 43477488 48.676900
-Trial 570 0 43477488 48.712632
-Trial 571 0 43477488 48.722244
-Trial 572 0 43477488 48.727062
-Trial 573 0 43477488 48.845918
-Trial 574 0 43477488 48.852730
-Trial 575 0 43477488 48.871118
-Trial 576 0 43477488 48.882748
-Trial 577 0 43477488 48.895848
-Trial 578 0 43477488 48.898052
-Trial 579 0 43477488 48.907730
-Trial 580 0 43477488 48.922359
-Trial 581 0 43477488 48.943853
-Trial 582 0 43477488 48.954923
-Trial 583 0 43477488 48.961243
-Trial 584 0 43477488 48.970214
-Trial 585 0 43477488 48.975435
* 586: Cost = 0_43462786, Time = 46.77 sec. 
-Trial 586 0 43462786 49.007196
-Trial 587 0 43462786 49.011236
-Trial 588 0 43462786 49.031486
-Trial 589 0 43462786 49.040477
-Trial 590 0 43462786 49.067318
-Trial 591 0 43462786 49.078355
-Trial 592 0 43462786 49.096846
* 593: Cost = 0_43460075, Time = 46.90 sec. 
-Trial 593 0 43460075 49.137530
* 594: Cost = 0_43415864, Time = 46.91 sec. 
-Trial 594 0 43415864 49.144034
* 595: Cost = 0_43408220, Time = 46.91 sec. 
-Trial 595 0 43408220 49.146491
-Trial 596 0 43408220 49.159516
-Trial 597 0 43408220 49.171835
-Trial 598 0 43408220 49.175180
-Trial 599 0 43408220 49.175789
* 600: Cost = 0_43400631, Time = 46.98 sec. 
-Trial 600 0 43400631 49.218734
-Trial 601 0 43400631 49.220218
-Trial 602 0 43400631 49.233121
-Trial 603 0 43400631 49.246569
* 604: Cost = 0_43254211, Time = 47.04 sec. 
-Trial 604 0 43254211 49.275508
-Trial 605 0 43254211 49.284056
-Trial 606 0 43254211 49.288593
-Trial 607 0 43254211 49.351342
-Trial 608 0 43254211 49.402710
-Trial 609 0 43254211 49.450843
-Trial 610 0 43254211 49.464154
-Trial 611 0 43254211 49.467439
-Trial 612 0 43254211 49.556503
* 613: Cost = 0_43208945, Time = 47.33 sec. 
-Trial 613 0 43208945 49.564242
-Trial 614 0 43208945 49.604231
-Trial 615 0 43208945 49.617280
-Trial 616 0 43208945 49.656279
* 617: Cost = 0_43172779, Time = 47.44 sec. 
-Trial 617 0 43172779 49.672107
-Trial 618 0 43172779 49.693546
-Trial 619 0 43172779 49.745423
-Trial 620 0 43172779 49.757034
-Trial 621 0 43172779 49.776898
-Trial 622 0 43172779 49.781571
-Trial 623 0 43172779 49.785308
-Trial 624 0 43172779 49.785796
* 625: Cost = 0_43144185, Time = 47.58 sec. 
-Trial 625 0 43144185 49.814306
-Trial 626 0 43144185 49.827960
* 627: Cost = 0_43143791, Time = 47.60 sec. 
-Trial 627 0 43143791 49.833575
-Trial 628 0 43143791 49.866484
-Trial 629 0 43143791 49.882771
-Trial 630 0 43143791 49.886814
-Trial 631 0 43143791 49.933140
-Trial 632 0 43143791 49.948108
-Trial 633 0 43143791 49.960311
-Trial 634 0 43143791 49.989691
-Trial 635 0 43143791 50.006706
-Trial 636 0 43143791 50.011252
-Trial 637 0 43143791 50.015446
-Trial 638 0 43143791 50.044247
-Trial 639 0 43143791 50.056176
-Trial 640 0 43143791 50.067073
-Trial 641 0 43143791 50.171994
-Trial 642 0 43143791 50.184698
-Trial 643 0 43143791 50.198347
* 644: Cost = 0_43108940, Time = 47.97 sec. 
-Trial 644 0 43108940 50.210022
-Trial 645 0 43108940 50.227098
-Trial 646 0 43108940 50.247047
-Trial 647 0 43108940 50.247517
-Trial 648 0 43108940 50.264902
-Trial 649 0 43108940 50.268598
* 650: Cost = 0_43088821, Time = 48.04 sec. 
-Trial 650 0 43088821 50.271959
-Trial 651 0 43088821 50.293563
-Trial 652 0 43088821 50.309323
-Trial 653 0 43088821 50.322300
-Trial 654 0 43088821 50.330062
-Trial 655 0 43088821 50.346353
-Trial 656 0 43088821 50.367453
-Trial 657 0 43088821 50.399782
-Trial 658 0 43088821 50.417015
-Trial 659 0 43088821 50.460628
-Trial 660 0 43088821 50.475050
-Trial 661 0 43088821 50.488553
-Trial 662 0 43088821 50.511754
-Trial 663 0 43088821 50.522855
-Trial 664 0 43088821 50.725212
-Trial 665 0 43088821 50.730420
-Trial 666 0 43088821 50.743117
-Trial 667 0 43088821 50.749467
-Trial 668 0 43088821 50.759163
-Trial 669 0 43088821 50.765404
-Trial 670 0 43088821 50.791310
-Trial 671 0 43088821 50.794975
-Trial 672 0 43088821 50.805479
-Trial 673 0 43088821 50.816596
-Trial 674 0 43088821 50.818982
-Trial 675 0 43088821 50.852018
-Trial 676 0 43088821 50.857324
-Trial 677 0 43088821 50.878314
-Trial 678 0 43088821 50.886208
-Trial 679 0 43088821 50.970612
-Trial 680 0 43088821 51.014705
-Trial 681 0 43088821 51.019132
-Trial 682 0 43088821 51.030439
-Trial 683 0 43088821 51.041538
-Trial 684 0 43088821 51.075516
-Trial 685 0 43088821 51.102453
-Trial 686 0 43088821 51.122496
-Trial 687 0 43088821 51.130678
-Trial 688 0 43088821 51.147435
-Trial 689 0 43088821 51.182856
-Trial 690 0 43088821 51.198838
-Trial 691 0 43088821 51.222454
-Trial 692 0 43088821 51.286671
-Trial 693 0 43088821 51.294339
-Trial 694 0 43088821 51.305272
-Trial 695 0 43088821 51.327492
* 696: Cost = 0_43074428, Time = 49.12 sec. 
-Trial 696 0 43074428 51.354956
-Trial 697 0 43074428 51.370505
-Trial 698 0 43074428 51.428063
-Trial 699 0 43074428 51.432154
-Trial 700 0 43074428 51.436414
-Trial 701 0 43074428 51.443623
-Trial 702 0 43074428 51.536103
-Trial 703 0 43074428 51.562267
-Trial 704 0 43074428 51.613064
-Trial 705 0 43074428 51.644660
-Trial 706 0 43074428 51.662349
-Trial 707 0 43074428 51.721511
-Trial 708 0 43074428 51.761340
-Trial 709 0 43074428 51.784653
-Trial 710 0 43074428 51.806394
-Trial 711 0 43074428 51.834319
-Trial 712 0 43074428 51.865377
-Trial 713 0 43074428 51.879503
-Trial 714 0 43074428 51.929608
-Trial 715 0 43074428 51.971004
-Trial 716 0 43074428 51.980293
-Trial 717 0 43074428 51.987937
-Trial 718 0 43074428 51.996491
-Trial 719 0 43074428 52.004034
-Trial 720 0 43074428 52.019137
-Trial 721 0 43074428 52.049617
-Trial 722 0 43074428 52.060998
-Trial 723 0 43074428 52.083506
* 724: Cost = 0_43045980, Time = 49.86 sec. 
-Trial 724 0 43045980 52.092726
-Trial 725 0 43045980 52.096806
-Trial 726 0 43045980 52.102079
-Trial 727 0 43045980 52.118125
* 728: Cost = 0_43042899, Time = 49.89 sec. 
-Trial 728 0 43042899 52.126688
-Trial 729 0 43042899 52.152277
-Trial 730 0 43042899 52.165898
-Trial 731 0 43042899 52.170986
-Trial 732 0 43042899 52.188464
-Trial 733 0 43042899 52.199801
-Trial 734 0 43042899 52.209327
-Trial 735 0 43042899 52.218441
-Trial 736 0 43042899 52.240906
-Trial 737 0 43042899 52.246041
-Trial 738 0 43042899 52.252045
* 739: Cost = 0_43035559, Time = 50.09 sec. 
-Trial 739 0 43035559 52.330362
-Trial 740 0 43035559 52.333161
-Trial 741 0 43035559 52.346649
* 742: Cost = 0_43004069, Time = 50.22 sec. 
-Trial 742 0 43004069 52.457495
-Trial 743 0 43004069 52.518441
-Trial 744 0 43004069 52.522113
-Trial 745 0 43004069 52.546420
-Trial 746 0 43004069 52.554790
-Trial 747 0 43004069 52.563760
-Trial 748 0 43004069 52.591423
-Trial 749 0 43004069 52.613351
-Trial 750 0 43004069 52.623307
-Trial 751 0 43004069 52.631945
-Trial 752 0 43004069 52.636808
-Trial 753 0 43004069 52.661672
-Trial 754 0 43004069 52.670157
-Trial 755 0 43004069 52.677172
-Trial 756 0 43004069 52.683767
-Trial 757 0 43004069 52.692976
-Trial 758 0 43004069 52.694662
-Trial 759 0 43004069 52.716285
* 760: Cost = 0_42954102, Time = 50.58 sec. 
-Trial 760 0 42954102 52.811912
-Trial 761 0 42954102 52.841225
-Trial 762 0 42954102 52.856386
-Trial 763 0 42954102 52.869282
-Trial 764 0 42954102 52.881235
-Trial 765 0 42954102 52.890780
-Trial 766 0 42954102 52.910411
-Trial 767 0 42954102 52.926661
-Trial 768 0 42954102 52.956051
-Trial 769 0 42954102 53.025333
-Trial 770 0 42954102 53.054302
-Trial 771 0 42954102 53.072899
-Trial 772 0 42954102 53.075134
-Trial 773 0 42954102 53.098977
-Trial 774 0 42954102 53.101664
-Trial 775 0 42954102 53.111020
-Trial 776 0 42954102 53.115339
-Trial 777 0 42954102 53.120315
-Trial 778 0 42954102 53.126838
-Trial 779 0 42954102 53.145374
-Trial 780 0 42954102 53.164378
-Trial 781 0 42954102 53.193280
-Trial 782 0 42954102 53.201053
-Trial 783 0 42954102 53.371340
-Trial 784 0 42954102 53.519529
-Trial 785 0 42954102 53.520733
-Trial 786 0 42954102 53.647576
-Trial 787 0 42954102 53.650614
-Trial 788 0 42954102 53.660647
-Trial 789 0 42954102 53.676200
* 790: Cost = 0_42941051, Time = 51.49 sec. 
-Trial 790 0 42941051 53.725351
-Trial 791 0 42941051 53.756191
-Trial 792 0 42941051 53.818566
-Trial 793 0 42941051 53.853935
* 794: Cost = 0_42864518, Time = 51.67 sec. 
-Trial 794 0 42864518 53.906796
-Trial 795 0 42864518 53.935670
-Trial 796 0 42864518 53.940154
-Trial 797 0 42864518 53.949489
-Trial 798 0 42864518 53.969891
-Trial 799 0 42864518 53.992405
-Trial 800 0 42864518 54.014658
-Trial 801 0 42864518 54.032468
-Trial 802 0 42864518 54.043050
-Trial 803 0 42864518 54.068411
-Trial 804 0 42864518 54.100349
-Trial 805 0 42864518 54.119483
-Trial 806 0 42864518 54.122913
-Trial 807 0 42864518 54.145481
-Trial 808 0 42864518 54.221895
* 809: Cost = 0_42852186, Time = 52.00 sec. 
-Trial 809 0 42852186 54.240215
-Trial 810 0 42852186 54.250759
-Trial 811 0 42852186 54.264218
-Trial 812 0 42852186 54.280701
-Trial 813 0 42852186 54.304934
-Trial 814 0 42852186 54.309394
-Trial 815 0 42852186 54.355814
-Trial 816 0 42852186 54.360453
-Trial 817 0 42852186 54.388926
-Trial 818 0 42852186 54.418884
-Trial 819 0 42852186 54.435691
-Trial 820 0 42852186 54.438296
-Trial 821 0 42852186 54.451484
-Trial 822 0 42852186 54.458983
* 823: Cost = 0_42835099, Time = 52.24 sec. 
-Trial 823 0 42835099 54.471851
-Trial 824 0 42835099 54.472359
-Trial 825 0 42835099 54.477480
-Trial 826 0 42835099 54.498291
-Trial 827 0 42835099 54.511480
-Trial 828 0 42835099 54.522352
-Trial 829 0 42835099 54.559392
-Trial 830 0 42835099 54.583656
-Trial 831 0 42835099 54.599799
-Trial 832 0 42835099 54.631845
-Trial 833 0 42835099 54.642950
-Trial 834 0 42835099 54.659078
-Trial 835 0 42835099 54.683322
-Trial 836 0 42835099 54.710211
-Trial 837 0 42835099 54.723088
* 838: Cost = 0_42825973, Time = 52.49 sec. 
-Trial 838 0 42825973 54.730084
-Trial 839 0 42825973 54.761388
-Trial 840 0 42825973 54.772557
-Trial 841 0 42825973 54.775760
-Trial 842 0 42825973 54.784791
-Trial 843 0 42825973 54.834102
-Trial 844 0 42825973 54.839745
* 845: Cost = 0_42809409, Time = 52.63 sec. 
-Trial 845 0 42809409 54.861233
-Trial 846 0 42809409 54.958134
-Trial 847 0 42809409 54.983891
-Trial 848 0 42809409 54.987819
-Trial 849 0 42809409 54.992161
* 850: Cost = 0_42797314, Time = 52.76 sec. 
-Trial 850 0 42797314 55.001037
-Trial 851 0 42797314 55.027893
-Trial 852 0 42797314 55.034946
* 853: Cost = 0_42779830, Time = 52.82 sec. 
-Trial 853 0 42779830 55.059784
-Trial 854 0 42779830 55.074460
-Trial 855 0 42779830 55.075936
-Trial 856 0 42779830 55.105288
-Trial 857 0 42779830 55.106096
-Trial 858 0 42779830 55.113754
-Trial 859 0 42779830 55.124268
-Trial 860 0 42779830 55.137607
-Trial 861 0 42779830 55.181143
-Trial 862 0 42779830 55.188953
-Trial 863 0 42779830 55.205172
-Trial 864 0 42779830 55.227075
-Trial 865 0 42779830 55.239464
-Trial 866 0 42779830 55.323203
-Trial 867 0 42779830 55.331710
-Trial 868 0 42779830 55.334641
* 869: Cost = 0_42778519, Time = 53.12 sec. 
-Trial 869 0 42778519 55.359430
-Trial 870 0 42778519 55.374874
-Trial 871 0 42778519 55.382827
-Trial 872 0 42778519 55.433513
-Trial 873 0 42778519 55.455272
-Trial 874 0 42778519 55.538065
-Trial 875 0 42778519 55.568178
-Trial 876 0 42778519 55.632212
-Trial 877 0 42778519 55.663645
-Trial 878 0 42778519 55.696301
-Trial 879 0 42778519 55.699494
-Trial 880 0 42778519 55.705093
-Trial 881 0 42778519 55.715382
-Trial 882 0 42778519 55.731909
-Trial 883 0 42778519 55.738501
-Trial 884 0 42778519 55.739811
* 885: Cost = 0_42675056, Time = 53.51 sec. 
-Trial 885 0 42675056 55.744981
-Trial 886 0 42675056 55.750390
-Trial 887 0 42675056 55.761982
-Trial 888 0 42675056 55.768812
-Trial 889 0 42675056 55.779421
* 890: Cost = 0_42659803, Time = 53.55 sec. 
-Trial 890 0 42659803 55.787464
-Trial 891 0 42659803 55.867390
-Trial 892 0 42659803 55.884524
-Trial 893 0 42659803 55.895678
* 894: Cost = 0_42658492, Time = 53.67 sec. 
-Trial 894 0 42658492 55.902795
-Trial 895 0 42658492 55.907681
-Trial 896 0 42658492 55.912746
-Trial 897 0 42658492 55.914363
-Trial 898 0 42658492 55.930535
-Trial 899 0 42658492 55.939790
-Trial 900 0 42658492 55.947165
-Trial 901 0 42658492 55.962986
-Trial 902 0 42658492 55.974019
-Trial 903 0 42658492 56.214676
-Trial 904 0 42658492 56.229714
-Trial 905 0 42658492 56.231540
-Trial 906 0 42658492 56.239861
-Trial 907 0 42658492 56.257367
-Trial 908 0 42658492 56.267360
-Trial 909 0 42658492 56.312220
-Trial 910 0 42658492 56.338871
-Trial 911 0 42658492 56.349537
-Trial 912 0 42658492 56.351198
-Trial 913 0 42658492 56.367205
-Trial 914 0 42658492 56.432846
-Trial 915 0 42658492 56.482570
-Trial 916 0 42658492 56.499119
* 917: Cost = 0_42648322, Time = 54.32 sec. 
-Trial 917 0 42648322 56.554613
-Trial 918 0 42648322 56.557945
-Trial 919 0 42648322 56.561829
-Trial 920 0 42648322 56.574181
-Trial 921 0 42648322 56.583931
-Trial 922 0 42648322 56.637979
-Trial 923 0 42648322 56.707839
-Trial 924 0 42648322 56.718695
-Trial 925 0 42648322 56.721424
-Trial 926 0 42648322 56.725823
-Trial 927 0 42648322 56.732115
-Trial 928 0 42648322 56.769728
-Trial 929 0 42648322 56.774400
-Trial 930 0 42648322 56.789527
-Trial 931 0 42648322 56.803305
-Trial 932 0 42648322 56.807054
* 933: Cost = 0_42619919, Time = 54.58 sec. 
-Trial 933 0 42619919 56.815056
-Trial 934 0 42619919 56.824184
-Trial 935 0 42619919 56.831921
-Trial 936 0 42619919 56.835146
-Trial 937 0 42619919 56.847739
-Trial 938 0 42619919 56.851516
-Trial 939 0 42619919 56.899282
-Trial 940 0 42619919 56.915991
-Trial 941 0 42619919 56.918339
-Trial 942 0 42619919 56.924201
-Trial 943 0 42619919 56.958423
-Trial 944 0 42619919 56.961554
-Trial 945 0 42619919 57.007425
-Trial 946 0 42619919 57.007966
-Trial 947 0 42619919 57.022318
-Trial 948 0 42619919 57.056925
-Trial 949 0 42619919 57.098611
-Trial 950 0 42619919 57.101311
-Trial 951 0 42619919 57.115570
-Trial 952 0 42619919 57.124369
-Trial 953 0 42619919 57.136170
-Trial 954 0 42619919 57.144708
-Trial 955 0 42619919 57.192671
-Trial 956 0 42619919 57.223374
-Trial 957 0 42619919 57.239742
-Trial 958 0 42619919 57.271971
-Trial 959 0 42619919 57.289788
-Trial 960 0 42619919 57.313859
-Trial 961 0 42619919 57.317365
-Trial 962 0 42619919 57.325248
-Trial 963 0 42619919 57.369100
-Trial 964 0 42619919 57.415981
-Trial 965 0 42619919 57.430225
-Trial 966 0 42619919 57.437738
-Trial 967 0 42619919 57.467487
-Trial 968 0 42619919 57.480597
-Trial 969 0 42619919 57.489786
-Trial 970 0 42619919 57.529772
-Trial 971 0 42619919 57.545099
-Trial 972 0 42619919 57.554370
-Trial 973 0 42619919 57.600088
-Trial 974 0 42619919 57.618791
-Trial 975 0 42619919 57.657153
-Trial 976 0 42619919 57.658187
-Trial 977 0 42619919 57.975236
-Trial 978 0 42619919 58.001732
-Trial 979 0 42619919 58.022476
-Trial 980 0 42619919 58.038259
-Trial 981 0 42619919 58.064342
-Trial 982 0 42619919 58.066331
-Trial 983 0 42619919 58.092869
-Trial 984 0 42619919 58.100190
-Trial 985 0 42619919 58.123601
-Trial 986 0 42619919 58.148720
-Trial 987 0 42619919 58.207304
-Trial 988 0 42619919 58.244377
-Trial 989 0 42619919 58.252831
-Trial 990 0 42619919 58.260154
-Trial 991 0 42619919 58.275725
-Trial 992 0 42619919 58.280719
-Trial 993 0 42619919 58.292867
-Trial 994 0 42619919 58.358947
-Trial 995 0 42619919 58.370881
-Trial 996 0 42619919 58.377587
-Trial 997 0 42619919 58.380844
-Trial 998 0 42619919 58.405328
-Trial 999 0 42619919 58.423528
-Trial 1000 0 42619919 58.445893
Population:
  1: 0_42619919
Run 1: Cost = 0_42619919, Time = 56.21 sec. 

Successes/Runs = 0/1 
Cost.min = 42619919, Cost.avg = 42619919.00, Cost.max = 42619919
Gap.min = 0.0000%, Gap.avg = 0.0000%, Gap.max = 0.0000%
Penalty.min = 0, Penalty.avg = 0.00, Penalty.max = 0
Trials.min = 1000, Trials.avg = 1000.0, Trials.max = 1000
Time.min = 56.21 sec., Time.avg = 56.21 sec., Time.max = 56.21 sec.
Time.total = 58.45 sec.
  Size.min = 18, Size.max = 34, Penalty = 0
  Cost.min = 1145699, Cost.max = 2964290, Cost.sum = 42619919
Best CVRPTW solution:
  Cost = 0_42619919
398 1 332 282 401 98 315 438 362 55 72 36 303 460 244 108 254 358 495 390 295 89 417 457 237 469 96 65 513 152 248 423 174 44 99 214 391 16 386 39 58 69 109 422 91 461 455 518 77 117 471 246 260 466 351 83 4 425 266 56 139 296 164 454 385 148 516 178 406 265 227 459 53 168 418 185 413 451 233 196 145 278 107 37 369 312 47 302 211 364 113 191 424 179 503 159 133 115 388 163 76 348 448 63 281 149 64 268 19 308 177 144 274 43 236 343 87 276 436 458 223 68 232 463 51 147 229 335 5 508 31 307 216 320 492 226 360 462 255 230 269 309 396 119 199 338 445 393 49 30 340 325 161 443 251 432 381 287 219 514 322 431 10 150 250 146 415 409 28 26 125 95 27 52 407 245 143 280 256 222 210 382 486 365 412 82 301 267 506 310 341 14 122 140 48 206 352 142 202 50 356 90 361 151 305 11 336 136 156 84 519 102 429 500 468 41 79 441 38 100 387 324 477 350 318 410 124 209 184 29 21 40 176 207 370 326 342 509 118 284 126 74 319 470 153 42 186 444 499 71 472 20 482 452 279 371 504 421 476 494 288 498 378 298 419 103 45 3 479 137 101 337 195 224 172 403 243 66 397 442 116 197 502 60 204 259 389 400 35 456 321 34 111 23 114 434 330 130 487 141 283 416 180 198 61 128 372 173 171 187 505 33 67 263 478 86 239 121 346 368 247 154 395 414 97 293 374 446 357 175 205 225 85 134 241 262 363 515 328 235 272 13 249 231 339 379 323 490 2 394 380 433 190 264 112 270 105 194 430 440 292 426 135 511 220 54 258 138 355 304 484 402 192 24 234 311 203 158 131 181 22 334 62 435 344 329 464 217 242 25 212 475 261 327 408 520 289 491 300 92 70 167 120 17 188 240 285 291 473 294 314 6 165 483 313 392 517 129 160 215 81 485 354 496 252 377 437 257 46 359 489 353 213 384 221 299 12 193 182 453 467 78 253 512 273 57 162 238 15 411 123 493 7 316 208 277 228 366 94 420 218 428 93 9 333 375 449 480 155 200 404 106 201 271 507 306 73 383 497 189 59 127 88 349 450 501 18 331 110 376 427 157 405 447 183 439 166 290 510 286 8 317 465 170 169 347 297 75 488 367 373 104 481 132 80 275 345 32 474 399 398 
