PARAMETER_FILE = result/cvrptw_500/LKH_para/564.para
Reading PROBLEM_FILE: "result/cvrptw_500/cvrptw/564.cvrptw" ... done
ASCENT_CANDIDATES = 50
BACKBONE_TRIALS = 0
BACKTRACKING = NO
# BWTSP =
# CANDIDATE_FILE =
CANDIDATE_SET_TYPE = ALPHA
DEPOT = 1
# EDGE_FILE =
EXCESS = 0.0384615
EXTERNAL_SALESMEN = 0
EXTRA_CANDIDATES = 0 
EXTRA_CANDIDATE_SET_TYPE = QUADRANT
GAIN23 = NO
GAIN_CRITERION = YES
INITIAL_PERIOD = 520
INITIAL_STEP_SIZE = 1
INITIAL_TOUR_ALGORITHM = WALK
# INITIAL_TOUR_FILE = 
INITIAL_TOUR_FRACTION = 1.000
# INPUT_TOUR_FILE = 
KICK_TYPE = 4
KICKS = 1
# MAX_BREADTH =
MAKESPAN = NO
MAX_CANDIDATES = 5 
MAX_SWAPS = 0
MAX_TRIALS = 1000
# MERGE_TOUR_FILE =
MOVE_TYPE = 5 SPECIAL
MTSP_MIN_SIZE = 1
MTSP_MAX_SIZE = 1039
# MTSP_SOLUTION_FILE = 
# NONSEQUENTIAL_MOVE_TYPE = 5
# OPTIMUM =
# OUTPUT_TOUR_FILE = 
PATCHING_A = 1 
PATCHING_C = 0 
# PI_FILE = 
POPMUSIC_INITIAL_TOUR = NO
POPMUSIC_MAX_NEIGHBORS = 5
POPMUSIC_SAMPLE_SIZE = 10
POPMUSIC_SOLUTIONS = 50
POPMUSIC_TRIALS = 1
POPULATION_SIZE = 10
PRECISION = 100
PROBLEM_FILE = result/cvrptw_500/cvrptw/564.cvrptw
RECOMBINATION = IPT
RESTRICTED_SEARCH = YES
RUNS = 1
SALESMEN = 20
SCALE = 1
SEED = 1234
# SINTEF_SOLUTION_FILE = 
STOP_AT_OPTIMUM = YES
SUBGRADIENT = YES
# SUBPROBLEM_SIZE =
# SUBPROBLEM_TOUR_FILE = 
SUBSEQUENT_MOVE_TYPE = 5 SPECIAL
SUBSEQUENT_PATCHING = YES
# TIME_LIMIT =
# TOUR_FILE = 
TRACE_LEVEL = 1
VEHICLES = 20

Lower bound = 26336350.9, Ascent time = 2.34 sec.
Cand.min = 5, Cand.avg = 5.0, Cand.max = 5
Edges.fixed = 520 [Cost = 0]
Preprocessing time = 2.43 sec.
* 1: Cost = 544273_56555350, Time = 4.42 sec. 
-Trial 1 544273 56555350 6.852295
-Trial 2 544273 56555350 6.994592
-Trial 3 544273 56555350 7.201026
-Trial 4 544273 56555350 7.339114
* 5: Cost = 544273_55997810, Time = 5.44 sec. 
-Trial 5 544273 55997810 7.880062
* 6: Cost = 544273_55738747, Time = 5.64 sec. 
-Trial 6 544273 55738747 8.079234
-Trial 7 544273 55738747 8.162385
* 8: Cost = 544273_55399822, Time = 5.91 sec. 
-Trial 8 544273 55399822 8.342137
* 9: Cost = 498073_55864135, Time = 6.08 sec. 
-Trial 9 498073 55864135 8.511871
* 10: Cost = 498073_55827727, Time = 6.11 sec. 
-Trial 10 498073 55827727 8.544269
* 11: Cost = 305323_54814526, Time = 6.34 sec. 
-Trial 11 305323 54814526 8.780444
-Trial 12 305323 54814526 8.874709
-Trial 13 305323 54814526 9.009889
* 14: Cost = 305323_54750794, Time = 6.74 sec. 
-Trial 14 305323 54750794 9.177846
* 15: Cost = 305323_54725923, Time = 6.79 sec. 
-Trial 15 305323 54725923 9.223105
-Trial 16 305323 54725923 9.309704
-Trial 17 305323 54725923 9.339963
* 18: Cost = 305323_54224855, Time = 7.07 sec. 
-Trial 18 305323 54224855 9.506254
-Trial 19 305323 54224855 9.548759
-Trial 20 305323 54224855 9.616314
* 21: Cost = 305323_54218720, Time = 7.21 sec. 
-Trial 21 305323 54218720 9.646717
* 22: Cost = 0_54142667, Time = 7.26 sec. 
-Trial 22 0 54142667 9.693492
-Trial 23 0 54142667 9.697346
-Trial 24 0 54142667 9.724726
-Trial 25 0 54142667 9.789102
-Trial 26 0 54142667 9.861605
* 27: Cost = 0_53932916, Time = 7.44 sec. 
-Trial 27 0 53932916 9.872001
* 28: Cost = 0_53167776, Time = 7.49 sec. 
-Trial 28 0 53167776 9.927486
* 29: Cost = 0_52907034, Time = 7.52 sec. 
-Trial 29 0 52907034 9.958137
* 30: Cost = 0_52059664, Time = 7.57 sec. 
-Trial 30 0 52059664 10.001282
* 31: Cost = 0_51822285, Time = 7.58 sec. 
-Trial 31 0 51822285 10.013759
-Trial 32 0 51822285 10.023308
* 33: Cost = 0_51775618, Time = 7.62 sec. 
-Trial 33 0 51775618 10.057131
-Trial 34 0 51775618 10.067519
-Trial 35 0 51775618 10.069982
-Trial 36 0 51775618 10.081995
* 37: Cost = 0_51294970, Time = 7.67 sec. 
-Trial 37 0 51294970 10.101245
-Trial 38 0 51294970 10.129111
* 39: Cost = 0_51268250, Time = 7.70 sec. 
-Trial 39 0 51268250 10.138940
* 40: Cost = 0_51213690, Time = 7.71 sec. 
-Trial 40 0 51213690 10.141718
-Trial 41 0 51213690 10.155128
-Trial 42 0 51213690 10.167044
-Trial 43 0 51213690 10.187340
* 44: Cost = 0_51088032, Time = 7.78 sec. 
-Trial 44 0 51088032 10.212951
-Trial 45 0 51088032 10.222393
* 46: Cost = 0_51087743, Time = 7.80 sec. 
-Trial 46 0 51087743 10.234400
-Trial 47 0 51087743 10.270564
-Trial 48 0 51087743 10.271265
-Trial 49 0 51087743 10.394285
-Trial 50 0 51087743 10.675930
-Trial 51 0 51087743 10.831589
-Trial 52 0 51087743 10.854973
* 53: Cost = 0_51062570, Time = 8.52 sec. 
-Trial 53 0 51062570 10.958428
-Trial 54 0 51062570 11.041749
-Trial 55 0 51062570 11.045508
-Trial 56 0 51062570 11.046226
* 57: Cost = 0_50995442, Time = 8.62 sec. 
-Trial 57 0 50995442 11.056785
-Trial 58 0 50995442 11.091071
-Trial 59 0 50995442 11.102111
-Trial 60 0 50995442 11.102794
-Trial 61 0 50995442 11.113209
-Trial 62 0 50995442 11.120802
-Trial 63 0 50995442 11.228404
-Trial 64 0 50995442 11.255607
* 65: Cost = 0_50854477, Time = 8.84 sec. 
-Trial 65 0 50854477 11.274424
-Trial 66 0 50854477 11.276351
* 67: Cost = 0_50801439, Time = 8.98 sec. 
-Trial 67 0 50801439 11.411337
* 68: Cost = 0_50500615, Time = 8.99 sec. 
-Trial 68 0 50500615 11.428684
-Trial 69 0 50500615 11.463594
-Trial 70 0 50500615 11.466370
* 71: Cost = 0_50453738, Time = 9.04 sec. 
-Trial 71 0 50453738 11.475063
-Trial 72 0 50453738 11.484552
* 73: Cost = 0_50387644, Time = 9.07 sec. 
-Trial 73 0 50387644 11.505846
* 74: Cost = 0_50324090, Time = 9.15 sec. 
-Trial 74 0 50324090 11.583835
-Trial 75 0 50324090 11.586754
* 76: Cost = 0_50021948, Time = 9.26 sec. 
-Trial 76 0 50021948 11.693306
* 77: Cost = 0_49487996, Time = 9.30 sec. 
-Trial 77 0 49487996 11.740190
-Trial 78 0 49487996 11.767017
-Trial 79 0 49487996 11.781410
-Trial 80 0 49487996 11.942632
* 81: Cost = 0_49483406, Time = 9.52 sec. 
-Trial 81 0 49483406 11.959564
-Trial 82 0 49483406 11.985776
* 83: Cost = 0_49451218, Time = 9.55 sec. 
-Trial 83 0 49451218 11.988339
-Trial 84 0 49451218 12.002271
-Trial 85 0 49451218 12.011706
-Trial 86 0 49451218 12.015628
-Trial 87 0 49451218 12.165684
* 88: Cost = 0_48803099, Time = 9.89 sec. 
-Trial 88 0 48803099 12.327006
-Trial 89 0 48803099 12.344123
-Trial 90 0 48803099 12.354666
* 91: Cost = 0_48280061, Time = 9.99 sec. 
-Trial 91 0 48280061 12.427552
-Trial 92 0 48280061 12.520058
* 93: Cost = 0_48179762, Time = 10.18 sec. 
-Trial 93 0 48179762 12.613946
* 94: Cost = 0_48144151, Time = 10.20 sec. 
-Trial 94 0 48144151 12.631757
-Trial 95 0 48144151 12.802958
-Trial 96 0 48144151 12.942882
-Trial 97 0 48144151 12.989373
-Trial 98 0 48144151 13.018634
-Trial 99 0 48144151 13.719164
-Trial 100 0 48144151 13.721266
-Trial 101 0 48144151 13.722084
* 102: Cost = 0_47721855, Time = 11.35 sec. 
-Trial 102 0 47721855 13.782802
-Trial 103 0 47721855 13.791894
-Trial 104 0 47721855 13.797155
* 105: Cost = 0_47435344, Time = 11.39 sec. 
-Trial 105 0 47435344 13.823169
-Trial 106 0 47435344 13.888206
* 107: Cost = 0_47320961, Time = 11.46 sec. 
-Trial 107 0 47320961 13.897956
-Trial 108 0 47320961 13.932520
-Trial 109 0 47320961 13.937989
* 110: Cost = 0_47316123, Time = 11.51 sec. 
-Trial 110 0 47316123 13.945079
-Trial 111 0 47316123 13.959889
-Trial 112 0 47316123 13.977569
-Trial 113 0 47316123 13.986877
* 114: Cost = 0_47292335, Time = 11.57 sec. 
-Trial 114 0 47292335 14.009608
-Trial 115 0 47292335 14.013124
-Trial 116 0 47292335 14.055261
-Trial 117 0 47292335 14.113771
* 118: Cost = 0_47288568, Time = 11.68 sec. 
-Trial 118 0 47288568 14.116594
* 119: Cost = 0_47239904, Time = 11.69 sec. 
-Trial 119 0 47239904 14.129456
-Trial 120 0 47239904 14.137489
-Trial 121 0 47239904 14.148889
* 122: Cost = 0_47145721, Time = 11.77 sec. 
-Trial 122 0 47145721 14.208721
-Trial 123 0 47145721 14.270678
* 124: Cost = 0_47141131, Time = 11.85 sec. 
-Trial 124 0 47141131 14.286925
-Trial 125 0 47141131 14.306873
-Trial 126 0 47141131 14.324570
-Trial 127 0 47141131 14.329003
-Trial 128 0 47141131 14.341919
-Trial 129 0 47141131 14.348886
-Trial 130 0 47141131 14.370155
-Trial 131 0 47141131 14.399247
-Trial 132 0 47141131 14.426015
-Trial 133 0 47141131 14.461560
-Trial 134 0 47141131 14.497076
* 135: Cost = 0_47004173, Time = 12.07 sec. 
-Trial 135 0 47004173 14.511108
* 136: Cost = 0_46931879, Time = 12.10 sec. 
-Trial 136 0 46931879 14.536071
-Trial 137 0 46931879 14.572252
-Trial 138 0 46931879 14.575868
-Trial 139 0 46931879 14.616745
-Trial 140 0 46931879 14.626704
* 141: Cost = 0_46801194, Time = 12.21 sec. 
-Trial 141 0 46801194 14.647710
-Trial 142 0 46801194 14.660912
-Trial 143 0 46801194 14.692569
-Trial 144 0 46801194 14.716612
-Trial 145 0 46801194 14.737219
-Trial 146 0 46801194 14.751878
-Trial 147 0 46801194 14.772829
-Trial 148 0 46801194 14.785982
-Trial 149 0 46801194 14.832056
-Trial 150 0 46801194 14.837436
-Trial 151 0 46801194 14.857484
-Trial 152 0 46801194 14.871398
-Trial 153 0 46801194 14.875339
-Trial 154 0 46801194 14.896228
-Trial 155 0 46801194 14.907783
-Trial 156 0 46801194 14.911333
-Trial 157 0 46801194 14.927722
-Trial 158 0 46801194 14.961271
-Trial 159 0 46801194 14.974160
-Trial 160 0 46801194 15.014590
-Trial 161 0 46801194 15.033551
-Trial 162 0 46801194 15.042247
-Trial 163 0 46801194 15.100200
-Trial 164 0 46801194 15.148241
-Trial 165 0 46801194 15.154409
-Trial 166 0 46801194 15.166150
-Trial 167 0 46801194 15.170548
-Trial 168 0 46801194 15.181697
-Trial 169 0 46801194 15.192811
-Trial 170 0 46801194 15.217535
* 171: Cost = 0_46776311, Time = 12.83 sec. 
-Trial 171 0 46776311 15.266690
-Trial 172 0 46776311 15.278021
-Trial 173 0 46776311 15.280144
-Trial 174 0 46776311 15.292082
-Trial 175 0 46776311 15.428379
-Trial 176 0 46776311 15.471494
-Trial 177 0 46776311 15.479225
-Trial 178 0 46776311 15.520314
-Trial 179 0 46776311 15.549322
-Trial 180 0 46776311 15.567751
-Trial 181 0 46776311 15.635200
-Trial 182 0 46776311 15.636801
* 183: Cost = 0_46768475, Time = 13.38 sec. 
-Trial 183 0 46768475 15.820755
-Trial 184 0 46768475 15.854277
* 185: Cost = 0_46764418, Time = 13.55 sec. 
-Trial 185 0 46764418 15.985905
-Trial 186 0 46764418 16.076871
-Trial 187 0 46764418 16.081396
-Trial 188 0 46764418 16.175087
-Trial 189 0 46764418 16.188938
-Trial 190 0 46764418 16.217558
-Trial 191 0 46764418 16.247079
-Trial 192 0 46764418 16.258885
-Trial 193 0 46764418 16.350081
* 194: Cost = 0_46740199, Time = 13.92 sec. 
-Trial 194 0 46740199 16.360475
-Trial 195 0 46740199 16.405680
-Trial 196 0 46740199 16.674005
-Trial 197 0 46740199 16.720683
-Trial 198 0 46740199 16.766051
-Trial 199 0 46740199 16.785567
-Trial 200 0 46740199 16.790614
-Trial 201 0 46740199 16.836051
-Trial 202 0 46740199 16.864834
-Trial 203 0 46740199 16.887632
-Trial 204 0 46740199 16.907327
-Trial 205 0 46740199 16.927613
-Trial 206 0 46740199 16.932177
-Trial 207 0 46740199 16.939805
* 208: Cost = 0_46683603, Time = 14.52 sec. 
-Trial 208 0 46683603 16.951639
-Trial 209 0 46683603 16.956337
-Trial 210 0 46683603 16.986012
-Trial 211 0 46683603 16.996606
-Trial 212 0 46683603 17.032112
* 213: Cost = 0_46654691, Time = 14.60 sec. 
-Trial 213 0 46654691 17.033726
-Trial 214 0 46654691 17.061235
-Trial 215 0 46654691 17.063157
-Trial 216 0 46654691 17.084017
-Trial 217 0 46654691 17.092366
-Trial 218 0 46654691 17.103604
-Trial 219 0 46654691 17.116990
-Trial 220 0 46654691 17.146103
-Trial 221 0 46654691 17.161604
-Trial 222 0 46654691 17.191491
* 223: Cost = 0_46537763, Time = 14.77 sec. 
-Trial 223 0 46537763 17.210753
-Trial 224 0 46537763 17.221139
-Trial 225 0 46537763 17.279596
* 226: Cost = 0_46535899, Time = 14.97 sec. 
-Trial 226 0 46535899 17.408961
-Trial 227 0 46535899 17.448044
-Trial 228 0 46535899 17.448471
-Trial 229 0 46535899 17.459209
-Trial 230 0 46535899 17.570479
-Trial 231 0 46535899 17.604690
-Trial 232 0 46535899 17.625040
-Trial 233 0 46535899 17.830702
* 234: Cost = 0_46505444, Time = 15.40 sec. 
-Trial 234 0 46505444 17.838700
-Trial 235 0 46505444 17.847187
-Trial 236 0 46505444 17.858626
-Trial 237 0 46505444 17.904008
-Trial 238 0 46505444 17.942213
-Trial 239 0 46505444 17.948862
-Trial 240 0 46505444 17.982768
* 241: Cost = 0_46499592, Time = 15.55 sec. 
-Trial 241 0 46499592 17.985596
-Trial 242 0 46499592 18.020728
* 243: Cost = 0_46454173, Time = 15.65 sec. 
-Trial 243 0 46454173 18.088156
-Trial 244 0 46454173 18.130721
-Trial 245 0 46454173 18.135068
-Trial 246 0 46454173 18.161962
-Trial 247 0 46454173 18.168351
-Trial 248 0 46454173 18.184005
-Trial 249 0 46454173 18.203689
* 250: Cost = 0_46314786, Time = 15.78 sec. 
-Trial 250 0 46314786 18.216760
-Trial 251 0 46314786 18.254106
-Trial 252 0 46314786 18.263296
-Trial 253 0 46314786 18.264379
-Trial 254 0 46314786 18.344362
* 255: Cost = 0_46300482, Time = 15.93 sec. 
-Trial 255 0 46300482 18.366335
-Trial 256 0 46300482 18.400470
-Trial 257 0 46300482 18.410932
-Trial 258 0 46300482 18.442045
* 259: Cost = 0_46286242, Time = 16.02 sec. 
-Trial 259 0 46286242 18.460792
* 260: Cost = 0_46203382, Time = 16.03 sec. 
-Trial 260 0 46203382 18.463224
-Trial 261 0 46203382 18.477203
-Trial 262 0 46203382 18.514445
-Trial 263 0 46203382 18.525745
-Trial 264 0 46203382 18.533268
* 265: Cost = 0_46202705, Time = 16.10 sec. 
-Trial 265 0 46202705 18.539575
-Trial 266 0 46202705 18.570323
-Trial 267 0 46202705 18.608812
-Trial 268 0 46202705 18.629107
-Trial 269 0 46202705 18.637821
-Trial 270 0 46202705 18.644695
-Trial 271 0 46202705 18.659396
* 272: Cost = 0_46171939, Time = 16.28 sec. 
-Trial 272 0 46171939 18.719910
-Trial 273 0 46171939 18.847301
* 274: Cost = 0_46137181, Time = 16.41 sec. 
-Trial 274 0 46137181 18.848896
-Trial 275 0 46137181 18.889483
-Trial 276 0 46137181 18.897789
-Trial 277 0 46137181 18.898224
-Trial 278 0 46137181 19.012864
-Trial 279 0 46137181 19.064759
-Trial 280 0 46137181 19.086107
* 281: Cost = 0_46063543, Time = 16.66 sec. 
-Trial 281 0 46063543 19.100280
-Trial 282 0 46063543 19.106675
-Trial 283 0 46063543 19.113451
-Trial 284 0 46063543 19.117270
-Trial 285 0 46063543 19.145761
-Trial 286 0 46063543 19.187253
* 287: Cost = 0_45983039, Time = 16.76 sec. 
-Trial 287 0 45983039 19.196975
-Trial 288 0 45983039 19.221111
-Trial 289 0 45983039 19.236933
-Trial 290 0 45983039 19.251342
-Trial 291 0 45983039 19.255258
* 292: Cost = 0_45921146, Time = 16.85 sec. 
-Trial 292 0 45921146 19.288625
-Trial 293 0 45921146 19.306567
-Trial 294 0 45921146 19.358948
* 295: Cost = 0_45770224, Time = 16.94 sec. 
-Trial 295 0 45770224 19.373455
-Trial 296 0 45770224 19.409773
-Trial 297 0 45770224 19.444127
-Trial 298 0 45770224 19.466194
-Trial 299 0 45770224 19.565537
-Trial 300 0 45770224 19.614502
-Trial 301 0 45770224 19.622867
-Trial 302 0 45770224 19.645469
-Trial 303 0 45770224 19.715101
-Trial 304 0 45770224 19.767822
-Trial 305 0 45770224 19.794303
-Trial 306 0 45770224 19.802760
-Trial 307 0 45770224 19.857344
-Trial 308 0 45770224 19.864656
-Trial 309 0 45770224 19.896453
-Trial 310 0 45770224 19.897849
-Trial 311 0 45770224 19.899601
-Trial 312 0 45770224 20.038545
-Trial 313 0 45770224 20.040205
-Trial 314 0 45770224 20.055652
-Trial 315 0 45770224 20.056897
-Trial 316 0 45770224 20.064692
-Trial 317 0 45770224 20.082612
-Trial 318 0 45770224 20.138156
-Trial 319 0 45770224 20.161654
* 320: Cost = 0_45721225, Time = 17.86 sec. 
-Trial 320 0 45721225 20.299938
* 321: Cost = 0_45705491, Time = 17.87 sec. 
-Trial 321 0 45705491 20.308523
-Trial 322 0 45705491 20.350125
-Trial 323 0 45705491 20.373096
* 324: Cost = 0_45653174, Time = 18.01 sec. 
-Trial 324 0 45653174 20.448530
-Trial 325 0 45653174 20.453746
-Trial 326 0 45653174 20.507492
-Trial 327 0 45653174 20.523508
-Trial 328 0 45653174 20.557714
-Trial 329 0 45653174 20.563958
-Trial 330 0 45653174 20.570830
-Trial 331 0 45653174 20.591063
-Trial 332 0 45653174 20.708636
-Trial 333 0 45653174 20.736125
-Trial 334 0 45653174 20.777309
-Trial 335 0 45653174 20.804523
-Trial 336 0 45653174 20.814730
-Trial 337 0 45653174 20.822873
-Trial 338 0 45653174 20.841847
-Trial 339 0 45653174 20.886942
-Trial 340 0 45653174 20.922791
-Trial 341 0 45653174 20.952497
-Trial 342 0 45653174 20.963117
-Trial 343 0 45653174 20.976698
-Trial 344 0 45653174 20.995992
-Trial 345 0 45653174 21.007855
-Trial 346 0 45653174 21.030567
-Trial 347 0 45653174 21.057363
-Trial 348 0 45653174 21.127878
-Trial 349 0 45653174 21.150371
-Trial 350 0 45653174 21.286077
-Trial 351 0 45653174 21.307585
* 352: Cost = 0_45635840, Time = 18.90 sec. 
-Trial 352 0 45635840 21.336696
-Trial 353 0 45635840 21.350191
-Trial 354 0 45635840 21.414555
-Trial 355 0 45635840 21.420453
-Trial 356 0 45635840 21.469158
-Trial 357 0 45635840 21.484034
-Trial 358 0 45635840 21.487223
-Trial 359 0 45635840 21.567340
-Trial 360 0 45635840 21.582081
-Trial 361 0 45635840 21.606097
-Trial 362 0 45635840 21.623942
-Trial 363 0 45635840 21.628848
-Trial 364 0 45635840 21.750357
-Trial 365 0 45635840 21.766922
-Trial 366 0 45635840 21.783364
-Trial 367 0 45635840 21.803871
-Trial 368 0 45635840 21.892501
-Trial 369 0 45635840 21.896391
-Trial 370 0 45635840 21.939996
* 371: Cost = 0_45601539, Time = 19.51 sec. 
-Trial 371 0 45601539 21.949971
-Trial 372 0 45601539 21.952495
-Trial 373 0 45601539 21.969546
-Trial 374 0 45601539 21.988409
-Trial 375 0 45601539 22.030438
-Trial 376 0 45601539 22.037959
-Trial 377 0 45601539 22.072979
-Trial 378 0 45601539 22.089047
-Trial 379 0 45601539 22.099502
-Trial 380 0 45601539 22.145963
-Trial 381 0 45601539 22.159998
-Trial 382 0 45601539 22.204672
-Trial 383 0 45601539 22.213406
-Trial 384 0 45601539 22.219331
-Trial 385 0 45601539 22.222744
-Trial 386 0 45601539 22.272239
* 387: Cost = 0_45593703, Time = 19.86 sec. 
-Trial 387 0 45593703 22.295923
-Trial 388 0 45593703 22.297126
-Trial 389 0 45593703 22.321813
-Trial 390 0 45593703 22.345491
-Trial 391 0 45593703 22.387154
-Trial 392 0 45593703 22.400558
-Trial 393 0 45593703 22.427683
-Trial 394 0 45593703 22.428603
-Trial 395 0 45593703 22.475768
-Trial 396 0 45593703 22.523344
-Trial 397 0 45593703 22.553611
-Trial 398 0 45593703 22.621327
-Trial 399 0 45593703 22.625285
-Trial 400 0 45593703 22.696692
-Trial 401 0 45593703 22.764864
-Trial 402 0 45593703 22.803188
* 403: Cost = 0_45583280, Time = 20.38 sec. 
-Trial 403 0 45583280 22.812984
-Trial 404 0 45583280 22.831691
-Trial 405 0 45583280 22.844707
-Trial 406 0 45583280 22.935990
-Trial 407 0 45583280 22.939937
-Trial 408 0 45583280 23.068157
-Trial 409 0 45583280 23.071411
-Trial 410 0 45583280 23.147690
-Trial 411 0 45583280 23.158334
-Trial 412 0 45583280 23.198699
-Trial 413 0 45583280 23.248957
-Trial 414 0 45583280 23.252324
-Trial 415 0 45583280 23.274448
-Trial 416 0 45583280 23.276680
-Trial 417 0 45583280 23.284945
-Trial 418 0 45583280 23.341188
* 419: Cost = 0_45496046, Time = 20.95 sec. 
-Trial 419 0 45496046 23.387106
-Trial 420 0 45496046 23.485505
-Trial 421 0 45496046 23.492708
-Trial 422 0 45496046 23.518841
-Trial 423 0 45496046 23.561546
-Trial 424 0 45496046 23.590523
-Trial 425 0 45496046 23.600825
-Trial 426 0 45496046 23.623179
-Trial 427 0 45496046 23.627646
-Trial 428 0 45496046 23.643795
-Trial 429 0 45496046 23.709275
-Trial 430 0 45496046 23.718917
-Trial 431 0 45496046 23.732558
-Trial 432 0 45496046 23.747692
-Trial 433 0 45496046 23.748206
-Trial 434 0 45496046 23.765123
-Trial 435 0 45496046 23.777285
-Trial 436 0 45496046 23.792149
-Trial 437 0 45496046 23.800982
* 438: Cost = 0_45495338, Time = 21.37 sec. 
-Trial 438 0 45495338 23.807072
-Trial 439 0 45495338 23.839430
-Trial 440 0 45495338 23.932236
-Trial 441 0 45495338 23.932692
-Trial 442 0 45495338 23.967701
-Trial 443 0 45495338 24.031172
-Trial 444 0 45495338 24.077907
-Trial 445 0 45495338 24.124870
-Trial 446 0 45495338 24.147876
-Trial 447 0 45495338 24.149896
-Trial 448 0 45495338 24.167977
-Trial 449 0 45495338 24.205379
-Trial 450 0 45495338 24.297814
-Trial 451 0 45495338 24.299697
-Trial 452 0 45495338 24.386255
-Trial 453 0 45495338 24.443787
-Trial 454 0 45495338 24.467631
-Trial 455 0 45495338 24.487229
-Trial 456 0 45495338 24.512118
-Trial 457 0 45495338 24.530641
-Trial 458 0 45495338 24.572141
-Trial 459 0 45495338 24.582678
-Trial 460 0 45495338 24.584018
-Trial 461 0 45495338 24.608622
-Trial 462 0 45495338 24.627569
-Trial 463 0 45495338 24.634284
-Trial 464 0 45495338 24.659181
-Trial 465 0 45495338 24.676421
-Trial 466 0 45495338 24.718565
-Trial 467 0 45495338 24.727217
* 468: Cost = 0_45481441, Time = 22.30 sec. 
-Trial 468 0 45481441 24.737763
-Trial 469 0 45481441 24.738224
-Trial 470 0 45481441 24.758193
-Trial 471 0 45481441 24.762612
-Trial 472 0 45481441 24.851498
-Trial 473 0 45481441 24.867484
* 474: Cost = 0_45456550, Time = 22.48 sec. 
-Trial 474 0 45456550 24.915278
-Trial 475 0 45456550 25.007538
-Trial 476 0 45456550 25.048729
-Trial 477 0 45456550 25.111931
-Trial 478 0 45456550 25.122978
-Trial 479 0 45456550 25.141236
-Trial 480 0 45456550 25.171211
-Trial 481 0 45456550 25.174598
-Trial 482 0 45456550 25.201603
-Trial 483 0 45456550 25.210703
-Trial 484 0 45456550 25.221593
-Trial 485 0 45456550 25.290838
-Trial 486 0 45456550 25.295832
-Trial 487 0 45456550 25.316521
* 488: Cost = 0_45373762, Time = 22.93 sec. 
-Trial 488 0 45373762 25.367214
-Trial 489 0 45373762 25.429993
-Trial 490 0 45373762 25.434691
* 491: Cost = 0_45287524, Time = 23.03 sec. 
-Trial 491 0 45287524 25.466022
-Trial 492 0 45287524 25.474154
-Trial 493 0 45287524 25.498124
-Trial 494 0 45287524 25.502395
-Trial 495 0 45287524 25.511071
-Trial 496 0 45287524 25.516524
-Trial 497 0 45287524 25.525844
-Trial 498 0 45287524 25.532735
-Trial 499 0 45287524 25.566498
* 500: Cost = 0_45264918, Time = 23.15 sec. 
-Trial 500 0 45264918 25.590462
-Trial 501 0 45264918 25.625231
-Trial 502 0 45264918 25.627925
-Trial 503 0 45264918 25.635452
-Trial 504 0 45264918 25.689813
-Trial 505 0 45264918 25.723303
-Trial 506 0 45264918 25.731617
-Trial 507 0 45264918 25.737394
-Trial 508 0 45264918 25.740354
-Trial 509 0 45264918 25.766682
-Trial 510 0 45264918 25.783826
-Trial 511 0 45264918 25.825428
-Trial 512 0 45264918 25.843256
-Trial 513 0 45264918 26.029720
-Trial 514 0 45264918 26.041520
-Trial 515 0 45264918 26.231885
-Trial 516 0 45264918 26.245314
-Trial 517 0 45264918 26.386392
-Trial 518 0 45264918 26.392409
-Trial 519 0 45264918 26.424127
-Trial 520 0 45264918 26.477998
-Trial 521 0 45264918 26.559073
-Trial 522 0 45264918 26.564679
-Trial 523 0 45264918 26.581055
-Trial 524 0 45264918 26.595406
-Trial 525 0 45264918 26.610376
-Trial 526 0 45264918 26.649257
-Trial 527 0 45264918 26.656755
-Trial 528 0 45264918 26.710413
-Trial 529 0 45264918 26.716110
-Trial 530 0 45264918 26.729674
-Trial 531 0 45264918 26.754738
-Trial 532 0 45264918 26.764358
-Trial 533 0 45264918 26.769464
-Trial 534 0 45264918 26.791984
-Trial 535 0 45264918 26.793294
-Trial 536 0 45264918 26.859997
-Trial 537 0 45264918 26.921794
-Trial 538 0 45264918 27.069949
-Trial 539 0 45264918 27.172262
-Trial 540 0 45264918 27.182143
-Trial 541 0 45264918 27.204028
-Trial 542 0 45264918 27.207178
-Trial 543 0 45264918 27.216051
-Trial 544 0 45264918 27.224580
-Trial 545 0 45264918 27.240032
-Trial 546 0 45264918 27.251068
-Trial 547 0 45264918 27.277353
-Trial 548 0 45264918 27.280544
-Trial 549 0 45264918 27.282647
-Trial 550 0 45264918 27.324257
-Trial 551 0 45264918 27.340165
-Trial 552 0 45264918 27.359719
-Trial 553 0 45264918 27.481780
-Trial 554 0 45264918 27.488080
-Trial 555 0 45264918 27.495442
-Trial 556 0 45264918 27.510554
-Trial 557 0 45264918 27.518768
-Trial 558 0 45264918 27.620863
-Trial 559 0 45264918 27.650218
-Trial 560 0 45264918 27.656262
-Trial 561 0 45264918 27.674472
-Trial 562 0 45264918 27.683172
-Trial 563 0 45264918 27.693837
-Trial 564 0 45264918 27.712753
-Trial 565 0 45264918 27.790733
-Trial 566 0 45264918 27.962104
-Trial 567 0 45264918 27.999580
-Trial 568 0 45264918 28.018351
-Trial 569 0 45264918 28.042861
-Trial 570 0 45264918 28.063399
* 571: Cost = 0_45247756, Time = 25.69 sec. 
-Trial 571 0 45247756 28.126830
-Trial 572 0 45247756 28.127748
-Trial 573 0 45247756 28.148215
-Trial 574 0 45247756 28.178744
-Trial 575 0 45247756 28.204902
-Trial 576 0 45247756 28.265218
-Trial 577 0 45247756 28.301521
-Trial 578 0 45247756 28.311015
-Trial 579 0 45247756 28.316505
* 580: Cost = 0_45188550, Time = 26.04 sec. 
-Trial 580 0 45188550 28.478327
-Trial 581 0 45188550 28.543219
-Trial 582 0 45188550 28.596925
* 583: Cost = 0_45184305, Time = 26.24 sec. 
-Trial 583 0 45184305 28.672215
-Trial 584 0 45184305 28.697856
-Trial 585 0 45184305 28.734566
-Trial 586 0 45184305 28.761807
-Trial 587 0 45184305 28.787234
-Trial 588 0 45184305 28.814593
-Trial 589 0 45184305 28.904546
-Trial 590 0 45184305 28.932425
-Trial 591 0 45184305 28.946242
-Trial 592 0 45184305 29.009211
-Trial 593 0 45184305 29.020723
-Trial 594 0 45184305 29.060783
-Trial 595 0 45184305 29.078734
-Trial 596 0 45184305 29.104121
-Trial 597 0 45184305 29.156785
-Trial 598 0 45184305 29.160304
-Trial 599 0 45184305 29.170016
-Trial 600 0 45184305 29.192973
-Trial 601 0 45184305 29.214929
-Trial 602 0 45184305 29.237390
-Trial 603 0 45184305 29.250932
-Trial 604 0 45184305 29.269661
-Trial 605 0 45184305 29.274860
-Trial 606 0 45184305 29.292258
-Trial 607 0 45184305 29.292992
-Trial 608 0 45184305 29.357918
-Trial 609 0 45184305 29.385184
-Trial 610 0 45184305 29.392330
-Trial 611 0 45184305 29.402413
-Trial 612 0 45184305 29.426542
-Trial 613 0 45184305 29.460477
-Trial 614 0 45184305 29.484306
-Trial 615 0 45184305 29.490027
-Trial 616 0 45184305 29.499578
-Trial 617 0 45184305 29.519027
-Trial 618 0 45184305 29.521841
-Trial 619 0 45184305 29.562329
-Trial 620 0 45184305 29.583615
-Trial 621 0 45184305 29.585369
-Trial 622 0 45184305 29.610127
-Trial 623 0 45184305 29.611757
-Trial 624 0 45184305 29.618090
-Trial 625 0 45184305 29.631821
-Trial 626 0 45184305 29.662173
-Trial 627 0 45184305 29.682886
-Trial 628 0 45184305 29.724031
-Trial 629 0 45184305 29.814031
-Trial 630 0 45184305 29.819487
-Trial 631 0 45184305 29.922961
-Trial 632 0 45184305 29.950703
-Trial 633 0 45184305 29.960984
-Trial 634 0 45184305 30.060359
-Trial 635 0 45184305 30.064690
-Trial 636 0 45184305 30.116520
-Trial 637 0 45184305 30.119204
-Trial 638 0 45184305 30.153824
-Trial 639 0 45184305 30.277688
-Trial 640 0 45184305 30.308683
-Trial 641 0 45184305 30.362986
-Trial 642 0 45184305 30.418304
-Trial 643 0 45184305 30.443930
-Trial 644 0 45184305 30.453500
-Trial 645 0 45184305 30.579799
-Trial 646 0 45184305 30.648616
-Trial 647 0 45184305 30.657223
-Trial 648 0 45184305 30.664820
-Trial 649 0 45184305 30.695973
-Trial 650 0 45184305 30.749592
-Trial 651 0 45184305 30.761157
-Trial 652 0 45184305 30.817115
-Trial 653 0 45184305 30.841017
-Trial 654 0 45184305 30.885403
-Trial 655 0 45184305 30.906676
-Trial 656 0 45184305 31.033589
-Trial 657 0 45184305 31.040105
-Trial 658 0 45184305 31.063574
-Trial 659 0 45184305 31.110253
-Trial 660 0 45184305 31.112986
-Trial 661 0 45184305 31.186758
-Trial 662 0 45184305 31.191870
-Trial 663 0 45184305 31.202646
-Trial 664 0 45184305 31.228987
-Trial 665 0 45184305 31.287523
-Trial 666 0 45184305 31.338227
-Trial 667 0 45184305 31.352213
-Trial 668 0 45184305 31.387712
-Trial 669 0 45184305 31.402648
-Trial 670 0 45184305 31.472780
-Trial 671 0 45184305 31.520213
-Trial 672 0 45184305 31.540828
-Trial 673 0 45184305 31.570984
-Trial 674 0 45184305 31.595573
-Trial 675 0 45184305 31.610077
-Trial 676 0 45184305 31.628170
-Trial 677 0 45184305 31.690649
-Trial 678 0 45184305 31.792107
-Trial 679 0 45184305 31.825133
-Trial 680 0 45184305 31.825592
-Trial 681 0 45184305 31.838922
-Trial 682 0 45184305 31.862423
-Trial 683 0 45184305 31.947801
-Trial 684 0 45184305 31.954145
-Trial 685 0 45184305 31.970078
-Trial 686 0 45184305 32.272613
-Trial 687 0 45184305 32.369142
-Trial 688 0 45184305 32.377715
-Trial 689 0 45184305 32.426393
-Trial 690 0 45184305 32.473753
-Trial 691 0 45184305 32.487309
-Trial 692 0 45184305 32.491120
-Trial 693 0 45184305 32.513627
-Trial 694 0 45184305 32.549182
-Trial 695 0 45184305 32.553946
-Trial 696 0 45184305 32.612297
-Trial 697 0 45184305 32.626333
-Trial 698 0 45184305 32.643539
-Trial 699 0 45184305 32.663086
-Trial 700 0 45184305 32.684240
-Trial 701 0 45184305 32.744351
-Trial 702 0 45184305 32.796178
-Trial 703 0 45184305 32.813703
-Trial 704 0 45184305 32.822904
-Trial 705 0 45184305 32.849507
-Trial 706 0 45184305 32.887708
-Trial 707 0 45184305 32.891549
-Trial 708 0 45184305 32.892575
* 709: Cost = 0_45156159, Time = 30.47 sec. 
-Trial 709 0 45156159 32.908554
-Trial 710 0 45156159 32.922420
-Trial 711 0 45156159 32.995597
-Trial 712 0 45156159 33.001442
-Trial 713 0 45156159 33.007521
-Trial 714 0 45156159 33.035106
-Trial 715 0 45156159 33.096961
-Trial 716 0 45156159 33.105573
-Trial 717 0 45156159 33.124719
-Trial 718 0 45156159 33.286434
-Trial 719 0 45156159 33.304282
-Trial 720 0 45156159 33.310122
-Trial 721 0 45156159 33.353453
-Trial 722 0 45156159 33.377129
-Trial 723 0 45156159 33.379608
-Trial 724 0 45156159 33.395213
-Trial 725 0 45156159 33.429186
-Trial 726 0 45156159 33.442545
-Trial 727 0 45156159 33.468702
-Trial 728 0 45156159 33.482977
-Trial 729 0 45156159 33.517165
-Trial 730 0 45156159 33.533314
-Trial 731 0 45156159 33.602966
-Trial 732 0 45156159 33.885339
-Trial 733 0 45156159 33.892453
-Trial 734 0 45156159 33.916732
-Trial 735 0 45156159 33.925608
-Trial 736 0 45156159 33.945543
-Trial 737 0 45156159 33.972990
-Trial 738 0 45156159 33.985772
-Trial 739 0 45156159 34.134420
-Trial 740 0 45156159 34.153891
-Trial 741 0 45156159 34.160821
-Trial 742 0 45156159 34.183318
-Trial 743 0 45156159 34.186885
-Trial 744 0 45156159 34.189166
-Trial 745 0 45156159 34.189518
-Trial 746 0 45156159 34.207249
-Trial 747 0 45156159 34.506492
-Trial 748 0 45156159 34.580094
-Trial 749 0 45156159 34.816804
-Trial 750 0 45156159 34.894013
-Trial 751 0 45156159 34.950158
-Trial 752 0 45156159 35.338914
-Trial 753 0 45156159 35.371974
-Trial 754 0 45156159 35.378657
-Trial 755 0 45156159 35.391009
-Trial 756 0 45156159 35.413639
-Trial 757 0 45156159 35.446791
-Trial 758 0 45156159 35.475248
-Trial 759 0 45156159 35.487061
-Trial 760 0 45156159 35.556957
-Trial 761 0 45156159 35.576290
-Trial 762 0 45156159 35.576877
-Trial 763 0 45156159 35.651843
-Trial 764 0 45156159 35.686128
-Trial 765 0 45156159 35.786392
-Trial 766 0 45156159 35.819796
-Trial 767 0 45156159 35.866649
-Trial 768 0 45156159 35.874167
-Trial 769 0 45156159 35.877254
-Trial 770 0 45156159 35.904212
-Trial 771 0 45156159 35.918147
-Trial 772 0 45156159 35.992221
-Trial 773 0 45156159 36.014405
-Trial 774 0 45156159 36.020450
-Trial 775 0 45156159 36.050023
-Trial 776 0 45156159 36.054345
-Trial 777 0 45156159 36.060566
-Trial 778 0 45156159 36.070019
-Trial 779 0 45156159 36.090913
-Trial 780 0 45156159 36.111575
-Trial 781 0 45156159 36.186392
-Trial 782 0 45156159 36.225233
-Trial 783 0 45156159 36.280034
-Trial 784 0 45156159 36.300414
* 785: Cost = 0_45142624, Time = 33.88 sec. 
-Trial 785 0 45142624 36.315203
-Trial 786 0 45142624 36.343486
-Trial 787 0 45142624 36.378931
-Trial 788 0 45142624 36.385179
-Trial 789 0 45142624 36.388465
-Trial 790 0 45142624 36.396508
-Trial 791 0 45142624 36.404003
-Trial 792 0 45142624 36.427578
-Trial 793 0 45142624 36.441610
-Trial 794 0 45142624 36.453232
-Trial 795 0 45142624 36.522632
-Trial 796 0 45142624 36.530277
-Trial 797 0 45142624 36.538340
-Trial 798 0 45142624 36.539917
-Trial 799 0 45142624 36.547481
-Trial 800 0 45142624 36.611766
-Trial 801 0 45142624 36.625247
-Trial 802 0 45142624 36.643195
-Trial 803 0 45142624 36.661091
-Trial 804 0 45142624 36.670296
* 805: Cost = 0_45133482, Time = 34.25 sec. 
-Trial 805 0 45133482 36.683827
-Trial 806 0 45133482 36.695364
-Trial 807 0 45133482 36.714343
-Trial 808 0 45133482 36.773181
-Trial 809 0 45133482 36.794289
-Trial 810 0 45133482 36.856266
-Trial 811 0 45133482 36.882650
-Trial 812 0 45133482 36.886366
-Trial 813 0 45133482 36.901376
-Trial 814 0 45133482 36.902276
-Trial 815 0 45133482 36.956701
-Trial 816 0 45133482 36.968488
-Trial 817 0 45133482 37.005151
-Trial 818 0 45133482 37.017393
-Trial 819 0 45133482 37.025145
-Trial 820 0 45133482 37.065829
-Trial 821 0 45133482 37.073185
-Trial 822 0 45133482 37.081370
-Trial 823 0 45133482 37.084507
-Trial 824 0 45133482 37.086417
* 825: Cost = 0_45107676, Time = 34.68 sec. 
-Trial 825 0 45107676 37.115990
-Trial 826 0 45107676 37.157604
-Trial 827 0 45107676 37.185351
-Trial 828 0 45107676 37.205261
-Trial 829 0 45107676 37.208381
-Trial 830 0 45107676 37.221105
-Trial 831 0 45107676 37.252745
-Trial 832 0 45107676 37.264617
-Trial 833 0 45107676 37.273544
-Trial 834 0 45107676 37.385354
-Trial 835 0 45107676 37.401023
-Trial 836 0 45107676 37.408055
-Trial 837 0 45107676 37.419198
-Trial 838 0 45107676 37.447221
-Trial 839 0 45107676 37.488968
-Trial 840 0 45107676 37.494597
-Trial 841 0 45107676 37.648844
-Trial 842 0 45107676 37.693209
-Trial 843 0 45107676 37.727605
-Trial 844 0 45107676 37.957297
-Trial 845 0 45107676 37.980729
-Trial 846 0 45107676 38.019848
-Trial 847 0 45107676 38.063219
-Trial 848 0 45107676 38.077065
-Trial 849 0 45107676 38.102797
-Trial 850 0 45107676 38.112770
-Trial 851 0 45107676 38.186307
-Trial 852 0 45107676 38.199675
-Trial 853 0 45107676 38.209782
-Trial 854 0 45107676 38.249508
-Trial 855 0 45107676 38.266696
-Trial 856 0 45107676 38.287416
-Trial 857 0 45107676 38.319086
-Trial 858 0 45107676 38.359789
-Trial 859 0 45107676 38.383980
-Trial 860 0 45107676 38.391294
-Trial 861 0 45107676 38.419269
-Trial 862 0 45107676 38.438215
-Trial 863 0 45107676 38.590770
-Trial 864 0 45107676 38.603186
-Trial 865 0 45107676 38.639447
-Trial 866 0 45107676 38.654782
-Trial 867 0 45107676 38.691406
-Trial 868 0 45107676 38.700505
-Trial 869 0 45107676 38.720932
-Trial 870 0 45107676 38.731814
-Trial 871 0 45107676 38.741337
-Trial 872 0 45107676 38.770224
-Trial 873 0 45107676 38.803024
-Trial 874 0 45107676 38.805149
-Trial 875 0 45107676 38.828277
-Trial 876 0 45107676 38.831793
-Trial 877 0 45107676 38.862295
-Trial 878 0 45107676 38.880031
* 879: Cost = 0_45107204, Time = 36.46 sec. 
-Trial 879 0 45107204 38.894823
-Trial 880 0 45107204 38.898275
-Trial 881 0 45107204 38.936920
-Trial 882 0 45107204 38.992489
-Trial 883 0 45107204 39.000392
-Trial 884 0 45107204 39.028269
-Trial 885 0 45107204 39.034403
-Trial 886 0 45107204 39.038867
-Trial 887 0 45107204 39.044616
-Trial 888 0 45107204 39.049875
-Trial 889 0 45107204 39.060589
-Trial 890 0 45107204 39.089024
-Trial 891 0 45107204 39.098337
-Trial 892 0 45107204 39.116165
-Trial 893 0 45107204 39.124600
-Trial 894 0 45107204 39.139177
-Trial 895 0 45107204 39.143979
-Trial 896 0 45107204 39.154484
-Trial 897 0 45107204 39.174682
-Trial 898 0 45107204 39.209173
-Trial 899 0 45107204 39.237258
-Trial 900 0 45107204 39.266903
-Trial 901 0 45107204 39.279037
-Trial 902 0 45107204 39.315853
-Trial 903 0 45107204 39.318843
-Trial 904 0 45107204 39.383023
* 905: Cost = 0_45086404, Time = 36.98 sec. 
-Trial 905 0 45086404 39.413812
-Trial 906 0 45086404 39.427362
-Trial 907 0 45086404 39.430982
-Trial 908 0 45086404 39.443885
-Trial 909 0 45086404 39.459690
-Trial 910 0 45086404 39.533076
-Trial 911 0 45086404 39.557842
-Trial 912 0 45086404 39.576826
-Trial 913 0 45086404 39.580577
-Trial 914 0 45086404 39.611333
-Trial 915 0 45086404 39.615987
-Trial 916 0 45086404 39.632180
-Trial 917 0 45086404 39.633637
-Trial 918 0 45086404 39.723658
-Trial 919 0 45086404 39.750244
-Trial 920 0 45086404 39.765928
-Trial 921 0 45086404 39.787441
-Trial 922 0 45086404 39.812044
-Trial 923 0 45086404 39.918265
-Trial 924 0 45086404 39.926850
-Trial 925 0 45086404 40.000874
-Trial 926 0 45086404 40.033467
-Trial 927 0 45086404 40.050040
-Trial 928 0 45086404 40.078326
-Trial 929 0 45086404 40.097265
-Trial 930 0 45086404 40.115059
-Trial 931 0 45086404 40.147301
-Trial 932 0 45086404 40.160783
-Trial 933 0 45086404 40.183931
-Trial 934 0 45086404 40.198314
-Trial 935 0 45086404 40.204603
-Trial 936 0 45086404 40.325658
-Trial 937 0 45086404 40.417720
-Trial 938 0 45086404 40.435071
-Trial 939 0 45086404 40.454018
-Trial 940 0 45086404 40.478213
-Trial 941 0 45086404 40.496862
-Trial 942 0 45086404 40.512124
-Trial 943 0 45086404 40.517107
-Trial 944 0 45086404 40.519444
-Trial 945 0 45086404 40.598784
-Trial 946 0 45086404 40.616186
-Trial 947 0 45086404 40.628736
-Trial 948 0 45086404 40.645259
-Trial 949 0 45086404 40.651244
* 950: Cost = 0_45084218, Time = 38.22 sec. 
-Trial 950 0 45084218 40.655527
-Trial 951 0 45084218 40.676725
-Trial 952 0 45084218 40.729782
-Trial 953 0 45084218 40.756257
-Trial 954 0 45084218 40.767630
-Trial 955 0 45084218 40.782268
-Trial 956 0 45084218 40.790609
-Trial 957 0 45084218 40.796016
-Trial 958 0 45084218 40.904391
-Trial 959 0 45084218 40.945231
-Trial 960 0 45084218 40.981668
-Trial 961 0 45084218 40.983177
-Trial 962 0 45084218 41.036425
-Trial 963 0 45084218 41.075885
-Trial 964 0 45084218 41.102191
-Trial 965 0 45084218 41.110206
-Trial 966 0 45084218 41.119680
-Trial 967 0 45084218 41.134558
* 968: Cost = 0_45075108, Time = 38.73 sec. 
-Trial 968 0 45075108 41.161878
-Trial 969 0 45075108 41.189861
-Trial 970 0 45075108 41.208015
-Trial 971 0 45075108 41.219367
* 972: Cost = 0_45062469, Time = 38.85 sec. 
-Trial 972 0 45062469 41.288973
-Trial 973 0 45062469 41.313797
-Trial 974 0 45062469 41.321377
-Trial 975 0 45062469 41.339767
-Trial 976 0 45062469 41.345387
-Trial 977 0 45062469 41.355583
-Trial 978 0 45062469 41.389657
-Trial 979 0 45062469 41.403953
-Trial 980 0 45062469 41.485810
-Trial 981 0 45062469 41.506181
-Trial 982 0 45062469 41.568460
-Trial 983 0 45062469 41.596325
-Trial 984 0 45062469 41.629013
-Trial 985 0 45062469 41.663624
-Trial 986 0 45062469 41.686414
-Trial 987 0 45062469 41.691570
-Trial 988 0 45062469 41.694929
-Trial 989 0 45062469 41.709870
-Trial 990 0 45062469 41.746974
-Trial 991 0 45062469 41.763865
-Trial 992 0 45062469 41.839143
-Trial 993 0 45062469 41.851625
-Trial 994 0 45062469 41.871171
-Trial 995 0 45062469 41.911885
-Trial 996 0 45062469 41.950938
-Trial 997 0 45062469 41.981912
-Trial 998 0 45062469 42.029989
-Trial 999 0 45062469 42.041007
-Trial 1000 0 45062469 42.053906
Population:
  1: 0_45062469
Run 1: Cost = 0_45062469, Time = 39.62 sec. 

Successes/Runs = 0/1 
Cost.min = 45062469, Cost.avg = 45062469.00, Cost.max = 45062469
Gap.min = 0.0000%, Gap.avg = 0.0000%, Gap.max = 0.0000%
Penalty.min = 0, Penalty.avg = 0.00, Penalty.max = 0
Trials.min = 1000, Trials.avg = 1000.0, Trials.max = 1000
Time.min = 39.62 sec., Time.avg = 39.62 sec., Time.max = 39.62 sec.
Time.total = 42.05 sec.
  Size.min = 13, Size.max = 42, Penalty = 0
  Cost.min = 752130, Cost.max = 3783888, Cost.sum = 45062469
Best CVRPTW solution:
  Cost = 0_45062469
133 1 295 127 38 415 108 317 400 172 302 251 4 495 321 182 469 244 283 125 378 516 247 285 14 193 174 246 453 327 314 366 446 186 166 57 140 131 275 89 425 252 187 51 509 220 473 402 55 78 401 56 61 355 442 39 416 198 232 424 463 195 41 344 110 30 392 341 502 346 499 160 173 42 414 22 377 367 233 122 351 381 155 287 464 103 370 333 507 184 34 27 49 487 16 241 237 349 199 423 291 189 280 478 102 393 485 517 475 231 383 194 421 434 91 373 210 126 217 326 74 213 142 169 281 62 138 218 336 59 429 347 459 515 240 293 384 439 46 492 249 235 353 150 274 124 219 395 307 177 470 486 95 443 322 493 299 145 18 31 105 136 97 92 209 134 66 385 123 438 15 508 456 228 297 303 52 204 121 87 411 5 444 227 365 64 358 69 53 165 107 11 2 298 77 343 277 431 36 190 467 406 20 494 387 259 505 356 200 44 388 488 141 409 362 498 458 390 261 440 25 37 81 420 188 72 50 466 296 75 258 132 143 168 335 23 278 26 519 315 180 63 104 208 436 352 316 304 292 116 183 67 340 462 441 433 47 332 153 294 357 29 354 300 98 372 139 266 43 497 374 238 511 359 223 202 175 309 454 94 163 313 361 236 319 24 60 58 158 480 196 417 224 451 422 512 320 306 185 263 334 267 17 90 482 201 472 329 484 430 328 151 364 147 146 170 391 286 273 159 449 474 28 106 408 211 9 490 268 7 457 93 40 389 161 119 264 455 503 214 120 239 284 461 468 271 342 212 206 360 363 255 518 376 216 80 269 379 476 318 371 386 137 68 448 325 301 129 135 152 396 412 489 85 368 447 88 10 514 413 338 167 222 191 276 65 345 437 432 48 248 483 427 262 154 234 289 506 70 419 337 312 479 272 348 45 465 394 339 99 279 79 128 181 164 324 428 380 86 407 19 477 504 96 100 310 460 501 282 13 398 450 305 375 435 250 403 101 418 513 109 3 452 245 76 225 12 83 178 197 203 270 115 230 445 54 260 410 426 162 229 111 144 496 510 257 35 117 192 215 481 221 288 491 350 399 114 404 82 311 308 256 149 265 242 179 71 171 8 253 6 520 226 369 397 157 382 176 112 73 118 331 207 405 130 471 84 290 243 323 33 500 32 156 330 21 205 113 254 148 133 
