PARAMETER_FILE = result/cvrptw_500/LKH_para/565.para
Reading PROBLEM_FILE: "result/cvrptw_500/cvrptw/565.cvrptw" ... done
ASCENT_CANDIDATES = 50
BACKBONE_TRIALS = 0
BACKTRACKING = NO
# BWTSP =
# CANDIDATE_FILE =
CANDIDATE_SET_TYPE = ALPHA
DEPOT = 1
# EDGE_FILE =
EXCESS = 0.0384615
EXTERNAL_SALESMEN = 0
EXTRA_CANDIDATES = 0 
EXTRA_CANDIDATE_SET_TYPE = QUADRANT
GAIN23 = NO
GAIN_CRITERION = YES
INITIAL_PERIOD = 520
INITIAL_STEP_SIZE = 1
INITIAL_TOUR_ALGORITHM = WALK
# INITIAL_TOUR_FILE = 
INITIAL_TOUR_FRACTION = 1.000
# INPUT_TOUR_FILE = 
KICK_TYPE = 4
KICKS = 1
# MAX_BREADTH =
MAKESPAN = NO
MAX_CANDIDATES = 5 
MAX_SWAPS = 0
MAX_TRIALS = 1000
# MERGE_TOUR_FILE =
MOVE_TYPE = 5 SPECIAL
MTSP_MIN_SIZE = 1
MTSP_MAX_SIZE = 1039
# MTSP_SOLUTION_FILE = 
# NONSEQUENTIAL_MOVE_TYPE = 5
# OPTIMUM =
# OUTPUT_TOUR_FILE = 
PATCHING_A = 1 
PATCHING_C = 0 
# PI_FILE = 
POPMUSIC_INITIAL_TOUR = NO
POPMUSIC_MAX_NEIGHBORS = 5
POPMUSIC_SAMPLE_SIZE = 10
POPMUSIC_SOLUTIONS = 50
POPMUSIC_TRIALS = 1
POPULATION_SIZE = 10
PRECISION = 100
PROBLEM_FILE = result/cvrptw_500/cvrptw/565.cvrptw
RECOMBINATION = IPT
RESTRICTED_SEARCH = YES
RUNS = 1
SALESMEN = 20
SCALE = 1
SEED = 1234
# SINTEF_SOLUTION_FILE = 
STOP_AT_OPTIMUM = YES
SUBGRADIENT = YES
# SUBPROBLEM_SIZE =
# SUBPROBLEM_TOUR_FILE = 
SUBSEQUENT_MOVE_TYPE = 5 SPECIAL
SUBSEQUENT_PATCHING = YES
# TIME_LIMIT =
# TOUR_FILE = 
TRACE_LEVEL = 1
VEHICLES = 20

Lower bound = 26403989.6, Ascent time = 2.66 sec.
Cand.min = 5, Cand.avg = 5.0, Cand.max = 5
Edges.fixed = 520 [Cost = 0]
Preprocessing time = 2.75 sec.
* 1: Cost = 725948_59557828, Time = 4.24 sec. 
-Trial 1 725948 59557828 6.996324
-Trial 2 725948 59557828 7.313215
* 3: Cost = 725948_59290890, Time = 5.34 sec. 
-Trial 3 725948 59290890 8.096985
-Trial 4 725948 59290890 8.229329
-Trial 5 725948 59290890 8.340253
-Trial 6 725948 59290890 8.510012
* 7: Cost = 725948_56426643, Time = 6.46 sec. 
-Trial 7 725948 56426643 9.219806
* 8: Cost = 725948_56302285, Time = 6.71 sec. 
-Trial 8 725948 56302285 9.470099
* 9: Cost = 432895_55970534, Time = 6.91 sec. 
-Trial 9 432895 55970534 9.668499
-Trial 10 432895 55970534 9.730713
-Trial 11 432895 55970534 9.818125
-Trial 12 432895 55970534 9.873445
-Trial 13 432895 55970534 10.042826
* 14: Cost = 432895_55760963, Time = 7.42 sec. 
-Trial 14 432895 55760963 10.178957
-Trial 15 432895 55760963 10.419759
-Trial 16 432895 55760963 10.556328
* 17: Cost = 432895_55513586, Time = 8.05 sec. 
-Trial 17 432895 55513586 10.804771
-Trial 18 432895 55513586 10.807586
-Trial 19 432895 55513586 10.883699
-Trial 20 432895 55513586 11.139575
-Trial 21 432895 55513586 11.268149
-Trial 22 432895 55513586 11.313672
-Trial 23 432895 55513586 11.407006
* 24: Cost = 432895_55495808, Time = 8.77 sec. 
-Trial 24 432895 55495808 11.528735
-Trial 25 432895 55495808 11.590636
-Trial 26 432895 55495808 11.666907
* 27: Cost = 432895_54955760, Time = 9.06 sec. 
-Trial 27 432895 54955760 11.817605
* 28: Cost = 432895_54513731, Time = 9.24 sec. 
-Trial 28 432895 54513731 12.001678
* 29: Cost = 176354_53926654, Time = 9.47 sec. 
-Trial 29 176354 53926654 12.222454
* 30: Cost = 176354_53697124, Time = 9.75 sec. 
-Trial 30 176354 53697124 12.508252
* 31: Cost = 163789_53811366, Time = 9.81 sec. 
-Trial 31 163789 53811366 12.567456
-Trial 32 163789 53811366 12.590351
* 33: Cost = 163789_53744313, Time = 9.90 sec. 
-Trial 33 163789 53744313 12.658643
-Trial 34 163789 53744313 12.843668
-Trial 35 163789 53744313 12.962071
-Trial 36 163789 53744313 13.119369
-Trial 37 163789 53744313 13.167016
-Trial 38 163789 53744313 13.216192
-Trial 39 163789 53744313 13.301581
* 40: Cost = 163789_53147933, Time = 10.71 sec. 
-Trial 40 163789 53147933 13.468889
-Trial 41 163789 53147933 13.510080
* 42: Cost = 163789_52872789, Time = 10.86 sec. 
-Trial 42 163789 52872789 13.614374
* 43: Cost = 163789_52848682, Time = 11.02 sec. 
-Trial 43 163789 52848682 13.780101
* 44: Cost = 163789_52214600, Time = 11.16 sec. 
-Trial 44 163789 52214600 13.920006
* 45: Cost = 163789_52191820, Time = 11.19 sec. 
-Trial 45 163789 52191820 13.944179
-Trial 46 163789 52191820 14.250361
* 47: Cost = 163789_52027701, Time = 11.57 sec. 
-Trial 47 163789 52027701 14.328821
* 48: Cost = 163789_51906947, Time = 11.67 sec. 
-Trial 48 163789 51906947 14.430679
-Trial 49 163789 51906947 14.437456
* 50: Cost = 163789_51641044, Time = 11.73 sec. 
-Trial 50 163789 51641044 14.487050
-Trial 51 163789 51641044 14.579388
-Trial 52 163789 51641044 14.640885
-Trial 53 163789 51641044 14.755542
-Trial 54 163789 51641044 15.036866
* 55: Cost = 163789_51521521, Time = 12.35 sec. 
-Trial 55 163789 51521521 15.103175
* 56: Cost = 163789_51514753, Time = 12.45 sec. 
-Trial 56 163789 51514753 15.208127
* 57: Cost = 163789_51511654, Time = 12.49 sec. 
-Trial 57 163789 51511654 15.244334
* 58: Cost = 163789_51394524, Time = 12.55 sec. 
-Trial 58 163789 51394524 15.309612
* 59: Cost = 163789_51325353, Time = 12.65 sec. 
-Trial 59 163789 51325353 15.411601
-Trial 60 163789 51325353 15.499529
-Trial 61 163789 51325353 15.499976
-Trial 62 163789 51325353 15.667839
* 63: Cost = 163789_51309154, Time = 13.17 sec. 
-Trial 63 163789 51309154 15.924425
* 64: Cost = 163789_51307380, Time = 13.23 sec. 
-Trial 64 163789 51307380 15.989012
-Trial 65 163789 51307380 16.150139
-Trial 66 163789 51307380 16.304474
-Trial 67 163789 51307380 16.346258
-Trial 68 163789 51307380 16.502141
-Trial 69 163789 51307380 16.642098
-Trial 70 163789 51307380 16.687454
-Trial 71 163789 51307380 16.790419
-Trial 72 163789 51307380 16.838577
-Trial 73 163789 51307380 16.882894
-Trial 74 163789 51307380 17.033167
-Trial 75 163789 51307380 17.136295
-Trial 76 163789 51307380 17.208121
-Trial 77 163789 51307380 17.331340
-Trial 78 163789 51307380 17.491233
-Trial 79 163789 51307380 17.902798
* 80: Cost = 163789_51098262, Time = 15.25 sec. 
-Trial 80 163789 51098262 18.007067
-Trial 81 163789 51098262 18.349615
-Trial 82 163789 51098262 18.356955
-Trial 83 163789 51098262 18.486597
* 84: Cost = 163789_51026520, Time = 15.82 sec. 
-Trial 84 163789 51026520 18.575692
* 85: Cost = 163789_50901148, Time = 15.95 sec. 
-Trial 85 163789 50901148 18.706068
* 86: Cost = 163789_50272139, Time = 16.08 sec. 
-Trial 86 163789 50272139 18.838611
* 87: Cost = 163789_50233695, Time = 16.13 sec. 
-Trial 87 163789 50233695 18.890695
-Trial 88 163789 50233695 19.065067
-Trial 89 163789 50233695 19.074908
-Trial 90 163789 50233695 19.077659
-Trial 91 163789 50233695 19.161521
* 92: Cost = 163789_50122966, Time = 16.57 sec. 
-Trial 92 163789 50122966 19.325422
-Trial 93 163789 50122966 19.374729
* 94: Cost = 163789_50054542, Time = 16.80 sec. 
-Trial 94 163789 50054542 19.552451
-Trial 95 163789 50054542 19.579759
-Trial 96 163789 50054542 20.229396
-Trial 97 163789 50054542 20.369695
-Trial 98 163789 50054542 20.828811
-Trial 99 163789 50054542 21.370816
-Trial 100 163789 50054542 21.393102
-Trial 101 163789 50054542 21.526686
-Trial 102 163789 50054542 21.688896
-Trial 103 163789 50054542 21.704063
-Trial 104 163789 50054542 21.776129
-Trial 105 163789 50054542 21.841640
* 106: Cost = 163789_50041728, Time = 19.24 sec. 
-Trial 106 163789 50041728 21.997116
-Trial 107 163789 50041728 22.105647
-Trial 108 163789 50041728 22.160692
-Trial 109 163789 50041728 22.212444
-Trial 110 163789 50041728 22.333674
-Trial 111 163789 50041728 22.465398
-Trial 112 163789 50041728 22.762886
-Trial 113 163789 50041728 22.840145
* 114: Cost = 163789_49977097, Time = 20.28 sec. 
-Trial 114 163789 49977097 23.038171
-Trial 115 163789 49977097 23.205591
-Trial 116 163789 49977097 23.266581
-Trial 117 163789 49977097 23.362961
-Trial 118 163789 49977097 23.405140
-Trial 119 163789 49977097 23.455917
-Trial 120 163789 49977097 23.496648
-Trial 121 163789 49977097 23.710172
-Trial 122 163789 49977097 23.763293
-Trial 123 163789 49977097 24.102905
-Trial 124 163789 49977097 24.234205
-Trial 125 163789 49977097 24.343403
* 126: Cost = 163789_49893745, Time = 21.75 sec. 
-Trial 126 163789 49893745 24.510659
-Trial 127 163789 49893745 24.578826
-Trial 128 163789 49893745 24.735976
-Trial 129 163789 49893745 25.125289
-Trial 130 163789 49893745 25.277756
* 131: Cost = 163789_49828507, Time = 22.58 sec. 
-Trial 131 163789 49828507 25.338304
-Trial 132 163789 49828507 25.373097
-Trial 133 163789 49828507 25.558966
-Trial 134 163789 49828507 25.731490
-Trial 135 163789 49828507 25.777403
-Trial 136 163789 49828507 25.825175
-Trial 137 163789 49828507 25.852933
-Trial 138 163789 49828507 25.941721
-Trial 139 163789 49828507 25.991798
-Trial 140 163789 49828507 26.167128
* 141: Cost = 163789_49826599, Time = 23.46 sec. 
-Trial 141 163789 49826599 26.212973
-Trial 142 163789 49826599 26.307700
-Trial 143 163789 49826599 26.337175
-Trial 144 163789 49826599 26.383335
-Trial 145 163789 49826599 26.479802
* 146: Cost = 163789_49738789, Time = 23.97 sec. 
-Trial 146 163789 49738789 26.729160
-Trial 147 163789 49738789 26.837925
* 148: Cost = 163789_49656325, Time = 24.18 sec. 
-Trial 148 163789 49656325 26.938990
-Trial 149 163789 49656325 27.144481
-Trial 150 163789 49656325 27.220956
-Trial 151 163789 49656325 27.300075
-Trial 152 163789 49656325 27.433060
-Trial 153 163789 49656325 27.457830
* 154: Cost = 163789_49586293, Time = 24.82 sec. 
-Trial 154 163789 49586293 27.581402
-Trial 155 163789 49586293 27.639651
-Trial 156 163789 49586293 27.870457
-Trial 157 163789 49586293 27.953626
-Trial 158 163789 49586293 28.080949
* 159: Cost = 163789_49539042, Time = 25.43 sec. 
-Trial 159 163789 49539042 28.186898
-Trial 160 163789 49539042 28.247963
-Trial 161 163789 49539042 28.391750
-Trial 162 163789 49539042 28.631171
-Trial 163 163789 49539042 28.739773
-Trial 164 163789 49539042 28.886704
-Trial 165 163789 49539042 28.897232
-Trial 166 163789 49539042 29.049746
-Trial 167 163789 49539042 29.107119
-Trial 168 163789 49539042 29.265772
-Trial 169 163789 49539042 29.374208
-Trial 170 163789 49539042 29.384275
-Trial 171 163789 49539042 29.450487
-Trial 172 163789 49539042 29.456116
-Trial 173 163789 49539042 29.507069
* 174: Cost = 163789_49473921, Time = 26.88 sec. 
-Trial 174 163789 49473921 29.636676
-Trial 175 163789 49473921 29.655767
* 176: Cost = 163789_49459090, Time = 27.01 sec. 
-Trial 176 163789 49459090 29.767968
-Trial 177 163789 49459090 29.797858
-Trial 178 163789 49459090 29.905785
-Trial 179 163789 49459090 30.085976
-Trial 180 163789 49459090 30.293286
* 181: Cost = 146243_49483361, Time = 27.60 sec. 
-Trial 181 146243 49483361 30.354274
-Trial 182 146243 49483361 30.411967
-Trial 183 146243 49483361 30.412564
-Trial 184 146243 49483361 30.481465
-Trial 185 146243 49483361 30.548183
-Trial 186 146243 49483361 30.837617
-Trial 187 146243 49483361 30.923913
-Trial 188 146243 49483361 31.157988
* 189: Cost = 146243_49434920, Time = 28.44 sec. 
-Trial 189 146243 49434920 31.194033
-Trial 190 146243 49434920 31.265719
* 191: Cost = 146243_49368769, Time = 28.63 sec. 
-Trial 191 146243 49368769 31.383754
-Trial 192 146243 49368769 31.496610
-Trial 193 146243 49368769 31.631296
-Trial 194 146243 49368769 31.679745
-Trial 195 146243 49368769 31.744706
-Trial 196 146243 49368769 31.898492
-Trial 197 146243 49368769 31.992464
-Trial 198 146243 49368769 32.030596
* 199: Cost = 146243_49352182, Time = 29.29 sec. 
-Trial 199 146243 49352182 32.045611
-Trial 200 146243 49352182 32.131328
* 201: Cost = 146243_49332900, Time = 29.42 sec. 
-Trial 201 146243 49332900 32.178102
-Trial 202 146243 49332900 32.179785
-Trial 203 146243 49332900 32.248632
-Trial 204 146243 49332900 32.403046
-Trial 205 146243 49332900 32.457630
-Trial 206 146243 49332900 32.485830
-Trial 207 146243 49332900 32.563661
-Trial 208 146243 49332900 32.622626
-Trial 209 146243 49332900 32.680179
-Trial 210 146243 49332900 32.702782
-Trial 211 146243 49332900 32.709289
-Trial 212 146243 49332900 32.772631
-Trial 213 146243 49332900 32.819495
-Trial 214 146243 49332900 32.838053
-Trial 215 146243 49332900 32.845512
-Trial 216 146243 49332900 32.944933
-Trial 217 146243 49332900 32.989648
-Trial 218 146243 49332900 33.066977
-Trial 219 146243 49332900 33.184355
-Trial 220 146243 49332900 33.202873
-Trial 221 146243 49332900 33.252372
-Trial 222 146243 49332900 33.345812
-Trial 223 146243 49332900 33.525746
-Trial 224 146243 49332900 33.539985
-Trial 225 146243 49332900 33.648420
-Trial 226 146243 49332900 33.717554
-Trial 227 146243 49332900 33.735724
* 228: Cost = 146243_49325152, Time = 30.99 sec. 
-Trial 228 146243 49325152 33.750799
-Trial 229 146243 49325152 33.788063
-Trial 230 146243 49325152 33.852519
-Trial 231 146243 49325152 33.931007
-Trial 232 146243 49325152 34.011557
* 233: Cost = 146243_49273289, Time = 31.31 sec. 
-Trial 233 146243 49273289 34.068508
-Trial 234 146243 49273289 34.129785
-Trial 235 146243 49273289 34.188057
-Trial 236 146243 49273289 34.279262
* 237: Cost = 0_49700409, Time = 31.67 sec. 
-Trial 237 0 49700409 34.427571
* 238: Cost = 0_49441968, Time = 31.73 sec. 
-Trial 238 0 49441968 34.491187
-Trial 239 0 49441968 34.561297
-Trial 240 0 49441968 34.632316
-Trial 241 0 49441968 34.652390
-Trial 242 0 49441968 34.677523
-Trial 243 0 49441968 34.694637
-Trial 244 0 49441968 34.720642
-Trial 245 0 49441968 34.747353
-Trial 246 0 49441968 34.747872
* 247: Cost = 0_49406444, Time = 32.17 sec. 
-Trial 247 0 49406444 34.924668
-Trial 248 0 49406444 34.948533
-Trial 249 0 49406444 35.149502
-Trial 250 0 49406444 35.158846
* 251: Cost = 0_49305466, Time = 32.42 sec. 
-Trial 251 0 49305466 35.182066
-Trial 252 0 49305466 35.216178
-Trial 253 0 49305466 35.228470
* 254: Cost = 0_49264680, Time = 32.48 sec. 
-Trial 254 0 49264680 35.232557
-Trial 255 0 49264680 35.308802
-Trial 256 0 49264680 35.377294
* 257: Cost = 0_49129229, Time = 32.64 sec. 
-Trial 257 0 49129229 35.399208
-Trial 258 0 49129229 35.418906
-Trial 259 0 49129229 35.524868
-Trial 260 0 49129229 35.552170
-Trial 261 0 49129229 35.562715
-Trial 262 0 49129229 35.601541
-Trial 263 0 49129229 35.664965
* 264: Cost = 0_49107799, Time = 32.93 sec. 
-Trial 264 0 49107799 35.690517
-Trial 265 0 49107799 35.700526
-Trial 266 0 49107799 35.709617
-Trial 267 0 49107799 35.724937
-Trial 268 0 49107799 35.831434
-Trial 269 0 49107799 36.023778
-Trial 270 0 49107799 36.062276
-Trial 271 0 49107799 36.087539
-Trial 272 0 49107799 36.103135
-Trial 273 0 49107799 36.153930
-Trial 274 0 49107799 36.188645
* 275: Cost = 0_49100329, Time = 33.64 sec. 
-Trial 275 0 49100329 36.401854
* 276: Cost = 0_48925011, Time = 33.66 sec. 
-Trial 276 0 48925011 36.416268
-Trial 277 0 48925011 36.494827
-Trial 278 0 48925011 36.496313
-Trial 279 0 48925011 36.579385
* 280: Cost = 0_48423126, Time = 33.86 sec. 
-Trial 280 0 48423126 36.617195
-Trial 281 0 48423126 36.643008
-Trial 282 0 48423126 36.651736
* 283: Cost = 0_48286818, Time = 33.92 sec. 
-Trial 283 0 48286818 36.673850
-Trial 284 0 48286818 36.694724
-Trial 285 0 48286818 36.705514
-Trial 286 0 48286818 36.708278
-Trial 287 0 48286818 36.722051
-Trial 288 0 48286818 36.730497
-Trial 289 0 48286818 36.750355
-Trial 290 0 48286818 36.757328
-Trial 291 0 48286818 36.774648
-Trial 292 0 48286818 36.802018
-Trial 293 0 48286818 36.843537
-Trial 294 0 48286818 36.849584
* 295: Cost = 0_48257299, Time = 34.11 sec. 
-Trial 295 0 48257299 36.871482
-Trial 296 0 48257299 36.922064
-Trial 297 0 48257299 37.056452
-Trial 298 0 48257299 37.072127
-Trial 299 0 48257299 37.080797
-Trial 300 0 48257299 37.164513
-Trial 301 0 48257299 37.324703
-Trial 302 0 48257299 37.334240
-Trial 303 0 48257299 37.494412
-Trial 304 0 48257299 37.530340
-Trial 305 0 48257299 37.546157
-Trial 306 0 48257299 37.551361
* 307: Cost = 0_48255271, Time = 34.82 sec. 
-Trial 307 0 48255271 37.577756
-Trial 308 0 48255271 37.589286
-Trial 309 0 48255271 37.623902
* 310: Cost = 0_48248844, Time = 34.89 sec. 
-Trial 310 0 48248844 37.644835
-Trial 311 0 48248844 37.647750
-Trial 312 0 48248844 37.696499
-Trial 313 0 48248844 37.715702
-Trial 314 0 48248844 37.716662
-Trial 315 0 48248844 37.826799
-Trial 316 0 48248844 37.832358
* 317: Cost = 0_48111959, Time = 35.11 sec. 
-Trial 317 0 48111959 37.865190
-Trial 318 0 48111959 38.150053
-Trial 319 0 48111959 38.171858
-Trial 320 0 48111959 38.182574
-Trial 321 0 48111959 38.187091
-Trial 322 0 48111959 38.189068
-Trial 323 0 48111959 38.226201
-Trial 324 0 48111959 38.233467
-Trial 325 0 48111959 38.346574
* 326: Cost = 0_48093415, Time = 35.64 sec. 
-Trial 326 0 48093415 38.397966
-Trial 327 0 48093415 38.411953
-Trial 328 0 48093415 38.420899
-Trial 329 0 48093415 38.467987
-Trial 330 0 48093415 38.639478
-Trial 331 0 48093415 38.663518
-Trial 332 0 48093415 38.668381
-Trial 333 0 48093415 38.693786
-Trial 334 0 48093415 38.698010
-Trial 335 0 48093415 38.727762
-Trial 336 0 48093415 38.743720
-Trial 337 0 48093415 38.756667
-Trial 338 0 48093415 38.929798
-Trial 339 0 48093415 38.961928
-Trial 340 0 48093415 39.219022
-Trial 341 0 48093415 39.225956
-Trial 342 0 48093415 39.227973
-Trial 343 0 48093415 39.302199
-Trial 344 0 48093415 39.320449
-Trial 345 0 48093415 39.336053
-Trial 346 0 48093415 39.341776
-Trial 347 0 48093415 39.345313
-Trial 348 0 48093415 39.501656
-Trial 349 0 48093415 39.542321
* 350: Cost = 0_47996040, Time = 36.80 sec. 
-Trial 350 0 47996040 39.552882
-Trial 351 0 47996040 39.562498
-Trial 352 0 47996040 39.581067
* 353: Cost = 0_47890989, Time = 36.84 sec. 
-Trial 353 0 47890989 39.597421
* 354: Cost = 0_47862333, Time = 36.86 sec. 
-Trial 354 0 47862333 39.621238
-Trial 355 0 47862333 39.629040
-Trial 356 0 47862333 39.748403
-Trial 357 0 47862333 39.832643
-Trial 358 0 47862333 39.854942
-Trial 359 0 47862333 39.859142
-Trial 360 0 47862333 39.907855
-Trial 361 0 47862333 39.914452
-Trial 362 0 47862333 39.946391
-Trial 363 0 47862333 39.957377
* 364: Cost = 0_47835506, Time = 37.22 sec. 
-Trial 364 0 47835506 39.977882
-Trial 365 0 47835506 39.990542
-Trial 366 0 47835506 40.099231
-Trial 367 0 47835506 40.116712
-Trial 368 0 47835506 40.135078
-Trial 369 0 47835506 40.156118
-Trial 370 0 47835506 40.183181
-Trial 371 0 47835506 40.191492
-Trial 372 0 47835506 40.209812
-Trial 373 0 47835506 40.245250
-Trial 374 0 47835506 40.250894
-Trial 375 0 47835506 40.254574
* 376: Cost = 0_47658477, Time = 37.59 sec. 
-Trial 376 0 47658477 40.351455
-Trial 377 0 47658477 40.369004
-Trial 378 0 47658477 40.373152
-Trial 379 0 47658477 40.413080
-Trial 380 0 47658477 40.426789
* 381: Cost = 0_47657095, Time = 37.79 sec. 
-Trial 381 0 47657095 40.546081
* 382: Cost = 0_47648751, Time = 37.81 sec. 
-Trial 382 0 47648751 40.569539
-Trial 383 0 47648751 40.584380
* 384: Cost = 0_47636894, Time = 37.86 sec. 
-Trial 384 0 47636894 40.618992
-Trial 385 0 47636894 40.850335
* 386: Cost = 0_47609571, Time = 38.11 sec. 
-Trial 386 0 47609571 40.864868
-Trial 387 0 47609571 40.896961
-Trial 388 0 47609571 40.916996
-Trial 389 0 47609571 40.930581
* 390: Cost = 0_47443647, Time = 38.19 sec. 
-Trial 390 0 47443647 40.945922
-Trial 391 0 47443647 40.982636
-Trial 392 0 47443647 41.001977
* 393: Cost = 0_47441209, Time = 38.27 sec. 
-Trial 393 0 47441209 41.031827
-Trial 394 0 47441209 41.087944
-Trial 395 0 47441209 41.148722
* 396: Cost = 0_47369264, Time = 38.40 sec. 
-Trial 396 0 47369264 41.160467
* 397: Cost = 0_47332352, Time = 38.42 sec. 
-Trial 397 0 47332352 41.173437
-Trial 398 0 47332352 41.183086
-Trial 399 0 47332352 41.255407
-Trial 400 0 47332352 41.299565
-Trial 401 0 47332352 41.306842
-Trial 402 0 47332352 41.314549
-Trial 403 0 47332352 41.600010
-Trial 404 0 47332352 41.609342
-Trial 405 0 47332352 41.618716
-Trial 406 0 47332352 41.765251
* 407: Cost = 0_47292096, Time = 39.01 sec. 
-Trial 407 0 47292096 41.766627
-Trial 408 0 47292096 41.772904
-Trial 409 0 47292096 41.778183
-Trial 410 0 47292096 41.796288
-Trial 411 0 47292096 41.845563
-Trial 412 0 47292096 41.850753
-Trial 413 0 47292096 41.861487
-Trial 414 0 47292096 42.056922
-Trial 415 0 47292096 42.061126
-Trial 416 0 47292096 42.088723
-Trial 417 0 47292096 42.190005
-Trial 418 0 47292096 42.247348
-Trial 419 0 47292096 42.250914
-Trial 420 0 47292096 42.253857
-Trial 421 0 47292096 42.280296
-Trial 422 0 47292096 42.323763
-Trial 423 0 47292096 42.337405
-Trial 424 0 47292096 42.343254
-Trial 425 0 47292096 42.468387
* 426: Cost = 0_47282708, Time = 39.74 sec. 
-Trial 426 0 47282708 42.500692
-Trial 427 0 47282708 42.563554
-Trial 428 0 47282708 42.578121
-Trial 429 0 47282708 42.598761
-Trial 430 0 47282708 42.600847
-Trial 431 0 47282708 42.602506
-Trial 432 0 47282708 42.620083
-Trial 433 0 47282708 42.683338
-Trial 434 0 47282708 42.686739
-Trial 435 0 47282708 42.714456
-Trial 436 0 47282708 42.735008
-Trial 437 0 47282708 42.745024
-Trial 438 0 47282708 42.770342
-Trial 439 0 47282708 42.783586
-Trial 440 0 47282708 42.805366
-Trial 441 0 47282708 42.839906
-Trial 442 0 47282708 42.914220
-Trial 443 0 47282708 42.942964
-Trial 444 0 47282708 43.153619
-Trial 445 0 47282708 43.166389
-Trial 446 0 47282708 43.183344
-Trial 447 0 47282708 43.209038
-Trial 448 0 47282708 43.210886
-Trial 449 0 47282708 43.242527
-Trial 450 0 47282708 43.324220
-Trial 451 0 47282708 43.382804
-Trial 452 0 47282708 43.390328
-Trial 453 0 47282708 43.430498
-Trial 454 0 47282708 43.526591
-Trial 455 0 47282708 43.539877
-Trial 456 0 47282708 43.549441
* 457: Cost = 0_47144992, Time = 40.82 sec. 
-Trial 457 0 47144992 43.581556
-Trial 458 0 47144992 43.620892
-Trial 459 0 47144992 43.645781
-Trial 460 0 47144992 43.674406
-Trial 461 0 47144992 43.784772
-Trial 462 0 47144992 43.810427
-Trial 463 0 47144992 43.837290
-Trial 464 0 47144992 43.848741
-Trial 465 0 47144992 43.865858
-Trial 466 0 47144992 43.910461
-Trial 467 0 47144992 43.957556
* 468: Cost = 0_47112903, Time = 41.21 sec. 
-Trial 468 0 47112903 43.967780
-Trial 469 0 47112903 43.969640
-Trial 470 0 47112903 44.061638
-Trial 471 0 47112903 44.070701
-Trial 472 0 47112903 44.083260
-Trial 473 0 47112903 44.098765
-Trial 474 0 47112903 44.100677
-Trial 475 0 47112903 44.191301
-Trial 476 0 47112903 44.211757
-Trial 477 0 47112903 44.279864
-Trial 478 0 47112903 44.370700
-Trial 479 0 47112903 44.600297
-Trial 480 0 47112903 44.606760
-Trial 481 0 47112903 44.806585
* 482: Cost = 0_47096785, Time = 42.06 sec. 
-Trial 482 0 47096785 44.814191
-Trial 483 0 47096785 44.839461
-Trial 484 0 47096785 44.851256
-Trial 485 0 47096785 44.853377
-Trial 486 0 47096785 44.864138
-Trial 487 0 47096785 44.884069
* 488: Cost = 0_47007331, Time = 42.14 sec. 
-Trial 488 0 47007331 44.892440
-Trial 489 0 47007331 44.906391
-Trial 490 0 47007331 44.984560
-Trial 491 0 47007331 44.985095
* 492: Cost = 0_46928685, Time = 42.26 sec. 
-Trial 492 0 46928685 45.018856
-Trial 493 0 46928685 45.062202
-Trial 494 0 46928685 45.072785
-Trial 495 0 46928685 45.105823
-Trial 496 0 46928685 45.115153
-Trial 497 0 46928685 45.124818
-Trial 498 0 46928685 45.131842
-Trial 499 0 46928685 45.156193
-Trial 500 0 46928685 45.254989
-Trial 501 0 46928685 45.322365
-Trial 502 0 46928685 45.385539
-Trial 503 0 46928685 45.406021
-Trial 504 0 46928685 45.410010
-Trial 505 0 46928685 45.464655
-Trial 506 0 46928685 45.465551
-Trial 507 0 46928685 45.468315
-Trial 508 0 46928685 45.471082
-Trial 509 0 46928685 45.480821
-Trial 510 0 46928685 45.551525
-Trial 511 0 46928685 45.613424
-Trial 512 0 46928685 45.630523
-Trial 513 0 46928685 45.649658
-Trial 514 0 46928685 45.668017
-Trial 515 0 46928685 45.671318
-Trial 516 0 46928685 45.724402
-Trial 517 0 46928685 45.857446
-Trial 518 0 46928685 45.886803
-Trial 519 0 46928685 45.931883
-Trial 520 0 46928685 45.964468
-Trial 521 0 46928685 45.986647
-Trial 522 0 46928685 46.057665
-Trial 523 0 46928685 46.067807
-Trial 524 0 46928685 46.102351
-Trial 525 0 46928685 46.167310
-Trial 526 0 46928685 46.221371
-Trial 527 0 46928685 46.226257
-Trial 528 0 46928685 46.236605
-Trial 529 0 46928685 46.523633
-Trial 530 0 46928685 46.540976
-Trial 531 0 46928685 46.569205
-Trial 532 0 46928685 46.574494
-Trial 533 0 46928685 46.670531
-Trial 534 0 46928685 46.675372
-Trial 535 0 46928685 46.731354
-Trial 536 0 46928685 46.808093
-Trial 537 0 46928685 46.816711
-Trial 538 0 46928685 46.874004
-Trial 539 0 46928685 46.891998
-Trial 540 0 46928685 46.923386
-Trial 541 0 46928685 46.978312
-Trial 542 0 46928685 46.986254
-Trial 543 0 46928685 47.017524
-Trial 544 0 46928685 47.036697
-Trial 545 0 46928685 47.041968
-Trial 546 0 46928685 47.045449
-Trial 547 0 46928685 47.091609
-Trial 548 0 46928685 47.098186
-Trial 549 0 46928685 47.165783
-Trial 550 0 46928685 47.180589
* 551: Cost = 0_46916666, Time = 44.50 sec. 
-Trial 551 0 46916666 47.260075
-Trial 552 0 46916666 47.287956
-Trial 553 0 46916666 47.343503
* 554: Cost = 0_46906659, Time = 44.59 sec. 
-Trial 554 0 46906659 47.346006
-Trial 555 0 46906659 47.358820
-Trial 556 0 46906659 47.383642
-Trial 557 0 46906659 47.393763
-Trial 558 0 46906659 47.414639
-Trial 559 0 46906659 47.462671
-Trial 560 0 46906659 47.548975
-Trial 561 0 46906659 47.553295
-Trial 562 0 46906659 47.569153
-Trial 563 0 46906659 47.576751
-Trial 564 0 46906659 47.587448
-Trial 565 0 46906659 47.628996
-Trial 566 0 46906659 47.630328
-Trial 567 0 46906659 47.645502
-Trial 568 0 46906659 47.669089
-Trial 569 0 46906659 47.677761
-Trial 570 0 46906659 47.687862
-Trial 571 0 46906659 47.732489
-Trial 572 0 46906659 47.759713
-Trial 573 0 46906659 47.796642
-Trial 574 0 46906659 47.799220
-Trial 575 0 46906659 47.819917
-Trial 576 0 46906659 47.840308
-Trial 577 0 46906659 47.848997
-Trial 578 0 46906659 47.905755
-Trial 579 0 46906659 47.930580
-Trial 580 0 46906659 47.942256
-Trial 581 0 46906659 48.409644
-Trial 582 0 46906659 48.416630
-Trial 583 0 46906659 48.421793
-Trial 584 0 46906659 48.424440
-Trial 585 0 46906659 48.454609
-Trial 586 0 46906659 48.489962
-Trial 587 0 46906659 48.523381
-Trial 588 0 46906659 48.538428
-Trial 589 0 46906659 48.617587
-Trial 590 0 46906659 48.621406
-Trial 591 0 46906659 48.688578
-Trial 592 0 46906659 48.701350
-Trial 593 0 46906659 48.718652
-Trial 594 0 46906659 48.735260
-Trial 595 0 46906659 48.742479
-Trial 596 0 46906659 48.778927
-Trial 597 0 46906659 48.809762
-Trial 598 0 46906659 48.811207
-Trial 599 0 46906659 48.841849
-Trial 600 0 46906659 48.849917
* 601: Cost = 0_46706462, Time = 46.10 sec. 
-Trial 601 0 46706462 48.858935
-Trial 602 0 46706462 48.897724
-Trial 603 0 46706462 49.021889
-Trial 604 0 46706462 49.025402
-Trial 605 0 46706462 49.033946
-Trial 606 0 46706462 49.040089
-Trial 607 0 46706462 49.055281
-Trial 608 0 46706462 49.072217
-Trial 609 0 46706462 49.091135
-Trial 610 0 46706462 49.121159
-Trial 611 0 46706462 49.145879
-Trial 612 0 46706462 49.173342
-Trial 613 0 46706462 49.226117
-Trial 614 0 46706462 49.239695
-Trial 615 0 46706462 49.262680
-Trial 616 0 46706462 49.456511
-Trial 617 0 46706462 49.494483
-Trial 618 0 46706462 49.497524
-Trial 619 0 46706462 49.536126
-Trial 620 0 46706462 49.584364
-Trial 621 0 46706462 49.636650
* 622: Cost = 0_46674373, Time = 46.90 sec. 
-Trial 622 0 46674373 49.658183
-Trial 623 0 46674373 49.718943
-Trial 624 0 46674373 49.837349
-Trial 625 0 46674373 49.883352
-Trial 626 0 46674373 49.929044
-Trial 627 0 46674373 50.018379
-Trial 628 0 46674373 50.021567
* 629: Cost = 0_46509044, Time = 47.40 sec. 
-Trial 629 0 46509044 50.161028
-Trial 630 0 46509044 50.180093
-Trial 631 0 46509044 50.192290
-Trial 632 0 46509044 50.212128
-Trial 633 0 46509044 50.247757
-Trial 634 0 46509044 50.329899
-Trial 635 0 46509044 50.357185
-Trial 636 0 46509044 50.366328
-Trial 637 0 46509044 50.370463
-Trial 638 0 46509044 50.377770
-Trial 639 0 46509044 50.394311
-Trial 640 0 46509044 50.401864
-Trial 641 0 46509044 50.426143
-Trial 642 0 46509044 50.447324
-Trial 643 0 46509044 50.524728
-Trial 644 0 46509044 50.549697
-Trial 645 0 46509044 50.550791
-Trial 646 0 46509044 50.552286
-Trial 647 0 46509044 50.572660
-Trial 648 0 46509044 50.574580
-Trial 649 0 46509044 50.648854
-Trial 650 0 46509044 50.674781
* 651: Cost = 0_46457746, Time = 47.97 sec. 
-Trial 651 0 46457746 50.731644
-Trial 652 0 46457746 50.828933
* 653: Cost = 0_46368548, Time = 48.10 sec. 
-Trial 653 0 46368548 50.858323
-Trial 654 0 46368548 50.871094
-Trial 655 0 46368548 50.938383
-Trial 656 0 46368548 50.957110
-Trial 657 0 46368548 50.978758
-Trial 658 0 46368548 51.051593
-Trial 659 0 46368548 51.084271
-Trial 660 0 46368548 51.114417
-Trial 661 0 46368548 51.127216
-Trial 662 0 46368548 51.147797
-Trial 663 0 46368548 51.172584
* 664: Cost = 0_46258738, Time = 48.45 sec. 
-Trial 664 0 46258738 51.209197
-Trial 665 0 46258738 51.233545
-Trial 666 0 46258738 51.238586
-Trial 667 0 46258738 51.385759
* 668: Cost = 0_46203270, Time = 48.65 sec. 
-Trial 668 0 46203270 51.405879
-Trial 669 0 46203270 51.428396
-Trial 670 0 46203270 51.440440
-Trial 671 0 46203270 51.445761
-Trial 672 0 46203270 51.484383
-Trial 673 0 46203270 51.491738
-Trial 674 0 46203270 51.502646
-Trial 675 0 46203270 51.503024
-Trial 676 0 46203270 51.544726
-Trial 677 0 46203270 51.621487
-Trial 678 0 46203270 51.835752
-Trial 679 0 46203270 51.853468
-Trial 680 0 46203270 51.865524
-Trial 681 0 46203270 51.879231
-Trial 682 0 46203270 51.942661
* 683: Cost = 0_46167628, Time = 49.27 sec. 
-Trial 683 0 46167628 52.025681
-Trial 684 0 46167628 52.105932
-Trial 685 0 46167628 52.112030
-Trial 686 0 46167628 52.129552
-Trial 687 0 46167628 52.146748
* 688: Cost = 0_46160351, Time = 49.40 sec. 
-Trial 688 0 46160351 52.156054
-Trial 689 0 46160351 52.208969
-Trial 690 0 46160351 52.217945
* 691: Cost = 0_46128453, Time = 49.49 sec. 
-Trial 691 0 46128453 52.252025
-Trial 692 0 46128453 52.275599
-Trial 693 0 46128453 52.313473
-Trial 694 0 46128453 52.318749
-Trial 695 0 46128453 52.361752
-Trial 696 0 46128453 52.386383
-Trial 697 0 46128453 52.396897
-Trial 698 0 46128453 52.402920
-Trial 699 0 46128453 52.420115
-Trial 700 0 46128453 52.439038
-Trial 701 0 46128453 52.493096
-Trial 702 0 46128453 52.496520
-Trial 703 0 46128453 52.543379
-Trial 704 0 46128453 52.609950
-Trial 705 0 46128453 52.639574
-Trial 706 0 46128453 52.648338
-Trial 707 0 46128453 52.670099
-Trial 708 0 46128453 52.754809
-Trial 709 0 46128453 52.774034
-Trial 710 0 46128453 52.791173
-Trial 711 0 46128453 52.836224
-Trial 712 0 46128453 52.913453
-Trial 713 0 46128453 52.918411
-Trial 714 0 46128453 52.923039
-Trial 715 0 46128453 52.955318
-Trial 716 0 46128453 52.955875
-Trial 717 0 46128453 52.963351
-Trial 718 0 46128453 52.989095
-Trial 719 0 46128453 53.001739
-Trial 720 0 46128453 53.020007
-Trial 721 0 46128453 53.056728
-Trial 722 0 46128453 53.297327
-Trial 723 0 46128453 53.323656
-Trial 724 0 46128453 53.360985
-Trial 725 0 46128453 53.375649
-Trial 726 0 46128453 53.387964
-Trial 727 0 46128453 53.430179
-Trial 728 0 46128453 53.442659
-Trial 729 0 46128453 53.450125
-Trial 730 0 46128453 53.520941
-Trial 731 0 46128453 53.531341
-Trial 732 0 46128453 53.545901
-Trial 733 0 46128453 53.570335
-Trial 734 0 46128453 53.578435
-Trial 735 0 46128453 53.596383
-Trial 736 0 46128453 53.604436
-Trial 737 0 46128453 53.676595
* 738: Cost = 0_46124927, Time = 50.94 sec. 
-Trial 738 0 46124927 53.699859
-Trial 739 0 46124927 53.753144
-Trial 740 0 46124927 53.771485
-Trial 741 0 46124927 53.775176
-Trial 742 0 46124927 53.889756
-Trial 743 0 46124927 53.901968
-Trial 744 0 46124927 53.922583
-Trial 745 0 46124927 53.937917
-Trial 746 0 46124927 53.938304
-Trial 747 0 46124927 53.958888
-Trial 748 0 46124927 54.014535
-Trial 749 0 46124927 54.059597
-Trial 750 0 46124927 54.097556
-Trial 751 0 46124927 54.103826
-Trial 752 0 46124927 54.142560
-Trial 753 0 46124927 54.219234
-Trial 754 0 46124927 54.261413
-Trial 755 0 46124927 54.266590
-Trial 756 0 46124927 54.269527
-Trial 757 0 46124927 54.367707
-Trial 758 0 46124927 54.377421
-Trial 759 0 46124927 54.413216
-Trial 760 0 46124927 54.422177
-Trial 761 0 46124927 54.445472
-Trial 762 0 46124927 54.490083
-Trial 763 0 46124927 54.530459
-Trial 764 0 46124927 54.579436
-Trial 765 0 46124927 54.585792
-Trial 766 0 46124927 54.615673
-Trial 767 0 46124927 54.624368
-Trial 768 0 46124927 54.631258
-Trial 769 0 46124927 54.759990
-Trial 770 0 46124927 54.800619
-Trial 771 0 46124927 54.817943
-Trial 772 0 46124927 54.823255
-Trial 773 0 46124927 54.864592
-Trial 774 0 46124927 54.898636
-Trial 775 0 46124927 54.908001
-Trial 776 0 46124927 54.912833
-Trial 777 0 46124927 55.075384
-Trial 778 0 46124927 55.078136
-Trial 779 0 46124927 55.081022
-Trial 780 0 46124927 55.098249
-Trial 781 0 46124927 55.106142
-Trial 782 0 46124927 55.141151
-Trial 783 0 46124927 55.160751
-Trial 784 0 46124927 55.169405
-Trial 785 0 46124927 55.182337
-Trial 786 0 46124927 55.198792
-Trial 787 0 46124927 55.220585
-Trial 788 0 46124927 55.225657
-Trial 789 0 46124927 55.280193
-Trial 790 0 46124927 55.459382
-Trial 791 0 46124927 55.479622
-Trial 792 0 46124927 55.586744
-Trial 793 0 46124927 55.741384
-Trial 794 0 46124927 55.767892
-Trial 795 0 46124927 55.809307
-Trial 796 0 46124927 55.814060
-Trial 797 0 46124927 55.828048
-Trial 798 0 46124927 55.878541
-Trial 799 0 46124927 55.956722
-Trial 800 0 46124927 55.985286
-Trial 801 0 46124927 55.991129
-Trial 802 0 46124927 55.999937
-Trial 803 0 46124927 56.001457
-Trial 804 0 46124927 56.008059
-Trial 805 0 46124927 56.054775
-Trial 806 0 46124927 56.059702
-Trial 807 0 46124927 56.077774
-Trial 808 0 46124927 56.111825
-Trial 809 0 46124927 56.127792
-Trial 810 0 46124927 56.178505
-Trial 811 0 46124927 56.189350
-Trial 812 0 46124927 56.197111
-Trial 813 0 46124927 56.207799
-Trial 814 0 46124927 56.213956
-Trial 815 0 46124927 56.245703
-Trial 816 0 46124927 56.253384
-Trial 817 0 46124927 56.268093
-Trial 818 0 46124927 56.295408
-Trial 819 0 46124927 56.326060
-Trial 820 0 46124927 56.564720
-Trial 821 0 46124927 56.572356
-Trial 822 0 46124927 56.608087
-Trial 823 0 46124927 56.626331
-Trial 824 0 46124927 56.703972
-Trial 825 0 46124927 56.726333
-Trial 826 0 46124927 56.782989
-Trial 827 0 46124927 56.976974
-Trial 828 0 46124927 56.982691
-Trial 829 0 46124927 57.043141
* 830: Cost = 0_46119783, Time = 54.29 sec. 
-Trial 830 0 46119783 57.051971
-Trial 831 0 46119783 57.097767
-Trial 832 0 46119783 57.114953
-Trial 833 0 46119783 57.166127
-Trial 834 0 46119783 57.178910
-Trial 835 0 46119783 57.194072
-Trial 836 0 46119783 57.204072
-Trial 837 0 46119783 57.232899
-Trial 838 0 46119783 57.413483
-Trial 839 0 46119783 57.433479
-Trial 840 0 46119783 57.483268
-Trial 841 0 46119783 57.515120
-Trial 842 0 46119783 57.590793
-Trial 843 0 46119783 57.593081
-Trial 844 0 46119783 57.647055
-Trial 845 0 46119783 57.663975
-Trial 846 0 46119783 57.727640
-Trial 847 0 46119783 57.733645
-Trial 848 0 46119783 57.760210
-Trial 849 0 46119783 57.777163
-Trial 850 0 46119783 57.803015
-Trial 851 0 46119783 57.853388
-Trial 852 0 46119783 57.867152
-Trial 853 0 46119783 57.920360
-Trial 854 0 46119783 57.935941
-Trial 855 0 46119783 57.950326
-Trial 856 0 46119783 57.972490
-Trial 857 0 46119783 57.985440
* 858: Cost = 0_46105595, Time = 55.25 sec. 
-Trial 858 0 46105595 58.007841
-Trial 859 0 46105595 58.038830
-Trial 860 0 46105595 58.055825
-Trial 861 0 46105595 58.075192
-Trial 862 0 46105595 58.115973
-Trial 863 0 46105595 58.116609
-Trial 864 0 46105595 58.149886
-Trial 865 0 46105595 58.199615
-Trial 866 0 46105595 58.212489
-Trial 867 0 46105595 58.230508
-Trial 868 0 46105595 58.248688
-Trial 869 0 46105595 58.310399
-Trial 870 0 46105595 58.391708
-Trial 871 0 46105595 58.405653
-Trial 872 0 46105595 58.447931
* 873: Cost = 0_46086721, Time = 55.72 sec. 
-Trial 873 0 46086721 58.479503
-Trial 874 0 46086721 58.538016
-Trial 875 0 46086721 58.548683
-Trial 876 0 46086721 58.551279
-Trial 877 0 46086721 58.693028
-Trial 878 0 46086721 59.023933
-Trial 879 0 46086721 59.121969
-Trial 880 0 46086721 59.140201
-Trial 881 0 46086721 59.143103
-Trial 882 0 46086721 59.181229
* 883: Cost = 0_46067863, Time = 56.43 sec. 
-Trial 883 0 46067863 59.191497
-Trial 884 0 46067863 59.196582
* 885: Cost = 0_46027016, Time = 56.48 sec. 
-Trial 885 0 46027016 59.237001
-Trial 886 0 46027016 59.299184
-Trial 887 0 46027016 59.304105
-Trial 888 0 46027016 59.327630
-Trial 889 0 46027016 59.334355
-Trial 890 0 46027016 59.352788
-Trial 891 0 46027016 59.364687
-Trial 892 0 46027016 59.372433
-Trial 893 0 46027016 59.406071
* 894: Cost = 0_46025092, Time = 56.75 sec. 
-Trial 894 0 46025092 59.505354
-Trial 895 0 46025092 59.537839
-Trial 896 0 46025092 59.550716
-Trial 897 0 46025092 59.562430
-Trial 898 0 46025092 59.599778
-Trial 899 0 46025092 59.631176
-Trial 900 0 46025092 59.703284
-Trial 901 0 46025092 59.722163
-Trial 902 0 46025092 59.732397
* 903: Cost = 0_45995626, Time = 56.99 sec. 
-Trial 903 0 45995626 59.746120
-Trial 904 0 45995626 60.297615
-Trial 905 0 45995626 60.321995
-Trial 906 0 45995626 60.334027
-Trial 907 0 45995626 60.356254
-Trial 908 0 45995626 60.363060
-Trial 909 0 45995626 60.415475
-Trial 910 0 45995626 60.427369
-Trial 911 0 45995626 60.438812
-Trial 912 0 45995626 60.451190
-Trial 913 0 45995626 60.462859
-Trial 914 0 45995626 60.464069
-Trial 915 0 45995626 60.466027
-Trial 916 0 45995626 60.562584
-Trial 917 0 45995626 60.581355
-Trial 918 0 45995626 60.602449
-Trial 919 0 45995626 60.660159
-Trial 920 0 45995626 60.668558
-Trial 921 0 45995626 60.683738
-Trial 922 0 45995626 60.755299
-Trial 923 0 45995626 60.778410
-Trial 924 0 45995626 60.787027
-Trial 925 0 45995626 60.827700
-Trial 926 0 45995626 60.842171
-Trial 927 0 45995626 60.855746
-Trial 928 0 45995626 60.889697
-Trial 929 0 45995626 60.898311
-Trial 930 0 45995626 60.955644
-Trial 931 0 45995626 60.960694
-Trial 932 0 45995626 61.013149
-Trial 933 0 45995626 61.033956
-Trial 934 0 45995626 61.035524
-Trial 935 0 45995626 61.038099
-Trial 936 0 45995626 61.042775
-Trial 937 0 45995626 61.148977
-Trial 938 0 45995626 61.331285
-Trial 939 0 45995626 61.333725
-Trial 940 0 45995626 61.375638
-Trial 941 0 45995626 61.415582
* 942: Cost = 0_45907215, Time = 58.68 sec. 
-Trial 942 0 45907215 61.439685
-Trial 943 0 45907215 61.460917
-Trial 944 0 45907215 61.505964
-Trial 945 0 45907215 61.522739
-Trial 946 0 45907215 61.525716
-Trial 947 0 45907215 61.541243
-Trial 948 0 45907215 61.589242
* 949: Cost = 0_45888659, Time = 58.85 sec. 
-Trial 949 0 45888659 61.606062
-Trial 950 0 45888659 61.650726
-Trial 951 0 45888659 61.665497
-Trial 952 0 45888659 61.675232
-Trial 953 0 45888659 61.693140
-Trial 954 0 45888659 61.693954
-Trial 955 0 45888659 61.713727
-Trial 956 0 45888659 61.730969
-Trial 957 0 45888659 61.778369
-Trial 958 0 45888659 61.821940
-Trial 959 0 45888659 61.833628
-Trial 960 0 45888659 62.432923
-Trial 961 0 45888659 62.501298
-Trial 962 0 45888659 62.508952
-Trial 963 0 45888659 62.513936
-Trial 964 0 45888659 62.531980
-Trial 965 0 45888659 62.535957
-Trial 966 0 45888659 62.619096
-Trial 967 0 45888659 62.624051
-Trial 968 0 45888659 62.683432
-Trial 969 0 45888659 62.698399
-Trial 970 0 45888659 62.884028
-Trial 971 0 45888659 63.016345
-Trial 972 0 45888659 63.038683
-Trial 973 0 45888659 63.072610
-Trial 974 0 45888659 63.091158
-Trial 975 0 45888659 63.101860
-Trial 976 0 45888659 63.114642
-Trial 977 0 45888659 63.142800
-Trial 978 0 45888659 63.417871
-Trial 979 0 45888659 63.447338
* 980: Cost = 0_45857732, Time = 60.74 sec. 
-Trial 980 0 45857732 63.495631
-Trial 981 0 45857732 63.544341
-Trial 982 0 45857732 63.662408
-Trial 983 0 45857732 63.667387
* 984: Cost = 0_45835515, Time = 60.93 sec. 
-Trial 984 0 45835515 63.685876
-Trial 985 0 45835515 63.706760
-Trial 986 0 45835515 63.719454
-Trial 987 0 45835515 63.729835
-Trial 988 0 45835515 63.761141
-Trial 989 0 45835515 63.766949
-Trial 990 0 45835515 63.784386
-Trial 991 0 45835515 63.788155
-Trial 992 0 45835515 63.798054
-Trial 993 0 45835515 63.807403
-Trial 994 0 45835515 63.967412
-Trial 995 0 45835515 64.021715
-Trial 996 0 45835515 64.025380
-Trial 997 0 45835515 64.033066
-Trial 998 0 45835515 64.054392
-Trial 999 0 45835515 64.115818
-Trial 1000 0 45835515 64.119987
Population:
  1: 0_45835515
Run 1: Cost = 0_45835515, Time = 61.36 sec. 

Successes/Runs = 0/1 
Cost.min = 45835515, Cost.avg = 45835515.00, Cost.max = 45835515
Gap.min = 0.0000%, Gap.avg = 0.0000%, Gap.max = 0.0000%
Penalty.min = 0, Penalty.avg = 0.00, Penalty.max = 0
Trials.min = 1000, Trials.avg = 1000.0, Trials.max = 1000
Time.min = 61.36 sec., Time.avg = 61.36 sec., Time.max = 61.36 sec.
Time.total = 64.12 sec.
  Size.min = 13, Size.max = 36, Penalty = 0
  Cost.min = 736186, Cost.max = 3182687, Cost.sum = 45835515
Best CVRPTW solution:
  Cost = 0_45835515
1 224 249 124 433 261 326 188 154 410 360 97 20 145 311 118 218 423 227 363 183 91 37 58 411 324 244 81 26 442 396 98 53 514 230 107 19 101 212 296 297 190 205 309 382 23 82 319 258 264 74 191 384 359 487 482 422 34 228 127 193 455 203 196 189 511 361 18 179 137 284 48 112 263 451 463 156 225 321 402 139 299 167 110 512 376 413 484 144 114 325 443 215 336 331 67 170 85 507 291 354 87 242 310 304 92 164 257 116 344 368 40 123 318 99 10 88 339 347 468 210 504 176 177 385 3 220 29 497 166 453 219 21 351 279 61 457 292 288 276 295 72 57 45 105 122 441 239 459 428 476 490 470 65 206 11 287 513 314 136 460 394 447 290 427 119 472 424 430 46 492 273 474 102 173 217 452 379 298 268 329 24 506 7 47 51 335 248 425 172 483 282 52 222 126 70 473 103 111 275 208 104 148 153 109 280 76 155 209 141 283 96 486 322 125 517 142 450 157 186 108 421 246 467 90 143 308 320 327 480 135 158 488 461 393 187 180 214 440 397 281 223 86 94 518 355 234 407 262 418 132 303 373 307 13 36 408 412 405 508 59 30 388 489 353 22 60 294 75 237 432 498 128 31 235 342 341 416 77 323 106 285 499 252 505 71 420 241 445 174 39 302 337 147 481 256 374 485 32 192 160 365 399 131 516 149 380 352 55 28 121 184 231 272 493 62 202 9 253 159 371 437 369 255 391 69 211 178 509 454 78 233 409 27 236 429 73 243 270 198 200 80 464 478 207 134 519 54 146 42 277 340 364 348 6 2 232 333 8 117 375 4 330 130 501 395 138 520 175 417 226 100 377 165 63 378 49 449 93 25 370 89 350 14 414 152 12 401 496 35 387 494 259 254 315 398 168 515 500 400 41 334 271 162 313 479 266 251 66 293 475 306 33 495 300 247 269 362 129 64 343 356 133 312 15 169 383 456 503 406 367 56 163 221 357 113 43 404 274 213 403 265 446 182 471 238 301 415 338 439 197 386 510 389 435 438 316 434 448 278 199 50 68 151 390 349 161 436 185 84 44 305 381 491 240 229 95 181 16 346 431 216 392 466 201 115 462 345 150 502 477 444 245 469 465 171 17 458 204 120 267 372 426 38 317 195 366 358 260 328 5 140 289 419 79 83 250 194 286 332 1 
