PARAMETER_FILE = result/cvrptw_500/LKH_para/572.para
Reading PROBLEM_FILE: "result/cvrptw_500/cvrptw/572.cvrptw" ... done
ASCENT_CANDIDATES = 50
BACKBONE_TRIALS = 0
BACKTRACKING = NO
# BWTSP =
# CANDIDATE_FILE =
CANDIDATE_SET_TYPE = ALPHA
DEPOT = 1
# EDGE_FILE =
EXCESS = 0.0384615
EXTERNAL_SALESMEN = 0
EXTRA_CANDIDATES = 0 
EXTRA_CANDIDATE_SET_TYPE = QUADRANT
GAIN23 = NO
GAIN_CRITERION = YES
INITIAL_PERIOD = 520
INITIAL_STEP_SIZE = 1
INITIAL_TOUR_ALGORITHM = WALK
# INITIAL_TOUR_FILE = 
INITIAL_TOUR_FRACTION = 1.000
# INPUT_TOUR_FILE = 
KICK_TYPE = 4
KICKS = 1
# MAX_BREADTH =
MAKESPAN = NO
MAX_CANDIDATES = 5 
MAX_SWAPS = 0
MAX_TRIALS = 1000
# MERGE_TOUR_FILE =
MOVE_TYPE = 5 SPECIAL
MTSP_MIN_SIZE = 1
MTSP_MAX_SIZE = 1039
# MTSP_SOLUTION_FILE = 
# NONSEQUENTIAL_MOVE_TYPE = 5
# OPTIMUM =
# OUTPUT_TOUR_FILE = 
PATCHING_A = 1 
PATCHING_C = 0 
# PI_FILE = 
POPMUSIC_INITIAL_TOUR = NO
POPMUSIC_MAX_NEIGHBORS = 5
POPMUSIC_SAMPLE_SIZE = 10
POPMUSIC_SOLUTIONS = 50
POPMUSIC_TRIALS = 1
POPULATION_SIZE = 10
PRECISION = 100
PROBLEM_FILE = result/cvrptw_500/cvrptw/572.cvrptw
RECOMBINATION = IPT
RESTRICTED_SEARCH = YES
RUNS = 1
SALESMEN = 20
SCALE = 1
SEED = 1234
# SINTEF_SOLUTION_FILE = 
STOP_AT_OPTIMUM = YES
SUBGRADIENT = YES
# SUBPROBLEM_SIZE =
# SUBPROBLEM_TOUR_FILE = 
SUBSEQUENT_MOVE_TYPE = 5 SPECIAL
SUBSEQUENT_PATCHING = YES
# TIME_LIMIT =
# TOUR_FILE = 
TRACE_LEVEL = 1
VEHICLES = 20

Lower bound = 25310555.9, Ascent time = 2.28 sec.
Cand.min = 5, Cand.avg = 5.0, Cand.max = 5
Edges.fixed = 520 [Cost = 0]
Preprocessing time = 2.37 sec.
* 1: Cost = 0_55071403, Time = 2.81 sec. 
-Trial 1 0 55071403 5.189460
* 2: Cost = 0_53225860, Time = 3.51 sec. 
-Trial 2 0 53225860 5.891576
-Trial 3 0 53225860 5.903630
* 4: Cost = 0_53137318, Time = 3.57 sec. 
-Trial 4 0 53137318 5.954192
-Trial 5 0 53137318 5.969257
-Trial 6 0 53137318 6.021081
-Trial 7 0 53137318 6.112915
* 8: Cost = 0_52989889, Time = 3.79 sec. 
-Trial 8 0 52989889 6.166291
-Trial 9 0 52989889 6.175851
-Trial 10 0 52989889 6.191436
-Trial 11 0 52989889 6.201538
-Trial 12 0 52989889 6.299010
* 13: Cost = 0_52767604, Time = 4.00 sec. 
-Trial 13 0 52767604 6.381976
-Trial 14 0 52767604 6.389207
-Trial 15 0 52767604 6.401413
-Trial 16 0 52767604 6.407307
-Trial 17 0 52767604 6.408222
-Trial 18 0 52767604 6.418549
-Trial 19 0 52767604 6.450620
-Trial 20 0 52767604 6.453741
-Trial 21 0 52767604 6.481273
* 22: Cost = 0_52607611, Time = 4.11 sec. 
-Trial 22 0 52607611 6.490849
* 23: Cost = 0_52601944, Time = 4.12 sec. 
-Trial 23 0 52601944 6.497420
-Trial 24 0 52601944 6.579373
-Trial 25 0 52601944 6.605387
* 26: Cost = 0_52295391, Time = 4.23 sec. 
-Trial 26 0 52295391 6.611077
-Trial 27 0 52295391 6.657263
-Trial 28 0 52295391 6.696693
* 29: Cost = 0_51931830, Time = 4.41 sec. 
-Trial 29 0 51931830 6.789096
* 30: Cost = 0_51488641, Time = 4.43 sec. 
-Trial 30 0 51488641 6.814721
* 31: Cost = 0_51093197, Time = 4.45 sec. 
-Trial 31 0 51093197 6.833523
-Trial 32 0 51093197 6.845235
-Trial 33 0 51093197 6.918961
-Trial 34 0 51093197 6.937444
-Trial 35 0 51093197 7.010447
-Trial 36 0 51093197 7.014427
-Trial 37 0 51093197 7.018455
-Trial 38 0 51093197 7.045705
-Trial 39 0 51093197 7.077523
* 40: Cost = 0_51069644, Time = 4.71 sec. 
-Trial 40 0 51069644 7.090546
* 41: Cost = 0_51013499, Time = 4.73 sec. 
-Trial 41 0 51013499 7.105911
-Trial 42 0 51013499 7.130026
-Trial 43 0 51013499 7.239850
-Trial 44 0 51013499 7.316674
-Trial 45 0 51013499 7.318711
* 46: Cost = 0_51011336, Time = 4.97 sec. 
-Trial 46 0 51011336 7.347703
-Trial 47 0 51011336 7.372611
* 48: Cost = 0_50959924, Time = 5.00 sec. 
-Trial 48 0 50959924 7.378208
-Trial 49 0 50959924 7.427788
* 50: Cost = 0_50727529, Time = 5.07 sec. 
-Trial 50 0 50727529 7.450420
-Trial 51 0 50727529 7.466553
-Trial 52 0 50727529 7.537458
-Trial 53 0 50727529 7.545039
-Trial 54 0 50727529 7.550077
-Trial 55 0 50727529 7.551100
-Trial 56 0 50727529 7.552460
-Trial 57 0 50727529 7.571235
-Trial 58 0 50727529 7.574879
-Trial 59 0 50727529 7.619069
-Trial 60 0 50727529 7.619711
-Trial 61 0 50727529 7.682547
* 62: Cost = 0_50448144, Time = 5.44 sec. 
-Trial 62 0 50448144 7.824263
-Trial 63 0 50448144 7.858021
-Trial 64 0 50448144 7.860180
* 65: Cost = 0_50332283, Time = 5.49 sec. 
-Trial 65 0 50332283 7.868231
-Trial 66 0 50332283 7.889608
-Trial 67 0 50332283 7.901157
-Trial 68 0 50332283 7.955065
* 69: Cost = 0_50235400, Time = 5.58 sec. 
-Trial 69 0 50235400 7.963005
-Trial 70 0 50235400 7.970279
-Trial 71 0 50235400 8.025849
-Trial 72 0 50235400 8.058640
-Trial 73 0 50235400 8.082080
* 74: Cost = 0_50207842, Time = 5.73 sec. 
-Trial 74 0 50207842 8.106449
* 75: Cost = 0_50153767, Time = 5.75 sec. 
-Trial 75 0 50153767 8.132839
-Trial 76 0 50153767 8.144734
* 77: Cost = 0_50132210, Time = 5.77 sec. 
-Trial 77 0 50132210 8.153844
-Trial 78 0 50132210 8.170844
* 79: Cost = 0_50105221, Time = 5.80 sec. 
-Trial 79 0 50105221 8.183706
-Trial 80 0 50105221 8.218632
-Trial 81 0 50105221 8.245000
-Trial 82 0 50105221 8.263684
-Trial 83 0 50105221 8.269532
-Trial 84 0 50105221 8.279209
-Trial 85 0 50105221 8.308519
-Trial 86 0 50105221 8.311387
* 87: Cost = 0_49891964, Time = 5.99 sec. 
-Trial 87 0 49891964 8.370137
* 88: Cost = 0_49879904, Time = 6.00 sec. 
-Trial 88 0 49879904 8.384569
-Trial 89 0 49879904 8.408915
-Trial 90 0 49879904 8.441696
-Trial 91 0 49879904 8.458038
* 92: Cost = 0_49856651, Time = 6.09 sec. 
-Trial 92 0 49856651 8.474616
-Trial 93 0 49856651 8.508931
-Trial 94 0 49856651 8.518444
-Trial 95 0 49856651 8.531242
-Trial 96 0 49856651 8.541878
-Trial 97 0 49856651 8.561457
-Trial 98 0 49856651 8.587659
-Trial 99 0 49856651 8.652503
-Trial 100 0 49856651 8.717612
-Trial 101 0 49856651 8.789367
* 102: Cost = 0_49335293, Time = 6.44 sec. 
-Trial 102 0 49335293 8.822995
* 103: Cost = 0_49250746, Time = 6.45 sec. 
-Trial 103 0 49250746 8.831990
* 104: Cost = 0_49134925, Time = 6.47 sec. 
-Trial 104 0 49134925 8.847265
-Trial 105 0 49134925 8.859962
* 106: Cost = 0_49045108, Time = 6.50 sec. 
-Trial 106 0 49045108 8.880093
-Trial 107 0 49045108 8.888319
-Trial 108 0 49045108 8.939959
-Trial 109 0 49045108 8.947217
-Trial 110 0 49045108 8.959030
-Trial 111 0 49045108 8.978702
* 112: Cost = 0_48984919, Time = 6.67 sec. 
-Trial 112 0 48984919 9.054218
* 113: Cost = 0_48965782, Time = 6.78 sec. 
-Trial 113 0 48965782 9.162726
-Trial 114 0 48965782 9.169932
* 115: Cost = 0_48703558, Time = 6.80 sec. 
-Trial 115 0 48703558 9.180298
-Trial 116 0 48703558 9.204395
-Trial 117 0 48703558 9.210205
* 118: Cost = 0_48632965, Time = 6.84 sec. 
-Trial 118 0 48632965 9.220530
-Trial 119 0 48632965 9.280881
-Trial 120 0 48632965 9.295886
* 121: Cost = 0_48534512, Time = 6.92 sec. 
-Trial 121 0 48534512 9.298339
* 122: Cost = 0_48480081, Time = 6.97 sec. 
-Trial 122 0 48480081 9.353417
-Trial 123 0 48480081 9.416404
-Trial 124 0 48480081 9.422530
-Trial 125 0 48480081 9.424372
* 126: Cost = 0_48219283, Time = 7.05 sec. 
-Trial 126 0 48219283 9.427857
-Trial 127 0 48219283 9.448633
-Trial 128 0 48219283 9.463812
-Trial 129 0 48219283 9.465665
-Trial 130 0 48219283 9.475488
-Trial 131 0 48219283 9.496118
-Trial 132 0 48219283 9.515939
-Trial 133 0 48219283 9.535462
* 134: Cost = 0_48211954, Time = 7.16 sec. 
-Trial 134 0 48211954 9.541296
-Trial 135 0 48211954 9.542957
-Trial 136 0 48211954 9.549619
-Trial 137 0 48211954 9.566586
-Trial 138 0 48211954 9.585902
-Trial 139 0 48211954 9.618413
-Trial 140 0 48211954 9.628046
-Trial 141 0 48211954 9.644716
-Trial 142 0 48211954 9.667737
-Trial 143 0 48211954 9.782968
-Trial 144 0 48211954 9.786981
-Trial 145 0 48211954 9.796400
-Trial 146 0 48211954 9.806464
-Trial 147 0 48211954 9.820007
-Trial 148 0 48211954 9.928470
-Trial 149 0 48211954 9.955136
* 150: Cost = 0_48191222, Time = 7.59 sec. 
-Trial 150 0 48191222 9.975112
-Trial 151 0 48191222 10.031651
-Trial 152 0 48191222 10.057822
-Trial 153 0 48191222 10.086927
* 154: Cost = 0_48111987, Time = 7.71 sec. 
-Trial 154 0 48111987 10.091696
-Trial 155 0 48111987 10.113520
-Trial 156 0 48111987 10.141392
-Trial 157 0 48111987 10.172028
-Trial 158 0 48111987 10.278012
-Trial 159 0 48111987 10.309866
-Trial 160 0 48111987 10.315778
-Trial 161 0 48111987 10.324321
-Trial 162 0 48111987 10.330085
-Trial 163 0 48111987 10.395272
* 164: Cost = 0_48063526, Time = 8.03 sec. 
-Trial 164 0 48063526 10.408047
* 165: Cost = 0_48051113, Time = 8.04 sec. 
-Trial 165 0 48051113 10.420194
-Trial 166 0 48051113 10.427768
-Trial 167 0 48051113 10.438977
-Trial 168 0 48051113 10.457091
-Trial 169 0 48051113 10.476796
-Trial 170 0 48051113 10.490398
-Trial 171 0 48051113 10.494816
* 172: Cost = 0_48030643, Time = 8.14 sec. 
-Trial 172 0 48030643 10.523988
-Trial 173 0 48030643 10.529313
-Trial 174 0 48030643 10.589279
-Trial 175 0 48030643 10.592410
* 176: Cost = 0_47969468, Time = 8.23 sec. 
-Trial 176 0 47969468 10.607302
-Trial 177 0 47969468 10.621271
-Trial 178 0 47969468 10.720090
-Trial 179 0 47969468 10.723734
-Trial 180 0 47969468 10.725493
-Trial 181 0 47969468 10.760089
-Trial 182 0 47969468 10.793948
* 183: Cost = 0_47924153, Time = 8.44 sec. 
-Trial 183 0 47924153 10.815925
-Trial 184 0 47924153 10.844049
* 185: Cost = 0_47752498, Time = 8.53 sec. 
-Trial 185 0 47752498 10.911361
* 186: Cost = 0_47740587, Time = 8.62 sec. 
-Trial 186 0 47740587 10.996687
-Trial 187 0 47740587 11.042804
* 188: Cost = 0_47625278, Time = 8.67 sec. 
-Trial 188 0 47625278 11.052564
-Trial 189 0 47625278 11.074758
* 190: Cost = 0_47463811, Time = 8.71 sec. 
-Trial 190 0 47463811 11.094367
* 191: Cost = 0_47447149, Time = 8.72 sec. 
-Trial 191 0 47447149 11.104682
-Trial 192 0 47447149 11.108811
-Trial 193 0 47447149 11.114275
-Trial 194 0 47447149 11.115360
-Trial 195 0 47447149 11.143706
-Trial 196 0 47447149 11.165225
-Trial 197 0 47447149 11.178224
-Trial 198 0 47447149 11.193237
-Trial 199 0 47447149 11.201657
-Trial 200 0 47447149 11.249370
-Trial 201 0 47447149 11.275072
-Trial 202 0 47447149 11.287563
-Trial 203 0 47447149 11.335135
-Trial 204 0 47447149 11.366301
-Trial 205 0 47447149 11.383508
-Trial 206 0 47447149 11.400293
-Trial 207 0 47447149 11.417769
* 208: Cost = 0_47444903, Time = 9.07 sec. 
-Trial 208 0 47444903 11.446706
-Trial 209 0 47444903 11.468212
-Trial 210 0 47444903 11.479808
-Trial 211 0 47444903 11.508372
-Trial 212 0 47444903 11.508758
-Trial 213 0 47444903 11.586502
-Trial 214 0 47444903 11.624480
-Trial 215 0 47444903 11.659551
-Trial 216 0 47444903 11.665081
-Trial 217 0 47444903 11.693689
* 218: Cost = 0_47387208, Time = 9.33 sec. 
-Trial 218 0 47387208 11.711206
-Trial 219 0 47387208 11.719471
-Trial 220 0 47387208 11.721403
-Trial 221 0 47387208 11.900544
-Trial 222 0 47387208 11.903063
-Trial 223 0 47387208 11.931069
* 224: Cost = 0_47359570, Time = 9.57 sec. 
-Trial 224 0 47359570 11.955783
-Trial 225 0 47359570 11.977144
-Trial 226 0 47359570 11.990678
-Trial 227 0 47359570 11.997415
-Trial 228 0 47359570 12.005635
-Trial 229 0 47359570 12.025071
-Trial 230 0 47359570 12.092394
-Trial 231 0 47359570 12.096141
-Trial 232 0 47359570 12.132226
-Trial 233 0 47359570 12.149103
-Trial 234 0 47359570 12.263141
-Trial 235 0 47359570 12.287365
* 236: Cost = 0_47354671, Time = 9.96 sec. 
-Trial 236 0 47354671 12.343951
* 237: Cost = 0_47235291, Time = 10.01 sec. 
-Trial 237 0 47235291 12.386095
* 238: Cost = 0_47212631, Time = 10.01 sec. 
-Trial 238 0 47212631 12.392943
-Trial 239 0 47212631 12.401767
* 240: Cost = 0_47169485, Time = 10.03 sec. 
-Trial 240 0 47169485 12.408963
-Trial 241 0 47169485 12.414897
* 242: Cost = 0_47081878, Time = 10.06 sec. 
-Trial 242 0 47081878 12.445499
-Trial 243 0 47081878 12.446576
-Trial 244 0 47081878 12.468183
-Trial 245 0 47081878 12.511852
-Trial 246 0 47081878 12.680960
-Trial 247 0 47081878 12.710987
-Trial 248 0 47081878 12.718184
* 249: Cost = 0_47075393, Time = 10.35 sec. 
-Trial 249 0 47075393 12.732701
-Trial 250 0 47075393 12.784825
-Trial 251 0 47075393 12.827422
-Trial 252 0 47075393 12.846950
-Trial 253 0 47075393 12.865567
-Trial 254 0 47075393 12.905516
-Trial 255 0 47075393 12.932410
-Trial 256 0 47075393 12.939096
-Trial 257 0 47075393 12.968107
-Trial 258 0 47075393 12.982941
-Trial 259 0 47075393 13.028777
-Trial 260 0 47075393 13.064232
-Trial 261 0 47075393 13.073561
-Trial 262 0 47075393 13.074792
-Trial 263 0 47075393 13.209314
-Trial 264 0 47075393 13.219010
-Trial 265 0 47075393 13.279753
-Trial 266 0 47075393 13.297715
-Trial 267 0 47075393 13.342253
-Trial 268 0 47075393 13.361410
-Trial 269 0 47075393 13.497367
-Trial 270 0 47075393 13.530631
* 271: Cost = 0_47069634, Time = 11.17 sec. 
-Trial 271 0 47069634 13.548166
-Trial 272 0 47069634 13.566916
-Trial 273 0 47069634 13.585725
-Trial 274 0 47069634 13.709402
-Trial 275 0 47069634 13.721223
-Trial 276 0 47069634 13.743042
-Trial 277 0 47069634 13.751528
-Trial 278 0 47069634 13.766444
-Trial 279 0 47069634 13.791658
* 280: Cost = 0_47068012, Time = 11.43 sec. 
-Trial 280 0 47068012 13.810938
-Trial 281 0 47068012 13.827721
-Trial 282 0 47068012 13.877107
-Trial 283 0 47068012 13.896136
-Trial 284 0 47068012 13.945271
-Trial 285 0 47068012 13.970451
-Trial 286 0 47068012 13.985013
-Trial 287 0 47068012 14.036712
-Trial 288 0 47068012 14.054267
-Trial 289 0 47068012 14.066335
-Trial 290 0 47068012 14.087448
-Trial 291 0 47068012 14.092128
-Trial 292 0 47068012 14.121210
-Trial 293 0 47068012 14.124991
-Trial 294 0 47068012 14.127437
-Trial 295 0 47068012 14.132902
-Trial 296 0 47068012 14.167086
-Trial 297 0 47068012 14.177178
-Trial 298 0 47068012 14.369796
-Trial 299 0 47068012 14.380573
-Trial 300 0 47068012 14.510868
-Trial 301 0 47068012 14.666429
-Trial 302 0 47068012 14.683559
* 303: Cost = 0_47049603, Time = 12.31 sec. 
-Trial 303 0 47049603 14.693409
-Trial 304 0 47049603 14.720617
-Trial 305 0 47049603 14.724569
-Trial 306 0 47049603 14.758230
-Trial 307 0 47049603 14.786738
-Trial 308 0 47049603 14.791732
-Trial 309 0 47049603 14.803549
-Trial 310 0 47049603 14.805443
-Trial 311 0 47049603 14.823936
-Trial 312 0 47049603 14.830735
-Trial 313 0 47049603 14.832077
-Trial 314 0 47049603 14.847886
-Trial 315 0 47049603 14.856310
-Trial 316 0 47049603 14.871689
-Trial 317 0 47049603 14.888780
-Trial 318 0 47049603 14.921428
-Trial 319 0 47049603 14.951169
-Trial 320 0 47049603 15.033752
-Trial 321 0 47049603 15.078429
-Trial 322 0 47049603 15.080233
-Trial 323 0 47049603 15.104521
* 324: Cost = 0_47030910, Time = 12.76 sec. 
-Trial 324 0 47030910 15.141338
-Trial 325 0 47030910 15.158680
-Trial 326 0 47030910 15.190781
-Trial 327 0 47030910 15.193643
-Trial 328 0 47030910 15.206210
-Trial 329 0 47030910 15.219571
-Trial 330 0 47030910 15.249271
-Trial 331 0 47030910 15.267182
* 332: Cost = 0_46976171, Time = 12.92 sec. 
-Trial 332 0 46976171 15.300558
-Trial 333 0 46976171 15.331979
-Trial 334 0 46976171 15.342815
-Trial 335 0 46976171 15.346825
-Trial 336 0 46976171 15.373401
-Trial 337 0 46976171 15.379965
-Trial 338 0 46976171 15.393604
-Trial 339 0 46976171 15.421887
-Trial 340 0 46976171 15.471844
-Trial 341 0 46976171 15.520274
-Trial 342 0 46976171 15.524772
-Trial 343 0 46976171 15.540394
-Trial 344 0 46976171 15.667612
-Trial 345 0 46976171 15.723688
-Trial 346 0 46976171 15.728521
-Trial 347 0 46976171 15.731776
* 348: Cost = 0_46952863, Time = 13.39 sec. 
-Trial 348 0 46952863 15.769546
-Trial 349 0 46952863 15.788175
* 350: Cost = 0_46762673, Time = 13.42 sec. 
-Trial 350 0 46762673 15.796285
-Trial 351 0 46762673 15.809345
-Trial 352 0 46762673 15.857318
-Trial 353 0 46762673 15.873870
-Trial 354 0 46762673 15.882707
-Trial 355 0 46762673 15.917926
-Trial 356 0 46762673 15.933952
-Trial 357 0 46762673 15.965578
-Trial 358 0 46762673 15.998100
-Trial 359 0 46762673 16.013072
* 360: Cost = 0_46545775, Time = 13.79 sec. 
-Trial 360 0 46545775 16.173749
-Trial 361 0 46545775 16.202236
-Trial 362 0 46545775 16.258952
* 363: Cost = 0_46522866, Time = 13.91 sec. 
-Trial 363 0 46522866 16.287580
-Trial 364 0 46522866 16.326880
-Trial 365 0 46522866 16.351790
* 366: Cost = 0_46500950, Time = 14.01 sec. 
-Trial 366 0 46500950 16.387035
-Trial 367 0 46500950 16.395903
-Trial 368 0 46500950 16.417059
-Trial 369 0 46500950 16.425616
* 370: Cost = 0_46484020, Time = 14.06 sec. 
-Trial 370 0 46484020 16.438756
-Trial 371 0 46484020 16.455435
-Trial 372 0 46484020 16.466725
-Trial 373 0 46484020 16.473897
-Trial 374 0 46484020 16.478834
-Trial 375 0 46484020 16.508267
-Trial 376 0 46484020 16.515518
-Trial 377 0 46484020 16.524371
-Trial 378 0 46484020 16.529322
-Trial 379 0 46484020 16.535341
-Trial 380 0 46484020 16.560866
* 381: Cost = 0_46432160, Time = 14.19 sec. 
-Trial 381 0 46432160 16.571217
-Trial 382 0 46432160 16.603859
-Trial 383 0 46432160 16.621338
-Trial 384 0 46432160 16.632854
-Trial 385 0 46432160 16.635693
-Trial 386 0 46432160 16.640375
-Trial 387 0 46432160 16.651033
-Trial 388 0 46432160 16.661930
-Trial 389 0 46432160 16.676769
-Trial 390 0 46432160 16.677529
-Trial 391 0 46432160 16.713956
* 392: Cost = 0_46430907, Time = 14.34 sec. 
-Trial 392 0 46430907 16.723485
-Trial 393 0 46430907 16.773034
-Trial 394 0 46430907 16.791792
-Trial 395 0 46430907 16.806150
-Trial 396 0 46430907 16.855515
-Trial 397 0 46430907 17.021171
-Trial 398 0 46430907 17.043372
-Trial 399 0 46430907 17.067350
-Trial 400 0 46430907 17.074245
-Trial 401 0 46430907 17.107089
* 402: Cost = 0_46405972, Time = 14.76 sec. 
-Trial 402 0 46405972 17.142108
-Trial 403 0 46405972 17.152456
-Trial 404 0 46405972 17.178177
* 405: Cost = 0_46402353, Time = 14.81 sec. 
-Trial 405 0 46402353 17.187095
* 406: Cost = 0_46367240, Time = 14.81 sec. 
-Trial 406 0 46367240 17.195012
-Trial 407 0 46367240 17.209428
* 408: Cost = 0_46348282, Time = 14.88 sec. 
-Trial 408 0 46348282 17.261177
-Trial 409 0 46348282 17.266623
-Trial 410 0 46348282 17.278543
-Trial 411 0 46348282 17.349842
-Trial 412 0 46348282 17.354175
-Trial 413 0 46348282 17.369216
-Trial 414 0 46348282 17.395885
-Trial 415 0 46348282 17.396734
-Trial 416 0 46348282 17.402648
-Trial 417 0 46348282 17.404966
-Trial 418 0 46348282 17.428495
-Trial 419 0 46348282 17.434403
-Trial 420 0 46348282 17.455842
-Trial 421 0 46348282 17.468029
-Trial 422 0 46348282 17.486329
-Trial 423 0 46348282 17.500803
-Trial 424 0 46348282 17.505919
-Trial 425 0 46348282 17.518428
-Trial 426 0 46348282 17.523338
-Trial 427 0 46348282 17.553480
-Trial 428 0 46348282 17.556048
-Trial 429 0 46348282 17.576474
-Trial 430 0 46348282 17.603617
-Trial 431 0 46348282 17.614429
-Trial 432 0 46348282 17.634301
-Trial 433 0 46348282 17.686168
-Trial 434 0 46348282 17.688390
-Trial 435 0 46348282 17.727859
-Trial 436 0 46348282 17.740428
* 437: Cost = 0_46223843, Time = 15.37 sec. 
-Trial 437 0 46223843 17.748385
-Trial 438 0 46223843 17.751625
-Trial 439 0 46223843 17.755645
-Trial 440 0 46223843 17.758831
-Trial 441 0 46223843 17.759582
-Trial 442 0 46223843 17.762774
-Trial 443 0 46223843 17.780350
-Trial 444 0 46223843 17.785586
-Trial 445 0 46223843 17.795656
-Trial 446 0 46223843 17.825016
-Trial 447 0 46223843 17.828608
-Trial 448 0 46223843 17.869023
* 449: Cost = 0_46116523, Time = 15.52 sec. 
-Trial 449 0 46116523 17.899598
-Trial 450 0 46116523 17.908250
-Trial 451 0 46116523 17.913948
-Trial 452 0 46116523 17.928946
-Trial 453 0 46116523 17.931809
-Trial 454 0 46116523 17.951951
-Trial 455 0 46116523 17.966241
-Trial 456 0 46116523 17.970914
* 457: Cost = 0_46111459, Time = 15.61 sec. 
-Trial 457 0 46111459 17.991404
-Trial 458 0 46111459 18.014430
-Trial 459 0 46111459 18.022449
-Trial 460 0 46111459 18.079747
-Trial 461 0 46111459 18.228086
-Trial 462 0 46111459 18.230691
* 463: Cost = 0_46111407, Time = 15.88 sec. 
-Trial 463 0 46111407 18.257278
-Trial 464 0 46111407 18.285590
-Trial 465 0 46111407 18.310478
-Trial 466 0 46111407 18.345335
-Trial 467 0 46111407 18.405510
-Trial 468 0 46111407 18.408140
-Trial 469 0 46111407 18.436921
-Trial 470 0 46111407 18.449381
-Trial 471 0 46111407 18.463072
-Trial 472 0 46111407 18.485930
-Trial 473 0 46111407 18.522950
-Trial 474 0 46111407 18.529801
-Trial 475 0 46111407 18.562239
-Trial 476 0 46111407 18.610898
-Trial 477 0 46111407 18.614792
-Trial 478 0 46111407 18.635070
-Trial 479 0 46111407 18.643022
-Trial 480 0 46111407 18.689046
-Trial 481 0 46111407 18.713199
-Trial 482 0 46111407 18.721866
-Trial 483 0 46111407 18.758577
-Trial 484 0 46111407 18.763533
-Trial 485 0 46111407 18.771721
-Trial 486 0 46111407 18.782318
-Trial 487 0 46111407 18.811978
-Trial 488 0 46111407 18.833772
-Trial 489 0 46111407 18.848440
-Trial 490 0 46111407 18.856018
-Trial 491 0 46111407 18.918682
-Trial 492 0 46111407 18.932953
-Trial 493 0 46111407 18.963768
-Trial 494 0 46111407 18.973876
-Trial 495 0 46111407 19.009744
-Trial 496 0 46111407 19.026247
-Trial 497 0 46111407 19.029785
* 498: Cost = 0_46110970, Time = 16.68 sec. 
-Trial 498 0 46110970 19.060864
-Trial 499 0 46110970 19.068008
-Trial 500 0 46110970 19.081859
-Trial 501 0 46110970 19.094292
-Trial 502 0 46110970 19.194747
-Trial 503 0 46110970 19.236031
-Trial 504 0 46110970 19.292746
-Trial 505 0 46110970 19.312572
-Trial 506 0 46110970 19.392810
-Trial 507 0 46110970 19.404589
-Trial 508 0 46110970 19.434764
-Trial 509 0 46110970 19.460671
-Trial 510 0 46110970 19.464352
-Trial 511 0 46110970 19.483290
-Trial 512 0 46110970 19.487907
-Trial 513 0 46110970 19.515049
-Trial 514 0 46110970 19.554793
* 515: Cost = 0_46051607, Time = 17.18 sec. 
-Trial 515 0 46051607 19.563637
-Trial 516 0 46051607 19.578318
-Trial 517 0 46051607 19.602758
-Trial 518 0 46051607 19.611011
-Trial 519 0 46051607 19.620840
-Trial 520 0 46051607 19.662295
-Trial 521 0 46051607 19.666614
-Trial 522 0 46051607 19.721435
-Trial 523 0 46051607 19.726373
-Trial 524 0 46051607 19.728743
-Trial 525 0 46051607 19.758716
-Trial 526 0 46051607 19.768556
* 527: Cost = 0_46031706, Time = 17.40 sec. 
-Trial 527 0 46031706 19.779424
-Trial 528 0 46031706 19.804860
-Trial 529 0 46031706 19.807505
-Trial 530 0 46031706 19.816047
-Trial 531 0 46031706 19.940326
-Trial 532 0 46031706 19.952069
-Trial 533 0 46031706 20.020718
-Trial 534 0 46031706 20.072906
-Trial 535 0 46031706 20.083059
-Trial 536 0 46031706 20.102625
-Trial 537 0 46031706 20.112006
-Trial 538 0 46031706 20.118108
* 539: Cost = 0_45987184, Time = 17.80 sec. 
-Trial 539 0 45987184 20.184245
-Trial 540 0 45987184 20.197211
-Trial 541 0 45987184 20.211581
-Trial 542 0 45987184 20.240506
-Trial 543 0 45987184 20.246171
-Trial 544 0 45987184 20.259275
-Trial 545 0 45987184 20.272607
-Trial 546 0 45987184 20.275163
* 547: Cost = 0_45916988, Time = 17.91 sec. 
-Trial 547 0 45916988 20.287842
-Trial 548 0 45916988 20.295578
-Trial 549 0 45916988 20.304828
-Trial 550 0 45916988 20.310261
-Trial 551 0 45916988 20.337203
-Trial 552 0 45916988 20.357043
-Trial 553 0 45916988 20.360587
-Trial 554 0 45916988 20.394810
* 555: Cost = 0_45876768, Time = 18.06 sec. 
-Trial 555 0 45876768 20.436363
-Trial 556 0 45876768 20.443456
-Trial 557 0 45876768 20.459868
-Trial 558 0 45876768 20.463812
-Trial 559 0 45876768 20.465327
-Trial 560 0 45876768 20.476847
-Trial 561 0 45876768 20.489023
-Trial 562 0 45876768 20.496296
-Trial 563 0 45876768 20.496876
-Trial 564 0 45876768 20.508760
-Trial 565 0 45876768 20.578528
-Trial 566 0 45876768 20.597623
-Trial 567 0 45876768 20.605408
-Trial 568 0 45876768 20.627043
-Trial 569 0 45876768 20.638894
-Trial 570 0 45876768 20.660799
-Trial 571 0 45876768 20.667129
-Trial 572 0 45876768 20.667637
-Trial 573 0 45876768 20.689578
-Trial 574 0 45876768 20.704622
-Trial 575 0 45876768 20.718111
-Trial 576 0 45876768 20.734806
-Trial 577 0 45876768 20.776725
-Trial 578 0 45876768 20.801112
-Trial 579 0 45876768 20.814964
-Trial 580 0 45876768 20.851849
* 581: Cost = 0_45859527, Time = 18.48 sec. 
-Trial 581 0 45859527 20.858938
-Trial 582 0 45859527 20.893223
-Trial 583 0 45859527 20.911009
-Trial 584 0 45859527 20.935760
-Trial 585 0 45859527 20.936969
-Trial 586 0 45859527 21.006429
-Trial 587 0 45859527 21.049115
-Trial 588 0 45859527 21.118278
-Trial 589 0 45859527 21.147603
-Trial 590 0 45859527 21.160488
-Trial 591 0 45859527 21.176722
-Trial 592 0 45859527 21.215724
-Trial 593 0 45859527 21.222215
-Trial 594 0 45859527 21.228272
-Trial 595 0 45859527 21.236315
-Trial 596 0 45859527 21.273817
-Trial 597 0 45859527 21.286881
-Trial 598 0 45859527 21.295614
* 599: Cost = 0_45808260, Time = 18.94 sec. 
-Trial 599 0 45808260 21.316238
-Trial 600 0 45808260 21.343602
-Trial 601 0 45808260 21.385395
-Trial 602 0 45808260 21.402395
-Trial 603 0 45808260 21.403608
-Trial 604 0 45808260 21.422213
-Trial 605 0 45808260 21.428824
-Trial 606 0 45808260 21.441335
-Trial 607 0 45808260 21.450796
-Trial 608 0 45808260 21.626632
-Trial 609 0 45808260 21.637986
-Trial 610 0 45808260 21.684450
-Trial 611 0 45808260 21.687041
-Trial 612 0 45808260 21.698953
* 613: Cost = 0_45807122, Time = 19.38 sec. 
-Trial 613 0 45807122 21.756783
-Trial 614 0 45807122 21.762600
-Trial 615 0 45807122 21.797062
-Trial 616 0 45807122 21.827573
-Trial 617 0 45807122 21.835768
-Trial 618 0 45807122 21.840266
-Trial 619 0 45807122 21.848372
-Trial 620 0 45807122 21.890786
-Trial 621 0 45807122 21.959516
* 622: Cost = 0_45803196, Time = 19.63 sec. 
-Trial 622 0 45803196 22.009460
-Trial 623 0 45803196 22.028034
-Trial 624 0 45803196 22.067894
-Trial 625 0 45803196 22.082581
-Trial 626 0 45803196 22.092808
-Trial 627 0 45803196 22.104584
-Trial 628 0 45803196 22.116677
-Trial 629 0 45803196 22.129704
-Trial 630 0 45803196 22.141864
* 631: Cost = 0_45786371, Time = 19.77 sec. 
-Trial 631 0 45786371 22.153945
-Trial 632 0 45786371 22.167479
-Trial 633 0 45786371 22.183362
-Trial 634 0 45786371 22.204981
-Trial 635 0 45786371 22.232920
-Trial 636 0 45786371 22.236483
* 637: Cost = 0_45679743, Time = 19.89 sec. 
-Trial 637 0 45679743 22.271178
-Trial 638 0 45679743 22.284278
* 639: Cost = 0_45671082, Time = 19.91 sec. 
-Trial 639 0 45671082 22.290641
-Trial 640 0 45671082 22.307126
-Trial 641 0 45671082 22.371588
-Trial 642 0 45671082 22.393474
-Trial 643 0 45671082 22.397454
-Trial 644 0 45671082 22.397984
-Trial 645 0 45671082 22.467797
-Trial 646 0 45671082 22.476609
-Trial 647 0 45671082 22.487128
* 648: Cost = 0_45643288, Time = 20.14 sec. 
-Trial 648 0 45643288 22.521095
-Trial 649 0 45643288 22.535709
-Trial 650 0 45643288 22.560900
-Trial 651 0 45643288 22.568075
-Trial 652 0 45643288 22.626872
-Trial 653 0 45643288 22.658532
-Trial 654 0 45643288 22.675200
-Trial 655 0 45643288 22.688006
-Trial 656 0 45643288 22.697617
-Trial 657 0 45643288 22.712909
-Trial 658 0 45643288 22.720079
* 659: Cost = 0_45617286, Time = 20.35 sec. 
-Trial 659 0 45617286 22.733158
-Trial 660 0 45617286 22.741496
-Trial 661 0 45617286 22.879778
-Trial 662 0 45617286 22.956531
-Trial 663 0 45617286 22.959339
* 664: Cost = 0_45600253, Time = 20.58 sec. 
-Trial 664 0 45600253 22.963713
-Trial 665 0 45600253 22.970568
-Trial 666 0 45600253 22.975798
-Trial 667 0 45600253 22.992346
-Trial 668 0 45600253 23.021537
-Trial 669 0 45600253 23.079437
-Trial 670 0 45600253 23.086396
-Trial 671 0 45600253 23.155127
-Trial 672 0 45600253 23.168877
-Trial 673 0 45600253 23.179556
-Trial 674 0 45600253 23.213446
-Trial 675 0 45600253 23.230324
-Trial 676 0 45600253 23.268993
-Trial 677 0 45600253 23.274683
* 678: Cost = 0_45590215, Time = 20.91 sec. 
-Trial 678 0 45590215 23.290179
-Trial 679 0 45590215 23.314517
-Trial 680 0 45590215 23.320297
* 681: Cost = 0_45584732, Time = 21.01 sec. 
-Trial 681 0 45584732 23.390447
-Trial 682 0 45584732 23.417541
-Trial 683 0 45584732 23.442402
* 684: Cost = 0_45552493, Time = 21.10 sec. 
-Trial 684 0 45552493 23.476885
-Trial 685 0 45552493 23.479968
* 686: Cost = 0_45489369, Time = 21.11 sec. 
-Trial 686 0 45489369 23.486525
-Trial 687 0 45489369 23.525225
-Trial 688 0 45489369 23.533683
-Trial 689 0 45489369 23.558530
-Trial 690 0 45489369 23.561363
-Trial 691 0 45489369 23.565193
-Trial 692 0 45489369 23.579257
-Trial 693 0 45489369 23.649768
-Trial 694 0 45489369 23.664599
-Trial 695 0 45489369 23.721603
-Trial 696 0 45489369 23.741213
-Trial 697 0 45489369 23.762394
-Trial 698 0 45489369 23.771555
-Trial 699 0 45489369 23.780356
-Trial 700 0 45489369 23.782405
-Trial 701 0 45489369 23.782816
-Trial 702 0 45489369 23.828575
-Trial 703 0 45489369 23.888316
* 704: Cost = 0_45436314, Time = 21.57 sec. 
-Trial 704 0 45436314 23.947000
-Trial 705 0 45436314 23.999184
-Trial 706 0 45436314 24.024301
-Trial 707 0 45436314 24.086186
-Trial 708 0 45436314 24.144328
-Trial 709 0 45436314 24.165878
-Trial 710 0 45436314 24.175825
-Trial 711 0 45436314 24.267401
-Trial 712 0 45436314 24.275987
-Trial 713 0 45436314 24.287622
-Trial 714 0 45436314 24.292479
-Trial 715 0 45436314 24.343516
-Trial 716 0 45436314 24.390596
-Trial 717 0 45436314 24.432435
-Trial 718 0 45436314 24.439776
-Trial 719 0 45436314 24.440473
-Trial 720 0 45436314 24.501161
-Trial 721 0 45436314 24.546599
-Trial 722 0 45436314 24.593554
-Trial 723 0 45436314 24.608092
-Trial 724 0 45436314 24.617893
-Trial 725 0 45436314 24.646386
-Trial 726 0 45436314 24.652930
* 727: Cost = 0_45431217, Time = 22.30 sec. 
-Trial 727 0 45431217 24.684752
-Trial 728 0 45431217 24.695197
-Trial 729 0 45431217 24.701607
-Trial 730 0 45431217 24.724867
-Trial 731 0 45431217 24.735735
-Trial 732 0 45431217 24.750639
-Trial 733 0 45431217 24.769166
-Trial 734 0 45431217 24.785748
-Trial 735 0 45431217 24.791427
-Trial 736 0 45431217 24.795510
-Trial 737 0 45431217 24.862650
-Trial 738 0 45431217 24.944405
-Trial 739 0 45431217 24.963111
-Trial 740 0 45431217 24.974968
-Trial 741 0 45431217 24.983442
-Trial 742 0 45431217 25.013011
-Trial 743 0 45431217 25.013586
-Trial 744 0 45431217 25.030514
-Trial 745 0 45431217 25.054173
-Trial 746 0 45431217 25.075840
-Trial 747 0 45431217 25.086124
-Trial 748 0 45431217 25.195164
-Trial 749 0 45431217 25.206201
-Trial 750 0 45431217 25.235116
-Trial 751 0 45431217 25.265895
-Trial 752 0 45431217 25.269503
-Trial 753 0 45431217 25.371833
-Trial 754 0 45431217 25.400921
-Trial 755 0 45431217 25.411225
* 756: Cost = 0_45430780, Time = 23.03 sec. 
-Trial 756 0 45430780 25.413721
* 757: Cost = 0_45408699, Time = 23.21 sec. 
-Trial 757 0 45408699 25.587764
-Trial 758 0 45408699 25.612051
-Trial 759 0 45408699 25.671803
-Trial 760 0 45408699 25.674716
-Trial 761 0 45408699 25.682051
-Trial 762 0 45408699 25.689323
-Trial 763 0 45408699 25.711886
-Trial 764 0 45408699 25.715581
-Trial 765 0 45408699 25.728272
-Trial 766 0 45408699 25.763805
-Trial 767 0 45408699 25.810388
-Trial 768 0 45408699 25.844283
-Trial 769 0 45408699 25.862034
-Trial 770 0 45408699 25.875782
-Trial 771 0 45408699 25.879440
-Trial 772 0 45408699 25.884222
-Trial 773 0 45408699 25.902872
-Trial 774 0 45408699 25.925382
-Trial 775 0 45408699 25.960123
-Trial 776 0 45408699 25.988141
-Trial 777 0 45408699 25.991706
-Trial 778 0 45408699 25.999920
-Trial 779 0 45408699 26.043575
-Trial 780 0 45408699 26.050771
-Trial 781 0 45408699 26.066176
-Trial 782 0 45408699 26.072096
-Trial 783 0 45408699 26.118056
-Trial 784 0 45408699 26.159907
-Trial 785 0 45408699 26.167926
-Trial 786 0 45408699 26.208729
-Trial 787 0 45408699 26.232802
-Trial 788 0 45408699 26.253911
-Trial 789 0 45408699 26.306918
-Trial 790 0 45408699 26.318397
-Trial 791 0 45408699 26.322053
-Trial 792 0 45408699 26.338144
-Trial 793 0 45408699 26.339173
-Trial 794 0 45408699 26.350092
-Trial 795 0 45408699 26.422075
-Trial 796 0 45408699 26.424071
-Trial 797 0 45408699 26.433804
-Trial 798 0 45408699 26.627903
-Trial 799 0 45408699 26.633627
-Trial 800 0 45408699 26.653336
-Trial 801 0 45408699 26.673455
-Trial 802 0 45408699 26.700181
-Trial 803 0 45408699 26.742263
* 804: Cost = 0_45398162, Time = 24.39 sec. 
-Trial 804 0 45398162 26.771153
-Trial 805 0 45398162 26.808027
-Trial 806 0 45398162 26.848427
-Trial 807 0 45398162 26.862909
-Trial 808 0 45398162 26.874338
-Trial 809 0 45398162 26.899644
-Trial 810 0 45398162 26.935677
-Trial 811 0 45398162 26.938258
-Trial 812 0 45398162 26.966018
-Trial 813 0 45398162 27.007433
-Trial 814 0 45398162 27.030463
-Trial 815 0 45398162 27.049617
-Trial 816 0 45398162 27.057615
-Trial 817 0 45398162 27.104572
-Trial 818 0 45398162 27.153451
-Trial 819 0 45398162 27.164941
-Trial 820 0 45398162 27.165382
-Trial 821 0 45398162 27.173942
-Trial 822 0 45398162 27.206326
* 823: Cost = 0_45392696, Time = 24.84 sec. 
-Trial 823 0 45392696 27.219698
-Trial 824 0 45392696 27.262351
-Trial 825 0 45392696 27.284370
-Trial 826 0 45392696 27.305321
-Trial 827 0 45392696 27.321372
-Trial 828 0 45392696 27.327277
-Trial 829 0 45392696 27.340951
-Trial 830 0 45392696 27.362626
-Trial 831 0 45392696 27.369949
-Trial 832 0 45392696 27.373185
-Trial 833 0 45392696 27.397502
-Trial 834 0 45392696 27.428330
-Trial 835 0 45392696 27.436462
-Trial 836 0 45392696 27.440392
-Trial 837 0 45392696 27.452546
-Trial 838 0 45392696 27.469567
-Trial 839 0 45392696 27.493733
-Trial 840 0 45392696 27.517995
-Trial 841 0 45392696 27.564203
-Trial 842 0 45392696 27.663437
-Trial 843 0 45392696 27.768736
-Trial 844 0 45392696 27.780379
* 845: Cost = 0_45330490, Time = 25.41 sec. 
-Trial 845 0 45330490 27.791107
-Trial 846 0 45330490 27.816738
-Trial 847 0 45330490 27.917050
-Trial 848 0 45330490 27.947831
-Trial 849 0 45330490 27.966215
* 850: Cost = 0_45291745, Time = 25.62 sec. 
-Trial 850 0 45291745 28.003461
-Trial 851 0 45291745 28.008390
-Trial 852 0 45291745 28.027689
-Trial 853 0 45291745 28.032839
-Trial 854 0 45291745 28.046510
-Trial 855 0 45291745 28.145988
-Trial 856 0 45291745 28.146476
-Trial 857 0 45291745 28.159026
-Trial 858 0 45291745 28.180600
-Trial 859 0 45291745 28.184643
-Trial 860 0 45291745 28.210126
-Trial 861 0 45291745 28.216584
-Trial 862 0 45291745 28.221985
-Trial 863 0 45291745 28.232013
-Trial 864 0 45291745 28.302501
-Trial 865 0 45291745 28.315689
-Trial 866 0 45291745 28.326921
-Trial 867 0 45291745 28.342922
-Trial 868 0 45291745 28.355863
-Trial 869 0 45291745 28.421205
-Trial 870 0 45291745 28.450707
-Trial 871 0 45291745 28.453159
-Trial 872 0 45291745 28.474373
* 873: Cost = 0_45279618, Time = 26.16 sec. 
-Trial 873 0 45279618 28.544031
-Trial 874 0 45279618 28.561093
-Trial 875 0 45279618 28.572924
-Trial 876 0 45279618 28.578573
-Trial 877 0 45279618 28.589743
-Trial 878 0 45279618 28.591334
-Trial 879 0 45279618 28.721597
-Trial 880 0 45279618 28.725342
-Trial 881 0 45279618 28.729131
-Trial 882 0 45279618 28.748230
-Trial 883 0 45279618 28.750056
-Trial 884 0 45279618 28.759840
-Trial 885 0 45279618 28.811637
-Trial 886 0 45279618 28.854147
-Trial 887 0 45279618 28.879402
-Trial 888 0 45279618 28.892738
-Trial 889 0 45279618 28.926071
-Trial 890 0 45279618 28.976202
-Trial 891 0 45279618 29.000128
-Trial 892 0 45279618 29.023592
-Trial 893 0 45279618 29.039206
-Trial 894 0 45279618 29.082382
-Trial 895 0 45279618 29.090800
-Trial 896 0 45279618 29.106169
-Trial 897 0 45279618 29.126326
-Trial 898 0 45279618 29.159969
* 899: Cost = 0_45225564, Time = 26.84 sec. 
-Trial 899 0 45225564 29.218448
-Trial 900 0 45225564 29.224823
-Trial 901 0 45225564 29.270050
* 902: Cost = 0_45223951, Time = 26.91 sec. 
-Trial 902 0 45223951 29.290509
-Trial 903 0 45223951 29.298219
-Trial 904 0 45223951 29.312581
-Trial 905 0 45223951 29.330461
-Trial 906 0 45223951 29.352389
-Trial 907 0 45223951 29.383377
-Trial 908 0 45223951 29.384290
-Trial 909 0 45223951 29.386660
-Trial 910 0 45223951 29.408453
* 911: Cost = 0_45222622, Time = 27.08 sec. 
-Trial 911 0 45222622 29.463262
-Trial 912 0 45222622 29.468211
-Trial 913 0 45222622 29.481977
-Trial 914 0 45222622 29.512103
-Trial 915 0 45222622 29.527194
-Trial 916 0 45222622 29.530720
-Trial 917 0 45222622 29.563951
-Trial 918 0 45222622 29.593251
-Trial 919 0 45222622 29.602866
-Trial 920 0 45222622 29.613756
-Trial 921 0 45222622 29.620221
-Trial 922 0 45222622 29.639658
-Trial 923 0 45222622 29.672962
-Trial 924 0 45222622 29.702845
-Trial 925 0 45222622 29.720873
-Trial 926 0 45222622 29.733229
-Trial 927 0 45222622 29.745788
-Trial 928 0 45222622 29.751941
-Trial 929 0 45222622 29.837054
-Trial 930 0 45222622 29.988180
-Trial 931 0 45222622 29.999757
-Trial 932 0 45222622 30.045068
-Trial 933 0 45222622 30.100886
-Trial 934 0 45222622 30.132763
-Trial 935 0 45222622 30.140039
-Trial 936 0 45222622 30.152714
-Trial 937 0 45222622 30.161770
-Trial 938 0 45222622 30.164323
-Trial 939 0 45222622 30.189887
-Trial 940 0 45222622 30.208861
-Trial 941 0 45222622 30.220322
-Trial 942 0 45222622 30.259584
-Trial 943 0 45222622 30.295366
-Trial 944 0 45222622 30.301900
-Trial 945 0 45222622 30.327313
-Trial 946 0 45222622 30.351453
-Trial 947 0 45222622 30.354857
-Trial 948 0 45222622 30.381208
-Trial 949 0 45222622 30.391798
-Trial 950 0 45222622 30.412748
-Trial 951 0 45222622 30.420544
-Trial 952 0 45222622 30.461155
-Trial 953 0 45222622 30.479153
-Trial 954 0 45222622 30.491028
-Trial 955 0 45222622 30.507127
-Trial 956 0 45222622 30.510009
-Trial 957 0 45222622 30.524057
-Trial 958 0 45222622 30.653154
-Trial 959 0 45222622 30.657611
-Trial 960 0 45222622 30.676968
-Trial 961 0 45222622 30.760568
-Trial 962 0 45222622 30.798942
-Trial 963 0 45222622 30.802505
-Trial 964 0 45222622 30.862848
-Trial 965 0 45222622 30.932825
-Trial 966 0 45222622 31.038755
-Trial 967 0 45222622 31.041947
-Trial 968 0 45222622 31.077801
-Trial 969 0 45222622 31.083014
-Trial 970 0 45222622 31.085676
-Trial 971 0 45222622 31.104244
-Trial 972 0 45222622 31.111122
-Trial 973 0 45222622 31.128156
-Trial 974 0 45222622 31.133006
-Trial 975 0 45222622 31.156857
-Trial 976 0 45222622 31.161940
-Trial 977 0 45222622 31.165705
-Trial 978 0 45222622 31.175364
-Trial 979 0 45222622 31.195896
-Trial 980 0 45222622 31.197908
-Trial 981 0 45222622 31.205905
-Trial 982 0 45222622 31.216454
-Trial 983 0 45222622 31.247345
-Trial 984 0 45222622 31.310694
-Trial 985 0 45222622 31.415853
-Trial 986 0 45222622 31.431141
-Trial 987 0 45222622 31.453674
-Trial 988 0 45222622 31.461705
* 989: Cost = 0_45197653, Time = 29.09 sec. 
-Trial 989 0 45197653 31.467500
-Trial 990 0 45197653 31.531033
-Trial 991 0 45197653 31.561564
-Trial 992 0 45197653 31.626914
-Trial 993 0 45197653 31.635293
-Trial 994 0 45197653 31.669314
-Trial 995 0 45197653 31.677231
-Trial 996 0 45197653 31.692413
-Trial 997 0 45197653 31.724373
-Trial 998 0 45197653 31.793919
-Trial 999 0 45197653 31.863564
-Trial 1000 0 45197653 31.869047
Population:
  1: 0_45197653
Run 1: Cost = 0_45197653, Time = 29.49 sec. 

Successes/Runs = 0/1 
Cost.min = 45197653, Cost.avg = 45197653.00, Cost.max = 45197653
Gap.min = 0.0000%, Gap.avg = 0.0000%, Gap.max = 0.0000%
Penalty.min = 0, Penalty.avg = 0.00, Penalty.max = 0
Trials.min = 1000, Trials.avg = 1000.0, Trials.max = 1000
Time.min = 29.49 sec., Time.avg = 29.49 sec., Time.max = 29.49 sec.
Time.total = 31.87 sec.
  Size.min = 13, Size.max = 36, Penalty = 0
  Cost.min = 1207489, Cost.max = 4037726, Cost.sum = 45197653
Best CVRPTW solution:
  Cost = 0_45197653
203 1 483 86 278 415 389 22 333 162 494 497 458 28 58 30 164 252 181 391 71 47 502 233 108 109 436 332 178 468 331 231 320 40 275 147 184 27 390 482 506 51 136 188 457 186 158 101 126 38 124 417 371 425 37 445 11 488 340 215 359 486 380 519 344 74 388 13 216 370 33 327 368 257 44 223 466 63 16 145 409 495 286 137 451 419 313 288 374 427 357 211 41 413 418 198 115 319 520 29 32 393 105 72 67 392 325 62 499 397 394 367 508 132 277 283 83 296 88 476 197 232 205 309 120 167 202 207 450 3 238 241 271 386 297 96 432 339 225 513 68 172 424 200 15 254 477 270 255 85 159 139 251 358 334 236 129 361 438 414 491 362 285 193 395 338 324 402 266 227 210 220 104 82 92 152 509 114 148 182 245 221 481 226 485 343 304 93 310 289 228 163 173 269 349 12 103 90 351 208 412 294 157 209 356 180 144 471 516 214 235 6 464 273 78 369 337 171 429 150 474 492 194 510 290 36 130 426 243 259 500 430 410 138 462 170 113 49 48 55 373 326 97 363 364 490 234 352 511 42 493 439 307 447 446 276 416 84 240 89 21 400 169 300 175 195 489 125 127 421 305 246 406 316 262 59 253 317 56 505 244 282 155 435 459 110 460 354 75 478 206 383 45 260 31 135 160 431 308 315 79 407 204 292 131 381 128 121 176 452 507 346 34 165 43 156 53 408 140 25 321 161 353 456 487 134 35 192 360 501 396 475 76 295 403 291 298 50 20 280 133 504 480 455 348 26 355 372 428 102 153 448 151 303 350 9 248 4 272 311 336 230 256 302 142 212 518 479 2 189 242 7 77 70 264 213 454 52 301 119 98 284 441 141 345 263 224 8 440 183 261 312 512 473 472 434 268 423 66 112 347 467 61 179 123 239 18 177 14 146 399 199 379 23 328 64 149 411 517 229 314 299 190 95 57 107 365 81 342 54 437 267 469 143 191 122 5 366 377 217 166 237 118 422 378 219 515 24 94 404 168 185 470 433 196 498 401 106 449 382 201 60 463 222 461 17 503 387 398 187 247 420 442 69 19 250 293 384 10 444 111 375 318 265 496 385 376 279 484 453 87 405 218 443 117 514 322 65 465 91 99 100 116 287 258 329 306 341 73 330 174 281 323 335 274 39 154 249 46 80 203 
