PARAMETER_FILE = result/cvrptw_500/LKH_para/583.para
Reading PROBLEM_FILE: "result/cvrptw_500/cvrptw/583.cvrptw" ... done
ASCENT_CANDIDATES = 50
BACKBONE_TRIALS = 0
BACKTRACKING = NO
# BWTSP =
# CANDIDATE_FILE =
CANDIDATE_SET_TYPE = ALPHA
DEPOT = 1
# EDGE_FILE =
EXCESS = 0.0384615
EXTERNAL_SALESMEN = 0
EXTRA_CANDIDATES = 0 
EXTRA_CANDIDATE_SET_TYPE = QUADRANT
GAIN23 = NO
GAIN_CRITERION = YES
INITIAL_PERIOD = 520
INITIAL_STEP_SIZE = 1
INITIAL_TOUR_ALGORITHM = WALK
# INITIAL_TOUR_FILE = 
INITIAL_TOUR_FRACTION = 1.000
# INPUT_TOUR_FILE = 
KICK_TYPE = 4
KICKS = 1
# MAX_BREADTH =
MAKESPAN = NO
MAX_CANDIDATES = 5 
MAX_SWAPS = 0
MAX_TRIALS = 1000
# MERGE_TOUR_FILE =
MOVE_TYPE = 5 SPECIAL
MTSP_MIN_SIZE = 1
MTSP_MAX_SIZE = 1039
# MTSP_SOLUTION_FILE = 
# NONSEQUENTIAL_MOVE_TYPE = 5
# OPTIMUM =
# OUTPUT_TOUR_FILE = 
PATCHING_A = 1 
PATCHING_C = 0 
# PI_FILE = 
POPMUSIC_INITIAL_TOUR = NO
POPMUSIC_MAX_NEIGHBORS = 5
POPMUSIC_SAMPLE_SIZE = 10
POPMUSIC_SOLUTIONS = 50
POPMUSIC_TRIALS = 1
POPULATION_SIZE = 10
PRECISION = 100
PROBLEM_FILE = result/cvrptw_500/cvrptw/583.cvrptw
RECOMBINATION = IPT
RESTRICTED_SEARCH = YES
RUNS = 1
SALESMEN = 20
SCALE = 1
SEED = 1234
# SINTEF_SOLUTION_FILE = 
STOP_AT_OPTIMUM = YES
SUBGRADIENT = YES
# SUBPROBLEM_SIZE =
# SUBPROBLEM_TOUR_FILE = 
SUBSEQUENT_MOVE_TYPE = 5 SPECIAL
SUBSEQUENT_PATCHING = YES
# TIME_LIMIT =
# TOUR_FILE = 
TRACE_LEVEL = 1
VEHICLES = 20

Lower bound = 22881958.7, Ascent time = 2.32 sec.
Cand.min = 5, Cand.avg = 5.0, Cand.max = 5
Edges.fixed = 520 [Cost = 0]
Preprocessing time = 2.40 sec.
* 1: Cost = 180350_53886609, Time = 4.66 sec. 
-Trial 1 180350 53886609 7.066232
* 2: Cost = 180350_53510464, Time = 4.90 sec. 
-Trial 2 180350 53510464 7.305630
* 3: Cost = 180350_52902803, Time = 5.16 sec. 
-Trial 3 180350 52902803 7.570422
* 4: Cost = 180350_52323659, Time = 5.26 sec. 
-Trial 4 180350 52323659 7.670287
* 5: Cost = 180350_52135129, Time = 5.31 sec. 
-Trial 5 180350 52135129 7.721274
-Trial 6 180350 52135129 7.755079
* 7: Cost = 180350_51995796, Time = 5.43 sec. 
-Trial 7 180350 51995796 7.835297
-Trial 8 180350 51995796 7.906640
-Trial 9 180350 51995796 8.035110
-Trial 10 180350 51995796 8.101505
-Trial 11 180350 51995796 8.345051
* 12: Cost = 180350_51921408, Time = 5.97 sec. 
-Trial 12 180350 51921408 8.375858
* 13: Cost = 180350_51699819, Time = 6.15 sec. 
-Trial 13 180350 51699819 8.561464
-Trial 14 180350 51699819 8.626187
* 15: Cost = 180350_51152415, Time = 6.30 sec. 
-Trial 15 180350 51152415 8.712422
-Trial 16 180350 51152415 8.782731
* 17: Cost = 180350_51072971, Time = 6.49 sec. 
-Trial 17 180350 51072971 8.898687
* 18: Cost = 180350_50899163, Time = 6.55 sec. 
-Trial 18 180350 50899163 8.958197
* 19: Cost = 180350_50898925, Time = 6.60 sec. 
-Trial 19 180350 50898925 9.011451
-Trial 20 180350 50898925 9.243424
* 21: Cost = 180350_50733136, Time = 6.87 sec. 
-Trial 21 180350 50733136 9.282567
* 22: Cost = 180350_50715968, Time = 7.04 sec. 
-Trial 22 180350 50715968 9.452845
-Trial 23 180350 50715968 9.540829
* 24: Cost = 0_51099474, Time = 7.23 sec. 
-Trial 24 0 51099474 9.634540
* 25: Cost = 0_50940692, Time = 7.25 sec. 
-Trial 25 0 50940692 9.658741
-Trial 26 0 50940692 9.662242
* 27: Cost = 0_50868981, Time = 7.35 sec. 
-Trial 27 0 50868981 9.755183
* 28: Cost = 0_50719637, Time = 7.36 sec. 
-Trial 28 0 50719637 9.765290
-Trial 29 0 50719637 9.765814
-Trial 30 0 50719637 9.889464
* 31: Cost = 0_50648090, Time = 7.50 sec. 
-Trial 31 0 50648090 9.905360
-Trial 32 0 50648090 9.927912
-Trial 33 0 50648090 9.952750
-Trial 34 0 50648090 10.003217
-Trial 35 0 50648090 10.055186
-Trial 36 0 50648090 10.068151
* 37: Cost = 0_50587366, Time = 7.66 sec. 
-Trial 37 0 50587366 10.072378
* 38: Cost = 0_50426099, Time = 7.69 sec. 
-Trial 38 0 50426099 10.097370
-Trial 39 0 50426099 10.171843
* 40: Cost = 0_50174859, Time = 7.84 sec. 
-Trial 40 0 50174859 10.251688
-Trial 41 0 50174859 10.287756
-Trial 42 0 50174859 10.293066
-Trial 43 0 50174859 10.329012
* 44: Cost = 0_50133806, Time = 7.93 sec. 
-Trial 44 0 50133806 10.341380
* 45: Cost = 0_50056104, Time = 7.96 sec. 
-Trial 45 0 50056104 10.363822
-Trial 46 0 50056104 10.436366
* 47: Cost = 0_49958551, Time = 8.04 sec. 
-Trial 47 0 49958551 10.448230
-Trial 48 0 49958551 10.466352
* 49: Cost = 0_49935240, Time = 8.07 sec. 
-Trial 49 0 49935240 10.480094
* 50: Cost = 0_49890768, Time = 8.09 sec. 
-Trial 50 0 49890768 10.495042
-Trial 51 0 49890768 10.531641
-Trial 52 0 49890768 10.536552
* 53: Cost = 0_49814000, Time = 8.17 sec. 
-Trial 53 0 49814000 10.580779
-Trial 54 0 49814000 10.618541
* 55: Cost = 0_49031029, Time = 8.23 sec. 
-Trial 55 0 49031029 10.641962
-Trial 56 0 49031029 10.649025
-Trial 57 0 49031029 10.650914
-Trial 58 0 49031029 10.662378
-Trial 59 0 49031029 10.684177
-Trial 60 0 49031029 10.694855
-Trial 61 0 49031029 10.720155
-Trial 62 0 49031029 10.806445
* 63: Cost = 0_49011217, Time = 8.43 sec. 
-Trial 63 0 49011217 10.842850
-Trial 64 0 49011217 10.923799
-Trial 65 0 49011217 10.951597
-Trial 66 0 49011217 10.966261
-Trial 67 0 49011217 10.996709
-Trial 68 0 49011217 11.001151
-Trial 69 0 49011217 11.015747
-Trial 70 0 49011217 11.028144
-Trial 71 0 49011217 11.041998
* 72: Cost = 0_49005565, Time = 8.64 sec. 
-Trial 72 0 49005565 11.047048
-Trial 73 0 49005565 11.087579
-Trial 74 0 49005565 11.127686
* 75: Cost = 0_48965757, Time = 8.80 sec. 
-Trial 75 0 48965757 11.213343
* 76: Cost = 0_48955241, Time = 8.84 sec. 
-Trial 76 0 48955241 11.248408
-Trial 77 0 48955241 11.260626
-Trial 78 0 48955241 11.298749
-Trial 79 0 48955241 11.356854
-Trial 80 0 48955241 11.538300
-Trial 81 0 48955241 11.548913
* 82: Cost = 0_48866206, Time = 9.16 sec. 
-Trial 82 0 48866206 11.568216
-Trial 83 0 48866206 11.628201
-Trial 84 0 48866206 11.679585
* 85: Cost = 0_48725615, Time = 9.28 sec. 
-Trial 85 0 48725615 11.691516
-Trial 86 0 48725615 11.784855
* 87: Cost = 0_48722966, Time = 9.43 sec. 
-Trial 87 0 48722966 11.835375
-Trial 88 0 48722966 11.836538
* 89: Cost = 0_48551124, Time = 9.44 sec. 
-Trial 89 0 48551124 11.850239
* 90: Cost = 0_48492877, Time = 9.46 sec. 
-Trial 90 0 48492877 11.868532
* 91: Cost = 0_48012834, Time = 9.57 sec. 
-Trial 91 0 48012834 11.973577
-Trial 92 0 48012834 11.978958
-Trial 93 0 48012834 12.002707
-Trial 94 0 48012834 12.020212
-Trial 95 0 48012834 12.029215
* 96: Cost = 0_47773422, Time = 9.67 sec. 
-Trial 96 0 47773422 12.074662
* 97: Cost = 0_47682191, Time = 9.71 sec. 
-Trial 97 0 47682191 12.114851
-Trial 98 0 47682191 12.147973
* 99: Cost = 0_47642404, Time = 9.92 sec. 
-Trial 99 0 47642404 12.327300
-Trial 100 0 47642404 12.336806
* 101: Cost = 0_47581510, Time = 9.93 sec. 
-Trial 101 0 47581510 12.343153
-Trial 102 0 47581510 12.352007
-Trial 103 0 47581510 12.575779
* 104: Cost = 0_47484950, Time = 10.18 sec. 
-Trial 104 0 47484950 12.591580
-Trial 105 0 47484950 12.644062
-Trial 106 0 47484950 12.653777
-Trial 107 0 47484950 12.730581
-Trial 108 0 47484950 12.845181
-Trial 109 0 47484950 12.858739
-Trial 110 0 47484950 12.880214
* 111: Cost = 0_47391977, Time = 10.55 sec. 
-Trial 111 0 47391977 12.956105
-Trial 112 0 47391977 12.994310
-Trial 113 0 47391977 12.999320
-Trial 114 0 47391977 13.011589
-Trial 115 0 47391977 13.061441
-Trial 116 0 47391977 13.071749
-Trial 117 0 47391977 13.086547
-Trial 118 0 47391977 13.204726
-Trial 119 0 47391977 13.217115
* 120: Cost = 0_47243658, Time = 10.81 sec. 
-Trial 120 0 47243658 13.222923
-Trial 121 0 47243658 13.227170
-Trial 122 0 47243658 13.247404
-Trial 123 0 47243658 13.317372
-Trial 124 0 47243658 13.321482
-Trial 125 0 47243658 13.328609
-Trial 126 0 47243658 13.367260
* 127: Cost = 0_47096158, Time = 10.98 sec. 
-Trial 127 0 47096158 13.392587
-Trial 128 0 47096158 13.419116
-Trial 129 0 47096158 13.430972
-Trial 130 0 47096158 13.455708
-Trial 131 0 47096158 13.475725
-Trial 132 0 47096158 13.489799
-Trial 133 0 47096158 13.514133
-Trial 134 0 47096158 13.551409
-Trial 135 0 47096158 13.582741
* 136: Cost = 0_46903325, Time = 11.22 sec. 
-Trial 136 0 46903325 13.626857
-Trial 137 0 46903325 13.649954
-Trial 138 0 46903325 13.656253
-Trial 139 0 46903325 13.703586
-Trial 140 0 46903325 13.779983
-Trial 141 0 46903325 13.790024
-Trial 142 0 46903325 13.795903
-Trial 143 0 46903325 13.798496
-Trial 144 0 46903325 13.819676
-Trial 145 0 46903325 13.830938
* 146: Cost = 0_46872963, Time = 11.45 sec. 
-Trial 146 0 46872963 13.853894
-Trial 147 0 46872963 13.859447
-Trial 148 0 46872963 13.872361
* 149: Cost = 0_46836355, Time = 11.48 sec. 
-Trial 149 0 46836355 13.883841
-Trial 150 0 46836355 14.012437
* 151: Cost = 0_46706553, Time = 11.61 sec. 
-Trial 151 0 46706553 14.021698
-Trial 152 0 46706553 14.032973
-Trial 153 0 46706553 14.133286
-Trial 154 0 46706553 14.180204
-Trial 155 0 46706553 14.204217
* 156: Cost = 0_46679839, Time = 11.83 sec. 
-Trial 156 0 46679839 14.239838
* 157: Cost = 0_46656132, Time = 11.85 sec. 
-Trial 157 0 46656132 14.255644
-Trial 158 0 46656132 14.329541
-Trial 159 0 46656132 14.371824
-Trial 160 0 46656132 14.434760
-Trial 161 0 46656132 14.436530
-Trial 162 0 46656132 14.522266
-Trial 163 0 46656132 14.533525
* 164: Cost = 0_46618298, Time = 12.23 sec. 
-Trial 164 0 46618298 14.640697
-Trial 165 0 46618298 14.707021
-Trial 166 0 46618298 14.753294
-Trial 167 0 46618298 14.869373
-Trial 168 0 46618298 14.902917
* 169: Cost = 0_46580807, Time = 12.50 sec. 
-Trial 169 0 46580807 14.909611
-Trial 170 0 46580807 14.960064
-Trial 171 0 46580807 14.966398
-Trial 172 0 46580807 14.973006
* 173: Cost = 0_46547736, Time = 12.58 sec. 
-Trial 173 0 46547736 14.992661
-Trial 174 0 46547736 15.081939
-Trial 175 0 46547736 15.145838
-Trial 176 0 46547736 15.159286
* 177: Cost = 0_46511619, Time = 12.81 sec. 
-Trial 177 0 46511619 15.217127
-Trial 178 0 46511619 15.229039
-Trial 179 0 46511619 15.281693
* 180: Cost = 0_46501554, Time = 12.89 sec. 
-Trial 180 0 46501554 15.301363
* 181: Cost = 0_46440151, Time = 12.90 sec. 
-Trial 181 0 46440151 15.312101
-Trial 182 0 46440151 15.594102
-Trial 183 0 46440151 15.612224
-Trial 184 0 46440151 15.653576
-Trial 185 0 46440151 15.658674
* 186: Cost = 0_46251128, Time = 13.26 sec. 
-Trial 186 0 46251128 15.672367
-Trial 187 0 46251128 15.692963
* 188: Cost = 0_46210714, Time = 13.31 sec. 
-Trial 188 0 46210714 15.718233
* 189: Cost = 0_46151780, Time = 13.39 sec. 
-Trial 189 0 46151780 15.797966
-Trial 190 0 46151780 15.829536
-Trial 191 0 46151780 15.837891
-Trial 192 0 46151780 15.851206
-Trial 193 0 46151780 15.862878
-Trial 194 0 46151780 15.865077
-Trial 195 0 46151780 15.902449
-Trial 196 0 46151780 15.914083
-Trial 197 0 46151780 15.925380
-Trial 198 0 46151780 16.003282
-Trial 199 0 46151780 16.020265
-Trial 200 0 46151780 16.030395
-Trial 201 0 46151780 16.033605
-Trial 202 0 46151780 16.048003
-Trial 203 0 46151780 16.072680
-Trial 204 0 46151780 16.075771
-Trial 205 0 46151780 16.105223
* 206: Cost = 0_46137003, Time = 13.75 sec. 
-Trial 206 0 46137003 16.154009
-Trial 207 0 46137003 16.164447
-Trial 208 0 46137003 16.165351
-Trial 209 0 46137003 16.174176
-Trial 210 0 46137003 16.199913
-Trial 211 0 46137003 16.213252
-Trial 212 0 46137003 16.214740
-Trial 213 0 46137003 16.227428
* 214: Cost = 0_46054238, Time = 13.86 sec. 
-Trial 214 0 46054238 16.271270
* 215: Cost = 0_46030500, Time = 13.88 sec. 
-Trial 215 0 46030500 16.287261
-Trial 216 0 46030500 16.302105
-Trial 217 0 46030500 16.308180
-Trial 218 0 46030500 16.342099
-Trial 219 0 46030500 16.382861
-Trial 220 0 46030500 16.412765
* 221: Cost = 0_45937417, Time = 14.04 sec. 
-Trial 221 0 45937417 16.452947
* 222: Cost = 0_45884289, Time = 14.16 sec. 
-Trial 222 0 45884289 16.572623
* 223: Cost = 0_45874065, Time = 14.17 sec. 
-Trial 223 0 45874065 16.582480
-Trial 224 0 45874065 16.598671
-Trial 225 0 45874065 16.620229
* 226: Cost = 0_45647548, Time = 14.31 sec. 
-Trial 226 0 45647548 16.717154
-Trial 227 0 45647548 16.735579
-Trial 228 0 45647548 16.745555
-Trial 229 0 45647548 16.841506
-Trial 230 0 45647548 16.852534
-Trial 231 0 45647548 16.863501
-Trial 232 0 45647548 16.870780
-Trial 233 0 45647548 16.893448
-Trial 234 0 45647548 16.905486
-Trial 235 0 45647548 16.941711
-Trial 236 0 45647548 16.987514
-Trial 237 0 45647548 17.016781
-Trial 238 0 45647548 17.045956
-Trial 239 0 45647548 17.111535
* 240: Cost = 0_45639510, Time = 14.75 sec. 
-Trial 240 0 45639510 17.158500
-Trial 241 0 45639510 17.166158
-Trial 242 0 45639510 17.183861
-Trial 243 0 45639510 17.210287
-Trial 244 0 45639510 17.231596
-Trial 245 0 45639510 17.311919
-Trial 246 0 45639510 17.324146
-Trial 247 0 45639510 17.355170
* 248: Cost = 0_45549370, Time = 14.98 sec. 
-Trial 248 0 45549370 17.383649
-Trial 249 0 45549370 17.401787
-Trial 250 0 45549370 17.482179
-Trial 251 0 45549370 17.500407
* 252: Cost = 0_45385500, Time = 15.16 sec. 
-Trial 252 0 45385500 17.568937
-Trial 253 0 45385500 17.580004
-Trial 254 0 45385500 17.688964
-Trial 255 0 45385500 17.724412
-Trial 256 0 45385500 17.737763
-Trial 257 0 45385500 17.785270
-Trial 258 0 45385500 17.790103
-Trial 259 0 45385500 17.794536
* 260: Cost = 0_45360466, Time = 15.42 sec. 
-Trial 260 0 45360466 17.826924
-Trial 261 0 45360466 18.094757
-Trial 262 0 45360466 18.107483
-Trial 263 0 45360466 18.152001
-Trial 264 0 45360466 18.159803
-Trial 265 0 45360466 18.173918
-Trial 266 0 45360466 18.177778
-Trial 267 0 45360466 18.211366
-Trial 268 0 45360466 18.220167
-Trial 269 0 45360466 18.221769
-Trial 270 0 45360466 18.332080
-Trial 271 0 45360466 18.375698
-Trial 272 0 45360466 18.399945
* 273: Cost = 0_45329242, Time = 16.00 sec. 
-Trial 273 0 45329242 18.412338
* 274: Cost = 0_45301594, Time = 16.02 sec. 
-Trial 274 0 45301594 18.424982
* 275: Cost = 0_45202385, Time = 16.03 sec. 
-Trial 275 0 45202385 18.437294
-Trial 276 0 45202385 18.445783
* 277: Cost = 0_45156575, Time = 16.05 sec. 
-Trial 277 0 45156575 18.462179
-Trial 278 0 45156575 18.540822
-Trial 279 0 45156575 18.556398
-Trial 280 0 45156575 18.557749
-Trial 281 0 45156575 18.592986
-Trial 282 0 45156575 18.675971
-Trial 283 0 45156575 18.708455
-Trial 284 0 45156575 18.726846
-Trial 285 0 45156575 18.731837
* 286: Cost = 0_45076541, Time = 16.33 sec. 
-Trial 286 0 45076541 18.735916
-Trial 287 0 45076541 18.750488
-Trial 288 0 45076541 18.783493
-Trial 289 0 45076541 18.806760
-Trial 290 0 45076541 18.838281
-Trial 291 0 45076541 18.841238
-Trial 292 0 45076541 18.847789
-Trial 293 0 45076541 18.860844
-Trial 294 0 45076541 18.888253
-Trial 295 0 45076541 18.908426
-Trial 296 0 45076541 19.001248
-Trial 297 0 45076541 19.036300
-Trial 298 0 45076541 19.045015
-Trial 299 0 45076541 19.048134
-Trial 300 0 45076541 19.063202
-Trial 301 0 45076541 19.097329
-Trial 302 0 45076541 19.101023
-Trial 303 0 45076541 19.109720
-Trial 304 0 45076541 19.118624
-Trial 305 0 45076541 19.120523
-Trial 306 0 45076541 19.139566
-Trial 307 0 45076541 19.179171
-Trial 308 0 45076541 19.226985
-Trial 309 0 45076541 19.228956
-Trial 310 0 45076541 19.339582
-Trial 311 0 45076541 19.373272
-Trial 312 0 45076541 19.386375
-Trial 313 0 45076541 19.386781
-Trial 314 0 45076541 19.418036
-Trial 315 0 45076541 19.421478
-Trial 316 0 45076541 19.441050
-Trial 317 0 45076541 19.507733
-Trial 318 0 45076541 19.527121
-Trial 319 0 45076541 19.532881
-Trial 320 0 45076541 19.553725
-Trial 321 0 45076541 19.657747
-Trial 322 0 45076541 19.683638
-Trial 323 0 45076541 19.687779
-Trial 324 0 45076541 19.691056
-Trial 325 0 45076541 19.695694
-Trial 326 0 45076541 19.727109
-Trial 327 0 45076541 19.751123
-Trial 328 0 45076541 19.793002
-Trial 329 0 45076541 19.855178
-Trial 330 0 45076541 19.859168
-Trial 331 0 45076541 19.882916
-Trial 332 0 45076541 19.926267
-Trial 333 0 45076541 19.941259
-Trial 334 0 45076541 19.988910
-Trial 335 0 45076541 20.001939
-Trial 336 0 45076541 20.010652
-Trial 337 0 45076541 20.041557
-Trial 338 0 45076541 20.110401
-Trial 339 0 45076541 20.140836
-Trial 340 0 45076541 20.160157
-Trial 341 0 45076541 20.161128
-Trial 342 0 45076541 20.192275
-Trial 343 0 45076541 20.195844
-Trial 344 0 45076541 20.236631
-Trial 345 0 45076541 20.259563
-Trial 346 0 45076541 20.264600
-Trial 347 0 45076541 20.268585
-Trial 348 0 45076541 20.272734
-Trial 349 0 45076541 20.283139
-Trial 350 0 45076541 20.308731
-Trial 351 0 45076541 20.326871
-Trial 352 0 45076541 20.348435
-Trial 353 0 45076541 20.352453
-Trial 354 0 45076541 20.364836
* 355: Cost = 0_45064669, Time = 17.99 sec. 
-Trial 355 0 45064669 20.402394
-Trial 356 0 45064669 20.408367
-Trial 357 0 45064669 20.414696
-Trial 358 0 45064669 20.466605
-Trial 359 0 45064669 20.473991
-Trial 360 0 45064669 20.591655
-Trial 361 0 45064669 20.596767
-Trial 362 0 45064669 20.705721
* 363: Cost = 0_45054513, Time = 18.32 sec. 
-Trial 363 0 45054513 20.727053
-Trial 364 0 45054513 20.738937
-Trial 365 0 45054513 20.845066
-Trial 366 0 45054513 20.855671
-Trial 367 0 45054513 20.870071
-Trial 368 0 45054513 20.877947
-Trial 369 0 45054513 20.887956
-Trial 370 0 45054513 20.908145
-Trial 371 0 45054513 20.915503
-Trial 372 0 45054513 20.927113
-Trial 373 0 45054513 20.936763
-Trial 374 0 45054513 20.941419
-Trial 375 0 45054513 20.949166
-Trial 376 0 45054513 20.997978
-Trial 377 0 45054513 21.158417
-Trial 378 0 45054513 21.167048
-Trial 379 0 45054513 21.171296
-Trial 380 0 45054513 21.188375
-Trial 381 0 45054513 21.251641
-Trial 382 0 45054513 21.324864
-Trial 383 0 45054513 21.335016
-Trial 384 0 45054513 21.344941
-Trial 385 0 45054513 21.355119
-Trial 386 0 45054513 21.361272
-Trial 387 0 45054513 21.381139
-Trial 388 0 45054513 21.397316
-Trial 389 0 45054513 21.406912
-Trial 390 0 45054513 21.414499
-Trial 391 0 45054513 21.489725
-Trial 392 0 45054513 21.493814
-Trial 393 0 45054513 21.500022
-Trial 394 0 45054513 21.525913
-Trial 395 0 45054513 21.624724
-Trial 396 0 45054513 21.685391
-Trial 397 0 45054513 21.707096
-Trial 398 0 45054513 21.787625
-Trial 399 0 45054513 21.808852
-Trial 400 0 45054513 21.814364
-Trial 401 0 45054513 21.824135
-Trial 402 0 45054513 21.838142
-Trial 403 0 45054513 21.877308
-Trial 404 0 45054513 21.892764
-Trial 405 0 45054513 21.957771
-Trial 406 0 45054513 21.959133
-Trial 407 0 45054513 21.977210
-Trial 408 0 45054513 22.041186
-Trial 409 0 45054513 22.120194
-Trial 410 0 45054513 22.131669
-Trial 411 0 45054513 22.135701
-Trial 412 0 45054513 22.152643
-Trial 413 0 45054513 22.182085
-Trial 414 0 45054513 22.203102
-Trial 415 0 45054513 22.213858
-Trial 416 0 45054513 22.261830
-Trial 417 0 45054513 22.265304
-Trial 418 0 45054513 22.283416
-Trial 419 0 45054513 22.290487
-Trial 420 0 45054513 22.306026
-Trial 421 0 45054513 22.366183
-Trial 422 0 45054513 22.371599
-Trial 423 0 45054513 22.430725
-Trial 424 0 45054513 22.439241
-Trial 425 0 45054513 22.444941
-Trial 426 0 45054513 22.492999
-Trial 427 0 45054513 22.501760
-Trial 428 0 45054513 22.512243
-Trial 429 0 45054513 22.563796
-Trial 430 0 45054513 22.595996
-Trial 431 0 45054513 22.723531
-Trial 432 0 45054513 22.736177
-Trial 433 0 45054513 22.774349
-Trial 434 0 45054513 22.783398
-Trial 435 0 45054513 22.809743
-Trial 436 0 45054513 22.837585
-Trial 437 0 45054513 22.858268
-Trial 438 0 45054513 22.863341
-Trial 439 0 45054513 22.896854
-Trial 440 0 45054513 22.903964
-Trial 441 0 45054513 23.059768
-Trial 442 0 45054513 23.062518
-Trial 443 0 45054513 23.088175
-Trial 444 0 45054513 23.107970
-Trial 445 0 45054513 23.117138
-Trial 446 0 45054513 23.121603
-Trial 447 0 45054513 23.122070
-Trial 448 0 45054513 23.143556
-Trial 449 0 45054513 23.145725
-Trial 450 0 45054513 23.185173
-Trial 451 0 45054513 23.214631
-Trial 452 0 45054513 23.227451
-Trial 453 0 45054513 23.231666
-Trial 454 0 45054513 23.245055
-Trial 455 0 45054513 23.270712
-Trial 456 0 45054513 23.285464
-Trial 457 0 45054513 23.294084
* 458: Cost = 0_45053380, Time = 20.90 sec. 
-Trial 458 0 45053380 23.309461
-Trial 459 0 45053380 23.334967
-Trial 460 0 45053380 23.349606
-Trial 461 0 45053380 23.360923
-Trial 462 0 45053380 23.481375
-Trial 463 0 45053380 23.496846
-Trial 464 0 45053380 23.538143
-Trial 465 0 45053380 23.573552
-Trial 466 0 45053380 23.641580
-Trial 467 0 45053380 23.659776
-Trial 468 0 45053380 23.676747
-Trial 469 0 45053380 23.677496
-Trial 470 0 45053380 23.709646
-Trial 471 0 45053380 23.712723
-Trial 472 0 45053380 23.829135
-Trial 473 0 45053380 23.858904
-Trial 474 0 45053380 23.876722
-Trial 475 0 45053380 23.905131
-Trial 476 0 45053380 24.034327
-Trial 477 0 45053380 24.076691
-Trial 478 0 45053380 24.091580
-Trial 479 0 45053380 24.147031
-Trial 480 0 45053380 24.182239
-Trial 481 0 45053380 24.184839
-Trial 482 0 45053380 24.189915
-Trial 483 0 45053380 24.243276
-Trial 484 0 45053380 24.258636
-Trial 485 0 45053380 24.274120
-Trial 486 0 45053380 24.276412
-Trial 487 0 45053380 24.282650
-Trial 488 0 45053380 24.284233
-Trial 489 0 45053380 24.289008
-Trial 490 0 45053380 24.306881
-Trial 491 0 45053380 24.348590
-Trial 492 0 45053380 24.359314
-Trial 493 0 45053380 24.395767
-Trial 494 0 45053380 24.406245
-Trial 495 0 45053380 24.710027
-Trial 496 0 45053380 24.716934
-Trial 497 0 45053380 24.731974
-Trial 498 0 45053380 24.749694
-Trial 499 0 45053380 24.807804
-Trial 500 0 45053380 24.816282
-Trial 501 0 45053380 24.824509
-Trial 502 0 45053380 24.830920
-Trial 503 0 45053380 24.856121
-Trial 504 0 45053380 24.933110
-Trial 505 0 45053380 25.051421
-Trial 506 0 45053380 25.054223
-Trial 507 0 45053380 25.067048
-Trial 508 0 45053380 25.091958
-Trial 509 0 45053380 25.097914
-Trial 510 0 45053380 25.113297
-Trial 511 0 45053380 25.145642
-Trial 512 0 45053380 25.152399
-Trial 513 0 45053380 25.178968
-Trial 514 0 45053380 25.200975
-Trial 515 0 45053380 25.209223
-Trial 516 0 45053380 25.229202
-Trial 517 0 45053380 25.250877
-Trial 518 0 45053380 25.256785
-Trial 519 0 45053380 25.292883
-Trial 520 0 45053380 25.318762
-Trial 521 0 45053380 25.330848
-Trial 522 0 45053380 25.343614
-Trial 523 0 45053380 25.423280
-Trial 524 0 45053380 25.562580
-Trial 525 0 45053380 25.566380
-Trial 526 0 45053380 25.587771
-Trial 527 0 45053380 25.596330
-Trial 528 0 45053380 25.631415
-Trial 529 0 45053380 25.673420
-Trial 530 0 45053380 25.944399
-Trial 531 0 45053380 25.958623
-Trial 532 0 45053380 25.972884
-Trial 533 0 45053380 26.026179
-Trial 534 0 45053380 26.033780
-Trial 535 0 45053380 26.037595
* 536: Cost = 0_45046466, Time = 23.67 sec. 
-Trial 536 0 45046466 26.080240
-Trial 537 0 45046466 26.091618
-Trial 538 0 45046466 26.111690
-Trial 539 0 45046466 26.117840
-Trial 540 0 45046466 26.158593
-Trial 541 0 45046466 26.167695
-Trial 542 0 45046466 26.173391
-Trial 543 0 45046466 26.182401
-Trial 544 0 45046466 26.186689
-Trial 545 0 45046466 26.212514
-Trial 546 0 45046466 26.215285
-Trial 547 0 45046466 26.285609
-Trial 548 0 45046466 26.306950
-Trial 549 0 45046466 26.362245
-Trial 550 0 45046466 26.380476
* 551: Cost = 0_45015988, Time = 23.98 sec. 
-Trial 551 0 45015988 26.387637
-Trial 552 0 45015988 26.430564
-Trial 553 0 45015988 26.498638
-Trial 554 0 45015988 26.499934
-Trial 555 0 45015988 26.529360
-Trial 556 0 45015988 26.542253
-Trial 557 0 45015988 26.553803
-Trial 558 0 45015988 26.586287
-Trial 559 0 45015988 26.600835
-Trial 560 0 45015988 26.621468
-Trial 561 0 45015988 26.645167
-Trial 562 0 45015988 26.661160
-Trial 563 0 45015988 26.685925
* 564: Cost = 0_44963709, Time = 24.29 sec. 
-Trial 564 0 44963709 26.695812
-Trial 565 0 44963709 26.707543
-Trial 566 0 44963709 26.749195
-Trial 567 0 44963709 26.750919
-Trial 568 0 44963709 26.770561
-Trial 569 0 44963709 26.788143
-Trial 570 0 44963709 26.816719
-Trial 571 0 44963709 26.823157
-Trial 572 0 44963709 26.845391
-Trial 573 0 44963709 26.853312
-Trial 574 0 44963709 26.875458
-Trial 575 0 44963709 26.879512
-Trial 576 0 44963709 26.987660
-Trial 577 0 44963709 26.996685
-Trial 578 0 44963709 27.052036
-Trial 579 0 44963709 27.077462
-Trial 580 0 44963709 27.114748
-Trial 581 0 44963709 27.118469
-Trial 582 0 44963709 27.130508
-Trial 583 0 44963709 27.133957
-Trial 584 0 44963709 27.147358
-Trial 585 0 44963709 27.185546
-Trial 586 0 44963709 27.193382
-Trial 587 0 44963709 27.237190
-Trial 588 0 44963709 27.267218
-Trial 589 0 44963709 27.289345
-Trial 590 0 44963709 27.407445
-Trial 591 0 44963709 27.420964
-Trial 592 0 44963709 27.429746
-Trial 593 0 44963709 27.436895
* 594: Cost = 0_44962012, Time = 25.04 sec. 
-Trial 594 0 44962012 27.449305
-Trial 595 0 44962012 27.457146
-Trial 596 0 44962012 27.536216
-Trial 597 0 44962012 27.556318
-Trial 598 0 44962012 27.599487
-Trial 599 0 44962012 27.620989
-Trial 600 0 44962012 27.637246
-Trial 601 0 44962012 27.664909
-Trial 602 0 44962012 27.810840
-Trial 603 0 44962012 27.850995
-Trial 604 0 44962012 27.859393
-Trial 605 0 44962012 27.885569
-Trial 606 0 44962012 27.890897
-Trial 607 0 44962012 27.919911
-Trial 608 0 44962012 27.946309
-Trial 609 0 44962012 27.952441
-Trial 610 0 44962012 27.967652
-Trial 611 0 44962012 28.001251
-Trial 612 0 44962012 28.016200
-Trial 613 0 44962012 28.039251
-Trial 614 0 44962012 28.044736
-Trial 615 0 44962012 28.110913
-Trial 616 0 44962012 28.120807
-Trial 617 0 44962012 28.134521
-Trial 618 0 44962012 28.138672
-Trial 619 0 44962012 28.152046
-Trial 620 0 44962012 28.165936
-Trial 621 0 44962012 28.195845
-Trial 622 0 44962012 28.242105
-Trial 623 0 44962012 28.704285
-Trial 624 0 44962012 28.738069
-Trial 625 0 44962012 28.739391
-Trial 626 0 44962012 28.752680
-Trial 627 0 44962012 28.764947
-Trial 628 0 44962012 28.818780
-Trial 629 0 44962012 28.822784
-Trial 630 0 44962012 28.846988
-Trial 631 0 44962012 28.872133
-Trial 632 0 44962012 28.922866
-Trial 633 0 44962012 28.937084
-Trial 634 0 44962012 28.967062
-Trial 635 0 44962012 28.976697
-Trial 636 0 44962012 28.991295
-Trial 637 0 44962012 28.992105
-Trial 638 0 44962012 29.012207
-Trial 639 0 44962012 29.033956
-Trial 640 0 44962012 29.043926
-Trial 641 0 44962012 29.072254
-Trial 642 0 44962012 29.093996
-Trial 643 0 44962012 29.123560
-Trial 644 0 44962012 29.136390
-Trial 645 0 44962012 29.153130
* 646: Cost = 0_44936982, Time = 26.77 sec. 
-Trial 646 0 44936982 29.176887
-Trial 647 0 44936982 29.178339
-Trial 648 0 44936982 29.209827
-Trial 649 0 44936982 29.298444
-Trial 650 0 44936982 29.312151
-Trial 651 0 44936982 29.324758
-Trial 652 0 44936982 29.362915
-Trial 653 0 44936982 29.411945
-Trial 654 0 44936982 29.448555
-Trial 655 0 44936982 29.455464
-Trial 656 0 44936982 29.480691
-Trial 657 0 44936982 29.487669
-Trial 658 0 44936982 29.534816
-Trial 659 0 44936982 29.555883
-Trial 660 0 44936982 29.677537
-Trial 661 0 44936982 29.732391
-Trial 662 0 44936982 29.772172
-Trial 663 0 44936982 29.802099
-Trial 664 0 44936982 29.809715
-Trial 665 0 44936982 29.829085
-Trial 666 0 44936982 29.847716
-Trial 667 0 44936982 29.851831
-Trial 668 0 44936982 29.899380
-Trial 669 0 44936982 29.936577
-Trial 670 0 44936982 29.940572
-Trial 671 0 44936982 29.947337
-Trial 672 0 44936982 29.967155
-Trial 673 0 44936982 29.977130
-Trial 674 0 44936982 30.013910
-Trial 675 0 44936982 30.018813
-Trial 676 0 44936982 30.074308
-Trial 677 0 44936982 30.094172
-Trial 678 0 44936982 30.116039
-Trial 679 0 44936982 30.157079
-Trial 680 0 44936982 30.169705
-Trial 681 0 44936982 30.176050
-Trial 682 0 44936982 30.270069
-Trial 683 0 44936982 30.293657
-Trial 684 0 44936982 30.379848
-Trial 685 0 44936982 30.405693
-Trial 686 0 44936982 30.452397
-Trial 687 0 44936982 30.646852
-Trial 688 0 44936982 30.728261
-Trial 689 0 44936982 30.761083
-Trial 690 0 44936982 30.785147
-Trial 691 0 44936982 30.876737
-Trial 692 0 44936982 30.893124
-Trial 693 0 44936982 30.907233
-Trial 694 0 44936982 30.983289
-Trial 695 0 44936982 30.993490
-Trial 696 0 44936982 31.039151
-Trial 697 0 44936982 31.039916
-Trial 698 0 44936982 31.118387
-Trial 699 0 44936982 31.121872
-Trial 700 0 44936982 31.124124
-Trial 701 0 44936982 31.144541
-Trial 702 0 44936982 31.151323
-Trial 703 0 44936982 31.180564
-Trial 704 0 44936982 31.210893
-Trial 705 0 44936982 31.230298
-Trial 706 0 44936982 31.290925
-Trial 707 0 44936982 31.309679
-Trial 708 0 44936982 31.329711
-Trial 709 0 44936982 31.350133
-Trial 710 0 44936982 31.374861
-Trial 711 0 44936982 31.404312
-Trial 712 0 44936982 31.427941
* 713: Cost = 0_44934843, Time = 29.06 sec. 
-Trial 713 0 44934843 31.465151
-Trial 714 0 44934843 31.483659
-Trial 715 0 44934843 31.503727
-Trial 716 0 44934843 31.584564
-Trial 717 0 44934843 31.600340
-Trial 718 0 44934843 31.606189
-Trial 719 0 44934843 31.615274
* 720: Cost = 0_44804368, Time = 29.33 sec. 
-Trial 720 0 44804368 31.735888
-Trial 721 0 44804368 31.889055
-Trial 722 0 44804368 31.911700
-Trial 723 0 44804368 31.984669
-Trial 724 0 44804368 31.990522
-Trial 725 0 44804368 31.995293
-Trial 726 0 44804368 32.013224
-Trial 727 0 44804368 32.013807
-Trial 728 0 44804368 32.017058
* 729: Cost = 0_44779175, Time = 29.62 sec. 
-Trial 729 0 44779175 32.027094
-Trial 730 0 44779175 32.053867
-Trial 731 0 44779175 32.111324
-Trial 732 0 44779175 32.125419
* 733: Cost = 0_44750975, Time = 29.79 sec. 
-Trial 733 0 44750975 32.196681
-Trial 734 0 44750975 32.253897
-Trial 735 0 44750975 32.279219
-Trial 736 0 44750975 32.298862
-Trial 737 0 44750975 32.327219
-Trial 738 0 44750975 32.399071
-Trial 739 0 44750975 32.419888
-Trial 740 0 44750975 32.432739
-Trial 741 0 44750975 32.453588
-Trial 742 0 44750975 32.471829
* 743: Cost = 0_44733714, Time = 30.08 sec. 
-Trial 743 0 44733714 32.489054
-Trial 744 0 44733714 32.501589
-Trial 745 0 44733714 32.504814
-Trial 746 0 44733714 32.508439
* 747: Cost = 0_44714731, Time = 30.16 sec. 
-Trial 747 0 44714731 32.573249
-Trial 748 0 44714731 32.579869
-Trial 749 0 44714731 32.582565
-Trial 750 0 44714731 32.603787
-Trial 751 0 44714731 32.608055
-Trial 752 0 44714731 32.621747
-Trial 753 0 44714731 32.631087
-Trial 754 0 44714731 32.632248
-Trial 755 0 44714731 32.637871
-Trial 756 0 44714731 32.643268
-Trial 757 0 44714731 32.665754
* 758: Cost = 0_44711483, Time = 30.28 sec. 
-Trial 758 0 44711483 32.688536
-Trial 759 0 44711483 32.698997
-Trial 760 0 44711483 32.705809
-Trial 761 0 44711483 32.755926
-Trial 762 0 44711483 32.992225
-Trial 763 0 44711483 33.022168
-Trial 764 0 44711483 33.122291
-Trial 765 0 44711483 33.224680
-Trial 766 0 44711483 33.267963
-Trial 767 0 44711483 33.373021
-Trial 768 0 44711483 33.376926
-Trial 769 0 44711483 33.386208
-Trial 770 0 44711483 33.437958
-Trial 771 0 44711483 33.442346
-Trial 772 0 44711483 33.460060
-Trial 773 0 44711483 33.485482
-Trial 774 0 44711483 33.500074
-Trial 775 0 44711483 33.511038
-Trial 776 0 44711483 33.515184
-Trial 777 0 44711483 33.525775
-Trial 778 0 44711483 33.570082
-Trial 779 0 44711483 33.581655
-Trial 780 0 44711483 33.596292
-Trial 781 0 44711483 33.657320
-Trial 782 0 44711483 33.666768
-Trial 783 0 44711483 33.692814
-Trial 784 0 44711483 33.708591
-Trial 785 0 44711483 33.818982
-Trial 786 0 44711483 33.856566
-Trial 787 0 44711483 33.861215
-Trial 788 0 44711483 33.872961
-Trial 789 0 44711483 33.892278
-Trial 790 0 44711483 33.918270
-Trial 791 0 44711483 33.936660
-Trial 792 0 44711483 33.974445
-Trial 793 0 44711483 34.071817
-Trial 794 0 44711483 34.094651
-Trial 795 0 44711483 34.121473
-Trial 796 0 44711483 34.125124
-Trial 797 0 44711483 34.138466
-Trial 798 0 44711483 34.311664
-Trial 799 0 44711483 34.359248
-Trial 800 0 44711483 34.371343
-Trial 801 0 44711483 34.404998
* 802: Cost = 0_44694657, Time = 32.08 sec. 
-Trial 802 0 44694657 34.491744
-Trial 803 0 44694657 34.529383
-Trial 804 0 44694657 34.583424
-Trial 805 0 44694657 34.589248
-Trial 806 0 44694657 34.591182
* 807: Cost = 0_44683069, Time = 32.19 sec. 
-Trial 807 0 44683069 34.600032
-Trial 808 0 44683069 34.622461
-Trial 809 0 44683069 34.632915
-Trial 810 0 44683069 34.661619
-Trial 811 0 44683069 34.667531
-Trial 812 0 44683069 34.672670
* 813: Cost = 0_44643255, Time = 32.27 sec. 
-Trial 813 0 44643255 34.679335
-Trial 814 0 44643255 34.709254
-Trial 815 0 44643255 34.734657
-Trial 816 0 44643255 34.749992
-Trial 817 0 44643255 34.829497
-Trial 818 0 44643255 34.941956
-Trial 819 0 44643255 34.962529
-Trial 820 0 44643255 34.973589
-Trial 821 0 44643255 35.143294
-Trial 822 0 44643255 35.148311
-Trial 823 0 44643255 35.202843
-Trial 824 0 44643255 35.211373
-Trial 825 0 44643255 35.237245
-Trial 826 0 44643255 35.328603
-Trial 827 0 44643255 35.365827
-Trial 828 0 44643255 35.380031
-Trial 829 0 44643255 35.395889
-Trial 830 0 44643255 35.419669
-Trial 831 0 44643255 35.547473
-Trial 832 0 44643255 35.567376
-Trial 833 0 44643255 35.588438
-Trial 834 0 44643255 35.592336
-Trial 835 0 44643255 35.625943
-Trial 836 0 44643255 35.632808
-Trial 837 0 44643255 35.664114
-Trial 838 0 44643255 35.760263
-Trial 839 0 44643255 35.849566
-Trial 840 0 44643255 35.851313
-Trial 841 0 44643255 35.873442
-Trial 842 0 44643255 35.887001
-Trial 843 0 44643255 35.951232
-Trial 844 0 44643255 35.956551
-Trial 845 0 44643255 35.976130
-Trial 846 0 44643255 35.982597
-Trial 847 0 44643255 36.009668
-Trial 848 0 44643255 36.020001
-Trial 849 0 44643255 36.026132
-Trial 850 0 44643255 36.068856
-Trial 851 0 44643255 36.126820
-Trial 852 0 44643255 36.144512
-Trial 853 0 44643255 36.147109
-Trial 854 0 44643255 36.161657
-Trial 855 0 44643255 36.195508
-Trial 856 0 44643255 36.219402
-Trial 857 0 44643255 36.235017
-Trial 858 0 44643255 36.268985
-Trial 859 0 44643255 36.280503
-Trial 860 0 44643255 36.307544
-Trial 861 0 44643255 36.346640
-Trial 862 0 44643255 36.394605
-Trial 863 0 44643255 36.503523
-Trial 864 0 44643255 36.513229
-Trial 865 0 44643255 36.539452
-Trial 866 0 44643255 36.569097
-Trial 867 0 44643255 36.587862
-Trial 868 0 44643255 36.631897
-Trial 869 0 44643255 36.679045
-Trial 870 0 44643255 36.687829
-Trial 871 0 44643255 36.722893
* 872: Cost = 0_44620719, Time = 34.32 sec. 
-Trial 872 0 44620719 36.733210
-Trial 873 0 44620719 36.753280
-Trial 874 0 44620719 36.777848
-Trial 875 0 44620719 36.793830
-Trial 876 0 44620719 36.833600
* 877: Cost = 0_44593829, Time = 34.46 sec. 
-Trial 877 0 44593829 36.867008
-Trial 878 0 44593829 36.867944
-Trial 879 0 44593829 36.914077
-Trial 880 0 44593829 36.915290
-Trial 881 0 44593829 36.977116
* 882: Cost = 0_44581213, Time = 34.61 sec. 
-Trial 882 0 44581213 37.013678
-Trial 883 0 44581213 37.079711
-Trial 884 0 44581213 37.115813
-Trial 885 0 44581213 37.126646
-Trial 886 0 44581213 37.138973
* 887: Cost = 0_44555902, Time = 34.74 sec. 
-Trial 887 0 44555902 37.145149
-Trial 888 0 44555902 37.156211
-Trial 889 0 44555902 37.163179
-Trial 890 0 44555902 37.173265
-Trial 891 0 44555902 37.182747
-Trial 892 0 44555902 37.185494
-Trial 893 0 44555902 37.198471
-Trial 894 0 44555902 37.248148
-Trial 895 0 44555902 37.299443
* 896: Cost = 0_44527804, Time = 34.91 sec. 
-Trial 896 0 44527804 37.321724
-Trial 897 0 44527804 37.323591
-Trial 898 0 44527804 37.326926
-Trial 899 0 44527804 37.382833
-Trial 900 0 44527804 37.427669
-Trial 901 0 44527804 37.441309
-Trial 902 0 44527804 37.468881
-Trial 903 0 44527804 37.482975
-Trial 904 0 44527804 37.493229
-Trial 905 0 44527804 37.529382
-Trial 906 0 44527804 37.545625
-Trial 907 0 44527804 37.554560
-Trial 908 0 44527804 37.601584
-Trial 909 0 44527804 37.609446
-Trial 910 0 44527804 37.646024
-Trial 911 0 44527804 37.677841
-Trial 912 0 44527804 37.686530
-Trial 913 0 44527804 37.701458
-Trial 914 0 44527804 37.706514
-Trial 915 0 44527804 37.707022
-Trial 916 0 44527804 37.718796
-Trial 917 0 44527804 37.725703
-Trial 918 0 44527804 37.733210
-Trial 919 0 44527804 37.737194
-Trial 920 0 44527804 37.759540
-Trial 921 0 44527804 37.788635
* 922: Cost = 0_44490975, Time = 35.45 sec. 
-Trial 922 0 44490975 37.861721
-Trial 923 0 44490975 37.875501
-Trial 924 0 44490975 37.889265
-Trial 925 0 44490975 37.906013
-Trial 926 0 44490975 37.913702
-Trial 927 0 44490975 38.029029
* 928: Cost = 0_44468620, Time = 35.63 sec. 
-Trial 928 0 44468620 38.040964
-Trial 929 0 44468620 38.064143
-Trial 930 0 44468620 38.154984
-Trial 931 0 44468620 38.192517
-Trial 932 0 44468620 38.194556
-Trial 933 0 44468620 38.278053
-Trial 934 0 44468620 38.378010
-Trial 935 0 44468620 38.391448
-Trial 936 0 44468620 38.411319
-Trial 937 0 44468620 38.437235
-Trial 938 0 44468620 38.439617
-Trial 939 0 44468620 38.462834
-Trial 940 0 44468620 38.477352
-Trial 941 0 44468620 38.487701
-Trial 942 0 44468620 38.494025
-Trial 943 0 44468620 38.539882
-Trial 944 0 44468620 38.549769
-Trial 945 0 44468620 38.554975
-Trial 946 0 44468620 38.559823
-Trial 947 0 44468620 38.566640
-Trial 948 0 44468620 38.594983
-Trial 949 0 44468620 38.739777
-Trial 950 0 44468620 38.755676
-Trial 951 0 44468620 38.770256
-Trial 952 0 44468620 38.786721
-Trial 953 0 44468620 38.792918
-Trial 954 0 44468620 38.813762
-Trial 955 0 44468620 38.832536
-Trial 956 0 44468620 38.895958
-Trial 957 0 44468620 38.903307
-Trial 958 0 44468620 38.923670
-Trial 959 0 44468620 39.018785
-Trial 960 0 44468620 39.052707
-Trial 961 0 44468620 39.189747
-Trial 962 0 44468620 39.204188
-Trial 963 0 44468620 39.246271
-Trial 964 0 44468620 39.252598
-Trial 965 0 44468620 39.281976
-Trial 966 0 44468620 39.305731
-Trial 967 0 44468620 39.424215
-Trial 968 0 44468620 39.428728
-Trial 969 0 44468620 39.561319
-Trial 970 0 44468620 39.569820
-Trial 971 0 44468620 39.668700
-Trial 972 0 44468620 39.684882
-Trial 973 0 44468620 39.699932
-Trial 974 0 44468620 39.708095
* 975: Cost = 0_44439741, Time = 37.31 sec. 
-Trial 975 0 44439741 39.715544
-Trial 976 0 44439741 39.806687
-Trial 977 0 44439741 39.858010
-Trial 978 0 44439741 39.861006
-Trial 979 0 44439741 39.864351
-Trial 980 0 44439741 39.976582
-Trial 981 0 44439741 39.985469
-Trial 982 0 44439741 39.995601
-Trial 983 0 44439741 40.034842
-Trial 984 0 44439741 40.058379
* 985: Cost = 0_44416564, Time = 37.66 sec. 
-Trial 985 0 44416564 40.064194
-Trial 986 0 44416564 40.092375
-Trial 987 0 44416564 40.104287
-Trial 988 0 44416564 40.255548
-Trial 989 0 44416564 40.269570
-Trial 990 0 44416564 40.309688
-Trial 991 0 44416564 40.338917
* 992: Cost = 0_44415233, Time = 37.97 sec. 
-Trial 992 0 44415233 40.374150
-Trial 993 0 44415233 40.413503
-Trial 994 0 44415233 40.432476
-Trial 995 0 44415233 40.434750
-Trial 996 0 44415233 40.461638
-Trial 997 0 44415233 40.463785
-Trial 998 0 44415233 40.467715
-Trial 999 0 44415233 40.482718
-Trial 1000 0 44415233 40.507682
Population:
  1: 0_44415233
Run 1: Cost = 0_44415233, Time = 38.10 sec. 

Successes/Runs = 0/1 
Cost.min = 44415233, Cost.avg = 44415233.00, Cost.max = 44415233
Gap.min = 0.0000%, Gap.avg = 0.0000%, Gap.max = 0.0000%
Penalty.min = 0, Penalty.avg = 0.00, Penalty.max = 0
Trials.min = 1000, Trials.avg = 1000.0, Trials.max = 1000
Time.min = 38.10 sec., Time.avg = 38.10 sec., Time.max = 38.10 sec.
Time.total = 40.51 sec.
  Size.min = 9, Size.max = 43, Penalty = 0
  Cost.min = 729725, Cost.max = 4340646, Cost.sum = 44415233
Best CVRPTW solution:
  Cost = 0_44415233
1 157 77 70 279 326 190 251 473 133 289 268 45 429 443 420 265 398 224 408 178 79 56 163 501 316 444 364 152 353 432 136 518 399 329 275 477 129 283 189 42 407 209 183 324 207 114 124 92 383 15 229 203 403 313 422 65 492 463 238 14 517 6 48 4 374 323 156 192 400 107 495 67 103 213 28 440 25 428 161 276 345 180 371 58 350 445 168 373 130 322 360 456 404 426 479 68 509 258 22 269 131 309 330 78 493 236 379 496 232 389 297 60 508 201 304 49 143 298 226 351 194 195 248 111 264 38 93 55 112 449 30 86 71 253 387 393 314 227 44 354 95 514 247 119 352 135 85 318 148 368 462 507 88 186 245 159 2 217 356 215 46 147 487 296 104 485 246 32 210 202 120 488 53 363 312 362 481 516 259 132 489 335 288 260 20 33 179 63 446 21 273 471 73 225 434 376 52 490 506 382 406 459 439 89 123 255 61 250 127 9 281 216 442 139 116 254 499 491 105 137 11 82 292 464 17 341 57 185 511 87 336 235 468 277 261 308 271 290 385 282 478 182 436 102 266 339 417 340 467 307 395 176 372 315 454 388 497 220 502 154 108 415 249 469 243 430 164 72 206 166 134 234 37 184 142 438 35 457 262 267 513 74 199 257 126 480 450 228 369 221 331 76 99 162 138 140 59 145 359 419 5 172 451 448 377 174 484 447 391 358 458 12 153 349 171 310 503 476 285 62 299 348 381 219 427 47 421 146 98 51 230 36 380 198 515 237 416 208 332 41 242 346 338 278 301 158 23 470 218 109 394 378 151 325 342 505 409 333 96 18 303 3 423 141 343 472 396 392 50 69 83 337 397 494 13 365 144 474 10 452 425 252 165 214 211 405 305 128 97 500 437 26 366 177 31 181 204 263 302 519 66 149 431 223 498 188 441 115 117 433 357 212 233 311 412 121 390 94 40 455 155 512 334 402 280 465 295 43 239 321 222 256 375 24 466 287 197 270 170 101 410 113 482 386 118 16 424 84 173 520 100 272 125 414 167 39 191 367 483 64 355 327 370 411 486 435 347 231 196 240 200 54 241 418 401 91 27 75 504 284 160 34 175 317 291 81 294 413 90 300 453 361 80 169 286 205 8 460 510 328 193 274 187 29 7 319 106 122 461 244 475 19 150 384 110 344 293 320 306 1 
