PARAMETER_FILE = result/cvrptw_500/LKH_para/587.para
Reading PROBLEM_FILE: "result/cvrptw_500/cvrptw/587.cvrptw" ... done
ASCENT_CANDIDATES = 50
BACKBONE_TRIALS = 0
BACKTRACKING = NO
# BWTSP =
# CANDIDATE_FILE =
CANDIDATE_SET_TYPE = ALPHA
DEPOT = 1
# EDGE_FILE =
EXCESS = 0.0384615
EXTERNAL_SALESMEN = 0
EXTRA_CANDIDATES = 0 
EXTRA_CANDIDATE_SET_TYPE = QUADRANT
GAIN23 = NO
GAIN_CRITERION = YES
INITIAL_PERIOD = 520
INITIAL_STEP_SIZE = 1
INITIAL_TOUR_ALGORITHM = WALK
# INITIAL_TOUR_FILE = 
INITIAL_TOUR_FRACTION = 1.000
# INPUT_TOUR_FILE = 
KICK_TYPE = 4
KICKS = 1
# MAX_BREADTH =
MAKESPAN = NO
MAX_CANDIDATES = 5 
MAX_SWAPS = 0
MAX_TRIALS = 1000
# MERGE_TOUR_FILE =
MOVE_TYPE = 5 SPECIAL
MTSP_MIN_SIZE = 1
MTSP_MAX_SIZE = 1039
# MTSP_SOLUTION_FILE = 
# NONSEQUENTIAL_MOVE_TYPE = 5
# OPTIMUM =
# OUTPUT_TOUR_FILE = 
PATCHING_A = 1 
PATCHING_C = 0 
# PI_FILE = 
POPMUSIC_INITIAL_TOUR = NO
POPMUSIC_MAX_NEIGHBORS = 5
POPMUSIC_SAMPLE_SIZE = 10
POPMUSIC_SOLUTIONS = 50
POPMUSIC_TRIALS = 1
POPULATION_SIZE = 10
PRECISION = 100
PROBLEM_FILE = result/cvrptw_500/cvrptw/587.cvrptw
RECOMBINATION = IPT
RESTRICTED_SEARCH = YES
RUNS = 1
SALESMEN = 20
SCALE = 1
SEED = 1234
# SINTEF_SOLUTION_FILE = 
STOP_AT_OPTIMUM = YES
SUBGRADIENT = YES
# SUBPROBLEM_SIZE =
# SUBPROBLEM_TOUR_FILE = 
SUBSEQUENT_MOVE_TYPE = 5 SPECIAL
SUBSEQUENT_PATCHING = YES
# TIME_LIMIT =
# TOUR_FILE = 
TRACE_LEVEL = 1
VEHICLES = 20

Lower bound = 30253553.0, Ascent time = 2.50 sec.
Cand.min = 5, Cand.avg = 5.0, Cand.max = 5
Edges.fixed = 520 [Cost = 0]
Preprocessing time = 2.58 sec.
* 1: Cost = 1215194_56319252, Time = 3.77 sec. 
-Trial 1 1215194 56319252 6.357842
-Trial 2 1215194 56319252 6.507228
-Trial 3 1215194 56319252 6.516585
-Trial 4 1215194 56319252 6.637329
-Trial 5 1215194 56319252 6.757832
-Trial 6 1215194 56319252 6.771906
-Trial 7 1215194 56319252 7.209490
* 8: Cost = 1215194_56075990, Time = 4.75 sec. 
-Trial 8 1215194 56075990 7.336829
-Trial 9 1215194 56075990 7.541791
* 10: Cost = 1215194_56015250, Time = 5.04 sec. 
-Trial 10 1215194 56015250 7.632804
* 11: Cost = 1215194_55567919, Time = 5.12 sec. 
-Trial 11 1215194 55567919 7.705575
* 12: Cost = 1215194_54706935, Time = 5.47 sec. 
-Trial 12 1215194 54706935 8.060537
* 13: Cost = 1215194_54054381, Time = 5.53 sec. 
-Trial 13 1215194 54054381 8.118038
-Trial 14 1215194 54054381 8.214120
-Trial 15 1215194 54054381 8.267002
* 16: Cost = 1215194_53918345, Time = 5.70 sec. 
-Trial 16 1215194 53918345 8.293501
-Trial 17 1215194 53918345 8.349326
-Trial 18 1215194 53918345 8.403356
-Trial 19 1215194 53918345 8.537517
* 20: Cost = 1215194_53742903, Time = 6.00 sec. 
-Trial 20 1215194 53742903 8.588236
* 21: Cost = 1215194_53658540, Time = 6.05 sec. 
-Trial 21 1215194 53658540 8.637945
* 22: Cost = 1215194_53618026, Time = 6.14 sec. 
-Trial 22 1215194 53618026 8.732963
-Trial 23 1215194 53618026 8.799528
* 24: Cost = 1215194_53536788, Time = 6.26 sec. 
-Trial 24 1215194 53536788 8.844627
* 25: Cost = 1215194_53462760, Time = 6.28 sec. 
-Trial 25 1215194 53462760 8.871265
-Trial 26 1215194 53462760 8.872204
* 27: Cost = 1215194_53360106, Time = 6.31 sec. 
-Trial 27 1215194 53360106 8.899216
* 28: Cost = 1215194_53005789, Time = 6.39 sec. 
-Trial 28 1215194 53005789 8.978605
-Trial 29 1215194 53005789 9.030081
* 30: Cost = 1215194_52990923, Time = 6.50 sec. 
-Trial 30 1215194 52990923 9.085963
* 31: Cost = 1215194_52430166, Time = 6.68 sec. 
-Trial 31 1215194 52430166 9.272847
* 32: Cost = 1215194_52368878, Time = 6.77 sec. 
-Trial 32 1215194 52368878 9.362798
* 33: Cost = 1215194_52351961, Time = 6.94 sec. 
-Trial 33 1215194 52351961 9.528377
-Trial 34 1215194 52351961 9.545468
* 35: Cost = 1215194_51395062, Time = 7.17 sec. 
-Trial 35 1215194 51395062 9.756137
-Trial 36 1215194 51395062 9.814157
* 37: Cost = 1215194_51046400, Time = 7.30 sec. 
-Trial 37 1215194 51046400 9.892875
* 38: Cost = 1215194_50782047, Time = 7.40 sec. 
-Trial 38 1215194 50782047 9.989780
-Trial 39 1215194 50782047 10.064437
-Trial 40 1215194 50782047 10.074713
-Trial 41 1215194 50782047 10.105131
* 42: Cost = 1215194_50478156, Time = 7.66 sec. 
-Trial 42 1215194 50478156 10.250816
* 43: Cost = 1215194_50455965, Time = 7.76 sec. 
-Trial 43 1215194 50455965 10.347664
-Trial 44 1215194 50455965 10.392561
-Trial 45 1215194 50455965 10.405759
* 46: Cost = 1215194_50390698, Time = 7.90 sec. 
-Trial 46 1215194 50390698 10.489157
-Trial 47 1215194 50390698 10.517552
-Trial 48 1215194 50390698 10.537081
* 49: Cost = 1215194_50294482, Time = 8.05 sec. 
-Trial 49 1215194 50294482 10.639382
-Trial 50 1215194 50294482 10.659634
* 51: Cost = 1215194_49875469, Time = 8.18 sec. 
-Trial 51 1215194 49875469 10.771782
-Trial 52 1215194 49875469 10.852731
* 53: Cost = 1215194_49809660, Time = 8.31 sec. 
-Trial 53 1215194 49809660 10.896483
-Trial 54 1215194 49809660 10.965461
* 55: Cost = 1215194_49759782, Time = 8.43 sec. 
-Trial 55 1215194 49759782 11.019908
* 56: Cost = 1215194_49560646, Time = 8.48 sec. 
-Trial 56 1215194 49560646 11.065818
* 57: Cost = 1215194_49302441, Time = 8.56 sec. 
-Trial 57 1215194 49302441 11.150126
-Trial 58 1215194 49302441 11.207280
* 59: Cost = 1215194_49221125, Time = 8.66 sec. 
-Trial 59 1215194 49221125 11.247123
-Trial 60 1215194 49221125 11.305772
-Trial 61 1215194 49221125 11.335458
* 62: Cost = 1215194_49220260, Time = 8.80 sec. 
-Trial 62 1215194 49220260 11.389747
-Trial 63 1215194 49220260 11.430271
-Trial 64 1215194 49220260 11.679137
-Trial 65 1215194 49220260 11.706689
-Trial 66 1215194 49220260 11.725045
* 67: Cost = 1215194_49185282, Time = 9.27 sec. 
-Trial 67 1215194 49185282 11.863491
-Trial 68 1215194 49185282 11.879256
-Trial 69 1215194 49185282 11.967386
-Trial 70 1215194 49185282 12.038957
-Trial 71 1215194 49185282 12.058019
-Trial 72 1215194 49185282 12.132642
-Trial 73 1215194 49185282 12.174092
-Trial 74 1215194 49185282 12.196879
* 75: Cost = 1215194_49059251, Time = 9.68 sec. 
-Trial 75 1215194 49059251 12.274311
* 76: Cost = 1215194_49047402, Time = 9.76 sec. 
-Trial 76 1215194 49047402 12.351547
* 77: Cost = 487161_48945500, Time = 9.96 sec. 
-Trial 77 487161 48945500 12.544596
-Trial 78 487161 48945500 12.650571
-Trial 79 487161 48945500 12.961042
-Trial 80 487161 48945500 13.000885
-Trial 81 487161 48945500 13.068063
* 82: Cost = 487161_48919846, Time = 10.56 sec. 
-Trial 82 487161 48919846 13.145640
-Trial 83 487161 48919846 13.326107
* 84: Cost = 435290_49308322, Time = 10.80 sec. 
-Trial 84 435290 49308322 13.387891
-Trial 85 435290 49308322 13.458786
* 86: Cost = 435290_49265291, Time = 10.95 sec. 
-Trial 86 435290 49265291 13.537022
-Trial 87 435290 49265291 13.604259
* 88: Cost = 0_50068592, Time = 11.17 sec. 
-Trial 88 0 50068592 13.759248
* 89: Cost = 0_49976379, Time = 11.18 sec. 
-Trial 89 0 49976379 13.764737
-Trial 90 0 49976379 13.774683
* 91: Cost = 0_49894398, Time = 11.20 sec. 
-Trial 91 0 49894398 13.789267
* 92: Cost = 0_49700242, Time = 11.21 sec. 
-Trial 92 0 49700242 13.799966
-Trial 93 0 49700242 13.800421
-Trial 94 0 49700242 13.817183
-Trial 95 0 49700242 13.838627
-Trial 96 0 49700242 13.840361
-Trial 97 0 49700242 13.869954
-Trial 98 0 49700242 13.890814
* 99: Cost = 0_49631482, Time = 11.33 sec. 
-Trial 99 0 49631482 13.915425
-Trial 100 0 49631482 13.953688
-Trial 101 0 49631482 13.957921
-Trial 102 0 49631482 13.977425
-Trial 103 0 49631482 13.992212
-Trial 104 0 49631482 14.036860
-Trial 105 0 49631482 14.090553
-Trial 106 0 49631482 14.118428
-Trial 107 0 49631482 14.287722
-Trial 108 0 49631482 14.520753
* 109: Cost = 0_49560843, Time = 11.98 sec. 
-Trial 109 0 49560843 14.571847
-Trial 110 0 49560843 14.699559
-Trial 111 0 49560843 14.730098
* 112: Cost = 0_49552576, Time = 12.25 sec. 
-Trial 112 0 49552576 14.836107
-Trial 113 0 49552576 14.856097
* 114: Cost = 0_49466069, Time = 12.27 sec. 
-Trial 114 0 49466069 14.863754
-Trial 115 0 49466069 14.868284
-Trial 116 0 49466069 14.894412
-Trial 117 0 49466069 14.945969
* 118: Cost = 0_49372252, Time = 12.38 sec. 
-Trial 118 0 49372252 14.973001
-Trial 119 0 49372252 14.989902
-Trial 120 0 49372252 15.011545
-Trial 121 0 49372252 15.028667
-Trial 122 0 49372252 15.041406
-Trial 123 0 49372252 15.090646
* 124: Cost = 0_49330019, Time = 12.51 sec. 
-Trial 124 0 49330019 15.096609
-Trial 125 0 49330019 15.129455
* 126: Cost = 0_49238139, Time = 12.56 sec. 
-Trial 126 0 49238139 15.152116
-Trial 127 0 49238139 15.208413
* 128: Cost = 0_49204964, Time = 12.65 sec. 
-Trial 128 0 49204964 15.242820
* 129: Cost = 0_49192463, Time = 12.66 sec. 
-Trial 129 0 49192463 15.249168
-Trial 130 0 49192463 15.288354
-Trial 131 0 49192463 15.295684
* 132: Cost = 0_49054177, Time = 12.75 sec. 
-Trial 132 0 49054177 15.339657
-Trial 133 0 49054177 15.345169
-Trial 134 0 49054177 15.396242
-Trial 135 0 49054177 15.400277
* 136: Cost = 0_48908151, Time = 12.84 sec. 
-Trial 136 0 48908151 15.432020
* 137: Cost = 0_48742414, Time = 12.89 sec. 
-Trial 137 0 48742414 15.476136
-Trial 138 0 48742414 15.491406
-Trial 139 0 48742414 15.508859
-Trial 140 0 48742414 15.516294
* 141: Cost = 0_48437083, Time = 12.96 sec. 
-Trial 141 0 48437083 15.550717
* 142: Cost = 0_48135704, Time = 12.97 sec. 
-Trial 142 0 48135704 15.562016
-Trial 143 0 48135704 15.591001
-Trial 144 0 48135704 15.621417
* 145: Cost = 0_48126783, Time = 13.04 sec. 
-Trial 145 0 48126783 15.629586
-Trial 146 0 48126783 15.661675
-Trial 147 0 48126783 15.679448
* 148: Cost = 0_48125921, Time = 13.10 sec. 
-Trial 148 0 48125921 15.691397
-Trial 149 0 48125921 15.692973
-Trial 150 0 48125921 15.712400
-Trial 151 0 48125921 15.731032
-Trial 152 0 48125921 15.747074
* 153: Cost = 0_48070733, Time = 13.17 sec. 
-Trial 153 0 48070733 15.756343
-Trial 154 0 48070733 15.775591
-Trial 155 0 48070733 15.786049
-Trial 156 0 48070733 15.788970
-Trial 157 0 48070733 15.806881
-Trial 158 0 48070733 15.807378
-Trial 159 0 48070733 15.819944
-Trial 160 0 48070733 15.866081
* 161: Cost = 0_47863986, Time = 13.28 sec. 
-Trial 161 0 47863986 15.874444
-Trial 162 0 47863986 15.905045
-Trial 163 0 47863986 15.937109
-Trial 164 0 47863986 15.940465
-Trial 165 0 47863986 15.942312
-Trial 166 0 47863986 16.003575
-Trial 167 0 47863986 16.009734
-Trial 168 0 47863986 16.101726
-Trial 169 0 47863986 16.183706
* 170: Cost = 0_47831678, Time = 13.65 sec. 
-Trial 170 0 47831678 16.242331
-Trial 171 0 47831678 16.262443
-Trial 172 0 47831678 16.264322
-Trial 173 0 47831678 16.270128
-Trial 174 0 47831678 16.285458
-Trial 175 0 47831678 16.303606
-Trial 176 0 47831678 16.311519
-Trial 177 0 47831678 16.338772
-Trial 178 0 47831678 16.355096
* 179: Cost = 0_47829764, Time = 13.77 sec. 
-Trial 179 0 47829764 16.360505
-Trial 180 0 47829764 16.363468
-Trial 181 0 47829764 16.366787
-Trial 182 0 47829764 16.376620
-Trial 183 0 47829764 16.380705
* 184: Cost = 0_47815784, Time = 13.82 sec. 
-Trial 184 0 47815784 16.411987
-Trial 185 0 47815784 16.474483
-Trial 186 0 47815784 16.488774
-Trial 187 0 47815784 16.539548
-Trial 188 0 47815784 16.574449
-Trial 189 0 47815784 16.623794
-Trial 190 0 47815784 16.637671
-Trial 191 0 47815784 16.752085
* 192: Cost = 0_47812470, Time = 14.18 sec. 
-Trial 192 0 47812470 16.773291
* 193: Cost = 0_47538548, Time = 14.21 sec. 
-Trial 193 0 47538548 16.799207
-Trial 194 0 47538548 16.809666
-Trial 195 0 47538548 16.842967
-Trial 196 0 47538548 16.860604
* 197: Cost = 0_47476780, Time = 14.30 sec. 
-Trial 197 0 47476780 16.890174
-Trial 198 0 47476780 16.896413
* 199: Cost = 0_47442527, Time = 14.38 sec. 
-Trial 199 0 47442527 16.966282
-Trial 200 0 47442527 17.018499
-Trial 201 0 47442527 17.042101
* 202: Cost = 0_47370760, Time = 14.48 sec. 
-Trial 202 0 47370760 17.067954
-Trial 203 0 47370760 17.117820
-Trial 204 0 47370760 17.168965
-Trial 205 0 47370760 17.188600
-Trial 206 0 47370760 17.195478
-Trial 207 0 47370760 17.210726
-Trial 208 0 47370760 17.224984
-Trial 209 0 47370760 17.228867
* 210: Cost = 0_47234830, Time = 14.66 sec. 
-Trial 210 0 47234830 17.249292
* 211: Cost = 0_47231480, Time = 14.66 sec. 
-Trial 211 0 47231480 17.251394
-Trial 212 0 47231480 17.298795
* 213: Cost = 0_47207917, Time = 14.72 sec. 
-Trial 213 0 47207917 17.309659
-Trial 214 0 47207917 17.353692
-Trial 215 0 47207917 17.383613
-Trial 216 0 47207917 17.391584
-Trial 217 0 47207917 17.501109
-Trial 218 0 47207917 17.568278
-Trial 219 0 47207917 17.580538
-Trial 220 0 47207917 17.583101
-Trial 221 0 47207917 17.631476
-Trial 222 0 47207917 17.644779
-Trial 223 0 47207917 17.658523
-Trial 224 0 47207917 17.673227
* 225: Cost = 0_47130514, Time = 15.27 sec. 
-Trial 225 0 47130514 17.857618
-Trial 226 0 47130514 17.875190
-Trial 227 0 47130514 17.909767
* 228: Cost = 0_47108163, Time = 15.35 sec. 
-Trial 228 0 47108163 17.942153
-Trial 229 0 47108163 17.945755
-Trial 230 0 47108163 17.950769
* 231: Cost = 0_47027089, Time = 15.38 sec. 
-Trial 231 0 47027089 17.969956
-Trial 232 0 47027089 17.972364
-Trial 233 0 47027089 17.984820
-Trial 234 0 47027089 17.988714
-Trial 235 0 47027089 18.007891
-Trial 236 0 47027089 18.116886
-Trial 237 0 47027089 18.170749
-Trial 238 0 47027089 18.177602
-Trial 239 0 47027089 18.189983
-Trial 240 0 47027089 18.201912
-Trial 241 0 47027089 18.206475
-Trial 242 0 47027089 18.257907
-Trial 243 0 47027089 18.262817
-Trial 244 0 47027089 18.266599
-Trial 245 0 47027089 18.298122
-Trial 246 0 47027089 18.337293
-Trial 247 0 47027089 18.393082
-Trial 248 0 47027089 18.402615
-Trial 249 0 47027089 18.415291
* 250: Cost = 0_46988603, Time = 15.85 sec. 
-Trial 250 0 46988603 18.442348
-Trial 251 0 46988603 18.449001
-Trial 252 0 46988603 18.467144
-Trial 253 0 46988603 18.511565
-Trial 254 0 46988603 18.522584
-Trial 255 0 46988603 18.536928
-Trial 256 0 46988603 18.612624
-Trial 257 0 46988603 18.619973
-Trial 258 0 46988603 18.627342
-Trial 259 0 46988603 18.729896
* 260: Cost = 0_46954153, Time = 16.16 sec. 
-Trial 260 0 46954153 18.747859
-Trial 261 0 46954153 18.827362
-Trial 262 0 46954153 18.905943
-Trial 263 0 46954153 18.906491
-Trial 264 0 46954153 18.929620
-Trial 265 0 46954153 19.128092
-Trial 266 0 46954153 19.134096
-Trial 267 0 46954153 19.139790
-Trial 268 0 46954153 19.192045
-Trial 269 0 46954153 19.205708
-Trial 270 0 46954153 19.228193
-Trial 271 0 46954153 19.248275
-Trial 272 0 46954153 19.349164
-Trial 273 0 46954153 19.432105
-Trial 274 0 46954153 19.435360
-Trial 275 0 46954153 19.460811
-Trial 276 0 46954153 19.480541
-Trial 277 0 46954153 19.483719
-Trial 278 0 46954153 19.589247
-Trial 279 0 46954153 19.591842
* 280: Cost = 0_46924354, Time = 17.01 sec. 
-Trial 280 0 46924354 19.597137
-Trial 281 0 46924354 19.648998
-Trial 282 0 46924354 19.653603
-Trial 283 0 46924354 19.712364
-Trial 284 0 46924354 19.869583
* 285: Cost = 0_46884566, Time = 17.30 sec. 
-Trial 285 0 46884566 19.888620
-Trial 286 0 46884566 19.891339
-Trial 287 0 46884566 19.897878
-Trial 288 0 46884566 19.901738
-Trial 289 0 46884566 19.922269
-Trial 290 0 46884566 19.932678
-Trial 291 0 46884566 19.968284
-Trial 292 0 46884566 20.034837
-Trial 293 0 46884566 20.068473
-Trial 294 0 46884566 20.074873
-Trial 295 0 46884566 20.101778
-Trial 296 0 46884566 20.209455
-Trial 297 0 46884566 20.214025
-Trial 298 0 46884566 20.296760
-Trial 299 0 46884566 20.304252
-Trial 300 0 46884566 20.396826
-Trial 301 0 46884566 20.413509
-Trial 302 0 46884566 20.427983
-Trial 303 0 46884566 20.524853
-Trial 304 0 46884566 20.536245
-Trial 305 0 46884566 20.590644
-Trial 306 0 46884566 20.613447
-Trial 307 0 46884566 20.622823
* 308: Cost = 0_46875445, Time = 18.06 sec. 
-Trial 308 0 46875445 20.645238
-Trial 309 0 46875445 20.699906
-Trial 310 0 46875445 20.735890
-Trial 311 0 46875445 20.768172
-Trial 312 0 46875445 20.772912
-Trial 313 0 46875445 20.826128
-Trial 314 0 46875445 20.849812
-Trial 315 0 46875445 20.871475
-Trial 316 0 46875445 20.946281
-Trial 317 0 46875445 20.972935
-Trial 318 0 46875445 21.065326
-Trial 319 0 46875445 21.133063
-Trial 320 0 46875445 21.232115
-Trial 321 0 46875445 21.246940
-Trial 322 0 46875445 21.274627
-Trial 323 0 46875445 21.281918
-Trial 324 0 46875445 21.297435
-Trial 325 0 46875445 21.312627
-Trial 326 0 46875445 21.358501
-Trial 327 0 46875445 21.380277
-Trial 328 0 46875445 21.430648
-Trial 329 0 46875445 21.432742
* 330: Cost = 0_46869274, Time = 18.87 sec. 
-Trial 330 0 46869274 21.464108
-Trial 331 0 46869274 21.475484
-Trial 332 0 46869274 21.533309
-Trial 333 0 46869274 21.543587
-Trial 334 0 46869274 21.549587
-Trial 335 0 46869274 21.555130
-Trial 336 0 46869274 21.562321
-Trial 337 0 46869274 21.566485
-Trial 338 0 46869274 21.631982
-Trial 339 0 46869274 21.665872
-Trial 340 0 46869274 21.690391
-Trial 341 0 46869274 21.766611
-Trial 342 0 46869274 21.958855
-Trial 343 0 46869274 21.998661
-Trial 344 0 46869274 22.089216
-Trial 345 0 46869274 22.134930
-Trial 346 0 46869274 22.153068
-Trial 347 0 46869274 22.181979
-Trial 348 0 46869274 22.239439
-Trial 349 0 46869274 22.300150
-Trial 350 0 46869274 22.321797
-Trial 351 0 46869274 22.327440
-Trial 352 0 46869274 22.359861
-Trial 353 0 46869274 22.367888
-Trial 354 0 46869274 22.396609
-Trial 355 0 46869274 22.433954
* 356: Cost = 0_46868748, Time = 19.89 sec. 
-Trial 356 0 46868748 22.483801
-Trial 357 0 46868748 22.516487
-Trial 358 0 46868748 22.543424
-Trial 359 0 46868748 22.555817
-Trial 360 0 46868748 22.606816
-Trial 361 0 46868748 22.632079
-Trial 362 0 46868748 22.644005
-Trial 363 0 46868748 22.777882
* 364: Cost = 0_46837440, Time = 20.30 sec. 
-Trial 364 0 46837440 22.893948
-Trial 365 0 46837440 22.906888
-Trial 366 0 46837440 22.932077
-Trial 367 0 46837440 22.980109
-Trial 368 0 46837440 23.001353
-Trial 369 0 46837440 23.010827
-Trial 370 0 46837440 23.184531
-Trial 371 0 46837440 23.212040
-Trial 372 0 46837440 23.212867
-Trial 373 0 46837440 23.215343
-Trial 374 0 46837440 23.220720
-Trial 375 0 46837440 23.239001
-Trial 376 0 46837440 23.246276
-Trial 377 0 46837440 23.270099
* 378: Cost = 0_46803944, Time = 20.69 sec. 
-Trial 378 0 46803944 23.282531
-Trial 379 0 46803944 23.304288
-Trial 380 0 46803944 23.325035
-Trial 381 0 46803944 23.331076
-Trial 382 0 46803944 23.349166
-Trial 383 0 46803944 23.366866
-Trial 384 0 46803944 23.386031
-Trial 385 0 46803944 23.479002
-Trial 386 0 46803944 23.489297
-Trial 387 0 46803944 23.489859
-Trial 388 0 46803944 23.520382
-Trial 389 0 46803944 23.631457
* 390: Cost = 0_46771312, Time = 21.13 sec. 
-Trial 390 0 46771312 23.719146
-Trial 391 0 46771312 23.747669
-Trial 392 0 46771312 23.754216
-Trial 393 0 46771312 23.764282
-Trial 394 0 46771312 23.767363
-Trial 395 0 46771312 23.807665
-Trial 396 0 46771312 23.870238
-Trial 397 0 46771312 23.888575
-Trial 398 0 46771312 23.911379
-Trial 399 0 46771312 23.953102
-Trial 400 0 46771312 23.966411
-Trial 401 0 46771312 24.022438
-Trial 402 0 46771312 24.084204
-Trial 403 0 46771312 24.138223
-Trial 404 0 46771312 24.143707
-Trial 405 0 46771312 24.151158
-Trial 406 0 46771312 24.157618
-Trial 407 0 46771312 24.183115
-Trial 408 0 46771312 24.191073
-Trial 409 0 46771312 24.208597
-Trial 410 0 46771312 24.254070
-Trial 411 0 46771312 24.355347
-Trial 412 0 46771312 24.380226
-Trial 413 0 46771312 24.404993
-Trial 414 0 46771312 24.454663
-Trial 415 0 46771312 24.462076
-Trial 416 0 46771312 24.530399
-Trial 417 0 46771312 24.581343
-Trial 418 0 46771312 24.601215
-Trial 419 0 46771312 24.625822
-Trial 420 0 46771312 24.633230
-Trial 421 0 46771312 24.639703
-Trial 422 0 46771312 24.664254
-Trial 423 0 46771312 24.711677
-Trial 424 0 46771312 24.767559
-Trial 425 0 46771312 24.817559
-Trial 426 0 46771312 24.825335
-Trial 427 0 46771312 24.842238
-Trial 428 0 46771312 24.894199
-Trial 429 0 46771312 24.917962
-Trial 430 0 46771312 24.934191
-Trial 431 0 46771312 24.963057
* 432: Cost = 0_46771045, Time = 22.39 sec. 
-Trial 432 0 46771045 24.982922
* 433: Cost = 0_46766852, Time = 22.53 sec. 
-Trial 433 0 46766852 25.124356
-Trial 434 0 46766852 25.161111
-Trial 435 0 46766852 25.172369
-Trial 436 0 46766852 25.187267
-Trial 437 0 46766852 25.194445
-Trial 438 0 46766852 25.202709
-Trial 439 0 46766852 25.208566
-Trial 440 0 46766852 25.223269
-Trial 441 0 46766852 25.241205
-Trial 442 0 46766852 25.261709
-Trial 443 0 46766852 25.304933
* 444: Cost = 0_46759978, Time = 22.78 sec. 
-Trial 444 0 46759978 25.366149
-Trial 445 0 46759978 25.390834
-Trial 446 0 46759978 25.450706
-Trial 447 0 46759978 25.454828
-Trial 448 0 46759978 25.466882
-Trial 449 0 46759978 25.481183
-Trial 450 0 46759978 25.498802
-Trial 451 0 46759978 25.520443
-Trial 452 0 46759978 25.524339
-Trial 453 0 46759978 25.542009
-Trial 454 0 46759978 25.542448
-Trial 455 0 46759978 25.550191
-Trial 456 0 46759978 25.563883
-Trial 457 0 46759978 25.567766
-Trial 458 0 46759978 25.694381
-Trial 459 0 46759978 25.719139
-Trial 460 0 46759978 25.721776
* 461: Cost = 0_46676136, Time = 23.16 sec. 
-Trial 461 0 46676136 25.746233
-Trial 462 0 46676136 25.790233
-Trial 463 0 46676136 25.801295
-Trial 464 0 46676136 25.804611
-Trial 465 0 46676136 25.818737
-Trial 466 0 46676136 25.822225
-Trial 467 0 46676136 25.870996
-Trial 468 0 46676136 25.896677
-Trial 469 0 46676136 25.898604
-Trial 470 0 46676136 25.971865
-Trial 471 0 46676136 26.105825
* 472: Cost = 0_46664440, Time = 23.54 sec. 
-Trial 472 0 46664440 26.129260
-Trial 473 0 46664440 26.182831
-Trial 474 0 46664440 26.184730
-Trial 475 0 46664440 26.198763
-Trial 476 0 46664440 26.204196
-Trial 477 0 46664440 26.313934
-Trial 478 0 46664440 26.325115
* 479: Cost = 0_46654431, Time = 23.83 sec. 
-Trial 479 0 46654431 26.421322
-Trial 480 0 46654431 26.452429
-Trial 481 0 46654431 26.475214
-Trial 482 0 46654431 26.489318
* 483: Cost = 0_46606602, Time = 23.91 sec. 
-Trial 483 0 46606602 26.501543
-Trial 484 0 46606602 26.516604
-Trial 485 0 46606602 26.546531
-Trial 486 0 46606602 26.568158
* 487: Cost = 0_46551519, Time = 24.01 sec. 
-Trial 487 0 46551519 26.602884
-Trial 488 0 46551519 26.617944
-Trial 489 0 46551519 26.661409
-Trial 490 0 46551519 26.745463
* 491: Cost = 0_46461639, Time = 24.19 sec. 
-Trial 491 0 46461639 26.784273
-Trial 492 0 46461639 26.785522
-Trial 493 0 46461639 26.798435
-Trial 494 0 46461639 26.852367
-Trial 495 0 46461639 26.859606
-Trial 496 0 46461639 26.880485
-Trial 497 0 46461639 26.889546
-Trial 498 0 46461639 26.897730
-Trial 499 0 46461639 26.915359
-Trial 500 0 46461639 26.950630
-Trial 501 0 46461639 26.957868
-Trial 502 0 46461639 26.965343
* 503: Cost = 0_46440614, Time = 24.41 sec. 
-Trial 503 0 46440614 26.996232
-Trial 504 0 46440614 27.079682
-Trial 505 0 46440614 27.087680
-Trial 506 0 46440614 27.419256
-Trial 507 0 46440614 27.453599
-Trial 508 0 46440614 27.461647
* 509: Cost = 0_46439053, Time = 24.89 sec. 
-Trial 509 0 46439053 27.484171
-Trial 510 0 46439053 27.519856
-Trial 511 0 46439053 27.651860
-Trial 512 0 46439053 27.658105
-Trial 513 0 46439053 27.678037
-Trial 514 0 46439053 27.696005
-Trial 515 0 46439053 27.710252
-Trial 516 0 46439053 27.741779
-Trial 517 0 46439053 27.763411
-Trial 518 0 46439053 27.818437
-Trial 519 0 46439053 27.820196
-Trial 520 0 46439053 27.852829
* 521: Cost = 0_46428498, Time = 25.27 sec. 
-Trial 521 0 46428498 27.857890
-Trial 522 0 46428498 27.904931
-Trial 523 0 46428498 27.952580
-Trial 524 0 46428498 27.960896
-Trial 525 0 46428498 28.033296
-Trial 526 0 46428498 28.121174
* 527: Cost = 0_46405868, Time = 25.54 sec. 
-Trial 527 0 46405868 28.128505
-Trial 528 0 46405868 28.141770
-Trial 529 0 46405868 28.160210
-Trial 530 0 46405868 28.176408
-Trial 531 0 46405868 28.184790
-Trial 532 0 46405868 28.198279
-Trial 533 0 46405868 28.215619
-Trial 534 0 46405868 28.254134
-Trial 535 0 46405868 28.270896
-Trial 536 0 46405868 28.271352
-Trial 537 0 46405868 28.278981
-Trial 538 0 46405868 28.306545
-Trial 539 0 46405868 28.319805
-Trial 540 0 46405868 28.467893
-Trial 541 0 46405868 28.871084
-Trial 542 0 46405868 28.951065
-Trial 543 0 46405868 28.961956
-Trial 544 0 46405868 29.003529
-Trial 545 0 46405868 29.037517
-Trial 546 0 46405868 29.111389
-Trial 547 0 46405868 29.186561
-Trial 548 0 46405868 29.243505
-Trial 549 0 46405868 29.272728
-Trial 550 0 46405868 29.285796
-Trial 551 0 46405868 29.291904
-Trial 552 0 46405868 29.382842
-Trial 553 0 46405868 29.389209
-Trial 554 0 46405868 29.393128
-Trial 555 0 46405868 29.423984
-Trial 556 0 46405868 29.451617
-Trial 557 0 46405868 29.457216
-Trial 558 0 46405868 29.492520
-Trial 559 0 46405868 29.513101
-Trial 560 0 46405868 29.575014
-Trial 561 0 46405868 29.587914
-Trial 562 0 46405868 29.784647
-Trial 563 0 46405868 29.954562
-Trial 564 0 46405868 29.967797
-Trial 565 0 46405868 29.998140
-Trial 566 0 46405868 30.006975
-Trial 567 0 46405868 30.067088
* 568: Cost = 0_46400098, Time = 27.56 sec. 
-Trial 568 0 46400098 30.150705
-Trial 569 0 46400098 30.157545
-Trial 570 0 46400098 30.167000
-Trial 571 0 46400098 30.185835
-Trial 572 0 46400098 30.206008
* 573: Cost = 0_46395204, Time = 27.66 sec. 
-Trial 573 0 46395204 30.252374
-Trial 574 0 46395204 30.260949
-Trial 575 0 46395204 30.272482
-Trial 576 0 46395204 30.283332
-Trial 577 0 46395204 30.291170
-Trial 578 0 46395204 30.349692
-Trial 579 0 46395204 30.355698
-Trial 580 0 46395204 30.431718
-Trial 581 0 46395204 30.573747
-Trial 582 0 46395204 30.629755
-Trial 583 0 46395204 30.655385
-Trial 584 0 46395204 30.658558
-Trial 585 0 46395204 30.705950
-Trial 586 0 46395204 30.769988
-Trial 587 0 46395204 30.775090
-Trial 588 0 46395204 30.807179
-Trial 589 0 46395204 30.824588
-Trial 590 0 46395204 30.831549
-Trial 591 0 46395204 30.843960
-Trial 592 0 46395204 30.865155
* 593: Cost = 0_46303010, Time = 28.31 sec. 
-Trial 593 0 46303010 30.900069
-Trial 594 0 46303010 31.166153
-Trial 595 0 46303010 31.273878
-Trial 596 0 46303010 31.305184
-Trial 597 0 46303010 31.310758
-Trial 598 0 46303010 31.311672
-Trial 599 0 46303010 31.372841
-Trial 600 0 46303010 31.385207
* 601: Cost = 0_46250340, Time = 28.80 sec. 
-Trial 601 0 46250340 31.390819
-Trial 602 0 46250340 31.411255
-Trial 603 0 46250340 31.423953
-Trial 604 0 46250340 31.429884
-Trial 605 0 46250340 31.437031
-Trial 606 0 46250340 31.452465
-Trial 607 0 46250340 31.494370
-Trial 608 0 46250340 31.523369
-Trial 609 0 46250340 31.584291
-Trial 610 0 46250340 31.652275
-Trial 611 0 46250340 31.728069
-Trial 612 0 46250340 31.743245
-Trial 613 0 46250340 31.757745
-Trial 614 0 46250340 31.769262
-Trial 615 0 46250340 31.807422
-Trial 616 0 46250340 31.824996
-Trial 617 0 46250340 31.837708
* 618: Cost = 0_46189593, Time = 29.27 sec. 
-Trial 618 0 46189593 31.856222
-Trial 619 0 46189593 31.868790
-Trial 620 0 46189593 31.871665
-Trial 621 0 46189593 31.913278
-Trial 622 0 46189593 31.924411
-Trial 623 0 46189593 31.936212
-Trial 624 0 46189593 31.951919
-Trial 625 0 46189593 31.987978
-Trial 626 0 46189593 32.001606
-Trial 627 0 46189593 32.034282
-Trial 628 0 46189593 32.045626
-Trial 629 0 46189593 32.081579
-Trial 630 0 46189593 32.090047
-Trial 631 0 46189593 32.095805
-Trial 632 0 46189593 32.110522
-Trial 633 0 46189593 32.134962
-Trial 634 0 46189593 32.177335
-Trial 635 0 46189593 32.190651
* 636: Cost = 0_46187447, Time = 29.69 sec. 
-Trial 636 0 46187447 32.282166
-Trial 637 0 46187447 32.386021
-Trial 638 0 46187447 32.396928
-Trial 639 0 46187447 32.430696
-Trial 640 0 46187447 32.449616
-Trial 641 0 46187447 32.509044
-Trial 642 0 46187447 32.520286
-Trial 643 0 46187447 32.612758
-Trial 644 0 46187447 32.615116
-Trial 645 0 46187447 32.653003
-Trial 646 0 46187447 32.656054
-Trial 647 0 46187447 32.672318
-Trial 648 0 46187447 32.704852
-Trial 649 0 46187447 32.709493
-Trial 650 0 46187447 32.746071
-Trial 651 0 46187447 32.752909
* 652: Cost = 0_46163174, Time = 30.18 sec. 
-Trial 652 0 46163174 32.774416
-Trial 653 0 46163174 32.782154
-Trial 654 0 46163174 32.794195
-Trial 655 0 46163174 32.868088
-Trial 656 0 46163174 32.880982
-Trial 657 0 46163174 32.896528
-Trial 658 0 46163174 32.914776
-Trial 659 0 46163174 32.916574
-Trial 660 0 46163174 32.920955
-Trial 661 0 46163174 32.985353
-Trial 662 0 46163174 32.991298
-Trial 663 0 46163174 32.994445
-Trial 664 0 46163174 33.007442
-Trial 665 0 46163174 33.015262
-Trial 666 0 46163174 33.036385
-Trial 667 0 46163174 33.053894
-Trial 668 0 46163174 33.097983
-Trial 669 0 46163174 33.125508
-Trial 670 0 46163174 33.147487
-Trial 671 0 46163174 33.163103
-Trial 672 0 46163174 33.172519
-Trial 673 0 46163174 33.241308
-Trial 674 0 46163174 33.264171
-Trial 675 0 46163174 33.285839
-Trial 676 0 46163174 33.320244
-Trial 677 0 46163174 33.428094
-Trial 678 0 46163174 33.442699
-Trial 679 0 46163174 33.496472
-Trial 680 0 46163174 33.565171
-Trial 681 0 46163174 33.608412
-Trial 682 0 46163174 33.619631
-Trial 683 0 46163174 33.630289
-Trial 684 0 46163174 33.671508
-Trial 685 0 46163174 33.695346
-Trial 686 0 46163174 33.705854
-Trial 687 0 46163174 33.706316
-Trial 688 0 46163174 33.760004
-Trial 689 0 46163174 33.764091
-Trial 690 0 46163174 33.793830
-Trial 691 0 46163174 33.813013
-Trial 692 0 46163174 33.825942
-Trial 693 0 46163174 33.846934
-Trial 694 0 46163174 33.882378
-Trial 695 0 46163174 33.889398
-Trial 696 0 46163174 33.893646
-Trial 697 0 46163174 33.894372
-Trial 698 0 46163174 33.898694
-Trial 699 0 46163174 33.901284
-Trial 700 0 46163174 33.919027
-Trial 701 0 46163174 33.951739
-Trial 702 0 46163174 33.952389
-Trial 703 0 46163174 33.968951
-Trial 704 0 46163174 33.972073
-Trial 705 0 46163174 33.981986
-Trial 706 0 46163174 33.991776
-Trial 707 0 46163174 34.000431
-Trial 708 0 46163174 34.082956
-Trial 709 0 46163174 34.103650
* 710: Cost = 0_46128313, Time = 31.52 sec. 
-Trial 710 0 46128313 34.109699
-Trial 711 0 46128313 34.128832
-Trial 712 0 46128313 34.154359
-Trial 713 0 46128313 34.164813
-Trial 714 0 46128313 34.195891
-Trial 715 0 46128313 34.204754
-Trial 716 0 46128313 34.206251
-Trial 717 0 46128313 34.225871
-Trial 718 0 46128313 34.264161
-Trial 719 0 46128313 34.271743
-Trial 720 0 46128313 34.280396
-Trial 721 0 46128313 34.352656
-Trial 722 0 46128313 34.685048
-Trial 723 0 46128313 34.693654
-Trial 724 0 46128313 34.716541
-Trial 725 0 46128313 34.762147
-Trial 726 0 46128313 34.813131
-Trial 727 0 46128313 34.813924
-Trial 728 0 46128313 34.853244
-Trial 729 0 46128313 34.907131
-Trial 730 0 46128313 34.920915
-Trial 731 0 46128313 34.948307
-Trial 732 0 46128313 34.960565
-Trial 733 0 46128313 34.961469
-Trial 734 0 46128313 34.987882
-Trial 735 0 46128313 35.044277
-Trial 736 0 46128313 35.272574
-Trial 737 0 46128313 35.288105
-Trial 738 0 46128313 35.304667
-Trial 739 0 46128313 35.329589
-Trial 740 0 46128313 35.337128
-Trial 741 0 46128313 35.353730
-Trial 742 0 46128313 35.354235
-Trial 743 0 46128313 35.367382
-Trial 744 0 46128313 35.418025
-Trial 745 0 46128313 35.424913
-Trial 746 0 46128313 35.452797
-Trial 747 0 46128313 35.476000
-Trial 748 0 46128313 35.486226
-Trial 749 0 46128313 35.492505
-Trial 750 0 46128313 35.495937
-Trial 751 0 46128313 35.535348
-Trial 752 0 46128313 35.568526
-Trial 753 0 46128313 35.569929
-Trial 754 0 46128313 35.632132
-Trial 755 0 46128313 35.669100
-Trial 756 0 46128313 35.685993
-Trial 757 0 46128313 35.692228
-Trial 758 0 46128313 35.698611
-Trial 759 0 46128313 35.717765
-Trial 760 0 46128313 35.752975
-Trial 761 0 46128313 35.767436
-Trial 762 0 46128313 35.804881
-Trial 763 0 46128313 35.836574
-Trial 764 0 46128313 35.944085
-Trial 765 0 46128313 35.980528
-Trial 766 0 46128313 35.999340
-Trial 767 0 46128313 36.013164
-Trial 768 0 46128313 36.037136
-Trial 769 0 46128313 36.163164
-Trial 770 0 46128313 36.190715
-Trial 771 0 46128313 36.193752
-Trial 772 0 46128313 36.203475
-Trial 773 0 46128313 36.226989
-Trial 774 0 46128313 36.279839
-Trial 775 0 46128313 36.288052
-Trial 776 0 46128313 36.304715
-Trial 777 0 46128313 36.312485
-Trial 778 0 46128313 36.325838
-Trial 779 0 46128313 36.353210
-Trial 780 0 46128313 36.576929
* 781: Cost = 0_46060266, Time = 34.06 sec. 
-Trial 781 0 46060266 36.648546
-Trial 782 0 46060266 36.672347
-Trial 783 0 46060266 36.846815
-Trial 784 0 46060266 36.879142
-Trial 785 0 46060266 37.139007
-Trial 786 0 46060266 37.159480
-Trial 787 0 46060266 37.174344
-Trial 788 0 46060266 37.193967
-Trial 789 0 46060266 37.239138
-Trial 790 0 46060266 37.392988
-Trial 791 0 46060266 37.404608
-Trial 792 0 46060266 37.413367
-Trial 793 0 46060266 37.421658
-Trial 794 0 46060266 37.460969
-Trial 795 0 46060266 37.504338
-Trial 796 0 46060266 37.511638
-Trial 797 0 46060266 37.526347
-Trial 798 0 46060266 37.532113
-Trial 799 0 46060266 37.537077
-Trial 800 0 46060266 37.539652
-Trial 801 0 46060266 37.549887
-Trial 802 0 46060266 37.552366
-Trial 803 0 46060266 37.554881
-Trial 804 0 46060266 37.597943
-Trial 805 0 46060266 37.700054
-Trial 806 0 46060266 37.711247
-Trial 807 0 46060266 37.738587
-Trial 808 0 46060266 37.755886
-Trial 809 0 46060266 37.765528
-Trial 810 0 46060266 37.846726
-Trial 811 0 46060266 37.883200
-Trial 812 0 46060266 37.916958
-Trial 813 0 46060266 37.920834
-Trial 814 0 46060266 37.928842
-Trial 815 0 46060266 37.946749
-Trial 816 0 46060266 37.950757
-Trial 817 0 46060266 37.965704
-Trial 818 0 46060266 37.978071
-Trial 819 0 46060266 37.985095
-Trial 820 0 46060266 38.023247
-Trial 821 0 46060266 38.040366
-Trial 822 0 46060266 38.057488
* 823: Cost = 0_46012592, Time = 35.52 sec. 
-Trial 823 0 46012592 38.109771
-Trial 824 0 46012592 38.140767
-Trial 825 0 46012592 38.159703
-Trial 826 0 46012592 38.228695
-Trial 827 0 46012592 38.236895
-Trial 828 0 46012592 38.260919
-Trial 829 0 46012592 38.285204
-Trial 830 0 46012592 38.285870
-Trial 831 0 46012592 38.361051
-Trial 832 0 46012592 38.378419
* 833: Cost = 0_46009074, Time = 35.79 sec. 
-Trial 833 0 46009074 38.379924
-Trial 834 0 46009074 38.395965
-Trial 835 0 46009074 38.410038
-Trial 836 0 46009074 38.450224
-Trial 837 0 46009074 38.496716
-Trial 838 0 46009074 38.538439
-Trial 839 0 46009074 38.548801
-Trial 840 0 46009074 38.554513
-Trial 841 0 46009074 38.723091
-Trial 842 0 46009074 38.737089
-Trial 843 0 46009074 38.740861
-Trial 844 0 46009074 38.750287
-Trial 845 0 46009074 38.756405
-Trial 846 0 46009074 38.764551
-Trial 847 0 46009074 38.769187
-Trial 848 0 46009074 38.800457
-Trial 849 0 46009074 38.805023
-Trial 850 0 46009074 38.882931
-Trial 851 0 46009074 38.886906
-Trial 852 0 46009074 38.890257
-Trial 853 0 46009074 38.907026
-Trial 854 0 46009074 38.914996
-Trial 855 0 46009074 38.996055
-Trial 856 0 46009074 39.004620
-Trial 857 0 46009074 39.032028
-Trial 858 0 46009074 39.038718
-Trial 859 0 46009074 39.040816
-Trial 860 0 46009074 39.060132
-Trial 861 0 46009074 39.087861
-Trial 862 0 46009074 39.095659
-Trial 863 0 46009074 39.122235
-Trial 864 0 46009074 39.137427
-Trial 865 0 46009074 39.172637
-Trial 866 0 46009074 39.293846
-Trial 867 0 46009074 39.297119
* 868: Cost = 0_45988079, Time = 36.71 sec. 
-Trial 868 0 45988079 39.304242
-Trial 869 0 45988079 39.337406
-Trial 870 0 45988079 39.496555
-Trial 871 0 45988079 39.511087
-Trial 872 0 45988079 39.574611
-Trial 873 0 45988079 39.587941
-Trial 874 0 45988079 39.618574
-Trial 875 0 45988079 39.638057
-Trial 876 0 45988079 39.644118
-Trial 877 0 45988079 39.654114
-Trial 878 0 45988079 39.658803
-Trial 879 0 45988079 39.668107
-Trial 880 0 45988079 39.670032
-Trial 881 0 45988079 39.673968
-Trial 882 0 45988079 39.683532
-Trial 883 0 45988079 39.733927
-Trial 884 0 45988079 39.753677
-Trial 885 0 45988079 39.770950
-Trial 886 0 45988079 39.829304
-Trial 887 0 45988079 39.842438
-Trial 888 0 45988079 39.861303
-Trial 889 0 45988079 39.881161
-Trial 890 0 45988079 39.921559
-Trial 891 0 45988079 39.942947
-Trial 892 0 45988079 39.976205
-Trial 893 0 45988079 39.998526
-Trial 894 0 45988079 40.021853
-Trial 895 0 45988079 40.041508
-Trial 896 0 45988079 40.070154
-Trial 897 0 45988079 40.078453
-Trial 898 0 45988079 40.104723
-Trial 899 0 45988079 40.107192
-Trial 900 0 45988079 40.133173
-Trial 901 0 45988079 40.161724
-Trial 902 0 45988079 40.169234
-Trial 903 0 45988079 40.192294
-Trial 904 0 45988079 40.199105
-Trial 905 0 45988079 40.204091
-Trial 906 0 45988079 40.212025
-Trial 907 0 45988079 40.222525
-Trial 908 0 45988079 40.253527
-Trial 909 0 45988079 40.279615
-Trial 910 0 45988079 40.351109
-Trial 911 0 45988079 40.372394
-Trial 912 0 45988079 40.386240
-Trial 913 0 45988079 40.415496
-Trial 914 0 45988079 40.430751
-Trial 915 0 45988079 40.445924
-Trial 916 0 45988079 40.473321
-Trial 917 0 45988079 40.486840
-Trial 918 0 45988079 40.496007
-Trial 919 0 45988079 40.506460
-Trial 920 0 45988079 40.535728
-Trial 921 0 45988079 40.540287
-Trial 922 0 45988079 40.546151
-Trial 923 0 45988079 40.552904
-Trial 924 0 45988079 40.561123
-Trial 925 0 45988079 40.627289
-Trial 926 0 45988079 40.629869
-Trial 927 0 45988079 40.637460
-Trial 928 0 45988079 40.651312
-Trial 929 0 45988079 40.674309
-Trial 930 0 45988079 40.678281
-Trial 931 0 45988079 40.697731
-Trial 932 0 45988079 40.702610
-Trial 933 0 45988079 40.722208
-Trial 934 0 45988079 40.733892
-Trial 935 0 45988079 40.778100
-Trial 936 0 45988079 40.897133
-Trial 937 0 45988079 40.908348
-Trial 938 0 45988079 40.939807
-Trial 939 0 45988079 40.942630
-Trial 940 0 45988079 40.962293
-Trial 941 0 45988079 40.981717
-Trial 942 0 45988079 40.999301
-Trial 943 0 45988079 41.000586
-Trial 944 0 45988079 41.013399
-Trial 945 0 45988079 41.071998
-Trial 946 0 45988079 41.073335
-Trial 947 0 45988079 41.100826
-Trial 948 0 45988079 41.108685
-Trial 949 0 45988079 41.120508
-Trial 950 0 45988079 41.130768
-Trial 951 0 45988079 41.175042
-Trial 952 0 45988079 41.182259
-Trial 953 0 45988079 41.210690
-Trial 954 0 45988079 41.214202
-Trial 955 0 45988079 41.244661
-Trial 956 0 45988079 41.280229
-Trial 957 0 45988079 41.298553
-Trial 958 0 45988079 41.305247
-Trial 959 0 45988079 41.313586
-Trial 960 0 45988079 41.358895
-Trial 961 0 45988079 41.367912
-Trial 962 0 45988079 41.384992
-Trial 963 0 45988079 41.390764
-Trial 964 0 45988079 41.403912
-Trial 965 0 45988079 41.444419
-Trial 966 0 45988079 41.454387
-Trial 967 0 45988079 41.467402
-Trial 968 0 45988079 41.474264
-Trial 969 0 45988079 41.492062
-Trial 970 0 45988079 41.594395
* 971: Cost = 0_45981432, Time = 39.01 sec. 
-Trial 971 0 45981432 41.599291
-Trial 972 0 45981432 41.628038
-Trial 973 0 45981432 41.630680
-Trial 974 0 45981432 41.748489
-Trial 975 0 45981432 41.776791
-Trial 976 0 45981432 41.809236
-Trial 977 0 45981432 41.818681
-Trial 978 0 45981432 41.822738
-Trial 979 0 45981432 41.991034
-Trial 980 0 45981432 42.006540
-Trial 981 0 45981432 42.027247
-Trial 982 0 45981432 42.043485
-Trial 983 0 45981432 42.052431
-Trial 984 0 45981432 42.113122
-Trial 985 0 45981432 42.122050
-Trial 986 0 45981432 42.132632
-Trial 987 0 45981432 42.136065
-Trial 988 0 45981432 42.141671
-Trial 989 0 45981432 42.176628
-Trial 990 0 45981432 42.204260
-Trial 991 0 45981432 42.215324
-Trial 992 0 45981432 42.217976
-Trial 993 0 45981432 42.235462
-Trial 994 0 45981432 42.249229
* 995: Cost = 0_45942054, Time = 39.71 sec. 
-Trial 995 0 45942054 42.302577
-Trial 996 0 45942054 42.332825
-Trial 997 0 45942054 42.354757
-Trial 998 0 45942054 42.405928
-Trial 999 0 45942054 42.415318
-Trial 1000 0 45942054 42.473986
Population:
  1: 0_45942054
Run 1: Cost = 0_45942054, Time = 39.89 sec. 

Successes/Runs = 0/1 
Cost.min = 45942054, Cost.avg = 45942054.00, Cost.max = 45942054
Gap.min = 0.0000%, Gap.avg = 0.0000%, Gap.max = 0.0000%
Penalty.min = 0, Penalty.avg = 0.00, Penalty.max = 0
Trials.min = 1000, Trials.avg = 1000.0, Trials.max = 1000
Time.min = 39.89 sec., Time.avg = 39.89 sec., Time.max = 39.89 sec.
Time.total = 42.47 sec.
  Size.min = 14, Size.max = 33, Penalty = 0
  Cost.min = 1198198, Cost.max = 3717935, Cost.sum = 45942054
Best CVRPTW solution:
  Cost = 0_45942054
1 213 370 239 422 385 129 343 416 109 127 325 424 104 386 423 194 319 481 82 263 182 457 42 232 363 77 253 317 43 15 297 428 144 508 499 345 218 371 418 409 445 447 54 264 99 255 267 498 341 443 79 22 507 458 242 70 310 112 480 470 138 454 450 146 125 149 4 340 290 20 59 140 48 96 181 441 126 240 160 266 84 170 509 288 453 426 262 336 76 74 410 119 337 459 237 299 401 98 101 389 87 283 60 519 367 203 136 384 173 265 260 21 494 482 472 61 308 24 31 88 3 296 305 430 439 169 506 501 207 33 235 45 193 366 282 231 394 455 392 421 83 314 103 120 152 153 495 5 171 431 320 510 111 372 250 247 425 228 456 102 338 142 368 331 374 373 520 322 465 281 208 433 221 56 387 278 117 330 442 223 63 432 135 148 484 41 23 356 461 517 143 49 420 329 85 130 303 449 467 497 404 47 287 463 490 408 97 123 118 381 258 444 440 323 344 198 412 478 355 274 514 391 302 200 479 488 62 147 163 438 328 295 256 209 17 210 175 58 185 50 491 244 475 261 272 34 245 502 383 86 471 224 192 378 155 215 327 464 294 293 13 271 357 451 68 204 191 46 225 504 350 165 53 7 176 280 291 184 190 254 379 154 121 158 313 28 67 57 492 466 100 415 339 427 342 38 14 186 318 233 460 511 276 92 398 166 229 333 55 251 180 352 399 52 35 485 259 406 16 150 64 284 468 89 395 69 434 396 292 359 248 515 167 243 183 199 332 377 309 230 306 25 19 156 300 134 390 414 124 375 212 347 304 8 159 315 178 277 113 397 257 473 202 2 512 137 312 18 429 172 411 360 188 93 222 301 139 131 500 474 211 462 220 177 30 349 289 132 400 37 285 164 249 107 197 90 503 72 36 437 279 187 114 44 362 388 486 65 236 73 151 321 39 448 196 168 110 78 348 354 80 516 496 32 275 246 298 214 353 189 493 469 205 66 95 402 6 241 335 12 179 505 51 252 419 307 217 358 477 195 435 326 413 483 91 270 116 376 10 11 94 324 346 128 29 268 476 369 380 518 227 273 489 145 407 219 105 316 26 157 9 364 393 75 201 40 226 108 365 513 81 162 382 206 405 269 234 122 487 106 417 161 361 71 286 436 311 27 446 115 238 403 133 334 141 174 216 351 452 1 
