PARAMETER_FILE = result/cvrptw_500/LKH_para/6.para
Reading PROBLEM_FILE: "result/cvrptw_500/cvrptw/6.cvrptw" ... done
ASCENT_CANDIDATES = 50
BACKBONE_TRIALS = 0
BACKTRACKING = NO
# BWTSP =
# CANDIDATE_FILE =
CANDIDATE_SET_TYPE = ALPHA
DEPOT = 1
# EDGE_FILE =
EXCESS = 0.0384615
EXTERNAL_SALESMEN = 0
EXTRA_CANDIDATES = 0 
EXTRA_CANDIDATE_SET_TYPE = QUADRANT
GAIN23 = NO
GAIN_CRITERION = YES
INITIAL_PERIOD = 520
INITIAL_STEP_SIZE = 1
INITIAL_TOUR_ALGORITHM = WALK
# INITIAL_TOUR_FILE = 
INITIAL_TOUR_FRACTION = 1.000
# INPUT_TOUR_FILE = 
KICK_TYPE = 4
KICKS = 1
# MAX_BREADTH =
MAKESPAN = NO
MAX_CANDIDATES = 5 
MAX_SWAPS = 0
MAX_TRIALS = 1000
# MERGE_TOUR_FILE =
MOVE_TYPE = 5 SPECIAL
MTSP_MIN_SIZE = 1
MTSP_MAX_SIZE = 1039
# MTSP_SOLUTION_FILE = 
# NONSEQUENTIAL_MOVE_TYPE = 5
# OPTIMUM =
# OUTPUT_TOUR_FILE = 
PATCHING_A = 1 
PATCHING_C = 0 
# PI_FILE = 
POPMUSIC_INITIAL_TOUR = NO
POPMUSIC_MAX_NEIGHBORS = 5
POPMUSIC_SAMPLE_SIZE = 10
POPMUSIC_SOLUTIONS = 50
POPMUSIC_TRIALS = 1
POPULATION_SIZE = 10
PRECISION = 100
PROBLEM_FILE = result/cvrptw_500/cvrptw/6.cvrptw
RECOMBINATION = IPT
RESTRICTED_SEARCH = YES
RUNS = 1
SALESMEN = 20
SCALE = 1
SEED = 1234
# SINTEF_SOLUTION_FILE = 
STOP_AT_OPTIMUM = YES
SUBGRADIENT = YES
# SUBPROBLEM_SIZE =
# SUBPROBLEM_TOUR_FILE = 
SUBSEQUENT_MOVE_TYPE = 5 SPECIAL
SUBSEQUENT_PATCHING = YES
# TIME_LIMIT =
# TOUR_FILE = 
TRACE_LEVEL = 1
VEHICLES = 20

Lower bound = 26851447.1, Ascent time = 4.26 sec.
Cand.min = 5, Cand.avg = 5.0, Cand.max = 5
Edges.fixed = 520 [Cost = 0]
Preprocessing time = 4.35 sec.
* 1: Cost = 21674_54036918, Time = 4.09 sec. 
-Trial 1 21674 54036918 8.437539
* 2: Cost = 0_53796890, Time = 4.45 sec. 
-Trial 2 0 53796890 8.795066
* 3: Cost = 0_53464079, Time = 4.47 sec. 
-Trial 3 0 53464079 8.815703
* 4: Cost = 0_52161144, Time = 4.51 sec. 
-Trial 4 0 52161144 8.857727
-Trial 5 0 52161144 8.894237
* 6: Cost = 0_51370476, Time = 4.65 sec. 
-Trial 6 0 51370476 8.996591
* 7: Cost = 0_50977882, Time = 4.69 sec. 
-Trial 7 0 50977882 9.041012
-Trial 8 0 50977882 9.049082
* 9: Cost = 0_50787126, Time = 4.71 sec. 
-Trial 9 0 50787126 9.060272
-Trial 10 0 50787126 9.066698
* 11: Cost = 0_49250711, Time = 4.73 sec. 
-Trial 11 0 49250711 9.073886
* 12: Cost = 0_48873328, Time = 4.78 sec. 
-Trial 12 0 48873328 9.132192
-Trial 13 0 48873328 9.307159
-Trial 14 0 48873328 9.323313
* 15: Cost = 0_48686762, Time = 5.19 sec. 
-Trial 15 0 48686762 9.540387
* 16: Cost = 0_48661312, Time = 5.21 sec. 
-Trial 16 0 48661312 9.559579
-Trial 17 0 48661312 9.569398
-Trial 18 0 48661312 9.583592
* 19: Cost = 0_48611372, Time = 5.24 sec. 
-Trial 19 0 48611372 9.589157
-Trial 20 0 48611372 9.621085
-Trial 21 0 48611372 9.764362
-Trial 22 0 48611372 9.783607
-Trial 23 0 48611372 9.814896
* 24: Cost = 0_48589345, Time = 5.47 sec. 
-Trial 24 0 48589345 9.822826
* 25: Cost = 0_48396962, Time = 5.57 sec. 
-Trial 25 0 48396962 9.915739
-Trial 26 0 48396962 9.919466
-Trial 27 0 48396962 9.920348
* 28: Cost = 0_48374267, Time = 5.60 sec. 
-Trial 28 0 48374267 9.951850
-Trial 29 0 48374267 9.973458
-Trial 30 0 48374267 9.996786
-Trial 31 0 48374267 10.037018
* 32: Cost = 0_48302479, Time = 5.73 sec. 
-Trial 32 0 48302479 10.080266
-Trial 33 0 48302479 10.115595
-Trial 34 0 48302479 10.135341
-Trial 35 0 48302479 10.142825
-Trial 36 0 48302479 10.231545
-Trial 37 0 48302479 10.291154
* 38: Cost = 0_47966489, Time = 6.01 sec. 
-Trial 38 0 47966489 10.360610
* 39: Cost = 0_47902258, Time = 6.03 sec. 
-Trial 39 0 47902258 10.380183
-Trial 40 0 47902258 10.495509
-Trial 41 0 47902258 10.497621
-Trial 42 0 47902258 10.516637
-Trial 43 0 47902258 10.550501
* 44: Cost = 0_47895618, Time = 6.22 sec. 
-Trial 44 0 47895618 10.564306
* 45: Cost = 0_47577647, Time = 6.31 sec. 
-Trial 45 0 47577647 10.653879
-Trial 46 0 47577647 10.695833
-Trial 47 0 47577647 10.830113
-Trial 48 0 47577647 10.854044
* 49: Cost = 0_47439653, Time = 6.51 sec. 
-Trial 49 0 47439653 10.855736
-Trial 50 0 47439653 10.988386
* 51: Cost = 0_47285024, Time = 6.66 sec. 
-Trial 51 0 47285024 11.009256
-Trial 52 0 47285024 11.024354
* 53: Cost = 0_47241242, Time = 6.70 sec. 
-Trial 53 0 47241242 11.049201
-Trial 54 0 47241242 11.152139
* 55: Cost = 0_47149477, Time = 6.88 sec. 
-Trial 55 0 47149477 11.232447
-Trial 56 0 47149477 11.263494
-Trial 57 0 47149477 11.428006
* 58: Cost = 0_47033887, Time = 7.15 sec. 
-Trial 58 0 47033887 11.502086
-Trial 59 0 47033887 11.549654
-Trial 60 0 47033887 11.920658
-Trial 61 0 47033887 12.032674
* 62: Cost = 0_46990016, Time = 7.72 sec. 
-Trial 62 0 46990016 12.064597
-Trial 63 0 46990016 12.067926
-Trial 64 0 46990016 12.102738
-Trial 65 0 46990016 12.135335
-Trial 66 0 46990016 12.159459
-Trial 67 0 46990016 12.215491
-Trial 68 0 46990016 12.239434
* 69: Cost = 0_46839669, Time = 7.93 sec. 
-Trial 69 0 46839669 12.280712
* 70: Cost = 0_46784807, Time = 7.99 sec. 
-Trial 70 0 46784807 12.335519
* 71: Cost = 0_46754958, Time = 8.06 sec. 
-Trial 71 0 46754958 12.405552
-Trial 72 0 46754958 12.424736
-Trial 73 0 46754958 12.434312
-Trial 74 0 46754958 12.444047
* 75: Cost = 0_46179833, Time = 8.18 sec. 
-Trial 75 0 46179833 12.530240
* 76: Cost = 0_46071042, Time = 8.24 sec. 
-Trial 76 0 46071042 12.588415
-Trial 77 0 46071042 12.683636
-Trial 78 0 46071042 12.704566
* 79: Cost = 0_46034912, Time = 8.36 sec. 
-Trial 79 0 46034912 12.710903
-Trial 80 0 46034912 12.745413
-Trial 81 0 46034912 12.817853
-Trial 82 0 46034912 12.861988
-Trial 83 0 46034912 12.892041
-Trial 84 0 46034912 12.938339
-Trial 85 0 46034912 13.068249
* 86: Cost = 0_46022519, Time = 8.73 sec. 
-Trial 86 0 46022519 13.077195
-Trial 87 0 46022519 13.087496
-Trial 88 0 46022519 13.097564
-Trial 89 0 46022519 13.210518
-Trial 90 0 46022519 13.238412
-Trial 91 0 46022519 13.241050
-Trial 92 0 46022519 13.244136
* 93: Cost = 0_45912357, Time = 8.92 sec. 
-Trial 93 0 45912357 13.270929
-Trial 94 0 45912357 13.271395
-Trial 95 0 45912357 13.305107
-Trial 96 0 45912357 13.315066
-Trial 97 0 45912357 13.370501
-Trial 98 0 45912357 13.371771
-Trial 99 0 45912357 13.374845
-Trial 100 0 45912357 13.422758
-Trial 101 0 45912357 13.460244
-Trial 102 0 45912357 13.487077
-Trial 103 0 45912357 13.523271
-Trial 104 0 45912357 13.602616
* 105: Cost = 0_45844142, Time = 9.27 sec. 
-Trial 105 0 45844142 13.620176
-Trial 106 0 45844142 13.622326
-Trial 107 0 45844142 13.627234
-Trial 108 0 45844142 13.641304
-Trial 109 0 45844142 13.682258
-Trial 110 0 45844142 13.699258
* 111: Cost = 0_45826214, Time = 9.37 sec. 
-Trial 111 0 45826214 13.720110
-Trial 112 0 45826214 13.825922
-Trial 113 0 45826214 13.839284
-Trial 114 0 45826214 13.842433
* 115: Cost = 0_45656483, Time = 9.53 sec. 
-Trial 115 0 45656483 13.873737
-Trial 116 0 45656483 13.920415
* 117: Cost = 0_45637490, Time = 9.58 sec. 
-Trial 117 0 45637490 13.932563
-Trial 118 0 45637490 14.026427
-Trial 119 0 45637490 14.031624
-Trial 120 0 45637490 14.055862
-Trial 121 0 45637490 14.110879
-Trial 122 0 45637490 14.117111
-Trial 123 0 45637490 14.127200
-Trial 124 0 45637490 14.333893
-Trial 125 0 45637490 14.349925
-Trial 126 0 45637490 14.384314
-Trial 127 0 45637490 14.408227
-Trial 128 0 45637490 14.413767
-Trial 129 0 45637490 14.496239
-Trial 130 0 45637490 14.511717
* 131: Cost = 0_45617018, Time = 10.21 sec. 
-Trial 131 0 45617018 14.559144
* 132: Cost = 0_45609065, Time = 10.27 sec. 
-Trial 132 0 45609065 14.617344
* 133: Cost = 0_45562829, Time = 10.32 sec. 
-Trial 133 0 45562829 14.671706
-Trial 134 0 45562829 14.705792
* 135: Cost = 0_45359336, Time = 10.38 sec. 
-Trial 135 0 45359336 14.731415
-Trial 136 0 45359336 14.877831
-Trial 137 0 45359336 14.896832
-Trial 138 0 45359336 14.907588
* 139: Cost = 0_45210011, Time = 10.58 sec. 
-Trial 139 0 45210011 14.926415
* 140: Cost = 0_45182902, Time = 10.58 sec. 
-Trial 140 0 45182902 14.929440
* 141: Cost = 0_45079510, Time = 10.60 sec. 
-Trial 141 0 45079510 14.953211
-Trial 142 0 45079510 14.967249
-Trial 143 0 45079510 14.987141
-Trial 144 0 45079510 15.006201
* 145: Cost = 0_45008350, Time = 10.70 sec. 
-Trial 145 0 45008350 15.045621
-Trial 146 0 45008350 15.048920
-Trial 147 0 45008350 15.092019
* 148: Cost = 0_44883575, Time = 10.95 sec. 
-Trial 148 0 44883575 15.294723
-Trial 149 0 44883575 15.311987
-Trial 150 0 44883575 15.318093
-Trial 151 0 44883575 15.350863
-Trial 152 0 44883575 15.556842
-Trial 153 0 44883575 15.579968
-Trial 154 0 44883575 15.614320
-Trial 155 0 44883575 15.625958
-Trial 156 0 44883575 15.645488
-Trial 157 0 44883575 15.722285
* 158: Cost = 0_44748685, Time = 11.53 sec. 
-Trial 158 0 44748685 15.883259
-Trial 159 0 44748685 15.913186
* 160: Cost = 0_44745060, Time = 11.58 sec. 
-Trial 160 0 44745060 15.926897
-Trial 161 0 44745060 15.995958
* 162: Cost = 0_44744006, Time = 11.67 sec. 
-Trial 162 0 44744006 16.014111
-Trial 163 0 44744006 16.043936
-Trial 164 0 44744006 16.080153
-Trial 165 0 44744006 16.142082
-Trial 166 0 44744006 16.199059
-Trial 167 0 44744006 16.206544
-Trial 168 0 44744006 16.227251
* 169: Cost = 0_44641509, Time = 11.92 sec. 
-Trial 169 0 44641509 16.268396
* 170: Cost = 0_44389008, Time = 11.95 sec. 
-Trial 170 0 44389008 16.299561
-Trial 171 0 44389008 16.347949
-Trial 172 0 44389008 16.350902
* 173: Cost = 0_44365868, Time = 12.02 sec. 
-Trial 173 0 44365868 16.366152
-Trial 174 0 44365868 16.469978
-Trial 175 0 44365868 16.491929
-Trial 176 0 44365868 16.493383
-Trial 177 0 44365868 16.600905
-Trial 178 0 44365868 16.615850
-Trial 179 0 44365868 16.622428
-Trial 180 0 44365868 16.677994
-Trial 181 0 44365868 16.689150
-Trial 182 0 44365868 16.709914
-Trial 183 0 44365868 16.757885
-Trial 184 0 44365868 16.882054
-Trial 185 0 44365868 16.900105
-Trial 186 0 44365868 16.930054
* 187: Cost = 0_44342056, Time = 12.60 sec. 
-Trial 187 0 44342056 16.950271
-Trial 188 0 44342056 16.976828
-Trial 189 0 44342056 16.995361
-Trial 190 0 44342056 17.004590
* 191: Cost = 0_44123628, Time = 12.98 sec. 
-Trial 191 0 44123628 17.327324
-Trial 192 0 44123628 17.342598
-Trial 193 0 44123628 17.351267
-Trial 194 0 44123628 17.369472
-Trial 195 0 44123628 17.384916
-Trial 196 0 44123628 17.666221
-Trial 197 0 44123628 17.746383
-Trial 198 0 44123628 17.759125
-Trial 199 0 44123628 17.767826
-Trial 200 0 44123628 18.158488
-Trial 201 0 44123628 18.171151
-Trial 202 0 44123628 18.183736
-Trial 203 0 44123628 18.188001
-Trial 204 0 44123628 18.328610
-Trial 205 0 44123628 18.357730
-Trial 206 0 44123628 18.385105
-Trial 207 0 44123628 18.408407
-Trial 208 0 44123628 18.501478
-Trial 209 0 44123628 18.511234
* 210: Cost = 0_44121527, Time = 14.22 sec. 
-Trial 210 0 44121527 18.570329
-Trial 211 0 44121527 18.572384
-Trial 212 0 44121527 18.693068
-Trial 213 0 44121527 18.709036
-Trial 214 0 44121527 18.749898
* 215: Cost = 0_44107432, Time = 14.44 sec. 
-Trial 215 0 44107432 18.788758
-Trial 216 0 44107432 18.802633
-Trial 217 0 44107432 18.808874
-Trial 218 0 44107432 18.822313
* 219: Cost = 0_44053743, Time = 14.51 sec. 
-Trial 219 0 44053743 18.857318
-Trial 220 0 44053743 18.881328
-Trial 221 0 44053743 18.927663
-Trial 222 0 44053743 18.930274
* 223: Cost = 0_44052514, Time = 14.60 sec. 
-Trial 223 0 44052514 18.945955
-Trial 224 0 44052514 18.967989
-Trial 225 0 44052514 18.987182
-Trial 226 0 44052514 18.992952
-Trial 227 0 44052514 19.019519
-Trial 228 0 44052514 19.105014
-Trial 229 0 44052514 19.133962
-Trial 230 0 44052514 19.137040
-Trial 231 0 44052514 19.174086
-Trial 232 0 44052514 19.196599
-Trial 233 0 44052514 19.204115
-Trial 234 0 44052514 19.378270
* 235: Cost = 0_43991845, Time = 15.08 sec. 
-Trial 235 0 43991845 19.427408
-Trial 236 0 43991845 19.457443
-Trial 237 0 43991845 19.473748
-Trial 238 0 43991845 19.483756
-Trial 239 0 43991845 19.520961
-Trial 240 0 43991845 19.547798
-Trial 241 0 43991845 19.684560
-Trial 242 0 43991845 19.720270
-Trial 243 0 43991845 19.726139
-Trial 244 0 43991845 19.795250
* 245: Cost = 0_43958907, Time = 15.46 sec. 
-Trial 245 0 43958907 19.804277
-Trial 246 0 43958907 19.827902
-Trial 247 0 43958907 19.868597
* 248: Cost = 0_43845626, Time = 15.59 sec. 
-Trial 248 0 43845626 19.935342
-Trial 249 0 43845626 19.946347
* 250: Cost = 0_43800193, Time = 15.64 sec. 
-Trial 250 0 43800193 19.991214
-Trial 251 0 43800193 20.001558
-Trial 252 0 43800193 20.004476
-Trial 253 0 43800193 20.047591
-Trial 254 0 43800193 20.054302
-Trial 255 0 43800193 20.083780
-Trial 256 0 43800193 20.154916
* 257: Cost = 0_43732554, Time = 15.82 sec. 
-Trial 257 0 43732554 20.168241
-Trial 258 0 43732554 20.304635
-Trial 259 0 43732554 20.321270
-Trial 260 0 43732554 20.333932
-Trial 261 0 43732554 20.358134
-Trial 262 0 43732554 20.400072
-Trial 263 0 43732554 20.423472
* 264: Cost = 0_43438558, Time = 16.08 sec. 
-Trial 264 0 43438558 20.425579
* 265: Cost = 0_43420195, Time = 16.08 sec. 
-Trial 265 0 43420195 20.428578
-Trial 266 0 43420195 20.435662
-Trial 267 0 43420195 20.467433
-Trial 268 0 43420195 20.492367
-Trial 269 0 43420195 20.525154
-Trial 270 0 43420195 20.644508
-Trial 271 0 43420195 20.648463
-Trial 272 0 43420195 20.684947
* 273: Cost = 0_43356313, Time = 16.34 sec. 
-Trial 273 0 43356313 20.688976
* 274: Cost = 0_43299934, Time = 16.38 sec. 
-Trial 274 0 43299934 20.731878
-Trial 275 0 43299934 20.732998
-Trial 276 0 43299934 20.772408
-Trial 277 0 43299934 20.783266
-Trial 278 0 43299934 20.794801
* 279: Cost = 0_43254748, Time = 16.45 sec. 
-Trial 279 0 43254748 20.801524
-Trial 280 0 43254748 20.891256
-Trial 281 0 43254748 20.999351
-Trial 282 0 43254748 21.008097
-Trial 283 0 43254748 21.008542
-Trial 284 0 43254748 21.017374
-Trial 285 0 43254748 21.024749
-Trial 286 0 43254748 21.042075
-Trial 287 0 43254748 21.061489
-Trial 288 0 43254748 21.062375
-Trial 289 0 43254748 21.070194
-Trial 290 0 43254748 21.072082
-Trial 291 0 43254748 21.211390
-Trial 292 0 43254748 21.224137
-Trial 293 0 43254748 21.306023
-Trial 294 0 43254748 21.340416
* 295: Cost = 0_43208946, Time = 17.00 sec. 
-Trial 295 0 43208946 21.345707
-Trial 296 0 43208946 21.361102
-Trial 297 0 43208946 21.372456
-Trial 298 0 43208946 21.385976
-Trial 299 0 43208946 21.423661
-Trial 300 0 43208946 21.441977
-Trial 301 0 43208946 21.485767
-Trial 302 0 43208946 21.495509
-Trial 303 0 43208946 21.536311
-Trial 304 0 43208946 21.545315
-Trial 305 0 43208946 21.551359
-Trial 306 0 43208946 21.553316
-Trial 307 0 43208946 21.569158
-Trial 308 0 43208946 21.616919
-Trial 309 0 43208946 21.668839
* 310: Cost = 0_43203386, Time = 17.34 sec. 
-Trial 310 0 43203386 21.683944
-Trial 311 0 43203386 21.721632
* 312: Cost = 0_43191933, Time = 17.38 sec. 
-Trial 312 0 43191933 21.725093
* 313: Cost = 0_43110147, Time = 17.41 sec. 
-Trial 313 0 43110147 21.760180
-Trial 314 0 43110147 21.792382
-Trial 315 0 43110147 21.819898
-Trial 316 0 43110147 21.829127
-Trial 317 0 43110147 21.852964
-Trial 318 0 43110147 21.886305
* 319: Cost = 0_42991157, Time = 17.61 sec. 
-Trial 319 0 42991157 21.962845
-Trial 320 0 42991157 22.011333
-Trial 321 0 42991157 22.024349
-Trial 322 0 42991157 22.048907
-Trial 323 0 42991157 22.137793
-Trial 324 0 42991157 22.175972
-Trial 325 0 42991157 22.181644
* 326: Cost = 0_42927633, Time = 17.84 sec. 
-Trial 326 0 42927633 22.193503
-Trial 327 0 42927633 22.203037
-Trial 328 0 42927633 22.283454
-Trial 329 0 42927633 22.291382
-Trial 330 0 42927633 22.329980
-Trial 331 0 42927633 22.358183
-Trial 332 0 42927633 22.358728
-Trial 333 0 42927633 22.457088
-Trial 334 0 42927633 22.462325
-Trial 335 0 42927633 22.704887
-Trial 336 0 42927633 22.725275
-Trial 337 0 42927633 22.751596
-Trial 338 0 42927633 22.784830
-Trial 339 0 42927633 22.790043
-Trial 340 0 42927633 22.938675
-Trial 341 0 42927633 22.969716
-Trial 342 0 42927633 22.984635
-Trial 343 0 42927633 23.012949
-Trial 344 0 42927633 23.014907
-Trial 345 0 42927633 23.023994
* 346: Cost = 0_42921242, Time = 18.69 sec. 
-Trial 346 0 42921242 23.037604
-Trial 347 0 42921242 23.080787
-Trial 348 0 42921242 23.114745
-Trial 349 0 42921242 23.180802
-Trial 350 0 42921242 23.181480
-Trial 351 0 42921242 23.189693
-Trial 352 0 42921242 23.298043
-Trial 353 0 42921242 23.310511
-Trial 354 0 42921242 23.450451
* 355: Cost = 0_42772986, Time = 19.11 sec. 
-Trial 355 0 42772986 23.453909
-Trial 356 0 42772986 23.456301
-Trial 357 0 42772986 23.461559
-Trial 358 0 42772986 23.473540
-Trial 359 0 42772986 23.508178
-Trial 360 0 42772986 23.541174
-Trial 361 0 42772986 23.586431
* 362: Cost = 0_42759513, Time = 19.25 sec. 
-Trial 362 0 42759513 23.600147
-Trial 363 0 42759513 23.644154
-Trial 364 0 42759513 23.698754
-Trial 365 0 42759513 23.720857
-Trial 366 0 42759513 23.724922
-Trial 367 0 42759513 23.764654
-Trial 368 0 42759513 23.770642
-Trial 369 0 42759513 23.917798
-Trial 370 0 42759513 23.920551
-Trial 371 0 42759513 23.997766
-Trial 372 0 42759513 24.004697
-Trial 373 0 42759513 24.016149
-Trial 374 0 42759513 24.084186
-Trial 375 0 42759513 24.101652
-Trial 376 0 42759513 24.182936
-Trial 377 0 42759513 24.195562
-Trial 378 0 42759513 24.203560
-Trial 379 0 42759513 24.225145
-Trial 380 0 42759513 24.260933
-Trial 381 0 42759513 24.300865
-Trial 382 0 42759513 24.322943
-Trial 383 0 42759513 24.336753
-Trial 384 0 42759513 24.340771
-Trial 385 0 42759513 24.341740
-Trial 386 0 42759513 24.381302
* 387: Cost = 0_42742656, Time = 20.08 sec. 
-Trial 387 0 42742656 24.428666
-Trial 388 0 42742656 24.490262
-Trial 389 0 42742656 24.546589
-Trial 390 0 42742656 24.556828
-Trial 391 0 42742656 24.582758
-Trial 392 0 42742656 24.607974
* 393: Cost = 0_42679750, Time = 20.27 sec. 
-Trial 393 0 42679750 24.621469
-Trial 394 0 42679750 24.636324
-Trial 395 0 42679750 24.654837
-Trial 396 0 42679750 24.679088
-Trial 397 0 42679750 24.713742
-Trial 398 0 42679750 24.781471
-Trial 399 0 42679750 24.813333
-Trial 400 0 42679750 24.826806
-Trial 401 0 42679750 24.865745
-Trial 402 0 42679750 24.885079
-Trial 403 0 42679750 24.908739
-Trial 404 0 42679750 24.911192
-Trial 405 0 42679750 24.942698
-Trial 406 0 42679750 24.953781
-Trial 407 0 42679750 24.971891
* 408: Cost = 0_42631890, Time = 20.65 sec. 
-Trial 408 0 42631890 24.998360
-Trial 409 0 42631890 25.004832
-Trial 410 0 42631890 25.016058
-Trial 411 0 42631890 25.052228
-Trial 412 0 42631890 25.063753
-Trial 413 0 42631890 25.074373
-Trial 414 0 42631890 25.104107
-Trial 415 0 42631890 25.303636
-Trial 416 0 42631890 25.338921
-Trial 417 0 42631890 25.354569
-Trial 418 0 42631890 25.397306
-Trial 419 0 42631890 25.404927
-Trial 420 0 42631890 25.418737
-Trial 421 0 42631890 25.435953
-Trial 422 0 42631890 25.445308
-Trial 423 0 42631890 25.542505
-Trial 424 0 42631890 25.608546
-Trial 425 0 42631890 25.610211
-Trial 426 0 42631890 25.635273
-Trial 427 0 42631890 25.712389
-Trial 428 0 42631890 25.768656
-Trial 429 0 42631890 25.796215
-Trial 430 0 42631890 25.813781
-Trial 431 0 42631890 25.874438
-Trial 432 0 42631890 25.887982
-Trial 433 0 42631890 25.927648
-Trial 434 0 42631890 25.934346
-Trial 435 0 42631890 25.945806
-Trial 436 0 42631890 25.961612
* 437: Cost = 0_42600805, Time = 21.65 sec. 
-Trial 437 0 42600805 26.000815
* 438: Cost = 0_42570508, Time = 21.71 sec. 
-Trial 438 0 42570508 26.063555
-Trial 439 0 42570508 26.320994
-Trial 440 0 42570508 26.325495
-Trial 441 0 42570508 26.444037
-Trial 442 0 42570508 26.485005
-Trial 443 0 42570508 26.517308
-Trial 444 0 42570508 26.519861
-Trial 445 0 42570508 26.523967
* 446: Cost = 0_42526585, Time = 22.22 sec. 
-Trial 446 0 42526585 26.565676
-Trial 447 0 42526585 26.577385
-Trial 448 0 42526585 26.598004
-Trial 449 0 42526585 26.621059
-Trial 450 0 42526585 26.642325
-Trial 451 0 42526585 26.683344
-Trial 452 0 42526585 26.720879
-Trial 453 0 42526585 26.732986
-Trial 454 0 42526585 26.745538
-Trial 455 0 42526585 26.809642
-Trial 456 0 42526585 26.819283
-Trial 457 0 42526585 26.869840
-Trial 458 0 42526585 26.873906
-Trial 459 0 42526585 26.992678
-Trial 460 0 42526585 27.018062
* 461: Cost = 0_42454700, Time = 22.74 sec. 
-Trial 461 0 42454700 27.087122
* 462: Cost = 0_42453855, Time = 22.75 sec. 
-Trial 462 0 42453855 27.097690
-Trial 463 0 42453855 27.112929
-Trial 464 0 42453855 27.193321
-Trial 465 0 42453855 27.201953
-Trial 466 0 42453855 27.206468
-Trial 467 0 42453855 27.331488
-Trial 468 0 42453855 27.345572
-Trial 469 0 42453855 27.390449
-Trial 470 0 42453855 27.405882
-Trial 471 0 42453855 27.409225
-Trial 472 0 42453855 27.446101
-Trial 473 0 42453855 27.461748
-Trial 474 0 42453855 27.468818
-Trial 475 0 42453855 27.505130
-Trial 476 0 42453855 27.523205
-Trial 477 0 42453855 27.546709
-Trial 478 0 42453855 27.598976
-Trial 479 0 42453855 27.649343
-Trial 480 0 42453855 27.759877
-Trial 481 0 42453855 27.772668
-Trial 482 0 42453855 27.777770
-Trial 483 0 42453855 27.890398
-Trial 484 0 42453855 27.902458
-Trial 485 0 42453855 27.948937
-Trial 486 0 42453855 27.965114
-Trial 487 0 42453855 28.018174
-Trial 488 0 42453855 28.114472
-Trial 489 0 42453855 28.268604
-Trial 490 0 42453855 28.272996
-Trial 491 0 42453855 28.291708
-Trial 492 0 42453855 28.302926
-Trial 493 0 42453855 28.384061
-Trial 494 0 42453855 28.407598
-Trial 495 0 42453855 28.415115
-Trial 496 0 42453855 28.477617
-Trial 497 0 42453855 28.489769
-Trial 498 0 42453855 28.498301
-Trial 499 0 42453855 28.535306
-Trial 500 0 42453855 28.582946
-Trial 501 0 42453855 28.588834
-Trial 502 0 42453855 28.603406
-Trial 503 0 42453855 28.620306
-Trial 504 0 42453855 28.643993
-Trial 505 0 42453855 28.647980
-Trial 506 0 42453855 28.659347
* 507: Cost = 0_42340722, Time = 24.32 sec. 
-Trial 507 0 42340722 28.671831
-Trial 508 0 42340722 28.696229
-Trial 509 0 42340722 28.703058
-Trial 510 0 42340722 28.714194
-Trial 511 0 42340722 28.732492
-Trial 512 0 42340722 28.766689
-Trial 513 0 42340722 28.772925
-Trial 514 0 42340722 28.799091
-Trial 515 0 42340722 28.847175
-Trial 516 0 42340722 28.883233
-Trial 517 0 42340722 28.888024
-Trial 518 0 42340722 28.891337
-Trial 519 0 42340722 28.900381
-Trial 520 0 42340722 28.905452
-Trial 521 0 42340722 28.918373
-Trial 522 0 42340722 28.925195
-Trial 523 0 42340722 28.944490
-Trial 524 0 42340722 28.962695
-Trial 525 0 42340722 28.963202
-Trial 526 0 42340722 28.965077
-Trial 527 0 42340722 28.970326
-Trial 528 0 42340722 29.004005
* 529: Cost = 0_42335233, Time = 24.67 sec. 
-Trial 529 0 42335233 29.018166
-Trial 530 0 42335233 29.040457
-Trial 531 0 42335233 29.079431
* 532: Cost = 0_42310967, Time = 24.81 sec. 
-Trial 532 0 42310967 29.159203
-Trial 533 0 42310967 29.170888
-Trial 534 0 42310967 29.182372
-Trial 535 0 42310967 29.213080
-Trial 536 0 42310967 29.241375
-Trial 537 0 42310967 29.245696
-Trial 538 0 42310967 29.339078
-Trial 539 0 42310967 29.342166
-Trial 540 0 42310967 29.361729
-Trial 541 0 42310967 29.376086
-Trial 542 0 42310967 29.380590
-Trial 543 0 42310967 29.395850
-Trial 544 0 42310967 29.437567
-Trial 545 0 42310967 29.444585
-Trial 546 0 42310967 29.551170
-Trial 547 0 42310967 29.563481
-Trial 548 0 42310967 29.567379
-Trial 549 0 42310967 29.575042
-Trial 550 0 42310967 29.603070
-Trial 551 0 42310967 29.629056
-Trial 552 0 42310967 29.633769
-Trial 553 0 42310967 29.713209
-Trial 554 0 42310967 29.736824
-Trial 555 0 42310967 29.739118
-Trial 556 0 42310967 29.829717
-Trial 557 0 42310967 29.858469
-Trial 558 0 42310967 29.880638
-Trial 559 0 42310967 29.887417
-Trial 560 0 42310967 29.944347
-Trial 561 0 42310967 29.953184
-Trial 562 0 42310967 29.975200
-Trial 563 0 42310967 30.001390
-Trial 564 0 42310967 30.052523
-Trial 565 0 42310967 30.100397
-Trial 566 0 42310967 30.121730
-Trial 567 0 42310967 30.155863
-Trial 568 0 42310967 30.171348
-Trial 569 0 42310967 30.201927
-Trial 570 0 42310967 30.242447
-Trial 571 0 42310967 30.250381
-Trial 572 0 42310967 30.310991
-Trial 573 0 42310967 30.314385
-Trial 574 0 42310967 30.328427
-Trial 575 0 42310967 30.363986
-Trial 576 0 42310967 30.430106
-Trial 577 0 42310967 30.446797
-Trial 578 0 42310967 30.505950
-Trial 579 0 42310967 30.557707
-Trial 580 0 42310967 30.564879
-Trial 581 0 42310967 30.574718
-Trial 582 0 42310967 30.697454
-Trial 583 0 42310967 30.726278
-Trial 584 0 42310967 30.735923
-Trial 585 0 42310967 30.749906
-Trial 586 0 42310967 30.751580
-Trial 587 0 42310967 30.776104
-Trial 588 0 42310967 30.796327
-Trial 589 0 42310967 30.867195
-Trial 590 0 42310967 30.870890
-Trial 591 0 42310967 30.931132
-Trial 592 0 42310967 30.951448
-Trial 593 0 42310967 31.001338
-Trial 594 0 42310967 31.019613
-Trial 595 0 42310967 31.033215
-Trial 596 0 42310967 31.080044
-Trial 597 0 42310967 31.084847
-Trial 598 0 42310967 31.121276
-Trial 599 0 42310967 31.122307
-Trial 600 0 42310967 31.182162
-Trial 601 0 42310967 31.191128
-Trial 602 0 42310967 31.242716
-Trial 603 0 42310967 31.245204
-Trial 604 0 42310967 31.277097
-Trial 605 0 42310967 31.306497
-Trial 606 0 42310967 31.309279
-Trial 607 0 42310967 31.336511
-Trial 608 0 42310967 31.348261
-Trial 609 0 42310967 31.385960
* 610: Cost = 0_42292013, Time = 27.06 sec. 
-Trial 610 0 42292013 31.406538
-Trial 611 0 42292013 31.408288
-Trial 612 0 42292013 31.432047
-Trial 613 0 42292013 31.453704
* 614: Cost = 0_42278634, Time = 27.19 sec. 
-Trial 614 0 42278634 31.534462
-Trial 615 0 42278634 31.541304
-Trial 616 0 42278634 31.546507
-Trial 617 0 42278634 31.586413
* 618: Cost = 0_42240115, Time = 27.25 sec. 
-Trial 618 0 42240115 31.603468
-Trial 619 0 42240115 31.604923
-Trial 620 0 42240115 31.625578
* 621: Cost = 0_42110303, Time = 27.35 sec. 
-Trial 621 0 42110303 31.697248
-Trial 622 0 42110303 31.720019
-Trial 623 0 42110303 31.838240
-Trial 624 0 42110303 31.846390
-Trial 625 0 42110303 31.929133
-Trial 626 0 42110303 31.996586
-Trial 627 0 42110303 32.005596
-Trial 628 0 42110303 32.020582
-Trial 629 0 42110303 32.060158
-Trial 630 0 42110303 32.061508
-Trial 631 0 42110303 32.073640
-Trial 632 0 42110303 32.199217
-Trial 633 0 42110303 32.216754
-Trial 634 0 42110303 32.237092
-Trial 635 0 42110303 32.294019
-Trial 636 0 42110303 32.314645
-Trial 637 0 42110303 32.339851
-Trial 638 0 42110303 32.342298
-Trial 639 0 42110303 32.348738
-Trial 640 0 42110303 32.351327
-Trial 641 0 42110303 32.424746
-Trial 642 0 42110303 32.425241
-Trial 643 0 42110303 32.430573
-Trial 644 0 42110303 32.431587
-Trial 645 0 42110303 32.446053
-Trial 646 0 42110303 32.474524
-Trial 647 0 42110303 32.499301
-Trial 648 0 42110303 32.572978
-Trial 649 0 42110303 32.582831
-Trial 650 0 42110303 32.592646
-Trial 651 0 42110303 32.654805
-Trial 652 0 42110303 32.682477
-Trial 653 0 42110303 32.690899
-Trial 654 0 42110303 32.774415
-Trial 655 0 42110303 32.845740
-Trial 656 0 42110303 32.870384
-Trial 657 0 42110303 32.893777
-Trial 658 0 42110303 32.928927
-Trial 659 0 42110303 32.952555
-Trial 660 0 42110303 33.036247
-Trial 661 0 42110303 33.065351
* 662: Cost = 0_42108631, Time = 28.75 sec. 
-Trial 662 0 42108631 33.093945
-Trial 663 0 42108631 33.115436
-Trial 664 0 42108631 33.145314
-Trial 665 0 42108631 33.231113
-Trial 666 0 42108631 33.261165
-Trial 667 0 42108631 33.264409
-Trial 668 0 42108631 33.287587
-Trial 669 0 42108631 33.294130
-Trial 670 0 42108631 33.335471
-Trial 671 0 42108631 33.365126
-Trial 672 0 42108631 33.371748
-Trial 673 0 42108631 33.583558
-Trial 674 0 42108631 33.612702
-Trial 675 0 42108631 33.630193
-Trial 676 0 42108631 33.632524
-Trial 677 0 42108631 33.656969
-Trial 678 0 42108631 33.661501
-Trial 679 0 42108631 33.682191
-Trial 680 0 42108631 33.721768
-Trial 681 0 42108631 33.736663
-Trial 682 0 42108631 33.743714
-Trial 683 0 42108631 33.764110
-Trial 684 0 42108631 33.772009
-Trial 685 0 42108631 33.809394
-Trial 686 0 42108631 33.849749
-Trial 687 0 42108631 33.855673
-Trial 688 0 42108631 33.863423
* 689: Cost = 0_42057845, Time = 29.53 sec. 
-Trial 689 0 42057845 33.876403
-Trial 690 0 42057845 33.881510
-Trial 691 0 42057845 33.890530
-Trial 692 0 42057845 34.013912
-Trial 693 0 42057845 34.042418
-Trial 694 0 42057845 34.098129
-Trial 695 0 42057845 34.108570
-Trial 696 0 42057845 34.122678
-Trial 697 0 42057845 34.161968
-Trial 698 0 42057845 34.178275
-Trial 699 0 42057845 34.199654
-Trial 700 0 42057845 34.240162
-Trial 701 0 42057845 34.294288
-Trial 702 0 42057845 34.343099
-Trial 703 0 42057845 34.360599
-Trial 704 0 42057845 34.406314
-Trial 705 0 42057845 34.422547
-Trial 706 0 42057845 34.462987
-Trial 707 0 42057845 34.480562
-Trial 708 0 42057845 34.514780
* 709: Cost = 0_41989786, Time = 30.19 sec. 
-Trial 709 0 41989786 34.542876
-Trial 710 0 41989786 34.553259
-Trial 711 0 41989786 34.611585
-Trial 712 0 41989786 34.662183
-Trial 713 0 41989786 34.670898
-Trial 714 0 41989786 34.709079
-Trial 715 0 41989786 34.808114
-Trial 716 0 41989786 35.119161
-Trial 717 0 41989786 35.171736
-Trial 718 0 41989786 35.179409
-Trial 719 0 41989786 35.191900
-Trial 720 0 41989786 35.205631
-Trial 721 0 41989786 35.216717
-Trial 722 0 41989786 35.226014
-Trial 723 0 41989786 35.296335
-Trial 724 0 41989786 35.329424
-Trial 725 0 41989786 35.329925
-Trial 726 0 41989786 35.353460
-Trial 727 0 41989786 35.377375
* 728: Cost = 0_41952356, Time = 31.04 sec. 
-Trial 728 0 41952356 35.388357
-Trial 729 0 41952356 35.410972
-Trial 730 0 41952356 35.447465
-Trial 731 0 41952356 35.449872
-Trial 732 0 41952356 35.626331
-Trial 733 0 41952356 35.634763
* 734: Cost = 0_41944024, Time = 31.32 sec. 
-Trial 734 0 41944024 35.672569
-Trial 735 0 41944024 35.704868
-Trial 736 0 41944024 35.706767
-Trial 737 0 41944024 35.730856
-Trial 738 0 41944024 35.733164
-Trial 739 0 41944024 35.739247
-Trial 740 0 41944024 35.740415
-Trial 741 0 41944024 35.772359
-Trial 742 0 41944024 35.791232
-Trial 743 0 41944024 35.806118
-Trial 744 0 41944024 36.093189
-Trial 745 0 41944024 36.099606
-Trial 746 0 41944024 36.131263
-Trial 747 0 41944024 36.142586
-Trial 748 0 41944024 36.177705
-Trial 749 0 41944024 36.180784
-Trial 750 0 41944024 36.183051
-Trial 751 0 41944024 36.184788
-Trial 752 0 41944024 36.211323
-Trial 753 0 41944024 36.238088
-Trial 754 0 41944024 36.256107
-Trial 755 0 41944024 36.413491
-Trial 756 0 41944024 36.418950
-Trial 757 0 41944024 36.495082
-Trial 758 0 41944024 36.522163
-Trial 759 0 41944024 36.542399
-Trial 760 0 41944024 36.571853
-Trial 761 0 41944024 36.632180
-Trial 762 0 41944024 36.646536
-Trial 763 0 41944024 36.684784
-Trial 764 0 41944024 36.723650
-Trial 765 0 41944024 36.727396
-Trial 766 0 41944024 36.729011
-Trial 767 0 41944024 36.739766
-Trial 768 0 41944024 36.748412
-Trial 769 0 41944024 36.753553
-Trial 770 0 41944024 36.859653
-Trial 771 0 41944024 36.862409
-Trial 772 0 41944024 36.901002
-Trial 773 0 41944024 36.927218
-Trial 774 0 41944024 37.010311
-Trial 775 0 41944024 37.025603
* 776: Cost = 0_41925978, Time = 32.69 sec. 
-Trial 776 0 41925978 37.043078
-Trial 777 0 41925978 37.068096
-Trial 778 0 41925978 37.147975
-Trial 779 0 41925978 37.176563
-Trial 780 0 41925978 37.178134
-Trial 781 0 41925978 37.363719
-Trial 782 0 41925978 37.402406
-Trial 783 0 41925978 37.484653
-Trial 784 0 41925978 37.491231
-Trial 785 0 41925978 37.508574
* 786: Cost = 0_41916243, Time = 33.17 sec. 
-Trial 786 0 41916243 37.523553
-Trial 787 0 41916243 37.528639
-Trial 788 0 41916243 37.557896
-Trial 789 0 41916243 37.559724
-Trial 790 0 41916243 37.569556
-Trial 791 0 41916243 37.587787
-Trial 792 0 41916243 37.626019
-Trial 793 0 41916243 37.647384
-Trial 794 0 41916243 37.702557
-Trial 795 0 41916243 37.764632
-Trial 796 0 41916243 37.769258
-Trial 797 0 41916243 37.810302
-Trial 798 0 41916243 37.834845
-Trial 799 0 41916243 37.839536
-Trial 800 0 41916243 37.862890
-Trial 801 0 41916243 37.898503
-Trial 802 0 41916243 37.917580
-Trial 803 0 41916243 38.084466
-Trial 804 0 41916243 38.107552
-Trial 805 0 41916243 38.118344
-Trial 806 0 41916243 38.134241
-Trial 807 0 41916243 38.161838
-Trial 808 0 41916243 38.195136
-Trial 809 0 41916243 38.200103
-Trial 810 0 41916243 38.395747
-Trial 811 0 41916243 38.401085
-Trial 812 0 41916243 38.414059
-Trial 813 0 41916243 38.494621
-Trial 814 0 41916243 38.557071
-Trial 815 0 41916243 38.568206
-Trial 816 0 41916243 38.622624
-Trial 817 0 41916243 38.635719
-Trial 818 0 41916243 38.692836
-Trial 819 0 41916243 38.716535
-Trial 820 0 41916243 38.887757
-Trial 821 0 41916243 38.901689
-Trial 822 0 41916243 38.988366
-Trial 823 0 41916243 39.075689
-Trial 824 0 41916243 39.090274
-Trial 825 0 41916243 39.296212
-Trial 826 0 41916243 39.307034
-Trial 827 0 41916243 39.316449
-Trial 828 0 41916243 39.365086
-Trial 829 0 41916243 39.368365
-Trial 830 0 41916243 39.378797
-Trial 831 0 41916243 39.388328
-Trial 832 0 41916243 39.395660
-Trial 833 0 41916243 39.417801
-Trial 834 0 41916243 39.423518
-Trial 835 0 41916243 39.427180
-Trial 836 0 41916243 39.437287
-Trial 837 0 41916243 39.453174
-Trial 838 0 41916243 39.481451
-Trial 839 0 41916243 39.515020
-Trial 840 0 41916243 39.530573
-Trial 841 0 41916243 39.563877
* 842: Cost = 0_41865748, Time = 35.22 sec. 
-Trial 842 0 41865748 39.566599
-Trial 843 0 41865748 39.569537
-Trial 844 0 41865748 39.575531
-Trial 845 0 41865748 39.603775
-Trial 846 0 41865748 39.630325
-Trial 847 0 41865748 39.667697
-Trial 848 0 41865748 39.700232
-Trial 849 0 41865748 39.730433
-Trial 850 0 41865748 39.760477
-Trial 851 0 41865748 39.784146
-Trial 852 0 41865748 39.787921
-Trial 853 0 41865748 39.803035
-Trial 854 0 41865748 39.804076
-Trial 855 0 41865748 39.814942
-Trial 856 0 41865748 39.831940
-Trial 857 0 41865748 39.837718
-Trial 858 0 41865748 39.876785
-Trial 859 0 41865748 39.900435
-Trial 860 0 41865748 39.902874
-Trial 861 0 41865748 39.913528
-Trial 862 0 41865748 40.022344
-Trial 863 0 41865748 40.154765
-Trial 864 0 41865748 40.174177
-Trial 865 0 41865748 40.180493
-Trial 866 0 41865748 40.188223
-Trial 867 0 41865748 40.190829
-Trial 868 0 41865748 40.252964
-Trial 869 0 41865748 40.269427
-Trial 870 0 41865748 40.273849
-Trial 871 0 41865748 40.288424
-Trial 872 0 41865748 40.290677
-Trial 873 0 41865748 40.301125
-Trial 874 0 41865748 40.308185
-Trial 875 0 41865748 40.497100
-Trial 876 0 41865748 40.502023
-Trial 877 0 41865748 40.510986
-Trial 878 0 41865748 40.520409
-Trial 879 0 41865748 40.694905
-Trial 880 0 41865748 40.718108
-Trial 881 0 41865748 40.723237
-Trial 882 0 41865748 40.763645
-Trial 883 0 41865748 40.796832
-Trial 884 0 41865748 40.874432
-Trial 885 0 41865748 40.875948
-Trial 886 0 41865748 40.894816
-Trial 887 0 41865748 40.912428
-Trial 888 0 41865748 40.972925
-Trial 889 0 41865748 41.037293
-Trial 890 0 41865748 41.067528
-Trial 891 0 41865748 41.106285
-Trial 892 0 41865748 41.194010
-Trial 893 0 41865748 41.242101
-Trial 894 0 41865748 41.293433
-Trial 895 0 41865748 41.319215
-Trial 896 0 41865748 41.345088
-Trial 897 0 41865748 41.389223
-Trial 898 0 41865748 41.415990
-Trial 899 0 41865748 41.432901
-Trial 900 0 41865748 41.577549
-Trial 901 0 41865748 41.620047
-Trial 902 0 41865748 41.646357
-Trial 903 0 41865748 41.654732
-Trial 904 0 41865748 41.667570
-Trial 905 0 41865748 41.694048
-Trial 906 0 41865748 41.773697
-Trial 907 0 41865748 41.779463
-Trial 908 0 41865748 41.799819
-Trial 909 0 41865748 41.805363
-Trial 910 0 41865748 41.838223
-Trial 911 0 41865748 41.839899
-Trial 912 0 41865748 41.845752
-Trial 913 0 41865748 41.923483
-Trial 914 0 41865748 41.931280
-Trial 915 0 41865748 41.970965
-Trial 916 0 41865748 41.981886
-Trial 917 0 41865748 41.989343
-Trial 918 0 41865748 41.999720
-Trial 919 0 41865748 42.015322
-Trial 920 0 41865748 42.079690
-Trial 921 0 41865748 42.097243
-Trial 922 0 41865748 42.106857
-Trial 923 0 41865748 42.154654
-Trial 924 0 41865748 42.183200
-Trial 925 0 41865748 42.191435
-Trial 926 0 41865748 42.353282
-Trial 927 0 41865748 42.427168
-Trial 928 0 41865748 42.432681
-Trial 929 0 41865748 42.516036
-Trial 930 0 41865748 42.622409
-Trial 931 0 41865748 42.686455
-Trial 932 0 41865748 42.689495
-Trial 933 0 41865748 42.701296
-Trial 934 0 41865748 42.737594
-Trial 935 0 41865748 42.754844
-Trial 936 0 41865748 42.830440
-Trial 937 0 41865748 42.851449
-Trial 938 0 41865748 42.867055
-Trial 939 0 41865748 42.882303
-Trial 940 0 41865748 42.899334
-Trial 941 0 41865748 42.905258
-Trial 942 0 41865748 42.918856
-Trial 943 0 41865748 42.936129
-Trial 944 0 41865748 42.958869
-Trial 945 0 41865748 42.985779
-Trial 946 0 41865748 42.989312
-Trial 947 0 41865748 43.019134
-Trial 948 0 41865748 43.048154
-Trial 949 0 41865748 43.104565
-Trial 950 0 41865748 43.121857
-Trial 951 0 41865748 43.145605
-Trial 952 0 41865748 43.190816
-Trial 953 0 41865748 43.202002
-Trial 954 0 41865748 43.214150
-Trial 955 0 41865748 43.338467
-Trial 956 0 41865748 43.342540
* 957: Cost = 0_41826602, Time = 39.02 sec. 
-Trial 957 0 41826602 43.365008
* 958: Cost = 0_41789214, Time = 39.06 sec. 
-Trial 958 0 41789214 43.411520
-Trial 959 0 41789214 43.427134
-Trial 960 0 41789214 43.471536
-Trial 961 0 41789214 43.524250
-Trial 962 0 41789214 43.540650
-Trial 963 0 41789214 43.543952
-Trial 964 0 41789214 43.556502
-Trial 965 0 41789214 43.560506
-Trial 966 0 41789214 43.586672
-Trial 967 0 41789214 43.649102
-Trial 968 0 41789214 43.695896
-Trial 969 0 41789214 43.698687
-Trial 970 0 41789214 43.725235
-Trial 971 0 41789214 43.726714
-Trial 972 0 41789214 43.741742
* 973: Cost = 0_41759374, Time = 39.43 sec. 
-Trial 973 0 41759374 43.775682
-Trial 974 0 41759374 43.783959
-Trial 975 0 41759374 43.802147
-Trial 976 0 41759374 43.865607
-Trial 977 0 41759374 43.887271
-Trial 978 0 41759374 43.909235
-Trial 979 0 41759374 43.930793
-Trial 980 0 41759374 44.001571
-Trial 981 0 41759374 44.080636
-Trial 982 0 41759374 44.111742
-Trial 983 0 41759374 44.178723
-Trial 984 0 41759374 44.190711
-Trial 985 0 41759374 44.198645
-Trial 986 0 41759374 44.223604
-Trial 987 0 41759374 44.224325
-Trial 988 0 41759374 44.250104
-Trial 989 0 41759374 44.302818
-Trial 990 0 41759374 44.314767
-Trial 991 0 41759374 44.323630
-Trial 992 0 41759374 44.333700
-Trial 993 0 41759374 44.356273
-Trial 994 0 41759374 44.376002
-Trial 995 0 41759374 44.407763
-Trial 996 0 41759374 44.439557
-Trial 997 0 41759374 44.458415
-Trial 998 0 41759374 44.500588
-Trial 999 0 41759374 44.527708
-Trial 1000 0 41759374 44.557422
Population:
  1: 0_41759374
Run 1: Cost = 0_41759374, Time = 40.21 sec. 

Successes/Runs = 0/1 
Cost.min = 41759374, Cost.avg = 41759374.00, Cost.max = 41759374
Gap.min = 0.0000%, Gap.avg = 0.0000%, Gap.max = 0.0000%
Penalty.min = 0, Penalty.avg = 0.00, Penalty.max = 0
Trials.min = 1000, Trials.avg = 1000.0, Trials.max = 1000
Time.min = 40.21 sec., Time.avg = 40.21 sec., Time.max = 40.21 sec.
Time.total = 44.56 sec.
  Size.min = 13, Size.max = 35, Penalty = 0
  Cost.min = 862828, Cost.max = 2988813, Cost.sum = 41759374
Best CVRPTW solution:
  Cost = 0_41759374
1 489 132 76 44 333 414 311 406 103 201 188 131 28 278 171 302 250 402 30 483 460 507 121 360 283 235 219 229 450 211 377 267 378 127 471 495 301 420 390 162 314 387 215 316 481 270 11 335 113 393 45 496 189 221 506 46 21 89 473 72 66 326 309 328 461 245 65 368 97 348 51 271 381 9 380 163 486 217 304 463 191 315 119 47 68 511 303 379 374 426 110 203 197 383 454 386 358 160 287 441 31 22 280 255 431 347 298 321 87 195 491 291 32 494 503 490 61 370 415 397 158 288 100 353 232 295 12 98 300 56 172 313 330 71 78 452 413 508 248 123 223 212 92 233 422 272 317 286 407 117 214 323 146 239 484 502 114 445 15 247 294 154 306 190 94 54 332 404 305 446 252 405 209 517 20 350 18 264 136 411 138 224 409 433 439 70 310 220 389 457 237 400 343 427 55 187 99 340 262 423 509 312 17 109 458 27 176 227 168 95 124 395 361 362 106 434 59 116 344 474 49 500 472 408 25 451 122 249 384 504 181 218 372 52 263 139 462 467 145 186 4 35 135 477 225 410 365 274 5 364 153 322 204 40 151 48 120 261 520 64 152 341 23 442 125 157 42 432 38 475 453 398 501 57 293 202 385 394 182 126 178 118 514 429 194 492 175 207 459 200 180 279 447 268 79 16 41 356 251 36 499 185 366 419 104 166 318 417 437 510 88 67 257 418 164 416 456 448 173 290 349 371 43 128 367 428 101 297 498 58 329 60 351 487 133 515 363 167 85 143 376 403 478 150 90 480 479 466 213 115 391 198 470 96 69 388 8 485 276 325 373 228 105 342 516 53 242 497 170 476 174 369 19 210 216 241 355 108 519 226 14 82 435 177 336 354 243 62 130 208 337 74 155 396 33 392 266 80 277 34 334 513 258 259 430 142 144 399 319 443 256 412 148 140 254 183 488 26 449 518 77 346 137 10 307 299 37 184 482 464 436 81 3 327 357 253 236 320 465 324 29 424 284 281 83 469 196 93 2 234 260 382 112 102 246 505 289 13 24 161 359 455 86 401 199 244 179 206 296 149 425 159 129 265 230 292 107 231 6 375 352 63 269 512 169 438 338 282 50 84 345 440 308 331 493 91 339 192 7 273 238 165 141 111 75 156 147 468 421 134 285 193 205 222 39 444 73 240 275 1 
