PARAMETER_FILE = result/cvrptw_500/LKH_para/620.para
Reading PROBLEM_FILE: "result/cvrptw_500/cvrptw/620.cvrptw" ... done
ASCENT_CANDIDATES = 50
BACKBONE_TRIALS = 0
BACKTRACKING = NO
# BWTSP =
# CANDIDATE_FILE =
CANDIDATE_SET_TYPE = ALPHA
DEPOT = 1
# EDGE_FILE =
EXCESS = 0.0384615
EXTERNAL_SALESMEN = 0
EXTRA_CANDIDATES = 0 
EXTRA_CANDIDATE_SET_TYPE = QUADRANT
GAIN23 = NO
GAIN_CRITERION = YES
INITIAL_PERIOD = 520
INITIAL_STEP_SIZE = 1
INITIAL_TOUR_ALGORITHM = WALK
# INITIAL_TOUR_FILE = 
INITIAL_TOUR_FRACTION = 1.000
# INPUT_TOUR_FILE = 
KICK_TYPE = 4
KICKS = 1
# MAX_BREADTH =
MAKESPAN = NO
MAX_CANDIDATES = 5 
MAX_SWAPS = 0
MAX_TRIALS = 1000
# MERGE_TOUR_FILE =
MOVE_TYPE = 5 SPECIAL
MTSP_MIN_SIZE = 1
MTSP_MAX_SIZE = 1039
# MTSP_SOLUTION_FILE = 
# NONSEQUENTIAL_MOVE_TYPE = 5
# OPTIMUM =
# OUTPUT_TOUR_FILE = 
PATCHING_A = 1 
PATCHING_C = 0 
# PI_FILE = 
POPMUSIC_INITIAL_TOUR = NO
POPMUSIC_MAX_NEIGHBORS = 5
POPMUSIC_SAMPLE_SIZE = 10
POPMUSIC_SOLUTIONS = 50
POPMUSIC_TRIALS = 1
POPULATION_SIZE = 10
PRECISION = 100
PROBLEM_FILE = result/cvrptw_500/cvrptw/620.cvrptw
RECOMBINATION = IPT
RESTRICTED_SEARCH = YES
RUNS = 1
SALESMEN = 20
SCALE = 1
SEED = 1234
# SINTEF_SOLUTION_FILE = 
STOP_AT_OPTIMUM = YES
SUBGRADIENT = YES
# SUBPROBLEM_SIZE =
# SUBPROBLEM_TOUR_FILE = 
SUBSEQUENT_MOVE_TYPE = 5 SPECIAL
SUBSEQUENT_PATCHING = YES
# TIME_LIMIT =
# TOUR_FILE = 
TRACE_LEVEL = 1
VEHICLES = 20

Lower bound = 28260122.5, Ascent time = 2.25 sec.
Cand.min = 5, Cand.avg = 5.0, Cand.max = 5
Edges.fixed = 520 [Cost = 0]
Preprocessing time = 2.33 sec.
* 1: Cost = 1805422_54955173, Time = 3.98 sec. 
-Trial 1 1805422 54955173 6.319771
-Trial 2 1805422 54955173 6.910892
-Trial 3 1805422 54955173 7.026385
-Trial 4 1805422 54955173 7.553468
* 5: Cost = 1805422_54605555, Time = 6.46 sec. 
-Trial 5 1805422 54605555 8.794645
-Trial 6 1805422 54605555 9.109514
* 7: Cost = 1805422_54384404, Time = 6.88 sec. 
-Trial 7 1805422 54384404 9.214673
* 8: Cost = 1805422_53877423, Time = 7.28 sec. 
-Trial 8 1805422 53877423 9.612740
-Trial 9 1805422 53877423 9.673990
* 10: Cost = 1805422_53655812, Time = 7.46 sec. 
-Trial 10 1805422 53655812 9.798567
-Trial 11 1805422 53655812 9.928692
* 12: Cost = 1676612_52448274, Time = 7.77 sec. 
-Trial 12 1676612 52448274 10.108862
-Trial 13 1676612 52448274 10.279723
-Trial 14 1676612 52448274 10.329315
* 15: Cost = 1676612_52426723, Time = 8.12 sec. 
-Trial 15 1676612 52426723 10.460389
-Trial 16 1676612 52426723 10.568761
* 17: Cost = 1670821_53865150, Time = 8.40 sec. 
-Trial 17 1670821 53865150 10.739524
-Trial 18 1670821 53865150 11.192138
* 19: Cost = 1670821_53696903, Time = 8.94 sec. 
-Trial 19 1670821 53696903 11.272775
-Trial 20 1670821 53696903 11.295552
-Trial 21 1670821 53696903 11.565053
* 22: Cost = 1670821_53599741, Time = 9.41 sec. 
-Trial 22 1670821 53599741 11.743171
* 23: Cost = 1670821_53577167, Time = 9.48 sec. 
-Trial 23 1670821 53577167 11.816888
* 24: Cost = 1670821_53527610, Time = 9.68 sec. 
-Trial 24 1670821 53527610 12.013100
-Trial 25 1670821 53527610 12.057268
* 26: Cost = 1670821_53215920, Time = 9.88 sec. 
-Trial 26 1670821 53215920 12.217860
-Trial 27 1670821 53215920 12.715828
* 28: Cost = 1664667_53446769, Time = 10.57 sec. 
-Trial 28 1664667 53446769 12.909713
* 29: Cost = 1664667_52839335, Time = 10.84 sec. 
-Trial 29 1664667 52839335 13.173281
-Trial 30 1664667 52839335 13.249397
* 31: Cost = 1664667_52806740, Time = 11.05 sec. 
-Trial 31 1664667 52806740 13.381934
-Trial 32 1664667 52806740 13.549134
-Trial 33 1664667 52806740 13.631547
* 34: Cost = 1664667_52546094, Time = 11.62 sec. 
-Trial 34 1664667 52546094 13.952576
* 35: Cost = 1664667_52510517, Time = 11.75 sec. 
-Trial 35 1664667 52510517 14.082937
-Trial 36 1664667 52510517 14.181497
-Trial 37 1664667 52510517 14.275003
-Trial 38 1664667 52510517 14.518547
* 39: Cost = 1664667_52427882, Time = 12.34 sec. 
-Trial 39 1664667 52427882 14.673313
* 40: Cost = 1161569_51918168, Time = 12.78 sec. 
-Trial 40 1161569 51918168 15.120968
* 41: Cost = 1090987_52348214, Time = 12.90 sec. 
-Trial 41 1090987 52348214 15.237508
-Trial 42 1090987 52348214 15.637917
-Trial 43 1090987 52348214 15.934565
-Trial 44 1090987 52348214 16.056566
-Trial 45 1090987 52348214 16.262912
-Trial 46 1090987 52348214 16.346156
* 47: Cost = 1090987_52018295, Time = 14.13 sec. 
-Trial 47 1090987 52018295 16.471366
-Trial 48 1090987 52018295 16.763693
-Trial 49 1090987 52018295 16.772751
* 50: Cost = 921614_51440702, Time = 14.63 sec. 
-Trial 50 921614 51440702 16.966923
* 51: Cost = 921614_51365173, Time = 14.72 sec. 
-Trial 51 921614 51365173 17.054871
* 52: Cost = 921614_51304112, Time = 14.75 sec. 
-Trial 52 921614 51304112 17.088597
-Trial 53 921614 51304112 17.249289
-Trial 54 921614 51304112 17.299037
-Trial 55 921614 51304112 17.377335
* 56: Cost = 921614_51270700, Time = 15.17 sec. 
-Trial 56 921614 51270700 17.510340
-Trial 57 921614 51270700 17.743372
-Trial 58 921614 51270700 17.747507
-Trial 59 921614 51270700 17.851919
-Trial 60 921614 51270700 17.852337
-Trial 61 921614 51270700 17.934655
-Trial 62 921614 51270700 18.067189
* 63: Cost = 921614_50720933, Time = 15.80 sec. 
-Trial 63 921614 50720933 18.140347
* 64: Cost = 921614_49874963, Time = 16.23 sec. 
-Trial 64 921614 49874963 18.568492
-Trial 65 921614 49874963 18.799141
-Trial 66 921614 49874963 18.972947
-Trial 67 921614 49874963 19.070739
* 68: Cost = 921614_49153441, Time = 17.13 sec. 
-Trial 68 921614 49153441 19.465991
-Trial 69 921614 49153441 19.670669
-Trial 70 921614 49153441 19.998928
-Trial 71 921614 49153441 20.061889
* 72: Cost = 679028_49665651, Time = 18.07 sec. 
-Trial 72 679028 49665651 20.408703
* 73: Cost = 679028_49657562, Time = 18.09 sec. 
-Trial 73 679028 49657562 20.429270
-Trial 74 679028 49657562 20.521566
* 75: Cost = 679028_49409018, Time = 18.43 sec. 
-Trial 75 679028 49409018 20.762207
* 76: Cost = 679028_49292854, Time = 18.48 sec. 
-Trial 76 679028 49292854 20.813370
-Trial 77 679028 49292854 20.879896
-Trial 78 679028 49292854 20.944198
-Trial 79 679028 49292854 21.197284
-Trial 80 679028 49292854 21.376808
-Trial 81 679028 49292854 21.752956
* 82: Cost = 679028_49270502, Time = 19.64 sec. 
-Trial 82 679028 49270502 21.980126
-Trial 83 679028 49270502 22.117142
* 84: Cost = 679028_49265711, Time = 19.94 sec. 
-Trial 84 679028 49265711 22.272150
-Trial 85 679028 49265711 22.521111
* 86: Cost = 529019_50462037, Time = 20.44 sec. 
-Trial 86 529019 50462037 22.781384
-Trial 87 529019 50462037 22.836374
-Trial 88 529019 50462037 22.900227
* 89: Cost = 529019_50354435, Time = 20.64 sec. 
-Trial 89 529019 50354435 22.980766
-Trial 90 529019 50354435 23.001677
* 91: Cost = 522865_50769135, Time = 20.88 sec. 
-Trial 91 522865 50769135 23.213117
* 92: Cost = 522865_50715302, Time = 20.95 sec. 
-Trial 92 522865 50715302 23.284897
* 93: Cost = 522865_50526323, Time = 21.09 sec. 
-Trial 93 522865 50526323 23.423092
* 94: Cost = 522865_49190664, Time = 21.22 sec. 
-Trial 94 522865 49190664 23.558816
* 95: Cost = 522865_48993001, Time = 21.32 sec. 
-Trial 95 522865 48993001 23.659286
-Trial 96 522865 48993001 23.662038
-Trial 97 522865 48993001 23.717098
* 98: Cost = 522865_48834994, Time = 21.57 sec. 
-Trial 98 522865 48834994 23.904559
-Trial 99 522865 48834994 24.059706
-Trial 100 522865 48834994 24.180078
-Trial 101 522865 48834994 24.233038
* 102: Cost = 522865_48491106, Time = 22.14 sec. 
-Trial 102 522865 48491106 24.479679
-Trial 103 522865 48491106 24.583175
-Trial 104 522865 48491106 24.814796
-Trial 105 522865 48491106 24.843142
* 106: Cost = 522865_48328019, Time = 22.74 sec. 
-Trial 106 522865 48328019 25.072256
-Trial 107 522865 48328019 25.128818
-Trial 108 522865 48328019 25.289136
-Trial 109 522865 48328019 25.433368
* 110: Cost = 522865_48318089, Time = 23.16 sec. 
-Trial 110 522865 48318089 25.495756
-Trial 111 522865 48318089 25.516354
-Trial 112 522865 48318089 25.681812
-Trial 113 522865 48318089 25.880928
* 114: Cost = 522865_47949185, Time = 23.59 sec. 
-Trial 114 522865 47949185 25.931291
-Trial 115 522865 47949185 26.117412
-Trial 116 522865 47949185 26.122943
* 117: Cost = 522865_47914172, Time = 23.91 sec. 
-Trial 117 522865 47914172 26.248316
-Trial 118 522865 47914172 26.376031
* 119: Cost = 522865_47672891, Time = 24.16 sec. 
-Trial 119 522865 47672891 26.496569
-Trial 120 522865 47672891 26.527853
-Trial 121 522865 47672891 26.544796
* 122: Cost = 522865_47663245, Time = 24.26 sec. 
-Trial 122 522865 47663245 26.599618
* 123: Cost = 522865_47660641, Time = 24.61 sec. 
-Trial 123 522865 47660641 26.947354
-Trial 124 522865 47660641 27.104748
-Trial 125 522865 47660641 27.196825
-Trial 126 522865 47660641 27.297310
-Trial 127 522865 47660641 27.637518
-Trial 128 522865 47660641 27.718292
* 129: Cost = 522865_47659677, Time = 25.44 sec. 
-Trial 129 522865 47659677 27.780946
-Trial 130 522865 47659677 28.193497
-Trial 131 522865 47659677 28.256360
-Trial 132 522865 47659677 28.282415
-Trial 133 522865 47659677 28.623826
-Trial 134 522865 47659677 28.767959
-Trial 135 522865 47659677 28.838002
-Trial 136 522865 47659677 28.986118
* 137: Cost = 522865_47613896, Time = 26.72 sec. 
-Trial 137 522865 47613896 29.061122
-Trial 138 522865 47613896 29.197833
-Trial 139 522865 47613896 29.264666
-Trial 140 522865 47613896 29.351860
-Trial 141 522865 47613896 29.376800
-Trial 142 522865 47613896 29.466953
-Trial 143 522865 47613896 29.502035
-Trial 144 522865 47613896 29.521433
-Trial 145 522865 47613896 29.678103
-Trial 146 522865 47613896 29.806543
-Trial 147 522865 47613896 29.862040
* 148: Cost = 522865_47497037, Time = 27.58 sec. 
-Trial 148 522865 47497037 29.913054
-Trial 149 522865 47497037 30.202210
-Trial 150 522865 47497037 30.294097
-Trial 151 522865 47497037 30.355548
-Trial 152 522865 47497037 30.403235
-Trial 153 522865 47497037 30.505717
-Trial 154 522865 47497037 30.599164
-Trial 155 522865 47497037 30.690725
* 156: Cost = 522865_47449655, Time = 28.45 sec. 
-Trial 156 522865 47449655 30.787078
-Trial 157 522865 47449655 30.819444
-Trial 158 522865 47449655 30.856810
-Trial 159 522865 47449655 30.984450
-Trial 160 522865 47449655 30.985257
-Trial 161 522865 47449655 30.993146
-Trial 162 522865 47449655 31.152083
-Trial 163 522865 47449655 31.199923
-Trial 164 522865 47449655 31.460424
-Trial 165 522865 47449655 31.494126
* 166: Cost = 522865_47271976, Time = 29.24 sec. 
-Trial 166 522865 47271976 31.578233
-Trial 167 522865 47271976 31.675392
-Trial 168 522865 47271976 31.880251
* 169: Cost = 522865_47154537, Time = 29.66 sec. 
-Trial 169 522865 47154537 31.992342
-Trial 170 522865 47154537 32.127824
-Trial 171 522865 47154537 32.273103
-Trial 172 522865 47154537 32.429332
-Trial 173 522865 47154537 32.502910
* 174: Cost = 522865_47125739, Time = 30.23 sec. 
-Trial 174 522865 47125739 32.563976
-Trial 175 522865 47125739 32.593550
* 176: Cost = 522865_47033887, Time = 30.32 sec. 
-Trial 176 522865 47033887 32.661367
-Trial 177 522865 47033887 32.667872
* 178: Cost = 522865_46978323, Time = 30.49 sec. 
-Trial 178 522865 46978323 32.823201
* 179: Cost = 522865_46946657, Time = 30.66 sec. 
-Trial 179 522865 46946657 32.999780
* 180: Cost = 522865_46849549, Time = 30.68 sec. 
-Trial 180 522865 46849549 33.019622
* 181: Cost = 522865_46837429, Time = 30.73 sec. 
-Trial 181 522865 46837429 33.069902
-Trial 182 522865 46837429 33.289964
* 183: Cost = 522865_46698670, Time = 31.14 sec. 
-Trial 183 522865 46698670 33.472400
-Trial 184 522865 46698670 33.472850
-Trial 185 522865 46698670 33.509658
-Trial 186 522865 46698670 33.519801
-Trial 187 522865 46698670 33.595229
-Trial 188 522865 46698670 33.749236
* 189: Cost = 522865_46644572, Time = 31.46 sec. 
-Trial 189 522865 46644572 33.794905
-Trial 190 522865 46644572 33.896843
-Trial 191 522865 46644572 34.015667
* 192: Cost = 522865_46615822, Time = 31.78 sec. 
-Trial 192 522865 46615822 34.116640
-Trial 193 522865 46615822 34.230554
-Trial 194 522865 46615822 34.245188
-Trial 195 522865 46615822 34.364023
-Trial 196 522865 46615822 34.595450
-Trial 197 522865 46615822 34.637872
-Trial 198 522865 46615822 34.653160
-Trial 199 522865 46615822 34.732178
-Trial 200 522865 46615822 34.918525
-Trial 201 522865 46615822 34.925008
-Trial 202 522865 46615822 35.007769
-Trial 203 522865 46615822 35.046647
-Trial 204 522865 46615822 35.194232
-Trial 205 522865 46615822 35.407100
-Trial 206 522865 46615822 35.459711
-Trial 207 522865 46615822 35.625393
-Trial 208 522865 46615822 35.851920
-Trial 209 522865 46615822 35.953249
-Trial 210 522865 46615822 36.121252
-Trial 211 522865 46615822 36.149643
-Trial 212 522865 46615822 36.272917
* 213: Cost = 522865_46606728, Time = 33.99 sec. 
-Trial 213 522865 46606728 36.331183
-Trial 214 522865 46606728 36.392465
-Trial 215 522865 46606728 36.503148
-Trial 216 522865 46606728 36.746510
-Trial 217 522865 46606728 36.768608
-Trial 218 522865 46606728 36.951093
-Trial 219 522865 46606728 37.029316
-Trial 220 522865 46606728 37.243991
-Trial 221 522865 46606728 37.321850
-Trial 222 522865 46606728 37.371031
* 223: Cost = 522865_46545715, Time = 35.16 sec. 
-Trial 223 522865 46545715 37.492354
-Trial 224 522865 46545715 37.526379
* 225: Cost = 522865_46478420, Time = 35.30 sec. 
-Trial 225 522865 46478420 37.636667
-Trial 226 522865 46478420 37.734647
* 227: Cost = 522865_46430248, Time = 35.44 sec. 
-Trial 227 522865 46430248 37.774561
-Trial 228 522865 46430248 37.889747
-Trial 229 522865 46430248 38.040175
-Trial 230 522865 46430248 38.069798
-Trial 231 522865 46430248 38.145198
-Trial 232 522865 46430248 38.295456
-Trial 233 522865 46430248 38.324594
-Trial 234 522865 46430248 38.329558
* 235: Cost = 522865_46424085, Time = 36.06 sec. 
-Trial 235 522865 46424085 38.398216
-Trial 236 522865 46424085 38.460535
-Trial 237 522865 46424085 38.512891
-Trial 238 522865 46424085 38.539185
-Trial 239 522865 46424085 38.730050
-Trial 240 522865 46424085 38.775846
-Trial 241 522865 46424085 38.834448
-Trial 242 522865 46424085 38.894531
-Trial 243 522865 46424085 39.093532
-Trial 244 522865 46424085 39.236783
-Trial 245 522865 46424085 39.330179
-Trial 246 522865 46424085 39.681900
* 247: Cost = 522865_46363753, Time = 37.41 sec. 
-Trial 247 522865 46363753 39.750954
-Trial 248 522865 46363753 39.796152
-Trial 249 522865 46363753 39.820889
* 250: Cost = 522865_46354300, Time = 37.57 sec. 
-Trial 250 522865 46354300 39.903315
-Trial 251 522865 46354300 39.914993
-Trial 252 522865 46354300 39.977233
-Trial 253 522865 46354300 39.983777
-Trial 254 522865 46354300 40.070147
-Trial 255 522865 46354300 40.208553
* 256: Cost = 522865_46350584, Time = 38.06 sec. 
-Trial 256 522865 46350584 40.393954
-Trial 257 522865 46350584 40.425465
* 258: Cost = 522865_46345348, Time = 38.16 sec. 
-Trial 258 522865 46345348 40.493162
-Trial 259 522865 46345348 40.550451
-Trial 260 522865 46345348 40.668150
-Trial 261 522865 46345348 40.765838
-Trial 262 522865 46345348 40.863973
-Trial 263 522865 46345348 40.941890
-Trial 264 522865 46345348 40.994991
-Trial 265 522865 46345348 41.065175
-Trial 266 522865 46345348 41.220100
-Trial 267 522865 46345348 41.336661
-Trial 268 522865 46345348 41.407694
-Trial 269 522865 46345348 41.700253
-Trial 270 522865 46345348 41.839001
-Trial 271 522865 46345348 41.855742
-Trial 272 522865 46345348 41.919681
-Trial 273 522865 46345348 42.015135
-Trial 274 522865 46345348 42.089275
-Trial 275 522865 46345348 42.167685
-Trial 276 522865 46345348 42.249560
-Trial 277 522865 46345348 42.381066
* 278: Cost = 522865_46278886, Time = 40.09 sec. 
-Trial 278 522865 46278886 42.424561
-Trial 279 522865 46278886 42.500020
-Trial 280 522865 46278886 42.591687
-Trial 281 522865 46278886 42.644264
-Trial 282 522865 46278886 42.882976
* 283: Cost = 522865_46148524, Time = 41.24 sec. 
-Trial 283 522865 46148524 43.578701
-Trial 284 522865 46148524 43.757538
* 285: Cost = 522865_46100007, Time = 41.52 sec. 
-Trial 285 522865 46100007 43.852895
-Trial 286 522865 46100007 43.984805
-Trial 287 522865 46100007 44.173908
-Trial 288 522865 46100007 44.321295
-Trial 289 522865 46100007 44.573067
-Trial 290 522865 46100007 44.655552
-Trial 291 522865 46100007 44.677516
-Trial 292 522865 46100007 44.734337
-Trial 293 522865 46100007 44.749613
-Trial 294 522865 46100007 44.785997
-Trial 295 522865 46100007 44.838163
-Trial 296 522865 46100007 45.014066
* 297: Cost = 522865_46089552, Time = 42.89 sec. 
-Trial 297 522865 46089552 45.228409
-Trial 298 522865 46089552 45.485797
-Trial 299 522865 46089552 45.946191
-Trial 300 522865 46089552 46.078902
-Trial 301 522865 46089552 46.306535
-Trial 302 522865 46089552 46.409563
-Trial 303 522865 46089552 46.493524
-Trial 304 522865 46089552 46.547717
-Trial 305 522865 46089552 46.717493
-Trial 306 522865 46089552 47.059228
-Trial 307 522865 46089552 47.138075
-Trial 308 522865 46089552 47.284773
-Trial 309 522865 46089552 47.448922
-Trial 310 522865 46089552 47.481938
-Trial 311 522865 46089552 47.562363
-Trial 312 522865 46089552 47.651182
-Trial 313 522865 46089552 47.732041
-Trial 314 522865 46089552 47.822287
-Trial 315 522865 46089552 48.051679
-Trial 316 522865 46089552 48.097602
-Trial 317 522865 46089552 48.159973
-Trial 318 522865 46089552 48.223366
-Trial 319 522865 46089552 48.321747
* 320: Cost = 522865_46071256, Time = 46.02 sec. 
-Trial 320 522865 46071256 48.358676
-Trial 321 522865 46071256 48.564130
-Trial 322 522865 46071256 48.649190
-Trial 323 522865 46071256 48.760188
* 324: Cost = 522865_46067583, Time = 46.62 sec. 
-Trial 324 522865 46067583 48.956796
-Trial 325 522865 46067583 49.073713
-Trial 326 522865 46067583 49.153060
-Trial 327 522865 46067583 49.327588
-Trial 328 522865 46067583 49.477043
-Trial 329 522865 46067583 49.662011
-Trial 330 522865 46067583 49.832150
-Trial 331 522865 46067583 49.989223
* 332: Cost = 522865_46060296, Time = 47.80 sec. 
-Trial 332 522865 46060296 50.132423
-Trial 333 522865 46060296 50.180659
-Trial 334 522865 46060296 50.250072
-Trial 335 522865 46060296 50.284079
-Trial 336 522865 46060296 50.451079
-Trial 337 522865 46060296 50.609570
-Trial 338 522865 46060296 50.694611
-Trial 339 522865 46060296 50.752627
-Trial 340 522865 46060296 50.849234
-Trial 341 522865 46060296 50.924222
-Trial 342 522865 46060296 51.010395
-Trial 343 522865 46060296 51.114847
-Trial 344 522865 46060296 51.235348
-Trial 345 522865 46060296 51.238548
-Trial 346 522865 46060296 51.511810
* 347: Cost = 522865_46054321, Time = 49.34 sec. 
-Trial 347 522865 46054321 51.677523
-Trial 348 522865 46054321 51.815727
* 349: Cost = 522865_46044039, Time = 49.54 sec. 
-Trial 349 522865 46044039 51.875553
* 350: Cost = 522865_45839816, Time = 49.65 sec. 
-Trial 350 522865 45839816 51.983547
-Trial 351 522865 45839816 51.999680
-Trial 352 522865 45839816 52.005070
-Trial 353 522865 45839816 52.107537
-Trial 354 522865 45839816 52.355403
-Trial 355 522865 45839816 52.729564
-Trial 356 522865 45839816 52.769247
* 357: Cost = 522865_45836642, Time = 50.73 sec. 
-Trial 357 522865 45836642 53.069125
-Trial 358 522865 45836642 53.171960
* 359: Cost = 522865_45827647, Time = 50.96 sec. 
-Trial 359 522865 45827647 53.292573
-Trial 360 522865 45827647 53.315233
-Trial 361 522865 45827647 53.476510
* 362: Cost = 522865_45763650, Time = 51.28 sec. 
-Trial 362 522865 45763650 53.614651
-Trial 363 522865 45763650 53.639539
-Trial 364 522865 45763650 53.748728
-Trial 365 522865 45763650 53.794532
-Trial 366 522865 45763650 53.963570
-Trial 367 522865 45763650 54.069282
-Trial 368 522865 45763650 54.124454
-Trial 369 522865 45763650 54.256796
-Trial 370 522865 45763650 54.385626
-Trial 371 522865 45763650 54.628014
-Trial 372 522865 45763650 54.722045
-Trial 373 522865 45763650 54.790130
-Trial 374 522865 45763650 55.017125
-Trial 375 522865 45763650 55.284282
* 376: Cost = 522865_45716706, Time = 53.00 sec. 
-Trial 376 522865 45716706 55.335037
-Trial 377 522865 45716706 55.402853
-Trial 378 522865 45716706 55.565961
-Trial 379 522865 45716706 55.612181
-Trial 380 522865 45716706 55.785060
-Trial 381 522865 45716706 55.786186
-Trial 382 522865 45716706 55.903910
-Trial 383 522865 45716706 55.905669
-Trial 384 522865 45716706 56.133969
-Trial 385 522865 45716706 56.314875
-Trial 386 522865 45716706 56.451442
-Trial 387 522865 45716706 56.534341
-Trial 388 522865 45716706 56.553305
-Trial 389 522865 45716706 56.601917
* 390: Cost = 522865_45702660, Time = 54.40 sec. 
-Trial 390 522865 45702660 56.732046
-Trial 391 522865 45702660 56.750856
* 392: Cost = 522865_45605548, Time = 54.54 sec. 
-Trial 392 522865 45605548 56.878297
* 393: Cost = 522865_45586719, Time = 54.70 sec. 
-Trial 393 522865 45586719 57.037359
* 394: Cost = 522865_45421118, Time = 54.83 sec. 
-Trial 394 522865 45421118 57.166217
-Trial 395 522865 45421118 57.271883
-Trial 396 522865 45421118 57.397458
-Trial 397 522865 45421118 57.429924
-Trial 398 522865 45421118 57.613814
-Trial 399 522865 45421118 57.670060
-Trial 400 522865 45421118 57.937278
* 401: Cost = 522865_45418282, Time = 55.65 sec. 
-Trial 401 522865 45418282 57.990993
-Trial 402 522865 45418282 58.055554
-Trial 403 522865 45418282 58.083930
-Trial 404 522865 45418282 58.137694
-Trial 405 522865 45418282 58.172460
-Trial 406 522865 45418282 58.267886
-Trial 407 522865 45418282 58.338563
-Trial 408 522865 45418282 58.437967
-Trial 409 522865 45418282 58.438422
-Trial 410 522865 45418282 58.548523
-Trial 411 522865 45418282 58.633988
-Trial 412 522865 45418282 58.762519
-Trial 413 522865 45418282 58.821029
-Trial 414 522865 45418282 58.919894
* 415: Cost = 522865_45417146, Time = 56.64 sec. 
-Trial 415 522865 45417146 58.981771
-Trial 416 522865 45417146 59.101620
-Trial 417 522865 45417146 59.245038
-Trial 418 522865 45417146 59.389850
-Trial 419 522865 45417146 59.394729
-Trial 420 522865 45417146 59.426655
-Trial 421 522865 45417146 59.527822
-Trial 422 522865 45417146 59.638858
-Trial 423 522865 45417146 59.702175
* 424: Cost = 522865_45352618, Time = 57.39 sec. 
-Trial 424 522865 45352618 59.730227
-Trial 425 522865 45352618 59.833795
-Trial 426 522865 45352618 60.032712
-Trial 427 522865 45352618 60.175331
-Trial 428 522865 45352618 60.781543
-Trial 429 522865 45352618 60.831638
-Trial 430 522865 45352618 61.020606
-Trial 431 522865 45352618 61.121815
-Trial 432 522865 45352618 61.180261
-Trial 433 522865 45352618 61.259040
-Trial 434 522865 45352618 61.281419
-Trial 435 522865 45352618 61.408729
-Trial 436 522865 45352618 61.459904
-Trial 437 522865 45352618 61.533212
-Trial 438 522865 45352618 61.700856
-Trial 439 522865 45352618 61.727738
-Trial 440 522865 45352618 61.793103
-Trial 441 522865 45352618 61.811538
-Trial 442 522865 45352618 61.888990
-Trial 443 522865 45352618 61.897253
-Trial 444 522865 45352618 62.066103
-Trial 445 522865 45352618 62.212073
-Trial 446 522865 45352618 62.256239
-Trial 447 522865 45352618 62.337542
-Trial 448 522865 45352618 62.422267
-Trial 449 522865 45352618 62.474079
-Trial 450 522865 45352618 62.517103
-Trial 451 522865 45352618 62.644168
-Trial 452 522865 45352618 62.681098
-Trial 453 522865 45352618 62.772357
-Trial 454 522865 45352618 62.871642
-Trial 455 522865 45352618 62.900620
-Trial 456 522865 45352618 63.160049
-Trial 457 522865 45352618 63.229059
-Trial 458 522865 45352618 63.288201
-Trial 459 522865 45352618 63.412437
-Trial 460 522865 45352618 63.491675
-Trial 461 522865 45352618 63.624220
-Trial 462 522865 45352618 63.678281
-Trial 463 522865 45352618 63.852860
-Trial 464 522865 45352618 64.057043
-Trial 465 522865 45352618 64.093427
-Trial 466 522865 45352618 64.194087
-Trial 467 522865 45352618 64.359417
-Trial 468 522865 45352618 64.429502
-Trial 469 522865 45352618 64.488685
* 470: Cost = 522865_45327498, Time = 62.20 sec. 
-Trial 470 522865 45327498 64.541812
-Trial 471 522865 45327498 64.543539
-Trial 472 522865 45327498 64.576155
-Trial 473 522865 45327498 64.651086
-Trial 474 522865 45327498 64.674282
-Trial 475 522865 45327498 64.868433
-Trial 476 522865 45327498 64.966213
-Trial 477 522865 45327498 65.095796
-Trial 478 522865 45327498 65.236100
-Trial 479 522865 45327498 65.297507
-Trial 480 522865 45327498 65.349808
-Trial 481 522865 45327498 65.466916
-Trial 482 522865 45327498 65.599802
-Trial 483 522865 45327498 65.627674
* 484: Cost = 522865_45326210, Time = 63.45 sec. 
-Trial 484 522865 45326210 65.785304
-Trial 485 522865 45326210 65.888796
-Trial 486 522865 45326210 65.992958
-Trial 487 522865 45326210 66.097369
-Trial 488 522865 45326210 66.218643
-Trial 489 522865 45326210 66.260503
-Trial 490 522865 45326210 66.387713
-Trial 491 522865 45326210 66.560340
-Trial 492 522865 45326210 66.672933
-Trial 493 522865 45326210 66.717591
-Trial 494 522865 45326210 66.783908
-Trial 495 522865 45326210 67.073293
-Trial 496 522865 45326210 67.106961
-Trial 497 522865 45326210 67.222036
-Trial 498 522865 45326210 67.319040
-Trial 499 522865 45326210 67.363773
-Trial 500 522865 45326210 67.372946
-Trial 501 522865 45326210 67.526262
-Trial 502 522865 45326210 67.700010
-Trial 503 522865 45326210 67.846427
-Trial 504 522865 45326210 68.027416
-Trial 505 522865 45326210 68.150219
-Trial 506 522865 45326210 68.195615
-Trial 507 522865 45326210 68.229248
-Trial 508 522865 45326210 68.320445
-Trial 509 522865 45326210 68.501240
-Trial 510 522865 45326210 68.594623
-Trial 511 522865 45326210 68.788749
-Trial 512 522865 45326210 68.856950
-Trial 513 522865 45326210 68.995154
-Trial 514 522865 45326210 69.062935
-Trial 515 522865 45326210 69.175378
-Trial 516 522865 45326210 69.241338
-Trial 517 522865 45326210 69.451056
-Trial 518 522865 45326210 69.556842
-Trial 519 522865 45326210 69.604055
-Trial 520 522865 45326210 69.747172
-Trial 521 522865 45326210 69.841393
-Trial 522 522865 45326210 69.922667
-Trial 523 522865 45326210 70.184778
-Trial 524 522865 45326210 70.301088
-Trial 525 522865 45326210 70.325960
-Trial 526 522865 45326210 70.441738
-Trial 527 522865 45326210 70.571303
-Trial 528 522865 45326210 70.689954
-Trial 529 522865 45326210 70.741318
-Trial 530 522865 45326210 70.798579
-Trial 531 522865 45326210 70.855931
-Trial 532 522865 45326210 71.017218
-Trial 533 522865 45326210 71.135637
-Trial 534 522865 45326210 71.193716
-Trial 535 522865 45326210 71.248163
-Trial 536 522865 45326210 71.316123
-Trial 537 522865 45326210 71.416561
-Trial 538 522865 45326210 71.510544
-Trial 539 522865 45326210 71.519429
-Trial 540 522865 45326210 71.522955
-Trial 541 522865 45326210 71.674181
-Trial 542 522865 45326210 71.786543
-Trial 543 522865 45326210 71.866046
-Trial 544 522865 45326210 71.920694
-Trial 545 522865 45326210 71.990968
-Trial 546 522865 45326210 72.182097
-Trial 547 522865 45326210 72.211951
-Trial 548 522865 45326210 72.255307
-Trial 549 522865 45326210 72.287366
-Trial 550 522865 45326210 72.375763
-Trial 551 522865 45326210 72.574930
-Trial 552 522865 45326210 72.578266
-Trial 553 522865 45326210 72.600120
-Trial 554 522865 45326210 72.729284
-Trial 555 522865 45326210 72.848579
-Trial 556 522865 45326210 73.015074
-Trial 557 522865 45326210 73.031896
-Trial 558 522865 45326210 73.226679
-Trial 559 522865 45326210 73.270854
-Trial 560 522865 45326210 73.286420
-Trial 561 522865 45326210 73.352646
-Trial 562 522865 45326210 73.404367
* 563: Cost = 522865_45299073, Time = 71.16 sec. 
-Trial 563 522865 45299073 73.496403
-Trial 564 522865 45299073 73.773712
-Trial 565 522865 45299073 73.876781
-Trial 566 522865 45299073 74.023483
-Trial 567 522865 45299073 74.151160
-Trial 568 522865 45299073 74.236076
-Trial 569 522865 45299073 74.340237
-Trial 570 522865 45299073 74.388297
-Trial 571 522865 45299073 74.466847
-Trial 572 522865 45299073 74.581788
-Trial 573 522865 45299073 74.693143
-Trial 574 522865 45299073 74.887371
-Trial 575 522865 45299073 75.009653
-Trial 576 522865 45299073 75.166918
-Trial 577 522865 45299073 75.226650
-Trial 578 522865 45299073 75.307879
-Trial 579 522865 45299073 75.321099
-Trial 580 522865 45299073 75.494747
-Trial 581 522865 45299073 75.868629
-Trial 582 522865 45299073 76.036693
-Trial 583 522865 45299073 76.062795
-Trial 584 522865 45299073 76.114742
-Trial 585 522865 45299073 76.185043
-Trial 586 522865 45299073 76.278710
-Trial 587 522865 45299073 76.343882
-Trial 588 522865 45299073 76.485161
-Trial 589 522865 45299073 76.539944
-Trial 590 522865 45299073 76.656243
-Trial 591 522865 45299073 76.695377
-Trial 592 522865 45299073 76.732100
-Trial 593 522865 45299073 76.772389
* 594: Cost = 522865_45209069, Time = 74.79 sec. 
-Trial 594 522865 45209069 77.123767
-Trial 595 522865 45209069 77.124486
* 596: Cost = 522865_45206996, Time = 74.88 sec. 
-Trial 596 522865 45206996 77.221017
* 597: Cost = 522865_45126123, Time = 74.90 sec. 
-Trial 597 522865 45126123 77.236385
* 598: Cost = 522865_45097546, Time = 75.01 sec. 
-Trial 598 522865 45097546 77.347204
-Trial 599 522865 45097546 77.439227
-Trial 600 522865 45097546 77.626161
-Trial 601 522865 45097546 77.713241
-Trial 602 522865 45097546 77.931939
-Trial 603 522865 45097546 77.944743
-Trial 604 522865 45097546 78.019870
-Trial 605 522865 45097546 78.021139
-Trial 606 522865 45097546 78.078581
-Trial 607 522865 45097546 78.079033
-Trial 608 522865 45097546 78.155750
-Trial 609 522865 45097546 78.219241
-Trial 610 522865 45097546 78.279260
-Trial 611 522865 45097546 78.358212
-Trial 612 522865 45097546 78.789749
* 613: Cost = 265927_46579085, Time = 76.70 sec. 
-Trial 613 265927 46579085 79.038734
* 614: Cost = 265927_46259256, Time = 76.84 sec. 
-Trial 614 265927 46259256 79.177418
-Trial 615 265927 46259256 79.271178
* 616: Cost = 155034_46510315, Time = 77.17 sec. 
-Trial 616 155034 46510315 79.506716
-Trial 617 155034 46510315 79.640945
-Trial 618 155034 46510315 79.702503
-Trial 619 155034 46510315 79.780183
-Trial 620 155034 46510315 79.838155
-Trial 621 155034 46510315 79.945898
-Trial 622 155034 46510315 79.951942
-Trial 623 155034 46510315 80.056711
-Trial 624 155034 46510315 80.060265
* 625: Cost = 155034_45662555, Time = 77.79 sec. 
-Trial 625 155034 45662555 80.122851
-Trial 626 155034 45662555 80.156668
-Trial 627 155034 45662555 80.244732
* 628: Cost = 143197_45401406, Time = 78.13 sec. 
-Trial 628 143197 45401406 80.467050
* 629: Cost = 143197_45381552, Time = 78.16 sec. 
-Trial 629 143197 45381552 80.495967
-Trial 630 143197 45381552 80.535141
-Trial 631 143197 45381552 80.582001
-Trial 632 143197 45381552 80.616389
-Trial 633 143197 45381552 80.663478
-Trial 634 143197 45381552 80.710523
-Trial 635 143197 45381552 80.712450
-Trial 636 143197 45381552 80.764748
-Trial 637 143197 45381552 80.880259
-Trial 638 143197 45381552 80.910365
-Trial 639 143197 45381552 80.936041
-Trial 640 143197 45381552 81.080910
-Trial 641 143197 45381552 81.082225
-Trial 642 143197 45381552 81.099926
-Trial 643 143197 45381552 81.117992
* 644: Cost = 143197_45180722, Time = 78.87 sec. 
-Trial 644 143197 45180722 81.211255
-Trial 645 143197 45180722 81.363310
-Trial 646 143197 45180722 81.370481
-Trial 647 143197 45180722 81.476103
-Trial 648 143197 45180722 81.479692
-Trial 649 143197 45180722 81.480072
-Trial 650 143197 45180722 81.597741
-Trial 651 143197 45180722 81.638701
-Trial 652 143197 45180722 81.691054
-Trial 653 143197 45180722 81.740651
-Trial 654 143197 45180722 81.770315
-Trial 655 143197 45180722 81.896092
* 656: Cost = 143197_45099910, Time = 79.65 sec. 
-Trial 656 143197 45099910 81.986089
* 657: Cost = 143197_45010133, Time = 79.69 sec. 
-Trial 657 143197 45010133 82.027554
* 658: Cost = 143197_44984724, Time = 79.71 sec. 
-Trial 658 143197 44984724 82.049489
-Trial 659 143197 44984724 82.133195
-Trial 660 143197 44984724 82.162861
-Trial 661 143197 44984724 82.178208
-Trial 662 143197 44984724 82.213978
-Trial 663 143197 44984724 82.304734
-Trial 664 143197 44984724 82.370049
-Trial 665 143197 44984724 82.456318
-Trial 666 143197 44984724 82.549167
-Trial 667 143197 44984724 82.581808
-Trial 668 143197 44984724 82.605261
-Trial 669 143197 44984724 82.689436
-Trial 670 143197 44984724 82.714534
-Trial 671 143197 44984724 82.768786
-Trial 672 143197 44984724 82.808857
-Trial 673 143197 44984724 82.852394
-Trial 674 143197 44984724 82.854958
-Trial 675 143197 44984724 82.891851
* 676: Cost = 98961_45620620, Time = 80.59 sec. 
-Trial 676 98961 45620620 82.930694
-Trial 677 98961 45620620 83.083870
* 678: Cost = 98961_45618820, Time = 80.83 sec. 
-Trial 678 98961 45618820 83.170226
-Trial 679 98961 45618820 83.261202
-Trial 680 98961 45618820 83.433852
-Trial 681 98961 45618820 83.434711
* 682: Cost = 98961_45527341, Time = 81.16 sec. 
-Trial 682 98961 45527341 83.500780
-Trial 683 98961 45527341 83.578512
-Trial 684 98961 45527341 83.668007
-Trial 685 98961 45527341 83.721783
-Trial 686 98961 45527341 83.786309
-Trial 687 98961 45527341 83.960775
-Trial 688 98961 45527341 83.996781
-Trial 689 98961 45527341 84.082776
-Trial 690 98961 45527341 84.106851
* 691: Cost = 98961_45351550, Time = 81.82 sec. 
-Trial 691 98961 45351550 84.155633
-Trial 692 98961 45351550 84.272383
-Trial 693 98961 45351550 84.359336
-Trial 694 98961 45351550 84.396979
-Trial 695 98961 45351550 84.434790
-Trial 696 98961 45351550 84.538971
-Trial 697 98961 45351550 84.568688
-Trial 698 98961 45351550 84.732069
-Trial 699 98961 45351550 84.767028
* 700: Cost = 98961_45263848, Time = 82.48 sec. 
-Trial 700 98961 45263848 84.817646
-Trial 701 98961 45263848 84.859668
-Trial 702 98961 45263848 84.881462
-Trial 703 98961 45263848 84.955561
-Trial 704 98961 45263848 84.975576
-Trial 705 98961 45263848 85.063527
-Trial 706 98961 45263848 85.126317
-Trial 707 98961 45263848 85.189173
-Trial 708 98961 45263848 85.255812
-Trial 709 98961 45263848 85.318905
-Trial 710 98961 45263848 85.377617
-Trial 711 98961 45263848 85.434191
-Trial 712 98961 45263848 85.457078
-Trial 713 98961 45263848 85.477902
-Trial 714 98961 45263848 85.537176
-Trial 715 98961 45263848 85.779348
* 716: Cost = 98961_45243800, Time = 83.51 sec. 
-Trial 716 98961 45243800 85.849884
-Trial 717 98961 45243800 85.906164
-Trial 718 98961 45243800 85.972492
-Trial 719 98961 45243800 85.982808
* 720: Cost = 98961_45177705, Time = 83.68 sec. 
-Trial 720 98961 45177705 86.013375
* 721: Cost = 98961_45060036, Time = 83.74 sec. 
-Trial 721 98961 45060036 86.072873
* 722: Cost = 98961_45058558, Time = 83.77 sec. 
-Trial 722 98961 45058558 86.108234
-Trial 723 98961 45058558 86.144525
-Trial 724 98961 45058558 86.175014
-Trial 725 98961 45058558 86.213960
-Trial 726 98961 45058558 86.243800
-Trial 727 98961 45058558 86.283947
-Trial 728 98961 45058558 86.312804
-Trial 729 98961 45058558 86.355556
-Trial 730 98961 45058558 86.356944
-Trial 731 98961 45058558 86.429096
-Trial 732 98961 45058558 86.508480
-Trial 733 98961 45058558 86.598048
-Trial 734 98961 45058558 86.640132
-Trial 735 98961 45058558 86.675942
-Trial 736 98961 45058558 86.701996
-Trial 737 98961 45058558 86.772521
-Trial 738 98961 45058558 86.878413
-Trial 739 98961 45058558 86.896972
-Trial 740 98961 45058558 86.932702
* 741: Cost = 98961_45042610, Time = 84.62 sec. 
-Trial 741 98961 45042610 86.955039
-Trial 742 98961 45042610 86.969151
* 743: Cost = 98961_45003196, Time = 84.64 sec. 
-Trial 743 98961 45003196 86.980861
-Trial 744 98961 45003196 87.118207
-Trial 745 98961 45003196 87.193932
-Trial 746 98961 45003196 87.267572
-Trial 747 98961 45003196 87.367012
-Trial 748 98961 45003196 87.429966
* 749: Cost = 98961_44997179, Time = 85.12 sec. 
-Trial 749 98961 44997179 87.451957
-Trial 750 98961 44997179 87.553317
-Trial 751 98961 44997179 88.003096
-Trial 752 98961 44997179 88.093804
-Trial 753 98961 44997179 88.141087
-Trial 754 98961 44997179 88.209804
-Trial 755 98961 44997179 88.266294
-Trial 756 98961 44997179 88.362043
-Trial 757 98961 44997179 88.437008
-Trial 758 98961 44997179 88.482605
-Trial 759 98961 44997179 88.679254
-Trial 760 98961 44997179 88.721506
-Trial 761 98961 44997179 88.826118
-Trial 762 98961 44997179 89.062005
-Trial 763 98961 44997179 89.112924
-Trial 764 98961 44997179 89.173235
-Trial 765 98961 44997179 89.954085
-Trial 766 98961 44997179 90.020027
-Trial 767 98961 44997179 90.104488
-Trial 768 98961 44997179 90.135097
-Trial 769 98961 44997179 90.161157
-Trial 770 98961 44997179 90.183232
-Trial 771 98961 44997179 90.216151
-Trial 772 98961 44997179 90.246586
-Trial 773 98961 44997179 90.385012
-Trial 774 98961 44997179 90.442110
-Trial 775 98961 44997179 90.500313
-Trial 776 98961 44997179 90.595883
-Trial 777 98961 44997179 90.681070
-Trial 778 98961 44997179 90.803787
-Trial 779 98961 44997179 90.819000
-Trial 780 98961 44997179 90.844285
-Trial 781 98961 44997179 90.867241
-Trial 782 98961 44997179 90.957137
-Trial 783 98961 44997179 91.010911
-Trial 784 98961 44997179 91.044570
-Trial 785 98961 44997179 91.077428
-Trial 786 98961 44997179 91.199796
-Trial 787 98961 44997179 91.202334
-Trial 788 98961 44997179 91.277314
-Trial 789 98961 44997179 91.287705
-Trial 790 98961 44997179 91.349619
* 791: Cost = 98961_44977823, Time = 89.06 sec. 
-Trial 791 98961 44977823 91.394647
-Trial 792 98961 44977823 91.430457
-Trial 793 98961 44977823 91.548753
-Trial 794 98961 44977823 91.566001
-Trial 795 98961 44977823 91.625519
-Trial 796 98961 44977823 91.743281
-Trial 797 98961 44977823 92.092797
-Trial 798 98961 44977823 92.234496
-Trial 799 98961 44977823 92.274208
-Trial 800 98961 44977823 92.286713
-Trial 801 98961 44977823 92.314536
-Trial 802 98961 44977823 92.384871
-Trial 803 98961 44977823 92.415393
-Trial 804 98961 44977823 92.478385
-Trial 805 98961 44977823 92.495084
-Trial 806 98961 44977823 92.550935
-Trial 807 98961 44977823 92.568283
-Trial 808 98961 44977823 92.592403
-Trial 809 98961 44977823 92.742185
* 810: Cost = 98961_44956432, Time = 90.43 sec. 
-Trial 810 98961 44956432 92.763969
-Trial 811 98961 44956432 92.831418
-Trial 812 98961 44956432 92.862502
-Trial 813 98961 44956432 92.905218
-Trial 814 98961 44956432 92.910868
-Trial 815 98961 44956432 92.928031
-Trial 816 98961 44956432 92.984877
-Trial 817 98961 44956432 93.010855
-Trial 818 98961 44956432 93.258571
-Trial 819 98961 44956432 93.277636
-Trial 820 98961 44956432 93.350706
-Trial 821 98961 44956432 93.378508
-Trial 822 98961 44956432 93.415294
-Trial 823 98961 44956432 93.461893
-Trial 824 98961 44956432 93.483400
-Trial 825 98961 44956432 93.521423
-Trial 826 98961 44956432 93.556537
-Trial 827 98961 44956432 93.609889
-Trial 828 98961 44956432 93.669778
-Trial 829 98961 44956432 94.014867
* 830: Cost = 98961_44914821, Time = 91.69 sec. 
-Trial 830 98961 44914821 94.031685
-Trial 831 98961 44914821 94.096187
-Trial 832 98961 44914821 94.129928
-Trial 833 98961 44914821 94.249384
* 834: Cost = 98961_44900356, Time = 91.95 sec. 
-Trial 834 98961 44900356 94.282942
-Trial 835 98961 44900356 94.329412
-Trial 836 98961 44900356 94.461328
-Trial 837 98961 44900356 94.526534
-Trial 838 98961 44900356 94.557699
-Trial 839 98961 44900356 94.581180
-Trial 840 98961 44900356 94.621313
-Trial 841 98961 44900356 94.684108
-Trial 842 98961 44900356 94.735237
-Trial 843 98961 44900356 94.766873
-Trial 844 98961 44900356 94.771706
-Trial 845 98961 44900356 94.849640
-Trial 846 98961 44900356 94.929704
-Trial 847 98961 44900356 94.958011
-Trial 848 98961 44900356 94.966680
-Trial 849 98961 44900356 95.180976
-Trial 850 98961 44900356 95.219648
-Trial 851 98961 44900356 95.279940
-Trial 852 98961 44900356 95.301399
-Trial 853 98961 44900356 95.329909
-Trial 854 98961 44900356 95.338699
-Trial 855 98961 44900356 95.420241
-Trial 856 98961 44900356 95.482888
-Trial 857 98961 44900356 95.546510
-Trial 858 98961 44900356 95.672044
-Trial 859 98961 44900356 95.712599
-Trial 860 98961 44900356 95.718064
-Trial 861 98961 44900356 95.760908
-Trial 862 98961 44900356 95.792864
-Trial 863 98961 44900356 95.908986
-Trial 864 98961 44900356 96.035029
-Trial 865 98961 44900356 96.063233
-Trial 866 98961 44900356 96.125494
-Trial 867 98961 44900356 96.130820
-Trial 868 98961 44900356 96.161533
-Trial 869 98961 44900356 96.207323
-Trial 870 98961 44900356 96.242830
-Trial 871 98961 44900356 96.310327
-Trial 872 98961 44900356 96.406407
-Trial 873 98961 44900356 96.422864
-Trial 874 98961 44900356 96.452384
-Trial 875 98961 44900356 96.536136
-Trial 876 98961 44900356 96.572891
-Trial 877 98961 44900356 96.648977
-Trial 878 98961 44900356 96.826258
-Trial 879 98961 44900356 96.926681
-Trial 880 98961 44900356 96.953577
-Trial 881 98961 44900356 97.006446
-Trial 882 98961 44900356 97.029442
-Trial 883 98961 44900356 97.127030
-Trial 884 98961 44900356 97.151315
-Trial 885 98961 44900356 97.176685
-Trial 886 98961 44900356 97.183914
-Trial 887 98961 44900356 97.217947
-Trial 888 98961 44900356 97.231169
-Trial 889 98961 44900356 97.579630
-Trial 890 98961 44900356 97.616223
-Trial 891 98961 44900356 97.627030
-Trial 892 98961 44900356 97.751996
-Trial 893 98961 44900356 97.793215
-Trial 894 98961 44900356 97.800894
-Trial 895 98961 44900356 97.833346
-Trial 896 98961 44900356 97.845001
-Trial 897 98961 44900356 98.054308
-Trial 898 98961 44900356 98.093942
-Trial 899 98961 44900356 98.262620
-Trial 900 98961 44900356 98.366899
* 901: Cost = 0_45733846, Time = 96.15 sec. 
-Trial 901 0 45733846 98.489642
-Trial 902 0 45733846 98.497170
-Trial 903 0 45733846 98.503511
-Trial 904 0 45733846 98.555668
-Trial 905 0 45733846 98.577409
-Trial 906 0 45733846 98.587249
-Trial 907 0 45733846 98.606187
-Trial 908 0 45733846 98.614209
-Trial 909 0 45733846 98.634227
-Trial 910 0 45733846 98.695434
-Trial 911 0 45733846 98.970096
* 912: Cost = 0_45659859, Time = 96.64 sec. 
-Trial 912 0 45659859 98.973636
-Trial 913 0 45659859 98.987749
-Trial 914 0 45659859 99.000096
-Trial 915 0 45659859 99.049604
-Trial 916 0 45659859 99.069452
-Trial 917 0 45659859 99.091057
-Trial 918 0 45659859 99.250235
-Trial 919 0 45659859 99.256266
-Trial 920 0 45659859 99.295117
-Trial 921 0 45659859 99.333308
-Trial 922 0 45659859 99.336041
-Trial 923 0 45659859 99.375794
* 924: Cost = 0_45640799, Time = 97.10 sec. 
-Trial 924 0 45640799 99.439673
-Trial 925 0 45640799 99.448303
-Trial 926 0 45640799 99.560510
-Trial 927 0 45640799 99.569871
-Trial 928 0 45640799 99.572486
-Trial 929 0 45640799 99.694834
-Trial 930 0 45640799 99.724617
-Trial 931 0 45640799 99.747685
-Trial 932 0 45640799 99.781065
-Trial 933 0 45640799 99.897855
-Trial 934 0 45640799 99.908739
-Trial 935 0 45640799 99.929147
* 936: Cost = 0_45573602, Time = 97.60 sec. 
-Trial 936 0 45573602 99.933556
-Trial 937 0 45573602 100.074296
-Trial 938 0 45573602 100.094395
-Trial 939 0 45573602 100.113773
* 940: Cost = 0_45285074, Time = 97.84 sec. 
-Trial 940 0 45285074 100.173109
-Trial 941 0 45285074 100.190920
-Trial 942 0 45285074 100.287706
-Trial 943 0 45285074 100.372708
-Trial 944 0 45285074 100.391430
-Trial 945 0 45285074 100.409072
-Trial 946 0 45285074 100.410135
-Trial 947 0 45285074 100.435375
-Trial 948 0 45285074 100.445174
-Trial 949 0 45285074 100.465755
* 950: Cost = 0_45248619, Time = 98.16 sec. 
-Trial 950 0 45248619 100.495742
-Trial 951 0 45248619 100.564504
-Trial 952 0 45248619 100.626182
-Trial 953 0 45248619 100.653149
-Trial 954 0 45248619 100.683700
-Trial 955 0 45248619 100.716117
-Trial 956 0 45248619 100.754135
-Trial 957 0 45248619 100.782524
-Trial 958 0 45248619 100.784843
-Trial 959 0 45248619 100.806217
-Trial 960 0 45248619 100.816577
-Trial 961 0 45248619 100.825740
-Trial 962 0 45248619 100.858578
-Trial 963 0 45248619 100.911639
-Trial 964 0 45248619 100.914441
-Trial 965 0 45248619 100.922244
-Trial 966 0 45248619 100.927171
-Trial 967 0 45248619 100.975256
-Trial 968 0 45248619 100.988189
-Trial 969 0 45248619 100.991502
-Trial 970 0 45248619 101.019753
-Trial 971 0 45248619 101.082870
-Trial 972 0 45248619 101.103935
-Trial 973 0 45248619 101.107807
-Trial 974 0 45248619 101.119761
-Trial 975 0 45248619 101.186562
-Trial 976 0 45248619 101.189176
-Trial 977 0 45248619 101.214937
-Trial 978 0 45248619 101.226872
-Trial 979 0 45248619 101.238796
-Trial 980 0 45248619 101.297542
-Trial 981 0 45248619 101.356985
-Trial 982 0 45248619 101.417224
-Trial 983 0 45248619 101.420901
-Trial 984 0 45248619 101.435713
-Trial 985 0 45248619 101.468024
-Trial 986 0 45248619 101.480353
-Trial 987 0 45248619 101.517118
-Trial 988 0 45248619 101.524593
-Trial 989 0 45248619 101.559494
-Trial 990 0 45248619 101.576532
-Trial 991 0 45248619 101.650359
-Trial 992 0 45248619 101.652533
-Trial 993 0 45248619 101.666366
-Trial 994 0 45248619 101.672900
-Trial 995 0 45248619 101.674720
-Trial 996 0 45248619 101.689886
-Trial 997 0 45248619 101.699163
-Trial 998 0 45248619 101.716024
-Trial 999 0 45248619 101.807099
-Trial 1000 0 45248619 101.823489
Population:
  1: 0_45248619
Run 1: Cost = 0_45248619, Time = 99.49 sec. 

Successes/Runs = 0/1 
Cost.min = 45248619, Cost.avg = 45248619.00, Cost.max = 45248619
Gap.min = 0.0000%, Gap.avg = 0.0000%, Gap.max = 0.0000%
Penalty.min = 0, Penalty.avg = 0.00, Penalty.max = 0
Trials.min = 1000, Trials.avg = 1000.0, Trials.max = 1000
Time.min = 99.49 sec., Time.avg = 99.49 sec., Time.max = 99.49 sec.
Time.total = 101.82 sec.
  Size.min = 6, Size.max = 41, Penalty = 0
  Cost.min = 511527, Cost.max = 3196033, Cost.sum = 45248619
Best CVRPTW solution:
  Cost = 0_45248619
1 349 24 471 455 15 278 33 217 343 265 473 234 88 476 197 22 466 173 346 417 109 71 477 462 259 247 181 62 440 59 411 509 38 447 100 326 273 386 289 286 321 257 50 51 370 443 56 178 300 237 147 500 227 403 190 518 487 361 144 162 70 58 79 101 170 340 10 424 243 410 209 142 328 87 27 446 123 69 242 467 303 505 366 43 416 474 154 255 359 276 493 179 451 85 14 230 215 399 290 367 148 501 98 165 293 235 461 296 363 506 320 6 494 331 407 432 116 279 134 458 203 188 145 204 42 302 84 94 73 29 371 394 270 140 132 357 375 516 262 183 133 274 464 172 508 182 221 61 351 409 200 96 135 199 45 418 479 64 220 310 368 495 380 20 121 174 248 456 513 307 383 470 268 122 281 202 294 175 423 434 246 389 156 405 445 277 256 348 75 90 330 345 472 31 510 415 430 108 160 426 93 113 448 99 319 44 431 5 35 352 398 492 102 161 313 355 251 131 139 364 301 13 511 338 177 496 76 377 185 166 444 362 54 317 332 420 393 195 65 314 412 16 337 250 223 207 260 325 4 502 128 376 210 137 392 419 117 198 21 157 57 151 219 189 232 341 295 192 252 449 89 258 519 146 353 129 311 457 365 225 372 149 327 489 335 224 460 141 384 91 23 80 201 194 208 97 26 395 2 214 229 517 305 138 39 413 297 369 245 226 280 486 153 436 238 107 83 25 41 453 103 114 291 324 168 344 504 480 118 72 125 342 442 401 390 485 266 422 374 126 292 520 74 309 159 17 304 454 272 497 171 120 468 350 233 130 249 86 40 82 169 48 37 110 46 512 484 11 275 18 77 428 78 490 240 283 488 339 253 356 67 482 491 152 7 111 254 312 186 515 378 239 315 49 81 8 388 12 465 475 264 196 333 354 323 425 191 334 36 222 397 63 429 382 381 463 452 155 347 119 180 66 285 299 271 167 288 213 261 284 184 514 322 218 433 9 427 124 387 391 158 298 373 483 34 30 193 435 105 211 329 212 400 414 176 336 507 478 205 206 164 402 316 55 68 115 19 396 28 282 404 437 60 438 439 267 104 143 408 216 358 406 503 441 106 187 450 150 92 136 112 481 53 385 360 318 231 379 263 3 228 32 287 47 421 498 306 127 308 241 499 236 163 52 269 469 244 95 459 1 
