PARAMETER_FILE = result/cvrptw_500/LKH_para/622.para
Reading PROBLEM_FILE: "result/cvrptw_500/cvrptw/622.cvrptw" ... done
ASCENT_CANDIDATES = 50
BACKBONE_TRIALS = 0
BACKTRACKING = NO
# BWTSP =
# CANDIDATE_FILE =
CANDIDATE_SET_TYPE = ALPHA
DEPOT = 1
# EDGE_FILE =
EXCESS = 0.0384615
EXTERNAL_SALESMEN = 0
EXTRA_CANDIDATES = 0 
EXTRA_CANDIDATE_SET_TYPE = QUADRANT
GAIN23 = NO
GAIN_CRITERION = YES
INITIAL_PERIOD = 520
INITIAL_STEP_SIZE = 1
INITIAL_TOUR_ALGORITHM = WALK
# INITIAL_TOUR_FILE = 
INITIAL_TOUR_FRACTION = 1.000
# INPUT_TOUR_FILE = 
KICK_TYPE = 4
KICKS = 1
# MAX_BREADTH =
MAKESPAN = NO
MAX_CANDIDATES = 5 
MAX_SWAPS = 0
MAX_TRIALS = 1000
# MERGE_TOUR_FILE =
MOVE_TYPE = 5 SPECIAL
MTSP_MIN_SIZE = 1
MTSP_MAX_SIZE = 1039
# MTSP_SOLUTION_FILE = 
# NONSEQUENTIAL_MOVE_TYPE = 5
# OPTIMUM =
# OUTPUT_TOUR_FILE = 
PATCHING_A = 1 
PATCHING_C = 0 
# PI_FILE = 
POPMUSIC_INITIAL_TOUR = NO
POPMUSIC_MAX_NEIGHBORS = 5
POPMUSIC_SAMPLE_SIZE = 10
POPMUSIC_SOLUTIONS = 50
POPMUSIC_TRIALS = 1
POPULATION_SIZE = 10
PRECISION = 100
PROBLEM_FILE = result/cvrptw_500/cvrptw/622.cvrptw
RECOMBINATION = IPT
RESTRICTED_SEARCH = YES
RUNS = 1
SALESMEN = 20
SCALE = 1
SEED = 1234
# SINTEF_SOLUTION_FILE = 
STOP_AT_OPTIMUM = YES
SUBGRADIENT = YES
# SUBPROBLEM_SIZE =
# SUBPROBLEM_TOUR_FILE = 
SUBSEQUENT_MOVE_TYPE = 5 SPECIAL
SUBSEQUENT_PATCHING = YES
# TIME_LIMIT =
# TOUR_FILE = 
TRACE_LEVEL = 1
VEHICLES = 20

Lower bound = 24097350.8, Ascent time = 2.15 sec.
Cand.min = 5, Cand.avg = 5.0, Cand.max = 5
Edges.fixed = 520 [Cost = 0]
Preprocessing time = 2.22 sec.
* 1: Cost = 8643_50570638, Time = 3.08 sec. 
-Trial 1 8643 50570638 5.312876
* 2: Cost = 8643_50469378, Time = 3.34 sec. 
-Trial 2 8643 50469378 5.569220
* 3: Cost = 8643_50466867, Time = 3.38 sec. 
-Trial 3 8643 50466867 5.604127
-Trial 4 8643 50466867 5.648034
* 5: Cost = 8643_50396463, Time = 3.46 sec. 
-Trial 5 8643 50396463 5.690760
* 6: Cost = 8643_50069719, Time = 3.59 sec. 
-Trial 6 8643 50069719 5.822962
-Trial 7 8643 50069719 5.877373
-Trial 8 8643 50069719 6.160584
-Trial 9 8643 50069719 6.242641
-Trial 10 8643 50069719 6.278070
-Trial 11 8643 50069719 6.305032
* 12: Cost = 8643_49783593, Time = 4.21 sec. 
-Trial 12 8643 49783593 6.434068
-Trial 13 8643 49783593 6.550388
-Trial 14 8643 49783593 6.639075
-Trial 15 8643 49783593 6.739627
* 16: Cost = 8643_49630104, Time = 4.61 sec. 
-Trial 16 8643 49630104 6.835387
* 17: Cost = 8643_49604477, Time = 4.70 sec. 
-Trial 17 8643 49604477 6.928543
* 18: Cost = 4341_49905248, Time = 4.85 sec. 
-Trial 18 4341 49905248 7.076797
-Trial 19 4341 49905248 7.156210
-Trial 20 4341 49905248 7.237567
* 21: Cost = 4341_48651049, Time = 5.12 sec. 
-Trial 21 4341 48651049 7.348601
* 22: Cost = 4341_48324104, Time = 5.20 sec. 
-Trial 22 4341 48324104 7.423257
* 23: Cost = 4341_48037195, Time = 5.30 sec. 
-Trial 23 4341 48037195 7.531072
* 24: Cost = 4341_47650369, Time = 5.46 sec. 
-Trial 24 4341 47650369 7.690951
-Trial 25 4341 47650369 8.300545
-Trial 26 4341 47650369 8.328958
-Trial 27 4341 47650369 8.413577
* 28: Cost = 4341_47361410, Time = 6.26 sec. 
-Trial 28 4341 47361410 8.487699
-Trial 29 4341 47361410 8.544109
-Trial 30 4341 47361410 8.556921
-Trial 31 4341 47361410 8.724482
* 32: Cost = 4341_47113239, Time = 6.56 sec. 
-Trial 32 4341 47113239 8.790236
-Trial 33 4341 47113239 8.897431
-Trial 34 4341 47113239 8.975096
* 35: Cost = 4341_47016104, Time = 6.85 sec. 
-Trial 35 4341 47016104 9.081833
* 36: Cost = 4341_46990770, Time = 6.94 sec. 
-Trial 36 4341 46990770 9.171644
* 37: Cost = 4341_46397070, Time = 6.99 sec. 
-Trial 37 4341 46397070 9.221714
-Trial 38 4341 46397070 9.259908
-Trial 39 4341 46397070 9.336458
-Trial 40 4341 46397070 9.472365
* 41: Cost = 4341_46164888, Time = 7.47 sec. 
-Trial 41 4341 46164888 9.700819
* 42: Cost = 4341_46151863, Time = 7.54 sec. 
-Trial 42 4341 46151863 9.764798
* 43: Cost = 4341_46049980, Time = 7.63 sec. 
-Trial 43 4341 46049980 9.858988
-Trial 44 4341 46049980 9.873397
-Trial 45 4341 46049980 9.891893
-Trial 46 4341 46049980 9.963625
* 47: Cost = 4341_45982454, Time = 7.82 sec. 
-Trial 47 4341 45982454 10.044213
-Trial 48 4341 45982454 10.078067
-Trial 49 4341 45982454 10.125047
-Trial 50 4341 45982454 10.183731
-Trial 51 4341 45982454 10.187872
-Trial 52 4341 45982454 10.435868
-Trial 53 4341 45982454 10.458302
* 54: Cost = 4341_45694785, Time = 8.30 sec. 
-Trial 54 4341 45694785 10.527177
-Trial 55 4341 45694785 10.684296
-Trial 56 4341 45694785 10.685333
-Trial 57 4341 45694785 10.741148
* 58: Cost = 4341_45441938, Time = 8.60 sec. 
-Trial 58 4341 45441938 10.823920
-Trial 59 4341 45441938 10.827468
-Trial 60 4341 45441938 10.880228
* 61: Cost = 4341_45379512, Time = 8.73 sec. 
-Trial 61 4341 45379512 10.957032
-Trial 62 4341 45379512 11.069839
* 63: Cost = 0_46152712, Time = 8.91 sec. 
-Trial 63 0 46152712 11.133747
-Trial 64 0 46152712 11.144567
-Trial 65 0 46152712 11.152571
-Trial 66 0 46152712 11.243338
-Trial 67 0 46152712 11.276514
-Trial 68 0 46152712 11.281632
* 69: Cost = 0_46026544, Time = 9.06 sec. 
-Trial 69 0 46026544 11.285305
-Trial 70 0 46026544 11.308290
-Trial 71 0 46026544 11.443886
-Trial 72 0 46026544 11.452807
-Trial 73 0 46026544 11.613432
-Trial 74 0 46026544 11.851466
-Trial 75 0 46026544 11.927463
-Trial 76 0 46026544 11.965297
-Trial 77 0 46026544 12.006703
-Trial 78 0 46026544 12.034820
-Trial 79 0 46026544 12.077005
-Trial 80 0 46026544 12.087893
* 81: Cost = 0_45845840, Time = 9.94 sec. 
-Trial 81 0 45845840 12.165176
* 82: Cost = 0_45841192, Time = 9.97 sec. 
-Trial 82 0 45841192 12.194009
-Trial 83 0 45841192 12.209060
-Trial 84 0 45841192 12.237113
* 85: Cost = 0_45804883, Time = 10.10 sec. 
-Trial 85 0 45804883 12.329415
-Trial 86 0 45804883 12.368306
-Trial 87 0 45804883 12.405623
-Trial 88 0 45804883 12.435618
-Trial 89 0 45804883 12.441714
-Trial 90 0 45804883 12.462996
-Trial 91 0 45804883 12.498457
* 92: Cost = 0_45761231, Time = 10.31 sec. 
-Trial 92 0 45761231 12.534978
* 93: Cost = 0_45665063, Time = 10.36 sec. 
-Trial 93 0 45665063 12.592950
* 94: Cost = 0_45041863, Time = 10.38 sec. 
-Trial 94 0 45041863 12.611288
-Trial 95 0 45041863 12.622631
-Trial 96 0 45041863 12.636180
-Trial 97 0 45041863 12.696935
* 98: Cost = 0_45015908, Time = 10.49 sec. 
-Trial 98 0 45015908 12.719147
-Trial 99 0 45015908 12.808201
-Trial 100 0 45015908 12.808909
* 101: Cost = 0_45006907, Time = 10.59 sec. 
-Trial 101 0 45006907 12.817830
-Trial 102 0 45006907 12.818628
-Trial 103 0 45006907 12.822219
-Trial 104 0 45006907 12.854500
-Trial 105 0 45006907 12.952492
-Trial 106 0 45006907 13.005220
-Trial 107 0 45006907 13.035623
-Trial 108 0 45006907 13.062155
-Trial 109 0 45006907 13.076209
-Trial 110 0 45006907 13.092126
-Trial 111 0 45006907 13.117632
-Trial 112 0 45006907 13.133192
-Trial 113 0 45006907 13.165113
-Trial 114 0 45006907 13.178787
-Trial 115 0 45006907 13.189889
-Trial 116 0 45006907 13.223417
-Trial 117 0 45006907 13.271626
-Trial 118 0 45006907 13.288860
-Trial 119 0 45006907 13.377318
-Trial 120 0 45006907 13.394992
-Trial 121 0 45006907 13.400942
* 122: Cost = 0_44974330, Time = 11.24 sec. 
-Trial 122 0 44974330 13.465931
-Trial 123 0 44974330 13.484138
-Trial 124 0 44974330 13.543897
-Trial 125 0 44974330 13.554227
* 126: Cost = 0_44912116, Time = 11.37 sec. 
-Trial 126 0 44912116 13.594381
-Trial 127 0 44912116 13.637272
-Trial 128 0 44912116 13.641980
-Trial 129 0 44912116 13.649097
* 130: Cost = 0_44876496, Time = 11.43 sec. 
-Trial 130 0 44876496 13.653590
-Trial 131 0 44876496 13.711942
-Trial 132 0 44876496 13.751959
-Trial 133 0 44876496 13.794542
-Trial 134 0 44876496 13.876858
-Trial 135 0 44876496 13.901722
-Trial 136 0 44876496 13.937021
* 137: Cost = 0_44762674, Time = 11.72 sec. 
-Trial 137 0 44762674 13.950946
-Trial 138 0 44762674 14.000573
-Trial 139 0 44762674 14.015189
-Trial 140 0 44762674 14.056144
-Trial 141 0 44762674 14.068178
* 142: Cost = 0_44744915, Time = 11.87 sec. 
-Trial 142 0 44744915 14.101359
-Trial 143 0 44744915 14.107962
* 144: Cost = 0_44671183, Time = 11.94 sec. 
-Trial 144 0 44671183 14.165275
-Trial 145 0 44671183 14.245529
-Trial 146 0 44671183 14.250402
* 147: Cost = 0_44636102, Time = 12.04 sec. 
-Trial 147 0 44636102 14.269889
-Trial 148 0 44636102 14.472584
-Trial 149 0 44636102 14.512844
-Trial 150 0 44636102 14.740833
* 151: Cost = 0_44561552, Time = 12.54 sec. 
-Trial 151 0 44561552 14.770833
-Trial 152 0 44561552 14.780024
-Trial 153 0 44561552 14.845220
-Trial 154 0 44561552 14.879628
-Trial 155 0 44561552 15.009227
* 156: Cost = 0_44535166, Time = 12.80 sec. 
-Trial 156 0 44535166 15.029572
-Trial 157 0 44535166 15.063782
-Trial 158 0 44535166 15.155102
-Trial 159 0 44535166 15.163822
-Trial 160 0 44535166 15.167156
-Trial 161 0 44535166 15.183929
* 162: Cost = 0_44514711, Time = 12.96 sec. 
-Trial 162 0 44514711 15.189285
-Trial 163 0 44514711 15.245244
-Trial 164 0 44514711 15.299190
-Trial 165 0 44514711 15.304981
-Trial 166 0 44514711 15.318279
* 167: Cost = 0_44479999, Time = 13.13 sec. 
-Trial 167 0 44479999 15.361005
-Trial 168 0 44479999 15.402009
-Trial 169 0 44479999 15.433827
-Trial 170 0 44479999 15.446392
-Trial 171 0 44479999 15.454057
-Trial 172 0 44479999 15.509693
-Trial 173 0 44479999 15.548958
-Trial 174 0 44479999 15.598609
-Trial 175 0 44479999 15.615783
-Trial 176 0 44479999 15.651781
-Trial 177 0 44479999 15.662382
-Trial 178 0 44479999 15.678901
-Trial 179 0 44479999 15.705426
-Trial 180 0 44479999 15.768059
-Trial 181 0 44479999 15.795466
-Trial 182 0 44479999 15.876343
-Trial 183 0 44479999 15.882877
-Trial 184 0 44479999 15.897740
-Trial 185 0 44479999 15.916687
* 186: Cost = 0_44479523, Time = 13.75 sec. 
-Trial 186 0 44479523 15.982189
-Trial 187 0 44479523 16.017897
-Trial 188 0 44479523 16.146153
-Trial 189 0 44479523 16.209667
-Trial 190 0 44479523 16.301147
-Trial 191 0 44479523 16.514405
-Trial 192 0 44479523 16.538418
-Trial 193 0 44479523 16.580075
-Trial 194 0 44479523 16.601206
-Trial 195 0 44479523 16.660408
-Trial 196 0 44479523 16.679778
-Trial 197 0 44479523 16.689620
-Trial 198 0 44479523 17.017111
-Trial 199 0 44479523 17.035240
-Trial 200 0 44479523 17.059836
-Trial 201 0 44479523 17.105810
-Trial 202 0 44479523 17.115699
-Trial 203 0 44479523 17.159774
* 204: Cost = 0_44478408, Time = 14.96 sec. 
-Trial 204 0 44478408 17.184374
-Trial 205 0 44478408 17.216385
-Trial 206 0 44478408 17.270630
-Trial 207 0 44478408 17.321887
-Trial 208 0 44478408 17.406339
* 209: Cost = 0_44476532, Time = 15.25 sec. 
-Trial 209 0 44476532 17.478361
-Trial 210 0 44476532 17.482818
-Trial 211 0 44476532 17.499725
-Trial 212 0 44476532 17.500286
-Trial 213 0 44476532 17.536939
-Trial 214 0 44476532 17.560279
-Trial 215 0 44476532 17.616825
-Trial 216 0 44476532 17.631610
-Trial 217 0 44476532 17.639371
-Trial 218 0 44476532 17.666518
-Trial 219 0 44476532 17.671086
-Trial 220 0 44476532 17.746392
-Trial 221 0 44476532 17.752143
-Trial 222 0 44476532 17.769936
-Trial 223 0 44476532 17.780721
-Trial 224 0 44476532 17.907401
-Trial 225 0 44476532 17.952524
-Trial 226 0 44476532 17.997942
-Trial 227 0 44476532 18.007959
-Trial 228 0 44476532 18.028231
-Trial 229 0 44476532 18.029995
-Trial 230 0 44476532 18.135065
-Trial 231 0 44476532 18.137556
* 232: Cost = 0_44473605, Time = 15.92 sec. 
-Trial 232 0 44473605 18.145057
-Trial 233 0 44473605 18.150592
* 234: Cost = 0_44356923, Time = 15.93 sec. 
-Trial 234 0 44356923 18.157615
* 235: Cost = 0_44328830, Time = 15.93 sec. 
-Trial 235 0 44328830 18.159211
-Trial 236 0 44328830 18.167057
-Trial 237 0 44328830 18.290519
-Trial 238 0 44328830 18.359224
-Trial 239 0 44328830 18.372070
-Trial 240 0 44328830 18.383803
-Trial 241 0 44328830 18.402250
-Trial 242 0 44328830 18.421035
-Trial 243 0 44328830 18.471510
-Trial 244 0 44328830 18.481003
-Trial 245 0 44328830 18.511823
-Trial 246 0 44328830 18.516794
-Trial 247 0 44328830 18.570586
* 248: Cost = 0_44250234, Time = 16.42 sec. 
-Trial 248 0 44250234 18.645481
-Trial 249 0 44250234 18.659715
-Trial 250 0 44250234 18.680944
-Trial 251 0 44250234 18.699430
-Trial 252 0 44250234 18.751384
-Trial 253 0 44250234 18.789453
-Trial 254 0 44250234 18.796661
-Trial 255 0 44250234 18.808463
-Trial 256 0 44250234 18.942826
-Trial 257 0 44250234 18.946605
-Trial 258 0 44250234 18.956616
-Trial 259 0 44250234 18.962150
-Trial 260 0 44250234 18.982798
-Trial 261 0 44250234 18.995035
* 262: Cost = 0_44159097, Time = 16.78 sec. 
-Trial 262 0 44159097 19.010230
-Trial 263 0 44159097 19.092426
-Trial 264 0 44159097 19.104283
-Trial 265 0 44159097 19.118971
-Trial 266 0 44159097 19.175742
-Trial 267 0 44159097 19.202879
-Trial 268 0 44159097 19.208229
-Trial 269 0 44159097 19.221129
-Trial 270 0 44159097 19.223461
-Trial 271 0 44159097 19.235611
-Trial 272 0 44159097 19.256090
-Trial 273 0 44159097 19.300400
-Trial 274 0 44159097 19.506878
-Trial 275 0 44159097 19.512293
-Trial 276 0 44159097 19.516352
-Trial 277 0 44159097 19.518180
-Trial 278 0 44159097 19.705149
-Trial 279 0 44159097 19.735075
-Trial 280 0 44159097 19.736415
-Trial 281 0 44159097 19.825680
-Trial 282 0 44159097 19.846955
* 283: Cost = 0_44124778, Time = 17.63 sec. 
-Trial 283 0 44124778 19.859122
-Trial 284 0 44124778 19.868472
* 285: Cost = 0_44119390, Time = 17.75 sec. 
-Trial 285 0 44119390 19.978146
-Trial 286 0 44119390 20.132430
-Trial 287 0 44119390 20.390106
-Trial 288 0 44119390 20.444444
-Trial 289 0 44119390 20.517038
* 290: Cost = 0_44097604, Time = 18.33 sec. 
-Trial 290 0 44097604 20.553860
-Trial 291 0 44097604 20.570210
* 292: Cost = 0_44078968, Time = 18.43 sec. 
-Trial 292 0 44078968 20.658275
-Trial 293 0 44078968 20.663840
* 294: Cost = 0_44063549, Time = 18.45 sec. 
-Trial 294 0 44063549 20.680946
* 295: Cost = 0_44061914, Time = 18.46 sec. 
-Trial 295 0 44061914 20.686648
-Trial 296 0 44061914 20.711822
* 297: Cost = 0_44019155, Time = 18.49 sec. 
-Trial 297 0 44019155 20.720687
-Trial 298 0 44019155 20.743737
-Trial 299 0 44019155 20.767710
-Trial 300 0 44019155 20.809341
-Trial 301 0 44019155 20.894725
-Trial 302 0 44019155 20.930886
-Trial 303 0 44019155 20.986312
-Trial 304 0 44019155 20.991368
-Trial 305 0 44019155 21.079747
-Trial 306 0 44019155 21.087345
-Trial 307 0 44019155 21.142867
-Trial 308 0 44019155 21.152395
-Trial 309 0 44019155 21.235724
-Trial 310 0 44019155 21.259353
-Trial 311 0 44019155 21.276430
-Trial 312 0 44019155 21.284464
-Trial 313 0 44019155 21.285110
-Trial 314 0 44019155 21.530864
-Trial 315 0 44019155 21.545856
-Trial 316 0 44019155 21.568736
-Trial 317 0 44019155 21.591049
-Trial 318 0 44019155 21.731394
-Trial 319 0 44019155 21.858473
-Trial 320 0 44019155 21.874579
-Trial 321 0 44019155 21.877983
-Trial 322 0 44019155 21.945998
-Trial 323 0 44019155 21.961892
-Trial 324 0 44019155 21.975124
-Trial 325 0 44019155 21.990264
-Trial 326 0 44019155 22.002057
-Trial 327 0 44019155 22.028781
-Trial 328 0 44019155 22.040935
-Trial 329 0 44019155 22.055551
-Trial 330 0 44019155 22.069357
-Trial 331 0 44019155 22.211794
-Trial 332 0 44019155 22.224930
-Trial 333 0 44019155 22.258508
-Trial 334 0 44019155 22.288685
-Trial 335 0 44019155 22.352733
-Trial 336 0 44019155 22.363462
-Trial 337 0 44019155 22.569254
-Trial 338 0 44019155 22.643386
-Trial 339 0 44019155 22.825924
-Trial 340 0 44019155 22.845591
-Trial 341 0 44019155 22.858346
-Trial 342 0 44019155 22.996217
-Trial 343 0 44019155 23.059467
-Trial 344 0 44019155 23.198204
-Trial 345 0 44019155 23.216000
-Trial 346 0 44019155 23.247488
-Trial 347 0 44019155 23.260845
-Trial 348 0 44019155 23.285116
-Trial 349 0 44019155 23.317004
-Trial 350 0 44019155 23.331543
-Trial 351 0 44019155 23.351214
-Trial 352 0 44019155 23.355578
-Trial 353 0 44019155 23.394117
-Trial 354 0 44019155 23.432225
-Trial 355 0 44019155 23.457454
-Trial 356 0 44019155 23.474787
-Trial 357 0 44019155 23.500354
-Trial 358 0 44019155 23.511027
-Trial 359 0 44019155 23.516320
-Trial 360 0 44019155 23.523762
-Trial 361 0 44019155 23.529673
-Trial 362 0 44019155 23.577084
-Trial 363 0 44019155 23.640232
-Trial 364 0 44019155 23.643023
-Trial 365 0 44019155 23.732803
-Trial 366 0 44019155 23.736540
-Trial 367 0 44019155 23.745087
-Trial 368 0 44019155 23.774094
-Trial 369 0 44019155 23.777805
-Trial 370 0 44019155 23.892979
* 371: Cost = 0_43977388, Time = 21.74 sec. 
-Trial 371 0 43977388 23.970341
-Trial 372 0 43977388 23.970756
-Trial 373 0 43977388 23.987196
-Trial 374 0 43977388 24.015055
-Trial 375 0 43977388 24.097793
-Trial 376 0 43977388 24.153056
-Trial 377 0 43977388 24.191260
-Trial 378 0 43977388 24.215974
-Trial 379 0 43977388 24.257842
-Trial 380 0 43977388 24.262001
-Trial 381 0 43977388 24.385092
-Trial 382 0 43977388 24.387421
-Trial 383 0 43977388 24.402346
-Trial 384 0 43977388 24.424184
-Trial 385 0 43977388 24.440145
-Trial 386 0 43977388 24.469051
-Trial 387 0 43977388 24.474136
-Trial 388 0 43977388 24.485988
-Trial 389 0 43977388 24.505724
-Trial 390 0 43977388 24.551734
* 391: Cost = 0_43976368, Time = 22.37 sec. 
-Trial 391 0 43976368 24.601669
-Trial 392 0 43976368 24.610696
-Trial 393 0 43976368 24.666214
-Trial 394 0 43976368 24.670386
-Trial 395 0 43976368 24.716249
-Trial 396 0 43976368 24.721133
-Trial 397 0 43976368 24.726374
-Trial 398 0 43976368 24.735837
-Trial 399 0 43976368 24.768818
-Trial 400 0 43976368 24.779974
-Trial 401 0 43976368 24.799020
-Trial 402 0 43976368 24.829525
-Trial 403 0 43976368 24.841244
-Trial 404 0 43976368 24.861159
-Trial 405 0 43976368 24.898170
-Trial 406 0 43976368 24.901023
-Trial 407 0 43976368 24.958244
-Trial 408 0 43976368 24.961336
-Trial 409 0 43976368 24.964799
-Trial 410 0 43976368 24.970951
-Trial 411 0 43976368 24.979849
-Trial 412 0 43976368 24.995653
-Trial 413 0 43976368 24.999516
-Trial 414 0 43976368 25.011691
-Trial 415 0 43976368 25.021450
-Trial 416 0 43976368 25.031010
* 417: Cost = 0_43899486, Time = 22.81 sec. 
-Trial 417 0 43899486 25.037827
-Trial 418 0 43899486 25.073911
-Trial 419 0 43899486 25.089930
-Trial 420 0 43899486 25.149089
-Trial 421 0 43899486 25.184441
-Trial 422 0 43899486 25.231754
-Trial 423 0 43899486 25.254599
-Trial 424 0 43899486 25.294827
-Trial 425 0 43899486 25.313394
-Trial 426 0 43899486 25.406230
-Trial 427 0 43899486 25.460894
-Trial 428 0 43899486 25.476929
-Trial 429 0 43899486 25.482336
-Trial 430 0 43899486 25.511504
-Trial 431 0 43899486 25.597825
-Trial 432 0 43899486 25.641108
-Trial 433 0 43899486 25.652264
-Trial 434 0 43899486 25.677356
-Trial 435 0 43899486 25.705715
-Trial 436 0 43899486 25.708930
* 437: Cost = 0_43853209, Time = 23.57 sec. 
-Trial 437 0 43853209 25.796679
-Trial 438 0 43853209 25.856768
-Trial 439 0 43853209 25.857272
-Trial 440 0 43853209 25.875005
-Trial 441 0 43853209 25.877124
-Trial 442 0 43853209 25.892680
-Trial 443 0 43853209 25.913085
-Trial 444 0 43853209 25.937315
-Trial 445 0 43853209 25.957772
* 446: Cost = 0_43824735, Time = 23.79 sec. 
-Trial 446 0 43824735 26.021574
-Trial 447 0 43824735 26.022571
-Trial 448 0 43824735 26.117261
-Trial 449 0 43824735 26.152443
-Trial 450 0 43824735 26.284286
-Trial 451 0 43824735 26.384514
-Trial 452 0 43824735 26.465959
-Trial 453 0 43824735 26.470837
-Trial 454 0 43824735 26.495092
-Trial 455 0 43824735 26.511027
-Trial 456 0 43824735 26.613453
-Trial 457 0 43824735 26.674381
-Trial 458 0 43824735 26.699326
-Trial 459 0 43824735 26.767379
-Trial 460 0 43824735 26.772070
-Trial 461 0 43824735 26.807488
-Trial 462 0 43824735 26.829945
-Trial 463 0 43824735 26.837605
-Trial 464 0 43824735 26.882708
-Trial 465 0 43824735 26.892797
-Trial 466 0 43824735 26.954966
* 467: Cost = 0_43778375, Time = 24.74 sec. 
-Trial 467 0 43778375 26.964022
-Trial 468 0 43778375 26.984428
-Trial 469 0 43778375 26.985337
-Trial 470 0 43778375 27.029647
-Trial 471 0 43778375 27.163940
-Trial 472 0 43778375 27.172011
-Trial 473 0 43778375 27.278721
-Trial 474 0 43778375 27.377144
-Trial 475 0 43778375 27.393816
-Trial 476 0 43778375 27.398075
-Trial 477 0 43778375 27.439141
-Trial 478 0 43778375 27.458257
* 479: Cost = 0_43735547, Time = 25.28 sec. 
-Trial 479 0 43735547 27.510879
-Trial 480 0 43735547 27.782013
-Trial 481 0 43735547 27.783287
-Trial 482 0 43735547 27.837377
-Trial 483 0 43735547 27.843641
-Trial 484 0 43735547 27.865519
-Trial 485 0 43735547 27.870656
-Trial 486 0 43735547 27.880728
-Trial 487 0 43735547 27.884546
-Trial 488 0 43735547 27.891807
-Trial 489 0 43735547 27.900222
-Trial 490 0 43735547 27.909187
-Trial 491 0 43735547 27.948309
-Trial 492 0 43735547 27.991550
-Trial 493 0 43735547 28.029881
-Trial 494 0 43735547 28.052872
-Trial 495 0 43735547 28.104781
-Trial 496 0 43735547 28.142045
-Trial 497 0 43735547 28.145335
-Trial 498 0 43735547 28.238699
-Trial 499 0 43735547 28.249285
-Trial 500 0 43735547 28.269631
-Trial 501 0 43735547 28.278397
-Trial 502 0 43735547 28.288259
-Trial 503 0 43735547 28.317706
-Trial 504 0 43735547 28.326268
-Trial 505 0 43735547 28.365940
-Trial 506 0 43735547 28.374843
-Trial 507 0 43735547 28.636344
-Trial 508 0 43735547 28.686118
-Trial 509 0 43735547 28.748152
-Trial 510 0 43735547 28.772457
-Trial 511 0 43735547 28.793035
-Trial 512 0 43735547 28.894471
-Trial 513 0 43735547 28.935790
-Trial 514 0 43735547 28.969855
* 515: Cost = 0_43731007, Time = 26.76 sec. 
-Trial 515 0 43731007 28.990051
-Trial 516 0 43731007 28.994723
-Trial 517 0 43731007 28.998278
* 518: Cost = 0_43729420, Time = 26.78 sec. 
-Trial 518 0 43729420 29.012091
-Trial 519 0 43729420 29.044768
-Trial 520 0 43729420 29.112056
-Trial 521 0 43729420 29.128972
-Trial 522 0 43729420 29.141020
-Trial 523 0 43729420 29.244567
-Trial 524 0 43729420 29.263012
-Trial 525 0 43729420 29.286282
-Trial 526 0 43729420 29.432210
-Trial 527 0 43729420 29.459722
-Trial 528 0 43729420 29.467122
-Trial 529 0 43729420 29.497661
-Trial 530 0 43729420 29.522924
-Trial 531 0 43729420 29.538751
-Trial 532 0 43729420 29.613220
-Trial 533 0 43729420 29.630862
-Trial 534 0 43729420 29.691060
-Trial 535 0 43729420 29.693100
-Trial 536 0 43729420 29.700651
-Trial 537 0 43729420 29.732272
-Trial 538 0 43729420 29.771215
-Trial 539 0 43729420 29.784481
-Trial 540 0 43729420 29.824171
-Trial 541 0 43729420 29.831305
-Trial 542 0 43729420 29.839352
-Trial 543 0 43729420 29.879793
-Trial 544 0 43729420 29.882002
-Trial 545 0 43729420 29.949120
-Trial 546 0 43729420 29.957806
-Trial 547 0 43729420 29.990848
-Trial 548 0 43729420 30.039009
-Trial 549 0 43729420 30.105357
* 550: Cost = 0_43718556, Time = 27.96 sec. 
-Trial 550 0 43718556 30.187248
* 551: Cost = 0_43595999, Time = 28.01 sec. 
-Trial 551 0 43595999 30.241411
-Trial 552 0 43595999 30.264008
-Trial 553 0 43595999 30.277495
-Trial 554 0 43595999 30.316894
-Trial 555 0 43595999 30.344672
-Trial 556 0 43595999 30.389642
-Trial 557 0 43595999 30.415473
-Trial 558 0 43595999 30.675074
-Trial 559 0 43595999 30.756078
-Trial 560 0 43595999 30.765715
-Trial 561 0 43595999 30.786198
-Trial 562 0 43595999 30.904716
-Trial 563 0 43595999 30.964629
* 564: Cost = 0_43507026, Time = 28.81 sec. 
-Trial 564 0 43507026 31.039158
-Trial 565 0 43507026 31.065427
-Trial 566 0 43507026 31.084048
-Trial 567 0 43507026 31.085314
-Trial 568 0 43507026 31.094778
-Trial 569 0 43507026 31.103450
-Trial 570 0 43507026 31.113838
-Trial 571 0 43507026 31.134412
-Trial 572 0 43507026 31.152480
-Trial 573 0 43507026 31.196458
-Trial 574 0 43507026 31.212749
-Trial 575 0 43507026 31.242411
-Trial 576 0 43507026 31.405505
-Trial 577 0 43507026 31.426474
-Trial 578 0 43507026 31.590890
-Trial 579 0 43507026 31.605276
-Trial 580 0 43507026 31.626843
-Trial 581 0 43507026 31.632464
-Trial 582 0 43507026 31.642865
* 583: Cost = 0_43498090, Time = 29.46 sec. 
-Trial 583 0 43498090 31.686540
-Trial 584 0 43498090 31.706113
-Trial 585 0 43498090 31.734759
-Trial 586 0 43498090 31.743207
-Trial 587 0 43498090 31.808773
-Trial 588 0 43498090 31.846916
-Trial 589 0 43498090 32.089281
-Trial 590 0 43498090 32.106963
-Trial 591 0 43498090 32.113763
-Trial 592 0 43498090 32.148023
-Trial 593 0 43498090 32.154177
-Trial 594 0 43498090 32.184740
-Trial 595 0 43498090 32.266600
-Trial 596 0 43498090 32.277228
-Trial 597 0 43498090 32.377197
-Trial 598 0 43498090 32.431788
* 599: Cost = 0_43403947, Time = 30.26 sec. 
-Trial 599 0 43403947 32.487377
-Trial 600 0 43403947 32.502675
-Trial 601 0 43403947 32.505173
-Trial 602 0 43403947 32.509454
-Trial 603 0 43403947 32.662858
-Trial 604 0 43403947 32.684369
-Trial 605 0 43403947 32.703979
-Trial 606 0 43403947 32.762336
-Trial 607 0 43403947 32.828909
-Trial 608 0 43403947 32.939577
-Trial 609 0 43403947 33.035936
-Trial 610 0 43403947 33.060945
-Trial 611 0 43403947 33.069089
-Trial 612 0 43403947 33.089953
-Trial 613 0 43403947 33.092525
-Trial 614 0 43403947 33.179825
-Trial 615 0 43403947 33.342027
-Trial 616 0 43403947 33.365601
-Trial 617 0 43403947 33.385592
-Trial 618 0 43403947 33.426283
-Trial 619 0 43403947 33.439562
-Trial 620 0 43403947 33.526239
-Trial 621 0 43403947 33.535129
-Trial 622 0 43403947 33.569324
-Trial 623 0 43403947 33.574765
-Trial 624 0 43403947 33.580820
-Trial 625 0 43403947 33.582240
-Trial 626 0 43403947 33.604375
-Trial 627 0 43403947 33.624165
-Trial 628 0 43403947 33.658058
-Trial 629 0 43403947 33.772898
-Trial 630 0 43403947 33.799652
-Trial 631 0 43403947 33.837289
-Trial 632 0 43403947 33.853789
-Trial 633 0 43403947 33.882953
-Trial 634 0 43403947 33.892073
-Trial 635 0 43403947 33.899774
-Trial 636 0 43403947 33.923394
-Trial 637 0 43403947 33.956343
-Trial 638 0 43403947 33.989371
-Trial 639 0 43403947 34.240557
-Trial 640 0 43403947 34.293846
-Trial 641 0 43403947 34.300071
-Trial 642 0 43403947 34.308731
-Trial 643 0 43403947 34.337921
-Trial 644 0 43403947 34.343453
-Trial 645 0 43403947 34.352323
-Trial 646 0 43403947 34.383977
-Trial 647 0 43403947 34.399271
-Trial 648 0 43403947 34.438934
-Trial 649 0 43403947 34.444449
-Trial 650 0 43403947 34.458523
-Trial 651 0 43403947 34.498992
-Trial 652 0 43403947 34.579982
-Trial 653 0 43403947 34.602527
-Trial 654 0 43403947 34.620730
-Trial 655 0 43403947 34.639675
-Trial 656 0 43403947 34.764393
-Trial 657 0 43403947 34.825756
-Trial 658 0 43403947 34.919282
-Trial 659 0 43403947 34.929495
-Trial 660 0 43403947 34.932929
-Trial 661 0 43403947 34.972848
-Trial 662 0 43403947 34.992107
-Trial 663 0 43403947 35.059417
-Trial 664 0 43403947 35.066587
-Trial 665 0 43403947 35.080326
-Trial 666 0 43403947 35.106263
-Trial 667 0 43403947 35.211242
-Trial 668 0 43403947 35.223904
-Trial 669 0 43403947 35.230172
-Trial 670 0 43403947 35.238369
-Trial 671 0 43403947 35.240281
-Trial 672 0 43403947 35.243135
-Trial 673 0 43403947 35.332611
-Trial 674 0 43403947 35.380801
-Trial 675 0 43403947 35.394906
-Trial 676 0 43403947 35.453735
-Trial 677 0 43403947 35.517202
-Trial 678 0 43403947 35.527002
* 679: Cost = 0_43339516, Time = 33.31 sec. 
-Trial 679 0 43339516 35.542754
-Trial 680 0 43339516 35.551473
-Trial 681 0 43339516 35.572171
-Trial 682 0 43339516 35.640019
-Trial 683 0 43339516 35.645787
-Trial 684 0 43339516 35.708448
* 685: Cost = 0_43333534, Time = 33.52 sec. 
-Trial 685 0 43333534 35.749409
-Trial 686 0 43333534 35.759555
-Trial 687 0 43333534 35.801019
-Trial 688 0 43333534 35.813168
-Trial 689 0 43333534 35.818079
* 690: Cost = 0_43288618, Time = 33.63 sec. 
-Trial 690 0 43288618 35.854286
-Trial 691 0 43288618 35.868111
-Trial 692 0 43288618 35.872284
-Trial 693 0 43288618 35.903081
-Trial 694 0 43288618 35.935538
-Trial 695 0 43288618 35.938259
-Trial 696 0 43288618 35.948775
-Trial 697 0 43288618 36.053238
-Trial 698 0 43288618 36.067587
-Trial 699 0 43288618 36.316999
-Trial 700 0 43288618 36.324847
-Trial 701 0 43288618 36.346952
-Trial 702 0 43288618 36.435960
-Trial 703 0 43288618 36.551945
-Trial 704 0 43288618 36.555919
* 705: Cost = 0_43270936, Time = 34.45 sec. 
-Trial 705 0 43270936 36.679174
-Trial 706 0 43270936 36.685823
-Trial 707 0 43270936 36.706312
-Trial 708 0 43270936 36.828797
-Trial 709 0 43270936 36.899597
-Trial 710 0 43270936 36.924682
-Trial 711 0 43270936 36.929161
-Trial 712 0 43270936 36.934292
-Trial 713 0 43270936 36.967336
-Trial 714 0 43270936 36.975961
-Trial 715 0 43270936 37.000971
-Trial 716 0 43270936 37.015356
-Trial 717 0 43270936 37.031319
-Trial 718 0 43270936 37.182803
-Trial 719 0 43270936 37.217966
-Trial 720 0 43270936 37.287043
-Trial 721 0 43270936 37.310841
-Trial 722 0 43270936 37.320564
-Trial 723 0 43270936 37.326474
-Trial 724 0 43270936 37.338466
-Trial 725 0 43270936 37.343792
-Trial 726 0 43270936 37.434054
-Trial 727 0 43270936 37.570010
-Trial 728 0 43270936 37.580563
-Trial 729 0 43270936 37.591085
-Trial 730 0 43270936 37.601058
-Trial 731 0 43270936 37.732826
* 732: Cost = 0_43264686, Time = 35.52 sec. 
-Trial 732 0 43264686 37.752165
-Trial 733 0 43264686 37.774666
-Trial 734 0 43264686 37.823559
-Trial 735 0 43264686 37.873455
-Trial 736 0 43264686 37.913628
-Trial 737 0 43264686 37.924715
-Trial 738 0 43264686 37.935481
-Trial 739 0 43264686 37.991300
-Trial 740 0 43264686 37.991891
-Trial 741 0 43264686 38.014375
-Trial 742 0 43264686 38.045032
-Trial 743 0 43264686 38.070960
-Trial 744 0 43264686 38.173012
-Trial 745 0 43264686 38.173537
-Trial 746 0 43264686 38.183758
-Trial 747 0 43264686 38.237438
-Trial 748 0 43264686 38.299765
-Trial 749 0 43264686 38.304131
-Trial 750 0 43264686 38.330880
-Trial 751 0 43264686 38.352970
-Trial 752 0 43264686 38.387166
-Trial 753 0 43264686 38.432443
* 754: Cost = 0_43242358, Time = 36.24 sec. 
-Trial 754 0 43242358 38.470985
-Trial 755 0 43242358 38.539766
-Trial 756 0 43242358 38.572392
-Trial 757 0 43242358 38.597516
-Trial 758 0 43242358 38.630493
-Trial 759 0 43242358 38.669006
-Trial 760 0 43242358 38.685503
-Trial 761 0 43242358 38.790368
-Trial 762 0 43242358 38.800481
-Trial 763 0 43242358 38.837806
-Trial 764 0 43242358 38.866635
-Trial 765 0 43242358 38.870993
-Trial 766 0 43242358 38.891866
-Trial 767 0 43242358 38.893737
-Trial 768 0 43242358 39.011688
-Trial 769 0 43242358 39.030307
-Trial 770 0 43242358 39.053746
-Trial 771 0 43242358 39.065401
-Trial 772 0 43242358 39.081960
-Trial 773 0 43242358 39.170457
-Trial 774 0 43242358 39.181916
-Trial 775 0 43242358 39.185983
-Trial 776 0 43242358 39.215753
-Trial 777 0 43242358 39.230586
* 778: Cost = 0_43166698, Time = 37.02 sec. 
-Trial 778 0 43166698 39.245658
-Trial 779 0 43166698 39.248254
-Trial 780 0 43166698 39.262858
-Trial 781 0 43166698 39.304030
-Trial 782 0 43166698 39.321641
-Trial 783 0 43166698 39.397359
-Trial 784 0 43166698 39.489748
-Trial 785 0 43166698 39.729508
-Trial 786 0 43166698 39.792505
-Trial 787 0 43166698 39.826510
-Trial 788 0 43166698 39.830782
-Trial 789 0 43166698 39.864301
-Trial 790 0 43166698 39.923611
* 791: Cost = 0_43119007, Time = 37.73 sec. 
-Trial 791 0 43119007 39.955059
-Trial 792 0 43119007 39.998907
* 793: Cost = 0_43104139, Time = 37.78 sec. 
-Trial 793 0 43104139 40.010007
-Trial 794 0 43104139 40.026015
-Trial 795 0 43104139 40.049939
* 796: Cost = 0_43103374, Time = 37.84 sec. 
-Trial 796 0 43103374 40.063338
-Trial 797 0 43103374 40.071547
-Trial 798 0 43103374 40.077468
-Trial 799 0 43103374 40.081018
-Trial 800 0 43103374 40.097843
-Trial 801 0 43103374 40.168893
-Trial 802 0 43103374 40.169500
-Trial 803 0 43103374 40.178154
* 804: Cost = 0_43094299, Time = 37.96 sec. 
-Trial 804 0 43094299 40.190877
-Trial 805 0 43094299 40.235565
-Trial 806 0 43094299 40.332600
-Trial 807 0 43094299 40.360976
-Trial 808 0 43094299 40.391664
-Trial 809 0 43094299 40.434059
-Trial 810 0 43094299 40.440702
-Trial 811 0 43094299 40.458646
-Trial 812 0 43094299 40.462972
-Trial 813 0 43094299 40.492208
* 814: Cost = 0_43088445, Time = 38.33 sec. 
-Trial 814 0 43088445 40.555251
-Trial 815 0 43088445 40.575517
-Trial 816 0 43088445 40.606671
-Trial 817 0 43088445 40.633788
-Trial 818 0 43088445 40.642128
-Trial 819 0 43088445 40.657074
-Trial 820 0 43088445 40.667720
-Trial 821 0 43088445 40.676505
-Trial 822 0 43088445 40.686440
-Trial 823 0 43088445 40.726678
-Trial 824 0 43088445 40.727481
-Trial 825 0 43088445 40.752761
-Trial 826 0 43088445 40.766538
-Trial 827 0 43088445 40.799272
-Trial 828 0 43088445 40.808232
-Trial 829 0 43088445 40.857546
-Trial 830 0 43088445 40.910991
-Trial 831 0 43088445 40.920380
-Trial 832 0 43088445 41.167325
-Trial 833 0 43088445 41.169514
-Trial 834 0 43088445 41.399582
-Trial 835 0 43088445 41.409286
-Trial 836 0 43088445 41.420338
-Trial 837 0 43088445 41.437644
-Trial 838 0 43088445 41.515784
-Trial 839 0 43088445 41.587370
-Trial 840 0 43088445 41.597429
-Trial 841 0 43088445 41.663478
-Trial 842 0 43088445 41.673097
-Trial 843 0 43088445 41.707047
-Trial 844 0 43088445 41.736033
* 845: Cost = 0_42932702, Time = 39.57 sec. 
-Trial 845 0 42932702 41.801205
-Trial 846 0 42932702 41.829753
-Trial 847 0 42932702 41.830445
-Trial 848 0 42932702 41.859750
-Trial 849 0 42932702 41.862409
-Trial 850 0 42932702 41.872463
-Trial 851 0 42932702 41.874965
-Trial 852 0 42932702 41.910562
-Trial 853 0 42932702 41.949858
-Trial 854 0 42932702 41.954061
-Trial 855 0 42932702 41.967998
-Trial 856 0 42932702 41.972127
-Trial 857 0 42932702 41.978327
-Trial 858 0 42932702 42.054981
-Trial 859 0 42932702 42.116869
-Trial 860 0 42932702 42.314857
-Trial 861 0 42932702 42.362870
-Trial 862 0 42932702 42.371367
-Trial 863 0 42932702 42.467372
-Trial 864 0 42932702 42.469014
-Trial 865 0 42932702 42.515808
-Trial 866 0 42932702 42.604479
-Trial 867 0 42932702 42.623582
-Trial 868 0 42932702 42.692354
-Trial 869 0 42932702 42.713203
-Trial 870 0 42932702 42.716813
-Trial 871 0 42932702 42.719475
-Trial 872 0 42932702 42.723889
-Trial 873 0 42932702 42.743758
-Trial 874 0 42932702 42.795080
-Trial 875 0 42932702 42.801843
-Trial 876 0 42932702 42.826088
-Trial 877 0 42932702 42.845186
-Trial 878 0 42932702 42.851740
-Trial 879 0 42932702 42.867694
-Trial 880 0 42932702 42.870094
-Trial 881 0 42932702 42.903214
-Trial 882 0 42932702 43.048289
-Trial 883 0 42932702 43.071655
-Trial 884 0 42932702 43.194099
* 885: Cost = 0_42878876, Time = 40.99 sec. 
-Trial 885 0 42878876 43.217655
-Trial 886 0 42878876 43.237767
-Trial 887 0 42878876 43.310348
-Trial 888 0 42878876 43.324331
-Trial 889 0 42878876 43.339560
-Trial 890 0 42878876 43.356521
-Trial 891 0 42878876 43.372554
-Trial 892 0 42878876 43.393996
-Trial 893 0 42878876 43.459637
-Trial 894 0 42878876 43.481853
-Trial 895 0 42878876 43.510638
-Trial 896 0 42878876 43.513708
-Trial 897 0 42878876 43.550123
-Trial 898 0 42878876 43.554463
-Trial 899 0 42878876 43.590014
-Trial 900 0 42878876 43.592820
-Trial 901 0 42878876 43.604507
-Trial 902 0 42878876 43.622547
-Trial 903 0 42878876 43.628156
-Trial 904 0 42878876 43.643521
-Trial 905 0 42878876 43.658989
-Trial 906 0 42878876 43.680499
-Trial 907 0 42878876 43.772196
-Trial 908 0 42878876 43.800683
-Trial 909 0 42878876 43.802796
* 910: Cost = 0_42826157, Time = 41.61 sec. 
-Trial 910 0 42826157 43.841591
-Trial 911 0 42826157 43.906254
-Trial 912 0 42826157 43.913957
* 913: Cost = 0_42743971, Time = 41.70 sec. 
-Trial 913 0 42743971 43.932537
-Trial 914 0 42743971 43.933990
-Trial 915 0 42743971 43.939185
-Trial 916 0 42743971 43.954256
* 917: Cost = 0_42734151, Time = 41.73 sec. 
-Trial 917 0 42734151 43.958597
-Trial 918 0 42734151 43.975019
-Trial 919 0 42734151 43.984961
-Trial 920 0 42734151 44.003264
-Trial 921 0 42734151 44.039463
-Trial 922 0 42734151 44.054212
-Trial 923 0 42734151 44.063914
-Trial 924 0 42734151 44.124051
-Trial 925 0 42734151 44.127787
-Trial 926 0 42734151 44.141099
-Trial 927 0 42734151 44.221649
-Trial 928 0 42734151 44.254697
-Trial 929 0 42734151 44.275824
-Trial 930 0 42734151 44.278734
-Trial 931 0 42734151 44.290600
* 932: Cost = 0_42726051, Time = 42.08 sec. 
-Trial 932 0 42726051 44.310326
-Trial 933 0 42726051 44.320524
-Trial 934 0 42726051 44.336893
-Trial 935 0 42726051 44.349730
-Trial 936 0 42726051 44.385193
-Trial 937 0 42726051 44.462930
-Trial 938 0 42726051 44.478249
-Trial 939 0 42726051 44.526627
-Trial 940 0 42726051 44.539963
-Trial 941 0 42726051 44.589229
-Trial 942 0 42726051 44.595520
-Trial 943 0 42726051 44.617483
-Trial 944 0 42726051 44.621842
-Trial 945 0 42726051 44.624919
-Trial 946 0 42726051 44.654116
-Trial 947 0 42726051 44.843645
-Trial 948 0 42726051 44.876641
-Trial 949 0 42726051 44.915760
-Trial 950 0 42726051 45.001628
-Trial 951 0 42726051 45.062248
-Trial 952 0 42726051 45.111304
-Trial 953 0 42726051 45.141889
-Trial 954 0 42726051 45.170023
-Trial 955 0 42726051 45.214199
-Trial 956 0 42726051 45.243172
-Trial 957 0 42726051 45.254681
-Trial 958 0 42726051 45.299025
-Trial 959 0 42726051 45.338019
-Trial 960 0 42726051 45.341893
-Trial 961 0 42726051 45.373530
-Trial 962 0 42726051 45.376296
-Trial 963 0 42726051 45.508487
-Trial 964 0 42726051 45.521816
-Trial 965 0 42726051 45.548064
-Trial 966 0 42726051 45.568708
-Trial 967 0 42726051 45.573709
-Trial 968 0 42726051 45.615411
-Trial 969 0 42726051 45.692608
* 970: Cost = 0_42672099, Time = 43.47 sec. 
-Trial 970 0 42672099 45.701313
-Trial 971 0 42672099 45.780576
-Trial 972 0 42672099 45.794753
-Trial 973 0 42672099 45.819256
-Trial 974 0 42672099 45.928142
-Trial 975 0 42672099 46.015879
-Trial 976 0 42672099 46.045204
-Trial 977 0 42672099 46.130464
-Trial 978 0 42672099 46.133482
-Trial 979 0 42672099 46.211985
-Trial 980 0 42672099 46.232441
-Trial 981 0 42672099 46.373494
-Trial 982 0 42672099 46.477801
-Trial 983 0 42672099 46.482689
-Trial 984 0 42672099 46.507149
-Trial 985 0 42672099 46.576364
-Trial 986 0 42672099 46.607647
-Trial 987 0 42672099 46.689166
-Trial 988 0 42672099 46.705026
-Trial 989 0 42672099 46.711676
-Trial 990 0 42672099 46.716370
-Trial 991 0 42672099 46.720408
-Trial 992 0 42672099 46.735196
-Trial 993 0 42672099 46.946112
-Trial 994 0 42672099 46.969956
* 995: Cost = 0_42665719, Time = 44.80 sec. 
-Trial 995 0 42665719 47.030131
-Trial 996 0 42665719 47.038784
-Trial 997 0 42665719 47.042073
-Trial 998 0 42665719 47.045626
-Trial 999 0 42665719 47.088017
-Trial 1000 0 42665719 47.095455
Population:
  1: 0_42665719
Run 1: Cost = 0_42665719, Time = 44.87 sec. 

Successes/Runs = 0/1 
Cost.min = 42665719, Cost.avg = 42665719.00, Cost.max = 42665719
Gap.min = 0.0000%, Gap.avg = 0.0000%, Gap.max = 0.0000%
Penalty.min = 0, Penalty.avg = 0.00, Penalty.max = 0
Trials.min = 1000, Trials.avg = 1000.0, Trials.max = 1000
Time.min = 44.87 sec., Time.avg = 44.87 sec., Time.max = 44.87 sec.
Time.total = 47.10 sec.
  Size.min = 8, Size.max = 37, Penalty = 0
  Cost.min = 468347, Cost.max = 3367207, Cost.sum = 42665719
Best CVRPTW solution:
  Cost = 0_42665719
1 203 245 97 385 61 251 252 127 102 441 226 241 340 493 191 225 205 375 416 86 507 130 73 420 24 339 472 53 126 54 262 497 219 263 47 394 67 28 248 111 378 513 315 300 177 155 48 451 265 366 360 162 517 320 107 81 309 376 406 58 150 443 117 404 184 33 78 128 220 261 173 410 427 137 88 371 391 302 139 333 504 3 98 141 13 55 240 50 299 387 172 403 121 169 308 190 185 179 123 516 496 479 2 138 395 301 399 257 511 288 327 186 330 411 84 213 269 295 380 250 14 74 383 116 442 414 286 319 198 515 466 480 167 419 388 233 453 292 164 105 239 452 500 373 457 80 224 259 65 303 374 321 266 407 326 297 100 512 94 501 56 238 470 291 246 119 499 38 393 354 436 270 30 379 158 486 7 454 180 405 487 199 36 221 196 471 11 8 39 398 434 400 514 408 455 418 60 32 279 322 384 187 290 46 492 244 310 218 432 258 362 249 272 63 344 329 19 85 66 347 397 510 316 426 264 350 176 15 307 194 103 271 335 129 402 459 122 79 165 435 189 87 276 273 170 254 163 22 142 174 106 157 506 417 306 182 143 355 468 151 353 131 25 26 20 440 382 460 235 234 211 16 285 72 10 422 193 372 267 348 488 229 502 69 140 171 9 236 363 197 124 342 368 346 474 284 101 120 95 503 148 467 305 42 331 146 230 386 334 351 108 356 202 324 484 256 439 51 477 281 161 243 336 275 223 27 136 370 337 449 12 389 204 508 231 200 181 41 215 437 481 149 260 154 473 89 311 70 469 135 423 133 312 45 431 367 62 483 195 377 183 505 253 210 446 247 52 92 325 29 145 498 341 159 482 433 352 323 216 461 277 23 207 96 114 518 160 495 37 57 478 71 458 268 430 314 75 104 289 317 17 209 412 396 357 214 134 18 282 147 345 118 349 168 318 31 463 153 228 364 83 64 178 509 475 132 110 358 144 4 109 232 332 338 445 125 212 43 76 255 82 68 494 489 491 296 49 237 465 444 222 287 99 201 192 519 413 112 381 392 313 298 485 274 113 293 283 365 428 242 294 425 156 328 361 490 166 21 369 6 206 520 115 93 40 34 35 152 462 456 476 44 448 343 421 415 304 59 450 208 90 280 401 424 278 464 359 91 429 188 409 217 390 227 447 77 438 5 175 1 
