PARAMETER_FILE = result/cvrptw_500/LKH_para/623.para
Reading PROBLEM_FILE: "result/cvrptw_500/cvrptw/623.cvrptw" ... done
ASCENT_CANDIDATES = 50
BACKBONE_TRIALS = 0
BACKTRACKING = NO
# BWTSP =
# CANDIDATE_FILE =
CANDIDATE_SET_TYPE = ALPHA
DEPOT = 1
# EDGE_FILE =
EXCESS = 0.0384615
EXTERNAL_SALESMEN = 0
EXTRA_CANDIDATES = 0 
EXTRA_CANDIDATE_SET_TYPE = QUADRANT
GAIN23 = NO
GAIN_CRITERION = YES
INITIAL_PERIOD = 520
INITIAL_STEP_SIZE = 1
INITIAL_TOUR_ALGORITHM = WALK
# INITIAL_TOUR_FILE = 
INITIAL_TOUR_FRACTION = 1.000
# INPUT_TOUR_FILE = 
KICK_TYPE = 4
KICKS = 1
# MAX_BREADTH =
MAKESPAN = NO
MAX_CANDIDATES = 5 
MAX_SWAPS = 0
MAX_TRIALS = 1000
# MERGE_TOUR_FILE =
MOVE_TYPE = 5 SPECIAL
MTSP_MIN_SIZE = 1
MTSP_MAX_SIZE = 1039
# MTSP_SOLUTION_FILE = 
# NONSEQUENTIAL_MOVE_TYPE = 5
# OPTIMUM =
# OUTPUT_TOUR_FILE = 
PATCHING_A = 1 
PATCHING_C = 0 
# PI_FILE = 
POPMUSIC_INITIAL_TOUR = NO
POPMUSIC_MAX_NEIGHBORS = 5
POPMUSIC_SAMPLE_SIZE = 10
POPMUSIC_SOLUTIONS = 50
POPMUSIC_TRIALS = 1
POPULATION_SIZE = 10
PRECISION = 100
PROBLEM_FILE = result/cvrptw_500/cvrptw/623.cvrptw
RECOMBINATION = IPT
RESTRICTED_SEARCH = YES
RUNS = 1
SALESMEN = 20
SCALE = 1
SEED = 1234
# SINTEF_SOLUTION_FILE = 
STOP_AT_OPTIMUM = YES
SUBGRADIENT = YES
# SUBPROBLEM_SIZE =
# SUBPROBLEM_TOUR_FILE = 
SUBSEQUENT_MOVE_TYPE = 5 SPECIAL
SUBSEQUENT_PATCHING = YES
# TIME_LIMIT =
# TOUR_FILE = 
TRACE_LEVEL = 1
VEHICLES = 20

Lower bound = 27453098.5, Ascent time = 2.31 sec.
Cand.min = 5, Cand.avg = 5.0, Cand.max = 5
Edges.fixed = 520 [Cost = 0]
Preprocessing time = 2.38 sec.
* 1: Cost = 267143_56155569, Time = 3.81 sec. 
-Trial 1 267143 56155569 6.197565
* 2: Cost = 267143_55173150, Time = 4.59 sec. 
-Trial 2 267143 55173150 6.976549
-Trial 3 267143 55173150 7.126472
* 4: Cost = 267143_54768551, Time = 4.95 sec. 
-Trial 4 267143 54768551 7.337909
* 5: Cost = 267143_53958827, Time = 5.10 sec. 
-Trial 5 267143 53958827 7.491523
-Trial 6 267143 53958827 7.601294
* 7: Cost = 267143_53560995, Time = 5.29 sec. 
-Trial 7 267143 53560995 7.681234
* 8: Cost = 267143_53270179, Time = 5.41 sec. 
-Trial 8 267143 53270179 7.802995
-Trial 9 267143 53270179 7.919911
* 10: Cost = 267143_53208371, Time = 5.63 sec. 
-Trial 10 267143 53208371 8.015201
* 11: Cost = 267143_53194678, Time = 5.67 sec. 
-Trial 11 267143 53194678 8.062771
-Trial 12 267143 53194678 8.068788
-Trial 13 267143 53194678 8.142585
-Trial 14 267143 53194678 8.238163
* 15: Cost = 267143_52780273, Time = 5.94 sec. 
-Trial 15 267143 52780273 8.329857
* 16: Cost = 267143_51639562, Time = 6.07 sec. 
-Trial 16 267143 51639562 8.454417
* 17: Cost = 267143_51606759, Time = 6.11 sec. 
-Trial 17 267143 51606759 8.496240
-Trial 18 267143 51606759 8.528489
-Trial 19 267143 51606759 8.575931
-Trial 20 267143 51606759 8.685461
* 21: Cost = 267143_50694735, Time = 6.44 sec. 
-Trial 21 267143 50694735 8.826171
-Trial 22 267143 50694735 8.939124
-Trial 23 267143 50694735 8.989055
* 24: Cost = 267143_50675341, Time = 6.62 sec. 
-Trial 24 267143 50675341 9.008722
-Trial 25 267143 50675341 9.076450
-Trial 26 267143 50675341 9.189433
-Trial 27 267143 50675341 9.233320
-Trial 28 267143 50675341 9.233832
* 29: Cost = 267143_50654103, Time = 6.94 sec. 
-Trial 29 267143 50654103 9.332661
* 30: Cost = 0_50447588, Time = 7.08 sec. 
-Trial 30 0 50447588 9.468057
-Trial 31 0 50447588 9.470206
-Trial 32 0 50447588 9.505462
-Trial 33 0 50447588 9.515346
-Trial 34 0 50447588 9.530003
-Trial 35 0 50447588 9.538189
* 36: Cost = 0_50446773, Time = 7.16 sec. 
-Trial 36 0 50446773 9.546277
-Trial 37 0 50446773 9.591942
* 38: Cost = 0_50404521, Time = 7.29 sec. 
-Trial 38 0 50404521 9.680308
-Trial 39 0 50404521 9.690565
-Trial 40 0 50404521 9.711465
-Trial 41 0 50404521 9.735990
* 42: Cost = 0_50291531, Time = 7.45 sec. 
-Trial 42 0 50291531 9.841970
* 43: Cost = 0_50166912, Time = 7.62 sec. 
-Trial 43 0 50166912 10.006477
-Trial 44 0 50166912 10.042722
-Trial 45 0 50166912 10.073303
* 46: Cost = 0_49739584, Time = 7.74 sec. 
-Trial 46 0 49739584 10.130490
-Trial 47 0 49739584 10.142710
* 48: Cost = 0_49738271, Time = 7.80 sec. 
-Trial 48 0 49738271 10.189513
-Trial 49 0 49738271 10.219000
-Trial 50 0 49738271 10.231728
-Trial 51 0 49738271 10.310103
-Trial 52 0 49738271 10.324658
-Trial 53 0 49738271 10.337237
* 54: Cost = 0_49426255, Time = 7.98 sec. 
-Trial 54 0 49426255 10.365391
* 55: Cost = 0_49380506, Time = 7.98 sec. 
-Trial 55 0 49380506 10.369247
* 56: Cost = 0_49319215, Time = 8.02 sec. 
-Trial 56 0 49319215 10.407164
* 57: Cost = 0_49284585, Time = 8.05 sec. 
-Trial 57 0 49284585 10.433790
* 58: Cost = 0_49203793, Time = 8.05 sec. 
-Trial 58 0 49203793 10.436386
* 59: Cost = 0_49125364, Time = 8.21 sec. 
-Trial 59 0 49125364 10.601895
-Trial 60 0 49125364 10.623008
* 61: Cost = 0_49061353, Time = 8.29 sec. 
-Trial 61 0 49061353 10.681291
-Trial 62 0 49061353 10.745444
* 63: Cost = 0_48807161, Time = 8.43 sec. 
-Trial 63 0 48807161 10.818585
-Trial 64 0 48807161 10.832190
-Trial 65 0 48807161 10.838860
* 66: Cost = 0_48776711, Time = 8.46 sec. 
-Trial 66 0 48776711 10.849916
-Trial 67 0 48776711 10.861044
-Trial 68 0 48776711 10.900108
-Trial 69 0 48776711 10.904376
-Trial 70 0 48776711 10.993070
-Trial 71 0 48776711 11.004181
-Trial 72 0 48776711 11.028984
* 73: Cost = 0_48751966, Time = 8.66 sec. 
-Trial 73 0 48751966 11.049772
-Trial 74 0 48751966 11.143682
* 75: Cost = 0_48575005, Time = 8.82 sec. 
-Trial 75 0 48575005 11.211226
-Trial 76 0 48575005 11.271082
-Trial 77 0 48575005 11.340089
-Trial 78 0 48575005 11.361893
-Trial 79 0 48575005 11.423678
-Trial 80 0 48575005 11.456772
-Trial 81 0 48575005 11.460940
-Trial 82 0 48575005 11.508554
* 83: Cost = 0_48519037, Time = 9.12 sec. 
-Trial 83 0 48519037 11.511245
* 84: Cost = 0_48363156, Time = 9.19 sec. 
-Trial 84 0 48363156 11.579026
-Trial 85 0 48363156 11.591294
-Trial 86 0 48363156 11.614561
-Trial 87 0 48363156 11.634048
-Trial 88 0 48363156 11.673999
-Trial 89 0 48363156 11.765162
-Trial 90 0 48363156 11.779564
-Trial 91 0 48363156 11.857749
* 92: Cost = 0_48295909, Time = 9.51 sec. 
-Trial 92 0 48295909 11.896478
-Trial 93 0 48295909 11.950549
-Trial 94 0 48295909 11.960067
-Trial 95 0 48295909 11.965008
* 96: Cost = 0_48266139, Time = 9.59 sec. 
-Trial 96 0 48266139 11.981185
* 97: Cost = 0_48208977, Time = 9.61 sec. 
-Trial 97 0 48208977 12.002529
-Trial 98 0 48208977 12.020038
-Trial 99 0 48208977 12.048831
-Trial 100 0 48208977 12.051933
-Trial 101 0 48208977 12.279606
-Trial 102 0 48208977 12.280467
-Trial 103 0 48208977 12.354766
* 104: Cost = 0_48051031, Time = 10.01 sec. 
-Trial 104 0 48051031 12.393595
* 105: Cost = 0_47774179, Time = 10.14 sec. 
-Trial 105 0 47774179 12.527321
-Trial 106 0 47774179 12.540926
-Trial 107 0 47774179 12.545413
-Trial 108 0 47774179 12.578043
* 109: Cost = 0_47735587, Time = 10.20 sec. 
-Trial 109 0 47735587 12.590282
-Trial 110 0 47735587 12.610641
* 111: Cost = 0_47658048, Time = 10.43 sec. 
-Trial 111 0 47658048 12.816985
-Trial 112 0 47658048 12.851347
-Trial 113 0 47658048 12.853520
-Trial 114 0 47658048 12.853861
-Trial 115 0 47658048 12.864255
* 116: Cost = 0_47648828, Time = 10.48 sec. 
-Trial 116 0 47648828 12.868456
* 117: Cost = 0_47605098, Time = 10.50 sec. 
-Trial 117 0 47605098 12.885716
-Trial 118 0 47605098 12.897784
-Trial 119 0 47605098 12.908410
-Trial 120 0 47605098 12.927654
* 121: Cost = 0_47362662, Time = 10.62 sec. 
-Trial 121 0 47362662 13.003727
-Trial 122 0 47362662 13.024573
-Trial 123 0 47362662 13.044829
* 124: Cost = 0_47277584, Time = 10.66 sec. 
-Trial 124 0 47277584 13.052385
-Trial 125 0 47277584 13.069551
* 126: Cost = 0_46980216, Time = 10.69 sec. 
-Trial 126 0 46980216 13.079111
-Trial 127 0 46980216 13.118549
-Trial 128 0 46980216 13.148024
* 129: Cost = 0_46868923, Time = 10.79 sec. 
-Trial 129 0 46868923 13.175959
-Trial 130 0 46868923 13.186747
-Trial 131 0 46868923 13.188047
-Trial 132 0 46868923 13.194543
-Trial 133 0 46868923 13.206318
-Trial 134 0 46868923 13.228732
-Trial 135 0 46868923 13.359279
-Trial 136 0 46868923 13.376961
-Trial 137 0 46868923 13.468487
-Trial 138 0 46868923 13.480667
-Trial 139 0 46868923 13.502297
-Trial 140 0 46868923 13.585499
-Trial 141 0 46868923 13.604511
-Trial 142 0 46868923 13.615458
-Trial 143 0 46868923 13.623291
-Trial 144 0 46868923 13.628628
-Trial 145 0 46868923 13.638867
-Trial 146 0 46868923 13.697220
-Trial 147 0 46868923 13.778231
* 148: Cost = 0_46818819, Time = 11.39 sec. 
-Trial 148 0 46818819 13.781559
* 149: Cost = 0_46625201, Time = 11.42 sec. 
-Trial 149 0 46625201 13.806084
* 150: Cost = 0_46606823, Time = 11.48 sec. 
-Trial 150 0 46606823 13.864170
-Trial 151 0 46606823 13.872350
-Trial 152 0 46606823 13.935233
* 153: Cost = 0_46457171, Time = 11.58 sec. 
-Trial 153 0 46457171 13.973038
-Trial 154 0 46457171 14.102056
-Trial 155 0 46457171 14.135558
* 156: Cost = 0_46366870, Time = 11.78 sec. 
-Trial 156 0 46366870 14.168753
-Trial 157 0 46366870 14.179852
-Trial 158 0 46366870 14.201995
-Trial 159 0 46366870 14.204152
-Trial 160 0 46366870 14.204583
-Trial 161 0 46366870 14.221284
-Trial 162 0 46366870 14.227704
-Trial 163 0 46366870 14.259194
-Trial 164 0 46366870 14.259927
* 165: Cost = 0_46364883, Time = 11.89 sec. 
-Trial 165 0 46364883 14.279641
-Trial 166 0 46364883 14.296073
-Trial 167 0 46364883 14.312974
-Trial 168 0 46364883 14.316131
-Trial 169 0 46364883 14.335508
-Trial 170 0 46364883 14.415470
-Trial 171 0 46364883 14.427857
-Trial 172 0 46364883 14.438828
-Trial 173 0 46364883 14.500356
-Trial 174 0 46364883 14.535378
-Trial 175 0 46364883 14.546512
* 176: Cost = 0_46345078, Time = 12.18 sec. 
-Trial 176 0 46345078 14.564905
-Trial 177 0 46345078 14.573596
-Trial 178 0 46345078 14.631828
-Trial 179 0 46345078 14.699115
-Trial 180 0 46345078 14.853304
-Trial 181 0 46345078 14.871740
-Trial 182 0 46345078 14.880493
-Trial 183 0 46345078 14.922191
-Trial 184 0 46345078 14.934864
-Trial 185 0 46345078 14.951169
-Trial 186 0 46345078 14.959919
-Trial 187 0 46345078 14.985665
-Trial 188 0 46345078 15.082479
* 189: Cost = 0_46325991, Time = 12.71 sec. 
-Trial 189 0 46325991 15.102544
-Trial 190 0 46325991 15.200348
-Trial 191 0 46325991 15.215826
-Trial 192 0 46325991 15.239701
-Trial 193 0 46325991 15.257184
-Trial 194 0 46325991 15.262790
-Trial 195 0 46325991 15.278655
-Trial 196 0 46325991 15.313852
-Trial 197 0 46325991 15.327744
-Trial 198 0 46325991 15.333025
-Trial 199 0 46325991 15.348816
-Trial 200 0 46325991 15.397712
-Trial 201 0 46325991 15.448493
-Trial 202 0 46325991 15.456180
-Trial 203 0 46325991 15.545462
-Trial 204 0 46325991 15.594261
-Trial 205 0 46325991 15.640196
-Trial 206 0 46325991 15.658511
-Trial 207 0 46325991 15.682728
-Trial 208 0 46325991 15.742594
-Trial 209 0 46325991 15.752564
-Trial 210 0 46325991 15.838911
-Trial 211 0 46325991 15.862685
-Trial 212 0 46325991 15.886893
-Trial 213 0 46325991 15.893114
* 214: Cost = 0_46315075, Time = 13.60 sec. 
-Trial 214 0 46315075 15.987943
-Trial 215 0 46315075 16.016483
-Trial 216 0 46315075 16.123608
-Trial 217 0 46315075 16.137074
-Trial 218 0 46315075 16.139825
-Trial 219 0 46315075 16.174626
* 220: Cost = 0_46161671, Time = 13.86 sec. 
-Trial 220 0 46161671 16.250625
-Trial 221 0 46161671 16.283914
-Trial 222 0 46161671 16.291608
-Trial 223 0 46161671 16.302573
-Trial 224 0 46161671 16.314782
-Trial 225 0 46161671 16.339591
* 226: Cost = 0_45801197, Time = 13.96 sec. 
-Trial 226 0 45801197 16.346176
-Trial 227 0 45801197 16.364408
-Trial 228 0 45801197 16.384927
-Trial 229 0 45801197 16.422281
-Trial 230 0 45801197 16.435244
-Trial 231 0 45801197 16.436098
-Trial 232 0 45801197 16.471416
-Trial 233 0 45801197 16.472630
-Trial 234 0 45801197 16.482344
-Trial 235 0 45801197 16.493411
-Trial 236 0 45801197 16.533410
-Trial 237 0 45801197 16.571168
-Trial 238 0 45801197 16.577646
-Trial 239 0 45801197 16.608607
-Trial 240 0 45801197 16.642573
-Trial 241 0 45801197 16.663202
-Trial 242 0 45801197 16.675270
-Trial 243 0 45801197 16.770066
-Trial 244 0 45801197 16.773008
-Trial 245 0 45801197 16.786197
* 246: Cost = 0_45772442, Time = 14.44 sec. 
-Trial 246 0 45772442 16.823983
-Trial 247 0 45772442 16.832987
-Trial 248 0 45772442 16.860298
-Trial 249 0 45772442 16.894149
-Trial 250 0 45772442 16.949249
-Trial 251 0 45772442 16.955546
-Trial 252 0 45772442 16.961624
-Trial 253 0 45772442 16.964575
* 254: Cost = 0_45737809, Time = 14.61 sec. 
-Trial 254 0 45737809 16.999243
-Trial 255 0 45737809 17.007523
-Trial 256 0 45737809 17.032622
-Trial 257 0 45737809 17.079841
-Trial 258 0 45737809 17.094360
-Trial 259 0 45737809 17.102242
-Trial 260 0 45737809 17.130780
-Trial 261 0 45737809 17.234741
* 262: Cost = 0_45729121, Time = 14.90 sec. 
-Trial 262 0 45729121 17.287217
-Trial 263 0 45729121 17.328596
-Trial 264 0 45729121 17.340717
-Trial 265 0 45729121 17.341253
-Trial 266 0 45729121 17.369984
-Trial 267 0 45729121 17.399419
-Trial 268 0 45729121 17.426275
-Trial 269 0 45729121 17.446552
-Trial 270 0 45729121 17.468361
-Trial 271 0 45729121 17.486251
-Trial 272 0 45729121 17.502259
* 273: Cost = 0_45723537, Time = 15.15 sec. 
-Trial 273 0 45723537 17.538223
-Trial 274 0 45723537 17.585784
-Trial 275 0 45723537 17.596862
-Trial 276 0 45723537 17.605199
-Trial 277 0 45723537 17.614001
-Trial 278 0 45723537 17.621256
-Trial 279 0 45723537 17.628477
-Trial 280 0 45723537 17.635889
* 281: Cost = 0_45695428, Time = 15.33 sec. 
-Trial 281 0 45695428 17.719554
-Trial 282 0 45695428 17.751344
-Trial 283 0 45695428 17.777420
-Trial 284 0 45695428 17.781714
-Trial 285 0 45695428 17.795684
-Trial 286 0 45695428 17.799728
-Trial 287 0 45695428 17.825828
* 288: Cost = 0_45681479, Time = 15.47 sec. 
-Trial 288 0 45681479 17.856288
-Trial 289 0 45681479 17.891120
-Trial 290 0 45681479 17.911357
-Trial 291 0 45681479 17.950414
-Trial 292 0 45681479 17.952737
-Trial 293 0 45681479 17.965189
-Trial 294 0 45681479 18.021310
-Trial 295 0 45681479 18.185578
-Trial 296 0 45681479 18.210772
-Trial 297 0 45681479 18.213565
-Trial 298 0 45681479 18.220014
-Trial 299 0 45681479 18.223101
-Trial 300 0 45681479 18.360270
-Trial 301 0 45681479 18.366175
-Trial 302 0 45681479 18.416533
-Trial 303 0 45681479 18.455509
-Trial 304 0 45681479 18.569144
-Trial 305 0 45681479 18.583474
-Trial 306 0 45681479 18.607003
* 307: Cost = 0_45643114, Time = 16.27 sec. 
-Trial 307 0 45643114 18.657725
-Trial 308 0 45643114 18.670301
-Trial 309 0 45643114 18.700637
-Trial 310 0 45643114 18.709086
-Trial 311 0 45643114 18.736280
-Trial 312 0 45643114 18.809499
-Trial 313 0 45643114 18.810081
-Trial 314 0 45643114 18.819695
-Trial 315 0 45643114 18.866729
-Trial 316 0 45643114 18.898369
-Trial 317 0 45643114 18.907140
-Trial 318 0 45643114 18.916311
* 319: Cost = 0_45636878, Time = 16.54 sec. 
-Trial 319 0 45636878 18.931138
-Trial 320 0 45636878 19.056991
* 321: Cost = 0_45624150, Time = 16.68 sec. 
-Trial 321 0 45624150 19.065133
-Trial 322 0 45624150 19.072454
-Trial 323 0 45624150 19.099671
-Trial 324 0 45624150 19.183900
-Trial 325 0 45624150 19.235909
-Trial 326 0 45624150 19.275694
-Trial 327 0 45624150 19.286083
-Trial 328 0 45624150 19.291078
-Trial 329 0 45624150 19.309383
-Trial 330 0 45624150 19.316927
-Trial 331 0 45624150 19.319469
-Trial 332 0 45624150 19.384510
-Trial 333 0 45624150 19.393277
-Trial 334 0 45624150 19.404576
-Trial 335 0 45624150 19.413987
-Trial 336 0 45624150 19.432254
-Trial 337 0 45624150 19.443389
-Trial 338 0 45624150 19.473910
-Trial 339 0 45624150 19.492886
-Trial 340 0 45624150 19.569018
-Trial 341 0 45624150 19.603791
-Trial 342 0 45624150 19.607288
-Trial 343 0 45624150 19.634937
-Trial 344 0 45624150 19.637324
* 345: Cost = 0_45456752, Time = 17.35 sec. 
-Trial 345 0 45456752 19.738605
-Trial 346 0 45456752 19.757463
-Trial 347 0 45456752 19.763845
-Trial 348 0 45456752 19.786922
-Trial 349 0 45456752 19.839280
-Trial 350 0 45456752 19.915435
-Trial 351 0 45456752 19.929457
-Trial 352 0 45456752 19.966389
-Trial 353 0 45456752 19.977373
* 354: Cost = 0_45425648, Time = 17.60 sec. 
-Trial 354 0 45425648 19.983316
-Trial 355 0 45425648 19.984469
-Trial 356 0 45425648 20.000913
-Trial 357 0 45425648 20.015520
-Trial 358 0 45425648 20.062826
-Trial 359 0 45425648 20.069478
-Trial 360 0 45425648 20.080579
* 361: Cost = 0_45350241, Time = 17.77 sec. 
-Trial 361 0 45350241 20.158249
-Trial 362 0 45350241 20.169512
-Trial 363 0 45350241 20.171864
* 364: Cost = 0_45348215, Time = 17.81 sec. 
-Trial 364 0 45348215 20.198839
-Trial 365 0 45348215 20.230100
-Trial 366 0 45348215 20.295825
-Trial 367 0 45348215 20.317396
-Trial 368 0 45348215 20.324452
* 369: Cost = 0_45283447, Time = 17.94 sec. 
-Trial 369 0 45283447 20.329800
-Trial 370 0 45283447 20.346586
-Trial 371 0 45283447 20.386571
-Trial 372 0 45283447 20.390415
-Trial 373 0 45283447 20.400239
-Trial 374 0 45283447 20.400679
-Trial 375 0 45283447 20.435691
* 376: Cost = 0_45233218, Time = 18.09 sec. 
-Trial 376 0 45233218 20.474325
-Trial 377 0 45233218 20.487936
-Trial 378 0 45233218 20.532504
* 379: Cost = 0_45154997, Time = 18.17 sec. 
-Trial 379 0 45154997 20.553290
-Trial 380 0 45154997 20.577718
-Trial 381 0 45154997 20.583972
-Trial 382 0 45154997 20.585271
-Trial 383 0 45154997 20.590486
-Trial 384 0 45154997 20.613444
-Trial 385 0 45154997 20.619052
-Trial 386 0 45154997 20.668158
-Trial 387 0 45154997 20.681271
-Trial 388 0 45154997 20.700159
-Trial 389 0 45154997 20.705918
-Trial 390 0 45154997 20.712393
-Trial 391 0 45154997 20.739745
-Trial 392 0 45154997 20.767680
-Trial 393 0 45154997 20.796747
-Trial 394 0 45154997 20.805327
-Trial 395 0 45154997 20.850128
-Trial 396 0 45154997 20.864051
* 397: Cost = 0_45144086, Time = 18.50 sec. 
-Trial 397 0 45144086 20.891610
-Trial 398 0 45144086 20.894624
-Trial 399 0 45144086 20.896981
* 400: Cost = 0_45100042, Time = 18.52 sec. 
-Trial 400 0 45100042 20.904348
-Trial 401 0 45100042 20.952549
-Trial 402 0 45100042 20.954108
-Trial 403 0 45100042 20.971645
-Trial 404 0 45100042 20.995620
-Trial 405 0 45100042 21.009495
-Trial 406 0 45100042 21.016591
-Trial 407 0 45100042 21.038439
* 408: Cost = 0_45068979, Time = 18.67 sec. 
-Trial 408 0 45068979 21.058717
-Trial 409 0 45068979 21.074014
-Trial 410 0 45068979 21.102044
-Trial 411 0 45068979 21.139207
-Trial 412 0 45068979 21.146692
-Trial 413 0 45068979 21.168008
-Trial 414 0 45068979 21.222636
-Trial 415 0 45068979 21.229333
-Trial 416 0 45068979 21.234125
-Trial 417 0 45068979 21.253231
-Trial 418 0 45068979 21.257882
-Trial 419 0 45068979 21.266544
-Trial 420 0 45068979 21.283159
-Trial 421 0 45068979 21.298769
-Trial 422 0 45068979 21.317358
-Trial 423 0 45068979 21.333408
-Trial 424 0 45068979 21.388523
* 425: Cost = 0_45031296, Time = 19.01 sec. 
-Trial 425 0 45031296 21.400952
-Trial 426 0 45031296 21.405910
-Trial 427 0 45031296 21.419758
-Trial 428 0 45031296 21.443498
-Trial 429 0 45031296 21.458909
-Trial 430 0 45031296 21.503158
-Trial 431 0 45031296 21.511976
* 432: Cost = 0_44995236, Time = 19.17 sec. 
-Trial 432 0 44995236 21.553624
* 433: Cost = 0_44954719, Time = 19.17 sec. 
-Trial 433 0 44954719 21.555377
-Trial 434 0 44954719 21.608965
* 435: Cost = 0_44877251, Time = 19.23 sec. 
-Trial 435 0 44877251 21.622342
-Trial 436 0 44877251 21.680272
-Trial 437 0 44877251 21.696503
-Trial 438 0 44877251 21.697742
-Trial 439 0 44877251 21.707486
-Trial 440 0 44877251 21.715192
-Trial 441 0 44877251 21.746991
-Trial 442 0 44877251 21.768088
-Trial 443 0 44877251 21.793840
-Trial 444 0 44877251 21.806537
-Trial 445 0 44877251 21.854747
-Trial 446 0 44877251 21.869709
-Trial 447 0 44877251 22.017257
-Trial 448 0 44877251 22.038952
-Trial 449 0 44877251 22.041035
-Trial 450 0 44877251 22.045516
-Trial 451 0 44877251 22.060778
-Trial 452 0 44877251 22.138264
-Trial 453 0 44877251 22.236238
-Trial 454 0 44877251 22.251037
-Trial 455 0 44877251 22.311757
-Trial 456 0 44877251 22.313352
-Trial 457 0 44877251 22.336126
-Trial 458 0 44877251 22.339870
-Trial 459 0 44877251 22.348205
-Trial 460 0 44877251 22.381962
-Trial 461 0 44877251 22.461273
-Trial 462 0 44877251 22.477444
-Trial 463 0 44877251 22.487997
-Trial 464 0 44877251 22.505833
-Trial 465 0 44877251 22.533833
-Trial 466 0 44877251 22.541766
-Trial 467 0 44877251 22.554870
-Trial 468 0 44877251 22.571246
-Trial 469 0 44877251 22.592827
-Trial 470 0 44877251 22.604319
-Trial 471 0 44877251 22.626561
-Trial 472 0 44877251 22.638544
-Trial 473 0 44877251 22.645129
-Trial 474 0 44877251 22.657483
-Trial 475 0 44877251 22.726914
-Trial 476 0 44877251 22.785943
-Trial 477 0 44877251 22.797602
-Trial 478 0 44877251 22.816527
-Trial 479 0 44877251 22.828478
-Trial 480 0 44877251 22.843380
-Trial 481 0 44877251 22.851647
-Trial 482 0 44877251 22.882600
-Trial 483 0 44877251 22.980430
-Trial 484 0 44877251 23.022152
-Trial 485 0 44877251 23.037754
-Trial 486 0 44877251 23.066132
-Trial 487 0 44877251 23.109281
-Trial 488 0 44877251 23.121279
-Trial 489 0 44877251 23.129489
-Trial 490 0 44877251 23.193118
-Trial 491 0 44877251 23.197414
-Trial 492 0 44877251 23.215640
* 493: Cost = 0_44857245, Time = 20.86 sec. 
-Trial 493 0 44857245 23.245147
-Trial 494 0 44857245 23.249107
-Trial 495 0 44857245 23.275930
-Trial 496 0 44857245 23.288854
-Trial 497 0 44857245 23.303025
-Trial 498 0 44857245 23.320846
-Trial 499 0 44857245 23.338755
-Trial 500 0 44857245 23.433704
-Trial 501 0 44857245 23.444112
-Trial 502 0 44857245 23.453335
-Trial 503 0 44857245 23.457609
-Trial 504 0 44857245 23.458353
* 505: Cost = 0_44842676, Time = 21.12 sec. 
-Trial 505 0 44842676 23.505761
-Trial 506 0 44842676 23.528660
-Trial 507 0 44842676 23.535464
-Trial 508 0 44842676 23.546979
-Trial 509 0 44842676 23.555536
-Trial 510 0 44842676 23.569141
-Trial 511 0 44842676 23.670620
-Trial 512 0 44842676 23.688519
-Trial 513 0 44842676 23.697974
-Trial 514 0 44842676 23.701376
-Trial 515 0 44842676 23.720624
-Trial 516 0 44842676 23.726324
-Trial 517 0 44842676 23.729413
-Trial 518 0 44842676 23.732329
-Trial 519 0 44842676 23.737027
-Trial 520 0 44842676 23.780103
-Trial 521 0 44842676 23.859959
-Trial 522 0 44842676 23.885423
-Trial 523 0 44842676 23.988169
-Trial 524 0 44842676 23.991323
-Trial 525 0 44842676 24.000179
-Trial 526 0 44842676 24.003590
-Trial 527 0 44842676 24.043442
* 528: Cost = 0_44807913, Time = 21.67 sec. 
-Trial 528 0 44807913 24.061153
-Trial 529 0 44807913 24.065183
-Trial 530 0 44807913 24.111592
* 531: Cost = 0_44803504, Time = 21.74 sec. 
-Trial 531 0 44803504 24.127806
-Trial 532 0 44803504 24.133080
-Trial 533 0 44803504 24.145711
-Trial 534 0 44803504 24.155479
-Trial 535 0 44803504 24.170390
-Trial 536 0 44803504 24.207523
-Trial 537 0 44803504 24.254316
* 538: Cost = 0_44756792, Time = 21.87 sec. 
-Trial 538 0 44756792 24.262370
-Trial 539 0 44756792 24.287638
-Trial 540 0 44756792 24.344951
-Trial 541 0 44756792 24.364601
-Trial 542 0 44756792 24.389372
-Trial 543 0 44756792 24.398451
-Trial 544 0 44756792 24.405600
-Trial 545 0 44756792 24.438796
-Trial 546 0 44756792 24.466549
-Trial 547 0 44756792 24.473501
-Trial 548 0 44756792 24.507961
* 549: Cost = 0_44698998, Time = 22.13 sec. 
-Trial 549 0 44698998 24.521849
-Trial 550 0 44698998 24.540384
-Trial 551 0 44698998 24.626162
-Trial 552 0 44698998 24.634235
-Trial 553 0 44698998 24.638779
-Trial 554 0 44698998 24.649988
-Trial 555 0 44698998 24.670963
-Trial 556 0 44698998 24.685732
-Trial 557 0 44698998 24.689498
-Trial 558 0 44698998 24.705428
-Trial 559 0 44698998 24.720488
-Trial 560 0 44698998 24.727425
-Trial 561 0 44698998 24.738555
-Trial 562 0 44698998 24.744870
-Trial 563 0 44698998 24.753708
-Trial 564 0 44698998 24.847755
-Trial 565 0 44698998 24.947531
-Trial 566 0 44698998 24.952147
-Trial 567 0 44698998 24.991114
-Trial 568 0 44698998 25.048941
-Trial 569 0 44698998 25.071958
-Trial 570 0 44698998 25.080132
* 571: Cost = 0_44685157, Time = 22.70 sec. 
-Trial 571 0 44685157 25.089886
-Trial 572 0 44685157 25.103269
-Trial 573 0 44685157 25.140267
-Trial 574 0 44685157 25.151447
* 575: Cost = 0_44658043, Time = 22.79 sec. 
-Trial 575 0 44658043 25.173563
-Trial 576 0 44658043 25.202935
-Trial 577 0 44658043 25.244238
-Trial 578 0 44658043 25.284308
-Trial 579 0 44658043 25.310614
* 580: Cost = 0_44653468, Time = 22.94 sec. 
-Trial 580 0 44653468 25.328880
-Trial 581 0 44653468 25.348301
-Trial 582 0 44653468 25.373583
-Trial 583 0 44653468 25.382040
-Trial 584 0 44653468 25.387068
-Trial 585 0 44653468 25.404454
-Trial 586 0 44653468 25.423945
-Trial 587 0 44653468 25.441848
-Trial 588 0 44653468 25.444487
* 589: Cost = 0_44649078, Time = 23.07 sec. 
-Trial 589 0 44649078 25.455753
-Trial 590 0 44649078 25.466349
-Trial 591 0 44649078 25.487976
-Trial 592 0 44649078 25.559178
-Trial 593 0 44649078 25.583171
-Trial 594 0 44649078 25.603595
-Trial 595 0 44649078 25.620233
* 596: Cost = 0_44646933, Time = 23.25 sec. 
-Trial 596 0 44646933 25.635640
-Trial 597 0 44646933 25.646190
-Trial 598 0 44646933 25.666844
-Trial 599 0 44646933 25.684949
-Trial 600 0 44646933 25.690516
-Trial 601 0 44646933 25.726035
-Trial 602 0 44646933 25.736193
-Trial 603 0 44646933 25.774728
-Trial 604 0 44646933 25.795400
-Trial 605 0 44646933 25.815176
-Trial 606 0 44646933 25.850438
-Trial 607 0 44646933 25.857361
-Trial 608 0 44646933 25.877046
-Trial 609 0 44646933 25.879741
-Trial 610 0 44646933 25.952330
-Trial 611 0 44646933 25.975499
-Trial 612 0 44646933 26.024753
* 613: Cost = 0_44645006, Time = 23.76 sec. 
-Trial 613 0 44645006 26.148034
-Trial 614 0 44645006 26.159083
-Trial 615 0 44645006 26.187593
-Trial 616 0 44645006 26.320231
-Trial 617 0 44645006 26.330985
-Trial 618 0 44645006 26.347263
-Trial 619 0 44645006 26.357627
-Trial 620 0 44645006 26.370518
-Trial 621 0 44645006 26.488897
-Trial 622 0 44645006 26.490542
-Trial 623 0 44645006 26.496214
* 624: Cost = 0_44640415, Time = 24.12 sec. 
-Trial 624 0 44640415 26.510329
-Trial 625 0 44640415 26.521351
-Trial 626 0 44640415 26.528382
* 627: Cost = 0_44625989, Time = 24.16 sec. 
-Trial 627 0 44625989 26.545121
-Trial 628 0 44625989 26.585073
-Trial 629 0 44625989 26.614281
-Trial 630 0 44625989 26.626911
-Trial 631 0 44625989 26.649426
-Trial 632 0 44625989 26.696171
-Trial 633 0 44625989 26.732585
-Trial 634 0 44625989 26.736591
-Trial 635 0 44625989 26.750436
-Trial 636 0 44625989 26.772182
-Trial 637 0 44625989 26.781383
-Trial 638 0 44625989 26.857128
-Trial 639 0 44625989 26.860540
-Trial 640 0 44625989 26.934787
-Trial 641 0 44625989 26.939285
-Trial 642 0 44625989 26.954616
-Trial 643 0 44625989 26.965424
-Trial 644 0 44625989 27.036446
-Trial 645 0 44625989 27.058422
* 646: Cost = 0_44584079, Time = 24.75 sec. 
-Trial 646 0 44584079 27.135951
-Trial 647 0 44584079 27.179691
-Trial 648 0 44584079 27.183228
-Trial 649 0 44584079 27.186527
-Trial 650 0 44584079 27.193204
-Trial 651 0 44584079 27.227257
-Trial 652 0 44584079 27.255258
-Trial 653 0 44584079 27.287560
-Trial 654 0 44584079 27.305857
-Trial 655 0 44584079 27.387176
* 656: Cost = 0_44510127, Time = 25.01 sec. 
-Trial 656 0 44510127 27.397155
-Trial 657 0 44510127 27.441798
-Trial 658 0 44510127 27.443272
-Trial 659 0 44510127 27.493136
-Trial 660 0 44510127 27.540491
-Trial 661 0 44510127 27.546144
-Trial 662 0 44510127 27.561167
-Trial 663 0 44510127 27.647760
-Trial 664 0 44510127 27.692476
-Trial 665 0 44510127 27.715218
-Trial 666 0 44510127 27.729116
-Trial 667 0 44510127 27.765609
-Trial 668 0 44510127 27.787605
-Trial 669 0 44510127 27.791494
-Trial 670 0 44510127 27.922112
-Trial 671 0 44510127 27.987772
-Trial 672 0 44510127 28.010573
-Trial 673 0 44510127 28.041592
-Trial 674 0 44510127 28.098257
-Trial 675 0 44510127 28.143921
-Trial 676 0 44510127 28.169978
-Trial 677 0 44510127 28.176559
-Trial 678 0 44510127 28.208472
-Trial 679 0 44510127 28.321209
-Trial 680 0 44510127 28.352314
-Trial 681 0 44510127 28.379031
-Trial 682 0 44510127 28.395180
-Trial 683 0 44510127 28.515346
-Trial 684 0 44510127 28.519355
* 685: Cost = 0_44488202, Time = 26.14 sec. 
-Trial 685 0 44488202 28.525549
-Trial 686 0 44488202 28.529075
-Trial 687 0 44488202 28.546665
-Trial 688 0 44488202 28.556281
-Trial 689 0 44488202 28.583541
-Trial 690 0 44488202 28.601459
-Trial 691 0 44488202 28.625696
-Trial 692 0 44488202 28.666412
-Trial 693 0 44488202 28.670525
-Trial 694 0 44488202 28.675139
-Trial 695 0 44488202 28.682566
-Trial 696 0 44488202 28.699180
-Trial 697 0 44488202 28.703372
-Trial 698 0 44488202 28.803091
* 699: Cost = 0_44392522, Time = 26.47 sec. 
-Trial 699 0 44392522 28.856279
-Trial 700 0 44392522 28.866607
-Trial 701 0 44392522 28.880062
-Trial 702 0 44392522 28.890425
-Trial 703 0 44392522 28.905033
-Trial 704 0 44392522 28.914828
-Trial 705 0 44392522 28.934975
-Trial 706 0 44392522 28.956018
-Trial 707 0 44392522 28.963458
-Trial 708 0 44392522 28.970197
-Trial 709 0 44392522 29.010012
-Trial 710 0 44392522 29.028622
-Trial 711 0 44392522 29.071884
* 712: Cost = 0_44391155, Time = 26.69 sec. 
-Trial 712 0 44391155 29.081492
-Trial 713 0 44391155 29.089009
-Trial 714 0 44391155 29.096166
-Trial 715 0 44391155 29.199939
-Trial 716 0 44391155 29.261366
-Trial 717 0 44391155 29.272120
-Trial 718 0 44391155 29.294112
-Trial 719 0 44391155 29.316103
-Trial 720 0 44391155 29.318188
-Trial 721 0 44391155 29.328640
-Trial 722 0 44391155 29.358326
-Trial 723 0 44391155 29.361152
-Trial 724 0 44391155 29.395572
-Trial 725 0 44391155 29.435516
-Trial 726 0 44391155 29.436454
* 727: Cost = 0_44388520, Time = 27.05 sec. 
-Trial 727 0 44388520 29.442952
-Trial 728 0 44388520 29.463329
-Trial 729 0 44388520 29.467932
-Trial 730 0 44388520 29.485568
-Trial 731 0 44388520 29.508401
-Trial 732 0 44388520 29.513154
-Trial 733 0 44388520 29.521540
-Trial 734 0 44388520 29.531862
-Trial 735 0 44388520 29.538658
-Trial 736 0 44388520 29.555389
-Trial 737 0 44388520 29.559351
-Trial 738 0 44388520 29.566590
-Trial 739 0 44388520 29.594991
-Trial 740 0 44388520 29.612924
-Trial 741 0 44388520 29.638162
-Trial 742 0 44388520 29.685552
-Trial 743 0 44388520 29.689394
-Trial 744 0 44388520 29.694683
-Trial 745 0 44388520 29.702037
-Trial 746 0 44388520 29.707457
-Trial 747 0 44388520 29.751883
-Trial 748 0 44388520 29.753552
-Trial 749 0 44388520 29.804872
-Trial 750 0 44388520 29.851728
-Trial 751 0 44388520 29.872235
-Trial 752 0 44388520 29.877944
-Trial 753 0 44388520 29.894653
-Trial 754 0 44388520 29.898206
-Trial 755 0 44388520 29.914893
-Trial 756 0 44388520 29.921696
-Trial 757 0 44388520 30.056075
-Trial 758 0 44388520 30.065137
* 759: Cost = 0_44385710, Time = 27.69 sec. 
-Trial 759 0 44385710 30.074432
-Trial 760 0 44385710 30.121129
-Trial 761 0 44385710 30.151524
* 762: Cost = 0_44364132, Time = 27.77 sec. 
-Trial 762 0 44364132 30.153836
-Trial 763 0 44364132 30.155367
-Trial 764 0 44364132 30.158936
-Trial 765 0 44364132 30.164350
-Trial 766 0 44364132 30.175010
-Trial 767 0 44364132 30.178091
-Trial 768 0 44364132 30.185324
-Trial 769 0 44364132 30.190013
-Trial 770 0 44364132 30.192503
-Trial 771 0 44364132 30.233915
-Trial 772 0 44364132 30.261853
-Trial 773 0 44364132 30.265335
-Trial 774 0 44364132 30.274320
-Trial 775 0 44364132 30.285216
-Trial 776 0 44364132 30.293719
-Trial 777 0 44364132 30.369047
-Trial 778 0 44364132 30.399344
-Trial 779 0 44364132 30.409159
-Trial 780 0 44364132 30.424942
-Trial 781 0 44364132 30.446311
-Trial 782 0 44364132 30.465073
-Trial 783 0 44364132 30.474169
-Trial 784 0 44364132 30.520424
-Trial 785 0 44364132 30.529571
-Trial 786 0 44364132 30.534670
-Trial 787 0 44364132 30.546984
-Trial 788 0 44364132 30.560752
* 789: Cost = 0_44344126, Time = 28.18 sec. 
-Trial 789 0 44344126 30.563768
-Trial 790 0 44344126 30.607553
-Trial 791 0 44344126 30.627789
* 792: Cost = 0_44343434, Time = 28.28 sec. 
-Trial 792 0 44343434 30.663269
-Trial 793 0 44343434 30.721299
-Trial 794 0 44343434 30.729455
-Trial 795 0 44343434 30.732802
* 796: Cost = 0_44335663, Time = 28.38 sec. 
-Trial 796 0 44335663 30.764359
* 797: Cost = 0_44297092, Time = 28.40 sec. 
-Trial 797 0 44297092 30.788971
-Trial 798 0 44297092 30.799993
-Trial 799 0 44297092 30.841774
-Trial 800 0 44297092 30.861661
-Trial 801 0 44297092 30.868482
-Trial 802 0 44297092 30.899138
-Trial 803 0 44297092 30.908453
-Trial 804 0 44297092 30.929280
-Trial 805 0 44297092 30.942182
* 806: Cost = 0_44295927, Time = 28.57 sec. 
-Trial 806 0 44295927 30.953479
-Trial 807 0 44295927 30.955128
-Trial 808 0 44295927 30.959544
-Trial 809 0 44295927 30.964866
-Trial 810 0 44295927 30.995678
-Trial 811 0 44295927 31.023176
-Trial 812 0 44295927 31.029656
-Trial 813 0 44295927 31.087861
-Trial 814 0 44295927 31.091146
-Trial 815 0 44295927 31.117080
-Trial 816 0 44295927 31.130470
-Trial 817 0 44295927 31.158437
-Trial 818 0 44295927 31.177940
-Trial 819 0 44295927 31.189630
-Trial 820 0 44295927 31.281686
-Trial 821 0 44295927 31.338552
-Trial 822 0 44295927 31.391248
-Trial 823 0 44295927 31.400703
-Trial 824 0 44295927 31.437614
-Trial 825 0 44295927 31.480034
-Trial 826 0 44295927 31.484262
-Trial 827 0 44295927 31.554676
-Trial 828 0 44295927 31.560328
-Trial 829 0 44295927 31.577063
-Trial 830 0 44295927 31.602493
-Trial 831 0 44295927 31.602951
-Trial 832 0 44295927 31.662636
* 833: Cost = 0_44288545, Time = 29.31 sec. 
-Trial 833 0 44288545 31.695602
-Trial 834 0 44288545 31.708592
-Trial 835 0 44288545 31.725223
-Trial 836 0 44288545 31.730739
-Trial 837 0 44288545 31.743888
-Trial 838 0 44288545 31.754203
-Trial 839 0 44288545 31.778417
-Trial 840 0 44288545 31.796209
-Trial 841 0 44288545 31.808056
-Trial 842 0 44288545 31.819898
-Trial 843 0 44288545 31.828902
-Trial 844 0 44288545 31.858403
-Trial 845 0 44288545 31.876456
-Trial 846 0 44288545 31.898573
* 847: Cost = 0_44283071, Time = 29.52 sec. 
-Trial 847 0 44283071 31.910450
-Trial 848 0 44283071 31.912010
-Trial 849 0 44283071 31.920966
-Trial 850 0 44283071 31.931089
-Trial 851 0 44283071 31.944911
-Trial 852 0 44283071 31.956318
-Trial 853 0 44283071 31.965165
-Trial 854 0 44283071 31.988660
-Trial 855 0 44283071 31.997032
* 856: Cost = 0_44259831, Time = 29.70 sec. 
-Trial 856 0 44259831 32.085963
-Trial 857 0 44259831 32.088492
-Trial 858 0 44259831 32.110686
-Trial 859 0 44259831 32.204446
-Trial 860 0 44259831 32.215125
-Trial 861 0 44259831 32.238303
* 862: Cost = 0_44184076, Time = 29.87 sec. 
-Trial 862 0 44184076 32.258989
-Trial 863 0 44184076 32.278149
-Trial 864 0 44184076 32.311222
-Trial 865 0 44184076 32.312410
-Trial 866 0 44184076 32.323929
-Trial 867 0 44184076 32.327329
-Trial 868 0 44184076 32.335288
-Trial 869 0 44184076 32.345077
-Trial 870 0 44184076 32.364613
-Trial 871 0 44184076 32.372269
* 872: Cost = 0_44119042, Time = 30.00 sec. 
-Trial 872 0 44119042 32.384405
-Trial 873 0 44119042 32.388398
-Trial 874 0 44119042 32.401649
-Trial 875 0 44119042 32.415994
-Trial 876 0 44119042 32.432241
* 877: Cost = 0_44112006, Time = 30.05 sec. 
-Trial 877 0 44112006 32.440738
-Trial 878 0 44112006 32.483256
-Trial 879 0 44112006 32.520465
-Trial 880 0 44112006 32.528016
-Trial 881 0 44112006 32.541161
-Trial 882 0 44112006 32.557384
-Trial 883 0 44112006 32.649558
-Trial 884 0 44112006 32.681134
-Trial 885 0 44112006 32.687028
-Trial 886 0 44112006 32.697223
-Trial 887 0 44112006 32.715079
-Trial 888 0 44112006 32.728276
* 889: Cost = 0_44021179, Time = 30.37 sec. 
-Trial 889 0 44021179 32.753867
-Trial 890 0 44021179 32.834657
-Trial 891 0 44021179 32.861294
-Trial 892 0 44021179 32.861935
-Trial 893 0 44021179 32.873101
-Trial 894 0 44021179 32.902269
-Trial 895 0 44021179 32.911775
-Trial 896 0 44021179 32.927491
-Trial 897 0 44021179 32.933689
-Trial 898 0 44021179 32.948246
-Trial 899 0 44021179 33.050816
-Trial 900 0 44021179 33.059324
-Trial 901 0 44021179 33.085348
-Trial 902 0 44021179 33.189917
-Trial 903 0 44021179 33.191641
-Trial 904 0 44021179 33.222948
-Trial 905 0 44021179 33.287454
-Trial 906 0 44021179 33.299368
-Trial 907 0 44021179 33.322333
-Trial 908 0 44021179 33.350826
-Trial 909 0 44021179 33.354814
-Trial 910 0 44021179 33.376552
-Trial 911 0 44021179 33.377652
-Trial 912 0 44021179 33.428036
-Trial 913 0 44021179 33.491088
-Trial 914 0 44021179 33.513754
* 915: Cost = 0_44015705, Time = 31.13 sec. 
-Trial 915 0 44015705 33.514242
-Trial 916 0 44015705 33.518365
-Trial 917 0 44015705 33.522169
-Trial 918 0 44015705 33.539928
-Trial 919 0 44015705 33.540900
-Trial 920 0 44015705 33.564118
-Trial 921 0 44015705 33.568382
-Trial 922 0 44015705 33.610556
-Trial 923 0 44015705 33.613028
* 924: Cost = 0_43984634, Time = 31.23 sec. 
-Trial 924 0 43984634 33.615790
-Trial 925 0 43984634 33.624093
-Trial 926 0 43984634 33.659074
-Trial 927 0 43984634 33.693332
-Trial 928 0 43984634 33.708511
-Trial 929 0 43984634 33.737350
-Trial 930 0 43984634 33.769159
-Trial 931 0 43984634 33.837262
-Trial 932 0 43984634 33.853472
-Trial 933 0 43984634 33.864255
* 934: Cost = 0_43942589, Time = 31.53 sec. 
-Trial 934 0 43942589 33.913382
-Trial 935 0 43942589 33.921655
-Trial 936 0 43942589 33.924703
-Trial 937 0 43942589 33.955633
-Trial 938 0 43942589 33.960199
-Trial 939 0 43942589 34.001908
-Trial 940 0 43942589 34.007359
-Trial 941 0 43942589 34.033184
-Trial 942 0 43942589 34.064398
-Trial 943 0 43942589 34.091373
-Trial 944 0 43942589 34.100705
-Trial 945 0 43942589 34.155340
-Trial 946 0 43942589 34.216075
-Trial 947 0 43942589 34.240417
-Trial 948 0 43942589 34.247519
-Trial 949 0 43942589 34.264287
-Trial 950 0 43942589 34.282828
-Trial 951 0 43942589 34.425998
-Trial 952 0 43942589 34.429674
-Trial 953 0 43942589 34.452819
-Trial 954 0 43942589 34.468722
-Trial 955 0 43942589 34.486310
-Trial 956 0 43942589 34.508374
-Trial 957 0 43942589 34.523478
-Trial 958 0 43942589 34.540275
-Trial 959 0 43942589 34.552627
-Trial 960 0 43942589 34.561363
-Trial 961 0 43942589 34.572417
-Trial 962 0 43942589 34.613468
-Trial 963 0 43942589 34.641380
-Trial 964 0 43942589 34.742980
* 965: Cost = 0_43881717, Time = 32.38 sec. 
-Trial 965 0 43881717 34.769019
-Trial 966 0 43881717 34.780732
-Trial 967 0 43881717 34.787190
-Trial 968 0 43881717 34.790074
-Trial 969 0 43881717 34.812465
-Trial 970 0 43881717 34.876576
-Trial 971 0 43881717 34.896913
-Trial 972 0 43881717 34.948564
-Trial 973 0 43881717 35.009503
-Trial 974 0 43881717 35.038908
-Trial 975 0 43881717 35.043336
-Trial 976 0 43881717 35.098838
-Trial 977 0 43881717 35.106034
-Trial 978 0 43881717 35.169704
-Trial 979 0 43881717 35.198537
* 980: Cost = 0_43874280, Time = 32.86 sec. 
-Trial 980 0 43874280 35.247806
-Trial 981 0 43874280 35.258213
-Trial 982 0 43874280 35.263865
-Trial 983 0 43874280 35.272368
-Trial 984 0 43874280 35.283127
-Trial 985 0 43874280 35.334813
-Trial 986 0 43874280 35.339813
* 987: Cost = 0_43831539, Time = 32.97 sec. 
-Trial 987 0 43831539 35.356857
-Trial 988 0 43831539 35.392213
-Trial 989 0 43831539 35.405298
-Trial 990 0 43831539 35.409521
-Trial 991 0 43831539 35.410766
-Trial 992 0 43831539 35.452673
-Trial 993 0 43831539 35.475342
* 994: Cost = 0_43820516, Time = 33.11 sec. 
-Trial 994 0 43820516 35.499153
-Trial 995 0 43820516 35.543077
-Trial 996 0 43820516 35.556583
-Trial 997 0 43820516 35.637476
-Trial 998 0 43820516 35.664074
-Trial 999 0 43820516 35.698586
-Trial 1000 0 43820516 35.815034
Population:
  1: 0_43820516
Run 1: Cost = 0_43820516, Time = 33.43 sec. 

Successes/Runs = 0/1 
Cost.min = 43820516, Cost.avg = 43820516.00, Cost.max = 43820516
Gap.min = 0.0000%, Gap.avg = 0.0000%, Gap.max = 0.0000%
Penalty.min = 0, Penalty.avg = 0.00, Penalty.max = 0
Trials.min = 1000, Trials.avg = 1000.0, Trials.max = 1000
Time.min = 33.43 sec., Time.avg = 33.43 sec., Time.max = 33.43 sec.
Time.total = 35.82 sec.
  Size.min = 13, Size.max = 36, Penalty = 0
  Cost.min = 894887, Cost.max = 3334228, Cost.sum = 43820516
Best CVRPTW solution:
  Cost = 0_43820516
46 1 232 425 128 476 188 375 420 120 451 267 266 212 49 305 440 459 492 367 447 114 506 98 268 461 50 357 153 229 325 235 75 330 428 189 106 369 219 386 161 264 336 403 515 36 291 490 335 434 87 224 194 485 25 82 4 185 374 121 23 292 326 217 255 233 170 126 516 390 306 471 79 400 18 230 145 287 317 77 263 190 406 433 458 372 389 402 248 435 513 430 300 176 351 175 316 361 100 354 310 143 466 173 269 91 343 426 265 355 454 206 364 419 61 413 494 124 285 509 72 333 55 69 371 73 22 393 59 107 242 90 200 136 159 283 157 249 501 417 446 401 213 259 488 172 378 365 151 508 324 302 463 142 215 349 130 404 427 452 56 243 65 449 346 137 478 479 477 418 45 254 312 149 158 241 512 182 320 125 437 465 9 410 169 110 407 274 31 258 314 295 382 85 500 152 334 2 489 392 432 373 347 399 16 5 519 44 293 193 290 103 337 140 7 332 380 415 341 391 381 453 88 24 115 387 289 35 84 53 278 443 118 52 12 66 94 507 57 328 198 150 276 15 139 398 309 105 226 486 260 256 203 160 315 166 247 484 10 376 221 424 363 358 240 352 288 246 218 144 253 108 199 187 510 102 366 250 480 47 40 323 13 64 245 179 464 362 416 353 385 475 26 17 307 311 414 279 70 197 29 504 342 456 80 469 234 411 303 340 41 439 21 270 8 116 183 394 331 14 192 356 228 162 20 450 505 284 195 238 338 467 273 384 135 308 208 119 92 83 252 396 438 196 280 3 281 122 58 11 350 127 436 67 167 493 518 109 423 498 319 497 131 473 78 134 429 251 156 111 517 216 344 227 359 455 181 441 322 147 97 138 68 37 104 502 487 422 184 177 445 148 19 164 220 261 405 201 457 370 27 395 51 71 81 474 99 275 299 244 63 123 89 481 155 482 444 431 6 301 511 297 38 296 141 112 327 277 368 60 408 282 129 33 191 28 239 294 74 379 225 348 171 262 360 132 39 113 76 514 460 117 298 211 470 499 186 174 30 495 472 345 383 62 304 412 178 96 409 468 180 329 520 207 321 388 313 271 286 496 86 165 168 231 377 204 133 257 42 163 93 339 32 205 272 491 448 236 462 237 421 483 503 101 95 202 318 48 34 214 442 223 209 222 397 210 54 154 146 43 46 
