PARAMETER_FILE = result/cvrptw_500/LKH_para/625.para
Reading PROBLEM_FILE: "result/cvrptw_500/cvrptw/625.cvrptw" ... done
ASCENT_CANDIDATES = 50
BACKBONE_TRIALS = 0
BACKTRACKING = NO
# BWTSP =
# CANDIDATE_FILE =
CANDIDATE_SET_TYPE = ALPHA
DEPOT = 1
# EDGE_FILE =
EXCESS = 0.0384615
EXTERNAL_SALESMEN = 0
EXTRA_CANDIDATES = 0 
EXTRA_CANDIDATE_SET_TYPE = QUADRANT
GAIN23 = NO
GAIN_CRITERION = YES
INITIAL_PERIOD = 520
INITIAL_STEP_SIZE = 1
INITIAL_TOUR_ALGORITHM = WALK
# INITIAL_TOUR_FILE = 
INITIAL_TOUR_FRACTION = 1.000
# INPUT_TOUR_FILE = 
KICK_TYPE = 4
KICKS = 1
# MAX_BREADTH =
MAKESPAN = NO
MAX_CANDIDATES = 5 
MAX_SWAPS = 0
MAX_TRIALS = 1000
# MERGE_TOUR_FILE =
MOVE_TYPE = 5 SPECIAL
MTSP_MIN_SIZE = 1
MTSP_MAX_SIZE = 1039
# MTSP_SOLUTION_FILE = 
# NONSEQUENTIAL_MOVE_TYPE = 5
# OPTIMUM =
# OUTPUT_TOUR_FILE = 
PATCHING_A = 1 
PATCHING_C = 0 
# PI_FILE = 
POPMUSIC_INITIAL_TOUR = NO
POPMUSIC_MAX_NEIGHBORS = 5
POPMUSIC_SAMPLE_SIZE = 10
POPMUSIC_SOLUTIONS = 50
POPMUSIC_TRIALS = 1
POPULATION_SIZE = 10
PRECISION = 100
PROBLEM_FILE = result/cvrptw_500/cvrptw/625.cvrptw
RECOMBINATION = IPT
RESTRICTED_SEARCH = YES
RUNS = 1
SALESMEN = 20
SCALE = 1
SEED = 1234
# SINTEF_SOLUTION_FILE = 
STOP_AT_OPTIMUM = YES
SUBGRADIENT = YES
# SUBPROBLEM_SIZE =
# SUBPROBLEM_TOUR_FILE = 
SUBSEQUENT_MOVE_TYPE = 5 SPECIAL
SUBSEQUENT_PATCHING = YES
# TIME_LIMIT =
# TOUR_FILE = 
TRACE_LEVEL = 1
VEHICLES = 20

Lower bound = 24502167.5, Ascent time = 2.05 sec.
Cand.min = 5, Cand.avg = 5.0, Cand.max = 5
Edges.fixed = 520 [Cost = 0]
Preprocessing time = 2.14 sec.
* 1: Cost = 506224_55425957, Time = 4.38 sec. 
-Trial 1 506224 55425957 6.515502
* 2: Cost = 506224_55272592, Time = 4.55 sec. 
-Trial 2 506224 55272592 6.686272
* 3: Cost = 506224_55153118, Time = 4.71 sec. 
-Trial 3 506224 55153118 6.851773
-Trial 4 506224 55153118 6.856195
-Trial 5 506224 55153118 6.869369
-Trial 6 506224 55153118 7.068218
-Trial 7 506224 55153118 7.085167
-Trial 8 506224 55153118 7.344945
* 9: Cost = 506224_55006975, Time = 5.38 sec. 
-Trial 9 506224 55006975 7.512693
-Trial 10 506224 55006975 7.691030
* 11: Cost = 506224_54718168, Time = 5.87 sec. 
-Trial 11 506224 54718168 8.003649
* 12: Cost = 281667_54082109, Time = 6.23 sec. 
-Trial 12 281667 54082109 8.367893
-Trial 13 281667 54082109 8.401513
-Trial 14 281667 54082109 8.543891
* 15: Cost = 174002_53896401, Time = 6.68 sec. 
-Trial 15 174002 53896401 8.814623
-Trial 16 174002 53896401 8.998195
* 17: Cost = 174002_53889929, Time = 6.98 sec. 
-Trial 17 174002 53889929 9.114468
* 18: Cost = 174002_53806258, Time = 7.07 sec. 
-Trial 18 174002 53806258 9.208734
* 19: Cost = 174002_53650580, Time = 7.16 sec. 
-Trial 19 174002 53650580 9.293058
* 20: Cost = 174002_53430204, Time = 7.27 sec. 
-Trial 20 174002 53430204 9.407854
-Trial 21 174002 53430204 9.596025
* 22: Cost = 174002_52084409, Time = 8.00 sec. 
-Trial 22 174002 52084409 10.139350
* 23: Cost = 174002_52012537, Time = 8.10 sec. 
-Trial 23 174002 52012537 10.235548
-Trial 24 174002 52012537 10.444793
-Trial 25 174002 52012537 10.472874
-Trial 26 174002 52012537 10.492752
-Trial 27 174002 52012537 10.578808
-Trial 28 174002 52012537 10.706102
* 29: Cost = 174002_51755182, Time = 8.76 sec. 
-Trial 29 174002 51755182 10.898399
-Trial 30 174002 51755182 11.011954
* 31: Cost = 174002_51479771, Time = 9.08 sec. 
-Trial 31 174002 51479771 11.220966
-Trial 32 174002 51479771 11.287587
-Trial 33 174002 51479771 11.379696
* 34: Cost = 174002_51267706, Time = 9.38 sec. 
-Trial 34 174002 51267706 11.514826
* 35: Cost = 144989_50986838, Time = 9.67 sec. 
-Trial 35 144989 50986838 11.803635
* 36: Cost = 110547_51547208, Time = 9.88 sec. 
-Trial 36 110547 51547208 12.017051
* 37: Cost = 110547_51401595, Time = 9.98 sec. 
-Trial 37 110547 51401595 12.112822
* 38: Cost = 110547_51240836, Time = 10.04 sec. 
-Trial 38 110547 51240836 12.181661
* 39: Cost = 110547_50666318, Time = 10.06 sec. 
-Trial 39 110547 50666318 12.197424
-Trial 40 110547 50666318 12.460430
* 41: Cost = 0_50664766, Time = 10.34 sec. 
-Trial 41 0 50664766 12.479262
* 42: Cost = 0_50226344, Time = 10.39 sec. 
-Trial 42 0 50226344 12.530685
* 43: Cost = 0_49437788, Time = 10.58 sec. 
-Trial 43 0 49437788 12.714626
* 44: Cost = 0_49254265, Time = 10.61 sec. 
-Trial 44 0 49254265 12.745187
-Trial 45 0 49254265 12.746804
* 46: Cost = 0_49055594, Time = 10.68 sec. 
-Trial 46 0 49055594 12.813110
-Trial 47 0 49055594 12.816325
* 48: Cost = 0_48598939, Time = 10.71 sec. 
-Trial 48 0 48598939 12.851758
-Trial 49 0 48598939 12.854614
-Trial 50 0 48598939 12.871324
-Trial 51 0 48598939 12.988071
-Trial 52 0 48598939 13.053895
-Trial 53 0 48598939 13.057374
* 54: Cost = 0_48437462, Time = 10.96 sec. 
-Trial 54 0 48437462 13.094688
-Trial 55 0 48437462 13.095266
-Trial 56 0 48437462 13.119079
-Trial 57 0 48437462 13.128371
-Trial 58 0 48437462 13.146898
-Trial 59 0 48437462 13.148989
* 60: Cost = 0_48214004, Time = 11.06 sec. 
-Trial 60 0 48214004 13.202316
-Trial 61 0 48214004 13.205318
-Trial 62 0 48214004 13.208112
-Trial 63 0 48214004 13.252066
-Trial 64 0 48214004 13.270973
-Trial 65 0 48214004 13.273725
-Trial 66 0 48214004 13.277414
-Trial 67 0 48214004 13.314909
-Trial 68 0 48214004 13.345336
* 69: Cost = 0_48144613, Time = 11.26 sec. 
-Trial 69 0 48144613 13.398200
-Trial 70 0 48144613 13.415585
-Trial 71 0 48144613 13.457069
-Trial 72 0 48144613 13.460785
-Trial 73 0 48144613 13.584005
-Trial 74 0 48144613 13.652680
-Trial 75 0 48144613 13.739232
* 76: Cost = 0_48032138, Time = 11.61 sec. 
-Trial 76 0 48032138 13.746352
-Trial 77 0 48032138 13.771468
* 78: Cost = 0_47922699, Time = 11.69 sec. 
-Trial 78 0 47922699 13.831998
-Trial 79 0 47922699 13.902875
-Trial 80 0 47922699 13.917676
-Trial 81 0 47922699 13.977836
-Trial 82 0 47922699 13.985894
-Trial 83 0 47922699 14.288929
* 84: Cost = 0_47635296, Time = 12.17 sec. 
-Trial 84 0 47635296 14.305549
* 85: Cost = 0_47565131, Time = 12.18 sec. 
-Trial 85 0 47565131 14.313676
-Trial 86 0 47565131 14.321685
* 87: Cost = 0_47498811, Time = 12.20 sec. 
-Trial 87 0 47498811 14.342079
-Trial 88 0 47498811 14.383036
* 89: Cost = 0_47263422, Time = 12.27 sec. 
-Trial 89 0 47263422 14.403889
* 90: Cost = 0_46783381, Time = 12.32 sec. 
-Trial 90 0 46783381 14.457806
-Trial 91 0 46783381 14.483484
-Trial 92 0 46783381 14.499055
-Trial 93 0 46783381 14.513440
-Trial 94 0 46783381 14.605600
* 95: Cost = 0_46603728, Time = 12.50 sec. 
-Trial 95 0 46603728 14.637141
-Trial 96 0 46603728 14.688310
-Trial 97 0 46603728 14.696676
-Trial 98 0 46603728 14.714624
-Trial 99 0 46603728 14.736947
-Trial 100 0 46603728 14.844782
-Trial 101 0 46603728 15.026473
-Trial 102 0 46603728 15.084428
-Trial 103 0 46603728 15.092381
-Trial 104 0 46603728 15.115521
* 105: Cost = 0_46599615, Time = 13.00 sec. 
-Trial 105 0 46599615 15.135072
-Trial 106 0 46599615 15.143673
-Trial 107 0 46599615 15.168950
-Trial 108 0 46599615 15.174791
-Trial 109 0 46599615 15.278545
* 110: Cost = 0_46591675, Time = 13.17 sec. 
-Trial 110 0 46591675 15.311035
-Trial 111 0 46591675 15.469083
* 112: Cost = 0_46339731, Time = 13.38 sec. 
-Trial 112 0 46339731 15.514985
* 113: Cost = 0_46308444, Time = 13.41 sec. 
-Trial 113 0 46308444 15.544390
-Trial 114 0 46308444 15.548417
-Trial 115 0 46308444 15.580590
-Trial 116 0 46308444 15.729624
-Trial 117 0 46308444 15.752827
* 118: Cost = 0_46220190, Time = 13.62 sec. 
-Trial 118 0 46220190 15.761227
-Trial 119 0 46220190 15.801633
-Trial 120 0 46220190 15.806393
-Trial 121 0 46220190 15.879004
-Trial 122 0 46220190 15.888260
-Trial 123 0 46220190 15.918532
-Trial 124 0 46220190 15.965009
-Trial 125 0 46220190 16.012350
-Trial 126 0 46220190 16.048008
-Trial 127 0 46220190 16.056509
-Trial 128 0 46220190 16.086634
-Trial 129 0 46220190 16.094899
-Trial 130 0 46220190 16.117444
-Trial 131 0 46220190 16.132675
-Trial 132 0 46220190 16.137427
-Trial 133 0 46220190 16.145123
* 134: Cost = 0_46208553, Time = 14.09 sec. 
-Trial 134 0 46208553 16.229278
-Trial 135 0 46208553 16.284805
-Trial 136 0 46208553 16.301030
-Trial 137 0 46208553 16.323332
-Trial 138 0 46208553 16.326995
-Trial 139 0 46208553 16.331684
-Trial 140 0 46208553 16.360806
-Trial 141 0 46208553 16.387808
-Trial 142 0 46208553 16.421970
-Trial 143 0 46208553 16.429001
-Trial 144 0 46208553 16.486825
-Trial 145 0 46208553 16.508866
-Trial 146 0 46208553 16.533128
-Trial 147 0 46208553 16.533895
-Trial 148 0 46208553 16.539540
* 149: Cost = 0_45904104, Time = 14.41 sec. 
-Trial 149 0 45904104 16.548016
-Trial 150 0 45904104 16.804172
-Trial 151 0 45904104 16.824692
-Trial 152 0 45904104 16.888175
-Trial 153 0 45904104 16.997656
-Trial 154 0 45904104 17.157990
-Trial 155 0 45904104 17.218854
-Trial 156 0 45904104 17.260793
-Trial 157 0 45904104 17.306994
-Trial 158 0 45904104 17.348215
-Trial 159 0 45904104 17.352663
-Trial 160 0 45904104 17.403039
-Trial 161 0 45904104 17.425090
-Trial 162 0 45904104 17.441557
-Trial 163 0 45904104 17.452077
-Trial 164 0 45904104 17.484474
-Trial 165 0 45904104 17.489385
-Trial 166 0 45904104 17.492434
-Trial 167 0 45904104 17.564077
* 168: Cost = 0_45853930, Time = 15.52 sec. 
-Trial 168 0 45853930 17.660522
-Trial 169 0 45853930 17.697431
-Trial 170 0 45853930 17.721046
* 171: Cost = 0_45557467, Time = 15.64 sec. 
-Trial 171 0 45557467 17.780924
* 172: Cost = 0_45528756, Time = 15.65 sec. 
-Trial 172 0 45528756 17.786073
* 173: Cost = 0_45300091, Time = 15.67 sec. 
-Trial 173 0 45300091 17.807428
-Trial 174 0 45300091 17.826292
-Trial 175 0 45300091 17.834574
-Trial 176 0 45300091 17.845898
* 177: Cost = 0_45288708, Time = 16.24 sec. 
-Trial 177 0 45288708 18.374357
* 178: Cost = 0_45198341, Time = 16.29 sec. 
-Trial 178 0 45198341 18.425410
-Trial 179 0 45198341 18.609770
-Trial 180 0 45198341 18.658513
-Trial 181 0 45198341 18.660866
-Trial 182 0 45198341 18.669580
-Trial 183 0 45198341 18.682821
* 184: Cost = 0_45080896, Time = 16.55 sec. 
-Trial 184 0 45080896 18.688748
-Trial 185 0 45080896 18.697144
-Trial 186 0 45080896 18.736228
-Trial 187 0 45080896 18.747315
-Trial 188 0 45080896 18.760276
-Trial 189 0 45080896 18.790548
-Trial 190 0 45080896 18.803244
-Trial 191 0 45080896 18.898985
-Trial 192 0 45080896 18.928343
-Trial 193 0 45080896 18.985957
-Trial 194 0 45080896 19.031483
-Trial 195 0 45080896 19.057921
-Trial 196 0 45080896 19.066672
* 197: Cost = 0_45077968, Time = 16.94 sec. 
-Trial 197 0 45077968 19.076305
* 198: Cost = 0_45005447, Time = 16.95 sec. 
-Trial 198 0 45005447 19.082575
-Trial 199 0 45005447 19.208781
-Trial 200 0 45005447 19.387300
-Trial 201 0 45005447 19.429314
-Trial 202 0 45005447 19.448684
-Trial 203 0 45005447 19.512917
* 204: Cost = 0_44988289, Time = 17.39 sec. 
-Trial 204 0 44988289 19.524959
-Trial 205 0 44988289 19.539798
-Trial 206 0 44988289 19.578295
-Trial 207 0 44988289 19.701055
* 208: Cost = 0_44641134, Time = 17.61 sec. 
-Trial 208 0 44641134 19.748796
-Trial 209 0 44641134 19.809067
-Trial 210 0 44641134 19.820302
-Trial 211 0 44641134 19.855853
-Trial 212 0 44641134 19.884706
-Trial 213 0 44641134 19.893265
* 214: Cost = 0_44543350, Time = 17.79 sec. 
-Trial 214 0 44543350 19.924527
-Trial 215 0 44543350 19.929720
-Trial 216 0 44543350 19.935346
-Trial 217 0 44543350 19.961060
-Trial 218 0 44543350 19.970774
-Trial 219 0 44543350 19.979923
-Trial 220 0 44543350 20.001736
-Trial 221 0 44543350 20.030368
-Trial 222 0 44543350 20.038927
-Trial 223 0 44543350 20.064487
-Trial 224 0 44543350 20.097980
-Trial 225 0 44543350 20.117923
-Trial 226 0 44543350 20.190809
-Trial 227 0 44543350 20.215350
* 228: Cost = 0_44460732, Time = 18.12 sec. 
-Trial 228 0 44460732 20.260585
-Trial 229 0 44460732 20.282349
-Trial 230 0 44460732 20.287868
-Trial 231 0 44460732 20.299438
-Trial 232 0 44460732 20.342451
-Trial 233 0 44460732 20.351850
-Trial 234 0 44460732 20.366585
-Trial 235 0 44460732 20.397080
-Trial 236 0 44460732 20.441480
-Trial 237 0 44460732 20.460074
-Trial 238 0 44460732 20.477730
-Trial 239 0 44460732 20.525855
-Trial 240 0 44460732 20.544557
-Trial 241 0 44460732 20.659956
-Trial 242 0 44460732 20.724212
-Trial 243 0 44460732 20.737572
-Trial 244 0 44460732 20.779352
-Trial 245 0 44460732 20.787615
-Trial 246 0 44460732 20.815319
-Trial 247 0 44460732 20.849663
-Trial 248 0 44460732 20.868424
-Trial 249 0 44460732 20.876100
-Trial 250 0 44460732 20.883530
-Trial 251 0 44460732 20.896787
-Trial 252 0 44460732 20.932781
-Trial 253 0 44460732 20.947329
* 254: Cost = 0_44160540, Time = 18.93 sec. 
-Trial 254 0 44160540 21.070970
-Trial 255 0 44160540 21.083735
-Trial 256 0 44160540 21.093070
-Trial 257 0 44160540 21.095896
-Trial 258 0 44160540 21.106463
-Trial 259 0 44160540 21.109966
* 260: Cost = 0_44145744, Time = 18.98 sec. 
-Trial 260 0 44145744 21.121150
-Trial 261 0 44145744 21.133209
-Trial 262 0 44145744 21.159847
-Trial 263 0 44145744 21.173374
-Trial 264 0 44145744 21.175342
-Trial 265 0 44145744 21.183240
-Trial 266 0 44145744 21.266487
-Trial 267 0 44145744 21.268850
-Trial 268 0 44145744 21.272820
-Trial 269 0 44145744 21.375859
* 270: Cost = 0_44141278, Time = 19.46 sec. 
-Trial 270 0 44141278 21.595979
-Trial 271 0 44141278 21.636793
-Trial 272 0 44141278 21.665215
-Trial 273 0 44141278 21.682421
-Trial 274 0 44141278 21.695055
-Trial 275 0 44141278 21.695620
* 276: Cost = 0_44116705, Time = 19.56 sec. 
-Trial 276 0 44116705 21.701193
-Trial 277 0 44116705 21.722028
-Trial 278 0 44116705 21.732359
-Trial 279 0 44116705 21.741822
-Trial 280 0 44116705 21.770561
-Trial 281 0 44116705 21.780763
-Trial 282 0 44116705 21.802766
-Trial 283 0 44116705 21.824807
-Trial 284 0 44116705 21.862632
* 285: Cost = 0_44073583, Time = 19.74 sec. 
-Trial 285 0 44073583 21.876134
-Trial 286 0 44073583 21.882608
-Trial 287 0 44073583 21.891686
-Trial 288 0 44073583 21.909448
* 289: Cost = 0_44017479, Time = 19.78 sec. 
-Trial 289 0 44017479 21.918983
-Trial 290 0 44017479 21.923260
-Trial 291 0 44017479 21.940812
-Trial 292 0 44017479 21.957665
-Trial 293 0 44017479 21.969457
-Trial 294 0 44017479 21.973323
* 295: Cost = 0_43934164, Time = 19.92 sec. 
-Trial 295 0 43934164 22.060637
-Trial 296 0 43934164 22.086142
-Trial 297 0 43934164 22.421976
* 298: Cost = 0_43811337, Time = 20.30 sec. 
-Trial 298 0 43811337 22.432745
-Trial 299 0 43811337 22.467206
-Trial 300 0 43811337 22.525149
-Trial 301 0 43811337 22.552536
* 302: Cost = 0_43749542, Time = 20.44 sec. 
-Trial 302 0 43749542 22.577836
-Trial 303 0 43749542 22.601225
-Trial 304 0 43749542 22.625331
-Trial 305 0 43749542 22.646920
-Trial 306 0 43749542 22.664405
* 307: Cost = 0_43744289, Time = 20.59 sec. 
-Trial 307 0 43744289 22.728340
-Trial 308 0 43744289 22.745143
-Trial 309 0 43744289 22.785081
-Trial 310 0 43744289 22.815884
-Trial 311 0 43744289 22.827106
-Trial 312 0 43744289 22.829629
* 313: Cost = 0_43638731, Time = 20.70 sec. 
-Trial 313 0 43638731 22.839996
-Trial 314 0 43638731 22.840744
* 315: Cost = 0_43625636, Time = 20.71 sec. 
-Trial 315 0 43625636 22.852295
-Trial 316 0 43625636 22.862745
-Trial 317 0 43625636 23.004701
-Trial 318 0 43625636 23.021680
-Trial 319 0 43625636 23.035074
-Trial 320 0 43625636 23.105932
-Trial 321 0 43625636 23.188589
-Trial 322 0 43625636 23.221278
-Trial 323 0 43625636 23.234661
-Trial 324 0 43625636 23.252263
-Trial 325 0 43625636 23.291359
-Trial 326 0 43625636 23.327762
-Trial 327 0 43625636 23.339062
-Trial 328 0 43625636 23.375901
-Trial 329 0 43625636 23.410549
-Trial 330 0 43625636 23.416276
-Trial 331 0 43625636 23.431275
-Trial 332 0 43625636 23.493170
-Trial 333 0 43625636 23.496901
* 334: Cost = 0_43556659, Time = 21.51 sec. 
-Trial 334 0 43556659 23.651195
-Trial 335 0 43556659 23.704679
-Trial 336 0 43556659 23.723212
* 337: Cost = 0_43422062, Time = 21.60 sec. 
-Trial 337 0 43422062 23.734844
-Trial 338 0 43422062 23.746453
-Trial 339 0 43422062 23.753274
-Trial 340 0 43422062 23.822553
-Trial 341 0 43422062 23.860519
* 342: Cost = 0_43416801, Time = 21.73 sec. 
-Trial 342 0 43416801 23.869928
-Trial 343 0 43416801 23.884919
-Trial 344 0 43416801 23.958932
* 345: Cost = 0_43406775, Time = 21.84 sec. 
-Trial 345 0 43406775 23.975162
-Trial 346 0 43406775 24.055111
-Trial 347 0 43406775 24.079605
-Trial 348 0 43406775 24.098292
-Trial 349 0 43406775 24.112871
-Trial 350 0 43406775 24.196367
-Trial 351 0 43406775 24.207846
-Trial 352 0 43406775 24.223519
-Trial 353 0 43406775 24.282970
-Trial 354 0 43406775 24.288979
-Trial 355 0 43406775 24.303557
-Trial 356 0 43406775 24.317777
-Trial 357 0 43406775 24.540338
* 358: Cost = 0_43400116, Time = 22.41 sec. 
-Trial 358 0 43400116 24.546377
-Trial 359 0 43400116 24.596614
-Trial 360 0 43400116 24.606023
-Trial 361 0 43400116 24.611285
-Trial 362 0 43400116 24.642861
-Trial 363 0 43400116 24.682366
* 364: Cost = 0_43391916, Time = 22.55 sec. 
-Trial 364 0 43391916 24.689851
-Trial 365 0 43391916 24.692258
-Trial 366 0 43391916 24.742576
-Trial 367 0 43391916 24.759139
-Trial 368 0 43391916 24.786305
-Trial 369 0 43391916 24.791148
-Trial 370 0 43391916 24.807587
-Trial 371 0 43391916 24.837828
-Trial 372 0 43391916 24.845724
-Trial 373 0 43391916 24.850689
-Trial 374 0 43391916 24.862363
-Trial 375 0 43391916 24.871024
-Trial 376 0 43391916 24.911773
-Trial 377 0 43391916 24.932456
-Trial 378 0 43391916 24.953114
-Trial 379 0 43391916 24.977816
-Trial 380 0 43391916 25.054853
-Trial 381 0 43391916 25.096113
-Trial 382 0 43391916 25.128286
-Trial 383 0 43391916 25.188896
-Trial 384 0 43391916 25.197484
-Trial 385 0 43391916 25.483744
-Trial 386 0 43391916 25.489925
-Trial 387 0 43391916 25.491247
-Trial 388 0 43391916 25.502952
-Trial 389 0 43391916 25.634437
-Trial 390 0 43391916 25.640757
-Trial 391 0 43391916 25.641337
-Trial 392 0 43391916 25.686962
-Trial 393 0 43391916 25.687481
-Trial 394 0 43391916 25.698089
-Trial 395 0 43391916 25.720367
-Trial 396 0 43391916 25.828897
-Trial 397 0 43391916 25.836986
-Trial 398 0 43391916 25.851446
-Trial 399 0 43391916 25.883213
-Trial 400 0 43391916 25.937149
-Trial 401 0 43391916 25.982375
-Trial 402 0 43391916 26.022167
-Trial 403 0 43391916 26.050680
-Trial 404 0 43391916 26.155424
-Trial 405 0 43391916 26.254325
-Trial 406 0 43391916 26.336967
-Trial 407 0 43391916 26.358847
-Trial 408 0 43391916 26.412552
-Trial 409 0 43391916 26.437996
-Trial 410 0 43391916 26.467533
-Trial 411 0 43391916 26.473922
-Trial 412 0 43391916 26.492410
* 413: Cost = 0_43358394, Time = 24.37 sec. 
-Trial 413 0 43358394 26.511263
-Trial 414 0 43358394 26.528722
-Trial 415 0 43358394 26.558627
* 416: Cost = 0_43325969, Time = 24.45 sec. 
-Trial 416 0 43325969 26.592131
-Trial 417 0 43325969 26.626506
-Trial 418 0 43325969 26.631886
-Trial 419 0 43325969 26.741231
-Trial 420 0 43325969 26.778272
-Trial 421 0 43325969 26.788784
-Trial 422 0 43325969 26.849596
-Trial 423 0 43325969 26.873160
-Trial 424 0 43325969 26.902146
-Trial 425 0 43325969 26.976338
-Trial 426 0 43325969 26.977001
-Trial 427 0 43325969 27.055553
-Trial 428 0 43325969 27.066223
-Trial 429 0 43325969 27.117431
-Trial 430 0 43325969 27.126337
-Trial 431 0 43325969 27.167951
-Trial 432 0 43325969 27.234243
-Trial 433 0 43325969 27.242959
-Trial 434 0 43325969 27.247568
-Trial 435 0 43325969 27.303987
-Trial 436 0 43325969 27.325117
-Trial 437 0 43325969 27.340135
-Trial 438 0 43325969 27.348612
-Trial 439 0 43325969 27.353988
-Trial 440 0 43325969 27.355367
-Trial 441 0 43325969 27.363241
-Trial 442 0 43325969 27.375398
-Trial 443 0 43325969 27.391534
-Trial 444 0 43325969 27.502985
-Trial 445 0 43325969 27.528830
-Trial 446 0 43325969 27.531601
-Trial 447 0 43325969 27.543221
* 448: Cost = 0_43126384, Time = 25.43 sec. 
-Trial 448 0 43126384 27.566074
-Trial 449 0 43126384 27.662730
* 450: Cost = 0_43105432, Time = 25.54 sec. 
-Trial 450 0 43105432 27.678214
-Trial 451 0 43105432 27.747329
-Trial 452 0 43105432 27.759813
-Trial 453 0 43105432 27.782812
-Trial 454 0 43105432 27.804372
-Trial 455 0 43105432 27.855860
-Trial 456 0 43105432 27.960481
-Trial 457 0 43105432 27.982980
-Trial 458 0 43105432 28.060182
-Trial 459 0 43105432 28.089032
-Trial 460 0 43105432 28.101132
-Trial 461 0 43105432 28.178844
-Trial 462 0 43105432 28.280702
-Trial 463 0 43105432 28.304731
-Trial 464 0 43105432 28.320909
-Trial 465 0 43105432 28.335157
-Trial 466 0 43105432 28.349205
-Trial 467 0 43105432 28.356128
-Trial 468 0 43105432 28.359449
-Trial 469 0 43105432 28.389230
-Trial 470 0 43105432 28.463407
-Trial 471 0 43105432 28.489501
-Trial 472 0 43105432 28.587648
-Trial 473 0 43105432 28.607932
-Trial 474 0 43105432 28.647982
-Trial 475 0 43105432 28.655972
* 476: Cost = 0_43101830, Time = 26.53 sec. 
-Trial 476 0 43101830 28.668393
-Trial 477 0 43101830 28.706696
-Trial 478 0 43101830 28.764134
-Trial 479 0 43101830 28.781297
-Trial 480 0 43101830 28.798666
* 481: Cost = 0_43069338, Time = 26.71 sec. 
-Trial 481 0 43069338 28.850083
-Trial 482 0 43069338 28.944930
-Trial 483 0 43069338 29.003114
-Trial 484 0 43069338 29.163552
-Trial 485 0 43069338 29.196613
-Trial 486 0 43069338 29.219926
-Trial 487 0 43069338 29.232624
* 488: Cost = 0_42800397, Time = 27.17 sec. 
-Trial 488 0 42800397 29.305412
-Trial 489 0 42800397 29.359008
-Trial 490 0 42800397 29.397952
-Trial 491 0 42800397 29.408838
-Trial 492 0 42800397 29.436424
-Trial 493 0 42800397 29.481882
-Trial 494 0 42800397 29.492392
-Trial 495 0 42800397 29.600342
-Trial 496 0 42800397 29.656725
-Trial 497 0 42800397 29.687680
-Trial 498 0 42800397 29.755449
-Trial 499 0 42800397 29.795823
-Trial 500 0 42800397 29.826533
-Trial 501 0 42800397 29.838665
-Trial 502 0 42800397 29.876415
-Trial 503 0 42800397 29.951964
* 504: Cost = 0_42760421, Time = 27.96 sec. 
-Trial 504 0 42760421 30.100921
-Trial 505 0 42760421 30.219779
-Trial 506 0 42760421 30.229637
-Trial 507 0 42760421 30.238819
* 508: Cost = 0_42759226, Time = 28.13 sec. 
-Trial 508 0 42759226 30.263271
-Trial 509 0 42759226 30.266237
-Trial 510 0 42759226 30.307985
* 511: Cost = 0_42754717, Time = 28.21 sec. 
-Trial 511 0 42754717 30.352401
-Trial 512 0 42754717 30.379917
-Trial 513 0 42754717 30.394535
-Trial 514 0 42754717 30.433810
-Trial 515 0 42754717 30.564194
-Trial 516 0 42754717 30.579462
-Trial 517 0 42754717 30.605124
-Trial 518 0 42754717 30.646730
-Trial 519 0 42754717 30.655778
-Trial 520 0 42754717 30.677674
-Trial 521 0 42754717 30.688286
-Trial 522 0 42754717 30.705122
-Trial 523 0 42754717 30.722523
* 524: Cost = 0_42680094, Time = 28.60 sec. 
-Trial 524 0 42680094 30.733948
-Trial 525 0 42680094 30.736139
-Trial 526 0 42680094 30.747841
-Trial 527 0 42680094 30.778868
-Trial 528 0 42680094 30.790412
* 529: Cost = 0_42603058, Time = 28.68 sec. 
-Trial 529 0 42603058 30.818373
-Trial 530 0 42603058 30.868942
-Trial 531 0 42603058 30.963289
-Trial 532 0 42603058 31.003166
-Trial 533 0 42603058 31.054469
-Trial 534 0 42603058 31.123281
-Trial 535 0 42603058 31.146763
* 536: Cost = 0_42583414, Time = 29.02 sec. 
-Trial 536 0 42583414 31.156818
-Trial 537 0 42583414 31.282808
-Trial 538 0 42583414 31.294120
-Trial 539 0 42583414 31.303072
-Trial 540 0 42583414 31.327055
-Trial 541 0 42583414 31.337770
-Trial 542 0 42583414 31.340698
-Trial 543 0 42583414 31.346644
-Trial 544 0 42583414 31.375833
-Trial 545 0 42583414 31.389653
-Trial 546 0 42583414 31.450000
-Trial 547 0 42583414 31.492140
-Trial 548 0 42583414 31.532865
-Trial 549 0 42583414 31.540584
-Trial 550 0 42583414 31.561132
-Trial 551 0 42583414 31.569596
-Trial 552 0 42583414 31.580561
-Trial 553 0 42583414 31.611142
-Trial 554 0 42583414 31.618165
-Trial 555 0 42583414 32.027437
* 556: Cost = 0_42571328, Time = 29.92 sec. 
-Trial 556 0 42571328 32.054932
* 557: Cost = 0_42539756, Time = 29.92 sec. 
-Trial 557 0 42539756 32.062334
-Trial 558 0 42539756 32.076758
-Trial 559 0 42539756 32.082920
-Trial 560 0 42539756 32.108787
* 561: Cost = 0_42503341, Time = 29.99 sec. 
-Trial 561 0 42503341 32.126570
* 562: Cost = 0_42492548, Time = 29.99 sec. 
-Trial 562 0 42492548 32.130736
-Trial 563 0 42492548 32.162708
-Trial 564 0 42492548 32.168016
-Trial 565 0 42492548 32.177637
-Trial 566 0 42492548 32.205544
-Trial 567 0 42492548 32.212986
-Trial 568 0 42492548 32.257712
-Trial 569 0 42492548 32.277676
-Trial 570 0 42492548 32.284112
-Trial 571 0 42492548 32.285603
-Trial 572 0 42492548 32.293101
-Trial 573 0 42492548 32.299440
-Trial 574 0 42492548 32.345311
-Trial 575 0 42492548 32.349882
-Trial 576 0 42492548 32.353656
-Trial 577 0 42492548 32.371280
-Trial 578 0 42492548 32.382135
-Trial 579 0 42492548 32.382632
-Trial 580 0 42492548 32.415311
-Trial 581 0 42492548 32.417807
-Trial 582 0 42492548 32.424999
-Trial 583 0 42492548 32.432714
-Trial 584 0 42492548 32.434506
-Trial 585 0 42492548 32.453020
* 586: Cost = 0_42484701, Time = 30.38 sec. 
-Trial 586 0 42484701 32.514911
-Trial 587 0 42484701 32.635101
-Trial 588 0 42484701 32.644373
-Trial 589 0 42484701 32.654041
-Trial 590 0 42484701 32.669964
-Trial 591 0 42484701 32.756504
-Trial 592 0 42484701 32.804879
-Trial 593 0 42484701 32.879976
-Trial 594 0 42484701 32.884282
-Trial 595 0 42484701 32.889644
-Trial 596 0 42484701 32.918707
-Trial 597 0 42484701 32.927984
-Trial 598 0 42484701 32.941517
-Trial 599 0 42484701 32.953899
-Trial 600 0 42484701 32.961290
-Trial 601 0 42484701 32.983134
-Trial 602 0 42484701 33.015279
-Trial 603 0 42484701 33.055326
-Trial 604 0 42484701 33.056823
-Trial 605 0 42484701 33.083106
-Trial 606 0 42484701 33.083784
-Trial 607 0 42484701 33.096078
-Trial 608 0 42484701 33.113094
-Trial 609 0 42484701 33.138229
* 610: Cost = 0_42482433, Time = 31.03 sec. 
-Trial 610 0 42482433 33.166736
-Trial 611 0 42482433 33.257451
-Trial 612 0 42482433 33.306983
-Trial 613 0 42482433 33.317420
-Trial 614 0 42482433 33.318402
-Trial 615 0 42482433 33.923779
-Trial 616 0 42482433 33.994826
-Trial 617 0 42482433 34.010855
-Trial 618 0 42482433 34.029337
-Trial 619 0 42482433 34.046652
-Trial 620 0 42482433 34.055013
-Trial 621 0 42482433 34.064472
-Trial 622 0 42482433 34.129409
-Trial 623 0 42482433 34.139015
-Trial 624 0 42482433 34.189309
-Trial 625 0 42482433 34.198351
-Trial 626 0 42482433 34.227078
-Trial 627 0 42482433 34.344242
-Trial 628 0 42482433 34.357738
-Trial 629 0 42482433 34.359571
-Trial 630 0 42482433 34.467522
-Trial 631 0 42482433 34.500969
* 632: Cost = 0_42467843, Time = 32.38 sec. 
-Trial 632 0 42467843 34.514256
-Trial 633 0 42467843 34.519976
-Trial 634 0 42467843 34.546998
-Trial 635 0 42467843 34.559614
-Trial 636 0 42467843 34.572530
-Trial 637 0 42467843 34.639731
-Trial 638 0 42467843 34.663442
-Trial 639 0 42467843 34.685991
-Trial 640 0 42467843 34.696897
-Trial 641 0 42467843 34.808094
-Trial 642 0 42467843 34.830196
-Trial 643 0 42467843 34.835832
-Trial 644 0 42467843 34.870337
-Trial 645 0 42467843 34.895037
-Trial 646 0 42467843 34.898854
-Trial 647 0 42467843 35.007247
-Trial 648 0 42467843 35.128594
-Trial 649 0 42467843 35.131571
-Trial 650 0 42467843 35.142335
* 651: Cost = 0_42401701, Time = 33.03 sec. 
-Trial 651 0 42401701 35.169873
-Trial 652 0 42401701 35.186836
-Trial 653 0 42401701 35.189549
-Trial 654 0 42401701 35.226448
-Trial 655 0 42401701 35.237913
-Trial 656 0 42401701 35.241789
-Trial 657 0 42401701 35.283075
-Trial 658 0 42401701 35.308928
-Trial 659 0 42401701 35.330176
-Trial 660 0 42401701 35.439618
-Trial 661 0 42401701 35.506964
-Trial 662 0 42401701 35.523857
-Trial 663 0 42401701 35.554541
-Trial 664 0 42401701 35.567791
-Trial 665 0 42401701 35.588827
-Trial 666 0 42401701 35.717778
-Trial 667 0 42401701 35.725343
-Trial 668 0 42401701 35.735236
-Trial 669 0 42401701 35.818417
-Trial 670 0 42401701 35.843136
-Trial 671 0 42401701 35.851587
-Trial 672 0 42401701 35.871754
-Trial 673 0 42401701 35.900815
-Trial 674 0 42401701 35.939263
-Trial 675 0 42401701 35.957989
-Trial 676 0 42401701 36.018493
* 677: Cost = 0_42399464, Time = 33.94 sec. 
-Trial 677 0 42399464 36.075699
-Trial 678 0 42399464 36.079477
-Trial 679 0 42399464 36.080589
-Trial 680 0 42399464 36.097004
-Trial 681 0 42399464 36.137114
-Trial 682 0 42399464 36.194547
-Trial 683 0 42399464 36.195115
-Trial 684 0 42399464 36.205679
-Trial 685 0 42399464 36.232155
-Trial 686 0 42399464 36.244132
-Trial 687 0 42399464 36.268258
-Trial 688 0 42399464 36.281454
-Trial 689 0 42399464 36.285313
-Trial 690 0 42399464 36.303151
-Trial 691 0 42399464 36.306922
-Trial 692 0 42399464 36.307505
-Trial 693 0 42399464 36.451268
-Trial 694 0 42399464 36.463627
-Trial 695 0 42399464 36.465869
-Trial 696 0 42399464 36.506953
-Trial 697 0 42399464 36.516399
-Trial 698 0 42399464 36.540588
-Trial 699 0 42399464 36.639764
-Trial 700 0 42399464 36.758044
-Trial 701 0 42399464 36.874448
-Trial 702 0 42399464 36.880089
-Trial 703 0 42399464 36.885657
-Trial 704 0 42399464 36.898048
-Trial 705 0 42399464 36.900783
-Trial 706 0 42399464 36.937121
-Trial 707 0 42399464 36.956415
-Trial 708 0 42399464 36.979158
-Trial 709 0 42399464 36.985434
-Trial 710 0 42399464 37.005944
-Trial 711 0 42399464 37.024228
-Trial 712 0 42399464 37.031020
-Trial 713 0 42399464 37.062629
-Trial 714 0 42399464 37.067703
-Trial 715 0 42399464 37.089910
-Trial 716 0 42399464 37.097562
-Trial 717 0 42399464 37.174159
-Trial 718 0 42399464 37.179497
-Trial 719 0 42399464 37.193327
* 720: Cost = 0_42381155, Time = 35.08 sec. 
-Trial 720 0 42381155 37.214686
-Trial 721 0 42381155 37.287859
-Trial 722 0 42381155 37.311272
-Trial 723 0 42381155 37.333363
-Trial 724 0 42381155 37.341679
-Trial 725 0 42381155 37.363961
-Trial 726 0 42381155 37.432320
-Trial 727 0 42381155 37.463044
-Trial 728 0 42381155 37.470025
-Trial 729 0 42381155 37.494424
-Trial 730 0 42381155 37.505844
-Trial 731 0 42381155 37.550473
-Trial 732 0 42381155 37.577010
-Trial 733 0 42381155 37.587821
-Trial 734 0 42381155 37.698929
-Trial 735 0 42381155 37.722706
-Trial 736 0 42381155 37.758490
-Trial 737 0 42381155 37.777923
-Trial 738 0 42381155 37.787297
-Trial 739 0 42381155 37.832739
-Trial 740 0 42381155 37.849779
-Trial 741 0 42381155 37.906584
-Trial 742 0 42381155 37.919577
-Trial 743 0 42381155 37.968155
-Trial 744 0 42381155 37.968697
-Trial 745 0 42381155 37.993096
-Trial 746 0 42381155 38.069743
-Trial 747 0 42381155 38.080999
-Trial 748 0 42381155 38.082973
-Trial 749 0 42381155 38.100719
-Trial 750 0 42381155 38.145114
-Trial 751 0 42381155 38.183410
-Trial 752 0 42381155 38.194367
-Trial 753 0 42381155 38.224445
-Trial 754 0 42381155 38.231485
-Trial 755 0 42381155 38.239561
-Trial 756 0 42381155 38.249230
-Trial 757 0 42381155 38.268111
-Trial 758 0 42381155 38.272732
-Trial 759 0 42381155 38.291466
-Trial 760 0 42381155 38.311147
-Trial 761 0 42381155 38.327114
* 762: Cost = 0_42354356, Time = 36.22 sec. 
-Trial 762 0 42354356 38.353936
* 763: Cost = 0_42268639, Time = 36.23 sec. 
-Trial 763 0 42268639 38.367265
-Trial 764 0 42268639 38.372704
-Trial 765 0 42268639 38.438404
-Trial 766 0 42268639 38.571754
-Trial 767 0 42268639 38.586000
-Trial 768 0 42268639 38.593351
-Trial 769 0 42268639 38.624070
-Trial 770 0 42268639 38.665558
-Trial 771 0 42268639 38.694524
-Trial 772 0 42268639 38.713889
-Trial 773 0 42268639 38.733062
-Trial 774 0 42268639 38.741188
-Trial 775 0 42268639 38.743840
-Trial 776 0 42268639 38.753713
-Trial 777 0 42268639 38.763383
-Trial 778 0 42268639 38.769483
-Trial 779 0 42268639 38.779520
-Trial 780 0 42268639 38.867810
-Trial 781 0 42268639 38.876570
-Trial 782 0 42268639 38.931376
-Trial 783 0 42268639 38.986095
-Trial 784 0 42268639 39.256136
-Trial 785 0 42268639 39.302233
-Trial 786 0 42268639 39.302675
-Trial 787 0 42268639 39.368896
-Trial 788 0 42268639 39.449497
-Trial 789 0 42268639 39.451976
-Trial 790 0 42268639 39.474155
-Trial 791 0 42268639 39.505912
-Trial 792 0 42268639 39.511105
-Trial 793 0 42268639 39.515144
-Trial 794 0 42268639 39.539276
-Trial 795 0 42268639 39.547203
-Trial 796 0 42268639 39.566089
-Trial 797 0 42268639 39.588707
-Trial 798 0 42268639 39.598603
-Trial 799 0 42268639 39.601605
-Trial 800 0 42268639 39.610491
-Trial 801 0 42268639 39.611442
-Trial 802 0 42268639 39.646607
-Trial 803 0 42268639 39.657206
-Trial 804 0 42268639 39.671672
-Trial 805 0 42268639 39.768510
-Trial 806 0 42268639 39.803911
-Trial 807 0 42268639 39.808293
-Trial 808 0 42268639 39.836965
-Trial 809 0 42268639 39.841040
-Trial 810 0 42268639 39.857395
-Trial 811 0 42268639 39.889210
-Trial 812 0 42268639 39.921330
-Trial 813 0 42268639 40.012766
-Trial 814 0 42268639 40.028029
-Trial 815 0 42268639 40.077800
-Trial 816 0 42268639 40.119321
-Trial 817 0 42268639 40.178739
-Trial 818 0 42268639 40.188763
-Trial 819 0 42268639 40.202525
-Trial 820 0 42268639 40.252277
-Trial 821 0 42268639 40.269972
-Trial 822 0 42268639 40.288615
-Trial 823 0 42268639 40.334118
-Trial 824 0 42268639 40.365197
-Trial 825 0 42268639 40.382706
* 826: Cost = 0_42258470, Time = 38.26 sec. 
-Trial 826 0 42258470 40.398309
-Trial 827 0 42258470 40.399802
-Trial 828 0 42258470 40.418098
-Trial 829 0 42258470 40.420844
-Trial 830 0 42258470 40.463807
-Trial 831 0 42258470 40.466012
-Trial 832 0 42258470 40.473995
-Trial 833 0 42258470 40.496618
-Trial 834 0 42258470 40.519280
-Trial 835 0 42258470 40.529109
-Trial 836 0 42258470 40.542416
-Trial 837 0 42258470 40.565289
-Trial 838 0 42258470 40.587024
* 839: Cost = 0_42248843, Time = 38.48 sec. 
-Trial 839 0 42248843 40.622404
-Trial 840 0 42248843 40.672450
-Trial 841 0 42248843 40.720983
-Trial 842 0 42248843 40.762700
-Trial 843 0 42248843 40.898812
-Trial 844 0 42248843 40.916645
-Trial 845 0 42248843 40.936097
-Trial 846 0 42248843 40.936627
-Trial 847 0 42248843 40.962248
-Trial 848 0 42248843 40.978083
-Trial 849 0 42248843 40.991317
-Trial 850 0 42248843 41.036129
-Trial 851 0 42248843 41.064021
-Trial 852 0 42248843 41.070255
-Trial 853 0 42248843 41.080522
-Trial 854 0 42248843 41.118384
-Trial 855 0 42248843 41.133910
-Trial 856 0 42248843 41.194822
-Trial 857 0 42248843 41.196263
-Trial 858 0 42248843 41.211467
-Trial 859 0 42248843 41.258043
-Trial 860 0 42248843 41.262115
-Trial 861 0 42248843 41.321904
-Trial 862 0 42248843 41.347089
-Trial 863 0 42248843 41.370498
-Trial 864 0 42248843 41.387174
-Trial 865 0 42248843 41.468834
-Trial 866 0 42248843 41.478292
-Trial 867 0 42248843 41.504114
-Trial 868 0 42248843 41.506561
-Trial 869 0 42248843 41.522524
-Trial 870 0 42248843 41.545229
-Trial 871 0 42248843 41.570567
-Trial 872 0 42248843 41.626948
-Trial 873 0 42248843 41.644019
-Trial 874 0 42248843 41.694300
-Trial 875 0 42248843 41.708259
-Trial 876 0 42248843 41.727061
-Trial 877 0 42248843 41.757974
-Trial 878 0 42248843 41.826240
-Trial 879 0 42248843 41.885499
-Trial 880 0 42248843 41.891698
-Trial 881 0 42248843 41.977855
-Trial 882 0 42248843 41.987596
-Trial 883 0 42248843 42.004051
-Trial 884 0 42248843 42.042334
-Trial 885 0 42248843 42.146700
-Trial 886 0 42248843 42.168397
-Trial 887 0 42248843 42.203141
-Trial 888 0 42248843 42.244468
-Trial 889 0 42248843 42.245112
-Trial 890 0 42248843 42.296551
-Trial 891 0 42248843 42.323722
-Trial 892 0 42248843 42.391494
-Trial 893 0 42248843 42.412373
-Trial 894 0 42248843 42.425768
-Trial 895 0 42248843 42.429214
-Trial 896 0 42248843 42.431007
-Trial 897 0 42248843 42.671121
-Trial 898 0 42248843 42.675386
-Trial 899 0 42248843 42.701383
-Trial 900 0 42248843 42.706403
-Trial 901 0 42248843 42.739581
-Trial 902 0 42248843 42.821341
-Trial 903 0 42248843 42.832666
-Trial 904 0 42248843 42.839724
-Trial 905 0 42248843 42.979731
-Trial 906 0 42248843 42.982373
-Trial 907 0 42248843 42.994847
-Trial 908 0 42248843 43.010606
-Trial 909 0 42248843 43.032994
-Trial 910 0 42248843 43.085390
-Trial 911 0 42248843 43.106843
-Trial 912 0 42248843 43.131560
-Trial 913 0 42248843 43.133678
-Trial 914 0 42248843 43.181481
-Trial 915 0 42248843 43.187154
-Trial 916 0 42248843 43.195554
-Trial 917 0 42248843 43.197445
-Trial 918 0 42248843 43.250177
-Trial 919 0 42248843 43.254722
* 920: Cost = 0_42235193, Time = 41.13 sec. 
-Trial 920 0 42235193 43.266828
-Trial 921 0 42235193 43.269992
-Trial 922 0 42235193 43.271126
-Trial 923 0 42235193 43.301577
-Trial 924 0 42235193 43.349608
-Trial 925 0 42235193 43.360735
-Trial 926 0 42235193 43.389651
-Trial 927 0 42235193 43.392403
-Trial 928 0 42235193 43.420653
-Trial 929 0 42235193 43.431026
-Trial 930 0 42235193 43.467994
-Trial 931 0 42235193 43.483957
-Trial 932 0 42235193 43.541295
-Trial 933 0 42235193 43.551841
-Trial 934 0 42235193 43.626974
-Trial 935 0 42235193 43.642747
-Trial 936 0 42235193 43.646892
-Trial 937 0 42235193 43.684448
-Trial 938 0 42235193 43.687769
-Trial 939 0 42235193 43.774358
-Trial 940 0 42235193 43.808812
-Trial 941 0 42235193 43.822712
-Trial 942 0 42235193 43.835136
-Trial 943 0 42235193 43.956280
-Trial 944 0 42235193 43.962715
-Trial 945 0 42235193 44.008563
-Trial 946 0 42235193 44.063338
-Trial 947 0 42235193 44.089287
-Trial 948 0 42235193 44.116640
-Trial 949 0 42235193 44.127644
-Trial 950 0 42235193 44.139920
-Trial 951 0 42235193 44.159056
-Trial 952 0 42235193 44.178316
-Trial 953 0 42235193 44.206418
-Trial 954 0 42235193 44.257974
-Trial 955 0 42235193 44.260215
-Trial 956 0 42235193 44.296304
-Trial 957 0 42235193 44.298888
-Trial 958 0 42235193 44.320775
-Trial 959 0 42235193 44.333903
-Trial 960 0 42235193 44.344446
-Trial 961 0 42235193 44.350738
-Trial 962 0 42235193 44.354137
-Trial 963 0 42235193 44.385500
-Trial 964 0 42235193 44.389709
-Trial 965 0 42235193 44.418890
-Trial 966 0 42235193 44.505786
-Trial 967 0 42235193 44.538994
-Trial 968 0 42235193 44.547603
-Trial 969 0 42235193 44.614182
-Trial 970 0 42235193 44.615806
-Trial 971 0 42235193 44.648321
-Trial 972 0 42235193 44.657907
-Trial 973 0 42235193 44.747367
-Trial 974 0 42235193 44.756225
-Trial 975 0 42235193 44.767405
-Trial 976 0 42235193 44.774032
-Trial 977 0 42235193 44.780265
-Trial 978 0 42235193 44.782282
-Trial 979 0 42235193 44.828910
-Trial 980 0 42235193 44.832205
-Trial 981 0 42235193 44.844716
-Trial 982 0 42235193 44.860243
-Trial 983 0 42235193 44.868540
-Trial 984 0 42235193 44.910663
-Trial 985 0 42235193 44.918172
-Trial 986 0 42235193 44.930269
-Trial 987 0 42235193 44.932869
-Trial 988 0 42235193 44.938547
-Trial 989 0 42235193 44.940623
-Trial 990 0 42235193 44.968817
-Trial 991 0 42235193 44.996705
-Trial 992 0 42235193 45.008933
-Trial 993 0 42235193 45.014684
-Trial 994 0 42235193 45.021215
-Trial 995 0 42235193 45.029532
-Trial 996 0 42235193 45.032362
-Trial 997 0 42235193 45.077652
-Trial 998 0 42235193 45.086049
-Trial 999 0 42235193 45.094565
-Trial 1000 0 42235193 45.175760
Population:
  1: 0_42235193
Run 1: Cost = 0_42235193, Time = 43.04 sec. 

Successes/Runs = 0/1 
Cost.min = 42235193, Cost.avg = 42235193.00, Cost.max = 42235193
Gap.min = 0.0000%, Gap.avg = 0.0000%, Gap.max = 0.0000%
Penalty.min = 0, Penalty.avg = 0.00, Penalty.max = 0
Trials.min = 1000, Trials.avg = 1000.0, Trials.max = 1000
Time.min = 43.04 sec., Time.avg = 43.04 sec., Time.max = 43.04 sec.
Time.total = 45.18 sec.
  Size.min = 13, Size.max = 39, Penalty = 0
  Cost.min = 1009753, Cost.max = 3849200, Cost.sum = 42235193
Best CVRPTW solution:
  Cost = 0_42235193
228 1 498 85 366 43 237 321 269 414 292 206 200 411 461 364 94 97 250 431 470 479 19 120 518 274 84 465 102 402 59 126 164 334 336 265 360 231 517 270 227 229 156 73 29 91 170 401 448 398 351 317 332 230 20 267 122 259 430 152 63 513 347 107 263 245 297 159 485 499 320 361 174 162 172 190 161 495 505 409 337 79 497 370 419 247 45 185 475 346 276 290 224 83 510 349 157 80 310 216 283 393 244 454 257 384 345 204 238 327 463 396 469 18 377 304 459 456 316 226 137 338 256 146 17 520 445 136 234 303 476 67 130 407 434 203 464 493 372 74 322 119 286 362 268 273 57 511 390 363 75 375 87 408 251 58 391 254 420 451 41 110 175 26 261 197 246 309 425 141 208 10 444 467 213 335 281 24 514 31 217 71 121 381 330 70 193 435 124 183 235 278 373 38 232 452 21 194 299 295 344 500 138 9 382 173 129 201 474 340 76 149 258 506 296 282 225 151 264 55 46 123 385 113 441 249 144 114 112 211 325 331 56 404 8 262 177 356 433 450 471 242 355 509 483 305 212 486 90 60 352 447 236 458 28 61 48 415 421 354 240 106 301 380 342 508 104 192 54 472 353 288 443 16 333 277 30 368 78 308 133 287 93 65 306 314 105 468 318 47 131 365 248 376 403 272 512 187 88 291 163 209 148 139 13 98 279 446 426 438 199 127 489 100 271 5 501 343 158 374 111 416 504 490 153 40 142 50 260 116 439 492 42 417 39 387 214 2 239 233 179 219 147 171 397 418 178 302 516 252 427 477 473 348 44 205 81 150 103 223 300 32 53 280 7 326 502 72 307 210 37 135 453 285 195 169 424 315 491 166 101 367 350 215 125 460 293 243 423 167 389 507 115 422 412 410 339 437 313 14 117 457 253 324 15 449 484 487 23 436 92 494 134 132 77 181 143 241 394 25 481 160 358 35 202 478 413 432 319 96 155 503 329 395 145 429 33 406 284 207 383 66 68 108 428 191 36 27 3 222 466 462 480 392 371 176 128 62 312 399 388 519 378 311 442 188 12 220 289 109 496 400 95 52 369 255 11 154 182 99 64 184 379 6 69 323 4 86 328 189 359 165 386 196 298 186 180 22 51 34 218 515 482 198 140 455 294 341 357 440 405 266 221 89 488 82 118 168 275 49 228 
