PARAMETER_FILE = result/cvrptw_500/LKH_para/633.para
Reading PROBLEM_FILE: "result/cvrptw_500/cvrptw/633.cvrptw" ... done
ASCENT_CANDIDATES = 50
BACKBONE_TRIALS = 0
BACKTRACKING = NO
# BWTSP =
# CANDIDATE_FILE =
CANDIDATE_SET_TYPE = ALPHA
DEPOT = 1
# EDGE_FILE =
EXCESS = 0.0384615
EXTERNAL_SALESMEN = 0
EXTRA_CANDIDATES = 0 
EXTRA_CANDIDATE_SET_TYPE = QUADRANT
GAIN23 = NO
GAIN_CRITERION = YES
INITIAL_PERIOD = 520
INITIAL_STEP_SIZE = 1
INITIAL_TOUR_ALGORITHM = WALK
# INITIAL_TOUR_FILE = 
INITIAL_TOUR_FRACTION = 1.000
# INPUT_TOUR_FILE = 
KICK_TYPE = 4
KICKS = 1
# MAX_BREADTH =
MAKESPAN = NO
MAX_CANDIDATES = 5 
MAX_SWAPS = 0
MAX_TRIALS = 1000
# MERGE_TOUR_FILE =
MOVE_TYPE = 5 SPECIAL
MTSP_MIN_SIZE = 1
MTSP_MAX_SIZE = 1039
# MTSP_SOLUTION_FILE = 
# NONSEQUENTIAL_MOVE_TYPE = 5
# OPTIMUM =
# OUTPUT_TOUR_FILE = 
PATCHING_A = 1 
PATCHING_C = 0 
# PI_FILE = 
POPMUSIC_INITIAL_TOUR = NO
POPMUSIC_MAX_NEIGHBORS = 5
POPMUSIC_SAMPLE_SIZE = 10
POPMUSIC_SOLUTIONS = 50
POPMUSIC_TRIALS = 1
POPULATION_SIZE = 10
PRECISION = 100
PROBLEM_FILE = result/cvrptw_500/cvrptw/633.cvrptw
RECOMBINATION = IPT
RESTRICTED_SEARCH = YES
RUNS = 1
SALESMEN = 20
SCALE = 1
SEED = 1234
# SINTEF_SOLUTION_FILE = 
STOP_AT_OPTIMUM = YES
SUBGRADIENT = YES
# SUBPROBLEM_SIZE =
# SUBPROBLEM_TOUR_FILE = 
SUBSEQUENT_MOVE_TYPE = 5 SPECIAL
SUBSEQUENT_PATCHING = YES
# TIME_LIMIT =
# TOUR_FILE = 
TRACE_LEVEL = 1
VEHICLES = 20

Lower bound = 27793429.4, Ascent time = 2.27 sec.
Cand.min = 5, Cand.avg = 5.0, Cand.max = 5
Edges.fixed = 520 [Cost = 0]
Preprocessing time = 2.36 sec.
* 1: Cost = 857911_55374446, Time = 4.06 sec. 
-Trial 1 857911 55374446 6.420518
* 2: Cost = 857911_54633300, Time = 4.39 sec. 
-Trial 2 857911 54633300 6.755821
* 3: Cost = 857911_54438174, Time = 4.99 sec. 
-Trial 3 857911 54438174 7.352198
* 4: Cost = 4151_54469419, Time = 5.08 sec. 
-Trial 4 4151 54469419 7.436866
-Trial 5 4151 54469419 7.509771
* 6: Cost = 0_54199614, Time = 5.43 sec. 
-Trial 6 0 54199614 7.792814
* 7: Cost = 0_54022255, Time = 5.44 sec. 
-Trial 7 0 54022255 7.800449
-Trial 8 0 54022255 7.822343
* 9: Cost = 0_53690213, Time = 5.47 sec. 
-Trial 9 0 53690213 7.833441
-Trial 10 0 53690213 7.847488
* 11: Cost = 0_53315837, Time = 5.54 sec. 
-Trial 11 0 53315837 7.902148
-Trial 12 0 53315837 7.924878
* 13: Cost = 0_53005869, Time = 5.57 sec. 
-Trial 13 0 53005869 7.935199
-Trial 14 0 53005869 7.971428
* 15: Cost = 0_52384389, Time = 5.68 sec. 
-Trial 15 0 52384389 8.036409
-Trial 16 0 52384389 8.066285
* 17: Cost = 0_51401032, Time = 5.81 sec. 
-Trial 17 0 51401032 8.174944
* 18: Cost = 0_50763064, Time = 5.82 sec. 
-Trial 18 0 50763064 8.184341
* 19: Cost = 0_50634370, Time = 5.87 sec. 
-Trial 19 0 50634370 8.227489
* 20: Cost = 0_49918066, Time = 5.99 sec. 
-Trial 20 0 49918066 8.353282
-Trial 21 0 49918066 8.360624
* 22: Cost = 0_49828083, Time = 6.04 sec. 
-Trial 22 0 49828083 8.401905
-Trial 23 0 49828083 8.436315
-Trial 24 0 49828083 8.498347
-Trial 25 0 49828083 8.677142
-Trial 26 0 49828083 8.757877
* 27: Cost = 0_49762487, Time = 6.57 sec. 
-Trial 27 0 49762487 8.933274
-Trial 28 0 49762487 8.941812
-Trial 29 0 49762487 8.968319
* 30: Cost = 0_49695665, Time = 6.65 sec. 
-Trial 30 0 49695665 9.014337
* 31: Cost = 0_49631164, Time = 6.66 sec. 
-Trial 31 0 49631164 9.024161
-Trial 32 0 49631164 9.025774
* 33: Cost = 0_49504740, Time = 6.72 sec. 
-Trial 33 0 49504740 9.079295
* 34: Cost = 0_49419134, Time = 6.75 sec. 
-Trial 34 0 49419134 9.109465
-Trial 35 0 49419134 9.124462
* 36: Cost = 0_49388132, Time = 6.79 sec. 
-Trial 36 0 49388132 9.153707
-Trial 37 0 49388132 9.214832
-Trial 38 0 49388132 9.241374
-Trial 39 0 49388132 9.303198
-Trial 40 0 49388132 9.305693
* 41: Cost = 0_49294434, Time = 6.98 sec. 
-Trial 41 0 49294434 9.337304
-Trial 42 0 49294434 9.339828
* 43: Cost = 0_49133147, Time = 6.98 sec. 
-Trial 43 0 49133147 9.344641
-Trial 44 0 49133147 9.385400
-Trial 45 0 49133147 9.393631
-Trial 46 0 49133147 9.461794
* 47: Cost = 0_48926201, Time = 7.15 sec. 
-Trial 47 0 48926201 9.515385
-Trial 48 0 48926201 9.520729
-Trial 49 0 48926201 9.540234
-Trial 50 0 48926201 9.594965
* 51: Cost = 0_48921200, Time = 7.24 sec. 
-Trial 51 0 48921200 9.600378
* 52: Cost = 0_48897998, Time = 7.25 sec. 
-Trial 52 0 48897998 9.608765
* 53: Cost = 0_48868033, Time = 7.25 sec. 
-Trial 53 0 48868033 9.614139
* 54: Cost = 0_48816021, Time = 7.26 sec. 
-Trial 54 0 48816021 9.619820
-Trial 55 0 48816021 9.634672
* 56: Cost = 0_48782434, Time = 7.29 sec. 
-Trial 56 0 48782434 9.652752
-Trial 57 0 48782434 9.677230
-Trial 58 0 48782434 9.684269
-Trial 59 0 48782434 9.820261
-Trial 60 0 48782434 9.870932
* 61: Cost = 0_48757768, Time = 7.53 sec. 
-Trial 61 0 48757768 9.893126
* 62: Cost = 0_48688530, Time = 7.56 sec. 
-Trial 62 0 48688530 9.917214
-Trial 63 0 48688530 9.948455
-Trial 64 0 48688530 9.955131
* 65: Cost = 0_48499029, Time = 7.61 sec. 
-Trial 65 0 48499029 9.966355
* 66: Cost = 0_48293313, Time = 7.62 sec. 
-Trial 66 0 48293313 9.978928
-Trial 67 0 48293313 10.052501
-Trial 68 0 48293313 10.072605
-Trial 69 0 48293313 10.081269
-Trial 70 0 48293313 10.086103
-Trial 71 0 48293313 10.143553
-Trial 72 0 48293313 10.154450
-Trial 73 0 48293313 10.164712
-Trial 74 0 48293313 10.193014
* 75: Cost = 0_48254269, Time = 7.87 sec. 
-Trial 75 0 48254269 10.230115
-Trial 76 0 48254269 10.249455
-Trial 77 0 48254269 10.328871
-Trial 78 0 48254269 10.345665
-Trial 79 0 48254269 10.371569
-Trial 80 0 48254269 10.387849
-Trial 81 0 48254269 10.522517
* 82: Cost = 0_48121825, Time = 8.22 sec. 
-Trial 82 0 48121825 10.580430
-Trial 83 0 48121825 10.668132
-Trial 84 0 48121825 10.727733
-Trial 85 0 48121825 10.740841
* 86: Cost = 0_47980560, Time = 8.45 sec. 
-Trial 86 0 47980560 10.809214
* 87: Cost = 0_47859066, Time = 8.48 sec. 
-Trial 87 0 47859066 10.837434
-Trial 88 0 47859066 10.865491
-Trial 89 0 47859066 10.876841
-Trial 90 0 47859066 10.962506
-Trial 91 0 47859066 10.969616
-Trial 92 0 47859066 10.978301
-Trial 93 0 47859066 11.079115
-Trial 94 0 47859066 11.170792
* 95: Cost = 0_47685590, Time = 8.84 sec. 
-Trial 95 0 47685590 11.199209
-Trial 96 0 47685590 11.266377
-Trial 97 0 47685590 11.268642
-Trial 98 0 47685590 11.273168
-Trial 99 0 47685590 11.274858
* 100: Cost = 0_47662899, Time = 9.08 sec. 
-Trial 100 0 47662899 11.438906
-Trial 101 0 47662899 11.456588
* 102: Cost = 0_47362221, Time = 9.16 sec. 
-Trial 102 0 47362221 11.524910
* 103: Cost = 0_47219879, Time = 9.24 sec. 
-Trial 103 0 47219879 11.604571
* 104: Cost = 0_47145691, Time = 9.26 sec. 
-Trial 104 0 47145691 11.617346
-Trial 105 0 47145691 11.669417
-Trial 106 0 47145691 11.676789
-Trial 107 0 47145691 11.680767
* 108: Cost = 0_47142560, Time = 9.37 sec. 
-Trial 108 0 47142560 11.728440
-Trial 109 0 47142560 11.744753
-Trial 110 0 47142560 11.777132
-Trial 111 0 47142560 11.784746
-Trial 112 0 47142560 11.818864
* 113: Cost = 0_47093229, Time = 9.46 sec. 
-Trial 113 0 47093229 11.822509
-Trial 114 0 47093229 11.834270
-Trial 115 0 47093229 11.873748
-Trial 116 0 47093229 11.875507
-Trial 117 0 47093229 11.909201
* 118: Cost = 0_47086702, Time = 9.57 sec. 
-Trial 118 0 47086702 11.930612
-Trial 119 0 47086702 12.026895
-Trial 120 0 47086702 12.245544
-Trial 121 0 47086702 12.262915
-Trial 122 0 47086702 12.271400
-Trial 123 0 47086702 12.321440
-Trial 124 0 47086702 12.374551
-Trial 125 0 47086702 12.440255
-Trial 126 0 47086702 12.526899
* 127: Cost = 0_47011587, Time = 10.19 sec. 
-Trial 127 0 47011587 12.550222
* 128: Cost = 0_46801857, Time = 10.23 sec. 
-Trial 128 0 46801857 12.592823
* 129: Cost = 0_46789771, Time = 10.25 sec. 
-Trial 129 0 46789771 12.612913
-Trial 130 0 46789771 12.654033
* 131: Cost = 0_46786274, Time = 10.30 sec. 
-Trial 131 0 46786274 12.658138
-Trial 132 0 46786274 12.663951
-Trial 133 0 46786274 12.677165
-Trial 134 0 46786274 12.697864
-Trial 135 0 46786274 12.702872
-Trial 136 0 46786274 12.768639
-Trial 137 0 46786274 12.784754
-Trial 138 0 46786274 12.794659
* 139: Cost = 0_46690109, Time = 10.45 sec. 
-Trial 139 0 46690109 12.814171
-Trial 140 0 46690109 12.841782
-Trial 141 0 46690109 12.858069
-Trial 142 0 46690109 12.864310
-Trial 143 0 46690109 12.867165
-Trial 144 0 46690109 12.891553
-Trial 145 0 46690109 12.910903
-Trial 146 0 46690109 12.960182
-Trial 147 0 46690109 13.021100
-Trial 148 0 46690109 13.079261
* 149: Cost = 0_46688193, Time = 10.81 sec. 
-Trial 149 0 46688193 13.166732
-Trial 150 0 46688193 13.181965
-Trial 151 0 46688193 13.185680
-Trial 152 0 46688193 13.226313
-Trial 153 0 46688193 13.253599
-Trial 154 0 46688193 13.314427
-Trial 155 0 46688193 13.319508
-Trial 156 0 46688193 13.344591
-Trial 157 0 46688193 13.428110
-Trial 158 0 46688193 13.452064
-Trial 159 0 46688193 13.472320
-Trial 160 0 46688193 13.519360
-Trial 161 0 46688193 13.535682
-Trial 162 0 46688193 13.554041
-Trial 163 0 46688193 13.618278
-Trial 164 0 46688193 13.630655
-Trial 165 0 46688193 13.664752
-Trial 166 0 46688193 13.677587
* 167: Cost = 0_46675599, Time = 11.33 sec. 
-Trial 167 0 46675599 13.686536
* 168: Cost = 0_46623224, Time = 11.34 sec. 
-Trial 168 0 46623224 13.701827
-Trial 169 0 46623224 13.715943
-Trial 170 0 46623224 13.742640
-Trial 171 0 46623224 13.752215
-Trial 172 0 46623224 13.800145
-Trial 173 0 46623224 13.815910
-Trial 174 0 46623224 13.839738
-Trial 175 0 46623224 13.855729
-Trial 176 0 46623224 13.874171
-Trial 177 0 46623224 13.880431
-Trial 178 0 46623224 13.899209
-Trial 179 0 46623224 13.928444
-Trial 180 0 46623224 13.949565
-Trial 181 0 46623224 13.966088
-Trial 182 0 46623224 13.992991
-Trial 183 0 46623224 14.033938
-Trial 184 0 46623224 14.108640
-Trial 185 0 46623224 14.115754
-Trial 186 0 46623224 14.135251
* 187: Cost = 0_46520042, Time = 11.92 sec. 
-Trial 187 0 46520042 14.282413
-Trial 188 0 46520042 14.289533
-Trial 189 0 46520042 14.323299
-Trial 190 0 46520042 14.348157
-Trial 191 0 46520042 14.399057
-Trial 192 0 46520042 14.441743
-Trial 193 0 46520042 14.504765
-Trial 194 0 46520042 14.509874
-Trial 195 0 46520042 14.548689
-Trial 196 0 46520042 14.555232
-Trial 197 0 46520042 14.562932
-Trial 198 0 46520042 14.580013
-Trial 199 0 46520042 14.616720
-Trial 200 0 46520042 14.642783
-Trial 201 0 46520042 14.719033
-Trial 202 0 46520042 14.742006
-Trial 203 0 46520042 14.746415
* 204: Cost = 0_46456817, Time = 12.41 sec. 
-Trial 204 0 46456817 14.767798
* 205: Cost = 0_46303868, Time = 12.43 sec. 
-Trial 205 0 46303868 14.791940
-Trial 206 0 46303868 14.813638
-Trial 207 0 46303868 14.859675
-Trial 208 0 46303868 14.860964
-Trial 209 0 46303868 14.897768
-Trial 210 0 46303868 14.934216
-Trial 211 0 46303868 14.948668
-Trial 212 0 46303868 14.970244
-Trial 213 0 46303868 14.978217
-Trial 214 0 46303868 14.994943
-Trial 215 0 46303868 14.999199
-Trial 216 0 46303868 15.098617
-Trial 217 0 46303868 15.103484
-Trial 218 0 46303868 15.320799
-Trial 219 0 46303868 15.341238
-Trial 220 0 46303868 15.346048
-Trial 221 0 46303868 15.354756
-Trial 222 0 46303868 15.360940
-Trial 223 0 46303868 15.373527
-Trial 224 0 46303868 15.389776
-Trial 225 0 46303868 15.398338
-Trial 226 0 46303868 15.492761
-Trial 227 0 46303868 15.500561
-Trial 228 0 46303868 15.511418
-Trial 229 0 46303868 15.534409
-Trial 230 0 46303868 15.560804
-Trial 231 0 46303868 15.573419
-Trial 232 0 46303868 15.580956
-Trial 233 0 46303868 15.583625
-Trial 234 0 46303868 15.589298
-Trial 235 0 46303868 15.592316
-Trial 236 0 46303868 15.649653
-Trial 237 0 46303868 15.669750
-Trial 238 0 46303868 15.685330
-Trial 239 0 46303868 15.694332
-Trial 240 0 46303868 15.712101
-Trial 241 0 46303868 15.719307
-Trial 242 0 46303868 15.767711
-Trial 243 0 46303868 15.791569
-Trial 244 0 46303868 15.803008
-Trial 245 0 46303868 15.820109
-Trial 246 0 46303868 15.821578
-Trial 247 0 46303868 15.846019
-Trial 248 0 46303868 15.861934
-Trial 249 0 46303868 15.894260
-Trial 250 0 46303868 15.921090
-Trial 251 0 46303868 15.934934
-Trial 252 0 46303868 15.956135
-Trial 253 0 46303868 16.052079
-Trial 254 0 46303868 16.081985
-Trial 255 0 46303868 16.113594
-Trial 256 0 46303868 16.152239
-Trial 257 0 46303868 16.160786
-Trial 258 0 46303868 16.185494
-Trial 259 0 46303868 16.198326
-Trial 260 0 46303868 16.205564
-Trial 261 0 46303868 16.262800
-Trial 262 0 46303868 16.278951
-Trial 263 0 46303868 16.285450
-Trial 264 0 46303868 16.293681
-Trial 265 0 46303868 16.347500
-Trial 266 0 46303868 16.457076
-Trial 267 0 46303868 16.464874
-Trial 268 0 46303868 16.496655
-Trial 269 0 46303868 16.497946
-Trial 270 0 46303868 16.513815
-Trial 271 0 46303868 16.537472
-Trial 272 0 46303868 16.584182
-Trial 273 0 46303868 16.629746
-Trial 274 0 46303868 16.802977
-Trial 275 0 46303868 16.808208
-Trial 276 0 46303868 16.814257
-Trial 277 0 46303868 16.857009
-Trial 278 0 46303868 16.857642
-Trial 279 0 46303868 16.877491
-Trial 280 0 46303868 16.898330
-Trial 281 0 46303868 16.901024
-Trial 282 0 46303868 16.903862
-Trial 283 0 46303868 16.906263
-Trial 284 0 46303868 16.999513
-Trial 285 0 46303868 17.012744
-Trial 286 0 46303868 17.030567
-Trial 287 0 46303868 17.039511
-Trial 288 0 46303868 17.079191
-Trial 289 0 46303868 17.091217
-Trial 290 0 46303868 17.186233
-Trial 291 0 46303868 17.205356
-Trial 292 0 46303868 17.211594
-Trial 293 0 46303868 17.224496
-Trial 294 0 46303868 17.260206
-Trial 295 0 46303868 17.362618
-Trial 296 0 46303868 17.364640
* 297: Cost = 0_46268928, Time = 15.06 sec. 
-Trial 297 0 46268928 17.422332
-Trial 298 0 46268928 17.454953
-Trial 299 0 46268928 17.460062
-Trial 300 0 46268928 17.498996
-Trial 301 0 46268928 17.520054
-Trial 302 0 46268928 17.539479
-Trial 303 0 46268928 17.595411
-Trial 304 0 46268928 17.639185
-Trial 305 0 46268928 17.959716
-Trial 306 0 46268928 18.000214
* 307: Cost = 0_46260917, Time = 15.69 sec. 
-Trial 307 0 46260917 18.049231
-Trial 308 0 46260917 18.123918
-Trial 309 0 46260917 18.127770
-Trial 310 0 46260917 18.132395
-Trial 311 0 46260917 18.178224
-Trial 312 0 46260917 18.186935
-Trial 313 0 46260917 18.198711
-Trial 314 0 46260917 18.233162
-Trial 315 0 46260917 18.264533
-Trial 316 0 46260917 18.265204
-Trial 317 0 46260917 18.266372
-Trial 318 0 46260917 18.309943
-Trial 319 0 46260917 18.333277
-Trial 320 0 46260917 18.493452
-Trial 321 0 46260917 18.539993
-Trial 322 0 46260917 18.552452
* 323: Cost = 0_46254390, Time = 16.23 sec. 
-Trial 323 0 46254390 18.588228
-Trial 324 0 46254390 18.599862
-Trial 325 0 46254390 18.660436
* 326: Cost = 0_46252571, Time = 16.30 sec. 
-Trial 326 0 46252571 18.665773
-Trial 327 0 46252571 18.693714
-Trial 328 0 46252571 18.733816
-Trial 329 0 46252571 18.740391
-Trial 330 0 46252571 18.791152
* 331: Cost = 0_46222530, Time = 16.44 sec. 
-Trial 331 0 46222530 18.798300
-Trial 332 0 46222530 18.825585
-Trial 333 0 46222530 18.883462
-Trial 334 0 46222530 18.902733
-Trial 335 0 46222530 18.920575
-Trial 336 0 46222530 18.930986
-Trial 337 0 46222530 18.943092
-Trial 338 0 46222530 18.974166
-Trial 339 0 46222530 18.998540
* 340: Cost = 0_46195948, Time = 16.69 sec. 
-Trial 340 0 46195948 19.051818
-Trial 341 0 46195948 19.109209
* 342: Cost = 0_46140852, Time = 16.77 sec. 
-Trial 342 0 46140852 19.128444
-Trial 343 0 46140852 19.232846
-Trial 344 0 46140852 19.260571
-Trial 345 0 46140852 19.303472
-Trial 346 0 46140852 19.318873
-Trial 347 0 46140852 19.392059
-Trial 348 0 46140852 19.412637
-Trial 349 0 46140852 19.418934
-Trial 350 0 46140852 19.420348
-Trial 351 0 46140852 19.438761
-Trial 352 0 46140852 19.453606
-Trial 353 0 46140852 19.506075
-Trial 354 0 46140852 19.524684
-Trial 355 0 46140852 19.539791
-Trial 356 0 46140852 19.578698
-Trial 357 0 46140852 19.597825
-Trial 358 0 46140852 19.613383
-Trial 359 0 46140852 19.646492
* 360: Cost = 0_46140172, Time = 17.30 sec. 
-Trial 360 0 46140172 19.658627
-Trial 361 0 46140172 19.669032
-Trial 362 0 46140172 19.752261
-Trial 363 0 46140172 19.839286
-Trial 364 0 46140172 20.005655
-Trial 365 0 46140172 20.268236
-Trial 366 0 46140172 20.494129
-Trial 367 0 46140172 20.520657
-Trial 368 0 46140172 20.542013
-Trial 369 0 46140172 20.571122
-Trial 370 0 46140172 20.579673
-Trial 371 0 46140172 20.594470
-Trial 372 0 46140172 20.602878
-Trial 373 0 46140172 20.606094
-Trial 374 0 46140172 20.669262
-Trial 375 0 46140172 20.757223
-Trial 376 0 46140172 20.764013
-Trial 377 0 46140172 20.831188
-Trial 378 0 46140172 20.935454
-Trial 379 0 46140172 20.956383
-Trial 380 0 46140172 20.958336
-Trial 381 0 46140172 20.969070
-Trial 382 0 46140172 21.011700
-Trial 383 0 46140172 21.105836
-Trial 384 0 46140172 21.113731
-Trial 385 0 46140172 21.121913
-Trial 386 0 46140172 21.200494
-Trial 387 0 46140172 21.222291
-Trial 388 0 46140172 21.244271
-Trial 389 0 46140172 21.272248
-Trial 390 0 46140172 21.285852
-Trial 391 0 46140172 21.291200
-Trial 392 0 46140172 21.423691
-Trial 393 0 46140172 21.444621
-Trial 394 0 46140172 21.461186
-Trial 395 0 46140172 21.493953
-Trial 396 0 46140172 21.500156
-Trial 397 0 46140172 21.502036
-Trial 398 0 46140172 21.537993
-Trial 399 0 46140172 21.640684
-Trial 400 0 46140172 21.751019
-Trial 401 0 46140172 21.755086
-Trial 402 0 46140172 22.086013
-Trial 403 0 46140172 22.138800
-Trial 404 0 46140172 22.207718
-Trial 405 0 46140172 22.265759
-Trial 406 0 46140172 22.283087
-Trial 407 0 46140172 22.438004
-Trial 408 0 46140172 22.968356
-Trial 409 0 46140172 22.983595
-Trial 410 0 46140172 22.995780
-Trial 411 0 46140172 23.000236
-Trial 412 0 46140172 23.003970
-Trial 413 0 46140172 23.006666
-Trial 414 0 46140172 23.029269
-Trial 415 0 46140172 23.038155
-Trial 416 0 46140172 23.087988
-Trial 417 0 46140172 23.100135
-Trial 418 0 46140172 23.102311
-Trial 419 0 46140172 23.114832
-Trial 420 0 46140172 23.132842
-Trial 421 0 46140172 23.161014
-Trial 422 0 46140172 23.383212
-Trial 423 0 46140172 23.388408
-Trial 424 0 46140172 23.390128
-Trial 425 0 46140172 23.399128
-Trial 426 0 46140172 23.501355
* 427: Cost = 0_46123426, Time = 21.17 sec. 
-Trial 427 0 46123426 23.535456
-Trial 428 0 46123426 23.553299
-Trial 429 0 46123426 23.585947
-Trial 430 0 46123426 23.633588
-Trial 431 0 46123426 23.645048
-Trial 432 0 46123426 23.664262
-Trial 433 0 46123426 23.731594
-Trial 434 0 46123426 23.742262
-Trial 435 0 46123426 23.772122
-Trial 436 0 46123426 23.776723
-Trial 437 0 46123426 23.784925
-Trial 438 0 46123426 23.835285
-Trial 439 0 46123426 23.858850
-Trial 440 0 46123426 23.890243
-Trial 441 0 46123426 23.923471
-Trial 442 0 46123426 23.941225
-Trial 443 0 46123426 23.946141
-Trial 444 0 46123426 23.961780
-Trial 445 0 46123426 23.964009
-Trial 446 0 46123426 23.971684
-Trial 447 0 46123426 23.980355
-Trial 448 0 46123426 23.989862
-Trial 449 0 46123426 23.994413
-Trial 450 0 46123426 24.037187
-Trial 451 0 46123426 24.058436
-Trial 452 0 46123426 24.067276
-Trial 453 0 46123426 24.078409
-Trial 454 0 46123426 24.107727
-Trial 455 0 46123426 24.122229
-Trial 456 0 46123426 24.124312
-Trial 457 0 46123426 24.159985
-Trial 458 0 46123426 24.204063
-Trial 459 0 46123426 24.218440
-Trial 460 0 46123426 24.231750
-Trial 461 0 46123426 24.266788
-Trial 462 0 46123426 24.296364
-Trial 463 0 46123426 24.327258
-Trial 464 0 46123426 24.367899
-Trial 465 0 46123426 24.397273
-Trial 466 0 46123426 24.425515
-Trial 467 0 46123426 24.434083
-Trial 468 0 46123426 24.452159
-Trial 469 0 46123426 24.459644
-Trial 470 0 46123426 24.463310
-Trial 471 0 46123426 24.473544
-Trial 472 0 46123426 24.482900
-Trial 473 0 46123426 24.500854
-Trial 474 0 46123426 24.514195
-Trial 475 0 46123426 24.640707
-Trial 476 0 46123426 24.669142
-Trial 477 0 46123426 24.925958
-Trial 478 0 46123426 24.945825
-Trial 479 0 46123426 24.974235
-Trial 480 0 46123426 24.986083
-Trial 481 0 46123426 25.006823
-Trial 482 0 46123426 25.024405
-Trial 483 0 46123426 25.026626
-Trial 484 0 46123426 25.083883
-Trial 485 0 46123426 25.225644
-Trial 486 0 46123426 25.235285
-Trial 487 0 46123426 25.288398
-Trial 488 0 46123426 25.312314
-Trial 489 0 46123426 25.325350
-Trial 490 0 46123426 25.331001
-Trial 491 0 46123426 25.337054
-Trial 492 0 46123426 25.346217
-Trial 493 0 46123426 25.373552
-Trial 494 0 46123426 25.403305
-Trial 495 0 46123426 25.424093
-Trial 496 0 46123426 25.451209
-Trial 497 0 46123426 25.470109
-Trial 498 0 46123426 25.622058
* 499: Cost = 0_46061418, Time = 23.29 sec. 
-Trial 499 0 46061418 25.646758
-Trial 500 0 46061418 25.679130
-Trial 501 0 46061418 25.716491
-Trial 502 0 46061418 25.746276
-Trial 503 0 46061418 25.841056
-Trial 504 0 46061418 25.853355
-Trial 505 0 46061418 25.963150
-Trial 506 0 46061418 25.987257
-Trial 507 0 46061418 26.131528
-Trial 508 0 46061418 26.156951
-Trial 509 0 46061418 26.177498
-Trial 510 0 46061418 26.232371
-Trial 511 0 46061418 26.245764
-Trial 512 0 46061418 26.271098
-Trial 513 0 46061418 26.278956
-Trial 514 0 46061418 26.345774
-Trial 515 0 46061418 26.381181
-Trial 516 0 46061418 26.428050
-Trial 517 0 46061418 26.480580
-Trial 518 0 46061418 26.509623
-Trial 519 0 46061418 26.586197
-Trial 520 0 46061418 26.667584
-Trial 521 0 46061418 26.693353
-Trial 522 0 46061418 26.704872
-Trial 523 0 46061418 26.706560
-Trial 524 0 46061418 26.738387
-Trial 525 0 46061418 26.772810
-Trial 526 0 46061418 26.808632
-Trial 527 0 46061418 26.822162
-Trial 528 0 46061418 26.839089
-Trial 529 0 46061418 26.944373
-Trial 530 0 46061418 26.964574
-Trial 531 0 46061418 26.974862
-Trial 532 0 46061418 27.004877
-Trial 533 0 46061418 27.009581
-Trial 534 0 46061418 27.019420
* 535: Cost = 0_46018348, Time = 24.66 sec. 
-Trial 535 0 46018348 27.025837
-Trial 536 0 46018348 27.026397
-Trial 537 0 46018348 27.073869
-Trial 538 0 46018348 27.123382
-Trial 539 0 46018348 27.146439
-Trial 540 0 46018348 27.166231
-Trial 541 0 46018348 27.193301
-Trial 542 0 46018348 27.222239
-Trial 543 0 46018348 27.273074
-Trial 544 0 46018348 27.312980
-Trial 545 0 46018348 27.364367
-Trial 546 0 46018348 27.366742
* 547: Cost = 0_45955978, Time = 25.01 sec. 
-Trial 547 0 45955978 27.372187
-Trial 548 0 45955978 27.445648
-Trial 549 0 45955978 27.453495
-Trial 550 0 45955978 27.483584
-Trial 551 0 45955978 27.502285
-Trial 552 0 45955978 27.522167
-Trial 553 0 45955978 27.532004
-Trial 554 0 45955978 27.544508
-Trial 555 0 45955978 27.678918
-Trial 556 0 45955978 27.683740
-Trial 557 0 45955978 27.700123
-Trial 558 0 45955978 27.707364
-Trial 559 0 45955978 27.756370
-Trial 560 0 45955978 27.761989
-Trial 561 0 45955978 27.765526
-Trial 562 0 45955978 27.781515
-Trial 563 0 45955978 27.961913
-Trial 564 0 45955978 27.970532
-Trial 565 0 45955978 27.978550
-Trial 566 0 45955978 27.995146
-Trial 567 0 45955978 28.011449
-Trial 568 0 45955978 28.034343
-Trial 569 0 45955978 28.126754
-Trial 570 0 45955978 28.137573
-Trial 571 0 45955978 28.173123
* 572: Cost = 0_45927494, Time = 25.84 sec. 
-Trial 572 0 45927494 28.202973
-Trial 573 0 45927494 28.208109
-Trial 574 0 45927494 28.214864
-Trial 575 0 45927494 28.246562
-Trial 576 0 45927494 28.252497
-Trial 577 0 45927494 28.290609
-Trial 578 0 45927494 28.301767
-Trial 579 0 45927494 28.313062
-Trial 580 0 45927494 28.328787
-Trial 581 0 45927494 28.396731
-Trial 582 0 45927494 28.477553
-Trial 583 0 45927494 28.542472
-Trial 584 0 45927494 28.545706
-Trial 585 0 45927494 28.550616
* 586: Cost = 0_45920967, Time = 26.19 sec. 
-Trial 586 0 45920967 28.553846
-Trial 587 0 45920967 28.554543
-Trial 588 0 45920967 28.588619
-Trial 589 0 45920967 28.602604
-Trial 590 0 45920967 28.620261
-Trial 591 0 45920967 28.627919
-Trial 592 0 45920967 28.646273
-Trial 593 0 45920967 28.672293
-Trial 594 0 45920967 28.675123
-Trial 595 0 45920967 28.720224
-Trial 596 0 45920967 28.735896
-Trial 597 0 45920967 28.739495
-Trial 598 0 45920967 28.808978
-Trial 599 0 45920967 28.873669
-Trial 600 0 45920967 28.999911
-Trial 601 0 45920967 29.018806
-Trial 602 0 45920967 29.033963
-Trial 603 0 45920967 29.081101
-Trial 604 0 45920967 29.090277
-Trial 605 0 45920967 29.101881
-Trial 606 0 45920967 29.102410
-Trial 607 0 45920967 29.229180
-Trial 608 0 45920967 29.245187
-Trial 609 0 45920967 29.267696
-Trial 610 0 45920967 29.275575
-Trial 611 0 45920967 29.279526
-Trial 612 0 45920967 29.331062
-Trial 613 0 45920967 29.361813
-Trial 614 0 45920967 29.403933
* 615: Cost = 0_45918569, Time = 27.06 sec. 
-Trial 615 0 45918569 29.420495
-Trial 616 0 45918569 29.496981
-Trial 617 0 45918569 29.539480
-Trial 618 0 45918569 29.543055
* 619: Cost = 0_45917665, Time = 27.21 sec. 
-Trial 619 0 45917665 29.567450
-Trial 620 0 45917665 29.575034
-Trial 621 0 45917665 29.595687
-Trial 622 0 45917665 29.601123
-Trial 623 0 45917665 29.602419
-Trial 624 0 45917665 29.616083
-Trial 625 0 45917665 29.663349
-Trial 626 0 45917665 29.667312
-Trial 627 0 45917665 29.700235
-Trial 628 0 45917665 29.766775
-Trial 629 0 45917665 29.916767
-Trial 630 0 45917665 30.009301
-Trial 631 0 45917665 30.059579
-Trial 632 0 45917665 30.082845
-Trial 633 0 45917665 30.090428
-Trial 634 0 45917665 30.112637
-Trial 635 0 45917665 30.130360
-Trial 636 0 45917665 30.135028
* 637: Cost = 0_45886499, Time = 27.80 sec. 
-Trial 637 0 45886499 30.163722
-Trial 638 0 45886499 30.236764
-Trial 639 0 45886499 30.255706
-Trial 640 0 45886499 30.262594
-Trial 641 0 45886499 30.279070
-Trial 642 0 45886499 30.297072
-Trial 643 0 45886499 30.301410
-Trial 644 0 45886499 30.410307
-Trial 645 0 45886499 30.415037
-Trial 646 0 45886499 30.416348
-Trial 647 0 45886499 30.416798
-Trial 648 0 45886499 30.448434
-Trial 649 0 45886499 30.470046
-Trial 650 0 45886499 30.489507
-Trial 651 0 45886499 30.494562
-Trial 652 0 45886499 30.507132
-Trial 653 0 45886499 30.637564
-Trial 654 0 45886499 30.661392
-Trial 655 0 45886499 30.764216
* 656: Cost = 0_45797585, Time = 28.43 sec. 
-Trial 656 0 45797585 30.788359
* 657: Cost = 0_45792934, Time = 28.46 sec. 
-Trial 657 0 45792934 30.824499
-Trial 658 0 45792934 30.828169
-Trial 659 0 45792934 30.889910
-Trial 660 0 45792934 30.894578
-Trial 661 0 45792934 31.057778
-Trial 662 0 45792934 31.064055
* 663: Cost = 0_45757168, Time = 28.71 sec. 
-Trial 663 0 45757168 31.069794
-Trial 664 0 45757168 31.090737
-Trial 665 0 45757168 31.108788
-Trial 666 0 45757168 31.145071
-Trial 667 0 45757168 31.190504
-Trial 668 0 45757168 31.279270
-Trial 669 0 45757168 31.317714
-Trial 670 0 45757168 31.337233
-Trial 671 0 45757168 31.373013
-Trial 672 0 45757168 31.389927
-Trial 673 0 45757168 31.401996
-Trial 674 0 45757168 31.406803
-Trial 675 0 45757168 31.421786
-Trial 676 0 45757168 31.446567
-Trial 677 0 45757168 31.492729
-Trial 678 0 45757168 31.554231
-Trial 679 0 45757168 31.560959
-Trial 680 0 45757168 31.570042
-Trial 681 0 45757168 31.576283
-Trial 682 0 45757168 31.598479
-Trial 683 0 45757168 31.612713
-Trial 684 0 45757168 31.639487
-Trial 685 0 45757168 31.655750
-Trial 686 0 45757168 31.666672
-Trial 687 0 45757168 31.685731
-Trial 688 0 45757168 31.757534
-Trial 689 0 45757168 31.789258
-Trial 690 0 45757168 31.843580
-Trial 691 0 45757168 31.865971
-Trial 692 0 45757168 31.907386
-Trial 693 0 45757168 31.928801
-Trial 694 0 45757168 31.935275
-Trial 695 0 45757168 31.956851
-Trial 696 0 45757168 31.962205
-Trial 697 0 45757168 32.199631
* 698: Cost = 0_45745611, Time = 29.96 sec. 
-Trial 698 0 45745611 32.319986
-Trial 699 0 45745611 32.326270
-Trial 700 0 45745611 32.329656
* 701: Cost = 0_45683658, Time = 30.20 sec. 
-Trial 701 0 45683658 32.565374
-Trial 702 0 45683658 32.593225
-Trial 703 0 45683658 32.609013
-Trial 704 0 45683658 32.671787
-Trial 705 0 45683658 32.827814
-Trial 706 0 45683658 32.916374
-Trial 707 0 45683658 33.006142
* 708: Cost = 0_45492134, Time = 30.68 sec. 
-Trial 708 0 45492134 33.041331
-Trial 709 0 45492134 33.047749
-Trial 710 0 45492134 33.062760
-Trial 711 0 45492134 33.076198
* 712: Cost = 0_45461740, Time = 30.72 sec. 
-Trial 712 0 45461740 33.082610
-Trial 713 0 45461740 33.122276
-Trial 714 0 45461740 33.154041
-Trial 715 0 45461740 33.183405
-Trial 716 0 45461740 33.274327
-Trial 717 0 45461740 33.314911
-Trial 718 0 45461740 33.367512
-Trial 719 0 45461740 33.387057
-Trial 720 0 45461740 33.396064
-Trial 721 0 45461740 33.472198
-Trial 722 0 45461740 33.473714
-Trial 723 0 45461740 33.495765
-Trial 724 0 45461740 33.525358
-Trial 725 0 45461740 33.535646
-Trial 726 0 45461740 33.542931
-Trial 727 0 45461740 33.553038
-Trial 728 0 45461740 33.575744
-Trial 729 0 45461740 33.576178
-Trial 730 0 45461740 33.592434
-Trial 731 0 45461740 33.679711
-Trial 732 0 45461740 33.718174
-Trial 733 0 45461740 33.727259
-Trial 734 0 45461740 33.745323
* 735: Cost = 0_45429013, Time = 31.45 sec. 
-Trial 735 0 45429013 33.806513
-Trial 736 0 45429013 33.841020
-Trial 737 0 45429013 33.849319
-Trial 738 0 45429013 33.874547
-Trial 739 0 45429013 33.877207
-Trial 740 0 45429013 33.897485
-Trial 741 0 45429013 34.071169
-Trial 742 0 45429013 34.078778
-Trial 743 0 45429013 34.156522
-Trial 744 0 45429013 34.210707
-Trial 745 0 45429013 34.238748
-Trial 746 0 45429013 34.239189
-Trial 747 0 45429013 34.290855
-Trial 748 0 45429013 34.360058
-Trial 749 0 45429013 34.362477
-Trial 750 0 45429013 34.365140
* 751: Cost = 0_45384786, Time = 32.05 sec. 
-Trial 751 0 45384786 34.409014
-Trial 752 0 45384786 34.421422
-Trial 753 0 45384786 34.439417
-Trial 754 0 45384786 34.583250
* 755: Cost = 0_45257545, Time = 32.23 sec. 
-Trial 755 0 45257545 34.586482
-Trial 756 0 45257545 34.625637
-Trial 757 0 45257545 34.644128
-Trial 758 0 45257545 34.705689
-Trial 759 0 45257545 34.753071
-Trial 760 0 45257545 34.792116
-Trial 761 0 45257545 34.835713
-Trial 762 0 45257545 34.844286
-Trial 763 0 45257545 34.845978
-Trial 764 0 45257545 34.874794
-Trial 765 0 45257545 34.906336
-Trial 766 0 45257545 34.917747
-Trial 767 0 45257545 35.018926
-Trial 768 0 45257545 35.040249
-Trial 769 0 45257545 35.077669
-Trial 770 0 45257545 35.180766
-Trial 771 0 45257545 35.190491
-Trial 772 0 45257545 35.227929
-Trial 773 0 45257545 35.245508
-Trial 774 0 45257545 35.248047
-Trial 775 0 45257545 35.285950
-Trial 776 0 45257545 35.438799
-Trial 777 0 45257545 35.477748
-Trial 778 0 45257545 35.532408
-Trial 779 0 45257545 35.556481
-Trial 780 0 45257545 35.635232
-Trial 781 0 45257545 35.652013
-Trial 782 0 45257545 35.659743
-Trial 783 0 45257545 35.682993
-Trial 784 0 45257545 35.690982
-Trial 785 0 45257545 35.711565
-Trial 786 0 45257545 35.730021
-Trial 787 0 45257545 35.752581
-Trial 788 0 45257545 35.762117
-Trial 789 0 45257545 35.858729
-Trial 790 0 45257545 35.894595
-Trial 791 0 45257545 35.900849
-Trial 792 0 45257545 35.918290
-Trial 793 0 45257545 35.925766
-Trial 794 0 45257545 35.968266
-Trial 795 0 45257545 35.973335
-Trial 796 0 45257545 36.025305
-Trial 797 0 45257545 36.062364
-Trial 798 0 45257545 36.103436
-Trial 799 0 45257545 36.142054
-Trial 800 0 45257545 36.152478
-Trial 801 0 45257545 36.274943
-Trial 802 0 45257545 36.282603
-Trial 803 0 45257545 36.367553
-Trial 804 0 45257545 36.461010
-Trial 805 0 45257545 36.511693
-Trial 806 0 45257545 36.518411
-Trial 807 0 45257545 36.554887
-Trial 808 0 45257545 36.567354
-Trial 809 0 45257545 36.568029
-Trial 810 0 45257545 36.617926
-Trial 811 0 45257545 36.743097
-Trial 812 0 45257545 36.765424
-Trial 813 0 45257545 36.815733
-Trial 814 0 45257545 36.856374
-Trial 815 0 45257545 36.878100
-Trial 816 0 45257545 36.888431
-Trial 817 0 45257545 36.962220
-Trial 818 0 45257545 37.035051
-Trial 819 0 45257545 37.044705
-Trial 820 0 45257545 37.082929
-Trial 821 0 45257545 37.181532
-Trial 822 0 45257545 37.260992
-Trial 823 0 45257545 37.261423
-Trial 824 0 45257545 37.413957
-Trial 825 0 45257545 37.432113
-Trial 826 0 45257545 37.442167
-Trial 827 0 45257545 37.488074
-Trial 828 0 45257545 37.501217
-Trial 829 0 45257545 37.532619
-Trial 830 0 45257545 37.936231
-Trial 831 0 45257545 37.948991
-Trial 832 0 45257545 37.971254
-Trial 833 0 45257545 38.216489
-Trial 834 0 45257545 38.219360
-Trial 835 0 45257545 38.229908
-Trial 836 0 45257545 38.365660
-Trial 837 0 45257545 38.383878
-Trial 838 0 45257545 38.429495
-Trial 839 0 45257545 38.435008
-Trial 840 0 45257545 38.474494
-Trial 841 0 45257545 38.856784
-Trial 842 0 45257545 39.062648
-Trial 843 0 45257545 39.071135
-Trial 844 0 45257545 39.092287
-Trial 845 0 45257545 39.134223
-Trial 846 0 45257545 39.145352
-Trial 847 0 45257545 39.173704
-Trial 848 0 45257545 39.283492
-Trial 849 0 45257545 39.301051
-Trial 850 0 45257545 39.360367
-Trial 851 0 45257545 39.471892
-Trial 852 0 45257545 39.486148
-Trial 853 0 45257545 39.620533
-Trial 854 0 45257545 39.652079
-Trial 855 0 45257545 39.655396
-Trial 856 0 45257545 39.658452
-Trial 857 0 45257545 39.666295
-Trial 858 0 45257545 39.683616
-Trial 859 0 45257545 39.694060
-Trial 860 0 45257545 39.715822
-Trial 861 0 45257545 39.782510
-Trial 862 0 45257545 39.849230
-Trial 863 0 45257545 39.903520
-Trial 864 0 45257545 39.922798
-Trial 865 0 45257545 39.947765
-Trial 866 0 45257545 39.957903
-Trial 867 0 45257545 39.977054
-Trial 868 0 45257545 40.029873
-Trial 869 0 45257545 40.055876
-Trial 870 0 45257545 40.067431
-Trial 871 0 45257545 40.135436
-Trial 872 0 45257545 40.141301
-Trial 873 0 45257545 40.200678
-Trial 874 0 45257545 40.229545
-Trial 875 0 45257545 40.231744
-Trial 876 0 45257545 40.235103
-Trial 877 0 45257545 40.237289
-Trial 878 0 45257545 40.246551
-Trial 879 0 45257545 40.394861
-Trial 880 0 45257545 40.414682
-Trial 881 0 45257545 40.431525
-Trial 882 0 45257545 40.471383
-Trial 883 0 45257545 40.489979
-Trial 884 0 45257545 40.508187
-Trial 885 0 45257545 40.534261
-Trial 886 0 45257545 40.537370
-Trial 887 0 45257545 40.543664
-Trial 888 0 45257545 40.553563
-Trial 889 0 45257545 40.577445
-Trial 890 0 45257545 40.735739
-Trial 891 0 45257545 40.757724
-Trial 892 0 45257545 40.762110
-Trial 893 0 45257545 40.773534
-Trial 894 0 45257545 40.779881
-Trial 895 0 45257545 40.902270
-Trial 896 0 45257545 40.956781
-Trial 897 0 45257545 41.019299
-Trial 898 0 45257545 41.028793
-Trial 899 0 45257545 41.030908
-Trial 900 0 45257545 41.048559
-Trial 901 0 45257545 41.097954
-Trial 902 0 45257545 41.108809
-Trial 903 0 45257545 41.173416
-Trial 904 0 45257545 41.211434
-Trial 905 0 45257545 41.252863
-Trial 906 0 45257545 41.257081
-Trial 907 0 45257545 41.404118
-Trial 908 0 45257545 41.427514
-Trial 909 0 45257545 41.457661
-Trial 910 0 45257545 41.564224
-Trial 911 0 45257545 41.666707
-Trial 912 0 45257545 41.710222
-Trial 913 0 45257545 41.716459
-Trial 914 0 45257545 41.771281
-Trial 915 0 45257545 41.804948
-Trial 916 0 45257545 41.807520
-Trial 917 0 45257545 41.810986
-Trial 918 0 45257545 41.841515
-Trial 919 0 45257545 41.899289
-Trial 920 0 45257545 41.959625
-Trial 921 0 45257545 41.986315
-Trial 922 0 45257545 41.998960
-Trial 923 0 45257545 42.002487
-Trial 924 0 45257545 42.031327
-Trial 925 0 45257545 42.069037
* 926: Cost = 0_45050593, Time = 39.74 sec. 
-Trial 926 0 45050593 42.098986
-Trial 927 0 45050593 42.110584
-Trial 928 0 45050593 42.130400
-Trial 929 0 45050593 42.193229
-Trial 930 0 45050593 42.198409
-Trial 931 0 45050593 42.481166
* 932: Cost = 0_44991254, Time = 40.13 sec. 
-Trial 932 0 44991254 42.488520
-Trial 933 0 44991254 42.490308
-Trial 934 0 44991254 42.495672
-Trial 935 0 44991254 42.510051
-Trial 936 0 44991254 42.521114
-Trial 937 0 44991254 42.533167
-Trial 938 0 44991254 42.587782
-Trial 939 0 44991254 42.608755
-Trial 940 0 44991254 42.784813
-Trial 941 0 44991254 42.865832
-Trial 942 0 44991254 42.901375
-Trial 943 0 44991254 42.959454
-Trial 944 0 44991254 43.215101
-Trial 945 0 44991254 43.246193
-Trial 946 0 44991254 43.305413
-Trial 947 0 44991254 43.468292
-Trial 948 0 44991254 43.509968
-Trial 949 0 44991254 43.536533
-Trial 950 0 44991254 43.678830
-Trial 951 0 44991254 43.713983
-Trial 952 0 44991254 43.729196
-Trial 953 0 44991254 43.800617
-Trial 954 0 44991254 43.804506
-Trial 955 0 44991254 43.810147
-Trial 956 0 44991254 43.846159
-Trial 957 0 44991254 43.852159
-Trial 958 0 44991254 43.868189
-Trial 959 0 44991254 43.870086
-Trial 960 0 44991254 43.887864
-Trial 961 0 44991254 43.898744
-Trial 962 0 44991254 43.921029
-Trial 963 0 44991254 43.957864
-Trial 964 0 44991254 44.035192
-Trial 965 0 44991254 44.100526
-Trial 966 0 44991254 44.110918
-Trial 967 0 44991254 44.114115
-Trial 968 0 44991254 44.164236
-Trial 969 0 44991254 44.189916
-Trial 970 0 44991254 44.198706
-Trial 971 0 44991254 44.298217
-Trial 972 0 44991254 44.340047
-Trial 973 0 44991254 44.347847
-Trial 974 0 44991254 44.452242
-Trial 975 0 44991254 44.474763
-Trial 976 0 44991254 44.497929
-Trial 977 0 44991254 44.517184
-Trial 978 0 44991254 44.524562
-Trial 979 0 44991254 44.527986
-Trial 980 0 44991254 44.555695
-Trial 981 0 44991254 44.575028
-Trial 982 0 44991254 44.580557
-Trial 983 0 44991254 44.675435
-Trial 984 0 44991254 44.701278
-Trial 985 0 44991254 44.760457
-Trial 986 0 44991254 44.803803
-Trial 987 0 44991254 44.902565
-Trial 988 0 44991254 44.907800
-Trial 989 0 44991254 44.908881
-Trial 990 0 44991254 44.934034
-Trial 991 0 44991254 44.950529
-Trial 992 0 44991254 44.972738
-Trial 993 0 44991254 44.990656
-Trial 994 0 44991254 45.025564
-Trial 995 0 44991254 45.187173
-Trial 996 0 44991254 45.196952
-Trial 997 0 44991254 45.219889
-Trial 998 0 44991254 45.258819
-Trial 999 0 44991254 45.267442
-Trial 1000 0 44991254 45.279061
Population:
  1: 0_44991254
Run 1: Cost = 0_44991254, Time = 42.92 sec. 

Successes/Runs = 0/1 
Cost.min = 44991254, Cost.avg = 44991254.00, Cost.max = 44991254
Gap.min = 0.0000%, Gap.avg = 0.0000%, Gap.max = 0.0000%
Penalty.min = 0, Penalty.avg = 0.00, Penalty.max = 0
Trials.min = 1000, Trials.avg = 1000.0, Trials.max = 1000
Time.min = 42.92 sec., Time.avg = 42.92 sec., Time.max = 42.92 sec.
Time.total = 45.28 sec.
  Size.min = 7, Size.max = 39, Penalty = 0
  Cost.min = 466697, Cost.max = 3690481, Cost.sum = 44991254
Best CVRPTW solution:
  Cost = 0_44991254
1 336 60 367 447 491 419 282 2 401 96 482 224 321 399 209 121 293 55 396 299 484 106 486 431 198 237 152 387 346 39 234 374 215 144 502 74 329 344 170 262 481 281 112 240 151 420 154 501 296 104 153 279 275 21 354 483 257 95 89 196 494 41 334 91 448 412 94 386 333 269 362 508 324 175 416 308 231 147 92 427 274 137 40 176 315 264 452 426 493 327 168 295 115 45 117 477 358 455 503 266 19 246 288 410 423 70 349 64 203 411 283 67 139 162 148 38 247 513 379 178 133 191 236 43 382 214 187 184 278 285 441 250 365 185 428 73 495 290 363 254 393 476 188 63 385 328 150 516 391 498 207 342 103 408 32 218 36 145 111 292 475 415 300 249 506 409 311 437 189 195 65 380 373 192 294 500 59 143 268 381 155 93 307 301 485 31 158 256 110 12 123 313 319 353 499 102 37 201 456 510 125 219 228 372 407 397 238 390 212 429 492 318 118 127 245 205 356 255 338 289 444 505 440 9 395 242 134 378 83 454 194 99 434 71 472 375 340 197 350 138 488 24 29 105 122 20 458 520 253 335 351 179 322 298 304 359 222 317 443 230 291 84 48 200 377 208 392 479 225 235 126 174 302 421 97 177 517 314 98 17 370 217 248 265 10 466 88 186 120 173 439 75 422 47 267 404 355 78 81 182 465 270 69 507 109 394 389 18 403 34 166 326 172 220 169 135 51 132 23 61 339 320 489 113 159 345 142 146 305 357 190 56 453 62 519 53 16 260 211 4 141 52 460 361 33 180 272 478 462 343 309 438 457 360 68 480 325 459 273 157 323 204 369 512 216 252 171 471 243 469 77 331 383 107 226 3 435 131 515 424 352 406 413 464 183 364 8 167 284 156 15 504 58 337 129 244 258 119 297 233 181 76 57 14 5 468 72 42 164 149 497 160 277 128 417 376 433 371 341 473 474 124 280 66 114 470 402 11 54 101 130 509 229 193 49 232 221 366 368 116 79 451 199 332 27 286 405 28 347 414 263 46 450 202 446 271 161 518 206 251 13 35 25 430 487 50 388 310 6 87 463 44 511 348 80 82 418 496 86 461 85 449 239 100 108 303 398 223 425 330 384 467 312 259 90 261 213 165 22 7 276 432 436 287 26 442 241 136 140 163 400 514 227 210 30 306 445 490 316 1 
