PARAMETER_FILE = result/cvrptw_500/LKH_para/647.para
Reading PROBLEM_FILE: "result/cvrptw_500/cvrptw/647.cvrptw" ... done
ASCENT_CANDIDATES = 50
BACKBONE_TRIALS = 0
BACKTRACKING = NO
# BWTSP =
# CANDIDATE_FILE =
CANDIDATE_SET_TYPE = ALPHA
DEPOT = 1
# EDGE_FILE =
EXCESS = 0.0384615
EXTERNAL_SALESMEN = 0
EXTRA_CANDIDATES = 0 
EXTRA_CANDIDATE_SET_TYPE = QUADRANT
GAIN23 = NO
GAIN_CRITERION = YES
INITIAL_PERIOD = 520
INITIAL_STEP_SIZE = 1
INITIAL_TOUR_ALGORITHM = WALK
# INITIAL_TOUR_FILE = 
INITIAL_TOUR_FRACTION = 1.000
# INPUT_TOUR_FILE = 
KICK_TYPE = 4
KICKS = 1
# MAX_BREADTH =
MAKESPAN = NO
MAX_CANDIDATES = 5 
MAX_SWAPS = 0
MAX_TRIALS = 1000
# MERGE_TOUR_FILE =
MOVE_TYPE = 5 SPECIAL
MTSP_MIN_SIZE = 1
MTSP_MAX_SIZE = 1039
# MTSP_SOLUTION_FILE = 
# NONSEQUENTIAL_MOVE_TYPE = 5
# OPTIMUM =
# OUTPUT_TOUR_FILE = 
PATCHING_A = 1 
PATCHING_C = 0 
# PI_FILE = 
POPMUSIC_INITIAL_TOUR = NO
POPMUSIC_MAX_NEIGHBORS = 5
POPMUSIC_SAMPLE_SIZE = 10
POPMUSIC_SOLUTIONS = 50
POPMUSIC_TRIALS = 1
POPULATION_SIZE = 10
PRECISION = 100
PROBLEM_FILE = result/cvrptw_500/cvrptw/647.cvrptw
RECOMBINATION = IPT
RESTRICTED_SEARCH = YES
RUNS = 1
SALESMEN = 20
SCALE = 1
SEED = 1234
# SINTEF_SOLUTION_FILE = 
STOP_AT_OPTIMUM = YES
SUBGRADIENT = YES
# SUBPROBLEM_SIZE =
# SUBPROBLEM_TOUR_FILE = 
SUBSEQUENT_MOVE_TYPE = 5 SPECIAL
SUBSEQUENT_PATCHING = YES
# TIME_LIMIT =
# TOUR_FILE = 
TRACE_LEVEL = 1
VEHICLES = 20

Lower bound = 26113230.0, Ascent time = 2.33 sec.
Cand.min = 5, Cand.avg = 5.0, Cand.max = 5
Edges.fixed = 520 [Cost = 0]
Preprocessing time = 2.41 sec.
* 1: Cost = 506776_54694905, Time = 3.51 sec. 
-Trial 1 506776 54694905 5.929670
* 2: Cost = 506776_54525803, Time = 3.60 sec. 
-Trial 2 506776 54525803 6.014715
* 3: Cost = 506776_53969114, Time = 4.00 sec. 
-Trial 3 506776 53969114 6.418804
* 4: Cost = 506776_53740045, Time = 4.26 sec. 
-Trial 4 506776 53740045 6.676816
* 5: Cost = 506776_53704314, Time = 4.56 sec. 
-Trial 5 506776 53704314 6.979944
* 6: Cost = 506776_53595999, Time = 4.73 sec. 
-Trial 6 506776 53595999 7.145093
* 7: Cost = 506776_52948363, Time = 4.94 sec. 
-Trial 7 506776 52948363 7.360312
* 8: Cost = 506776_52896082, Time = 5.10 sec. 
-Trial 8 506776 52896082 7.513729
-Trial 9 506776 52896082 7.629832
-Trial 10 506776 52896082 7.718775
-Trial 11 506776 52896082 7.759872
* 12: Cost = 506776_52790669, Time = 5.54 sec. 
-Trial 12 506776 52790669 7.960080
-Trial 13 506776 52790669 8.196149
-Trial 14 506776 52790669 8.242452
-Trial 15 506776 52790669 8.279135
* 16: Cost = 506776_52708978, Time = 6.05 sec. 
-Trial 16 506776 52708978 8.469683
-Trial 17 506776 52708978 8.746170
-Trial 18 506776 52708978 8.979209
-Trial 19 506776 52708978 9.227622
-Trial 20 506776 52708978 9.294008
-Trial 21 506776 52708978 9.356518
-Trial 22 506776 52708978 9.454187
-Trial 23 506776 52708978 9.568431
* 24: Cost = 506776_52628164, Time = 7.29 sec. 
-Trial 24 506776 52628164 9.709580
* 25: Cost = 506776_52394657, Time = 7.38 sec. 
-Trial 25 506776 52394657 9.795304
-Trial 26 506776 52394657 10.235622
-Trial 27 506776 52394657 10.588511
-Trial 28 506776 52394657 10.646951
* 29: Cost = 346062_52768749, Time = 8.61 sec. 
-Trial 29 346062 52768749 11.029334
-Trial 30 346062 52768749 11.072153
-Trial 31 346062 52768749 11.164344
* 32: Cost = 346062_52042980, Time = 8.93 sec. 
-Trial 32 346062 52042980 11.351999
* 33: Cost = 346062_51923125, Time = 9.05 sec. 
-Trial 33 346062 51923125 11.471304
* 34: Cost = 346062_51771273, Time = 9.24 sec. 
-Trial 34 346062 51771273 11.659133
-Trial 35 346062 51771273 11.686521
-Trial 36 346062 51771273 11.976600
* 37: Cost = 346062_51278893, Time = 9.68 sec. 
-Trial 37 346062 51278893 12.098096
* 38: Cost = 346062_51097493, Time = 9.75 sec. 
-Trial 38 346062 51097493 12.168699
* 39: Cost = 346062_50680656, Time = 9.83 sec. 
-Trial 39 346062 50680656 12.244535
* 40: Cost = 346062_50455893, Time = 9.89 sec. 
-Trial 40 346062 50455893 12.306257
* 41: Cost = 346062_50449585, Time = 10.05 sec. 
-Trial 41 346062 50449585 12.468421
* 42: Cost = 346062_50306836, Time = 10.29 sec. 
-Trial 42 346062 50306836 12.706408
* 43: Cost = 346062_50295525, Time = 10.35 sec. 
-Trial 43 346062 50295525 12.765042
* 44: Cost = 0_51046852, Time = 10.42 sec. 
-Trial 44 0 51046852 12.841531
-Trial 45 0 51046852 12.845314
* 46: Cost = 0_51012512, Time = 10.45 sec. 
-Trial 46 0 51012512 12.865731
-Trial 47 0 51012512 12.878038
* 48: Cost = 0_50888520, Time = 10.48 sec. 
-Trial 48 0 50888520 12.898340
-Trial 49 0 50888520 12.899598
-Trial 50 0 50888520 12.910770
-Trial 51 0 50888520 12.944777
-Trial 52 0 50888520 13.269795
* 53: Cost = 0_50851131, Time = 10.88 sec. 
-Trial 53 0 50851131 13.298535
* 54: Cost = 0_50659000, Time = 10.92 sec. 
-Trial 54 0 50659000 13.334702
* 55: Cost = 0_49653622, Time = 11.00 sec. 
-Trial 55 0 49653622 13.413139
-Trial 56 0 49653622 13.427802
-Trial 57 0 49653622 13.428943
-Trial 58 0 49653622 13.443867
-Trial 59 0 49653622 13.526993
* 60: Cost = 0_49412970, Time = 11.12 sec. 
-Trial 60 0 49412970 13.539769
-Trial 61 0 49412970 13.543348
* 62: Cost = 0_49297249, Time = 11.13 sec. 
-Trial 62 0 49297249 13.549169
-Trial 63 0 49297249 13.557902
-Trial 64 0 49297249 13.570229
-Trial 65 0 49297249 13.606550
-Trial 66 0 49297249 13.618794
-Trial 67 0 49297249 13.637842
-Trial 68 0 49297249 13.676381
-Trial 69 0 49297249 13.687905
-Trial 70 0 49297249 13.736763
-Trial 71 0 49297249 13.811945
* 72: Cost = 0_49087219, Time = 11.42 sec. 
-Trial 72 0 49087219 13.835372
* 73: Cost = 0_48984911, Time = 11.44 sec. 
-Trial 73 0 48984911 13.860813
* 74: Cost = 0_48848643, Time = 11.45 sec. 
-Trial 74 0 48848643 13.872035
-Trial 75 0 48848643 13.887267
-Trial 76 0 48848643 13.909368
* 77: Cost = 0_48735196, Time = 11.51 sec. 
-Trial 77 0 48735196 13.930094
-Trial 78 0 48735196 13.942329
-Trial 79 0 48735196 13.979594
-Trial 80 0 48735196 13.985345
-Trial 81 0 48735196 14.004350
* 82: Cost = 0_48698769, Time = 11.63 sec. 
-Trial 82 0 48698769 14.050829
-Trial 83 0 48698769 14.089431
* 84: Cost = 0_48696798, Time = 11.72 sec. 
-Trial 84 0 48696798 14.135209
-Trial 85 0 48696798 14.143599
* 86: Cost = 0_48568779, Time = 11.74 sec. 
-Trial 86 0 48568779 14.152420
-Trial 87 0 48568779 14.160645
* 88: Cost = 0_48466362, Time = 11.78 sec. 
-Trial 88 0 48466362 14.196982
-Trial 89 0 48466362 14.197511
* 90: Cost = 0_48321669, Time = 11.80 sec. 
-Trial 90 0 48321669 14.219733
* 91: Cost = 0_48318042, Time = 11.85 sec. 
-Trial 91 0 48318042 14.270494
-Trial 92 0 48318042 14.285594
* 93: Cost = 0_48231017, Time = 11.88 sec. 
-Trial 93 0 48231017 14.293813
-Trial 94 0 48231017 14.303968
-Trial 95 0 48231017 14.346973
-Trial 96 0 48231017 14.416777
-Trial 97 0 48231017 14.431932
-Trial 98 0 48231017 14.443587
-Trial 99 0 48231017 14.576930
* 100: Cost = 0_48219517, Time = 12.21 sec. 
-Trial 100 0 48219517 14.629738
-Trial 101 0 48219517 14.630562
* 102: Cost = 0_48197993, Time = 12.25 sec. 
-Trial 102 0 48197993 14.663550
* 103: Cost = 0_48179141, Time = 12.27 sec. 
-Trial 103 0 48179141 14.691576
-Trial 104 0 48179141 14.812113
-Trial 105 0 48179141 14.841696
-Trial 106 0 48179141 14.861636
* 107: Cost = 0_48129581, Time = 12.48 sec. 
-Trial 107 0 48129581 14.895168
-Trial 108 0 48129581 14.966875
* 109: Cost = 0_47902916, Time = 12.59 sec. 
-Trial 109 0 47902916 15.006035
-Trial 110 0 47902916 15.026236
* 111: Cost = 0_47700841, Time = 12.62 sec. 
-Trial 111 0 47700841 15.038704
-Trial 112 0 47700841 15.094723
-Trial 113 0 47700841 15.099477
-Trial 114 0 47700841 15.161143
-Trial 115 0 47700841 15.185328
* 116: Cost = 0_47699573, Time = 12.80 sec. 
-Trial 116 0 47699573 15.213298
-Trial 117 0 47699573 15.277172
-Trial 118 0 47699573 15.370827
* 119: Cost = 0_47551945, Time = 12.96 sec. 
-Trial 119 0 47551945 15.377809
-Trial 120 0 47551945 15.379703
-Trial 121 0 47551945 15.484208
-Trial 122 0 47551945 15.580516
-Trial 123 0 47551945 15.586471
-Trial 124 0 47551945 15.589141
-Trial 125 0 47551945 15.625753
-Trial 126 0 47551945 15.668664
-Trial 127 0 47551945 15.687072
* 128: Cost = 0_47520038, Time = 13.30 sec. 
-Trial 128 0 47520038 15.714403
-Trial 129 0 47520038 15.738841
-Trial 130 0 47520038 15.744302
-Trial 131 0 47520038 15.749973
-Trial 132 0 47520038 15.757224
* 133: Cost = 0_47399882, Time = 13.52 sec. 
-Trial 133 0 47399882 15.933685
* 134: Cost = 0_47365884, Time = 13.56 sec. 
-Trial 134 0 47365884 15.972549
-Trial 135 0 47365884 16.008425
-Trial 136 0 47365884 16.029994
-Trial 137 0 47365884 16.074272
-Trial 138 0 47365884 16.093633
-Trial 139 0 47365884 16.113314
-Trial 140 0 47365884 16.149923
* 141: Cost = 0_47241849, Time = 13.76 sec. 
-Trial 141 0 47241849 16.181362
* 142: Cost = 0_47142419, Time = 13.78 sec. 
-Trial 142 0 47142419 16.200894
-Trial 143 0 47142419 16.217306
* 144: Cost = 0_46987415, Time = 13.84 sec. 
-Trial 144 0 46987415 16.254956
-Trial 145 0 46987415 16.279766
* 146: Cost = 0_46959051, Time = 13.89 sec. 
-Trial 146 0 46959051 16.307581
-Trial 147 0 46959051 16.331092
-Trial 148 0 46959051 16.341849
-Trial 149 0 46959051 16.343032
-Trial 150 0 46959051 16.367476
-Trial 151 0 46959051 16.380456
-Trial 152 0 46959051 16.435674
* 153: Cost = 0_46893657, Time = 14.11 sec. 
-Trial 153 0 46893657 16.522421
-Trial 154 0 46893657 16.659330
-Trial 155 0 46893657 16.716584
-Trial 156 0 46893657 16.739321
-Trial 157 0 46893657 16.765699
-Trial 158 0 46893657 16.865628
* 159: Cost = 0_46878389, Time = 14.47 sec. 
-Trial 159 0 46878389 16.891701
-Trial 160 0 46878389 16.907770
-Trial 161 0 46878389 16.925034
-Trial 162 0 46878389 16.966698
-Trial 163 0 46878389 16.985414
* 164: Cost = 0_46877671, Time = 14.61 sec. 
-Trial 164 0 46877671 17.025190
* 165: Cost = 0_46764120, Time = 14.64 sec. 
-Trial 165 0 46764120 17.058766
-Trial 166 0 46764120 17.062598
-Trial 167 0 46764120 17.082873
-Trial 168 0 46764120 17.140971
-Trial 169 0 46764120 17.148494
-Trial 170 0 46764120 17.154813
* 171: Cost = 0_46664981, Time = 14.75 sec. 
-Trial 171 0 46664981 17.171576
-Trial 172 0 46664981 17.193585
-Trial 173 0 46664981 17.204026
* 174: Cost = 0_46611080, Time = 14.80 sec. 
-Trial 174 0 46611080 17.221230
-Trial 175 0 46611080 17.247409
-Trial 176 0 46611080 17.264644
-Trial 177 0 46611080 17.288853
-Trial 178 0 46611080 17.296645
-Trial 179 0 46611080 17.401401
-Trial 180 0 46611080 17.425080
-Trial 181 0 46611080 17.441452
-Trial 182 0 46611080 17.587492
-Trial 183 0 46611080 17.588110
-Trial 184 0 46611080 17.596832
-Trial 185 0 46611080 17.620913
-Trial 186 0 46611080 17.642237
* 187: Cost = 0_46597525, Time = 15.27 sec. 
-Trial 187 0 46597525 17.689646
-Trial 188 0 46597525 17.690597
-Trial 189 0 46597525 17.723130
-Trial 190 0 46597525 17.748423
-Trial 191 0 46597525 17.756405
-Trial 192 0 46597525 17.766709
-Trial 193 0 46597525 17.819193
-Trial 194 0 46597525 17.852071
* 195: Cost = 0_46534887, Time = 15.47 sec. 
-Trial 195 0 46534887 17.886366
-Trial 196 0 46534887 17.899347
-Trial 197 0 46534887 17.919446
-Trial 198 0 46534887 17.938388
-Trial 199 0 46534887 17.946139
-Trial 200 0 46534887 17.961032
* 201: Cost = 0_46512137, Time = 15.55 sec. 
-Trial 201 0 46512137 17.966678
-Trial 202 0 46512137 17.985788
* 203: Cost = 0_46332006, Time = 15.60 sec. 
-Trial 203 0 46332006 18.018448
-Trial 204 0 46332006 18.034321
-Trial 205 0 46332006 18.040346
-Trial 206 0 46332006 18.062361
* 207: Cost = 0_46248748, Time = 15.67 sec. 
-Trial 207 0 46248748 18.090973
* 208: Cost = 0_46160385, Time = 15.72 sec. 
-Trial 208 0 46160385 18.132933
-Trial 209 0 46160385 18.145584
-Trial 210 0 46160385 18.151285
-Trial 211 0 46160385 18.156392
-Trial 212 0 46160385 18.165911
-Trial 213 0 46160385 18.191722
-Trial 214 0 46160385 18.206584
-Trial 215 0 46160385 18.245181
-Trial 216 0 46160385 18.264980
-Trial 217 0 46160385 18.284107
-Trial 218 0 46160385 18.310095
-Trial 219 0 46160385 18.318969
-Trial 220 0 46160385 18.342526
-Trial 221 0 46160385 18.421305
* 222: Cost = 0_46140035, Time = 16.02 sec. 
-Trial 222 0 46140035 18.434386
-Trial 223 0 46140035 18.451562
-Trial 224 0 46140035 18.461476
-Trial 225 0 46140035 18.605227
-Trial 226 0 46140035 18.663183
* 227: Cost = 0_46118980, Time = 16.27 sec. 
-Trial 227 0 46118980 18.683174
-Trial 228 0 46118980 18.711983
-Trial 229 0 46118980 18.753928
-Trial 230 0 46118980 18.771075
-Trial 231 0 46118980 18.785633
* 232: Cost = 0_46112206, Time = 16.45 sec. 
-Trial 232 0 46112206 18.863317
* 233: Cost = 0_46010386, Time = 16.46 sec. 
-Trial 233 0 46010386 18.876831
-Trial 234 0 46010386 18.888383
-Trial 235 0 46010386 18.998676
-Trial 236 0 46010386 19.011358
-Trial 237 0 46010386 19.022969
-Trial 238 0 46010386 19.029212
-Trial 239 0 46010386 19.055503
-Trial 240 0 46010386 19.059785
-Trial 241 0 46010386 19.072808
* 242: Cost = 0_46000235, Time = 16.68 sec. 
-Trial 242 0 46000235 19.096109
-Trial 243 0 46000235 19.138906
-Trial 244 0 46000235 19.144961
-Trial 245 0 46000235 19.229173
-Trial 246 0 46000235 19.259813
-Trial 247 0 46000235 19.272904
* 248: Cost = 0_45970000, Time = 16.88 sec. 
-Trial 248 0 45970000 19.294429
-Trial 249 0 45970000 19.305288
-Trial 250 0 45970000 19.440561
-Trial 251 0 45970000 19.478869
-Trial 252 0 45970000 19.535938
* 253: Cost = 0_45966403, Time = 17.12 sec. 
-Trial 253 0 45966403 19.538350
-Trial 254 0 45966403 19.570447
-Trial 255 0 45966403 19.628523
* 256: Cost = 0_45782416, Time = 17.23 sec. 
-Trial 256 0 45782416 19.646755
-Trial 257 0 45782416 19.694611
-Trial 258 0 45782416 19.704042
-Trial 259 0 45782416 19.715452
-Trial 260 0 45782416 19.754025
-Trial 261 0 45782416 19.769570
-Trial 262 0 45782416 19.778501
-Trial 263 0 45782416 19.786002
-Trial 264 0 45782416 19.809583
-Trial 265 0 45782416 19.819826
-Trial 266 0 45782416 19.887326
-Trial 267 0 45782416 19.929897
-Trial 268 0 45782416 19.936348
* 269: Cost = 0_45779287, Time = 17.53 sec. 
-Trial 269 0 45779287 19.950653
-Trial 270 0 45779287 19.951608
* 271: Cost = 0_45713243, Time = 17.57 sec. 
-Trial 271 0 45713243 19.982336
-Trial 272 0 45713243 19.990179
-Trial 273 0 45713243 19.996650
-Trial 274 0 45713243 20.009218
* 275: Cost = 0_45579808, Time = 17.67 sec. 
-Trial 275 0 45579808 20.082489
* 276: Cost = 0_45558810, Time = 17.67 sec. 
-Trial 276 0 45558810 20.087816
-Trial 277 0 45558810 20.101474
-Trial 278 0 45558810 20.103693
-Trial 279 0 45558810 20.123390
-Trial 280 0 45558810 20.129613
-Trial 281 0 45558810 20.149831
-Trial 282 0 45558810 20.153460
-Trial 283 0 45558810 20.230246
-Trial 284 0 45558810 20.246819
* 285: Cost = 0_45551555, Time = 17.85 sec. 
-Trial 285 0 45551555 20.266776
-Trial 286 0 45551555 20.284451
* 287: Cost = 0_45482947, Time = 17.94 sec. 
-Trial 287 0 45482947 20.355185
-Trial 288 0 45482947 20.411234
* 289: Cost = 0_45302250, Time = 18.12 sec. 
-Trial 289 0 45302250 20.532492
* 290: Cost = 0_45280872, Time = 18.18 sec. 
-Trial 290 0 45280872 20.595305
-Trial 291 0 45280872 20.628259
-Trial 292 0 45280872 20.651644
-Trial 293 0 45280872 20.682664
-Trial 294 0 45280872 21.054338
-Trial 295 0 45280872 21.094924
-Trial 296 0 45280872 21.103979
* 297: Cost = 0_45210264, Time = 18.70 sec. 
-Trial 297 0 45210264 21.113351
-Trial 298 0 45210264 21.125315
-Trial 299 0 45210264 21.131691
* 300: Cost = 0_45183340, Time = 18.77 sec. 
-Trial 300 0 45183340 21.183878
-Trial 301 0 45183340 21.285610
* 302: Cost = 0_45156192, Time = 18.88 sec. 
-Trial 302 0 45156192 21.298557
-Trial 303 0 45156192 21.321390
-Trial 304 0 45156192 21.399883
* 305: Cost = 0_45143225, Time = 19.02 sec. 
-Trial 305 0 45143225 21.432830
-Trial 306 0 45143225 21.565777
* 307: Cost = 0_45086723, Time = 19.17 sec. 
-Trial 307 0 45086723 21.586217
-Trial 308 0 45086723 21.592657
* 309: Cost = 0_45048681, Time = 19.21 sec. 
-Trial 309 0 45048681 21.630950
* 310: Cost = 0_44827743, Time = 19.34 sec. 
-Trial 310 0 44827743 21.760154
-Trial 311 0 44827743 21.799327
-Trial 312 0 44827743 21.820234
-Trial 313 0 44827743 21.860567
-Trial 314 0 44827743 21.874688
-Trial 315 0 44827743 21.932785
-Trial 316 0 44827743 21.934140
* 317: Cost = 0_44796174, Time = 19.54 sec. 
-Trial 317 0 44796174 21.954754
-Trial 318 0 44796174 22.227096
-Trial 319 0 44796174 22.234294
-Trial 320 0 44796174 22.243588
-Trial 321 0 44796174 22.248304
-Trial 322 0 44796174 22.266273
* 323: Cost = 0_44672560, Time = 19.95 sec. 
-Trial 323 0 44672560 22.364753
-Trial 324 0 44672560 22.386307
-Trial 325 0 44672560 22.415600
-Trial 326 0 44672560 22.462804
-Trial 327 0 44672560 22.491330
* 328: Cost = 0_44628939, Time = 20.12 sec. 
-Trial 328 0 44628939 22.540030
-Trial 329 0 44628939 22.545416
* 330: Cost = 0_44570334, Time = 20.13 sec. 
-Trial 330 0 44570334 22.548504
-Trial 331 0 44570334 22.617189
-Trial 332 0 44570334 22.650654
-Trial 333 0 44570334 22.667865
* 334: Cost = 0_44388244, Time = 20.31 sec. 
-Trial 334 0 44388244 22.722314
-Trial 335 0 44388244 22.770291
-Trial 336 0 44388244 22.784464
* 337: Cost = 0_44356239, Time = 20.51 sec. 
-Trial 337 0 44356239 22.925737
-Trial 338 0 44356239 22.941017
-Trial 339 0 44356239 22.968898
-Trial 340 0 44356239 23.077673
-Trial 341 0 44356239 23.117932
-Trial 342 0 44356239 23.147804
-Trial 343 0 44356239 23.162676
-Trial 344 0 44356239 23.180187
* 345: Cost = 0_44309392, Time = 20.78 sec. 
-Trial 345 0 44309392 23.197697
-Trial 346 0 44309392 23.203808
-Trial 347 0 44309392 23.280294
* 348: Cost = 0_43958083, Time = 20.89 sec. 
-Trial 348 0 43958083 23.305582
-Trial 349 0 43958083 23.366352
-Trial 350 0 43958083 23.370520
* 351: Cost = 0_43913726, Time = 20.98 sec. 
-Trial 351 0 43913726 23.402054
-Trial 352 0 43913726 23.418008
-Trial 353 0 43913726 23.481560
-Trial 354 0 43913726 23.488269
-Trial 355 0 43913726 23.517268
* 356: Cost = 0_43910129, Time = 21.10 sec. 
-Trial 356 0 43910129 23.521152
-Trial 357 0 43910129 23.626766
-Trial 358 0 43910129 23.769353
-Trial 359 0 43910129 23.770295
-Trial 360 0 43910129 23.792551
-Trial 361 0 43910129 23.876287
-Trial 362 0 43910129 23.881023
-Trial 363 0 43910129 23.896387
-Trial 364 0 43910129 23.914832
-Trial 365 0 43910129 23.925889
-Trial 366 0 43910129 23.930702
* 367: Cost = 0_43868173, Time = 21.53 sec. 
-Trial 367 0 43868173 23.951801
-Trial 368 0 43868173 23.979563
-Trial 369 0 43868173 24.025318
-Trial 370 0 43868173 24.029843
-Trial 371 0 43868173 24.048915
-Trial 372 0 43868173 24.079527
-Trial 373 0 43868173 24.094300
-Trial 374 0 43868173 24.332218
-Trial 375 0 43868173 24.520346
-Trial 376 0 43868173 24.660167
-Trial 377 0 43868173 24.766742
-Trial 378 0 43868173 24.797021
-Trial 379 0 43868173 24.826785
-Trial 380 0 43868173 24.837838
-Trial 381 0 43868173 24.846299
-Trial 382 0 43868173 24.851277
* 383: Cost = 0_43850920, Time = 22.44 sec. 
-Trial 383 0 43850920 24.858329
* 384: Cost = 0_43845909, Time = 22.45 sec. 
-Trial 384 0 43845909 24.864224
-Trial 385 0 43845909 24.888485
-Trial 386 0 43845909 24.913610
-Trial 387 0 43845909 25.017803
-Trial 388 0 43845909 25.030318
-Trial 389 0 43845909 25.040013
-Trial 390 0 43845909 25.046229
-Trial 391 0 43845909 25.057867
* 392: Cost = 0_43783142, Time = 22.69 sec. 
-Trial 392 0 43783142 25.103577
-Trial 393 0 43783142 25.114217
-Trial 394 0 43783142 25.121975
-Trial 395 0 43783142 25.143894
-Trial 396 0 43783142 25.174982
-Trial 397 0 43783142 25.190855
-Trial 398 0 43783142 25.269768
-Trial 399 0 43783142 25.444852
-Trial 400 0 43783142 25.483684
-Trial 401 0 43783142 25.509889
-Trial 402 0 43783142 25.511220
* 403: Cost = 0_43760570, Time = 23.13 sec. 
-Trial 403 0 43760570 25.549055
-Trial 404 0 43760570 25.554325
-Trial 405 0 43760570 25.585232
-Trial 406 0 43760570 25.709518
-Trial 407 0 43760570 25.740282
-Trial 408 0 43760570 25.749093
-Trial 409 0 43760570 25.760534
-Trial 410 0 43760570 25.769767
* 411: Cost = 0_43751529, Time = 23.36 sec. 
-Trial 411 0 43751529 25.772820
* 412: Cost = 0_43650919, Time = 23.39 sec. 
-Trial 412 0 43650919 25.808024
-Trial 413 0 43650919 25.829234
-Trial 414 0 43650919 25.835683
* 415: Cost = 0_43643743, Time = 23.43 sec. 
-Trial 415 0 43643743 25.845949
-Trial 416 0 43643743 25.861824
* 417: Cost = 0_43597777, Time = 23.58 sec. 
-Trial 417 0 43597777 25.999276
-Trial 418 0 43597777 26.014774
-Trial 419 0 43597777 26.027863
-Trial 420 0 43597777 26.037277
-Trial 421 0 43597777 26.074898
-Trial 422 0 43597777 26.165699
-Trial 423 0 43597777 26.202527
-Trial 424 0 43597777 26.220802
-Trial 425 0 43597777 26.229846
* 426: Cost = 0_43557324, Time = 23.83 sec. 
-Trial 426 0 43557324 26.247743
-Trial 427 0 43557324 26.253749
-Trial 428 0 43557324 26.257383
-Trial 429 0 43557324 26.369481
-Trial 430 0 43557324 26.381825
-Trial 431 0 43557324 26.397020
-Trial 432 0 43557324 26.461907
-Trial 433 0 43557324 26.466635
* 434: Cost = 0_43556617, Time = 24.08 sec. 
-Trial 434 0 43556617 26.496967
* 435: Cost = 0_43406041, Time = 24.09 sec. 
-Trial 435 0 43406041 26.507167
-Trial 436 0 43406041 26.508751
-Trial 437 0 43406041 26.514131
-Trial 438 0 43406041 26.522795
-Trial 439 0 43406041 26.535058
-Trial 440 0 43406041 26.539581
-Trial 441 0 43406041 26.544161
-Trial 442 0 43406041 26.544606
-Trial 443 0 43406041 26.549723
-Trial 444 0 43406041 26.558926
-Trial 445 0 43406041 26.590678
-Trial 446 0 43406041 26.607920
-Trial 447 0 43406041 26.635322
-Trial 448 0 43406041 26.692721
* 449: Cost = 0_43314407, Time = 24.28 sec. 
-Trial 449 0 43314407 26.700647
-Trial 450 0 43314407 26.705877
-Trial 451 0 43314407 26.739152
-Trial 452 0 43314407 26.814820
-Trial 453 0 43314407 26.911663
-Trial 454 0 43314407 26.933380
-Trial 455 0 43314407 26.954394
-Trial 456 0 43314407 26.993735
-Trial 457 0 43314407 26.997475
-Trial 458 0 43314407 27.039671
-Trial 459 0 43314407 27.067792
-Trial 460 0 43314407 27.084352
-Trial 461 0 43314407 27.116226
* 462: Cost = 0_43179290, Time = 24.70 sec. 
-Trial 462 0 43179290 27.121791
-Trial 463 0 43179290 27.132036
-Trial 464 0 43179290 27.141518
-Trial 465 0 43179290 27.172568
-Trial 466 0 43179290 27.185864
-Trial 467 0 43179290 27.198728
* 468: Cost = 0_43063709, Time = 24.80 sec. 
-Trial 468 0 43063709 27.219385
-Trial 469 0 43063709 27.234250
-Trial 470 0 43063709 27.235046
-Trial 471 0 43063709 27.248768
-Trial 472 0 43063709 27.258580
-Trial 473 0 43063709 27.275783
-Trial 474 0 43063709 27.346583
-Trial 475 0 43063709 27.355906
-Trial 476 0 43063709 27.357816
-Trial 477 0 43063709 27.385225
-Trial 478 0 43063709 27.514509
-Trial 479 0 43063709 27.567093
-Trial 480 0 43063709 27.595585
-Trial 481 0 43063709 27.618362
-Trial 482 0 43063709 27.619651
-Trial 483 0 43063709 27.646587
-Trial 484 0 43063709 27.748837
-Trial 485 0 43063709 27.823317
-Trial 486 0 43063709 27.831419
-Trial 487 0 43063709 27.846082
-Trial 488 0 43063709 27.858918
-Trial 489 0 43063709 27.874258
-Trial 490 0 43063709 27.898114
-Trial 491 0 43063709 27.902267
-Trial 492 0 43063709 27.931235
-Trial 493 0 43063709 28.001324
-Trial 494 0 43063709 28.022520
-Trial 495 0 43063709 28.033903
-Trial 496 0 43063709 28.051435
-Trial 497 0 43063709 28.056173
-Trial 498 0 43063709 28.066110
-Trial 499 0 43063709 28.130089
* 500: Cost = 0_42980800, Time = 25.74 sec. 
-Trial 500 0 42980800 28.155678
* 501: Cost = 0_42976798, Time = 25.76 sec. 
-Trial 501 0 42976798 28.176745
-Trial 502 0 42976798 28.199250
-Trial 503 0 42976798 28.208124
-Trial 504 0 42976798 28.238985
-Trial 505 0 42976798 28.272162
-Trial 506 0 42976798 28.282421
-Trial 507 0 42976798 28.315808
-Trial 508 0 42976798 28.322628
-Trial 509 0 42976798 28.331255
-Trial 510 0 42976798 28.338317
-Trial 511 0 42976798 28.386276
-Trial 512 0 42976798 28.391112
-Trial 513 0 42976798 28.456511
-Trial 514 0 42976798 28.497700
-Trial 515 0 42976798 28.525500
-Trial 516 0 42976798 28.531261
-Trial 517 0 42976798 28.533089
-Trial 518 0 42976798 28.550405
-Trial 519 0 42976798 28.567239
-Trial 520 0 42976798 28.590629
-Trial 521 0 42976798 28.598743
-Trial 522 0 42976798 28.600760
-Trial 523 0 42976798 28.642473
-Trial 524 0 42976798 28.658436
-Trial 525 0 42976798 28.705883
* 526: Cost = 0_42956448, Time = 26.35 sec. 
-Trial 526 0 42956448 28.769577
-Trial 527 0 42956448 28.777201
-Trial 528 0 42956448 28.854423
-Trial 529 0 42956448 28.872868
-Trial 530 0 42956448 28.878908
-Trial 531 0 42956448 28.891676
-Trial 532 0 42956448 28.965137
-Trial 533 0 42956448 28.980265
-Trial 534 0 42956448 29.019227
-Trial 535 0 42956448 29.063169
-Trial 536 0 42956448 29.071569
-Trial 537 0 42956448 29.077595
* 538: Cost = 0_42953389, Time = 26.67 sec. 
-Trial 538 0 42953389 29.089696
-Trial 539 0 42953389 29.095103
-Trial 540 0 42953389 29.118819
-Trial 541 0 42953389 29.123629
-Trial 542 0 42953389 29.207484
-Trial 543 0 42953389 29.309575
-Trial 544 0 42953389 29.334649
-Trial 545 0 42953389 29.341650
-Trial 546 0 42953389 29.348393
-Trial 547 0 42953389 29.433880
-Trial 548 0 42953389 29.466973
-Trial 549 0 42953389 29.498555
-Trial 550 0 42953389 29.550992
-Trial 551 0 42953389 29.636806
-Trial 552 0 42953389 29.655403
-Trial 553 0 42953389 29.685451
-Trial 554 0 42953389 29.691985
-Trial 555 0 42953389 29.760956
-Trial 556 0 42953389 29.773089
-Trial 557 0 42953389 29.787283
-Trial 558 0 42953389 29.804575
* 559: Cost = 0_42930817, Time = 27.40 sec. 
-Trial 559 0 42930817 29.813209
-Trial 560 0 42930817 29.824650
-Trial 561 0 42930817 29.846237
-Trial 562 0 42930817 29.876668
-Trial 563 0 42930817 29.893038
-Trial 564 0 42930817 29.902681
-Trial 565 0 42930817 29.946794
-Trial 566 0 42930817 29.947675
-Trial 567 0 42930817 30.025667
-Trial 568 0 42930817 30.042363
-Trial 569 0 42930817 30.064689
-Trial 570 0 42930817 30.163495
-Trial 571 0 42930817 30.273007
-Trial 572 0 42930817 30.293847
-Trial 573 0 42930817 30.304849
-Trial 574 0 42930817 30.324035
-Trial 575 0 42930817 30.425439
-Trial 576 0 42930817 30.439894
-Trial 577 0 42930817 30.469510
-Trial 578 0 42930817 30.508753
-Trial 579 0 42930817 30.512543
-Trial 580 0 42930817 30.520034
-Trial 581 0 42930817 30.533023
-Trial 582 0 42930817 30.565044
-Trial 583 0 42930817 30.587198
-Trial 584 0 42930817 30.593648
-Trial 585 0 42930817 30.629938
-Trial 586 0 42930817 30.643239
-Trial 587 0 42930817 30.658899
-Trial 588 0 42930817 30.679716
-Trial 589 0 42930817 30.685733
-Trial 590 0 42930817 30.694835
-Trial 591 0 42930817 30.701217
-Trial 592 0 42930817 30.715257
-Trial 593 0 42930817 30.747955
-Trial 594 0 42930817 30.760145
-Trial 595 0 42930817 30.779483
-Trial 596 0 42930817 30.802759
-Trial 597 0 42930817 30.809670
-Trial 598 0 42930817 30.819582
-Trial 599 0 42930817 30.849761
-Trial 600 0 42930817 30.861116
-Trial 601 0 42930817 30.871484
-Trial 602 0 42930817 30.909742
-Trial 603 0 42930817 30.918150
-Trial 604 0 42930817 30.924332
-Trial 605 0 42930817 30.940529
-Trial 606 0 42930817 30.942524
-Trial 607 0 42930817 30.959845
-Trial 608 0 42930817 31.032572
-Trial 609 0 42930817 31.109984
-Trial 610 0 42930817 31.143037
-Trial 611 0 42930817 31.147072
-Trial 612 0 42930817 31.166266
-Trial 613 0 42930817 31.285884
-Trial 614 0 42930817 31.310802
* 615: Cost = 0_42929703, Time = 28.97 sec. 
-Trial 615 0 42929703 31.388464
-Trial 616 0 42929703 31.393275
-Trial 617 0 42929703 31.494915
-Trial 618 0 42929703 31.523914
-Trial 619 0 42929703 31.540837
-Trial 620 0 42929703 31.545350
-Trial 621 0 42929703 31.577974
* 622: Cost = 0_42918917, Time = 29.20 sec. 
-Trial 622 0 42918917 31.616154
-Trial 623 0 42918917 31.640096
-Trial 624 0 42918917 31.654824
-Trial 625 0 42918917 31.677020
* 626: Cost = 0_42871195, Time = 29.26 sec. 
-Trial 626 0 42871195 31.680978
-Trial 627 0 42871195 31.842456
-Trial 628 0 42871195 31.927040
-Trial 629 0 42871195 31.942038
-Trial 630 0 42871195 31.952544
-Trial 631 0 42871195 32.045869
-Trial 632 0 42871195 32.049044
-Trial 633 0 42871195 32.058718
-Trial 634 0 42871195 32.095382
-Trial 635 0 42871195 32.161716
-Trial 636 0 42871195 32.181631
-Trial 637 0 42871195 32.191847
-Trial 638 0 42871195 32.316492
-Trial 639 0 42871195 32.323423
-Trial 640 0 42871195 32.345787
-Trial 641 0 42871195 32.364206
-Trial 642 0 42871195 32.373249
-Trial 643 0 42871195 32.434983
-Trial 644 0 42871195 32.456882
-Trial 645 0 42871195 32.476855
-Trial 646 0 42871195 32.501972
* 647: Cost = 0_42837408, Time = 30.11 sec. 
-Trial 647 0 42837408 32.532018
-Trial 648 0 42837408 32.548166
-Trial 649 0 42837408 32.571989
-Trial 650 0 42837408 32.590235
-Trial 651 0 42837408 32.594092
-Trial 652 0 42837408 32.606679
-Trial 653 0 42837408 32.612162
-Trial 654 0 42837408 32.625366
-Trial 655 0 42837408 32.651913
-Trial 656 0 42837408 32.661257
-Trial 657 0 42837408 32.673603
-Trial 658 0 42837408 32.687326
* 659: Cost = 0_42834782, Time = 30.28 sec. 
-Trial 659 0 42834782 32.693232
-Trial 660 0 42834782 32.700684
-Trial 661 0 42834782 32.770124
-Trial 662 0 42834782 32.802091
-Trial 663 0 42834782 32.805969
-Trial 664 0 42834782 32.813404
-Trial 665 0 42834782 32.846190
-Trial 666 0 42834782 32.855533
-Trial 667 0 42834782 32.874612
* 668: Cost = 0_42815888, Time = 30.46 sec. 
-Trial 668 0 42815888 32.878261
-Trial 669 0 42815888 32.878757
-Trial 670 0 42815888 32.896576
-Trial 671 0 42815888 32.922625
-Trial 672 0 42815888 32.927413
-Trial 673 0 42815888 33.091860
-Trial 674 0 42815888 33.121177
-Trial 675 0 42815888 33.212729
-Trial 676 0 42815888 33.224751
-Trial 677 0 42815888 33.293080
-Trial 678 0 42815888 33.300686
-Trial 679 0 42815888 33.314539
-Trial 680 0 42815888 33.324273
-Trial 681 0 42815888 33.449483
-Trial 682 0 42815888 33.454407
-Trial 683 0 42815888 33.469542
-Trial 684 0 42815888 33.495569
-Trial 685 0 42815888 33.512720
-Trial 686 0 42815888 33.540233
-Trial 687 0 42815888 33.555107
-Trial 688 0 42815888 33.558542
* 689: Cost = 0_42706910, Time = 31.18 sec. 
-Trial 689 0 42706910 33.592499
* 690: Cost = 0_42705613, Time = 31.20 sec. 
-Trial 690 0 42705613 33.618906
-Trial 691 0 42705613 33.626940
-Trial 692 0 42705613 33.639799
-Trial 693 0 42705613 33.700318
-Trial 694 0 42705613 33.748105
-Trial 695 0 42705613 33.765331
-Trial 696 0 42705613 33.779890
-Trial 697 0 42705613 33.796965
-Trial 698 0 42705613 33.821084
-Trial 699 0 42705613 33.831744
-Trial 700 0 42705613 33.852439
-Trial 701 0 42705613 33.856683
-Trial 702 0 42705613 33.912442
-Trial 703 0 42705613 33.918538
-Trial 704 0 42705613 34.033909
-Trial 705 0 42705613 34.176699
* 706: Cost = 0_42686888, Time = 31.78 sec. 
-Trial 706 0 42686888 34.199496
-Trial 707 0 42686888 34.233768
-Trial 708 0 42686888 34.322088
-Trial 709 0 42686888 34.338611
* 710: Cost = 0_42686477, Time = 31.94 sec. 
-Trial 710 0 42686477 34.354312
-Trial 711 0 42686477 34.382242
-Trial 712 0 42686477 34.411353
-Trial 713 0 42686477 34.460648
-Trial 714 0 42686477 34.485980
* 715: Cost = 0_42680726, Time = 32.11 sec. 
-Trial 715 0 42680726 34.526334
-Trial 716 0 42680726 34.528543
-Trial 717 0 42680726 34.546136
-Trial 718 0 42680726 34.605580
-Trial 719 0 42680726 34.613293
-Trial 720 0 42680726 34.627635
-Trial 721 0 42680726 34.646064
-Trial 722 0 42680726 34.653129
-Trial 723 0 42680726 34.683884
-Trial 724 0 42680726 34.686269
-Trial 725 0 42680726 34.695784
-Trial 726 0 42680726 34.696723
-Trial 727 0 42680726 34.711584
-Trial 728 0 42680726 34.729511
-Trial 729 0 42680726 34.755282
-Trial 730 0 42680726 34.769020
-Trial 731 0 42680726 34.814435
-Trial 732 0 42680726 34.837746
-Trial 733 0 42680726 34.840968
-Trial 734 0 42680726 34.960343
-Trial 735 0 42680726 34.989204
-Trial 736 0 42680726 35.091317
-Trial 737 0 42680726 35.108671
-Trial 738 0 42680726 35.162533
-Trial 739 0 42680726 35.259303
-Trial 740 0 42680726 35.297356
-Trial 741 0 42680726 35.326606
-Trial 742 0 42680726 35.331400
-Trial 743 0 42680726 35.335785
-Trial 744 0 42680726 35.342635
-Trial 745 0 42680726 35.355035
-Trial 746 0 42680726 35.355471
-Trial 747 0 42680726 35.365333
-Trial 748 0 42680726 35.376200
-Trial 749 0 42680726 35.439449
-Trial 750 0 42680726 35.457416
-Trial 751 0 42680726 35.542680
-Trial 752 0 42680726 35.577433
-Trial 753 0 42680726 35.599543
-Trial 754 0 42680726 35.624713
-Trial 755 0 42680726 35.625928
-Trial 756 0 42680726 35.630215
-Trial 757 0 42680726 35.639329
-Trial 758 0 42680726 35.658000
-Trial 759 0 42680726 35.660210
-Trial 760 0 42680726 35.717950
-Trial 761 0 42680726 35.729892
-Trial 762 0 42680726 35.750983
-Trial 763 0 42680726 35.788063
-Trial 764 0 42680726 35.792789
-Trial 765 0 42680726 35.798816
-Trial 766 0 42680726 35.804667
-Trial 767 0 42680726 35.811278
-Trial 768 0 42680726 35.833375
-Trial 769 0 42680726 35.837921
-Trial 770 0 42680726 35.860419
-Trial 771 0 42680726 35.927368
-Trial 772 0 42680726 35.954689
-Trial 773 0 42680726 35.964954
-Trial 774 0 42680726 35.999080
-Trial 775 0 42680726 36.020778
-Trial 776 0 42680726 36.034052
-Trial 777 0 42680726 36.048467
-Trial 778 0 42680726 36.073320
-Trial 779 0 42680726 36.106769
-Trial 780 0 42680726 36.114088
-Trial 781 0 42680726 36.126400
-Trial 782 0 42680726 36.146913
-Trial 783 0 42680726 36.239821
-Trial 784 0 42680726 36.577216
-Trial 785 0 42680726 36.583388
-Trial 786 0 42680726 36.633630
-Trial 787 0 42680726 36.639387
-Trial 788 0 42680726 36.664705
-Trial 789 0 42680726 36.682350
-Trial 790 0 42680726 36.727950
-Trial 791 0 42680726 36.755008
-Trial 792 0 42680726 36.785874
-Trial 793 0 42680726 36.791535
-Trial 794 0 42680726 36.807789
-Trial 795 0 42680726 36.813989
-Trial 796 0 42680726 36.827491
-Trial 797 0 42680726 36.833497
-Trial 798 0 42680726 36.847116
-Trial 799 0 42680726 36.873376
-Trial 800 0 42680726 36.883442
-Trial 801 0 42680726 36.908770
-Trial 802 0 42680726 36.918909
-Trial 803 0 42680726 36.929463
-Trial 804 0 42680726 36.969307
-Trial 805 0 42680726 36.977580
-Trial 806 0 42680726 37.020130
-Trial 807 0 42680726 37.022670
-Trial 808 0 42680726 37.040935
-Trial 809 0 42680726 37.081952
-Trial 810 0 42680726 37.093733
-Trial 811 0 42680726 37.104222
-Trial 812 0 42680726 37.114201
-Trial 813 0 42680726 37.128153
-Trial 814 0 42680726 37.175901
-Trial 815 0 42680726 37.222685
-Trial 816 0 42680726 37.245017
-Trial 817 0 42680726 37.258419
-Trial 818 0 42680726 37.286715
-Trial 819 0 42680726 37.290267
-Trial 820 0 42680726 37.322512
-Trial 821 0 42680726 37.328757
-Trial 822 0 42680726 37.371660
-Trial 823 0 42680726 37.395507
-Trial 824 0 42680726 37.472140
-Trial 825 0 42680726 37.504828
-Trial 826 0 42680726 37.536839
-Trial 827 0 42680726 37.583123
-Trial 828 0 42680726 37.611000
-Trial 829 0 42680726 37.642901
-Trial 830 0 42680726 37.691043
-Trial 831 0 42680726 37.721831
-Trial 832 0 42680726 37.760268
-Trial 833 0 42680726 37.787154
-Trial 834 0 42680726 37.791016
-Trial 835 0 42680726 37.825487
-Trial 836 0 42680726 37.838493
-Trial 837 0 42680726 37.845067
-Trial 838 0 42680726 37.879231
-Trial 839 0 42680726 37.921866
-Trial 840 0 42680726 37.970920
-Trial 841 0 42680726 37.977293
-Trial 842 0 42680726 38.002284
-Trial 843 0 42680726 38.020503
-Trial 844 0 42680726 38.045366
-Trial 845 0 42680726 38.148243
-Trial 846 0 42680726 38.156735
-Trial 847 0 42680726 38.195306
-Trial 848 0 42680726 38.240883
-Trial 849 0 42680726 38.342237
-Trial 850 0 42680726 38.348512
-Trial 851 0 42680726 38.370141
-Trial 852 0 42680726 38.381844
-Trial 853 0 42680726 38.390185
-Trial 854 0 42680726 38.397432
-Trial 855 0 42680726 38.419635
-Trial 856 0 42680726 38.429162
-Trial 857 0 42680726 38.450869
-Trial 858 0 42680726 38.454141
-Trial 859 0 42680726 38.468952
-Trial 860 0 42680726 38.502307
-Trial 861 0 42680726 38.522428
-Trial 862 0 42680726 38.531576
-Trial 863 0 42680726 38.550972
-Trial 864 0 42680726 38.553518
-Trial 865 0 42680726 38.588272
-Trial 866 0 42680726 38.610330
-Trial 867 0 42680726 38.655204
-Trial 868 0 42680726 38.662563
-Trial 869 0 42680726 38.682511
-Trial 870 0 42680726 38.713949
-Trial 871 0 42680726 38.753525
-Trial 872 0 42680726 38.884835
-Trial 873 0 42680726 38.942944
-Trial 874 0 42680726 38.951239
-Trial 875 0 42680726 39.114014
-Trial 876 0 42680726 39.133130
-Trial 877 0 42680726 39.136250
-Trial 878 0 42680726 39.149060
-Trial 879 0 42680726 39.161871
-Trial 880 0 42680726 39.189290
-Trial 881 0 42680726 39.191150
-Trial 882 0 42680726 39.198896
-Trial 883 0 42680726 39.352560
-Trial 884 0 42680726 39.378627
-Trial 885 0 42680726 39.385541
-Trial 886 0 42680726 39.395548
-Trial 887 0 42680726 39.436655
-Trial 888 0 42680726 39.467836
-Trial 889 0 42680726 39.489754
-Trial 890 0 42680726 39.499828
-Trial 891 0 42680726 39.646287
-Trial 892 0 42680726 39.656144
-Trial 893 0 42680726 39.663379
-Trial 894 0 42680726 39.727516
-Trial 895 0 42680726 39.811598
-Trial 896 0 42680726 39.846130
-Trial 897 0 42680726 39.865719
-Trial 898 0 42680726 39.978101
-Trial 899 0 42680726 40.201313
-Trial 900 0 42680726 40.230971
-Trial 901 0 42680726 40.259114
-Trial 902 0 42680726 40.261854
-Trial 903 0 42680726 40.411034
-Trial 904 0 42680726 40.415441
-Trial 905 0 42680726 40.437558
-Trial 906 0 42680726 40.445564
-Trial 907 0 42680726 40.474051
-Trial 908 0 42680726 40.481641
-Trial 909 0 42680726 40.519072
-Trial 910 0 42680726 40.534831
-Trial 911 0 42680726 40.540687
-Trial 912 0 42680726 40.552528
-Trial 913 0 42680726 40.572946
-Trial 914 0 42680726 40.676555
-Trial 915 0 42680726 40.686995
-Trial 916 0 42680726 40.700622
-Trial 917 0 42680726 40.760712
-Trial 918 0 42680726 40.773916
-Trial 919 0 42680726 40.787039
-Trial 920 0 42680726 40.988989
-Trial 921 0 42680726 41.008841
-Trial 922 0 42680726 41.036230
-Trial 923 0 42680726 41.054219
-Trial 924 0 42680726 41.057570
-Trial 925 0 42680726 41.157354
-Trial 926 0 42680726 41.185027
-Trial 927 0 42680726 41.418899
-Trial 928 0 42680726 41.433208
-Trial 929 0 42680726 41.480406
-Trial 930 0 42680726 41.482830
-Trial 931 0 42680726 41.492629
-Trial 932 0 42680726 41.516049
-Trial 933 0 42680726 41.553799
-Trial 934 0 42680726 41.555680
-Trial 935 0 42680726 41.559261
-Trial 936 0 42680726 41.595652
-Trial 937 0 42680726 41.638001
-Trial 938 0 42680726 41.669266
-Trial 939 0 42680726 41.683773
-Trial 940 0 42680726 41.695021
-Trial 941 0 42680726 41.698442
-Trial 942 0 42680726 41.769372
-Trial 943 0 42680726 41.781975
-Trial 944 0 42680726 41.803155
-Trial 945 0 42680726 41.832809
-Trial 946 0 42680726 42.015660
-Trial 947 0 42680726 42.021808
-Trial 948 0 42680726 42.064838
-Trial 949 0 42680726 42.155236
-Trial 950 0 42680726 42.175967
-Trial 951 0 42680726 42.210261
-Trial 952 0 42680726 42.250903
-Trial 953 0 42680726 42.258256
-Trial 954 0 42680726 42.288389
-Trial 955 0 42680726 42.365477
-Trial 956 0 42680726 42.378678
-Trial 957 0 42680726 42.395638
-Trial 958 0 42680726 42.404837
-Trial 959 0 42680726 42.405284
-Trial 960 0 42680726 42.412723
-Trial 961 0 42680726 42.431901
-Trial 962 0 42680726 42.433895
-Trial 963 0 42680726 42.486640
-Trial 964 0 42680726 42.533745
-Trial 965 0 42680726 42.546429
-Trial 966 0 42680726 42.572327
* 967: Cost = 0_42678477, Time = 40.17 sec. 
-Trial 967 0 42678477 42.590075
* 968: Cost = 0_42625054, Time = 40.18 sec. 
-Trial 968 0 42625054 42.597448
-Trial 969 0 42625054 42.625676
-Trial 970 0 42625054 42.635713
-Trial 971 0 42625054 42.638610
-Trial 972 0 42625054 42.698089
-Trial 973 0 42625054 42.701256
-Trial 974 0 42625054 42.718283
-Trial 975 0 42625054 42.720604
-Trial 976 0 42625054 42.720951
-Trial 977 0 42625054 42.725291
-Trial 978 0 42625054 42.757211
* 979: Cost = 0_42624766, Time = 40.37 sec. 
-Trial 979 0 42624766 42.786557
-Trial 980 0 42624766 42.795159
-Trial 981 0 42624766 42.810162
-Trial 982 0 42624766 42.828197
-Trial 983 0 42624766 42.840087
-Trial 984 0 42624766 42.843713
-Trial 985 0 42624766 42.870944
-Trial 986 0 42624766 42.951813
-Trial 987 0 42624766 43.030148
-Trial 988 0 42624766 43.047031
-Trial 989 0 42624766 43.054889
-Trial 990 0 42624766 43.073662
-Trial 991 0 42624766 43.090287
-Trial 992 0 42624766 43.092643
-Trial 993 0 42624766 43.145929
-Trial 994 0 42624766 43.153960
-Trial 995 0 42624766 43.164937
-Trial 996 0 42624766 43.173741
-Trial 997 0 42624766 43.186443
-Trial 998 0 42624766 43.198175
-Trial 999 0 42624766 43.217474
-Trial 1000 0 42624766 43.221785
Population:
  1: 0_42624766
Run 1: Cost = 0_42624766, Time = 40.81 sec. 

Successes/Runs = 0/1 
Cost.min = 42624766, Cost.avg = 42624766.00, Cost.max = 42624766
Gap.min = 0.0000%, Gap.avg = 0.0000%, Gap.max = 0.0000%
Penalty.min = 0, Penalty.avg = 0.00, Penalty.max = 0
Trials.min = 1000, Trials.avg = 1000.0, Trials.max = 1000
Time.min = 40.81 sec., Time.avg = 40.81 sec., Time.max = 40.81 sec.
Time.total = 43.22 sec.
  Size.min = 16, Size.max = 40, Penalty = 0
  Cost.min = 1289562, Cost.max = 3057511, Cost.sum = 42624766
Best CVRPTW solution:
  Cost = 0_42624766
1 474 75 405 160 216 294 291 127 355 395 403 364 142 284 150 383 298 418 59 459 515 327 421 161 424 237 148 256 6 360 389 136 125 14 277 501 188 254 191 312 259 5 23 420 239 82 451 404 502 107 183 385 469 172 265 416 7 482 476 475 219 462 71 350 310 448 187 213 171 439 342 250 442 441 261 495 489 435 506 93 173 430 205 92 428 339 411 352 101 2 452 212 328 248 263 72 321 288 53 473 266 224 252 221 485 78 354 317 94 397 326 406 22 20 128 36 25 206 209 507 123 417 251 481 444 300 255 362 434 61 371 247 133 87 88 270 260 220 90 283 493 508 163 202 262 208 425 305 386 388 458 384 203 370 111 278 106 286 15 419 314 492 516 235 257 10 238 99 177 396 345 471 95 264 331 269 398 365 63 341 309 340 450 145 234 351 372 330 377 210 513 348 195 198 170 100 467 344 230 132 110 466 17 285 126 293 215 325 96 456 218 32 45 480 509 447 104 228 29 64 375 124 422 149 276 48 457 120 401 162 244 488 394 166 67 27 440 382 102 329 46 346 68 193 297 60 408 520 483 437 117 156 192 241 287 196 51 62 306 58 410 446 19 498 517 464 134 18 426 332 13 108 184 357 356 143 253 204 222 144 4 423 140 454 158 316 381 34 223 109 479 33 313 275 245 519 232 236 55 114 301 167 487 279 199 429 443 116 24 157 368 229 119 274 427 272 460 129 138 77 130 334 511 322 181 65 42 165 176 477 154 494 57 39 358 415 490 70 37 147 227 335 214 461 201 349 413 168 169 486 180 26 54 292 505 16 243 118 189 185 152 414 97 324 103 267 361 455 390 233 131 139 296 407 268 66 318 302 514 141 367 200 217 412 280 242 146 44 311 304 69 9 379 436 497 504 113 307 338 30 155 478 153 290 438 282 81 186 391 174 387 56 135 86 47 49 105 178 74 40 303 496 512 499 319 179 12 159 347 453 182 463 465 79 273 308 190 380 431 378 84 197 518 115 376 98 366 409 472 470 399 359 76 80 500 31 449 52 337 231 258 400 175 28 8 194 73 402 240 333 226 35 3 320 374 510 433 249 225 137 445 83 373 299 211 151 122 91 363 207 11 491 503 295 393 281 392 85 164 484 246 50 468 89 41 271 121 343 289 353 112 323 336 432 369 43 315 21 38 1 
