PARAMETER_FILE = result/cvrptw_500/LKH_para/652.para
Reading PROBLEM_FILE: "result/cvrptw_500/cvrptw/652.cvrptw" ... done
ASCENT_CANDIDATES = 50
BACKBONE_TRIALS = 0
BACKTRACKING = NO
# BWTSP =
# CANDIDATE_FILE =
CANDIDATE_SET_TYPE = ALPHA
DEPOT = 1
# EDGE_FILE =
EXCESS = 0.0384615
EXTERNAL_SALESMEN = 0
EXTRA_CANDIDATES = 0 
EXTRA_CANDIDATE_SET_TYPE = QUADRANT
GAIN23 = NO
GAIN_CRITERION = YES
INITIAL_PERIOD = 520
INITIAL_STEP_SIZE = 1
INITIAL_TOUR_ALGORITHM = WALK
# INITIAL_TOUR_FILE = 
INITIAL_TOUR_FRACTION = 1.000
# INPUT_TOUR_FILE = 
KICK_TYPE = 4
KICKS = 1
# MAX_BREADTH =
MAKESPAN = NO
MAX_CANDIDATES = 5 
MAX_SWAPS = 0
MAX_TRIALS = 1000
# MERGE_TOUR_FILE =
MOVE_TYPE = 5 SPECIAL
MTSP_MIN_SIZE = 1
MTSP_MAX_SIZE = 1039
# MTSP_SOLUTION_FILE = 
# NONSEQUENTIAL_MOVE_TYPE = 5
# OPTIMUM =
# OUTPUT_TOUR_FILE = 
PATCHING_A = 1 
PATCHING_C = 0 
# PI_FILE = 
POPMUSIC_INITIAL_TOUR = NO
POPMUSIC_MAX_NEIGHBORS = 5
POPMUSIC_SAMPLE_SIZE = 10
POPMUSIC_SOLUTIONS = 50
POPMUSIC_TRIALS = 1
POPULATION_SIZE = 10
PRECISION = 100
PROBLEM_FILE = result/cvrptw_500/cvrptw/652.cvrptw
RECOMBINATION = IPT
RESTRICTED_SEARCH = YES
RUNS = 1
SALESMEN = 20
SCALE = 1
SEED = 1234
# SINTEF_SOLUTION_FILE = 
STOP_AT_OPTIMUM = YES
SUBGRADIENT = YES
# SUBPROBLEM_SIZE =
# SUBPROBLEM_TOUR_FILE = 
SUBSEQUENT_MOVE_TYPE = 5 SPECIAL
SUBSEQUENT_PATCHING = YES
# TIME_LIMIT =
# TOUR_FILE = 
TRACE_LEVEL = 1
VEHICLES = 20

Lower bound = 27467240.6, Ascent time = 2.34 sec.
Cand.min = 5, Cand.avg = 5.0, Cand.max = 5
Edges.fixed = 520 [Cost = 0]
Preprocessing time = 2.43 sec.
* 1: Cost = 1464683_52907089, Time = 3.74 sec. 
-Trial 1 1464683 52907089 6.176584
* 2: Cost = 74942_52173867, Time = 4.18 sec. 
-Trial 2 74942 52173867 6.613114
* 3: Cost = 74942_52138359, Time = 4.31 sec. 
-Trial 3 74942 52138359 6.742043
-Trial 4 74942 52138359 6.745545
* 5: Cost = 74942_51919476, Time = 4.36 sec. 
-Trial 5 74942 51919476 6.795459
-Trial 6 74942 51919476 6.822214
* 7: Cost = 74942_51654732, Time = 4.44 sec. 
-Trial 7 74942 51654732 6.877881
-Trial 8 74942 51654732 6.937855
* 9: Cost = 74942_50230191, Time = 4.63 sec. 
-Trial 9 74942 50230191 7.067978
-Trial 10 74942 50230191 7.115427
* 11: Cost = 0_50582144, Time = 4.71 sec. 
-Trial 11 0 50582144 7.148976
* 12: Cost = 0_50339953, Time = 4.77 sec. 
-Trial 12 0 50339953 7.207727
* 13: Cost = 0_50299057, Time = 4.79 sec. 
-Trial 13 0 50299057 7.219679
* 14: Cost = 0_50297604, Time = 4.81 sec. 
-Trial 14 0 50297604 7.244060
* 15: Cost = 0_49913182, Time = 4.81 sec. 
-Trial 15 0 49913182 7.247552
* 16: Cost = 0_49862388, Time = 4.83 sec. 
-Trial 16 0 49862388 7.262508
-Trial 17 0 49862388 7.275646
* 18: Cost = 0_48811015, Time = 4.99 sec. 
-Trial 18 0 48811015 7.428944
-Trial 19 0 48811015 7.460817
-Trial 20 0 48811015 7.498664
-Trial 21 0 48811015 7.501693
-Trial 22 0 48811015 7.514491
-Trial 23 0 48811015 7.585014
* 24: Cost = 0_48687827, Time = 5.19 sec. 
-Trial 24 0 48687827 7.624264
* 25: Cost = 0_48629592, Time = 5.21 sec. 
-Trial 25 0 48629592 7.646229
* 26: Cost = 0_48605504, Time = 5.31 sec. 
-Trial 26 0 48605504 7.740890
* 27: Cost = 0_48527570, Time = 5.31 sec. 
-Trial 27 0 48527570 7.748055
-Trial 28 0 48527570 7.783502
* 29: Cost = 0_47923955, Time = 5.38 sec. 
-Trial 29 0 47923955 7.818460
* 30: Cost = 0_47787881, Time = 5.44 sec. 
-Trial 30 0 47787881 7.872853
* 31: Cost = 0_47657116, Time = 5.45 sec. 
-Trial 31 0 47657116 7.882713
-Trial 32 0 47657116 7.890312
-Trial 33 0 47657116 7.933089
* 34: Cost = 0_47655832, Time = 5.52 sec. 
-Trial 34 0 47655832 7.952911
-Trial 35 0 47655832 7.983137
-Trial 36 0 47655832 8.014088
* 37: Cost = 0_47146092, Time = 5.74 sec. 
-Trial 37 0 47146092 8.169920
* 38: Cost = 0_47125376, Time = 5.78 sec. 
-Trial 38 0 47125376 8.216843
-Trial 39 0 47125376 8.231995
-Trial 40 0 47125376 8.255558
* 41: Cost = 0_46859093, Time = 5.83 sec. 
-Trial 41 0 46859093 8.262554
* 42: Cost = 0_46835956, Time = 5.84 sec. 
-Trial 42 0 46835956 8.278426
-Trial 43 0 46835956 8.360463
-Trial 44 0 46835956 8.378078
-Trial 45 0 46835956 8.378974
-Trial 46 0 46835956 8.383956
-Trial 47 0 46835956 8.386376
-Trial 48 0 46835956 8.400324
-Trial 49 0 46835956 8.434530
-Trial 50 0 46835956 8.435721
* 51: Cost = 0_46784144, Time = 6.03 sec. 
-Trial 51 0 46784144 8.467623
-Trial 52 0 46784144 8.505217
-Trial 53 0 46784144 8.582364
* 54: Cost = 0_46354298, Time = 6.16 sec. 
-Trial 54 0 46354298 8.591887
-Trial 55 0 46354298 8.598123
-Trial 56 0 46354298 8.650829
-Trial 57 0 46354298 8.661527
* 58: Cost = 0_46342324, Time = 6.23 sec. 
-Trial 58 0 46342324 8.663705
-Trial 59 0 46342324 8.683086
-Trial 60 0 46342324 8.703597
-Trial 61 0 46342324 9.093364
-Trial 62 0 46342324 9.099827
* 63: Cost = 0_46323405, Time = 6.76 sec. 
-Trial 63 0 46323405 9.189551
-Trial 64 0 46323405 9.228054
-Trial 65 0 46323405 9.246004
* 66: Cost = 0_46276992, Time = 6.82 sec. 
-Trial 66 0 46276992 9.255612
-Trial 67 0 46276992 9.478026
* 68: Cost = 0_46261300, Time = 7.06 sec. 
-Trial 68 0 46261300 9.489812
* 69: Cost = 0_46244739, Time = 7.07 sec. 
-Trial 69 0 46244739 9.501140
-Trial 70 0 46244739 9.508659
* 71: Cost = 0_46182053, Time = 7.10 sec. 
-Trial 71 0 46182053 9.534829
-Trial 72 0 46182053 9.589106
* 73: Cost = 0_45820007, Time = 7.16 sec. 
-Trial 73 0 45820007 9.595664
-Trial 74 0 45820007 9.600908
-Trial 75 0 45820007 9.710155
-Trial 76 0 45820007 9.736145
-Trial 77 0 45820007 9.744909
-Trial 78 0 45820007 9.849661
-Trial 79 0 45820007 9.850637
-Trial 80 0 45820007 9.853703
-Trial 81 0 45820007 9.873671
-Trial 82 0 45820007 9.904002
-Trial 83 0 45820007 9.922749
-Trial 84 0 45820007 9.927740
-Trial 85 0 45820007 10.002867
-Trial 86 0 45820007 10.018555
-Trial 87 0 45820007 10.025520
-Trial 88 0 45820007 10.037070
* 89: Cost = 0_45630370, Time = 7.67 sec. 
-Trial 89 0 45630370 10.107244
-Trial 90 0 45630370 10.107708
* 91: Cost = 0_45564848, Time = 7.69 sec. 
-Trial 91 0 45564848 10.122144
* 92: Cost = 0_45539739, Time = 7.72 sec. 
-Trial 92 0 45539739 10.158132
-Trial 93 0 45539739 10.166109
-Trial 94 0 45539739 10.173291
-Trial 95 0 45539739 10.176709
-Trial 96 0 45539739 10.179896
-Trial 97 0 45539739 10.197012
* 98: Cost = 0_45484865, Time = 7.79 sec. 
-Trial 98 0 45484865 10.225193
* 99: Cost = 0_45415635, Time = 7.80 sec. 
-Trial 99 0 45415635 10.236214
* 100: Cost = 0_45360528, Time = 7.83 sec. 
-Trial 100 0 45360528 10.265536
-Trial 101 0 45360528 10.364386
* 102: Cost = 0_45293303, Time = 7.96 sec. 
-Trial 102 0 45293303 10.395323
-Trial 103 0 45293303 10.499011
-Trial 104 0 45293303 10.503784
-Trial 105 0 45293303 10.511059
-Trial 106 0 45293303 10.531223
-Trial 107 0 45293303 10.551958
* 108: Cost = 0_45292631, Time = 8.17 sec. 
-Trial 108 0 45292631 10.608295
-Trial 109 0 45292631 10.638412
-Trial 110 0 45292631 10.650329
* 111: Cost = 0_45198602, Time = 8.23 sec. 
-Trial 111 0 45198602 10.665043
-Trial 112 0 45198602 10.722286
-Trial 113 0 45198602 10.732512
-Trial 114 0 45198602 10.748028
-Trial 115 0 45198602 10.760848
-Trial 116 0 45198602 10.762439
* 117: Cost = 0_45106002, Time = 8.34 sec. 
-Trial 117 0 45106002 10.771327
-Trial 118 0 45106002 10.826092
-Trial 119 0 45106002 10.846768
-Trial 120 0 45106002 10.902204
-Trial 121 0 45106002 10.914163
-Trial 122 0 45106002 10.933952
-Trial 123 0 45106002 10.955146
-Trial 124 0 45106002 10.970460
-Trial 125 0 45106002 10.984930
-Trial 126 0 45106002 11.012747
* 127: Cost = 0_44953531, Time = 8.61 sec. 
-Trial 127 0 44953531 11.046017
-Trial 128 0 44953531 11.054252
-Trial 129 0 44953531 11.056216
-Trial 130 0 44953531 11.075121
-Trial 131 0 44953531 11.079085
-Trial 132 0 44953531 11.233438
-Trial 133 0 44953531 11.248749
-Trial 134 0 44953531 11.262502
-Trial 135 0 44953531 11.344484
-Trial 136 0 44953531 11.349471
-Trial 137 0 44953531 11.356038
-Trial 138 0 44953531 11.370666
* 139: Cost = 0_44950519, Time = 8.94 sec. 
-Trial 139 0 44950519 11.376375
-Trial 140 0 44950519 11.441474
* 141: Cost = 0_44947333, Time = 9.01 sec. 
-Trial 141 0 44947333 11.447933
-Trial 142 0 44947333 11.475440
* 143: Cost = 0_44942741, Time = 9.06 sec. 
-Trial 143 0 44942741 11.499239
-Trial 144 0 44942741 11.502946
-Trial 145 0 44942741 11.592129
-Trial 146 0 44942741 11.614139
-Trial 147 0 44942741 11.622447
* 148: Cost = 0_44833558, Time = 9.19 sec. 
-Trial 148 0 44833558 11.626741
-Trial 149 0 44833558 11.640585
* 150: Cost = 0_44749783, Time = 9.22 sec. 
-Trial 150 0 44749783 11.652636
-Trial 151 0 44749783 11.658934
-Trial 152 0 44749783 11.688030
-Trial 153 0 44749783 11.727974
-Trial 154 0 44749783 11.765930
* 155: Cost = 0_44696049, Time = 9.34 sec. 
-Trial 155 0 44696049 11.773879
-Trial 156 0 44696049 11.790480
* 157: Cost = 0_44674962, Time = 9.38 sec. 
-Trial 157 0 44674962 11.819174
* 158: Cost = 0_44668195, Time = 9.51 sec. 
-Trial 158 0 44668195 11.940987
-Trial 159 0 44668195 11.952390
-Trial 160 0 44668195 11.988368
-Trial 161 0 44668195 11.992001
-Trial 162 0 44668195 11.997797
-Trial 163 0 44668195 12.034808
* 164: Cost = 0_44643745, Time = 9.62 sec. 
-Trial 164 0 44643745 12.051568
-Trial 165 0 44643745 12.106164
-Trial 166 0 44643745 12.111327
-Trial 167 0 44643745 12.149752
-Trial 168 0 44643745 12.162326
-Trial 169 0 44643745 12.179319
-Trial 170 0 44643745 12.200873
-Trial 171 0 44643745 12.285857
-Trial 172 0 44643745 12.293259
-Trial 173 0 44643745 12.301961
* 174: Cost = 0_44640777, Time = 9.89 sec. 
-Trial 174 0 44640777 12.327919
-Trial 175 0 44640777 12.338158
-Trial 176 0 44640777 12.342083
-Trial 177 0 44640777 12.379284
-Trial 178 0 44640777 12.429386
-Trial 179 0 44640777 12.431937
-Trial 180 0 44640777 12.439140
* 181: Cost = 0_44474998, Time = 10.02 sec. 
-Trial 181 0 44474998 12.452723
-Trial 182 0 44474998 12.478003
-Trial 183 0 44474998 12.512574
-Trial 184 0 44474998 12.514298
-Trial 185 0 44474998 12.517139
-Trial 186 0 44474998 12.533811
-Trial 187 0 44474998 12.566907
-Trial 188 0 44474998 12.611835
-Trial 189 0 44474998 12.614692
-Trial 190 0 44474998 12.646518
-Trial 191 0 44474998 12.673428
-Trial 192 0 44474998 12.757964
-Trial 193 0 44474998 12.827987
-Trial 194 0 44474998 12.835996
* 195: Cost = 0_44434126, Time = 10.41 sec. 
-Trial 195 0 44434126 12.839693
-Trial 196 0 44434126 12.865581
-Trial 197 0 44434126 12.880274
-Trial 198 0 44434126 12.931668
-Trial 199 0 44434126 12.940605
-Trial 200 0 44434126 12.950091
-Trial 201 0 44434126 12.977049
-Trial 202 0 44434126 12.977768
-Trial 203 0 44434126 12.990205
-Trial 204 0 44434126 12.999407
-Trial 205 0 44434126 13.108913
-Trial 206 0 44434126 13.113289
-Trial 207 0 44434126 13.161533
-Trial 208 0 44434126 13.171574
-Trial 209 0 44434126 13.179709
-Trial 210 0 44434126 13.188340
-Trial 211 0 44434126 13.224847
-Trial 212 0 44434126 13.249924
-Trial 213 0 44434126 13.253380
-Trial 214 0 44434126 13.258632
-Trial 215 0 44434126 13.264545
-Trial 216 0 44434126 13.290801
-Trial 217 0 44434126 13.300921
-Trial 218 0 44434126 13.306079
-Trial 219 0 44434126 13.347879
-Trial 220 0 44434126 13.392023
-Trial 221 0 44434126 13.402002
-Trial 222 0 44434126 13.418338
-Trial 223 0 44434126 13.425097
* 224: Cost = 0_44093121, Time = 11.02 sec. 
-Trial 224 0 44093121 13.453600
-Trial 225 0 44093121 13.457560
-Trial 226 0 44093121 13.467151
-Trial 227 0 44093121 13.472488
-Trial 228 0 44093121 13.476999
-Trial 229 0 44093121 13.478675
* 230: Cost = 0_44092511, Time = 11.05 sec. 
-Trial 230 0 44092511 13.487019
-Trial 231 0 44092511 13.562559
-Trial 232 0 44092511 13.575840
-Trial 233 0 44092511 13.612977
-Trial 234 0 44092511 13.617375
* 235: Cost = 0_44073934, Time = 11.19 sec. 
-Trial 235 0 44073934 13.625775
-Trial 236 0 44073934 13.633737
-Trial 237 0 44073934 13.680956
-Trial 238 0 44073934 13.706864
-Trial 239 0 44073934 13.710745
-Trial 240 0 44073934 13.767173
-Trial 241 0 44073934 13.807732
* 242: Cost = 0_44056505, Time = 11.39 sec. 
-Trial 242 0 44056505 13.826826
-Trial 243 0 44056505 13.874967
-Trial 244 0 44056505 13.905862
* 245: Cost = 0_44004946, Time = 11.47 sec. 
-Trial 245 0 44004946 13.908586
* 246: Cost = 0_44003728, Time = 11.50 sec. 
-Trial 246 0 44003728 13.930067
-Trial 247 0 44003728 13.937028
-Trial 248 0 44003728 13.943891
-Trial 249 0 44003728 14.101262
-Trial 250 0 44003728 14.118571
* 251: Cost = 0_43994139, Time = 11.70 sec. 
-Trial 251 0 43994139 14.136115
-Trial 252 0 43994139 14.208714
-Trial 253 0 43994139 14.222602
-Trial 254 0 43994139 14.267809
* 255: Cost = 0_43956723, Time = 11.85 sec. 
-Trial 255 0 43956723 14.283558
-Trial 256 0 43956723 14.340703
-Trial 257 0 43956723 14.352259
-Trial 258 0 43956723 14.379078
-Trial 259 0 43956723 14.404382
* 260: Cost = 0_43934713, Time = 11.99 sec. 
-Trial 260 0 43934713 14.421579
-Trial 261 0 43934713 14.436640
-Trial 262 0 43934713 14.477703
-Trial 263 0 43934713 14.493961
-Trial 264 0 43934713 14.506300
-Trial 265 0 43934713 14.550574
* 266: Cost = 0_43848708, Time = 12.14 sec. 
-Trial 266 0 43848708 14.574227
-Trial 267 0 43848708 14.630545
-Trial 268 0 43848708 14.642853
-Trial 269 0 43848708 14.672190
-Trial 270 0 43848708 14.706264
-Trial 271 0 43848708 14.733679
-Trial 272 0 43848708 14.734428
-Trial 273 0 43848708 14.738927
-Trial 274 0 43848708 14.740408
-Trial 275 0 43848708 14.779579
-Trial 276 0 43848708 14.917511
-Trial 277 0 43848708 14.932528
-Trial 278 0 43848708 14.943911
-Trial 279 0 43848708 14.945683
-Trial 280 0 43848708 14.979393
-Trial 281 0 43848708 14.987891
-Trial 282 0 43848708 14.991809
-Trial 283 0 43848708 15.055695
-Trial 284 0 43848708 15.056937
* 285: Cost = 0_43814651, Time = 12.63 sec. 
-Trial 285 0 43814651 15.066390
-Trial 286 0 43814651 15.138254
-Trial 287 0 43814651 15.144406
-Trial 288 0 43814651 15.160427
-Trial 289 0 43814651 15.267281
-Trial 290 0 43814651 15.289675
-Trial 291 0 43814651 15.290618
-Trial 292 0 43814651 15.304128
-Trial 293 0 43814651 15.309790
-Trial 294 0 43814651 15.571764
-Trial 295 0 43814651 15.600542
-Trial 296 0 43814651 15.612384
-Trial 297 0 43814651 15.650200
-Trial 298 0 43814651 15.657315
-Trial 299 0 43814651 15.685817
-Trial 300 0 43814651 15.703066
-Trial 301 0 43814651 15.755741
-Trial 302 0 43814651 15.863014
-Trial 303 0 43814651 15.879567
-Trial 304 0 43814651 15.909891
* 305: Cost = 0_43562569, Time = 13.48 sec. 
-Trial 305 0 43562569 15.915245
-Trial 306 0 43562569 15.934159
* 307: Cost = 0_43557332, Time = 13.52 sec. 
-Trial 307 0 43557332 15.951845
-Trial 308 0 43557332 15.965675
-Trial 309 0 43557332 15.976355
-Trial 310 0 43557332 16.020047
-Trial 311 0 43557332 16.101794
-Trial 312 0 43557332 16.129492
-Trial 313 0 43557332 16.154832
-Trial 314 0 43557332 16.177151
-Trial 315 0 43557332 16.204959
-Trial 316 0 43557332 16.211150
-Trial 317 0 43557332 16.211594
-Trial 318 0 43557332 16.215676
-Trial 319 0 43557332 16.220177
-Trial 320 0 43557332 16.242350
-Trial 321 0 43557332 16.249989
-Trial 322 0 43557332 16.265364
-Trial 323 0 43557332 16.301647
-Trial 324 0 43557332 16.319627
-Trial 325 0 43557332 16.347233
-Trial 326 0 43557332 16.368242
-Trial 327 0 43557332 16.414244
-Trial 328 0 43557332 16.429486
-Trial 329 0 43557332 16.450886
-Trial 330 0 43557332 16.523833
-Trial 331 0 43557332 16.542604
-Trial 332 0 43557332 16.591113
-Trial 333 0 43557332 16.663693
-Trial 334 0 43557332 16.687262
* 335: Cost = 0_43468930, Time = 14.27 sec. 
-Trial 335 0 43468930 16.706476
-Trial 336 0 43468930 16.757854
* 337: Cost = 0_43463001, Time = 14.40 sec. 
-Trial 337 0 43463001 16.835424
-Trial 338 0 43463001 16.871064
-Trial 339 0 43463001 16.901544
-Trial 340 0 43463001 16.907433
-Trial 341 0 43463001 16.968675
-Trial 342 0 43463001 16.984079
-Trial 343 0 43463001 17.160406
-Trial 344 0 43463001 17.187918
-Trial 345 0 43463001 17.204049
-Trial 346 0 43463001 17.207986
-Trial 347 0 43463001 17.215894
* 348: Cost = 0_43455867, Time = 14.79 sec. 
-Trial 348 0 43455867 17.220285
-Trial 349 0 43455867 17.229692
-Trial 350 0 43455867 17.234865
-Trial 351 0 43455867 17.236013
-Trial 352 0 43455867 17.254570
-Trial 353 0 43455867 17.258539
-Trial 354 0 43455867 17.269305
-Trial 355 0 43455867 17.313774
-Trial 356 0 43455867 17.452610
-Trial 357 0 43455867 17.459756
-Trial 358 0 43455867 17.504699
-Trial 359 0 43455867 17.533920
-Trial 360 0 43455867 17.535891
-Trial 361 0 43455867 17.554330
-Trial 362 0 43455867 17.799599
* 363: Cost = 0_43441118, Time = 15.38 sec. 
-Trial 363 0 43441118 17.810463
-Trial 364 0 43441118 17.833082
* 365: Cost = 0_43386067, Time = 15.41 sec. 
-Trial 365 0 43386067 17.841010
-Trial 366 0 43386067 17.852623
* 367: Cost = 0_43364729, Time = 15.43 sec. 
-Trial 367 0 43364729 17.868001
-Trial 368 0 43364729 17.873557
-Trial 369 0 43364729 17.898252
-Trial 370 0 43364729 17.902387
-Trial 371 0 43364729 17.931775
-Trial 372 0 43364729 17.950132
-Trial 373 0 43364729 17.980532
-Trial 374 0 43364729 18.011059
* 375: Cost = 0_43359570, Time = 15.58 sec. 
-Trial 375 0 43359570 18.016408
-Trial 376 0 43359570 18.028984
-Trial 377 0 43359570 18.041646
-Trial 378 0 43359570 18.047152
-Trial 379 0 43359570 18.057934
-Trial 380 0 43359570 18.060546
-Trial 381 0 43359570 18.084884
-Trial 382 0 43359570 18.106621
-Trial 383 0 43359570 18.120595
-Trial 384 0 43359570 18.174402
-Trial 385 0 43359570 18.178514
-Trial 386 0 43359570 18.193171
-Trial 387 0 43359570 18.198213
-Trial 388 0 43359570 18.209870
-Trial 389 0 43359570 18.215967
-Trial 390 0 43359570 18.220578
-Trial 391 0 43359570 18.231434
-Trial 392 0 43359570 18.320442
-Trial 393 0 43359570 18.353767
-Trial 394 0 43359570 18.507566
* 395: Cost = 0_43221888, Time = 16.12 sec. 
-Trial 395 0 43221888 18.557040
-Trial 396 0 43221888 18.569580
* 397: Cost = 0_43205141, Time = 16.14 sec. 
-Trial 397 0 43205141 18.578578
-Trial 398 0 43205141 18.625844
-Trial 399 0 43205141 18.645498
-Trial 400 0 43205141 18.654483
-Trial 401 0 43205141 18.665835
-Trial 402 0 43205141 18.671618
-Trial 403 0 43205141 18.695831
-Trial 404 0 43205141 18.791129
-Trial 405 0 43205141 18.795589
-Trial 406 0 43205141 18.878314
-Trial 407 0 43205141 18.888983
* 408: Cost = 0_43190415, Time = 16.46 sec. 
-Trial 408 0 43190415 18.897674
-Trial 409 0 43190415 18.903940
-Trial 410 0 43190415 18.912510
-Trial 411 0 43190415 18.969701
-Trial 412 0 43190415 18.980057
-Trial 413 0 43190415 18.982060
-Trial 414 0 43190415 18.992906
-Trial 415 0 43190415 18.994401
-Trial 416 0 43190415 19.001036
-Trial 417 0 43190415 19.089240
-Trial 418 0 43190415 19.107616
-Trial 419 0 43190415 19.109959
-Trial 420 0 43190415 19.119598
-Trial 421 0 43190415 19.131028
-Trial 422 0 43190415 19.139727
* 423: Cost = 0_43145719, Time = 16.77 sec. 
-Trial 423 0 43145719 19.207322
-Trial 424 0 43145719 19.251866
-Trial 425 0 43145719 19.266058
-Trial 426 0 43145719 19.284777
-Trial 427 0 43145719 19.286440
-Trial 428 0 43145719 19.297896
-Trial 429 0 43145719 19.298729
-Trial 430 0 43145719 19.303112
-Trial 431 0 43145719 19.320828
* 432: Cost = 0_43106282, Time = 16.89 sec. 
-Trial 432 0 43106282 19.323243
-Trial 433 0 43106282 19.429982
-Trial 434 0 43106282 19.442983
-Trial 435 0 43106282 19.453077
-Trial 436 0 43106282 19.495689
* 437: Cost = 0_43102285, Time = 17.07 sec. 
-Trial 437 0 43102285 19.499902
-Trial 438 0 43102285 19.505798
-Trial 439 0 43102285 19.514803
-Trial 440 0 43102285 19.523533
-Trial 441 0 43102285 19.554224
-Trial 442 0 43102285 19.567504
-Trial 443 0 43102285 19.570042
-Trial 444 0 43102285 19.576189
-Trial 445 0 43102285 19.587991
* 446: Cost = 0_43055046, Time = 17.16 sec. 
-Trial 446 0 43055046 19.592747
-Trial 447 0 43055046 19.597410
* 448: Cost = 0_43031237, Time = 17.18 sec. 
-Trial 448 0 43031237 19.616957
-Trial 449 0 43031237 19.618080
-Trial 450 0 43031237 19.629192
-Trial 451 0 43031237 19.659718
-Trial 452 0 43031237 19.670314
* 453: Cost = 0_42975851, Time = 17.25 sec. 
-Trial 453 0 42975851 19.688955
-Trial 454 0 42975851 19.724476
-Trial 455 0 42975851 19.737502
-Trial 456 0 42975851 19.744660
-Trial 457 0 42975851 19.756204
* 458: Cost = 0_42942164, Time = 17.33 sec. 
-Trial 458 0 42942164 19.764752
-Trial 459 0 42942164 19.772437
-Trial 460 0 42942164 19.813501
-Trial 461 0 42942164 19.817628
-Trial 462 0 42942164 19.819244
-Trial 463 0 42942164 19.835769
-Trial 464 0 42942164 19.857144
-Trial 465 0 42942164 19.859195
-Trial 466 0 42942164 19.874925
-Trial 467 0 42942164 19.887611
-Trial 468 0 42942164 19.906734
-Trial 469 0 42942164 19.911730
-Trial 470 0 42942164 19.940346
-Trial 471 0 42942164 19.943634
-Trial 472 0 42942164 19.950096
-Trial 473 0 42942164 19.959767
-Trial 474 0 42942164 20.004496
-Trial 475 0 42942164 20.026992
-Trial 476 0 42942164 20.032413
-Trial 477 0 42942164 20.062226
-Trial 478 0 42942164 20.085317
-Trial 479 0 42942164 20.104353
-Trial 480 0 42942164 20.158719
-Trial 481 0 42942164 20.165837
-Trial 482 0 42942164 20.205058
-Trial 483 0 42942164 20.205531
-Trial 484 0 42942164 20.209912
-Trial 485 0 42942164 20.223892
-Trial 486 0 42942164 20.229983
-Trial 487 0 42942164 20.239182
-Trial 488 0 42942164 20.255308
-Trial 489 0 42942164 20.264889
-Trial 490 0 42942164 20.268586
-Trial 491 0 42942164 20.308185
-Trial 492 0 42942164 20.330016
-Trial 493 0 42942164 20.333972
-Trial 494 0 42942164 20.350672
-Trial 495 0 42942164 20.393585
-Trial 496 0 42942164 20.413771
-Trial 497 0 42942164 20.419048
-Trial 498 0 42942164 20.425284
* 499: Cost = 0_42939088, Time = 18.00 sec. 
-Trial 499 0 42939088 20.433932
-Trial 500 0 42939088 20.438903
-Trial 501 0 42939088 20.484520
-Trial 502 0 42939088 20.516010
-Trial 503 0 42939088 20.520631
-Trial 504 0 42939088 20.532752
-Trial 505 0 42939088 20.541798
-Trial 506 0 42939088 20.562540
-Trial 507 0 42939088 20.563387
-Trial 508 0 42939088 20.594068
-Trial 509 0 42939088 20.606319
-Trial 510 0 42939088 20.614987
-Trial 511 0 42939088 20.617254
-Trial 512 0 42939088 20.626436
-Trial 513 0 42939088 20.663919
-Trial 514 0 42939088 20.684224
-Trial 515 0 42939088 20.695273
-Trial 516 0 42939088 20.716225
-Trial 517 0 42939088 20.719967
-Trial 518 0 42939088 20.735478
-Trial 519 0 42939088 20.742639
-Trial 520 0 42939088 20.750574
-Trial 521 0 42939088 20.768517
-Trial 522 0 42939088 20.782807
-Trial 523 0 42939088 20.802743
-Trial 524 0 42939088 20.877178
-Trial 525 0 42939088 20.909181
-Trial 526 0 42939088 20.929326
-Trial 527 0 42939088 20.949156
-Trial 528 0 42939088 20.957086
-Trial 529 0 42939088 20.978341
* 530: Cost = 0_42918323, Time = 18.60 sec. 
-Trial 530 0 42918323 21.033596
-Trial 531 0 42918323 21.046005
-Trial 532 0 42918323 21.050707
-Trial 533 0 42918323 21.103581
-Trial 534 0 42918323 21.114987
-Trial 535 0 42918323 21.123833
-Trial 536 0 42918323 21.129649
* 537: Cost = 0_42909195, Time = 18.72 sec. 
-Trial 537 0 42909195 21.152062
-Trial 538 0 42909195 21.157403
-Trial 539 0 42909195 21.167595
-Trial 540 0 42909195 21.173645
-Trial 541 0 42909195 21.184036
-Trial 542 0 42909195 21.200218
-Trial 543 0 42909195 21.205978
-Trial 544 0 42909195 21.236296
-Trial 545 0 42909195 21.263948
-Trial 546 0 42909195 21.287826
-Trial 547 0 42909195 21.316075
-Trial 548 0 42909195 21.320901
-Trial 549 0 42909195 21.339057
-Trial 550 0 42909195 21.375829
-Trial 551 0 42909195 21.383892
-Trial 552 0 42909195 21.394250
-Trial 553 0 42909195 21.432990
-Trial 554 0 42909195 21.443891
-Trial 555 0 42909195 21.606962
-Trial 556 0 42909195 21.614412
-Trial 557 0 42909195 21.665216
-Trial 558 0 42909195 21.691405
-Trial 559 0 42909195 21.798462
-Trial 560 0 42909195 21.802461
-Trial 561 0 42909195 21.837866
-Trial 562 0 42909195 21.848415
-Trial 563 0 42909195 21.852718
-Trial 564 0 42909195 21.856707
-Trial 565 0 42909195 21.870365
-Trial 566 0 42909195 21.900903
-Trial 567 0 42909195 21.915818
-Trial 568 0 42909195 21.941908
-Trial 569 0 42909195 21.944672
-Trial 570 0 42909195 21.954931
* 571: Cost = 0_42904827, Time = 19.54 sec. 
-Trial 571 0 42904827 21.971029
-Trial 572 0 42904827 21.989620
-Trial 573 0 42904827 22.004971
-Trial 574 0 42904827 22.006586
-Trial 575 0 42904827 22.023066
-Trial 576 0 42904827 22.044253
* 577: Cost = 0_42888915, Time = 19.62 sec. 
-Trial 577 0 42888915 22.052706
-Trial 578 0 42888915 22.211741
-Trial 579 0 42888915 22.355833
-Trial 580 0 42888915 22.417588
-Trial 581 0 42888915 22.425067
* 582: Cost = 0_42884261, Time = 20.01 sec. 
-Trial 582 0 42884261 22.440758
-Trial 583 0 42884261 22.481033
-Trial 584 0 42884261 22.499092
-Trial 585 0 42884261 22.546575
-Trial 586 0 42884261 22.554861
* 587: Cost = 0_42863174, Time = 20.14 sec. 
-Trial 587 0 42863174 22.570886
-Trial 588 0 42863174 22.577878
-Trial 589 0 42863174 22.583907
-Trial 590 0 42863174 22.589104
-Trial 591 0 42863174 22.606204
-Trial 592 0 42863174 22.640757
-Trial 593 0 42863174 22.689586
-Trial 594 0 42863174 22.722213
-Trial 595 0 42863174 22.724143
-Trial 596 0 42863174 22.727843
-Trial 597 0 42863174 22.754800
-Trial 598 0 42863174 22.772185
-Trial 599 0 42863174 22.792760
-Trial 600 0 42863174 22.799840
-Trial 601 0 42863174 22.828478
-Trial 602 0 42863174 22.853407
-Trial 603 0 42863174 22.865166
-Trial 604 0 42863174 22.899138
-Trial 605 0 42863174 22.945618
-Trial 606 0 42863174 22.954851
-Trial 607 0 42863174 22.959130
* 608: Cost = 0_42859510, Time = 20.53 sec. 
-Trial 608 0 42859510 22.966597
-Trial 609 0 42859510 22.999645
-Trial 610 0 42859510 23.008446
* 611: Cost = 0_42845652, Time = 20.64 sec. 
-Trial 611 0 42845652 23.070309
-Trial 612 0 42845652 23.157811
-Trial 613 0 42845652 23.176277
-Trial 614 0 42845652 23.233994
-Trial 615 0 42845652 23.243482
-Trial 616 0 42845652 23.248866
-Trial 617 0 42845652 23.257770
-Trial 618 0 42845652 23.280203
-Trial 619 0 42845652 23.303804
-Trial 620 0 42845652 23.329077
-Trial 621 0 42845652 23.352981
-Trial 622 0 42845652 23.373300
* 623: Cost = 0_42785617, Time = 20.96 sec. 
-Trial 623 0 42785617 23.396534
-Trial 624 0 42785617 23.405445
-Trial 625 0 42785617 23.406806
-Trial 626 0 42785617 23.412882
-Trial 627 0 42785617 23.439688
-Trial 628 0 42785617 23.458310
-Trial 629 0 42785617 23.529539
* 630: Cost = 0_42774779, Time = 21.10 sec. 
-Trial 630 0 42774779 23.539216
* 631: Cost = 0_42721473, Time = 21.12 sec. 
-Trial 631 0 42721473 23.551253
-Trial 632 0 42721473 23.725179
-Trial 633 0 42721473 23.748440
-Trial 634 0 42721473 23.757950
-Trial 635 0 42721473 23.858201
-Trial 636 0 42721473 23.863902
-Trial 637 0 42721473 23.915489
-Trial 638 0 42721473 23.944192
-Trial 639 0 42721473 23.966147
-Trial 640 0 42721473 23.976992
-Trial 641 0 42721473 24.032395
-Trial 642 0 42721473 24.071350
-Trial 643 0 42721473 24.108062
-Trial 644 0 42721473 24.115762
-Trial 645 0 42721473 24.147210
-Trial 646 0 42721473 24.156918
-Trial 647 0 42721473 24.162436
* 648: Cost = 0_42720223, Time = 21.76 sec. 
-Trial 648 0 42720223 24.196733
-Trial 649 0 42720223 24.197173
-Trial 650 0 42720223 24.207062
-Trial 651 0 42720223 24.211794
-Trial 652 0 42720223 24.218221
-Trial 653 0 42720223 24.267956
-Trial 654 0 42720223 24.356351
-Trial 655 0 42720223 24.375355
-Trial 656 0 42720223 24.396979
-Trial 657 0 42720223 24.428550
-Trial 658 0 42720223 24.465462
-Trial 659 0 42720223 24.505414
-Trial 660 0 42720223 24.529232
-Trial 661 0 42720223 24.575721
-Trial 662 0 42720223 24.621383
-Trial 663 0 42720223 24.629672
-Trial 664 0 42720223 24.648759
* 665: Cost = 0_42657539, Time = 22.22 sec. 
-Trial 665 0 42657539 24.653381
-Trial 666 0 42657539 24.675112
-Trial 667 0 42657539 24.786441
-Trial 668 0 42657539 24.801871
-Trial 669 0 42657539 24.838515
-Trial 670 0 42657539 24.839627
-Trial 671 0 42657539 24.864018
-Trial 672 0 42657539 24.890301
-Trial 673 0 42657539 24.904016
-Trial 674 0 42657539 24.929859
-Trial 675 0 42657539 24.932936
-Trial 676 0 42657539 24.939269
-Trial 677 0 42657539 24.952427
* 678: Cost = 0_42578386, Time = 22.58 sec. 
-Trial 678 0 42578386 25.009928
* 679: Cost = 0_42518268, Time = 22.58 sec. 
-Trial 679 0 42518268 25.018396
-Trial 680 0 42518268 25.043716
-Trial 681 0 42518268 25.052457
-Trial 682 0 42518268 25.094968
-Trial 683 0 42518268 25.107064
-Trial 684 0 42518268 25.109935
-Trial 685 0 42518268 25.141873
-Trial 686 0 42518268 25.163528
-Trial 687 0 42518268 25.168022
* 688: Cost = 0_42444532, Time = 22.76 sec. 
-Trial 688 0 42444532 25.194463
-Trial 689 0 42444532 25.202068
-Trial 690 0 42444532 25.213795
-Trial 691 0 42444532 25.241112
* 692: Cost = 0_42439373, Time = 22.81 sec. 
-Trial 692 0 42439373 25.246879
-Trial 693 0 42439373 25.285892
-Trial 694 0 42439373 25.315599
-Trial 695 0 42439373 25.335617
-Trial 696 0 42439373 25.338144
-Trial 697 0 42439373 25.408360
-Trial 698 0 42439373 25.437558
-Trial 699 0 42439373 25.484114
-Trial 700 0 42439373 25.547713
-Trial 701 0 42439373 25.563525
-Trial 702 0 42439373 25.570068
-Trial 703 0 42439373 25.585532
-Trial 704 0 42439373 25.645278
-Trial 705 0 42439373 25.676683
-Trial 706 0 42439373 25.700588
-Trial 707 0 42439373 25.758217
-Trial 708 0 42439373 25.772137
-Trial 709 0 42439373 25.810580
-Trial 710 0 42439373 25.830665
-Trial 711 0 42439373 25.903401
-Trial 712 0 42439373 25.931585
-Trial 713 0 42439373 25.948628
-Trial 714 0 42439373 25.962108
-Trial 715 0 42439373 25.996260
-Trial 716 0 42439373 26.000584
-Trial 717 0 42439373 26.013713
-Trial 718 0 42439373 26.016649
-Trial 719 0 42439373 26.091277
-Trial 720 0 42439373 26.228853
-Trial 721 0 42439373 26.264379
-Trial 722 0 42439373 26.316786
-Trial 723 0 42439373 26.337816
-Trial 724 0 42439373 26.388745
-Trial 725 0 42439373 26.415077
* 726: Cost = 0_42437060, Time = 24.00 sec. 
-Trial 726 0 42437060 26.430788
-Trial 727 0 42437060 26.445562
-Trial 728 0 42437060 26.465403
-Trial 729 0 42437060 26.487509
-Trial 730 0 42437060 26.502581
-Trial 731 0 42437060 26.505355
-Trial 732 0 42437060 26.517843
-Trial 733 0 42437060 26.618749
-Trial 734 0 42437060 26.641488
-Trial 735 0 42437060 26.651055
-Trial 736 0 42437060 26.682892
-Trial 737 0 42437060 26.706640
-Trial 738 0 42437060 26.806151
-Trial 739 0 42437060 26.826599
-Trial 740 0 42437060 26.838108
-Trial 741 0 42437060 26.847329
-Trial 742 0 42437060 26.851035
-Trial 743 0 42437060 26.874640
-Trial 744 0 42437060 26.908526
-Trial 745 0 42437060 26.929696
-Trial 746 0 42437060 26.934385
-Trial 747 0 42437060 26.938736
-Trial 748 0 42437060 26.942574
-Trial 749 0 42437060 27.064333
-Trial 750 0 42437060 27.080543
-Trial 751 0 42437060 27.116296
-Trial 752 0 42437060 27.125368
-Trial 753 0 42437060 27.157267
-Trial 754 0 42437060 27.193992
-Trial 755 0 42437060 27.205878
-Trial 756 0 42437060 27.209006
* 757: Cost = 0_42432738, Time = 24.84 sec. 
-Trial 757 0 42432738 27.275538
-Trial 758 0 42432738 27.289112
-Trial 759 0 42432738 27.312779
-Trial 760 0 42432738 27.318503
-Trial 761 0 42432738 27.330746
-Trial 762 0 42432738 27.349888
-Trial 763 0 42432738 27.440029
-Trial 764 0 42432738 27.453825
-Trial 765 0 42432738 27.480625
-Trial 766 0 42432738 27.485848
-Trial 767 0 42432738 27.490144
-Trial 768 0 42432738 27.527553
-Trial 769 0 42432738 27.540151
-Trial 770 0 42432738 27.560467
-Trial 771 0 42432738 27.579986
-Trial 772 0 42432738 27.600637
-Trial 773 0 42432738 27.754046
-Trial 774 0 42432738 27.784340
-Trial 775 0 42432738 27.838990
-Trial 776 0 42432738 27.871473
-Trial 777 0 42432738 27.939991
-Trial 778 0 42432738 27.943837
-Trial 779 0 42432738 27.997065
-Trial 780 0 42432738 28.013439
-Trial 781 0 42432738 28.024629
-Trial 782 0 42432738 28.052641
-Trial 783 0 42432738 28.072675
-Trial 784 0 42432738 28.093401
-Trial 785 0 42432738 28.095127
-Trial 786 0 42432738 28.119966
-Trial 787 0 42432738 28.143336
-Trial 788 0 42432738 28.212450
-Trial 789 0 42432738 28.279313
-Trial 790 0 42432738 28.316341
-Trial 791 0 42432738 28.316871
-Trial 792 0 42432738 28.333356
-Trial 793 0 42432738 28.343222
-Trial 794 0 42432738 28.389281
-Trial 795 0 42432738 28.398353
-Trial 796 0 42432738 28.407163
-Trial 797 0 42432738 28.415460
-Trial 798 0 42432738 28.513301
-Trial 799 0 42432738 28.547781
-Trial 800 0 42432738 28.552438
-Trial 801 0 42432738 28.558922
-Trial 802 0 42432738 28.645249
-Trial 803 0 42432738 28.675948
-Trial 804 0 42432738 28.686021
-Trial 805 0 42432738 28.733145
-Trial 806 0 42432738 28.739981
-Trial 807 0 42432738 28.744441
-Trial 808 0 42432738 28.753831
-Trial 809 0 42432738 28.765349
-Trial 810 0 42432738 28.771615
-Trial 811 0 42432738 28.777252
-Trial 812 0 42432738 28.791045
-Trial 813 0 42432738 28.815209
-Trial 814 0 42432738 28.840383
-Trial 815 0 42432738 28.862865
-Trial 816 0 42432738 28.876429
-Trial 817 0 42432738 28.911952
-Trial 818 0 42432738 29.002724
-Trial 819 0 42432738 29.043748
-Trial 820 0 42432738 29.097706
-Trial 821 0 42432738 29.148720
-Trial 822 0 42432738 29.177786
-Trial 823 0 42432738 29.221019
-Trial 824 0 42432738 29.238599
-Trial 825 0 42432738 29.292783
-Trial 826 0 42432738 29.316731
-Trial 827 0 42432738 29.336910
-Trial 828 0 42432738 29.348767
-Trial 829 0 42432738 29.360674
-Trial 830 0 42432738 29.439012
-Trial 831 0 42432738 29.449748
-Trial 832 0 42432738 29.455245
-Trial 833 0 42432738 29.480731
-Trial 834 0 42432738 29.492692
-Trial 835 0 42432738 29.502518
-Trial 836 0 42432738 29.511165
-Trial 837 0 42432738 29.517288
-Trial 838 0 42432738 29.526036
-Trial 839 0 42432738 29.542053
-Trial 840 0 42432738 29.554660
-Trial 841 0 42432738 29.586835
-Trial 842 0 42432738 29.627346
-Trial 843 0 42432738 29.658051
-Trial 844 0 42432738 29.719545
-Trial 845 0 42432738 29.724741
-Trial 846 0 42432738 29.751705
-Trial 847 0 42432738 29.781918
-Trial 848 0 42432738 29.792387
-Trial 849 0 42432738 29.805657
-Trial 850 0 42432738 29.889206
-Trial 851 0 42432738 29.893128
-Trial 852 0 42432738 29.896499
-Trial 853 0 42432738 29.901928
-Trial 854 0 42432738 29.910165
-Trial 855 0 42432738 29.917503
-Trial 856 0 42432738 29.946181
-Trial 857 0 42432738 29.964358
-Trial 858 0 42432738 30.040223
-Trial 859 0 42432738 30.054000
-Trial 860 0 42432738 30.056036
-Trial 861 0 42432738 30.070710
-Trial 862 0 42432738 30.086335
-Trial 863 0 42432738 30.095737
-Trial 864 0 42432738 30.169796
-Trial 865 0 42432738 30.176473
-Trial 866 0 42432738 30.195241
-Trial 867 0 42432738 30.205430
-Trial 868 0 42432738 30.223171
-Trial 869 0 42432738 30.378228
-Trial 870 0 42432738 30.381813
-Trial 871 0 42432738 30.532968
* 872: Cost = 0_42431792, Time = 28.10 sec. 
-Trial 872 0 42431792 30.538161
-Trial 873 0 42431792 30.568775
-Trial 874 0 42431792 30.605296
-Trial 875 0 42431792 30.613105
-Trial 876 0 42431792 30.619283
-Trial 877 0 42431792 30.639338
-Trial 878 0 42431792 30.653835
-Trial 879 0 42431792 30.658324
-Trial 880 0 42431792 30.697085
-Trial 881 0 42431792 30.704993
-Trial 882 0 42431792 30.714466
-Trial 883 0 42431792 30.740922
-Trial 884 0 42431792 30.763843
-Trial 885 0 42431792 30.830040
-Trial 886 0 42431792 30.846392
-Trial 887 0 42431792 30.877389
-Trial 888 0 42431792 30.897351
-Trial 889 0 42431792 30.925478
-Trial 890 0 42431792 30.932840
-Trial 891 0 42431792 30.955681
-Trial 892 0 42431792 30.958421
-Trial 893 0 42431792 31.006739
-Trial 894 0 42431792 31.071304
-Trial 895 0 42431792 31.081434
-Trial 896 0 42431792 31.106566
-Trial 897 0 42431792 31.304549
-Trial 898 0 42431792 31.327787
-Trial 899 0 42431792 31.349385
-Trial 900 0 42431792 31.369767
-Trial 901 0 42431792 31.376698
-Trial 902 0 42431792 31.393198
-Trial 903 0 42431792 31.495704
-Trial 904 0 42431792 31.500101
-Trial 905 0 42431792 31.580997
-Trial 906 0 42431792 31.592706
-Trial 907 0 42431792 31.593203
-Trial 908 0 42431792 31.597395
-Trial 909 0 42431792 31.611247
-Trial 910 0 42431792 31.622778
-Trial 911 0 42431792 31.631657
-Trial 912 0 42431792 31.639089
-Trial 913 0 42431792 31.663380
-Trial 914 0 42431792 31.680439
-Trial 915 0 42431792 31.795825
-Trial 916 0 42431792 31.800080
-Trial 917 0 42431792 31.803951
-Trial 918 0 42431792 31.819860
-Trial 919 0 42431792 31.833111
-Trial 920 0 42431792 31.869550
-Trial 921 0 42431792 31.884746
-Trial 922 0 42431792 31.918578
-Trial 923 0 42431792 31.943496
-Trial 924 0 42431792 31.949860
-Trial 925 0 42431792 31.967890
-Trial 926 0 42431792 31.997062
-Trial 927 0 42431792 32.006092
-Trial 928 0 42431792 32.044347
-Trial 929 0 42431792 32.055336
-Trial 930 0 42431792 32.152205
-Trial 931 0 42431792 32.177299
-Trial 932 0 42431792 32.181144
-Trial 933 0 42431792 32.203952
-Trial 934 0 42431792 32.213184
-Trial 935 0 42431792 32.217267
-Trial 936 0 42431792 32.655956
-Trial 937 0 42431792 32.702304
-Trial 938 0 42431792 32.711051
-Trial 939 0 42431792 32.724217
-Trial 940 0 42431792 32.755676
-Trial 941 0 42431792 32.759260
-Trial 942 0 42431792 32.793188
-Trial 943 0 42431792 32.836361
-Trial 944 0 42431792 32.841390
-Trial 945 0 42431792 32.951501
-Trial 946 0 42431792 32.959272
-Trial 947 0 42431792 32.981666
-Trial 948 0 42431792 33.036405
-Trial 949 0 42431792 33.060567
-Trial 950 0 42431792 33.452854
-Trial 951 0 42431792 33.475849
-Trial 952 0 42431792 33.485454
-Trial 953 0 42431792 33.492089
* 954: Cost = 0_42424598, Time = 31.06 sec. 
-Trial 954 0 42424598 33.497002
-Trial 955 0 42424598 33.522163
-Trial 956 0 42424598 33.529789
-Trial 957 0 42424598 33.542247
-Trial 958 0 42424598 33.550959
-Trial 959 0 42424598 33.563152
-Trial 960 0 42424598 33.629406
-Trial 961 0 42424598 33.640273
-Trial 962 0 42424598 33.673744
-Trial 963 0 42424598 33.674465
-Trial 964 0 42424598 33.680174
-Trial 965 0 42424598 33.734796
-Trial 966 0 42424598 33.742323
-Trial 967 0 42424598 33.760988
-Trial 968 0 42424598 33.796553
-Trial 969 0 42424598 33.852149
-Trial 970 0 42424598 33.904006
-Trial 971 0 42424598 33.933958
-Trial 972 0 42424598 33.949656
-Trial 973 0 42424598 33.969472
-Trial 974 0 42424598 33.975295
-Trial 975 0 42424598 33.988574
-Trial 976 0 42424598 34.006141
-Trial 977 0 42424598 34.085865
-Trial 978 0 42424598 34.093916
-Trial 979 0 42424598 34.277570
-Trial 980 0 42424598 34.429278
-Trial 981 0 42424598 34.438231
-Trial 982 0 42424598 34.458221
-Trial 983 0 42424598 34.473234
-Trial 984 0 42424598 34.489779
-Trial 985 0 42424598 34.503658
-Trial 986 0 42424598 34.519570
-Trial 987 0 42424598 34.540007
-Trial 988 0 42424598 34.570237
-Trial 989 0 42424598 34.611952
-Trial 990 0 42424598 34.616121
-Trial 991 0 42424598 34.760533
-Trial 992 0 42424598 34.767269
-Trial 993 0 42424598 34.777589
-Trial 994 0 42424598 34.795579
-Trial 995 0 42424598 34.820202
-Trial 996 0 42424598 34.828739
-Trial 997 0 42424598 34.892538
-Trial 998 0 42424598 34.925497
-Trial 999 0 42424598 34.932295
-Trial 1000 0 42424598 34.942356
Population:
  1: 0_42424598
Run 1: Cost = 0_42424598, Time = 32.51 sec. 

Successes/Runs = 0/1 
Cost.min = 42424598, Cost.avg = 42424598.00, Cost.max = 42424598
Gap.min = 0.0000%, Gap.avg = 0.0000%, Gap.max = 0.0000%
Penalty.min = 0, Penalty.avg = 0.00, Penalty.max = 0
Trials.min = 1000, Trials.avg = 1000.0, Trials.max = 1000
Time.min = 32.51 sec., Time.avg = 32.51 sec., Time.max = 32.51 sec.
Time.total = 34.94 sec.
  Size.min = 15, Size.max = 35, Penalty = 0
  Cost.min = 1165533, Cost.max = 2982074, Cost.sum = 42424598
Best CVRPTW solution:
  Cost = 0_42424598
286 1 156 264 426 17 27 307 128 118 343 457 298 462 81 413 429 234 268 34 193 317 248 357 44 505 414 265 63 369 419 486 136 192 303 207 176 120 178 231 249 337 126 222 98 173 475 497 342 72 514 351 186 244 433 382 257 52 367 241 407 325 42 395 402 487 370 201 332 279 109 308 19 386 138 170 70 261 373 408 26 161 508 472 430 25 181 10 453 2 119 374 12 451 404 476 96 477 3 492 383 87 151 406 502 446 48 344 465 385 380 111 62 484 104 397 30 236 160 152 335 61 125 444 45 470 277 440 88 393 147 31 520 221 202 15 445 494 226 291 427 498 246 346 172 90 6 450 479 302 290 463 281 318 400 206 102 506 194 155 13 7 66 77 258 184 101 203 227 421 166 16 293 513 253 319 336 84 73 145 392 371 381 269 185 106 157 188 480 420 8 417 46 127 511 199 378 496 57 129 412 365 306 266 443 321 294 255 198 295 499 65 481 211 76 259 78 162 348 108 205 117 195 174 405 4 491 256 187 454 507 89 394 431 301 441 350 110 372 271 35 51 245 114 490 364 20 233 9 38 37 165 247 243 478 97 315 276 516 390 396 235 304 103 330 33 208 300 219 282 213 220 28 168 305 43 355 447 58 368 464 250 515 24 459 197 169 182 93 387 105 149 132 489 239 218 64 424 358 217 267 175 142 272 366 190 130 86 401 5 229 183 504 135 324 410 230 92 363 347 80 54 359 171 432 56 287 14 22 60 164 341 438 29 74 436 518 312 200 131 428 83 437 154 71 280 95 143 122 349 333 158 334 296 82 134 262 517 167 144 146 11 284 36 123 40 55 288 148 448 327 434 309 328 153 398 209 466 391 251 79 225 510 483 191 460 326 141 91 260 112 50 69 416 39 189 339 228 252 94 159 237 59 456 340 232 411 49 485 113 115 274 331 439 216 519 116 297 471 435 415 384 238 180 362 273 389 23 388 313 67 223 289 32 488 140 493 275 353 509 322 196 242 482 338 53 283 137 292 345 356 422 376 210 379 473 375 403 452 418 311 409 240 124 75 310 449 500 163 495 47 512 214 455 423 299 254 360 329 278 442 133 474 377 224 204 354 18 316 323 501 177 121 107 503 285 425 461 467 41 139 179 399 21 85 468 314 263 352 469 270 99 215 150 361 100 212 68 320 458 286 
