PARAMETER_FILE = result/cvrptw_500/LKH_para/660.para
Reading PROBLEM_FILE: "result/cvrptw_500/cvrptw/660.cvrptw" ... done
ASCENT_CANDIDATES = 50
BACKBONE_TRIALS = 0
BACKTRACKING = NO
# BWTSP =
# CANDIDATE_FILE =
CANDIDATE_SET_TYPE = ALPHA
DEPOT = 1
# EDGE_FILE =
EXCESS = 0.0384615
EXTERNAL_SALESMEN = 0
EXTRA_CANDIDATES = 0 
EXTRA_CANDIDATE_SET_TYPE = QUADRANT
GAIN23 = NO
GAIN_CRITERION = YES
INITIAL_PERIOD = 520
INITIAL_STEP_SIZE = 1
INITIAL_TOUR_ALGORITHM = WALK
# INITIAL_TOUR_FILE = 
INITIAL_TOUR_FRACTION = 1.000
# INPUT_TOUR_FILE = 
KICK_TYPE = 4
KICKS = 1
# MAX_BREADTH =
MAKESPAN = NO
MAX_CANDIDATES = 5 
MAX_SWAPS = 0
MAX_TRIALS = 1000
# MERGE_TOUR_FILE =
MOVE_TYPE = 5 SPECIAL
MTSP_MIN_SIZE = 1
MTSP_MAX_SIZE = 1039
# MTSP_SOLUTION_FILE = 
# NONSEQUENTIAL_MOVE_TYPE = 5
# OPTIMUM =
# OUTPUT_TOUR_FILE = 
PATCHING_A = 1 
PATCHING_C = 0 
# PI_FILE = 
POPMUSIC_INITIAL_TOUR = NO
POPMUSIC_MAX_NEIGHBORS = 5
POPMUSIC_SAMPLE_SIZE = 10
POPMUSIC_SOLUTIONS = 50
POPMUSIC_TRIALS = 1
POPULATION_SIZE = 10
PRECISION = 100
PROBLEM_FILE = result/cvrptw_500/cvrptw/660.cvrptw
RECOMBINATION = IPT
RESTRICTED_SEARCH = YES
RUNS = 1
SALESMEN = 20
SCALE = 1
SEED = 1234
# SINTEF_SOLUTION_FILE = 
STOP_AT_OPTIMUM = YES
SUBGRADIENT = YES
# SUBPROBLEM_SIZE =
# SUBPROBLEM_TOUR_FILE = 
SUBSEQUENT_MOVE_TYPE = 5 SPECIAL
SUBSEQUENT_PATCHING = YES
# TIME_LIMIT =
# TOUR_FILE = 
TRACE_LEVEL = 1
VEHICLES = 20

Lower bound = 27285922.6, Ascent time = 3.13 sec.
Cand.min = 5, Cand.avg = 5.0, Cand.max = 5
Edges.fixed = 520 [Cost = 0]
Preprocessing time = 3.22 sec.
* 1: Cost = 244027_55933088, Time = 3.56 sec. 
-Trial 1 244027 55933088 6.782533
* 2: Cost = 244027_55512994, Time = 3.77 sec. 
-Trial 2 244027 55512994 7.001619
* 3: Cost = 244027_55292631, Time = 3.87 sec. 
-Trial 3 244027 55292631 7.095569
-Trial 4 244027 55292631 7.125002
* 5: Cost = 244027_55139914, Time = 4.02 sec. 
-Trial 5 244027 55139914 7.249828
-Trial 6 244027 55139914 7.505808
-Trial 7 244027 55139914 7.536147
* 8: Cost = 244027_55084527, Time = 4.33 sec. 
-Trial 8 244027 55084527 7.556119
-Trial 9 244027 55084527 7.580723
-Trial 10 244027 55084527 7.595246
-Trial 11 244027 55084527 7.711322
-Trial 12 244027 55084527 7.781437
* 13: Cost = 244027_55010548, Time = 4.64 sec. 
-Trial 13 244027 55010548 7.865111
* 14: Cost = 244027_54687841, Time = 4.74 sec. 
-Trial 14 244027 54687841 7.966325
-Trial 15 244027 54687841 8.067914
-Trial 16 244027 54687841 8.125289
* 17: Cost = 244027_54673412, Time = 4.93 sec. 
-Trial 17 244027 54673412 8.153467
-Trial 18 244027 54673412 8.161568
-Trial 19 244027 54673412 8.636502
-Trial 20 244027 54673412 8.764067
* 21: Cost = 244027_53968620, Time = 5.65 sec. 
-Trial 21 244027 53968620 8.878023
-Trial 22 244027 53968620 9.055504
-Trial 23 244027 53968620 9.066559
-Trial 24 244027 53968620 9.177819
* 25: Cost = 244027_53562391, Time = 6.06 sec. 
-Trial 25 244027 53562391 9.283333
* 26: Cost = 244027_53504323, Time = 6.09 sec. 
-Trial 26 244027 53504323 9.312424
-Trial 27 244027 53504323 9.392807
-Trial 28 244027 53504323 9.433855
-Trial 29 244027 53504323 9.454881
* 30: Cost = 244027_53062385, Time = 6.77 sec. 
-Trial 30 244027 53062385 9.996592
-Trial 31 244027 53062385 10.052625
-Trial 32 244027 53062385 10.144044
-Trial 33 244027 53062385 10.166159
-Trial 34 244027 53062385 10.229918
-Trial 35 244027 53062385 10.405787
-Trial 36 244027 53062385 10.486791
-Trial 37 244027 53062385 10.653496
-Trial 38 244027 53062385 10.678286
* 39: Cost = 244027_53005337, Time = 7.51 sec. 
-Trial 39 244027 53005337 10.734557
* 40: Cost = 244027_52723392, Time = 7.60 sec. 
-Trial 40 244027 52723392 10.829447
* 41: Cost = 244027_52678108, Time = 7.62 sec. 
-Trial 41 244027 52678108 10.850132
-Trial 42 244027 52678108 11.218528
-Trial 43 244027 52678108 11.507251
* 44: Cost = 244027_52524060, Time = 8.35 sec. 
-Trial 44 244027 52524060 11.573454
* 45: Cost = 244027_52517067, Time = 8.45 sec. 
-Trial 45 244027 52517067 11.680267
* 46: Cost = 244027_52192072, Time = 8.62 sec. 
-Trial 46 244027 52192072 11.848425
-Trial 47 244027 52192072 11.890430
-Trial 48 244027 52192072 11.953440
-Trial 49 244027 52192072 12.147670
-Trial 50 244027 52192072 12.179543
-Trial 51 244027 52192072 12.217629
-Trial 52 244027 52192072 12.247880
-Trial 53 244027 52192072 12.303753
* 54: Cost = 244027_52053053, Time = 9.19 sec. 
-Trial 54 244027 52053053 12.417649
-Trial 55 244027 52053053 12.443744
-Trial 56 244027 52053053 12.844874
* 57: Cost = 244027_52035908, Time = 9.63 sec. 
-Trial 57 244027 52035908 12.861772
* 58: Cost = 244027_51957024, Time = 9.75 sec. 
-Trial 58 244027 51957024 12.973848
-Trial 59 244027 51957024 13.003810
* 60: Cost = 244027_51787835, Time = 9.90 sec. 
-Trial 60 244027 51787835 13.129365
-Trial 61 244027 51787835 13.204264
* 62: Cost = 244027_51617957, Time = 10.04 sec. 
-Trial 62 244027 51617957 13.263598
* 63: Cost = 244027_51246214, Time = 10.13 sec. 
-Trial 63 244027 51246214 13.361557
* 64: Cost = 244027_51142921, Time = 10.22 sec. 
-Trial 64 244027 51142921 13.442755
* 65: Cost = 244027_51087380, Time = 10.25 sec. 
-Trial 65 244027 51087380 13.473201
-Trial 66 244027 51087380 13.564938
* 67: Cost = 244027_51059357, Time = 10.50 sec. 
-Trial 67 244027 51059357 13.728373
* 68: Cost = 244027_50794290, Time = 10.70 sec. 
-Trial 68 244027 50794290 13.923048
-Trial 69 244027 50794290 13.972765
-Trial 70 244027 50794290 14.095413
* 71: Cost = 244027_50401439, Time = 10.99 sec. 
-Trial 71 244027 50401439 14.218255
* 72: Cost = 244027_50142657, Time = 11.16 sec. 
-Trial 72 244027 50142657 14.388726
-Trial 73 244027 50142657 14.484221
-Trial 74 244027 50142657 14.544728
* 75: Cost = 244027_50113445, Time = 11.35 sec. 
-Trial 75 244027 50113445 14.578548
-Trial 76 244027 50113445 14.656266
* 77: Cost = 244027_50058811, Time = 11.55 sec. 
-Trial 77 244027 50058811 14.778118
* 78: Cost = 244027_50051521, Time = 11.59 sec. 
-Trial 78 244027 50051521 14.812618
* 79: Cost = 244027_49910733, Time = 11.76 sec. 
-Trial 79 244027 49910733 14.988384
-Trial 80 244027 49910733 15.128025
* 81: Cost = 244027_49893205, Time = 11.97 sec. 
-Trial 81 244027 49893205 15.195171
-Trial 82 244027 49893205 15.300098
* 83: Cost = 244027_49811780, Time = 12.11 sec. 
-Trial 83 244027 49811780 15.339637
-Trial 84 244027 49811780 15.601247
-Trial 85 244027 49811780 15.624529
-Trial 86 244027 49811780 15.682803
-Trial 87 244027 49811780 15.747418
-Trial 88 244027 49811780 15.797396
-Trial 89 244027 49811780 15.874108
* 90: Cost = 244027_49795607, Time = 12.81 sec. 
-Trial 90 244027 49795607 16.032986
-Trial 91 244027 49795607 16.144528
-Trial 92 244027 49795607 16.210522
-Trial 93 244027 49795607 16.232533
* 94: Cost = 244027_49741334, Time = 13.05 sec. 
-Trial 94 244027 49741334 16.274052
-Trial 95 244027 49741334 16.303519
-Trial 96 244027 49741334 16.623149
-Trial 97 244027 49741334 16.662178
* 98: Cost = 244027_49646207, Time = 13.47 sec. 
-Trial 98 244027 49646207 16.701052
-Trial 99 244027 49646207 16.843029
-Trial 100 244027 49646207 16.885540
-Trial 101 244027 49646207 16.922742
* 102: Cost = 244027_49525921, Time = 13.73 sec. 
-Trial 102 244027 49525921 16.955603
-Trial 103 244027 49525921 17.082958
* 104: Cost = 244027_49496096, Time = 13.90 sec. 
-Trial 104 244027 49496096 17.129225
-Trial 105 244027 49496096 17.162380
-Trial 106 244027 49496096 17.284950
-Trial 107 244027 49496096 17.336915
-Trial 108 244027 49496096 17.427997
-Trial 109 244027 49496096 17.450927
* 110: Cost = 244027_49472463, Time = 14.33 sec. 
-Trial 110 244027 49472463 17.561419
-Trial 111 244027 49472463 17.678679
-Trial 112 244027 49472463 17.837466
-Trial 113 244027 49472463 17.861755
* 114: Cost = 244027_49391899, Time = 14.70 sec. 
-Trial 114 244027 49391899 17.931942
* 115: Cost = 244027_49269391, Time = 14.74 sec. 
-Trial 115 244027 49269391 17.962893
-Trial 116 244027 49269391 18.042501
-Trial 117 244027 49269391 18.055284
* 118: Cost = 244027_49138651, Time = 14.85 sec. 
-Trial 118 244027 49138651 18.072874
-Trial 119 244027 49138651 18.105120
* 120: Cost = 244027_49107919, Time = 14.95 sec. 
-Trial 120 244027 49107919 18.178201
-Trial 121 244027 49107919 18.185222
-Trial 122 244027 49107919 18.260660
-Trial 123 244027 49107919 18.275727
-Trial 124 244027 49107919 18.314993
-Trial 125 244027 49107919 18.349292
-Trial 126 244027 49107919 18.457082
-Trial 127 244027 49107919 18.498609
-Trial 128 244027 49107919 18.534366
-Trial 129 244027 49107919 18.642722
-Trial 130 244027 49107919 18.709741
-Trial 131 244027 49107919 18.736200
-Trial 132 244027 49107919 18.817689
-Trial 133 244027 49107919 18.853550
-Trial 134 244027 49107919 18.875252
-Trial 135 244027 49107919 18.922730
-Trial 136 244027 49107919 19.017537
-Trial 137 244027 49107919 19.054243
* 138: Cost = 244027_49088185, Time = 15.88 sec. 
-Trial 138 244027 49088185 19.103873
* 139: Cost = 244027_49019165, Time = 15.92 sec. 
-Trial 139 244027 49019165 19.146743
-Trial 140 244027 49019165 19.219882
-Trial 141 244027 49019165 19.262622
-Trial 142 244027 49019165 19.293734
-Trial 143 244027 49019165 19.317509
-Trial 144 244027 49019165 19.347486
-Trial 145 244027 49019165 19.428997
* 146: Cost = 244027_49014035, Time = 16.27 sec. 
-Trial 146 244027 49014035 19.498572
* 147: Cost = 244027_48976126, Time = 16.30 sec. 
-Trial 147 244027 48976126 19.522473
-Trial 148 244027 48976126 19.616768
-Trial 149 244027 48976126 19.758575
-Trial 150 244027 48976126 19.815400
-Trial 151 244027 48976126 19.849149
-Trial 152 244027 48976126 19.941539
-Trial 153 244027 48976126 20.001936
-Trial 154 244027 48976126 20.053918
-Trial 155 244027 48976126 20.078343
* 156: Cost = 244027_48878282, Time = 16.89 sec. 
-Trial 156 244027 48878282 20.121653
-Trial 157 244027 48878282 20.130365
* 158: Cost = 244027_48815674, Time = 16.93 sec. 
-Trial 158 244027 48815674 20.156541
-Trial 159 244027 48815674 20.200792
-Trial 160 244027 48815674 20.218041
-Trial 161 244027 48815674 20.359212
-Trial 162 244027 48815674 20.391193
* 163: Cost = 244027_48808466, Time = 17.26 sec. 
-Trial 163 244027 48808466 20.483341
-Trial 164 244027 48808466 20.556303
-Trial 165 244027 48808466 20.635294
-Trial 166 244027 48808466 20.671388
-Trial 167 244027 48808466 20.717245
-Trial 168 244027 48808466 20.733569
-Trial 169 244027 48808466 20.799596
-Trial 170 244027 48808466 20.842119
* 171: Cost = 244027_48525340, Time = 17.78 sec. 
-Trial 171 244027 48525340 21.009938
* 172: Cost = 244027_48371020, Time = 17.82 sec. 
-Trial 172 244027 48371020 21.048173
* 173: Cost = 244027_48303699, Time = 17.88 sec. 
-Trial 173 244027 48303699 21.112168
* 174: Cost = 244027_48268872, Time = 17.94 sec. 
-Trial 174 244027 48268872 21.164526
-Trial 175 244027 48268872 21.174413
-Trial 176 244027 48268872 21.239085
* 177: Cost = 244027_48215588, Time = 18.04 sec. 
-Trial 177 244027 48215588 21.271977
-Trial 178 244027 48215588 21.352183
-Trial 179 244027 48215588 21.425783
* 180: Cost = 244027_48170910, Time = 18.25 sec. 
-Trial 180 244027 48170910 21.475946
-Trial 181 244027 48170910 21.507060
-Trial 182 244027 48170910 21.539349
-Trial 183 244027 48170910 21.689116
-Trial 184 244027 48170910 21.708882
-Trial 185 244027 48170910 21.746772
-Trial 186 244027 48170910 21.803381
-Trial 187 244027 48170910 21.887665
-Trial 188 244027 48170910 21.930493
-Trial 189 244027 48170910 22.146314
-Trial 190 244027 48170910 22.180919
-Trial 191 244027 48170910 22.218246
-Trial 192 244027 48170910 22.293578
-Trial 193 244027 48170910 22.346590
-Trial 194 244027 48170910 22.349101
-Trial 195 244027 48170910 22.407065
-Trial 196 244027 48170910 22.465722
* 197: Cost = 244027_48160719, Time = 19.30 sec. 
-Trial 197 244027 48160719 22.529542
-Trial 198 244027 48160719 22.612354
-Trial 199 244027 48160719 22.674838
* 200: Cost = 244027_48157877, Time = 19.48 sec. 
-Trial 200 244027 48157877 22.706546
-Trial 201 244027 48157877 22.763813
-Trial 202 244027 48157877 22.824414
-Trial 203 244027 48157877 22.870857
-Trial 204 244027 48157877 23.026772
* 205: Cost = 244027_48143769, Time = 19.87 sec. 
-Trial 205 244027 48143769 23.094401
-Trial 206 244027 48143769 23.196133
* 207: Cost = 244027_48117568, Time = 20.09 sec. 
-Trial 207 244027 48117568 23.314172
* 208: Cost = 244027_48111916, Time = 20.12 sec. 
-Trial 208 244027 48111916 23.347363
* 209: Cost = 244027_48043336, Time = 20.14 sec. 
-Trial 209 244027 48043336 23.368343
-Trial 210 244027 48043336 23.472136
* 211: Cost = 244027_48040589, Time = 20.27 sec. 
-Trial 211 244027 48040589 23.501270
-Trial 212 244027 48040589 23.527414
-Trial 213 244027 48040589 23.572033
-Trial 214 244027 48040589 23.613984
-Trial 215 244027 48040589 23.678322
-Trial 216 244027 48040589 23.704331
-Trial 217 244027 48040589 23.741142
-Trial 218 244027 48040589 23.804974
-Trial 219 244027 48040589 23.911792
-Trial 220 244027 48040589 23.974457
-Trial 221 244027 48040589 23.991553
-Trial 222 244027 48040589 24.134380
-Trial 223 244027 48040589 24.164354
-Trial 224 244027 48040589 24.288939
-Trial 225 244027 48040589 24.308774
-Trial 226 244027 48040589 24.476902
-Trial 227 244027 48040589 24.567849
-Trial 228 244027 48040589 24.628521
-Trial 229 244027 48040589 24.634991
-Trial 230 244027 48040589 24.715817
-Trial 231 244027 48040589 24.759528
-Trial 232 244027 48040589 24.805072
-Trial 233 244027 48040589 24.837849
-Trial 234 244027 48040589 24.873260
-Trial 235 244027 48040589 24.947227
-Trial 236 244027 48040589 24.974966
-Trial 237 244027 48040589 25.024513
-Trial 238 244027 48040589 25.048519
-Trial 239 244027 48040589 25.124144
-Trial 240 244027 48040589 25.149576
-Trial 241 244027 48040589 25.206046
-Trial 242 244027 48040589 25.207637
* 243: Cost = 244027_48007814, Time = 22.09 sec. 
-Trial 243 244027 48007814 25.312624
-Trial 244 244027 48007814 25.316280
-Trial 245 244027 48007814 25.328326
-Trial 246 244027 48007814 25.341108
-Trial 247 244027 48007814 25.437076
-Trial 248 244027 48007814 25.495643
-Trial 249 244027 48007814 25.530868
-Trial 250 244027 48007814 25.554852
-Trial 251 244027 48007814 25.689118
-Trial 252 244027 48007814 25.756086
-Trial 253 244027 48007814 25.919791
-Trial 254 244027 48007814 25.978678
-Trial 255 244027 48007814 26.040215
-Trial 256 244027 48007814 26.117652
-Trial 257 244027 48007814 26.137815
-Trial 258 244027 48007814 26.148473
-Trial 259 244027 48007814 26.205559
-Trial 260 244027 48007814 26.254659
-Trial 261 244027 48007814 26.319850
-Trial 262 244027 48007814 26.383274
-Trial 263 244027 48007814 26.410556
-Trial 264 244027 48007814 26.507417
-Trial 265 244027 48007814 26.554040
-Trial 266 244027 48007814 26.601061
* 267: Cost = 244027_48006668, Time = 23.61 sec. 
-Trial 267 244027 48006668 26.833707
* 268: Cost = 244027_47959217, Time = 23.63 sec. 
-Trial 268 244027 47959217 26.860948
-Trial 269 244027 47959217 26.875886
-Trial 270 244027 47959217 27.005693
-Trial 271 244027 47959217 27.083818
-Trial 272 244027 47959217 27.126249
-Trial 273 244027 47959217 27.150740
-Trial 274 244027 47959217 27.436941
-Trial 275 244027 47959217 27.449831
-Trial 276 244027 47959217 27.557227
-Trial 277 244027 47959217 27.576142
-Trial 278 244027 47959217 27.620958
-Trial 279 244027 47959217 27.647137
-Trial 280 244027 47959217 27.657270
-Trial 281 244027 47959217 27.759551
-Trial 282 244027 47959217 27.830214
-Trial 283 244027 47959217 27.906012
-Trial 284 244027 47959217 27.945489
-Trial 285 244027 47959217 28.039186
-Trial 286 244027 47959217 28.103830
-Trial 287 244027 47959217 28.140771
* 288: Cost = 244027_47852155, Time = 24.95 sec. 
-Trial 288 244027 47852155 28.179231
-Trial 289 244027 47852155 28.218262
-Trial 290 244027 47852155 28.359139
-Trial 291 244027 47852155 28.430623
* 292: Cost = 244027_47843304, Time = 25.22 sec. 
-Trial 292 244027 47843304 28.451061
-Trial 293 244027 47843304 28.476249
-Trial 294 244027 47843304 28.504918
-Trial 295 244027 47843304 28.568092
-Trial 296 244027 47843304 28.627684
-Trial 297 244027 47843304 28.661993
-Trial 298 244027 47843304 28.784336
* 299: Cost = 244027_47800485, Time = 25.62 sec. 
-Trial 299 244027 47800485 28.844173
-Trial 300 244027 47800485 28.907231
-Trial 301 244027 47800485 29.010715
-Trial 302 244027 47800485 29.169997
* 303: Cost = 244027_47730973, Time = 26.04 sec. 
-Trial 303 244027 47730973 29.270507
-Trial 304 244027 47730973 29.276138
-Trial 305 244027 47730973 29.306984
-Trial 306 244027 47730973 29.398778
* 307: Cost = 244027_47728362, Time = 26.39 sec. 
-Trial 307 244027 47728362 29.614230
-Trial 308 244027 47728362 29.763683
-Trial 309 244027 47728362 29.837468
* 310: Cost = 244027_47720054, Time = 26.74 sec. 
-Trial 310 244027 47720054 29.962935
-Trial 311 244027 47720054 30.263690
* 312: Cost = 244027_47717534, Time = 27.18 sec. 
-Trial 312 244027 47717534 30.403525
-Trial 313 244027 47717534 30.403893
-Trial 314 244027 47717534 30.416518
* 315: Cost = 244027_47698752, Time = 27.33 sec. 
-Trial 315 244027 47698752 30.558028
-Trial 316 244027 47698752 30.628476
* 317: Cost = 244027_47651405, Time = 27.44 sec. 
-Trial 317 244027 47651405 30.666446
-Trial 318 244027 47651405 30.706900
-Trial 319 244027 47651405 30.769848
-Trial 320 244027 47651405 30.809793
-Trial 321 244027 47651405 30.850756
-Trial 322 244027 47651405 30.939335
-Trial 323 244027 47651405 31.083256
-Trial 324 244027 47651405 31.124488
* 325: Cost = 244027_47634297, Time = 27.95 sec. 
-Trial 325 244027 47634297 31.180030
-Trial 326 244027 47634297 31.221447
-Trial 327 244027 47634297 31.395175
-Trial 328 244027 47634297 31.402328
-Trial 329 244027 47634297 31.455986
-Trial 330 244027 47634297 31.591687
-Trial 331 244027 47634297 31.682372
-Trial 332 244027 47634297 31.876786
-Trial 333 244027 47634297 31.910165
* 334: Cost = 244027_47623899, Time = 28.71 sec. 
-Trial 334 244027 47623899 31.935527
-Trial 335 244027 47623899 32.004978
-Trial 336 244027 47623899 32.034746
-Trial 337 244027 47623899 32.063005
-Trial 338 244027 47623899 32.112214
-Trial 339 244027 47623899 32.230048
-Trial 340 244027 47623899 32.320286
-Trial 341 244027 47623899 32.412800
-Trial 342 244027 47623899 32.457877
-Trial 343 244027 47623899 32.561149
-Trial 344 244027 47623899 32.624760
-Trial 345 244027 47623899 32.660526
* 346: Cost = 244027_47531284, Time = 29.47 sec. 
-Trial 346 244027 47531284 32.700803
-Trial 347 244027 47531284 32.757133
-Trial 348 244027 47531284 32.821167
-Trial 349 244027 47531284 32.909290
-Trial 350 244027 47531284 32.952606
-Trial 351 244027 47531284 33.108101
-Trial 352 244027 47531284 33.141559
-Trial 353 244027 47531284 33.167081
-Trial 354 244027 47531284 33.178478
-Trial 355 244027 47531284 33.224747
* 356: Cost = 244027_47481784, Time = 30.07 sec. 
-Trial 356 244027 47481784 33.299292
-Trial 357 244027 47481784 33.362385
-Trial 358 244027 47481784 33.472125
-Trial 359 244027 47481784 33.666821
-Trial 360 244027 47481784 33.694175
-Trial 361 244027 47481784 33.704591
-Trial 362 244027 47481784 33.869113
-Trial 363 244027 47481784 33.954309
-Trial 364 244027 47481784 33.964204
-Trial 365 244027 47481784 34.057924
-Trial 366 244027 47481784 34.075468
-Trial 367 244027 47481784 34.139502
-Trial 368 244027 47481784 34.227390
-Trial 369 244027 47481784 34.279212
* 370: Cost = 244027_47432501, Time = 31.07 sec. 
-Trial 370 244027 47432501 34.294971
-Trial 371 244027 47432501 34.445776
-Trial 372 244027 47432501 34.451869
-Trial 373 244027 47432501 34.479564
-Trial 374 244027 47432501 34.513483
-Trial 375 244027 47432501 34.558102
-Trial 376 244027 47432501 34.624723
-Trial 377 244027 47432501 34.670641
-Trial 378 244027 47432501 34.698785
-Trial 379 244027 47432501 34.754635
-Trial 380 244027 47432501 34.847380
-Trial 381 244027 47432501 34.857160
-Trial 382 244027 47432501 34.892674
-Trial 383 244027 47432501 34.919272
* 384: Cost = 244027_47302583, Time = 31.78 sec. 
-Trial 384 244027 47302583 35.003379
-Trial 385 244027 47302583 35.068351
-Trial 386 244027 47302583 35.079899
-Trial 387 244027 47302583 35.160344
-Trial 388 244027 47302583 35.172831
-Trial 389 244027 47302583 35.183949
-Trial 390 244027 47302583 35.207804
-Trial 391 244027 47302583 35.289984
-Trial 392 244027 47302583 35.441909
-Trial 393 244027 47302583 35.636263
-Trial 394 244027 47302583 35.668739
-Trial 395 244027 47302583 35.806027
-Trial 396 244027 47302583 35.862195
-Trial 397 244027 47302583 35.876516
-Trial 398 244027 47302583 35.907011
-Trial 399 244027 47302583 35.958221
-Trial 400 244027 47302583 36.012148
-Trial 401 244027 47302583 36.033717
-Trial 402 244027 47302583 36.046416
-Trial 403 244027 47302583 36.076414
-Trial 404 244027 47302583 36.124578
-Trial 405 244027 47302583 36.160412
-Trial 406 244027 47302583 36.191260
-Trial 407 244027 47302583 36.194428
-Trial 408 244027 47302583 36.239633
-Trial 409 244027 47302583 36.274334
* 410: Cost = 244027_47199330, Time = 33.07 sec. 
-Trial 410 244027 47199330 36.297991
-Trial 411 244027 47199330 36.364042
-Trial 412 244027 47199330 36.404141
-Trial 413 244027 47199330 36.434232
-Trial 414 244027 47199330 36.436382
-Trial 415 244027 47199330 36.462360
-Trial 416 244027 47199330 36.622133
-Trial 417 244027 47199330 36.705383
-Trial 418 244027 47199330 36.761475
-Trial 419 244027 47199330 36.796483
-Trial 420 244027 47199330 36.996384
-Trial 421 244027 47199330 37.014697
-Trial 422 244027 47199330 37.054818
-Trial 423 244027 47199330 37.093550
-Trial 424 244027 47199330 37.181080
-Trial 425 244027 47199330 37.198979
-Trial 426 244027 47199330 37.241646
-Trial 427 244027 47199330 37.366384
-Trial 428 244027 47199330 37.500283
-Trial 429 244027 47199330 37.542345
* 430: Cost = 244027_47152995, Time = 34.36 sec. 
-Trial 430 244027 47152995 37.590544
-Trial 431 244027 47152995 37.657832
-Trial 432 244027 47152995 37.696525
* 433: Cost = 244027_47148679, Time = 34.53 sec. 
-Trial 433 244027 47148679 37.755880
-Trial 434 244027 47148679 37.840949
-Trial 435 244027 47148679 37.903143
-Trial 436 244027 47148679 37.923513
-Trial 437 244027 47148679 38.058916
-Trial 438 244027 47148679 38.161805
-Trial 439 244027 47148679 38.163017
-Trial 440 244027 47148679 38.242234
-Trial 441 244027 47148679 38.288500
-Trial 442 244027 47148679 38.300981
-Trial 443 244027 47148679 38.326145
-Trial 444 244027 47148679 38.389547
-Trial 445 244027 47148679 38.418045
-Trial 446 244027 47148679 38.426830
-Trial 447 244027 47148679 38.436284
-Trial 448 244027 47148679 38.473910
-Trial 449 244027 47148679 38.483628
-Trial 450 244027 47148679 38.552287
-Trial 451 244027 47148679 38.597160
-Trial 452 244027 47148679 38.649024
-Trial 453 244027 47148679 38.701075
-Trial 454 244027 47148679 38.727237
-Trial 455 244027 47148679 38.752112
-Trial 456 244027 47148679 38.770032
-Trial 457 244027 47148679 38.780719
-Trial 458 244027 47148679 38.823969
-Trial 459 244027 47148679 38.868628
-Trial 460 244027 47148679 38.885322
-Trial 461 244027 47148679 38.922191
-Trial 462 244027 47148679 38.986466
-Trial 463 244027 47148679 39.058509
-Trial 464 244027 47148679 39.100893
-Trial 465 244027 47148679 39.146738
-Trial 466 244027 47148679 39.204638
-Trial 467 244027 47148679 39.382041
-Trial 468 244027 47148679 39.420610
-Trial 469 244027 47148679 39.421009
-Trial 470 244027 47148679 39.448376
-Trial 471 244027 47148679 39.537825
-Trial 472 244027 47148679 39.685504
-Trial 473 244027 47148679 39.723198
-Trial 474 244027 47148679 39.725431
-Trial 475 244027 47148679 39.743493
-Trial 476 244027 47148679 39.852043
-Trial 477 244027 47148679 39.901186
-Trial 478 244027 47148679 39.990597
* 479: Cost = 244027_47118032, Time = 36.81 sec. 
-Trial 479 244027 47118032 40.038860
-Trial 480 244027 47118032 40.116655
-Trial 481 244027 47118032 40.120464
-Trial 482 244027 47118032 40.229371
-Trial 483 244027 47118032 40.294594
-Trial 484 244027 47118032 40.391208
-Trial 485 244027 47118032 40.466063
-Trial 486 244027 47118032 40.551383
-Trial 487 244027 47118032 40.589738
-Trial 488 244027 47118032 40.658431
-Trial 489 244027 47118032 40.702190
-Trial 490 244027 47118032 40.742756
* 491: Cost = 244027_47045379, Time = 37.61 sec. 
-Trial 491 244027 47045379 40.838216
-Trial 492 244027 47045379 40.886744
-Trial 493 244027 47045379 40.942883
-Trial 494 244027 47045379 41.006171
-Trial 495 244027 47045379 41.050472
-Trial 496 244027 47045379 41.106438
* 497: Cost = 244027_47041245, Time = 37.93 sec. 
-Trial 497 244027 47041245 41.155049
-Trial 498 244027 47041245 41.212662
-Trial 499 244027 47041245 41.277224
-Trial 500 244027 47041245 41.357427
* 501: Cost = 244027_46970867, Time = 38.20 sec. 
-Trial 501 244027 46970867 41.428801
-Trial 502 244027 46970867 41.546882
-Trial 503 244027 46970867 41.605867
-Trial 504 244027 46970867 41.663635
-Trial 505 244027 46970867 41.770441
-Trial 506 244027 46970867 41.829373
-Trial 507 244027 46970867 41.883518
-Trial 508 244027 46970867 41.897481
-Trial 509 244027 46970867 41.987457
-Trial 510 244027 46970867 42.031140
-Trial 511 244027 46970867 42.070454
-Trial 512 244027 46970867 42.208808
-Trial 513 244027 46970867 42.272988
-Trial 514 244027 46970867 42.320545
-Trial 515 244027 46970867 42.425049
-Trial 516 244027 46970867 42.428242
-Trial 517 244027 46970867 42.483561
-Trial 518 244027 46970867 42.579789
-Trial 519 244027 46970867 42.602928
* 520: Cost = 244027_46919345, Time = 39.41 sec. 
-Trial 520 244027 46919345 42.641994
-Trial 521 244027 46919345 42.662353
-Trial 522 244027 46919345 42.697474
-Trial 523 244027 46919345 42.728868
-Trial 524 244027 46919345 42.810372
-Trial 525 244027 46919345 42.850905
-Trial 526 244027 46919345 42.896472
-Trial 527 244027 46919345 43.021407
-Trial 528 244027 46919345 43.042680
-Trial 529 244027 46919345 43.127035
-Trial 530 244027 46919345 43.165542
-Trial 531 244027 46919345 43.185060
-Trial 532 244027 46919345 43.300171
-Trial 533 244027 46919345 43.337236
-Trial 534 244027 46919345 43.523399
-Trial 535 244027 46919345 43.555602
* 536: Cost = 244027_46914001, Time = 40.63 sec. 
-Trial 536 244027 46914001 43.855689
* 537: Cost = 244027_46815025, Time = 40.72 sec. 
-Trial 537 244027 46815025 43.950582
-Trial 538 244027 46815025 43.984269
-Trial 539 244027 46815025 44.105087
-Trial 540 244027 46815025 44.126130
-Trial 541 244027 46815025 44.175830
-Trial 542 244027 46815025 44.253920
-Trial 543 244027 46815025 44.272290
-Trial 544 244027 46815025 44.357844
-Trial 545 244027 46815025 44.368655
-Trial 546 244027 46815025 44.475909
-Trial 547 244027 46815025 44.567494
-Trial 548 244027 46815025 44.582900
-Trial 549 244027 46815025 44.606574
-Trial 550 244027 46815025 44.631658
-Trial 551 244027 46815025 44.719802
-Trial 552 244027 46815025 44.771710
* 553: Cost = 244027_46767171, Time = 41.79 sec. 
-Trial 553 244027 46767171 45.020896
-Trial 554 244027 46767171 45.045811
-Trial 555 244027 46767171 45.108729
-Trial 556 244027 46767171 45.211098
-Trial 557 244027 46767171 45.252170
-Trial 558 244027 46767171 45.596537
-Trial 559 244027 46767171 45.646606
-Trial 560 244027 46767171 45.659603
-Trial 561 244027 46767171 45.700823
-Trial 562 244027 46767171 45.889412
-Trial 563 244027 46767171 45.943109
-Trial 564 244027 46767171 46.262524
* 565: Cost = 244027_46749009, Time = 43.06 sec. 
-Trial 565 244027 46749009 46.291894
-Trial 566 244027 46749009 46.305094
-Trial 567 244027 46749009 46.365682
-Trial 568 244027 46749009 46.469394
-Trial 569 244027 46749009 46.541145
-Trial 570 244027 46749009 46.690809
-Trial 571 244027 46749009 46.719776
-Trial 572 244027 46749009 46.794070
-Trial 573 244027 46749009 47.035103
-Trial 574 244027 46749009 47.116533
-Trial 575 244027 46749009 47.187306
-Trial 576 244027 46749009 47.299614
-Trial 577 244027 46749009 47.344957
-Trial 578 244027 46749009 47.407777
-Trial 579 244027 46749009 47.447846
-Trial 580 244027 46749009 47.475837
-Trial 581 244027 46749009 47.526231
* 582: Cost = 244027_46725882, Time = 44.36 sec. 
-Trial 582 244027 46725882 47.586736
-Trial 583 244027 46725882 47.714557
-Trial 584 244027 46725882 47.801985
-Trial 585 244027 46725882 47.815611
-Trial 586 244027 46725882 47.863205
-Trial 587 244027 46725882 47.948752
* 588: Cost = 244027_46722764, Time = 44.78 sec. 
-Trial 588 244027 46722764 48.002362
-Trial 589 244027 46722764 48.125270
-Trial 590 244027 46722764 48.140642
-Trial 591 244027 46722764 48.200211
-Trial 592 244027 46722764 48.224058
-Trial 593 244027 46722764 48.260224
-Trial 594 244027 46722764 48.314612
-Trial 595 244027 46722764 48.392249
-Trial 596 244027 46722764 48.465101
-Trial 597 244027 46722764 48.514863
-Trial 598 244027 46722764 48.616789
-Trial 599 244027 46722764 48.759645
-Trial 600 244027 46722764 48.801284
-Trial 601 244027 46722764 48.880140
-Trial 602 244027 46722764 48.983640
-Trial 603 244027 46722764 49.107388
-Trial 604 244027 46722764 49.181100
-Trial 605 244027 46722764 49.265976
-Trial 606 244027 46722764 49.328417
-Trial 607 244027 46722764 49.397674
-Trial 608 244027 46722764 49.410029
-Trial 609 244027 46722764 49.540542
-Trial 610 244027 46722764 49.600502
-Trial 611 244027 46722764 49.641030
-Trial 612 244027 46722764 49.680488
-Trial 613 244027 46722764 49.780095
-Trial 614 244027 46722764 49.869778
-Trial 615 244027 46722764 50.016760
-Trial 616 244027 46722764 50.115368
-Trial 617 244027 46722764 50.117798
-Trial 618 244027 46722764 50.175308
-Trial 619 244027 46722764 50.299934
-Trial 620 244027 46722764 50.314626
-Trial 621 244027 46722764 50.423108
* 622: Cost = 244027_46582128, Time = 47.26 sec. 
-Trial 622 244027 46582128 50.482955
-Trial 623 244027 46582128 50.498055
-Trial 624 244027 46582128 50.548413
-Trial 625 244027 46582128 50.867724
-Trial 626 244027 46582128 50.949916
-Trial 627 244027 46582128 51.017242
-Trial 628 244027 46582128 51.037766
-Trial 629 244027 46582128 51.096730
* 630: Cost = 244027_46536827, Time = 47.91 sec. 
-Trial 630 244027 46536827 51.137468
-Trial 631 244027 46536827 51.244009
-Trial 632 244027 46536827 51.266192
-Trial 633 244027 46536827 51.304530
-Trial 634 244027 46536827 51.307901
-Trial 635 244027 46536827 51.340181
-Trial 636 244027 46536827 51.421820
-Trial 637 244027 46536827 51.474038
-Trial 638 244027 46536827 51.527024
-Trial 639 244027 46536827 51.582758
-Trial 640 244027 46536827 51.596391
-Trial 641 244027 46536827 51.613256
-Trial 642 244027 46536827 51.693988
-Trial 643 244027 46536827 51.735349
-Trial 644 244027 46536827 51.791003
-Trial 645 244027 46536827 51.810260
-Trial 646 244027 46536827 51.942414
-Trial 647 244027 46536827 51.962103
-Trial 648 244027 46536827 52.017814
-Trial 649 244027 46536827 52.054471
* 650: Cost = 34552_47140845, Time = 49.28 sec. 
-Trial 650 34552 47140845 52.506719
-Trial 651 34552 47140845 52.555389
-Trial 652 34552 47140845 52.677961
-Trial 653 34552 47140845 52.740205
-Trial 654 34552 47140845 52.833137
-Trial 655 34552 47140845 52.899884
-Trial 656 34552 47140845 53.019347
* 657: Cost = 34552_47092944, Time = 49.83 sec. 
-Trial 657 34552 47092944 53.055212
-Trial 658 34552 47092944 53.090216
-Trial 659 34552 47092944 53.190399
-Trial 660 34552 47092944 53.197746
-Trial 661 34552 47092944 53.255134
-Trial 662 34552 47092944 53.294192
-Trial 663 34552 47092944 53.391485
-Trial 664 34552 47092944 53.454083
-Trial 665 34552 47092944 53.554761
-Trial 666 34552 47092944 53.701459
* 667: Cost = 0_47021487, Time = 50.49 sec. 
-Trial 667 0 47021487 53.717452
-Trial 668 0 47021487 53.725389
-Trial 669 0 47021487 53.742749
-Trial 670 0 47021487 53.757427
-Trial 671 0 47021487 53.769028
-Trial 672 0 47021487 53.832244
-Trial 673 0 47021487 54.005124
-Trial 674 0 47021487 54.013222
-Trial 675 0 47021487 54.028565
-Trial 676 0 47021487 54.050969
-Trial 677 0 47021487 54.193285
-Trial 678 0 47021487 54.414318
-Trial 679 0 47021487 54.461361
-Trial 680 0 47021487 54.474767
-Trial 681 0 47021487 54.480634
-Trial 682 0 47021487 54.535546
-Trial 683 0 47021487 54.564025
-Trial 684 0 47021487 54.645259
-Trial 685 0 47021487 54.679503
-Trial 686 0 47021487 54.685157
-Trial 687 0 47021487 54.764712
-Trial 688 0 47021487 54.800569
-Trial 689 0 47021487 54.821095
-Trial 690 0 47021487 54.836495
* 691: Cost = 0_46815770, Time = 51.62 sec. 
-Trial 691 0 46815770 54.852015
* 692: Cost = 0_46789518, Time = 51.63 sec. 
-Trial 692 0 46789518 54.854470
-Trial 693 0 46789518 54.882417
-Trial 694 0 46789518 54.898025
-Trial 695 0 46789518 54.915098
-Trial 696 0 46789518 54.920995
-Trial 697 0 46789518 54.922506
-Trial 698 0 46789518 54.986233
-Trial 699 0 46789518 54.991203
* 700: Cost = 0_46761930, Time = 51.78 sec. 
-Trial 700 0 46761930 55.011866
-Trial 701 0 46761930 55.061243
-Trial 702 0 46761930 55.069573
-Trial 703 0 46761930 55.092413
-Trial 704 0 46761930 55.131419
-Trial 705 0 46761930 55.191496
-Trial 706 0 46761930 55.235693
* 707: Cost = 0_46736232, Time = 52.01 sec. 
-Trial 707 0 46736232 55.240618
-Trial 708 0 46736232 55.297843
-Trial 709 0 46736232 55.312098
-Trial 710 0 46736232 55.321422
* 711: Cost = 0_46684769, Time = 52.12 sec. 
-Trial 711 0 46684769 55.345768
* 712: Cost = 0_46674175, Time = 52.13 sec. 
-Trial 712 0 46674175 55.353625
-Trial 713 0 46674175 55.360533
* 714: Cost = 0_46667680, Time = 52.15 sec. 
-Trial 714 0 46667680 55.379811
-Trial 715 0 46667680 55.384597
-Trial 716 0 46667680 55.387236
-Trial 717 0 46667680 55.402190
-Trial 718 0 46667680 55.480080
-Trial 719 0 46667680 55.496775
-Trial 720 0 46667680 55.516760
* 721: Cost = 0_46504809, Time = 52.40 sec. 
-Trial 721 0 46504809 55.622787
-Trial 722 0 46504809 55.629826
-Trial 723 0 46504809 55.632222
-Trial 724 0 46504809 55.657555
-Trial 725 0 46504809 55.741086
-Trial 726 0 46504809 55.870386
-Trial 727 0 46504809 55.903505
-Trial 728 0 46504809 55.996314
-Trial 729 0 46504809 56.051907
-Trial 730 0 46504809 56.052388
-Trial 731 0 46504809 56.061660
-Trial 732 0 46504809 56.123680
-Trial 733 0 46504809 56.190663
-Trial 734 0 46504809 56.217708
-Trial 735 0 46504809 56.234287
-Trial 736 0 46504809 56.460571
-Trial 737 0 46504809 56.521183
-Trial 738 0 46504809 56.537538
-Trial 739 0 46504809 56.547245
-Trial 740 0 46504809 56.548854
-Trial 741 0 46504809 56.553178
-Trial 742 0 46504809 56.563459
-Trial 743 0 46504809 56.597537
-Trial 744 0 46504809 56.614442
-Trial 745 0 46504809 56.614895
-Trial 746 0 46504809 56.658332
-Trial 747 0 46504809 56.671106
* 748: Cost = 0_46469972, Time = 53.50 sec. 
-Trial 748 0 46469972 56.722663
-Trial 749 0 46469972 56.723656
-Trial 750 0 46469972 56.733287
-Trial 751 0 46469972 56.781128
-Trial 752 0 46469972 56.825442
-Trial 753 0 46469972 56.867370
-Trial 754 0 46469972 56.874599
-Trial 755 0 46469972 56.904370
* 756: Cost = 0_46418563, Time = 53.69 sec. 
-Trial 756 0 46418563 56.920158
-Trial 757 0 46418563 56.935298
-Trial 758 0 46418563 56.939107
-Trial 759 0 46418563 56.942893
-Trial 760 0 46418563 56.950172
-Trial 761 0 46418563 56.979613
-Trial 762 0 46418563 57.025974
-Trial 763 0 46418563 57.178388
-Trial 764 0 46418563 57.185505
-Trial 765 0 46418563 57.197668
* 766: Cost = 0_46417278, Time = 53.98 sec. 
-Trial 766 0 46417278 57.208812
-Trial 767 0 46417278 57.226314
-Trial 768 0 46417278 57.241391
-Trial 769 0 46417278 57.272964
-Trial 770 0 46417278 57.338625
-Trial 771 0 46417278 57.366522
-Trial 772 0 46417278 57.372286
-Trial 773 0 46417278 57.389722
-Trial 774 0 46417278 57.406324
* 775: Cost = 0_46383718, Time = 54.20 sec. 
-Trial 775 0 46383718 57.431816
-Trial 776 0 46383718 57.443511
-Trial 777 0 46383718 57.470694
-Trial 778 0 46383718 57.524919
-Trial 779 0 46383718 57.582793
-Trial 780 0 46383718 57.586409
-Trial 781 0 46383718 57.609876
-Trial 782 0 46383718 57.630671
-Trial 783 0 46383718 57.661866
-Trial 784 0 46383718 57.683155
-Trial 785 0 46383718 57.715926
-Trial 786 0 46383718 57.720869
-Trial 787 0 46383718 57.778212
-Trial 788 0 46383718 57.825585
-Trial 789 0 46383718 57.865230
-Trial 790 0 46383718 57.909580
-Trial 791 0 46383718 57.941467
-Trial 792 0 46383718 57.972813
-Trial 793 0 46383718 57.988405
* 794: Cost = 0_46373778, Time = 54.78 sec. 
-Trial 794 0 46373778 58.002311
-Trial 795 0 46373778 58.029474
-Trial 796 0 46373778 58.030624
-Trial 797 0 46373778 58.065104
* 798: Cost = 0_46306288, Time = 54.86 sec. 
-Trial 798 0 46306288 58.082386
-Trial 799 0 46306288 58.092698
-Trial 800 0 46306288 58.096358
* 801: Cost = 0_46207487, Time = 54.90 sec. 
-Trial 801 0 46207487 58.131183
-Trial 802 0 46207487 58.140834
-Trial 803 0 46207487 58.165741
* 804: Cost = 0_46155444, Time = 55.04 sec. 
-Trial 804 0 46155444 58.264809
-Trial 805 0 46155444 58.268651
-Trial 806 0 46155444 58.309017
-Trial 807 0 46155444 58.317191
-Trial 808 0 46155444 58.374409
-Trial 809 0 46155444 58.386654
-Trial 810 0 46155444 58.389247
-Trial 811 0 46155444 58.399630
-Trial 812 0 46155444 58.439908
-Trial 813 0 46155444 58.502976
* 814: Cost = 0_46145574, Time = 55.29 sec. 
-Trial 814 0 46145574 58.513882
-Trial 815 0 46145574 58.523023
-Trial 816 0 46145574 58.528866
-Trial 817 0 46145574 58.544216
-Trial 818 0 46145574 58.551538
-Trial 819 0 46145574 58.573392
-Trial 820 0 46145574 58.580615
-Trial 821 0 46145574 58.622911
* 822: Cost = 0_46094237, Time = 55.41 sec. 
-Trial 822 0 46094237 58.633083
-Trial 823 0 46094237 58.679843
-Trial 824 0 46094237 58.725553
-Trial 825 0 46094237 58.759772
-Trial 826 0 46094237 58.780513
-Trial 827 0 46094237 59.069878
-Trial 828 0 46094237 59.108285
-Trial 829 0 46094237 59.127710
-Trial 830 0 46094237 59.168975
-Trial 831 0 46094237 59.181359
-Trial 832 0 46094237 59.207347
-Trial 833 0 46094237 59.217729
-Trial 834 0 46094237 59.227943
-Trial 835 0 46094237 59.332834
* 836: Cost = 0_46009440, Time = 56.33 sec. 
-Trial 836 0 46009440 59.560732
-Trial 837 0 46009440 59.566133
-Trial 838 0 46009440 59.594372
-Trial 839 0 46009440 59.602536
-Trial 840 0 46009440 59.614161
-Trial 841 0 46009440 59.681950
-Trial 842 0 46009440 59.876309
-Trial 843 0 46009440 59.885850
-Trial 844 0 46009440 59.913150
-Trial 845 0 46009440 59.934678
-Trial 846 0 46009440 59.956341
* 847: Cost = 0_45971353, Time = 56.75 sec. 
-Trial 847 0 45971353 59.973984
-Trial 848 0 45971353 59.978877
-Trial 849 0 45971353 60.000678
-Trial 850 0 45971353 60.025729
-Trial 851 0 45971353 60.046818
-Trial 852 0 45971353 60.119854
-Trial 853 0 45971353 60.131944
* 854: Cost = 0_45962462, Time = 56.93 sec. 
-Trial 854 0 45962462 60.154124
-Trial 855 0 45962462 60.171665
-Trial 856 0 45962462 60.182642
-Trial 857 0 45962462 60.184472
-Trial 858 0 45962462 60.212349
-Trial 859 0 45962462 60.271719
-Trial 860 0 45962462 60.281972
-Trial 861 0 45962462 60.302946
-Trial 862 0 45962462 60.320985
-Trial 863 0 45962462 60.439065
-Trial 864 0 45962462 60.488965
-Trial 865 0 45962462 60.513172
-Trial 866 0 45962462 60.525364
-Trial 867 0 45962462 60.563302
-Trial 868 0 45962462 60.579058
-Trial 869 0 45962462 60.589159
-Trial 870 0 45962462 60.630507
-Trial 871 0 45962462 60.696571
-Trial 872 0 45962462 60.702275
-Trial 873 0 45962462 60.710354
-Trial 874 0 45962462 60.719308
-Trial 875 0 45962462 60.748514
-Trial 876 0 45962462 60.752242
-Trial 877 0 45962462 60.752662
-Trial 878 0 45962462 60.770735
-Trial 879 0 45962462 60.778214
-Trial 880 0 45962462 60.781537
-Trial 881 0 45962462 60.820254
-Trial 882 0 45962462 60.981919
-Trial 883 0 45962462 61.098934
-Trial 884 0 45962462 61.100553
-Trial 885 0 45962462 61.148944
-Trial 886 0 45962462 61.150661
-Trial 887 0 45962462 61.222243
-Trial 888 0 45962462 61.249713
-Trial 889 0 45962462 61.267919
-Trial 890 0 45962462 61.280510
-Trial 891 0 45962462 61.303614
-Trial 892 0 45962462 61.307422
-Trial 893 0 45962462 61.318553
-Trial 894 0 45962462 61.338853
-Trial 895 0 45962462 61.354384
-Trial 896 0 45962462 61.394514
-Trial 897 0 45962462 61.412676
-Trial 898 0 45962462 61.423537
-Trial 899 0 45962462 61.431607
-Trial 900 0 45962462 61.439488
-Trial 901 0 45962462 61.493371
-Trial 902 0 45962462 61.500324
-Trial 903 0 45962462 61.503326
-Trial 904 0 45962462 61.538924
-Trial 905 0 45962462 61.541522
-Trial 906 0 45962462 61.557807
-Trial 907 0 45962462 61.573814
-Trial 908 0 45962462 61.609298
* 909: Cost = 0_45932747, Time = 58.40 sec. 
-Trial 909 0 45932747 61.625090
-Trial 910 0 45932747 61.708474
-Trial 911 0 45932747 61.721538
-Trial 912 0 45932747 61.731790
-Trial 913 0 45932747 61.738507
-Trial 914 0 45932747 61.743663
* 915: Cost = 0_45932317, Time = 58.54 sec. 
-Trial 915 0 45932317 61.768347
-Trial 916 0 45932317 61.825440
-Trial 917 0 45932317 61.840141
-Trial 918 0 45932317 61.847739
-Trial 919 0 45932317 61.896306
-Trial 920 0 45932317 61.906828
-Trial 921 0 45932317 61.928360
-Trial 922 0 45932317 61.983558
-Trial 923 0 45932317 61.992069
-Trial 924 0 45932317 62.026162
-Trial 925 0 45932317 62.032999
-Trial 926 0 45932317 62.039690
-Trial 927 0 45932317 62.087039
-Trial 928 0 45932317 62.113640
-Trial 929 0 45932317 62.142841
-Trial 930 0 45932317 62.263300
-Trial 931 0 45932317 62.335783
-Trial 932 0 45932317 62.355592
-Trial 933 0 45932317 62.797396
-Trial 934 0 45932317 62.826565
-Trial 935 0 45932317 62.875561
-Trial 936 0 45932317 62.885955
-Trial 937 0 45932317 62.914362
-Trial 938 0 45932317 62.956483
-Trial 939 0 45932317 62.962810
-Trial 940 0 45932317 62.965911
-Trial 941 0 45932317 62.979922
-Trial 942 0 45932317 62.991162
-Trial 943 0 45932317 63.099115
-Trial 944 0 45932317 63.112221
-Trial 945 0 45932317 63.119604
-Trial 946 0 45932317 63.144855
-Trial 947 0 45932317 63.231811
-Trial 948 0 45932317 63.293488
-Trial 949 0 45932317 63.316265
-Trial 950 0 45932317 63.334589
-Trial 951 0 45932317 63.354014
-Trial 952 0 45932317 63.379875
-Trial 953 0 45932317 63.420666
-Trial 954 0 45932317 63.447802
* 955: Cost = 0_45908804, Time = 60.23 sec. 
-Trial 955 0 45908804 63.460557
-Trial 956 0 45908804 63.464579
-Trial 957 0 45908804 63.482612
-Trial 958 0 45908804 63.571751
-Trial 959 0 45908804 63.668560
-Trial 960 0 45908804 63.748524
-Trial 961 0 45908804 63.760027
-Trial 962 0 45908804 63.767296
-Trial 963 0 45908804 63.827199
-Trial 964 0 45908804 63.879536
-Trial 965 0 45908804 63.899728
-Trial 966 0 45908804 63.916279
-Trial 967 0 45908804 63.942014
-Trial 968 0 45908804 63.971009
-Trial 969 0 45908804 63.983968
-Trial 970 0 45908804 64.023577
-Trial 971 0 45908804 64.030131
-Trial 972 0 45908804 64.108877
-Trial 973 0 45908804 64.119635
-Trial 974 0 45908804 64.137043
-Trial 975 0 45908804 64.154430
-Trial 976 0 45908804 64.185838
-Trial 977 0 45908804 64.282418
-Trial 978 0 45908804 64.320604
-Trial 979 0 45908804 64.323317
-Trial 980 0 45908804 64.332340
-Trial 981 0 45908804 64.335390
-Trial 982 0 45908804 64.356701
-Trial 983 0 45908804 64.367479
-Trial 984 0 45908804 64.377684
-Trial 985 0 45908804 64.397251
-Trial 986 0 45908804 64.420953
-Trial 987 0 45908804 64.446401
-Trial 988 0 45908804 64.465401
-Trial 989 0 45908804 64.523958
-Trial 990 0 45908804 64.527193
-Trial 991 0 45908804 64.555000
-Trial 992 0 45908804 64.564154
-Trial 993 0 45908804 64.570853
-Trial 994 0 45908804 64.595326
-Trial 995 0 45908804 64.631612
-Trial 996 0 45908804 64.657219
-Trial 997 0 45908804 64.699841
-Trial 998 0 45908804 64.720986
-Trial 999 0 45908804 64.733211
-Trial 1000 0 45908804 64.794241
Population:
  1: 0_45908804
Run 1: Cost = 0_45908804, Time = 61.57 sec. 

Successes/Runs = 0/1 
Cost.min = 45908804, Cost.avg = 45908804.00, Cost.max = 45908804
Gap.min = 0.0000%, Gap.avg = 0.0000%, Gap.max = 0.0000%
Penalty.min = 0, Penalty.avg = 0.00, Penalty.max = 0
Trials.min = 1000, Trials.avg = 1000.0, Trials.max = 1000
Time.min = 61.57 sec., Time.avg = 61.57 sec., Time.max = 61.57 sec.
Time.total = 64.79 sec.
  Size.min = 6, Size.max = 36, Penalty = 0
  Cost.min = 447431, Cost.max = 3315941, Cost.sum = 45908804
Best CVRPTW solution:
  Cost = 0_45908804
1 356 318 261 316 235 383 388 407 496 92 107 351 253 31 60 373 37 459 408 15 487 355 290 260 476 57 167 75 267 495 507 380 115 471 474 492 455 28 421 89 103 209 140 139 337 25 259 125 465 185 231 193 448 390 16 45 184 374 203 485 372 76 462 178 169 208 305 510 46 289 154 118 241 411 192 202 273 385 191 106 366 212 23 409 309 362 264 56 347 354 325 254 51 44 232 323 127 222 505 148 274 86 194 121 27 469 491 190 444 170 196 303 473 479 441 32 401 329 371 111 238 62 314 211 131 152 503 130 282 292 396 160 240 13 481 72 345 489 146 248 2 470 200 180 270 177 176 328 330 410 307 450 38 504 426 102 283 18 93 153 512 67 98 198 136 500 427 162 3 124 393 484 58 213 482 110 293 239 497 88 188 461 313 126 116 326 34 429 377 294 513 438 108 263 42 386 245 230 96 43 79 391 363 447 403 21 436 284 95 300 275 14 12 84 368 291 389 137 412 511 256 105 468 425 423 349 68 424 237 449 163 133 451 343 413 215 100 228 358 53 364 428 288 508 7 456 268 48 47 179 304 250 346 112 219 379 417 414 477 382 416 226 265 269 113 308 197 515 398 395 129 419 224 109 156 338 10 210 173 434 458 519 164 54 247 420 422 365 166 399 199 81 171 360 306 310 104 252 251 370 233 206 397 286 64 258 404 335 514 77 82 281 186 61 119 63 141 123 381 150 223 431 8 333 101 266 181 172 378 342 418 80 157 400 453 243 315 195 278 520 5 135 452 279 435 20 394 437 66 117 50 244 214 22 161 187 204 445 463 415 376 332 49 175 65 348 276 499 483 255 359 189 432 339 350 509 324 114 168 122 353 24 143 392 39 71 174 91 298 501 287 11 41 155 4 406 518 183 341 90 467 439 405 297 147 367 277 299 375 430 257 234 334 331 17 201 493 475 132 220 369 207 158 517 6 26 165 262 242 490 480 322 87 221 73 70 246 516 29 128 78 145 454 311 218 466 19 472 446 52 225 457 99 387 30 433 498 217 33 494 506 402 69 236 97 357 151 486 285 142 159 272 384 36 336 40 85 295 327 35 249 352 502 182 59 460 271 134 488 443 144 149 478 340 94 361 321 9 138 320 442 319 440 296 83 216 120 302 227 344 229 464 55 205 301 317 312 74 280 1 
