PARAMETER_FILE = result/cvrptw_500/LKH_para/668.para
Reading PROBLEM_FILE: "result/cvrptw_500/cvrptw/668.cvrptw" ... done
ASCENT_CANDIDATES = 50
BACKBONE_TRIALS = 0
BACKTRACKING = NO
# BWTSP =
# CANDIDATE_FILE =
CANDIDATE_SET_TYPE = ALPHA
DEPOT = 1
# EDGE_FILE =
EXCESS = 0.0384615
EXTERNAL_SALESMEN = 0
EXTRA_CANDIDATES = 0 
EXTRA_CANDIDATE_SET_TYPE = QUADRANT
GAIN23 = NO
GAIN_CRITERION = YES
INITIAL_PERIOD = 520
INITIAL_STEP_SIZE = 1
INITIAL_TOUR_ALGORITHM = WALK
# INITIAL_TOUR_FILE = 
INITIAL_TOUR_FRACTION = 1.000
# INPUT_TOUR_FILE = 
KICK_TYPE = 4
KICKS = 1
# MAX_BREADTH =
MAKESPAN = NO
MAX_CANDIDATES = 5 
MAX_SWAPS = 0
MAX_TRIALS = 1000
# MERGE_TOUR_FILE =
MOVE_TYPE = 5 SPECIAL
MTSP_MIN_SIZE = 1
MTSP_MAX_SIZE = 1039
# MTSP_SOLUTION_FILE = 
# NONSEQUENTIAL_MOVE_TYPE = 5
# OPTIMUM =
# OUTPUT_TOUR_FILE = 
PATCHING_A = 1 
PATCHING_C = 0 
# PI_FILE = 
POPMUSIC_INITIAL_TOUR = NO
POPMUSIC_MAX_NEIGHBORS = 5
POPMUSIC_SAMPLE_SIZE = 10
POPMUSIC_SOLUTIONS = 50
POPMUSIC_TRIALS = 1
POPULATION_SIZE = 10
PRECISION = 100
PROBLEM_FILE = result/cvrptw_500/cvrptw/668.cvrptw
RECOMBINATION = IPT
RESTRICTED_SEARCH = YES
RUNS = 1
SALESMEN = 20
SCALE = 1
SEED = 1234
# SINTEF_SOLUTION_FILE = 
STOP_AT_OPTIMUM = YES
SUBGRADIENT = YES
# SUBPROBLEM_SIZE =
# SUBPROBLEM_TOUR_FILE = 
SUBSEQUENT_MOVE_TYPE = 5 SPECIAL
SUBSEQUENT_PATCHING = YES
# TIME_LIMIT =
# TOUR_FILE = 
TRACE_LEVEL = 1
VEHICLES = 20

Lower bound = 24317330.9, Ascent time = 2.17 sec.
Cand.min = 5, Cand.avg = 5.0, Cand.max = 5
Edges.fixed = 520 [Cost = 0]
Preprocessing time = 2.25 sec.
* 1: Cost = 0_58788943, Time = 3.33 sec. 
-Trial 1 0 58788943 5.588692
-Trial 2 0 58788943 5.828794
-Trial 3 0 58788943 6.158810
* 4: Cost = 0_57002027, Time = 4.10 sec. 
-Trial 4 0 57002027 6.352706
-Trial 5 0 57002027 6.353072
* 6: Cost = 0_56443781, Time = 4.17 sec. 
-Trial 6 0 56443781 6.421584
-Trial 7 0 56443781 6.509812
* 8: Cost = 0_56332549, Time = 4.29 sec. 
-Trial 8 0 56332549 6.547506
* 9: Cost = 0_56196876, Time = 4.51 sec. 
-Trial 9 0 56196876 6.763144
* 10: Cost = 0_56193964, Time = 4.62 sec. 
-Trial 10 0 56193964 6.879201
-Trial 11 0 56193964 6.963277
* 12: Cost = 0_55907570, Time = 4.79 sec. 
-Trial 12 0 55907570 7.046665
* 13: Cost = 0_55801708, Time = 4.81 sec. 
-Trial 13 0 55801708 7.066187
-Trial 14 0 55801708 7.085433
-Trial 15 0 55801708 7.181961
-Trial 16 0 55801708 7.182929
* 17: Cost = 0_55382090, Time = 4.94 sec. 
-Trial 17 0 55382090 7.194621
* 18: Cost = 0_54906762, Time = 4.96 sec. 
-Trial 18 0 54906762 7.215664
-Trial 19 0 54906762 7.223125
* 20: Cost = 0_54193361, Time = 5.04 sec. 
-Trial 20 0 54193361 7.294341
* 21: Cost = 0_53920772, Time = 5.10 sec. 
-Trial 21 0 53920772 7.357128
-Trial 22 0 53920772 7.505201
* 23: Cost = 0_53802112, Time = 5.27 sec. 
-Trial 23 0 53802112 7.526080
-Trial 24 0 53802112 7.546311
* 25: Cost = 0_53386733, Time = 5.30 sec. 
-Trial 25 0 53386733 7.554674
* 26: Cost = 0_53379106, Time = 5.30 sec. 
-Trial 26 0 53379106 7.559595
* 27: Cost = 0_53227989, Time = 5.36 sec. 
-Trial 27 0 53227989 7.617131
-Trial 28 0 53227989 7.617515
-Trial 29 0 53227989 7.632207
* 30: Cost = 0_52011735, Time = 5.64 sec. 
-Trial 30 0 52011735 7.896577
-Trial 31 0 52011735 7.899859
-Trial 32 0 52011735 8.019092
* 33: Cost = 0_51217210, Time = 5.86 sec. 
-Trial 33 0 51217210 8.113269
* 34: Cost = 0_51170216, Time = 5.89 sec. 
-Trial 34 0 51170216 8.142576
-Trial 35 0 51170216 8.181908
-Trial 36 0 51170216 8.212188
* 37: Cost = 0_51160412, Time = 5.98 sec. 
-Trial 37 0 51160412 8.234665
-Trial 38 0 51160412 8.244895
-Trial 39 0 51160412 8.251244
* 40: Cost = 0_50842803, Time = 6.00 sec. 
-Trial 40 0 50842803 8.259706
* 41: Cost = 0_50671657, Time = 6.04 sec. 
-Trial 41 0 50671657 8.297007
-Trial 42 0 50671657 8.312539
-Trial 43 0 50671657 8.324475
* 44: Cost = 0_50352427, Time = 6.08 sec. 
-Trial 44 0 50352427 8.335528
-Trial 45 0 50352427 8.379493
-Trial 46 0 50352427 8.395351
-Trial 47 0 50352427 8.402056
-Trial 48 0 50352427 8.434457
* 49: Cost = 0_50340105, Time = 6.45 sec. 
-Trial 49 0 50340105 8.708852
-Trial 50 0 50340105 8.719834
-Trial 51 0 50340105 8.729900
* 52: Cost = 0_49752596, Time = 6.57 sec. 
-Trial 52 0 49752596 8.830037
* 53: Cost = 0_49674357, Time = 6.60 sec. 
-Trial 53 0 49674357 8.860140
* 54: Cost = 0_49121701, Time = 6.63 sec. 
-Trial 54 0 49121701 8.884402
-Trial 55 0 49121701 8.888188
-Trial 56 0 49121701 8.911270
* 57: Cost = 0_48588133, Time = 6.76 sec. 
-Trial 57 0 48588133 9.011804
* 58: Cost = 0_48501538, Time = 6.86 sec. 
-Trial 58 0 48501538 9.120196
-Trial 59 0 48501538 9.170034
-Trial 60 0 48501538 9.178671
* 61: Cost = 0_48453677, Time = 7.04 sec. 
-Trial 61 0 48453677 9.292610
* 62: Cost = 0_48218410, Time = 7.08 sec. 
-Trial 62 0 48218410 9.333494
* 63: Cost = 0_48147500, Time = 7.12 sec. 
-Trial 63 0 48147500 9.376720
* 64: Cost = 0_48143373, Time = 7.14 sec. 
-Trial 64 0 48143373 9.400479
-Trial 65 0 48143373 9.410267
* 66: Cost = 0_47964574, Time = 7.17 sec. 
-Trial 66 0 47964574 9.428907
-Trial 67 0 47964574 9.442198
-Trial 68 0 47964574 9.536831
* 69: Cost = 0_47921570, Time = 7.35 sec. 
-Trial 69 0 47921570 9.601560
* 70: Cost = 0_47595256, Time = 7.35 sec. 
-Trial 70 0 47595256 9.608806
-Trial 71 0 47595256 9.618269
* 72: Cost = 0_47571588, Time = 7.44 sec. 
-Trial 72 0 47571588 9.697750
* 73: Cost = 0_47117120, Time = 7.49 sec. 
-Trial 73 0 47117120 9.741806
* 74: Cost = 0_47112062, Time = 7.69 sec. 
-Trial 74 0 47112062 9.949982
-Trial 75 0 47112062 9.981076
-Trial 76 0 47112062 9.996906
* 77: Cost = 0_47077926, Time = 7.78 sec. 
-Trial 77 0 47077926 10.034253
-Trial 78 0 47077926 10.046290
-Trial 79 0 47077926 10.061834
-Trial 80 0 47077926 10.075688
-Trial 81 0 47077926 10.139406
-Trial 82 0 47077926 10.147047
-Trial 83 0 47077926 10.161169
-Trial 84 0 47077926 10.188382
-Trial 85 0 47077926 10.220182
-Trial 86 0 47077926 10.224866
* 87: Cost = 0_46978983, Time = 8.00 sec. 
-Trial 87 0 46978983 10.256443
* 88: Cost = 0_46757423, Time = 8.05 sec. 
-Trial 88 0 46757423 10.307023
* 89: Cost = 0_46749054, Time = 8.06 sec. 
-Trial 89 0 46749054 10.315499
-Trial 90 0 46749054 10.323717
* 91: Cost = 0_46660199, Time = 8.19 sec. 
-Trial 91 0 46660199 10.447707
-Trial 92 0 46660199 10.465716
-Trial 93 0 46660199 10.476504
* 94: Cost = 0_46652472, Time = 8.31 sec. 
-Trial 94 0 46652472 10.562972
-Trial 95 0 46652472 10.566239
-Trial 96 0 46652472 10.593485
-Trial 97 0 46652472 10.607871
-Trial 98 0 46652472 10.619274
-Trial 99 0 46652472 10.644885
* 100: Cost = 0_46634406, Time = 8.40 sec. 
-Trial 100 0 46634406 10.652558
-Trial 101 0 46634406 10.705492
-Trial 102 0 46634406 10.705920
-Trial 103 0 46634406 10.716920
-Trial 104 0 46634406 10.722096
-Trial 105 0 46634406 10.735162
-Trial 106 0 46634406 10.872253
-Trial 107 0 46634406 10.880816
-Trial 108 0 46634406 10.926802
* 109: Cost = 0_46633311, Time = 8.71 sec. 
-Trial 109 0 46633311 10.970946
-Trial 110 0 46633311 11.033570
-Trial 111 0 46633311 11.041472
* 112: Cost = 0_46584865, Time = 8.80 sec. 
-Trial 112 0 46584865 11.055203
-Trial 113 0 46584865 11.109576
-Trial 114 0 46584865 11.118630
-Trial 115 0 46584865 11.193186
-Trial 116 0 46584865 11.201326
-Trial 117 0 46584865 11.222397
-Trial 118 0 46584865 11.349602
-Trial 119 0 46584865 11.363536
-Trial 120 0 46584865 11.370444
-Trial 121 0 46584865 11.439274
-Trial 122 0 46584865 11.582577
-Trial 123 0 46584865 11.644300
-Trial 124 0 46584865 11.655304
-Trial 125 0 46584865 11.661393
* 126: Cost = 0_46575153, Time = 9.41 sec. 
-Trial 126 0 46575153 11.668994
* 127: Cost = 0_46419295, Time = 9.60 sec. 
-Trial 127 0 46419295 11.858707
* 128: Cost = 0_46336342, Time = 9.70 sec. 
-Trial 128 0 46336342 11.958834
-Trial 129 0 46336342 11.961510
-Trial 130 0 46336342 12.000461
-Trial 131 0 46336342 12.078642
-Trial 132 0 46336342 12.125619
-Trial 133 0 46336342 12.153875
-Trial 134 0 46336342 12.194589
-Trial 135 0 46336342 12.251881
* 136: Cost = 0_46307370, Time = 10.02 sec. 
-Trial 136 0 46307370 12.271469
-Trial 137 0 46307370 12.294261
-Trial 138 0 46307370 12.338921
-Trial 139 0 46307370 12.344561
* 140: Cost = 0_46208779, Time = 10.11 sec. 
-Trial 140 0 46208779 12.367263
-Trial 141 0 46208779 12.380022
-Trial 142 0 46208779 12.395659
-Trial 143 0 46208779 12.402781
-Trial 144 0 46208779 12.424750
-Trial 145 0 46208779 12.454416
* 146: Cost = 0_46174910, Time = 10.23 sec. 
-Trial 146 0 46174910 12.490819
* 147: Cost = 0_45931052, Time = 10.32 sec. 
-Trial 147 0 45931052 12.580187
-Trial 148 0 45931052 12.652186
-Trial 149 0 45931052 12.685799
-Trial 150 0 45931052 12.703802
-Trial 151 0 45931052 12.725687
-Trial 152 0 45931052 12.747521
-Trial 153 0 45931052 12.750479
* 154: Cost = 0_45910983, Time = 10.53 sec. 
-Trial 154 0 45910983 12.782494
-Trial 155 0 45910983 12.799446
-Trial 156 0 45910983 12.814252
-Trial 157 0 45910983 12.820928
-Trial 158 0 45910983 12.835675
-Trial 159 0 45910983 12.841047
* 160: Cost = 0_45845020, Time = 10.59 sec. 
-Trial 160 0 45845020 12.847536
-Trial 161 0 45845020 12.869563
-Trial 162 0 45845020 12.876940
-Trial 163 0 45845020 13.049028
-Trial 164 0 45845020 13.206361
-Trial 165 0 45845020 13.213143
-Trial 166 0 45845020 13.228518
-Trial 167 0 45845020 13.340071
-Trial 168 0 45845020 13.379955
-Trial 169 0 45845020 13.454265
-Trial 170 0 45845020 13.469406
-Trial 171 0 45845020 13.496678
-Trial 172 0 45845020 13.509034
-Trial 173 0 45845020 13.534946
-Trial 174 0 45845020 13.559340
-Trial 175 0 45845020 13.610001
-Trial 176 0 45845020 13.619256
-Trial 177 0 45845020 13.643309
-Trial 178 0 45845020 13.655287
-Trial 179 0 45845020 13.836987
-Trial 180 0 45845020 13.845476
-Trial 181 0 45845020 13.870976
-Trial 182 0 45845020 13.919285
* 183: Cost = 0_45793468, Time = 11.69 sec. 
-Trial 183 0 45793468 13.944889
-Trial 184 0 45793468 13.957778
-Trial 185 0 45793468 13.960210
* 186: Cost = 0_45770830, Time = 11.73 sec. 
-Trial 186 0 45770830 13.989599
-Trial 187 0 45770830 13.999965
* 188: Cost = 0_45770078, Time = 11.75 sec. 
-Trial 188 0 45770078 14.009226
* 189: Cost = 0_45597562, Time = 11.77 sec. 
-Trial 189 0 45597562 14.023932
-Trial 190 0 45597562 14.035994
-Trial 191 0 45597562 14.055541
-Trial 192 0 45597562 14.082273
-Trial 193 0 45597562 14.123002
-Trial 194 0 45597562 14.142250
-Trial 195 0 45597562 14.155548
-Trial 196 0 45597562 14.162360
-Trial 197 0 45597562 14.173168
-Trial 198 0 45597562 14.239652
-Trial 199 0 45597562 14.246413
-Trial 200 0 45597562 14.317392
-Trial 201 0 45597562 14.435009
-Trial 202 0 45597562 14.554206
-Trial 203 0 45597562 14.594231
* 204: Cost = 0_45545164, Time = 12.37 sec. 
-Trial 204 0 45545164 14.627967
-Trial 205 0 45545164 14.641566
* 206: Cost = 0_45517804, Time = 12.41 sec. 
-Trial 206 0 45517804 14.661428
-Trial 207 0 45517804 14.704079
-Trial 208 0 45517804 14.785241
-Trial 209 0 45517804 14.892045
-Trial 210 0 45517804 14.898622
-Trial 211 0 45517804 14.934397
-Trial 212 0 45517804 15.017576
-Trial 213 0 45517804 15.030492
-Trial 214 0 45517804 15.094610
-Trial 215 0 45517804 15.117748
* 216: Cost = 0_45516293, Time = 12.88 sec. 
-Trial 216 0 45516293 15.131844
-Trial 217 0 45516293 15.220422
-Trial 218 0 45516293 15.223284
-Trial 219 0 45516293 15.230815
-Trial 220 0 45516293 15.236940
-Trial 221 0 45516293 15.251045
-Trial 222 0 45516293 15.263360
-Trial 223 0 45516293 15.280451
-Trial 224 0 45516293 15.285448
-Trial 225 0 45516293 15.299589
-Trial 226 0 45516293 15.321060
* 227: Cost = 0_45453399, Time = 13.10 sec. 
-Trial 227 0 45453399 15.352052
-Trial 228 0 45453399 15.400369
-Trial 229 0 45453399 15.418148
-Trial 230 0 45453399 15.432567
-Trial 231 0 45453399 15.438705
-Trial 232 0 45453399 15.449739
-Trial 233 0 45453399 15.508336
-Trial 234 0 45453399 15.512139
-Trial 235 0 45453399 15.575015
-Trial 236 0 45453399 15.658534
-Trial 237 0 45453399 15.659872
-Trial 238 0 45453399 15.673447
-Trial 239 0 45453399 15.676178
-Trial 240 0 45453399 15.755331
-Trial 241 0 45453399 15.764897
-Trial 242 0 45453399 15.804240
* 243: Cost = 0_45438151, Time = 13.68 sec. 
-Trial 243 0 45438151 15.938029
* 244: Cost = 0_45422890, Time = 13.71 sec. 
-Trial 244 0 45422890 15.962547
-Trial 245 0 45422890 16.018068
-Trial 246 0 45422890 16.020437
-Trial 247 0 45422890 16.024148
* 248: Cost = 0_45386231, Time = 13.77 sec. 
-Trial 248 0 45386231 16.031063
-Trial 249 0 45386231 16.041294
-Trial 250 0 45386231 16.085403
-Trial 251 0 45386231 16.153328
-Trial 252 0 45386231 16.174236
-Trial 253 0 45386231 16.201289
-Trial 254 0 45386231 16.225669
* 255: Cost = 0_45370808, Time = 14.03 sec. 
-Trial 255 0 45370808 16.282049
-Trial 256 0 45370808 16.326944
-Trial 257 0 45370808 16.371342
-Trial 258 0 45370808 16.401264
-Trial 259 0 45370808 16.435454
-Trial 260 0 45370808 16.447698
* 261: Cost = 0_45353441, Time = 14.32 sec. 
-Trial 261 0 45353441 16.571733
* 262: Cost = 0_45310809, Time = 14.32 sec. 
-Trial 262 0 45310809 16.579978
-Trial 263 0 45310809 16.587058
* 264: Cost = 0_45277841, Time = 14.38 sec. 
-Trial 264 0 45277841 16.639160
-Trial 265 0 45277841 16.639648
* 266: Cost = 0_45271154, Time = 14.39 sec. 
-Trial 266 0 45271154 16.645549
-Trial 267 0 45271154 16.652371
-Trial 268 0 45271154 17.080427
-Trial 269 0 45271154 17.117229
-Trial 270 0 45271154 17.136727
-Trial 271 0 45271154 17.157512
-Trial 272 0 45271154 17.191390
-Trial 273 0 45271154 17.201619
-Trial 274 0 45271154 17.209073
-Trial 275 0 45271154 17.210781
-Trial 276 0 45271154 17.250400
-Trial 277 0 45271154 17.307500
-Trial 278 0 45271154 17.331516
-Trial 279 0 45271154 17.339425
-Trial 280 0 45271154 17.373898
-Trial 281 0 45271154 17.395093
* 282: Cost = 0_45261802, Time = 15.15 sec. 
-Trial 282 0 45261802 17.409255
-Trial 283 0 45261802 17.424610
* 284: Cost = 0_45250155, Time = 15.22 sec. 
-Trial 284 0 45250155 17.472439
-Trial 285 0 45250155 17.499394
-Trial 286 0 45250155 17.522749
-Trial 287 0 45250155 17.560581
-Trial 288 0 45250155 17.583961
-Trial 289 0 45250155 17.594574
* 290: Cost = 0_45248004, Time = 15.34 sec. 
-Trial 290 0 45248004 17.594891
-Trial 291 0 45248004 17.649373
-Trial 292 0 45248004 17.668038
-Trial 293 0 45248004 17.670001
-Trial 294 0 45248004 17.697101
-Trial 295 0 45248004 17.714759
-Trial 296 0 45248004 17.740465
-Trial 297 0 45248004 17.756854
-Trial 298 0 45248004 17.786467
-Trial 299 0 45248004 17.804570
-Trial 300 0 45248004 17.861685
-Trial 301 0 45248004 17.880366
-Trial 302 0 45248004 17.893579
-Trial 303 0 45248004 17.909771
-Trial 304 0 45248004 17.912457
-Trial 305 0 45248004 17.949965
-Trial 306 0 45248004 17.980476
-Trial 307 0 45248004 17.987198
-Trial 308 0 45248004 18.036248
-Trial 309 0 45248004 18.042030
-Trial 310 0 45248004 18.221954
-Trial 311 0 45248004 18.268046
-Trial 312 0 45248004 18.272268
-Trial 313 0 45248004 18.310633
-Trial 314 0 45248004 18.356466
-Trial 315 0 45248004 18.374367
-Trial 316 0 45248004 18.375173
-Trial 317 0 45248004 18.413562
-Trial 318 0 45248004 18.434463
-Trial 319 0 45248004 18.460246
-Trial 320 0 45248004 18.468973
-Trial 321 0 45248004 18.476308
* 322: Cost = 0_45204462, Time = 16.27 sec. 
-Trial 322 0 45204462 18.529025
-Trial 323 0 45204462 18.539934
-Trial 324 0 45204462 18.541455
-Trial 325 0 45204462 18.557280
-Trial 326 0 45204462 18.566247
-Trial 327 0 45204462 18.577106
-Trial 328 0 45204462 18.580448
-Trial 329 0 45204462 18.597154
-Trial 330 0 45204462 18.600493
-Trial 331 0 45204462 18.609871
-Trial 332 0 45204462 18.672733
-Trial 333 0 45204462 18.677504
-Trial 334 0 45204462 18.701691
-Trial 335 0 45204462 18.721689
-Trial 336 0 45204462 18.735495
-Trial 337 0 45204462 18.768116
-Trial 338 0 45204462 18.811933
* 339: Cost = 0_45202313, Time = 16.59 sec. 
-Trial 339 0 45202313 18.845941
-Trial 340 0 45202313 18.855621
-Trial 341 0 45202313 18.919067
-Trial 342 0 45202313 19.091654
-Trial 343 0 45202313 19.106698
-Trial 344 0 45202313 19.138902
-Trial 345 0 45202313 19.153313
-Trial 346 0 45202313 19.156940
-Trial 347 0 45202313 19.160603
-Trial 348 0 45202313 19.191413
-Trial 349 0 45202313 19.260963
-Trial 350 0 45202313 19.268727
* 351: Cost = 0_45170540, Time = 17.03 sec. 
-Trial 351 0 45170540 19.284295
-Trial 352 0 45170540 19.297330
-Trial 353 0 45170540 19.298833
-Trial 354 0 45170540 19.350659
-Trial 355 0 45170540 19.389724
-Trial 356 0 45170540 19.419936
-Trial 357 0 45170540 19.488871
-Trial 358 0 45170540 19.538430
-Trial 359 0 45170540 19.570257
-Trial 360 0 45170540 19.589688
-Trial 361 0 45170540 19.594718
-Trial 362 0 45170540 19.597388
-Trial 363 0 45170540 19.604050
-Trial 364 0 45170540 19.616833
-Trial 365 0 45170540 19.624508
-Trial 366 0 45170540 19.650755
-Trial 367 0 45170540 19.679310
-Trial 368 0 45170540 19.722178
-Trial 369 0 45170540 19.842438
-Trial 370 0 45170540 19.890647
-Trial 371 0 45170540 19.925380
-Trial 372 0 45170540 19.952282
-Trial 373 0 45170540 19.953866
-Trial 374 0 45170540 19.962517
* 375: Cost = 0_45148165, Time = 17.71 sec. 
-Trial 375 0 45148165 19.967360
* 376: Cost = 0_45141591, Time = 17.72 sec. 
-Trial 376 0 45141591 19.977624
-Trial 377 0 45141591 20.002057
-Trial 378 0 45141591 20.059488
-Trial 379 0 45141591 20.079023
* 380: Cost = 0_45135756, Time = 17.89 sec. 
-Trial 380 0 45135756 20.145350
* 381: Cost = 0_45091106, Time = 17.93 sec. 
-Trial 381 0 45091106 20.187618
-Trial 382 0 45091106 20.192382
-Trial 383 0 45091106 20.220512
* 384: Cost = 0_44969313, Time = 17.99 sec. 
-Trial 384 0 44969313 20.249240
-Trial 385 0 44969313 20.280267
-Trial 386 0 44969313 20.288141
-Trial 387 0 44969313 20.299293
-Trial 388 0 44969313 20.311373
-Trial 389 0 44969313 20.408379
-Trial 390 0 44969313 20.412496
-Trial 391 0 44969313 20.425000
-Trial 392 0 44969313 20.433971
-Trial 393 0 44969313 20.448237
-Trial 394 0 44969313 20.449914
-Trial 395 0 44969313 20.469530
-Trial 396 0 44969313 20.474409
-Trial 397 0 44969313 20.508404
-Trial 398 0 44969313 20.519774
* 399: Cost = 0_44926070, Time = 18.30 sec. 
-Trial 399 0 44926070 20.553762
-Trial 400 0 44926070 20.562355
* 401: Cost = 0_44919383, Time = 18.33 sec. 
-Trial 401 0 44919383 20.586546
-Trial 402 0 44919383 20.624265
-Trial 403 0 44919383 20.659057
-Trial 404 0 44919383 20.660607
-Trial 405 0 44919383 20.683549
-Trial 406 0 44919383 20.730502
-Trial 407 0 44919383 20.878340
-Trial 408 0 44919383 20.879673
* 409: Cost = 0_44891789, Time = 18.66 sec. 
-Trial 409 0 44891789 20.911610
-Trial 410 0 44891789 20.924654
-Trial 411 0 44891789 20.949021
-Trial 412 0 44891789 20.972632
-Trial 413 0 44891789 21.010070
-Trial 414 0 44891789 21.072282
-Trial 415 0 44891789 21.093101
-Trial 416 0 44891789 21.130721
-Trial 417 0 44891789 21.139651
-Trial 418 0 44891789 21.156658
-Trial 419 0 44891789 21.178896
-Trial 420 0 44891789 21.188657
-Trial 421 0 44891789 21.208376
-Trial 422 0 44891789 21.317333
-Trial 423 0 44891789 21.319578
-Trial 424 0 44891789 21.348020
-Trial 425 0 44891789 21.385770
-Trial 426 0 44891789 21.448790
-Trial 427 0 44891789 21.467289
* 428: Cost = 0_44856746, Time = 19.28 sec. 
-Trial 428 0 44856746 21.532450
-Trial 429 0 44856746 21.540147
-Trial 430 0 44856746 21.553440
-Trial 431 0 44856746 21.582807
-Trial 432 0 44856746 21.585826
-Trial 433 0 44856746 21.593850
-Trial 434 0 44856746 21.600172
-Trial 435 0 44856746 21.663087
-Trial 436 0 44856746 21.671313
-Trial 437 0 44856746 21.707826
-Trial 438 0 44856746 21.724670
-Trial 439 0 44856746 21.781494
-Trial 440 0 44856746 21.832892
-Trial 441 0 44856746 21.938645
-Trial 442 0 44856746 21.942499
-Trial 443 0 44856746 21.947429
-Trial 444 0 44856746 21.987239
-Trial 445 0 44856746 22.010597
-Trial 446 0 44856746 22.076617
-Trial 447 0 44856746 22.162562
-Trial 448 0 44856746 22.185040
-Trial 449 0 44856746 22.190365
-Trial 450 0 44856746 22.311943
-Trial 451 0 44856746 22.359928
-Trial 452 0 44856746 22.380701
-Trial 453 0 44856746 22.385609
-Trial 454 0 44856746 22.401510
-Trial 455 0 44856746 22.516037
-Trial 456 0 44856746 22.516588
-Trial 457 0 44856746 22.595431
-Trial 458 0 44856746 22.596026
-Trial 459 0 44856746 22.614513
-Trial 460 0 44856746 22.667580
-Trial 461 0 44856746 22.672586
-Trial 462 0 44856746 22.709430
-Trial 463 0 44856746 22.727432
-Trial 464 0 44856746 22.736135
-Trial 465 0 44856746 22.755288
-Trial 466 0 44856746 22.760168
-Trial 467 0 44856746 22.780216
-Trial 468 0 44856746 22.789736
-Trial 469 0 44856746 22.810144
-Trial 470 0 44856746 22.813148
-Trial 471 0 44856746 22.813622
-Trial 472 0 44856746 22.851199
* 473: Cost = 0_44792304, Time = 20.61 sec. 
-Trial 473 0 44792304 22.866105
* 474: Cost = 0_44726529, Time = 20.61 sec. 
-Trial 474 0 44726529 22.867877
-Trial 475 0 44726529 22.903168
-Trial 476 0 44726529 22.909499
-Trial 477 0 44726529 22.935963
-Trial 478 0 44726529 22.951060
-Trial 479 0 44726529 22.955400
-Trial 480 0 44726529 22.976148
-Trial 481 0 44726529 22.986797
-Trial 482 0 44726529 23.040062
-Trial 483 0 44726529 23.046605
-Trial 484 0 44726529 23.087560
-Trial 485 0 44726529 23.172033
-Trial 486 0 44726529 23.187717
-Trial 487 0 44726529 23.265639
-Trial 488 0 44726529 23.484786
-Trial 489 0 44726529 23.497283
-Trial 490 0 44726529 23.500321
-Trial 491 0 44726529 23.587483
-Trial 492 0 44726529 23.594594
-Trial 493 0 44726529 23.601717
-Trial 494 0 44726529 23.612268
-Trial 495 0 44726529 23.637018
-Trial 496 0 44726529 23.723245
-Trial 497 0 44726529 23.724048
-Trial 498 0 44726529 23.745463
-Trial 499 0 44726529 23.792745
-Trial 500 0 44726529 23.869548
-Trial 501 0 44726529 23.892996
-Trial 502 0 44726529 23.938579
-Trial 503 0 44726529 23.940308
-Trial 504 0 44726529 23.944659
-Trial 505 0 44726529 23.969077
-Trial 506 0 44726529 24.068465
-Trial 507 0 44726529 24.144887
-Trial 508 0 44726529 24.179924
-Trial 509 0 44726529 24.186659
-Trial 510 0 44726529 24.250088
-Trial 511 0 44726529 24.268027
-Trial 512 0 44726529 24.305267
-Trial 513 0 44726529 24.361459
-Trial 514 0 44726529 24.371730
-Trial 515 0 44726529 24.394457
-Trial 516 0 44726529 24.467103
-Trial 517 0 44726529 24.481751
-Trial 518 0 44726529 24.517687
-Trial 519 0 44726529 24.596585
-Trial 520 0 44726529 24.602179
-Trial 521 0 44726529 24.605111
-Trial 522 0 44726529 24.632494
-Trial 523 0 44726529 24.651885
-Trial 524 0 44726529 24.666672
-Trial 525 0 44726529 24.678732
-Trial 526 0 44726529 24.695206
-Trial 527 0 44726529 24.731204
-Trial 528 0 44726529 24.771340
-Trial 529 0 44726529 24.776317
-Trial 530 0 44726529 24.779191
-Trial 531 0 44726529 24.829516
-Trial 532 0 44726529 24.988400
-Trial 533 0 44726529 25.122316
-Trial 534 0 44726529 25.130189
-Trial 535 0 44726529 25.148031
-Trial 536 0 44726529 25.155156
-Trial 537 0 44726529 25.205439
-Trial 538 0 44726529 25.227657
-Trial 539 0 44726529 25.308918
-Trial 540 0 44726529 25.337237
-Trial 541 0 44726529 25.526254
-Trial 542 0 44726529 25.535668
-Trial 543 0 44726529 25.561982
-Trial 544 0 44726529 25.656058
-Trial 545 0 44726529 25.743750
-Trial 546 0 44726529 25.746801
-Trial 547 0 44726529 25.790979
-Trial 548 0 44726529 25.800113
-Trial 549 0 44726529 25.802017
-Trial 550 0 44726529 25.815712
-Trial 551 0 44726529 25.865330
-Trial 552 0 44726529 25.878069
-Trial 553 0 44726529 25.932860
-Trial 554 0 44726529 25.939193
-Trial 555 0 44726529 25.955529
-Trial 556 0 44726529 25.957962
-Trial 557 0 44726529 25.986607
-Trial 558 0 44726529 26.029249
-Trial 559 0 44726529 26.035245
-Trial 560 0 44726529 26.057364
-Trial 561 0 44726529 26.068169
-Trial 562 0 44726529 26.115999
-Trial 563 0 44726529 26.143776
-Trial 564 0 44726529 26.159963
-Trial 565 0 44726529 26.230916
-Trial 566 0 44726529 26.239363
-Trial 567 0 44726529 26.257055
-Trial 568 0 44726529 26.353672
-Trial 569 0 44726529 26.388274
-Trial 570 0 44726529 26.407862
-Trial 571 0 44726529 26.452338
-Trial 572 0 44726529 26.494105
-Trial 573 0 44726529 26.495849
-Trial 574 0 44726529 26.520216
-Trial 575 0 44726529 26.549850
-Trial 576 0 44726529 26.660312
-Trial 577 0 44726529 26.683145
-Trial 578 0 44726529 26.700730
-Trial 579 0 44726529 26.716860
-Trial 580 0 44726529 26.745550
-Trial 581 0 44726529 26.751831
-Trial 582 0 44726529 26.906577
-Trial 583 0 44726529 26.911582
* 584: Cost = 0_44651446, Time = 24.71 sec. 
-Trial 584 0 44651446 26.968941
-Trial 585 0 44651446 27.022153
-Trial 586 0 44651446 27.025395
-Trial 587 0 44651446 27.033077
-Trial 588 0 44651446 27.035771
-Trial 589 0 44651446 27.038522
-Trial 590 0 44651446 27.059086
-Trial 591 0 44651446 27.188003
-Trial 592 0 44651446 27.190608
-Trial 593 0 44651446 27.195970
-Trial 594 0 44651446 27.231597
-Trial 595 0 44651446 27.282268
-Trial 596 0 44651446 27.290363
-Trial 597 0 44651446 27.291814
-Trial 598 0 44651446 27.310262
-Trial 599 0 44651446 27.317833
-Trial 600 0 44651446 27.337893
-Trial 601 0 44651446 27.346336
-Trial 602 0 44651446 27.369232
-Trial 603 0 44651446 27.372236
-Trial 604 0 44651446 27.408202
-Trial 605 0 44651446 27.414097
-Trial 606 0 44651446 27.430444
-Trial 607 0 44651446 27.500153
-Trial 608 0 44651446 27.603338
-Trial 609 0 44651446 27.653399
-Trial 610 0 44651446 27.693170
* 611: Cost = 0_44603593, Time = 25.44 sec. 
-Trial 611 0 44603593 27.700372
-Trial 612 0 44603593 27.815850
-Trial 613 0 44603593 27.821933
-Trial 614 0 44603593 27.860923
-Trial 615 0 44603593 27.962861
-Trial 616 0 44603593 27.988034
* 617: Cost = 0_44522301, Time = 25.75 sec. 
-Trial 617 0 44522301 28.008577
-Trial 618 0 44522301 28.021676
-Trial 619 0 44522301 28.144303
-Trial 620 0 44522301 28.206209
-Trial 621 0 44522301 28.257859
-Trial 622 0 44522301 28.267414
-Trial 623 0 44522301 28.268529
-Trial 624 0 44522301 28.317375
-Trial 625 0 44522301 28.331581
-Trial 626 0 44522301 28.349618
-Trial 627 0 44522301 28.371239
-Trial 628 0 44522301 28.386967
-Trial 629 0 44522301 28.417223
-Trial 630 0 44522301 28.423002
-Trial 631 0 44522301 28.493945
-Trial 632 0 44522301 28.526027
-Trial 633 0 44522301 28.534286
-Trial 634 0 44522301 28.543890
-Trial 635 0 44522301 28.553292
-Trial 636 0 44522301 28.557824
-Trial 637 0 44522301 28.865204
-Trial 638 0 44522301 28.873659
-Trial 639 0 44522301 28.884620
-Trial 640 0 44522301 28.887244
-Trial 641 0 44522301 28.939683
-Trial 642 0 44522301 28.963841
-Trial 643 0 44522301 29.022220
-Trial 644 0 44522301 29.033983
-Trial 645 0 44522301 29.042241
-Trial 646 0 44522301 29.046580
-Trial 647 0 44522301 29.054138
-Trial 648 0 44522301 29.056330
-Trial 649 0 44522301 29.068061
-Trial 650 0 44522301 29.082142
-Trial 651 0 44522301 29.509003
-Trial 652 0 44522301 29.531044
-Trial 653 0 44522301 29.541911
-Trial 654 0 44522301 29.559022
-Trial 655 0 44522301 29.604070
-Trial 656 0 44522301 29.645022
-Trial 657 0 44522301 29.686328
-Trial 658 0 44522301 29.716469
* 659: Cost = 0_44467393, Time = 27.46 sec. 
-Trial 659 0 44467393 29.720772
-Trial 660 0 44467393 29.734107
-Trial 661 0 44467393 29.753508
-Trial 662 0 44467393 29.798987
-Trial 663 0 44467393 29.801218
-Trial 664 0 44467393 29.871522
-Trial 665 0 44467393 29.908370
-Trial 666 0 44467393 29.919233
-Trial 667 0 44467393 29.927856
-Trial 668 0 44467393 29.945888
-Trial 669 0 44467393 29.955550
-Trial 670 0 44467393 29.979881
-Trial 671 0 44467393 30.027477
-Trial 672 0 44467393 30.057104
-Trial 673 0 44467393 30.329002
-Trial 674 0 44467393 30.338101
-Trial 675 0 44467393 30.581292
-Trial 676 0 44467393 30.618669
-Trial 677 0 44467393 30.632192
-Trial 678 0 44467393 30.635615
-Trial 679 0 44467393 30.731091
-Trial 680 0 44467393 30.755116
-Trial 681 0 44467393 30.767536
-Trial 682 0 44467393 30.774497
-Trial 683 0 44467393 30.776532
-Trial 684 0 44467393 30.783720
* 685: Cost = 0_44456517, Time = 28.55 sec. 
-Trial 685 0 44456517 30.805505
-Trial 686 0 44456517 30.824517
-Trial 687 0 44456517 30.840361
-Trial 688 0 44456517 30.877837
-Trial 689 0 44456517 30.879620
-Trial 690 0 44456517 30.896677
-Trial 691 0 44456517 30.921381
-Trial 692 0 44456517 30.986968
-Trial 693 0 44456517 30.996154
-Trial 694 0 44456517 31.004274
-Trial 695 0 44456517 31.029645
-Trial 696 0 44456517 31.062606
-Trial 697 0 44456517 31.083731
-Trial 698 0 44456517 31.098064
-Trial 699 0 44456517 31.149453
-Trial 700 0 44456517 31.167402
-Trial 701 0 44456517 31.201426
-Trial 702 0 44456517 31.248939
-Trial 703 0 44456517 31.256043
-Trial 704 0 44456517 31.259135
-Trial 705 0 44456517 31.297791
-Trial 706 0 44456517 31.298239
-Trial 707 0 44456517 31.306305
-Trial 708 0 44456517 31.310825
-Trial 709 0 44456517 31.314936
-Trial 710 0 44456517 31.481805
-Trial 711 0 44456517 31.489346
-Trial 712 0 44456517 31.530108
-Trial 713 0 44456517 31.573467
-Trial 714 0 44456517 31.755771
-Trial 715 0 44456517 31.772154
-Trial 716 0 44456517 31.849292
-Trial 717 0 44456517 31.873853
-Trial 718 0 44456517 31.924555
-Trial 719 0 44456517 31.952218
-Trial 720 0 44456517 32.000502
-Trial 721 0 44456517 32.013877
-Trial 722 0 44456517 32.017516
-Trial 723 0 44456517 32.025875
-Trial 724 0 44456517 32.029479
-Trial 725 0 44456517 32.034680
-Trial 726 0 44456517 32.046911
-Trial 727 0 44456517 32.056181
-Trial 728 0 44456517 32.082552
-Trial 729 0 44456517 32.090626
-Trial 730 0 44456517 32.100208
-Trial 731 0 44456517 32.396140
-Trial 732 0 44456517 32.454995
-Trial 733 0 44456517 32.490168
-Trial 734 0 44456517 32.504920
-Trial 735 0 44456517 32.523722
-Trial 736 0 44456517 32.548409
-Trial 737 0 44456517 32.589762
-Trial 738 0 44456517 32.600697
-Trial 739 0 44456517 32.617611
-Trial 740 0 44456517 32.667365
-Trial 741 0 44456517 32.681927
-Trial 742 0 44456517 32.683659
-Trial 743 0 44456517 32.696436
-Trial 744 0 44456517 32.700468
-Trial 745 0 44456517 32.736143
-Trial 746 0 44456517 32.770781
-Trial 747 0 44456517 32.801783
-Trial 748 0 44456517 32.975952
-Trial 749 0 44456517 32.979514
-Trial 750 0 44456517 32.999772
-Trial 751 0 44456517 33.004764
-Trial 752 0 44456517 33.021871
-Trial 753 0 44456517 33.025509
-Trial 754 0 44456517 33.050572
-Trial 755 0 44456517 33.051249
-Trial 756 0 44456517 33.143648
-Trial 757 0 44456517 33.154430
-Trial 758 0 44456517 33.156279
-Trial 759 0 44456517 33.170222
-Trial 760 0 44456517 33.174021
-Trial 761 0 44456517 33.181980
-Trial 762 0 44456517 33.190902
-Trial 763 0 44456517 33.234328
-Trial 764 0 44456517 33.280119
-Trial 765 0 44456517 33.298128
-Trial 766 0 44456517 33.315384
-Trial 767 0 44456517 33.349517
-Trial 768 0 44456517 33.388102
-Trial 769 0 44456517 33.541424
-Trial 770 0 44456517 33.548815
-Trial 771 0 44456517 33.559823
-Trial 772 0 44456517 33.638575
-Trial 773 0 44456517 33.643861
-Trial 774 0 44456517 33.648612
-Trial 775 0 44456517 33.677292
-Trial 776 0 44456517 33.691356
-Trial 777 0 44456517 33.751661
-Trial 778 0 44456517 33.756919
-Trial 779 0 44456517 33.908570
-Trial 780 0 44456517 33.923292
-Trial 781 0 44456517 33.969517
-Trial 782 0 44456517 34.009646
-Trial 783 0 44456517 34.034254
-Trial 784 0 44456517 34.040665
-Trial 785 0 44456517 34.053717
-Trial 786 0 44456517 34.248657
-Trial 787 0 44456517 34.261286
-Trial 788 0 44456517 34.296465
-Trial 789 0 44456517 34.328252
-Trial 790 0 44456517 34.333031
-Trial 791 0 44456517 34.367787
-Trial 792 0 44456517 34.408198
-Trial 793 0 44456517 34.444881
-Trial 794 0 44456517 34.450629
-Trial 795 0 44456517 34.454200
-Trial 796 0 44456517 34.513245
-Trial 797 0 44456517 34.574216
-Trial 798 0 44456517 34.614319
-Trial 799 0 44456517 34.647569
-Trial 800 0 44456517 34.659788
-Trial 801 0 44456517 34.712782
-Trial 802 0 44456517 34.936872
-Trial 803 0 44456517 34.988171
-Trial 804 0 44456517 35.024234
-Trial 805 0 44456517 35.045330
-Trial 806 0 44456517 35.141417
-Trial 807 0 44456517 35.160453
-Trial 808 0 44456517 35.170468
-Trial 809 0 44456517 35.202598
-Trial 810 0 44456517 35.230883
-Trial 811 0 44456517 35.238455
-Trial 812 0 44456517 35.250421
-Trial 813 0 44456517 35.256596
-Trial 814 0 44456517 35.273924
-Trial 815 0 44456517 35.278017
-Trial 816 0 44456517 35.299090
-Trial 817 0 44456517 35.311965
-Trial 818 0 44456517 35.358909
-Trial 819 0 44456517 35.361015
-Trial 820 0 44456517 35.384430
-Trial 821 0 44456517 35.429250
-Trial 822 0 44456517 35.453023
-Trial 823 0 44456517 35.482275
-Trial 824 0 44456517 35.499317
-Trial 825 0 44456517 35.546426
-Trial 826 0 44456517 35.560066
-Trial 827 0 44456517 35.574726
-Trial 828 0 44456517 35.614005
-Trial 829 0 44456517 35.631040
-Trial 830 0 44456517 35.673406
-Trial 831 0 44456517 35.685539
-Trial 832 0 44456517 35.703092
-Trial 833 0 44456517 35.718369
-Trial 834 0 44456517 35.732143
-Trial 835 0 44456517 35.769786
-Trial 836 0 44456517 35.771300
-Trial 837 0 44456517 35.782945
-Trial 838 0 44456517 35.799701
-Trial 839 0 44456517 35.828756
-Trial 840 0 44456517 35.896804
-Trial 841 0 44456517 35.908350
-Trial 842 0 44456517 35.916350
-Trial 843 0 44456517 35.925993
-Trial 844 0 44456517 35.959616
-Trial 845 0 44456517 36.027466
-Trial 846 0 44456517 36.030339
-Trial 847 0 44456517 36.047289
-Trial 848 0 44456517 36.053077
-Trial 849 0 44456517 36.068768
-Trial 850 0 44456517 36.132327
-Trial 851 0 44456517 36.146810
-Trial 852 0 44456517 36.183003
-Trial 853 0 44456517 36.191611
-Trial 854 0 44456517 36.266133
-Trial 855 0 44456517 36.292562
-Trial 856 0 44456517 36.317527
-Trial 857 0 44456517 36.329025
-Trial 858 0 44456517 36.364218
-Trial 859 0 44456517 36.388535
* 860: Cost = 0_44418412, Time = 34.19 sec. 
-Trial 860 0 44418412 36.447813
-Trial 861 0 44418412 36.504506
-Trial 862 0 44418412 36.507518
-Trial 863 0 44418412 36.520016
-Trial 864 0 44418412 36.588791
-Trial 865 0 44418412 36.626581
-Trial 866 0 44418412 36.635664
-Trial 867 0 44418412 36.637437
-Trial 868 0 44418412 36.647887
-Trial 869 0 44418412 36.667516
* 870: Cost = 0_44386718, Time = 34.44 sec. 
-Trial 870 0 44386718 36.701011
-Trial 871 0 44386718 36.902710
-Trial 872 0 44386718 36.952307
-Trial 873 0 44386718 36.998543
-Trial 874 0 44386718 37.077822
-Trial 875 0 44386718 37.176839
-Trial 876 0 44386718 37.189123
-Trial 877 0 44386718 37.234225
-Trial 878 0 44386718 37.255635
-Trial 879 0 44386718 37.260584
-Trial 880 0 44386718 37.306806
-Trial 881 0 44386718 37.315466
-Trial 882 0 44386718 37.323690
-Trial 883 0 44386718 37.332664
-Trial 884 0 44386718 37.361682
-Trial 885 0 44386718 37.410862
-Trial 886 0 44386718 37.461864
-Trial 887 0 44386718 37.528897
-Trial 888 0 44386718 37.544835
-Trial 889 0 44386718 37.597355
-Trial 890 0 44386718 37.614394
-Trial 891 0 44386718 37.630240
-Trial 892 0 44386718 37.636136
-Trial 893 0 44386718 37.651428
-Trial 894 0 44386718 37.665288
-Trial 895 0 44386718 37.684688
-Trial 896 0 44386718 37.690639
-Trial 897 0 44386718 37.694899
-Trial 898 0 44386718 37.772484
-Trial 899 0 44386718 37.790846
-Trial 900 0 44386718 37.824785
-Trial 901 0 44386718 37.839236
-Trial 902 0 44386718 37.849118
-Trial 903 0 44386718 37.855837
* 904: Cost = 0_44360090, Time = 35.63 sec. 
-Trial 904 0 44360090 37.888589
-Trial 905 0 44360090 37.897409
-Trial 906 0 44360090 37.905775
-Trial 907 0 44360090 37.939401
-Trial 908 0 44360090 38.083861
-Trial 909 0 44360090 38.090476
-Trial 910 0 44360090 38.099172
-Trial 911 0 44360090 38.114063
-Trial 912 0 44360090 38.131362
-Trial 913 0 44360090 38.213401
-Trial 914 0 44360090 38.220733
-Trial 915 0 44360090 38.330189
-Trial 916 0 44360090 38.353281
-Trial 917 0 44360090 38.361521
-Trial 918 0 44360090 38.448056
-Trial 919 0 44360090 38.455360
-Trial 920 0 44360090 38.501285
-Trial 921 0 44360090 38.521104
-Trial 922 0 44360090 38.560784
-Trial 923 0 44360090 38.594857
-Trial 924 0 44360090 38.627066
-Trial 925 0 44360090 38.661223
-Trial 926 0 44360090 38.669212
-Trial 927 0 44360090 38.696633
-Trial 928 0 44360090 38.704161
-Trial 929 0 44360090 38.755069
-Trial 930 0 44360090 38.787235
-Trial 931 0 44360090 38.805136
-Trial 932 0 44360090 38.822692
-Trial 933 0 44360090 39.095098
-Trial 934 0 44360090 39.107649
-Trial 935 0 44360090 39.112911
-Trial 936 0 44360090 39.237554
-Trial 937 0 44360090 39.250959
-Trial 938 0 44360090 39.258343
-Trial 939 0 44360090 39.261247
-Trial 940 0 44360090 39.275082
-Trial 941 0 44360090 39.277938
-Trial 942 0 44360090 39.303304
-Trial 943 0 44360090 39.319131
-Trial 944 0 44360090 39.330709
-Trial 945 0 44360090 39.340736
-Trial 946 0 44360090 39.354793
-Trial 947 0 44360090 39.366813
-Trial 948 0 44360090 40.062560
-Trial 949 0 44360090 40.071596
-Trial 950 0 44360090 40.080715
-Trial 951 0 44360090 40.209685
-Trial 952 0 44360090 40.221777
-Trial 953 0 44360090 40.230431
-Trial 954 0 44360090 40.249058
-Trial 955 0 44360090 40.260115
-Trial 956 0 44360090 40.292689
-Trial 957 0 44360090 40.338104
-Trial 958 0 44360090 40.345953
-Trial 959 0 44360090 40.414179
-Trial 960 0 44360090 40.460035
-Trial 961 0 44360090 40.462801
-Trial 962 0 44360090 40.478838
-Trial 963 0 44360090 40.579266
-Trial 964 0 44360090 40.589439
-Trial 965 0 44360090 40.651999
-Trial 966 0 44360090 40.724869
-Trial 967 0 44360090 40.770896
-Trial 968 0 44360090 40.787604
* 969: Cost = 0_44351411, Time = 38.60 sec. 
-Trial 969 0 44351411 40.860378
-Trial 970 0 44351411 40.871280
-Trial 971 0 44351411 40.893193
-Trial 972 0 44351411 40.904483
-Trial 973 0 44351411 40.906146
-Trial 974 0 44351411 41.048568
-Trial 975 0 44351411 41.050621
-Trial 976 0 44351411 41.067470
-Trial 977 0 44351411 41.074818
-Trial 978 0 44351411 41.088402
-Trial 979 0 44351411 41.102161
-Trial 980 0 44351411 41.174498
-Trial 981 0 44351411 41.178608
-Trial 982 0 44351411 41.183536
-Trial 983 0 44351411 41.320501
-Trial 984 0 44351411 41.340197
-Trial 985 0 44351411 41.348006
-Trial 986 0 44351411 41.352956
-Trial 987 0 44351411 41.380060
-Trial 988 0 44351411 41.436133
-Trial 989 0 44351411 41.515975
-Trial 990 0 44351411 41.524186
-Trial 991 0 44351411 41.526149
-Trial 992 0 44351411 41.532515
-Trial 993 0 44351411 41.536989
-Trial 994 0 44351411 41.540030
-Trial 995 0 44351411 41.571947
-Trial 996 0 44351411 41.579146
-Trial 997 0 44351411 41.625341
* 998: Cost = 0_44348429, Time = 39.45 sec. 
-Trial 998 0 44348429 41.705699
-Trial 999 0 44348429 41.718244
-Trial 1000 0 44348429 41.737502
Population:
  1: 0_44348429
Run 1: Cost = 0_44348429, Time = 39.48 sec. 

Successes/Runs = 0/1 
Cost.min = 44348429, Cost.avg = 44348429.00, Cost.max = 44348429
Gap.min = 0.0000%, Gap.avg = 0.0000%, Gap.max = 0.0000%
Penalty.min = 0, Penalty.avg = 0.00, Penalty.max = 0
Trials.min = 1000, Trials.avg = 1000.0, Trials.max = 1000
Time.min = 39.48 sec., Time.avg = 39.48 sec., Time.max = 39.48 sec.
Time.total = 41.74 sec.
  Size.min = 11, Size.max = 38, Penalty = 0
  Cost.min = 614269, Cost.max = 3277803, Cost.sum = 44348429
Best CVRPTW solution:
  Cost = 0_44348429
384 1 178 92 52 219 478 412 490 131 405 29 451 9 170 393 279 51 419 105 452 349 274 210 407 133 53 155 220 160 295 475 518 423 233 344 281 497 173 188 380 260 28 389 80 47 434 394 23 278 228 426 396 387 269 484 192 244 30 329 39 504 54 287 156 442 338 234 461 352 471 469 182 307 251 112 176 106 71 509 90 4 381 62 231 488 321 111 473 175 94 425 17 441 85 348 493 259 44 227 350 35 179 134 88 113 187 402 449 403 510 207 390 454 205 429 185 198 310 378 57 273 75 164 31 172 325 340 33 138 465 48 323 197 261 383 157 58 276 218 95 382 288 330 515 492 26 216 370 203 193 79 356 353 444 487 25 327 299 388 128 395 264 519 309 445 24 89 275 286 248 459 91 285 417 355 110 320 154 69 76 398 304 103 311 438 458 365 87 13 511 466 448 283 74 306 184 308 265 364 354 468 446 146 255 503 145 401 130 359 226 418 357 235 55 122 267 326 42 460 20 368 252 472 70 428 38 93 462 114 99 342 520 498 163 362 180 280 482 223 300 317 11 242 391 150 78 440 201 420 224 100 508 202 282 437 335 332 303 314 479 15 120 119 502 206 6 361 5 351 161 141 60 153 404 124 421 436 375 49 294 115 191 116 59 243 107 245 247 136 376 507 319 149 36 360 363 7 333 199 213 485 302 476 414 257 83 271 406 385 334 517 411 237 372 236 433 447 249 453 189 10 67 221 102 270 81 496 123 322 400 240 514 204 140 43 341 277 125 98 470 347 397 139 127 328 101 86 495 292 297 481 61 126 174 486 253 19 109 392 50 415 313 293 298 377 432 513 64 22 82 158 27 367 32 177 142 337 40 318 263 284 443 499 431 463 268 427 46 256 117 148 2 232 516 301 386 34 455 186 346 315 416 379 399 215 108 457 151 358 96 290 345 12 208 196 241 214 374 296 211 366 291 439 489 77 506 190 467 200 480 137 491 129 217 183 169 483 104 165 56 121 238 181 68 343 424 171 225 331 435 505 159 477 464 369 339 258 147 41 371 222 324 373 18 73 266 250 312 132 66 254 166 84 144 14 143 230 408 474 194 413 97 212 168 162 409 167 63 239 512 410 135 21 229 494 195 262 118 316 65 272 336 72 45 501 305 456 37 209 422 246 152 500 16 289 8 450 430 3 384 
