PARAMETER_FILE = result/cvrptw_500/LKH_para/683.para
Reading PROBLEM_FILE: "result/cvrptw_500/cvrptw/683.cvrptw" ... done
ASCENT_CANDIDATES = 50
BACKBONE_TRIALS = 0
BACKTRACKING = NO
# BWTSP =
# CANDIDATE_FILE =
CANDIDATE_SET_TYPE = ALPHA
DEPOT = 1
# EDGE_FILE =
EXCESS = 0.0384615
EXTERNAL_SALESMEN = 0
EXTRA_CANDIDATES = 0 
EXTRA_CANDIDATE_SET_TYPE = QUADRANT
GAIN23 = NO
GAIN_CRITERION = YES
INITIAL_PERIOD = 520
INITIAL_STEP_SIZE = 1
INITIAL_TOUR_ALGORITHM = WALK
# INITIAL_TOUR_FILE = 
INITIAL_TOUR_FRACTION = 1.000
# INPUT_TOUR_FILE = 
KICK_TYPE = 4
KICKS = 1
# MAX_BREADTH =
MAKESPAN = NO
MAX_CANDIDATES = 5 
MAX_SWAPS = 0
MAX_TRIALS = 1000
# MERGE_TOUR_FILE =
MOVE_TYPE = 5 SPECIAL
MTSP_MIN_SIZE = 1
MTSP_MAX_SIZE = 1039
# MTSP_SOLUTION_FILE = 
# NONSEQUENTIAL_MOVE_TYPE = 5
# OPTIMUM =
# OUTPUT_TOUR_FILE = 
PATCHING_A = 1 
PATCHING_C = 0 
# PI_FILE = 
POPMUSIC_INITIAL_TOUR = NO
POPMUSIC_MAX_NEIGHBORS = 5
POPMUSIC_SAMPLE_SIZE = 10
POPMUSIC_SOLUTIONS = 50
POPMUSIC_TRIALS = 1
POPULATION_SIZE = 10
PRECISION = 100
PROBLEM_FILE = result/cvrptw_500/cvrptw/683.cvrptw
RECOMBINATION = IPT
RESTRICTED_SEARCH = YES
RUNS = 1
SALESMEN = 20
SCALE = 1
SEED = 1234
# SINTEF_SOLUTION_FILE = 
STOP_AT_OPTIMUM = YES
SUBGRADIENT = YES
# SUBPROBLEM_SIZE =
# SUBPROBLEM_TOUR_FILE = 
SUBSEQUENT_MOVE_TYPE = 5 SPECIAL
SUBSEQUENT_PATCHING = YES
# TIME_LIMIT =
# TOUR_FILE = 
TRACE_LEVEL = 1
VEHICLES = 20

Lower bound = 23786176.1, Ascent time = 1.99 sec.
Cand.min = 5, Cand.avg = 5.0, Cand.max = 5
Edges.fixed = 520 [Cost = 0]
Preprocessing time = 2.07 sec.
* 1: Cost = 700186_58791215, Time = 4.04 sec. 
-Trial 1 700186 58791215 6.114431
* 2: Cost = 288493_56496012, Time = 4.43 sec. 
-Trial 2 288493 56496012 6.505280
-Trial 3 288493 56496012 6.569915
* 4: Cost = 288493_55048295, Time = 5.06 sec. 
-Trial 4 288493 55048295 7.136075
* 5: Cost = 288493_55016252, Time = 5.11 sec. 
-Trial 5 288493 55016252 7.183253
* 6: Cost = 288493_54969249, Time = 5.18 sec. 
-Trial 6 288493 54969249 7.256363
* 7: Cost = 288493_54963655, Time = 5.42 sec. 
-Trial 7 288493 54963655 7.494539
-Trial 8 288493 54963655 7.666607
-Trial 9 288493 54963655 7.806178
-Trial 10 288493 54963655 7.902995
* 11: Cost = 288493_54852495, Time = 5.89 sec. 
-Trial 11 288493 54852495 7.964875
-Trial 12 288493 54852495 8.023774
-Trial 13 288493 54852495 8.159141
* 14: Cost = 288493_54712254, Time = 6.14 sec. 
-Trial 14 288493 54712254 8.218751
* 15: Cost = 288493_54611627, Time = 6.18 sec. 
-Trial 15 288493 54611627 8.253570
-Trial 16 288493 54611627 8.521346
* 17: Cost = 288493_54546526, Time = 6.62 sec. 
-Trial 17 288493 54546526 8.697633
-Trial 18 288493 54546526 8.857629
-Trial 19 288493 54546526 8.948507
-Trial 20 288493 54546526 9.213876
* 21: Cost = 288493_54049634, Time = 7.37 sec. 
-Trial 21 288493 54049634 9.447941
* 22: Cost = 288493_53874638, Time = 7.60 sec. 
-Trial 22 288493 53874638 9.681180
-Trial 23 288493 53874638 9.907395
* 24: Cost = 288493_53836111, Time = 7.94 sec. 
-Trial 24 288493 53836111 10.019500
-Trial 25 288493 53836111 10.156323
-Trial 26 288493 53836111 10.277537
-Trial 27 288493 53836111 10.466623
-Trial 28 288493 53836111 10.467102
-Trial 29 288493 53836111 10.715077
-Trial 30 288493 53836111 10.921957
-Trial 31 288493 53836111 10.933572
* 32: Cost = 288493_53828411, Time = 8.94 sec. 
-Trial 32 288493 53828411 11.015835
* 33: Cost = 288493_53701931, Time = 9.15 sec. 
-Trial 33 288493 53701931 11.223393
-Trial 34 288493 53701931 11.298883
-Trial 35 288493 53701931 11.522574
* 36: Cost = 189284_53409141, Time = 9.58 sec. 
-Trial 36 189284 53409141 11.660115
-Trial 37 189284 53409141 11.750753
* 38: Cost = 189284_52906777, Time = 9.81 sec. 
-Trial 38 189284 52906777 11.886997
* 39: Cost = 189284_52865598, Time = 9.97 sec. 
-Trial 39 189284 52865598 12.048174
* 40: Cost = 189284_52659435, Time = 10.09 sec. 
-Trial 40 189284 52659435 12.168329
* 41: Cost = 189284_52566308, Time = 10.19 sec. 
-Trial 41 189284 52566308 12.269510
* 42: Cost = 189284_52333080, Time = 10.27 sec. 
-Trial 42 189284 52333080 12.347046
* 43: Cost = 189284_51970721, Time = 10.50 sec. 
-Trial 43 189284 51970721 12.579388
-Trial 44 189284 51970721 12.742241
-Trial 45 189284 51970721 13.154921
* 46: Cost = 189284_51815119, Time = 11.19 sec. 
-Trial 46 189284 51815119 13.268161
* 47: Cost = 189284_51649306, Time = 11.29 sec. 
-Trial 47 189284 51649306 13.367191
* 48: Cost = 189284_51524458, Time = 11.37 sec. 
-Trial 48 189284 51524458 13.452218
* 49: Cost = 189284_51231853, Time = 11.48 sec. 
-Trial 49 189284 51231853 13.562632
-Trial 50 189284 51231853 13.730551
-Trial 51 189284 51231853 13.789320
-Trial 52 189284 51231853 13.798150
-Trial 53 189284 51231853 14.027835
-Trial 54 189284 51231853 14.294672
-Trial 55 189284 51231853 14.380924
-Trial 56 189284 51231853 14.435560
-Trial 57 189284 51231853 14.496667
-Trial 58 189284 51231853 14.574114
-Trial 59 189284 51231853 14.714441
* 60: Cost = 189284_51182540, Time = 12.69 sec. 
-Trial 60 189284 51182540 14.770770
-Trial 61 189284 51182540 14.896126
-Trial 62 189284 51182540 14.907613
-Trial 63 189284 51182540 15.031681
* 64: Cost = 118661_51348066, Time = 13.08 sec. 
-Trial 64 118661 51348066 15.160501
-Trial 65 118661 51348066 15.278216
* 66: Cost = 118661_51297419, Time = 13.34 sec. 
-Trial 66 118661 51297419 15.417168
* 67: Cost = 118661_51285124, Time = 13.42 sec. 
-Trial 67 118661 51285124 15.501194
-Trial 68 118661 51285124 15.761514
-Trial 69 118661 51285124 15.921208
* 70: Cost = 118661_51193160, Time = 14.02 sec. 
-Trial 70 118661 51193160 16.094247
-Trial 71 118661 51193160 16.388526
* 72: Cost = 118661_50914920, Time = 14.40 sec. 
-Trial 72 118661 50914920 16.476971
-Trial 73 118661 50914920 16.527090
-Trial 74 118661 50914920 16.598608
-Trial 75 118661 50914920 16.723857
-Trial 76 118661 50914920 16.794179
* 77: Cost = 118661_50830033, Time = 14.76 sec. 
-Trial 77 118661 50830033 16.835950
-Trial 78 118661 50830033 16.997190
-Trial 79 118661 50830033 17.071086
-Trial 80 118661 50830033 17.130011
* 81: Cost = 118661_50808417, Time = 15.10 sec. 
-Trial 81 118661 50808417 17.174846
-Trial 82 118661 50808417 17.318883
-Trial 83 118661 50808417 17.435929
-Trial 84 118661 50808417 17.523351
-Trial 85 118661 50808417 17.650267
* 86: Cost = 118661_50622568, Time = 15.68 sec. 
-Trial 86 118661 50622568 17.757189
* 87: Cost = 118661_50495937, Time = 15.84 sec. 
-Trial 87 118661 50495937 17.913925
* 88: Cost = 118661_50385431, Time = 15.92 sec. 
-Trial 88 118661 50385431 17.996935
-Trial 89 118661 50385431 18.071481
-Trial 90 118661 50385431 18.224115
-Trial 91 118661 50385431 18.262203
-Trial 92 118661 50385431 18.436168
-Trial 93 118661 50385431 18.493241
-Trial 94 118661 50385431 18.790648
* 95: Cost = 118661_50342155, Time = 16.75 sec. 
-Trial 95 118661 50342155 18.828382
-Trial 96 118661 50342155 18.894515
-Trial 97 118661 50342155 18.936172
-Trial 98 118661 50342155 18.947517
-Trial 99 118661 50342155 19.113067
* 100: Cost = 118661_50316905, Time = 17.11 sec. 
-Trial 100 118661 50316905 19.189346
* 101: Cost = 79315_50310050, Time = 17.20 sec. 
-Trial 101 79315 50310050 19.280460
-Trial 102 79315 50310050 19.355796
-Trial 103 79315 50310050 19.444935
-Trial 104 79315 50310050 19.544533
* 105: Cost = 79315_50260582, Time = 17.57 sec. 
-Trial 105 79315 50260582 19.651145
-Trial 106 79315 50260582 19.715575
-Trial 107 79315 50260582 19.791148
* 108: Cost = 79315_50081017, Time = 17.87 sec. 
-Trial 108 79315 50081017 19.952904
-Trial 109 79315 50081017 20.116489
* 110: Cost = 23837_50235427, Time = 18.19 sec. 
-Trial 110 23837 50235427 20.270527
-Trial 111 23837 50235427 20.455245
-Trial 112 23837 50235427 20.566702
-Trial 113 23837 50235427 20.701843
-Trial 114 23837 50235427 20.816796
-Trial 115 23837 50235427 20.851988
-Trial 116 23837 50235427 20.909144
-Trial 117 23837 50235427 21.256128
* 118: Cost = 9038_50366216, Time = 19.29 sec. 
-Trial 118 9038 50366216 21.364229
* 119: Cost = 9038_50355625, Time = 19.31 sec. 
-Trial 119 9038 50355625 21.389481
-Trial 120 9038 50355625 21.426454
-Trial 121 9038 50355625 21.473087
-Trial 122 9038 50355625 21.513166
-Trial 123 9038 50355625 21.619874
* 124: Cost = 9038_50121787, Time = 19.57 sec. 
-Trial 124 9038 50121787 21.650324
-Trial 125 9038 50121787 21.663212
-Trial 126 9038 50121787 21.676965
-Trial 127 9038 50121787 21.736217
-Trial 128 9038 50121787 21.811939
* 129: Cost = 9038_50100633, Time = 19.76 sec. 
-Trial 129 9038 50100633 21.841053
-Trial 130 9038 50100633 21.869952
-Trial 131 9038 50100633 21.919021
* 132: Cost = 9038_50099828, Time = 19.96 sec. 
-Trial 132 9038 50099828 22.037797
-Trial 133 9038 50099828 22.073559
-Trial 134 9038 50099828 22.216463
-Trial 135 9038 50099828 22.292636
-Trial 136 9038 50099828 22.301307
-Trial 137 9038 50099828 22.313968
-Trial 138 9038 50099828 22.338135
-Trial 139 9038 50099828 22.371033
* 140: Cost = 9038_50059410, Time = 20.37 sec. 
-Trial 140 9038 50059410 22.450516
-Trial 141 9038 50059410 22.520061
-Trial 142 9038 50059410 22.531577
* 143: Cost = 0_50325478, Time = 20.64 sec. 
-Trial 143 0 50325478 22.720565
-Trial 144 0 50325478 22.749950
-Trial 145 0 50325478 22.813106
* 146: Cost = 0_50276564, Time = 20.86 sec. 
-Trial 146 0 50276564 22.943141
-Trial 147 0 50276564 22.971759
-Trial 148 0 50276564 22.984591
-Trial 149 0 50276564 23.036694
-Trial 150 0 50276564 23.093033
-Trial 151 0 50276564 23.100396
-Trial 152 0 50276564 23.139070
-Trial 153 0 50276564 23.261639
* 154: Cost = 0_50272256, Time = 21.21 sec. 
-Trial 154 0 50272256 23.284840
-Trial 155 0 50272256 23.383836
-Trial 156 0 50272256 23.534517
* 157: Cost = 0_50197654, Time = 21.46 sec. 
-Trial 157 0 50197654 23.541636
-Trial 158 0 50197654 23.562050
-Trial 159 0 50197654 23.577301
-Trial 160 0 50197654 23.581876
-Trial 161 0 50197654 23.590265
-Trial 162 0 50197654 23.604419
-Trial 163 0 50197654 23.648417
* 164: Cost = 0_50083446, Time = 21.60 sec. 
-Trial 164 0 50083446 23.677604
-Trial 165 0 50083446 23.740666
-Trial 166 0 50083446 23.797850
-Trial 167 0 50083446 23.806309
* 168: Cost = 0_50035000, Time = 21.79 sec. 
-Trial 168 0 50035000 23.868102
-Trial 169 0 50035000 23.877115
* 170: Cost = 0_49724233, Time = 21.84 sec. 
-Trial 170 0 49724233 23.917008
-Trial 171 0 49724233 23.933270
* 172: Cost = 0_49700133, Time = 21.89 sec. 
-Trial 172 0 49700133 23.964719
-Trial 173 0 49700133 24.243012
-Trial 174 0 49700133 24.368343
-Trial 175 0 49700133 24.409628
-Trial 176 0 49700133 24.419595
-Trial 177 0 49700133 24.544896
* 178: Cost = 0_49699020, Time = 22.48 sec. 
-Trial 178 0 49699020 24.562115
-Trial 179 0 49699020 24.743905
-Trial 180 0 49699020 24.790122
* 181: Cost = 0_49693275, Time = 22.72 sec. 
-Trial 181 0 49693275 24.796122
-Trial 182 0 49693275 24.872649
-Trial 183 0 49693275 24.907806
-Trial 184 0 49693275 24.971722
-Trial 185 0 49693275 24.972829
-Trial 186 0 49693275 24.983462
* 187: Cost = 0_49676475, Time = 22.92 sec. 
-Trial 187 0 49676475 24.998590
* 188: Cost = 0_49458729, Time = 22.95 sec. 
-Trial 188 0 49458729 25.031011
-Trial 189 0 49458729 25.067629
* 190: Cost = 0_49377416, Time = 23.00 sec. 
-Trial 190 0 49377416 25.080121
-Trial 191 0 49377416 25.092596
* 192: Cost = 0_49369907, Time = 23.03 sec. 
-Trial 192 0 49369907 25.104062
-Trial 193 0 49369907 25.137060
-Trial 194 0 49369907 25.149142
-Trial 195 0 49369907 25.151283
-Trial 196 0 49369907 25.220845
* 197: Cost = 0_49345877, Time = 23.18 sec. 
-Trial 197 0 49345877 25.257228
-Trial 198 0 49345877 25.266298
-Trial 199 0 49345877 25.293323
-Trial 200 0 49345877 25.355103
-Trial 201 0 49345877 25.524017
* 202: Cost = 0_49305689, Time = 23.45 sec. 
-Trial 202 0 49305689 25.532999
-Trial 203 0 49305689 25.584160
-Trial 204 0 49305689 25.592000
-Trial 205 0 49305689 25.603874
-Trial 206 0 49305689 25.651710
* 207: Cost = 0_49231670, Time = 23.58 sec. 
-Trial 207 0 49231670 25.662461
-Trial 208 0 49231670 25.717244
-Trial 209 0 49231670 25.760165
-Trial 210 0 49231670 25.885680
-Trial 211 0 49231670 25.920389
* 212: Cost = 0_49213454, Time = 23.88 sec. 
-Trial 212 0 49213454 25.958482
-Trial 213 0 49213454 25.974975
-Trial 214 0 49213454 25.980605
-Trial 215 0 49213454 25.990337
-Trial 216 0 49213454 26.001862
-Trial 217 0 49213454 26.040034
-Trial 218 0 49213454 26.073227
-Trial 219 0 49213454 26.084049
-Trial 220 0 49213454 26.094210
-Trial 221 0 49213454 26.102901
-Trial 222 0 49213454 26.111507
-Trial 223 0 49213454 26.157464
-Trial 224 0 49213454 26.176724
-Trial 225 0 49213454 26.217101
-Trial 226 0 49213454 26.223267
-Trial 227 0 49213454 26.233839
-Trial 228 0 49213454 26.254961
-Trial 229 0 49213454 26.259619
-Trial 230 0 49213454 26.350687
-Trial 231 0 49213454 26.390934
-Trial 232 0 49213454 26.408083
-Trial 233 0 49213454 26.422336
* 234: Cost = 0_49172717, Time = 24.38 sec. 
-Trial 234 0 49172717 26.457704
-Trial 235 0 49172717 26.474078
-Trial 236 0 49172717 26.490708
-Trial 237 0 49172717 26.530601
-Trial 238 0 49172717 26.573745
-Trial 239 0 49172717 26.584698
-Trial 240 0 49172717 26.586757
-Trial 241 0 49172717 26.659533
-Trial 242 0 49172717 26.678382
-Trial 243 0 49172717 26.776825
-Trial 244 0 49172717 26.865426
-Trial 245 0 49172717 26.921129
-Trial 246 0 49172717 27.009247
-Trial 247 0 49172717 27.015491
-Trial 248 0 49172717 27.046310
-Trial 249 0 49172717 27.074974
-Trial 250 0 49172717 27.200103
-Trial 251 0 49172717 27.230353
-Trial 252 0 49172717 27.284043
-Trial 253 0 49172717 27.326445
-Trial 254 0 49172717 27.330476
* 255: Cost = 0_49147114, Time = 25.27 sec. 
-Trial 255 0 49147114 27.347993
-Trial 256 0 49147114 27.542409
* 257: Cost = 0_49071198, Time = 25.51 sec. 
-Trial 257 0 49071198 27.591137
-Trial 258 0 49071198 27.637444
* 259: Cost = 0_49003249, Time = 25.57 sec. 
-Trial 259 0 49003249 27.650679
* 260: Cost = 0_48976389, Time = 25.58 sec. 
-Trial 260 0 48976389 27.659503
-Trial 261 0 48976389 27.761269
* 262: Cost = 0_48898937, Time = 25.71 sec. 
-Trial 262 0 48898937 27.784416
-Trial 263 0 48898937 27.787922
-Trial 264 0 48898937 27.788696
* 265: Cost = 0_48884497, Time = 25.72 sec. 
-Trial 265 0 48884497 27.796662
-Trial 266 0 48884497 27.814054
-Trial 267 0 48884497 27.825044
-Trial 268 0 48884497 27.838218
-Trial 269 0 48884497 27.851996
-Trial 270 0 48884497 28.081525
* 271: Cost = 0_48696998, Time = 26.02 sec. 
-Trial 271 0 48696998 28.099210
-Trial 272 0 48696998 28.187705
-Trial 273 0 48696998 28.239456
-Trial 274 0 48696998 28.245686
-Trial 275 0 48696998 28.315185
-Trial 276 0 48696998 28.407180
-Trial 277 0 48696998 28.473450
-Trial 278 0 48696998 28.554787
-Trial 279 0 48696998 28.557726
-Trial 280 0 48696998 28.603738
-Trial 281 0 48696998 28.613704
-Trial 282 0 48696998 28.625825
* 283: Cost = 0_48587463, Time = 26.56 sec. 
-Trial 283 0 48587463 28.643139
-Trial 284 0 48587463 28.666560
-Trial 285 0 48587463 28.674887
-Trial 286 0 48587463 28.696519
-Trial 287 0 48587463 28.702351
-Trial 288 0 48587463 28.771417
-Trial 289 0 48587463 28.779652
-Trial 290 0 48587463 28.787336
-Trial 291 0 48587463 28.847197
-Trial 292 0 48587463 28.848947
-Trial 293 0 48587463 28.853912
* 294: Cost = 0_48570514, Time = 26.79 sec. 
-Trial 294 0 48570514 28.864496
-Trial 295 0 48570514 28.895397
-Trial 296 0 48570514 28.903446
-Trial 297 0 48570514 28.905086
* 298: Cost = 0_48563081, Time = 26.90 sec. 
-Trial 298 0 48563081 28.981073
-Trial 299 0 48563081 28.984888
-Trial 300 0 48563081 29.007640
-Trial 301 0 48563081 29.013427
-Trial 302 0 48563081 29.045566
-Trial 303 0 48563081 29.096925
* 304: Cost = 0_48529638, Time = 27.09 sec. 
-Trial 304 0 48529638 29.164658
-Trial 305 0 48529638 29.176201
-Trial 306 0 48529638 29.180704
-Trial 307 0 48529638 29.182525
-Trial 308 0 48529638 29.236977
-Trial 309 0 48529638 29.425331
* 310: Cost = 0_48524841, Time = 27.36 sec. 
-Trial 310 0 48524841 29.442383
-Trial 311 0 48524841 29.449533
-Trial 312 0 48524841 29.451505
-Trial 313 0 48524841 29.472542
* 314: Cost = 0_48508279, Time = 27.44 sec. 
-Trial 314 0 48508279 29.515876
-Trial 315 0 48508279 29.542877
-Trial 316 0 48508279 29.617883
-Trial 317 0 48508279 29.633528
-Trial 318 0 48508279 29.649473
* 319: Cost = 0_48503606, Time = 27.60 sec. 
-Trial 319 0 48503606 29.673842
-Trial 320 0 48503606 29.684635
-Trial 321 0 48503606 29.703615
-Trial 322 0 48503606 29.808354
* 323: Cost = 0_48456783, Time = 27.76 sec. 
-Trial 323 0 48456783 29.842861
-Trial 324 0 48456783 29.846896
-Trial 325 0 48456783 29.856278
* 326: Cost = 0_48453100, Time = 27.79 sec. 
-Trial 326 0 48453100 29.871169
* 327: Cost = 0_48423999, Time = 27.81 sec. 
-Trial 327 0 48423999 29.893168
-Trial 328 0 48423999 29.915812
* 329: Cost = 0_48262943, Time = 27.89 sec. 
-Trial 329 0 48262943 29.964755
-Trial 330 0 48262943 29.975729
-Trial 331 0 48262943 29.976374
-Trial 332 0 48262943 29.985504
-Trial 333 0 48262943 29.995421
-Trial 334 0 48262943 30.011555
-Trial 335 0 48262943 30.017498
-Trial 336 0 48262943 30.096819
-Trial 337 0 48262943 30.144865
-Trial 338 0 48262943 30.165299
-Trial 339 0 48262943 30.170959
-Trial 340 0 48262943 30.177160
-Trial 341 0 48262943 30.259230
-Trial 342 0 48262943 30.319021
-Trial 343 0 48262943 30.328955
-Trial 344 0 48262943 30.370532
-Trial 345 0 48262943 30.378478
* 346: Cost = 0_48248910, Time = 28.31 sec. 
-Trial 346 0 48248910 30.389727
-Trial 347 0 48248910 30.463582
-Trial 348 0 48248910 30.479631
-Trial 349 0 48248910 30.488614
-Trial 350 0 48248910 30.494512
-Trial 351 0 48248910 30.498755
-Trial 352 0 48248910 30.505983
-Trial 353 0 48248910 30.529154
-Trial 354 0 48248910 30.531210
-Trial 355 0 48248910 30.537498
-Trial 356 0 48248910 30.564601
-Trial 357 0 48248910 30.627038
-Trial 358 0 48248910 30.629393
-Trial 359 0 48248910 30.661133
-Trial 360 0 48248910 30.664359
-Trial 361 0 48248910 30.673415
-Trial 362 0 48248910 30.717245
-Trial 363 0 48248910 30.734622
* 364: Cost = 0_48235429, Time = 28.90 sec. 
-Trial 364 0 48235429 30.981684
-Trial 365 0 48235429 31.070843
* 366: Cost = 0_48215309, Time = 29.07 sec. 
-Trial 366 0 48215309 31.150473
-Trial 367 0 48215309 31.190842
-Trial 368 0 48215309 31.221521
-Trial 369 0 48215309 31.399947
-Trial 370 0 48215309 31.403383
* 371: Cost = 0_48129920, Time = 29.34 sec. 
-Trial 371 0 48129920 31.420154
-Trial 372 0 48129920 31.451011
-Trial 373 0 48129920 31.503592
-Trial 374 0 48129920 31.525076
* 375: Cost = 0_48055674, Time = 29.46 sec. 
-Trial 375 0 48055674 31.537362
-Trial 376 0 48055674 31.549397
-Trial 377 0 48055674 31.566092
-Trial 378 0 48055674 31.582906
-Trial 379 0 48055674 31.587278
-Trial 380 0 48055674 31.589899
-Trial 381 0 48055674 31.611122
-Trial 382 0 48055674 31.617774
-Trial 383 0 48055674 31.656276
-Trial 384 0 48055674 31.677240
-Trial 385 0 48055674 31.846544
-Trial 386 0 48055674 31.861467
-Trial 387 0 48055674 31.868340
-Trial 388 0 48055674 31.885721
-Trial 389 0 48055674 31.909592
-Trial 390 0 48055674 31.975592
-Trial 391 0 48055674 31.989585
-Trial 392 0 48055674 32.040081
-Trial 393 0 48055674 32.133291
-Trial 394 0 48055674 32.168717
* 395: Cost = 0_47783490, Time = 30.11 sec. 
-Trial 395 0 47783490 32.191005
-Trial 396 0 47783490 32.229480
-Trial 397 0 47783490 32.254749
* 398: Cost = 0_47748369, Time = 30.23 sec. 
-Trial 398 0 47748369 32.312573
-Trial 399 0 47748369 32.454205
-Trial 400 0 47748369 32.520187
-Trial 401 0 47748369 32.545615
-Trial 402 0 47748369 32.569673
-Trial 403 0 47748369 32.606083
-Trial 404 0 47748369 32.626365
-Trial 405 0 47748369 32.653694
-Trial 406 0 47748369 32.662997
-Trial 407 0 47748369 32.684831
-Trial 408 0 47748369 32.685615
-Trial 409 0 47748369 32.700193
* 410: Cost = 0_47701183, Time = 30.64 sec. 
-Trial 410 0 47701183 32.713495
-Trial 411 0 47701183 32.717738
-Trial 412 0 47701183 32.728066
-Trial 413 0 47701183 32.783810
* 414: Cost = 0_47689468, Time = 30.72 sec. 
-Trial 414 0 47689468 32.795929
-Trial 415 0 47689468 32.803074
-Trial 416 0 47689468 32.828862
-Trial 417 0 47689468 32.876857
-Trial 418 0 47689468 32.919981
-Trial 419 0 47689468 32.977025
-Trial 420 0 47689468 32.983822
-Trial 421 0 47689468 32.997070
-Trial 422 0 47689468 33.035373
* 423: Cost = 0_47685988, Time = 30.97 sec. 
-Trial 423 0 47685988 33.047476
-Trial 424 0 47685988 33.060093
-Trial 425 0 47685988 33.086095
-Trial 426 0 47685988 33.115333
-Trial 427 0 47685988 33.314746
-Trial 428 0 47685988 33.329190
-Trial 429 0 47685988 33.339463
-Trial 430 0 47685988 33.356698
-Trial 431 0 47685988 33.428245
-Trial 432 0 47685988 33.516146
-Trial 433 0 47685988 33.671585
-Trial 434 0 47685988 33.716162
-Trial 435 0 47685988 33.722164
-Trial 436 0 47685988 33.759532
-Trial 437 0 47685988 33.817960
* 438: Cost = 0_47460304, Time = 32.07 sec. 
-Trial 438 0 47460304 34.147838
-Trial 439 0 47460304 34.175102
-Trial 440 0 47460304 34.179386
-Trial 441 0 47460304 34.185238
-Trial 442 0 47460304 34.288080
-Trial 443 0 47460304 34.302366
-Trial 444 0 47460304 34.352844
-Trial 445 0 47460304 34.386704
* 446: Cost = 0_47303488, Time = 32.33 sec. 
-Trial 446 0 47303488 34.406462
-Trial 447 0 47303488 34.420461
-Trial 448 0 47303488 34.449041
-Trial 449 0 47303488 34.463175
-Trial 450 0 47303488 34.467566
-Trial 451 0 47303488 34.477759
-Trial 452 0 47303488 34.487126
-Trial 453 0 47303488 34.534335
-Trial 454 0 47303488 34.574258
-Trial 455 0 47303488 34.665196
-Trial 456 0 47303488 34.665721
-Trial 457 0 47303488 34.717813
-Trial 458 0 47303488 34.738916
-Trial 459 0 47303488 34.757395
-Trial 460 0 47303488 34.790535
-Trial 461 0 47303488 34.854643
-Trial 462 0 47303488 34.870865
* 463: Cost = 0_47154463, Time = 32.80 sec. 
-Trial 463 0 47154463 34.880096
-Trial 464 0 47154463 34.893479
-Trial 465 0 47154463 34.920288
-Trial 466 0 47154463 34.927182
-Trial 467 0 47154463 34.965683
* 468: Cost = 0_47147390, Time = 32.90 sec. 
-Trial 468 0 47147390 34.974725
-Trial 469 0 47147390 35.003121
* 470: Cost = 0_47126288, Time = 32.94 sec. 
-Trial 470 0 47126288 35.015608
-Trial 471 0 47126288 35.118245
-Trial 472 0 47126288 35.136906
-Trial 473 0 47126288 35.173278
-Trial 474 0 47126288 35.201225
* 475: Cost = 0_47105294, Time = 33.16 sec. 
-Trial 475 0 47105294 35.241762
-Trial 476 0 47105294 35.257772
-Trial 477 0 47105294 35.298419
-Trial 478 0 47105294 35.337730
-Trial 479 0 47105294 35.347557
-Trial 480 0 47105294 35.430589
-Trial 481 0 47105294 35.439553
* 482: Cost = 0_47070102, Time = 33.41 sec. 
-Trial 482 0 47070102 35.489785
-Trial 483 0 47070102 35.492335
-Trial 484 0 47070102 35.585837
-Trial 485 0 47070102 35.609819
-Trial 486 0 47070102 35.655270
-Trial 487 0 47070102 35.694204
-Trial 488 0 47070102 35.751629
-Trial 489 0 47070102 35.757855
-Trial 490 0 47070102 35.766515
-Trial 491 0 47070102 35.799896
-Trial 492 0 47070102 35.866568
-Trial 493 0 47070102 35.874252
-Trial 494 0 47070102 35.876081
-Trial 495 0 47070102 35.908000
-Trial 496 0 47070102 35.924484
-Trial 497 0 47070102 35.969401
-Trial 498 0 47070102 36.044955
-Trial 499 0 47070102 36.060548
-Trial 500 0 47070102 36.082521
-Trial 501 0 47070102 36.134446
-Trial 502 0 47070102 36.149345
-Trial 503 0 47070102 36.331515
-Trial 504 0 47070102 36.364881
-Trial 505 0 47070102 36.448842
-Trial 506 0 47070102 36.557061
-Trial 507 0 47070102 36.592224
-Trial 508 0 47070102 36.626623
-Trial 509 0 47070102 36.709146
-Trial 510 0 47070102 36.720077
-Trial 511 0 47070102 36.792970
-Trial 512 0 47070102 36.799817
-Trial 513 0 47070102 36.922540
-Trial 514 0 47070102 36.948977
-Trial 515 0 47070102 36.991555
-Trial 516 0 47070102 37.001653
* 517: Cost = 0_47038393, Time = 34.98 sec. 
-Trial 517 0 47038393 37.053561
-Trial 518 0 47038393 37.188491
-Trial 519 0 47038393 37.200058
* 520: Cost = 0_47037645, Time = 35.15 sec. 
-Trial 520 0 47037645 37.232152
-Trial 521 0 47037645 37.256501
-Trial 522 0 47037645 37.278471
-Trial 523 0 47037645 37.945925
-Trial 524 0 47037645 38.134889
-Trial 525 0 47037645 38.161355
-Trial 526 0 47037645 38.161891
-Trial 527 0 47037645 38.194196
-Trial 528 0 47037645 38.247490
-Trial 529 0 47037645 38.293439
-Trial 530 0 47037645 38.309861
-Trial 531 0 47037645 38.335761
-Trial 532 0 47037645 38.344991
* 533: Cost = 0_47031535, Time = 36.29 sec. 
-Trial 533 0 47031535 38.368364
-Trial 534 0 47031535 38.370341
-Trial 535 0 47031535 38.394155
-Trial 536 0 47031535 38.823665
-Trial 537 0 47031535 38.836612
-Trial 538 0 47031535 38.838228
-Trial 539 0 47031535 38.864194
-Trial 540 0 47031535 38.881864
-Trial 541 0 47031535 38.930107
-Trial 542 0 47031535 38.992664
-Trial 543 0 47031535 39.024246
-Trial 544 0 47031535 39.195408
-Trial 545 0 47031535 39.213912
-Trial 546 0 47031535 39.351947
-Trial 547 0 47031535 39.471901
-Trial 548 0 47031535 39.495733
-Trial 549 0 47031535 39.568468
-Trial 550 0 47031535 39.584783
-Trial 551 0 47031535 39.597537
-Trial 552 0 47031535 39.620866
-Trial 553 0 47031535 39.676272
-Trial 554 0 47031535 39.697761
-Trial 555 0 47031535 39.715667
-Trial 556 0 47031535 39.814301
-Trial 557 0 47031535 39.821405
-Trial 558 0 47031535 39.865433
-Trial 559 0 47031535 39.911028
-Trial 560 0 47031535 39.920537
-Trial 561 0 47031535 39.931823
-Trial 562 0 47031535 39.947182
-Trial 563 0 47031535 39.953584
-Trial 564 0 47031535 39.991027
-Trial 565 0 47031535 40.022185
-Trial 566 0 47031535 40.068678
-Trial 567 0 47031535 40.078539
-Trial 568 0 47031535 40.100026
-Trial 569 0 47031535 40.153763
-Trial 570 0 47031535 40.225324
-Trial 571 0 47031535 40.268304
-Trial 572 0 47031535 40.347484
-Trial 573 0 47031535 40.373153
-Trial 574 0 47031535 40.430086
-Trial 575 0 47031535 40.483054
-Trial 576 0 47031535 40.486910
-Trial 577 0 47031535 40.558911
-Trial 578 0 47031535 40.585429
-Trial 579 0 47031535 40.603703
-Trial 580 0 47031535 40.619697
-Trial 581 0 47031535 40.658406
-Trial 582 0 47031535 40.671655
-Trial 583 0 47031535 40.725708
-Trial 584 0 47031535 40.730087
-Trial 585 0 47031535 40.792576
-Trial 586 0 47031535 40.808002
-Trial 587 0 47031535 40.824646
-Trial 588 0 47031535 40.848895
-Trial 589 0 47031535 40.872992
-Trial 590 0 47031535 40.913747
-Trial 591 0 47031535 40.940441
-Trial 592 0 47031535 41.004307
-Trial 593 0 47031535 41.035178
-Trial 594 0 47031535 41.055549
-Trial 595 0 47031535 41.073146
-Trial 596 0 47031535 41.084990
* 597: Cost = 0_47007262, Time = 39.04 sec. 
-Trial 597 0 47007262 41.118735
-Trial 598 0 47007262 41.152182
-Trial 599 0 47007262 41.176351
-Trial 600 0 47007262 41.190751
-Trial 601 0 47007262 41.277940
-Trial 602 0 47007262 41.279650
-Trial 603 0 47007262 41.284193
-Trial 604 0 47007262 41.342624
-Trial 605 0 47007262 41.350257
-Trial 606 0 47007262 41.405329
-Trial 607 0 47007262 41.409384
-Trial 608 0 47007262 41.410262
-Trial 609 0 47007262 41.423124
-Trial 610 0 47007262 41.430148
-Trial 611 0 47007262 41.485062
-Trial 612 0 47007262 41.491086
-Trial 613 0 47007262 41.502440
-Trial 614 0 47007262 41.871526
-Trial 615 0 47007262 41.931971
-Trial 616 0 47007262 41.948196
-Trial 617 0 47007262 41.968613
-Trial 618 0 47007262 42.005687
-Trial 619 0 47007262 42.010607
-Trial 620 0 47007262 42.096077
* 621: Cost = 0_46880714, Time = 40.03 sec. 
-Trial 621 0 46880714 42.104697
* 622: Cost = 0_46869957, Time = 40.04 sec. 
-Trial 622 0 46869957 42.122443
-Trial 623 0 46869957 42.130477
-Trial 624 0 46869957 42.156184
-Trial 625 0 46869957 42.162821
-Trial 626 0 46869957 42.166839
-Trial 627 0 46869957 42.176272
-Trial 628 0 46869957 42.199975
-Trial 629 0 46869957 42.202795
-Trial 630 0 46869957 42.220971
-Trial 631 0 46869957 42.248355
-Trial 632 0 46869957 42.260520
-Trial 633 0 46869957 42.317581
-Trial 634 0 46869957 42.346873
-Trial 635 0 46869957 42.349053
-Trial 636 0 46869957 42.395248
-Trial 637 0 46869957 42.416561
-Trial 638 0 46869957 42.425132
-Trial 639 0 46869957 42.483167
-Trial 640 0 46869957 42.488737
-Trial 641 0 46869957 42.506603
-Trial 642 0 46869957 42.528930
-Trial 643 0 46869957 42.531758
-Trial 644 0 46869957 42.571511
-Trial 645 0 46869957 42.580209
-Trial 646 0 46869957 42.582187
-Trial 647 0 46869957 42.626849
-Trial 648 0 46869957 42.627626
-Trial 649 0 46869957 42.656529
-Trial 650 0 46869957 42.658307
-Trial 651 0 46869957 42.678601
-Trial 652 0 46869957 42.829069
-Trial 653 0 46869957 42.836813
-Trial 654 0 46869957 42.872948
-Trial 655 0 46869957 42.888861
-Trial 656 0 46869957 42.967958
-Trial 657 0 46869957 42.981557
-Trial 658 0 46869957 42.991230
-Trial 659 0 46869957 43.023368
-Trial 660 0 46869957 43.045257
-Trial 661 0 46869957 43.086740
-Trial 662 0 46869957 43.105473
-Trial 663 0 46869957 43.113647
-Trial 664 0 46869957 43.116635
-Trial 665 0 46869957 43.144341
-Trial 666 0 46869957 43.187088
-Trial 667 0 46869957 43.201267
-Trial 668 0 46869957 43.214433
-Trial 669 0 46869957 43.223016
-Trial 670 0 46869957 43.401646
-Trial 671 0 46869957 43.415975
-Trial 672 0 46869957 43.453721
-Trial 673 0 46869957 43.467473
-Trial 674 0 46869957 43.500078
-Trial 675 0 46869957 43.520683
-Trial 676 0 46869957 43.552230
-Trial 677 0 46869957 43.555624
-Trial 678 0 46869957 43.561698
-Trial 679 0 46869957 43.599418
-Trial 680 0 46869957 43.599898
-Trial 681 0 46869957 43.745278
-Trial 682 0 46869957 43.752682
-Trial 683 0 46869957 43.783421
-Trial 684 0 46869957 43.801396
-Trial 685 0 46869957 43.827358
* 686: Cost = 0_46847063, Time = 41.77 sec. 
-Trial 686 0 46847063 43.849134
-Trial 687 0 46847063 43.869953
-Trial 688 0 46847063 43.902214
-Trial 689 0 46847063 43.922502
-Trial 690 0 46847063 43.929759
-Trial 691 0 46847063 43.945719
-Trial 692 0 46847063 43.961348
-Trial 693 0 46847063 43.995118
-Trial 694 0 46847063 44.013407
-Trial 695 0 46847063 44.151090
-Trial 696 0 46847063 44.154396
-Trial 697 0 46847063 44.397901
-Trial 698 0 46847063 44.479362
-Trial 699 0 46847063 44.503318
* 700: Cost = 0_46846478, Time = 42.43 sec. 
-Trial 700 0 46846478 44.511567
-Trial 701 0 46846478 45.545427
-Trial 702 0 46846478 45.559885
-Trial 703 0 46846478 45.614456
-Trial 704 0 46846478 45.625052
-Trial 705 0 46846478 45.659088
-Trial 706 0 46846478 45.688046
-Trial 707 0 46846478 45.752837
-Trial 708 0 46846478 45.811406
-Trial 709 0 46846478 45.816008
-Trial 710 0 46846478 45.853155
-Trial 711 0 46846478 45.994379
-Trial 712 0 46846478 46.004223
-Trial 713 0 46846478 46.133532
* 714: Cost = 0_46839156, Time = 44.08 sec. 
-Trial 714 0 46839156 46.162098
-Trial 715 0 46839156 46.171254
-Trial 716 0 46839156 46.182519
-Trial 717 0 46839156 46.210418
-Trial 718 0 46839156 46.256615
-Trial 719 0 46839156 46.366286
-Trial 720 0 46839156 46.690342
-Trial 721 0 46839156 46.695811
-Trial 722 0 46839156 46.742448
-Trial 723 0 46839156 46.743246
-Trial 724 0 46839156 46.761423
-Trial 725 0 46839156 46.973609
-Trial 726 0 46839156 46.976368
-Trial 727 0 46839156 47.097292
-Trial 728 0 46839156 47.105643
-Trial 729 0 46839156 47.108497
-Trial 730 0 46839156 47.111750
-Trial 731 0 46839156 47.140904
-Trial 732 0 46839156 47.156321
-Trial 733 0 46839156 47.209583
-Trial 734 0 46839156 47.250931
-Trial 735 0 46839156 47.262035
-Trial 736 0 46839156 47.354199
-Trial 737 0 46839156 47.356936
-Trial 738 0 46839156 47.424352
-Trial 739 0 46839156 47.486975
-Trial 740 0 46839156 47.491827
-Trial 741 0 46839156 47.504264
-Trial 742 0 46839156 47.506933
-Trial 743 0 46839156 47.510051
-Trial 744 0 46839156 47.568417
-Trial 745 0 46839156 47.572063
-Trial 746 0 46839156 47.611284
-Trial 747 0 46839156 47.667063
-Trial 748 0 46839156 47.674462
-Trial 749 0 46839156 47.796038
-Trial 750 0 46839156 47.835691
-Trial 751 0 46839156 47.854894
-Trial 752 0 46839156 47.904002
-Trial 753 0 46839156 47.922894
-Trial 754 0 46839156 48.022500
-Trial 755 0 46839156 48.037389
-Trial 756 0 46839156 48.062545
-Trial 757 0 46839156 48.122754
-Trial 758 0 46839156 48.147130
-Trial 759 0 46839156 48.161062
-Trial 760 0 46839156 48.176665
-Trial 761 0 46839156 48.182524
-Trial 762 0 46839156 48.205733
-Trial 763 0 46839156 48.210901
-Trial 764 0 46839156 48.226654
-Trial 765 0 46839156 48.244561
-Trial 766 0 46839156 48.252027
-Trial 767 0 46839156 48.295884
-Trial 768 0 46839156 48.315206
* 769: Cost = 0_46830140, Time = 46.26 sec. 
-Trial 769 0 46830140 48.334960
-Trial 770 0 46830140 48.352106
-Trial 771 0 46830140 48.361754
* 772: Cost = 0_46816288, Time = 46.31 sec. 
-Trial 772 0 46816288 48.392953
-Trial 773 0 46816288 48.424383
* 774: Cost = 0_46799782, Time = 46.35 sec. 
-Trial 774 0 46799782 48.431388
-Trial 775 0 46799782 48.495204
-Trial 776 0 46799782 48.507027
-Trial 777 0 46799782 48.526061
-Trial 778 0 46799782 48.541743
-Trial 779 0 46799782 48.545495
-Trial 780 0 46799782 48.557616
-Trial 781 0 46799782 48.560822
-Trial 782 0 46799782 48.577751
* 783: Cost = 0_46745491, Time = 46.59 sec. 
-Trial 783 0 46745491 48.669214
-Trial 784 0 46745491 48.711322
-Trial 785 0 46745491 48.754656
-Trial 786 0 46745491 48.772704
-Trial 787 0 46745491 48.780844
-Trial 788 0 46745491 48.814977
-Trial 789 0 46745491 48.831759
-Trial 790 0 46745491 48.920492
-Trial 791 0 46745491 48.976280
-Trial 792 0 46745491 49.001611
-Trial 793 0 46745491 49.087819
-Trial 794 0 46745491 49.100184
-Trial 795 0 46745491 49.105303
-Trial 796 0 46745491 49.128098
-Trial 797 0 46745491 49.145903
-Trial 798 0 46745491 49.157666
-Trial 799 0 46745491 49.178269
-Trial 800 0 46745491 49.188121
-Trial 801 0 46745491 49.315455
-Trial 802 0 46745491 49.329442
-Trial 803 0 46745491 49.345002
-Trial 804 0 46745491 49.355994
-Trial 805 0 46745491 49.388885
-Trial 806 0 46745491 49.398504
-Trial 807 0 46745491 49.553256
-Trial 808 0 46745491 49.575421
-Trial 809 0 46745491 49.595470
-Trial 810 0 46745491 49.605711
-Trial 811 0 46745491 49.609478
-Trial 812 0 46745491 49.645500
* 813: Cost = 0_46703124, Time = 47.61 sec. 
-Trial 813 0 46703124 49.689157
-Trial 814 0 46703124 49.701521
-Trial 815 0 46703124 49.761932
-Trial 816 0 46703124 49.803621
-Trial 817 0 46703124 49.831186
-Trial 818 0 46703124 50.016713
-Trial 819 0 46703124 50.071651
-Trial 820 0 46703124 50.075509
-Trial 821 0 46703124 50.107823
-Trial 822 0 46703124 50.127961
-Trial 823 0 46703124 50.130982
-Trial 824 0 46703124 50.177751
-Trial 825 0 46703124 50.184817
-Trial 826 0 46703124 50.204677
-Trial 827 0 46703124 50.244033
-Trial 828 0 46703124 50.249726
-Trial 829 0 46703124 50.326305
-Trial 830 0 46703124 50.434760
-Trial 831 0 46703124 50.534399
-Trial 832 0 46703124 50.553177
-Trial 833 0 46703124 50.563599
-Trial 834 0 46703124 50.570590
-Trial 835 0 46703124 50.640172
-Trial 836 0 46703124 50.643805
* 837: Cost = 0_46671952, Time = 48.62 sec. 
-Trial 837 0 46671952 50.694303
-Trial 838 0 46671952 50.775212
-Trial 839 0 46671952 50.781294
-Trial 840 0 46671952 50.810907
-Trial 841 0 46671952 50.814410
-Trial 842 0 46671952 50.825792
-Trial 843 0 46671952 50.866567
-Trial 844 0 46671952 50.881330
-Trial 845 0 46671952 50.957195
-Trial 846 0 46671952 50.991693
* 847: Cost = 0_46667606, Time = 48.94 sec. 
-Trial 847 0 46667606 51.019630
-Trial 848 0 46667606 51.022586
-Trial 849 0 46667606 51.027227
-Trial 850 0 46667606 51.058107
-Trial 851 0 46667606 51.064190
-Trial 852 0 46667606 51.116119
-Trial 853 0 46667606 51.134108
-Trial 854 0 46667606 51.167725
-Trial 855 0 46667606 51.170992
-Trial 856 0 46667606 51.184437
-Trial 857 0 46667606 51.190102
-Trial 858 0 46667606 51.193183
-Trial 859 0 46667606 51.195623
-Trial 860 0 46667606 51.198288
-Trial 861 0 46667606 51.201327
-Trial 862 0 46667606 51.253281
-Trial 863 0 46667606 51.283328
* 864: Cost = 0_46652540, Time = 49.33 sec. 
-Trial 864 0 46652540 51.410022
-Trial 865 0 46652540 51.425039
-Trial 866 0 46652540 51.430689
-Trial 867 0 46652540 51.497222
-Trial 868 0 46652540 51.521767
-Trial 869 0 46652540 51.529834
-Trial 870 0 46652540 51.559584
-Trial 871 0 46652540 51.566882
-Trial 872 0 46652540 51.588552
-Trial 873 0 46652540 51.604166
* 874: Cost = 0_46605722, Time = 49.54 sec. 
-Trial 874 0 46605722 51.613377
-Trial 875 0 46605722 51.679283
-Trial 876 0 46605722 51.683909
-Trial 877 0 46605722 51.691531
-Trial 878 0 46605722 51.698037
-Trial 879 0 46605722 51.734512
-Trial 880 0 46605722 51.740703
-Trial 881 0 46605722 51.761165
-Trial 882 0 46605722 51.783247
-Trial 883 0 46605722 52.057490
-Trial 884 0 46605722 52.101788
-Trial 885 0 46605722 52.113580
-Trial 886 0 46605722 52.172864
-Trial 887 0 46605722 52.260818
-Trial 888 0 46605722 52.275056
-Trial 889 0 46605722 52.330527
-Trial 890 0 46605722 52.344211
-Trial 891 0 46605722 52.364108
-Trial 892 0 46605722 52.380801
-Trial 893 0 46605722 52.395627
-Trial 894 0 46605722 52.434514
-Trial 895 0 46605722 52.451362
-Trial 896 0 46605722 52.488140
-Trial 897 0 46605722 52.643973
-Trial 898 0 46605722 52.652878
-Trial 899 0 46605722 52.688287
-Trial 900 0 46605722 52.736241
-Trial 901 0 46605722 52.757947
-Trial 902 0 46605722 52.769618
-Trial 903 0 46605722 52.801008
-Trial 904 0 46605722 52.872923
-Trial 905 0 46605722 52.909048
-Trial 906 0 46605722 53.009782
-Trial 907 0 46605722 53.010961
-Trial 908 0 46605722 53.020276
-Trial 909 0 46605722 53.062532
-Trial 910 0 46605722 53.075173
-Trial 911 0 46605722 53.075628
-Trial 912 0 46605722 53.142224
-Trial 913 0 46605722 53.212652
-Trial 914 0 46605722 53.221414
-Trial 915 0 46605722 53.228090
-Trial 916 0 46605722 53.442070
-Trial 917 0 46605722 53.468662
-Trial 918 0 46605722 53.472649
-Trial 919 0 46605722 53.496037
-Trial 920 0 46605722 53.503286
-Trial 921 0 46605722 53.515470
-Trial 922 0 46605722 53.559929
-Trial 923 0 46605722 53.612915
-Trial 924 0 46605722 53.616796
-Trial 925 0 46605722 53.629489
-Trial 926 0 46605722 53.690270
-Trial 927 0 46605722 53.780053
-Trial 928 0 46605722 53.794402
-Trial 929 0 46605722 53.818420
* 930: Cost = 0_46581062, Time = 51.80 sec. 
-Trial 930 0 46581062 53.877050
-Trial 931 0 46581062 54.048843
-Trial 932 0 46581062 54.052648
-Trial 933 0 46581062 54.127235
-Trial 934 0 46581062 54.129726
* 935: Cost = 0_46505497, Time = 52.08 sec. 
-Trial 935 0 46505497 54.161419
-Trial 936 0 46505497 54.203978
-Trial 937 0 46505497 54.283096
-Trial 938 0 46505497 54.355537
-Trial 939 0 46505497 54.409519
* 940: Cost = 0_46497916, Time = 52.35 sec. 
-Trial 940 0 46497916 54.423249
-Trial 941 0 46497916 54.435830
-Trial 942 0 46497916 54.480301
-Trial 943 0 46497916 54.489970
-Trial 944 0 46497916 54.527241
-Trial 945 0 46497916 54.529943
-Trial 946 0 46497916 54.537366
-Trial 947 0 46497916 54.539997
* 948: Cost = 0_46468077, Time = 52.49 sec. 
-Trial 948 0 46468077 54.567731
-Trial 949 0 46468077 54.572727
-Trial 950 0 46468077 54.617871
-Trial 951 0 46468077 54.658359
-Trial 952 0 46468077 54.660510
-Trial 953 0 46468077 54.670970
-Trial 954 0 46468077 54.675967
-Trial 955 0 46468077 54.687394
-Trial 956 0 46468077 54.701587
-Trial 957 0 46468077 54.723877
-Trial 958 0 46468077 54.744684
* 959: Cost = 0_46450981, Time = 52.68 sec. 
-Trial 959 0 46450981 54.755139
-Trial 960 0 46450981 54.763469
-Trial 961 0 46450981 54.768416
-Trial 962 0 46450981 54.801092
-Trial 963 0 46450981 54.960708
-Trial 964 0 46450981 54.981948
-Trial 965 0 46450981 55.024567
-Trial 966 0 46450981 55.107053
-Trial 967 0 46450981 55.123133
-Trial 968 0 46450981 55.123753
-Trial 969 0 46450981 55.164489
-Trial 970 0 46450981 55.181321
* 971: Cost = 0_46437374, Time = 53.11 sec. 
-Trial 971 0 46437374 55.185812
-Trial 972 0 46437374 55.276245
-Trial 973 0 46437374 55.278796
-Trial 974 0 46437374 55.309345
-Trial 975 0 46437374 55.309948
-Trial 976 0 46437374 55.318005
-Trial 977 0 46437374 55.363107
-Trial 978 0 46437374 55.379867
-Trial 979 0 46437374 55.384359
-Trial 980 0 46437374 55.468056
-Trial 981 0 46437374 55.480561
-Trial 982 0 46437374 55.522235
-Trial 983 0 46437374 55.582576
-Trial 984 0 46437374 55.594780
-Trial 985 0 46437374 55.634961
-Trial 986 0 46437374 55.677193
-Trial 987 0 46437374 55.771113
-Trial 988 0 46437374 55.782076
-Trial 989 0 46437374 55.815879
-Trial 990 0 46437374 55.911553
-Trial 991 0 46437374 55.966534
-Trial 992 0 46437374 56.041332
-Trial 993 0 46437374 56.058543
-Trial 994 0 46437374 56.093273
-Trial 995 0 46437374 56.284142
-Trial 996 0 46437374 56.295813
-Trial 997 0 46437374 56.376061
-Trial 998 0 46437374 56.378531
-Trial 999 0 46437374 56.405367
-Trial 1000 0 46437374 56.543505
Population:
  1: 0_46437374
Run 1: Cost = 0_46437374, Time = 54.47 sec. 

Successes/Runs = 0/1 
Cost.min = 46437374, Cost.avg = 46437374.00, Cost.max = 46437374
Gap.min = 0.0000%, Gap.avg = 0.0000%, Gap.max = 0.0000%
Penalty.min = 0, Penalty.avg = 0.00, Penalty.max = 0
Trials.min = 1000, Trials.avg = 1000.0, Trials.max = 1000
Time.min = 54.47 sec., Time.avg = 54.47 sec., Time.max = 54.47 sec.
Time.total = 56.54 sec.
  Size.min = 12, Size.max = 37, Penalty = 0
  Cost.min = 774394, Cost.max = 3480830, Cost.sum = 46437374
Best CVRPTW solution:
  Cost = 0_46437374
1 415 333 375 282 436 200 313 157 403 366 237 18 332 180 312 383 340 89 316 79 377 53 88 506 24 125 459 227 61 338 326 44 110 279 411 33 470 10 242 345 96 372 233 358 420 188 217 310 52 228 456 476 419 401 510 447 151 62 80 342 15 170 103 477 408 193 191 367 274 246 330 5 434 185 395 153 68 384 396 168 22 269 439 222 139 490 503 480 266 318 430 283 329 92 328 360 428 350 198 220 479 474 368 35 49 357 32 509 137 112 343 117 219 205 346 347 486 374 57 451 301 11 361 304 144 271 182 23 86 501 255 399 324 387 163 363 181 498 64 507 184 30 77 422 7 121 202 321 174 473 263 66 409 167 265 254 257 517 82 211 460 424 59 225 41 63 488 159 83 111 446 252 398 481 143 169 214 260 244 39 74 278 29 438 385 126 293 208 386 514 218 154 435 95 294 472 445 243 325 204 34 203 495 120 376 484 17 156 373 400 201 155 85 251 291 323 207 148 412 177 58 84 433 355 442 349 365 519 285 405 449 226 319 135 497 172 413 379 362 42 305 444 87 317 337 145 93 359 258 150 518 115 142 423 241 165 176 118 189 98 206 418 250 307 268 461 334 235 3 102 259 141 410 183 179 455 124 508 432 450 224 190 302 426 213 105 119 417 371 275 136 27 441 131 394 69 71 381 234 273 339 21 344 280 370 448 99 515 256 54 492 478 230 239 314 458 491 494 38 129 311 369 81 138 229 101 247 511 437 284 267 431 12 300 199 192 107 353 109 389 31 414 67 236 178 14 281 210 364 402 116 28 122 270 504 195 209 299 248 25 78 146 90 132 162 171 253 392 356 272 75 46 73 40 232 421 505 289 161 8 55 19 97 186 469 140 128 20 160 91 309 322 223 100 13 500 296 16 149 513 467 127 72 320 440 76 335 60 453 2 404 173 295 351 378 123 487 158 104 393 336 452 327 315 113 468 245 496 512 194 187 43 462 4 391 231 380 196 240 65 443 212 297 175 286 425 471 429 216 166 348 48 277 215 114 502 36 454 352 485 397 292 133 51 130 6 26 290 47 287 45 416 50 382 276 390 37 341 106 465 388 475 354 520 308 261 427 331 134 249 463 108 221 70 483 303 516 152 464 466 94 489 407 493 264 499 306 164 406 9 56 238 457 262 197 288 147 298 482 1 
