PARAMETER_FILE = result/cvrptw_500/LKH_para/687.para
Reading PROBLEM_FILE: "result/cvrptw_500/cvrptw/687.cvrptw" ... done
ASCENT_CANDIDATES = 50
BACKBONE_TRIALS = 0
BACKTRACKING = NO
# BWTSP =
# CANDIDATE_FILE =
CANDIDATE_SET_TYPE = ALPHA
DEPOT = 1
# EDGE_FILE =
EXCESS = 0.0384615
EXTERNAL_SALESMEN = 0
EXTRA_CANDIDATES = 0 
EXTRA_CANDIDATE_SET_TYPE = QUADRANT
GAIN23 = NO
GAIN_CRITERION = YES
INITIAL_PERIOD = 520
INITIAL_STEP_SIZE = 1
INITIAL_TOUR_ALGORITHM = WALK
# INITIAL_TOUR_FILE = 
INITIAL_TOUR_FRACTION = 1.000
# INPUT_TOUR_FILE = 
KICK_TYPE = 4
KICKS = 1
# MAX_BREADTH =
MAKESPAN = NO
MAX_CANDIDATES = 5 
MAX_SWAPS = 0
MAX_TRIALS = 1000
# MERGE_TOUR_FILE =
MOVE_TYPE = 5 SPECIAL
MTSP_MIN_SIZE = 1
MTSP_MAX_SIZE = 1039
# MTSP_SOLUTION_FILE = 
# NONSEQUENTIAL_MOVE_TYPE = 5
# OPTIMUM =
# OUTPUT_TOUR_FILE = 
PATCHING_A = 1 
PATCHING_C = 0 
# PI_FILE = 
POPMUSIC_INITIAL_TOUR = NO
POPMUSIC_MAX_NEIGHBORS = 5
POPMUSIC_SAMPLE_SIZE = 10
POPMUSIC_SOLUTIONS = 50
POPMUSIC_TRIALS = 1
POPULATION_SIZE = 10
PRECISION = 100
PROBLEM_FILE = result/cvrptw_500/cvrptw/687.cvrptw
RECOMBINATION = IPT
RESTRICTED_SEARCH = YES
RUNS = 1
SALESMEN = 20
SCALE = 1
SEED = 1234
# SINTEF_SOLUTION_FILE = 
STOP_AT_OPTIMUM = YES
SUBGRADIENT = YES
# SUBPROBLEM_SIZE =
# SUBPROBLEM_TOUR_FILE = 
SUBSEQUENT_MOVE_TYPE = 5 SPECIAL
SUBSEQUENT_PATCHING = YES
# TIME_LIMIT =
# TOUR_FILE = 
TRACE_LEVEL = 1
VEHICLES = 20

Lower bound = 25639524.4, Ascent time = 1.99 sec.
Cand.min = 5, Cand.avg = 5.0, Cand.max = 5
Edges.fixed = 520 [Cost = 0]
Preprocessing time = 2.08 sec.
* 1: Cost = 2133987_52936554, Time = 4.10 sec. 
-Trial 1 2133987 52936554 6.179201
* 2: Cost = 1856044_52817462, Time = 4.74 sec. 
-Trial 2 1856044 52817462 6.827135
-Trial 3 1856044 52817462 6.915231
-Trial 4 1856044 52817462 7.039893
-Trial 5 1856044 52817462 7.220358
* 6: Cost = 1145229_53513603, Time = 5.28 sec. 
-Trial 6 1145229 53513603 7.360497
-Trial 7 1145229 53513603 7.505783
* 8: Cost = 1145229_53500365, Time = 5.54 sec. 
-Trial 8 1145229 53500365 7.622080
-Trial 9 1145229 53500365 7.796340
* 10: Cost = 1145229_53046193, Time = 5.92 sec. 
-Trial 10 1145229 53046193 8.002189
-Trial 11 1145229 53046193 8.105432
-Trial 12 1145229 53046193 8.121898
-Trial 13 1145229 53046193 8.321266
* 14: Cost = 1145229_53023859, Time = 6.34 sec. 
-Trial 14 1145229 53023859 8.424794
* 15: Cost = 1145229_52827348, Time = 6.48 sec. 
-Trial 15 1145229 52827348 8.566694
* 16: Cost = 1145229_52725676, Time = 6.52 sec. 
-Trial 16 1145229 52725676 8.600422
-Trial 17 1145229 52725676 8.601358
* 18: Cost = 1145229_52721874, Time = 6.56 sec. 
-Trial 18 1145229 52721874 8.643548
* 19: Cost = 324482_53107191, Time = 6.62 sec. 
-Trial 19 324482 53107191 8.703687
* 20: Cost = 324482_52948873, Time = 6.64 sec. 
-Trial 20 324482 52948873 8.719375
-Trial 21 324482 52948873 9.070613
* 22: Cost = 324482_52851119, Time = 7.02 sec. 
-Trial 22 324482 52851119 9.098940
-Trial 23 324482 52851119 9.101158
-Trial 24 324482 52851119 9.161522
* 25: Cost = 324482_52353036, Time = 7.22 sec. 
-Trial 25 324482 52353036 9.303461
* 26: Cost = 324482_52132611, Time = 7.25 sec. 
-Trial 26 324482 52132611 9.334953
* 27: Cost = 324482_52085504, Time = 7.33 sec. 
-Trial 27 324482 52085504 9.416798
* 28: Cost = 324482_51675737, Time = 7.48 sec. 
-Trial 28 324482 51675737 9.560938
-Trial 29 324482 51675737 9.606267
* 30: Cost = 324482_51621363, Time = 7.62 sec. 
-Trial 30 324482 51621363 9.699586
* 31: Cost = 324482_51568729, Time = 7.67 sec. 
-Trial 31 324482 51568729 9.751303
* 32: Cost = 324482_51266262, Time = 7.72 sec. 
-Trial 32 324482 51266262 9.807116
-Trial 33 324482 51266262 9.823697
* 34: Cost = 324482_50790339, Time = 7.85 sec. 
-Trial 34 324482 50790339 9.927465
* 35: Cost = 324482_50057507, Time = 7.98 sec. 
-Trial 35 324482 50057507 10.057978
* 36: Cost = 324482_50055170, Time = 8.03 sec. 
-Trial 36 324482 50055170 10.107434
* 37: Cost = 324482_49658024, Time = 8.14 sec. 
-Trial 37 324482 49658024 10.219072
* 38: Cost = 324482_49475697, Time = 8.16 sec. 
-Trial 38 324482 49475697 10.239990
* 39: Cost = 324482_49340842, Time = 8.19 sec. 
-Trial 39 324482 49340842 10.273970
-Trial 40 324482 49340842 10.375613
* 41: Cost = 324482_49187375, Time = 8.38 sec. 
-Trial 41 324482 49187375 10.458072
* 42: Cost = 324482_49161931, Time = 8.40 sec. 
-Trial 42 324482 49161931 10.484941
* 43: Cost = 324482_49077512, Time = 8.49 sec. 
-Trial 43 324482 49077512 10.575691
* 44: Cost = 324482_48795390, Time = 8.63 sec. 
-Trial 44 324482 48795390 10.711096
* 45: Cost = 324482_48554123, Time = 8.82 sec. 
-Trial 45 324482 48554123 10.901166
-Trial 46 324482 48554123 10.939080
-Trial 47 324482 48554123 11.020780
-Trial 48 324482 48554123 11.025039
* 49: Cost = 324482_48037410, Time = 9.04 sec. 
-Trial 49 324482 48037410 11.120644
* 50: Cost = 324482_47852715, Time = 9.06 sec. 
-Trial 50 324482 47852715 11.145355
* 51: Cost = 324482_47725005, Time = 9.12 sec. 
-Trial 51 324482 47725005 11.202065
* 52: Cost = 324482_47656132, Time = 9.14 sec. 
-Trial 52 324482 47656132 11.220707
-Trial 53 324482 47656132 11.277477
* 54: Cost = 324482_47491556, Time = 9.23 sec. 
-Trial 54 324482 47491556 11.311494
-Trial 55 324482 47491556 11.352858
-Trial 56 324482 47491556 11.416156
-Trial 57 324482 47491556 11.461864
-Trial 58 324482 47491556 11.465343
* 59: Cost = 324482_47337152, Time = 9.41 sec. 
-Trial 59 324482 47337152 11.493358
-Trial 60 324482 47337152 11.544180
-Trial 61 324482 47337152 11.573778
* 62: Cost = 324482_47004259, Time = 9.62 sec. 
-Trial 62 324482 47004259 11.704050
-Trial 63 324482 47004259 11.778450
* 64: Cost = 324482_46941714, Time = 9.76 sec. 
-Trial 64 324482 46941714 11.840251
-Trial 65 324482 46941714 11.868252
-Trial 66 324482 46941714 11.898226
* 67: Cost = 324482_46809633, Time = 9.86 sec. 
-Trial 67 324482 46809633 11.945789
* 68: Cost = 324482_46745687, Time = 9.90 sec. 
-Trial 68 324482 46745687 11.985257
-Trial 69 324482 46745687 11.990110
-Trial 70 324482 46745687 12.083650
* 71: Cost = 324482_46599762, Time = 10.04 sec. 
-Trial 71 324482 46599762 12.123689
-Trial 72 324482 46599762 12.138029
-Trial 73 324482 46599762 12.196903
-Trial 74 324482 46599762 12.294409
* 75: Cost = 324482_46150998, Time = 10.33 sec. 
-Trial 75 324482 46150998 12.414011
* 76: Cost = 324482_45907339, Time = 10.38 sec. 
-Trial 76 324482 45907339 12.466017
* 77: Cost = 28976_47029523, Time = 10.54 sec. 
-Trial 77 28976 47029523 12.620692
* 78: Cost = 28976_47021348, Time = 10.57 sec. 
-Trial 78 28976 47021348 12.652790
-Trial 79 28976 47021348 12.747129
* 80: Cost = 28976_46934115, Time = 10.70 sec. 
-Trial 80 28976 46934115 12.784703
* 81: Cost = 28976_46899627, Time = 10.73 sec. 
-Trial 81 28976 46899627 12.812724
-Trial 82 28976 46899627 12.836514
-Trial 83 28976 46899627 12.863109
-Trial 84 28976 46899627 12.936001
* 85: Cost = 28976_46587505, Time = 10.89 sec. 
-Trial 85 28976 46587505 12.970018
-Trial 86 28976 46587505 13.063796
* 87: Cost = 28976_46577539, Time = 11.05 sec. 
-Trial 87 28976 46577539 13.137777
-Trial 88 28976 46577539 13.215393
-Trial 89 28976 46577539 13.253252
-Trial 90 28976 46577539 13.274001
* 91: Cost = 28976_46568070, Time = 11.29 sec. 
-Trial 91 28976 46568070 13.377056
* 92: Cost = 28976_46390650, Time = 11.34 sec. 
-Trial 92 28976 46390650 13.417396
-Trial 93 28976 46390650 13.457171
-Trial 94 28976 46390650 13.463621
-Trial 95 28976 46390650 13.605528
-Trial 96 28976 46390650 13.643805
-Trial 97 28976 46390650 13.691967
* 98: Cost = 28976_46241444, Time = 11.63 sec. 
-Trial 98 28976 46241444 13.709865
* 99: Cost = 28976_46077238, Time = 11.65 sec. 
-Trial 99 28976 46077238 13.729491
-Trial 100 28976 46077238 14.176282
* 101: Cost = 28976_45840004, Time = 12.16 sec. 
-Trial 101 28976 45840004 14.237267
* 102: Cost = 28976_45755752, Time = 12.19 sec. 
-Trial 102 28976 45755752 14.276873
-Trial 103 28976 45755752 14.414870
-Trial 104 28976 45755752 14.432660
-Trial 105 28976 45755752 14.483767
-Trial 106 28976 45755752 14.561208
* 107: Cost = 28976_45572061, Time = 12.55 sec. 
-Trial 107 28976 45572061 14.634877
-Trial 108 28976 45572061 14.736033
* 109: Cost = 28976_45531479, Time = 12.73 sec. 
-Trial 109 28976 45531479 14.814233
-Trial 110 28976 45531479 14.855764
-Trial 111 28976 45531479 14.926509
* 112: Cost = 28976_45400517, Time = 12.95 sec. 
-Trial 112 28976 45400517 15.032834
* 113: Cost = 28976_45378660, Time = 13.01 sec. 
-Trial 113 28976 45378660 15.095050
-Trial 114 28976 45378660 15.097881
-Trial 115 28976 45378660 15.142150
-Trial 116 28976 45378660 15.180602
* 117: Cost = 28976_45161531, Time = 13.21 sec. 
-Trial 117 28976 45161531 15.291346
* 118: Cost = 28976_45120294, Time = 13.31 sec. 
-Trial 118 28976 45120294 15.391791
* 119: Cost = 28976_45109997, Time = 13.37 sec. 
-Trial 119 28976 45109997 15.449464
-Trial 120 28976 45109997 15.509789
* 121: Cost = 28976_45065653, Time = 13.47 sec. 
-Trial 121 28976 45065653 15.556534
-Trial 122 28976 45065653 15.604860
-Trial 123 28976 45065653 15.636392
-Trial 124 28976 45065653 15.666527
* 125: Cost = 28976_44932071, Time = 13.73 sec. 
-Trial 125 28976 44932071 15.816574
* 126: Cost = 28976_44754170, Time = 13.77 sec. 
-Trial 126 28976 44754170 15.851495
* 127: Cost = 28976_44485632, Time = 13.79 sec. 
-Trial 127 28976 44485632 15.874621
-Trial 128 28976 44485632 15.912256
-Trial 129 28976 44485632 15.962640
* 130: Cost = 28976_44478107, Time = 13.96 sec. 
-Trial 130 28976 44478107 16.038427
* 131: Cost = 28976_44211048, Time = 14.04 sec. 
-Trial 131 28976 44211048 16.119286
-Trial 132 28976 44211048 16.175911
-Trial 133 28976 44211048 16.192611
* 134: Cost = 28976_44160912, Time = 14.69 sec. 
-Trial 134 28976 44160912 16.770675
-Trial 135 28976 44160912 16.825503
-Trial 136 28976 44160912 16.894203
* 137: Cost = 28976_44154811, Time = 14.86 sec. 
-Trial 137 28976 44154811 16.943015
-Trial 138 28976 44154811 16.979726
-Trial 139 28976 44154811 17.021242
-Trial 140 28976 44154811 17.050083
* 141: Cost = 28976_44133054, Time = 15.01 sec. 
-Trial 141 28976 44133054 17.091350
* 142: Cost = 28976_44073052, Time = 15.05 sec. 
-Trial 142 28976 44073052 17.129087
* 143: Cost = 28976_44072481, Time = 15.06 sec. 
-Trial 143 28976 44072481 17.143045
-Trial 144 28976 44072481 17.214812
-Trial 145 28976 44072481 17.323180
* 146: Cost = 28976_44033754, Time = 15.27 sec. 
-Trial 146 28976 44033754 17.348144
-Trial 147 28976 44033754 17.369316
-Trial 148 28976 44033754 17.401492
* 149: Cost = 28976_43891150, Time = 15.43 sec. 
-Trial 149 28976 43891150 17.516894
-Trial 150 28976 43891150 17.624980
-Trial 151 28976 43891150 17.640028
-Trial 152 28976 43891150 17.719592
-Trial 153 28976 43891150 17.751344
-Trial 154 28976 43891150 17.822353
* 155: Cost = 28976_43886401, Time = 15.76 sec. 
-Trial 155 28976 43886401 17.843563
* 156: Cost = 28976_43791115, Time = 15.78 sec. 
-Trial 156 28976 43791115 17.862731
* 157: Cost = 28976_43776949, Time = 15.85 sec. 
-Trial 157 28976 43776949 17.927446
* 158: Cost = 28976_43702557, Time = 15.85 sec. 
-Trial 158 28976 43702557 17.936499
-Trial 159 28976 43702557 17.939168
-Trial 160 28976 43702557 17.958813
-Trial 161 28976 43702557 17.999281
-Trial 162 28976 43702557 18.051904
-Trial 163 28976 43702557 18.123913
-Trial 164 28976 43702557 18.141245
-Trial 165 28976 43702557 18.287152
-Trial 166 28976 43702557 18.314514
-Trial 167 28976 43702557 18.347846
-Trial 168 28976 43702557 18.376827
* 169: Cost = 28976_43697713, Time = 16.34 sec. 
-Trial 169 28976 43697713 18.421943
-Trial 170 28976 43697713 18.443934
-Trial 171 28976 43697713 18.479372
* 172: Cost = 28976_43654183, Time = 16.43 sec. 
-Trial 172 28976 43654183 18.513510
-Trial 173 28976 43654183 18.565734
* 174: Cost = 28976_43407261, Time = 16.60 sec. 
-Trial 174 28976 43407261 18.679076
-Trial 175 28976 43407261 18.684012
-Trial 176 28976 43407261 18.745294
* 177: Cost = 0_44299163, Time = 16.84 sec. 
-Trial 177 0 44299163 18.925588
-Trial 178 0 44299163 18.953968
-Trial 179 0 44299163 18.965931
* 180: Cost = 0_44289329, Time = 16.93 sec. 
-Trial 180 0 44289329 19.007966
* 181: Cost = 0_43914324, Time = 16.98 sec. 
-Trial 181 0 43914324 19.059577
* 182: Cost = 0_43738829, Time = 17.00 sec. 
-Trial 182 0 43738829 19.079717
-Trial 183 0 43738829 19.114710
-Trial 184 0 43738829 19.175864
* 185: Cost = 0_43420398, Time = 17.30 sec. 
-Trial 185 0 43420398 19.383968
-Trial 186 0 43420398 19.504439
* 187: Cost = 0_43390664, Time = 17.44 sec. 
-Trial 187 0 43390664 19.521851
-Trial 188 0 43390664 19.528733
-Trial 189 0 43390664 19.533758
* 190: Cost = 0_43185568, Time = 17.47 sec. 
-Trial 190 0 43185568 19.551846
* 191: Cost = 0_43070904, Time = 17.62 sec. 
-Trial 191 0 43070904 19.699210
-Trial 192 0 43070904 19.717587
-Trial 193 0 43070904 19.732670
-Trial 194 0 43070904 19.759099
-Trial 195 0 43070904 19.908548
-Trial 196 0 43070904 19.922457
-Trial 197 0 43070904 19.981611
-Trial 198 0 43070904 19.986812
-Trial 199 0 43070904 19.993281
-Trial 200 0 43070904 20.044842
* 201: Cost = 0_43053281, Time = 17.98 sec. 
-Trial 201 0 43053281 20.063386
-Trial 202 0 43053281 20.182039
-Trial 203 0 43053281 20.186650
-Trial 204 0 43053281 20.213549
-Trial 205 0 43053281 20.222604
-Trial 206 0 43053281 20.254650
* 207: Cost = 0_42905181, Time = 18.17 sec. 
-Trial 207 0 42905181 20.257092
-Trial 208 0 42905181 20.284693
-Trial 209 0 42905181 20.309142
-Trial 210 0 42905181 20.377294
-Trial 211 0 42905181 20.397726
-Trial 212 0 42905181 20.405074
-Trial 213 0 42905181 20.412146
-Trial 214 0 42905181 20.506388
-Trial 215 0 42905181 20.533669
* 216: Cost = 0_42759698, Time = 18.47 sec. 
-Trial 216 0 42759698 20.550077
-Trial 217 0 42759698 20.556411
-Trial 218 0 42759698 20.563164
-Trial 219 0 42759698 20.574375
-Trial 220 0 42759698 20.674530
-Trial 221 0 42759698 20.677824
-Trial 222 0 42759698 20.690880
-Trial 223 0 42759698 20.702717
* 224: Cost = 0_42749107, Time = 18.63 sec. 
-Trial 224 0 42749107 20.712945
-Trial 225 0 42749107 20.771840
* 226: Cost = 0_42524465, Time = 18.71 sec. 
-Trial 226 0 42524465 20.791021
-Trial 227 0 42524465 20.827949
-Trial 228 0 42524465 20.828677
-Trial 229 0 42524465 20.873413
* 230: Cost = 0_42385022, Time = 18.81 sec. 
-Trial 230 0 42385022 20.889856
-Trial 231 0 42385022 20.900167
* 232: Cost = 0_42351448, Time = 18.82 sec. 
-Trial 232 0 42351448 20.905392
-Trial 233 0 42351448 20.910977
-Trial 234 0 42351448 20.919167
-Trial 235 0 42351448 20.948563
-Trial 236 0 42351448 20.967686
-Trial 237 0 42351448 21.065392
-Trial 238 0 42351448 21.089820
-Trial 239 0 42351448 21.119645
-Trial 240 0 42351448 21.146599
-Trial 241 0 42351448 21.174884
-Trial 242 0 42351448 21.184291
-Trial 243 0 42351448 21.235614
-Trial 244 0 42351448 21.270280
-Trial 245 0 42351448 21.280484
-Trial 246 0 42351448 21.304943
-Trial 247 0 42351448 21.320463
* 248: Cost = 0_42328370, Time = 19.33 sec. 
-Trial 248 0 42328370 21.408119
* 249: Cost = 0_42219622, Time = 19.34 sec. 
-Trial 249 0 42219622 21.417380
-Trial 250 0 42219622 21.423895
* 251: Cost = 0_42213624, Time = 19.44 sec. 
-Trial 251 0 42213624 21.521288
* 252: Cost = 0_42194964, Time = 19.47 sec. 
-Trial 252 0 42194964 21.553647
-Trial 253 0 42194964 21.578200
-Trial 254 0 42194964 21.663868
-Trial 255 0 42194964 21.697057
-Trial 256 0 42194964 21.704777
-Trial 257 0 42194964 21.723891
-Trial 258 0 42194964 21.739938
-Trial 259 0 42194964 21.754152
-Trial 260 0 42194964 21.759003
-Trial 261 0 42194964 21.768882
-Trial 262 0 42194964 21.789798
-Trial 263 0 42194964 21.794809
-Trial 264 0 42194964 21.805344
-Trial 265 0 42194964 21.848031
-Trial 266 0 42194964 21.861775
-Trial 267 0 42194964 21.903436
-Trial 268 0 42194964 21.904204
-Trial 269 0 42194964 21.994680
-Trial 270 0 42194964 22.005703
-Trial 271 0 42194964 22.030042
-Trial 272 0 42194964 22.066594
-Trial 273 0 42194964 22.106634
-Trial 274 0 42194964 22.136033
-Trial 275 0 42194964 22.144303
-Trial 276 0 42194964 22.273273
-Trial 277 0 42194964 22.275612
-Trial 278 0 42194964 22.291298
-Trial 279 0 42194964 22.311604
-Trial 280 0 42194964 22.352292
-Trial 281 0 42194964 22.353722
-Trial 282 0 42194964 22.363306
* 283: Cost = 0_42190905, Time = 20.29 sec. 
-Trial 283 0 42190905 22.375308
-Trial 284 0 42190905 22.386697
-Trial 285 0 42190905 22.389634
-Trial 286 0 42190905 22.420846
-Trial 287 0 42190905 22.425411
-Trial 288 0 42190905 22.439186
-Trial 289 0 42190905 22.455036
-Trial 290 0 42190905 22.539839
-Trial 291 0 42190905 22.575054
-Trial 292 0 42190905 22.596931
-Trial 293 0 42190905 22.609568
-Trial 294 0 42190905 22.641347
-Trial 295 0 42190905 22.721709
-Trial 296 0 42190905 22.747687
-Trial 297 0 42190905 22.754350
* 298: Cost = 0_42068625, Time = 20.71 sec. 
-Trial 298 0 42068625 22.790940
-Trial 299 0 42068625 22.838450
-Trial 300 0 42068625 22.839789
-Trial 301 0 42068625 22.908852
-Trial 302 0 42068625 22.916684
-Trial 303 0 42068625 22.926820
-Trial 304 0 42068625 22.993059
-Trial 305 0 42068625 23.170281
-Trial 306 0 42068625 23.214026
-Trial 307 0 42068625 23.220165
-Trial 308 0 42068625 23.241749
-Trial 309 0 42068625 23.255128
-Trial 310 0 42068625 23.259326
-Trial 311 0 42068625 23.291199
-Trial 312 0 42068625 23.398068
-Trial 313 0 42068625 23.403774
-Trial 314 0 42068625 23.411052
-Trial 315 0 42068625 23.413165
* 316: Cost = 0_42066140, Time = 21.33 sec. 
-Trial 316 0 42066140 23.416025
-Trial 317 0 42066140 23.441532
-Trial 318 0 42066140 23.519081
-Trial 319 0 42066140 23.568102
-Trial 320 0 42066140 23.578021
-Trial 321 0 42066140 23.622130
* 322: Cost = 0_42054679, Time = 21.60 sec. 
-Trial 322 0 42054679 23.682738
* 323: Cost = 0_42040381, Time = 21.61 sec. 
-Trial 323 0 42040381 23.692629
-Trial 324 0 42040381 23.703990
-Trial 325 0 42040381 23.719197
-Trial 326 0 42040381 23.732970
-Trial 327 0 42040381 23.785093
-Trial 328 0 42040381 23.810691
-Trial 329 0 42040381 23.829562
* 330: Cost = 0_41955506, Time = 21.75 sec. 
-Trial 330 0 41955506 23.832839
-Trial 331 0 41955506 23.850471
-Trial 332 0 41955506 23.948834
-Trial 333 0 41955506 23.973926
-Trial 334 0 41955506 24.015446
* 335: Cost = 0_41929775, Time = 21.94 sec. 
-Trial 335 0 41929775 24.023445
-Trial 336 0 41929775 24.041287
-Trial 337 0 41929775 24.042345
-Trial 338 0 41929775 24.105414
-Trial 339 0 41929775 24.133837
* 340: Cost = 0_41875059, Time = 22.06 sec. 
-Trial 340 0 41875059 24.138364
-Trial 341 0 41875059 24.144295
-Trial 342 0 41875059 24.146858
-Trial 343 0 41875059 24.174653
-Trial 344 0 41875059 24.246426
-Trial 345 0 41875059 24.256330
-Trial 346 0 41875059 24.262165
* 347: Cost = 0_41513297, Time = 22.23 sec. 
-Trial 347 0 41513297 24.315994
-Trial 348 0 41513297 24.321966
-Trial 349 0 41513297 24.322938
-Trial 350 0 41513297 24.675096
-Trial 351 0 41513297 24.724423
-Trial 352 0 41513297 24.730300
-Trial 353 0 41513297 24.731989
-Trial 354 0 41513297 24.734171
-Trial 355 0 41513297 24.776025
-Trial 356 0 41513297 24.793836
-Trial 357 0 41513297 24.801146
-Trial 358 0 41513297 24.818297
* 359: Cost = 0_41489664, Time = 22.76 sec. 
-Trial 359 0 41489664 24.841884
-Trial 360 0 41489664 24.857951
-Trial 361 0 41489664 24.860168
-Trial 362 0 41489664 24.879416
-Trial 363 0 41489664 24.887251
-Trial 364 0 41489664 24.942202
-Trial 365 0 41489664 24.977966
-Trial 366 0 41489664 24.994573
-Trial 367 0 41489664 25.069382
-Trial 368 0 41489664 25.076516
-Trial 369 0 41489664 25.089187
-Trial 370 0 41489664 25.102090
-Trial 371 0 41489664 25.120585
-Trial 372 0 41489664 25.134610
-Trial 373 0 41489664 25.168392
-Trial 374 0 41489664 25.192104
-Trial 375 0 41489664 25.222797
-Trial 376 0 41489664 25.239311
-Trial 377 0 41489664 25.256661
-Trial 378 0 41489664 25.273725
-Trial 379 0 41489664 25.502457
-Trial 380 0 41489664 25.507867
-Trial 381 0 41489664 25.510976
-Trial 382 0 41489664 25.516107
-Trial 383 0 41489664 25.527461
-Trial 384 0 41489664 25.542983
-Trial 385 0 41489664 25.561885
-Trial 386 0 41489664 25.575509
* 387: Cost = 0_41455444, Time = 23.51 sec. 
-Trial 387 0 41455444 25.589262
-Trial 388 0 41455444 25.591323
-Trial 389 0 41455444 25.659218
-Trial 390 0 41455444 25.678443
-Trial 391 0 41455444 25.692674
-Trial 392 0 41455444 25.701388
-Trial 393 0 41455444 25.706199
-Trial 394 0 41455444 25.720545
-Trial 395 0 41455444 25.728503
-Trial 396 0 41455444 25.756168
-Trial 397 0 41455444 25.783442
-Trial 398 0 41455444 25.785507
-Trial 399 0 41455444 25.793275
-Trial 400 0 41455444 25.833124
-Trial 401 0 41455444 25.960421
-Trial 402 0 41455444 25.996810
-Trial 403 0 41455444 26.007668
-Trial 404 0 41455444 26.037199
-Trial 405 0 41455444 26.044757
-Trial 406 0 41455444 26.059201
-Trial 407 0 41455444 26.060768
-Trial 408 0 41455444 26.078911
-Trial 409 0 41455444 26.105017
-Trial 410 0 41455444 26.123616
-Trial 411 0 41455444 26.190040
-Trial 412 0 41455444 26.202288
-Trial 413 0 41455444 26.267496
-Trial 414 0 41455444 26.299279
-Trial 415 0 41455444 26.332907
-Trial 416 0 41455444 26.351130
-Trial 417 0 41455444 26.353329
-Trial 418 0 41455444 26.357531
-Trial 419 0 41455444 26.370018
-Trial 420 0 41455444 26.454171
-Trial 421 0 41455444 26.486962
-Trial 422 0 41455444 26.496432
* 423: Cost = 0_41360598, Time = 24.45 sec. 
-Trial 423 0 41360598 26.535221
-Trial 424 0 41360598 26.537643
-Trial 425 0 41360598 26.588544
-Trial 426 0 41360598 26.706432
-Trial 427 0 41360598 26.710863
-Trial 428 0 41360598 26.724121
-Trial 429 0 41360598 26.767134
-Trial 430 0 41360598 26.768825
-Trial 431 0 41360598 26.775714
-Trial 432 0 41360598 26.777256
-Trial 433 0 41360598 26.819685
-Trial 434 0 41360598 26.890348
-Trial 435 0 41360598 26.914961
-Trial 436 0 41360598 26.971054
* 437: Cost = 0_41292412, Time = 24.92 sec. 
-Trial 437 0 41292412 27.005234
-Trial 438 0 41292412 27.035067
-Trial 439 0 41292412 27.067542
-Trial 440 0 41292412 27.105519
-Trial 441 0 41292412 27.106137
-Trial 442 0 41292412 27.116116
-Trial 443 0 41292412 27.151577
-Trial 444 0 41292412 27.247465
-Trial 445 0 41292412 27.262198
-Trial 446 0 41292412 27.266115
-Trial 447 0 41292412 27.266836
-Trial 448 0 41292412 27.269906
* 449: Cost = 0_41288931, Time = 25.39 sec. 
-Trial 449 0 41288931 27.476993
-Trial 450 0 41288931 27.493818
-Trial 451 0 41288931 27.501193
-Trial 452 0 41288931 27.528424
-Trial 453 0 41288931 27.565024
-Trial 454 0 41288931 27.572965
-Trial 455 0 41288931 27.576462
* 456: Cost = 0_41166503, Time = 25.53 sec. 
-Trial 456 0 41166503 27.609660
-Trial 457 0 41166503 27.649551
-Trial 458 0 41166503 27.662072
-Trial 459 0 41166503 27.682886
-Trial 460 0 41166503 27.697152
-Trial 461 0 41166503 27.719648
-Trial 462 0 41166503 27.724761
-Trial 463 0 41166503 27.729284
-Trial 464 0 41166503 27.746833
-Trial 465 0 41166503 27.793523
-Trial 466 0 41166503 27.810637
-Trial 467 0 41166503 27.845696
-Trial 468 0 41166503 27.865290
-Trial 469 0 41166503 27.865883
-Trial 470 0 41166503 27.898399
-Trial 471 0 41166503 27.913919
-Trial 472 0 41166503 27.978119
-Trial 473 0 41166503 28.024346
-Trial 474 0 41166503 28.032730
-Trial 475 0 41166503 28.078732
-Trial 476 0 41166503 28.102309
-Trial 477 0 41166503 28.142322
-Trial 478 0 41166503 28.148266
-Trial 479 0 41166503 28.172740
-Trial 480 0 41166503 28.212542
-Trial 481 0 41166503 28.243723
-Trial 482 0 41166503 28.255169
-Trial 483 0 41166503 28.291218
-Trial 484 0 41166503 28.300694
-Trial 485 0 41166503 28.341512
-Trial 486 0 41166503 28.350394
-Trial 487 0 41166503 28.361225
-Trial 488 0 41166503 28.367398
-Trial 489 0 41166503 28.383227
-Trial 490 0 41166503 28.417589
-Trial 491 0 41166503 28.443189
-Trial 492 0 41166503 28.502003
-Trial 493 0 41166503 28.507841
-Trial 494 0 41166503 28.518456
-Trial 495 0 41166503 28.556476
-Trial 496 0 41166503 28.586562
-Trial 497 0 41166503 28.594253
-Trial 498 0 41166503 28.610749
-Trial 499 0 41166503 28.629349
-Trial 500 0 41166503 28.635368
-Trial 501 0 41166503 28.681045
-Trial 502 0 41166503 28.690238
-Trial 503 0 41166503 28.743697
-Trial 504 0 41166503 28.761842
-Trial 505 0 41166503 28.839422
-Trial 506 0 41166503 28.901219
-Trial 507 0 41166503 28.935837
-Trial 508 0 41166503 28.948219
-Trial 509 0 41166503 28.961530
-Trial 510 0 41166503 29.076338
-Trial 511 0 41166503 29.092585
-Trial 512 0 41166503 29.098468
-Trial 513 0 41166503 29.117467
-Trial 514 0 41166503 29.128481
-Trial 515 0 41166503 29.134632
-Trial 516 0 41166503 29.137861
-Trial 517 0 41166503 29.138557
-Trial 518 0 41166503 29.186446
-Trial 519 0 41166503 29.206390
-Trial 520 0 41166503 29.257422
-Trial 521 0 41166503 29.259906
-Trial 522 0 41166503 29.276101
-Trial 523 0 41166503 29.306398
-Trial 524 0 41166503 29.309477
-Trial 525 0 41166503 29.341995
-Trial 526 0 41166503 29.351013
-Trial 527 0 41166503 29.361249
-Trial 528 0 41166503 29.419401
-Trial 529 0 41166503 29.432875
-Trial 530 0 41166503 29.494735
-Trial 531 0 41166503 29.561558
-Trial 532 0 41166503 29.591068
-Trial 533 0 41166503 29.622955
-Trial 534 0 41166503 29.667022
-Trial 535 0 41166503 29.684586
-Trial 536 0 41166503 29.760391
-Trial 537 0 41166503 29.772945
-Trial 538 0 41166503 29.800070
-Trial 539 0 41166503 29.810294
-Trial 540 0 41166503 29.817529
-Trial 541 0 41166503 29.923164
-Trial 542 0 41166503 29.931751
-Trial 543 0 41166503 29.946597
-Trial 544 0 41166503 29.957344
-Trial 545 0 41166503 30.000749
-Trial 546 0 41166503 30.009062
-Trial 547 0 41166503 30.026521
-Trial 548 0 41166503 30.055290
-Trial 549 0 41166503 30.064516
-Trial 550 0 41166503 30.082215
* 551: Cost = 0_41163144, Time = 28.05 sec. 
-Trial 551 0 41163144 30.136968
-Trial 552 0 41163144 30.173675
-Trial 553 0 41163144 30.186961
-Trial 554 0 41163144 30.195362
-Trial 555 0 41163144 30.213333
-Trial 556 0 41163144 30.242608
-Trial 557 0 41163144 30.247633
-Trial 558 0 41163144 30.309643
-Trial 559 0 41163144 30.316318
-Trial 560 0 41163144 30.319881
-Trial 561 0 41163144 30.327912
-Trial 562 0 41163144 30.347313
-Trial 563 0 41163144 30.358315
-Trial 564 0 41163144 30.371835
-Trial 565 0 41163144 30.377886
-Trial 566 0 41163144 30.401314
-Trial 567 0 41163144 30.425193
-Trial 568 0 41163144 30.440761
-Trial 569 0 41163144 30.473876
-Trial 570 0 41163144 30.489683
-Trial 571 0 41163144 30.497105
-Trial 572 0 41163144 30.571212
-Trial 573 0 41163144 30.614240
-Trial 574 0 41163144 30.616242
-Trial 575 0 41163144 30.636177
-Trial 576 0 41163144 30.648837
-Trial 577 0 41163144 30.656597
-Trial 578 0 41163144 30.676740
-Trial 579 0 41163144 30.700550
-Trial 580 0 41163144 30.720467
-Trial 581 0 41163144 30.723511
-Trial 582 0 41163144 30.741493
-Trial 583 0 41163144 30.758541
-Trial 584 0 41163144 30.777307
* 585: Cost = 0_41154625, Time = 28.72 sec. 
-Trial 585 0 41154625 30.799040
-Trial 586 0 41154625 30.839554
-Trial 587 0 41154625 30.866695
-Trial 588 0 41154625 30.879511
-Trial 589 0 41154625 30.904005
-Trial 590 0 41154625 30.909438
-Trial 591 0 41154625 30.951533
-Trial 592 0 41154625 31.024624
-Trial 593 0 41154625 31.085115
-Trial 594 0 41154625 31.092683
-Trial 595 0 41154625 31.105995
-Trial 596 0 41154625 31.196303
-Trial 597 0 41154625 31.335354
-Trial 598 0 41154625 31.342766
-Trial 599 0 41154625 31.343321
-Trial 600 0 41154625 31.417422
-Trial 601 0 41154625 31.438143
-Trial 602 0 41154625 31.478040
-Trial 603 0 41154625 31.508548
-Trial 604 0 41154625 31.534831
-Trial 605 0 41154625 31.535374
-Trial 606 0 41154625 31.547319
-Trial 607 0 41154625 31.552653
-Trial 608 0 41154625 31.576833
-Trial 609 0 41154625 31.638116
-Trial 610 0 41154625 31.653718
-Trial 611 0 41154625 31.658977
-Trial 612 0 41154625 31.727483
-Trial 613 0 41154625 31.753038
-Trial 614 0 41154625 31.779292
-Trial 615 0 41154625 31.791681
-Trial 616 0 41154625 31.809462
-Trial 617 0 41154625 31.838599
-Trial 618 0 41154625 31.862507
-Trial 619 0 41154625 31.875294
-Trial 620 0 41154625 31.887480
-Trial 621 0 41154625 31.901948
-Trial 622 0 41154625 32.086837
-Trial 623 0 41154625 32.100147
-Trial 624 0 41154625 32.113371
-Trial 625 0 41154625 32.115274
-Trial 626 0 41154625 32.129136
-Trial 627 0 41154625 32.162578
-Trial 628 0 41154625 32.165246
-Trial 629 0 41154625 32.204528
-Trial 630 0 41154625 32.250636
-Trial 631 0 41154625 32.281023
-Trial 632 0 41154625 32.298780
-Trial 633 0 41154625 32.318755
-Trial 634 0 41154625 32.325526
-Trial 635 0 41154625 32.344869
-Trial 636 0 41154625 32.367038
-Trial 637 0 41154625 32.385700
-Trial 638 0 41154625 32.426831
-Trial 639 0 41154625 32.435055
-Trial 640 0 41154625 32.439807
-Trial 641 0 41154625 32.459565
-Trial 642 0 41154625 32.544245
-Trial 643 0 41154625 32.555871
-Trial 644 0 41154625 32.556453
-Trial 645 0 41154625 32.556893
-Trial 646 0 41154625 32.559206
-Trial 647 0 41154625 32.559646
-Trial 648 0 41154625 32.582237
-Trial 649 0 41154625 32.604662
-Trial 650 0 41154625 32.616955
-Trial 651 0 41154625 32.621609
-Trial 652 0 41154625 32.637158
-Trial 653 0 41154625 32.658411
-Trial 654 0 41154625 32.707078
-Trial 655 0 41154625 32.751751
-Trial 656 0 41154625 32.777382
-Trial 657 0 41154625 32.804541
-Trial 658 0 41154625 32.820203
-Trial 659 0 41154625 32.859724
-Trial 660 0 41154625 32.863913
-Trial 661 0 41154625 32.872765
-Trial 662 0 41154625 32.900009
-Trial 663 0 41154625 32.944369
-Trial 664 0 41154625 32.955266
-Trial 665 0 41154625 32.977935
-Trial 666 0 41154625 33.001733
-Trial 667 0 41154625 33.056856
-Trial 668 0 41154625 33.068402
-Trial 669 0 41154625 33.096235
-Trial 670 0 41154625 33.128632
-Trial 671 0 41154625 33.149841
-Trial 672 0 41154625 33.170902
-Trial 673 0 41154625 33.245140
-Trial 674 0 41154625 33.253402
-Trial 675 0 41154625 33.259564
-Trial 676 0 41154625 33.289453
-Trial 677 0 41154625 33.306557
-Trial 678 0 41154625 33.362109
-Trial 679 0 41154625 33.729859
-Trial 680 0 41154625 33.730327
-Trial 681 0 41154625 33.732651
-Trial 682 0 41154625 33.866778
-Trial 683 0 41154625 33.920432
-Trial 684 0 41154625 34.032964
-Trial 685 0 41154625 34.057540
-Trial 686 0 41154625 34.072035
-Trial 687 0 41154625 34.100572
-Trial 688 0 41154625 34.135903
-Trial 689 0 41154625 34.145681
-Trial 690 0 41154625 34.189799
-Trial 691 0 41154625 34.198548
-Trial 692 0 41154625 34.284845
-Trial 693 0 41154625 34.290704
-Trial 694 0 41154625 34.309017
-Trial 695 0 41154625 34.316655
-Trial 696 0 41154625 34.378923
-Trial 697 0 41154625 34.413732
-Trial 698 0 41154625 34.429573
-Trial 699 0 41154625 34.436574
* 700: Cost = 0_41019310, Time = 32.44 sec. 
-Trial 700 0 41019310 34.520052
-Trial 701 0 41019310 34.530403
-Trial 702 0 41019310 34.555032
-Trial 703 0 41019310 34.556355
-Trial 704 0 41019310 34.582527
-Trial 705 0 41019310 34.617478
-Trial 706 0 41019310 34.639679
-Trial 707 0 41019310 34.652733
-Trial 708 0 41019310 34.822467
-Trial 709 0 41019310 34.835852
-Trial 710 0 41019310 35.044531
-Trial 711 0 41019310 35.060507
-Trial 712 0 41019310 35.085462
-Trial 713 0 41019310 35.101075
-Trial 714 0 41019310 35.114946
-Trial 715 0 41019310 35.117517
-Trial 716 0 41019310 35.142936
-Trial 717 0 41019310 35.146738
-Trial 718 0 41019310 35.152709
-Trial 719 0 41019310 35.161145
-Trial 720 0 41019310 35.182459
-Trial 721 0 41019310 35.241694
-Trial 722 0 41019310 35.343950
-Trial 723 0 41019310 35.438109
-Trial 724 0 41019310 35.471204
-Trial 725 0 41019310 35.482507
-Trial 726 0 41019310 35.497610
-Trial 727 0 41019310 35.521544
-Trial 728 0 41019310 35.523055
-Trial 729 0 41019310 35.533699
-Trial 730 0 41019310 35.555140
-Trial 731 0 41019310 35.564961
-Trial 732 0 41019310 35.602730
-Trial 733 0 41019310 35.608285
-Trial 734 0 41019310 35.663663
-Trial 735 0 41019310 35.670764
-Trial 736 0 41019310 35.677939
-Trial 737 0 41019310 35.696682
-Trial 738 0 41019310 35.715232
-Trial 739 0 41019310 35.717737
-Trial 740 0 41019310 35.727039
-Trial 741 0 41019310 35.727404
-Trial 742 0 41019310 35.737213
-Trial 743 0 41019310 35.778195
-Trial 744 0 41019310 35.794754
-Trial 745 0 41019310 35.859853
-Trial 746 0 41019310 35.881137
-Trial 747 0 41019310 35.995736
-Trial 748 0 41019310 36.045173
-Trial 749 0 41019310 36.053366
-Trial 750 0 41019310 36.071149
-Trial 751 0 41019310 36.106843
-Trial 752 0 41019310 36.111352
-Trial 753 0 41019310 36.116944
-Trial 754 0 41019310 36.133509
-Trial 755 0 41019310 36.134895
-Trial 756 0 41019310 36.158594
-Trial 757 0 41019310 36.165655
-Trial 758 0 41019310 36.182297
-Trial 759 0 41019310 36.189603
-Trial 760 0 41019310 36.194826
-Trial 761 0 41019310 36.205890
-Trial 762 0 41019310 36.273676
-Trial 763 0 41019310 36.336063
-Trial 764 0 41019310 36.353258
-Trial 765 0 41019310 36.355587
-Trial 766 0 41019310 36.357212
-Trial 767 0 41019310 36.360327
-Trial 768 0 41019310 36.371801
-Trial 769 0 41019310 36.380902
-Trial 770 0 41019310 36.383200
-Trial 771 0 41019310 36.390624
-Trial 772 0 41019310 36.467667
-Trial 773 0 41019310 36.493531
-Trial 774 0 41019310 36.559902
-Trial 775 0 41019310 36.573831
-Trial 776 0 41019310 36.588553
-Trial 777 0 41019310 36.603417
-Trial 778 0 41019310 36.604541
* 779: Cost = 0_40981441, Time = 34.55 sec. 
-Trial 779 0 40981441 36.633754
-Trial 780 0 40981441 36.746872
-Trial 781 0 40981441 36.760939
-Trial 782 0 40981441 36.771769
* 783: Cost = 0_40956058, Time = 34.72 sec. 
-Trial 783 0 40956058 36.801592
-Trial 784 0 40956058 36.838508
-Trial 785 0 40956058 36.842236
-Trial 786 0 40956058 36.859077
-Trial 787 0 40956058 36.897911
-Trial 788 0 40956058 36.909430
-Trial 789 0 40956058 36.918534
-Trial 790 0 40956058 36.928106
-Trial 791 0 40956058 36.931770
-Trial 792 0 40956058 36.947893
-Trial 793 0 40956058 36.951116
-Trial 794 0 40956058 36.982725
-Trial 795 0 40956058 36.986972
-Trial 796 0 40956058 36.995823
-Trial 797 0 40956058 37.030758
* 798: Cost = 0_40955557, Time = 34.96 sec. 
-Trial 798 0 40955557 37.038755
-Trial 799 0 40955557 37.044877
-Trial 800 0 40955557 37.068498
-Trial 801 0 40955557 37.095330
-Trial 802 0 40955557 37.113093
-Trial 803 0 40955557 37.147646
-Trial 804 0 40955557 37.169087
-Trial 805 0 40955557 37.182268
-Trial 806 0 40955557 37.186604
-Trial 807 0 40955557 37.199528
-Trial 808 0 40955557 37.252565
-Trial 809 0 40955557 37.264492
* 810: Cost = 0_40934302, Time = 35.19 sec. 
-Trial 810 0 40934302 37.268380
-Trial 811 0 40934302 37.315616
-Trial 812 0 40934302 37.335888
-Trial 813 0 40934302 37.352397
-Trial 814 0 40934302 37.384318
-Trial 815 0 40934302 37.404741
-Trial 816 0 40934302 37.441167
-Trial 817 0 40934302 37.465980
-Trial 818 0 40934302 37.478689
-Trial 819 0 40934302 37.487518
-Trial 820 0 40934302 37.493376
-Trial 821 0 40934302 37.503029
-Trial 822 0 40934302 37.504231
-Trial 823 0 40934302 37.515354
-Trial 824 0 40934302 37.579571
-Trial 825 0 40934302 37.630029
-Trial 826 0 40934302 37.663166
-Trial 827 0 40934302 37.747893
-Trial 828 0 40934302 37.751337
-Trial 829 0 40934302 37.785901
-Trial 830 0 40934302 37.801536
-Trial 831 0 40934302 37.830452
-Trial 832 0 40934302 37.863616
* 833: Cost = 0_40896692, Time = 35.81 sec. 
-Trial 833 0 40896692 37.895042
* 834: Cost = 0_40894140, Time = 35.85 sec. 
-Trial 834 0 40894140 37.927787
-Trial 835 0 40894140 37.940197
-Trial 836 0 40894140 37.951943
-Trial 837 0 40894140 37.991213
-Trial 838 0 40894140 38.001326
-Trial 839 0 40894140 38.041225
-Trial 840 0 40894140 38.048018
-Trial 841 0 40894140 38.053538
-Trial 842 0 40894140 38.086161
* 843: Cost = 0_40882042, Time = 36.03 sec. 
-Trial 843 0 40882042 38.110378
-Trial 844 0 40882042 38.154526
-Trial 845 0 40882042 38.238277
-Trial 846 0 40882042 38.257397
-Trial 847 0 40882042 38.279232
-Trial 848 0 40882042 38.286071
-Trial 849 0 40882042 38.298197
-Trial 850 0 40882042 38.355407
-Trial 851 0 40882042 38.386825
-Trial 852 0 40882042 38.398170
-Trial 853 0 40882042 38.405774
-Trial 854 0 40882042 38.411087
-Trial 855 0 40882042 38.423364
-Trial 856 0 40882042 38.434851
-Trial 857 0 40882042 38.449371
-Trial 858 0 40882042 38.451614
-Trial 859 0 40882042 38.471814
-Trial 860 0 40882042 38.507161
* 861: Cost = 0_40770983, Time = 36.54 sec. 
-Trial 861 0 40770983 38.625198
-Trial 862 0 40770983 38.636380
-Trial 863 0 40770983 38.675873
-Trial 864 0 40770983 38.696726
-Trial 865 0 40770983 38.716988
-Trial 866 0 40770983 38.774902
-Trial 867 0 40770983 38.784739
-Trial 868 0 40770983 38.946079
-Trial 869 0 40770983 39.004484
-Trial 870 0 40770983 39.033250
-Trial 871 0 40770983 39.089363
-Trial 872 0 40770983 39.096907
-Trial 873 0 40770983 39.103626
-Trial 874 0 40770983 39.112773
-Trial 875 0 40770983 39.144474
-Trial 876 0 40770983 39.187726
-Trial 877 0 40770983 39.191211
-Trial 878 0 40770983 39.202995
-Trial 879 0 40770983 39.236127
-Trial 880 0 40770983 39.256642
-Trial 881 0 40770983 39.258513
-Trial 882 0 40770983 39.346408
-Trial 883 0 40770983 39.375796
-Trial 884 0 40770983 39.489280
-Trial 885 0 40770983 39.495956
-Trial 886 0 40770983 39.500060
* 887: Cost = 0_40758844, Time = 37.42 sec. 
-Trial 887 0 40758844 39.506764
-Trial 888 0 40758844 39.508375
-Trial 889 0 40758844 39.554043
-Trial 890 0 40758844 39.566011
-Trial 891 0 40758844 39.585328
-Trial 892 0 40758844 39.618828
-Trial 893 0 40758844 39.625995
-Trial 894 0 40758844 39.630770
-Trial 895 0 40758844 39.675147
-Trial 896 0 40758844 39.752395
* 897: Cost = 0_40757130, Time = 37.71 sec. 
-Trial 897 0 40757130 39.795508
-Trial 898 0 40757130 39.798357
-Trial 899 0 40757130 39.806832
-Trial 900 0 40757130 39.817944
-Trial 901 0 40757130 39.853350
-Trial 902 0 40757130 39.880810
-Trial 903 0 40757130 39.893806
-Trial 904 0 40757130 39.909563
-Trial 905 0 40757130 39.911105
-Trial 906 0 40757130 39.939768
-Trial 907 0 40757130 39.962649
-Trial 908 0 40757130 39.966970
-Trial 909 0 40757130 40.144261
-Trial 910 0 40757130 40.146540
-Trial 911 0 40757130 40.165148
-Trial 912 0 40757130 40.177710
-Trial 913 0 40757130 40.192914
-Trial 914 0 40757130 40.203825
-Trial 915 0 40757130 40.267471
-Trial 916 0 40757130 40.311874
-Trial 917 0 40757130 40.322597
-Trial 918 0 40757130 40.398489
-Trial 919 0 40757130 40.456409
-Trial 920 0 40757130 40.472620
-Trial 921 0 40757130 40.476634
-Trial 922 0 40757130 40.517712
-Trial 923 0 40757130 40.520148
-Trial 924 0 40757130 40.559272
-Trial 925 0 40757130 40.591735
* 926: Cost = 0_40736204, Time = 38.57 sec. 
-Trial 926 0 40736204 40.651009
-Trial 927 0 40736204 40.680533
-Trial 928 0 40736204 40.689600
-Trial 929 0 40736204 40.730755
-Trial 930 0 40736204 40.744966
-Trial 931 0 40736204 40.760281
-Trial 932 0 40736204 40.767312
-Trial 933 0 40736204 40.773147
-Trial 934 0 40736204 40.788200
-Trial 935 0 40736204 40.842484
-Trial 936 0 40736204 40.845126
-Trial 937 0 40736204 40.846291
* 938: Cost = 0_40733978, Time = 38.81 sec. 
-Trial 938 0 40733978 40.890888
-Trial 939 0 40733978 40.915462
-Trial 940 0 40733978 40.921016
-Trial 941 0 40733978 40.999043
-Trial 942 0 40733978 41.014161
-Trial 943 0 40733978 41.048344
-Trial 944 0 40733978 41.048872
-Trial 945 0 40733978 41.050136
-Trial 946 0 40733978 41.056563
-Trial 947 0 40733978 41.058676
-Trial 948 0 40733978 41.071551
-Trial 949 0 40733978 41.085998
-Trial 950 0 40733978 41.101362
-Trial 951 0 40733978 41.113774
-Trial 952 0 40733978 41.151139
-Trial 953 0 40733978 41.165018
-Trial 954 0 40733978 41.226168
-Trial 955 0 40733978 41.235409
-Trial 956 0 40733978 41.260251
-Trial 957 0 40733978 41.264341
-Trial 958 0 40733978 41.273771
-Trial 959 0 40733978 41.486433
-Trial 960 0 40733978 41.505481
-Trial 961 0 40733978 41.514078
-Trial 962 0 40733978 41.530719
-Trial 963 0 40733978 41.590508
-Trial 964 0 40733978 41.594634
-Trial 965 0 40733978 41.716836
-Trial 966 0 40733978 41.734017
-Trial 967 0 40733978 41.747336
-Trial 968 0 40733978 41.754021
-Trial 969 0 40733978 41.758297
-Trial 970 0 40733978 41.829647
-Trial 971 0 40733978 41.906190
-Trial 972 0 40733978 41.951720
-Trial 973 0 40733978 41.976893
-Trial 974 0 40733978 41.978602
-Trial 975 0 40733978 41.994861
-Trial 976 0 40733978 42.017707
-Trial 977 0 40733978 42.052659
-Trial 978 0 40733978 42.070840
-Trial 979 0 40733978 42.160477
-Trial 980 0 40733978 42.222476
-Trial 981 0 40733978 42.270681
-Trial 982 0 40733978 42.288281
-Trial 983 0 40733978 42.504085
-Trial 984 0 40733978 42.526516
-Trial 985 0 40733978 42.532645
-Trial 986 0 40733978 42.563896
-Trial 987 0 40733978 42.605497
-Trial 988 0 40733978 42.608048
-Trial 989 0 40733978 42.641981
-Trial 990 0 40733978 42.648297
-Trial 991 0 40733978 42.662569
-Trial 992 0 40733978 42.680140
-Trial 993 0 40733978 42.701875
-Trial 994 0 40733978 42.736657
-Trial 995 0 40733978 42.793122
-Trial 996 0 40733978 42.831106
-Trial 997 0 40733978 42.834388
-Trial 998 0 40733978 42.848217
-Trial 999 0 40733978 42.853223
-Trial 1000 0 40733978 42.871910
Population:
  1: 0_40733978
Run 1: Cost = 0_40733978, Time = 40.79 sec. 

Successes/Runs = 0/1 
Cost.min = 40733978, Cost.avg = 40733978.00, Cost.max = 40733978
Gap.min = 0.0000%, Gap.avg = 0.0000%, Gap.max = 0.0000%
Penalty.min = 0, Penalty.avg = 0.00, Penalty.max = 0
Trials.min = 1000, Trials.avg = 1000.0, Trials.max = 1000
Time.min = 40.79 sec., Time.avg = 40.79 sec., Time.max = 40.79 sec.
Time.total = 42.87 sec.
  Size.min = 15, Size.max = 32, Penalty = 0
  Cost.min = 1069615, Cost.max = 2967630, Cost.sum = 40733978
Best CVRPTW solution:
  Cost = 0_40733978
1 281 344 266 59 240 40 432 85 412 294 84 57 140 484 104 118 113 385 447 332 320 239 129 245 400 257 383 213 512 348 55 404 80 488 159 93 280 242 376 142 478 380 46 431 429 203 246 123 254 28 41 219 388 124 188 335 324 149 511 290 72 62 64 225 351 459 493 112 5 50 409 271 114 205 106 146 90 131 207 418 214 274 198 411 444 82 279 88 232 191 358 517 128 363 9 350 448 259 299 133 425 268 161 197 54 210 42 224 466 264 366 39 356 60 75 288 158 336 368 394 79 453 513 69 122 413 328 261 87 227 395 206 237 102 464 392 389 436 56 317 338 361 462 397 315 21 175 449 509 136 248 30 241 17 427 469 467 201 292 273 401 255 215 310 465 515 168 126 445 251 208 322 269 330 300 231 416 352 316 166 479 519 360 326 145 461 355 365 33 29 263 31 66 414 109 301 247 486 423 73 186 354 211 508 249 209 495 238 318 196 220 103 450 417 141 405 494 312 391 487 183 26 343 20 37 23 510 163 362 382 138 377 327 460 398 178 342 70 217 474 236 489 267 22 393 421 184 256 120 420 61 516 58 181 151 165 150 455 8 2 252 408 428 399 4 235 308 48 357 119 272 71 319 514 298 458 293 303 68 296 199 498 331 424 51 32 77 95 115 148 190 91 11 471 212 492 289 456 295 518 155 438 171 250 36 426 111 403 38 306 83 25 283 216 180 285 367 287 349 270 477 507 177 386 454 410 337 370 108 402 192 200 132 372 204 169 291 223 144 218 18 359 441 468 229 35 277 435 497 226 187 504 483 373 452 86 341 334 176 234 116 3 13 476 105 27 276 260 419 195 182 378 323 286 321 430 107 309 222 473 339 143 125 520 137 156 12 307 496 110 230 67 347 282 262 422 135 253 475 94 415 379 43 443 265 500 374 49 173 52 463 92 164 437 329 162 505 340 407 297 15 172 76 375 63 325 101 440 275 442 147 7 302 243 99 304 387 127 167 499 284 491 503 139 117 34 74 313 98 364 170 6 154 384 333 439 451 371 485 278 502 185 24 345 153 406 44 152 193 179 10 45 81 490 14 96 470 369 311 121 353 19 433 174 390 480 97 53 134 16 472 506 47 202 346 78 396 305 482 221 434 446 258 160 457 244 89 314 65 381 228 189 233 481 157 100 501 130 194 1 
