PARAMETER_FILE = result/cvrptw_500/LKH_para/695.para
Reading PROBLEM_FILE: "result/cvrptw_500/cvrptw/695.cvrptw" ... done
ASCENT_CANDIDATES = 50
BACKBONE_TRIALS = 0
BACKTRACKING = NO
# BWTSP =
# CANDIDATE_FILE =
CANDIDATE_SET_TYPE = ALPHA
DEPOT = 1
# EDGE_FILE =
EXCESS = 0.0384615
EXTERNAL_SALESMEN = 0
EXTRA_CANDIDATES = 0 
EXTRA_CANDIDATE_SET_TYPE = QUADRANT
GAIN23 = NO
GAIN_CRITERION = YES
INITIAL_PERIOD = 520
INITIAL_STEP_SIZE = 1
INITIAL_TOUR_ALGORITHM = WALK
# INITIAL_TOUR_FILE = 
INITIAL_TOUR_FRACTION = 1.000
# INPUT_TOUR_FILE = 
KICK_TYPE = 4
KICKS = 1
# MAX_BREADTH =
MAKESPAN = NO
MAX_CANDIDATES = 5 
MAX_SWAPS = 0
MAX_TRIALS = 1000
# MERGE_TOUR_FILE =
MOVE_TYPE = 5 SPECIAL
MTSP_MIN_SIZE = 1
MTSP_MAX_SIZE = 1039
# MTSP_SOLUTION_FILE = 
# NONSEQUENTIAL_MOVE_TYPE = 5
# OPTIMUM =
# OUTPUT_TOUR_FILE = 
PATCHING_A = 1 
PATCHING_C = 0 
# PI_FILE = 
POPMUSIC_INITIAL_TOUR = NO
POPMUSIC_MAX_NEIGHBORS = 5
POPMUSIC_SAMPLE_SIZE = 10
POPMUSIC_SOLUTIONS = 50
POPMUSIC_TRIALS = 1
POPULATION_SIZE = 10
PRECISION = 100
PROBLEM_FILE = result/cvrptw_500/cvrptw/695.cvrptw
RECOMBINATION = IPT
RESTRICTED_SEARCH = YES
RUNS = 1
SALESMEN = 20
SCALE = 1
SEED = 1234
# SINTEF_SOLUTION_FILE = 
STOP_AT_OPTIMUM = YES
SUBGRADIENT = YES
# SUBPROBLEM_SIZE =
# SUBPROBLEM_TOUR_FILE = 
SUBSEQUENT_MOVE_TYPE = 5 SPECIAL
SUBSEQUENT_PATCHING = YES
# TIME_LIMIT =
# TOUR_FILE = 
TRACE_LEVEL = 1
VEHICLES = 20

Lower bound = 28871085.9, Ascent time = 2.52 sec.
Cand.min = 5, Cand.avg = 5.0, Cand.max = 5
Edges.fixed = 520 [Cost = 0]
Preprocessing time = 2.61 sec.
* 1: Cost = 1463247_54023447, Time = 3.92 sec. 
-Trial 1 1463247 54023447 6.534973
-Trial 2 1463247 54023447 6.987361
-Trial 3 1463247 54023447 7.264416
-Trial 4 1463247 54023447 7.421697
* 5: Cost = 1463247_53874547, Time = 5.03 sec. 
-Trial 5 1463247 53874547 7.640995
* 6: Cost = 1324280_53740655, Time = 5.13 sec. 
-Trial 6 1324280 53740655 7.745873
* 7: Cost = 1324280_53341331, Time = 5.28 sec. 
-Trial 7 1324280 53341331 7.890300
-Trial 8 1324280 53341331 8.191134
-Trial 9 1324280 53341331 8.499966
-Trial 10 1324280 53341331 8.545429
-Trial 11 1324280 53341331 8.794272
-Trial 12 1324280 53341331 8.946849
-Trial 13 1324280 53341331 9.013788
* 14: Cost = 1324280_53105685, Time = 6.50 sec. 
-Trial 14 1324280 53105685 9.114263
* 15: Cost = 1324280_53060371, Time = 6.73 sec. 
-Trial 15 1324280 53060371 9.339803
-Trial 16 1324280 53060371 9.404664
* 17: Cost = 1324280_52422044, Time = 7.13 sec. 
-Trial 17 1324280 52422044 9.740228
-Trial 18 1324280 52422044 10.042444
* 19: Cost = 1324280_52104543, Time = 7.54 sec. 
-Trial 19 1324280 52104543 10.152069
-Trial 20 1324280 52104543 10.335185
* 21: Cost = 1324280_51928087, Time = 7.79 sec. 
-Trial 21 1324280 51928087 10.400480
-Trial 22 1324280 51928087 10.610298
-Trial 23 1324280 51928087 10.774290
* 24: Cost = 1324280_51469125, Time = 8.37 sec. 
-Trial 24 1324280 51469125 10.982698
-Trial 25 1324280 51469125 11.025683
-Trial 26 1324280 51469125 11.245481
* 27: Cost = 1324280_51463379, Time = 8.72 sec. 
-Trial 27 1324280 51463379 11.335885
-Trial 28 1324280 51463379 11.405316
-Trial 29 1324280 51463379 11.619513
-Trial 30 1324280 51463379 11.647329
* 31: Cost = 1324280_51458789, Time = 9.09 sec. 
-Trial 31 1324280 51458789 11.708264
-Trial 32 1324280 51458789 11.991381
* 33: Cost = 1324280_51387348, Time = 9.75 sec. 
-Trial 33 1324280 51387348 12.358282
* 34: Cost = 1324280_51071012, Time = 9.87 sec. 
-Trial 34 1324280 51071012 12.483166
* 35: Cost = 1324280_50809335, Time = 9.94 sec. 
-Trial 35 1324280 50809335 12.551095
* 36: Cost = 1324280_50802375, Time = 10.04 sec. 
-Trial 36 1324280 50802375 12.653232
* 37: Cost = 1324280_50598110, Time = 10.12 sec. 
-Trial 37 1324280 50598110 12.737026
* 38: Cost = 1324280_50565550, Time = 10.16 sec. 
-Trial 38 1324280 50565550 12.775112
* 39: Cost = 1324280_50549450, Time = 10.19 sec. 
-Trial 39 1324280 50549450 12.807217
-Trial 40 1324280 50549450 12.869651
-Trial 41 1324280 50549450 13.048383
* 42: Cost = 1324280_50548756, Time = 10.71 sec. 
-Trial 42 1324280 50548756 13.323956
* 43: Cost = 1324280_50469548, Time = 10.77 sec. 
-Trial 43 1324280 50469548 13.388228
* 44: Cost = 1324280_50018710, Time = 10.97 sec. 
-Trial 44 1324280 50018710 13.583810
* 45: Cost = 1324280_49591468, Time = 11.30 sec. 
-Trial 45 1324280 49591468 13.910488
-Trial 46 1324280 49591468 14.015651
* 47: Cost = 1324280_49582552, Time = 11.56 sec. 
-Trial 47 1324280 49582552 14.175473
* 48: Cost = 1324280_49184558, Time = 11.72 sec. 
-Trial 48 1324280 49184558 14.328711
-Trial 49 1324280 49184558 14.348348
-Trial 50 1324280 49184558 14.439449
* 51: Cost = 1324280_48859159, Time = 11.92 sec. 
-Trial 51 1324280 48859159 14.536259
-Trial 52 1324280 48859159 14.906058
* 53: Cost = 1324280_48843876, Time = 12.32 sec. 
-Trial 53 1324280 48843876 14.931366
* 54: Cost = 1324280_48823252, Time = 12.42 sec. 
-Trial 54 1324280 48823252 15.032976
-Trial 55 1324280 48823252 15.112939
-Trial 56 1324280 48823252 15.260867
* 57: Cost = 1324280_48748962, Time = 12.94 sec. 
-Trial 57 1324280 48748962 15.555231
* 58: Cost = 1324280_48338543, Time = 13.31 sec. 
-Trial 58 1324280 48338543 15.925934
* 59: Cost = 1324280_48252001, Time = 13.49 sec. 
-Trial 59 1324280 48252001 16.104656
-Trial 60 1324280 48252001 16.170035
-Trial 61 1324280 48252001 16.183677
-Trial 62 1324280 48252001 16.204445
-Trial 63 1324280 48252001 16.402489
-Trial 64 1324280 48252001 16.468791
-Trial 65 1324280 48252001 16.490225
-Trial 66 1324280 48252001 16.608411
-Trial 67 1324280 48252001 16.718293
* 68: Cost = 1324280_48062258, Time = 14.27 sec. 
-Trial 68 1324280 48062258 16.878824
-Trial 69 1324280 48062258 17.039223
-Trial 70 1324280 48062258 17.061406
* 71: Cost = 1324280_47984563, Time = 14.58 sec. 
-Trial 71 1324280 47984563 17.196402
* 72: Cost = 1324280_47942625, Time = 14.63 sec. 
-Trial 72 1324280 47942625 17.239446
-Trial 73 1324280 47942625 17.391008
* 74: Cost = 1233067_47562827, Time = 14.88 sec. 
-Trial 74 1233067 47562827 17.490754
-Trial 75 1233067 47562827 17.652767
-Trial 76 1233067 47562827 17.663660
-Trial 77 1233067 47562827 17.755613
* 78: Cost = 1233067_47531222, Time = 15.35 sec. 
-Trial 78 1233067 47531222 17.965641
-Trial 79 1233067 47531222 18.109071
-Trial 80 1233067 47531222 18.355070
-Trial 81 1233067 47531222 18.671925
* 82: Cost = 1233067_47515671, Time = 16.17 sec. 
-Trial 82 1233067 47515671 18.781982
-Trial 83 1233067 47515671 19.049090
-Trial 84 1233067 47515671 19.217335
-Trial 85 1233067 47515671 19.416508
-Trial 86 1233067 47515671 19.497262
* 87: Cost = 1233067_47464894, Time = 17.14 sec. 
-Trial 87 1233067 47464894 19.749038
* 88: Cost = 1233067_47365588, Time = 17.27 sec. 
-Trial 88 1233067 47365588 19.882506
-Trial 89 1233067 47365588 20.070987
* 90: Cost = 1233067_47099983, Time = 17.48 sec. 
-Trial 90 1233067 47099983 20.097338
* 91: Cost = 1233067_47035969, Time = 17.51 sec. 
-Trial 91 1233067 47035969 20.122938
* 92: Cost = 1233067_47022869, Time = 17.73 sec. 
-Trial 92 1233067 47022869 20.342687
* 93: Cost = 1233067_46992259, Time = 17.78 sec. 
-Trial 93 1233067 46992259 20.392216
-Trial 94 1233067 46992259 20.561607
* 95: Cost = 1233067_46906659, Time = 18.33 sec. 
-Trial 95 1233067 46906659 20.942197
-Trial 96 1233067 46906659 20.944180
-Trial 97 1233067 46906659 21.044922
-Trial 98 1233067 46906659 21.047249
-Trial 99 1233067 46906659 21.150701
-Trial 100 1233067 46906659 21.512265
-Trial 101 1233067 46906659 21.567495
-Trial 102 1233067 46906659 21.701640
-Trial 103 1233067 46906659 21.980850
-Trial 104 1233067 46906659 22.050155
* 105: Cost = 1233067_46813013, Time = 19.66 sec. 
-Trial 105 1233067 46813013 22.268897
-Trial 106 1233067 46813013 22.360449
-Trial 107 1233067 46813013 22.594006
-Trial 108 1233067 46813013 22.868414
-Trial 109 1233067 46813013 22.885793
-Trial 110 1233067 46813013 22.944192
-Trial 111 1233067 46813013 23.264166
-Trial 112 1233067 46813013 23.309945
-Trial 113 1233067 46813013 23.528027
-Trial 114 1233067 46813013 23.573274
-Trial 115 1233067 46813013 23.621402
-Trial 116 1233067 46813013 23.661483
* 117: Cost = 1233067_46586147, Time = 21.16 sec. 
-Trial 117 1233067 46586147 23.771787
-Trial 118 1233067 46586147 23.830465
-Trial 119 1233067 46586147 23.928478
-Trial 120 1233067 46586147 24.005286
* 121: Cost = 1233067_46555572, Time = 21.48 sec. 
-Trial 121 1233067 46555572 24.093367
-Trial 122 1233067 46555572 24.134375
-Trial 123 1233067 46555572 24.182937
* 124: Cost = 1233067_46427271, Time = 21.70 sec. 
-Trial 124 1233067 46427271 24.316770
-Trial 125 1233067 46427271 24.372430
-Trial 126 1233067 46427271 24.426026
-Trial 127 1233067 46427271 24.534521
-Trial 128 1233067 46427271 25.244089
-Trial 129 1233067 46427271 25.440214
* 130: Cost = 1233067_46375772, Time = 22.96 sec. 
-Trial 130 1233067 46375772 25.571533
* 131: Cost = 1233067_46289492, Time = 23.13 sec. 
-Trial 131 1233067 46289492 25.740283
-Trial 132 1233067 46289492 26.312711
* 133: Cost = 1233067_46233339, Time = 23.83 sec. 
-Trial 133 1233067 46233339 26.442526
-Trial 134 1233067 46233339 26.577850
-Trial 135 1233067 46233339 26.702295
-Trial 136 1233067 46233339 26.732765
* 137: Cost = 1233067_46036783, Time = 24.23 sec. 
-Trial 137 1233067 46036783 26.842433
-Trial 138 1233067 46036783 27.041103
-Trial 139 1233067 46036783 27.114410
-Trial 140 1233067 46036783 27.190018
* 141: Cost = 1233067_46030784, Time = 24.60 sec. 
-Trial 141 1233067 46030784 27.210265
-Trial 142 1233067 46030784 27.314444
-Trial 143 1233067 46030784 27.396096
-Trial 144 1233067 46030784 27.400174
-Trial 145 1233067 46030784 27.494311
-Trial 146 1233067 46030784 27.600009
-Trial 147 1233067 46030784 27.699725
-Trial 148 1233067 46030784 27.757080
* 149: Cost = 1233067_45942767, Time = 25.23 sec. 
-Trial 149 1233067 45942767 27.843541
-Trial 150 1233067 45942767 27.863052
-Trial 151 1233067 45942767 28.124190
* 152: Cost = 1233067_45871736, Time = 25.58 sec. 
-Trial 152 1233067 45871736 28.195888
-Trial 153 1233067 45871736 28.372458
* 154: Cost = 1233067_45853522, Time = 25.84 sec. 
-Trial 154 1233067 45853522 28.453170
-Trial 155 1233067 45853522 29.658476
-Trial 156 1233067 45853522 29.819128
-Trial 157 1233067 45853522 30.020001
* 158: Cost = 1233067_45807193, Time = 27.48 sec. 
-Trial 158 1233067 45807193 30.090431
* 159: Cost = 1233067_45766874, Time = 27.63 sec. 
-Trial 159 1233067 45766874 30.248129
-Trial 160 1233067 45766874 30.325394
* 161: Cost = 1233067_45762393, Time = 27.74 sec. 
-Trial 161 1233067 45762393 30.357774
-Trial 162 1233067 45762393 30.360510
* 163: Cost = 1233067_45726811, Time = 27.80 sec. 
-Trial 163 1233067 45726811 30.417586
* 164: Cost = 1233067_45717744, Time = 28.02 sec. 
-Trial 164 1233067 45717744 30.633825
-Trial 165 1233067 45717744 31.013985
* 166: Cost = 278342_46223298, Time = 28.69 sec. 
-Trial 166 278342 46223298 31.307376
* 167: Cost = 278342_46073271, Time = 28.78 sec. 
-Trial 167 278342 46073271 31.391330
-Trial 168 278342 46073271 31.494764
-Trial 169 278342 46073271 31.669543
-Trial 170 278342 46073271 31.769740
-Trial 171 278342 46073271 31.871230
-Trial 172 278342 46073271 31.931658
-Trial 173 278342 46073271 31.991130
-Trial 174 278342 46073271 32.000746
* 175: Cost = 278342_46060163, Time = 29.57 sec. 
-Trial 175 278342 46060163 32.182247
-Trial 176 278342 46060163 32.303816
-Trial 177 278342 46060163 32.357443
-Trial 178 278342 46060163 32.437914
-Trial 179 278342 46060163 32.464844
* 180: Cost = 278342_45890324, Time = 29.97 sec. 
-Trial 180 278342 45890324 32.581371
* 181: Cost = 266549_45869012, Time = 30.11 sec. 
-Trial 181 266549 45869012 32.721038
-Trial 182 266549 45869012 32.723057
-Trial 183 266549 45869012 32.838467
-Trial 184 266549 45869012 32.838921
-Trial 185 266549 45869012 32.874456
-Trial 186 266549 45869012 32.909035
-Trial 187 266549 45869012 33.054479
* 188: Cost = 249003_47898351, Time = 30.63 sec. 
-Trial 188 249003 47898351 33.242469
* 189: Cost = 233011_47534485, Time = 30.80 sec. 
-Trial 189 233011 47534485 33.415106
-Trial 190 233011 47534485 33.470732
-Trial 191 233011 47534485 33.686953
-Trial 192 233011 47534485 33.780454
-Trial 193 233011 47534485 33.866896
* 194: Cost = 233011_47531862, Time = 31.28 sec. 
-Trial 194 233011 47531862 33.898123
-Trial 195 233011 47531862 33.996006
-Trial 196 233011 47531862 34.090106
-Trial 197 233011 47531862 34.099110
-Trial 198 233011 47531862 34.186378
-Trial 199 233011 47531862 34.415344
* 200: Cost = 233011_45803028, Time = 31.85 sec. 
-Trial 200 233011 45803028 34.465799
-Trial 201 233011 45803028 34.562025
-Trial 202 233011 45803028 34.849124
-Trial 203 233011 45803028 34.858825
-Trial 204 233011 45803028 34.938628
-Trial 205 233011 45803028 34.999325
-Trial 206 233011 45803028 35.093038
-Trial 207 233011 45803028 35.231895
* 208: Cost = 156762_46010177, Time = 32.72 sec. 
-Trial 208 156762 46010177 35.331018
-Trial 209 156762 46010177 35.511582
-Trial 210 156762 46010177 35.553096
-Trial 211 156762 46010177 35.583349
-Trial 212 156762 46010177 35.636341
-Trial 213 156762 46010177 35.665861
-Trial 214 156762 46010177 35.704157
* 215: Cost = 156762_45898701, Time = 33.30 sec. 
-Trial 215 156762 45898701 35.911851
* 216: Cost = 156762_45897880, Time = 33.42 sec. 
-Trial 216 156762 45897880 36.030446
* 217: Cost = 156762_45881727, Time = 33.65 sec. 
-Trial 217 156762 45881727 36.259279
-Trial 218 156762 45881727 36.358566
-Trial 219 156762 45881727 36.434039
-Trial 220 156762 45881727 36.507257
* 221: Cost = 156762_45880447, Time = 33.99 sec. 
-Trial 221 156762 45880447 36.599763
* 222: Cost = 156762_45780467, Time = 34.00 sec. 
-Trial 222 156762 45780467 36.609868
-Trial 223 156762 45780467 36.655230
-Trial 224 156762 45780467 36.731603
-Trial 225 156762 45780467 36.812996
-Trial 226 156762 45780467 36.837721
-Trial 227 156762 45780467 36.893387
-Trial 228 156762 45780467 36.983588
-Trial 229 156762 45780467 37.064378
* 230: Cost = 156762_45689677, Time = 34.58 sec. 
-Trial 230 156762 45689677 37.195217
-Trial 231 156762 45689677 37.293889
* 232: Cost = 156762_45628208, Time = 34.76 sec. 
-Trial 232 156762 45628208 37.370226
-Trial 233 156762 45628208 37.407394
* 234: Cost = 156762_45620271, Time = 34.82 sec. 
-Trial 234 156762 45620271 37.430076
-Trial 235 156762 45620271 37.448899
-Trial 236 156762 45620271 37.503735
-Trial 237 156762 45620271 37.564385
-Trial 238 156762 45620271 37.601916
-Trial 239 156762 45620271 37.651206
-Trial 240 156762 45620271 37.678106
-Trial 241 156762 45620271 37.784073
-Trial 242 156762 45620271 37.784518
-Trial 243 156762 45620271 37.833484
-Trial 244 156762 45620271 38.084071
-Trial 245 156762 45620271 38.118579
-Trial 246 156762 45620271 38.157897
-Trial 247 156762 45620271 38.158371
-Trial 248 156762 45620271 38.212419
-Trial 249 156762 45620271 38.220099
-Trial 250 156762 45620271 38.323146
* 251: Cost = 156762_45598906, Time = 35.75 sec. 
-Trial 251 156762 45598906 38.365647
-Trial 252 156762 45598906 38.411985
* 253: Cost = 156762_45593332, Time = 35.85 sec. 
-Trial 253 156762 45593332 38.460128
-Trial 254 156762 45593332 38.522134
-Trial 255 156762 45593332 38.635168
-Trial 256 156762 45593332 38.680870
-Trial 257 156762 45593332 38.894205
-Trial 258 156762 45593332 38.933687
-Trial 259 156762 45593332 39.012521
-Trial 260 156762 45593332 39.084252
-Trial 261 156762 45593332 39.205627
* 262: Cost = 1640_46020442, Time = 36.71 sec. 
-Trial 262 1640 46020442 39.324840
-Trial 263 1640 46020442 39.366135
-Trial 264 1640 46020442 39.403079
* 265: Cost = 1640_45929672, Time = 36.84 sec. 
-Trial 265 1640 45929672 39.449421
-Trial 266 1640 45929672 39.491039
* 267: Cost = 1640_45906540, Time = 37.01 sec. 
-Trial 267 1640 45906540 39.625324
-Trial 268 1640 45906540 39.683437
* 269: Cost = 1640_45849531, Time = 37.10 sec. 
-Trial 269 1640 45849531 39.715809
-Trial 270 1640 45849531 39.763585
-Trial 271 1640 45849531 39.820691
-Trial 272 1640 45849531 39.890876
-Trial 273 1640 45849531 39.929408
-Trial 274 1640 45849531 40.041785
-Trial 275 1640 45849531 40.073000
* 276: Cost = 1640_45734533, Time = 37.50 sec. 
-Trial 276 1640 45734533 40.118016
-Trial 277 1640 45734533 40.129195
-Trial 278 1640 45734533 40.171998
-Trial 279 1640 45734533 40.184762
-Trial 280 1640 45734533 40.317275
-Trial 281 1640 45734533 40.358592
-Trial 282 1640 45734533 40.447343
-Trial 283 1640 45734533 40.501491
-Trial 284 1640 45734533 40.691666
* 285: Cost = 1640_45702278, Time = 38.11 sec. 
-Trial 285 1640 45702278 40.725673
-Trial 286 1640 45702278 40.791541
-Trial 287 1640 45702278 40.895397
-Trial 288 1640 45702278 41.136987
-Trial 289 1640 45702278 41.193535
-Trial 290 1640 45702278 41.255478
-Trial 291 1640 45702278 41.330430
-Trial 292 1640 45702278 41.337773
-Trial 293 1640 45702278 41.360985
-Trial 294 1640 45702278 41.417781
* 295: Cost = 1640_45695593, Time = 38.83 sec. 
-Trial 295 1640 45695593 41.440664
-Trial 296 1640 45695593 41.552941
-Trial 297 1640 45695593 41.609284
-Trial 298 1640 45695593 41.751960
-Trial 299 1640 45695593 41.838019
-Trial 300 1640 45695593 41.848990
-Trial 301 1640 45695593 41.971697
-Trial 302 1640 45695593 42.087698
-Trial 303 1640 45695593 42.267176
-Trial 304 1640 45695593 42.303354
-Trial 305 1640 45695593 42.382842
-Trial 306 1640 45695593 42.458599
-Trial 307 1640 45695593 42.473956
-Trial 308 1640 45695593 42.498425
-Trial 309 1640 45695593 42.650413
-Trial 310 1640 45695593 42.669365
-Trial 311 1640 45695593 42.738030
-Trial 312 1640 45695593 42.807564
-Trial 313 1640 45695593 43.114948
-Trial 314 1640 45695593 43.162995
* 315: Cost = 1640_45645212, Time = 40.59 sec. 
-Trial 315 1640 45645212 43.206427
-Trial 316 1640 45645212 43.253920
-Trial 317 1640 45645212 43.313456
-Trial 318 1640 45645212 43.342555
-Trial 319 1640 45645212 43.401625
-Trial 320 1640 45645212 43.447052
-Trial 321 1640 45645212 43.536283
-Trial 322 1640 45645212 43.617170
-Trial 323 1640 45645212 43.709671
-Trial 324 1640 45645212 43.733550
-Trial 325 1640 45645212 43.770687
-Trial 326 1640 45645212 43.878724
-Trial 327 1640 45645212 43.941317
-Trial 328 1640 45645212 44.006942
-Trial 329 1640 45645212 44.045125
* 330: Cost = 1640_45627626, Time = 41.51 sec. 
-Trial 330 1640 45627626 44.121111
-Trial 331 1640 45627626 44.166990
-Trial 332 1640 45627626 44.205038
-Trial 333 1640 45627626 44.275398
-Trial 334 1640 45627626 44.284734
-Trial 335 1640 45627626 44.335446
-Trial 336 1640 45627626 44.373867
-Trial 337 1640 45627626 44.428887
-Trial 338 1640 45627626 44.470559
-Trial 339 1640 45627626 44.578682
-Trial 340 1640 45627626 44.811527
-Trial 341 1640 45627626 44.847052
-Trial 342 1640 45627626 44.860818
-Trial 343 1640 45627626 44.987698
-Trial 344 1640 45627626 45.012592
-Trial 345 1640 45627626 45.038345
-Trial 346 1640 45627626 45.142724
-Trial 347 1640 45627626 45.162813
-Trial 348 1640 45627626 45.235592
-Trial 349 1640 45627626 45.426754
-Trial 350 1640 45627626 45.508419
-Trial 351 1640 45627626 45.532522
-Trial 352 1640 45627626 45.637699
-Trial 353 1640 45627626 45.677630
-Trial 354 1640 45627626 45.726300
-Trial 355 1640 45627626 45.872202
* 356: Cost = 1640_45555375, Time = 43.31 sec. 
-Trial 356 1640 45555375 45.923467
-Trial 357 1640 45555375 45.937075
-Trial 358 1640 45555375 45.966915
-Trial 359 1640 45555375 46.000156
-Trial 360 1640 45555375 46.035706
-Trial 361 1640 45555375 46.069520
* 362: Cost = 1640_45533396, Time = 43.50 sec. 
-Trial 362 1640 45533396 46.113057
-Trial 363 1640 45533396 46.122707
-Trial 364 1640 45533396 46.144224
-Trial 365 1640 45533396 46.241472
-Trial 366 1640 45533396 46.279429
-Trial 367 1640 45533396 46.303336
-Trial 368 1640 45533396 46.439235
-Trial 369 1640 45533396 46.476792
-Trial 370 1640 45533396 46.538115
-Trial 371 1640 45533396 46.547712
-Trial 372 1640 45533396 46.576294
-Trial 373 1640 45533396 46.594148
-Trial 374 1640 45533396 46.619946
-Trial 375 1640 45533396 46.636576
-Trial 376 1640 45533396 46.642566
-Trial 377 1640 45533396 46.759622
-Trial 378 1640 45533396 46.808554
-Trial 379 1640 45533396 46.820246
-Trial 380 1640 45533396 46.894663
-Trial 381 1640 45533396 46.896518
-Trial 382 1640 45533396 47.104857
-Trial 383 1640 45533396 47.183039
-Trial 384 1640 45533396 47.239241
-Trial 385 1640 45533396 47.288990
-Trial 386 1640 45533396 47.327560
-Trial 387 1640 45533396 47.365341
-Trial 388 1640 45533396 47.385551
-Trial 389 1640 45533396 47.418594
-Trial 390 1640 45533396 47.427549
-Trial 391 1640 45533396 47.510678
-Trial 392 1640 45533396 47.552903
-Trial 393 1640 45533396 47.608702
-Trial 394 1640 45533396 47.679566
-Trial 395 1640 45533396 47.691779
-Trial 396 1640 45533396 47.786162
-Trial 397 1640 45533396 47.951404
-Trial 398 1640 45533396 47.987644
-Trial 399 1640 45533396 48.053152
-Trial 400 1640 45533396 48.188934
-Trial 401 1640 45533396 48.486846
-Trial 402 1640 45533396 48.540360
-Trial 403 1640 45533396 48.577876
-Trial 404 1640 45533396 48.661959
-Trial 405 1640 45533396 48.727347
-Trial 406 1640 45533396 48.856342
-Trial 407 1640 45533396 48.987705
-Trial 408 1640 45533396 49.008994
-Trial 409 1640 45533396 49.128532
-Trial 410 1640 45533396 49.319564
-Trial 411 1640 45533396 49.380002
-Trial 412 1640 45533396 49.394944
* 413: Cost = 1640_45524074, Time = 46.84 sec. 
-Trial 413 1640 45524074 49.448981
-Trial 414 1640 45524074 49.473661
-Trial 415 1640 45524074 49.552166
-Trial 416 1640 45524074 49.559414
-Trial 417 1640 45524074 49.910129
-Trial 418 1640 45524074 49.932533
-Trial 419 1640 45524074 49.976734
-Trial 420 1640 45524074 50.081366
-Trial 421 1640 45524074 50.095864
-Trial 422 1640 45524074 50.227021
-Trial 423 1640 45524074 50.282661
-Trial 424 1640 45524074 50.362600
-Trial 425 1640 45524074 50.412537
-Trial 426 1640 45524074 50.441144
-Trial 427 1640 45524074 50.595168
-Trial 428 1640 45524074 50.626674
-Trial 429 1640 45524074 50.682425
-Trial 430 1640 45524074 50.712565
-Trial 431 1640 45524074 50.796532
-Trial 432 1640 45524074 50.843235
-Trial 433 1640 45524074 50.864091
-Trial 434 1640 45524074 50.948949
-Trial 435 1640 45524074 50.974461
-Trial 436 1640 45524074 51.080638
-Trial 437 1640 45524074 51.116800
-Trial 438 1640 45524074 51.515259
-Trial 439 1640 45524074 51.647211
-Trial 440 1640 45524074 51.702449
-Trial 441 1640 45524074 51.730383
* 442: Cost = 1640_45520235, Time = 49.16 sec. 
-Trial 442 1640 45520235 51.770354
-Trial 443 1640 45520235 51.780899
-Trial 444 1640 45520235 51.817491
-Trial 445 1640 45520235 51.940042
* 446: Cost = 1640_45508872, Time = 49.35 sec. 
-Trial 446 1640 45508872 51.963853
-Trial 447 1640 45508872 52.036232
-Trial 448 1640 45508872 52.144235
-Trial 449 1640 45508872 52.179053
-Trial 450 1640 45508872 52.255207
-Trial 451 1640 45508872 52.266084
-Trial 452 1640 45508872 52.292821
-Trial 453 1640 45508872 52.394582
-Trial 454 1640 45508872 52.459246
-Trial 455 1640 45508872 52.531857
-Trial 456 1640 45508872 52.568873
-Trial 457 1640 45508872 52.581131
-Trial 458 1640 45508872 52.692307
-Trial 459 1640 45508872 52.744698
-Trial 460 1640 45508872 52.786116
-Trial 461 1640 45508872 52.813050
-Trial 462 1640 45508872 52.838084
-Trial 463 1640 45508872 52.981892
-Trial 464 1640 45508872 53.029954
-Trial 465 1640 45508872 53.095624
-Trial 466 1640 45508872 53.152493
-Trial 467 1640 45508872 53.174758
-Trial 468 1640 45508872 53.349449
-Trial 469 1640 45508872 53.442594
-Trial 470 1640 45508872 53.579823
-Trial 471 1640 45508872 53.580282
-Trial 472 1640 45508872 53.628883
-Trial 473 1640 45508872 53.680380
-Trial 474 1640 45508872 53.745329
-Trial 475 1640 45508872 53.778225
-Trial 476 1640 45508872 53.792213
-Trial 477 1640 45508872 53.811730
-Trial 478 1640 45508872 53.952386
-Trial 479 1640 45508872 53.974901
-Trial 480 1640 45508872 53.993208
-Trial 481 1640 45508872 54.029491
-Trial 482 1640 45508872 54.053426
-Trial 483 1640 45508872 54.216394
-Trial 484 1640 45508872 54.269678
-Trial 485 1640 45508872 54.500570
-Trial 486 1640 45508872 54.521004
-Trial 487 1640 45508872 54.599648
-Trial 488 1640 45508872 54.620730
-Trial 489 1640 45508872 54.676123
-Trial 490 1640 45508872 54.731917
-Trial 491 1640 45508872 54.825148
-Trial 492 1640 45508872 54.857058
-Trial 493 1640 45508872 54.894001
-Trial 494 1640 45508872 54.928845
-Trial 495 1640 45508872 54.948869
-Trial 496 1640 45508872 55.123174
-Trial 497 1640 45508872 55.147195
-Trial 498 1640 45508872 55.177255
-Trial 499 1640 45508872 55.340192
-Trial 500 1640 45508872 55.400955
-Trial 501 1640 45508872 55.456286
-Trial 502 1640 45508872 55.529756
-Trial 503 1640 45508872 55.571577
-Trial 504 1640 45508872 55.792898
-Trial 505 1640 45508872 55.881823
-Trial 506 1640 45508872 55.981280
-Trial 507 1640 45508872 56.088269
-Trial 508 1640 45508872 56.113381
-Trial 509 1640 45508872 56.167318
-Trial 510 1640 45508872 56.244450
-Trial 511 1640 45508872 56.275588
-Trial 512 1640 45508872 56.316776
-Trial 513 1640 45508872 56.355577
-Trial 514 1640 45508872 56.375747
-Trial 515 1640 45508872 56.487786
-Trial 516 1640 45508872 56.685483
-Trial 517 1640 45508872 56.858407
-Trial 518 1640 45508872 56.859712
-Trial 519 1640 45508872 56.941791
-Trial 520 1640 45508872 56.964908
-Trial 521 1640 45508872 57.022783
-Trial 522 1640 45508872 57.120406
-Trial 523 1640 45508872 57.159460
-Trial 524 1640 45508872 57.246676
-Trial 525 1640 45508872 57.271747
-Trial 526 1640 45508872 57.277008
-Trial 527 1640 45508872 57.331388
-Trial 528 1640 45508872 57.385220
-Trial 529 1640 45508872 57.414550
-Trial 530 1640 45508872 57.421140
-Trial 531 1640 45508872 57.522050
-Trial 532 1640 45508872 57.552117
-Trial 533 1640 45508872 57.671200
-Trial 534 1640 45508872 57.690790
-Trial 535 1640 45508872 57.710283
-Trial 536 1640 45508872 57.841021
-Trial 537 1640 45508872 57.917077
-Trial 538 1640 45508872 57.956317
-Trial 539 1640 45508872 57.980829
-Trial 540 1640 45508872 58.106889
-Trial 541 1640 45508872 58.120078
-Trial 542 1640 45508872 58.139427
-Trial 543 1640 45508872 58.175470
-Trial 544 1640 45508872 58.220514
-Trial 545 1640 45508872 58.389971
-Trial 546 1640 45508872 58.424269
-Trial 547 1640 45508872 58.457292
-Trial 548 1640 45508872 58.523269
-Trial 549 1640 45508872 58.543238
-Trial 550 1640 45508872 58.597823
-Trial 551 1640 45508872 58.625446
-Trial 552 1640 45508872 58.711288
-Trial 553 1640 45508872 58.725718
-Trial 554 1640 45508872 58.787613
-Trial 555 1640 45508872 58.884613
-Trial 556 1640 45508872 58.966718
-Trial 557 1640 45508872 58.989355
-Trial 558 1640 45508872 59.120208
-Trial 559 1640 45508872 59.125619
-Trial 560 1640 45508872 59.322698
-Trial 561 1640 45508872 59.409198
-Trial 562 1640 45508872 59.449975
-Trial 563 1640 45508872 59.508203
-Trial 564 1640 45508872 59.568041
-Trial 565 1640 45508872 59.764671
-Trial 566 1640 45508872 59.800112
-Trial 567 1640 45508872 59.806794
-Trial 568 1640 45508872 59.839451
-Trial 569 1640 45508872 60.079943
-Trial 570 1640 45508872 60.130729
-Trial 571 1640 45508872 60.222419
-Trial 572 1640 45508872 60.278309
-Trial 573 1640 45508872 60.306975
-Trial 574 1640 45508872 60.340240
-Trial 575 1640 45508872 60.416724
-Trial 576 1640 45508872 60.444944
-Trial 577 1640 45508872 60.555885
-Trial 578 1640 45508872 60.557623
-Trial 579 1640 45508872 60.564447
-Trial 580 1640 45508872 60.731767
-Trial 581 1640 45508872 60.821661
-Trial 582 1640 45508872 60.917630
-Trial 583 1640 45508872 61.073111
-Trial 584 1640 45508872 61.089625
-Trial 585 1640 45508872 61.103196
-Trial 586 1640 45508872 61.151871
-Trial 587 1640 45508872 61.202408
-Trial 588 1640 45508872 61.223835
-Trial 589 1640 45508872 61.276061
-Trial 590 1640 45508872 61.312882
-Trial 591 1640 45508872 61.360638
-Trial 592 1640 45508872 61.422241
-Trial 593 1640 45508872 61.484067
-Trial 594 1640 45508872 61.546127
-Trial 595 1640 45508872 61.614549
-Trial 596 1640 45508872 61.694910
-Trial 597 1640 45508872 61.724557
-Trial 598 1640 45508872 61.758729
-Trial 599 1640 45508872 62.151903
-Trial 600 1640 45508872 62.193982
-Trial 601 1640 45508872 62.274576
-Trial 602 1640 45508872 62.355396
-Trial 603 1640 45508872 62.376530
-Trial 604 1640 45508872 62.552140
-Trial 605 1640 45508872 62.600758
-Trial 606 1640 45508872 62.786283
-Trial 607 1640 45508872 62.816786
-Trial 608 1640 45508872 62.866785
-Trial 609 1640 45508872 62.907240
-Trial 610 1640 45508872 62.993692
-Trial 611 1640 45508872 63.029383
-Trial 612 1640 45508872 63.081171
-Trial 613 1640 45508872 63.093087
-Trial 614 1640 45508872 63.135894
-Trial 615 1640 45508872 63.246467
-Trial 616 1640 45508872 63.297375
-Trial 617 1640 45508872 63.342325
-Trial 618 1640 45508872 63.401965
-Trial 619 1640 45508872 63.456566
-Trial 620 1640 45508872 63.580059
-Trial 621 1640 45508872 63.629971
-Trial 622 1640 45508872 63.826089
-Trial 623 1640 45508872 63.900907
-Trial 624 1640 45508872 63.993828
-Trial 625 1640 45508872 64.016121
-Trial 626 1640 45508872 64.114190
-Trial 627 1640 45508872 64.142355
-Trial 628 1640 45508872 64.209797
-Trial 629 1640 45508872 64.253838
-Trial 630 1640 45508872 64.393080
-Trial 631 1640 45508872 64.485203
-Trial 632 1640 45508872 64.538585
-Trial 633 1640 45508872 64.585765
-Trial 634 1640 45508872 64.588812
-Trial 635 1640 45508872 64.736587
-Trial 636 1640 45508872 64.755067
-Trial 637 1640 45508872 64.822584
-Trial 638 1640 45508872 64.837874
-Trial 639 1640 45508872 64.941754
-Trial 640 1640 45508872 64.973521
-Trial 641 1640 45508872 65.005424
-Trial 642 1640 45508872 65.033658
-Trial 643 1640 45508872 65.083905
-Trial 644 1640 45508872 65.205066
-Trial 645 1640 45508872 65.228081
-Trial 646 1640 45508872 65.326528
-Trial 647 1640 45508872 65.326916
-Trial 648 1640 45508872 65.413326
* 649: Cost = 1640_45493667, Time = 62.82 sec. 
-Trial 649 1640 45493667 65.437883
-Trial 650 1640 45493667 65.483212
-Trial 651 1640 45493667 65.537520
-Trial 652 1640 45493667 65.580087
-Trial 653 1640 45493667 65.582089
-Trial 654 1640 45493667 65.634049
-Trial 655 1640 45493667 65.760359
-Trial 656 1640 45493667 65.772551
-Trial 657 1640 45493667 65.880488
-Trial 658 1640 45493667 65.958492
-Trial 659 1640 45493667 65.995451
-Trial 660 1640 45493667 66.016831
-Trial 661 1640 45493667 66.053851
-Trial 662 1640 45493667 66.160406
-Trial 663 1640 45493667 66.169967
-Trial 664 1640 45493667 66.287067
-Trial 665 1640 45493667 66.369020
-Trial 666 1640 45493667 66.580459
-Trial 667 1640 45493667 66.610075
-Trial 668 1640 45493667 66.633637
-Trial 669 1640 45493667 66.707093
-Trial 670 1640 45493667 66.774895
* 671: Cost = 1640_45464137, Time = 64.22 sec. 
-Trial 671 1640 45464137 66.836610
-Trial 672 1640 45464137 66.888265
-Trial 673 1640 45464137 66.976150
-Trial 674 1640 45464137 67.016250
-Trial 675 1640 45464137 67.052268
-Trial 676 1640 45464137 67.170116
-Trial 677 1640 45464137 67.235037
-Trial 678 1640 45464137 67.257541
-Trial 679 1640 45464137 67.284643
-Trial 680 1640 45464137 67.328707
-Trial 681 1640 45464137 67.412307
-Trial 682 1640 45464137 67.448053
-Trial 683 1640 45464137 67.489909
-Trial 684 1640 45464137 67.533094
-Trial 685 1640 45464137 67.741514
-Trial 686 1640 45464137 67.770526
-Trial 687 1640 45464137 67.844794
-Trial 688 1640 45464137 67.902188
-Trial 689 1640 45464137 67.956877
-Trial 690 1640 45464137 67.972556
-Trial 691 1640 45464137 68.029145
-Trial 692 1640 45464137 68.211907
-Trial 693 1640 45464137 68.245479
-Trial 694 1640 45464137 68.383793
-Trial 695 1640 45464137 68.396668
-Trial 696 1640 45464137 68.456239
-Trial 697 1640 45464137 68.512465
-Trial 698 1640 45464137 68.567164
-Trial 699 1640 45464137 68.616019
-Trial 700 1640 45464137 68.690201
-Trial 701 1640 45464137 68.731366
-Trial 702 1640 45464137 69.070937
-Trial 703 1640 45464137 69.123781
-Trial 704 1640 45464137 69.255891
-Trial 705 1640 45464137 69.313245
-Trial 706 1640 45464137 69.400425
* 707: Cost = 1640_45461041, Time = 66.87 sec. 
-Trial 707 1640 45461041 69.479344
-Trial 708 1640 45461041 69.492155
-Trial 709 1640 45461041 69.602833
-Trial 710 1640 45461041 69.673134
-Trial 711 1640 45461041 69.690398
-Trial 712 1640 45461041 69.739677
-Trial 713 1640 45461041 69.825329
-Trial 714 1640 45461041 69.887417
-Trial 715 1640 45461041 69.970409
-Trial 716 1640 45461041 69.996718
-Trial 717 1640 45461041 70.056771
-Trial 718 1640 45461041 70.127729
-Trial 719 1640 45461041 70.178388
-Trial 720 1640 45461041 70.202894
-Trial 721 1640 45461041 70.229134
-Trial 722 1640 45461041 70.232229
-Trial 723 1640 45461041 70.234352
-Trial 724 1640 45461041 70.279074
-Trial 725 1640 45461041 70.334193
-Trial 726 1640 45461041 70.358108
-Trial 727 1640 45461041 70.395101
-Trial 728 1640 45461041 70.487061
-Trial 729 1640 45461041 70.553664
-Trial 730 1640 45461041 70.612756
* 731: Cost = 0_45787200, Time = 68.13 sec. 
-Trial 731 0 45787200 70.743479
-Trial 732 0 45787200 70.760495
-Trial 733 0 45787200 70.884744
-Trial 734 0 45787200 70.895804
-Trial 735 0 45787200 70.921834
-Trial 736 0 45787200 71.080910
-Trial 737 0 45787200 71.096277
-Trial 738 0 45787200 71.134719
-Trial 739 0 45787200 71.137285
-Trial 740 0 45787200 71.159557
-Trial 741 0 45787200 71.177847
-Trial 742 0 45787200 71.199193
-Trial 743 0 45787200 71.226496
-Trial 744 0 45787200 71.232815
-Trial 745 0 45787200 71.292922
-Trial 746 0 45787200 71.296060
-Trial 747 0 45787200 71.296452
-Trial 748 0 45787200 71.311308
* 749: Cost = 0_45774073, Time = 68.76 sec. 
-Trial 749 0 45774073 71.375240
-Trial 750 0 45774073 71.415319
-Trial 751 0 45774073 71.419057
-Trial 752 0 45774073 71.499805
-Trial 753 0 45774073 71.581822
-Trial 754 0 45774073 71.679212
-Trial 755 0 45774073 71.698480
-Trial 756 0 45774073 71.699796
-Trial 757 0 45774073 72.227219
-Trial 758 0 45774073 72.231325
-Trial 759 0 45774073 72.276979
-Trial 760 0 45774073 72.278890
-Trial 761 0 45774073 72.292840
-Trial 762 0 45774073 72.319889
-Trial 763 0 45774073 72.331013
-Trial 764 0 45774073 72.346009
-Trial 765 0 45774073 72.415384
-Trial 766 0 45774073 72.428396
-Trial 767 0 45774073 72.451820
-Trial 768 0 45774073 72.458123
-Trial 769 0 45774073 72.460351
* 770: Cost = 0_45765901, Time = 69.85 sec. 
-Trial 770 0 45765901 72.463763
-Trial 771 0 45765901 72.469802
-Trial 772 0 45765901 72.471499
-Trial 773 0 45765901 72.555087
-Trial 774 0 45765901 72.622698
-Trial 775 0 45765901 72.668293
-Trial 776 0 45765901 72.685834
-Trial 777 0 45765901 72.689932
* 778: Cost = 0_45688662, Time = 70.09 sec. 
-Trial 778 0 45688662 72.705929
-Trial 779 0 45688662 72.797155
-Trial 780 0 45688662 72.806313
-Trial 781 0 45688662 72.825554
-Trial 782 0 45688662 72.846038
-Trial 783 0 45688662 72.860050
-Trial 784 0 45688662 72.867433
-Trial 785 0 45688662 73.056832
-Trial 786 0 45688662 73.089613
-Trial 787 0 45688662 73.131837
-Trial 788 0 45688662 73.174843
-Trial 789 0 45688662 73.229259
-Trial 790 0 45688662 73.254500
-Trial 791 0 45688662 73.293091
-Trial 792 0 45688662 73.303138
-Trial 793 0 45688662 73.321768
* 794: Cost = 0_45661642, Time = 70.72 sec. 
-Trial 794 0 45661642 73.333697
-Trial 795 0 45661642 73.347240
-Trial 796 0 45661642 73.486615
-Trial 797 0 45661642 73.511892
-Trial 798 0 45661642 73.524181
-Trial 799 0 45661642 73.617941
-Trial 800 0 45661642 73.627245
-Trial 801 0 45661642 73.644173
-Trial 802 0 45661642 73.675415
-Trial 803 0 45661642 73.696348
-Trial 804 0 45661642 73.805213
-Trial 805 0 45661642 73.888260
-Trial 806 0 45661642 73.902459
-Trial 807 0 45661642 73.932430
-Trial 808 0 45661642 74.014848
-Trial 809 0 45661642 74.063280
-Trial 810 0 45661642 74.128590
-Trial 811 0 45661642 74.133678
-Trial 812 0 45661642 74.147363
-Trial 813 0 45661642 74.160399
-Trial 814 0 45661642 74.173851
-Trial 815 0 45661642 74.195362
-Trial 816 0 45661642 74.230133
-Trial 817 0 45661642 74.234988
-Trial 818 0 45661642 74.253404
-Trial 819 0 45661642 74.289533
-Trial 820 0 45661642 74.331195
-Trial 821 0 45661642 74.454693
-Trial 822 0 45661642 74.470506
-Trial 823 0 45661642 74.492332
-Trial 824 0 45661642 74.493824
-Trial 825 0 45661642 74.501255
-Trial 826 0 45661642 74.513399
-Trial 827 0 45661642 74.522850
-Trial 828 0 45661642 74.532111
-Trial 829 0 45661642 74.569508
-Trial 830 0 45661642 74.601624
-Trial 831 0 45661642 74.749829
-Trial 832 0 45661642 74.814977
-Trial 833 0 45661642 74.840952
-Trial 834 0 45661642 74.921632
-Trial 835 0 45661642 74.968024
-Trial 836 0 45661642 75.020321
-Trial 837 0 45661642 75.058749
-Trial 838 0 45661642 75.072389
-Trial 839 0 45661642 75.073943
-Trial 840 0 45661642 75.086593
-Trial 841 0 45661642 75.126037
-Trial 842 0 45661642 75.150224
-Trial 843 0 45661642 75.178510
-Trial 844 0 45661642 75.332048
-Trial 845 0 45661642 75.481497
-Trial 846 0 45661642 75.494841
-Trial 847 0 45661642 75.501931
-Trial 848 0 45661642 75.534888
-Trial 849 0 45661642 75.699136
-Trial 850 0 45661642 75.767028
-Trial 851 0 45661642 75.775486
-Trial 852 0 45661642 75.809431
-Trial 853 0 45661642 75.822651
-Trial 854 0 45661642 75.876785
-Trial 855 0 45661642 75.887401
-Trial 856 0 45661642 75.899840
-Trial 857 0 45661642 75.900970
* 858: Cost = 0_45639503, Time = 73.29 sec. 
-Trial 858 0 45639503 75.905861
-Trial 859 0 45639503 75.919452
-Trial 860 0 45639503 75.920699
-Trial 861 0 45639503 75.934797
-Trial 862 0 45639503 75.940187
-Trial 863 0 45639503 75.994760
-Trial 864 0 45639503 76.014356
-Trial 865 0 45639503 76.020291
-Trial 866 0 45639503 76.046710
-Trial 867 0 45639503 76.061470
-Trial 868 0 45639503 76.080717
-Trial 869 0 45639503 76.109687
-Trial 870 0 45639503 76.124603
-Trial 871 0 45639503 76.154557
-Trial 872 0 45639503 76.157413
-Trial 873 0 45639503 76.165952
-Trial 874 0 45639503 76.193425
-Trial 875 0 45639503 76.217850
-Trial 876 0 45639503 76.239617
-Trial 877 0 45639503 76.240116
* 878: Cost = 0_45639470, Time = 73.69 sec. 
-Trial 878 0 45639470 76.301220
-Trial 879 0 45639470 76.305519
-Trial 880 0 45639470 76.322340
-Trial 881 0 45639470 76.324170
-Trial 882 0 45639470 76.406748
-Trial 883 0 45639470 76.434491
-Trial 884 0 45639470 76.454203
-Trial 885 0 45639470 76.467407
-Trial 886 0 45639470 76.480671
-Trial 887 0 45639470 76.510187
-Trial 888 0 45639470 76.535549
-Trial 889 0 45639470 76.554711
-Trial 890 0 45639470 76.585046
-Trial 891 0 45639470 76.678397
-Trial 892 0 45639470 76.702211
-Trial 893 0 45639470 76.763170
-Trial 894 0 45639470 77.499089
-Trial 895 0 45639470 77.535157
-Trial 896 0 45639470 77.549383
-Trial 897 0 45639470 77.555607
-Trial 898 0 45639470 77.571557
-Trial 899 0 45639470 77.585272
-Trial 900 0 45639470 77.614150
-Trial 901 0 45639470 77.633597
-Trial 902 0 45639470 77.832409
-Trial 903 0 45639470 78.112103
-Trial 904 0 45639470 78.138650
-Trial 905 0 45639470 78.196720
-Trial 906 0 45639470 78.199815
-Trial 907 0 45639470 78.202056
-Trial 908 0 45639470 78.205002
-Trial 909 0 45639470 78.234487
-Trial 910 0 45639470 78.251753
-Trial 911 0 45639470 78.258711
-Trial 912 0 45639470 78.272020
-Trial 913 0 45639470 78.290872
-Trial 914 0 45639470 78.384716
-Trial 915 0 45639470 78.434665
-Trial 916 0 45639470 78.436322
-Trial 917 0 45639470 78.458841
-Trial 918 0 45639470 78.460886
-Trial 919 0 45639470 78.463798
-Trial 920 0 45639470 78.489625
-Trial 921 0 45639470 78.659132
* 922: Cost = 0_45614322, Time = 76.05 sec. 
-Trial 922 0 45614322 78.667582
-Trial 923 0 45614322 78.686447
-Trial 924 0 45614322 78.692035
-Trial 925 0 45614322 78.736011
-Trial 926 0 45614322 78.806293
-Trial 927 0 45614322 78.812346
-Trial 928 0 45614322 78.820179
-Trial 929 0 45614322 78.834104
-Trial 930 0 45614322 78.844239
-Trial 931 0 45614322 78.852624
-Trial 932 0 45614322 78.863239
-Trial 933 0 45614322 78.909626
-Trial 934 0 45614322 78.939603
-Trial 935 0 45614322 78.951185
-Trial 936 0 45614322 78.976461
-Trial 937 0 45614322 79.027176
-Trial 938 0 45614322 79.047171
-Trial 939 0 45614322 79.129327
-Trial 940 0 45614322 79.172943
-Trial 941 0 45614322 79.236134
-Trial 942 0 45614322 79.296599
-Trial 943 0 45614322 79.449899
-Trial 944 0 45614322 79.496124
-Trial 945 0 45614322 79.538140
-Trial 946 0 45614322 79.564638
-Trial 947 0 45614322 79.767938
-Trial 948 0 45614322 79.782618
-Trial 949 0 45614322 79.844714
-Trial 950 0 45614322 79.890432
-Trial 951 0 45614322 79.915900
-Trial 952 0 45614322 79.943982
-Trial 953 0 45614322 79.952495
-Trial 954 0 45614322 80.056240
-Trial 955 0 45614322 80.075922
-Trial 956 0 45614322 80.125232
-Trial 957 0 45614322 80.139784
-Trial 958 0 45614322 80.141281
-Trial 959 0 45614322 80.178447
-Trial 960 0 45614322 80.209357
-Trial 961 0 45614322 80.222058
-Trial 962 0 45614322 80.354979
-Trial 963 0 45614322 80.386503
-Trial 964 0 45614322 80.395734
-Trial 965 0 45614322 80.413400
-Trial 966 0 45614322 80.438089
-Trial 967 0 45614322 80.453704
-Trial 968 0 45614322 80.474231
-Trial 969 0 45614322 80.572638
-Trial 970 0 45614322 80.574500
-Trial 971 0 45614322 80.602983
-Trial 972 0 45614322 80.604351
-Trial 973 0 45614322 80.617069
* 974: Cost = 0_45579476, Time = 78.05 sec. 
-Trial 974 0 45579476 80.667094
-Trial 975 0 45579476 80.797967
-Trial 976 0 45579476 80.806222
-Trial 977 0 45579476 80.817601
-Trial 978 0 45579476 80.825870
-Trial 979 0 45579476 80.834775
-Trial 980 0 45579476 80.892475
-Trial 981 0 45579476 80.928199
-Trial 982 0 45579476 80.949951
-Trial 983 0 45579476 80.964369
-Trial 984 0 45579476 81.002631
-Trial 985 0 45579476 81.006923
-Trial 986 0 45579476 81.046909
-Trial 987 0 45579476 81.144183
-Trial 988 0 45579476 81.179309
-Trial 989 0 45579476 81.211868
-Trial 990 0 45579476 81.272156
-Trial 991 0 45579476 81.287929
-Trial 992 0 45579476 81.312411
-Trial 993 0 45579476 81.385894
-Trial 994 0 45579476 81.520995
-Trial 995 0 45579476 81.523840
-Trial 996 0 45579476 81.544892
-Trial 997 0 45579476 81.588387
-Trial 998 0 45579476 81.652977
-Trial 999 0 45579476 81.662445
-Trial 1000 0 45579476 81.792684
Population:
  1: 0_45579476
Run 1: Cost = 0_45579476, Time = 79.18 sec. 

Successes/Runs = 0/1 
Cost.min = 45579476, Cost.avg = 45579476.00, Cost.max = 45579476
Gap.min = 0.0000%, Gap.avg = 0.0000%, Gap.max = 0.0000%
Penalty.min = 0, Penalty.avg = 0.00, Penalty.max = 0
Trials.min = 1000, Trials.avg = 1000.0, Trials.max = 1000
Time.min = 79.18 sec., Time.avg = 79.18 sec., Time.max = 79.18 sec.
Time.total = 81.79 sec.
  Size.min = 14, Size.max = 33, Penalty = 0
  Cost.min = 1004457, Cost.max = 3135088, Cost.sum = 45579476
Best CVRPTW solution:
  Cost = 0_45579476
249 1 38 263 188 21 84 108 37 298 384 285 27 172 162 366 347 468 407 491 7 474 107 74 459 441 377 340 242 282 47 304 514 243 246 361 264 289 181 147 159 126 363 262 498 405 138 505 170 114 81 124 300 87 22 408 134 29 69 265 426 200 395 460 148 423 479 382 376 214 255 517 185 385 484 324 391 432 210 326 15 54 325 478 178 454 402 209 218 302 93 386 116 301 46 435 208 101 121 387 135 97 153 510 307 417 52 319 295 331 154 189 453 269 338 82 469 20 334 130 378 3 168 277 357 144 236 89 369 516 239 358 198 151 430 158 88 299 500 456 129 494 429 267 237 250 234 161 409 482 26 368 171 315 266 314 512 466 127 202 50 436 43 258 223 254 35 233 53 443 310 91 428 350 440 424 62 448 419 509 203 64 251 119 287 95 487 25 143 72 457 320 380 291 294 18 353 79 164 221 364 286 238 23 49 373 19 303 28 207 349 155 502 305 60 232 275 36 190 224 272 276 477 356 152 418 406 57 444 346 118 156 463 471 388 465 59 504 271 398 125 17 322 492 420 335 6 414 106 128 306 292 279 256 206 183 472 217 160 71 309 308 348 226 196 518 404 141 112 182 186 83 80 318 323 332 413 439 199 396 227 393 92 216 260 44 283 149 433 55 365 48 506 274 412 117 351 248 33 355 499 14 195 12 390 481 61 179 241 392 137 205 113 381 503 41 146 16 455 327 399 375 230 58 313 184 111 45 401 416 215 177 312 446 339 400 297 102 507 379 167 133 131 163 316 397 360 174 77 90 394 5 225 98 485 8 447 32 145 109 411 520 467 473 476 493 458 370 235 120 180 389 85 136 115 132 24 100 337 56 333 139 244 142 513 422 449 66 194 99 293 483 192 488 2 78 104 31 96 462 140 288 268 421 372 451 257 278 76 442 290 187 317 403 480 508 193 489 445 219 122 434 410 486 86 342 343 9 4 105 367 191 68 371 176 51 247 228 63 240 437 157 354 150 212 165 65 222 67 511 42 73 296 70 94 329 273 328 229 211 197 496 330 284 13 431 515 452 270 261 11 501 383 201 495 450 490 362 34 470 103 123 75 497 204 344 415 352 30 341 475 345 427 336 464 220 311 175 166 519 280 252 245 253 461 110 425 40 39 374 281 10 359 321 169 231 213 259 173 438 249 
