PARAMETER_FILE = result/cvrptw_500/LKH_para/71.para
Reading PROBLEM_FILE: "result/cvrptw_500/cvrptw/71.cvrptw" ... done
ASCENT_CANDIDATES = 50
BACKBONE_TRIALS = 0
BACKTRACKING = NO
# BWTSP =
# CANDIDATE_FILE =
CANDIDATE_SET_TYPE = ALPHA
DEPOT = 1
# EDGE_FILE =
EXCESS = 0.0384615
EXTERNAL_SALESMEN = 0
EXTRA_CANDIDATES = 0 
EXTRA_CANDIDATE_SET_TYPE = QUADRANT
GAIN23 = NO
GAIN_CRITERION = YES
INITIAL_PERIOD = 520
INITIAL_STEP_SIZE = 1
INITIAL_TOUR_ALGORITHM = WALK
# INITIAL_TOUR_FILE = 
INITIAL_TOUR_FRACTION = 1.000
# INPUT_TOUR_FILE = 
KICK_TYPE = 4
KICKS = 1
# MAX_BREADTH =
MAKESPAN = NO
MAX_CANDIDATES = 5 
MAX_SWAPS = 0
MAX_TRIALS = 1000
# MERGE_TOUR_FILE =
MOVE_TYPE = 5 SPECIAL
MTSP_MIN_SIZE = 1
MTSP_MAX_SIZE = 1039
# MTSP_SOLUTION_FILE = 
# NONSEQUENTIAL_MOVE_TYPE = 5
# OPTIMUM =
# OUTPUT_TOUR_FILE = 
PATCHING_A = 1 
PATCHING_C = 0 
# PI_FILE = 
POPMUSIC_INITIAL_TOUR = NO
POPMUSIC_MAX_NEIGHBORS = 5
POPMUSIC_SAMPLE_SIZE = 10
POPMUSIC_SOLUTIONS = 50
POPMUSIC_TRIALS = 1
POPULATION_SIZE = 10
PRECISION = 100
PROBLEM_FILE = result/cvrptw_500/cvrptw/71.cvrptw
RECOMBINATION = IPT
RESTRICTED_SEARCH = YES
RUNS = 1
SALESMEN = 20
SCALE = 1
SEED = 1234
# SINTEF_SOLUTION_FILE = 
STOP_AT_OPTIMUM = YES
SUBGRADIENT = YES
# SUBPROBLEM_SIZE =
# SUBPROBLEM_TOUR_FILE = 
SUBSEQUENT_MOVE_TYPE = 5 SPECIAL
SUBSEQUENT_PATCHING = YES
# TIME_LIMIT =
# TOUR_FILE = 
TRACE_LEVEL = 1
VEHICLES = 20

Lower bound = 27446459.5, Ascent time = 2.24 sec.
Cand.min = 5, Cand.avg = 5.0, Cand.max = 5
Edges.fixed = 520 [Cost = 0]
Preprocessing time = 2.33 sec.
* 1: Cost = 6346332_55557909, Time = 4.06 sec. 
-Trial 1 6346332 55557909 6.393279
-Trial 2 6346332 55557909 6.613588
* 3: Cost = 6018791_53302822, Time = 5.04 sec. 
-Trial 3 6018791 53302822 7.377290
* 4: Cost = 6018791_52966808, Time = 5.23 sec. 
-Trial 4 6018791 52966808 7.564820
* 5: Cost = 6018791_52773035, Time = 5.50 sec. 
-Trial 5 6018791 52773035 7.837185
* 6: Cost = 5998327_52493233, Time = 5.75 sec. 
-Trial 6 5998327 52493233 8.083105
* 7: Cost = 5998327_52180552, Time = 6.10 sec. 
-Trial 7 5998327 52180552 8.438289
-Trial 8 5998327 52180552 8.684230
-Trial 9 5998327 52180552 8.803124
-Trial 10 5998327 52180552 8.995006
* 11: Cost = 5998327_51905189, Time = 6.81 sec. 
-Trial 11 5998327 51905189 9.145097
* 12: Cost = 5935939_51407063, Time = 7.02 sec. 
-Trial 12 5935939 51407063 9.355062
* 13: Cost = 5935939_51097927, Time = 7.18 sec. 
-Trial 13 5935939 51097927 9.510420
-Trial 14 5935939 51097927 9.635425
* 15: Cost = 5935939_50818096, Time = 7.41 sec. 
-Trial 15 5935939 50818096 9.740723
-Trial 16 5935939 50818096 9.844628
* 17: Cost = 5935939_50537347, Time = 7.68 sec. 
-Trial 17 5935939 50537347 10.020355
-Trial 18 5935939 50537347 10.209497
-Trial 19 5935939 50537347 10.291719
* 20: Cost = 5935939_49861933, Time = 8.11 sec. 
-Trial 20 5935939 49861933 10.449347
* 21: Cost = 2471097_50116418, Time = 8.31 sec. 
-Trial 21 2471097 50116418 10.641928
* 22: Cost = 2471097_49988553, Time = 8.48 sec. 
-Trial 22 2471097 49988553 10.811148
* 23: Cost = 2471097_49717035, Time = 8.53 sec. 
-Trial 23 2471097 49717035 10.869644
* 24: Cost = 991316_48589304, Time = 8.69 sec. 
-Trial 24 991316 48589304 11.029286
* 25: Cost = 238355_48869598, Time = 8.83 sec. 
-Trial 25 238355 48869598 11.161937
* 26: Cost = 90454_49094600, Time = 8.86 sec. 
-Trial 26 90454 49094600 11.190889
* 27: Cost = 11526_49195529, Time = 8.92 sec. 
-Trial 27 11526 49195529 11.255854
* 28: Cost = 11526_49024880, Time = 9.01 sec. 
-Trial 28 11526 49024880 11.347575
* 29: Cost = 11526_48252237, Time = 9.27 sec. 
-Trial 29 11526 48252237 11.601243
-Trial 30 11526 48252237 11.664557
-Trial 31 11526 48252237 11.668318
* 32: Cost = 11526_48224995, Time = 9.48 sec. 
-Trial 32 11526 48224995 11.811398
* 33: Cost = 11526_47992212, Time = 9.56 sec. 
-Trial 33 11526 47992212 11.894710
* 34: Cost = 11526_47706832, Time = 9.60 sec. 
-Trial 34 11526 47706832 11.938126
* 35: Cost = 11526_46970260, Time = 9.83 sec. 
-Trial 35 11526 46970260 12.168090
* 36: Cost = 11526_46639982, Time = 9.90 sec. 
-Trial 36 11526 46639982 12.238988
* 37: Cost = 11526_46596850, Time = 9.98 sec. 
-Trial 37 11526 46596850 12.318901
-Trial 38 11526 46596850 12.385384
-Trial 39 11526 46596850 12.464014
-Trial 40 11526 46596850 12.532451
* 41: Cost = 0_46700525, Time = 10.31 sec. 
-Trial 41 0 46700525 12.640602
* 42: Cost = 0_46599849, Time = 10.34 sec. 
-Trial 42 0 46599849 12.677867
* 43: Cost = 0_46026419, Time = 10.36 sec. 
-Trial 43 0 46026419 12.692780
-Trial 44 0 46026419 12.709470
-Trial 45 0 46026419 12.740418
-Trial 46 0 46026419 12.766141
-Trial 47 0 46026419 12.885381
* 48: Cost = 0_45927518, Time = 10.57 sec. 
-Trial 48 0 45927518 12.901213
-Trial 49 0 45927518 12.906514
-Trial 50 0 45927518 12.916422
-Trial 51 0 45927518 12.919372
-Trial 52 0 45927518 12.955108
* 53: Cost = 0_45881844, Time = 10.63 sec. 
-Trial 53 0 45881844 12.964074
-Trial 54 0 45881844 12.972571
-Trial 55 0 45881844 12.973053
-Trial 56 0 45881844 12.973782
-Trial 57 0 45881844 12.979507
-Trial 58 0 45881844 13.035089
* 59: Cost = 0_45725637, Time = 10.72 sec. 
-Trial 59 0 45725637 13.054136
-Trial 60 0 45725637 13.076252
-Trial 61 0 45725637 13.076735
* 62: Cost = 0_45577305, Time = 10.79 sec. 
-Trial 62 0 45577305 13.123439
-Trial 63 0 45577305 13.150029
-Trial 64 0 45577305 13.157658
-Trial 65 0 45577305 13.283906
* 66: Cost = 0_45379362, Time = 11.05 sec. 
-Trial 66 0 45379362 13.383344
-Trial 67 0 45379362 13.425632
-Trial 68 0 45379362 13.525336
-Trial 69 0 45379362 13.534580
-Trial 70 0 45379362 13.589511
-Trial 71 0 45379362 13.604490
-Trial 72 0 45379362 13.608793
-Trial 73 0 45379362 13.619999
-Trial 74 0 45379362 13.632748
-Trial 75 0 45379362 13.650507
* 76: Cost = 0_45274481, Time = 11.34 sec. 
-Trial 76 0 45274481 13.671865
* 77: Cost = 0_45073974, Time = 11.35 sec. 
-Trial 77 0 45073974 13.689555
-Trial 78 0 45073974 13.716529
-Trial 79 0 45073974 13.747252
-Trial 80 0 45073974 13.758064
-Trial 81 0 45073974 13.782266
* 82: Cost = 0_44964331, Time = 11.45 sec. 
-Trial 82 0 44964331 13.789814
* 83: Cost = 0_44821392, Time = 11.48 sec. 
-Trial 83 0 44821392 13.811347
-Trial 84 0 44821392 13.843662
* 85: Cost = 0_44792927, Time = 11.56 sec. 
-Trial 85 0 44792927 13.895609
-Trial 86 0 44792927 13.904596
-Trial 87 0 44792927 13.934108
-Trial 88 0 44792927 14.096231
-Trial 89 0 44792927 14.100325
-Trial 90 0 44792927 14.115387
-Trial 91 0 44792927 14.124990
* 92: Cost = 0_44707765, Time = 11.85 sec. 
-Trial 92 0 44707765 14.188252
* 93: Cost = 0_44662065, Time = 11.87 sec. 
-Trial 93 0 44662065 14.201938
-Trial 94 0 44662065 14.204489
-Trial 95 0 44662065 14.207415
* 96: Cost = 0_44491334, Time = 11.89 sec. 
-Trial 96 0 44491334 14.224412
-Trial 97 0 44491334 14.245572
-Trial 98 0 44491334 14.297480
* 99: Cost = 0_44484172, Time = 11.98 sec. 
-Trial 99 0 44484172 14.315691
-Trial 100 0 44484172 14.322238
-Trial 101 0 44484172 14.406320
-Trial 102 0 44484172 14.435200
-Trial 103 0 44484172 14.518789
-Trial 104 0 44484172 14.519385
-Trial 105 0 44484172 14.519811
* 106: Cost = 0_44385715, Time = 12.20 sec. 
-Trial 106 0 44385715 14.538608
-Trial 107 0 44385715 14.539841
-Trial 108 0 44385715 14.551877
-Trial 109 0 44385715 14.582210
* 110: Cost = 0_44124448, Time = 12.26 sec. 
-Trial 110 0 44124448 14.592352
-Trial 111 0 44124448 14.607491
-Trial 112 0 44124448 14.682490
-Trial 113 0 44124448 14.717479
* 114: Cost = 0_44009447, Time = 12.43 sec. 
-Trial 114 0 44009447 14.762948
-Trial 115 0 44009447 14.786583
-Trial 116 0 44009447 14.829433
-Trial 117 0 44009447 14.916643
* 118: Cost = 0_44004403, Time = 12.64 sec. 
-Trial 118 0 44004403 14.974378
-Trial 119 0 44004403 14.987659
* 120: Cost = 0_43874838, Time = 12.66 sec. 
-Trial 120 0 43874838 14.994563
-Trial 121 0 43874838 15.023705
-Trial 122 0 43874838 15.027442
* 123: Cost = 0_43725657, Time = 12.79 sec. 
-Trial 123 0 43725657 15.121721
-Trial 124 0 43725657 15.139010
-Trial 125 0 43725657 15.167187
-Trial 126 0 43725657 15.173788
* 127: Cost = 0_43701267, Time = 12.85 sec. 
-Trial 127 0 43701267 15.190303
-Trial 128 0 43701267 15.200027
-Trial 129 0 43701267 15.226201
-Trial 130 0 43701267 15.235164
-Trial 131 0 43701267 15.267463
-Trial 132 0 43701267 15.309000
-Trial 133 0 43701267 15.335926
* 134: Cost = 0_43612055, Time = 13.05 sec. 
-Trial 134 0 43612055 15.389661
-Trial 135 0 43612055 15.399387
-Trial 136 0 43612055 15.420303
-Trial 137 0 43612055 15.425596
-Trial 138 0 43612055 15.521384
-Trial 139 0 43612055 15.538911
-Trial 140 0 43612055 15.543566
* 141: Cost = 0_43337196, Time = 13.23 sec. 
-Trial 141 0 43337196 15.561657
-Trial 142 0 43337196 15.570496
-Trial 143 0 43337196 15.574289
* 144: Cost = 0_43332379, Time = 13.28 sec. 
-Trial 144 0 43332379 15.613177
-Trial 145 0 43332379 15.620061
-Trial 146 0 43332379 15.626757
-Trial 147 0 43332379 15.628128
-Trial 148 0 43332379 15.643517
-Trial 149 0 43332379 15.667964
-Trial 150 0 43332379 15.694908
-Trial 151 0 43332379 15.732176
-Trial 152 0 43332379 15.788177
-Trial 153 0 43332379 15.831853
* 154: Cost = 0_43327635, Time = 13.54 sec. 
-Trial 154 0 43327635 15.877825
-Trial 155 0 43327635 15.967283
-Trial 156 0 43327635 15.998904
-Trial 157 0 43327635 16.212287
-Trial 158 0 43327635 16.293292
-Trial 159 0 43327635 16.371644
-Trial 160 0 43327635 16.416115
-Trial 161 0 43327635 16.436292
-Trial 162 0 43327635 16.449239
-Trial 163 0 43327635 16.482573
-Trial 164 0 43327635 16.486161
-Trial 165 0 43327635 16.534346
-Trial 166 0 43327635 16.561278
-Trial 167 0 43327635 16.564814
-Trial 168 0 43327635 16.740283
-Trial 169 0 43327635 16.753194
-Trial 170 0 43327635 16.834425
-Trial 171 0 43327635 16.837953
-Trial 172 0 43327635 16.919218
-Trial 173 0 43327635 16.941274
-Trial 174 0 43327635 16.973471
-Trial 175 0 43327635 17.181368
-Trial 176 0 43327635 17.241051
-Trial 177 0 43327635 17.258998
-Trial 178 0 43327635 17.279725
-Trial 179 0 43327635 17.311773
* 180: Cost = 0_43310924, Time = 14.99 sec. 
-Trial 180 0 43310924 17.320475
-Trial 181 0 43310924 17.331260
-Trial 182 0 43310924 17.342709
-Trial 183 0 43310924 17.343415
-Trial 184 0 43310924 17.348025
-Trial 185 0 43310924 17.353861
-Trial 186 0 43310924 17.383355
-Trial 187 0 43310924 17.436948
-Trial 188 0 43310924 17.461955
* 189: Cost = 0_43294086, Time = 15.13 sec. 
-Trial 189 0 43294086 17.470154
-Trial 190 0 43294086 17.505603
-Trial 191 0 43294086 17.527546
-Trial 192 0 43294086 17.548825
-Trial 193 0 43294086 17.554988
-Trial 194 0 43294086 17.606283
-Trial 195 0 43294086 17.615119
-Trial 196 0 43294086 17.645422
-Trial 197 0 43294086 17.697354
* 198: Cost = 0_43136981, Time = 15.37 sec. 
-Trial 198 0 43136981 17.705977
-Trial 199 0 43136981 17.749760
-Trial 200 0 43136981 17.781560
-Trial 201 0 43136981 17.790714
-Trial 202 0 43136981 17.801361
-Trial 203 0 43136981 17.823048
-Trial 204 0 43136981 18.165714
-Trial 205 0 43136981 18.176327
-Trial 206 0 43136981 18.217668
-Trial 207 0 43136981 18.233213
* 208: Cost = 0_43134347, Time = 15.93 sec. 
-Trial 208 0 43134347 18.271013
-Trial 209 0 43134347 18.285724
-Trial 210 0 43134347 18.292222
-Trial 211 0 43134347 18.315607
-Trial 212 0 43134347 18.370205
-Trial 213 0 43134347 18.370810
-Trial 214 0 43134347 18.406457
-Trial 215 0 43134347 18.507590
-Trial 216 0 43134347 18.521453
-Trial 217 0 43134347 18.563340
-Trial 218 0 43134347 18.588510
-Trial 219 0 43134347 18.613001
* 220: Cost = 0_43126202, Time = 16.31 sec. 
-Trial 220 0 43126202 18.645409
-Trial 221 0 43126202 18.651797
-Trial 222 0 43126202 18.730777
-Trial 223 0 43126202 18.775447
-Trial 224 0 43126202 18.792896
-Trial 225 0 43126202 18.842536
-Trial 226 0 43126202 18.857846
-Trial 227 0 43126202 18.860734
-Trial 228 0 43126202 18.884660
-Trial 229 0 43126202 18.902893
-Trial 230 0 43126202 18.919294
-Trial 231 0 43126202 18.935407
-Trial 232 0 43126202 18.953022
-Trial 233 0 43126202 18.960536
-Trial 234 0 43126202 18.964165
-Trial 235 0 43126202 18.972535
-Trial 236 0 43126202 19.008609
-Trial 237 0 43126202 19.085933
-Trial 238 0 43126202 19.139732
-Trial 239 0 43126202 19.158263
-Trial 240 0 43126202 19.472624
-Trial 241 0 43126202 19.480683
-Trial 242 0 43126202 19.491717
-Trial 243 0 43126202 19.533595
-Trial 244 0 43126202 19.536121
-Trial 245 0 43126202 19.560651
-Trial 246 0 43126202 19.571197
-Trial 247 0 43126202 19.573052
* 248: Cost = 0_42930023, Time = 17.27 sec. 
-Trial 248 0 42930023 19.606038
* 249: Cost = 0_42878351, Time = 17.28 sec. 
-Trial 249 0 42878351 19.616983
-Trial 250 0 42878351 19.647408
* 251: Cost = 0_42861381, Time = 17.33 sec. 
-Trial 251 0 42861381 19.663251
-Trial 252 0 42861381 19.681828
-Trial 253 0 42861381 19.705545
-Trial 254 0 42861381 19.714477
-Trial 255 0 42861381 19.728542
-Trial 256 0 42861381 19.742474
-Trial 257 0 42861381 19.798260
-Trial 258 0 42861381 19.809939
-Trial 259 0 42861381 19.819229
-Trial 260 0 42861381 19.835200
-Trial 261 0 42861381 19.864381
-Trial 262 0 42861381 19.868692
-Trial 263 0 42861381 19.904098
-Trial 264 0 42861381 19.921679
-Trial 265 0 42861381 20.006254
-Trial 266 0 42861381 20.013294
-Trial 267 0 42861381 20.048538
-Trial 268 0 42861381 20.082485
-Trial 269 0 42861381 20.085867
-Trial 270 0 42861381 20.097844
-Trial 271 0 42861381 20.119601
-Trial 272 0 42861381 20.133089
-Trial 273 0 42861381 20.169314
-Trial 274 0 42861381 20.194965
-Trial 275 0 42861381 20.212461
-Trial 276 0 42861381 20.233344
-Trial 277 0 42861381 20.254386
-Trial 278 0 42861381 20.278406
-Trial 279 0 42861381 20.336801
-Trial 280 0 42861381 20.353198
-Trial 281 0 42861381 20.393718
-Trial 282 0 42861381 20.409068
-Trial 283 0 42861381 20.439978
-Trial 284 0 42861381 20.447579
-Trial 285 0 42861381 20.448745
-Trial 286 0 42861381 20.470084
-Trial 287 0 42861381 20.486485
-Trial 288 0 42861381 20.503231
-Trial 289 0 42861381 20.509627
-Trial 290 0 42861381 20.548974
-Trial 291 0 42861381 20.558459
-Trial 292 0 42861381 20.571251
-Trial 293 0 42861381 20.604079
-Trial 294 0 42861381 20.623664
-Trial 295 0 42861381 20.649891
-Trial 296 0 42861381 20.795626
-Trial 297 0 42861381 20.808226
-Trial 298 0 42861381 20.831807
-Trial 299 0 42861381 20.852911
-Trial 300 0 42861381 20.894557
-Trial 301 0 42861381 20.967726
-Trial 302 0 42861381 20.977792
-Trial 303 0 42861381 21.161546
-Trial 304 0 42861381 21.184930
-Trial 305 0 42861381 21.195174
-Trial 306 0 42861381 21.210989
-Trial 307 0 42861381 21.230882
-Trial 308 0 42861381 21.300482
-Trial 309 0 42861381 21.343635
-Trial 310 0 42861381 21.349225
-Trial 311 0 42861381 21.360057
-Trial 312 0 42861381 21.376264
-Trial 313 0 42861381 21.396340
-Trial 314 0 42861381 21.411083
-Trial 315 0 42861381 21.428437
-Trial 316 0 42861381 21.440018
-Trial 317 0 42861381 21.477194
-Trial 318 0 42861381 21.479813
* 319: Cost = 0_42856774, Time = 19.15 sec. 
-Trial 319 0 42856774 21.488423
-Trial 320 0 42856774 21.494719
-Trial 321 0 42856774 21.510489
-Trial 322 0 42856774 21.515265
-Trial 323 0 42856774 21.527549
-Trial 324 0 42856774 21.538696
* 325: Cost = 0_42792821, Time = 19.23 sec. 
-Trial 325 0 42792821 21.563574
-Trial 326 0 42792821 21.600701
-Trial 327 0 42792821 21.610654
-Trial 328 0 42792821 21.626935
-Trial 329 0 42792821 21.634496
-Trial 330 0 42792821 21.645534
-Trial 331 0 42792821 21.669433
-Trial 332 0 42792821 21.689963
-Trial 333 0 42792821 21.718951
-Trial 334 0 42792821 21.764406
-Trial 335 0 42792821 21.771563
-Trial 336 0 42792821 21.799941
-Trial 337 0 42792821 21.816163
-Trial 338 0 42792821 21.818182
-Trial 339 0 42792821 21.840095
-Trial 340 0 42792821 21.864967
* 341: Cost = 0_42787901, Time = 19.55 sec. 
-Trial 341 0 42787901 21.884678
-Trial 342 0 42787901 21.893918
-Trial 343 0 42787901 21.911485
-Trial 344 0 42787901 21.953292
-Trial 345 0 42787901 21.977889
-Trial 346 0 42787901 21.985985
-Trial 347 0 42787901 21.991048
-Trial 348 0 42787901 22.007268
-Trial 349 0 42787901 22.011755
-Trial 350 0 42787901 22.038028
-Trial 351 0 42787901 22.039375
-Trial 352 0 42787901 22.048696
-Trial 353 0 42787901 22.087310
-Trial 354 0 42787901 22.092070
-Trial 355 0 42787901 22.107552
-Trial 356 0 42787901 22.116365
-Trial 357 0 42787901 22.127191
-Trial 358 0 42787901 22.132881
-Trial 359 0 42787901 22.144503
-Trial 360 0 42787901 22.152834
* 361: Cost = 0_42679541, Time = 19.82 sec. 
-Trial 361 0 42679541 22.155360
-Trial 362 0 42679541 22.159048
-Trial 363 0 42679541 22.209150
-Trial 364 0 42679541 22.220082
-Trial 365 0 42679541 22.306716
-Trial 366 0 42679541 22.334878
-Trial 367 0 42679541 22.342463
* 368: Cost = 0_42673969, Time = 20.02 sec. 
-Trial 368 0 42673969 22.351692
-Trial 369 0 42673969 22.364615
-Trial 370 0 42673969 22.371778
* 371: Cost = 0_42548018, Time = 20.06 sec. 
-Trial 371 0 42548018 22.399875
-Trial 372 0 42548018 22.460417
* 373: Cost = 0_42512329, Time = 20.16 sec. 
-Trial 373 0 42512329 22.492534
-Trial 374 0 42512329 22.500748
-Trial 375 0 42512329 22.618152
* 376: Cost = 0_42473604, Time = 20.30 sec. 
-Trial 376 0 42473604 22.632163
-Trial 377 0 42473604 22.833776
-Trial 378 0 42473604 22.933729
-Trial 379 0 42473604 22.955909
-Trial 380 0 42473604 23.021839
-Trial 381 0 42473604 23.030877
-Trial 382 0 42473604 23.049613
-Trial 383 0 42473604 23.069224
-Trial 384 0 42473604 23.087671
-Trial 385 0 42473604 23.088061
-Trial 386 0 42473604 23.229633
-Trial 387 0 42473604 23.236810
-Trial 388 0 42473604 23.263728
-Trial 389 0 42473604 23.271883
-Trial 390 0 42473604 23.299081
-Trial 391 0 42473604 23.338522
-Trial 392 0 42473604 23.352592
-Trial 393 0 42473604 23.371033
-Trial 394 0 42473604 23.373223
-Trial 395 0 42473604 23.376075
-Trial 396 0 42473604 23.388986
-Trial 397 0 42473604 23.398867
-Trial 398 0 42473604 23.408047
-Trial 399 0 42473604 23.433221
-Trial 400 0 42473604 23.451499
-Trial 401 0 42473604 23.469109
-Trial 402 0 42473604 23.475261
-Trial 403 0 42473604 23.505448
-Trial 404 0 42473604 23.537403
-Trial 405 0 42473604 23.551337
-Trial 406 0 42473604 23.631001
-Trial 407 0 42473604 23.651056
-Trial 408 0 42473604 23.668398
-Trial 409 0 42473604 23.751344
-Trial 410 0 42473604 23.775069
-Trial 411 0 42473604 23.783242
-Trial 412 0 42473604 23.828633
-Trial 413 0 42473604 23.844965
-Trial 414 0 42473604 23.887769
-Trial 415 0 42473604 23.943828
-Trial 416 0 42473604 23.947381
-Trial 417 0 42473604 23.952750
-Trial 418 0 42473604 23.956377
-Trial 419 0 42473604 23.957207
-Trial 420 0 42473604 23.968537
-Trial 421 0 42473604 23.992785
-Trial 422 0 42473604 23.995111
-Trial 423 0 42473604 24.005795
* 424: Cost = 0_42465518, Time = 21.68 sec. 
-Trial 424 0 42465518 24.013655
-Trial 425 0 42465518 24.035052
-Trial 426 0 42465518 24.055329
-Trial 427 0 42465518 24.072973
-Trial 428 0 42465518 24.083317
-Trial 429 0 42465518 24.096753
-Trial 430 0 42465518 24.119160
-Trial 431 0 42465518 24.256657
-Trial 432 0 42465518 24.276528
-Trial 433 0 42465518 24.490516
-Trial 434 0 42465518 24.516360
-Trial 435 0 42465518 24.552836
-Trial 436 0 42465518 24.571514
-Trial 437 0 42465518 24.580611
-Trial 438 0 42465518 24.593846
-Trial 439 0 42465518 24.598138
-Trial 440 0 42465518 24.610966
-Trial 441 0 42465518 24.671028
-Trial 442 0 42465518 24.709078
-Trial 443 0 42465518 24.733743
-Trial 444 0 42465518 24.755512
-Trial 445 0 42465518 24.757490
-Trial 446 0 42465518 24.763712
-Trial 447 0 42465518 24.768990
-Trial 448 0 42465518 24.780382
-Trial 449 0 42465518 24.851607
-Trial 450 0 42465518 24.866520
-Trial 451 0 42465518 24.886839
-Trial 452 0 42465518 24.888197
-Trial 453 0 42465518 24.897570
-Trial 454 0 42465518 24.902727
-Trial 455 0 42465518 25.023888
-Trial 456 0 42465518 25.029500
-Trial 457 0 42465518 25.032747
-Trial 458 0 42465518 25.037817
-Trial 459 0 42465518 25.058898
-Trial 460 0 42465518 25.071384
-Trial 461 0 42465518 25.092528
-Trial 462 0 42465518 25.107203
-Trial 463 0 42465518 25.111036
-Trial 464 0 42465518 25.122965
-Trial 465 0 42465518 25.128250
-Trial 466 0 42465518 25.139163
-Trial 467 0 42465518 25.153083
-Trial 468 0 42465518 25.164298
-Trial 469 0 42465518 25.166252
-Trial 470 0 42465518 25.223016
-Trial 471 0 42465518 25.285908
-Trial 472 0 42465518 25.372668
-Trial 473 0 42465518 25.395505
-Trial 474 0 42465518 25.395998
-Trial 475 0 42465518 25.398184
-Trial 476 0 42465518 25.409187
-Trial 477 0 42465518 25.419229
-Trial 478 0 42465518 25.437162
-Trial 479 0 42465518 25.464735
-Trial 480 0 42465518 25.467085
-Trial 481 0 42465518 25.474310
-Trial 482 0 42465518 25.480054
-Trial 483 0 42465518 25.500633
-Trial 484 0 42465518 25.508459
-Trial 485 0 42465518 25.535485
-Trial 486 0 42465518 25.540076
-Trial 487 0 42465518 25.566070
-Trial 488 0 42465518 25.634222
* 489: Cost = 0_42435338, Time = 23.30 sec. 
-Trial 489 0 42435338 25.637047
-Trial 490 0 42435338 25.682776
-Trial 491 0 42435338 25.686670
-Trial 492 0 42435338 25.762638
-Trial 493 0 42435338 25.764617
-Trial 494 0 42435338 25.772159
-Trial 495 0 42435338 25.984586
-Trial 496 0 42435338 25.990415
* 497: Cost = 0_42418457, Time = 23.67 sec. 
-Trial 497 0 42418457 26.008769
-Trial 498 0 42418457 26.016511
-Trial 499 0 42418457 26.065513
-Trial 500 0 42418457 26.106429
-Trial 501 0 42418457 26.115086
-Trial 502 0 42418457 26.146878
-Trial 503 0 42418457 26.157382
-Trial 504 0 42418457 26.206800
-Trial 505 0 42418457 26.217222
-Trial 506 0 42418457 26.225466
-Trial 507 0 42418457 26.242574
-Trial 508 0 42418457 26.291327
-Trial 509 0 42418457 26.312146
-Trial 510 0 42418457 26.314141
-Trial 511 0 42418457 26.385374
-Trial 512 0 42418457 26.404013
-Trial 513 0 42418457 26.410170
-Trial 514 0 42418457 26.419439
-Trial 515 0 42418457 26.424265
-Trial 516 0 42418457 26.446998
-Trial 517 0 42418457 26.460464
-Trial 518 0 42418457 26.511692
-Trial 519 0 42418457 26.533474
-Trial 520 0 42418457 26.536727
-Trial 521 0 42418457 26.550687
-Trial 522 0 42418457 26.566861
-Trial 523 0 42418457 26.576123
-Trial 524 0 42418457 26.615205
-Trial 525 0 42418457 26.635601
-Trial 526 0 42418457 26.635601
-Trial 527 0 42418457 26.637944
-Trial 528 0 42418457 26.641215
-Trial 529 0 42418457 26.679264
-Trial 530 0 42418457 26.692642
-Trial 531 0 42418457 26.700380
-Trial 532 0 42418457 26.723241
-Trial 533 0 42418457 26.730910
-Trial 534 0 42418457 26.782274
-Trial 535 0 42418457 26.791059
-Trial 536 0 42418457 26.821999
-Trial 537 0 42418457 26.845231
-Trial 538 0 42418457 26.887804
-Trial 539 0 42418457 26.900277
-Trial 540 0 42418457 26.908053
-Trial 541 0 42418457 26.911672
-Trial 542 0 42418457 26.956053
-Trial 543 0 42418457 26.973947
-Trial 544 0 42418457 27.020907
-Trial 545 0 42418457 27.033176
-Trial 546 0 42418457 27.049615
-Trial 547 0 42418457 27.059742
-Trial 548 0 42418457 27.065812
-Trial 549 0 42418457 27.077760
-Trial 550 0 42418457 27.095682
-Trial 551 0 42418457 27.102404
-Trial 552 0 42418457 27.105322
-Trial 553 0 42418457 27.111396
-Trial 554 0 42418457 27.125885
-Trial 555 0 42418457 27.138973
-Trial 556 0 42418457 27.143136
-Trial 557 0 42418457 27.157899
-Trial 558 0 42418457 27.179520
-Trial 559 0 42418457 27.181727
-Trial 560 0 42418457 27.197218
-Trial 561 0 42418457 27.209860
-Trial 562 0 42418457 27.220848
-Trial 563 0 42418457 27.252351
-Trial 564 0 42418457 27.256669
-Trial 565 0 42418457 27.377800
-Trial 566 0 42418457 27.379271
-Trial 567 0 42418457 27.392865
-Trial 568 0 42418457 27.594406
-Trial 569 0 42418457 27.596640
-Trial 570 0 42418457 27.605716
-Trial 571 0 42418457 27.617733
-Trial 572 0 42418457 27.618279
-Trial 573 0 42418457 27.656103
-Trial 574 0 42418457 27.758715
-Trial 575 0 42418457 27.825266
-Trial 576 0 42418457 27.846546
-Trial 577 0 42418457 27.858699
-Trial 578 0 42418457 27.876480
-Trial 579 0 42418457 27.887496
* 580: Cost = 0_42410624, Time = 25.65 sec. 
-Trial 580 0 42410624 27.980740
-Trial 581 0 42410624 28.032996
-Trial 582 0 42410624 28.040212
-Trial 583 0 42410624 28.058652
-Trial 584 0 42410624 28.075862
-Trial 585 0 42410624 28.086262
-Trial 586 0 42410624 28.127419
-Trial 587 0 42410624 28.180387
-Trial 588 0 42410624 28.203422
-Trial 589 0 42410624 28.218365
-Trial 590 0 42410624 28.224008
-Trial 591 0 42410624 28.260571
-Trial 592 0 42410624 28.478393
-Trial 593 0 42410624 28.531817
-Trial 594 0 42410624 28.571439
-Trial 595 0 42410624 28.584677
-Trial 596 0 42410624 28.695024
-Trial 597 0 42410624 28.714629
-Trial 598 0 42410624 28.723775
-Trial 599 0 42410624 28.759699
-Trial 600 0 42410624 28.779708
-Trial 601 0 42410624 28.915553
-Trial 602 0 42410624 28.919018
-Trial 603 0 42410624 28.920408
-Trial 604 0 42410624 28.925680
-Trial 605 0 42410624 28.944374
-Trial 606 0 42410624 28.987014
-Trial 607 0 42410624 28.993816
-Trial 608 0 42410624 29.058682
-Trial 609 0 42410624 29.072071
-Trial 610 0 42410624 29.223513
-Trial 611 0 42410624 29.249421
-Trial 612 0 42410624 29.258547
-Trial 613 0 42410624 29.273622
-Trial 614 0 42410624 29.281511
-Trial 615 0 42410624 29.301510
-Trial 616 0 42410624 29.310893
-Trial 617 0 42410624 29.362296
-Trial 618 0 42410624 29.404076
* 619: Cost = 0_42407856, Time = 27.18 sec. 
-Trial 619 0 42407856 29.516775
-Trial 620 0 42407856 29.521149
-Trial 621 0 42407856 29.537554
-Trial 622 0 42407856 29.563494
-Trial 623 0 42407856 29.596930
-Trial 624 0 42407856 29.604726
-Trial 625 0 42407856 29.623112
-Trial 626 0 42407856 29.636239
-Trial 627 0 42407856 29.706264
-Trial 628 0 42407856 29.721571
-Trial 629 0 42407856 29.728724
-Trial 630 0 42407856 29.738677
-Trial 631 0 42407856 29.744835
-Trial 632 0 42407856 29.768760
* 633: Cost = 0_42404340, Time = 27.56 sec. 
-Trial 633 0 42404340 29.895251
-Trial 634 0 42404340 29.976659
-Trial 635 0 42404340 29.987868
-Trial 636 0 42404340 30.038875
-Trial 637 0 42404340 30.063702
-Trial 638 0 42404340 30.071511
-Trial 639 0 42404340 30.073570
-Trial 640 0 42404340 30.081584
-Trial 641 0 42404340 30.082765
-Trial 642 0 42404340 30.105344
-Trial 643 0 42404340 30.107347
-Trial 644 0 42404340 30.156199
-Trial 645 0 42404340 30.167532
-Trial 646 0 42404340 30.174410
-Trial 647 0 42404340 30.190582
* 648: Cost = 0_42379763, Time = 27.87 sec. 
-Trial 648 0 42379763 30.203611
* 649: Cost = 0_42353515, Time = 27.87 sec. 
-Trial 649 0 42353515 30.209428
-Trial 650 0 42353515 30.259387
-Trial 651 0 42353515 30.296844
-Trial 652 0 42353515 30.297310
-Trial 653 0 42353515 30.321760
-Trial 654 0 42353515 30.325144
-Trial 655 0 42353515 30.332151
-Trial 656 0 42353515 30.371877
-Trial 657 0 42353515 30.438955
-Trial 658 0 42353515 30.462931
-Trial 659 0 42353515 30.474595
-Trial 660 0 42353515 30.498832
-Trial 661 0 42353515 30.540794
-Trial 662 0 42353515 30.577172
-Trial 663 0 42353515 30.583456
-Trial 664 0 42353515 30.590221
* 665: Cost = 0_42328856, Time = 28.29 sec. 
-Trial 665 0 42328856 30.626787
-Trial 666 0 42328856 30.630695
-Trial 667 0 42328856 30.655766
-Trial 668 0 42328856 30.701086
-Trial 669 0 42328856 30.720127
-Trial 670 0 42328856 30.738867
-Trial 671 0 42328856 30.741353
-Trial 672 0 42328856 30.752935
-Trial 673 0 42328856 30.760614
-Trial 674 0 42328856 30.772326
-Trial 675 0 42328856 30.785344
-Trial 676 0 42328856 30.853947
-Trial 677 0 42328856 30.882345
-Trial 678 0 42328856 30.887522
-Trial 679 0 42328856 30.940574
-Trial 680 0 42328856 30.948330
-Trial 681 0 42328856 31.006344
-Trial 682 0 42328856 31.056332
-Trial 683 0 42328856 31.064374
-Trial 684 0 42328856 31.073988
-Trial 685 0 42328856 31.125063
-Trial 686 0 42328856 31.134561
-Trial 687 0 42328856 31.168205
-Trial 688 0 42328856 31.208110
-Trial 689 0 42328856 31.285207
-Trial 690 0 42328856 31.296128
-Trial 691 0 42328856 31.324102
-Trial 692 0 42328856 31.353749
-Trial 693 0 42328856 31.373097
-Trial 694 0 42328856 31.411977
-Trial 695 0 42328856 31.423820
-Trial 696 0 42328856 31.434952
-Trial 697 0 42328856 31.615245
-Trial 698 0 42328856 31.626931
-Trial 699 0 42328856 31.640637
-Trial 700 0 42328856 31.657369
-Trial 701 0 42328856 31.668045
-Trial 702 0 42328856 31.696568
-Trial 703 0 42328856 31.710499
-Trial 704 0 42328856 31.759734
-Trial 705 0 42328856 31.771461
-Trial 706 0 42328856 31.784713
-Trial 707 0 42328856 31.797947
-Trial 708 0 42328856 31.812380
-Trial 709 0 42328856 31.841792
-Trial 710 0 42328856 31.875407
-Trial 711 0 42328856 31.890277
-Trial 712 0 42328856 31.895997
-Trial 713 0 42328856 31.899447
-Trial 714 0 42328856 31.907100
-Trial 715 0 42328856 31.961125
-Trial 716 0 42328856 31.967990
-Trial 717 0 42328856 32.039848
-Trial 718 0 42328856 32.063731
-Trial 719 0 42328856 32.109110
-Trial 720 0 42328856 32.113269
-Trial 721 0 42328856 32.118055
-Trial 722 0 42328856 32.128505
-Trial 723 0 42328856 32.146822
-Trial 724 0 42328856 32.218872
-Trial 725 0 42328856 32.221540
-Trial 726 0 42328856 32.242081
-Trial 727 0 42328856 32.251141
-Trial 728 0 42328856 32.357134
-Trial 729 0 42328856 32.375272
-Trial 730 0 42328856 32.394926
-Trial 731 0 42328856 32.415545
-Trial 732 0 42328856 32.445783
-Trial 733 0 42328856 32.491513
-Trial 734 0 42328856 32.514593
-Trial 735 0 42328856 32.523030
-Trial 736 0 42328856 32.532564
-Trial 737 0 42328856 32.578558
-Trial 738 0 42328856 32.581894
-Trial 739 0 42328856 32.810886
-Trial 740 0 42328856 32.817557
-Trial 741 0 42328856 32.820032
-Trial 742 0 42328856 32.852633
-Trial 743 0 42328856 32.881283
-Trial 744 0 42328856 32.921516
-Trial 745 0 42328856 32.972709
-Trial 746 0 42328856 33.030557
-Trial 747 0 42328856 33.048558
-Trial 748 0 42328856 33.085924
-Trial 749 0 42328856 33.089423
-Trial 750 0 42328856 33.104314
-Trial 751 0 42328856 33.131060
-Trial 752 0 42328856 33.147701
-Trial 753 0 42328856 33.194352
-Trial 754 0 42328856 33.222590
-Trial 755 0 42328856 33.252634
-Trial 756 0 42328856 33.336377
-Trial 757 0 42328856 33.352351
-Trial 758 0 42328856 33.369653
-Trial 759 0 42328856 33.370065
* 760: Cost = 0_42294797, Time = 31.11 sec. 
-Trial 760 0 42294797 33.445985
-Trial 761 0 42294797 33.464175
-Trial 762 0 42294797 33.487793
-Trial 763 0 42294797 33.503748
-Trial 764 0 42294797 33.521987
-Trial 765 0 42294797 33.630854
-Trial 766 0 42294797 33.649641
-Trial 767 0 42294797 33.670726
* 768: Cost = 0_42201061, Time = 31.36 sec. 
-Trial 768 0 42201061 33.697854
-Trial 769 0 42201061 33.715169
-Trial 770 0 42201061 33.725721
-Trial 771 0 42201061 33.728502
-Trial 772 0 42201061 33.750631
-Trial 773 0 42201061 33.772992
* 774: Cost = 0_42189354, Time = 31.52 sec. 
-Trial 774 0 42189354 33.853787
-Trial 775 0 42189354 33.948531
-Trial 776 0 42189354 34.058475
-Trial 777 0 42189354 34.067149
-Trial 778 0 42189354 34.079016
-Trial 779 0 42189354 34.139653
-Trial 780 0 42189354 34.146646
-Trial 781 0 42189354 34.166008
-Trial 782 0 42189354 34.167653
-Trial 783 0 42189354 34.173860
-Trial 784 0 42189354 34.200025
-Trial 785 0 42189354 34.222875
-Trial 786 0 42189354 34.325557
* 787: Cost = 0_42078043, Time = 32.00 sec. 
-Trial 787 0 42078043 34.339321
-Trial 788 0 42078043 34.359296
-Trial 789 0 42078043 34.371180
-Trial 790 0 42078043 34.380782
-Trial 791 0 42078043 34.385573
-Trial 792 0 42078043 34.400255
-Trial 793 0 42078043 34.466388
-Trial 794 0 42078043 34.485440
-Trial 795 0 42078043 34.558138
-Trial 796 0 42078043 34.575685
-Trial 797 0 42078043 34.631134
-Trial 798 0 42078043 34.644492
-Trial 799 0 42078043 34.736295
-Trial 800 0 42078043 34.767606
-Trial 801 0 42078043 34.772271
-Trial 802 0 42078043 34.779712
-Trial 803 0 42078043 34.835811
-Trial 804 0 42078043 34.890135
-Trial 805 0 42078043 34.982567
-Trial 806 0 42078043 35.193521
-Trial 807 0 42078043 35.202878
-Trial 808 0 42078043 35.260850
-Trial 809 0 42078043 35.262177
-Trial 810 0 42078043 35.280711
-Trial 811 0 42078043 35.301879
-Trial 812 0 42078043 35.319909
-Trial 813 0 42078043 35.329210
-Trial 814 0 42078043 35.347680
-Trial 815 0 42078043 35.351521
-Trial 816 0 42078043 35.376896
-Trial 817 0 42078043 35.407296
-Trial 818 0 42078043 35.452683
-Trial 819 0 42078043 35.469904
-Trial 820 0 42078043 35.514840
-Trial 821 0 42078043 35.592488
-Trial 822 0 42078043 35.630959
-Trial 823 0 42078043 35.641385
-Trial 824 0 42078043 35.652395
-Trial 825 0 42078043 35.683933
-Trial 826 0 42078043 35.716830
-Trial 827 0 42078043 35.725459
-Trial 828 0 42078043 35.772578
-Trial 829 0 42078043 35.780774
-Trial 830 0 42078043 35.804632
-Trial 831 0 42078043 35.826302
-Trial 832 0 42078043 35.871574
-Trial 833 0 42078043 35.935877
-Trial 834 0 42078043 35.970867
-Trial 835 0 42078043 36.002268
-Trial 836 0 42078043 36.036872
-Trial 837 0 42078043 36.056387
-Trial 838 0 42078043 36.068106
-Trial 839 0 42078043 36.082453
-Trial 840 0 42078043 36.098979
-Trial 841 0 42078043 36.213141
-Trial 842 0 42078043 36.243622
-Trial 843 0 42078043 36.259361
-Trial 844 0 42078043 36.316119
-Trial 845 0 42078043 36.339010
-Trial 846 0 42078043 36.358125
-Trial 847 0 42078043 36.404975
-Trial 848 0 42078043 36.440381
-Trial 849 0 42078043 36.444703
-Trial 850 0 42078043 36.463537
-Trial 851 0 42078043 36.500602
-Trial 852 0 42078043 36.510106
-Trial 853 0 42078043 36.531340
-Trial 854 0 42078043 36.531392
-Trial 855 0 42078043 36.551967
-Trial 856 0 42078043 36.600844
-Trial 857 0 42078043 36.623281
-Trial 858 0 42078043 36.635511
-Trial 859 0 42078043 36.646208
-Trial 860 0 42078043 36.713959
-Trial 861 0 42078043 36.727102
-Trial 862 0 42078043 36.760404
-Trial 863 0 42078043 36.767102
-Trial 864 0 42078043 36.809574
-Trial 865 0 42078043 36.817010
-Trial 866 0 42078043 36.831653
-Trial 867 0 42078043 36.843477
-Trial 868 0 42078043 36.856295
-Trial 869 0 42078043 36.866224
-Trial 870 0 42078043 36.906712
-Trial 871 0 42078043 36.915684
-Trial 872 0 42078043 36.928350
-Trial 873 0 42078043 36.975240
-Trial 874 0 42078043 37.011254
-Trial 875 0 42078043 37.024674
-Trial 876 0 42078043 37.027732
-Trial 877 0 42078043 37.059401
-Trial 878 0 42078043 37.067338
-Trial 879 0 42078043 37.129500
-Trial 880 0 42078043 37.158589
-Trial 881 0 42078043 37.170862
-Trial 882 0 42078043 37.192040
-Trial 883 0 42078043 37.210042
-Trial 884 0 42078043 37.231197
-Trial 885 0 42078043 37.234623
-Trial 886 0 42078043 37.242967
-Trial 887 0 42078043 37.259437
-Trial 888 0 42078043 37.271482
* 889: Cost = 0_42027191, Time = 34.95 sec. 
-Trial 889 0 42027191 37.284367
-Trial 890 0 42027191 37.294968
-Trial 891 0 42027191 37.347515
-Trial 892 0 42027191 37.366350
-Trial 893 0 42027191 37.444447
-Trial 894 0 42027191 37.459092
-Trial 895 0 42027191 37.463864
-Trial 896 0 42027191 37.486868
-Trial 897 0 42027191 37.522024
-Trial 898 0 42027191 37.545460
-Trial 899 0 42027191 37.758967
-Trial 900 0 42027191 37.763566
-Trial 901 0 42027191 37.857491
-Trial 902 0 42027191 37.887981
-Trial 903 0 42027191 37.910782
-Trial 904 0 42027191 37.933334
* 905: Cost = 0_42012948, Time = 35.61 sec. 
-Trial 905 0 42012948 37.944234
-Trial 906 0 42012948 37.957672
-Trial 907 0 42012948 38.016265
-Trial 908 0 42012948 38.049189
-Trial 909 0 42012948 38.053887
-Trial 910 0 42012948 38.060519
-Trial 911 0 42012948 38.121757
-Trial 912 0 42012948 38.174777
-Trial 913 0 42012948 38.222295
-Trial 914 0 42012948 38.262341
-Trial 915 0 42012948 38.265738
-Trial 916 0 42012948 38.286188
-Trial 917 0 42012948 38.291337
* 918: Cost = 0_41986691, Time = 35.98 sec. 
-Trial 918 0 41986691 38.311648
-Trial 919 0 41986691 38.667021
-Trial 920 0 41986691 38.667737
-Trial 921 0 41986691 38.679161
-Trial 922 0 41986691 38.681601
-Trial 923 0 41986691 38.735547
-Trial 924 0 41986691 38.792913
-Trial 925 0 41986691 38.851517
-Trial 926 0 41986691 38.878279
-Trial 927 0 41986691 38.912981
-Trial 928 0 41986691 38.918882
-Trial 929 0 41986691 38.933820
-Trial 930 0 41986691 38.967759
-Trial 931 0 41986691 39.008041
-Trial 932 0 41986691 39.030383
-Trial 933 0 41986691 39.245298
-Trial 934 0 41986691 39.249377
-Trial 935 0 41986691 39.267982
-Trial 936 0 41986691 39.296898
-Trial 937 0 41986691 39.303121
-Trial 938 0 41986691 39.339399
-Trial 939 0 41986691 39.357220
-Trial 940 0 41986691 39.362760
-Trial 941 0 41986691 39.409108
-Trial 942 0 41986691 39.443976
-Trial 943 0 41986691 39.470811
-Trial 944 0 41986691 39.549149
-Trial 945 0 41986691 39.591484
-Trial 946 0 41986691 39.595078
-Trial 947 0 41986691 39.609366
-Trial 948 0 41986691 39.616395
-Trial 949 0 41986691 39.634873
-Trial 950 0 41986691 39.671767
-Trial 951 0 41986691 39.694179
-Trial 952 0 41986691 39.743631
-Trial 953 0 41986691 39.758956
-Trial 954 0 41986691 39.762980
-Trial 955 0 41986691 39.796215
-Trial 956 0 41986691 39.823552
-Trial 957 0 41986691 39.848160
-Trial 958 0 41986691 39.883466
-Trial 959 0 41986691 39.912108
-Trial 960 0 41986691 39.938781
-Trial 961 0 41986691 40.001675
-Trial 962 0 41986691 40.026876
-Trial 963 0 41986691 40.027360
-Trial 964 0 41986691 40.051121
-Trial 965 0 41986691 40.102593
-Trial 966 0 41986691 40.114879
-Trial 967 0 41986691 40.146010
-Trial 968 0 41986691 40.151993
-Trial 969 0 41986691 40.211903
-Trial 970 0 41986691 40.225309
-Trial 971 0 41986691 40.345380
-Trial 972 0 41986691 40.358510
-Trial 973 0 41986691 40.369073
-Trial 974 0 41986691 40.556395
-Trial 975 0 41986691 40.587458
-Trial 976 0 41986691 40.594728
-Trial 977 0 41986691 40.612171
-Trial 978 0 41986691 40.617329
-Trial 979 0 41986691 40.640875
-Trial 980 0 41986691 40.696421
-Trial 981 0 41986691 40.750217
-Trial 982 0 41986691 40.758723
-Trial 983 0 41986691 40.775111
-Trial 984 0 41986691 40.782070
-Trial 985 0 41986691 40.803131
-Trial 986 0 41986691 40.853574
-Trial 987 0 41986691 40.906162
-Trial 988 0 41986691 40.960429
-Trial 989 0 41986691 40.988345
-Trial 990 0 41986691 41.005732
-Trial 991 0 41986691 41.040811
-Trial 992 0 41986691 41.060513
-Trial 993 0 41986691 41.094852
-Trial 994 0 41986691 41.105478
-Trial 995 0 41986691 41.111536
-Trial 996 0 41986691 41.125204
-Trial 997 0 41986691 41.144639
-Trial 998 0 41986691 41.260838
-Trial 999 0 41986691 41.279296
-Trial 1000 0 41986691 41.284988
Population:
  1: 0_41986691
Run 1: Cost = 0_41986691, Time = 38.95 sec. 

Successes/Runs = 0/1 
Cost.min = 41986691, Cost.avg = 41986691.00, Cost.max = 41986691
Gap.min = 0.0000%, Gap.avg = 0.0000%, Gap.max = 0.0000%
Penalty.min = 0, Penalty.avg = 0.00, Penalty.max = 0
Trials.min = 1000, Trials.avg = 1000.0, Trials.max = 1000
Time.min = 38.95 sec., Time.avg = 38.95 sec., Time.max = 38.95 sec.
Time.total = 41.29 sec.
  Size.min = 18, Size.max = 39, Penalty = 0
  Cost.min = 1443010, Cost.max = 3793132, Cost.sum = 41986691
Best CVRPTW solution:
  Cost = 0_41986691
1 187 172 139 152 337 85 214 16 144 194 63 42 135 387 301 425 180 259 164 325 520 384 147 364 330 51 476 494 329 149 251 433 109 396 68 437 236 190 399 370 376 483 89 265 487 287 65 506 414 58 43 415 428 181 193 206 375 422 130 496 457 196 209 199 385 12 186 308 215 15 203 45 9 328 482 19 239 321 514 115 99 327 405 272 500 5 306 128 97 175 14 316 113 358 470 490 222 133 10 296 118 177 516 435 420 88 350 131 313 404 80 82 369 176 436 388 276 492 208 146 263 311 519 488 24 92 282 442 182 269 373 35 322 343 372 390 434 242 410 120 40 53 400 201 49 64 257 90 25 268 55 447 290 256 318 264 510 466 481 484 452 134 497 165 231 153 340 170 305 315 397 298 100 94 283 119 39 44 352 81 416 218 108 145 106 507 383 101 169 173 485 154 157 293 312 174 28 439 229 320 367 34 361 468 349 217 362 515 310 216 29 469 197 299 281 110 323 41 136 198 71 137 449 189 398 357 250 168 184 241 162 395 513 355 36 126 227 424 52 391 393 191 204 200 122 332 104 389 366 292 348 140 454 418 380 374 512 235 27 4 243 446 423 2 459 407 260 411 185 69 477 37 245 93 450 18 379 403 392 61 46 336 505 26 431 166 430 462 192 360 79 30 443 419 96 142 70 271 465 499 252 105 84 72 232 417 517 188 273 334 244 249 307 3 124 22 20 478 255 413 463 279 161 275 83 285 121 98 48 102 76 278 455 365 377 363 458 57 346 195 284 333 456 156 125 141 508 129 331 479 258 382 56 225 402 112 220 304 432 50 266 473 86 237 335 59 351 286 261 408 31 159 401 302 95 179 223 60 461 502 359 254 381 8 262 17 324 319 13 472 7 501 210 294 11 464 221 77 6 406 518 212 475 438 38 303 23 148 87 274 73 386 233 356 66 270 107 151 354 427 341 167 345 353 291 67 347 503 21 326 75 460 62 440 247 471 123 289 253 202 138 288 495 114 211 441 342 47 103 117 511 474 219 409 240 54 448 116 486 183 368 280 248 155 429 467 493 238 150 111 32 509 300 74 317 344 160 451 371 412 143 228 480 230 421 394 246 295 267 309 504 132 226 224 127 205 338 444 378 91 213 314 33 445 339 491 489 207 178 158 297 277 171 453 498 234 426 163 78 1 
