PARAMETER_FILE = result/cvrptw_500/LKH_para/720.para
Reading PROBLEM_FILE: "result/cvrptw_500/cvrptw/720.cvrptw" ... done
ASCENT_CANDIDATES = 50
BACKBONE_TRIALS = 0
BACKTRACKING = NO
# BWTSP =
# CANDIDATE_FILE =
CANDIDATE_SET_TYPE = ALPHA
DEPOT = 1
# EDGE_FILE =
EXCESS = 0.0384615
EXTERNAL_SALESMEN = 0
EXTRA_CANDIDATES = 0 
EXTRA_CANDIDATE_SET_TYPE = QUADRANT
GAIN23 = NO
GAIN_CRITERION = YES
INITIAL_PERIOD = 520
INITIAL_STEP_SIZE = 1
INITIAL_TOUR_ALGORITHM = WALK
# INITIAL_TOUR_FILE = 
INITIAL_TOUR_FRACTION = 1.000
# INPUT_TOUR_FILE = 
KICK_TYPE = 4
KICKS = 1
# MAX_BREADTH =
MAKESPAN = NO
MAX_CANDIDATES = 5 
MAX_SWAPS = 0
MAX_TRIALS = 1000
# MERGE_TOUR_FILE =
MOVE_TYPE = 5 SPECIAL
MTSP_MIN_SIZE = 1
MTSP_MAX_SIZE = 1039
# MTSP_SOLUTION_FILE = 
# NONSEQUENTIAL_MOVE_TYPE = 5
# OPTIMUM =
# OUTPUT_TOUR_FILE = 
PATCHING_A = 1 
PATCHING_C = 0 
# PI_FILE = 
POPMUSIC_INITIAL_TOUR = NO
POPMUSIC_MAX_NEIGHBORS = 5
POPMUSIC_SAMPLE_SIZE = 10
POPMUSIC_SOLUTIONS = 50
POPMUSIC_TRIALS = 1
POPULATION_SIZE = 10
PRECISION = 100
PROBLEM_FILE = result/cvrptw_500/cvrptw/720.cvrptw
RECOMBINATION = IPT
RESTRICTED_SEARCH = YES
RUNS = 1
SALESMEN = 20
SCALE = 1
SEED = 1234
# SINTEF_SOLUTION_FILE = 
STOP_AT_OPTIMUM = YES
SUBGRADIENT = YES
# SUBPROBLEM_SIZE =
# SUBPROBLEM_TOUR_FILE = 
SUBSEQUENT_MOVE_TYPE = 5 SPECIAL
SUBSEQUENT_PATCHING = YES
# TIME_LIMIT =
# TOUR_FILE = 
TRACE_LEVEL = 1
VEHICLES = 20

Lower bound = 28363284.0, Ascent time = 2.33 sec.
Cand.min = 5, Cand.avg = 5.0, Cand.max = 5
Edges.fixed = 520 [Cost = 0]
Preprocessing time = 2.42 sec.
* 1: Cost = 0_57775360, Time = 3.07 sec. 
-Trial 1 0 57775360 5.489217
-Trial 2 0 57775360 5.505088
-Trial 3 0 57775360 5.524292
-Trial 4 0 57775360 5.817207
-Trial 5 0 57775360 5.820845
* 6: Cost = 0_56873783, Time = 3.59 sec. 
-Trial 6 0 56873783 6.017654
-Trial 7 0 56873783 6.433073
* 8: Cost = 0_56333288, Time = 4.04 sec. 
-Trial 8 0 56333288 6.458278
* 9: Cost = 0_56095277, Time = 4.11 sec. 
-Trial 9 0 56095277 6.537471
* 10: Cost = 0_56089604, Time = 4.13 sec. 
-Trial 10 0 56089604 6.549435
* 11: Cost = 0_56020154, Time = 4.18 sec. 
-Trial 11 0 56020154 6.603750
* 12: Cost = 0_55051169, Time = 4.27 sec. 
-Trial 12 0 55051169 6.691945
* 13: Cost = 0_54672723, Time = 4.36 sec. 
-Trial 13 0 54672723 6.778339
* 14: Cost = 0_53900915, Time = 4.39 sec. 
-Trial 14 0 53900915 6.809830
-Trial 15 0 53900915 6.847823
* 16: Cost = 0_53786355, Time = 4.44 sec. 
-Trial 16 0 53786355 6.862467
* 17: Cost = 0_52631015, Time = 4.69 sec. 
-Trial 17 0 52631015 7.111798
* 18: Cost = 0_51715653, Time = 4.79 sec. 
-Trial 18 0 51715653 7.210482
* 19: Cost = 0_51593858, Time = 4.83 sec. 
-Trial 19 0 51593858 7.252000
-Trial 20 0 51593858 7.309362
* 21: Cost = 0_51477687, Time = 4.90 sec. 
-Trial 21 0 51477687 7.321394
-Trial 22 0 51477687 7.419791
* 23: Cost = 0_51336125, Time = 5.01 sec. 
-Trial 23 0 51336125 7.429264
-Trial 24 0 51336125 7.440805
-Trial 25 0 51336125 7.463021
-Trial 26 0 51336125 7.487986
-Trial 27 0 51336125 7.509301
-Trial 28 0 51336125 7.510060
-Trial 29 0 51336125 7.513642
* 30: Cost = 0_51273635, Time = 5.10 sec. 
-Trial 30 0 51273635 7.519532
-Trial 31 0 51273635 7.523010
* 32: Cost = 0_51268288, Time = 5.11 sec. 
-Trial 32 0 51268288 7.537533
* 33: Cost = 0_49827689, Time = 5.15 sec. 
-Trial 33 0 49827689 7.568688
* 34: Cost = 0_49819822, Time = 5.28 sec. 
-Trial 34 0 49819822 7.707103
* 35: Cost = 0_49667043, Time = 5.38 sec. 
-Trial 35 0 49667043 7.800171
-Trial 36 0 49667043 7.838087
-Trial 37 0 49667043 7.857602
* 38: Cost = 0_49076810, Time = 5.47 sec. 
-Trial 38 0 49076810 7.889344
* 39: Cost = 0_48960181, Time = 5.47 sec. 
-Trial 39 0 48960181 7.894742
-Trial 40 0 48960181 7.991607
-Trial 41 0 48960181 7.994213
-Trial 42 0 48960181 8.001306
-Trial 43 0 48960181 8.002987
-Trial 44 0 48960181 8.014078
-Trial 45 0 48960181 8.022967
* 46: Cost = 0_48860670, Time = 5.61 sec. 
-Trial 46 0 48860670 8.035724
* 47: Cost = 0_48734243, Time = 5.66 sec. 
-Trial 47 0 48734243 8.082944
-Trial 48 0 48734243 8.097390
-Trial 49 0 48734243 8.113710
-Trial 50 0 48734243 8.154314
* 51: Cost = 0_48686893, Time = 5.74 sec. 
-Trial 51 0 48686893 8.163722
-Trial 52 0 48686893 8.168865
-Trial 53 0 48686893 8.201537
-Trial 54 0 48686893 8.266103
* 55: Cost = 0_48630320, Time = 6.01 sec. 
-Trial 55 0 48630320 8.437914
-Trial 56 0 48630320 8.455249
-Trial 57 0 48630320 8.478306
-Trial 58 0 48630320 8.496035
-Trial 59 0 48630320 8.497639
-Trial 60 0 48630320 8.642408
-Trial 61 0 48630320 8.664258
-Trial 62 0 48630320 8.681488
-Trial 63 0 48630320 8.705606
-Trial 64 0 48630320 8.716973
-Trial 65 0 48630320 8.741396
-Trial 66 0 48630320 8.757247
-Trial 67 0 48630320 8.767035
-Trial 68 0 48630320 8.809860
-Trial 69 0 48630320 8.834883
-Trial 70 0 48630320 8.898994
-Trial 71 0 48630320 8.933117
-Trial 72 0 48630320 8.940039
-Trial 73 0 48630320 8.975926
-Trial 74 0 48630320 9.024788
-Trial 75 0 48630320 9.035523
-Trial 76 0 48630320 9.086408
-Trial 77 0 48630320 9.140867
-Trial 78 0 48630320 9.181386
* 79: Cost = 0_48619263, Time = 6.79 sec. 
-Trial 79 0 48619263 9.211365
* 80: Cost = 0_48542016, Time = 6.81 sec. 
-Trial 80 0 48542016 9.232188
-Trial 81 0 48542016 9.252654
* 82: Cost = 0_48499000, Time = 6.84 sec. 
-Trial 82 0 48499000 9.263254
-Trial 83 0 48499000 9.305716
-Trial 84 0 48499000 9.344677
-Trial 85 0 48499000 9.401902
-Trial 86 0 48499000 9.422427
-Trial 87 0 48499000 9.428338
* 88: Cost = 0_48493061, Time = 7.01 sec. 
-Trial 88 0 48493061 9.435333
-Trial 89 0 48493061 9.548855
-Trial 90 0 48493061 9.563119
-Trial 91 0 48493061 9.572355
-Trial 92 0 48493061 9.589988
-Trial 93 0 48493061 9.593095
* 94: Cost = 0_48436725, Time = 7.37 sec. 
-Trial 94 0 48436725 9.789286
-Trial 95 0 48436725 9.791321
* 96: Cost = 0_48386531, Time = 7.38 sec. 
-Trial 96 0 48386531 9.801361
-Trial 97 0 48386531 9.806483
* 98: Cost = 0_48330359, Time = 7.41 sec. 
-Trial 98 0 48330359 9.830941
* 99: Cost = 0_48207417, Time = 7.50 sec. 
-Trial 99 0 48207417 9.924987
-Trial 100 0 48207417 9.965367
* 101: Cost = 0_48177603, Time = 7.55 sec. 
-Trial 101 0 48177603 9.968821
-Trial 102 0 48177603 9.992310
-Trial 103 0 48177603 10.058715
* 104: Cost = 0_48112417, Time = 7.68 sec. 
-Trial 104 0 48112417 10.099985
-Trial 105 0 48112417 10.110390
-Trial 106 0 48112417 10.176054
-Trial 107 0 48112417 10.198530
-Trial 108 0 48112417 10.207047
-Trial 109 0 48112417 10.213490
* 110: Cost = 0_48084235, Time = 7.80 sec. 
-Trial 110 0 48084235 10.220207
-Trial 111 0 48084235 10.277074
-Trial 112 0 48084235 10.284585
-Trial 113 0 48084235 10.287776
-Trial 114 0 48084235 10.302617
-Trial 115 0 48084235 10.332323
-Trial 116 0 48084235 10.386462
-Trial 117 0 48084235 10.396320
-Trial 118 0 48084235 10.409644
-Trial 119 0 48084235 10.446686
-Trial 120 0 48084235 10.458677
-Trial 121 0 48084235 10.481996
-Trial 122 0 48084235 10.494209
-Trial 123 0 48084235 10.575046
-Trial 124 0 48084235 10.597403
-Trial 125 0 48084235 10.624794
* 126: Cost = 0_48076387, Time = 8.41 sec. 
-Trial 126 0 48076387 10.829496
* 127: Cost = 0_47950113, Time = 8.42 sec. 
-Trial 127 0 47950113 10.839292
-Trial 128 0 47950113 10.861960
* 129: Cost = 0_47862308, Time = 8.45 sec. 
-Trial 129 0 47862308 10.872120
* 130: Cost = 0_47738320, Time = 8.57 sec. 
-Trial 130 0 47738320 10.995640
-Trial 131 0 47738320 10.999141
-Trial 132 0 47738320 11.017170
-Trial 133 0 47738320 11.065834
* 134: Cost = 0_47726427, Time = 8.64 sec. 
-Trial 134 0 47726427 11.068012
* 135: Cost = 0_47703789, Time = 8.65 sec. 
-Trial 135 0 47703789 11.077999
-Trial 136 0 47703789 11.097213
* 137: Cost = 0_47690346, Time = 8.69 sec. 
-Trial 137 0 47690346 11.116816
-Trial 138 0 47690346 11.127969
-Trial 139 0 47690346 11.161607
-Trial 140 0 47690346 11.187336
-Trial 141 0 47690346 11.194440
* 142: Cost = 0_47645472, Time = 8.79 sec. 
-Trial 142 0 47645472 11.210009
-Trial 143 0 47645472 11.211746
-Trial 144 0 47645472 11.224645
* 145: Cost = 0_47601847, Time = 8.82 sec. 
-Trial 145 0 47601847 11.240600
-Trial 146 0 47601847 11.250383
-Trial 147 0 47601847 11.268476
* 148: Cost = 0_47582599, Time = 8.87 sec. 
-Trial 148 0 47582599 11.290666
-Trial 149 0 47582599 11.306684
-Trial 150 0 47582599 11.311802
-Trial 151 0 47582599 11.324200
* 152: Cost = 0_47535300, Time = 8.94 sec. 
-Trial 152 0 47535300 11.364929
-Trial 153 0 47535300 11.519670
* 154: Cost = 0_47524675, Time = 9.17 sec. 
-Trial 154 0 47524675 11.590852
-Trial 155 0 47524675 11.609013
-Trial 156 0 47524675 11.619380
-Trial 157 0 47524675 11.649380
* 158: Cost = 0_47509367, Time = 9.35 sec. 
-Trial 158 0 47509367 11.771412
* 159: Cost = 0_47494511, Time = 9.47 sec. 
-Trial 159 0 47494511 11.893651
* 160: Cost = 0_47423900, Time = 9.48 sec. 
-Trial 160 0 47423900 11.906547
-Trial 161 0 47423900 11.930968
* 162: Cost = 0_47152256, Time = 9.52 sec. 
-Trial 162 0 47152256 11.946483
-Trial 163 0 47152256 11.971128
-Trial 164 0 47152256 11.990176
-Trial 165 0 47152256 12.032181
-Trial 166 0 47152256 12.129981
* 167: Cost = 0_47104097, Time = 9.72 sec. 
-Trial 167 0 47104097 12.143287
-Trial 168 0 47104097 12.155019
-Trial 169 0 47104097 12.387427
* 170: Cost = 0_47060346, Time = 9.97 sec. 
-Trial 170 0 47060346 12.397130
-Trial 171 0 47060346 12.438592
-Trial 172 0 47060346 12.471855
-Trial 173 0 47060346 12.475907
-Trial 174 0 47060346 12.504746
-Trial 175 0 47060346 12.525335
-Trial 176 0 47060346 12.530362
-Trial 177 0 47060346 12.566895
-Trial 178 0 47060346 12.670981
-Trial 179 0 47060346 12.689168
-Trial 180 0 47060346 12.732793
* 181: Cost = 0_46697292, Time = 10.33 sec. 
-Trial 181 0 46697292 12.749880
-Trial 182 0 46697292 12.759488
-Trial 183 0 46697292 12.781422
* 184: Cost = 0_46640138, Time = 10.38 sec. 
-Trial 184 0 46640138 12.804112
-Trial 185 0 46640138 12.805642
-Trial 186 0 46640138 12.816085
-Trial 187 0 46640138 12.829829
-Trial 188 0 46640138 12.840940
-Trial 189 0 46640138 12.855694
-Trial 190 0 46640138 12.868037
-Trial 191 0 46640138 12.871833
-Trial 192 0 46640138 12.890570
* 193: Cost = 0_46638459, Time = 10.48 sec. 
-Trial 193 0 46638459 12.905866
-Trial 194 0 46638459 12.946271
-Trial 195 0 46638459 12.968424
* 196: Cost = 0_46627346, Time = 10.56 sec. 
-Trial 196 0 46627346 12.981849
-Trial 197 0 46627346 13.006381
-Trial 198 0 46627346 13.018155
-Trial 199 0 46627346 13.025202
-Trial 200 0 46627346 13.035415
* 201: Cost = 0_46546265, Time = 10.67 sec. 
-Trial 201 0 46546265 13.093995
-Trial 202 0 46546265 13.132330
* 203: Cost = 0_46490931, Time = 10.72 sec. 
-Trial 203 0 46490931 13.145109
* 204: Cost = 0_46428220, Time = 10.75 sec. 
-Trial 204 0 46428220 13.172648
* 205: Cost = 0_46373100, Time = 10.77 sec. 
-Trial 205 0 46373100 13.191060
-Trial 206 0 46373100 13.196749
-Trial 207 0 46373100 13.205512
* 208: Cost = 0_46359233, Time = 10.80 sec. 
-Trial 208 0 46359233 13.227309
-Trial 209 0 46359233 13.236646
-Trial 210 0 46359233 13.250820
-Trial 211 0 46359233 13.260590
-Trial 212 0 46359233 13.272832
* 213: Cost = 0_46333081, Time = 10.87 sec. 
-Trial 213 0 46333081 13.290714
* 214: Cost = 0_45921338, Time = 10.89 sec. 
-Trial 214 0 45921338 13.311555
-Trial 215 0 45921338 13.318257
-Trial 216 0 45921338 13.412925
-Trial 217 0 45921338 13.420863
-Trial 218 0 45921338 13.442251
-Trial 219 0 45921338 13.458456
-Trial 220 0 45921338 13.535225
* 221: Cost = 0_45865221, Time = 11.13 sec. 
-Trial 221 0 45865221 13.551744
* 222: Cost = 0_45782937, Time = 11.13 sec. 
-Trial 222 0 45782937 13.555761
-Trial 223 0 45782937 13.602679
-Trial 224 0 45782937 13.617868
-Trial 225 0 45782937 13.621482
* 226: Cost = 0_45778935, Time = 11.21 sec. 
-Trial 226 0 45778935 13.631450
-Trial 227 0 45778935 13.658390
-Trial 228 0 45778935 13.671399
-Trial 229 0 45778935 13.674180
* 230: Cost = 0_45769015, Time = 11.26 sec. 
-Trial 230 0 45769015 13.680277
-Trial 231 0 45769015 13.682214
-Trial 232 0 45769015 13.741331
* 233: Cost = 0_45726313, Time = 11.33 sec. 
-Trial 233 0 45726313 13.748743
-Trial 234 0 45726313 13.876889
* 235: Cost = 0_45690991, Time = 11.48 sec. 
-Trial 235 0 45690991 13.907006
-Trial 236 0 45690991 14.008274
-Trial 237 0 45690991 14.031952
-Trial 238 0 45690991 14.043122
* 239: Cost = 0_45677815, Time = 11.63 sec. 
-Trial 239 0 45677815 14.057514
-Trial 240 0 45677815 14.082982
-Trial 241 0 45677815 14.100652
-Trial 242 0 45677815 14.123534
* 243: Cost = 0_45657329, Time = 11.73 sec. 
-Trial 243 0 45657329 14.157142
* 244: Cost = 0_45387833, Time = 11.75 sec. 
-Trial 244 0 45387833 14.170861
* 245: Cost = 0_45367523, Time = 11.82 sec. 
-Trial 245 0 45367523 14.241958
-Trial 246 0 45367523 14.262310
-Trial 247 0 45367523 14.389275
-Trial 248 0 45367523 14.392921
-Trial 249 0 45367523 14.439814
-Trial 250 0 45367523 14.465816
-Trial 251 0 45367523 14.482466
-Trial 252 0 45367523 14.493119
-Trial 253 0 45367523 14.538690
-Trial 254 0 45367523 14.609452
-Trial 255 0 45367523 14.618735
-Trial 256 0 45367523 14.647448
-Trial 257 0 45367523 14.652558
* 258: Cost = 0_45204314, Time = 12.25 sec. 
-Trial 258 0 45204314 14.672059
* 259: Cost = 0_45199069, Time = 12.26 sec. 
-Trial 259 0 45199069 14.684556
-Trial 260 0 45199069 14.699748
* 261: Cost = 0_45064082, Time = 12.29 sec. 
-Trial 261 0 45064082 14.712706
-Trial 262 0 45064082 14.722584
-Trial 263 0 45064082 14.725606
-Trial 264 0 45064082 14.755488
-Trial 265 0 45064082 14.761309
-Trial 266 0 45064082 14.785640
-Trial 267 0 45064082 14.790582
* 268: Cost = 0_45060522, Time = 12.37 sec. 
-Trial 268 0 45060522 14.793851
-Trial 269 0 45060522 14.911049
-Trial 270 0 45060522 14.929290
-Trial 271 0 45060522 14.941088
-Trial 272 0 45060522 14.944465
-Trial 273 0 45060522 15.004009
-Trial 274 0 45060522 15.048243
* 275: Cost = 0_45054213, Time = 12.65 sec. 
-Trial 275 0 45054213 15.068677
-Trial 276 0 45054213 15.076304
-Trial 277 0 45054213 15.128755
-Trial 278 0 45054213 15.143319
-Trial 279 0 45054213 15.143835
-Trial 280 0 45054213 15.155115
-Trial 281 0 45054213 15.168659
-Trial 282 0 45054213 15.210151
-Trial 283 0 45054213 15.218013
-Trial 284 0 45054213 15.221141
-Trial 285 0 45054213 15.221904
* 286: Cost = 0_44951480, Time = 12.84 sec. 
-Trial 286 0 44951480 15.264743
-Trial 287 0 44951480 15.287155
-Trial 288 0 44951480 15.300380
-Trial 289 0 44951480 15.308687
-Trial 290 0 44951480 15.323913
-Trial 291 0 44951480 15.333785
-Trial 292 0 44951480 15.336537
-Trial 293 0 44951480 15.344728
-Trial 294 0 44951480 15.365437
-Trial 295 0 44951480 15.518971
-Trial 296 0 44951480 15.529193
-Trial 297 0 44951480 15.543217
-Trial 298 0 44951480 15.550451
-Trial 299 0 44951480 15.568274
-Trial 300 0 44951480 15.598645
-Trial 301 0 44951480 15.654635
-Trial 302 0 44951480 15.697819
-Trial 303 0 44951480 15.699947
-Trial 304 0 44951480 15.711378
-Trial 305 0 44951480 15.789251
* 306: Cost = 0_44950654, Time = 13.37 sec. 
-Trial 306 0 44950654 15.795339
-Trial 307 0 44950654 15.835330
-Trial 308 0 44950654 15.859108
-Trial 309 0 44950654 15.864568
-Trial 310 0 44950654 15.875534
-Trial 311 0 44950654 15.925912
-Trial 312 0 44950654 15.976418
-Trial 313 0 44950654 15.986085
-Trial 314 0 44950654 15.993853
-Trial 315 0 44950654 15.998193
* 316: Cost = 0_44895089, Time = 13.72 sec. 
-Trial 316 0 44895089 16.144111
-Trial 317 0 44895089 16.225312
-Trial 318 0 44895089 16.231968
* 319: Cost = 0_44877362, Time = 13.85 sec. 
-Trial 319 0 44877362 16.277344
* 320: Cost = 0_44766309, Time = 13.88 sec. 
-Trial 320 0 44766309 16.298377
* 321: Cost = 0_44726102, Time = 13.89 sec. 
-Trial 321 0 44726102 16.314559
-Trial 322 0 44726102 16.322223
-Trial 323 0 44726102 16.401445
* 324: Cost = 0_44656797, Time = 13.98 sec. 
-Trial 324 0 44656797 16.405351
-Trial 325 0 44656797 16.433175
-Trial 326 0 44656797 16.470394
-Trial 327 0 44656797 16.501584
* 328: Cost = 0_44639042, Time = 14.12 sec. 
-Trial 328 0 44639042 16.539607
-Trial 329 0 44639042 16.592179
-Trial 330 0 44639042 16.606339
-Trial 331 0 44639042 16.606965
* 332: Cost = 0_44600314, Time = 14.19 sec. 
-Trial 332 0 44600314 16.611602
* 333: Cost = 0_44342260, Time = 14.27 sec. 
-Trial 333 0 44342260 16.691772
-Trial 334 0 44342260 16.744332
* 335: Cost = 0_44266983, Time = 14.33 sec. 
-Trial 335 0 44266983 16.751494
* 336: Cost = 0_44232162, Time = 14.34 sec. 
-Trial 336 0 44232162 16.765184
* 337: Cost = 0_44229635, Time = 14.39 sec. 
-Trial 337 0 44229635 16.810792
-Trial 338 0 44229635 16.820995
* 339: Cost = 0_44181340, Time = 14.41 sec. 
-Trial 339 0 44181340 16.834269
-Trial 340 0 44181340 16.847412
-Trial 341 0 44181340 16.856802
-Trial 342 0 44181340 16.872846
-Trial 343 0 44181340 16.885704
-Trial 344 0 44181340 16.985399
-Trial 345 0 44181340 17.020433
-Trial 346 0 44181340 17.032369
-Trial 347 0 44181340 17.084335
-Trial 348 0 44181340 17.113994
-Trial 349 0 44181340 17.126841
-Trial 350 0 44181340 17.143107
-Trial 351 0 44181340 17.157464
-Trial 352 0 44181340 17.162134
-Trial 353 0 44181340 17.239709
-Trial 354 0 44181340 17.293399
-Trial 355 0 44181340 17.303467
-Trial 356 0 44181340 17.314100
-Trial 357 0 44181340 17.326056
* 358: Cost = 0_44161914, Time = 14.91 sec. 
-Trial 358 0 44161914 17.332900
-Trial 359 0 44161914 17.337731
-Trial 360 0 44161914 17.360546
-Trial 361 0 44161914 17.374831
-Trial 362 0 44161914 17.383035
-Trial 363 0 44161914 17.390709
* 364: Cost = 0_44161363, Time = 15.05 sec. 
-Trial 364 0 44161363 17.475635
-Trial 365 0 44161363 17.479143
-Trial 366 0 44161363 17.515018
-Trial 367 0 44161363 17.531156
-Trial 368 0 44161363 17.606883
-Trial 369 0 44161363 17.612804
-Trial 370 0 44161363 17.649019
-Trial 371 0 44161363 17.668239
-Trial 372 0 44161363 17.675044
-Trial 373 0 44161363 17.678031
-Trial 374 0 44161363 17.678941
-Trial 375 0 44161363 17.687396
* 376: Cost = 0_44107905, Time = 15.28 sec. 
-Trial 376 0 44107905 17.704794
-Trial 377 0 44107905 17.831486
-Trial 378 0 44107905 17.833850
-Trial 379 0 44107905 17.841293
-Trial 380 0 44107905 17.845893
-Trial 381 0 44107905 17.880538
-Trial 382 0 44107905 18.032360
-Trial 383 0 44107905 18.089347
-Trial 384 0 44107905 18.093265
* 385: Cost = 0_44093246, Time = 15.70 sec. 
-Trial 385 0 44093246 18.120645
-Trial 386 0 44093246 18.131049
-Trial 387 0 44093246 18.133532
-Trial 388 0 44093246 18.157840
-Trial 389 0 44093246 18.246643
-Trial 390 0 44093246 18.252150
-Trial 391 0 44093246 18.256812
-Trial 392 0 44093246 18.272847
-Trial 393 0 44093246 18.311190
-Trial 394 0 44093246 18.329822
-Trial 395 0 44093246 18.356867
* 396: Cost = 0_44054562, Time = 15.94 sec. 
-Trial 396 0 44054562 18.365434
-Trial 397 0 44054562 18.423038
-Trial 398 0 44054562 18.504937
-Trial 399 0 44054562 18.505771
-Trial 400 0 44054562 18.571073
* 401: Cost = 0_44040657, Time = 16.17 sec. 
-Trial 401 0 44040657 18.596328
-Trial 402 0 44040657 18.603822
-Trial 403 0 44040657 18.620387
-Trial 404 0 44040657 18.637541
-Trial 405 0 44040657 18.676792
-Trial 406 0 44040657 18.700689
-Trial 407 0 44040657 18.804378
-Trial 408 0 44040657 18.807119
-Trial 409 0 44040657 18.821139
-Trial 410 0 44040657 18.891750
-Trial 411 0 44040657 18.904642
-Trial 412 0 44040657 18.934764
-Trial 413 0 44040657 18.946272
-Trial 414 0 44040657 18.998169
-Trial 415 0 44040657 19.021904
-Trial 416 0 44040657 19.144208
-Trial 417 0 44040657 19.148004
-Trial 418 0 44040657 19.191035
* 419: Cost = 0_44024501, Time = 16.79 sec. 
-Trial 419 0 44024501 19.217060
* 420: Cost = 0_43934923, Time = 17.08 sec. 
-Trial 420 0 43934923 19.507883
-Trial 421 0 43934923 19.621026
-Trial 422 0 43934923 19.639587
-Trial 423 0 43934923 19.655708
-Trial 424 0 43934923 19.663107
* 425: Cost = 0_43877993, Time = 17.30 sec. 
-Trial 425 0 43877993 19.719117
-Trial 426 0 43877993 19.796134
-Trial 427 0 43877993 20.006134
-Trial 428 0 43877993 20.021813
-Trial 429 0 43877993 20.026339
* 430: Cost = 0_43822254, Time = 17.62 sec. 
-Trial 430 0 43822254 20.040633
-Trial 431 0 43822254 20.121094
-Trial 432 0 43822254 20.183187
-Trial 433 0 43822254 20.238628
-Trial 434 0 43822254 20.329972
-Trial 435 0 43822254 20.351405
-Trial 436 0 43822254 20.356298
-Trial 437 0 43822254 20.368841
-Trial 438 0 43822254 20.400672
-Trial 439 0 43822254 20.413826
-Trial 440 0 43822254 20.416782
-Trial 441 0 43822254 20.418448
-Trial 442 0 43822254 20.439150
-Trial 443 0 43822254 20.472528
-Trial 444 0 43822254 20.494926
-Trial 445 0 43822254 20.533265
* 446: Cost = 0_43818694, Time = 18.11 sec. 
-Trial 446 0 43818694 20.537245
-Trial 447 0 43818694 20.559794
-Trial 448 0 43818694 20.568283
-Trial 449 0 43818694 20.568829
-Trial 450 0 43818694 20.603971
-Trial 451 0 43818694 20.625015
* 452: Cost = 0_43751328, Time = 18.24 sec. 
-Trial 452 0 43751328 20.660968
-Trial 453 0 43751328 20.677780
-Trial 454 0 43751328 20.804808
-Trial 455 0 43751328 20.872786
-Trial 456 0 43751328 20.873437
-Trial 457 0 43751328 20.888836
-Trial 458 0 43751328 20.901221
-Trial 459 0 43751328 20.907952
-Trial 460 0 43751328 20.921788
-Trial 461 0 43751328 20.939571
-Trial 462 0 43751328 20.947387
-Trial 463 0 43751328 20.959881
-Trial 464 0 43751328 20.984180
-Trial 465 0 43751328 20.993862
-Trial 466 0 43751328 21.037775
-Trial 467 0 43751328 21.052276
-Trial 468 0 43751328 21.062614
-Trial 469 0 43751328 21.080377
-Trial 470 0 43751328 21.082999
-Trial 471 0 43751328 21.084066
-Trial 472 0 43751328 21.098349
-Trial 473 0 43751328 21.102288
-Trial 474 0 43751328 21.108391
-Trial 475 0 43751328 21.111542
* 476: Cost = 0_43730159, Time = 18.70 sec. 
-Trial 476 0 43730159 21.118764
-Trial 477 0 43730159 21.181429
-Trial 478 0 43730159 21.190735
-Trial 479 0 43730159 21.197800
-Trial 480 0 43730159 21.207614
-Trial 481 0 43730159 21.225904
-Trial 482 0 43730159 21.228154
-Trial 483 0 43730159 21.239496
-Trial 484 0 43730159 21.253013
-Trial 485 0 43730159 21.254792
-Trial 486 0 43730159 21.265025
-Trial 487 0 43730159 21.327665
-Trial 488 0 43730159 21.487947
-Trial 489 0 43730159 21.511495
-Trial 490 0 43730159 21.533407
-Trial 491 0 43730159 21.548379
-Trial 492 0 43730159 21.563810
-Trial 493 0 43730159 21.580196
-Trial 494 0 43730159 21.584886
-Trial 495 0 43730159 21.603825
* 496: Cost = 0_43711684, Time = 19.27 sec. 
-Trial 496 0 43711684 21.688385
-Trial 497 0 43711684 21.706758
* 498: Cost = 0_43671564, Time = 19.32 sec. 
-Trial 498 0 43671564 21.745819
-Trial 499 0 43671564 21.758498
-Trial 500 0 43671564 21.785772
-Trial 501 0 43671564 21.799562
-Trial 502 0 43671564 21.831598
-Trial 503 0 43671564 21.870340
-Trial 504 0 43671564 21.878592
-Trial 505 0 43671564 21.899858
-Trial 506 0 43671564 21.979295
-Trial 507 0 43671564 21.983600
-Trial 508 0 43671564 22.004467
-Trial 509 0 43671564 22.017087
-Trial 510 0 43671564 22.032674
-Trial 511 0 43671564 22.044966
-Trial 512 0 43671564 22.105596
* 513: Cost = 0_43606518, Time = 19.71 sec. 
-Trial 513 0 43606518 22.134374
-Trial 514 0 43606518 22.138507
-Trial 515 0 43606518 22.141270
-Trial 516 0 43606518 22.141972
-Trial 517 0 43606518 22.148845
-Trial 518 0 43606518 22.203953
-Trial 519 0 43606518 22.264332
-Trial 520 0 43606518 22.281541
-Trial 521 0 43606518 22.284407
* 522: Cost = 0_43491609, Time = 19.88 sec. 
-Trial 522 0 43491609 22.305479
-Trial 523 0 43491609 22.327526
-Trial 524 0 43491609 22.364482
-Trial 525 0 43491609 22.393740
-Trial 526 0 43491609 22.397566
* 527: Cost = 0_43440612, Time = 20.02 sec. 
-Trial 527 0 43440612 22.443957
-Trial 528 0 43440612 22.468432
-Trial 529 0 43440612 22.491148
-Trial 530 0 43440612 22.499252
-Trial 531 0 43440612 22.503513
-Trial 532 0 43440612 22.537085
-Trial 533 0 43440612 22.567116
-Trial 534 0 43440612 22.631142
-Trial 535 0 43440612 22.645741
-Trial 536 0 43440612 22.662594
-Trial 537 0 43440612 22.736976
-Trial 538 0 43440612 22.763807
-Trial 539 0 43440612 22.861737
-Trial 540 0 43440612 22.901608
-Trial 541 0 43440612 22.933450
-Trial 542 0 43440612 22.936740
-Trial 543 0 43440612 23.020060
-Trial 544 0 43440612 23.026116
-Trial 545 0 43440612 23.127999
-Trial 546 0 43440612 23.208199
* 547: Cost = 0_43438480, Time = 20.84 sec. 
-Trial 547 0 43438480 23.262343
-Trial 548 0 43438480 23.304070
-Trial 549 0 43438480 23.339795
-Trial 550 0 43438480 23.364605
-Trial 551 0 43438480 23.374009
-Trial 552 0 43438480 23.376321
-Trial 553 0 43438480 23.392937
-Trial 554 0 43438480 23.442723
-Trial 555 0 43438480 23.705620
-Trial 556 0 43438480 23.709970
-Trial 557 0 43438480 23.715195
-Trial 558 0 43438480 23.716407
-Trial 559 0 43438480 23.777908
-Trial 560 0 43438480 23.816788
-Trial 561 0 43438480 23.824133
* 562: Cost = 0_43431984, Time = 21.43 sec. 
-Trial 562 0 43431984 23.855465
-Trial 563 0 43431984 23.860202
-Trial 564 0 43431984 23.897886
-Trial 565 0 43431984 23.900997
-Trial 566 0 43431984 23.913705
-Trial 567 0 43431984 23.929738
-Trial 568 0 43431984 23.957711
-Trial 569 0 43431984 24.014868
-Trial 570 0 43431984 24.020102
-Trial 571 0 43431984 24.028620
-Trial 572 0 43431984 24.078684
-Trial 573 0 43431984 24.107511
-Trial 574 0 43431984 24.168276
-Trial 575 0 43431984 24.195627
-Trial 576 0 43431984 24.211481
-Trial 577 0 43431984 24.303701
-Trial 578 0 43431984 24.337707
-Trial 579 0 43431984 24.380568
-Trial 580 0 43431984 24.383331
-Trial 581 0 43431984 24.394576
-Trial 582 0 43431984 24.402502
-Trial 583 0 43431984 24.410767
-Trial 584 0 43431984 24.413334
-Trial 585 0 43431984 24.420121
-Trial 586 0 43431984 24.423471
-Trial 587 0 43431984 24.440106
-Trial 588 0 43431984 24.450792
-Trial 589 0 43431984 24.476661
-Trial 590 0 43431984 24.527577
-Trial 591 0 43431984 24.541330
-Trial 592 0 43431984 24.554872
-Trial 593 0 43431984 24.577903
-Trial 594 0 43431984 24.618826
-Trial 595 0 43431984 24.629383
-Trial 596 0 43431984 24.659061
-Trial 597 0 43431984 24.661427
-Trial 598 0 43431984 24.690461
-Trial 599 0 43431984 24.696888
-Trial 600 0 43431984 24.697681
-Trial 601 0 43431984 24.868990
-Trial 602 0 43431984 24.878471
-Trial 603 0 43431984 25.023803
-Trial 604 0 43431984 25.145197
-Trial 605 0 43431984 25.148953
-Trial 606 0 43431984 25.163832
-Trial 607 0 43431984 25.169438
-Trial 608 0 43431984 25.173121
-Trial 609 0 43431984 25.187791
-Trial 610 0 43431984 25.243059
-Trial 611 0 43431984 25.294812
-Trial 612 0 43431984 25.303374
-Trial 613 0 43431984 25.492237
-Trial 614 0 43431984 25.497344
-Trial 615 0 43431984 25.499899
-Trial 616 0 43431984 25.512535
-Trial 617 0 43431984 25.587557
-Trial 618 0 43431984 25.595538
-Trial 619 0 43431984 25.609766
-Trial 620 0 43431984 25.614561
-Trial 621 0 43431984 25.624035
-Trial 622 0 43431984 25.784656
-Trial 623 0 43431984 25.785282
-Trial 624 0 43431984 25.802147
-Trial 625 0 43431984 25.837605
-Trial 626 0 43431984 25.876597
-Trial 627 0 43431984 25.922445
-Trial 628 0 43431984 25.932886
-Trial 629 0 43431984 26.035317
-Trial 630 0 43431984 26.098336
-Trial 631 0 43431984 26.147503
-Trial 632 0 43431984 26.178733
-Trial 633 0 43431984 26.200387
-Trial 634 0 43431984 26.202211
-Trial 635 0 43431984 26.216898
-Trial 636 0 43431984 26.234889
-Trial 637 0 43431984 26.239368
-Trial 638 0 43431984 26.255041
-Trial 639 0 43431984 26.270427
-Trial 640 0 43431984 26.304993
-Trial 641 0 43431984 26.326744
-Trial 642 0 43431984 26.400389
-Trial 643 0 43431984 26.406603
-Trial 644 0 43431984 26.421118
-Trial 645 0 43431984 26.425707
-Trial 646 0 43431984 26.434842
-Trial 647 0 43431984 26.585553
-Trial 648 0 43431984 26.587360
-Trial 649 0 43431984 26.664167
-Trial 650 0 43431984 26.681802
-Trial 651 0 43431984 26.685904
-Trial 652 0 43431984 26.706925
-Trial 653 0 43431984 26.713363
-Trial 654 0 43431984 26.735206
-Trial 655 0 43431984 26.744126
-Trial 656 0 43431984 26.750951
-Trial 657 0 43431984 26.756249
-Trial 658 0 43431984 26.759196
-Trial 659 0 43431984 26.864115
-Trial 660 0 43431984 26.876300
-Trial 661 0 43431984 26.881761
-Trial 662 0 43431984 26.886582
-Trial 663 0 43431984 26.955442
-Trial 664 0 43431984 26.977401
-Trial 665 0 43431984 26.979244
-Trial 666 0 43431984 26.997021
-Trial 667 0 43431984 27.006239
-Trial 668 0 43431984 27.025227
-Trial 669 0 43431984 27.114709
* 670: Cost = 0_43394677, Time = 24.72 sec. 
-Trial 670 0 43394677 27.146114
-Trial 671 0 43394677 27.151231
-Trial 672 0 43394677 27.156934
-Trial 673 0 43394677 27.163012
-Trial 674 0 43394677 27.189727
-Trial 675 0 43394677 27.212590
-Trial 676 0 43394677 27.239953
* 677: Cost = 0_43392301, Time = 24.83 sec. 
-Trial 677 0 43392301 27.258067
-Trial 678 0 43392301 27.273237
-Trial 679 0 43392301 27.311881
-Trial 680 0 43392301 27.335101
-Trial 681 0 43392301 27.408546
-Trial 682 0 43392301 27.437299
-Trial 683 0 43392301 27.467846
-Trial 684 0 43392301 27.494711
-Trial 685 0 43392301 27.499228
-Trial 686 0 43392301 27.564114
-Trial 687 0 43392301 27.571279
-Trial 688 0 43392301 27.581045
-Trial 689 0 43392301 27.625855
-Trial 690 0 43392301 27.694805
-Trial 691 0 43392301 27.721429
-Trial 692 0 43392301 27.830995
-Trial 693 0 43392301 27.842310
-Trial 694 0 43392301 27.856449
-Trial 695 0 43392301 27.921193
-Trial 696 0 43392301 27.931366
-Trial 697 0 43392301 27.938223
-Trial 698 0 43392301 27.979785
-Trial 699 0 43392301 28.208470
-Trial 700 0 43392301 28.209970
-Trial 701 0 43392301 28.260177
-Trial 702 0 43392301 28.280484
-Trial 703 0 43392301 28.298060
-Trial 704 0 43392301 28.337039
-Trial 705 0 43392301 28.361006
* 706: Cost = 0_43385041, Time = 25.95 sec. 
-Trial 706 0 43385041 28.376224
-Trial 707 0 43385041 28.400187
-Trial 708 0 43385041 28.410670
-Trial 709 0 43385041 28.412374
-Trial 710 0 43385041 28.455426
-Trial 711 0 43385041 28.472298
-Trial 712 0 43385041 28.479730
-Trial 713 0 43385041 28.484515
-Trial 714 0 43385041 28.537307
-Trial 715 0 43385041 28.541757
-Trial 716 0 43385041 28.612722
-Trial 717 0 43385041 28.625065
-Trial 718 0 43385041 28.629347
-Trial 719 0 43385041 28.647932
-Trial 720 0 43385041 28.654373
-Trial 721 0 43385041 28.676904
-Trial 722 0 43385041 28.698700
-Trial 723 0 43385041 28.699362
-Trial 724 0 43385041 28.701158
-Trial 725 0 43385041 28.709842
-Trial 726 0 43385041 28.729426
-Trial 727 0 43385041 28.784974
-Trial 728 0 43385041 28.806868
-Trial 729 0 43385041 28.813472
-Trial 730 0 43385041 28.842207
-Trial 731 0 43385041 28.876653
-Trial 732 0 43385041 29.089773
-Trial 733 0 43385041 29.136738
-Trial 734 0 43385041 29.169510
-Trial 735 0 43385041 29.178655
* 736: Cost = 0_43295783, Time = 26.76 sec. 
-Trial 736 0 43295783 29.187142
-Trial 737 0 43295783 29.230494
-Trial 738 0 43295783 29.241925
-Trial 739 0 43295783 29.262814
-Trial 740 0 43295783 29.293131
-Trial 741 0 43295783 29.324053
-Trial 742 0 43295783 29.324761
-Trial 743 0 43295783 29.353773
-Trial 744 0 43295783 29.401091
-Trial 745 0 43295783 29.421508
-Trial 746 0 43295783 29.512278
-Trial 747 0 43295783 29.545355
-Trial 748 0 43295783 29.559795
-Trial 749 0 43295783 29.571066
-Trial 750 0 43295783 29.601543
-Trial 751 0 43295783 29.649032
-Trial 752 0 43295783 29.663127
-Trial 753 0 43295783 29.667799
-Trial 754 0 43295783 29.813764
-Trial 755 0 43295783 29.897284
-Trial 756 0 43295783 29.919310
-Trial 757 0 43295783 29.940201
-Trial 758 0 43295783 29.945588
-Trial 759 0 43295783 29.970676
-Trial 760 0 43295783 30.005410
-Trial 761 0 43295783 30.022308
-Trial 762 0 43295783 30.061538
-Trial 763 0 43295783 30.120172
-Trial 764 0 43295783 30.143052
-Trial 765 0 43295783 30.156879
-Trial 766 0 43295783 30.157321
-Trial 767 0 43295783 30.188090
-Trial 768 0 43295783 30.215661
-Trial 769 0 43295783 30.429072
-Trial 770 0 43295783 30.430983
-Trial 771 0 43295783 30.729263
-Trial 772 0 43295783 30.744530
-Trial 773 0 43295783 30.747247
-Trial 774 0 43295783 30.896259
-Trial 775 0 43295783 31.003934
-Trial 776 0 43295783 31.015399
-Trial 777 0 43295783 31.037503
-Trial 778 0 43295783 31.057685
-Trial 779 0 43295783 31.062336
-Trial 780 0 43295783 31.070817
-Trial 781 0 43295783 31.097349
-Trial 782 0 43295783 31.139424
-Trial 783 0 43295783 31.171735
-Trial 784 0 43295783 31.188138
-Trial 785 0 43295783 31.193051
-Trial 786 0 43295783 31.196606
-Trial 787 0 43295783 31.206466
-Trial 788 0 43295783 31.284007
-Trial 789 0 43295783 31.289805
-Trial 790 0 43295783 31.296128
-Trial 791 0 43295783 31.316771
-Trial 792 0 43295783 31.328086
-Trial 793 0 43295783 31.332807
-Trial 794 0 43295783 31.348927
-Trial 795 0 43295783 31.396290
-Trial 796 0 43295783 31.397244
-Trial 797 0 43295783 31.479809
-Trial 798 0 43295783 31.533145
-Trial 799 0 43295783 31.573157
-Trial 800 0 43295783 31.689405
-Trial 801 0 43295783 31.695811
-Trial 802 0 43295783 31.702266
-Trial 803 0 43295783 31.740024
-Trial 804 0 43295783 31.762022
-Trial 805 0 43295783 31.789842
-Trial 806 0 43295783 31.827574
-Trial 807 0 43295783 31.854403
-Trial 808 0 43295783 31.878230
-Trial 809 0 43295783 31.892978
-Trial 810 0 43295783 31.908111
-Trial 811 0 43295783 31.918561
-Trial 812 0 43295783 31.934773
-Trial 813 0 43295783 31.947433
-Trial 814 0 43295783 31.951557
-Trial 815 0 43295783 31.980117
-Trial 816 0 43295783 32.010686
-Trial 817 0 43295783 32.037693
-Trial 818 0 43295783 32.112211
-Trial 819 0 43295783 32.136909
-Trial 820 0 43295783 32.141228
-Trial 821 0 43295783 32.155411
-Trial 822 0 43295783 32.174877
-Trial 823 0 43295783 32.192081
-Trial 824 0 43295783 32.195710
-Trial 825 0 43295783 32.225455
-Trial 826 0 43295783 32.297031
-Trial 827 0 43295783 32.309282
-Trial 828 0 43295783 32.336833
-Trial 829 0 43295783 32.366211
-Trial 830 0 43295783 32.387063
-Trial 831 0 43295783 32.410929
-Trial 832 0 43295783 32.535677
-Trial 833 0 43295783 32.579304
-Trial 834 0 43295783 32.633083
-Trial 835 0 43295783 32.643646
-Trial 836 0 43295783 32.688510
-Trial 837 0 43295783 32.704236
-Trial 838 0 43295783 32.735310
-Trial 839 0 43295783 32.753383
-Trial 840 0 43295783 32.756786
-Trial 841 0 43295783 32.784027
-Trial 842 0 43295783 32.837635
-Trial 843 0 43295783 32.847004
-Trial 844 0 43295783 32.876217
-Trial 845 0 43295783 32.939601
-Trial 846 0 43295783 32.977240
-Trial 847 0 43295783 33.011704
-Trial 848 0 43295783 33.082139
-Trial 849 0 43295783 33.126305
-Trial 850 0 43295783 33.157085
-Trial 851 0 43295783 33.166638
-Trial 852 0 43295783 33.183581
-Trial 853 0 43295783 33.292757
-Trial 854 0 43295783 33.326585
-Trial 855 0 43295783 33.336138
-Trial 856 0 43295783 33.344438
-Trial 857 0 43295783 33.358050
-Trial 858 0 43295783 33.375929
-Trial 859 0 43295783 33.385623
-Trial 860 0 43295783 33.388373
-Trial 861 0 43295783 33.389866
-Trial 862 0 43295783 33.400400
-Trial 863 0 43295783 33.418998
-Trial 864 0 43295783 33.513102
-Trial 865 0 43295783 33.556632
-Trial 866 0 43295783 33.564717
-Trial 867 0 43295783 33.577904
-Trial 868 0 43295783 33.615382
-Trial 869 0 43295783 33.625087
-Trial 870 0 43295783 33.631767
-Trial 871 0 43295783 33.755340
-Trial 872 0 43295783 33.790211
-Trial 873 0 43295783 33.817177
-Trial 874 0 43295783 33.819138
-Trial 875 0 43295783 33.833445
-Trial 876 0 43295783 33.848272
-Trial 877 0 43295783 33.880554
-Trial 878 0 43295783 33.916598
-Trial 879 0 43295783 33.945946
-Trial 880 0 43295783 33.955762
-Trial 881 0 43295783 33.976085
-Trial 882 0 43295783 34.084842
-Trial 883 0 43295783 34.115733
-Trial 884 0 43295783 34.145052
-Trial 885 0 43295783 34.253454
-Trial 886 0 43295783 34.278565
-Trial 887 0 43295783 34.315904
-Trial 888 0 43295783 34.320544
-Trial 889 0 43295783 34.327831
-Trial 890 0 43295783 34.330395
-Trial 891 0 43295783 34.348927
-Trial 892 0 43295783 34.399593
-Trial 893 0 43295783 34.444421
-Trial 894 0 43295783 34.451830
-Trial 895 0 43295783 34.454759
-Trial 896 0 43295783 34.489695
-Trial 897 0 43295783 34.503748
-Trial 898 0 43295783 34.522556
-Trial 899 0 43295783 34.570463
-Trial 900 0 43295783 34.580279
-Trial 901 0 43295783 34.597693
-Trial 902 0 43295783 34.601425
-Trial 903 0 43295783 34.632492
-Trial 904 0 43295783 34.644777
-Trial 905 0 43295783 34.656361
-Trial 906 0 43295783 34.786966
-Trial 907 0 43295783 34.789668
-Trial 908 0 43295783 34.793497
-Trial 909 0 43295783 34.855357
-Trial 910 0 43295783 34.859815
-Trial 911 0 43295783 34.860226
-Trial 912 0 43295783 34.920639
-Trial 913 0 43295783 34.950075
-Trial 914 0 43295783 34.963790
-Trial 915 0 43295783 35.047664
-Trial 916 0 43295783 35.051803
-Trial 917 0 43295783 35.054984
-Trial 918 0 43295783 35.211785
-Trial 919 0 43295783 35.221530
-Trial 920 0 43295783 35.243714
-Trial 921 0 43295783 35.256126
-Trial 922 0 43295783 35.332099
-Trial 923 0 43295783 35.363464
-Trial 924 0 43295783 35.435969
-Trial 925 0 43295783 35.466650
-Trial 926 0 43295783 35.470711
-Trial 927 0 43295783 35.557820
-Trial 928 0 43295783 35.577923
-Trial 929 0 43295783 35.588371
-Trial 930 0 43295783 35.590271
-Trial 931 0 43295783 35.593047
-Trial 932 0 43295783 35.607042
-Trial 933 0 43295783 35.618139
-Trial 934 0 43295783 35.628673
-Trial 935 0 43295783 35.667376
-Trial 936 0 43295783 35.737910
-Trial 937 0 43295783 35.751818
-Trial 938 0 43295783 35.840865
-Trial 939 0 43295783 35.915648
-Trial 940 0 43295783 35.934849
-Trial 941 0 43295783 35.956740
-Trial 942 0 43295783 35.991203
-Trial 943 0 43295783 36.001105
-Trial 944 0 43295783 36.021135
-Trial 945 0 43295783 36.031350
-Trial 946 0 43295783 36.048647
-Trial 947 0 43295783 36.070222
-Trial 948 0 43295783 36.071255
-Trial 949 0 43295783 36.076950
-Trial 950 0 43295783 36.092445
-Trial 951 0 43295783 36.120040
-Trial 952 0 43295783 36.153037
-Trial 953 0 43295783 36.173520
-Trial 954 0 43295783 36.183248
-Trial 955 0 43295783 36.219613
-Trial 956 0 43295783 36.239651
-Trial 957 0 43295783 36.244951
-Trial 958 0 43295783 36.250660
-Trial 959 0 43295783 36.262160
-Trial 960 0 43295783 36.300429
-Trial 961 0 43295783 36.303601
-Trial 962 0 43295783 36.311558
-Trial 963 0 43295783 36.374766
-Trial 964 0 43295783 36.380717
-Trial 965 0 43295783 36.448713
-Trial 966 0 43295783 36.457928
-Trial 967 0 43295783 36.484826
-Trial 968 0 43295783 36.489001
-Trial 969 0 43295783 36.491648
-Trial 970 0 43295783 36.599386
-Trial 971 0 43295783 36.618196
-Trial 972 0 43295783 36.634597
-Trial 973 0 43295783 36.664259
-Trial 974 0 43295783 36.679516
-Trial 975 0 43295783 36.680698
-Trial 976 0 43295783 36.697483
-Trial 977 0 43295783 36.701951
-Trial 978 0 43295783 36.704367
-Trial 979 0 43295783 36.711973
-Trial 980 0 43295783 36.720320
-Trial 981 0 43295783 36.804213
-Trial 982 0 43295783 36.826746
-Trial 983 0 43295783 36.871984
-Trial 984 0 43295783 36.929385
-Trial 985 0 43295783 36.962781
-Trial 986 0 43295783 37.080755
-Trial 987 0 43295783 37.110735
-Trial 988 0 43295783 37.121519
-Trial 989 0 43295783 37.146754
-Trial 990 0 43295783 37.160233
-Trial 991 0 43295783 37.161996
-Trial 992 0 43295783 37.170182
-Trial 993 0 43295783 37.174919
-Trial 994 0 43295783 37.219910
-Trial 995 0 43295783 37.231767
-Trial 996 0 43295783 37.250412
-Trial 997 0 43295783 37.252000
-Trial 998 0 43295783 37.257516
-Trial 999 0 43295783 37.282398
-Trial 1000 0 43295783 37.314666
Population:
  1: 0_43295783
Run 1: Cost = 0_43295783, Time = 34.89 sec. 

Successes/Runs = 0/1 
Cost.min = 43295783, Cost.avg = 43295783.00, Cost.max = 43295783
Gap.min = 0.0000%, Gap.avg = 0.0000%, Gap.max = 0.0000%
Penalty.min = 0, Penalty.avg = 0.00, Penalty.max = 0
Trials.min = 1000, Trials.avg = 1000.0, Trials.max = 1000
Time.min = 34.89 sec., Time.avg = 34.89 sec., Time.max = 34.89 sec.
Time.total = 37.32 sec.
  Size.min = 12, Size.max = 41, Penalty = 0
  Cost.min = 491854, Cost.max = 4064593, Cost.sum = 43295783
Best CVRPTW solution:
  Cost = 0_43295783
1 485 496 7 297 97 371 491 177 96 144 281 458 448 319 63 403 238 210 13 409 511 133 334 429 120 42 15 261 423 258 382 468 317 228 68 33 174 88 62 332 517 375 103 218 250 356 140 413 193 476 85 166 58 132 510 223 404 474 164 337 358 315 230 6 414 390 237 26 154 479 418 451 202 54 95 130 412 119 365 139 48 207 84 505 165 220 500 467 60 53 262 437 126 484 457 407 79 327 300 290 475 5 346 307 30 127 483 369 493 503 338 162 270 377 151 157 264 28 489 147 419 312 263 182 339 212 241 155 167 99 343 173 200 405 275 400 416 47 83 492 271 105 335 362 20 506 277 286 463 308 205 361 447 285 134 101 495 302 477 398 121 446 269 516 399 55 108 153 387 278 170 142 76 192 163 77 171 102 292 364 383 433 36 288 420 181 453 296 438 115 100 239 359 38 410 34 442 272 124 74 148 304 494 449 240 514 227 380 401 123 17 86 45 256 345 169 323 498 8 27 160 24 329 482 452 249 436 427 306 333 515 441 363 110 145 225 109 113 294 111 340 276 488 508 204 66 168 40 280 59 422 49 203 321 348 394 454 259 291 456 176 417 254 395 260 149 43 150 265 487 518 189 242 231 224 385 486 73 71 336 313 107 255 195 426 396 135 39 372 408 326 70 360 179 14 462 388 247 425 350 366 2 324 512 216 143 87 355 81 208 347 310 379 497 428 472 116 136 50 480 10 352 393 316 507 274 37 209 19 268 501 64 187 349 342 434 253 215 374 131 214 114 450 397 61 94 52 459 138 198 392 158 201 248 191 175 504 78 25 460 234 194 117 490 197 93 330 159 411 156 344 3 470 386 273 190 373 466 233 357 295 128 267 172 289 9 183 22 502 89 406 499 444 44 243 219 251 461 341 211 440 178 431 257 221 443 421 29 309 473 509 389 471 245 56 301 314 322 196 293 430 185 320 354 402 118 125 282 41 18 199 232 188 141 368 381 106 180 469 213 229 98 513 439 298 331 104 481 311 465 69 82 57 35 146 217 32 384 75 378 246 16 184 236 91 353 244 122 92 328 299 31 287 520 464 21 415 284 226 252 283 4 222 206 432 12 80 455 112 370 391 46 129 186 435 376 137 235 318 305 519 279 90 23 72 11 424 367 161 303 67 325 478 351 152 445 65 266 51 1 
