PARAMETER_FILE = result/cvrptw_500/LKH_para/723.para
Reading PROBLEM_FILE: "result/cvrptw_500/cvrptw/723.cvrptw" ... done
ASCENT_CANDIDATES = 50
BACKBONE_TRIALS = 0
BACKTRACKING = NO
# BWTSP =
# CANDIDATE_FILE =
CANDIDATE_SET_TYPE = ALPHA
DEPOT = 1
# EDGE_FILE =
EXCESS = 0.0384615
EXTERNAL_SALESMEN = 0
EXTRA_CANDIDATES = 0 
EXTRA_CANDIDATE_SET_TYPE = QUADRANT
GAIN23 = NO
GAIN_CRITERION = YES
INITIAL_PERIOD = 520
INITIAL_STEP_SIZE = 1
INITIAL_TOUR_ALGORITHM = WALK
# INITIAL_TOUR_FILE = 
INITIAL_TOUR_FRACTION = 1.000
# INPUT_TOUR_FILE = 
KICK_TYPE = 4
KICKS = 1
# MAX_BREADTH =
MAKESPAN = NO
MAX_CANDIDATES = 5 
MAX_SWAPS = 0
MAX_TRIALS = 1000
# MERGE_TOUR_FILE =
MOVE_TYPE = 5 SPECIAL
MTSP_MIN_SIZE = 1
MTSP_MAX_SIZE = 1039
# MTSP_SOLUTION_FILE = 
# NONSEQUENTIAL_MOVE_TYPE = 5
# OPTIMUM =
# OUTPUT_TOUR_FILE = 
PATCHING_A = 1 
PATCHING_C = 0 
# PI_FILE = 
POPMUSIC_INITIAL_TOUR = NO
POPMUSIC_MAX_NEIGHBORS = 5
POPMUSIC_SAMPLE_SIZE = 10
POPMUSIC_SOLUTIONS = 50
POPMUSIC_TRIALS = 1
POPULATION_SIZE = 10
PRECISION = 100
PROBLEM_FILE = result/cvrptw_500/cvrptw/723.cvrptw
RECOMBINATION = IPT
RESTRICTED_SEARCH = YES
RUNS = 1
SALESMEN = 20
SCALE = 1
SEED = 1234
# SINTEF_SOLUTION_FILE = 
STOP_AT_OPTIMUM = YES
SUBGRADIENT = YES
# SUBPROBLEM_SIZE =
# SUBPROBLEM_TOUR_FILE = 
SUBSEQUENT_MOVE_TYPE = 5 SPECIAL
SUBSEQUENT_PATCHING = YES
# TIME_LIMIT =
# TOUR_FILE = 
TRACE_LEVEL = 1
VEHICLES = 20

Lower bound = 26409256.4, Ascent time = 2.11 sec.
Cand.min = 5, Cand.avg = 5.0, Cand.max = 5
Edges.fixed = 520 [Cost = 0]
Preprocessing time = 2.18 sec.
* 1: Cost = 0_54277413, Time = 2.66 sec. 
-Trial 1 0 54277413 4.848334
-Trial 2 0 54277413 4.863738
* 3: Cost = 0_54133411, Time = 2.77 sec. 
-Trial 3 0 54133411 4.964340
* 4: Cost = 0_54105982, Time = 2.80 sec. 
-Trial 4 0 54105982 4.992856
* 5: Cost = 0_53398808, Time = 2.87 sec. 
-Trial 5 0 53398808 5.061858
-Trial 6 0 53398808 5.162673
-Trial 7 0 53398808 5.397772
-Trial 8 0 53398808 5.413881
* 9: Cost = 0_53304589, Time = 3.24 sec. 
-Trial 9 0 53304589 5.427833
-Trial 10 0 53304589 5.472998
-Trial 11 0 53304589 5.531577
* 12: Cost = 0_53009335, Time = 3.36 sec. 
-Trial 12 0 53009335 5.550089
* 13: Cost = 0_52757904, Time = 3.38 sec. 
-Trial 13 0 52757904 5.570083
* 14: Cost = 0_52735463, Time = 3.40 sec. 
-Trial 14 0 52735463 5.586816
* 15: Cost = 0_51779420, Time = 3.46 sec. 
-Trial 15 0 51779420 5.647043
-Trial 16 0 51779420 5.649743
* 17: Cost = 0_51710030, Time = 3.47 sec. 
-Trial 17 0 51710030 5.659446
-Trial 18 0 51710030 5.707038
-Trial 19 0 51710030 5.791563
-Trial 20 0 51710030 5.824246
* 21: Cost = 0_51506185, Time = 3.64 sec. 
-Trial 21 0 51506185 5.832316
-Trial 22 0 51506185 5.839630
* 23: Cost = 0_51502266, Time = 3.70 sec. 
-Trial 23 0 51502266 5.894087
-Trial 24 0 51502266 5.906549
-Trial 25 0 51502266 5.937836
-Trial 26 0 51502266 5.939926
-Trial 27 0 51502266 5.975902
-Trial 28 0 51502266 6.036349
-Trial 29 0 51502266 6.041152
-Trial 30 0 51502266 6.045927
-Trial 31 0 51502266 6.071943
-Trial 32 0 51502266 6.102022
* 33: Cost = 0_51494624, Time = 3.93 sec. 
-Trial 33 0 51494624 6.119580
-Trial 34 0 51494624 6.150569
* 35: Cost = 0_51225820, Time = 3.99 sec. 
-Trial 35 0 51225820 6.183390
-Trial 36 0 51225820 6.209664
* 37: Cost = 0_51043932, Time = 4.03 sec. 
-Trial 37 0 51043932 6.223177
-Trial 38 0 51043932 6.249208
-Trial 39 0 51043932 6.335432
-Trial 40 0 51043932 6.344713
* 41: Cost = 0_51042947, Time = 4.19 sec. 
-Trial 41 0 51042947 6.379217
-Trial 42 0 51042947 6.435298
* 43: Cost = 0_51026383, Time = 4.29 sec. 
-Trial 43 0 51026383 6.478501
-Trial 44 0 51026383 6.484799
-Trial 45 0 51026383 6.635013
* 46: Cost = 0_51023236, Time = 4.47 sec. 
-Trial 46 0 51023236 6.657075
* 47: Cost = 0_50388743, Time = 4.64 sec. 
-Trial 47 0 50388743 6.830529
-Trial 48 0 50388743 6.841802
-Trial 49 0 50388743 6.949504
-Trial 50 0 50388743 6.973802
-Trial 51 0 50388743 6.986156
* 52: Cost = 0_50328323, Time = 4.92 sec. 
-Trial 52 0 50328323 7.107274
* 53: Cost = 0_50127551, Time = 4.98 sec. 
-Trial 53 0 50127551 7.171542
* 54: Cost = 0_50116303, Time = 5.07 sec. 
-Trial 54 0 50116303 7.259993
-Trial 55 0 50116303 7.462299
* 56: Cost = 0_50072809, Time = 5.30 sec. 
-Trial 56 0 50072809 7.486645
-Trial 57 0 50072809 7.527555
-Trial 58 0 50072809 7.535381
* 59: Cost = 0_49714267, Time = 5.39 sec. 
-Trial 59 0 49714267 7.584815
-Trial 60 0 49714267 7.595945
-Trial 61 0 49714267 7.625483
-Trial 62 0 49714267 7.642705
-Trial 63 0 49714267 7.658783
-Trial 64 0 49714267 7.716933
* 65: Cost = 0_49689827, Time = 5.54 sec. 
-Trial 65 0 49689827 7.730568
-Trial 66 0 49689827 7.741980
* 67: Cost = 0_49258895, Time = 5.60 sec. 
-Trial 67 0 49258895 7.792625
-Trial 68 0 49258895 7.805566
* 69: Cost = 0_49185508, Time = 5.63 sec. 
-Trial 69 0 49185508 7.818065
* 70: Cost = 0_49120639, Time = 5.64 sec. 
-Trial 70 0 49120639 7.827370
* 71: Cost = 0_49098313, Time = 5.68 sec. 
-Trial 71 0 49098313 7.869601
* 72: Cost = 0_48762393, Time = 5.69 sec. 
-Trial 72 0 48762393 7.884221
-Trial 73 0 48762393 7.930803
-Trial 74 0 48762393 7.978766
-Trial 75 0 48762393 7.981029
-Trial 76 0 48762393 7.997589
-Trial 77 0 48762393 8.014907
-Trial 78 0 48762393 8.048514
-Trial 79 0 48762393 8.145761
-Trial 80 0 48762393 8.269140
-Trial 81 0 48762393 8.280966
-Trial 82 0 48762393 8.283762
* 83: Cost = 0_48657940, Time = 6.11 sec. 
-Trial 83 0 48657940 8.298893
* 84: Cost = 0_48635793, Time = 6.13 sec. 
-Trial 84 0 48635793 8.319082
-Trial 85 0 48635793 8.349224
-Trial 86 0 48635793 8.408472
-Trial 87 0 48635793 8.434856
-Trial 88 0 48635793 8.452456
-Trial 89 0 48635793 8.475535
-Trial 90 0 48635793 8.480545
-Trial 91 0 48635793 8.528135
-Trial 92 0 48635793 8.558378
* 93: Cost = 0_48454006, Time = 6.38 sec. 
-Trial 93 0 48454006 8.570927
* 94: Cost = 0_48441972, Time = 6.41 sec. 
-Trial 94 0 48441972 8.596185
* 95: Cost = 0_48324854, Time = 6.47 sec. 
-Trial 95 0 48324854 8.664771
-Trial 96 0 48324854 8.671764
* 97: Cost = 0_48243978, Time = 6.50 sec. 
-Trial 97 0 48243978 8.690560
* 98: Cost = 0_48019387, Time = 6.53 sec. 
-Trial 98 0 48019387 8.721909
* 99: Cost = 0_48011433, Time = 6.55 sec. 
-Trial 99 0 48011433 8.740678
* 100: Cost = 0_47592048, Time = 6.60 sec. 
-Trial 100 0 47592048 8.795150
-Trial 101 0 47592048 8.831283
-Trial 102 0 47592048 8.837137
-Trial 103 0 47592048 8.869812
-Trial 104 0 47592048 8.949970
-Trial 105 0 47592048 9.136237
-Trial 106 0 47592048 9.143783
-Trial 107 0 47592048 9.155111
* 108: Cost = 0_47554255, Time = 6.98 sec. 
-Trial 108 0 47554255 9.173259
-Trial 109 0 47554255 9.249367
* 110: Cost = 0_47421606, Time = 7.10 sec. 
-Trial 110 0 47421606 9.294231
* 111: Cost = 0_47279484, Time = 7.13 sec. 
-Trial 111 0 47279484 9.319221
-Trial 112 0 47279484 9.380483
-Trial 113 0 47279484 9.475467
* 114: Cost = 0_47104236, Time = 7.31 sec. 
-Trial 114 0 47104236 9.496871
* 115: Cost = 0_47036795, Time = 7.31 sec. 
-Trial 115 0 47036795 9.500262
* 116: Cost = 0_46977920, Time = 7.33 sec. 
-Trial 116 0 46977920 9.516467
-Trial 117 0 46977920 9.531726
-Trial 118 0 46977920 9.557050
-Trial 119 0 46977920 9.562069
* 120: Cost = 0_46962840, Time = 7.44 sec. 
-Trial 120 0 46962840 9.631407
* 121: Cost = 0_46901918, Time = 7.45 sec. 
-Trial 121 0 46901918 9.638305
-Trial 122 0 46901918 9.661384
-Trial 123 0 46901918 9.887081
-Trial 124 0 46901918 9.922986
-Trial 125 0 46901918 9.927010
* 126: Cost = 0_46751472, Time = 7.77 sec. 
-Trial 126 0 46751472 9.960933
-Trial 127 0 46751472 9.981158
* 128: Cost = 0_46705581, Time = 7.95 sec. 
-Trial 128 0 46705581 10.144557
-Trial 129 0 46705581 10.210293
-Trial 130 0 46705581 10.255221
-Trial 131 0 46705581 10.260071
-Trial 132 0 46705581 10.304591
* 133: Cost = 0_46679676, Time = 8.15 sec. 
-Trial 133 0 46679676 10.335941
-Trial 134 0 46679676 10.346320
-Trial 135 0 46679676 10.393857
-Trial 136 0 46679676 10.421972
-Trial 137 0 46679676 10.441506
* 138: Cost = 0_46537018, Time = 8.27 sec. 
-Trial 138 0 46537018 10.458222
-Trial 139 0 46537018 10.475588
-Trial 140 0 46537018 10.539539
-Trial 141 0 46537018 10.548099
* 142: Cost = 0_46529339, Time = 8.37 sec. 
-Trial 142 0 46529339 10.560187
-Trial 143 0 46529339 10.564991
-Trial 144 0 46529339 10.575760
-Trial 145 0 46529339 10.601457
-Trial 146 0 46529339 10.617992
* 147: Cost = 0_46466877, Time = 8.44 sec. 
-Trial 147 0 46466877 10.630083
-Trial 148 0 46466877 10.665757
-Trial 149 0 46466877 10.677163
-Trial 150 0 46466877 10.739711
-Trial 151 0 46466877 10.746080
-Trial 152 0 46466877 10.769689
-Trial 153 0 46466877 10.775648
-Trial 154 0 46466877 10.801370
* 155: Cost = 0_46463300, Time = 8.65 sec. 
-Trial 155 0 46463300 10.844553
-Trial 156 0 46463300 11.027088
-Trial 157 0 46463300 11.027837
-Trial 158 0 46463300 11.030057
-Trial 159 0 46463300 11.068730
-Trial 160 0 46463300 11.083410
-Trial 161 0 46463300 11.160031
-Trial 162 0 46463300 11.259501
* 163: Cost = 0_46417412, Time = 9.08 sec. 
-Trial 163 0 46417412 11.269013
-Trial 164 0 46417412 11.288037
-Trial 165 0 46417412 11.296332
-Trial 166 0 46417412 11.335547
-Trial 167 0 46417412 11.508538
-Trial 168 0 46417412 11.514257
-Trial 169 0 46417412 11.530738
-Trial 170 0 46417412 11.543842
-Trial 171 0 46417412 11.551253
-Trial 172 0 46417412 11.593257
-Trial 173 0 46417412 11.614507
-Trial 174 0 46417412 11.622550
-Trial 175 0 46417412 11.659527
-Trial 176 0 46417412 11.662582
-Trial 177 0 46417412 11.723755
-Trial 178 0 46417412 11.767013
-Trial 179 0 46417412 11.802303
-Trial 180 0 46417412 11.970000
-Trial 181 0 46417412 11.984595
-Trial 182 0 46417412 12.005764
-Trial 183 0 46417412 12.012970
* 184: Cost = 0_46412822, Time = 9.94 sec. 
-Trial 184 0 46412822 12.129256
-Trial 185 0 46412822 12.160016
-Trial 186 0 46412822 12.222258
-Trial 187 0 46412822 12.312069
-Trial 188 0 46412822 12.320244
-Trial 189 0 46412822 12.326695
-Trial 190 0 46412822 12.335265
-Trial 191 0 46412822 12.351527
-Trial 192 0 46412822 12.414322
-Trial 193 0 46412822 12.468942
-Trial 194 0 46412822 12.489131
-Trial 195 0 46412822 12.500104
* 196: Cost = 0_46404018, Time = 10.32 sec. 
-Trial 196 0 46404018 12.511637
-Trial 197 0 46404018 12.587619
-Trial 198 0 46404018 12.590381
-Trial 199 0 46404018 12.617546
-Trial 200 0 46404018 12.642527
-Trial 201 0 46404018 12.650593
-Trial 202 0 46404018 12.757665
-Trial 203 0 46404018 12.852901
-Trial 204 0 46404018 12.934886
-Trial 205 0 46404018 12.942518
-Trial 206 0 46404018 12.975317
-Trial 207 0 46404018 13.116434
* 208: Cost = 0_46399628, Time = 10.95 sec. 
-Trial 208 0 46399628 13.144625
-Trial 209 0 46399628 13.169428
-Trial 210 0 46399628 13.171550
-Trial 211 0 46399628 13.175011
-Trial 212 0 46399628 13.186696
-Trial 213 0 46399628 13.231267
* 214: Cost = 0_46398884, Time = 11.05 sec. 
-Trial 214 0 46398884 13.238606
-Trial 215 0 46398884 13.311163
* 216: Cost = 0_46345344, Time = 11.15 sec. 
-Trial 216 0 46345344 13.342918
-Trial 217 0 46345344 13.368004
-Trial 218 0 46345344 13.371141
* 219: Cost = 0_46316322, Time = 11.24 sec. 
-Trial 219 0 46316322 13.430351
-Trial 220 0 46316322 13.479755
-Trial 221 0 46316322 13.505992
-Trial 222 0 46316322 13.645925
-Trial 223 0 46316322 13.673918
-Trial 224 0 46316322 13.738500
-Trial 225 0 46316322 13.763193
-Trial 226 0 46316322 13.781295
-Trial 227 0 46316322 13.834660
-Trial 228 0 46316322 13.853972
-Trial 229 0 46316322 13.879715
* 230: Cost = 0_46199336, Time = 11.70 sec. 
-Trial 230 0 46199336 13.885803
-Trial 231 0 46199336 13.887403
-Trial 232 0 46199336 13.899109
-Trial 233 0 46199336 13.950779
-Trial 234 0 46199336 13.973641
-Trial 235 0 46199336 13.978416
-Trial 236 0 46199336 13.985260
* 237: Cost = 0_46102053, Time = 11.93 sec. 
-Trial 237 0 46102053 14.119001
-Trial 238 0 46102053 14.131958
* 239: Cost = 0_46034553, Time = 11.96 sec. 
-Trial 239 0 46034553 14.152131
-Trial 240 0 46034553 14.158102
* 241: Cost = 0_46002648, Time = 11.98 sec. 
-Trial 241 0 46002648 14.167452
-Trial 242 0 46002648 14.231751
-Trial 243 0 46002648 14.248428
-Trial 244 0 46002648 14.331592
-Trial 245 0 46002648 14.606311
-Trial 246 0 46002648 14.827641
* 247: Cost = 0_45928834, Time = 12.66 sec. 
-Trial 247 0 45928834 14.846179
* 248: Cost = 0_45845361, Time = 12.67 sec. 
-Trial 248 0 45845361 14.857990
-Trial 249 0 45845361 14.870280
-Trial 250 0 45845361 14.886384
-Trial 251 0 45845361 14.906929
-Trial 252 0 45845361 14.912617
-Trial 253 0 45845361 14.943542
-Trial 254 0 45845361 14.952427
-Trial 255 0 45845361 14.976421
-Trial 256 0 45845361 14.995393
-Trial 257 0 45845361 15.005863
-Trial 258 0 45845361 15.046420
-Trial 259 0 45845361 15.154047
-Trial 260 0 45845361 15.165126
-Trial 261 0 45845361 15.236566
-Trial 262 0 45845361 15.238631
* 263: Cost = 0_45836657, Time = 13.09 sec. 
-Trial 263 0 45836657 15.281988
* 264: Cost = 0_45719561, Time = 13.11 sec. 
-Trial 264 0 45719561 15.298830
* 265: Cost = 0_45656504, Time = 13.12 sec. 
-Trial 265 0 45656504 15.308774
-Trial 266 0 45656504 15.350615
-Trial 267 0 45656504 15.368894
-Trial 268 0 45656504 15.371464
-Trial 269 0 45656504 15.501007
-Trial 270 0 45656504 15.580159
-Trial 271 0 45656504 15.583712
-Trial 272 0 45656504 15.617020
* 273: Cost = 0_45596440, Time = 13.44 sec. 
-Trial 273 0 45596440 15.630849
-Trial 274 0 45596440 15.681982
* 275: Cost = 0_45596076, Time = 13.55 sec. 
-Trial 275 0 45596076 15.742270
-Trial 276 0 45596076 16.103524
-Trial 277 0 45596076 16.323578
-Trial 278 0 45596076 16.505079
-Trial 279 0 45596076 16.508126
-Trial 280 0 45596076 16.533918
-Trial 281 0 45596076 16.549516
* 282: Cost = 0_45508856, Time = 14.43 sec. 
-Trial 282 0 45508856 16.619539
* 283: Cost = 0_45491568, Time = 14.43 sec. 
-Trial 283 0 45491568 16.623586
-Trial 284 0 45491568 16.668586
-Trial 285 0 45491568 16.690511
-Trial 286 0 45491568 16.700764
-Trial 287 0 45491568 16.764078
-Trial 288 0 45491568 16.831545
-Trial 289 0 45491568 16.849527
-Trial 290 0 45491568 16.859562
-Trial 291 0 45491568 16.878834
-Trial 292 0 45491568 16.910633
-Trial 293 0 45491568 17.046840
-Trial 294 0 45491568 17.076786
-Trial 295 0 45491568 17.077754
-Trial 296 0 45491568 17.109731
-Trial 297 0 45491568 17.146554
-Trial 298 0 45491568 17.208498
-Trial 299 0 45491568 17.248042
-Trial 300 0 45491568 17.282419
* 301: Cost = 0_45487934, Time = 15.10 sec. 
-Trial 301 0 45487934 17.291982
-Trial 302 0 45487934 17.338640
-Trial 303 0 45487934 17.342921
-Trial 304 0 45487934 17.356105
-Trial 305 0 45487934 17.391385
-Trial 306 0 45487934 17.454598
-Trial 307 0 45487934 17.541058
-Trial 308 0 45487934 17.557337
-Trial 309 0 45487934 17.565501
-Trial 310 0 45487934 17.596347
-Trial 311 0 45487934 17.601970
-Trial 312 0 45487934 17.605028
-Trial 313 0 45487934 17.630279
-Trial 314 0 45487934 17.678292
-Trial 315 0 45487934 17.691384
-Trial 316 0 45487934 17.708406
-Trial 317 0 45487934 17.743726
* 318: Cost = 0_45455452, Time = 15.56 sec. 
-Trial 318 0 45455452 17.747249
-Trial 319 0 45455452 17.808815
-Trial 320 0 45455452 17.835331
-Trial 321 0 45455452 18.012870
-Trial 322 0 45455452 18.115413
-Trial 323 0 45455452 18.353926
-Trial 324 0 45455452 18.356446
-Trial 325 0 45455452 18.360438
-Trial 326 0 45455452 18.380106
-Trial 327 0 45455452 18.438006
-Trial 328 0 45455452 18.517452
-Trial 329 0 45455452 18.567262
-Trial 330 0 45455452 18.583975
-Trial 331 0 45455452 18.599507
-Trial 332 0 45455452 18.670043
-Trial 333 0 45455452 18.672080
-Trial 334 0 45455452 18.713724
-Trial 335 0 45455452 18.829768
-Trial 336 0 45455452 18.858300
-Trial 337 0 45455452 18.870720
-Trial 338 0 45455452 18.891052
* 339: Cost = 0_45421990, Time = 16.72 sec. 
-Trial 339 0 45421990 18.908647
-Trial 340 0 45421990 18.938655
-Trial 341 0 45421990 18.941650
-Trial 342 0 45421990 19.016674
-Trial 343 0 45421990 19.048204
-Trial 344 0 45421990 19.098299
-Trial 345 0 45421990 19.141545
-Trial 346 0 45421990 19.209865
-Trial 347 0 45421990 19.220470
-Trial 348 0 45421990 19.254024
-Trial 349 0 45421990 19.267567
-Trial 350 0 45421990 19.300084
-Trial 351 0 45421990 19.321841
-Trial 352 0 45421990 19.338893
-Trial 353 0 45421990 19.343828
-Trial 354 0 45421990 19.433677
* 355: Cost = 0_45391097, Time = 17.26 sec. 
-Trial 355 0 45391097 19.450757
-Trial 356 0 45391097 19.462405
-Trial 357 0 45391097 19.470054
* 358: Cost = 0_45361565, Time = 17.30 sec. 
-Trial 358 0 45361565 19.486226
* 359: Cost = 0_45299288, Time = 17.30 sec. 
-Trial 359 0 45299288 19.491140
-Trial 360 0 45299288 19.507016
-Trial 361 0 45299288 19.533206
-Trial 362 0 45299288 19.538464
-Trial 363 0 45299288 19.556301
-Trial 364 0 45299288 19.580792
-Trial 365 0 45299288 19.586770
-Trial 366 0 45299288 19.597460
-Trial 367 0 45299288 19.609472
-Trial 368 0 45299288 19.614347
-Trial 369 0 45299288 19.646285
-Trial 370 0 45299288 19.652238
-Trial 371 0 45299288 19.662970
-Trial 372 0 45299288 19.663376
-Trial 373 0 45299288 19.731615
* 374: Cost = 0_45281668, Time = 17.55 sec. 
-Trial 374 0 45281668 19.740960
-Trial 375 0 45281668 19.762572
-Trial 376 0 45281668 19.772955
-Trial 377 0 45281668 19.839205
-Trial 378 0 45281668 19.893350
-Trial 379 0 45281668 19.897596
-Trial 380 0 45281668 19.903439
* 381: Cost = 0_45151945, Time = 17.80 sec. 
-Trial 381 0 45151945 19.986312
-Trial 382 0 45151945 20.017656
-Trial 383 0 45151945 20.119425
-Trial 384 0 45151945 20.151955
-Trial 385 0 45151945 20.198419
-Trial 386 0 45151945 20.201116
-Trial 387 0 45151945 20.214835
-Trial 388 0 45151945 20.225999
-Trial 389 0 45151945 20.264147
-Trial 390 0 45151945 20.287032
-Trial 391 0 45151945 20.322563
-Trial 392 0 45151945 20.411900
-Trial 393 0 45151945 20.458445
-Trial 394 0 45151945 20.474723
-Trial 395 0 45151945 20.501676
-Trial 396 0 45151945 20.592558
-Trial 397 0 45151945 20.604530
-Trial 398 0 45151945 20.622133
-Trial 399 0 45151945 20.627478
-Trial 400 0 45151945 20.650321
-Trial 401 0 45151945 20.806627
-Trial 402 0 45151945 20.820796
-Trial 403 0 45151945 20.882980
-Trial 404 0 45151945 20.970339
-Trial 405 0 45151945 21.191165
-Trial 406 0 45151945 21.191530
-Trial 407 0 45151945 21.197336
-Trial 408 0 45151945 21.220628
-Trial 409 0 45151945 21.227984
-Trial 410 0 45151945 21.264378
-Trial 411 0 45151945 21.278253
-Trial 412 0 45151945 21.294750
-Trial 413 0 45151945 21.315556
-Trial 414 0 45151945 21.358185
-Trial 415 0 45151945 21.363058
-Trial 416 0 45151945 21.418208
-Trial 417 0 45151945 21.441549
-Trial 418 0 45151945 21.472465
-Trial 419 0 45151945 21.480506
-Trial 420 0 45151945 21.530432
-Trial 421 0 45151945 21.602661
-Trial 422 0 45151945 21.626806
-Trial 423 0 45151945 21.634866
-Trial 424 0 45151945 21.707425
-Trial 425 0 45151945 21.751174
-Trial 426 0 45151945 21.782454
-Trial 427 0 45151945 21.818362
-Trial 428 0 45151945 21.822951
-Trial 429 0 45151945 21.827845
* 430: Cost = 0_45139922, Time = 19.87 sec. 
-Trial 430 0 45139922 22.056511
-Trial 431 0 45139922 22.086777
-Trial 432 0 45139922 22.089779
-Trial 433 0 45139922 22.100514
-Trial 434 0 45139922 22.111632
-Trial 435 0 45139922 22.133317
-Trial 436 0 45139922 22.160192
* 437: Cost = 0_45129690, Time = 20.04 sec. 
-Trial 437 0 45129690 22.227858
-Trial 438 0 45129690 22.242201
-Trial 439 0 45129690 22.243443
-Trial 440 0 45129690 22.263514
-Trial 441 0 45129690 22.273104
* 442: Cost = 0_45080844, Time = 20.10 sec. 
-Trial 442 0 45080844 22.292073
-Trial 443 0 45080844 22.312788
* 444: Cost = 0_45073867, Time = 20.14 sec. 
-Trial 444 0 45073867 22.326608
-Trial 445 0 45073867 22.378031
-Trial 446 0 45073867 22.522868
-Trial 447 0 45073867 22.526930
-Trial 448 0 45073867 22.598131
-Trial 449 0 45073867 22.732825
-Trial 450 0 45073867 22.751492
-Trial 451 0 45073867 22.842871
-Trial 452 0 45073867 22.847883
-Trial 453 0 45073867 22.871444
-Trial 454 0 45073867 22.871890
-Trial 455 0 45073867 22.876788
-Trial 456 0 45073867 22.946106
-Trial 457 0 45073867 22.970571
-Trial 458 0 45073867 23.060486
-Trial 459 0 45073867 23.082849
-Trial 460 0 45073867 23.102917
* 461: Cost = 0_45040686, Time = 20.97 sec. 
-Trial 461 0 45040686 23.165039
-Trial 462 0 45040686 23.207664
-Trial 463 0 45040686 23.211673
-Trial 464 0 45040686 23.218659
* 465: Cost = 0_45022514, Time = 21.05 sec. 
-Trial 465 0 45022514 23.235573
-Trial 466 0 45022514 23.298632
-Trial 467 0 45022514 23.308729
-Trial 468 0 45022514 23.434108
* 469: Cost = 0_45014608, Time = 21.25 sec. 
-Trial 469 0 45014608 23.442846
-Trial 470 0 45014608 23.446327
-Trial 471 0 45014608 23.450048
-Trial 472 0 45014608 23.508662
-Trial 473 0 45014608 23.510471
-Trial 474 0 45014608 23.518518
-Trial 475 0 45014608 23.539212
-Trial 476 0 45014608 23.550294
-Trial 477 0 45014608 23.595181
-Trial 478 0 45014608 23.614240
-Trial 479 0 45014608 23.673111
-Trial 480 0 45014608 23.686117
-Trial 481 0 45014608 23.815146
-Trial 482 0 45014608 23.844075
-Trial 483 0 45014608 23.888218
-Trial 484 0 45014608 23.891958
-Trial 485 0 45014608 23.902675
-Trial 486 0 45014608 23.926499
-Trial 487 0 45014608 23.931095
-Trial 488 0 45014608 23.939536
-Trial 489 0 45014608 23.968757
-Trial 490 0 45014608 24.030947
-Trial 491 0 45014608 24.034606
-Trial 492 0 45014608 24.035252
-Trial 493 0 45014608 24.060782
-Trial 494 0 45014608 24.118230
-Trial 495 0 45014608 24.285780
* 496: Cost = 0_44985682, Time = 22.12 sec. 
-Trial 496 0 44985682 24.310847
-Trial 497 0 44985682 24.351698
-Trial 498 0 44985682 24.396225
-Trial 499 0 44985682 24.436118
-Trial 500 0 44985682 24.502605
* 501: Cost = 0_44797015, Time = 22.34 sec. 
-Trial 501 0 44797015 24.528248
-Trial 502 0 44797015 24.597918
-Trial 503 0 44797015 24.670329
-Trial 504 0 44797015 24.688131
-Trial 505 0 44797015 24.765826
-Trial 506 0 44797015 24.788928
-Trial 507 0 44797015 24.843116
-Trial 508 0 44797015 24.879439
-Trial 509 0 44797015 24.883898
-Trial 510 0 44797015 25.021427
-Trial 511 0 44797015 25.028849
-Trial 512 0 44797015 25.046377
-Trial 513 0 44797015 25.056681
-Trial 514 0 44797015 25.099651
-Trial 515 0 44797015 25.109916
-Trial 516 0 44797015 25.125772
-Trial 517 0 44797015 25.136674
-Trial 518 0 44797015 25.151590
-Trial 519 0 44797015 25.195971
-Trial 520 0 44797015 25.391227
-Trial 521 0 44797015 25.484584
-Trial 522 0 44797015 25.512211
-Trial 523 0 44797015 25.524822
-Trial 524 0 44797015 25.544230
-Trial 525 0 44797015 25.625164
-Trial 526 0 44797015 25.646445
-Trial 527 0 44797015 25.652766
-Trial 528 0 44797015 25.679464
-Trial 529 0 44797015 25.703296
-Trial 530 0 44797015 25.705811
-Trial 531 0 44797015 25.722669
-Trial 532 0 44797015 25.736478
-Trial 533 0 44797015 25.756714
-Trial 534 0 44797015 25.811591
-Trial 535 0 44797015 25.842897
-Trial 536 0 44797015 25.852506
-Trial 537 0 44797015 25.864806
-Trial 538 0 44797015 25.890817
-Trial 539 0 44797015 25.921953
-Trial 540 0 44797015 26.000708
-Trial 541 0 44797015 26.029293
-Trial 542 0 44797015 26.072169
-Trial 543 0 44797015 26.080957
* 544: Cost = 0_44789014, Time = 23.92 sec. 
-Trial 544 0 44789014 26.111974
-Trial 545 0 44789014 26.171513
-Trial 546 0 44789014 26.176796
-Trial 547 0 44789014 26.212218
-Trial 548 0 44789014 26.259466
-Trial 549 0 44789014 26.278687
-Trial 550 0 44789014 26.286732
-Trial 551 0 44789014 26.301059
-Trial 552 0 44789014 26.544421
-Trial 553 0 44789014 26.587663
-Trial 554 0 44789014 26.588674
-Trial 555 0 44789014 26.602606
* 556: Cost = 0_44745816, Time = 24.42 sec. 
-Trial 556 0 44745816 26.610750
-Trial 557 0 44745816 26.678790
* 558: Cost = 0_44721514, Time = 24.52 sec. 
-Trial 558 0 44721514 26.708270
-Trial 559 0 44721514 26.715719
-Trial 560 0 44721514 26.724465
-Trial 561 0 44721514 26.818863
-Trial 562 0 44721514 26.913821
-Trial 563 0 44721514 26.961765
-Trial 564 0 44721514 26.970928
-Trial 565 0 44721514 26.990655
-Trial 566 0 44721514 27.013759
-Trial 567 0 44721514 27.054217
-Trial 568 0 44721514 27.070228
-Trial 569 0 44721514 27.077851
-Trial 570 0 44721514 27.123746
-Trial 571 0 44721514 27.131258
-Trial 572 0 44721514 27.162077
-Trial 573 0 44721514 27.186025
* 574: Cost = 0_44703313, Time = 25.05 sec. 
-Trial 574 0 44703313 27.240692
-Trial 575 0 44703313 27.244844
-Trial 576 0 44703313 27.262724
-Trial 577 0 44703313 27.287652
-Trial 578 0 44703313 27.297976
-Trial 579 0 44703313 27.305632
* 580: Cost = 0_44662419, Time = 25.15 sec. 
-Trial 580 0 44662419 27.340381
-Trial 581 0 44662419 27.360101
-Trial 582 0 44662419 27.392762
-Trial 583 0 44662419 27.396629
-Trial 584 0 44662419 27.418201
-Trial 585 0 44662419 27.436048
-Trial 586 0 44662419 27.437692
-Trial 587 0 44662419 27.447342
-Trial 588 0 44662419 27.466623
-Trial 589 0 44662419 27.491375
-Trial 590 0 44662419 27.500235
* 591: Cost = 0_44622619, Time = 25.32 sec. 
-Trial 591 0 44622619 27.513582
-Trial 592 0 44622619 27.535609
-Trial 593 0 44622619 27.559961
-Trial 594 0 44622619 27.571963
-Trial 595 0 44622619 27.599603
-Trial 596 0 44622619 27.602609
* 597: Cost = 0_44620372, Time = 25.46 sec. 
-Trial 597 0 44620372 27.648999
-Trial 598 0 44620372 27.729134
-Trial 599 0 44620372 27.763442
-Trial 600 0 44620372 27.768050
-Trial 601 0 44620372 27.808128
-Trial 602 0 44620372 27.818439
-Trial 603 0 44620372 27.827849
-Trial 604 0 44620372 27.931498
-Trial 605 0 44620372 27.932747
* 606: Cost = 0_44575231, Time = 25.75 sec. 
-Trial 606 0 44575231 27.941770
-Trial 607 0 44575231 27.950384
-Trial 608 0 44575231 28.187747
-Trial 609 0 44575231 28.225608
-Trial 610 0 44575231 28.234797
-Trial 611 0 44575231 28.248389
-Trial 612 0 44575231 28.260897
-Trial 613 0 44575231 28.270796
-Trial 614 0 44575231 28.290038
-Trial 615 0 44575231 28.316000
-Trial 616 0 44575231 28.348184
-Trial 617 0 44575231 28.388424
-Trial 618 0 44575231 28.447455
-Trial 619 0 44575231 28.460456
-Trial 620 0 44575231 28.484986
-Trial 621 0 44575231 28.493135
* 622: Cost = 0_44546305, Time = 26.31 sec. 
-Trial 622 0 44546305 28.498573
-Trial 623 0 44546305 28.515229
-Trial 624 0 44546305 28.555792
-Trial 625 0 44546305 28.564860
-Trial 626 0 44546305 28.575691
-Trial 627 0 44546305 28.592514
-Trial 628 0 44546305 28.621771
-Trial 629 0 44546305 28.676705
-Trial 630 0 44546305 28.681675
-Trial 631 0 44546305 28.685338
-Trial 632 0 44546305 28.716707
-Trial 633 0 44546305 28.740474
-Trial 634 0 44546305 28.792876
-Trial 635 0 44546305 28.819583
-Trial 636 0 44546305 28.837688
-Trial 637 0 44546305 28.841137
-Trial 638 0 44546305 28.847914
-Trial 639 0 44546305 28.868819
-Trial 640 0 44546305 28.897993
-Trial 641 0 44546305 28.927748
-Trial 642 0 44546305 29.043344
-Trial 643 0 44546305 29.049534
-Trial 644 0 44546305 29.052675
-Trial 645 0 44546305 29.053926
-Trial 646 0 44546305 29.055282
-Trial 647 0 44546305 29.060531
-Trial 648 0 44546305 29.094677
-Trial 649 0 44546305 29.101871
-Trial 650 0 44546305 29.116275
-Trial 651 0 44546305 29.135446
-Trial 652 0 44546305 29.226681
* 653: Cost = 0_44497702, Time = 27.06 sec. 
-Trial 653 0 44497702 29.252637
-Trial 654 0 44497702 29.336845
-Trial 655 0 44497702 29.364802
-Trial 656 0 44497702 29.429306
-Trial 657 0 44497702 29.438085
-Trial 658 0 44497702 29.441972
-Trial 659 0 44497702 29.459033
-Trial 660 0 44497702 29.461941
* 661: Cost = 0_44472189, Time = 27.36 sec. 
-Trial 661 0 44472189 29.547458
-Trial 662 0 44472189 29.597589
-Trial 663 0 44472189 29.616615
-Trial 664 0 44472189 29.632502
-Trial 665 0 44472189 29.645408
-Trial 666 0 44472189 29.649992
-Trial 667 0 44472189 29.677651
-Trial 668 0 44472189 29.682400
* 669: Cost = 0_44374999, Time = 27.50 sec. 
-Trial 669 0 44374999 29.692381
-Trial 670 0 44374999 29.735114
-Trial 671 0 44374999 29.756811
-Trial 672 0 44374999 29.802700
-Trial 673 0 44374999 29.809048
-Trial 674 0 44374999 29.824313
-Trial 675 0 44374999 29.956924
-Trial 676 0 44374999 29.978025
-Trial 677 0 44374999 30.009829
-Trial 678 0 44374999 30.012128
-Trial 679 0 44374999 30.077377
-Trial 680 0 44374999 30.079891
-Trial 681 0 44374999 30.105542
-Trial 682 0 44374999 30.165174
-Trial 683 0 44374999 30.219638
-Trial 684 0 44374999 30.308020
* 685: Cost = 0_44373723, Time = 28.13 sec. 
-Trial 685 0 44373723 30.319107
-Trial 686 0 44373723 30.326987
-Trial 687 0 44373723 30.352381
-Trial 688 0 44373723 30.359771
-Trial 689 0 44373723 30.383075
-Trial 690 0 44373723 30.439988
-Trial 691 0 44373723 30.454198
-Trial 692 0 44373723 30.522747
-Trial 693 0 44373723 30.565965
-Trial 694 0 44373723 30.687554
* 695: Cost = 0_44305717, Time = 28.50 sec. 
-Trial 695 0 44305717 30.693656
-Trial 696 0 44305717 30.723771
-Trial 697 0 44305717 30.725561
-Trial 698 0 44305717 30.738817
-Trial 699 0 44305717 30.834339
* 700: Cost = 0_44302808, Time = 28.69 sec. 
-Trial 700 0 44302808 30.879527
-Trial 701 0 44302808 30.922014
* 702: Cost = 0_44290985, Time = 28.80 sec. 
-Trial 702 0 44290985 30.995061
-Trial 703 0 44290985 31.019322
-Trial 704 0 44290985 31.024579
* 705: Cost = 0_44201653, Time = 28.84 sec. 
-Trial 705 0 44201653 31.027842
-Trial 706 0 44201653 31.070595
-Trial 707 0 44201653 31.111881
-Trial 708 0 44201653 31.296335
-Trial 709 0 44201653 31.342092
-Trial 710 0 44201653 31.357482
-Trial 711 0 44201653 31.380623
-Trial 712 0 44201653 31.392980
-Trial 713 0 44201653 31.407471
-Trial 714 0 44201653 31.413895
-Trial 715 0 44201653 31.429034
-Trial 716 0 44201653 31.490898
-Trial 717 0 44201653 31.497282
-Trial 718 0 44201653 31.500499
-Trial 719 0 44201653 31.641007
-Trial 720 0 44201653 31.719339
* 721: Cost = 0_44195909, Time = 29.54 sec. 
-Trial 721 0 44195909 31.728279
-Trial 722 0 44195909 31.743565
-Trial 723 0 44195909 31.755385
-Trial 724 0 44195909 31.812070
-Trial 725 0 44195909 31.840336
-Trial 726 0 44195909 31.870983
-Trial 727 0 44195909 31.872459
-Trial 728 0 44195909 31.892701
-Trial 729 0 44195909 31.929635
-Trial 730 0 44195909 31.953851
-Trial 731 0 44195909 31.959714
-Trial 732 0 44195909 31.983702
-Trial 733 0 44195909 31.987477
-Trial 734 0 44195909 32.015238
* 735: Cost = 0_44178228, Time = 29.83 sec. 
-Trial 735 0 44178228 32.022460
-Trial 736 0 44178228 32.079207
-Trial 737 0 44178228 32.086277
-Trial 738 0 44178228 32.089108
-Trial 739 0 44178228 32.097692
-Trial 740 0 44178228 32.140246
-Trial 741 0 44178228 32.162261
-Trial 742 0 44178228 32.165183
-Trial 743 0 44178228 32.172020
-Trial 744 0 44178228 32.220829
-Trial 745 0 44178228 32.263652
-Trial 746 0 44178228 32.288726
-Trial 747 0 44178228 32.470776
-Trial 748 0 44178228 32.545187
-Trial 749 0 44178228 32.559350
-Trial 750 0 44178228 32.621700
-Trial 751 0 44178228 32.648707
-Trial 752 0 44178228 32.673177
-Trial 753 0 44178228 32.723592
-Trial 754 0 44178228 32.756273
-Trial 755 0 44178228 32.765221
-Trial 756 0 44178228 32.775735
-Trial 757 0 44178228 32.796504
-Trial 758 0 44178228 32.803808
-Trial 759 0 44178228 32.823518
-Trial 760 0 44178228 32.837433
-Trial 761 0 44178228 32.851442
-Trial 762 0 44178228 32.858488
-Trial 763 0 44178228 32.885298
-Trial 764 0 44178228 32.970838
-Trial 765 0 44178228 32.981275
-Trial 766 0 44178228 33.002860
-Trial 767 0 44178228 33.005511
-Trial 768 0 44178228 33.182032
-Trial 769 0 44178228 33.192808
* 770: Cost = 0_44136669, Time = 31.02 sec. 
-Trial 770 0 44136669 33.212141
-Trial 771 0 44136669 33.214130
-Trial 772 0 44136669 33.307776
-Trial 773 0 44136669 33.323200
-Trial 774 0 44136669 33.450068
-Trial 775 0 44136669 33.802571
-Trial 776 0 44136669 33.814318
-Trial 777 0 44136669 33.827712
-Trial 778 0 44136669 33.836344
-Trial 779 0 44136669 33.838299
-Trial 780 0 44136669 33.882735
* 781: Cost = 0_44113901, Time = 31.74 sec. 
-Trial 781 0 44113901 33.929429
-Trial 782 0 44113901 33.953713
-Trial 783 0 44113901 33.974888
-Trial 784 0 44113901 33.975338
-Trial 785 0 44113901 34.011281
-Trial 786 0 44113901 34.037273
-Trial 787 0 44113901 34.093277
-Trial 788 0 44113901 34.152479
-Trial 789 0 44113901 34.165750
-Trial 790 0 44113901 34.314517
-Trial 791 0 44113901 34.323429
-Trial 792 0 44113901 34.367474
-Trial 793 0 44113901 34.378027
-Trial 794 0 44113901 34.384422
-Trial 795 0 44113901 34.406955
-Trial 796 0 44113901 34.423083
-Trial 797 0 44113901 34.485088
-Trial 798 0 44113901 34.510185
-Trial 799 0 44113901 34.545484
* 800: Cost = 0_44011293, Time = 32.39 sec. 
-Trial 800 0 44011293 34.582832
-Trial 801 0 44011293 34.584017
-Trial 802 0 44011293 34.604668
-Trial 803 0 44011293 34.637234
-Trial 804 0 44011293 34.686215
-Trial 805 0 44011293 34.715347
-Trial 806 0 44011293 34.720659
-Trial 807 0 44011293 34.744896
-Trial 808 0 44011293 34.891620
-Trial 809 0 44011293 34.904961
-Trial 810 0 44011293 34.930529
-Trial 811 0 44011293 34.957452
* 812: Cost = 0_43976683, Time = 32.78 sec. 
-Trial 812 0 43976683 34.967259
-Trial 813 0 43976683 35.000435
-Trial 814 0 43976683 35.014163
-Trial 815 0 43976683 35.020913
-Trial 816 0 43976683 35.045103
-Trial 817 0 43976683 35.066895
-Trial 818 0 43976683 35.071084
-Trial 819 0 43976683 35.104999
-Trial 820 0 43976683 35.125460
-Trial 821 0 43976683 35.126679
-Trial 822 0 43976683 35.155210
-Trial 823 0 43976683 35.658579
-Trial 824 0 43976683 35.674966
-Trial 825 0 43976683 35.721187
-Trial 826 0 43976683 35.997630
-Trial 827 0 43976683 36.008545
-Trial 828 0 43976683 36.065361
-Trial 829 0 43976683 36.087955
-Trial 830 0 43976683 36.100459
-Trial 831 0 43976683 36.113201
-Trial 832 0 43976683 36.124410
-Trial 833 0 43976683 36.145277
-Trial 834 0 43976683 36.185421
-Trial 835 0 43976683 36.227256
-Trial 836 0 43976683 36.263346
-Trial 837 0 43976683 36.269987
-Trial 838 0 43976683 36.310494
-Trial 839 0 43976683 36.334401
-Trial 840 0 43976683 36.378631
-Trial 841 0 43976683 36.392892
-Trial 842 0 43976683 36.462798
-Trial 843 0 43976683 36.519774
-Trial 844 0 43976683 36.604896
-Trial 845 0 43976683 36.610204
-Trial 846 0 43976683 36.645250
-Trial 847 0 43976683 36.660525
-Trial 848 0 43976683 36.664927
-Trial 849 0 43976683 36.673706
-Trial 850 0 43976683 36.705248
* 851: Cost = 0_43956500, Time = 34.58 sec. 
-Trial 851 0 43956500 36.771036
-Trial 852 0 43956500 36.771676
-Trial 853 0 43956500 36.783812
-Trial 854 0 43956500 36.867489
-Trial 855 0 43956500 36.872992
-Trial 856 0 43956500 36.908972
-Trial 857 0 43956500 36.926180
-Trial 858 0 43956500 37.030872
-Trial 859 0 43956500 37.186869
-Trial 860 0 43956500 37.200006
-Trial 861 0 43956500 37.222049
-Trial 862 0 43956500 37.294318
-Trial 863 0 43956500 37.328406
* 864: Cost = 0_43919702, Time = 35.16 sec. 
-Trial 864 0 43919702 37.353741
-Trial 865 0 43919702 37.361571
-Trial 866 0 43919702 37.384362
-Trial 867 0 43919702 37.397100
-Trial 868 0 43919702 37.462190
-Trial 869 0 43919702 37.550871
-Trial 870 0 43919702 37.639701
-Trial 871 0 43919702 37.690076
-Trial 872 0 43919702 37.727149
-Trial 873 0 43919702 37.755167
-Trial 874 0 43919702 37.767742
-Trial 875 0 43919702 37.784172
-Trial 876 0 43919702 37.801061
-Trial 877 0 43919702 37.814123
* 878: Cost = 0_43919161, Time = 35.64 sec. 
-Trial 878 0 43919161 37.825624
-Trial 879 0 43919161 37.837456
-Trial 880 0 43919161 37.841662
-Trial 881 0 43919161 37.856517
-Trial 882 0 43919161 37.864373
-Trial 883 0 43919161 37.884904
-Trial 884 0 43919161 37.924073
-Trial 885 0 43919161 37.970921
-Trial 886 0 43919161 37.981490
-Trial 887 0 43919161 38.012165
-Trial 888 0 43919161 38.030162
-Trial 889 0 43919161 38.043411
-Trial 890 0 43919161 38.069681
-Trial 891 0 43919161 38.097422
-Trial 892 0 43919161 38.102378
-Trial 893 0 43919161 38.111341
-Trial 894 0 43919161 38.119833
-Trial 895 0 43919161 38.149109
-Trial 896 0 43919161 38.156867
-Trial 897 0 43919161 38.185658
-Trial 898 0 43919161 38.292730
-Trial 899 0 43919161 38.294274
-Trial 900 0 43919161 38.305491
-Trial 901 0 43919161 38.310146
-Trial 902 0 43919161 38.319929
-Trial 903 0 43919161 38.344374
-Trial 904 0 43919161 38.364689
-Trial 905 0 43919161 38.371505
-Trial 906 0 43919161 38.400960
-Trial 907 0 43919161 38.474701
-Trial 908 0 43919161 38.503013
-Trial 909 0 43919161 38.503638
* 910: Cost = 0_43718776, Time = 36.39 sec. 
-Trial 910 0 43718776 38.584442
* 911: Cost = 0_43695628, Time = 36.40 sec. 
-Trial 911 0 43695628 38.589329
-Trial 912 0 43695628 38.629507
-Trial 913 0 43695628 38.642525
-Trial 914 0 43695628 38.648989
-Trial 915 0 43695628 38.668456
-Trial 916 0 43695628 38.691409
* 917: Cost = 0_43485227, Time = 36.50 sec. 
-Trial 917 0 43485227 38.694549
-Trial 918 0 43485227 38.716243
-Trial 919 0 43485227 38.742532
-Trial 920 0 43485227 38.921405
-Trial 921 0 43485227 38.947477
-Trial 922 0 43485227 39.021707
-Trial 923 0 43485227 39.054096
-Trial 924 0 43485227 39.092119
-Trial 925 0 43485227 39.102517
-Trial 926 0 43485227 39.122519
-Trial 927 0 43485227 39.142516
-Trial 928 0 43485227 39.149458
-Trial 929 0 43485227 39.176143
-Trial 930 0 43485227 39.186452
-Trial 931 0 43485227 39.290882
-Trial 932 0 43485227 39.304408
-Trial 933 0 43485227 39.314573
-Trial 934 0 43485227 39.334470
-Trial 935 0 43485227 39.344352
-Trial 936 0 43485227 39.346731
-Trial 937 0 43485227 39.351222
-Trial 938 0 43485227 39.389265
-Trial 939 0 43485227 39.398975
* 940: Cost = 0_43480026, Time = 37.26 sec. 
-Trial 940 0 43480026 39.454659
-Trial 941 0 43480026 39.489511
-Trial 942 0 43480026 39.539667
-Trial 943 0 43480026 39.541136
-Trial 944 0 43480026 39.620763
-Trial 945 0 43480026 39.627994
-Trial 946 0 43480026 39.634900
-Trial 947 0 43480026 39.648554
-Trial 948 0 43480026 39.651786
-Trial 949 0 43480026 39.676518
-Trial 950 0 43480026 39.689653
-Trial 951 0 43480026 39.709882
-Trial 952 0 43480026 39.746914
-Trial 953 0 43480026 39.764451
-Trial 954 0 43480026 39.831612
-Trial 955 0 43480026 39.853874
-Trial 956 0 43480026 39.865485
-Trial 957 0 43480026 39.908097
-Trial 958 0 43480026 39.939232
-Trial 959 0 43480026 39.992266
-Trial 960 0 43480026 40.064235
-Trial 961 0 43480026 40.079720
-Trial 962 0 43480026 40.088056
-Trial 963 0 43480026 40.096978
-Trial 964 0 43480026 40.134823
-Trial 965 0 43480026 40.240789
* 966: Cost = 0_43465974, Time = 38.13 sec. 
-Trial 966 0 43465974 40.319791
* 967: Cost = 0_43164407, Time = 38.15 sec. 
-Trial 967 0 43164407 40.339309
-Trial 968 0 43164407 40.356641
-Trial 969 0 43164407 40.362562
-Trial 970 0 43164407 40.467468
-Trial 971 0 43164407 40.469984
-Trial 972 0 43164407 40.503523
-Trial 973 0 43164407 40.519846
-Trial 974 0 43164407 40.537191
-Trial 975 0 43164407 40.542066
-Trial 976 0 43164407 40.572696
* 977: Cost = 0_43141170, Time = 38.39 sec. 
-Trial 977 0 43141170 40.579781
-Trial 978 0 43141170 40.614296
-Trial 979 0 43141170 40.660389
-Trial 980 0 43141170 40.684412
-Trial 981 0 43141170 40.690647
-Trial 982 0 43141170 40.703620
-Trial 983 0 43141170 40.748319
-Trial 984 0 43141170 40.775039
-Trial 985 0 43141170 40.781470
-Trial 986 0 43141170 40.808259
-Trial 987 0 43141170 40.810668
-Trial 988 0 43141170 40.824182
-Trial 989 0 43141170 40.824741
-Trial 990 0 43141170 40.891554
-Trial 991 0 43141170 40.914302
-Trial 992 0 43141170 40.951258
-Trial 993 0 43141170 40.979198
-Trial 994 0 43141170 40.991971
-Trial 995 0 43141170 41.036215
-Trial 996 0 43141170 41.039564
-Trial 997 0 43141170 41.057563
-Trial 998 0 43141170 41.160654
-Trial 999 0 43141170 41.208520
-Trial 1000 0 43141170 41.240796
Population:
  1: 0_43141170
Run 1: Cost = 0_43141170, Time = 39.05 sec. 

Successes/Runs = 0/1 
Cost.min = 43141170, Cost.avg = 43141170.00, Cost.max = 43141170
Gap.min = 0.0000%, Gap.avg = 0.0000%, Gap.max = 0.0000%
Penalty.min = 0, Penalty.avg = 0.00, Penalty.max = 0
Trials.min = 1000, Trials.avg = 1000.0, Trials.max = 1000
Time.min = 39.05 sec., Time.avg = 39.05 sec., Time.max = 39.05 sec.
Time.total = 41.24 sec.
  Size.min = 11, Size.max = 40, Penalty = 0
  Cost.min = 1002982, Cost.max = 3194919, Cost.sum = 43141170
Best CVRPTW solution:
  Cost = 0_43141170
1 462 355 461 178 350 117 255 416 147 66 281 319 322 475 48 218 301 20 451 137 309 399 148 520 356 266 101 116 81 190 398 249 49 238 2 223 458 446 470 348 227 191 375 244 488 508 359 194 430 494 80 387 236 454 85 127 172 152 13 434 469 38 439 123 512 463 468 186 96 98 436 303 311 99 153 267 235 22 149 325 90 263 271 163 209 50 151 313 315 506 495 229 135 264 232 401 317 10 68 364 84 284 205 321 54 474 343 288 189 228 286 216 374 130 268 154 280 126 402 134 184 171 332 290 384 128 323 88 109 72 502 400 250 75 196 464 308 296 124 413 247 74 142 40 429 431 201 388 404 501 176 34 217 346 212 43 365 519 51 347 363 83 500 177 239 243 383 24 9 373 377 97 166 471 33 490 246 342 213 5 478 473 353 448 484 511 300 289 287 86 351 456 498 279 114 357 35 507 428 333 78 173 447 270 220 226 438 56 316 486 11 164 122 145 294 203 170 70 210 92 215 167 59 306 457 207 395 82 410 94 510 231 292 79 452 230 476 272 182 381 261 4 437 391 52 491 119 305 393 277 504 7 269 12 65 358 214 224 417 335 3 418 104 336 327 256 324 307 192 39 352 17 487 47 262 187 45 459 248 513 112 202 57 320 326 36 222 496 195 372 125 139 69 385 331 318 441 455 382 378 237 73 349 156 328 302 32 6 77 518 394 251 168 397 460 197 424 396 453 389 53 330 61 472 16 180 467 44 443 503 14 329 283 118 380 208 100 344 310 293 206 242 67 198 445 483 465 406 241 341 407 432 276 517 120 390 282 200 107 159 392 240 157 175 312 414 188 93 89 141 110 219 411 412 422 103 28 367 41 408 409 275 376 379 415 37 499 169 18 115 514 369 450 31 254 55 386 477 298 179 108 27 371 299 21 15 8 258 121 62 199 426 144 58 221 29 181 440 140 64 405 505 160 71 138 334 444 257 113 435 354 493 304 211 42 234 295 46 370 129 449 25 466 497 480 63 106 253 492 509 133 425 427 337 433 421 76 482 291 162 340 285 161 339 362 338 150 481 155 174 516 193 366 273 368 136 278 132 489 95 225 183 245 297 143 158 23 360 111 30 361 60 420 345 479 403 102 515 314 419 442 265 87 26 185 19 105 260 146 131 204 233 252 274 423 259 165 91 485 1 
