PARAMETER_FILE = result/cvrptw_500/LKH_para/740.para
Reading PROBLEM_FILE: "result/cvrptw_500/cvrptw/740.cvrptw" ... done
ASCENT_CANDIDATES = 50
BACKBONE_TRIALS = 0
BACKTRACKING = NO
# BWTSP =
# CANDIDATE_FILE =
CANDIDATE_SET_TYPE = ALPHA
DEPOT = 1
# EDGE_FILE =
EXCESS = 0.0384615
EXTERNAL_SALESMEN = 0
EXTRA_CANDIDATES = 0 
EXTRA_CANDIDATE_SET_TYPE = QUADRANT
GAIN23 = NO
GAIN_CRITERION = YES
INITIAL_PERIOD = 520
INITIAL_STEP_SIZE = 1
INITIAL_TOUR_ALGORITHM = WALK
# INITIAL_TOUR_FILE = 
INITIAL_TOUR_FRACTION = 1.000
# INPUT_TOUR_FILE = 
KICK_TYPE = 4
KICKS = 1
# MAX_BREADTH =
MAKESPAN = NO
MAX_CANDIDATES = 5 
MAX_SWAPS = 0
MAX_TRIALS = 1000
# MERGE_TOUR_FILE =
MOVE_TYPE = 5 SPECIAL
MTSP_MIN_SIZE = 1
MTSP_MAX_SIZE = 1039
# MTSP_SOLUTION_FILE = 
# NONSEQUENTIAL_MOVE_TYPE = 5
# OPTIMUM =
# OUTPUT_TOUR_FILE = 
PATCHING_A = 1 
PATCHING_C = 0 
# PI_FILE = 
POPMUSIC_INITIAL_TOUR = NO
POPMUSIC_MAX_NEIGHBORS = 5
POPMUSIC_SAMPLE_SIZE = 10
POPMUSIC_SOLUTIONS = 50
POPMUSIC_TRIALS = 1
POPULATION_SIZE = 10
PRECISION = 100
PROBLEM_FILE = result/cvrptw_500/cvrptw/740.cvrptw
RECOMBINATION = IPT
RESTRICTED_SEARCH = YES
RUNS = 1
SALESMEN = 20
SCALE = 1
SEED = 1234
# SINTEF_SOLUTION_FILE = 
STOP_AT_OPTIMUM = YES
SUBGRADIENT = YES
# SUBPROBLEM_SIZE =
# SUBPROBLEM_TOUR_FILE = 
SUBSEQUENT_MOVE_TYPE = 5 SPECIAL
SUBSEQUENT_PATCHING = YES
# TIME_LIMIT =
# TOUR_FILE = 
TRACE_LEVEL = 1
VEHICLES = 20

Lower bound = 26877034.2, Ascent time = 2.98 sec.
Cand.min = 5, Cand.avg = 5.0, Cand.max = 5
Edges.fixed = 520 [Cost = 0]
Preprocessing time = 3.07 sec.
* 1: Cost = 1102074_53545116, Time = 3.80 sec. 
-Trial 1 1102074 53545116 6.875693
-Trial 2 1102074 53545116 7.195732
-Trial 3 1102074 53545116 7.381702
-Trial 4 1102074 53545116 7.547181
-Trial 5 1102074 53545116 7.855808
* 6: Cost = 811790_53426008, Time = 5.32 sec. 
-Trial 6 811790 53426008 8.397303
* 7: Cost = 811790_52585096, Time = 5.79 sec. 
-Trial 7 811790 52585096 8.866285
* 8: Cost = 811790_52312028, Time = 5.92 sec. 
-Trial 8 811790 52312028 8.995918
-Trial 9 811790 52312028 9.114455
* 10: Cost = 811790_52284456, Time = 6.11 sec. 
-Trial 10 811790 52284456 9.184462
* 11: Cost = 811790_52218719, Time = 6.30 sec. 
-Trial 11 811790 52218719 9.375489
* 12: Cost = 811790_52148514, Time = 6.48 sec. 
-Trial 12 811790 52148514 9.553740
* 13: Cost = 811790_51966464, Time = 6.54 sec. 
-Trial 13 811790 51966464 9.611964
* 14: Cost = 811790_51891764, Time = 6.59 sec. 
-Trial 14 811790 51891764 9.668696
-Trial 15 811790 51891764 9.672239
* 16: Cost = 811790_51888672, Time = 6.72 sec. 
-Trial 16 811790 51888672 9.793931
* 17: Cost = 811790_51640181, Time = 6.87 sec. 
-Trial 17 811790 51640181 9.947527
-Trial 18 811790 51640181 10.061805
-Trial 19 811790 51640181 10.204224
* 20: Cost = 808588_51318686, Time = 7.41 sec. 
-Trial 20 808588 51318686 10.482280
-Trial 21 808588 51318686 10.583433
-Trial 22 808588 51318686 10.632740
* 23: Cost = 808588_51145946, Time = 7.71 sec. 
-Trial 23 808588 51145946 10.788281
* 24: Cost = 808588_51137787, Time = 7.76 sec. 
-Trial 24 808588 51137787 10.831584
* 25: Cost = 808588_50944281, Time = 7.88 sec. 
-Trial 25 808588 50944281 10.960342
* 26: Cost = 808588_49952215, Time = 8.08 sec. 
-Trial 26 808588 49952215 11.152106
-Trial 27 808588 49952215 11.218800
-Trial 28 808588 49952215 11.320955
* 29: Cost = 808588_49863874, Time = 8.29 sec. 
-Trial 29 808588 49863874 11.369110
-Trial 30 808588 49863874 11.371961
* 31: Cost = 808588_49721654, Time = 8.52 sec. 
-Trial 31 808588 49721654 11.591857
-Trial 32 808588 49721654 11.728995
* 33: Cost = 808588_49539395, Time = 8.76 sec. 
-Trial 33 808588 49539395 11.833440
* 34: Cost = 808588_49472588, Time = 8.79 sec. 
-Trial 34 808588 49472588 11.860826
-Trial 35 808588 49472588 11.897497
-Trial 36 808588 49472588 11.955967
-Trial 37 808588 49472588 12.082088
-Trial 38 808588 49472588 12.353938
* 39: Cost = 808588_49285775, Time = 9.37 sec. 
-Trial 39 808588 49285775 12.444830
-Trial 40 808588 49285775 12.732259
* 41: Cost = 808588_49276818, Time = 9.93 sec. 
-Trial 41 808588 49276818 13.003369
-Trial 42 808588 49276818 13.075322
-Trial 43 808588 49276818 13.257358
-Trial 44 808588 49276818 13.335868
* 45: Cost = 808588_49044475, Time = 10.43 sec. 
-Trial 45 808588 49044475 13.508150
* 46: Cost = 808588_48986964, Time = 10.51 sec. 
-Trial 46 808588 48986964 13.582228
-Trial 47 808588 48986964 13.693930
-Trial 48 808588 48986964 13.804093
-Trial 49 808588 48986964 14.045407
-Trial 50 808588 48986964 14.195345
-Trial 51 808588 48986964 14.218227
-Trial 52 808588 48986964 14.227980
* 53: Cost = 808588_48832680, Time = 11.19 sec. 
-Trial 53 808588 48832680 14.270683
* 54: Cost = 808588_48798616, Time = 11.23 sec. 
-Trial 54 808588 48798616 14.310684
* 55: Cost = 808588_48688473, Time = 11.31 sec. 
-Trial 55 808588 48688473 14.390587
* 56: Cost = 808588_48649388, Time = 11.78 sec. 
-Trial 56 808588 48649388 14.852951
-Trial 57 808588 48649388 14.853393
-Trial 58 808588 48649388 14.984509
-Trial 59 808588 48649388 15.112283
-Trial 60 808588 48649388 15.223205
* 61: Cost = 808588_48486229, Time = 12.23 sec. 
-Trial 61 808588 48486229 15.307975
-Trial 62 808588 48486229 15.405229
* 63: Cost = 808588_48079551, Time = 12.55 sec. 
-Trial 63 808588 48079551 15.625535
* 64: Cost = 808588_47701900, Time = 12.65 sec. 
-Trial 64 808588 47701900 15.723456
-Trial 65 808588 47701900 15.796147
-Trial 66 808588 47701900 15.940259
-Trial 67 808588 47701900 16.065457
-Trial 68 808588 47701900 16.113190
-Trial 69 808588 47701900 16.289466
-Trial 70 808588 47701900 16.356572
* 71: Cost = 808588_47424759, Time = 13.44 sec. 
-Trial 71 808588 47424759 16.512994
-Trial 72 808588 47424759 16.650154
-Trial 73 808588 47424759 16.739704
-Trial 74 808588 47424759 16.827102
* 75: Cost = 650819_47499212, Time = 13.88 sec. 
-Trial 75 650819 47499212 16.958220
-Trial 76 650819 47499212 17.030738
-Trial 77 650819 47499212 17.193809
* 78: Cost = 650819_47373704, Time = 14.37 sec. 
-Trial 78 650819 47373704 17.450083
* 79: Cost = 650819_47135950, Time = 14.46 sec. 
-Trial 79 650819 47135950 17.537342
* 80: Cost = 650819_47003128, Time = 14.51 sec. 
-Trial 80 650819 47003128 17.588664
* 81: Cost = 650819_46977537, Time = 14.61 sec. 
-Trial 81 650819 46977537 17.684308
-Trial 82 650819 46977537 17.754802
-Trial 83 650819 46977537 17.787172
* 84: Cost = 650819_46630597, Time = 14.93 sec. 
-Trial 84 650819 46630597 18.008013
-Trial 85 650819 46630597 18.059332
* 86: Cost = 650819_46628521, Time = 15.09 sec. 
-Trial 86 650819 46628521 18.165537
-Trial 87 650819 46628521 18.296155
-Trial 88 650819 46628521 18.407009
-Trial 89 650819 46628521 18.484475
* 90: Cost = 650819_46283691, Time = 15.49 sec. 
-Trial 90 650819 46283691 18.569642
* 91: Cost = 650819_46182257, Time = 15.66 sec. 
-Trial 91 650819 46182257 18.738269
-Trial 92 650819 46182257 18.815677
* 93: Cost = 444144_46658971, Time = 15.96 sec. 
-Trial 93 444144 46658971 19.040329
-Trial 94 444144 46658971 19.097644
-Trial 95 444144 46658971 19.248682
-Trial 96 444144 46658971 19.499010
-Trial 97 444144 46658971 19.611240
* 98: Cost = 444144_46482710, Time = 16.64 sec. 
-Trial 98 444144 46482710 19.716984
-Trial 99 444144 46482710 19.762788
* 100: Cost = 444144_46444390, Time = 16.85 sec. 
-Trial 100 444144 46444390 19.927658
-Trial 101 444144 46444390 20.070523
* 102: Cost = 433233_46649663, Time = 17.08 sec. 
-Trial 102 433233 46649663 20.152616
-Trial 103 433233 46649663 20.159199
-Trial 104 433233 46649663 20.274478
-Trial 105 433233 46649663 20.417295
-Trial 106 433233 46649663 20.505509
-Trial 107 433233 46649663 20.742077
* 108: Cost = 433233_46646771, Time = 17.81 sec. 
-Trial 108 433233 46646771 20.883468
-Trial 109 433233 46646771 20.934541
* 110: Cost = 433233_46643860, Time = 17.94 sec. 
-Trial 110 433233 46643860 21.016762
* 111: Cost = 433233_46635941, Time = 18.01 sec. 
-Trial 111 433233 46635941 21.090255
* 112: Cost = 433233_46557782, Time = 18.16 sec. 
-Trial 112 433233 46557782 21.234962
-Trial 113 433233 46557782 21.312335
* 114: Cost = 433233_46527801, Time = 18.32 sec. 
-Trial 114 433233 46527801 21.399660
-Trial 115 433233 46527801 21.594689
-Trial 116 433233 46527801 21.821045
-Trial 117 433233 46527801 21.967717
-Trial 118 433233 46527801 22.097826
* 119: Cost = 433233_45990196, Time = 19.28 sec. 
-Trial 119 433233 45990196 22.357778
* 120: Cost = 433233_45973346, Time = 19.34 sec. 
-Trial 120 433233 45973346 22.416871
* 121: Cost = 433233_45952977, Time = 19.37 sec. 
-Trial 121 433233 45952977 22.444757
-Trial 122 433233 45952977 22.447446
-Trial 123 433233 45952977 22.607494
-Trial 124 433233 45952977 22.660433
-Trial 125 433233 45952977 22.764978
* 126: Cost = 433233_45705497, Time = 19.85 sec. 
-Trial 126 433233 45705497 22.924833
-Trial 127 433233 45705497 23.196058
-Trial 128 433233 45705497 23.267484
-Trial 129 433233 45705497 23.413659
-Trial 130 433233 45705497 23.512998
-Trial 131 433233 45705497 23.588864
-Trial 132 433233 45705497 23.895007
-Trial 133 433233 45705497 23.927377
-Trial 134 433233 45705497 24.099947
* 135: Cost = 433233_45671480, Time = 21.12 sec. 
-Trial 135 433233 45671480 24.197222
-Trial 136 433233 45671480 24.355684
-Trial 137 433233 45671480 24.554163
* 138: Cost = 433233_45434565, Time = 21.74 sec. 
-Trial 138 433233 45434565 24.811306
-Trial 139 433233 45434565 24.918307
* 140: Cost = 433233_45375864, Time = 21.96 sec. 
-Trial 140 433233 45375864 25.038764
* 141: Cost = 433233_44980466, Time = 22.14 sec. 
-Trial 141 433233 44980466 25.211847
* 142: Cost = 433233_44783674, Time = 22.33 sec. 
-Trial 142 433233 44783674 25.407699
* 143: Cost = 433233_44728184, Time = 22.64 sec. 
-Trial 143 433233 44728184 25.718394
-Trial 144 433233 44728184 26.176971
* 145: Cost = 433233_44461593, Time = 23.24 sec. 
-Trial 145 433233 44461593 26.318264
-Trial 146 433233 44461593 26.376098
-Trial 147 433233 44461593 26.485931
-Trial 148 433233 44461593 26.814518
-Trial 149 433233 44461593 26.901780
-Trial 150 433233 44461593 26.938342
-Trial 151 433233 44461593 26.975550
-Trial 152 433233 44461593 27.143524
-Trial 153 433233 44461593 27.242225
-Trial 154 433233 44461593 27.415300
-Trial 155 433233 44461593 27.595906
-Trial 156 433233 44461593 27.739468
-Trial 157 433233 44461593 27.820378
-Trial 158 433233 44461593 28.085518
* 159: Cost = 433233_44367973, Time = 25.13 sec. 
-Trial 159 433233 44367973 28.202673
-Trial 160 433233 44367973 28.490656
-Trial 161 433233 44367973 28.635687
-Trial 162 433233 44367973 28.761800
-Trial 163 433233 44367973 28.767064
-Trial 164 433233 44367973 28.808598
* 165: Cost = 433233_44362796, Time = 25.78 sec. 
-Trial 165 433233 44362796 28.860525
-Trial 166 433233 44362796 28.926666
-Trial 167 433233 44362796 29.020122
-Trial 168 433233 44362796 29.482634
-Trial 169 433233 44362796 29.538793
-Trial 170 433233 44362796 29.603709
-Trial 171 433233 44362796 29.758904
-Trial 172 433233 44362796 29.902356
-Trial 173 433233 44362796 30.048114
-Trial 174 433233 44362796 30.241424
-Trial 175 433233 44362796 30.331058
-Trial 176 433233 44362796 30.461847
* 177: Cost = 433233_44260905, Time = 27.51 sec. 
-Trial 177 433233 44260905 30.587811
-Trial 178 433233 44260905 30.835051
* 179: Cost = 433233_43933817, Time = 27.98 sec. 
-Trial 179 433233 43933817 31.057425
-Trial 180 433233 43933817 31.175406
-Trial 181 433233 43933817 31.331596
-Trial 182 433233 43933817 31.449238
-Trial 183 433233 43933817 31.546443
* 184: Cost = 433233_43910826, Time = 28.58 sec. 
-Trial 184 433233 43910826 31.656301
-Trial 185 433233 43910826 31.728924
* 186: Cost = 433233_43879774, Time = 28.70 sec. 
-Trial 186 433233 43879774 31.776147
* 187: Cost = 433233_43807592, Time = 28.77 sec. 
-Trial 187 433233 43807592 31.847132
* 188: Cost = 433233_43792764, Time = 28.82 sec. 
-Trial 188 433233 43792764 31.894716
-Trial 189 433233 43792764 31.993443
-Trial 190 433233 43792764 32.131047
-Trial 191 433233 43792764 32.270956
-Trial 192 433233 43792764 32.376861
-Trial 193 433233 43792764 32.492582
-Trial 194 433233 43792764 32.538087
-Trial 195 433233 43792764 32.539211
-Trial 196 433233 43792764 32.556454
-Trial 197 433233 43792764 32.664578
-Trial 198 433233 43792764 32.804379
-Trial 199 433233 43792764 32.854519
-Trial 200 433233 43792764 33.040327
-Trial 201 433233 43792764 33.082205
* 202: Cost = 433233_43739281, Time = 30.13 sec. 
-Trial 202 433233 43739281 33.209363
-Trial 203 433233 43739281 33.347253
* 204: Cost = 433233_43633736, Time = 30.31 sec. 
-Trial 204 433233 43633736 33.386167
-Trial 205 433233 43633736 33.458721
-Trial 206 433233 43633736 33.569079
-Trial 207 433233 43633736 33.790465
-Trial 208 433233 43633736 33.951184
-Trial 209 433233 43633736 33.953234
-Trial 210 433233 43633736 34.055287
-Trial 211 433233 43633736 34.159568
-Trial 212 433233 43633736 34.215727
-Trial 213 433233 43633736 34.311229
-Trial 214 433233 43633736 34.430758
-Trial 215 433233 43633736 34.504408
* 216: Cost = 433233_43611270, Time = 31.49 sec. 
-Trial 216 433233 43611270 34.568055
-Trial 217 433233 43611270 34.608479
-Trial 218 433233 43611270 34.680042
-Trial 219 433233 43611270 34.795792
-Trial 220 433233 43611270 34.880932
-Trial 221 433233 43611270 35.001669
-Trial 222 433233 43611270 35.030617
-Trial 223 433233 43611270 35.189333
-Trial 224 433233 43611270 35.244053
-Trial 225 433233 43611270 35.351369
-Trial 226 433233 43611270 35.426639
-Trial 227 433233 43611270 35.502553
-Trial 228 433233 43611270 35.579012
-Trial 229 433233 43611270 35.599652
* 230: Cost = 433233_43518455, Time = 32.60 sec. 
-Trial 230 433233 43518455 35.673799
-Trial 231 433233 43518455 35.783265
-Trial 232 433233 43518455 35.905221
-Trial 233 433233 43518455 35.988087
-Trial 234 433233 43518455 36.083534
-Trial 235 433233 43518455 36.327458
-Trial 236 433233 43518455 36.459579
-Trial 237 433233 43518455 36.674175
* 238: Cost = 433233_43515418, Time = 33.63 sec. 
-Trial 238 433233 43515418 36.701970
* 239: Cost = 433233_43508748, Time = 33.86 sec. 
-Trial 239 433233 43508748 36.931513
-Trial 240 433233 43508748 36.954918
-Trial 241 433233 43508748 36.981399
-Trial 242 433233 43508748 37.165964
-Trial 243 433233 43508748 37.272036
-Trial 244 433233 43508748 37.330309
-Trial 245 433233 43508748 37.488243
-Trial 246 433233 43508748 37.505406
-Trial 247 433233 43508748 37.613199
-Trial 248 433233 43508748 37.712870
-Trial 249 433233 43508748 37.827475
-Trial 250 433233 43508748 37.870969
-Trial 251 433233 43508748 37.981917
* 252: Cost = 433233_43429635, Time = 34.97 sec. 
-Trial 252 433233 43429635 38.049691
* 253: Cost = 433233_43429146, Time = 35.14 sec. 
-Trial 253 433233 43429146 38.220575
-Trial 254 433233 43429146 38.299903
-Trial 255 433233 43429146 38.439475
-Trial 256 433233 43429146 38.491951
-Trial 257 433233 43429146 38.540109
* 258: Cost = 433233_43412233, Time = 35.51 sec. 
-Trial 258 433233 43412233 38.581669
-Trial 259 433233 43412233 38.675626
-Trial 260 433233 43412233 38.705488
* 261: Cost = 433233_43373229, Time = 35.72 sec. 
-Trial 261 433233 43373229 38.798885
-Trial 262 433233 43373229 38.897008
-Trial 263 433233 43373229 38.975673
-Trial 264 433233 43373229 39.219762
* 265: Cost = 433233_43348841, Time = 36.25 sec. 
-Trial 265 433233 43348841 39.329156
-Trial 266 433233 43348841 39.459120
-Trial 267 433233 43348841 39.635551
-Trial 268 433233 43348841 39.765790
-Trial 269 433233 43348841 40.027686
-Trial 270 433233 43348841 40.136184
-Trial 271 433233 43348841 40.283478
-Trial 272 433233 43348841 40.464262
* 273: Cost = 433233_43334591, Time = 37.44 sec. 
-Trial 273 433233 43334591 40.511375
-Trial 274 433233 43334591 40.639437
-Trial 275 433233 43334591 41.000325
* 276: Cost = 433233_43334197, Time = 37.96 sec. 
-Trial 276 433233 43334197 41.036708
-Trial 277 433233 43334197 41.258371
-Trial 278 433233 43334197 41.260615
-Trial 279 433233 43334197 41.360584
-Trial 280 433233 43334197 41.470184
-Trial 281 433233 43334197 41.477297
-Trial 282 433233 43334197 41.484399
-Trial 283 433233 43334197 41.501073
-Trial 284 433233 43334197 41.545743
-Trial 285 433233 43334197 41.685453
-Trial 286 433233 43334197 41.799688
* 287: Cost = 433233_43321410, Time = 38.81 sec. 
-Trial 287 433233 43321410 41.888270
-Trial 288 433233 43321410 42.005554
-Trial 289 433233 43321410 42.109275
-Trial 290 433233 43321410 42.164035
-Trial 291 433233 43321410 42.233386
-Trial 292 433233 43321410 42.418089
-Trial 293 433233 43321410 42.575056
-Trial 294 433233 43321410 42.613628
-Trial 295 433233 43321410 42.682450
-Trial 296 433233 43321410 42.753882
-Trial 297 433233 43321410 42.853177
-Trial 298 433233 43321410 42.885528
-Trial 299 433233 43321410 43.175729
-Trial 300 433233 43321410 43.268424
-Trial 301 433233 43321410 43.455330
-Trial 302 433233 43321410 43.568836
-Trial 303 433233 43321410 43.891141
-Trial 304 433233 43321410 43.975687
-Trial 305 433233 43321410 44.053716
-Trial 306 433233 43321410 44.209545
-Trial 307 433233 43321410 44.294751
-Trial 308 433233 43321410 44.321471
-Trial 309 433233 43321410 44.396158
-Trial 310 433233 43321410 44.463801
-Trial 311 433233 43321410 44.533723
-Trial 312 433233 43321410 44.561830
-Trial 313 433233 43321410 44.644063
-Trial 314 433233 43321410 44.644590
-Trial 315 433233 43321410 44.839424
-Trial 316 433233 43321410 44.862896
-Trial 317 433233 43321410 44.963293
-Trial 318 433233 43321410 45.032708
-Trial 319 433233 43321410 45.094582
-Trial 320 433233 43321410 45.254110
-Trial 321 433233 43321410 45.339984
-Trial 322 433233 43321410 45.436329
-Trial 323 433233 43321410 45.553305
-Trial 324 433233 43321410 45.602929
* 325: Cost = 267972_43468291, Time = 42.63 sec. 
-Trial 325 267972 43468291 45.705197
-Trial 326 267972 43468291 45.761882
* 327: Cost = 267972_43333818, Time = 42.69 sec. 
-Trial 327 267972 43333818 45.770461
-Trial 328 267972 43333818 45.876209
-Trial 329 267972 43333818 46.295915
-Trial 330 267972 43333818 46.360454
-Trial 331 267972 43333818 46.431811
-Trial 332 267972 43333818 46.475890
-Trial 333 267972 43333818 46.565372
-Trial 334 267972 43333818 46.609458
-Trial 335 267972 43333818 46.688409
-Trial 336 267972 43333818 46.773411
-Trial 337 267972 43333818 46.785929
* 338: Cost = 267972_43253457, Time = 43.80 sec. 
-Trial 338 267972 43253457 46.874717
-Trial 339 267972 43253457 46.890340
-Trial 340 267972 43253457 46.959371
-Trial 341 267972 43253457 47.000606
-Trial 342 267972 43253457 47.003226
-Trial 343 267972 43253457 47.012542
* 344: Cost = 267972_43017354, Time = 43.99 sec. 
-Trial 344 267972 43017354 47.061861
-Trial 345 267972 43017354 47.118224
-Trial 346 267972 43017354 47.176488
-Trial 347 267972 43017354 47.275741
-Trial 348 267972 43017354 47.579352
-Trial 349 267972 43017354 47.603355
-Trial 350 267972 43017354 47.682053
-Trial 351 267972 43017354 47.725373
-Trial 352 267972 43017354 47.766134
-Trial 353 267972 43017354 47.807027
-Trial 354 267972 43017354 47.818267
-Trial 355 267972 43017354 47.904409
-Trial 356 267972 43017354 47.936650
* 357: Cost = 267972_42940586, Time = 44.94 sec. 
-Trial 357 267972 42940586 48.012006
-Trial 358 267972 42940586 48.139953
-Trial 359 267972 42940586 48.261035
-Trial 360 267972 42940586 48.386972
-Trial 361 267972 42940586 48.579801
-Trial 362 267972 42940586 48.600382
-Trial 363 267972 42940586 48.644513
-Trial 364 267972 42940586 48.743330
-Trial 365 267972 42940586 48.819291
-Trial 366 267972 42940586 49.106801
-Trial 367 267972 42940586 49.118425
* 368: Cost = 267972_42877958, Time = 46.09 sec. 
-Trial 368 267972 42877958 49.169688
-Trial 369 267972 42877958 49.215946
-Trial 370 267972 42877958 49.416480
-Trial 371 267972 42877958 49.462342
-Trial 372 267972 42877958 49.521178
-Trial 373 267972 42877958 49.521644
-Trial 374 267972 42877958 49.548966
-Trial 375 267972 42877958 49.658449
-Trial 376 267972 42877958 49.745320
-Trial 377 267972 42877958 49.786416
-Trial 378 267972 42877958 49.864140
-Trial 379 267972 42877958 49.927634
-Trial 380 267972 42877958 49.943926
* 381: Cost = 267972_42740334, Time = 46.92 sec. 
-Trial 381 267972 42740334 49.998397
-Trial 382 267972 42740334 50.034349
* 383: Cost = 267972_42702183, Time = 47.05 sec. 
-Trial 383 267972 42702183 50.125841
-Trial 384 267972 42702183 50.216021
-Trial 385 267972 42702183 50.261172
-Trial 386 267972 42702183 50.432455
-Trial 387 267972 42702183 50.481552
-Trial 388 267972 42702183 50.585948
-Trial 389 267972 42702183 50.643899
-Trial 390 267972 42702183 50.664822
-Trial 391 267972 42702183 50.736698
-Trial 392 267972 42702183 50.785812
-Trial 393 267972 42702183 50.789808
-Trial 394 267972 42702183 50.799094
-Trial 395 267972 42702183 50.802005
* 396: Cost = 267972_42662300, Time = 47.77 sec. 
-Trial 396 267972 42662300 50.840909
-Trial 397 267972 42662300 50.873487
-Trial 398 267972 42662300 50.889805
-Trial 399 267972 42662300 50.940975
-Trial 400 267972 42662300 50.974190
-Trial 401 267972 42662300 51.010069
-Trial 402 267972 42662300 51.048333
-Trial 403 267972 42662300 51.083932
-Trial 404 267972 42662300 51.109092
-Trial 405 267972 42662300 51.206668
* 406: Cost = 267972_42567230, Time = 48.15 sec. 
-Trial 406 267972 42567230 51.229305
-Trial 407 267972 42567230 51.230218
-Trial 408 267972 42567230 51.249586
-Trial 409 267972 42567230 51.354147
-Trial 410 267972 42567230 51.372562
-Trial 411 267972 42567230 51.516235
-Trial 412 267972 42567230 51.705533
-Trial 413 267972 42567230 51.727428
-Trial 414 267972 42567230 51.810738
-Trial 415 267972 42567230 51.868867
-Trial 416 267972 42567230 51.908059
-Trial 417 267972 42567230 51.930529
-Trial 418 267972 42567230 51.931083
-Trial 419 267972 42567230 51.997243
-Trial 420 267972 42567230 52.028707
-Trial 421 267972 42567230 52.117490
-Trial 422 267972 42567230 52.125570
-Trial 423 267972 42567230 52.126042
-Trial 424 267972 42567230 52.248280
-Trial 425 267972 42567230 52.284353
-Trial 426 267972 42567230 52.396103
-Trial 427 267972 42567230 52.410347
-Trial 428 267972 42567230 52.475795
-Trial 429 267972 42567230 52.612579
-Trial 430 267972 42567230 52.634264
-Trial 431 267972 42567230 52.787427
-Trial 432 267972 42567230 52.843354
-Trial 433 267972 42567230 52.889771
-Trial 434 267972 42567230 52.999197
-Trial 435 267972 42567230 53.073236
-Trial 436 267972 42567230 53.118226
-Trial 437 267972 42567230 53.142157
-Trial 438 267972 42567230 53.184086
* 439: Cost = 267972_42538206, Time = 50.17 sec. 
-Trial 439 267972 42538206 53.241025
-Trial 440 267972 42538206 53.271732
-Trial 441 267972 42538206 53.307052
* 442: Cost = 267972_42419289, Time = 50.26 sec. 
-Trial 442 267972 42419289 53.334922
-Trial 443 267972 42419289 53.374061
-Trial 444 267972 42419289 53.401260
-Trial 445 267972 42419289 53.469799
-Trial 446 267972 42419289 53.494676
-Trial 447 267972 42419289 53.526848
-Trial 448 267972 42419289 53.530235
-Trial 449 267972 42419289 53.582652
* 450: Cost = 267972_42345821, Time = 50.58 sec. 
-Trial 450 267972 42345821 53.651533
-Trial 451 267972 42345821 53.677387
-Trial 452 267972 42345821 53.728627
-Trial 453 267972 42345821 53.851531
-Trial 454 267972 42345821 53.926237
-Trial 455 267972 42345821 54.004925
-Trial 456 267972 42345821 54.108480
-Trial 457 267972 42345821 54.138584
-Trial 458 267972 42345821 54.286688
-Trial 459 267972 42345821 54.348610
-Trial 460 267972 42345821 54.500844
-Trial 461 267972 42345821 54.517318
-Trial 462 267972 42345821 54.569836
-Trial 463 267972 42345821 54.707716
-Trial 464 267972 42345821 54.712925
-Trial 465 267972 42345821 54.822709
-Trial 466 267972 42345821 54.913319
-Trial 467 267972 42345821 55.060666
-Trial 468 267972 42345821 55.126058
-Trial 469 267972 42345821 55.143147
* 470: Cost = 267972_42338826, Time = 52.11 sec. 
-Trial 470 267972 42338826 55.183908
-Trial 471 267972 42338826 55.216525
-Trial 472 267972 42338826 55.348350
-Trial 473 267972 42338826 55.388561
-Trial 474 267972 42338826 55.568577
-Trial 475 267972 42338826 55.614886
-Trial 476 267972 42338826 55.788123
-Trial 477 267972 42338826 55.804336
-Trial 478 267972 42338826 55.914753
-Trial 479 267972 42338826 56.080749
-Trial 480 267972 42338826 56.162345
-Trial 481 267972 42338826 56.199142
-Trial 482 267972 42338826 56.201728
-Trial 483 267972 42338826 56.236063
-Trial 484 267972 42338826 56.311783
-Trial 485 267972 42338826 56.329730
-Trial 486 267972 42338826 56.503022
-Trial 487 267972 42338826 56.581951
-Trial 488 267972 42338826 56.627675
-Trial 489 267972 42338826 56.734848
-Trial 490 267972 42338826 56.768959
-Trial 491 267972 42338826 56.791949
-Trial 492 267972 42338826 56.886732
-Trial 493 267972 42338826 57.090970
-Trial 494 267972 42338826 57.094111
-Trial 495 267972 42338826 57.169897
-Trial 496 267972 42338826 57.270515
-Trial 497 267972 42338826 57.323147
-Trial 498 267972 42338826 57.436551
-Trial 499 267972 42338826 57.449222
-Trial 500 267972 42338826 57.475414
-Trial 501 267972 42338826 57.521466
-Trial 502 267972 42338826 57.785884
-Trial 503 267972 42338826 57.796327
-Trial 504 267972 42338826 57.842768
-Trial 505 267972 42338826 57.871925
-Trial 506 267972 42338826 57.903533
-Trial 507 267972 42338826 57.960047
-Trial 508 267972 42338826 58.063956
-Trial 509 267972 42338826 58.166479
-Trial 510 267972 42338826 58.196722
-Trial 511 267972 42338826 58.218725
-Trial 512 267972 42338826 58.295828
-Trial 513 267972 42338826 58.363681
-Trial 514 267972 42338826 58.404603
-Trial 515 267972 42338826 58.429673
-Trial 516 267972 42338826 58.460408
* 517: Cost = 267972_42315408, Time = 55.60 sec. 
-Trial 517 267972 42315408 58.672984
-Trial 518 267972 42315408 58.702568
-Trial 519 267972 42315408 58.831929
-Trial 520 267972 42315408 58.920402
* 521: Cost = 267972_42291250, Time = 55.88 sec. 
-Trial 521 267972 42291250 58.952235
-Trial 522 267972 42291250 58.976098
-Trial 523 267972 42291250 59.106962
-Trial 524 267972 42291250 59.141413
-Trial 525 267972 42291250 59.187545
-Trial 526 267972 42291250 59.262059
-Trial 527 267972 42291250 59.311017
-Trial 528 267972 42291250 59.354199
* 529: Cost = 267972_42238008, Time = 56.37 sec. 
-Trial 529 267972 42238008 59.448036
-Trial 530 267972 42238008 59.486046
* 531: Cost = 267972_42167407, Time = 56.48 sec. 
-Trial 531 267972 42167407 59.556579
-Trial 532 267972 42167407 59.617695
* 533: Cost = 267972_42056334, Time = 56.64 sec. 
-Trial 533 267972 42056334 59.717432
-Trial 534 267972 42056334 59.790191
-Trial 535 267972 42056334 60.072898
-Trial 536 267972 42056334 60.130854
* 537: Cost = 267972_42053696, Time = 57.06 sec. 
-Trial 537 267972 42053696 60.139394
-Trial 538 267972 42053696 60.314754
-Trial 539 267972 42053696 60.361688
-Trial 540 267972 42053696 60.392391
* 541: Cost = 267972_41997916, Time = 57.33 sec. 
-Trial 541 267972 41997916 60.408871
-Trial 542 267972 41997916 60.435644
-Trial 543 267972 41997916 60.449631
-Trial 544 267972 41997916 60.509935
-Trial 545 267972 41997916 60.686793
-Trial 546 267972 41997916 60.758882
-Trial 547 267972 41997916 60.789037
* 548: Cost = 267972_41995278, Time = 57.79 sec. 
-Trial 548 267972 41995278 60.868187
-Trial 549 267972 41995278 60.893796
-Trial 550 267972 41995278 60.929987
-Trial 551 267972 41995278 61.018980
-Trial 552 267972 41995278 61.055575
-Trial 553 267972 41995278 61.086862
-Trial 554 267972 41995278 61.239031
-Trial 555 267972 41995278 61.242101
-Trial 556 267972 41995278 61.356044
-Trial 557 267972 41995278 61.361423
-Trial 558 267972 41995278 61.415688
-Trial 559 267972 41995278 61.489750
-Trial 560 267972 41995278 61.556412
-Trial 561 267972 41995278 61.625790
-Trial 562 267972 41995278 61.659140
-Trial 563 267972 41995278 61.732916
-Trial 564 267972 41995278 61.739662
-Trial 565 267972 41995278 61.840360
-Trial 566 267972 41995278 61.988737
-Trial 567 267972 41995278 62.075689
-Trial 568 267972 41995278 62.078815
-Trial 569 267972 41995278 62.167059
-Trial 570 267972 41995278 62.216350
-Trial 571 267972 41995278 62.237430
-Trial 572 267972 41995278 62.290117
-Trial 573 267972 41995278 62.413717
-Trial 574 267972 41995278 62.457552
-Trial 575 267972 41995278 62.560725
-Trial 576 267972 41995278 62.664168
-Trial 577 267972 41995278 62.721213
-Trial 578 267972 41995278 62.765689
-Trial 579 267972 41995278 62.935395
-Trial 580 267972 41995278 62.986304
* 581: Cost = 267972_41952262, Time = 59.93 sec. 
-Trial 581 267972 41952262 63.003455
-Trial 582 267972 41952262 63.085581
-Trial 583 267972 41952262 63.116317
-Trial 584 267972 41952262 63.146927
-Trial 585 267972 41952262 63.185278
-Trial 586 267972 41952262 63.220170
-Trial 587 267972 41952262 63.260165
-Trial 588 267972 41952262 63.301373
-Trial 589 267972 41952262 63.336869
-Trial 590 267972 41952262 63.400942
-Trial 591 267972 41952262 63.455968
-Trial 592 267972 41952262 63.515071
-Trial 593 267972 41952262 63.604420
-Trial 594 267972 41952262 63.634555
-Trial 595 267972 41952262 63.712980
-Trial 596 267972 41952262 63.804205
-Trial 597 267972 41952262 63.833940
-Trial 598 267972 41952262 63.860918
-Trial 599 267972 41952262 63.941584
-Trial 600 267972 41952262 63.992983
-Trial 601 267972 41952262 64.040103
* 602: Cost = 267972_41943880, Time = 60.99 sec. 
-Trial 602 267972 41943880 64.065369
-Trial 603 267972 41943880 64.206301
-Trial 604 267972 41943880 64.342534
-Trial 605 267972 41943880 64.386916
-Trial 606 267972 41943880 64.390953
-Trial 607 267972 41943880 64.559864
-Trial 608 267972 41943880 64.615574
-Trial 609 267972 41943880 64.647073
-Trial 610 267972 41943880 64.707940
-Trial 611 267972 41943880 64.726351
-Trial 612 267972 41943880 64.742797
-Trial 613 267972 41943880 64.764332
* 614: Cost = 267972_41909394, Time = 61.75 sec. 
-Trial 614 267972 41909394 64.830331
-Trial 615 267972 41909394 64.869229
-Trial 616 267972 41909394 64.903078
-Trial 617 267972 41909394 64.922832
-Trial 618 267972 41909394 64.958613
-Trial 619 267972 41909394 65.009838
-Trial 620 267972 41909394 65.027373
-Trial 621 267972 41909394 65.043438
-Trial 622 267972 41909394 65.077596
-Trial 623 267972 41909394 65.144749
-Trial 624 267972 41909394 65.217651
-Trial 625 267972 41909394 65.232994
-Trial 626 267972 41909394 65.255956
-Trial 627 267972 41909394 65.310570
-Trial 628 267972 41909394 65.334629
-Trial 629 267972 41909394 65.350269
-Trial 630 267972 41909394 65.455907
-Trial 631 267972 41909394 65.500319
-Trial 632 267972 41909394 65.555821
-Trial 633 267972 41909394 65.617301
-Trial 634 267972 41909394 65.706032
-Trial 635 267972 41909394 65.770346
-Trial 636 267972 41909394 65.865482
-Trial 637 267972 41909394 65.889799
-Trial 638 267972 41909394 65.940085
-Trial 639 267972 41909394 65.966413
-Trial 640 267972 41909394 65.983813
-Trial 641 267972 41909394 66.019738
-Trial 642 267972 41909394 66.042339
-Trial 643 267972 41909394 66.069703
-Trial 644 267972 41909394 66.159699
-Trial 645 267972 41909394 66.190562
-Trial 646 267972 41909394 66.193493
-Trial 647 267972 41909394 66.274987
-Trial 648 267972 41909394 66.312679
-Trial 649 267972 41909394 66.353536
-Trial 650 267972 41909394 66.371960
-Trial 651 267972 41909394 66.389461
-Trial 652 267972 41909394 66.405322
-Trial 653 267972 41909394 66.429036
* 654: Cost = 267972_41856979, Time = 63.43 sec. 
-Trial 654 267972 41856979 66.510218
-Trial 655 267972 41856979 66.609617
-Trial 656 267972 41856979 66.704269
* 657: Cost = 267972_41856707, Time = 63.66 sec. 
-Trial 657 267972 41856707 66.736527
-Trial 658 267972 41856707 66.748599
-Trial 659 267972 41856707 66.832933
-Trial 660 267972 41856707 66.960383
-Trial 661 267972 41856707 67.067371
-Trial 662 267972 41856707 67.284269
-Trial 663 267972 41856707 67.297697
-Trial 664 267972 41856707 67.335516
-Trial 665 267972 41856707 67.370936
-Trial 666 267972 41856707 67.388841
-Trial 667 267972 41856707 67.464165
-Trial 668 267972 41856707 67.492768
-Trial 669 267972 41856707 67.568495
-Trial 670 267972 41856707 67.621712
-Trial 671 267972 41856707 67.706129
-Trial 672 267972 41856707 67.772497
-Trial 673 267972 41856707 67.860701
-Trial 674 267972 41856707 67.980469
-Trial 675 267972 41856707 68.206542
-Trial 676 267972 41856707 68.272647
-Trial 677 267972 41856707 68.357779
-Trial 678 267972 41856707 68.533528
-Trial 679 267972 41856707 68.593984
-Trial 680 267972 41856707 68.632950
-Trial 681 267972 41856707 68.679152
-Trial 682 267972 41856707 68.689347
-Trial 683 267972 41856707 68.773045
-Trial 684 267972 41856707 68.813382
-Trial 685 267972 41856707 68.841946
-Trial 686 267972 41856707 68.900332
-Trial 687 267972 41856707 68.919148
-Trial 688 267972 41856707 68.941788
-Trial 689 267972 41856707 68.984334
-Trial 690 267972 41856707 68.993759
-Trial 691 267972 41856707 69.118016
-Trial 692 267972 41856707 69.195828
-Trial 693 267972 41856707 69.427399
-Trial 694 267972 41856707 69.476828
-Trial 695 267972 41856707 69.598097
-Trial 696 267972 41856707 69.628754
* 697: Cost = 267972_41797085, Time = 66.75 sec. 
-Trial 697 267972 41797085 69.826773
-Trial 698 267972 41797085 69.915780
-Trial 699 267972 41797085 70.001522
-Trial 700 267972 41797085 70.189410
-Trial 701 267972 41797085 70.273313
-Trial 702 267972 41797085 70.320060
-Trial 703 267972 41797085 70.351442
-Trial 704 267972 41797085 70.366640
-Trial 705 267972 41797085 70.414185
-Trial 706 267972 41797085 70.465110
-Trial 707 267972 41797085 70.489320
-Trial 708 267972 41797085 70.519495
* 709: Cost = 267972_41777631, Time = 67.50 sec. 
-Trial 709 267972 41777631 70.575192
-Trial 710 267972 41777631 70.693056
-Trial 711 267972 41777631 70.754814
-Trial 712 267972 41777631 70.826315
-Trial 713 267972 41777631 71.060043
-Trial 714 267972 41777631 71.116367
-Trial 715 267972 41777631 71.291929
-Trial 716 267972 41777631 71.374790
-Trial 717 267972 41777631 71.420324
-Trial 718 267972 41777631 71.424280
-Trial 719 267972 41777631 71.480593
-Trial 720 267972 41777631 71.515188
-Trial 721 267972 41777631 71.582568
-Trial 722 267972 41777631 71.727635
-Trial 723 267972 41777631 71.869826
-Trial 724 267972 41777631 71.927914
-Trial 725 267972 41777631 71.974609
-Trial 726 267972 41777631 72.090693
-Trial 727 267972 41777631 72.120192
-Trial 728 267972 41777631 72.153493
-Trial 729 267972 41777631 72.254466
-Trial 730 267972 41777631 72.280959
-Trial 731 267972 41777631 72.386449
-Trial 732 267972 41777631 72.402616
-Trial 733 267972 41777631 72.468723
-Trial 734 267972 41777631 72.572630
-Trial 735 267972 41777631 72.611910
-Trial 736 267972 41777631 72.676051
-Trial 737 267972 41777631 72.698343
-Trial 738 267972 41777631 72.726139
-Trial 739 267972 41777631 72.749353
-Trial 740 267972 41777631 72.807200
-Trial 741 267972 41777631 72.838007
-Trial 742 267972 41777631 72.866152
-Trial 743 267972 41777631 72.877386
-Trial 744 267972 41777631 72.899895
-Trial 745 267972 41777631 73.206760
-Trial 746 267972 41777631 73.207287
-Trial 747 267972 41777631 73.367245
-Trial 748 267972 41777631 73.449134
-Trial 749 267972 41777631 73.503959
-Trial 750 267972 41777631 73.510096
-Trial 751 267972 41777631 73.602344
* 752: Cost = 267972_41708525, Time = 70.63 sec. 
-Trial 752 267972 41708525 73.704186
-Trial 753 267972 41708525 73.746808
-Trial 754 267972 41708525 73.781458
-Trial 755 267972 41708525 73.863780
-Trial 756 267972 41708525 73.880242
-Trial 757 267972 41708525 73.911080
-Trial 758 267972 41708525 73.954616
-Trial 759 267972 41708525 74.004183
-Trial 760 267972 41708525 74.129445
-Trial 761 267972 41708525 74.247795
-Trial 762 267972 41708525 74.316734
-Trial 763 267972 41708525 74.417930
-Trial 764 267972 41708525 74.525130
-Trial 765 267972 41708525 74.739919
-Trial 766 267972 41708525 74.970202
-Trial 767 267972 41708525 75.135548
* 768: Cost = 267972_41637114, Time = 72.11 sec. 
-Trial 768 267972 41637114 75.185291
-Trial 769 267972 41637114 75.230106
-Trial 770 267972 41637114 75.251201
-Trial 771 267972 41637114 75.310876
-Trial 772 267972 41637114 75.370391
-Trial 773 267972 41637114 75.514885
-Trial 774 267972 41637114 75.593123
-Trial 775 267972 41637114 75.615715
-Trial 776 267972 41637114 75.671739
-Trial 777 267972 41637114 75.685778
-Trial 778 267972 41637114 75.712259
-Trial 779 267972 41637114 75.774651
-Trial 780 267972 41637114 75.835357
-Trial 781 267972 41637114 75.856036
-Trial 782 267972 41637114 75.871606
-Trial 783 267972 41637114 75.879064
-Trial 784 267972 41637114 75.996644
-Trial 785 267972 41637114 76.051980
-Trial 786 267972 41637114 76.178817
-Trial 787 267972 41637114 76.193602
-Trial 788 267972 41637114 76.252637
-Trial 789 267972 41637114 76.307801
-Trial 790 267972 41637114 76.358483
-Trial 791 267972 41637114 76.403956
-Trial 792 267972 41637114 76.444982
-Trial 793 267972 41637114 76.468035
-Trial 794 267972 41637114 76.557107
-Trial 795 267972 41637114 76.618906
-Trial 796 267972 41637114 76.663238
-Trial 797 267972 41637114 76.791516
-Trial 798 267972 41637114 76.991138
-Trial 799 267972 41637114 77.001031
-Trial 800 267972 41637114 77.045190
-Trial 801 267972 41637114 77.112683
-Trial 802 267972 41637114 77.128123
-Trial 803 267972 41637114 77.158702
-Trial 804 267972 41637114 77.266791
-Trial 805 267972 41637114 77.269615
-Trial 806 267972 41637114 77.280690
-Trial 807 267972 41637114 77.329111
-Trial 808 267972 41637114 77.414900
-Trial 809 267972 41637114 77.436092
-Trial 810 267972 41637114 77.449348
-Trial 811 267972 41637114 77.485944
-Trial 812 267972 41637114 77.537132
-Trial 813 267972 41637114 77.617309
-Trial 814 267972 41637114 77.729209
-Trial 815 267972 41637114 77.887758
-Trial 816 267972 41637114 77.926729
-Trial 817 267972 41637114 78.004376
-Trial 818 267972 41637114 78.051891
-Trial 819 267972 41637114 78.072797
-Trial 820 267972 41637114 78.125897
-Trial 821 267972 41637114 78.146599
-Trial 822 267972 41637114 78.297805
-Trial 823 267972 41637114 78.334919
-Trial 824 267972 41637114 78.366237
-Trial 825 267972 41637114 78.389923
-Trial 826 267972 41637114 78.409131
-Trial 827 267972 41637114 78.465608
-Trial 828 267972 41637114 78.593498
-Trial 829 267972 41637114 78.788538
-Trial 830 267972 41637114 78.827686
-Trial 831 267972 41637114 78.884212
-Trial 832 267972 41637114 78.946990
-Trial 833 267972 41637114 78.974018
-Trial 834 267972 41637114 79.063543
-Trial 835 267972 41637114 79.112817
-Trial 836 267972 41637114 79.185096
-Trial 837 267972 41637114 79.198449
-Trial 838 267972 41637114 79.214833
-Trial 839 267972 41637114 79.250774
-Trial 840 267972 41637114 79.336629
-Trial 841 267972 41637114 79.340550
-Trial 842 267972 41637114 79.371534
-Trial 843 267972 41637114 79.411065
-Trial 844 267972 41637114 79.485719
-Trial 845 267972 41637114 79.496069
-Trial 846 267972 41637114 79.498100
-Trial 847 267972 41637114 79.518769
-Trial 848 267972 41637114 79.534690
-Trial 849 267972 41637114 79.596411
-Trial 850 267972 41637114 79.615257
-Trial 851 267972 41637114 79.687970
-Trial 852 267972 41637114 79.748505
-Trial 853 267972 41637114 79.785798
-Trial 854 267972 41637114 79.801996
-Trial 855 267972 41637114 79.833722
-Trial 856 267972 41637114 79.882552
-Trial 857 267972 41637114 79.894460
-Trial 858 267972 41637114 79.977223
-Trial 859 267972 41637114 80.043811
-Trial 860 267972 41637114 80.138048
-Trial 861 267972 41637114 80.225862
-Trial 862 267972 41637114 80.261793
-Trial 863 267972 41637114 80.267440
-Trial 864 267972 41637114 80.304209
-Trial 865 267972 41637114 80.387531
-Trial 866 267972 41637114 80.412869
-Trial 867 267972 41637114 80.468855
-Trial 868 267972 41637114 80.549547
-Trial 869 267972 41637114 80.563780
-Trial 870 267972 41637114 80.611163
-Trial 871 267972 41637114 80.690437
-Trial 872 267972 41637114 80.710654
-Trial 873 267972 41637114 80.730695
-Trial 874 267972 41637114 80.741712
-Trial 875 267972 41637114 80.755398
-Trial 876 267972 41637114 80.860056
-Trial 877 267972 41637114 80.891082
-Trial 878 267972 41637114 81.088954
-Trial 879 267972 41637114 81.089494
-Trial 880 267972 41637114 81.105290
-Trial 881 267972 41637114 81.110657
-Trial 882 267972 41637114 81.175578
-Trial 883 267972 41637114 81.278754
-Trial 884 267972 41637114 81.420361
-Trial 885 267972 41637114 81.436277
-Trial 886 267972 41637114 81.457216
-Trial 887 267972 41637114 81.531299
-Trial 888 267972 41637114 81.601360
-Trial 889 267972 41637114 81.685644
-Trial 890 267972 41637114 81.735949
-Trial 891 267972 41637114 81.758612
-Trial 892 267972 41637114 81.845353
-Trial 893 267972 41637114 81.858747
-Trial 894 267972 41637114 81.919625
-Trial 895 267972 41637114 81.939205
-Trial 896 267972 41637114 81.987674
-Trial 897 267972 41637114 82.004864
-Trial 898 267972 41637114 82.037178
-Trial 899 267972 41637114 82.060759
-Trial 900 267972 41637114 82.082201
-Trial 901 267972 41637114 82.094561
-Trial 902 267972 41637114 82.110055
-Trial 903 267972 41637114 82.147845
-Trial 904 267972 41637114 82.204892
-Trial 905 267972 41637114 82.224811
-Trial 906 267972 41637114 82.227692
-Trial 907 267972 41637114 82.246561
-Trial 908 267972 41637114 82.262395
-Trial 909 267972 41637114 82.310541
-Trial 910 267972 41637114 82.325906
-Trial 911 267972 41637114 82.355827
-Trial 912 267972 41637114 82.377479
-Trial 913 267972 41637114 82.423949
-Trial 914 267972 41637114 82.440669
-Trial 915 267972 41637114 82.441111
-Trial 916 267972 41637114 82.471418
-Trial 917 267972 41637114 82.539392
-Trial 918 267972 41637114 82.554760
-Trial 919 267972 41637114 82.590434
-Trial 920 267972 41637114 82.632873
-Trial 921 267972 41637114 82.909367
-Trial 922 267972 41637114 82.958593
-Trial 923 267972 41637114 83.015638
-Trial 924 267972 41637114 83.043558
-Trial 925 267972 41637114 83.072643
-Trial 926 267972 41637114 83.120625
-Trial 927 267972 41637114 83.140526
-Trial 928 267972 41637114 83.162719
-Trial 929 267972 41637114 83.274422
-Trial 930 267972 41637114 83.311145
-Trial 931 267972 41637114 83.385994
-Trial 932 267972 41637114 83.443260
-Trial 933 267972 41637114 83.485707
-Trial 934 267972 41637114 83.562481
-Trial 935 267972 41637114 83.613219
-Trial 936 267972 41637114 83.677617
-Trial 937 267972 41637114 83.794312
-Trial 938 267972 41637114 83.822047
-Trial 939 267972 41637114 83.907448
-Trial 940 267972 41637114 83.947054
-Trial 941 267972 41637114 83.953339
-Trial 942 267972 41637114 84.001584
-Trial 943 267972 41637114 84.044111
-Trial 944 267972 41637114 84.073133
-Trial 945 267972 41637114 84.162304
-Trial 946 267972 41637114 84.254701
-Trial 947 267972 41637114 84.350090
-Trial 948 267972 41637114 84.372545
-Trial 949 267972 41637114 84.418707
-Trial 950 267972 41637114 84.423738
-Trial 951 267972 41637114 84.485045
-Trial 952 267972 41637114 84.513343
-Trial 953 267972 41637114 84.599800
-Trial 954 267972 41637114 84.639404
-Trial 955 267972 41637114 84.669181
-Trial 956 267972 41637114 84.717915
-Trial 957 267972 41637114 84.848693
-Trial 958 267972 41637114 84.875223
-Trial 959 267972 41637114 84.939887
-Trial 960 267972 41637114 85.006079
-Trial 961 267972 41637114 85.049826
-Trial 962 267972 41637114 85.111463
-Trial 963 267972 41637114 85.213360
-Trial 964 267972 41637114 85.241805
-Trial 965 267972 41637114 85.304214
-Trial 966 267972 41637114 85.335043
-Trial 967 267972 41637114 85.342107
-Trial 968 267972 41637114 85.422746
-Trial 969 267972 41637114 85.504021
-Trial 970 267972 41637114 85.567450
-Trial 971 267972 41637114 85.683707
-Trial 972 267972 41637114 85.702967
-Trial 973 267972 41637114 85.811351
-Trial 974 267972 41637114 85.886257
-Trial 975 267972 41637114 86.008720
-Trial 976 267972 41637114 86.016406
-Trial 977 267972 41637114 86.048001
-Trial 978 267972 41637114 86.112753
-Trial 979 267972 41637114 86.218132
-Trial 980 267972 41637114 86.312559
-Trial 981 267972 41637114 86.395954
-Trial 982 267972 41637114 86.455013
-Trial 983 267972 41637114 86.526906
-Trial 984 267972 41637114 86.636923
-Trial 985 267972 41637114 86.666584
-Trial 986 267972 41637114 86.809388
-Trial 987 267972 41637114 86.951484
-Trial 988 267972 41637114 86.959362
-Trial 989 267972 41637114 86.988108
-Trial 990 267972 41637114 87.014482
-Trial 991 267972 41637114 87.116193
-Trial 992 267972 41637114 87.132224
-Trial 993 267972 41637114 87.157114
-Trial 994 267972 41637114 87.175789
-Trial 995 267972 41637114 87.195878
-Trial 996 267972 41637114 87.206382
-Trial 997 267972 41637114 87.217569
-Trial 998 267972 41637114 87.283107
-Trial 999 267972 41637114 87.329659
-Trial 1000 267972 41637114 87.395578
Population:
  1: 267972_41637114
Run 1: Cost = 267972_41637114, Time = 84.32 sec. 

Successes/Runs = 0/1 
Cost.min = 41637114, Cost.avg = 41637114.00, Cost.max = 41637114
Gap.min = 0.0000%, Gap.avg = 0.0000%, Gap.max = 0.0000%
Penalty.min = 267972, Penalty.avg = 267972.00, Penalty.max = 267972
Trials.min = 1000, Trials.avg = 1000.0, Trials.max = 1000
Time.min = 84.32 sec., Time.avg = 84.32 sec., Time.max = 84.32 sec.
Time.total = 87.40 sec.
  Size.min = 15, Size.max = 35, Penalty = 267972
  Cost.min = 923081, Cost.max = 3326578, Cost.sum = 41637114
Best CVRPTW solution:
  Cost = 267972_41637114
361 1 341 256 171 457 199 477 426 11 300 186 247 401 231 348 272 109 387 88 291 441 449 27 310 89 270 323 498 273 405 447 150 187 507 439 418 264 244 25 223 473 155 202 99 240 372 112 108 220 227 513 73 141 224 344 363 353 454 465 188 455 382 62 206 301 266 12 146 490 298 9 500 18 305 60 514 435 10 94 411 259 322 307 380 191 69 276 501 176 287 395 438 486 402 389 15 352 107 250 210 21 260 499 350 392 75 37 517 368 475 67 440 381 338 337 295 124 365 313 207 274 331 279 118 340 45 407 494 332 160 63 265 235 347 184 480 238 515 304 135 46 460 24 38 104 317 5 391 221 51 420 271 478 464 78 249 49 14 519 434 367 198 366 443 351 105 236 469 354 446 384 19 222 6 262 169 180 485 423 413 84 71 4 23 506 159 324 33 326 22 41 445 156 192 175 296 96 314 68 468 394 336 230 218 87 466 7 257 312 429 54 329 404 212 431 76 451 489 228 157 510 193 261 297 311 388 385 43 225 100 360 284 430 268 339 472 269 72 248 219 267 56 319 508 302 81 70 195 226 496 52 288 399 345 120 130 86 92 290 66 215 17 42 414 197 114 91 358 32 318 181 35 242 520 467 408 64 417 258 448 471 320 482 357 151 44 436 292 421 308 458 83 243 152 13 502 254 412 125 425 173 122 239 376 342 432 383 26 415 172 364 282 208 232 57 163 103 359 374 463 233 246 512 283 433 116 393 55 213 110 201 48 495 493 321 183 346 31 129 442 330 167 410 237 461 90 456 516 147 303 409 168 299 491 132 216 50 462 153 82 416 65 39 377 406 483 255 61 113 190 179 444 170 106 479 204 378 504 121 126 28 20 253 40 196 111 481 205 74 16 281 316 343 450 275 349 214 98 30 437 59 396 509 139 93 370 161 2 390 245 251 85 166 356 3 137 58 386 34 419 8 165 492 189 101 203 280 95 503 145 424 397 484 79 286 164 97 131 355 335 333 174 488 149 211 241 144 178 453 119 518 36 452 133 138 263 177 334 400 80 371 375 200 127 217 154 427 278 373 158 285 143 459 379 185 117 252 128 182 325 309 511 140 123 369 315 422 293 428 47 29 148 53 162 497 474 115 505 142 306 77 470 398 136 277 102 487 403 209 234 362 289 134 229 476 328 294 194 327 361 
