PARAMETER_FILE = result/cvrptw_500/LKH_para/752.para
Reading PROBLEM_FILE: "result/cvrptw_500/cvrptw/752.cvrptw" ... done
ASCENT_CANDIDATES = 50
BACKBONE_TRIALS = 0
BACKTRACKING = NO
# BWTSP =
# CANDIDATE_FILE =
CANDIDATE_SET_TYPE = ALPHA
DEPOT = 1
# EDGE_FILE =
EXCESS = 0.0384615
EXTERNAL_SALESMEN = 0
EXTRA_CANDIDATES = 0 
EXTRA_CANDIDATE_SET_TYPE = QUADRANT
GAIN23 = NO
GAIN_CRITERION = YES
INITIAL_PERIOD = 520
INITIAL_STEP_SIZE = 1
INITIAL_TOUR_ALGORITHM = WALK
# INITIAL_TOUR_FILE = 
INITIAL_TOUR_FRACTION = 1.000
# INPUT_TOUR_FILE = 
KICK_TYPE = 4
KICKS = 1
# MAX_BREADTH =
MAKESPAN = NO
MAX_CANDIDATES = 5 
MAX_SWAPS = 0
MAX_TRIALS = 1000
# MERGE_TOUR_FILE =
MOVE_TYPE = 5 SPECIAL
MTSP_MIN_SIZE = 1
MTSP_MAX_SIZE = 1039
# MTSP_SOLUTION_FILE = 
# NONSEQUENTIAL_MOVE_TYPE = 5
# OPTIMUM =
# OUTPUT_TOUR_FILE = 
PATCHING_A = 1 
PATCHING_C = 0 
# PI_FILE = 
POPMUSIC_INITIAL_TOUR = NO
POPMUSIC_MAX_NEIGHBORS = 5
POPMUSIC_SAMPLE_SIZE = 10
POPMUSIC_SOLUTIONS = 50
POPMUSIC_TRIALS = 1
POPULATION_SIZE = 10
PRECISION = 100
PROBLEM_FILE = result/cvrptw_500/cvrptw/752.cvrptw
RECOMBINATION = IPT
RESTRICTED_SEARCH = YES
RUNS = 1
SALESMEN = 20
SCALE = 1
SEED = 1234
# SINTEF_SOLUTION_FILE = 
STOP_AT_OPTIMUM = YES
SUBGRADIENT = YES
# SUBPROBLEM_SIZE =
# SUBPROBLEM_TOUR_FILE = 
SUBSEQUENT_MOVE_TYPE = 5 SPECIAL
SUBSEQUENT_PATCHING = YES
# TIME_LIMIT =
# TOUR_FILE = 
TRACE_LEVEL = 1
VEHICLES = 20

Lower bound = 27609155.6, Ascent time = 2.42 sec.
Cand.min = 5, Cand.avg = 5.0, Cand.max = 5
Edges.fixed = 520 [Cost = 0]
Preprocessing time = 2.51 sec.
* 1: Cost = 4540997_61888745, Time = 4.13 sec. 
-Trial 1 4540997 61888745 6.640451
-Trial 2 4540997 61888745 7.398291
* 3: Cost = 4150053_62837737, Time = 5.45 sec. 
-Trial 3 4150053 62837737 7.968130
* 4: Cost = 4150053_62253425, Time = 5.78 sec. 
-Trial 4 4150053 62253425 8.294732
-Trial 5 4150053 62253425 8.381921
-Trial 6 4150053 62253425 8.503986
* 7: Cost = 4150053_62162684, Time = 6.28 sec. 
-Trial 7 4150053 62162684 8.795461
* 8: Cost = 4150053_62067990, Time = 6.45 sec. 
-Trial 8 4150053 62067990 8.958240
* 9: Cost = 4150053_61846766, Time = 6.57 sec. 
-Trial 9 4150053 61846766 9.087930
-Trial 10 4150053 61846766 9.179131
-Trial 11 4150053 61846766 9.405680
* 12: Cost = 4150053_60548930, Time = 7.29 sec. 
-Trial 12 4150053 60548930 9.807756
* 13: Cost = 4150053_60334510, Time = 7.39 sec. 
-Trial 13 4150053 60334510 9.904520
-Trial 14 4150053 60334510 10.001341
-Trial 15 4150053 60334510 10.007350
* 16: Cost = 790588_59495476, Time = 7.88 sec. 
-Trial 16 790588 59495476 10.392963
-Trial 17 790588 59495476 10.662935
* 18: Cost = 790588_59269319, Time = 8.55 sec. 
-Trial 18 790588 59269319 11.064643
-Trial 19 790588 59269319 11.078158
-Trial 20 790588 59269319 11.205593
* 21: Cost = 790588_58797292, Time = 8.82 sec. 
-Trial 21 790588 58797292 11.330722
* 22: Cost = 790588_58692387, Time = 9.00 sec. 
-Trial 22 790588 58692387 11.512215
-Trial 23 790588 58692387 11.717921
-Trial 24 790588 58692387 11.833915
-Trial 25 790588 58692387 11.915120
* 26: Cost = 790588_58668114, Time = 9.53 sec. 
-Trial 26 790588 58668114 12.046060
-Trial 27 790588 58668114 12.205453
-Trial 28 790588 58668114 12.305289
-Trial 29 790588 58668114 12.343526
* 30: Cost = 790588_58649899, Time = 9.93 sec. 
-Trial 30 790588 58649899 12.441515
* 31: Cost = 790588_58469994, Time = 10.09 sec. 
-Trial 31 790588 58469994 12.602290
-Trial 32 790588 58469994 12.691751
* 33: Cost = 790588_58452362, Time = 10.36 sec. 
-Trial 33 790588 58452362 12.868246
* 34: Cost = 790588_58267044, Time = 10.67 sec. 
-Trial 34 790588 58267044 13.184708
* 35: Cost = 790588_57765534, Time = 10.87 sec. 
-Trial 35 790588 57765534 13.387079
* 36: Cost = 790588_57726466, Time = 11.30 sec. 
-Trial 36 790588 57726466 13.816735
-Trial 37 790588 57726466 14.159294
-Trial 38 790588 57726466 14.232747
* 39: Cost = 790588_57539483, Time = 12.07 sec. 
-Trial 39 790588 57539483 14.587630
* 40: Cost = 790588_57341158, Time = 12.26 sec. 
-Trial 40 790588 57341158 14.768534
* 41: Cost = 790588_57003392, Time = 12.40 sec. 
-Trial 41 790588 57003392 14.913368
-Trial 42 790588 57003392 14.941161
-Trial 43 790588 57003392 15.045255
* 44: Cost = 788106_56374919, Time = 12.61 sec. 
-Trial 44 788106 56374919 15.120889
* 45: Cost = 788106_56163248, Time = 12.79 sec. 
-Trial 45 788106 56163248 15.299341
-Trial 46 788106 56163248 15.614245
* 47: Cost = 509568_55974359, Time = 13.40 sec. 
-Trial 47 509568 55974359 15.916146
* 48: Cost = 509568_55924073, Time = 13.43 sec. 
-Trial 48 509568 55924073 15.947880
* 49: Cost = 509568_55819086, Time = 13.53 sec. 
-Trial 49 509568 55819086 16.042790
* 50: Cost = 509568_55747994, Time = 13.58 sec. 
-Trial 50 509568 55747994 16.094363
-Trial 51 509568 55747994 16.178004
-Trial 52 509568 55747994 16.401375
-Trial 53 509568 55747994 16.486655
* 54: Cost = 509568_55500904, Time = 14.09 sec. 
-Trial 54 509568 55500904 16.600945
* 55: Cost = 509568_55381109, Time = 14.21 sec. 
-Trial 55 509568 55381109 16.718399
-Trial 56 509568 55381109 16.720322
-Trial 57 509568 55381109 16.834571
-Trial 58 509568 55381109 17.080326
* 59: Cost = 509568_55380305, Time = 14.69 sec. 
-Trial 59 509568 55380305 17.199462
* 60: Cost = 509568_55253695, Time = 14.78 sec. 
-Trial 60 509568 55253695 17.296550
-Trial 61 509568 55253695 17.401300
-Trial 62 509568 55253695 17.507120
-Trial 63 509568 55253695 17.509415
-Trial 64 509568 55253695 17.674847
-Trial 65 509568 55253695 17.892961
* 66: Cost = 509568_55241603, Time = 15.47 sec. 
-Trial 66 509568 55241603 17.987088
-Trial 67 509568 55241603 18.049162
* 68: Cost = 509568_55214357, Time = 15.55 sec. 
-Trial 68 509568 55214357 18.066774
* 69: Cost = 509568_55205841, Time = 15.73 sec. 
-Trial 69 509568 55205841 18.244383
-Trial 70 509568 55205841 18.414794
* 71: Cost = 509568_55190845, Time = 15.97 sec. 
-Trial 71 509568 55190845 18.485746
-Trial 72 509568 55190845 18.604535
* 73: Cost = 509568_54982019, Time = 16.20 sec. 
-Trial 73 509568 54982019 18.712497
-Trial 74 509568 54982019 18.863972
* 75: Cost = 509568_54777848, Time = 16.38 sec. 
-Trial 75 509568 54777848 18.890808
-Trial 76 509568 54777848 18.939234
-Trial 77 509568 54777848 19.190323
* 78: Cost = 509568_54761933, Time = 16.87 sec. 
-Trial 78 509568 54761933 19.382430
* 79: Cost = 509568_54645307, Time = 16.93 sec. 
-Trial 79 509568 54645307 19.443319
-Trial 80 509568 54645307 19.607174
-Trial 81 509568 54645307 19.799036
* 82: Cost = 509568_54621738, Time = 17.40 sec. 
-Trial 82 509568 54621738 19.916975
-Trial 83 509568 54621738 19.924290
* 84: Cost = 509568_54619878, Time = 17.57 sec. 
-Trial 84 509568 54619878 20.087437
-Trial 85 509568 54619878 20.164699
* 86: Cost = 509568_54235746, Time = 17.73 sec. 
-Trial 86 509568 54235746 20.239869
-Trial 87 509568 54235746 20.388121
-Trial 88 509568 54235746 20.497283
-Trial 89 509568 54235746 20.576380
* 90: Cost = 509568_54171733, Time = 18.16 sec. 
-Trial 90 509568 54171733 20.668969
* 91: Cost = 509568_54093594, Time = 18.22 sec. 
-Trial 91 509568 54093594 20.730013
-Trial 92 509568 54093594 20.898207
-Trial 93 509568 54093594 20.908013
-Trial 94 509568 54093594 20.936850
-Trial 95 509568 54093594 20.998895
-Trial 96 509568 54093594 21.123718
-Trial 97 509568 54093594 21.223547
-Trial 98 509568 54093594 21.366291
-Trial 99 509568 54093594 21.540547
-Trial 100 509568 54093594 21.593449
-Trial 101 509568 54093594 21.812263
-Trial 102 509568 54093594 21.967988
-Trial 103 509568 54093594 22.072172
* 104: Cost = 497203_53783924, Time = 19.67 sec. 
-Trial 104 497203 53783924 22.185850
-Trial 105 497203 53783924 22.278567
-Trial 106 497203 53783924 22.396981
* 107: Cost = 497203_53684949, Time = 20.01 sec. 
-Trial 107 497203 53684949 22.524795
-Trial 108 497203 53684949 22.641296
* 109: Cost = 497203_53153510, Time = 20.48 sec. 
-Trial 109 497203 53153510 22.992247
-Trial 110 497203 53153510 23.126585
-Trial 111 497203 53153510 23.253532
-Trial 112 497203 53153510 23.264383
-Trial 113 497203 53153510 23.495282
* 114: Cost = 497203_53141990, Time = 21.02 sec. 
-Trial 114 497203 53141990 23.531464
-Trial 115 497203 53141990 23.645118
-Trial 116 497203 53141990 23.679349
-Trial 117 497203 53141990 23.842917
-Trial 118 497203 53141990 23.900691
-Trial 119 497203 53141990 24.024217
-Trial 120 497203 53141990 24.066415
-Trial 121 497203 53141990 24.085777
-Trial 122 497203 53141990 24.355994
* 123: Cost = 497203_53134376, Time = 21.98 sec. 
-Trial 123 497203 53134376 24.491453
* 124: Cost = 497203_52281123, Time = 22.16 sec. 
-Trial 124 497203 52281123 24.675026
-Trial 125 497203 52281123 24.818266
-Trial 126 497203 52281123 24.921634
-Trial 127 497203 52281123 25.201011
-Trial 128 497203 52281123 25.309008
-Trial 129 497203 52281123 25.480067
-Trial 130 497203 52281123 25.636430
-Trial 131 497203 52281123 26.030001
-Trial 132 497203 52281123 26.104880
* 133: Cost = 497203_52276626, Time = 23.79 sec. 
-Trial 133 497203 52276626 26.307042
-Trial 134 497203 52276626 26.353021
* 135: Cost = 497203_52263318, Time = 23.91 sec. 
-Trial 135 497203 52263318 26.422304
-Trial 136 497203 52263318 26.435694
-Trial 137 497203 52263318 26.552497
-Trial 138 497203 52263318 26.642112
-Trial 139 497203 52263318 26.890955
-Trial 140 497203 52263318 26.986610
-Trial 141 497203 52263318 27.285573
-Trial 142 497203 52263318 27.397274
-Trial 143 497203 52263318 27.548232
-Trial 144 497203 52263318 27.653066
-Trial 145 497203 52263318 27.870897
-Trial 146 497203 52263318 28.102598
-Trial 147 497203 52263318 28.427342
-Trial 148 497203 52263318 28.458342
* 149: Cost = 497203_52156942, Time = 26.03 sec. 
-Trial 149 497203 52156942 28.547030
-Trial 150 497203 52156942 28.607199
* 151: Cost = 497203_51863154, Time = 26.19 sec. 
-Trial 151 497203 51863154 28.708104
* 152: Cost = 497203_51848060, Time = 26.38 sec. 
-Trial 152 497203 51848060 28.891555
-Trial 153 497203 51848060 29.159365
-Trial 154 497203 51848060 29.234154
-Trial 155 497203 51848060 29.260642
-Trial 156 497203 51848060 29.373302
-Trial 157 497203 51848060 29.390412
-Trial 158 497203 51848060 29.451949
* 159: Cost = 497203_51681347, Time = 26.97 sec. 
-Trial 159 497203 51681347 29.487869
-Trial 160 497203 51681347 29.648842
* 161: Cost = 200411_52044532, Time = 27.24 sec. 
-Trial 161 200411 52044532 29.756487
-Trial 162 200411 52044532 29.823998
* 163: Cost = 200411_52033654, Time = 27.32 sec. 
-Trial 163 200411 52033654 29.838077
-Trial 164 200411 52033654 29.916934
-Trial 165 200411 52033654 29.990254
* 166: Cost = 200411_52015381, Time = 27.59 sec. 
-Trial 166 200411 52015381 30.106142
-Trial 167 200411 52015381 30.311868
* 168: Cost = 200411_51909989, Time = 27.86 sec. 
-Trial 168 200411 51909989 30.375111
-Trial 169 200411 51909989 30.461489
-Trial 170 200411 51909989 30.600573
-Trial 171 200411 51909989 30.644470
-Trial 172 200411 51909989 30.695764
-Trial 173 200411 51909989 30.717855
-Trial 174 200411 51909989 30.753921
* 175: Cost = 200411_51897369, Time = 28.31 sec. 
-Trial 175 200411 51897369 30.821670
-Trial 176 200411 51897369 30.940064
* 177: Cost = 200411_51783952, Time = 28.49 sec. 
-Trial 177 200411 51783952 31.004641
-Trial 178 200411 51783952 31.061808
-Trial 179 200411 51783952 31.158183
-Trial 180 200411 51783952 31.158594
* 181: Cost = 200411_51726046, Time = 28.75 sec. 
-Trial 181 200411 51726046 31.264708
* 182: Cost = 200411_51498911, Time = 28.83 sec. 
-Trial 182 200411 51498911 31.345438
-Trial 183 200411 51498911 31.402311
-Trial 184 200411 51498911 31.477114
-Trial 185 200411 51498911 31.506937
* 186: Cost = 200411_51491529, Time = 29.04 sec. 
-Trial 186 200411 51491529 31.553542
-Trial 187 200411 51491529 31.573187
-Trial 188 200411 51491529 31.645786
-Trial 189 200411 51491529 31.661699
-Trial 190 200411 51491529 31.721806
* 191: Cost = 200411_51166831, Time = 29.39 sec. 
-Trial 191 200411 51166831 31.903706
-Trial 192 200411 51166831 31.968817
-Trial 193 200411 51166831 31.969952
* 194: Cost = 200411_51093167, Time = 29.50 sec. 
-Trial 194 200411 51093167 32.015986
-Trial 195 200411 51093167 32.042578
-Trial 196 200411 51093167 32.072534
-Trial 197 200411 51093167 32.080972
-Trial 198 200411 51093167 32.137108
-Trial 199 200411 51093167 32.157277
-Trial 200 200411 51093167 32.237297
-Trial 201 200411 51093167 32.272268
-Trial 202 200411 51093167 32.311866
-Trial 203 200411 51093167 32.368666
-Trial 204 200411 51093167 32.395169
-Trial 205 200411 51093167 32.514039
* 206: Cost = 200411_51088889, Time = 30.06 sec. 
-Trial 206 200411 51088889 32.576719
-Trial 207 200411 51088889 32.746333
-Trial 208 200411 51088889 32.828111
-Trial 209 200411 51088889 32.917004
-Trial 210 200411 51088889 33.028698
-Trial 211 200411 51088889 33.043498
-Trial 212 200411 51088889 33.076575
-Trial 213 200411 51088889 33.116273
-Trial 214 200411 51088889 33.170340
-Trial 215 200411 51088889 33.224135
-Trial 216 200411 51088889 33.522337
-Trial 217 200411 51088889 33.557083
* 218: Cost = 22290_50689498, Time = 31.46 sec. 
-Trial 218 22290 50689498 33.968805
-Trial 219 22290 50689498 34.173831
* 220: Cost = 22290_50685351, Time = 31.72 sec. 
-Trial 220 22290 50685351 34.232843
-Trial 221 22290 50685351 34.316150
* 222: Cost = 22290_50518188, Time = 31.89 sec. 
-Trial 222 22290 50518188 34.401049
-Trial 223 22290 50518188 34.535693
-Trial 224 22290 50518188 34.536250
-Trial 225 22290 50518188 34.553037
-Trial 226 22290 50518188 34.610461
-Trial 227 22290 50518188 34.612217
-Trial 228 22290 50518188 34.848771
-Trial 229 22290 50518188 34.852057
-Trial 230 22290 50518188 35.136293
* 231: Cost = 22290_50483782, Time = 32.66 sec. 
-Trial 231 22290 50483782 35.173113
-Trial 232 22290 50483782 35.238343
-Trial 233 22290 50483782 35.391031
-Trial 234 22290 50483782 35.439293
-Trial 235 22290 50483782 35.704831
-Trial 236 22290 50483782 35.785526
-Trial 237 22290 50483782 35.818731
-Trial 238 22290 50483782 35.868633
-Trial 239 22290 50483782 35.900353
-Trial 240 22290 50483782 35.928676
* 241: Cost = 22290_50483641, Time = 33.49 sec. 
-Trial 241 22290 50483641 36.006607
-Trial 242 22290 50483641 36.109370
-Trial 243 22290 50483641 36.264121
-Trial 244 22290 50483641 36.289963
-Trial 245 22290 50483641 36.440535
-Trial 246 22290 50483641 36.586606
-Trial 247 22290 50483641 36.688856
-Trial 248 22290 50483641 36.716732
-Trial 249 22290 50483641 36.796907
-Trial 250 22290 50483641 36.798259
-Trial 251 22290 50483641 36.866415
-Trial 252 22290 50483641 36.930112
-Trial 253 22290 50483641 37.037773
-Trial 254 22290 50483641 37.121741
* 255: Cost = 22290_50482164, Time = 34.66 sec. 
-Trial 255 22290 50482164 37.173954
-Trial 256 22290 50482164 37.519571
-Trial 257 22290 50482164 37.545582
-Trial 258 22290 50482164 37.812728
-Trial 259 22290 50482164 37.977750
-Trial 260 22290 50482164 38.064191
-Trial 261 22290 50482164 38.114699
* 262: Cost = 22290_50442569, Time = 35.66 sec. 
-Trial 262 22290 50442569 38.177522
-Trial 263 22290 50442569 38.213060
-Trial 264 22290 50442569 38.282079
-Trial 265 22290 50442569 38.366568
-Trial 266 22290 50442569 38.467735
-Trial 267 22290 50442569 38.510760
-Trial 268 22290 50442569 38.627957
-Trial 269 22290 50442569 38.692720
-Trial 270 22290 50442569 38.752479
-Trial 271 22290 50442569 38.885226
-Trial 272 22290 50442569 38.897794
-Trial 273 22290 50442569 38.935553
-Trial 274 22290 50442569 39.077940
-Trial 275 22290 50442569 39.130012
-Trial 276 22290 50442569 39.182460
-Trial 277 22290 50442569 39.281355
* 278: Cost = 22290_50391723, Time = 36.82 sec. 
-Trial 278 22290 50391723 39.330425
-Trial 279 22290 50391723 39.420756
-Trial 280 22290 50391723 39.445417
* 281: Cost = 22290_50277652, Time = 37.01 sec. 
-Trial 281 22290 50277652 39.521102
* 282: Cost = 22290_50184072, Time = 37.02 sec. 
-Trial 282 22290 50184072 39.533534
-Trial 283 22290 50184072 39.628305
-Trial 284 22290 50184072 39.661312
-Trial 285 22290 50184072 39.693178
-Trial 286 22290 50184072 39.830819
-Trial 287 22290 50184072 39.872357
-Trial 288 22290 50184072 39.959004
-Trial 289 22290 50184072 39.991779
-Trial 290 22290 50184072 40.115689
-Trial 291 22290 50184072 40.171068
-Trial 292 22290 50184072 40.295751
-Trial 293 22290 50184072 40.344237
-Trial 294 22290 50184072 40.386071
-Trial 295 22290 50184072 40.477410
-Trial 296 22290 50184072 40.598878
-Trial 297 22290 50184072 40.734267
-Trial 298 22290 50184072 40.769455
-Trial 299 22290 50184072 40.839840
-Trial 300 22290 50184072 40.848270
-Trial 301 22290 50184072 40.967829
-Trial 302 22290 50184072 41.075119
-Trial 303 22290 50184072 41.122118
-Trial 304 22290 50184072 41.229066
-Trial 305 22290 50184072 41.282782
-Trial 306 22290 50184072 41.321660
-Trial 307 22290 50184072 41.357837
-Trial 308 22290 50184072 41.396902
-Trial 309 22290 50184072 41.471841
-Trial 310 22290 50184072 41.528355
-Trial 311 22290 50184072 41.568349
-Trial 312 22290 50184072 41.690199
-Trial 313 22290 50184072 41.752098
-Trial 314 22290 50184072 41.781376
* 315: Cost = 22290_50180751, Time = 39.33 sec. 
-Trial 315 22290 50180751 41.840927
-Trial 316 22290 50180751 41.871776
-Trial 317 22290 50180751 41.906263
-Trial 318 22290 50180751 41.918069
-Trial 319 22290 50180751 41.953706
-Trial 320 22290 50180751 42.066644
-Trial 321 22290 50180751 42.144816
-Trial 322 22290 50180751 42.230767
-Trial 323 22290 50180751 42.273555
-Trial 324 22290 50180751 42.394788
-Trial 325 22290 50180751 42.414751
-Trial 326 22290 50180751 42.509955
* 327: Cost = 22290_50152296, Time = 40.02 sec. 
-Trial 327 22290 50152296 42.530426
-Trial 328 22290 50152296 42.537277
-Trial 329 22290 50152296 42.547735
-Trial 330 22290 50152296 42.842403
-Trial 331 22290 50152296 42.886043
-Trial 332 22290 50152296 42.898178
-Trial 333 22290 50152296 42.952860
-Trial 334 22290 50152296 42.978143
-Trial 335 22290 50152296 42.978991
-Trial 336 22290 50152296 43.097196
-Trial 337 22290 50152296 43.126071
-Trial 338 22290 50152296 43.219978
-Trial 339 22290 50152296 43.289124
-Trial 340 22290 50152296 43.365634
* 341: Cost = 22290_49949853, Time = 41.00 sec. 
-Trial 341 22290 49949853 43.516877
-Trial 342 22290 49949853 43.517516
-Trial 343 22290 49949853 43.617657
* 344: Cost = 22290_49909540, Time = 41.15 sec. 
-Trial 344 22290 49909540 43.659356
* 345: Cost = 22290_49854355, Time = 41.28 sec. 
-Trial 345 22290 49854355 43.795761
-Trial 346 22290 49854355 43.820393
-Trial 347 22290 49854355 43.843273
-Trial 348 22290 49854355 43.899195
-Trial 349 22290 49854355 43.941009
-Trial 350 22290 49854355 43.994220
-Trial 351 22290 49854355 44.055370
* 352: Cost = 22290_49838715, Time = 41.60 sec. 
-Trial 352 22290 49838715 44.117844
-Trial 353 22290 49838715 44.188195
-Trial 354 22290 49838715 44.199475
-Trial 355 22290 49838715 44.289355
-Trial 356 22290 49838715 44.473257
-Trial 357 22290 49838715 44.542039
* 358: Cost = 22290_49819532, Time = 42.08 sec. 
-Trial 358 22290 49819532 44.591535
-Trial 359 22290 49819532 44.614170
-Trial 360 22290 49819532 44.716522
-Trial 361 22290 49819532 44.734288
-Trial 362 22290 49819532 44.808181
-Trial 363 22290 49819532 44.844518
* 364: Cost = 22290_49675713, Time = 42.44 sec. 
-Trial 364 22290 49675713 44.948459
-Trial 365 22290 49675713 44.978541
-Trial 366 22290 49675713 45.004795
-Trial 367 22290 49675713 45.060076
-Trial 368 22290 49675713 45.133662
-Trial 369 22290 49675713 45.237205
* 370: Cost = 22290_49674972, Time = 42.82 sec. 
-Trial 370 22290 49674972 45.334792
-Trial 371 22290 49674972 45.345394
* 372: Cost = 22290_49664550, Time = 42.85 sec. 
-Trial 372 22290 49664550 45.365309
-Trial 373 22290 49664550 45.419431
-Trial 374 22290 49664550 45.453247
-Trial 375 22290 49664550 45.483139
-Trial 376 22290 49664550 45.498586
-Trial 377 22290 49664550 45.537693
-Trial 378 22290 49664550 45.599889
-Trial 379 22290 49664550 45.603700
-Trial 380 22290 49664550 45.682101
* 381: Cost = 22290_49627523, Time = 43.25 sec. 
-Trial 381 22290 49627523 45.761937
-Trial 382 22290 49627523 45.778655
-Trial 383 22290 49627523 45.795386
-Trial 384 22290 49627523 45.875824
* 385: Cost = 22290_49604960, Time = 43.50 sec. 
-Trial 385 22290 49604960 46.017441
-Trial 386 22290 49604960 46.022702
-Trial 387 22290 49604960 46.065526
-Trial 388 22290 49604960 46.084305
-Trial 389 22290 49604960 46.222189
* 390: Cost = 22290_49594816, Time = 43.79 sec. 
-Trial 390 22290 49594816 46.301924
-Trial 391 22290 49594816 46.336662
-Trial 392 22290 49594816 46.468851
-Trial 393 22290 49594816 46.493426
-Trial 394 22290 49594816 46.531052
-Trial 395 22290 49594816 46.568972
-Trial 396 22290 49594816 46.647120
-Trial 397 22290 49594816 46.689317
-Trial 398 22290 49594816 46.763949
-Trial 399 22290 49594816 46.838974
-Trial 400 22290 49594816 46.890409
-Trial 401 22290 49594816 46.929012
-Trial 402 22290 49594816 46.946489
-Trial 403 22290 49594816 46.986978
-Trial 404 22290 49594816 47.120750
-Trial 405 22290 49594816 47.121214
-Trial 406 22290 49594816 47.161561
* 407: Cost = 22290_49542529, Time = 44.70 sec. 
-Trial 407 22290 49542529 47.215141
-Trial 408 22290 49542529 47.250399
-Trial 409 22290 49542529 47.317949
* 410: Cost = 22290_49535032, Time = 44.89 sec. 
-Trial 410 22290 49535032 47.401720
-Trial 411 22290 49535032 47.503945
-Trial 412 22290 49535032 47.619334
-Trial 413 22290 49535032 47.657417
-Trial 414 22290 49535032 47.728980
-Trial 415 22290 49535032 47.788051
-Trial 416 22290 49535032 47.940763
-Trial 417 22290 49535032 47.967785
-Trial 418 22290 49535032 48.288568
-Trial 419 22290 49535032 48.350078
-Trial 420 22290 49535032 48.425595
-Trial 421 22290 49535032 48.490748
-Trial 422 22290 49535032 48.580743
-Trial 423 22290 49535032 48.865266
-Trial 424 22290 49535032 49.082590
-Trial 425 22290 49535032 49.127585
-Trial 426 22290 49535032 49.206543
-Trial 427 22290 49535032 49.259523
-Trial 428 22290 49535032 49.416242
-Trial 429 22290 49535032 49.591651
-Trial 430 22290 49535032 49.807977
* 431: Cost = 22290_49532162, Time = 47.32 sec. 
-Trial 431 22290 49532162 49.836865
-Trial 432 22290 49532162 49.898914
-Trial 433 22290 49532162 49.952720
-Trial 434 22290 49532162 50.018969
-Trial 435 22290 49532162 50.116824
-Trial 436 22290 49532162 50.203681
-Trial 437 22290 49532162 50.313417
-Trial 438 22290 49532162 50.380497
-Trial 439 22290 49532162 50.381097
-Trial 440 22290 49532162 50.424140
-Trial 441 22290 49532162 50.483111
-Trial 442 22290 49532162 50.512043
-Trial 443 22290 49532162 50.532643
-Trial 444 22290 49532162 50.560077
-Trial 445 22290 49532162 50.561079
-Trial 446 22290 49532162 50.616511
-Trial 447 22290 49532162 50.648321
-Trial 448 22290 49532162 50.715001
-Trial 449 22290 49532162 50.745067
-Trial 450 22290 49532162 50.791530
-Trial 451 22290 49532162 50.984537
-Trial 452 22290 49532162 51.018258
-Trial 453 22290 49532162 51.018706
* 454: Cost = 22290_49504783, Time = 48.70 sec. 
-Trial 454 22290 49504783 51.212351
-Trial 455 22290 49504783 51.386358
-Trial 456 22290 49504783 51.500032
-Trial 457 22290 49504783 51.668368
-Trial 458 22290 49504783 51.703816
-Trial 459 22290 49504783 51.733952
-Trial 460 22290 49504783 51.746147
-Trial 461 22290 49504783 51.818593
* 462: Cost = 22290_49439275, Time = 49.35 sec. 
-Trial 462 22290 49439275 51.862108
-Trial 463 22290 49439275 51.875529
-Trial 464 22290 49439275 51.909835
-Trial 465 22290 49439275 51.990233
-Trial 466 22290 49439275 52.024965
-Trial 467 22290 49439275 52.067096
-Trial 468 22290 49439275 52.101985
-Trial 469 22290 49439275 52.135236
-Trial 470 22290 49439275 52.248580
-Trial 471 22290 49439275 52.255831
-Trial 472 22290 49439275 52.314609
-Trial 473 22290 49439275 52.346330
-Trial 474 22290 49439275 52.444710
-Trial 475 22290 49439275 52.522836
-Trial 476 22290 49439275 52.524524
-Trial 477 22290 49439275 52.599694
-Trial 478 22290 49439275 52.648014
-Trial 479 22290 49439275 52.718847
-Trial 480 22290 49439275 52.822542
-Trial 481 22290 49439275 53.056699
-Trial 482 22290 49439275 53.163787
-Trial 483 22290 49439275 53.201411
-Trial 484 22290 49439275 53.218779
-Trial 485 22290 49439275 53.233993
* 486: Cost = 22290_49349517, Time = 50.80 sec. 
-Trial 486 22290 49349517 53.309305
* 487: Cost = 22290_49287181, Time = 50.86 sec. 
-Trial 487 22290 49287181 53.376145
-Trial 488 22290 49287181 53.433869
-Trial 489 22290 49287181 53.497336
-Trial 490 22290 49287181 53.541120
-Trial 491 22290 49287181 53.608275
-Trial 492 22290 49287181 53.648778
-Trial 493 22290 49287181 53.772417
-Trial 494 22290 49287181 53.821656
-Trial 495 22290 49287181 53.839888
-Trial 496 22290 49287181 53.914324
-Trial 497 22290 49287181 53.998948
-Trial 498 22290 49287181 54.003080
-Trial 499 22290 49287181 54.318827
-Trial 500 22290 49287181 54.383579
-Trial 501 22290 49287181 54.402937
-Trial 502 22290 49287181 54.489769
-Trial 503 22290 49287181 54.523179
-Trial 504 22290 49287181 54.598501
-Trial 505 22290 49287181 54.642466
-Trial 506 22290 49287181 54.661633
-Trial 507 22290 49287181 54.756027
-Trial 508 22290 49287181 54.814411
-Trial 509 22290 49287181 54.814877
* 510: Cost = 22290_49248347, Time = 52.38 sec. 
-Trial 510 22290 49248347 54.893740
-Trial 511 22290 49248347 54.974128
-Trial 512 22290 49248347 54.998706
-Trial 513 22290 49248347 55.050922
-Trial 514 22290 49248347 55.171053
-Trial 515 22290 49248347 55.213548
-Trial 516 22290 49248347 55.419151
* 517: Cost = 22290_49153456, Time = 53.01 sec. 
-Trial 517 22290 49153456 55.526366
* 518: Cost = 22290_49105686, Time = 53.09 sec. 
-Trial 518 22290 49105686 55.602151
-Trial 519 22290 49105686 55.639223
* 520: Cost = 22290_49086685, Time = 53.22 sec. 
-Trial 520 22290 49086685 55.729724
-Trial 521 22290 49086685 55.816980
-Trial 522 22290 49086685 55.821334
-Trial 523 22290 49086685 55.851695
-Trial 524 22290 49086685 55.940683
-Trial 525 22290 49086685 55.988120
-Trial 526 22290 49086685 56.035704
-Trial 527 22290 49086685 56.075179
-Trial 528 22290 49086685 56.160175
-Trial 529 22290 49086685 56.392926
-Trial 530 22290 49086685 56.515981
-Trial 531 22290 49086685 56.674539
-Trial 532 22290 49086685 56.716440
-Trial 533 22290 49086685 56.763339
* 534: Cost = 22290_49078037, Time = 54.29 sec. 
-Trial 534 22290 49078037 56.801196
-Trial 535 22290 49078037 56.822837
* 536: Cost = 22290_48971269, Time = 54.34 sec. 
-Trial 536 22290 48971269 56.856447
-Trial 537 22290 48971269 56.896656
* 538: Cost = 22290_48958738, Time = 54.43 sec. 
-Trial 538 22290 48958738 56.942084
-Trial 539 22290 48958738 57.035293
-Trial 540 22290 48958738 57.078918
-Trial 541 22290 48958738 57.171061
-Trial 542 22290 48958738 57.200524
-Trial 543 22290 48958738 57.220221
-Trial 544 22290 48958738 57.260926
-Trial 545 22290 48958738 57.302036
-Trial 546 22290 48958738 57.358998
-Trial 547 22290 48958738 57.385417
-Trial 548 22290 48958738 57.433378
* 549: Cost = 22290_48923653, Time = 54.94 sec. 
-Trial 549 22290 48923653 57.455432
-Trial 550 22290 48923653 57.494902
-Trial 551 22290 48923653 57.572800
-Trial 552 22290 48923653 57.610256
-Trial 553 22290 48923653 57.615821
-Trial 554 22290 48923653 57.673280
-Trial 555 22290 48923653 57.701218
-Trial 556 22290 48923653 57.755459
-Trial 557 22290 48923653 57.835613
-Trial 558 22290 48923653 58.091657
-Trial 559 22290 48923653 58.134675
-Trial 560 22290 48923653 58.232679
-Trial 561 22290 48923653 58.325604
-Trial 562 22290 48923653 58.389690
-Trial 563 22290 48923653 58.412805
-Trial 564 22290 48923653 58.477496
-Trial 565 22290 48923653 58.553444
-Trial 566 22290 48923653 58.634331
-Trial 567 22290 48923653 58.694976
-Trial 568 22290 48923653 58.734447
-Trial 569 22290 48923653 58.780658
-Trial 570 22290 48923653 58.812403
-Trial 571 22290 48923653 58.868242
-Trial 572 22290 48923653 58.932916
-Trial 573 22290 48923653 59.031982
-Trial 574 22290 48923653 59.069259
-Trial 575 22290 48923653 59.117135
-Trial 576 22290 48923653 59.141728
-Trial 577 22290 48923653 59.185155
-Trial 578 22290 48923653 59.252620
-Trial 579 22290 48923653 59.311178
-Trial 580 22290 48923653 59.332282
-Trial 581 22290 48923653 59.419509
-Trial 582 22290 48923653 59.460367
-Trial 583 22290 48923653 59.478287
-Trial 584 22290 48923653 59.522759
-Trial 585 22290 48923653 59.618983
-Trial 586 22290 48923653 59.685806
-Trial 587 22290 48923653 59.738746
-Trial 588 22290 48923653 59.814758
-Trial 589 22290 48923653 59.895249
-Trial 590 22290 48923653 59.982752
-Trial 591 22290 48923653 59.994130
-Trial 592 22290 48923653 60.014046
-Trial 593 22290 48923653 60.036557
-Trial 594 22290 48923653 60.085718
-Trial 595 22290 48923653 60.198423
-Trial 596 22290 48923653 60.244424
-Trial 597 22290 48923653 60.303148
-Trial 598 22290 48923653 60.353211
-Trial 599 22290 48923653 60.394004
-Trial 600 22290 48923653 60.416903
-Trial 601 22290 48923653 60.429291
-Trial 602 22290 48923653 60.462462
-Trial 603 22290 48923653 60.740360
-Trial 604 22290 48923653 60.764987
-Trial 605 22290 48923653 60.821632
-Trial 606 22290 48923653 60.857770
-Trial 607 22290 48923653 60.917997
-Trial 608 22290 48923653 60.952015
-Trial 609 22290 48923653 61.044489
-Trial 610 22290 48923653 61.097997
-Trial 611 22290 48923653 61.124781
-Trial 612 22290 48923653 61.157739
-Trial 613 22290 48923653 61.201681
-Trial 614 22290 48923653 61.229707
-Trial 615 22290 48923653 61.282604
-Trial 616 22290 48923653 61.307755
-Trial 617 22290 48923653 61.501821
-Trial 618 22290 48923653 61.534759
-Trial 619 22290 48923653 61.548870
-Trial 620 22290 48923653 61.551630
-Trial 621 22290 48923653 61.564429
-Trial 622 22290 48923653 61.580862
-Trial 623 22290 48923653 61.625735
-Trial 624 22290 48923653 61.662110
-Trial 625 22290 48923653 61.787200
-Trial 626 22290 48923653 61.823512
-Trial 627 22290 48923653 61.865451
-Trial 628 22290 48923653 61.883635
-Trial 629 22290 48923653 61.915355
-Trial 630 22290 48923653 61.954190
-Trial 631 22290 48923653 61.969318
-Trial 632 22290 48923653 62.033595
-Trial 633 22290 48923653 62.130771
-Trial 634 22290 48923653 62.172767
-Trial 635 22290 48923653 62.194981
-Trial 636 22290 48923653 62.241784
-Trial 637 22290 48923653 62.244559
-Trial 638 22290 48923653 62.260252
-Trial 639 22290 48923653 62.298156
-Trial 640 22290 48923653 62.318323
-Trial 641 22290 48923653 62.345011
-Trial 642 22290 48923653 62.386896
-Trial 643 22290 48923653 62.411285
-Trial 644 22290 48923653 62.411344
-Trial 645 22290 48923653 62.412287
-Trial 646 22290 48923653 62.471495
-Trial 647 22290 48923653 62.512128
-Trial 648 22290 48923653 62.564749
-Trial 649 22290 48923653 62.623748
-Trial 650 22290 48923653 62.654970
-Trial 651 22290 48923653 62.730576
-Trial 652 22290 48923653 62.835357
-Trial 653 22290 48923653 62.884370
-Trial 654 22290 48923653 63.022913
-Trial 655 22290 48923653 63.038508
-Trial 656 22290 48923653 63.082444
-Trial 657 22290 48923653 63.139097
-Trial 658 22290 48923653 63.161222
-Trial 659 22290 48923653 63.211576
-Trial 660 22290 48923653 63.408207
-Trial 661 22290 48923653 63.430352
-Trial 662 22290 48923653 63.432801
-Trial 663 22290 48923653 63.459301
-Trial 664 22290 48923653 63.636945
-Trial 665 22290 48923653 63.693411
-Trial 666 22290 48923653 63.740350
-Trial 667 22290 48923653 63.792164
-Trial 668 22290 48923653 63.831270
-Trial 669 22290 48923653 63.896163
-Trial 670 22290 48923653 63.975835
-Trial 671 22290 48923653 64.045077
-Trial 672 22290 48923653 64.061965
-Trial 673 22290 48923653 64.205481
-Trial 674 22290 48923653 64.233606
-Trial 675 22290 48923653 64.260855
-Trial 676 22290 48923653 64.264046
-Trial 677 22290 48923653 64.287880
-Trial 678 22290 48923653 64.289009
-Trial 679 22290 48923653 64.589233
* 680: Cost = 22290_48917712, Time = 62.16 sec. 
-Trial 680 22290 48917712 64.671871
-Trial 681 22290 48917712 64.691167
-Trial 682 22290 48917712 64.740116
-Trial 683 22290 48917712 64.794628
-Trial 684 22290 48917712 64.892236
-Trial 685 22290 48917712 64.908064
-Trial 686 22290 48917712 65.026078
-Trial 687 22290 48917712 65.039287
-Trial 688 22290 48917712 65.080177
-Trial 689 22290 48917712 65.128619
-Trial 690 22290 48917712 65.431722
-Trial 691 22290 48917712 65.465981
-Trial 692 22290 48917712 65.511555
-Trial 693 22290 48917712 65.553198
-Trial 694 22290 48917712 65.671099
-Trial 695 22290 48917712 65.748030
-Trial 696 22290 48917712 65.798527
-Trial 697 22290 48917712 65.934000
* 698: Cost = 22290_48902477, Time = 63.47 sec. 
-Trial 698 22290 48902477 65.987346
-Trial 699 22290 48902477 66.086926
-Trial 700 22290 48902477 66.108684
-Trial 701 22290 48902477 66.209408
-Trial 702 22290 48902477 66.240933
-Trial 703 22290 48902477 66.254750
-Trial 704 22290 48902477 66.292583
-Trial 705 22290 48902477 66.359563
-Trial 706 22290 48902477 66.498265
-Trial 707 22290 48902477 66.571736
-Trial 708 22290 48902477 66.601602
-Trial 709 22290 48902477 66.640419
-Trial 710 22290 48902477 66.677472
-Trial 711 22290 48902477 66.693433
-Trial 712 22290 48902477 66.730161
-Trial 713 22290 48902477 66.778918
-Trial 714 22290 48902477 66.853407
-Trial 715 22290 48902477 66.949472
-Trial 716 22290 48902477 67.075781
-Trial 717 22290 48902477 67.107086
-Trial 718 22290 48902477 67.138647
-Trial 719 22290 48902477 67.194746
-Trial 720 22290 48902477 67.258738
-Trial 721 22290 48902477 67.276493
-Trial 722 22290 48902477 67.359614
-Trial 723 22290 48902477 67.394983
-Trial 724 22290 48902477 67.420535
-Trial 725 22290 48902477 67.430970
-Trial 726 22290 48902477 67.431503
-Trial 727 22290 48902477 67.716154
-Trial 728 22290 48902477 67.740610
-Trial 729 22290 48902477 67.792496
-Trial 730 22290 48902477 67.906901
-Trial 731 22290 48902477 67.950196
-Trial 732 22290 48902477 68.007083
-Trial 733 22290 48902477 68.042983
-Trial 734 22290 48902477 68.216358
-Trial 735 22290 48902477 68.280436
-Trial 736 22290 48902477 68.299822
-Trial 737 22290 48902477 68.356439
-Trial 738 22290 48902477 68.372348
-Trial 739 22290 48902477 68.374627
-Trial 740 22290 48902477 68.445879
-Trial 741 22290 48902477 68.574807
-Trial 742 22290 48902477 68.592118
-Trial 743 22290 48902477 68.604228
-Trial 744 22290 48902477 68.649445
-Trial 745 22290 48902477 68.690160
-Trial 746 22290 48902477 68.739212
-Trial 747 22290 48902477 68.771263
-Trial 748 22290 48902477 68.907962
-Trial 749 22290 48902477 68.995206
-Trial 750 22290 48902477 69.033793
-Trial 751 22290 48902477 69.057944
-Trial 752 22290 48902477 69.094520
-Trial 753 22290 48902477 69.145405
-Trial 754 22290 48902477 69.203454
-Trial 755 22290 48902477 69.242247
-Trial 756 22290 48902477 69.388642
-Trial 757 22290 48902477 69.626168
-Trial 758 22290 48902477 69.835885
-Trial 759 22290 48902477 69.859781
-Trial 760 22290 48902477 69.923394
-Trial 761 22290 48902477 70.026453
-Trial 762 22290 48902477 70.113925
-Trial 763 22290 48902477 70.147652
-Trial 764 22290 48902477 70.189578
-Trial 765 22290 48902477 70.206840
-Trial 766 22290 48902477 70.240424
-Trial 767 22290 48902477 70.254191
-Trial 768 22290 48902477 70.338569
-Trial 769 22290 48902477 70.381490
-Trial 770 22290 48902477 70.862210
-Trial 771 22290 48902477 70.914646
-Trial 772 22290 48902477 71.006997
-Trial 773 22290 48902477 71.054699
-Trial 774 22290 48902477 71.090601
-Trial 775 22290 48902477 71.124595
-Trial 776 22290 48902477 71.125114
-Trial 777 22290 48902477 71.307951
-Trial 778 22290 48902477 71.350463
-Trial 779 22290 48902477 71.437026
-Trial 780 22290 48902477 71.453418
-Trial 781 22290 48902477 71.503813
-Trial 782 22290 48902477 71.590873
-Trial 783 22290 48902477 71.666721
-Trial 784 22290 48902477 71.736092
-Trial 785 22290 48902477 71.769815
-Trial 786 22290 48902477 71.825261
-Trial 787 22290 48902477 71.945403
-Trial 788 22290 48902477 71.969066
-Trial 789 22290 48902477 72.030595
-Trial 790 22290 48902477 72.088972
-Trial 791 22290 48902477 72.174520
* 792: Cost = 0_49462589, Time = 69.78 sec. 
-Trial 792 0 49462589 72.297208
-Trial 793 0 49462589 72.311793
-Trial 794 0 49462589 72.316281
-Trial 795 0 49462589 72.333327
-Trial 796 0 49462589 72.339988
* 797: Cost = 0_49460659, Time = 69.84 sec. 
-Trial 797 0 49460659 72.349895
-Trial 798 0 49460659 72.372965
* 799: Cost = 0_49358981, Time = 69.91 sec. 
-Trial 799 0 49358981 72.425047
* 800: Cost = 0_49292169, Time = 69.93 sec. 
-Trial 800 0 49292169 72.445317
-Trial 801 0 49292169 72.458499
-Trial 802 0 49292169 72.463766
-Trial 803 0 49292169 72.545574
* 804: Cost = 0_49264343, Time = 70.10 sec. 
-Trial 804 0 49264343 72.612703
-Trial 805 0 49264343 72.661704
-Trial 806 0 49264343 72.815190
-Trial 807 0 49264343 72.830022
-Trial 808 0 49264343 72.840240
* 809: Cost = 0_49215106, Time = 70.38 sec. 
-Trial 809 0 49215106 72.894865
-Trial 810 0 49215106 72.925301
-Trial 811 0 49215106 72.942832
-Trial 812 0 49215106 72.957318
-Trial 813 0 49215106 72.968604
-Trial 814 0 49215106 73.042488
-Trial 815 0 49215106 73.047063
-Trial 816 0 49215106 73.050763
-Trial 817 0 49215106 73.058261
-Trial 818 0 49215106 73.060127
-Trial 819 0 49215106 73.081300
-Trial 820 0 49215106 73.081733
-Trial 821 0 49215106 73.088646
-Trial 822 0 49215106 73.095384
* 823: Cost = 0_49188538, Time = 70.61 sec. 
-Trial 823 0 49188538 73.123583
-Trial 824 0 49188538 73.142742
-Trial 825 0 49188538 73.169362
-Trial 826 0 49188538 73.191602
-Trial 827 0 49188538 73.194301
-Trial 828 0 49188538 73.206008
-Trial 829 0 49188538 73.248680
-Trial 830 0 49188538 73.265904
* 831: Cost = 0_49176311, Time = 70.80 sec. 
-Trial 831 0 49176311 73.312956
-Trial 832 0 49176311 73.360875
-Trial 833 0 49176311 73.382515
* 834: Cost = 0_49137477, Time = 70.90 sec. 
-Trial 834 0 49137477 73.408288
-Trial 835 0 49137477 73.454798
-Trial 836 0 49137477 73.539136
-Trial 837 0 49137477 73.552234
-Trial 838 0 49137477 73.574580
-Trial 839 0 49137477 73.591188
-Trial 840 0 49137477 73.611475
-Trial 841 0 49137477 73.714972
-Trial 842 0 49137477 73.733445
* 843: Cost = 0_49083920, Time = 71.24 sec. 
-Trial 843 0 49083920 73.750183
-Trial 844 0 49083920 73.756363
-Trial 845 0 49083920 73.786633
-Trial 846 0 49083920 73.794329
-Trial 847 0 49083920 73.844335
-Trial 848 0 49083920 73.847621
-Trial 849 0 49083920 74.065484
-Trial 850 0 49083920 74.075420
-Trial 851 0 49083920 74.087511
-Trial 852 0 49083920 74.103891
-Trial 853 0 49083920 74.140098
-Trial 854 0 49083920 74.208289
-Trial 855 0 49083920 74.223226
-Trial 856 0 49083920 74.227491
-Trial 857 0 49083920 74.242983
-Trial 858 0 49083920 74.257502
-Trial 859 0 49083920 74.306234
-Trial 860 0 49083920 74.334397
-Trial 861 0 49083920 74.406846
-Trial 862 0 49083920 74.420849
-Trial 863 0 49083920 74.432361
-Trial 864 0 49083920 74.438772
-Trial 865 0 49083920 74.448729
-Trial 866 0 49083920 74.460921
-Trial 867 0 49083920 74.481488
-Trial 868 0 49083920 74.496038
-Trial 869 0 49083920 74.524151
-Trial 870 0 49083920 74.530500
-Trial 871 0 49083920 74.537834
-Trial 872 0 49083920 74.601199
* 873: Cost = 0_48941554, Time = 72.12 sec. 
-Trial 873 0 48941554 74.638053
-Trial 874 0 48941554 74.702906
-Trial 875 0 48941554 74.729185
-Trial 876 0 48941554 74.739683
-Trial 877 0 48941554 74.747285
-Trial 878 0 48941554 74.754418
-Trial 879 0 48941554 74.828734
-Trial 880 0 48941554 74.861641
-Trial 881 0 48941554 74.915725
-Trial 882 0 48941554 74.953168
-Trial 883 0 48941554 74.964073
-Trial 884 0 48941554 74.975944
* 885: Cost = 0_48906028, Time = 72.58 sec. 
-Trial 885 0 48906028 75.088361
-Trial 886 0 48906028 75.143942
-Trial 887 0 48906028 75.206250
-Trial 888 0 48906028 75.211444
-Trial 889 0 48906028 75.217965
-Trial 890 0 48906028 75.265438
-Trial 891 0 48906028 75.286846
-Trial 892 0 48906028 75.313214
-Trial 893 0 48906028 75.319802
-Trial 894 0 48906028 75.385345
-Trial 895 0 48906028 75.408792
-Trial 896 0 48906028 75.425695
-Trial 897 0 48906028 75.449845
-Trial 898 0 48906028 75.478149
-Trial 899 0 48906028 75.563547
-Trial 900 0 48906028 75.589297
-Trial 901 0 48906028 75.627489
-Trial 902 0 48906028 75.647569
-Trial 903 0 48906028 75.655108
-Trial 904 0 48906028 75.669930
-Trial 905 0 48906028 75.693066
-Trial 906 0 48906028 75.700117
-Trial 907 0 48906028 75.749784
-Trial 908 0 48906028 75.751399
-Trial 909 0 48906028 75.827714
-Trial 910 0 48906028 75.884045
-Trial 911 0 48906028 75.894320
-Trial 912 0 48906028 75.920934
-Trial 913 0 48906028 75.929648
-Trial 914 0 48906028 75.932782
-Trial 915 0 48906028 75.976398
-Trial 916 0 48906028 75.983437
-Trial 917 0 48906028 76.032525
-Trial 918 0 48906028 76.042476
-Trial 919 0 48906028 76.055493
-Trial 920 0 48906028 76.117993
-Trial 921 0 48906028 76.172962
-Trial 922 0 48906028 76.182373
-Trial 923 0 48906028 76.185809
-Trial 924 0 48906028 76.198987
-Trial 925 0 48906028 76.297515
-Trial 926 0 48906028 76.377129
-Trial 927 0 48906028 76.400429
-Trial 928 0 48906028 76.401461
-Trial 929 0 48906028 76.426531
-Trial 930 0 48906028 76.445000
-Trial 931 0 48906028 76.484281
-Trial 932 0 48906028 76.515607
-Trial 933 0 48906028 76.554095
-Trial 934 0 48906028 76.567110
-Trial 935 0 48906028 76.607633
-Trial 936 0 48906028 76.622837
-Trial 937 0 48906028 76.629636
-Trial 938 0 48906028 76.644590
-Trial 939 0 48906028 76.654321
-Trial 940 0 48906028 76.659736
-Trial 941 0 48906028 76.669113
-Trial 942 0 48906028 76.703132
-Trial 943 0 48906028 76.716071
-Trial 944 0 48906028 76.784712
-Trial 945 0 48906028 76.803637
-Trial 946 0 48906028 76.862953
-Trial 947 0 48906028 76.872046
-Trial 948 0 48906028 76.904208
-Trial 949 0 48906028 76.922392
-Trial 950 0 48906028 76.928600
-Trial 951 0 48906028 76.933575
-Trial 952 0 48906028 76.938593
-Trial 953 0 48906028 77.045175
-Trial 954 0 48906028 77.077280
-Trial 955 0 48906028 77.367830
-Trial 956 0 48906028 77.381344
-Trial 957 0 48906028 77.396800
-Trial 958 0 48906028 77.413912
-Trial 959 0 48906028 77.442511
-Trial 960 0 48906028 77.454250
-Trial 961 0 48906028 77.511801
-Trial 962 0 48906028 77.594816
-Trial 963 0 48906028 77.604129
-Trial 964 0 48906028 77.626402
-Trial 965 0 48906028 77.660854
-Trial 966 0 48906028 77.695453
-Trial 967 0 48906028 77.718096
-Trial 968 0 48906028 77.731929
-Trial 969 0 48906028 77.751157
-Trial 970 0 48906028 77.751871
-Trial 971 0 48906028 77.756586
-Trial 972 0 48906028 77.761160
-Trial 973 0 48906028 77.775039
-Trial 974 0 48906028 77.799177
-Trial 975 0 48906028 77.825176
-Trial 976 0 48906028 77.852669
-Trial 977 0 48906028 77.955663
-Trial 978 0 48906028 77.985950
-Trial 979 0 48906028 78.049823
-Trial 980 0 48906028 78.071066
-Trial 981 0 48906028 78.105190
-Trial 982 0 48906028 78.146824
-Trial 983 0 48906028 78.168976
-Trial 984 0 48906028 78.375017
-Trial 985 0 48906028 78.616313
-Trial 986 0 48906028 78.631478
-Trial 987 0 48906028 78.644686
-Trial 988 0 48906028 78.645640
-Trial 989 0 48906028 78.663416
-Trial 990 0 48906028 78.786248
-Trial 991 0 48906028 78.796600
-Trial 992 0 48906028 78.904880
-Trial 993 0 48906028 78.925575
-Trial 994 0 48906028 79.007036
-Trial 995 0 48906028 79.043729
-Trial 996 0 48906028 79.071238
-Trial 997 0 48906028 79.119136
-Trial 998 0 48906028 79.121076
-Trial 999 0 48906028 79.157798
-Trial 1000 0 48906028 79.226637
Population:
  1: 0_48906028
Run 1: Cost = 0_48906028, Time = 76.71 sec. 

Successes/Runs = 0/1 
Cost.min = 48906028, Cost.avg = 48906028.00, Cost.max = 48906028
Gap.min = 0.0000%, Gap.avg = 0.0000%, Gap.max = 0.0000%
Penalty.min = 0, Penalty.avg = 0.00, Penalty.max = 0
Trials.min = 1000, Trials.avg = 1000.0, Trials.max = 1000
Time.min = 76.71 sec., Time.avg = 76.71 sec., Time.max = 76.71 sec.
Time.total = 79.23 sec.
  Size.min = 11, Size.max = 32, Penalty = 0
  Cost.min = 941949, Cost.max = 3507157, Cost.sum = 48906028
Best CVRPTW solution:
  Cost = 0_48906028
477 1 421 64 367 206 86 254 270 318 320 344 170 13 470 214 35 362 50 59 185 386 88 219 364 192 418 48 505 139 231 282 161 303 114 73 173 53 148 233 464 25 137 278 478 463 20 380 501 247 251 479 90 338 99 487 519 461 288 420 276 313 379 248 126 391 8 175 273 408 377 400 211 158 225 283 378 28 287 468 187 513 397 9 52 263 209 428 198 307 305 237 317 160 46 203 471 128 102 444 441 325 274 65 504 486 329 70 268 76 226 348 326 87 147 110 488 72 150 44 180 387 63 342 112 390 113 172 436 256 267 507 62 349 154 394 193 155 215 285 51 300 401 286 142 451 293 365 308 252 347 382 221 80 188 259 229 124 117 510 42 131 60 14 24 301 234 217 105 384 416 95 204 106 6 432 18 17 423 152 157 430 12 96 74 75 437 509 398 373 196 299 10 45 159 208 281 499 97 520 346 162 265 144 255 27 123 156 403 67 230 136 253 205 243 366 103 236 371 55 494 489 515 490 372 452 419 410 392 68 41 474 295 145 186 79 376 449 336 189 40 427 352 32 389 166 77 34 502 272 22 375 480 30 319 399 238 140 58 340 167 498 61 54 195 56 47 66 184 261 500 311 453 71 127 422 447 245 302 354 518 435 289 277 116 388 179 294 459 21 297 385 101 258 434 168 5 135 43 2 476 324 485 182 368 343 292 120 165 177 149 405 94 503 402 163 345 194 84 322 473 495 298 316 200 363 129 134 395 455 407 108 484 361 118 216 69 171 425 202 409 506 82 181 223 335 244 169 429 393 218 146 266 122 29 199 323 81 496 413 381 111 93 228 260 121 431 83 240 249 516 280 306 151 246 446 37 91 456 207 334 483 442 374 310 321 417 220 412 497 183 241 327 164 415 109 458 125 511 130 404 279 312 330 396 472 39 38 481 197 143 370 49 355 210 411 469 104 309 357 57 517 119 201 358 262 89 133 33 224 462 333 132 178 350 284 341 250 19 239 235 31 26 328 212 275 426 424 514 438 454 351 174 92 85 4 78 36 466 314 414 448 465 7 467 100 339 257 353 176 222 213 296 508 232 16 406 290 356 492 98 491 138 475 264 360 482 460 439 304 190 450 315 23 107 115 227 3 242 15 512 331 369 440 337 153 332 269 191 141 291 11 383 433 445 359 271 493 457 443 477 
