PARAMETER_FILE = result/cvrptw_500/LKH_para/781.para
Reading PROBLEM_FILE: "result/cvrptw_500/cvrptw/781.cvrptw" ... done
ASCENT_CANDIDATES = 50
BACKBONE_TRIALS = 0
BACKTRACKING = NO
# BWTSP =
# CANDIDATE_FILE =
CANDIDATE_SET_TYPE = ALPHA
DEPOT = 1
# EDGE_FILE =
EXCESS = 0.0384615
EXTERNAL_SALESMEN = 0
EXTRA_CANDIDATES = 0 
EXTRA_CANDIDATE_SET_TYPE = QUADRANT
GAIN23 = NO
GAIN_CRITERION = YES
INITIAL_PERIOD = 520
INITIAL_STEP_SIZE = 1
INITIAL_TOUR_ALGORITHM = WALK
# INITIAL_TOUR_FILE = 
INITIAL_TOUR_FRACTION = 1.000
# INPUT_TOUR_FILE = 
KICK_TYPE = 4
KICKS = 1
# MAX_BREADTH =
MAKESPAN = NO
MAX_CANDIDATES = 5 
MAX_SWAPS = 0
MAX_TRIALS = 1000
# MERGE_TOUR_FILE =
MOVE_TYPE = 5 SPECIAL
MTSP_MIN_SIZE = 1
MTSP_MAX_SIZE = 1039
# MTSP_SOLUTION_FILE = 
# NONSEQUENTIAL_MOVE_TYPE = 5
# OPTIMUM =
# OUTPUT_TOUR_FILE = 
PATCHING_A = 1 
PATCHING_C = 0 
# PI_FILE = 
POPMUSIC_INITIAL_TOUR = NO
POPMUSIC_MAX_NEIGHBORS = 5
POPMUSIC_SAMPLE_SIZE = 10
POPMUSIC_SOLUTIONS = 50
POPMUSIC_TRIALS = 1
POPULATION_SIZE = 10
PRECISION = 100
PROBLEM_FILE = result/cvrptw_500/cvrptw/781.cvrptw
RECOMBINATION = IPT
RESTRICTED_SEARCH = YES
RUNS = 1
SALESMEN = 20
SCALE = 1
SEED = 1234
# SINTEF_SOLUTION_FILE = 
STOP_AT_OPTIMUM = YES
SUBGRADIENT = YES
# SUBPROBLEM_SIZE =
# SUBPROBLEM_TOUR_FILE = 
SUBSEQUENT_MOVE_TYPE = 5 SPECIAL
SUBSEQUENT_PATCHING = YES
# TIME_LIMIT =
# TOUR_FILE = 
TRACE_LEVEL = 1
VEHICLES = 20

Lower bound = 29372800.0, Ascent time = 3.64 sec.
Cand.min = 5, Cand.avg = 5.0, Cand.max = 5
Edges.fixed = 520 [Cost = 0]
Preprocessing time = 3.73 sec.
* 1: Cost = 1690369_61594972, Time = 5.02 sec. 
-Trial 1 1690369 61594972 8.750596
* 2: Cost = 1630892_60620911, Time = 5.87 sec. 
-Trial 2 1630892 60620911 9.605929
-Trial 3 1630892 60620911 9.782116
-Trial 4 1630892 60620911 10.116312
* 5: Cost = 1540417_57171183, Time = 7.03 sec. 
-Trial 5 1540417 57171183 10.761142
* 6: Cost = 1397911_57150176, Time = 7.13 sec. 
-Trial 6 1397911 57150176 10.867374
* 7: Cost = 1241513_57149641, Time = 7.34 sec. 
-Trial 7 1241513 57149641 11.072082
-Trial 8 1241513 57149641 11.237820
-Trial 9 1241513 57149641 11.387381
-Trial 10 1241513 57149641 11.427020
* 11: Cost = 1241513_56382805, Time = 7.84 sec. 
-Trial 11 1241513 56382805 11.575907
-Trial 12 1241513 56382805 12.061660
-Trial 13 1241513 56382805 12.063802
-Trial 14 1241513 56382805 12.117643
* 15: Cost = 1131617_56489616, Time = 8.87 sec. 
-Trial 15 1131617 56489616 12.603688
* 16: Cost = 1131617_56481033, Time = 8.93 sec. 
-Trial 16 1131617 56481033 12.665328
* 17: Cost = 1131617_56288531, Time = 9.16 sec. 
-Trial 17 1131617 56288531 12.889353
* 18: Cost = 1131617_56096675, Time = 9.33 sec. 
-Trial 18 1131617 56096675 13.064385
* 19: Cost = 1131617_56004919, Time = 9.46 sec. 
-Trial 19 1131617 56004919 13.196216
-Trial 20 1131617 56004919 13.218112
* 21: Cost = 1131617_55873101, Time = 9.54 sec. 
-Trial 21 1131617 55873101 13.272720
-Trial 22 1131617 55873101 13.385751
* 23: Cost = 1131617_55709446, Time = 9.76 sec. 
-Trial 23 1131617 55709446 13.487912
* 24: Cost = 861174_55990201, Time = 10.19 sec. 
-Trial 24 861174 55990201 13.922203
* 25: Cost = 697565_55232014, Time = 10.97 sec. 
-Trial 25 697565 55232014 14.700327
* 26: Cost = 697565_55104192, Time = 11.11 sec. 
-Trial 26 697565 55104192 14.843595
-Trial 27 697565 55104192 15.284759
* 28: Cost = 697565_54940416, Time = 11.88 sec. 
-Trial 28 697565 54940416 15.609204
-Trial 29 697565 54940416 15.663010
-Trial 30 697565 54940416 15.776349
* 31: Cost = 697565_54198354, Time = 12.26 sec. 
-Trial 31 697565 54198354 15.989063
* 32: Cost = 697565_54197871, Time = 12.31 sec. 
-Trial 32 697565 54197871 16.043540
-Trial 33 697565 54197871 16.097670
-Trial 34 697565 54197871 16.212385
-Trial 35 697565 54197871 16.429751
-Trial 36 697565 54197871 16.637385
* 37: Cost = 697565_54178615, Time = 13.06 sec. 
-Trial 37 697565 54178615 16.789656
* 38: Cost = 697565_54109538, Time = 13.33 sec. 
-Trial 38 697565 54109538 17.058389
* 39: Cost = 641976_53339434, Time = 13.60 sec. 
-Trial 39 641976 53339434 17.327743
-Trial 40 641976 53339434 17.499258
* 41: Cost = 641976_53215907, Time = 13.84 sec. 
-Trial 41 641976 53215907 17.568907
* 42: Cost = 641976_53145127, Time = 13.90 sec. 
-Trial 42 641976 53145127 17.630286
-Trial 43 641976 53145127 17.677830
-Trial 44 641976 53145127 17.696574
-Trial 45 641976 53145127 17.789748
-Trial 46 641976 53145127 17.819075
-Trial 47 641976 53145127 17.862038
-Trial 48 641976 53145127 17.985696
-Trial 49 641976 53145127 18.017062
-Trial 50 641976 53145127 18.075904
-Trial 51 641976 53145127 18.134877
-Trial 52 641976 53145127 18.198191
* 53: Cost = 641976_52980482, Time = 14.47 sec. 
-Trial 53 641976 52980482 18.204492
* 54: Cost = 641976_52724010, Time = 14.55 sec. 
-Trial 54 641976 52724010 18.281714
-Trial 55 641976 52724010 18.374125
-Trial 56 641976 52724010 18.391419
-Trial 57 641976 52724010 18.554084
-Trial 58 641976 52724010 18.590781
-Trial 59 641976 52724010 18.615590
-Trial 60 641976 52724010 18.635815
* 61: Cost = 641976_52689689, Time = 14.98 sec. 
-Trial 61 641976 52689689 18.711573
* 62: Cost = 641976_52471307, Time = 15.10 sec. 
-Trial 62 641976 52471307 18.828210
-Trial 63 641976 52471307 18.836718
* 64: Cost = 641976_52276762, Time = 15.15 sec. 
-Trial 64 641976 52276762 18.883683
-Trial 65 641976 52276762 18.972513
-Trial 66 641976 52276762 19.013177
-Trial 67 641976 52276762 19.101997
-Trial 68 641976 52276762 19.158836
-Trial 69 641976 52276762 19.159280
* 70: Cost = 641976_52143348, Time = 15.48 sec. 
-Trial 70 641976 52143348 19.217020
* 71: Cost = 641976_52067146, Time = 15.79 sec. 
-Trial 71 641976 52067146 19.518235
-Trial 72 641976 52067146 19.559282
-Trial 73 641976 52067146 19.648040
* 74: Cost = 641976_51960178, Time = 15.94 sec. 
-Trial 74 641976 51960178 19.671829
* 75: Cost = 641976_51868998, Time = 15.99 sec. 
-Trial 75 641976 51868998 19.722202
-Trial 76 641976 51868998 19.872485
* 77: Cost = 641976_51801525, Time = 16.21 sec. 
-Trial 77 641976 51801525 19.941594
-Trial 78 641976 51801525 19.970185
* 79: Cost = 641976_51793539, Time = 16.31 sec. 
-Trial 79 641976 51793539 20.038508
-Trial 80 641976 51793539 20.103421
-Trial 81 641976 51793539 20.133961
-Trial 82 641976 51793539 20.232134
-Trial 83 641976 51793539 20.320686
-Trial 84 641976 51793539 20.436625
-Trial 85 641976 51793539 20.440413
-Trial 86 641976 51793539 20.539835
-Trial 87 641976 51793539 20.574151
-Trial 88 641976 51793539 20.740139
* 89: Cost = 641976_51503567, Time = 17.15 sec. 
-Trial 89 641976 51503567 20.879638
-Trial 90 641976 51503567 21.855037
-Trial 91 641976 51503567 21.934415
-Trial 92 641976 51503567 22.050501
-Trial 93 641976 51503567 22.117195
-Trial 94 641976 51503567 22.178752
-Trial 95 641976 51503567 22.296756
-Trial 96 641976 51503567 22.352942
-Trial 97 641976 51503567 22.485210
-Trial 98 641976 51503567 22.519977
-Trial 99 641976 51503567 22.556656
-Trial 100 641976 51503567 22.703618
-Trial 101 641976 51503567 22.782328
-Trial 102 641976 51503567 22.819834
-Trial 103 641976 51503567 22.892071
-Trial 104 641976 51503567 23.035758
-Trial 105 641976 51503567 23.140931
-Trial 106 641976 51503567 23.337826
-Trial 107 641976 51503567 23.340440
-Trial 108 641976 51503567 23.341673
-Trial 109 641976 51503567 23.386340
-Trial 110 641976 51503567 23.407849
-Trial 111 641976 51503567 23.461034
* 112: Cost = 641976_51265690, Time = 19.95 sec. 
-Trial 112 641976 51265690 23.687679
-Trial 113 641976 51265690 23.758409
* 114: Cost = 641976_51210327, Time = 20.05 sec. 
-Trial 114 641976 51210327 23.781026
-Trial 115 641976 51210327 23.824436
-Trial 116 641976 51210327 23.882504
* 117: Cost = 641976_51103659, Time = 20.20 sec. 
-Trial 117 641976 51103659 23.934551
-Trial 118 641976 51103659 24.096704
-Trial 119 641976 51103659 24.132137
-Trial 120 641976 51103659 24.184339
-Trial 121 641976 51103659 24.259645
-Trial 122 641976 51103659 24.382223
-Trial 123 641976 51103659 24.420887
* 124: Cost = 641976_50831516, Time = 20.97 sec. 
-Trial 124 641976 50831516 24.702833
-Trial 125 641976 50831516 24.810929
-Trial 126 641976 50831516 24.872985
-Trial 127 641976 50831516 24.909676
-Trial 128 641976 50831516 24.926184
-Trial 129 641976 50831516 24.991929
-Trial 130 641976 50831516 25.174325
-Trial 131 641976 50831516 25.218621
-Trial 132 641976 50831516 25.280221
* 133: Cost = 641976_50712779, Time = 21.58 sec. 
-Trial 133 641976 50712779 25.311641
-Trial 134 641976 50712779 25.341459
-Trial 135 641976 50712779 25.489631
-Trial 136 641976 50712779 25.684257
-Trial 137 641976 50712779 25.718208
-Trial 138 641976 50712779 25.756025
-Trial 139 641976 50712779 25.831920
-Trial 140 641976 50712779 25.886324
-Trial 141 641976 50712779 25.916197
-Trial 142 641976 50712779 25.950537
* 143: Cost = 641976_50607365, Time = 22.46 sec. 
-Trial 143 641976 50607365 26.191976
-Trial 144 641976 50607365 26.225905
-Trial 145 641976 50607365 26.339142
-Trial 146 641976 50607365 26.509344
-Trial 147 641976 50607365 26.564502
-Trial 148 641976 50607365 26.646496
* 149: Cost = 641976_50148908, Time = 23.08 sec. 
-Trial 149 641976 50148908 26.808130
-Trial 150 641976 50148908 26.834425
* 151: Cost = 641976_50118833, Time = 23.25 sec. 
-Trial 151 641976 50118833 26.985454
-Trial 152 641976 50118833 27.135329
-Trial 153 641976 50118833 27.210236
-Trial 154 641976 50118833 27.259702
-Trial 155 641976 50118833 27.468776
-Trial 156 641976 50118833 27.608805
-Trial 157 641976 50118833 27.636816
-Trial 158 641976 50118833 27.653669
* 159: Cost = 641976_50064924, Time = 23.96 sec. 
-Trial 159 641976 50064924 27.693298
-Trial 160 641976 50064924 27.786125
-Trial 161 641976 50064924 27.836192
-Trial 162 641976 50064924 27.860178
* 163: Cost = 641976_50026584, Time = 24.26 sec. 
-Trial 163 641976 50026584 27.997478
-Trial 164 641976 50026584 28.143929
-Trial 165 641976 50026584 28.175744
-Trial 166 641976 50026584 28.315926
-Trial 167 641976 50026584 28.353606
* 168: Cost = 641976_49788237, Time = 24.73 sec. 
-Trial 168 641976 49788237 28.459292
* 169: Cost = 641976_49732930, Time = 24.79 sec. 
-Trial 169 641976 49732930 28.520196
-Trial 170 641976 49732930 28.615439
-Trial 171 641976 49732930 28.646302
-Trial 172 641976 49732930 28.835662
-Trial 173 641976 49732930 28.894839
-Trial 174 641976 49732930 29.025358
* 175: Cost = 641976_49628831, Time = 25.36 sec. 
-Trial 175 641976 49628831 29.087813
-Trial 176 641976 49628831 29.160237
-Trial 177 641976 49628831 29.281024
-Trial 178 641976 49628831 29.498550
-Trial 179 641976 49628831 29.583538
-Trial 180 641976 49628831 29.851852
* 181: Cost = 641976_49593976, Time = 26.23 sec. 
-Trial 181 641976 49593976 29.962729
-Trial 182 641976 49593976 30.014005
-Trial 183 641976 49593976 30.200350
-Trial 184 641976 49593976 30.342523
-Trial 185 641976 49593976 30.342986
-Trial 186 641976 49593976 30.429413
-Trial 187 641976 49593976 30.444234
-Trial 188 641976 49593976 30.855588
-Trial 189 641976 49593976 30.948442
-Trial 190 641976 49593976 31.157433
-Trial 191 641976 49593976 31.222593
-Trial 192 641976 49593976 31.281429
-Trial 193 641976 49593976 31.313677
-Trial 194 641976 49593976 31.418945
-Trial 195 641976 49593976 31.469605
-Trial 196 641976 49593976 31.540352
-Trial 197 641976 49593976 31.579198
-Trial 198 641976 49593976 31.773152
-Trial 199 641976 49593976 31.825588
-Trial 200 641976 49593976 31.843204
-Trial 201 641976 49593976 31.870518
-Trial 202 641976 49593976 31.902023
-Trial 203 641976 49593976 31.970584
-Trial 204 641976 49593976 31.986316
* 205: Cost = 641976_49591860, Time = 28.31 sec. 
-Trial 205 641976 49591860 32.040856
-Trial 206 641976 49591860 32.077273
-Trial 207 641976 49591860 32.103868
-Trial 208 641976 49591860 32.170426
* 209: Cost = 641976_49562596, Time = 28.53 sec. 
-Trial 209 641976 49562596 32.267478
-Trial 210 641976 49562596 32.346084
-Trial 211 641976 49562596 32.453333
* 212: Cost = 641976_49556942, Time = 28.84 sec. 
-Trial 212 641976 49556942 32.572755
-Trial 213 641976 49556942 32.757333
-Trial 214 641976 49556942 32.796864
-Trial 215 641976 49556942 32.855906
-Trial 216 641976 49556942 32.927881
-Trial 217 641976 49556942 32.993643
-Trial 218 641976 49556942 33.013381
-Trial 219 641976 49556942 33.093222
-Trial 220 641976 49556942 33.140824
* 221: Cost = 641976_49515150, Time = 29.47 sec. 
-Trial 221 641976 49515150 33.197832
-Trial 222 641976 49515150 33.220905
-Trial 223 641976 49515150 33.240294
-Trial 224 641976 49515150 33.280877
-Trial 225 641976 49515150 33.390144
-Trial 226 641976 49515150 33.446819
-Trial 227 641976 49515150 33.656118
-Trial 228 641976 49515150 33.710466
-Trial 229 641976 49515150 33.920630
-Trial 230 641976 49515150 33.933976
-Trial 231 641976 49515150 33.986085
-Trial 232 641976 49515150 34.083341
-Trial 233 641976 49515150 34.195528
-Trial 234 641976 49515150 34.267780
-Trial 235 641976 49515150 34.939290
* 236: Cost = 641976_49461759, Time = 31.24 sec. 
-Trial 236 641976 49461759 34.971231
-Trial 237 641976 49461759 35.470910
-Trial 238 641976 49461759 35.596451
-Trial 239 641976 49461759 35.637379
-Trial 240 641976 49461759 35.664443
-Trial 241 641976 49461759 35.724492
-Trial 242 641976 49461759 35.912377
-Trial 243 641976 49461759 35.961371
-Trial 244 641976 49461759 36.007777
-Trial 245 641976 49461759 36.222917
* 246: Cost = 641976_49443237, Time = 32.56 sec. 
-Trial 246 641976 49443237 36.289775
-Trial 247 641976 49443237 36.595609
-Trial 248 641976 49443237 36.618751
-Trial 249 641976 49443237 36.969415
-Trial 250 641976 49443237 36.981409
-Trial 251 641976 49443237 37.101875
-Trial 252 641976 49443237 37.193473
-Trial 253 641976 49443237 37.362449
-Trial 254 641976 49443237 37.412363
-Trial 255 641976 49443237 37.435693
-Trial 256 641976 49443237 37.548458
* 257: Cost = 641976_49409000, Time = 33.92 sec. 
-Trial 257 641976 49409000 37.652803
-Trial 258 641976 49409000 37.703057
-Trial 259 641976 49409000 37.730712
-Trial 260 641976 49409000 37.776195
-Trial 261 641976 49409000 38.168424
-Trial 262 641976 49409000 38.238146
-Trial 263 641976 49409000 38.311770
-Trial 264 641976 49409000 38.336084
-Trial 265 641976 49409000 38.661926
-Trial 266 641976 49409000 38.732392
-Trial 267 641976 49409000 38.742931
-Trial 268 641976 49409000 39.126497
-Trial 269 641976 49409000 39.149035
-Trial 270 641976 49409000 39.205568
-Trial 271 641976 49409000 39.224052
* 272: Cost = 641976_49343894, Time = 35.55 sec. 
-Trial 272 641976 49343894 39.277992
-Trial 273 641976 49343894 39.318148
-Trial 274 641976 49343894 39.342331
-Trial 275 641976 49343894 39.357628
-Trial 276 641976 49343894 39.436062
-Trial 277 641976 49343894 39.464732
-Trial 278 641976 49343894 39.578698
-Trial 279 641976 49343894 39.633971
-Trial 280 641976 49343894 39.646310
-Trial 281 641976 49343894 39.775761
-Trial 282 641976 49343894 39.813611
-Trial 283 641976 49343894 39.862263
-Trial 284 641976 49343894 39.913299
-Trial 285 641976 49343894 39.948580
-Trial 286 641976 49343894 39.955502
-Trial 287 641976 49343894 39.994900
-Trial 288 641976 49343894 40.047649
-Trial 289 641976 49343894 40.124493
-Trial 290 641976 49343894 40.179601
-Trial 291 641976 49343894 40.186933
-Trial 292 641976 49343894 40.295856
* 293: Cost = 641976_49277822, Time = 36.76 sec. 
-Trial 293 641976 49277822 40.495676
-Trial 294 641976 49277822 40.616542
-Trial 295 641976 49277822 40.729064
-Trial 296 641976 49277822 40.775044
-Trial 297 641976 49277822 40.881971
-Trial 298 641976 49277822 40.965585
-Trial 299 641976 49277822 41.008021
-Trial 300 641976 49277822 41.055596
-Trial 301 641976 49277822 41.484712
-Trial 302 641976 49277822 41.485269
-Trial 303 641976 49277822 41.564046
* 304: Cost = 641976_49004469, Time = 37.93 sec. 
-Trial 304 641976 49004469 41.659951
-Trial 305 641976 49004469 41.814431
-Trial 306 641976 49004469 41.850159
-Trial 307 641976 49004469 41.892370
* 308: Cost = 641976_48960128, Time = 38.21 sec. 
-Trial 308 641976 48960128 41.942830
-Trial 309 641976 48960128 41.961627
* 310: Cost = 641976_48806216, Time = 38.55 sec. 
-Trial 310 641976 48806216 42.284393
-Trial 311 641976 48806216 42.517331
* 312: Cost = 641976_48757456, Time = 38.86 sec. 
-Trial 312 641976 48757456 42.589525
-Trial 313 641976 48757456 42.682462
* 314: Cost = 641976_48712574, Time = 38.97 sec. 
-Trial 314 641976 48712574 42.703917
-Trial 315 641976 48712574 42.804589
-Trial 316 641976 48712574 43.093489
-Trial 317 641976 48712574 43.279634
-Trial 318 641976 48712574 43.350424
-Trial 319 641976 48712574 43.412897
-Trial 320 641976 48712574 43.514535
-Trial 321 641976 48712574 43.515447
-Trial 322 641976 48712574 43.566706
* 323: Cost = 641976_48708231, Time = 39.86 sec. 
-Trial 323 641976 48708231 43.589191
-Trial 324 641976 48708231 43.855190
-Trial 325 641976 48708231 43.908430
-Trial 326 641976 48708231 44.028775
-Trial 327 641976 48708231 44.078843
-Trial 328 641976 48708231 44.204963
-Trial 329 641976 48708231 44.291881
-Trial 330 641976 48708231 44.342353
-Trial 331 641976 48708231 44.350807
-Trial 332 641976 48708231 44.424653
-Trial 333 641976 48708231 44.440518
-Trial 334 641976 48708231 44.475414
-Trial 335 641976 48708231 44.504374
-Trial 336 641976 48708231 44.565578
* 337: Cost = 641976_48653540, Time = 41.03 sec. 
-Trial 337 641976 48653540 44.759751
-Trial 338 641976 48653540 44.781230
-Trial 339 641976 48653540 44.845356
-Trial 340 641976 48653540 44.920715
-Trial 341 641976 48653540 45.005150
-Trial 342 641976 48653540 45.041168
-Trial 343 641976 48653540 45.151215
-Trial 344 641976 48653540 45.233590
-Trial 345 641976 48653540 45.263646
-Trial 346 641976 48653540 45.639624
-Trial 347 641976 48653540 45.833252
-Trial 348 641976 48653540 45.871439
-Trial 349 641976 48653540 46.059964
-Trial 350 641976 48653540 46.120963
-Trial 351 641976 48653540 46.147056
-Trial 352 641976 48653540 46.150581
-Trial 353 641976 48653540 46.355436
-Trial 354 641976 48653540 46.371937
-Trial 355 641976 48653540 46.432645
-Trial 356 641976 48653540 46.474342
-Trial 357 641976 48653540 46.573539
-Trial 358 641976 48653540 46.576055
-Trial 359 641976 48653540 46.642742
-Trial 360 641976 48653540 46.696319
-Trial 361 641976 48653540 46.828440
-Trial 362 641976 48653540 46.907483
-Trial 363 641976 48653540 46.919985
-Trial 364 641976 48653540 47.020802
-Trial 365 641976 48653540 47.068728
-Trial 366 641976 48653540 47.085075
-Trial 367 641976 48653540 47.109489
-Trial 368 641976 48653540 47.190901
-Trial 369 641976 48653540 47.233495
-Trial 370 641976 48653540 47.282991
-Trial 371 641976 48653540 47.328377
-Trial 372 641976 48653540 47.410036
-Trial 373 641976 48653540 47.839816
-Trial 374 641976 48653540 47.892033
-Trial 375 641976 48653540 48.005221
-Trial 376 641976 48653540 48.035929
-Trial 377 641976 48653540 48.053872
-Trial 378 641976 48653540 48.097757
-Trial 379 641976 48653540 48.112411
-Trial 380 641976 48653540 48.165984
-Trial 381 641976 48653540 48.394751
-Trial 382 641976 48653540 48.401634
-Trial 383 641976 48653540 48.475017
-Trial 384 641976 48653540 48.536364
-Trial 385 641976 48653540 48.597983
-Trial 386 641976 48653540 48.645167
-Trial 387 641976 48653540 48.710947
-Trial 388 641976 48653540 48.730663
-Trial 389 641976 48653540 48.828251
-Trial 390 641976 48653540 48.937952
-Trial 391 641976 48653540 48.982940
-Trial 392 641976 48653540 49.041792
-Trial 393 641976 48653540 49.061316
-Trial 394 641976 48653540 49.089979
-Trial 395 641976 48653540 49.165261
-Trial 396 641976 48653540 49.202051
-Trial 397 641976 48653540 49.266102
-Trial 398 641976 48653540 49.286198
-Trial 399 641976 48653540 49.438208
-Trial 400 641976 48653540 49.449332
-Trial 401 641976 48653540 49.451459
-Trial 402 641976 48653540 49.466019
-Trial 403 641976 48653540 49.555768
-Trial 404 641976 48653540 49.634559
-Trial 405 641976 48653540 49.639201
-Trial 406 641976 48653540 49.764257
-Trial 407 641976 48653540 49.929908
-Trial 408 641976 48653540 49.968522
-Trial 409 641976 48653540 50.051775
-Trial 410 641976 48653540 50.062708
-Trial 411 641976 48653540 50.096738
-Trial 412 641976 48653540 50.127998
-Trial 413 641976 48653540 50.194306
-Trial 414 641976 48653540 50.215901
-Trial 415 641976 48653540 50.277991
-Trial 416 641976 48653540 50.500342
-Trial 417 641976 48653540 50.500771
-Trial 418 641976 48653540 50.576656
-Trial 419 641976 48653540 50.605210
-Trial 420 641976 48653540 50.624121
-Trial 421 641976 48653540 50.718060
-Trial 422 641976 48653540 50.784493
-Trial 423 641976 48653540 50.831236
-Trial 424 641976 48653540 50.895285
-Trial 425 641976 48653540 50.942895
-Trial 426 641976 48653540 51.040637
-Trial 427 641976 48653540 51.087086
-Trial 428 641976 48653540 51.171066
-Trial 429 641976 48653540 51.275497
-Trial 430 641976 48653540 51.368082
-Trial 431 641976 48653540 51.409594
-Trial 432 641976 48653540 51.449629
-Trial 433 641976 48653540 51.511380
-Trial 434 641976 48653540 51.548767
-Trial 435 641976 48653540 51.613020
-Trial 436 641976 48653540 51.720165
-Trial 437 641976 48653540 51.977011
-Trial 438 641976 48653540 52.000702
-Trial 439 641976 48653540 52.016463
-Trial 440 641976 48653540 52.045808
-Trial 441 641976 48653540 52.075822
-Trial 442 641976 48653540 52.283815
-Trial 443 641976 48653540 52.299455
-Trial 444 641976 48653540 52.304306
-Trial 445 641976 48653540 52.337090
-Trial 446 641976 48653540 52.401482
-Trial 447 641976 48653540 52.505354
-Trial 448 641976 48653540 52.555138
-Trial 449 641976 48653540 52.889699
* 450: Cost = 641976_48641332, Time = 49.21 sec. 
-Trial 450 641976 48641332 52.945373
-Trial 451 641976 48641332 52.977057
-Trial 452 641976 48641332 53.095935
-Trial 453 641976 48641332 53.110831
-Trial 454 641976 48641332 53.171286
-Trial 455 641976 48641332 53.428816
-Trial 456 641976 48641332 53.557806
-Trial 457 641976 48641332 53.771480
-Trial 458 641976 48641332 53.775166
-Trial 459 641976 48641332 53.798632
-Trial 460 641976 48641332 53.868676
-Trial 461 641976 48641332 53.905409
-Trial 462 641976 48641332 54.030954
-Trial 463 641976 48641332 54.064050
-Trial 464 641976 48641332 54.237471
-Trial 465 641976 48641332 54.298546
-Trial 466 641976 48641332 54.336370
-Trial 467 641976 48641332 54.600565
-Trial 468 641976 48641332 54.723465
-Trial 469 641976 48641332 54.904020
-Trial 470 641976 48641332 54.935907
-Trial 471 641976 48641332 54.989093
-Trial 472 641976 48641332 55.033080
-Trial 473 641976 48641332 55.081202
-Trial 474 641976 48641332 55.140799
-Trial 475 641976 48641332 55.190149
-Trial 476 641976 48641332 55.233880
-Trial 477 641976 48641332 55.288521
* 478: Cost = 641976_48582005, Time = 51.70 sec. 
-Trial 478 641976 48582005 55.436057
-Trial 479 641976 48582005 55.548087
-Trial 480 641976 48582005 55.646344
-Trial 481 641976 48582005 55.729382
-Trial 482 641976 48582005 55.741542
-Trial 483 641976 48582005 55.763839
-Trial 484 641976 48582005 55.768147
-Trial 485 641976 48582005 55.924736
-Trial 486 641976 48582005 56.102890
-Trial 487 641976 48582005 56.117914
-Trial 488 641976 48582005 56.179639
-Trial 489 641976 48582005 56.260553
-Trial 490 641976 48582005 56.324470
-Trial 491 641976 48582005 56.366655
-Trial 492 641976 48582005 56.432298
-Trial 493 641976 48582005 56.634791
-Trial 494 641976 48582005 56.677770
-Trial 495 641976 48582005 56.790608
-Trial 496 641976 48582005 57.121620
-Trial 497 641976 48582005 57.147705
-Trial 498 641976 48582005 57.180235
-Trial 499 641976 48582005 57.210541
-Trial 500 641976 48582005 57.482576
-Trial 501 641976 48582005 57.573186
-Trial 502 641976 48582005 57.595708
-Trial 503 641976 48582005 57.633915
-Trial 504 641976 48582005 57.678662
-Trial 505 641976 48582005 57.958331
-Trial 506 641976 48582005 57.996590
-Trial 507 641976 48582005 58.007686
-Trial 508 641976 48582005 58.183877
-Trial 509 641976 48582005 58.376882
-Trial 510 641976 48582005 58.400790
-Trial 511 641976 48582005 58.554546
-Trial 512 641976 48582005 58.627765
-Trial 513 641976 48582005 58.735666
-Trial 514 641976 48582005 58.985898
-Trial 515 641976 48582005 59.055146
-Trial 516 641976 48582005 59.152429
-Trial 517 641976 48582005 59.211446
-Trial 518 641976 48582005 59.345668
-Trial 519 641976 48582005 59.378610
-Trial 520 641976 48582005 59.418653
-Trial 521 641976 48582005 59.449046
-Trial 522 641976 48582005 59.466814
-Trial 523 641976 48582005 59.511512
-Trial 524 641976 48582005 59.545687
-Trial 525 641976 48582005 59.679690
-Trial 526 641976 48582005 59.704040
-Trial 527 641976 48582005 59.727327
-Trial 528 641976 48582005 59.891767
-Trial 529 641976 48582005 59.923095
-Trial 530 641976 48582005 59.972743
-Trial 531 641976 48582005 60.034496
-Trial 532 641976 48582005 60.109420
-Trial 533 641976 48582005 60.347642
-Trial 534 641976 48582005 60.485937
-Trial 535 641976 48582005 60.540048
-Trial 536 641976 48582005 60.680921
-Trial 537 641976 48582005 60.697592
-Trial 538 641976 48582005 60.716630
-Trial 539 641976 48582005 60.822878
-Trial 540 641976 48582005 60.834921
-Trial 541 641976 48582005 60.853499
-Trial 542 641976 48582005 61.028393
-Trial 543 641976 48582005 61.092024
-Trial 544 641976 48582005 61.239171
-Trial 545 641976 48582005 61.395285
-Trial 546 641976 48582005 61.563017
-Trial 547 641976 48582005 61.775466
-Trial 548 641976 48582005 61.817819
-Trial 549 641976 48582005 61.835118
-Trial 550 641976 48582005 61.945230
-Trial 551 641976 48582005 62.006818
-Trial 552 641976 48582005 62.259664
-Trial 553 641976 48582005 62.269874
-Trial 554 641976 48582005 62.286508
-Trial 555 641976 48582005 62.333773
-Trial 556 641976 48582005 62.386713
-Trial 557 641976 48582005 62.429499
-Trial 558 641976 48582005 62.550972
-Trial 559 641976 48582005 62.626802
-Trial 560 641976 48582005 62.680051
-Trial 561 641976 48582005 62.802174
-Trial 562 641976 48582005 62.841689
-Trial 563 641976 48582005 62.887685
-Trial 564 641976 48582005 63.021274
-Trial 565 641976 48582005 63.326178
-Trial 566 641976 48582005 63.412948
-Trial 567 641976 48582005 63.520998
-Trial 568 641976 48582005 63.553100
-Trial 569 641976 48582005 63.856951
-Trial 570 641976 48582005 63.962363
-Trial 571 641976 48582005 64.054834
-Trial 572 641976 48582005 64.091484
-Trial 573 641976 48582005 64.119600
-Trial 574 641976 48582005 64.171153
-Trial 575 641976 48582005 64.210525
-Trial 576 641976 48582005 64.235477
-Trial 577 641976 48582005 64.311602
-Trial 578 641976 48582005 64.363242
-Trial 579 641976 48582005 64.540579
-Trial 580 641976 48582005 64.581199
-Trial 581 641976 48582005 64.665020
-Trial 582 641976 48582005 64.725367
-Trial 583 641976 48582005 64.763384
-Trial 584 641976 48582005 64.899469
-Trial 585 641976 48582005 65.020906
-Trial 586 641976 48582005 65.082029
-Trial 587 641976 48582005 65.180171
-Trial 588 641976 48582005 65.194264
-Trial 589 641976 48582005 65.241816
-Trial 590 641976 48582005 65.276154
-Trial 591 641976 48582005 65.323980
-Trial 592 641976 48582005 65.369991
-Trial 593 641976 48582005 65.402812
-Trial 594 641976 48582005 65.517461
-Trial 595 641976 48582005 65.802580
-Trial 596 641976 48582005 65.979118
-Trial 597 641976 48582005 66.072022
-Trial 598 641976 48582005 66.167490
-Trial 599 641976 48582005 66.206655
-Trial 600 641976 48582005 66.341031
-Trial 601 641976 48582005 66.466515
-Trial 602 641976 48582005 66.543596
-Trial 603 641976 48582005 66.574948
-Trial 604 641976 48582005 66.685705
-Trial 605 641976 48582005 66.720196
-Trial 606 641976 48582005 66.788209
* 607: Cost = 641976_48454995, Time = 63.16 sec. 
-Trial 607 641976 48454995 66.896724
-Trial 608 641976 48454995 66.968259
-Trial 609 641976 48454995 67.099061
-Trial 610 641976 48454995 67.130395
-Trial 611 641976 48454995 67.197461
-Trial 612 641976 48454995 67.293000
-Trial 613 641976 48454995 67.334246
-Trial 614 641976 48454995 67.411285
-Trial 615 641976 48454995 67.581172
* 616: Cost = 641976_48451769, Time = 63.90 sec. 
-Trial 616 641976 48451769 67.632799
-Trial 617 641976 48451769 67.651568
-Trial 618 641976 48451769 67.687812
-Trial 619 641976 48451769 67.766891
-Trial 620 641976 48451769 67.787554
-Trial 621 641976 48451769 67.814849
-Trial 622 641976 48451769 67.863130
-Trial 623 641976 48451769 67.932787
-Trial 624 641976 48451769 67.984502
-Trial 625 641976 48451769 68.037975
-Trial 626 641976 48451769 68.072212
-Trial 627 641976 48451769 68.110327
-Trial 628 641976 48451769 68.193554
-Trial 629 641976 48451769 68.336151
-Trial 630 641976 48451769 68.387755
-Trial 631 641976 48451769 68.444292
-Trial 632 641976 48451769 68.463756
-Trial 633 641976 48451769 68.501629
-Trial 634 641976 48451769 68.559731
-Trial 635 641976 48451769 68.574498
-Trial 636 641976 48451769 68.766727
-Trial 637 641976 48451769 68.912440
-Trial 638 641976 48451769 68.970160
-Trial 639 641976 48451769 69.040004
-Trial 640 641976 48451769 69.089344
-Trial 641 641976 48451769 69.158719
-Trial 642 641976 48451769 69.174605
-Trial 643 641976 48451769 69.270687
-Trial 644 641976 48451769 69.287631
-Trial 645 641976 48451769 69.335577
-Trial 646 641976 48451769 69.393100
-Trial 647 641976 48451769 69.406427
-Trial 648 641976 48451769 69.423406
-Trial 649 641976 48451769 69.424075
-Trial 650 641976 48451769 69.449263
-Trial 651 641976 48451769 69.563383
-Trial 652 641976 48451769 69.635646
-Trial 653 641976 48451769 69.676612
-Trial 654 641976 48451769 69.730130
-Trial 655 641976 48451769 69.755238
-Trial 656 641976 48451769 69.900120
-Trial 657 641976 48451769 69.932996
-Trial 658 641976 48451769 69.986775
-Trial 659 641976 48451769 70.047677
-Trial 660 641976 48451769 70.218288
-Trial 661 641976 48451769 70.225748
-Trial 662 641976 48451769 70.366555
-Trial 663 641976 48451769 70.441320
-Trial 664 641976 48451769 70.494485
* 665: Cost = 641976_48439879, Time = 66.79 sec. 
-Trial 665 641976 48439879 70.527601
-Trial 666 641976 48439879 70.595838
-Trial 667 641976 48439879 70.629305
-Trial 668 641976 48439879 70.670016
-Trial 669 641976 48439879 70.681388
-Trial 670 641976 48439879 70.847917
-Trial 671 641976 48439879 70.895648
-Trial 672 641976 48439879 71.041452
-Trial 673 641976 48439879 71.135369
* 674: Cost = 641976_48392002, Time = 67.48 sec. 
-Trial 674 641976 48392002 71.209533
-Trial 675 641976 48392002 71.289443
-Trial 676 641976 48392002 71.344282
-Trial 677 641976 48392002 71.462306
-Trial 678 641976 48392002 71.489350
-Trial 679 641976 48392002 71.536592
-Trial 680 641976 48392002 71.733077
-Trial 681 641976 48392002 71.757031
-Trial 682 641976 48392002 71.824376
-Trial 683 641976 48392002 71.867969
-Trial 684 641976 48392002 71.894757
-Trial 685 641976 48392002 71.913368
-Trial 686 641976 48392002 72.049351
-Trial 687 641976 48392002 72.096276
-Trial 688 641976 48392002 72.128664
-Trial 689 641976 48392002 72.238899
-Trial 690 641976 48392002 72.262027
* 691: Cost = 641976_48327174, Time = 68.57 sec. 
-Trial 691 641976 48327174 72.304078
-Trial 692 641976 48327174 72.384277
-Trial 693 641976 48327174 72.501808
-Trial 694 641976 48327174 72.518251
-Trial 695 641976 48327174 72.553905
-Trial 696 641976 48327174 72.669106
-Trial 697 641976 48327174 72.706713
-Trial 698 641976 48327174 72.733550
-Trial 699 641976 48327174 72.767329
-Trial 700 641976 48327174 72.813811
-Trial 701 641976 48327174 72.845206
-Trial 702 641976 48327174 72.876911
-Trial 703 641976 48327174 72.918615
* 704: Cost = 641976_48319823, Time = 69.29 sec. 
-Trial 704 641976 48319823 73.026937
-Trial 705 641976 48319823 73.082557
* 706: Cost = 641976_48306953, Time = 69.36 sec. 
-Trial 706 641976 48306953 73.096914
-Trial 707 641976 48306953 73.215846
-Trial 708 641976 48306953 73.299272
-Trial 709 641976 48306953 73.340812
-Trial 710 641976 48306953 73.369159
-Trial 711 641976 48306953 73.511539
-Trial 712 641976 48306953 73.538759
-Trial 713 641976 48306953 73.581645
-Trial 714 641976 48306953 73.593581
-Trial 715 641976 48306953 73.637636
-Trial 716 641976 48306953 73.734545
-Trial 717 641976 48306953 73.770269
-Trial 718 641976 48306953 73.772568
-Trial 719 641976 48306953 73.882743
-Trial 720 641976 48306953 73.934556
-Trial 721 641976 48306953 74.098349
-Trial 722 641976 48306953 74.238950
-Trial 723 641976 48306953 74.306031
-Trial 724 641976 48306953 74.371644
-Trial 725 641976 48306953 74.596585
-Trial 726 641976 48306953 74.618973
-Trial 727 641976 48306953 74.647791
-Trial 728 641976 48306953 74.731828
-Trial 729 641976 48306953 74.900728
-Trial 730 641976 48306953 74.906017
-Trial 731 641976 48306953 74.952757
-Trial 732 641976 48306953 75.236141
-Trial 733 641976 48306953 75.252745
-Trial 734 641976 48306953 75.269298
-Trial 735 641976 48306953 75.381638
-Trial 736 641976 48306953 75.429114
-Trial 737 641976 48306953 75.639430
-Trial 738 641976 48306953 75.721277
-Trial 739 641976 48306953 75.803558
-Trial 740 641976 48306953 76.241420
-Trial 741 641976 48306953 76.292740
-Trial 742 641976 48306953 76.368487
-Trial 743 641976 48306953 76.477358
-Trial 744 641976 48306953 76.519634
-Trial 745 641976 48306953 76.589343
-Trial 746 641976 48306953 76.623289
-Trial 747 641976 48306953 76.756030
-Trial 748 641976 48306953 76.756477
-Trial 749 641976 48306953 76.788205
-Trial 750 641976 48306953 76.928963
-Trial 751 641976 48306953 76.951101
* 752: Cost = 641976_48299030, Time = 73.24 sec. 
-Trial 752 641976 48299030 76.969436
-Trial 753 641976 48299030 77.041331
-Trial 754 641976 48299030 77.081921
-Trial 755 641976 48299030 77.219540
* 756: Cost = 641976_48287140, Time = 73.52 sec. 
-Trial 756 641976 48287140 77.254095
-Trial 757 641976 48287140 77.256736
-Trial 758 641976 48287140 77.291296
-Trial 759 641976 48287140 77.381421
-Trial 760 641976 48287140 77.417677
-Trial 761 641976 48287140 77.489221
-Trial 762 641976 48287140 77.652135
-Trial 763 641976 48287140 77.735147
-Trial 764 641976 48287140 77.779454
-Trial 765 641976 48287140 77.868889
* 766: Cost = 641976_48286805, Time = 74.18 sec. 
-Trial 766 641976 48286805 77.916805
-Trial 767 641976 48286805 78.042682
-Trial 768 641976 48286805 78.166738
-Trial 769 641976 48286805 78.243954
-Trial 770 641976 48286805 78.354220
-Trial 771 641976 48286805 78.402918
-Trial 772 641976 48286805 78.416828
-Trial 773 641976 48286805 78.566827
-Trial 774 641976 48286805 78.873469
* 775: Cost = 641976_48258181, Time = 75.21 sec. 
-Trial 775 641976 48258181 78.939988
-Trial 776 641976 48258181 78.941478
-Trial 777 641976 48258181 78.944571
-Trial 778 641976 48258181 79.021868
-Trial 779 641976 48258181 79.066228
-Trial 780 641976 48258181 79.099372
-Trial 781 641976 48258181 79.155425
* 782: Cost = 641976_48180770, Time = 75.44 sec. 
-Trial 782 641976 48180770 79.173605
-Trial 783 641976 48180770 79.254767
-Trial 784 641976 48180770 79.274424
-Trial 785 641976 48180770 79.382781
* 786: Cost = 641976_48142211, Time = 75.76 sec. 
-Trial 786 641976 48142211 79.488662
-Trial 787 641976 48142211 79.533447
-Trial 788 641976 48142211 79.598194
-Trial 789 641976 48142211 79.695903
-Trial 790 641976 48142211 79.903518
-Trial 791 641976 48142211 80.356919
-Trial 792 641976 48142211 80.397392
-Trial 793 641976 48142211 80.438671
-Trial 794 641976 48142211 80.964159
-Trial 795 641976 48142211 81.049747
-Trial 796 641976 48142211 81.109314
-Trial 797 641976 48142211 81.203518
-Trial 798 641976 48142211 81.387549
-Trial 799 641976 48142211 81.555716
-Trial 800 641976 48142211 81.607944
-Trial 801 641976 48142211 81.693819
-Trial 802 641976 48142211 81.729338
-Trial 803 641976 48142211 81.834314
-Trial 804 641976 48142211 81.941584
-Trial 805 641976 48142211 82.050598
-Trial 806 641976 48142211 82.126017
-Trial 807 641976 48142211 82.153532
-Trial 808 641976 48142211 82.351600
-Trial 809 641976 48142211 82.505181
-Trial 810 641976 48142211 82.554251
-Trial 811 641976 48142211 82.734064
-Trial 812 641976 48142211 82.753312
-Trial 813 641976 48142211 82.852492
-Trial 814 641976 48142211 82.957158
-Trial 815 641976 48142211 82.980575
-Trial 816 641976 48142211 83.088901
-Trial 817 641976 48142211 83.143076
* 818: Cost = 641976_48119865, Time = 79.42 sec. 
-Trial 818 641976 48119865 83.156343
-Trial 819 641976 48119865 83.181991
-Trial 820 641976 48119865 83.200779
-Trial 821 641976 48119865 83.406340
-Trial 822 641976 48119865 83.483304
-Trial 823 641976 48119865 83.578296
-Trial 824 641976 48119865 83.662313
-Trial 825 641976 48119865 83.678034
-Trial 826 641976 48119865 83.748510
-Trial 827 641976 48119865 83.778052
-Trial 828 641976 48119865 83.805151
-Trial 829 641976 48119865 83.916583
-Trial 830 641976 48119865 83.919532
-Trial 831 641976 48119865 84.026297
-Trial 832 641976 48119865 84.056076
-Trial 833 641976 48119865 84.147371
-Trial 834 641976 48119865 84.177407
-Trial 835 641976 48119865 84.208160
-Trial 836 641976 48119865 84.277267
-Trial 837 641976 48119865 84.491220
-Trial 838 641976 48119865 84.586018
-Trial 839 641976 48119865 84.840515
-Trial 840 641976 48119865 85.102387
* 841: Cost = 641976_48103771, Time = 81.46 sec. 
-Trial 841 641976 48103771 85.197545
-Trial 842 641976 48103771 85.287079
-Trial 843 641976 48103771 85.299490
-Trial 844 641976 48103771 85.404538
-Trial 845 641976 48103771 85.523882
-Trial 846 641976 48103771 85.601419
* 847: Cost = 641976_48089087, Time = 81.88 sec. 
-Trial 847 641976 48089087 85.612078
-Trial 848 641976 48089087 85.708239
-Trial 849 641976 48089087 85.755855
-Trial 850 641976 48089087 85.773079
-Trial 851 641976 48089087 85.786407
-Trial 852 641976 48089087 85.900479
-Trial 853 641976 48089087 85.930100
-Trial 854 641976 48089087 85.939260
-Trial 855 641976 48089087 86.135510
-Trial 856 641976 48089087 86.217695
-Trial 857 641976 48089087 86.287076
-Trial 858 641976 48089087 86.326306
-Trial 859 641976 48089087 86.370614
* 860: Cost = 641976_48089066, Time = 82.69 sec. 
-Trial 860 641976 48089066 86.426348
-Trial 861 641976 48089066 86.472148
-Trial 862 641976 48089066 86.598592
-Trial 863 641976 48089066 86.638547
-Trial 864 641976 48089066 86.781726
-Trial 865 641976 48089066 86.816135
* 866: Cost = 641976_48074320, Time = 83.10 sec. 
-Trial 866 641976 48074320 86.837532
-Trial 867 641976 48074320 86.907507
-Trial 868 641976 48074320 86.997122
-Trial 869 641976 48074320 87.013759
-Trial 870 641976 48074320 87.099305
-Trial 871 641976 48074320 87.175348
-Trial 872 641976 48074320 87.200218
-Trial 873 641976 48074320 87.219599
-Trial 874 641976 48074320 87.241710
-Trial 875 641976 48074320 87.298438
-Trial 876 641976 48074320 87.352909
-Trial 877 641976 48074320 87.367688
-Trial 878 641976 48074320 87.426827
-Trial 879 641976 48074320 87.477395
-Trial 880 641976 48074320 87.526333
-Trial 881 641976 48074320 87.787409
* 882: Cost = 641976_48067275, Time = 84.11 sec. 
-Trial 882 641976 48067275 87.846222
-Trial 883 641976 48067275 87.851213
-Trial 884 641976 48067275 87.902217
-Trial 885 641976 48067275 88.093503
-Trial 886 641976 48067275 88.133710
-Trial 887 641976 48067275 88.260573
-Trial 888 641976 48067275 88.280650
-Trial 889 641976 48067275 88.351742
-Trial 890 641976 48067275 88.570036
-Trial 891 641976 48067275 88.627935
-Trial 892 641976 48067275 88.667985
-Trial 893 641976 48067275 88.769699
-Trial 894 641976 48067275 88.797678
-Trial 895 641976 48067275 88.814191
-Trial 896 641976 48067275 88.864702
-Trial 897 641976 48067275 88.945940
-Trial 898 641976 48067275 89.061715
-Trial 899 641976 48067275 89.085393
-Trial 900 641976 48067275 89.171142
-Trial 901 641976 48067275 89.211830
-Trial 902 641976 48067275 89.238834
-Trial 903 641976 48067275 89.257385
-Trial 904 641976 48067275 89.475024
-Trial 905 641976 48067275 89.613153
-Trial 906 641976 48067275 89.642364
-Trial 907 641976 48067275 89.731037
-Trial 908 641976 48067275 90.077984
-Trial 909 641976 48067275 90.096318
-Trial 910 641976 48067275 90.197822
-Trial 911 641976 48067275 90.250540
-Trial 912 641976 48067275 90.294366
-Trial 913 641976 48067275 90.317039
-Trial 914 641976 48067275 90.336088
-Trial 915 641976 48067275 90.502761
-Trial 916 641976 48067275 90.504067
-Trial 917 641976 48067275 90.506046
-Trial 918 641976 48067275 90.650678
-Trial 919 641976 48067275 90.691457
-Trial 920 641976 48067275 90.719866
-Trial 921 641976 48067275 90.757866
-Trial 922 641976 48067275 90.808524
-Trial 923 641976 48067275 90.865125
-Trial 924 641976 48067275 91.029935
-Trial 925 641976 48067275 91.095351
-Trial 926 641976 48067275 91.175383
-Trial 927 641976 48067275 91.322358
-Trial 928 641976 48067275 91.344209
-Trial 929 641976 48067275 91.346340
-Trial 930 641976 48067275 91.513828
-Trial 931 641976 48067275 91.541097
-Trial 932 641976 48067275 91.684868
-Trial 933 641976 48067275 91.738277
-Trial 934 641976 48067275 91.825731
-Trial 935 641976 48067275 92.018305
-Trial 936 641976 48067275 92.086902
-Trial 937 641976 48067275 92.164117
* 938: Cost = 641976_48056463, Time = 88.45 sec. 
-Trial 938 641976 48056463 92.179426
-Trial 939 641976 48056463 92.196714
-Trial 940 641976 48056463 92.216161
-Trial 941 641976 48056463 92.242692
-Trial 942 641976 48056463 92.298945
-Trial 943 641976 48056463 92.332295
-Trial 944 641976 48056463 92.368024
-Trial 945 641976 48056463 92.431548
-Trial 946 641976 48056463 92.462388
-Trial 947 641976 48056463 92.475103
-Trial 948 641976 48056463 92.501092
-Trial 949 641976 48056463 92.518342
-Trial 950 641976 48056463 92.549499
-Trial 951 641976 48056463 92.596952
-Trial 952 641976 48056463 92.625978
-Trial 953 641976 48056463 92.657351
-Trial 954 641976 48056463 92.672416
-Trial 955 641976 48056463 92.722427
-Trial 956 641976 48056463 92.757302
-Trial 957 641976 48056463 92.837236
-Trial 958 641976 48056463 92.917096
-Trial 959 641976 48056463 93.041683
-Trial 960 641976 48056463 93.186738
-Trial 961 641976 48056463 93.221687
-Trial 962 641976 48056463 93.421287
-Trial 963 641976 48056463 93.502669
-Trial 964 641976 48056463 93.568118
-Trial 965 641976 48056463 93.584363
-Trial 966 641976 48056463 93.686755
-Trial 967 641976 48056463 93.701550
-Trial 968 641976 48056463 93.713053
-Trial 969 641976 48056463 93.740715
-Trial 970 641976 48056463 93.838593
-Trial 971 641976 48056463 93.863873
-Trial 972 641976 48056463 93.898016
-Trial 973 641976 48056463 93.989636
-Trial 974 641976 48056463 93.992766
-Trial 975 641976 48056463 94.030586
-Trial 976 641976 48056463 94.095648
-Trial 977 641976 48056463 94.248256
-Trial 978 641976 48056463 94.371976
-Trial 979 641976 48056463 94.432640
-Trial 980 641976 48056463 94.510527
-Trial 981 641976 48056463 94.533203
-Trial 982 641976 48056463 94.599491
-Trial 983 641976 48056463 94.655389
-Trial 984 641976 48056463 94.754450
-Trial 985 641976 48056463 94.853850
-Trial 986 641976 48056463 94.916105
-Trial 987 641976 48056463 95.103643
-Trial 988 641976 48056463 95.187830
-Trial 989 641976 48056463 95.386099
-Trial 990 641976 48056463 95.428225
-Trial 991 641976 48056463 95.468921
-Trial 992 641976 48056463 95.551421
-Trial 993 641976 48056463 95.601416
-Trial 994 641976 48056463 95.652649
-Trial 995 641976 48056463 95.757724
-Trial 996 641976 48056463 95.776122
-Trial 997 641976 48056463 95.838288
-Trial 998 641976 48056463 95.931802
-Trial 999 641976 48056463 96.090603
-Trial 1000 641976 48056463 96.110427
Population:
  1: 641976_48056463
Run 1: Cost = 641976_48056463, Time = 92.38 sec. 

Successes/Runs = 0/1 
Cost.min = 48056463, Cost.avg = 48056463.00, Cost.max = 48056463
Gap.min = 0.0000%, Gap.avg = 0.0000%, Gap.max = 0.0000%
Penalty.min = 641976, Penalty.avg = 641976.00, Penalty.max = 641976
Trials.min = 1000, Trials.avg = 1000.0, Trials.max = 1000
Time.min = 92.38 sec., Time.avg = 92.38 sec., Time.max = 92.38 sec.
Time.total = 96.11 sec.
  Size.min = 10, Size.max = 32, Penalty = 641976
  Cost.min = 426237, Cost.max = 3468339, Cost.sum = 48056463
Best CVRPTW solution:
  Cost = 641976_48056463
1 365 306 245 223 482 442 383 8 79 443 333 431 239 298 294 367 13 286 401 409 375 3 451 70 16 21 515 396 479 138 331 133 394 195 88 324 32 156 327 165 399 402 346 48 18 339 424 72 123 421 227 508 320 94 207 25 369 425 44 42 11 468 93 489 351 403 279 357 459 440 252 75 211 464 304 173 53 503 235 103 485 184 120 430 490 473 445 154 504 191 34 167 168 113 360 84 215 14 310 499 125 185 477 145 301 368 450 95 38 382 452 486 502 232 250 364 99 370 397 454 328 159 363 59 256 157 405 470 337 350 494 444 466 40 462 420 422 353 514 332 217 190 57 398 407 283 293 253 292 393 147 118 296 299 248 263 474 461 226 213 203 441 456 61 496 274 356 220 221 392 281 510 282 37 176 117 264 205 201 414 476 359 343 108 497 413 169 193 423 111 278 371 202 45 104 197 288 77 348 52 181 280 49 518 285 376 354 140 86 491 457 267 131 243 501 130 446 387 97 96 487 218 458 314 259 174 179 366 513 435 313 318 386 71 300 106 58 141 148 124 463 62 98 109 36 340 228 317 39 114 80 74 162 192 27 506 67 233 352 64 349 194 199 307 139 471 291 322 338 164 105 237 153 284 9 507 15 260 329 341 308 206 247 127 268 224 395 225 240 347 417 151 78 323 73 60 265 19 172 137 134 212 275 198 69 244 186 290 511 358 24 234 161 270 297 335 135 178 266 262 361 92 271 107 210 158 41 214 438 261 432 509 136 390 33 46 385 475 115 55 255 241 302 380 87 379 30 90 455 309 180 374 289 373 344 246 319 188 406 68 82 149 520 426 76 5 416 231 448 146 208 65 66 110 152 83 273 254 12 4 410 316 43 355 377 166 204 465 249 436 325 481 427 519 85 238 321 47 230 495 175 408 467 330 411 277 28 269 150 209 362 17 303 29 505 26 305 81 100 372 415 51 272 500 56 143 54 418 129 219 276 126 428 449 251 404 63 437 460 378 389 182 512 144 295 326 315 128 171 472 345 336 196 384 132 200 177 439 478 447 312 163 400 170 287 311 257 121 434 342 31 258 492 517 412 7 22 10 50 334 229 122 155 391 119 388 142 216 453 433 6 429 2 484 222 381 189 516 101 35 483 419 498 183 160 488 91 187 493 116 236 23 20 242 89 112 102 469 480 1 
