PARAMETER_FILE = result/cvrptw_500/LKH_para/791.para
Reading PROBLEM_FILE: "result/cvrptw_500/cvrptw/791.cvrptw" ... done
ASCENT_CANDIDATES = 50
BACKBONE_TRIALS = 0
BACKTRACKING = NO
# BWTSP =
# CANDIDATE_FILE =
CANDIDATE_SET_TYPE = ALPHA
DEPOT = 1
# EDGE_FILE =
EXCESS = 0.0384615
EXTERNAL_SALESMEN = 0
EXTRA_CANDIDATES = 0 
EXTRA_CANDIDATE_SET_TYPE = QUADRANT
GAIN23 = NO
GAIN_CRITERION = YES
INITIAL_PERIOD = 520
INITIAL_STEP_SIZE = 1
INITIAL_TOUR_ALGORITHM = WALK
# INITIAL_TOUR_FILE = 
INITIAL_TOUR_FRACTION = 1.000
# INPUT_TOUR_FILE = 
KICK_TYPE = 4
KICKS = 1
# MAX_BREADTH =
MAKESPAN = NO
MAX_CANDIDATES = 5 
MAX_SWAPS = 0
MAX_TRIALS = 1000
# MERGE_TOUR_FILE =
MOVE_TYPE = 5 SPECIAL
MTSP_MIN_SIZE = 1
MTSP_MAX_SIZE = 1039
# MTSP_SOLUTION_FILE = 
# NONSEQUENTIAL_MOVE_TYPE = 5
# OPTIMUM =
# OUTPUT_TOUR_FILE = 
PATCHING_A = 1 
PATCHING_C = 0 
# PI_FILE = 
POPMUSIC_INITIAL_TOUR = NO
POPMUSIC_MAX_NEIGHBORS = 5
POPMUSIC_SAMPLE_SIZE = 10
POPMUSIC_SOLUTIONS = 50
POPMUSIC_TRIALS = 1
POPULATION_SIZE = 10
PRECISION = 100
PROBLEM_FILE = result/cvrptw_500/cvrptw/791.cvrptw
RECOMBINATION = IPT
RESTRICTED_SEARCH = YES
RUNS = 1
SALESMEN = 20
SCALE = 1
SEED = 1234
# SINTEF_SOLUTION_FILE = 
STOP_AT_OPTIMUM = YES
SUBGRADIENT = YES
# SUBPROBLEM_SIZE =
# SUBPROBLEM_TOUR_FILE = 
SUBSEQUENT_MOVE_TYPE = 5 SPECIAL
SUBSEQUENT_PATCHING = YES
# TIME_LIMIT =
# TOUR_FILE = 
TRACE_LEVEL = 1
VEHICLES = 20

Lower bound = 28811382.8, Ascent time = 3.08 sec.
Cand.min = 5, Cand.avg = 5.0, Cand.max = 5
Edges.fixed = 520 [Cost = 0]
Preprocessing time = 3.17 sec.
* 1: Cost = 757871_59582157, Time = 4.16 sec. 
-Trial 1 757871 59582157 7.334199
-Trial 2 757871 59582157 7.671888
-Trial 3 757871 59582157 8.287048
* 4: Cost = 757871_58346907, Time = 5.45 sec. 
-Trial 4 757871 58346907 8.624463
-Trial 5 757871 58346907 8.643492
* 6: Cost = 757871_58076359, Time = 5.52 sec. 
-Trial 6 757871 58076359 8.695279
-Trial 7 757871 58076359 8.827057
-Trial 8 757871 58076359 8.867045
-Trial 9 757871 58076359 8.925523
* 10: Cost = 757871_57032105, Time = 5.86 sec. 
-Trial 10 757871 57032105 9.029648
-Trial 11 757871 57032105 9.441499
* 12: Cost = 757871_56966088, Time = 6.31 sec. 
-Trial 12 757871 56966088 9.481203
* 13: Cost = 757871_56658256, Time = 6.35 sec. 
-Trial 13 757871 56658256 9.523517
-Trial 14 757871 56658256 9.601416
* 15: Cost = 757871_56640551, Time = 6.45 sec. 
-Trial 15 757871 56640551 9.623287
* 16: Cost = 757871_55981507, Time = 6.55 sec. 
-Trial 16 757871 55981507 9.715899
-Trial 17 757871 55981507 9.730981
-Trial 18 757871 55981507 9.912048
-Trial 19 757871 55981507 9.954523
-Trial 20 757871 55981507 9.963131
* 21: Cost = 757871_55685795, Time = 6.97 sec. 
-Trial 21 757871 55685795 10.143391
* 22: Cost = 757871_55452942, Time = 7.19 sec. 
-Trial 22 757871 55452942 10.360784
* 23: Cost = 757871_55388035, Time = 7.28 sec. 
-Trial 23 757871 55388035 10.453054
-Trial 24 757871 55388035 10.530470
-Trial 25 757871 55388035 10.760249
* 26: Cost = 757871_55033212, Time = 7.69 sec. 
-Trial 26 757871 55033212 10.865409
-Trial 27 757871 55033212 10.955181
* 28: Cost = 757871_54666618, Time = 7.82 sec. 
-Trial 28 757871 54666618 10.987271
-Trial 29 757871 54666618 11.048167
-Trial 30 757871 54666618 11.081055
-Trial 31 757871 54666618 11.128937
-Trial 32 757871 54666618 11.263675
-Trial 33 757871 54666618 11.344059
-Trial 34 757871 54666618 11.523483
* 35: Cost = 757871_54362647, Time = 8.40 sec. 
-Trial 35 757871 54362647 11.566033
-Trial 36 757871 54362647 11.726413
* 37: Cost = 757871_54297304, Time = 8.63 sec. 
-Trial 37 757871 54297304 11.798245
* 38: Cost = 757871_54248983, Time = 8.67 sec. 
-Trial 38 757871 54248983 11.841419
* 39: Cost = 757871_54234301, Time = 8.70 sec. 
-Trial 39 757871 54234301 11.872908
* 40: Cost = 757871_54224341, Time = 8.75 sec. 
-Trial 40 757871 54224341 11.921220
* 41: Cost = 757871_53639552, Time = 8.77 sec. 
-Trial 41 757871 53639552 11.944362
-Trial 42 757871 53639552 11.956557
-Trial 43 757871 53639552 12.015451
* 44: Cost = 757871_53606639, Time = 8.87 sec. 
-Trial 44 757871 53606639 12.043111
-Trial 45 757871 53606639 12.382222
-Trial 46 757871 53606639 12.472102
-Trial 47 757871 53606639 12.510041
* 48: Cost = 757871_53559395, Time = 9.45 sec. 
-Trial 48 757871 53559395 12.621251
* 49: Cost = 757871_53440826, Time = 9.46 sec. 
-Trial 49 757871 53440826 12.634525
-Trial 50 757871 53440826 12.712264
-Trial 51 757871 53440826 12.714038
-Trial 52 757871 53440826 12.744799
-Trial 53 757871 53440826 12.777845
* 54: Cost = 757871_53102773, Time = 9.65 sec. 
-Trial 54 757871 53102773 12.818600
* 55: Cost = 757871_52483450, Time = 9.72 sec. 
-Trial 55 757871 52483450 12.886539
-Trial 56 757871 52483450 12.918764
* 57: Cost = 757871_52479641, Time = 9.87 sec. 
-Trial 57 757871 52479641 13.040812
-Trial 58 757871 52479641 13.059030
-Trial 59 757871 52479641 13.096248
-Trial 60 757871 52479641 13.293194
-Trial 61 757871 52479641 13.344346
-Trial 62 757871 52479641 13.395798
* 63: Cost = 757871_52462203, Time = 10.29 sec. 
-Trial 63 757871 52462203 13.461729
* 64: Cost = 757871_52455617, Time = 10.33 sec. 
-Trial 64 757871 52455617 13.499700
* 65: Cost = 757871_52366143, Time = 10.36 sec. 
-Trial 65 757871 52366143 13.531792
-Trial 66 757871 52366143 13.568155
* 67: Cost = 757871_52255912, Time = 10.45 sec. 
-Trial 67 757871 52255912 13.616034
* 68: Cost = 757871_52240647, Time = 10.55 sec. 
-Trial 68 757871 52240647 13.720147
-Trial 69 757871 52240647 13.720569
-Trial 70 757871 52240647 13.824424
* 71: Cost = 757871_52205672, Time = 10.68 sec. 
-Trial 71 757871 52205672 13.853032
-Trial 72 757871 52205672 13.936205
-Trial 73 757871 52205672 14.035042
-Trial 74 757871 52205672 14.035530
-Trial 75 757871 52205672 14.125555
-Trial 76 757871 52205672 14.270486
* 77: Cost = 757871_52178283, Time = 11.11 sec. 
-Trial 77 757871 52178283 14.284074
-Trial 78 757871 52178283 14.351271
* 79: Cost = 757871_51957457, Time = 11.29 sec. 
-Trial 79 757871 51957457 14.457050
-Trial 80 757871 51957457 14.689488
-Trial 81 757871 51957457 14.760582
-Trial 82 757871 51957457 14.786127
* 83: Cost = 757871_51678393, Time = 11.66 sec. 
-Trial 83 757871 51678393 14.830806
-Trial 84 757871 51678393 14.840060
* 85: Cost = 757871_51653254, Time = 11.73 sec. 
-Trial 85 757871 51653254 14.896560
-Trial 86 757871 51653254 15.046064
-Trial 87 757871 51653254 15.080630
-Trial 88 757871 51653254 15.127520
-Trial 89 757871 51653254 15.154141
* 90: Cost = 757871_51578847, Time = 12.07 sec. 
-Trial 90 757871 51578847 15.241865
-Trial 91 757871 51578847 15.287939
-Trial 92 757871 51578847 15.466628
-Trial 93 757871 51578847 15.556685
-Trial 94 757871 51578847 15.863403
-Trial 95 757871 51578847 15.897028
* 96: Cost = 757871_51549846, Time = 12.83 sec. 
-Trial 96 757871 51549846 16.003702
* 97: Cost = 757871_51092037, Time = 12.90 sec. 
-Trial 97 757871 51092037 16.073804
* 98: Cost = 757871_50735428, Time = 12.95 sec. 
-Trial 98 757871 50735428 16.116803
-Trial 99 757871 50735428 16.154549
-Trial 100 757871 50735428 16.202828
* 101: Cost = 757871_50729359, Time = 13.16 sec. 
-Trial 101 757871 50729359 16.335571
* 102: Cost = 757871_50654265, Time = 13.22 sec. 
-Trial 102 757871 50654265 16.388931
-Trial 103 757871 50654265 16.389853
-Trial 104 757871 50654265 16.448255
* 105: Cost = 0_51344368, Time = 13.49 sec. 
-Trial 105 0 51344368 16.656824
-Trial 106 0 51344368 16.700387
-Trial 107 0 51344368 16.776071
-Trial 108 0 51344368 16.780480
* 109: Cost = 0_51310306, Time = 13.65 sec. 
-Trial 109 0 51310306 16.820172
-Trial 110 0 51310306 16.835591
-Trial 111 0 51310306 16.838633
* 112: Cost = 0_51174697, Time = 13.96 sec. 
-Trial 112 0 51174697 17.129238
-Trial 113 0 51174697 17.153113
* 114: Cost = 0_51160547, Time = 14.04 sec. 
-Trial 114 0 51160547 17.213153
* 115: Cost = 0_50940052, Time = 14.08 sec. 
-Trial 115 0 50940052 17.251871
* 116: Cost = 0_50891625, Time = 14.11 sec. 
-Trial 116 0 50891625 17.285465
-Trial 117 0 50891625 17.292293
* 118: Cost = 0_50780887, Time = 14.16 sec. 
-Trial 118 0 50780887 17.325811
-Trial 119 0 50780887 17.340357
-Trial 120 0 50780887 17.410291
-Trial 121 0 50780887 17.435291
-Trial 122 0 50780887 17.437197
-Trial 123 0 50780887 17.447119
-Trial 124 0 50780887 17.475666
* 125: Cost = 0_50608052, Time = 14.31 sec. 
-Trial 125 0 50608052 17.481690
-Trial 126 0 50608052 17.508826
-Trial 127 0 50608052 17.514589
* 128: Cost = 0_50235668, Time = 14.37 sec. 
-Trial 128 0 50235668 17.540126
-Trial 129 0 50235668 17.545504
-Trial 130 0 50235668 17.557113
* 131: Cost = 0_50176097, Time = 14.44 sec. 
-Trial 131 0 50176097 17.605956
-Trial 132 0 50176097 17.631933
-Trial 133 0 50176097 17.634825
* 134: Cost = 0_50172650, Time = 14.56 sec. 
-Trial 134 0 50172650 17.728995
* 135: Cost = 0_50157374, Time = 14.64 sec. 
-Trial 135 0 50157374 17.806935
* 136: Cost = 0_50101435, Time = 14.64 sec. 
-Trial 136 0 50101435 17.815244
* 137: Cost = 0_50098239, Time = 14.65 sec. 
-Trial 137 0 50098239 17.821365
-Trial 138 0 50098239 17.851944
* 139: Cost = 0_50028348, Time = 14.70 sec. 
-Trial 139 0 50028348 17.866793
-Trial 140 0 50028348 17.884780
-Trial 141 0 50028348 17.913411
-Trial 142 0 50028348 17.984380
-Trial 143 0 50028348 18.032169
-Trial 144 0 50028348 18.057154
-Trial 145 0 50028348 18.058514
-Trial 146 0 50028348 18.079512
-Trial 147 0 50028348 18.088823
-Trial 148 0 50028348 18.255035
-Trial 149 0 50028348 18.274861
* 150: Cost = 0_50019336, Time = 15.11 sec. 
-Trial 150 0 50019336 18.283586
-Trial 151 0 50019336 18.284805
-Trial 152 0 50019336 18.318095
-Trial 153 0 50019336 18.333344
-Trial 154 0 50019336 18.372546
-Trial 155 0 50019336 18.400935
-Trial 156 0 50019336 18.419463
-Trial 157 0 50019336 18.422113
-Trial 158 0 50019336 18.455212
-Trial 159 0 50019336 18.471904
-Trial 160 0 50019336 18.526925
-Trial 161 0 50019336 18.537212
-Trial 162 0 50019336 18.750306
-Trial 163 0 50019336 18.791416
-Trial 164 0 50019336 18.876879
* 165: Cost = 0_49719195, Time = 15.72 sec. 
-Trial 165 0 49719195 18.886249
-Trial 166 0 49719195 18.938160
-Trial 167 0 49719195 18.955318
-Trial 168 0 49719195 18.965564
-Trial 169 0 49719195 19.040780
-Trial 170 0 49719195 19.105240
-Trial 171 0 49719195 19.156961
* 172: Cost = 0_49690344, Time = 16.02 sec. 
-Trial 172 0 49690344 19.189059
-Trial 173 0 49690344 19.226960
-Trial 174 0 49690344 19.247929
-Trial 175 0 49690344 19.387433
* 176: Cost = 0_49646367, Time = 16.26 sec. 
-Trial 176 0 49646367 19.429230
-Trial 177 0 49646367 19.432028
-Trial 178 0 49646367 19.450491
-Trial 179 0 49646367 19.454243
-Trial 180 0 49646367 19.473884
-Trial 181 0 49646367 19.531200
-Trial 182 0 49646367 19.556140
-Trial 183 0 49646367 19.573743
-Trial 184 0 49646367 19.599538
-Trial 185 0 49646367 19.880213
-Trial 186 0 49646367 19.891515
* 187: Cost = 0_49327363, Time = 16.73 sec. 
-Trial 187 0 49327363 19.897155
-Trial 188 0 49327363 19.903924
-Trial 189 0 49327363 19.974069
* 190: Cost = 0_49186101, Time = 16.86 sec. 
-Trial 190 0 49186101 20.026603
-Trial 191 0 49186101 20.049105
-Trial 192 0 49186101 20.065221
-Trial 193 0 49186101 20.081077
* 194: Cost = 0_49151695, Time = 16.93 sec. 
-Trial 194 0 49151695 20.101826
-Trial 195 0 49151695 20.121993
-Trial 196 0 49151695 20.179295
-Trial 197 0 49151695 20.196741
-Trial 198 0 49151695 20.269443
-Trial 199 0 49151695 20.277917
* 200: Cost = 0_49117810, Time = 17.11 sec. 
-Trial 200 0 49117810 20.280773
-Trial 201 0 49117810 20.284106
-Trial 202 0 49117810 20.379442
-Trial 203 0 49117810 20.419005
* 204: Cost = 0_49103589, Time = 17.27 sec. 
-Trial 204 0 49103589 20.437341
-Trial 205 0 49103589 20.463266
-Trial 206 0 49103589 20.474634
-Trial 207 0 49103589 20.481939
-Trial 208 0 49103589 20.482974
-Trial 209 0 49103589 20.485662
-Trial 210 0 49103589 20.496168
-Trial 211 0 49103589 20.511740
-Trial 212 0 49103589 20.515784
* 213: Cost = 0_48695641, Time = 17.59 sec. 
-Trial 213 0 48695641 20.760437
-Trial 214 0 48695641 20.813816
-Trial 215 0 48695641 20.870550
-Trial 216 0 48695641 20.922341
* 217: Cost = 0_48615035, Time = 17.77 sec. 
-Trial 217 0 48615035 20.936571
-Trial 218 0 48615035 20.943507
-Trial 219 0 48615035 20.945140
* 220: Cost = 0_48607441, Time = 17.79 sec. 
-Trial 220 0 48607441 20.957711
-Trial 221 0 48607441 20.967916
* 222: Cost = 0_48599917, Time = 17.86 sec. 
-Trial 222 0 48599917 21.034142
-Trial 223 0 48599917 21.037731
-Trial 224 0 48599917 21.076253
-Trial 225 0 48599917 21.121951
-Trial 226 0 48599917 21.153386
-Trial 227 0 48599917 21.224103
-Trial 228 0 48599917 21.237430
-Trial 229 0 48599917 21.255538
* 230: Cost = 0_48545948, Time = 18.18 sec. 
-Trial 230 0 48545948 21.355108
* 231: Cost = 0_48541084, Time = 18.19 sec. 
-Trial 231 0 48541084 21.359293
-Trial 232 0 48541084 21.407149
-Trial 233 0 48541084 21.425665
-Trial 234 0 48541084 21.431966
* 235: Cost = 0_48433996, Time = 18.31 sec. 
-Trial 235 0 48433996 21.483381
-Trial 236 0 48433996 21.560044
-Trial 237 0 48433996 21.563082
-Trial 238 0 48433996 21.596146
-Trial 239 0 48433996 21.626790
* 240: Cost = 0_48338111, Time = 18.47 sec. 
-Trial 240 0 48338111 21.645126
* 241: Cost = 0_48329173, Time = 18.48 sec. 
-Trial 241 0 48329173 21.647929
-Trial 242 0 48329173 21.651152
-Trial 243 0 48329173 21.677233
-Trial 244 0 48329173 21.724396
-Trial 245 0 48329173 21.728252
-Trial 246 0 48329173 21.745539
-Trial 247 0 48329173 21.776837
-Trial 248 0 48329173 21.914595
-Trial 249 0 48329173 21.983841
-Trial 250 0 48329173 22.045894
-Trial 251 0 48329173 22.049697
-Trial 252 0 48329173 22.068949
-Trial 253 0 48329173 22.091871
-Trial 254 0 48329173 22.146054
-Trial 255 0 48329173 22.233855
-Trial 256 0 48329173 22.276851
-Trial 257 0 48329173 22.313719
-Trial 258 0 48329173 22.322455
-Trial 259 0 48329173 22.354496
-Trial 260 0 48329173 22.369315
* 261: Cost = 0_48224919, Time = 19.28 sec. 
-Trial 261 0 48224919 22.447125
-Trial 262 0 48224919 22.470617
-Trial 263 0 48224919 22.502570
-Trial 264 0 48224919 22.519721
* 265: Cost = 0_48221697, Time = 19.36 sec. 
-Trial 265 0 48221697 22.528103
-Trial 266 0 48221697 22.552796
-Trial 267 0 48221697 22.560593
-Trial 268 0 48221697 22.566395
-Trial 269 0 48221697 22.634306
-Trial 270 0 48221697 22.667232
-Trial 271 0 48221697 22.693160
-Trial 272 0 48221697 22.705736
-Trial 273 0 48221697 22.736480
-Trial 274 0 48221697 22.737655
-Trial 275 0 48221697 22.757374
-Trial 276 0 48221697 22.777143
-Trial 277 0 48221697 22.789719
-Trial 278 0 48221697 22.825744
-Trial 279 0 48221697 22.849821
-Trial 280 0 48221697 22.850202
-Trial 281 0 48221697 22.863846
* 282: Cost = 0_48197722, Time = 19.70 sec. 
-Trial 282 0 48197722 22.872222
-Trial 283 0 48197722 22.892885
-Trial 284 0 48197722 22.896130
-Trial 285 0 48197722 22.915026
-Trial 286 0 48197722 22.923610
-Trial 287 0 48197722 22.931697
* 288: Cost = 0_48085256, Time = 19.78 sec. 
-Trial 288 0 48085256 22.953442
* 289: Cost = 0_47841698, Time = 19.91 sec. 
-Trial 289 0 47841698 23.081725
-Trial 290 0 47841698 23.085293
-Trial 291 0 47841698 23.105000
-Trial 292 0 47841698 23.159304
-Trial 293 0 47841698 23.568506
-Trial 294 0 47841698 23.613107
-Trial 295 0 47841698 23.635110
-Trial 296 0 47841698 23.713190
-Trial 297 0 47841698 23.896288
-Trial 298 0 47841698 23.905842
-Trial 299 0 47841698 23.913756
-Trial 300 0 47841698 23.928530
-Trial 301 0 47841698 23.957365
-Trial 302 0 47841698 23.989869
-Trial 303 0 47841698 24.000817
-Trial 304 0 47841698 24.012196
* 305: Cost = 0_47833240, Time = 20.85 sec. 
-Trial 305 0 47833240 24.024493
* 306: Cost = 0_47775708, Time = 20.87 sec. 
-Trial 306 0 47775708 24.036893
* 307: Cost = 0_47718110, Time = 20.90 sec. 
-Trial 307 0 47718110 24.071046
-Trial 308 0 47718110 24.100815
-Trial 309 0 47718110 24.150333
-Trial 310 0 47718110 24.163675
-Trial 311 0 47718110 24.164184
-Trial 312 0 47718110 24.170361
* 313: Cost = 0_47700832, Time = 21.02 sec. 
-Trial 313 0 47700832 24.192603
-Trial 314 0 47700832 24.201714
-Trial 315 0 47700832 24.214711
-Trial 316 0 47700832 24.233984
-Trial 317 0 47700832 24.352652
-Trial 318 0 47700832 24.353839
-Trial 319 0 47700832 24.373303
-Trial 320 0 47700832 24.420116
-Trial 321 0 47700832 24.444155
-Trial 322 0 47700832 24.454909
-Trial 323 0 47700832 24.476659
-Trial 324 0 47700832 24.480735
-Trial 325 0 47700832 24.517836
* 326: Cost = 0_47697645, Time = 21.36 sec. 
-Trial 326 0 47697645 24.526904
* 327: Cost = 0_47556877, Time = 21.39 sec. 
-Trial 327 0 47556877 24.558087
-Trial 328 0 47556877 24.561949
-Trial 329 0 47556877 24.589575
-Trial 330 0 47556877 24.623634
-Trial 331 0 47556877 24.649549
-Trial 332 0 47556877 24.718167
-Trial 333 0 47556877 24.755590
-Trial 334 0 47556877 24.771378
-Trial 335 0 47556877 24.807129
-Trial 336 0 47556877 24.887365
-Trial 337 0 47556877 24.942696
-Trial 338 0 47556877 24.952003
-Trial 339 0 47556877 24.980654
-Trial 340 0 47556877 25.216189
-Trial 341 0 47556877 25.237559
-Trial 342 0 47556877 25.309958
-Trial 343 0 47556877 25.435770
-Trial 344 0 47556877 25.455755
-Trial 345 0 47556877 25.468715
-Trial 346 0 47556877 25.472918
-Trial 347 0 47556877 25.518816
-Trial 348 0 47556877 25.598386
-Trial 349 0 47556877 25.616719
-Trial 350 0 47556877 25.638394
-Trial 351 0 47556877 25.649241
-Trial 352 0 47556877 25.650272
-Trial 353 0 47556877 25.657993
-Trial 354 0 47556877 25.678339
-Trial 355 0 47556877 25.690631
-Trial 356 0 47556877 25.702799
-Trial 357 0 47556877 25.709674
-Trial 358 0 47556877 25.726797
-Trial 359 0 47556877 25.733863
-Trial 360 0 47556877 25.771957
-Trial 361 0 47556877 25.787772
-Trial 362 0 47556877 25.834540
* 363: Cost = 0_47551563, Time = 22.73 sec. 
-Trial 363 0 47551563 25.897299
-Trial 364 0 47551563 25.908592
-Trial 365 0 47551563 25.919229
-Trial 366 0 47551563 25.925300
* 367: Cost = 0_47392625, Time = 22.81 sec. 
-Trial 367 0 47392625 25.975809
* 368: Cost = 0_47391192, Time = 22.83 sec. 
-Trial 368 0 47391192 25.997146
-Trial 369 0 47391192 26.018598
-Trial 370 0 47391192 26.134581
-Trial 371 0 47391192 26.181151
-Trial 372 0 47391192 26.185545
-Trial 373 0 47391192 26.226743
-Trial 374 0 47391192 26.246895
-Trial 375 0 47391192 26.252139
-Trial 376 0 47391192 26.269932
-Trial 377 0 47391192 26.272749
-Trial 378 0 47391192 26.294489
-Trial 379 0 47391192 26.304257
-Trial 380 0 47391192 26.439231
-Trial 381 0 47391192 26.452323
-Trial 382 0 47391192 26.591321
-Trial 383 0 47391192 26.593909
* 384: Cost = 0_47377539, Time = 23.43 sec. 
-Trial 384 0 47377539 26.599398
-Trial 385 0 47377539 26.611844
-Trial 386 0 47377539 26.619426
* 387: Cost = 0_47369504, Time = 23.55 sec. 
-Trial 387 0 47369504 26.717118
-Trial 388 0 47369504 26.777880
-Trial 389 0 47369504 26.795740
-Trial 390 0 47369504 26.798912
-Trial 391 0 47369504 26.819194
-Trial 392 0 47369504 26.825222
* 393: Cost = 0_47363274, Time = 23.68 sec. 
-Trial 393 0 47363274 26.847831
-Trial 394 0 47363274 26.860319
-Trial 395 0 47363274 26.880964
-Trial 396 0 47363274 26.895534
-Trial 397 0 47363274 26.914681
-Trial 398 0 47363274 26.949074
* 399: Cost = 0_47323571, Time = 23.79 sec. 
-Trial 399 0 47323571 26.957058
-Trial 400 0 47323571 26.963122
-Trial 401 0 47323571 26.989092
* 402: Cost = 0_46974458, Time = 23.85 sec. 
-Trial 402 0 46974458 27.017520
-Trial 403 0 46974458 27.046983
-Trial 404 0 46974458 27.147489
-Trial 405 0 46974458 27.161182
-Trial 406 0 46974458 27.238837
-Trial 407 0 46974458 27.247733
-Trial 408 0 46974458 27.277477
-Trial 409 0 46974458 27.283101
-Trial 410 0 46974458 27.353961
-Trial 411 0 46974458 27.401187
-Trial 412 0 46974458 27.409962
-Trial 413 0 46974458 27.629417
-Trial 414 0 46974458 27.641172
-Trial 415 0 46974458 27.656030
-Trial 416 0 46974458 27.680766
-Trial 417 0 46974458 27.684722
-Trial 418 0 46974458 27.695814
-Trial 419 0 46974458 27.733532
-Trial 420 0 46974458 27.778600
-Trial 421 0 46974458 27.842982
-Trial 422 0 46974458 27.907681
-Trial 423 0 46974458 27.968600
-Trial 424 0 46974458 27.978613
-Trial 425 0 46974458 27.998612
-Trial 426 0 46974458 28.066295
-Trial 427 0 46974458 28.114328
-Trial 428 0 46974458 28.153638
-Trial 429 0 46974458 28.172262
-Trial 430 0 46974458 28.172690
-Trial 431 0 46974458 28.195583
-Trial 432 0 46974458 28.271621
-Trial 433 0 46974458 28.298375
-Trial 434 0 46974458 28.313795
-Trial 435 0 46974458 28.452632
-Trial 436 0 46974458 28.457970
-Trial 437 0 46974458 28.470772
-Trial 438 0 46974458 28.478996
-Trial 439 0 46974458 28.503881
-Trial 440 0 46974458 28.537954
* 441: Cost = 0_46909332, Time = 25.41 sec. 
-Trial 441 0 46909332 28.580256
-Trial 442 0 46909332 28.629689
-Trial 443 0 46909332 28.634499
-Trial 444 0 46909332 28.637066
-Trial 445 0 46909332 28.637629
-Trial 446 0 46909332 28.652036
-Trial 447 0 46909332 28.806654
-Trial 448 0 46909332 28.819797
-Trial 449 0 46909332 28.853813
-Trial 450 0 46909332 28.857051
-Trial 451 0 46909332 28.860980
-Trial 452 0 46909332 28.867161
-Trial 453 0 46909332 28.892273
-Trial 454 0 46909332 28.913760
-Trial 455 0 46909332 29.068519
-Trial 456 0 46909332 29.098724
-Trial 457 0 46909332 29.116421
-Trial 458 0 46909332 29.128253
-Trial 459 0 46909332 29.142808
-Trial 460 0 46909332 29.166505
-Trial 461 0 46909332 29.186770
-Trial 462 0 46909332 29.198041
-Trial 463 0 46909332 29.204790
-Trial 464 0 46909332 29.207325
-Trial 465 0 46909332 29.225772
-Trial 466 0 46909332 29.233018
-Trial 467 0 46909332 29.253522
-Trial 468 0 46909332 29.278858
-Trial 469 0 46909332 29.341944
-Trial 470 0 46909332 29.457202
-Trial 471 0 46909332 29.488269
-Trial 472 0 46909332 29.546248
-Trial 473 0 46909332 29.649103
-Trial 474 0 46909332 29.663841
-Trial 475 0 46909332 29.682790
-Trial 476 0 46909332 29.691933
-Trial 477 0 46909332 29.697181
-Trial 478 0 46909332 29.708827
-Trial 479 0 46909332 29.781551
-Trial 480 0 46909332 29.880672
-Trial 481 0 46909332 29.905011
-Trial 482 0 46909332 29.950678
-Trial 483 0 46909332 29.996559
-Trial 484 0 46909332 29.999365
-Trial 485 0 46909332 30.029876
-Trial 486 0 46909332 30.178818
-Trial 487 0 46909332 30.219735
-Trial 488 0 46909332 30.234488
-Trial 489 0 46909332 30.278081
-Trial 490 0 46909332 30.288579
-Trial 491 0 46909332 30.301451
-Trial 492 0 46909332 30.367301
-Trial 493 0 46909332 30.398055
-Trial 494 0 46909332 30.410837
-Trial 495 0 46909332 30.498483
-Trial 496 0 46909332 30.504887
-Trial 497 0 46909332 30.538905
-Trial 498 0 46909332 30.548633
-Trial 499 0 46909332 30.561130
-Trial 500 0 46909332 30.587676
-Trial 501 0 46909332 30.622959
-Trial 502 0 46909332 30.657834
* 503: Cost = 0_46892908, Time = 27.59 sec. 
-Trial 503 0 46892908 30.765295
-Trial 504 0 46892908 30.800284
-Trial 505 0 46892908 30.820239
-Trial 506 0 46892908 30.855668
* 507: Cost = 0_46867503, Time = 27.77 sec. 
-Trial 507 0 46867503 30.943598
-Trial 508 0 46867503 30.947328
-Trial 509 0 46867503 30.953517
-Trial 510 0 46867503 30.971287
-Trial 511 0 46867503 31.153775
-Trial 512 0 46867503 31.157216
-Trial 513 0 46867503 31.163071
-Trial 514 0 46867503 31.188287
-Trial 515 0 46867503 31.198795
* 516: Cost = 0_46856405, Time = 28.05 sec. 
-Trial 516 0 46856405 31.218339
-Trial 517 0 46856405 31.248456
-Trial 518 0 46856405 31.279504
-Trial 519 0 46856405 31.288618
-Trial 520 0 46856405 31.308862
-Trial 521 0 46856405 31.349055
-Trial 522 0 46856405 31.363572
-Trial 523 0 46856405 31.412023
-Trial 524 0 46856405 31.538608
-Trial 525 0 46856405 31.585313
-Trial 526 0 46856405 31.592483
-Trial 527 0 46856405 31.644210
-Trial 528 0 46856405 31.654028
-Trial 529 0 46856405 31.670362
-Trial 530 0 46856405 31.695070
-Trial 531 0 46856405 31.717714
-Trial 532 0 46856405 31.729425
-Trial 533 0 46856405 31.769873
-Trial 534 0 46856405 31.785503
-Trial 535 0 46856405 31.787102
-Trial 536 0 46856405 31.807412
-Trial 537 0 46856405 31.812562
-Trial 538 0 46856405 31.876903
-Trial 539 0 46856405 31.924460
-Trial 540 0 46856405 31.932061
-Trial 541 0 46856405 31.962793
-Trial 542 0 46856405 31.993085
-Trial 543 0 46856405 32.005686
-Trial 544 0 46856405 32.007874
-Trial 545 0 46856405 32.051200
-Trial 546 0 46856405 32.059282
-Trial 547 0 46856405 32.083542
-Trial 548 0 46856405 32.128555
-Trial 549 0 46856405 32.147654
-Trial 550 0 46856405 32.165660
-Trial 551 0 46856405 32.182676
-Trial 552 0 46856405 32.205869
-Trial 553 0 46856405 32.224594
-Trial 554 0 46856405 32.241273
-Trial 555 0 46856405 32.324415
-Trial 556 0 46856405 32.338243
-Trial 557 0 46856405 32.357228
-Trial 558 0 46856405 32.374978
-Trial 559 0 46856405 32.396155
-Trial 560 0 46856405 32.398579
-Trial 561 0 46856405 32.431401
-Trial 562 0 46856405 32.470423
-Trial 563 0 46856405 32.504944
* 564: Cost = 0_46856257, Time = 29.34 sec. 
-Trial 564 0 46856257 32.515502
-Trial 565 0 46856257 32.519445
-Trial 566 0 46856257 32.530013
-Trial 567 0 46856257 32.543806
-Trial 568 0 46856257 32.547326
-Trial 569 0 46856257 32.552387
-Trial 570 0 46856257 32.561664
-Trial 571 0 46856257 32.635936
-Trial 572 0 46856257 32.638966
-Trial 573 0 46856257 32.706525
-Trial 574 0 46856257 32.733716
-Trial 575 0 46856257 32.745810
-Trial 576 0 46856257 32.762842
-Trial 577 0 46856257 32.783819
-Trial 578 0 46856257 32.795211
-Trial 579 0 46856257 33.112406
-Trial 580 0 46856257 33.121436
-Trial 581 0 46856257 33.148201
-Trial 582 0 46856257 33.174864
-Trial 583 0 46856257 33.190420
-Trial 584 0 46856257 33.344200
-Trial 585 0 46856257 33.357856
-Trial 586 0 46856257 33.363674
-Trial 587 0 46856257 33.378637
-Trial 588 0 46856257 33.388632
-Trial 589 0 46856257 33.524944
-Trial 590 0 46856257 33.571988
-Trial 591 0 46856257 33.587485
-Trial 592 0 46856257 33.624298
-Trial 593 0 46856257 33.675567
-Trial 594 0 46856257 33.688597
-Trial 595 0 46856257 33.708438
-Trial 596 0 46856257 33.775626
-Trial 597 0 46856257 33.778902
-Trial 598 0 46856257 33.827679
-Trial 599 0 46856257 33.828976
-Trial 600 0 46856257 33.843196
-Trial 601 0 46856257 33.851891
-Trial 602 0 46856257 33.904690
-Trial 603 0 46856257 33.939127
-Trial 604 0 46856257 33.967278
-Trial 605 0 46856257 33.970223
-Trial 606 0 46856257 33.990560
-Trial 607 0 46856257 34.077421
-Trial 608 0 46856257 34.117053
-Trial 609 0 46856257 34.143698
-Trial 610 0 46856257 34.158931
-Trial 611 0 46856257 34.166684
-Trial 612 0 46856257 34.193159
-Trial 613 0 46856257 34.205897
-Trial 614 0 46856257 34.218493
-Trial 615 0 46856257 34.238993
-Trial 616 0 46856257 34.241920
-Trial 617 0 46856257 34.257617
-Trial 618 0 46856257 34.272724
-Trial 619 0 46856257 34.287010
-Trial 620 0 46856257 34.317836
-Trial 621 0 46856257 34.353444
-Trial 622 0 46856257 34.398115
-Trial 623 0 46856257 34.405326
-Trial 624 0 46856257 34.424662
-Trial 625 0 46856257 34.496790
-Trial 626 0 46856257 34.544984
-Trial 627 0 46856257 34.596585
-Trial 628 0 46856257 34.662168
-Trial 629 0 46856257 34.675329
-Trial 630 0 46856257 34.696314
-Trial 631 0 46856257 34.720367
-Trial 632 0 46856257 34.726962
-Trial 633 0 46856257 34.735053
-Trial 634 0 46856257 34.754303
-Trial 635 0 46856257 34.790840
-Trial 636 0 46856257 34.843078
-Trial 637 0 46856257 34.855391
-Trial 638 0 46856257 34.871634
-Trial 639 0 46856257 34.876901
-Trial 640 0 46856257 34.892926
-Trial 641 0 46856257 34.895088
-Trial 642 0 46856257 34.957215
-Trial 643 0 46856257 35.024876
-Trial 644 0 46856257 35.029709
-Trial 645 0 46856257 35.036853
-Trial 646 0 46856257 35.076929
-Trial 647 0 46856257 35.130320
-Trial 648 0 46856257 35.141812
-Trial 649 0 46856257 35.158041
-Trial 650 0 46856257 35.167590
-Trial 651 0 46856257 35.193735
-Trial 652 0 46856257 35.197660
-Trial 653 0 46856257 35.250218
-Trial 654 0 46856257 35.295655
-Trial 655 0 46856257 35.394034
-Trial 656 0 46856257 35.409864
-Trial 657 0 46856257 35.517621
-Trial 658 0 46856257 35.534626
-Trial 659 0 46856257 35.543023
-Trial 660 0 46856257 35.691313
-Trial 661 0 46856257 35.709089
-Trial 662 0 46856257 35.721146
-Trial 663 0 46856257 35.753054
-Trial 664 0 46856257 35.809771
-Trial 665 0 46856257 35.838393
-Trial 666 0 46856257 35.850569
-Trial 667 0 46856257 35.857524
-Trial 668 0 46856257 35.867694
-Trial 669 0 46856257 35.870078
-Trial 670 0 46856257 35.893093
-Trial 671 0 46856257 35.931924
-Trial 672 0 46856257 35.948929
-Trial 673 0 46856257 36.015266
-Trial 674 0 46856257 36.081762
-Trial 675 0 46856257 36.102471
-Trial 676 0 46856257 36.124863
-Trial 677 0 46856257 36.347331
-Trial 678 0 46856257 36.378874
-Trial 679 0 46856257 36.405381
-Trial 680 0 46856257 36.418843
-Trial 681 0 46856257 36.484590
-Trial 682 0 46856257 36.490017
-Trial 683 0 46856257 36.505578
-Trial 684 0 46856257 36.563040
-Trial 685 0 46856257 36.575291
-Trial 686 0 46856257 36.629466
-Trial 687 0 46856257 36.633317
-Trial 688 0 46856257 36.661399
-Trial 689 0 46856257 36.758546
-Trial 690 0 46856257 36.762945
-Trial 691 0 46856257 36.767654
-Trial 692 0 46856257 36.828000
* 693: Cost = 0_46847865, Time = 33.66 sec. 
-Trial 693 0 46847865 36.835016
-Trial 694 0 46847865 36.850397
-Trial 695 0 46847865 36.860421
-Trial 696 0 46847865 36.888094
-Trial 697 0 46847865 36.891428
-Trial 698 0 46847865 36.903880
-Trial 699 0 46847865 36.919125
-Trial 700 0 46847865 36.983773
-Trial 701 0 46847865 37.099889
-Trial 702 0 46847865 37.119778
-Trial 703 0 46847865 37.129711
-Trial 704 0 46847865 37.180574
-Trial 705 0 46847865 37.230200
-Trial 706 0 46847865 37.272547
-Trial 707 0 46847865 37.577429
-Trial 708 0 46847865 37.592969
-Trial 709 0 46847865 37.729173
-Trial 710 0 46847865 37.729794
-Trial 711 0 46847865 37.730187
-Trial 712 0 46847865 37.740935
-Trial 713 0 46847865 37.749310
-Trial 714 0 46847865 37.765796
-Trial 715 0 46847865 37.778910
-Trial 716 0 46847865 37.784431
-Trial 717 0 46847865 37.820299
-Trial 718 0 46847865 37.850616
-Trial 719 0 46847865 37.908856
-Trial 720 0 46847865 37.967074
-Trial 721 0 46847865 37.969262
-Trial 722 0 46847865 37.986478
-Trial 723 0 46847865 37.991512
-Trial 724 0 46847865 37.994854
-Trial 725 0 46847865 38.019624
-Trial 726 0 46847865 38.032280
-Trial 727 0 46847865 38.056888
* 728: Cost = 0_46831630, Time = 34.91 sec. 
-Trial 728 0 46831630 38.077665
-Trial 729 0 46831630 38.093043
-Trial 730 0 46831630 38.120510
-Trial 731 0 46831630 38.125269
-Trial 732 0 46831630 38.207297
-Trial 733 0 46831630 38.215070
-Trial 734 0 46831630 38.307617
-Trial 735 0 46831630 38.328645
-Trial 736 0 46831630 38.337993
-Trial 737 0 46831630 38.349897
-Trial 738 0 46831630 38.362398
-Trial 739 0 46831630 38.413718
-Trial 740 0 46831630 38.481148
-Trial 741 0 46831630 38.573803
-Trial 742 0 46831630 38.595239
-Trial 743 0 46831630 38.605591
-Trial 744 0 46831630 38.651565
-Trial 745 0 46831630 38.724228
-Trial 746 0 46831630 38.760256
-Trial 747 0 46831630 38.764749
-Trial 748 0 46831630 38.765629
-Trial 749 0 46831630 38.842849
-Trial 750 0 46831630 38.849235
-Trial 751 0 46831630 38.854796
-Trial 752 0 46831630 38.870472
-Trial 753 0 46831630 38.887419
-Trial 754 0 46831630 38.894024
-Trial 755 0 46831630 38.904264
-Trial 756 0 46831630 38.965334
* 757: Cost = 0_46829102, Time = 35.80 sec. 
-Trial 757 0 46829102 38.971206
-Trial 758 0 46829102 39.115521
-Trial 759 0 46829102 39.146281
-Trial 760 0 46829102 39.176185
* 761: Cost = 0_46731247, Time = 36.03 sec. 
-Trial 761 0 46731247 39.201962
-Trial 762 0 46731247 39.240071
-Trial 763 0 46731247 39.384642
-Trial 764 0 46731247 39.410201
-Trial 765 0 46731247 39.426012
-Trial 766 0 46731247 39.473482
-Trial 767 0 46731247 39.500729
-Trial 768 0 46731247 39.520593
-Trial 769 0 46731247 39.571161
-Trial 770 0 46731247 39.572378
-Trial 771 0 46731247 39.587033
-Trial 772 0 46731247 39.610649
-Trial 773 0 46731247 39.618197
-Trial 774 0 46731247 39.703392
-Trial 775 0 46731247 39.710737
-Trial 776 0 46731247 39.763491
-Trial 777 0 46731247 39.801785
-Trial 778 0 46731247 39.810960
-Trial 779 0 46731247 39.812546
-Trial 780 0 46731247 39.817083
* 781: Cost = 0_46675743, Time = 36.79 sec. 
-Trial 781 0 46675743 39.957094
-Trial 782 0 46675743 40.053837
-Trial 783 0 46675743 40.133892
-Trial 784 0 46675743 40.140579
-Trial 785 0 46675743 40.143463
-Trial 786 0 46675743 40.145020
-Trial 787 0 46675743 40.194788
-Trial 788 0 46675743 40.310189
-Trial 789 0 46675743 40.318754
-Trial 790 0 46675743 40.362974
-Trial 791 0 46675743 40.369085
-Trial 792 0 46675743 40.384760
-Trial 793 0 46675743 40.410951
-Trial 794 0 46675743 40.432516
-Trial 795 0 46675743 40.476962
-Trial 796 0 46675743 40.481067
-Trial 797 0 46675743 40.497774
-Trial 798 0 46675743 40.551001
-Trial 799 0 46675743 40.580591
-Trial 800 0 46675743 40.591210
-Trial 801 0 46675743 40.631200
-Trial 802 0 46675743 40.691775
-Trial 803 0 46675743 41.010762
-Trial 804 0 46675743 41.026746
-Trial 805 0 46675743 41.027203
-Trial 806 0 46675743 41.043231
-Trial 807 0 46675743 41.080449
-Trial 808 0 46675743 41.083749
-Trial 809 0 46675743 41.098563
-Trial 810 0 46675743 41.162758
-Trial 811 0 46675743 41.177426
* 812: Cost = 0_46673734, Time = 38.07 sec. 
-Trial 812 0 46673734 41.238876
-Trial 813 0 46673734 41.324342
-Trial 814 0 46673734 41.352474
-Trial 815 0 46673734 41.358924
-Trial 816 0 46673734 41.361885
-Trial 817 0 46673734 41.411522
-Trial 818 0 46673734 41.570906
-Trial 819 0 46673734 41.578729
-Trial 820 0 46673734 41.694015
-Trial 821 0 46673734 41.699328
* 822: Cost = 0_46673062, Time = 38.54 sec. 
-Trial 822 0 46673062 41.712091
* 823: Cost = 0_46639142, Time = 38.60 sec. 
-Trial 823 0 46639142 41.774644
-Trial 824 0 46639142 41.810039
-Trial 825 0 46639142 41.841363
-Trial 826 0 46639142 41.892298
-Trial 827 0 46639142 41.935684
* 828: Cost = 0_46595904, Time = 38.77 sec. 
-Trial 828 0 46595904 41.938130
-Trial 829 0 46595904 41.969086
-Trial 830 0 46595904 41.975503
-Trial 831 0 46595904 42.149526
-Trial 832 0 46595904 42.157452
-Trial 833 0 46595904 42.160684
-Trial 834 0 46595904 42.186332
-Trial 835 0 46595904 42.189541
-Trial 836 0 46595904 42.201890
-Trial 837 0 46595904 42.215749
-Trial 838 0 46595904 42.233276
-Trial 839 0 46595904 42.269990
-Trial 840 0 46595904 42.326149
-Trial 841 0 46595904 42.380433
-Trial 842 0 46595904 42.427177
-Trial 843 0 46595904 42.469883
-Trial 844 0 46595904 42.516405
-Trial 845 0 46595904 42.538197
-Trial 846 0 46595904 42.557220
-Trial 847 0 46595904 42.564721
-Trial 848 0 46595904 42.569513
-Trial 849 0 46595904 42.598327
-Trial 850 0 46595904 42.606071
-Trial 851 0 46595904 42.631158
-Trial 852 0 46595904 42.633894
-Trial 853 0 46595904 42.687567
-Trial 854 0 46595904 42.690140
-Trial 855 0 46595904 42.719733
-Trial 856 0 46595904 42.736272
-Trial 857 0 46595904 42.810276
-Trial 858 0 46595904 42.974106
-Trial 859 0 46595904 42.987769
-Trial 860 0 46595904 43.003385
-Trial 861 0 46595904 43.003865
-Trial 862 0 46595904 43.020780
-Trial 863 0 46595904 43.025102
-Trial 864 0 46595904 43.073583
-Trial 865 0 46595904 43.101963
-Trial 866 0 46595904 43.147705
-Trial 867 0 46595904 43.158772
-Trial 868 0 46595904 43.243893
-Trial 869 0 46595904 43.284483
-Trial 870 0 46595904 43.389320
* 871: Cost = 0_46483991, Time = 40.24 sec. 
-Trial 871 0 46483991 43.408908
-Trial 872 0 46483991 43.433296
-Trial 873 0 46483991 43.454594
-Trial 874 0 46483991 43.475413
-Trial 875 0 46483991 43.482918
-Trial 876 0 46483991 43.490935
-Trial 877 0 46483991 43.491885
-Trial 878 0 46483991 43.495105
-Trial 879 0 46483991 43.510462
-Trial 880 0 46483991 43.552635
-Trial 881 0 46483991 43.554764
-Trial 882 0 46483991 43.568161
-Trial 883 0 46483991 43.570197
* 884: Cost = 0_46413288, Time = 40.41 sec. 
-Trial 884 0 46413288 43.577410
-Trial 885 0 46413288 43.643841
-Trial 886 0 46413288 43.660371
-Trial 887 0 46413288 43.665639
-Trial 888 0 46413288 43.670092
-Trial 889 0 46413288 43.770712
-Trial 890 0 46413288 43.798686
-Trial 891 0 46413288 43.805346
-Trial 892 0 46413288 43.816275
-Trial 893 0 46413288 43.831159
-Trial 894 0 46413288 43.865508
-Trial 895 0 46413288 43.952919
-Trial 896 0 46413288 43.962818
* 897: Cost = 0_46350859, Time = 40.81 sec. 
-Trial 897 0 46350859 43.980976
-Trial 898 0 46350859 43.995586
-Trial 899 0 46350859 44.028112
-Trial 900 0 46350859 44.034386
-Trial 901 0 46350859 44.052173
-Trial 902 0 46350859 44.143789
-Trial 903 0 46350859 44.149739
-Trial 904 0 46350859 44.197985
-Trial 905 0 46350859 44.227104
* 906: Cost = 0_46329261, Time = 41.06 sec. 
-Trial 906 0 46329261 44.235050
-Trial 907 0 46329261 44.247041
-Trial 908 0 46329261 44.258765
-Trial 909 0 46329261 44.297490
-Trial 910 0 46329261 44.328542
-Trial 911 0 46329261 44.375439
-Trial 912 0 46329261 44.379400
-Trial 913 0 46329261 44.386150
-Trial 914 0 46329261 44.422003
* 915: Cost = 0_46227669, Time = 41.28 sec. 
-Trial 915 0 46227669 44.455513
-Trial 916 0 46227669 44.457116
-Trial 917 0 46227669 44.461218
-Trial 918 0 46227669 44.607758
-Trial 919 0 46227669 44.621904
-Trial 920 0 46227669 44.652199
-Trial 921 0 46227669 44.686630
-Trial 922 0 46227669 44.734358
-Trial 923 0 46227669 44.743106
-Trial 924 0 46227669 44.786205
-Trial 925 0 46227669 44.801459
-Trial 926 0 46227669 44.834845
-Trial 927 0 46227669 44.903027
-Trial 928 0 46227669 44.906715
-Trial 929 0 46227669 44.940119
-Trial 930 0 46227669 44.970277
-Trial 931 0 46227669 45.085209
-Trial 932 0 46227669 45.092762
-Trial 933 0 46227669 45.101301
-Trial 934 0 46227669 45.111013
-Trial 935 0 46227669 45.117476
-Trial 936 0 46227669 45.196155
-Trial 937 0 46227669 45.219356
-Trial 938 0 46227669 45.226450
-Trial 939 0 46227669 45.233228
-Trial 940 0 46227669 45.275104
-Trial 941 0 46227669 45.431770
-Trial 942 0 46227669 45.508467
-Trial 943 0 46227669 45.554097
-Trial 944 0 46227669 45.565733
-Trial 945 0 46227669 45.582420
-Trial 946 0 46227669 45.599008
-Trial 947 0 46227669 45.654028
-Trial 948 0 46227669 45.674294
-Trial 949 0 46227669 45.685436
-Trial 950 0 46227669 45.737248
-Trial 951 0 46227669 45.748759
-Trial 952 0 46227669 45.768748
-Trial 953 0 46227669 45.779097
-Trial 954 0 46227669 45.795668
-Trial 955 0 46227669 45.824384
-Trial 956 0 46227669 45.879574
-Trial 957 0 46227669 45.898648
-Trial 958 0 46227669 45.908325
-Trial 959 0 46227669 45.950385
-Trial 960 0 46227669 45.983345
-Trial 961 0 46227669 46.004946
-Trial 962 0 46227669 46.018408
-Trial 963 0 46227669 46.062430
-Trial 964 0 46227669 46.062831
-Trial 965 0 46227669 46.102786
* 966: Cost = 0_46211710, Time = 42.97 sec. 
-Trial 966 0 46211710 46.143316
-Trial 967 0 46211710 46.166924
-Trial 968 0 46211710 46.173415
-Trial 969 0 46211710 46.189218
-Trial 970 0 46211710 46.209550
-Trial 971 0 46211710 46.226175
-Trial 972 0 46211710 46.234984
-Trial 973 0 46211710 46.250951
-Trial 974 0 46211710 46.282492
-Trial 975 0 46211710 46.326594
-Trial 976 0 46211710 46.341944
-Trial 977 0 46211710 46.391504
-Trial 978 0 46211710 46.460857
-Trial 979 0 46211710 46.464655
-Trial 980 0 46211710 46.467396
-Trial 981 0 46211710 46.557255
-Trial 982 0 46211710 46.574791
-Trial 983 0 46211710 46.597228
-Trial 984 0 46211710 46.624321
-Trial 985 0 46211710 46.627417
-Trial 986 0 46211710 46.644478
-Trial 987 0 46211710 46.681292
-Trial 988 0 46211710 46.716904
-Trial 989 0 46211710 46.823112
-Trial 990 0 46211710 46.829532
-Trial 991 0 46211710 46.850681
-Trial 992 0 46211710 46.881574
-Trial 993 0 46211710 46.903092
-Trial 994 0 46211710 46.932449
-Trial 995 0 46211710 46.976732
-Trial 996 0 46211710 47.069342
-Trial 997 0 46211710 47.094312
-Trial 998 0 46211710 47.097974
-Trial 999 0 46211710 47.100422
-Trial 1000 0 46211710 47.126445
Population:
  1: 0_46211710
Run 1: Cost = 0_46211710, Time = 43.96 sec. 

Successes/Runs = 0/1 
Cost.min = 46211710, Cost.avg = 46211710.00, Cost.max = 46211710
Gap.min = 0.0000%, Gap.avg = 0.0000%, Gap.max = 0.0000%
Penalty.min = 0, Penalty.avg = 0.00, Penalty.max = 0
Trials.min = 1000, Trials.avg = 1000.0, Trials.max = 1000
Time.min = 43.96 sec., Time.avg = 43.96 sec., Time.max = 43.96 sec.
Time.total = 47.13 sec.
  Size.min = 14, Size.max = 44, Penalty = 0
  Cost.min = 1075753, Cost.max = 3614604, Cost.sum = 46211710
Best CVRPTW solution:
  Cost = 0_46211710
4 1 409 416 186 209 57 143 385 426 18 406 134 38 494 43 291 72 340 448 395 347 397 210 48 433 69 368 110 378 282 510 410 113 224 21 413 381 204 8 15 201 223 460 117 342 444 391 135 270 269 458 16 321 403 255 139 100 475 289 344 313 95 286 222 36 177 264 281 83 434 519 96 479 478 35 337 232 106 401 375 314 202 427 425 435 265 297 302 467 439 187 198 230 464 371 179 520 205 65 168 5 462 3 40 248 22 192 402 25 2 268 130 90 341 326 451 6 308 119 509 392 318 107 137 17 365 27 418 275 140 421 152 189 455 39 37 259 411 24 472 172 82 476 251 45 373 254 384 349 346 359 456 319 162 512 246 60 301 216 362 422 138 487 303 280 336 454 103 484 71 333 364 437 122 112 84 517 477 92 88 142 252 353 405 190 32 463 58 166 469 14 233 404 287 176 213 400 320 257 380 322 148 169 147 396 178 324 273 279 163 323 394 104 28 274 261 171 361 20 41 218 511 468 446 457 125 447 33 194 34 316 387 432 430 481 156 220 377 63 307 288 76 174 253 450 284 330 414 126 503 243 217 49 390 428 23 235 445 440 144 120 317 236 211 480 436 507 363 329 188 497 55 348 247 66 350 499 51 70 12 500 85 193 128 453 215 491 502 79 30 115 131 75 452 146 237 195 121 167 305 108 358 366 471 310 271 331 208 225 197 9 68 311 514 73 262 459 42 501 175 276 496 44 300 99 158 249 19 266 153 123 360 429 226 94 26 431 180 132 285 299 127 490 504 415 354 109 355 207 181 339 465 231 145 335 173 260 441 227 80 367 240 91 77 219 238 221 515 155 53 283 150 382 114 196 386 61 327 498 141 160 296 182 154 312 470 242 352 170 241 295 508 325 184 93 379 338 488 31 272 13 185 124 98 161 399 212 351 506 250 343 412 97 62 376 105 290 298 489 10 258 328 101 513 483 89 54 393 473 111 474 466 67 239 306 199 443 200 309 389 263 29 419 74 407 78 183 516 492 64 292 81 267 102 374 136 59 244 87 485 357 372 157 461 133 356 277 164 206 46 159 505 149 495 229 165 228 334 449 398 383 151 417 86 486 482 11 47 116 7 191 50 424 118 408 304 370 52 518 369 256 442 203 293 129 245 294 420 332 493 278 234 438 56 214 423 388 315 345 4 
