PARAMETER_FILE = result/cvrptw_500/LKH_para/797.para
Reading PROBLEM_FILE: "result/cvrptw_500/cvrptw/797.cvrptw" ... done
ASCENT_CANDIDATES = 50
BACKBONE_TRIALS = 0
BACKTRACKING = NO
# BWTSP =
# CANDIDATE_FILE =
CANDIDATE_SET_TYPE = ALPHA
DEPOT = 1
# EDGE_FILE =
EXCESS = 0.0384615
EXTERNAL_SALESMEN = 0
EXTRA_CANDIDATES = 0 
EXTRA_CANDIDATE_SET_TYPE = QUADRANT
GAIN23 = NO
GAIN_CRITERION = YES
INITIAL_PERIOD = 520
INITIAL_STEP_SIZE = 1
INITIAL_TOUR_ALGORITHM = WALK
# INITIAL_TOUR_FILE = 
INITIAL_TOUR_FRACTION = 1.000
# INPUT_TOUR_FILE = 
KICK_TYPE = 4
KICKS = 1
# MAX_BREADTH =
MAKESPAN = NO
MAX_CANDIDATES = 5 
MAX_SWAPS = 0
MAX_TRIALS = 1000
# MERGE_TOUR_FILE =
MOVE_TYPE = 5 SPECIAL
MTSP_MIN_SIZE = 1
MTSP_MAX_SIZE = 1039
# MTSP_SOLUTION_FILE = 
# NONSEQUENTIAL_MOVE_TYPE = 5
# OPTIMUM =
# OUTPUT_TOUR_FILE = 
PATCHING_A = 1 
PATCHING_C = 0 
# PI_FILE = 
POPMUSIC_INITIAL_TOUR = NO
POPMUSIC_MAX_NEIGHBORS = 5
POPMUSIC_SAMPLE_SIZE = 10
POPMUSIC_SOLUTIONS = 50
POPMUSIC_TRIALS = 1
POPULATION_SIZE = 10
PRECISION = 100
PROBLEM_FILE = result/cvrptw_500/cvrptw/797.cvrptw
RECOMBINATION = IPT
RESTRICTED_SEARCH = YES
RUNS = 1
SALESMEN = 20
SCALE = 1
SEED = 1234
# SINTEF_SOLUTION_FILE = 
STOP_AT_OPTIMUM = YES
SUBGRADIENT = YES
# SUBPROBLEM_SIZE =
# SUBPROBLEM_TOUR_FILE = 
SUBSEQUENT_MOVE_TYPE = 5 SPECIAL
SUBSEQUENT_PATCHING = YES
# TIME_LIMIT =
# TOUR_FILE = 
TRACE_LEVEL = 1
VEHICLES = 20

Lower bound = 25243806.0, Ascent time = 3.24 sec.
Cand.min = 5, Cand.avg = 5.0, Cand.max = 5
Edges.fixed = 520 [Cost = 0]
Preprocessing time = 3.33 sec.
* 1: Cost = 1247540_61226969, Time = 4.22 sec. 
-Trial 1 1247540 61226969 7.556135
-Trial 2 1247540 61226969 8.145860
* 3: Cost = 1247540_60662799, Time = 5.04 sec. 
-Trial 3 1247540 60662799 8.372459
* 4: Cost = 1247540_60518935, Time = 5.11 sec. 
-Trial 4 1247540 60518935 8.439305
* 5: Cost = 1247540_60438306, Time = 5.23 sec. 
-Trial 5 1247540 60438306 8.558610
* 6: Cost = 1247540_59636609, Time = 5.81 sec. 
-Trial 6 1247540 59636609 9.143721
* 7: Cost = 348976_57332768, Time = 6.70 sec. 
-Trial 7 348976 57332768 10.030187
* 8: Cost = 0_56693571, Time = 6.77 sec. 
-Trial 8 0 56693571 10.105522
-Trial 9 0 56693571 10.107721
-Trial 10 0 56693571 10.111053
-Trial 11 0 56693571 10.375781
-Trial 12 0 56693571 10.449709
-Trial 13 0 56693571 10.487361
-Trial 14 0 56693571 10.645950
-Trial 15 0 56693571 10.686300
* 16: Cost = 0_56647658, Time = 7.37 sec. 
-Trial 16 0 56647658 10.699080
* 17: Cost = 0_56638711, Time = 7.38 sec. 
-Trial 17 0 56638711 10.710710
* 18: Cost = 0_56486075, Time = 7.45 sec. 
-Trial 18 0 56486075 10.779810
-Trial 19 0 56486075 10.791521
* 20: Cost = 0_55578755, Time = 7.98 sec. 
-Trial 20 0 55578755 11.309800
-Trial 21 0 55578755 11.321734
* 22: Cost = 0_55533487, Time = 8.00 sec. 
-Trial 22 0 55533487 11.333707
* 23: Cost = 0_54785350, Time = 8.09 sec. 
-Trial 23 0 54785350 11.419879
-Trial 24 0 54785350 11.779582
-Trial 25 0 54785350 11.848601
-Trial 26 0 54785350 11.879865
* 27: Cost = 0_54372742, Time = 8.68 sec. 
-Trial 27 0 54372742 12.014815
* 28: Cost = 0_53458216, Time = 8.79 sec. 
-Trial 28 0 53458216 12.119918
-Trial 29 0 53458216 12.175700
-Trial 30 0 53458216 12.223484
-Trial 31 0 53458216 12.334493
* 32: Cost = 0_52854248, Time = 9.20 sec. 
-Trial 32 0 52854248 12.533025
* 33: Cost = 0_52782975, Time = 9.25 sec. 
-Trial 33 0 52782975 12.586237
* 34: Cost = 0_52750882, Time = 9.26 sec. 
-Trial 34 0 52750882 12.591363
-Trial 35 0 52750882 12.595951
* 36: Cost = 0_52748881, Time = 9.36 sec. 
-Trial 36 0 52748881 12.692085
* 37: Cost = 0_52710287, Time = 9.37 sec. 
-Trial 37 0 52710287 12.702962
-Trial 38 0 52710287 12.705844
-Trial 39 0 52710287 12.718387
* 40: Cost = 0_52049197, Time = 9.40 sec. 
-Trial 40 0 52049197 12.731763
-Trial 41 0 52049197 12.744753
* 42: Cost = 0_51978060, Time = 9.42 sec. 
-Trial 42 0 51978060 12.748350
-Trial 43 0 51978060 12.750138
* 44: Cost = 0_51569024, Time = 9.55 sec. 
-Trial 44 0 51569024 12.878660
-Trial 45 0 51569024 12.916118
-Trial 46 0 51569024 12.928585
-Trial 47 0 51569024 12.932230
* 48: Cost = 0_51363554, Time = 9.64 sec. 
-Trial 48 0 51363554 12.969100
-Trial 49 0 51363554 12.970857
* 50: Cost = 0_51359930, Time = 9.64 sec. 
-Trial 50 0 51359930 12.976290
* 51: Cost = 0_51244325, Time = 9.65 sec. 
-Trial 51 0 51244325 12.979567
-Trial 52 0 51244325 13.134641
* 53: Cost = 0_51231089, Time = 9.82 sec. 
-Trial 53 0 51231089 13.152954
* 54: Cost = 0_51229872, Time = 9.84 sec. 
-Trial 54 0 51229872 13.170793
* 55: Cost = 0_51035688, Time = 9.86 sec. 
-Trial 55 0 51035688 13.189623
-Trial 56 0 51035688 13.329139
* 57: Cost = 0_51016415, Time = 10.00 sec. 
-Trial 57 0 51016415 13.335792
-Trial 58 0 51016415 13.367823
-Trial 59 0 51016415 13.407332
* 60: Cost = 0_50953094, Time = 10.08 sec. 
-Trial 60 0 50953094 13.418033
-Trial 61 0 50953094 13.554616
-Trial 62 0 50953094 13.564774
-Trial 63 0 50953094 13.592551
-Trial 64 0 50953094 13.646376
* 65: Cost = 0_50888617, Time = 10.32 sec. 
-Trial 65 0 50888617 13.651034
-Trial 66 0 50888617 13.790807
-Trial 67 0 50888617 13.793763
-Trial 68 0 50888617 13.795961
-Trial 69 0 50888617 13.817514
* 70: Cost = 0_50787571, Time = 10.54 sec. 
-Trial 70 0 50787571 13.871050
-Trial 71 0 50787571 13.883814
-Trial 72 0 50787571 13.953110
-Trial 73 0 50787571 13.969120
-Trial 74 0 50787571 14.015348
-Trial 75 0 50787571 14.033173
-Trial 76 0 50787571 14.081792
-Trial 77 0 50787571 14.098961
-Trial 78 0 50787571 14.152138
-Trial 79 0 50787571 14.325107
-Trial 80 0 50787571 14.330021
-Trial 81 0 50787571 14.381300
-Trial 82 0 50787571 14.389096
* 83: Cost = 0_50741847, Time = 11.07 sec. 
-Trial 83 0 50741847 14.399145
-Trial 84 0 50741847 14.404129
-Trial 85 0 50741847 14.517883
-Trial 86 0 50741847 14.521634
-Trial 87 0 50741847 14.556299
* 88: Cost = 0_50620069, Time = 11.25 sec. 
-Trial 88 0 50620069 14.579369
* 89: Cost = 0_50612763, Time = 11.27 sec. 
-Trial 89 0 50612763 14.607927
-Trial 90 0 50612763 14.615102
-Trial 91 0 50612763 14.620575
* 92: Cost = 0_50531196, Time = 11.32 sec. 
-Trial 92 0 50531196 14.656695
* 93: Cost = 0_50515880, Time = 11.34 sec. 
-Trial 93 0 50515880 14.670888
-Trial 94 0 50515880 14.672919
-Trial 95 0 50515880 14.707005
-Trial 96 0 50515880 14.743758
-Trial 97 0 50515880 14.765336
-Trial 98 0 50515880 14.771266
-Trial 99 0 50515880 14.808688
-Trial 100 0 50515880 14.831921
-Trial 101 0 50515880 14.833630
* 102: Cost = 0_50489749, Time = 11.55 sec. 
-Trial 102 0 50489749 14.886982
* 103: Cost = 0_50433446, Time = 11.60 sec. 
-Trial 103 0 50433446 14.936496
-Trial 104 0 50433446 14.969403
-Trial 105 0 50433446 14.992614
-Trial 106 0 50433446 15.066209
* 107: Cost = 0_50404145, Time = 11.81 sec. 
-Trial 107 0 50404145 15.145015
-Trial 108 0 50404145 15.161778
-Trial 109 0 50404145 15.187570
-Trial 110 0 50404145 15.211553
-Trial 111 0 50404145 15.224060
* 112: Cost = 0_50390621, Time = 12.07 sec. 
-Trial 112 0 50390621 15.407640
-Trial 113 0 50390621 15.409187
* 114: Cost = 0_50385649, Time = 12.14 sec. 
-Trial 114 0 50385649 15.477391
-Trial 115 0 50385649 15.545019
-Trial 116 0 50385649 15.743838
-Trial 117 0 50385649 15.843128
-Trial 118 0 50385649 15.848472
-Trial 119 0 50385649 15.860198
-Trial 120 0 50385649 15.924093
* 121: Cost = 0_50328415, Time = 12.61 sec. 
-Trial 121 0 50328415 15.939260
-Trial 122 0 50328415 15.941143
-Trial 123 0 50328415 15.955190
* 124: Cost = 0_50045130, Time = 12.70 sec. 
-Trial 124 0 50045130 16.029281
-Trial 125 0 50045130 16.040816
-Trial 126 0 50045130 16.063082
-Trial 127 0 50045130 16.112971
-Trial 128 0 50045130 16.148627
-Trial 129 0 50045130 16.187763
* 130: Cost = 0_49885594, Time = 12.86 sec. 
-Trial 130 0 49885594 16.197311
-Trial 131 0 49885594 16.221489
* 132: Cost = 0_49838917, Time = 12.92 sec. 
-Trial 132 0 49838917 16.250188
-Trial 133 0 49838917 16.280377
-Trial 134 0 49838917 16.285393
* 135: Cost = 0_49771055, Time = 12.99 sec. 
-Trial 135 0 49771055 16.325668
* 136: Cost = 0_49558726, Time = 13.17 sec. 
-Trial 136 0 49558726 16.502658
-Trial 137 0 49558726 16.534373
-Trial 138 0 49558726 16.549988
* 139: Cost = 0_49367421, Time = 13.38 sec. 
-Trial 139 0 49367421 16.716856
-Trial 140 0 49367421 16.903081
-Trial 141 0 49367421 16.936645
-Trial 142 0 49367421 16.948223
-Trial 143 0 49367421 16.955675
-Trial 144 0 49367421 16.958340
* 145: Cost = 0_49166941, Time = 13.66 sec. 
-Trial 145 0 49166941 16.995620
* 146: Cost = 0_49042462, Time = 13.72 sec. 
-Trial 146 0 49042462 17.054117
* 147: Cost = 0_48899473, Time = 13.73 sec. 
-Trial 147 0 48899473 17.064488
-Trial 148 0 48899473 17.087605
-Trial 149 0 48899473 17.088074
* 150: Cost = 0_48884981, Time = 13.77 sec. 
-Trial 150 0 48884981 17.107703
-Trial 151 0 48884981 17.116354
-Trial 152 0 48884981 17.143684
-Trial 153 0 48884981 17.215990
* 154: Cost = 0_48723099, Time = 13.92 sec. 
-Trial 154 0 48723099 17.256239
* 155: Cost = 0_48588603, Time = 14.07 sec. 
-Trial 155 0 48588603 17.399727
-Trial 156 0 48588603 17.438171
-Trial 157 0 48588603 17.499181
-Trial 158 0 48588603 17.547991
-Trial 159 0 48588603 17.575570
* 160: Cost = 0_48357447, Time = 14.34 sec. 
-Trial 160 0 48357447 17.677857
-Trial 161 0 48357447 17.706687
-Trial 162 0 48357447 17.925010
-Trial 163 0 48357447 18.011615
-Trial 164 0 48357447 18.022494
-Trial 165 0 48357447 18.174724
-Trial 166 0 48357447 18.203286
-Trial 167 0 48357447 18.207577
-Trial 168 0 48357447 18.232533
-Trial 169 0 48357447 18.361462
* 170: Cost = 0_48324982, Time = 15.09 sec. 
-Trial 170 0 48324982 18.423909
-Trial 171 0 48324982 18.443060
-Trial 172 0 48324982 18.474993
-Trial 173 0 48324982 18.548769
-Trial 174 0 48324982 18.590608
* 175: Cost = 0_48300265, Time = 15.41 sec. 
-Trial 175 0 48300265 18.746459
-Trial 176 0 48300265 18.757705
-Trial 177 0 48300265 18.849502
-Trial 178 0 48300265 18.857567
-Trial 179 0 48300265 18.884238
-Trial 180 0 48300265 18.904112
-Trial 181 0 48300265 18.922877
* 182: Cost = 0_48139958, Time = 15.59 sec. 
-Trial 182 0 48139958 18.926678
-Trial 183 0 48139958 18.927237
-Trial 184 0 48139958 18.951884
* 185: Cost = 0_48026050, Time = 15.64 sec. 
-Trial 185 0 48026050 18.970344
-Trial 186 0 48026050 19.002278
-Trial 187 0 48026050 19.101022
-Trial 188 0 48026050 19.202502
-Trial 189 0 48026050 19.210472
-Trial 190 0 48026050 19.246616
-Trial 191 0 48026050 19.337683
-Trial 192 0 48026050 19.386834
-Trial 193 0 48026050 19.401407
-Trial 194 0 48026050 19.416951
-Trial 195 0 48026050 19.425906
-Trial 196 0 48026050 19.428200
-Trial 197 0 48026050 19.446735
* 198: Cost = 0_48018426, Time = 16.24 sec. 
-Trial 198 0 48018426 19.572053
-Trial 199 0 48018426 19.588868
-Trial 200 0 48018426 19.816727
-Trial 201 0 48018426 19.829401
-Trial 202 0 48018426 19.859052
-Trial 203 0 48018426 19.859452
-Trial 204 0 48018426 19.868674
-Trial 205 0 48018426 19.874727
-Trial 206 0 48018426 19.912827
-Trial 207 0 48018426 19.965236
* 208: Cost = 0_47820935, Time = 16.65 sec. 
-Trial 208 0 47820935 19.981963
-Trial 209 0 47820935 20.016814
-Trial 210 0 47820935 20.155502
-Trial 211 0 47820935 20.180137
* 212: Cost = 0_47810055, Time = 16.88 sec. 
-Trial 212 0 47810055 20.209320
-Trial 213 0 47810055 20.261234
-Trial 214 0 47810055 20.280842
-Trial 215 0 47810055 20.336144
-Trial 216 0 47810055 20.375448
-Trial 217 0 47810055 20.410155
* 218: Cost = 0_47746240, Time = 17.10 sec. 
-Trial 218 0 47746240 20.435806
-Trial 219 0 47746240 20.445072
-Trial 220 0 47746240 20.460582
-Trial 221 0 47746240 20.470071
-Trial 222 0 47746240 20.473802
-Trial 223 0 47746240 20.486374
-Trial 224 0 47746240 20.540110
-Trial 225 0 47746240 20.552431
-Trial 226 0 47746240 20.567487
-Trial 227 0 47746240 20.607873
-Trial 228 0 47746240 20.611114
-Trial 229 0 47746240 20.612756
* 230: Cost = 0_47735352, Time = 17.32 sec. 
-Trial 230 0 47735352 20.653921
-Trial 231 0 47735352 20.717348
-Trial 232 0 47735352 20.747367
-Trial 233 0 47735352 20.785598
-Trial 234 0 47735352 20.799121
-Trial 235 0 47735352 20.831518
* 236: Cost = 0_47636000, Time = 17.51 sec. 
-Trial 236 0 47636000 20.842342
-Trial 237 0 47636000 20.939101
-Trial 238 0 47636000 20.962186
-Trial 239 0 47636000 21.088150
-Trial 240 0 47636000 21.372088
-Trial 241 0 47636000 21.384786
-Trial 242 0 47636000 21.407089
-Trial 243 0 47636000 21.425880
-Trial 244 0 47636000 21.535805
-Trial 245 0 47636000 21.545418
-Trial 246 0 47636000 21.547300
* 247: Cost = 0_47594593, Time = 18.23 sec. 
-Trial 247 0 47594593 21.563811
-Trial 248 0 47594593 21.756230
* 249: Cost = 0_47586492, Time = 18.43 sec. 
-Trial 249 0 47586492 21.767018
-Trial 250 0 47586492 21.771522
-Trial 251 0 47586492 21.780198
* 252: Cost = 0_47486074, Time = 18.49 sec. 
-Trial 252 0 47486074 21.825896
-Trial 253 0 47486074 21.831429
-Trial 254 0 47486074 21.833671
-Trial 255 0 47486074 21.957989
-Trial 256 0 47486074 21.966968
-Trial 257 0 47486074 22.007964
-Trial 258 0 47486074 22.011021
-Trial 259 0 47486074 22.037316
-Trial 260 0 47486074 22.042187
-Trial 261 0 47486074 22.047891
-Trial 262 0 47486074 22.055468
-Trial 263 0 47486074 22.070437
-Trial 264 0 47486074 22.072515
-Trial 265 0 47486074 22.078537
-Trial 266 0 47486074 22.108863
-Trial 267 0 47486074 22.158799
-Trial 268 0 47486074 22.181845
-Trial 269 0 47486074 22.210554
-Trial 270 0 47486074 22.221089
-Trial 271 0 47486074 22.266085
-Trial 272 0 47486074 22.287363
-Trial 273 0 47486074 22.301687
-Trial 274 0 47486074 22.343539
-Trial 275 0 47486074 22.377496
-Trial 276 0 47486074 22.402603
-Trial 277 0 47486074 22.419055
-Trial 278 0 47486074 22.419966
-Trial 279 0 47486074 22.430470
-Trial 280 0 47486074 22.445031
-Trial 281 0 47486074 22.452614
-Trial 282 0 47486074 22.466810
-Trial 283 0 47486074 22.474537
-Trial 284 0 47486074 22.506348
-Trial 285 0 47486074 22.510682
-Trial 286 0 47486074 22.516358
-Trial 287 0 47486074 22.624111
-Trial 288 0 47486074 22.630968
-Trial 289 0 47486074 22.641673
-Trial 290 0 47486074 22.666992
-Trial 291 0 47486074 22.682155
-Trial 292 0 47486074 22.686561
-Trial 293 0 47486074 22.693876
-Trial 294 0 47486074 22.839319
-Trial 295 0 47486074 22.842920
-Trial 296 0 47486074 22.851230
-Trial 297 0 47486074 22.858105
-Trial 298 0 47486074 22.871754
-Trial 299 0 47486074 22.901319
-Trial 300 0 47486074 22.922047
-Trial 301 0 47486074 22.929757
-Trial 302 0 47486074 22.996380
-Trial 303 0 47486074 23.029446
-Trial 304 0 47486074 23.068822
-Trial 305 0 47486074 23.129467
* 306: Cost = 0_47419122, Time = 19.83 sec. 
-Trial 306 0 47419122 23.163078
-Trial 307 0 47419122 23.164600
-Trial 308 0 47419122 23.192322
-Trial 309 0 47419122 23.205476
-Trial 310 0 47419122 23.215895
-Trial 311 0 47419122 23.272000
-Trial 312 0 47419122 23.284083
-Trial 313 0 47419122 23.396201
-Trial 314 0 47419122 23.399668
-Trial 315 0 47419122 23.410592
-Trial 316 0 47419122 23.411589
-Trial 317 0 47419122 23.417044
-Trial 318 0 47419122 23.425389
-Trial 319 0 47419122 23.429040
* 320: Cost = 0_47209766, Time = 20.16 sec. 
-Trial 320 0 47209766 23.489669
-Trial 321 0 47209766 23.715985
-Trial 322 0 47209766 23.728710
-Trial 323 0 47209766 23.744669
-Trial 324 0 47209766 23.763330
-Trial 325 0 47209766 24.056788
-Trial 326 0 47209766 24.074055
-Trial 327 0 47209766 24.085849
-Trial 328 0 47209766 24.089816
-Trial 329 0 47209766 24.107219
-Trial 330 0 47209766 24.113188
-Trial 331 0 47209766 24.147348
* 332: Cost = 0_47106550, Time = 20.97 sec. 
-Trial 332 0 47106550 24.302669
-Trial 333 0 47106550 24.331383
-Trial 334 0 47106550 24.475629
-Trial 335 0 47106550 24.509625
-Trial 336 0 47106550 24.543033
-Trial 337 0 47106550 24.689448
-Trial 338 0 47106550 24.707591
-Trial 339 0 47106550 24.722023
-Trial 340 0 47106550 24.775371
-Trial 341 0 47106550 24.787662
-Trial 342 0 47106550 24.829437
-Trial 343 0 47106550 24.840460
-Trial 344 0 47106550 24.846742
-Trial 345 0 47106550 24.852794
-Trial 346 0 47106550 24.918633
-Trial 347 0 47106550 24.920983
-Trial 348 0 47106550 24.925962
-Trial 349 0 47106550 24.952883
-Trial 350 0 47106550 25.031330
-Trial 351 0 47106550 25.045541
-Trial 352 0 47106550 25.100000
-Trial 353 0 47106550 25.144350
-Trial 354 0 47106550 25.149784
-Trial 355 0 47106550 25.196896
-Trial 356 0 47106550 25.205022
-Trial 357 0 47106550 25.226242
-Trial 358 0 47106550 25.282247
-Trial 359 0 47106550 25.329987
-Trial 360 0 47106550 25.346656
-Trial 361 0 47106550 25.383634
-Trial 362 0 47106550 25.453298
-Trial 363 0 47106550 25.488883
-Trial 364 0 47106550 25.519916
-Trial 365 0 47106550 25.534167
-Trial 366 0 47106550 25.542630
-Trial 367 0 47106550 25.563292
-Trial 368 0 47106550 25.574000
-Trial 369 0 47106550 25.584269
-Trial 370 0 47106550 25.606940
-Trial 371 0 47106550 25.609095
-Trial 372 0 47106550 25.656867
-Trial 373 0 47106550 26.000352
* 374: Cost = 0_46749130, Time = 22.76 sec. 
-Trial 374 0 46749130 26.092869
-Trial 375 0 46749130 26.288769
-Trial 376 0 46749130 26.315062
-Trial 377 0 46749130 26.323065
-Trial 378 0 46749130 26.389704
-Trial 379 0 46749130 26.396508
-Trial 380 0 46749130 26.489561
-Trial 381 0 46749130 26.502363
-Trial 382 0 46749130 26.511143
-Trial 383 0 46749130 26.527739
-Trial 384 0 46749130 26.537177
-Trial 385 0 46749130 26.607018
-Trial 386 0 46749130 26.609996
-Trial 387 0 46749130 26.629283
-Trial 388 0 46749130 26.710281
-Trial 389 0 46749130 26.712069
-Trial 390 0 46749130 26.727374
-Trial 391 0 46749130 26.764681
-Trial 392 0 46749130 26.848820
* 393: Cost = 0_46740705, Time = 23.59 sec. 
-Trial 393 0 46740705 26.927418
-Trial 394 0 46740705 26.945757
-Trial 395 0 46740705 26.949527
-Trial 396 0 46740705 26.951345
* 397: Cost = 0_46694871, Time = 23.63 sec. 
-Trial 397 0 46694871 26.966591
-Trial 398 0 46694871 26.990768
-Trial 399 0 46694871 26.994467
-Trial 400 0 46694871 27.001415
-Trial 401 0 46694871 27.013971
-Trial 402 0 46694871 27.078980
-Trial 403 0 46694871 27.101776
-Trial 404 0 46694871 27.123049
-Trial 405 0 46694871 27.284250
-Trial 406 0 46694871 27.297286
-Trial 407 0 46694871 27.378692
-Trial 408 0 46694871 27.459097
-Trial 409 0 46694871 27.483753
-Trial 410 0 46694871 27.498885
-Trial 411 0 46694871 27.518704
-Trial 412 0 46694871 27.527022
-Trial 413 0 46694871 27.539374
-Trial 414 0 46694871 27.612544
-Trial 415 0 46694871 27.614994
-Trial 416 0 46694871 27.624580
-Trial 417 0 46694871 27.629423
-Trial 418 0 46694871 27.630924
-Trial 419 0 46694871 27.740549
-Trial 420 0 46694871 27.749083
-Trial 421 0 46694871 27.765916
-Trial 422 0 46694871 27.778225
-Trial 423 0 46694871 27.795482
-Trial 424 0 46694871 27.824872
-Trial 425 0 46694871 27.890683
-Trial 426 0 46694871 27.914937
-Trial 427 0 46694871 27.917949
-Trial 428 0 46694871 27.971098
-Trial 429 0 46694871 28.014657
-Trial 430 0 46694871 28.111794
-Trial 431 0 46694871 28.133206
-Trial 432 0 46694871 28.170729
-Trial 433 0 46694871 28.183115
-Trial 434 0 46694871 28.197923
-Trial 435 0 46694871 28.202159
-Trial 436 0 46694871 28.203643
-Trial 437 0 46694871 28.226589
-Trial 438 0 46694871 28.250616
-Trial 439 0 46694871 28.254416
-Trial 440 0 46694871 28.298262
-Trial 441 0 46694871 28.299730
-Trial 442 0 46694871 28.301129
-Trial 443 0 46694871 28.312660
-Trial 444 0 46694871 28.319119
-Trial 445 0 46694871 28.373636
-Trial 446 0 46694871 28.393643
-Trial 447 0 46694871 28.409583
-Trial 448 0 46694871 28.410771
* 449: Cost = 0_46676755, Time = 25.09 sec. 
-Trial 449 0 46676755 28.423912
-Trial 450 0 46676755 28.468939
-Trial 451 0 46676755 28.474058
-Trial 452 0 46676755 28.488269
-Trial 453 0 46676755 28.494695
-Trial 454 0 46676755 28.502779
-Trial 455 0 46676755 28.512215
-Trial 456 0 46676755 28.518309
-Trial 457 0 46676755 28.551409
-Trial 458 0 46676755 28.558615
-Trial 459 0 46676755 28.586690
-Trial 460 0 46676755 28.600602
-Trial 461 0 46676755 28.644485
-Trial 462 0 46676755 28.682221
-Trial 463 0 46676755 28.690262
-Trial 464 0 46676755 28.694917
-Trial 465 0 46676755 28.863995
-Trial 466 0 46676755 28.885567
-Trial 467 0 46676755 28.894316
-Trial 468 0 46676755 28.919360
-Trial 469 0 46676755 28.924126
-Trial 470 0 46676755 28.944975
* 471: Cost = 0_46649014, Time = 25.63 sec. 
-Trial 471 0 46649014 28.966082
-Trial 472 0 46649014 29.106337
-Trial 473 0 46649014 29.114789
-Trial 474 0 46649014 29.130767
-Trial 475 0 46649014 29.157158
-Trial 476 0 46649014 29.217712
-Trial 477 0 46649014 29.230108
-Trial 478 0 46649014 29.234089
* 479: Cost = 0_46602471, Time = 25.93 sec. 
-Trial 479 0 46602471 29.259300
-Trial 480 0 46602471 29.266381
* 481: Cost = 0_46555198, Time = 26.00 sec. 
-Trial 481 0 46555198 29.333063
-Trial 482 0 46555198 29.336819
-Trial 483 0 46555198 29.393995
-Trial 484 0 46555198 29.399704
* 485: Cost = 0_46435225, Time = 26.10 sec. 
-Trial 485 0 46435225 29.430035
-Trial 486 0 46435225 29.452096
-Trial 487 0 46435225 29.460802
-Trial 488 0 46435225 29.467603
* 489: Cost = 0_46422000, Time = 26.16 sec. 
-Trial 489 0 46422000 29.490119
-Trial 490 0 46422000 29.555774
-Trial 491 0 46422000 29.572581
-Trial 492 0 46422000 29.632896
-Trial 493 0 46422000 29.652474
-Trial 494 0 46422000 29.655901
-Trial 495 0 46422000 29.681669
-Trial 496 0 46422000 29.723766
-Trial 497 0 46422000 29.780227
-Trial 498 0 46422000 29.808478
-Trial 499 0 46422000 30.504747
-Trial 500 0 46422000 30.567297
-Trial 501 0 46422000 30.621273
-Trial 502 0 46422000 30.638903
-Trial 503 0 46422000 30.643091
-Trial 504 0 46422000 30.659466
-Trial 505 0 46422000 30.664092
-Trial 506 0 46422000 30.692403
-Trial 507 0 46422000 30.712442
-Trial 508 0 46422000 30.724749
-Trial 509 0 46422000 30.776596
-Trial 510 0 46422000 30.809704
-Trial 511 0 46422000 30.815257
-Trial 512 0 46422000 30.865367
-Trial 513 0 46422000 30.899390
-Trial 514 0 46422000 30.950153
-Trial 515 0 46422000 31.009382
-Trial 516 0 46422000 31.045643
-Trial 517 0 46422000 31.114931
-Trial 518 0 46422000 31.119458
-Trial 519 0 46422000 31.145463
-Trial 520 0 46422000 31.184258
-Trial 521 0 46422000 31.187890
-Trial 522 0 46422000 31.203631
-Trial 523 0 46422000 31.208307
-Trial 524 0 46422000 31.232046
-Trial 525 0 46422000 31.283226
-Trial 526 0 46422000 31.293128
-Trial 527 0 46422000 31.294763
-Trial 528 0 46422000 31.305878
-Trial 529 0 46422000 31.346176
* 530: Cost = 0_46388057, Time = 28.03 sec. 
-Trial 530 0 46388057 31.365860
-Trial 531 0 46388057 31.384030
-Trial 532 0 46388057 31.425188
-Trial 533 0 46388057 31.429812
* 534: Cost = 0_46277878, Time = 28.10 sec. 
-Trial 534 0 46277878 31.434690
-Trial 535 0 46277878 31.451353
-Trial 536 0 46277878 31.531271
-Trial 537 0 46277878 31.593230
-Trial 538 0 46277878 31.632904
-Trial 539 0 46277878 31.757230
-Trial 540 0 46277878 31.783035
-Trial 541 0 46277878 31.807200
-Trial 542 0 46277878 31.925697
-Trial 543 0 46277878 31.948013
-Trial 544 0 46277878 31.965925
-Trial 545 0 46277878 31.987217
-Trial 546 0 46277878 31.992701
-Trial 547 0 46277878 32.028542
-Trial 548 0 46277878 32.031411
-Trial 549 0 46277878 32.040952
-Trial 550 0 46277878 32.124226
-Trial 551 0 46277878 32.137982
-Trial 552 0 46277878 32.140823
-Trial 553 0 46277878 32.170929
-Trial 554 0 46277878 32.186414
-Trial 555 0 46277878 32.208416
-Trial 556 0 46277878 32.232528
-Trial 557 0 46277878 32.693929
-Trial 558 0 46277878 32.698522
-Trial 559 0 46277878 32.726845
-Trial 560 0 46277878 32.743600
-Trial 561 0 46277878 32.751527
-Trial 562 0 46277878 32.769347
-Trial 563 0 46277878 32.996666
-Trial 564 0 46277878 33.157044
-Trial 565 0 46277878 33.273764
-Trial 566 0 46277878 33.298728
-Trial 567 0 46277878 33.334488
* 568: Cost = 0_46277257, Time = 30.00 sec. 
-Trial 568 0 46277257 33.336930
-Trial 569 0 46277257 33.378319
-Trial 570 0 46277257 33.436673
-Trial 571 0 46277257 33.493623
* 572: Cost = 0_46269128, Time = 30.19 sec. 
-Trial 572 0 46269128 33.524867
-Trial 573 0 46269128 33.525791
-Trial 574 0 46269128 33.536045
-Trial 575 0 46269128 33.546760
-Trial 576 0 46269128 33.557596
-Trial 577 0 46269128 33.601198
-Trial 578 0 46269128 33.644037
-Trial 579 0 46269128 33.659179
-Trial 580 0 46269128 33.683835
-Trial 581 0 46269128 33.763784
-Trial 582 0 46269128 33.788285
-Trial 583 0 46269128 33.801408
-Trial 584 0 46269128 33.816118
-Trial 585 0 46269128 33.844397
-Trial 586 0 46269128 33.851343
-Trial 587 0 46269128 33.867151
-Trial 588 0 46269128 33.899754
-Trial 589 0 46269128 33.952397
-Trial 590 0 46269128 33.955986
-Trial 591 0 46269128 34.051589
-Trial 592 0 46269128 34.061432
-Trial 593 0 46269128 34.082896
-Trial 594 0 46269128 34.086795
-Trial 595 0 46269128 34.095395
-Trial 596 0 46269128 34.121295
-Trial 597 0 46269128 34.168008
-Trial 598 0 46269128 34.183964
-Trial 599 0 46269128 34.188446
* 600: Cost = 0_46237749, Time = 30.86 sec. 
-Trial 600 0 46237749 34.196474
-Trial 601 0 46237749 34.242025
-Trial 602 0 46237749 34.255464
-Trial 603 0 46237749 34.272308
-Trial 604 0 46237749 34.276351
-Trial 605 0 46237749 34.309195
-Trial 606 0 46237749 34.309805
-Trial 607 0 46237749 34.323939
-Trial 608 0 46237749 34.324644
-Trial 609 0 46237749 34.334294
-Trial 610 0 46237749 34.338054
-Trial 611 0 46237749 34.362972
-Trial 612 0 46237749 34.427834
-Trial 613 0 46237749 34.438165
-Trial 614 0 46237749 34.444237
-Trial 615 0 46237749 34.448547
-Trial 616 0 46237749 34.489259
-Trial 617 0 46237749 34.525339
-Trial 618 0 46237749 34.535280
-Trial 619 0 46237749 34.626968
-Trial 620 0 46237749 34.697382
-Trial 621 0 46237749 34.793297
-Trial 622 0 46237749 34.885741
-Trial 623 0 46237749 34.903959
-Trial 624 0 46237749 34.931251
-Trial 625 0 46237749 34.954475
-Trial 626 0 46237749 34.993267
* 627: Cost = 0_46226161, Time = 31.69 sec. 
-Trial 627 0 46226161 35.019853
-Trial 628 0 46226161 35.021468
-Trial 629 0 46226161 35.034228
-Trial 630 0 46226161 35.052436
-Trial 631 0 46226161 35.058216
-Trial 632 0 46226161 35.232693
-Trial 633 0 46226161 35.241257
-Trial 634 0 46226161 35.252449
-Trial 635 0 46226161 35.299857
-Trial 636 0 46226161 35.359679
-Trial 637 0 46226161 35.363920
-Trial 638 0 46226161 35.367792
-Trial 639 0 46226161 35.379327
-Trial 640 0 46226161 35.455050
-Trial 641 0 46226161 35.521902
-Trial 642 0 46226161 35.539337
-Trial 643 0 46226161 35.546941
-Trial 644 0 46226161 35.596103
-Trial 645 0 46226161 35.624625
-Trial 646 0 46226161 35.656561
-Trial 647 0 46226161 35.681079
-Trial 648 0 46226161 35.682464
-Trial 649 0 46226161 35.712521
-Trial 650 0 46226161 35.720701
* 651: Cost = 0_46213179, Time = 32.40 sec. 
-Trial 651 0 46213179 35.728197
-Trial 652 0 46213179 35.744795
-Trial 653 0 46213179 35.843837
-Trial 654 0 46213179 35.858409
-Trial 655 0 46213179 35.872078
-Trial 656 0 46213179 35.875993
-Trial 657 0 46213179 35.938135
-Trial 658 0 46213179 35.969280
-Trial 659 0 46213179 36.052565
-Trial 660 0 46213179 36.102537
-Trial 661 0 46213179 36.172026
-Trial 662 0 46213179 36.221675
-Trial 663 0 46213179 36.231093
-Trial 664 0 46213179 36.477732
-Trial 665 0 46213179 36.525148
-Trial 666 0 46213179 36.536222
-Trial 667 0 46213179 36.577637
-Trial 668 0 46213179 36.592754
-Trial 669 0 46213179 36.593801
-Trial 670 0 46213179 36.607887
-Trial 671 0 46213179 36.663343
-Trial 672 0 46213179 36.687168
-Trial 673 0 46213179 36.810223
* 674: Cost = 0_46209747, Time = 33.49 sec. 
-Trial 674 0 46209747 36.825796
-Trial 675 0 46209747 36.861069
-Trial 676 0 46209747 37.002517
-Trial 677 0 46209747 37.003228
-Trial 678 0 46209747 37.022326
-Trial 679 0 46209747 37.223276
-Trial 680 0 46209747 37.236306
-Trial 681 0 46209747 37.257269
-Trial 682 0 46209747 37.292741
-Trial 683 0 46209747 37.321027
-Trial 684 0 46209747 37.418506
-Trial 685 0 46209747 37.436394
-Trial 686 0 46209747 37.448609
-Trial 687 0 46209747 37.471173
-Trial 688 0 46209747 37.478342
-Trial 689 0 46209747 37.498933
-Trial 690 0 46209747 37.552116
-Trial 691 0 46209747 37.614295
-Trial 692 0 46209747 37.630754
-Trial 693 0 46209747 37.637076
-Trial 694 0 46209747 37.701671
-Trial 695 0 46209747 37.744418
-Trial 696 0 46209747 37.777700
-Trial 697 0 46209747 37.896233
-Trial 698 0 46209747 37.932348
-Trial 699 0 46209747 37.992418
-Trial 700 0 46209747 38.015085
-Trial 701 0 46209747 38.020773
-Trial 702 0 46209747 38.037614
-Trial 703 0 46209747 38.066349
-Trial 704 0 46209747 38.081934
-Trial 705 0 46209747 38.120567
-Trial 706 0 46209747 38.133191
-Trial 707 0 46209747 38.218873
-Trial 708 0 46209747 38.243393
-Trial 709 0 46209747 38.273098
-Trial 710 0 46209747 38.289414
-Trial 711 0 46209747 38.392380
-Trial 712 0 46209747 38.445318
-Trial 713 0 46209747 38.459952
-Trial 714 0 46209747 38.466992
-Trial 715 0 46209747 38.477510
-Trial 716 0 46209747 38.531297
-Trial 717 0 46209747 38.593452
-Trial 718 0 46209747 38.629506
-Trial 719 0 46209747 38.631065
-Trial 720 0 46209747 38.640428
-Trial 721 0 46209747 38.655621
-Trial 722 0 46209747 38.740274
-Trial 723 0 46209747 38.744610
-Trial 724 0 46209747 38.788848
-Trial 725 0 46209747 38.836977
-Trial 726 0 46209747 38.908921
-Trial 727 0 46209747 38.967732
-Trial 728 0 46209747 38.979517
-Trial 729 0 46209747 39.210670
-Trial 730 0 46209747 39.229175
-Trial 731 0 46209747 39.254049
-Trial 732 0 46209747 39.300222
-Trial 733 0 46209747 39.315623
-Trial 734 0 46209747 39.319973
-Trial 735 0 46209747 39.322813
-Trial 736 0 46209747 39.399225
-Trial 737 0 46209747 39.518268
-Trial 738 0 46209747 39.567110
-Trial 739 0 46209747 39.666654
-Trial 740 0 46209747 39.750723
-Trial 741 0 46209747 39.775971
-Trial 742 0 46209747 39.791034
-Trial 743 0 46209747 39.805994
-Trial 744 0 46209747 39.843165
-Trial 745 0 46209747 39.854589
-Trial 746 0 46209747 39.855473
-Trial 747 0 46209747 39.867415
-Trial 748 0 46209747 39.905917
-Trial 749 0 46209747 39.920234
-Trial 750 0 46209747 39.928206
-Trial 751 0 46209747 39.941263
-Trial 752 0 46209747 39.968027
-Trial 753 0 46209747 39.973762
-Trial 754 0 46209747 39.978442
-Trial 755 0 46209747 39.981312
-Trial 756 0 46209747 40.067458
-Trial 757 0 46209747 40.074272
-Trial 758 0 46209747 40.098499
-Trial 759 0 46209747 40.100643
-Trial 760 0 46209747 40.110430
-Trial 761 0 46209747 40.116350
-Trial 762 0 46209747 40.133006
-Trial 763 0 46209747 40.625811
-Trial 764 0 46209747 40.662982
-Trial 765 0 46209747 40.690966
-Trial 766 0 46209747 40.706372
-Trial 767 0 46209747 40.713205
-Trial 768 0 46209747 40.742796
-Trial 769 0 46209747 40.747532
-Trial 770 0 46209747 40.752786
-Trial 771 0 46209747 40.763126
-Trial 772 0 46209747 40.831775
-Trial 773 0 46209747 40.843349
-Trial 774 0 46209747 40.847183
-Trial 775 0 46209747 40.862429
* 776: Cost = 0_46206625, Time = 37.58 sec. 
-Trial 776 0 46206625 40.915829
-Trial 777 0 46206625 40.944225
-Trial 778 0 46206625 41.034590
-Trial 779 0 46206625 41.035412
-Trial 780 0 46206625 41.055974
-Trial 781 0 46206625 41.066194
-Trial 782 0 46206625 41.071810
-Trial 783 0 46206625 41.087677
-Trial 784 0 46206625 41.103303
-Trial 785 0 46206625 41.148605
-Trial 786 0 46206625 41.169775
-Trial 787 0 46206625 41.174800
-Trial 788 0 46206625 41.207035
-Trial 789 0 46206625 41.321176
-Trial 790 0 46206625 41.336588
-Trial 791 0 46206625 41.352014
-Trial 792 0 46206625 41.372166
-Trial 793 0 46206625 41.401701
-Trial 794 0 46206625 41.517650
-Trial 795 0 46206625 41.575795
-Trial 796 0 46206625 41.589837
-Trial 797 0 46206625 41.624067
-Trial 798 0 46206625 41.640356
-Trial 799 0 46206625 41.679493
-Trial 800 0 46206625 41.738783
-Trial 801 0 46206625 41.752771
-Trial 802 0 46206625 41.807935
-Trial 803 0 46206625 41.845335
-Trial 804 0 46206625 41.973100
* 805: Cost = 0_46192256, Time = 38.65 sec. 
-Trial 805 0 46192256 41.986509
-Trial 806 0 46192256 42.004428
-Trial 807 0 46192256 42.037298
-Trial 808 0 46192256 42.048442
-Trial 809 0 46192256 42.060822
-Trial 810 0 46192256 42.072912
-Trial 811 0 46192256 42.088420
-Trial 812 0 46192256 42.183035
-Trial 813 0 46192256 42.251307
-Trial 814 0 46192256 42.340359
-Trial 815 0 46192256 42.343112
-Trial 816 0 46192256 42.491194
-Trial 817 0 46192256 42.509042
-Trial 818 0 46192256 42.528953
-Trial 819 0 46192256 42.535137
-Trial 820 0 46192256 42.560239
-Trial 821 0 46192256 42.615968
-Trial 822 0 46192256 42.636867
* 823: Cost = 0_46190689, Time = 39.32 sec. 
-Trial 823 0 46190689 42.650875
* 824: Cost = 0_46186405, Time = 39.33 sec. 
-Trial 824 0 46186405 42.658963
-Trial 825 0 46186405 42.683774
-Trial 826 0 46186405 42.695733
-Trial 827 0 46186405 42.706058
-Trial 828 0 46186405 42.709865
-Trial 829 0 46186405 42.713662
-Trial 830 0 46186405 42.725042
-Trial 831 0 46186405 42.758749
-Trial 832 0 46186405 42.823089
-Trial 833 0 46186405 42.897815
-Trial 834 0 46186405 42.911314
-Trial 835 0 46186405 42.917453
-Trial 836 0 46186405 42.936154
-Trial 837 0 46186405 42.957142
-Trial 838 0 46186405 42.990510
-Trial 839 0 46186405 43.063989
-Trial 840 0 46186405 43.123908
-Trial 841 0 46186405 43.137351
-Trial 842 0 46186405 43.174688
-Trial 843 0 46186405 43.177344
-Trial 844 0 46186405 43.193343
-Trial 845 0 46186405 43.242853
-Trial 846 0 46186405 43.276951
-Trial 847 0 46186405 43.286365
-Trial 848 0 46186405 43.291914
-Trial 849 0 46186405 43.296936
-Trial 850 0 46186405 43.308949
-Trial 851 0 46186405 43.331502
-Trial 852 0 46186405 43.375259
-Trial 853 0 46186405 43.420789
-Trial 854 0 46186405 43.423705
-Trial 855 0 46186405 43.547319
-Trial 856 0 46186405 43.551146
-Trial 857 0 46186405 43.560869
-Trial 858 0 46186405 43.570733
-Trial 859 0 46186405 43.588360
-Trial 860 0 46186405 43.647256
-Trial 861 0 46186405 43.715054
-Trial 862 0 46186405 43.739919
-Trial 863 0 46186405 43.782715
-Trial 864 0 46186405 43.790896
-Trial 865 0 46186405 43.835862
-Trial 866 0 46186405 43.859728
-Trial 867 0 46186405 43.893952
-Trial 868 0 46186405 43.918547
-Trial 869 0 46186405 43.933479
-Trial 870 0 46186405 43.957016
-Trial 871 0 46186405 43.974488
-Trial 872 0 46186405 44.027890
-Trial 873 0 46186405 44.046271
-Trial 874 0 46186405 44.055972
-Trial 875 0 46186405 44.062549
-Trial 876 0 46186405 44.109758
-Trial 877 0 46186405 44.115780
-Trial 878 0 46186405 44.142261
-Trial 879 0 46186405 44.160323
-Trial 880 0 46186405 44.165998
-Trial 881 0 46186405 44.167730
-Trial 882 0 46186405 44.200872
-Trial 883 0 46186405 44.224124
-Trial 884 0 46186405 44.229480
-Trial 885 0 46186405 44.236505
-Trial 886 0 46186405 44.248642
-Trial 887 0 46186405 44.305401
-Trial 888 0 46186405 44.328622
-Trial 889 0 46186405 44.470816
-Trial 890 0 46186405 44.491209
-Trial 891 0 46186405 44.596371
-Trial 892 0 46186405 44.683997
-Trial 893 0 46186405 44.687599
-Trial 894 0 46186405 44.751979
-Trial 895 0 46186405 44.759071
-Trial 896 0 46186405 44.797764
-Trial 897 0 46186405 44.803526
-Trial 898 0 46186405 44.885501
-Trial 899 0 46186405 44.888823
-Trial 900 0 46186405 44.937016
-Trial 901 0 46186405 45.051410
-Trial 902 0 46186405 45.075671
* 903: Cost = 0_46102436, Time = 41.77 sec. 
-Trial 903 0 46102436 45.102717
-Trial 904 0 46102436 45.115112
-Trial 905 0 46102436 45.126468
-Trial 906 0 46102436 45.133350
-Trial 907 0 46102436 45.140275
-Trial 908 0 46102436 45.307964
-Trial 909 0 46102436 45.325252
-Trial 910 0 46102436 45.472088
-Trial 911 0 46102436 45.521509
-Trial 912 0 46102436 45.556179
-Trial 913 0 46102436 45.559557
-Trial 914 0 46102436 45.561069
-Trial 915 0 46102436 45.583732
-Trial 916 0 46102436 45.649310
-Trial 917 0 46102436 45.667506
-Trial 918 0 46102436 45.673593
-Trial 919 0 46102436 45.702460
-Trial 920 0 46102436 45.766632
-Trial 921 0 46102436 45.793800
-Trial 922 0 46102436 45.829134
-Trial 923 0 46102436 45.849101
-Trial 924 0 46102436 45.866368
-Trial 925 0 46102436 45.900714
-Trial 926 0 46102436 45.916234
-Trial 927 0 46102436 45.930664
-Trial 928 0 46102436 45.986549
-Trial 929 0 46102436 46.003398
-Trial 930 0 46102436 46.030043
-Trial 931 0 46102436 46.147111
-Trial 932 0 46102436 46.169578
-Trial 933 0 46102436 46.280751
-Trial 934 0 46102436 46.286516
-Trial 935 0 46102436 46.291274
-Trial 936 0 46102436 46.302669
-Trial 937 0 46102436 46.311287
-Trial 938 0 46102436 46.329007
-Trial 939 0 46102436 46.359030
-Trial 940 0 46102436 46.368837
-Trial 941 0 46102436 46.375999
-Trial 942 0 46102436 46.385714
-Trial 943 0 46102436 46.391446
-Trial 944 0 46102436 46.426477
-Trial 945 0 46102436 46.505825
-Trial 946 0 46102436 46.541151
-Trial 947 0 46102436 46.570941
-Trial 948 0 46102436 46.632612
-Trial 949 0 46102436 46.682476
-Trial 950 0 46102436 46.691672
-Trial 951 0 46102436 46.718531
-Trial 952 0 46102436 46.843328
-Trial 953 0 46102436 46.856695
-Trial 954 0 46102436 46.916184
-Trial 955 0 46102436 46.945030
-Trial 956 0 46102436 47.034657
-Trial 957 0 46102436 47.078382
* 958: Cost = 0_46098388, Time = 43.75 sec. 
-Trial 958 0 46098388 47.083186
-Trial 959 0 46098388 47.087499
-Trial 960 0 46098388 47.128436
-Trial 961 0 46098388 47.223885
-Trial 962 0 46098388 47.227127
-Trial 963 0 46098388 47.274526
-Trial 964 0 46098388 47.321871
-Trial 965 0 46098388 47.361320
-Trial 966 0 46098388 47.371110
-Trial 967 0 46098388 47.403916
-Trial 968 0 46098388 47.416850
-Trial 969 0 46098388 47.424607
-Trial 970 0 46098388 47.470641
-Trial 971 0 46098388 47.507194
-Trial 972 0 46098388 47.622795
-Trial 973 0 46098388 47.634792
-Trial 974 0 46098388 47.642704
-Trial 975 0 46098388 47.650445
* 976: Cost = 0_46087563, Time = 44.33 sec. 
-Trial 976 0 46087563 47.658898
-Trial 977 0 46087563 47.686393
-Trial 978 0 46087563 47.714127
-Trial 979 0 46087563 47.820349
-Trial 980 0 46087563 47.844593
-Trial 981 0 46087563 47.863271
-Trial 982 0 46087563 47.872936
-Trial 983 0 46087563 47.882361
-Trial 984 0 46087563 47.890586
-Trial 985 0 46087563 47.941294
-Trial 986 0 46087563 48.014222
-Trial 987 0 46087563 48.022684
-Trial 988 0 46087563 48.063470
-Trial 989 0 46087563 48.080015
-Trial 990 0 46087563 48.099724
-Trial 991 0 46087563 48.102933
-Trial 992 0 46087563 48.110466
-Trial 993 0 46087563 48.157204
-Trial 994 0 46087563 48.190489
-Trial 995 0 46087563 48.195575
-Trial 996 0 46087563 48.213495
-Trial 997 0 46087563 48.221528
-Trial 998 0 46087563 48.243010
-Trial 999 0 46087563 48.262771
-Trial 1000 0 46087563 48.263788
Population:
  1: 0_46087563
Run 1: Cost = 0_46087563, Time = 44.93 sec. 

Successes/Runs = 0/1 
Cost.min = 46087563, Cost.avg = 46087563.00, Cost.max = 46087563
Gap.min = 0.0000%, Gap.avg = 0.0000%, Gap.max = 0.0000%
Penalty.min = 0, Penalty.avg = 0.00, Penalty.max = 0
Trials.min = 1000, Trials.avg = 1000.0, Trials.max = 1000
Time.min = 44.93 sec., Time.avg = 44.93 sec., Time.max = 44.93 sec.
Time.total = 48.26 sec.
  Size.min = 9, Size.max = 36, Penalty = 0
  Cost.min = 401124, Cost.max = 3763513, Cost.sum = 46087563
Best CVRPTW solution:
  Cost = 0_46087563
1 201 132 69 161 323 465 204 173 484 105 318 439 330 205 321 499 234 175 117 361 247 290 350 450 298 224 322 274 22 275 226 507 459 104 91 46 195 286 220 52 182 159 134 171 228 433 435 421 163 208 366 116 133 20 156 82 305 503 316 4 217 302 428 60 493 319 383 203 198 331 333 73 35 403 352 19 381 15 344 102 244 464 252 100 26 62 513 401 186 71 103 166 121 494 72 137 227 111 74 187 233 270 413 207 89 473 143 110 50 10 279 358 287 36 449 306 504 310 370 307 118 474 41 264 221 445 339 255 487 21 362 218 482 65 408 404 42 63 431 45 345 7 126 371 517 210 24 334 388 231 300 3 414 167 519 453 29 9 357 197 154 456 380 216 43 324 214 387 417 165 396 349 135 447 131 376 466 158 273 209 510 199 153 189 266 257 416 436 85 325 367 379 430 162 55 178 194 332 355 141 128 458 384 40 511 57 470 308 327 75 282 411 374 259 489 265 59 492 28 432 369 375 328 281 238 80 412 479 223 96 364 309 394 338 440 320 296 347 463 14 256 518 11 211 213 382 390 94 326 434 251 343 263 30 25 477 122 426 180 125 500 303 385 462 34 64 467 99 509 146 31 429 106 83 317 452 410 179 2 140 237 295 160 241 5 27 76 123 120 402 491 98 188 202 147 512 87 483 335 184 346 168 293 185 271 66 246 130 341 101 342 212 442 373 356 51 472 292 497 215 18 157 471 340 139 515 368 150 17 365 113 33 114 67 468 386 283 451 288 441 418 172 516 56 476 400 337 169 229 108 405 424 112 70 93 84 77 444 486 425 505 170 354 191 155 48 222 460 278 391 49 138 6 16 176 115 248 193 152 145 261 260 301 190 285 284 514 8 142 488 235 243 258 498 395 68 272 90 443 407 61 254 144 81 294 250 88 480 348 415 311 315 196 378 44 232 32 127 119 520 148 37 149 312 183 454 240 136 249 423 245 95 38 360 393 109 124 502 299 12 377 107 336 446 438 475 39 481 177 419 461 230 420 239 304 437 200 192 277 506 92 422 253 219 23 164 427 363 269 181 455 280 53 242 78 478 399 267 206 457 58 485 495 54 313 268 97 151 508 129 291 490 398 409 448 86 79 174 359 47 329 276 289 314 397 406 236 262 389 372 13 501 496 392 469 351 225 353 297 1 
