PARAMETER_FILE = result/cvrptw_500/LKH_para/804.para
Reading PROBLEM_FILE: "result/cvrptw_500/cvrptw/804.cvrptw" ... done
ASCENT_CANDIDATES = 50
BACKBONE_TRIALS = 0
BACKTRACKING = NO
# BWTSP =
# CANDIDATE_FILE =
CANDIDATE_SET_TYPE = ALPHA
DEPOT = 1
# EDGE_FILE =
EXCESS = 0.0384615
EXTERNAL_SALESMEN = 0
EXTRA_CANDIDATES = 0 
EXTRA_CANDIDATE_SET_TYPE = QUADRANT
GAIN23 = NO
GAIN_CRITERION = YES
INITIAL_PERIOD = 520
INITIAL_STEP_SIZE = 1
INITIAL_TOUR_ALGORITHM = WALK
# INITIAL_TOUR_FILE = 
INITIAL_TOUR_FRACTION = 1.000
# INPUT_TOUR_FILE = 
KICK_TYPE = 4
KICKS = 1
# MAX_BREADTH =
MAKESPAN = NO
MAX_CANDIDATES = 5 
MAX_SWAPS = 0
MAX_TRIALS = 1000
# MERGE_TOUR_FILE =
MOVE_TYPE = 5 SPECIAL
MTSP_MIN_SIZE = 1
MTSP_MAX_SIZE = 1039
# MTSP_SOLUTION_FILE = 
# NONSEQUENTIAL_MOVE_TYPE = 5
# OPTIMUM =
# OUTPUT_TOUR_FILE = 
PATCHING_A = 1 
PATCHING_C = 0 
# PI_FILE = 
POPMUSIC_INITIAL_TOUR = NO
POPMUSIC_MAX_NEIGHBORS = 5
POPMUSIC_SAMPLE_SIZE = 10
POPMUSIC_SOLUTIONS = 50
POPMUSIC_TRIALS = 1
POPULATION_SIZE = 10
PRECISION = 100
PROBLEM_FILE = result/cvrptw_500/cvrptw/804.cvrptw
RECOMBINATION = IPT
RESTRICTED_SEARCH = YES
RUNS = 1
SALESMEN = 20
SCALE = 1
SEED = 1234
# SINTEF_SOLUTION_FILE = 
STOP_AT_OPTIMUM = YES
SUBGRADIENT = YES
# SUBPROBLEM_SIZE =
# SUBPROBLEM_TOUR_FILE = 
SUBSEQUENT_MOVE_TYPE = 5 SPECIAL
SUBSEQUENT_PATCHING = YES
# TIME_LIMIT =
# TOUR_FILE = 
TRACE_LEVEL = 1
VEHICLES = 20

Lower bound = 25575573.8, Ascent time = 2.17 sec.
Cand.min = 5, Cand.avg = 5.0, Cand.max = 5
Edges.fixed = 520 [Cost = 0]
Preprocessing time = 2.25 sec.
* 1: Cost = 0_59969508, Time = 3.70 sec. 
-Trial 1 0 59969508 5.962971
* 2: Cost = 0_59307310, Time = 3.86 sec. 
-Trial 2 0 59307310 6.116281
* 3: Cost = 0_59215690, Time = 3.87 sec. 
-Trial 3 0 59215690 6.126888
* 4: Cost = 0_58156729, Time = 3.87 sec. 
-Trial 4 0 58156729 6.133618
* 5: Cost = 0_58018582, Time = 3.89 sec. 
-Trial 5 0 58018582 6.145488
* 6: Cost = 0_57751111, Time = 3.91 sec. 
-Trial 6 0 57751111 6.165723
-Trial 7 0 57751111 6.196034
* 8: Cost = 0_57664058, Time = 4.03 sec. 
-Trial 8 0 57664058 6.289841
-Trial 9 0 57664058 6.295348
* 10: Cost = 0_57659400, Time = 4.07 sec. 
-Trial 10 0 57659400 6.330181
* 11: Cost = 0_57550555, Time = 4.14 sec. 
-Trial 11 0 57550555 6.399692
-Trial 12 0 57550555 6.417332
-Trial 13 0 57550555 6.421406
* 14: Cost = 0_57425206, Time = 4.17 sec. 
-Trial 14 0 57425206 6.424499
* 15: Cost = 0_57343119, Time = 4.23 sec. 
-Trial 15 0 57343119 6.490939
-Trial 16 0 57343119 6.528284
-Trial 17 0 57343119 6.528877
-Trial 18 0 57343119 6.529662
-Trial 19 0 57343119 6.559430
* 20: Cost = 0_57088861, Time = 4.34 sec. 
-Trial 20 0 57088861 6.604428
-Trial 21 0 57088861 6.797272
* 22: Cost = 0_57028103, Time = 4.60 sec. 
-Trial 22 0 57028103 6.858205
-Trial 23 0 57028103 6.928108
-Trial 24 0 57028103 6.953013
-Trial 25 0 57028103 6.958599
* 26: Cost = 0_56421387, Time = 4.81 sec. 
-Trial 26 0 56421387 7.065306
-Trial 27 0 56421387 7.100728
-Trial 28 0 56421387 7.138757
-Trial 29 0 56421387 7.144485
-Trial 30 0 56421387 7.257852
* 31: Cost = 0_55861488, Time = 5.07 sec. 
-Trial 31 0 55861488 7.326086
-Trial 32 0 55861488 7.393083
* 33: Cost = 0_55678029, Time = 5.31 sec. 
-Trial 33 0 55678029 7.569080
* 34: Cost = 0_55260103, Time = 5.35 sec. 
-Trial 34 0 55260103 7.606902
-Trial 35 0 55260103 7.655260
* 36: Cost = 0_55021658, Time = 5.43 sec. 
-Trial 36 0 55021658 7.685225
* 37: Cost = 0_55014937, Time = 5.43 sec. 
-Trial 37 0 55014937 7.691277
-Trial 38 0 55014937 7.734717
* 39: Cost = 0_54936497, Time = 5.53 sec. 
-Trial 39 0 54936497 7.791510
-Trial 40 0 54936497 7.820433
* 41: Cost = 0_54878243, Time = 5.59 sec. 
-Trial 41 0 54878243 7.844882
-Trial 42 0 54878243 7.853925
* 43: Cost = 0_54338232, Time = 5.63 sec. 
-Trial 43 0 54338232 7.891566
-Trial 44 0 54338232 7.962042
* 45: Cost = 0_54329194, Time = 5.71 sec. 
-Trial 45 0 54329194 7.966344
* 46: Cost = 0_54283564, Time = 5.75 sec. 
-Trial 46 0 54283564 8.008403
-Trial 47 0 54283564 8.012040
-Trial 48 0 54283564 8.025979
-Trial 49 0 54283564 8.105385
* 50: Cost = 0_53548990, Time = 5.90 sec. 
-Trial 50 0 53548990 8.164408
-Trial 51 0 53548990 8.166116
* 52: Cost = 0_53389020, Time = 6.27 sec. 
-Trial 52 0 53389020 8.525369
* 53: Cost = 0_53297569, Time = 6.33 sec. 
-Trial 53 0 53297569 8.594182
-Trial 54 0 53297569 8.680795
* 55: Cost = 0_53126670, Time = 6.46 sec. 
-Trial 55 0 53126670 8.714538
-Trial 56 0 53126670 8.726767
* 57: Cost = 0_53122438, Time = 6.49 sec. 
-Trial 57 0 53122438 8.747157
* 58: Cost = 0_53107812, Time = 6.53 sec. 
-Trial 58 0 53107812 8.785401
-Trial 59 0 53107812 8.798416
* 60: Cost = 0_53104764, Time = 6.57 sec. 
-Trial 60 0 53104764 8.832390
-Trial 61 0 53104764 8.836965
-Trial 62 0 53104764 8.849826
-Trial 63 0 53104764 8.876280
-Trial 64 0 53104764 8.892917
-Trial 65 0 53104764 9.199456
* 66: Cost = 0_52917595, Time = 7.02 sec. 
-Trial 66 0 52917595 9.276002
* 67: Cost = 0_52893321, Time = 7.03 sec. 
-Trial 67 0 52893321 9.285814
-Trial 68 0 52893321 9.289028
-Trial 69 0 52893321 9.298495
-Trial 70 0 52893321 9.328652
* 71: Cost = 0_52878323, Time = 7.07 sec. 
-Trial 71 0 52878323 9.333721
-Trial 72 0 52878323 9.404842
-Trial 73 0 52878323 9.567607
* 74: Cost = 0_52742597, Time = 7.36 sec. 
-Trial 74 0 52742597 9.617720
* 75: Cost = 0_52648717, Time = 7.37 sec. 
-Trial 75 0 52648717 9.634202
-Trial 76 0 52648717 9.672087
-Trial 77 0 52648717 9.739270
-Trial 78 0 52648717 9.743775
* 79: Cost = 0_52624461, Time = 7.61 sec. 
-Trial 79 0 52624461 9.872983
-Trial 80 0 52624461 9.917025
* 81: Cost = 0_52500655, Time = 7.78 sec. 
-Trial 81 0 52500655 10.037288
-Trial 82 0 52500655 10.084265
* 83: Cost = 0_52493706, Time = 7.85 sec. 
-Trial 83 0 52493706 10.104966
-Trial 84 0 52493706 10.168424
-Trial 85 0 52493706 10.185625
* 86: Cost = 0_52366588, Time = 8.02 sec. 
-Trial 86 0 52366588 10.278227
* 87: Cost = 0_52341743, Time = 8.02 sec. 
-Trial 87 0 52341743 10.281797
-Trial 88 0 52341743 10.301699
* 89: Cost = 0_52256046, Time = 8.05 sec. 
-Trial 89 0 52256046 10.310003
-Trial 90 0 52256046 10.319417
-Trial 91 0 52256046 10.434618
-Trial 92 0 52256046 10.464025
-Trial 93 0 52256046 10.469242
-Trial 94 0 52256046 10.494525
* 95: Cost = 0_51846012, Time = 8.30 sec. 
-Trial 95 0 51846012 10.558929
-Trial 96 0 51846012 10.586304
-Trial 97 0 51846012 10.642736
-Trial 98 0 51846012 10.660643
-Trial 99 0 51846012 10.819165
-Trial 100 0 51846012 10.863161
-Trial 101 0 51846012 10.921602
* 102: Cost = 0_51623705, Time = 8.70 sec. 
-Trial 102 0 51623705 10.957808
-Trial 103 0 51623705 10.995716
-Trial 104 0 51623705 11.016904
* 105: Cost = 0_51574868, Time = 8.79 sec. 
-Trial 105 0 51574868 11.054216
-Trial 106 0 51574868 11.063736
-Trial 107 0 51574868 11.073626
-Trial 108 0 51574868 11.092007
* 109: Cost = 0_51256811, Time = 8.89 sec. 
-Trial 109 0 51256811 11.146867
-Trial 110 0 51256811 11.156610
* 111: Cost = 0_51251800, Time = 8.96 sec. 
-Trial 111 0 51251800 11.223482
-Trial 112 0 51251800 11.287638
* 113: Cost = 0_51251044, Time = 9.04 sec. 
-Trial 113 0 51251044 11.299870
-Trial 114 0 51251044 11.309632
-Trial 115 0 51251044 11.313579
-Trial 116 0 51251044 11.314675
* 117: Cost = 0_50965886, Time = 9.12 sec. 
-Trial 117 0 50965886 11.383917
-Trial 118 0 50965886 11.398678
* 119: Cost = 0_50857721, Time = 9.18 sec. 
-Trial 119 0 50857721 11.435596
-Trial 120 0 50857721 11.485035
* 121: Cost = 0_50829977, Time = 9.25 sec. 
-Trial 121 0 50829977 11.504951
-Trial 122 0 50829977 11.519750
* 123: Cost = 0_50770294, Time = 9.29 sec. 
-Trial 123 0 50770294 11.544705
* 124: Cost = 0_50521442, Time = 9.31 sec. 
-Trial 124 0 50521442 11.572884
-Trial 125 0 50521442 11.653487
-Trial 126 0 50521442 11.667508
-Trial 127 0 50521442 11.690390
-Trial 128 0 50521442 11.707388
-Trial 129 0 50521442 11.762018
-Trial 130 0 50521442 11.777762
-Trial 131 0 50521442 11.837416
-Trial 132 0 50521442 11.860097
* 133: Cost = 0_50486258, Time = 9.63 sec. 
-Trial 133 0 50486258 11.889333
* 134: Cost = 0_50350760, Time = 9.69 sec. 
-Trial 134 0 50350760 11.954448
* 135: Cost = 0_50154308, Time = 9.71 sec. 
-Trial 135 0 50154308 11.967291
-Trial 136 0 50154308 11.976677
* 137: Cost = 0_50021514, Time = 9.81 sec. 
-Trial 137 0 50021514 12.067655
-Trial 138 0 50021514 12.085952
-Trial 139 0 50021514 12.112678
* 140: Cost = 0_49916225, Time = 9.89 sec. 
-Trial 140 0 49916225 12.148726
-Trial 141 0 49916225 12.153032
-Trial 142 0 49916225 12.176898
* 143: Cost = 0_49913545, Time = 9.93 sec. 
-Trial 143 0 49913545 12.192702
-Trial 144 0 49913545 12.197967
-Trial 145 0 49913545 12.256238
-Trial 146 0 49913545 12.261728
-Trial 147 0 49913545 12.262513
-Trial 148 0 49913545 12.278046
* 149: Cost = 0_49833091, Time = 10.05 sec. 
-Trial 149 0 49833091 12.310450
-Trial 150 0 49833091 12.326345
-Trial 151 0 49833091 12.382812
* 152: Cost = 0_49819552, Time = 10.15 sec. 
-Trial 152 0 49819552 12.409727
* 153: Cost = 0_49656937, Time = 10.15 sec. 
-Trial 153 0 49656937 12.414281
* 154: Cost = 0_49646487, Time = 10.25 sec. 
-Trial 154 0 49646487 12.509985
* 155: Cost = 0_49616222, Time = 10.26 sec. 
-Trial 155 0 49616222 12.518717
-Trial 156 0 49616222 12.532856
-Trial 157 0 49616222 12.574692
-Trial 158 0 49616222 12.625043
-Trial 159 0 49616222 12.626382
-Trial 160 0 49616222 12.660606
-Trial 161 0 49616222 12.714980
* 162: Cost = 0_49566311, Time = 10.48 sec. 
-Trial 162 0 49566311 12.743940
* 163: Cost = 0_49504563, Time = 10.51 sec. 
-Trial 163 0 49504563 12.768036
-Trial 164 0 49504563 12.780650
-Trial 165 0 49504563 12.830937
-Trial 166 0 49504563 12.834300
* 167: Cost = 0_49493611, Time = 10.58 sec. 
-Trial 167 0 49493611 12.841886
-Trial 168 0 49493611 12.852128
-Trial 169 0 49493611 12.869486
-Trial 170 0 49493611 12.911892
* 171: Cost = 0_49297003, Time = 10.66 sec. 
-Trial 171 0 49297003 12.916055
-Trial 172 0 49297003 12.959541
-Trial 173 0 49297003 13.061907
-Trial 174 0 49297003 13.068011
-Trial 175 0 49297003 13.078562
-Trial 176 0 49297003 13.178381
-Trial 177 0 49297003 13.182360
-Trial 178 0 49297003 13.250005
-Trial 179 0 49297003 13.259492
-Trial 180 0 49297003 13.269638
-Trial 181 0 49297003 13.437693
-Trial 182 0 49297003 13.445943
-Trial 183 0 49297003 13.459594
-Trial 184 0 49297003 13.461813
-Trial 185 0 49297003 13.586210
-Trial 186 0 49297003 13.602631
-Trial 187 0 49297003 13.608806
-Trial 188 0 49297003 13.630792
-Trial 189 0 49297003 13.644411
* 190: Cost = 0_49044646, Time = 11.39 sec. 
-Trial 190 0 49044646 13.651188
* 191: Cost = 0_49029222, Time = 11.42 sec. 
-Trial 191 0 49029222 13.677091
* 192: Cost = 0_48982431, Time = 11.44 sec. 
-Trial 192 0 48982431 13.695822
* 193: Cost = 0_48933166, Time = 11.52 sec. 
-Trial 193 0 48933166 13.781531
-Trial 194 0 48933166 13.889149
-Trial 195 0 48933166 13.907295
-Trial 196 0 48933166 13.942069
-Trial 197 0 48933166 13.959254
-Trial 198 0 48933166 13.971329
-Trial 199 0 48933166 13.975010
-Trial 200 0 48933166 13.997654
-Trial 201 0 48933166 14.079070
-Trial 202 0 48933166 14.086349
-Trial 203 0 48933166 14.109540
-Trial 204 0 48933166 14.127380
-Trial 205 0 48933166 14.158895
-Trial 206 0 48933166 14.213835
-Trial 207 0 48933166 14.222417
-Trial 208 0 48933166 14.226408
* 209: Cost = 0_48888504, Time = 11.98 sec. 
-Trial 209 0 48888504 14.241769
* 210: Cost = 0_48817069, Time = 12.07 sec. 
-Trial 210 0 48817069 14.330503
-Trial 211 0 48817069 14.431036
-Trial 212 0 48817069 14.436288
-Trial 213 0 48817069 14.441304
* 214: Cost = 0_48812096, Time = 12.19 sec. 
-Trial 214 0 48812096 14.453507
* 215: Cost = 0_48774236, Time = 12.20 sec. 
-Trial 215 0 48774236 14.462859
-Trial 216 0 48774236 14.477890
-Trial 217 0 48774236 14.498044
-Trial 218 0 48774236 14.516251
-Trial 219 0 48774236 14.528088
-Trial 220 0 48774236 14.534505
-Trial 221 0 48774236 14.552006
-Trial 222 0 48774236 14.574211
-Trial 223 0 48774236 14.579319
* 224: Cost = 0_48723310, Time = 12.33 sec. 
-Trial 224 0 48723310 14.590902
-Trial 225 0 48723310 14.621730
-Trial 226 0 48723310 14.638784
-Trial 227 0 48723310 14.665885
* 228: Cost = 0_48673898, Time = 12.47 sec. 
-Trial 228 0 48673898 14.724593
* 229: Cost = 0_48642845, Time = 12.47 sec. 
-Trial 229 0 48642845 14.727777
-Trial 230 0 48642845 14.750918
-Trial 231 0 48642845 14.758436
-Trial 232 0 48642845 14.758992
-Trial 233 0 48642845 14.759650
-Trial 234 0 48642845 14.787736
-Trial 235 0 48642845 14.810026
-Trial 236 0 48642845 14.839353
-Trial 237 0 48642845 14.854075
-Trial 238 0 48642845 14.892774
-Trial 239 0 48642845 14.933180
-Trial 240 0 48642845 14.959999
-Trial 241 0 48642845 14.965096
-Trial 242 0 48642845 14.969696
* 243: Cost = 0_48457883, Time = 12.73 sec. 
-Trial 243 0 48457883 14.993832
-Trial 244 0 48457883 15.015937
-Trial 245 0 48457883 15.025876
-Trial 246 0 48457883 15.035776
-Trial 247 0 48457883 15.051745
-Trial 248 0 48457883 15.073836
-Trial 249 0 48457883 15.095995
* 250: Cost = 0_48439260, Time = 12.84 sec. 
-Trial 250 0 48439260 15.101256
-Trial 251 0 48439260 15.119966
-Trial 252 0 48439260 15.124435
* 253: Cost = 0_48388575, Time = 12.88 sec. 
-Trial 253 0 48388575 15.138531
-Trial 254 0 48388575 15.160025
-Trial 255 0 48388575 15.225898
-Trial 256 0 48388575 15.247472
-Trial 257 0 48388575 15.263931
-Trial 258 0 48388575 15.372505
-Trial 259 0 48388575 15.397591
-Trial 260 0 48388575 15.413222
-Trial 261 0 48388575 15.465400
-Trial 262 0 48388575 15.472880
-Trial 263 0 48388575 15.487076
-Trial 264 0 48388575 15.509723
-Trial 265 0 48388575 15.533485
-Trial 266 0 48388575 15.564014
-Trial 267 0 48388575 15.621454
-Trial 268 0 48388575 15.624755
-Trial 269 0 48388575 15.642231
-Trial 270 0 48388575 15.649362
-Trial 271 0 48388575 15.667423
-Trial 272 0 48388575 15.674657
-Trial 273 0 48388575 15.740072
-Trial 274 0 48388575 15.751138
-Trial 275 0 48388575 15.822727
-Trial 276 0 48388575 15.950469
-Trial 277 0 48388575 15.981112
-Trial 278 0 48388575 16.001295
-Trial 279 0 48388575 16.034462
* 280: Cost = 0_48369507, Time = 13.83 sec. 
-Trial 280 0 48369507 16.084837
-Trial 281 0 48369507 16.707850
-Trial 282 0 48369507 16.722188
* 283: Cost = 0_48313692, Time = 14.62 sec. 
-Trial 283 0 48313692 16.881597
-Trial 284 0 48313692 16.992797
-Trial 285 0 48313692 17.068888
-Trial 286 0 48313692 17.091833
-Trial 287 0 48313692 17.114862
-Trial 288 0 48313692 17.162902
-Trial 289 0 48313692 17.193232
-Trial 290 0 48313692 17.197699
-Trial 291 0 48313692 17.199355
-Trial 292 0 48313692 17.210714
-Trial 293 0 48313692 17.218183
-Trial 294 0 48313692 17.258445
-Trial 295 0 48313692 17.303158
-Trial 296 0 48313692 17.312813
-Trial 297 0 48313692 17.350598
* 298: Cost = 0_48259709, Time = 15.11 sec. 
-Trial 298 0 48259709 17.366862
-Trial 299 0 48259709 17.376625
-Trial 300 0 48259709 17.398795
-Trial 301 0 48259709 17.449251
-Trial 302 0 48259709 17.455424
-Trial 303 0 48259709 17.784854
-Trial 304 0 48259709 17.816311
-Trial 305 0 48259709 17.842325
-Trial 306 0 48259709 17.853257
-Trial 307 0 48259709 17.967705
-Trial 308 0 48259709 17.972095
-Trial 309 0 48259709 17.983493
-Trial 310 0 48259709 18.059722
-Trial 311 0 48259709 18.074612
-Trial 312 0 48259709 18.086161
-Trial 313 0 48259709 18.102852
-Trial 314 0 48259709 18.108441
* 315: Cost = 0_48226702, Time = 15.85 sec. 
-Trial 315 0 48226702 18.111358
-Trial 316 0 48226702 18.118697
-Trial 317 0 48226702 18.167857
-Trial 318 0 48226702 18.171191
-Trial 319 0 48226702 18.249811
* 320: Cost = 0_48216785, Time = 16.01 sec. 
-Trial 320 0 48216785 18.271295
-Trial 321 0 48216785 18.288942
-Trial 322 0 48216785 18.380624
-Trial 323 0 48216785 18.425061
* 324: Cost = 0_48214996, Time = 16.17 sec. 
-Trial 324 0 48214996 18.433093
* 325: Cost = 0_48099592, Time = 16.28 sec. 
-Trial 325 0 48099592 18.534806
* 326: Cost = 0_48051806, Time = 16.28 sec. 
-Trial 326 0 48051806 18.539121
-Trial 327 0 48051806 18.547307
-Trial 328 0 48051806 18.611779
-Trial 329 0 48051806 18.623376
-Trial 330 0 48051806 18.629024
-Trial 331 0 48051806 18.683929
-Trial 332 0 48051806 18.696569
* 333: Cost = 0_48024734, Time = 16.45 sec. 
-Trial 333 0 48024734 18.704628
-Trial 334 0 48024734 18.707999
-Trial 335 0 48024734 18.718284
-Trial 336 0 48024734 18.733310
-Trial 337 0 48024734 18.738032
-Trial 338 0 48024734 18.744883
-Trial 339 0 48024734 18.761024
-Trial 340 0 48024734 18.773011
* 341: Cost = 0_48000561, Time = 16.53 sec. 
-Trial 341 0 48000561 18.786048
* 342: Cost = 0_47985496, Time = 16.55 sec. 
-Trial 342 0 47985496 18.806229
-Trial 343 0 47985496 18.902856
-Trial 344 0 47985496 18.911752
-Trial 345 0 47985496 18.917315
-Trial 346 0 47985496 18.943386
-Trial 347 0 47985496 19.004531
-Trial 348 0 47985496 19.021870
-Trial 349 0 47985496 19.023974
-Trial 350 0 47985496 19.028321
-Trial 351 0 47985496 19.056988
-Trial 352 0 47985496 19.079824
-Trial 353 0 47985496 19.087897
-Trial 354 0 47985496 19.101684
* 355: Cost = 0_47944480, Time = 16.86 sec. 
-Trial 355 0 47944480 19.117660
-Trial 356 0 47944480 19.135000
-Trial 357 0 47944480 19.264484
-Trial 358 0 47944480 19.268774
-Trial 359 0 47944480 19.282506
-Trial 360 0 47944480 19.362838
-Trial 361 0 47944480 19.451991
-Trial 362 0 47944480 19.457712
-Trial 363 0 47944480 19.462377
-Trial 364 0 47944480 19.472302
-Trial 365 0 47944480 19.481597
* 366: Cost = 0_47944190, Time = 17.24 sec. 
-Trial 366 0 47944190 19.503935
-Trial 367 0 47944190 19.532611
-Trial 368 0 47944190 19.538900
-Trial 369 0 47944190 19.549382
-Trial 370 0 47944190 19.630090
-Trial 371 0 47944190 19.642864
-Trial 372 0 47944190 19.674710
-Trial 373 0 47944190 19.684386
-Trial 374 0 47944190 19.714902
* 375: Cost = 0_47902529, Time = 17.49 sec. 
-Trial 375 0 47902529 19.749378
-Trial 376 0 47902529 19.792115
-Trial 377 0 47902529 19.804074
-Trial 378 0 47902529 19.813666
-Trial 379 0 47902529 19.814729
-Trial 380 0 47902529 19.817822
-Trial 381 0 47902529 19.842173
-Trial 382 0 47902529 19.857685
-Trial 383 0 47902529 19.861134
-Trial 384 0 47902529 19.864459
-Trial 385 0 47902529 19.980589
-Trial 386 0 47902529 20.043601
-Trial 387 0 47902529 20.056415
-Trial 388 0 47902529 20.056861
-Trial 389 0 47902529 20.072497
-Trial 390 0 47902529 20.112474
-Trial 391 0 47902529 20.141247
-Trial 392 0 47902529 20.143718
-Trial 393 0 47902529 20.177579
-Trial 394 0 47902529 20.206048
-Trial 395 0 47902529 20.221551
-Trial 396 0 47902529 20.233897
-Trial 397 0 47902529 20.248007
-Trial 398 0 47902529 20.258560
-Trial 399 0 47902529 20.377083
-Trial 400 0 47902529 20.396217
-Trial 401 0 47902529 20.400654
* 402: Cost = 0_47899440, Time = 18.15 sec. 
-Trial 402 0 47899440 20.407008
-Trial 403 0 47899440 20.432038
-Trial 404 0 47899440 20.592397
-Trial 405 0 47899440 20.640759
-Trial 406 0 47899440 20.658678
-Trial 407 0 47899440 20.660658
-Trial 408 0 47899440 20.685524
-Trial 409 0 47899440 20.711919
-Trial 410 0 47899440 20.734218
-Trial 411 0 47899440 20.741365
-Trial 412 0 47899440 20.854430
* 413: Cost = 0_47841055, Time = 18.61 sec. 
-Trial 413 0 47841055 20.869390
-Trial 414 0 47841055 20.875256
-Trial 415 0 47841055 20.950433
-Trial 416 0 47841055 20.960340
-Trial 417 0 47841055 20.961607
-Trial 418 0 47841055 20.998505
-Trial 419 0 47841055 21.029287
-Trial 420 0 47841055 21.045783
-Trial 421 0 47841055 21.056791
-Trial 422 0 47841055 21.068360
-Trial 423 0 47841055 21.307221
-Trial 424 0 47841055 21.340203
-Trial 425 0 47841055 21.395504
-Trial 426 0 47841055 21.537980
-Trial 427 0 47841055 21.564269
-Trial 428 0 47841055 21.568197
-Trial 429 0 47841055 21.631109
-Trial 430 0 47841055 21.656708
-Trial 431 0 47841055 21.659713
-Trial 432 0 47841055 21.697278
-Trial 433 0 47841055 21.711075
* 434: Cost = 0_47836082, Time = 19.46 sec. 
-Trial 434 0 47836082 21.719035
-Trial 435 0 47836082 21.739493
-Trial 436 0 47836082 21.745500
-Trial 437 0 47836082 21.752538
-Trial 438 0 47836082 21.761145
-Trial 439 0 47836082 21.855859
-Trial 440 0 47836082 21.935143
-Trial 441 0 47836082 21.935988
-Trial 442 0 47836082 21.981418
-Trial 443 0 47836082 21.983855
-Trial 444 0 47836082 22.085142
-Trial 445 0 47836082 22.089651
-Trial 446 0 47836082 22.106868
-Trial 447 0 47836082 22.108315
* 448: Cost = 0_47825681, Time = 19.86 sec. 
-Trial 448 0 47825681 22.122946
-Trial 449 0 47825681 22.170257
-Trial 450 0 47825681 22.218481
-Trial 451 0 47825681 22.231194
-Trial 452 0 47825681 22.267924
-Trial 453 0 47825681 22.299858
-Trial 454 0 47825681 22.336161
-Trial 455 0 47825681 22.336554
-Trial 456 0 47825681 22.449673
-Trial 457 0 47825681 22.520537
-Trial 458 0 47825681 22.656184
-Trial 459 0 47825681 22.683274
-Trial 460 0 47825681 22.699654
-Trial 461 0 47825681 22.779692
-Trial 462 0 47825681 22.824867
-Trial 463 0 47825681 22.912529
-Trial 464 0 47825681 22.921530
-Trial 465 0 47825681 22.937682
-Trial 466 0 47825681 22.958992
-Trial 467 0 47825681 22.963165
-Trial 468 0 47825681 22.983596
-Trial 469 0 47825681 23.077326
* 470: Cost = 0_47442781, Time = 20.91 sec. 
-Trial 470 0 47442781 23.168989
-Trial 471 0 47442781 23.187338
-Trial 472 0 47442781 23.191656
-Trial 473 0 47442781 23.221971
-Trial 474 0 47442781 23.233736
* 475: Cost = 0_47376073, Time = 20.99 sec. 
-Trial 475 0 47376073 23.251203
-Trial 476 0 47376073 23.480714
-Trial 477 0 47376073 23.538641
-Trial 478 0 47376073 23.547467
-Trial 479 0 47376073 23.556155
-Trial 480 0 47376073 23.558429
-Trial 481 0 47376073 23.562317
-Trial 482 0 47376073 23.566729
-Trial 483 0 47376073 23.706254
-Trial 484 0 47376073 23.742992
-Trial 485 0 47376073 23.799581
-Trial 486 0 47376073 23.877256
-Trial 487 0 47376073 23.893177
-Trial 488 0 47376073 23.895254
-Trial 489 0 47376073 23.930470
-Trial 490 0 47376073 24.039860
-Trial 491 0 47376073 24.057819
-Trial 492 0 47376073 24.100829
-Trial 493 0 47376073 24.108483
-Trial 494 0 47376073 24.140430
-Trial 495 0 47376073 24.298247
-Trial 496 0 47376073 24.317900
-Trial 497 0 47376073 24.330611
-Trial 498 0 47376073 24.363863
-Trial 499 0 47376073 24.374048
-Trial 500 0 47376073 24.380363
* 501: Cost = 0_47343906, Time = 22.13 sec. 
-Trial 501 0 47343906 24.392239
-Trial 502 0 47343906 24.406179
* 503: Cost = 0_47330724, Time = 22.15 sec. 
-Trial 503 0 47330724 24.411297
-Trial 504 0 47330724 24.418989
-Trial 505 0 47330724 24.438503
-Trial 506 0 47330724 25.672640
-Trial 507 0 47330724 25.680327
-Trial 508 0 47330724 25.757844
-Trial 509 0 47330724 25.786480
-Trial 510 0 47330724 25.841886
-Trial 511 0 47330724 25.857889
-Trial 512 0 47330724 25.944390
-Trial 513 0 47330724 25.955496
-Trial 514 0 47330724 25.999971
-Trial 515 0 47330724 26.031494
-Trial 516 0 47330724 26.234189
-Trial 517 0 47330724 26.241129
-Trial 518 0 47330724 26.245824
-Trial 519 0 47330724 26.300159
-Trial 520 0 47330724 26.337256
-Trial 521 0 47330724 26.376741
-Trial 522 0 47330724 26.399608
-Trial 523 0 47330724 26.424658
* 524: Cost = 0_47325751, Time = 24.17 sec. 
-Trial 524 0 47325751 26.427762
-Trial 525 0 47325751 26.467291
-Trial 526 0 47325751 26.480380
-Trial 527 0 47325751 26.530275
-Trial 528 0 47325751 26.532175
-Trial 529 0 47325751 26.562382
-Trial 530 0 47325751 26.597632
-Trial 531 0 47325751 26.609648
-Trial 532 0 47325751 26.664936
-Trial 533 0 47325751 26.833588
-Trial 534 0 47325751 26.846196
-Trial 535 0 47325751 26.910793
* 536: Cost = 0_47267543, Time = 24.67 sec. 
-Trial 536 0 47267543 26.931566
* 537: Cost = 0_47262408, Time = 24.67 sec. 
-Trial 537 0 47262408 26.934193
-Trial 538 0 47262408 27.035492
-Trial 539 0 47262408 27.198759
-Trial 540 0 47262408 27.203078
-Trial 541 0 47262408 27.205186
-Trial 542 0 47262408 27.322679
-Trial 543 0 47262408 27.500357
* 544: Cost = 0_47257514, Time = 25.32 sec. 
-Trial 544 0 47257514 27.580689
-Trial 545 0 47257514 27.605262
-Trial 546 0 47257514 27.611787
-Trial 547 0 47257514 27.718095
-Trial 548 0 47257514 27.722629
-Trial 549 0 47257514 27.740250
-Trial 550 0 47257514 27.753217
-Trial 551 0 47257514 27.772365
-Trial 552 0 47257514 27.784599
-Trial 553 0 47257514 27.825160
-Trial 554 0 47257514 27.841326
-Trial 555 0 47257514 27.871279
-Trial 556 0 47257514 27.964180
-Trial 557 0 47257514 27.977707
-Trial 558 0 47257514 27.989701
-Trial 559 0 47257514 28.024602
-Trial 560 0 47257514 28.043740
-Trial 561 0 47257514 28.108998
-Trial 562 0 47257514 28.123218
-Trial 563 0 47257514 28.143121
-Trial 564 0 47257514 28.177621
-Trial 565 0 47257514 28.193569
-Trial 566 0 47257514 28.212041
-Trial 567 0 47257514 28.275358
-Trial 568 0 47257514 28.358859
-Trial 569 0 47257514 28.365895
-Trial 570 0 47257514 28.369846
-Trial 571 0 47257514 28.411721
-Trial 572 0 47257514 28.415470
-Trial 573 0 47257514 28.531679
-Trial 574 0 47257514 28.534693
-Trial 575 0 47257514 28.570124
-Trial 576 0 47257514 28.639594
-Trial 577 0 47257514 28.734249
-Trial 578 0 47257514 28.741478
-Trial 579 0 47257514 28.746474
-Trial 580 0 47257514 28.758135
-Trial 581 0 47257514 28.844842
-Trial 582 0 47257514 28.909798
-Trial 583 0 47257514 28.912089
-Trial 584 0 47257514 29.020906
-Trial 585 0 47257514 29.033497
-Trial 586 0 47257514 29.039083
-Trial 587 0 47257514 29.074765
-Trial 588 0 47257514 29.088009
-Trial 589 0 47257514 29.103032
-Trial 590 0 47257514 29.108913
-Trial 591 0 47257514 29.160297
-Trial 592 0 47257514 29.189020
-Trial 593 0 47257514 29.196027
-Trial 594 0 47257514 29.212111
-Trial 595 0 47257514 29.219378
-Trial 596 0 47257514 29.234996
-Trial 597 0 47257514 29.246552
-Trial 598 0 47257514 29.251174
-Trial 599 0 47257514 29.251540
-Trial 600 0 47257514 29.365871
-Trial 601 0 47257514 29.459400
-Trial 602 0 47257514 29.526379
-Trial 603 0 47257514 29.564616
-Trial 604 0 47257514 29.571245
-Trial 605 0 47257514 29.576371
-Trial 606 0 47257514 29.651730
-Trial 607 0 47257514 29.658274
-Trial 608 0 47257514 29.694474
-Trial 609 0 47257514 29.702178
-Trial 610 0 47257514 29.724439
-Trial 611 0 47257514 29.744166
-Trial 612 0 47257514 29.784985
-Trial 613 0 47257514 29.796019
-Trial 614 0 47257514 29.809358
-Trial 615 0 47257514 29.838662
* 616: Cost = 0_47227036, Time = 27.62 sec. 
-Trial 616 0 47227036 29.878286
-Trial 617 0 47227036 29.953926
-Trial 618 0 47227036 30.069180
-Trial 619 0 47227036 30.073403
-Trial 620 0 47227036 30.074288
-Trial 621 0 47227036 30.082144
-Trial 622 0 47227036 30.084385
-Trial 623 0 47227036 30.139318
-Trial 624 0 47227036 30.140805
-Trial 625 0 47227036 30.171429
-Trial 626 0 47227036 30.184573
-Trial 627 0 47227036 30.270458
-Trial 628 0 47227036 30.298068
-Trial 629 0 47227036 30.309488
-Trial 630 0 47227036 30.337469
-Trial 631 0 47227036 30.477742
-Trial 632 0 47227036 30.488637
-Trial 633 0 47227036 30.522202
-Trial 634 0 47227036 30.525538
-Trial 635 0 47227036 30.541436
-Trial 636 0 47227036 30.555676
-Trial 637 0 47227036 30.562324
-Trial 638 0 47227036 30.584513
-Trial 639 0 47227036 30.590995
-Trial 640 0 47227036 30.602972
-Trial 641 0 47227036 30.621185
* 642: Cost = 0_47193247, Time = 28.38 sec. 
-Trial 642 0 47193247 30.643627
-Trial 643 0 47193247 30.651135
* 644: Cost = 0_47155285, Time = 28.45 sec. 
-Trial 644 0 47155285 30.707022
-Trial 645 0 47155285 30.714361
-Trial 646 0 47155285 30.716168
-Trial 647 0 47155285 30.731084
-Trial 648 0 47155285 30.794503
-Trial 649 0 47155285 30.810426
-Trial 650 0 47155285 30.902566
-Trial 651 0 47155285 30.947061
-Trial 652 0 47155285 30.951154
-Trial 653 0 47155285 30.953529
-Trial 654 0 47155285 31.009463
-Trial 655 0 47155285 31.010769
-Trial 656 0 47155285 31.103113
-Trial 657 0 47155285 31.134945
-Trial 658 0 47155285 31.192928
-Trial 659 0 47155285 31.211801
-Trial 660 0 47155285 31.228579
-Trial 661 0 47155285 31.309232
-Trial 662 0 47155285 31.353108
-Trial 663 0 47155285 31.389320
-Trial 664 0 47155285 31.393810
-Trial 665 0 47155285 31.451790
-Trial 666 0 47155285 31.461492
-Trial 667 0 47155285 31.472900
-Trial 668 0 47155285 31.485176
-Trial 669 0 47155285 31.492055
-Trial 670 0 47155285 31.523207
-Trial 671 0 47155285 31.542247
-Trial 672 0 47155285 31.544746
-Trial 673 0 47155285 31.555670
-Trial 674 0 47155285 31.579723
-Trial 675 0 47155285 31.602585
-Trial 676 0 47155285 31.611852
-Trial 677 0 47155285 31.653794
-Trial 678 0 47155285 31.715266
-Trial 679 0 47155285 31.719667
-Trial 680 0 47155285 31.720144
-Trial 681 0 47155285 31.739148
-Trial 682 0 47155285 31.794536
-Trial 683 0 47155285 31.813518
-Trial 684 0 47155285 32.135904
-Trial 685 0 47155285 32.281578
-Trial 686 0 47155285 32.326235
-Trial 687 0 47155285 32.367949
-Trial 688 0 47155285 32.378322
-Trial 689 0 47155285 32.424108
-Trial 690 0 47155285 32.494935
-Trial 691 0 47155285 32.527376
-Trial 692 0 47155285 32.556756
-Trial 693 0 47155285 32.558286
-Trial 694 0 47155285 32.573555
-Trial 695 0 47155285 32.643339
-Trial 696 0 47155285 32.822513
-Trial 697 0 47155285 32.862846
-Trial 698 0 47155285 32.876556
-Trial 699 0 47155285 32.896850
-Trial 700 0 47155285 32.945792
-Trial 701 0 47155285 32.956520
-Trial 702 0 47155285 32.959096
-Trial 703 0 47155285 32.970619
-Trial 704 0 47155285 33.047296
-Trial 705 0 47155285 33.074750
-Trial 706 0 47155285 33.079094
-Trial 707 0 47155285 33.136197
-Trial 708 0 47155285 33.164885
-Trial 709 0 47155285 33.166941
-Trial 710 0 47155285 33.182519
-Trial 711 0 47155285 33.227010
-Trial 712 0 47155285 33.288098
-Trial 713 0 47155285 33.293898
-Trial 714 0 47155285 33.308891
-Trial 715 0 47155285 33.332794
-Trial 716 0 47155285 33.346234
* 717: Cost = 0_47070688, Time = 31.16 sec. 
-Trial 717 0 47070688 33.419477
-Trial 718 0 47070688 33.439975
-Trial 719 0 47070688 33.442052
-Trial 720 0 47070688 33.452883
-Trial 721 0 47070688 33.457636
-Trial 722 0 47070688 33.489096
-Trial 723 0 47070688 33.497212
-Trial 724 0 47070688 33.512595
-Trial 725 0 47070688 33.516540
-Trial 726 0 47070688 33.585602
-Trial 727 0 47070688 33.595083
-Trial 728 0 47070688 33.596467
-Trial 729 0 47070688 33.666565
-Trial 730 0 47070688 33.686195
-Trial 731 0 47070688 33.691164
-Trial 732 0 47070688 33.706028
-Trial 733 0 47070688 33.714337
-Trial 734 0 47070688 33.730448
-Trial 735 0 47070688 33.779947
-Trial 736 0 47070688 33.819985
-Trial 737 0 47070688 33.832761
-Trial 738 0 47070688 33.893290
-Trial 739 0 47070688 33.922319
-Trial 740 0 47070688 33.974005
-Trial 741 0 47070688 33.999854
-Trial 742 0 47070688 34.010119
-Trial 743 0 47070688 34.019636
-Trial 744 0 47070688 34.052416
-Trial 745 0 47070688 34.102420
-Trial 746 0 47070688 34.123299
-Trial 747 0 47070688 34.254090
-Trial 748 0 47070688 34.277660
-Trial 749 0 47070688 34.284479
-Trial 750 0 47070688 34.428474
-Trial 751 0 47070688 34.462968
-Trial 752 0 47070688 34.501587
-Trial 753 0 47070688 34.533817
-Trial 754 0 47070688 34.534990
-Trial 755 0 47070688 34.542451
* 756: Cost = 0_47065598, Time = 32.30 sec. 
-Trial 756 0 47065598 34.559431
-Trial 757 0 47065598 34.625224
-Trial 758 0 47065598 34.730346
-Trial 759 0 47065598 34.794077
* 760: Cost = 0_47059408, Time = 32.56 sec. 
-Trial 760 0 47059408 34.815030
-Trial 761 0 47059408 34.823688
-Trial 762 0 47059408 34.832701
-Trial 763 0 47059408 34.840502
-Trial 764 0 47059408 34.894358
-Trial 765 0 47059408 34.922990
-Trial 766 0 47059408 34.929604
-Trial 767 0 47059408 34.980293
-Trial 768 0 47059408 35.023913
-Trial 769 0 47059408 35.045345
-Trial 770 0 47059408 35.066479
-Trial 771 0 47059408 35.070369
-Trial 772 0 47059408 35.113446
-Trial 773 0 47059408 35.142256
-Trial 774 0 47059408 35.164910
-Trial 775 0 47059408 35.171135
-Trial 776 0 47059408 35.182547
-Trial 777 0 47059408 35.191991
-Trial 778 0 47059408 35.307334
-Trial 779 0 47059408 35.339761
-Trial 780 0 47059408 35.361948
-Trial 781 0 47059408 35.570569
-Trial 782 0 47059408 35.809890
-Trial 783 0 47059408 35.821869
-Trial 784 0 47059408 35.829447
-Trial 785 0 47059408 35.830502
-Trial 786 0 47059408 35.841651
-Trial 787 0 47059408 35.852848
-Trial 788 0 47059408 35.884752
-Trial 789 0 47059408 35.942347
-Trial 790 0 47059408 36.021071
-Trial 791 0 47059408 36.073894
-Trial 792 0 47059408 36.087454
-Trial 793 0 47059408 36.099460
-Trial 794 0 47059408 36.139611
-Trial 795 0 47059408 36.146395
-Trial 796 0 47059408 36.165184
-Trial 797 0 47059408 36.166551
-Trial 798 0 47059408 36.183489
-Trial 799 0 47059408 36.201695
-Trial 800 0 47059408 36.243261
-Trial 801 0 47059408 36.248440
-Trial 802 0 47059408 36.279770
-Trial 803 0 47059408 36.292723
-Trial 804 0 47059408 36.370253
-Trial 805 0 47059408 36.430194
-Trial 806 0 47059408 36.474851
-Trial 807 0 47059408 36.482372
-Trial 808 0 47059408 36.520020
-Trial 809 0 47059408 36.546631
-Trial 810 0 47059408 36.564292
-Trial 811 0 47059408 36.581909
-Trial 812 0 47059408 36.606740
-Trial 813 0 47059408 36.633831
-Trial 814 0 47059408 36.666369
-Trial 815 0 47059408 36.772789
-Trial 816 0 47059408 36.777183
-Trial 817 0 47059408 36.793325
-Trial 818 0 47059408 36.859598
-Trial 819 0 47059408 36.917698
-Trial 820 0 47059408 36.929343
-Trial 821 0 47059408 36.946542
-Trial 822 0 47059408 36.947690
-Trial 823 0 47059408 37.043099
-Trial 824 0 47059408 37.129354
-Trial 825 0 47059408 37.206937
-Trial 826 0 47059408 37.225787
-Trial 827 0 47059408 37.260043
-Trial 828 0 47059408 37.267769
-Trial 829 0 47059408 37.371156
-Trial 830 0 47059408 37.463413
-Trial 831 0 47059408 37.500269
-Trial 832 0 47059408 37.528733
-Trial 833 0 47059408 37.542510
-Trial 834 0 47059408 37.597755
-Trial 835 0 47059408 37.607793
-Trial 836 0 47059408 37.608341
-Trial 837 0 47059408 37.618792
-Trial 838 0 47059408 37.680930
-Trial 839 0 47059408 37.703603
-Trial 840 0 47059408 37.711584
-Trial 841 0 47059408 37.715874
-Trial 842 0 47059408 37.733546
-Trial 843 0 47059408 37.754311
-Trial 844 0 47059408 37.761799
-Trial 845 0 47059408 37.881878
-Trial 846 0 47059408 37.946073
-Trial 847 0 47059408 37.963952
-Trial 848 0 47059408 37.996418
-Trial 849 0 47059408 37.999995
-Trial 850 0 47059408 38.003776
-Trial 851 0 47059408 38.015899
-Trial 852 0 47059408 38.058519
* 853: Cost = 0_47046514, Time = 35.84 sec. 
-Trial 853 0 47046514 38.095045
-Trial 854 0 47046514 38.106109
-Trial 855 0 47046514 38.117367
-Trial 856 0 47046514 38.120595
-Trial 857 0 47046514 38.139385
-Trial 858 0 47046514 38.142062
-Trial 859 0 47046514 38.222096
-Trial 860 0 47046514 38.271344
-Trial 861 0 47046514 38.334203
-Trial 862 0 47046514 38.345971
-Trial 863 0 47046514 38.397564
-Trial 864 0 47046514 38.403755
-Trial 865 0 47046514 38.406745
-Trial 866 0 47046514 38.419272
-Trial 867 0 47046514 38.438605
-Trial 868 0 47046514 38.484573
-Trial 869 0 47046514 38.510409
-Trial 870 0 47046514 38.524899
-Trial 871 0 47046514 38.548002
-Trial 872 0 47046514 38.554849
-Trial 873 0 47046514 38.563837
-Trial 874 0 47046514 38.574561
-Trial 875 0 47046514 38.645082
-Trial 876 0 47046514 38.660016
-Trial 877 0 47046514 38.669847
-Trial 878 0 47046514 38.716664
-Trial 879 0 47046514 38.733790
-Trial 880 0 47046514 38.741736
-Trial 881 0 47046514 38.779335
-Trial 882 0 47046514 38.813158
-Trial 883 0 47046514 38.837834
-Trial 884 0 47046514 38.851147
-Trial 885 0 47046514 38.900133
-Trial 886 0 47046514 38.914419
* 887: Cost = 0_47039296, Time = 36.67 sec. 
-Trial 887 0 47039296 38.925265
-Trial 888 0 47039296 38.957292
-Trial 889 0 47039296 38.962072
-Trial 890 0 47039296 38.994897
-Trial 891 0 47039296 39.022883
-Trial 892 0 47039296 39.025757
-Trial 893 0 47039296 39.039274
-Trial 894 0 47039296 39.060689
-Trial 895 0 47039296 39.081093
-Trial 896 0 47039296 39.086270
* 897: Cost = 0_47030715, Time = 36.84 sec. 
-Trial 897 0 47030715 39.098864
-Trial 898 0 47030715 39.123620
-Trial 899 0 47030715 39.132495
-Trial 900 0 47030715 39.171961
-Trial 901 0 47030715 39.175886
-Trial 902 0 47030715 39.264577
-Trial 903 0 47030715 39.269393
-Trial 904 0 47030715 39.274095
-Trial 905 0 47030715 39.281159
* 906: Cost = 0_47028751, Time = 37.08 sec. 
-Trial 906 0 47028751 39.339069
-Trial 907 0 47028751 39.348174
-Trial 908 0 47028751 39.372675
-Trial 909 0 47028751 39.382618
-Trial 910 0 47028751 39.383613
-Trial 911 0 47028751 39.403249
-Trial 912 0 47028751 39.426187
-Trial 913 0 47028751 39.482383
-Trial 914 0 47028751 39.498173
-Trial 915 0 47028751 39.510508
-Trial 916 0 47028751 39.561292
-Trial 917 0 47028751 39.569355
-Trial 918 0 47028751 39.576952
-Trial 919 0 47028751 39.605452
-Trial 920 0 47028751 39.619771
-Trial 921 0 47028751 39.634559
-Trial 922 0 47028751 39.656199
-Trial 923 0 47028751 39.827901
-Trial 924 0 47028751 39.840057
-Trial 925 0 47028751 39.853072
-Trial 926 0 47028751 39.913339
-Trial 927 0 47028751 39.928839
-Trial 928 0 47028751 39.934115
-Trial 929 0 47028751 39.969526
-Trial 930 0 47028751 40.024801
-Trial 931 0 47028751 40.042541
-Trial 932 0 47028751 40.072260
-Trial 933 0 47028751 40.088983
-Trial 934 0 47028751 40.099638
-Trial 935 0 47028751 40.150707
-Trial 936 0 47028751 40.182135
-Trial 937 0 47028751 40.189489
-Trial 938 0 47028751 40.215539
-Trial 939 0 47028751 40.269354
-Trial 940 0 47028751 40.343907
-Trial 941 0 47028751 40.423217
-Trial 942 0 47028751 40.450160
-Trial 943 0 47028751 40.472830
-Trial 944 0 47028751 40.480923
-Trial 945 0 47028751 40.484409
-Trial 946 0 47028751 40.519720
-Trial 947 0 47028751 40.535882
-Trial 948 0 47028751 40.538773
-Trial 949 0 47028751 40.562068
-Trial 950 0 47028751 40.589102
-Trial 951 0 47028751 40.609147
-Trial 952 0 47028751 40.620815
-Trial 953 0 47028751 40.689519
-Trial 954 0 47028751 40.805025
-Trial 955 0 47028751 40.817834
-Trial 956 0 47028751 40.834333
-Trial 957 0 47028751 40.836235
-Trial 958 0 47028751 40.861132
-Trial 959 0 47028751 40.863638
-Trial 960 0 47028751 40.960474
-Trial 961 0 47028751 40.965150
-Trial 962 0 47028751 40.980329
-Trial 963 0 47028751 41.005389
-Trial 964 0 47028751 41.033743
-Trial 965 0 47028751 41.076588
-Trial 966 0 47028751 41.086167
-Trial 967 0 47028751 41.171540
-Trial 968 0 47028751 41.187581
-Trial 969 0 47028751 41.206647
-Trial 970 0 47028751 41.272320
-Trial 971 0 47028751 41.282207
-Trial 972 0 47028751 41.328765
-Trial 973 0 47028751 41.349532
-Trial 974 0 47028751 41.357443
-Trial 975 0 47028751 41.433478
-Trial 976 0 47028751 41.478664
-Trial 977 0 47028751 41.485097
-Trial 978 0 47028751 41.818597
-Trial 979 0 47028751 41.824218
-Trial 980 0 47028751 41.832306
-Trial 981 0 47028751 41.877029
-Trial 982 0 47028751 41.902267
-Trial 983 0 47028751 41.954206
-Trial 984 0 47028751 41.957724
-Trial 985 0 47028751 42.025458
-Trial 986 0 47028751 42.100549
-Trial 987 0 47028751 42.146237
-Trial 988 0 47028751 42.160233
-Trial 989 0 47028751 42.170389
-Trial 990 0 47028751 42.173703
-Trial 991 0 47028751 42.184249
-Trial 992 0 47028751 42.188818
-Trial 993 0 47028751 42.216285
-Trial 994 0 47028751 42.226191
-Trial 995 0 47028751 42.284159
-Trial 996 0 47028751 42.288635
-Trial 997 0 47028751 42.300553
-Trial 998 0 47028751 42.306820
-Trial 999 0 47028751 42.321799
-Trial 1000 0 47028751 42.326015
Population:
  1: 0_47028751
Run 1: Cost = 0_47028751, Time = 40.07 sec. 

Successes/Runs = 0/1 
Cost.min = 47028751, Cost.avg = 47028751.00, Cost.max = 47028751
Gap.min = 0.0000%, Gap.avg = 0.0000%, Gap.max = 0.0000%
Penalty.min = 0, Penalty.avg = 0.00, Penalty.max = 0
Trials.min = 1000, Trials.avg = 1000.0, Trials.max = 1000
Time.min = 40.07 sec., Time.avg = 40.07 sec., Time.max = 40.07 sec.
Time.total = 42.33 sec.
  Size.min = 3, Size.max = 38, Penalty = 0
  Cost.min = 172066, Cost.max = 3892503, Cost.sum = 47028751
Best CVRPTW solution:
  Cost = 0_47028751
1 285 486 323 144 263 234 180 303 433 498 480 34 420 108 339 391 155 75 350 421 256 24 35 70 367 98 318 518 402 48 184 426 425 45 43 170 336 203 342 154 416 85 206 289 475 47 334 360 91 71 171 5 124 257 36 348 387 503 294 273 151 327 492 127 317 436 88 458 236 376 298 399 463 243 364 142 271 66 451 470 428 12 14 352 512 419 173 169 133 491 225 20 279 255 265 375 244 131 187 438 409 176 427 212 319 100 344 392 519 380 115 159 335 474 7 337 197 497 358 307 313 413 74 56 136 132 460 299 68 397 485 365 99 326 135 417 165 516 160 109 266 33 272 54 76 199 479 230 30 50 44 482 405 353 517 262 209 129 213 487 457 37 477 275 240 459 49 278 22 469 467 93 106 343 366 378 306 201 18 351 304 97 311 322 55 38 237 51 111 241 80 506 500 454 183 302 305 167 110 79 461 123 114 16 495 113 25 87 52 92 452 361 316 513 371 315 356 207 128 188 314 441 386 96 251 403 248 296 453 384 211 373 224 156 340 77 161 389 202 101 383 41 261 312 514 214 293 19 3 370 276 23 332 166 464 146 62 488 283 400 347 483 63 490 489 118 181 57 379 501 254 286 418 502 345 333 122 69 443 28 476 89 390 238 481 105 292 140 229 228 288 473 195 11 227 10 385 138 412 39 259 449 95 291 411 393 408 231 505 107 253 258 484 158 274 235 139 137 394 172 478 446 102 220 164 153 496 295 404 320 53 32 82 455 511 321 372 191 415 149 103 398 125 250 456 193 119 410 287 84 163 17 338 508 247 83 226 216 329 221 359 437 196 430 145 422 185 232 448 2 190 401 72 442 354 162 520 104 260 300 509 40 357 434 369 148 6 407 429 444 205 217 330 468 94 204 81 179 120 26 423 363 223 29 60 222 439 414 189 466 510 252 264 218 182 388 269 328 31 499 382 268 472 208 465 78 494 175 59 117 349 440 308 147 280 396 73 515 239 297 177 192 346 150 381 178 242 157 143 310 126 447 141 130 277 374 377 282 325 431 245 86 215 27 246 168 249 301 46 64 219 435 58 462 493 4 507 355 270 8 471 198 42 134 450 210 395 445 152 331 15 432 200 290 116 121 61 21 65 324 504 194 67 362 267 174 406 90 9 309 284 341 112 424 13 186 281 233 368 1 
