PARAMETER_FILE = result/cvrptw_500/LKH_para/813.para
Reading PROBLEM_FILE: "result/cvrptw_500/cvrptw/813.cvrptw" ... done
ASCENT_CANDIDATES = 50
BACKBONE_TRIALS = 0
BACKTRACKING = NO
# BWTSP =
# CANDIDATE_FILE =
CANDIDATE_SET_TYPE = ALPHA
DEPOT = 1
# EDGE_FILE =
EXCESS = 0.0384615
EXTERNAL_SALESMEN = 0
EXTRA_CANDIDATES = 0 
EXTRA_CANDIDATE_SET_TYPE = QUADRANT
GAIN23 = NO
GAIN_CRITERION = YES
INITIAL_PERIOD = 520
INITIAL_STEP_SIZE = 1
INITIAL_TOUR_ALGORITHM = WALK
# INITIAL_TOUR_FILE = 
INITIAL_TOUR_FRACTION = 1.000
# INPUT_TOUR_FILE = 
KICK_TYPE = 4
KICKS = 1
# MAX_BREADTH =
MAKESPAN = NO
MAX_CANDIDATES = 5 
MAX_SWAPS = 0
MAX_TRIALS = 1000
# MERGE_TOUR_FILE =
MOVE_TYPE = 5 SPECIAL
MTSP_MIN_SIZE = 1
MTSP_MAX_SIZE = 1039
# MTSP_SOLUTION_FILE = 
# NONSEQUENTIAL_MOVE_TYPE = 5
# OPTIMUM =
# OUTPUT_TOUR_FILE = 
PATCHING_A = 1 
PATCHING_C = 0 
# PI_FILE = 
POPMUSIC_INITIAL_TOUR = NO
POPMUSIC_MAX_NEIGHBORS = 5
POPMUSIC_SAMPLE_SIZE = 10
POPMUSIC_SOLUTIONS = 50
POPMUSIC_TRIALS = 1
POPULATION_SIZE = 10
PRECISION = 100
PROBLEM_FILE = result/cvrptw_500/cvrptw/813.cvrptw
RECOMBINATION = IPT
RESTRICTED_SEARCH = YES
RUNS = 1
SALESMEN = 20
SCALE = 1
SEED = 1234
# SINTEF_SOLUTION_FILE = 
STOP_AT_OPTIMUM = YES
SUBGRADIENT = YES
# SUBPROBLEM_SIZE =
# SUBPROBLEM_TOUR_FILE = 
SUBSEQUENT_MOVE_TYPE = 5 SPECIAL
SUBSEQUENT_PATCHING = YES
# TIME_LIMIT =
# TOUR_FILE = 
TRACE_LEVEL = 1
VEHICLES = 20

Lower bound = 24357534.9, Ascent time = 2.21 sec.
Cand.min = 5, Cand.avg = 5.0, Cand.max = 5
Edges.fixed = 520 [Cost = 0]
Preprocessing time = 2.29 sec.
* 1: Cost = 133282_49925211, Time = 3.50 sec. 
-Trial 1 133282 49925211 5.791569
-Trial 2 133282 49925211 5.831737
* 3: Cost = 133282_49626292, Time = 3.65 sec. 
-Trial 3 133282 49626292 5.948697
-Trial 4 133282 49626292 6.186581
-Trial 5 133282 49626292 6.318190
* 6: Cost = 133282_49557786, Time = 4.24 sec. 
-Trial 6 133282 49557786 6.531634
-Trial 7 133282 49557786 6.821058
-Trial 8 133282 49557786 6.903661
-Trial 9 133282 49557786 7.101934
* 10: Cost = 68814_49214031, Time = 4.95 sec. 
-Trial 10 68814 49214031 7.248739
-Trial 11 68814 49214031 7.337877
-Trial 12 68814 49214031 7.502594
* 13: Cost = 68814_49084021, Time = 5.27 sec. 
-Trial 13 68814 49084021 7.563370
-Trial 14 68814 49084021 7.589701
-Trial 15 68814 49084021 7.634108
* 16: Cost = 68814_48871946, Time = 5.57 sec. 
-Trial 16 68814 48871946 7.863118
* 17: Cost = 68814_48858560, Time = 5.59 sec. 
-Trial 17 68814 48858560 7.887028
-Trial 18 68814 48858560 8.041514
-Trial 19 68814 48858560 8.141442
-Trial 20 68814 48858560 8.171719
-Trial 21 68814 48858560 8.282210
-Trial 22 68814 48858560 8.282624
* 23: Cost = 68814_48523448, Time = 6.29 sec. 
-Trial 23 68814 48523448 8.584876
* 24: Cost = 68814_48431191, Time = 6.32 sec. 
-Trial 24 68814 48431191 8.617574
* 25: Cost = 68814_48382801, Time = 6.34 sec. 
-Trial 25 68814 48382801 8.635268
-Trial 26 68814 48382801 8.677599
-Trial 27 68814 48382801 8.711491
* 28: Cost = 68814_47833898, Time = 6.49 sec. 
-Trial 28 68814 47833898 8.784307
-Trial 29 68814 47833898 8.937720
-Trial 30 68814 47833898 9.046024
* 31: Cost = 68814_47297428, Time = 6.88 sec. 
-Trial 31 68814 47297428 9.171385
-Trial 32 68814 47297428 9.215153
* 33: Cost = 0_47479313, Time = 6.97 sec. 
-Trial 33 0 47479313 9.264083
-Trial 34 0 47479313 9.295187
-Trial 35 0 47479313 9.339651
* 36: Cost = 0_47408979, Time = 7.05 sec. 
-Trial 36 0 47408979 9.343308
* 37: Cost = 0_47399828, Time = 7.05 sec. 
-Trial 37 0 47399828 9.345432
-Trial 38 0 47399828 9.356305
-Trial 39 0 47399828 9.374199
-Trial 40 0 47399828 9.457287
* 41: Cost = 0_47292694, Time = 7.41 sec. 
-Trial 41 0 47292694 9.710562
* 42: Cost = 0_46390626, Time = 7.46 sec. 
-Trial 42 0 46390626 9.757454
* 43: Cost = 0_46295211, Time = 7.51 sec. 
-Trial 43 0 46295211 9.806840
-Trial 44 0 46295211 9.817970
-Trial 45 0 46295211 9.986317
-Trial 46 0 46295211 9.991273
-Trial 47 0 46295211 10.004101
-Trial 48 0 46295211 10.113674
-Trial 49 0 46295211 10.129599
-Trial 50 0 46295211 10.209108
* 51: Cost = 0_46103043, Time = 7.95 sec. 
-Trial 51 0 46103043 10.243407
-Trial 52 0 46103043 10.292594
-Trial 53 0 46103043 10.375643
-Trial 54 0 46103043 10.380202
* 55: Cost = 0_46051096, Time = 8.12 sec. 
-Trial 55 0 46051096 10.413750
-Trial 56 0 46051096 10.502218
* 57: Cost = 0_45696545, Time = 8.24 sec. 
-Trial 57 0 45696545 10.534614
* 58: Cost = 0_45380400, Time = 8.25 sec. 
-Trial 58 0 45380400 10.548708
-Trial 59 0 45380400 10.550280
* 60: Cost = 0_44804373, Time = 8.26 sec. 
-Trial 60 0 44804373 10.560118
-Trial 61 0 44804373 10.603785
-Trial 62 0 44804373 10.660940
* 63: Cost = 0_44502174, Time = 8.41 sec. 
-Trial 63 0 44502174 10.709747
-Trial 64 0 44502174 10.741257
* 65: Cost = 0_44325100, Time = 8.45 sec. 
-Trial 65 0 44325100 10.746505
* 66: Cost = 0_44303863, Time = 8.53 sec. 
-Trial 66 0 44303863 10.824364
* 67: Cost = 0_44224058, Time = 8.54 sec. 
-Trial 67 0 44224058 10.832395
* 68: Cost = 0_43812456, Time = 8.55 sec. 
-Trial 68 0 43812456 10.843236
-Trial 69 0 43812456 10.845804
-Trial 70 0 43812456 10.862101
-Trial 71 0 43812456 10.899650
-Trial 72 0 43812456 10.970900
-Trial 73 0 43812456 10.986534
* 74: Cost = 0_43802710, Time = 8.75 sec. 
-Trial 74 0 43802710 11.043668
-Trial 75 0 43802710 11.078905
-Trial 76 0 43802710 11.103146
* 77: Cost = 0_43622194, Time = 8.85 sec. 
-Trial 77 0 43622194 11.145726
-Trial 78 0 43622194 11.205531
-Trial 79 0 43622194 11.215487
-Trial 80 0 43622194 11.426694
-Trial 81 0 43622194 11.765802
* 82: Cost = 0_43570145, Time = 9.53 sec. 
-Trial 82 0 43570145 11.825100
-Trial 83 0 43570145 11.863566
-Trial 84 0 43570145 11.866970
-Trial 85 0 43570145 11.873041
-Trial 86 0 43570145 11.877312
-Trial 87 0 43570145 11.914203
* 88: Cost = 0_43541228, Time = 9.64 sec. 
-Trial 88 0 43541228 11.939501
* 89: Cost = 0_43506221, Time = 9.82 sec. 
-Trial 89 0 43506221 12.111532
-Trial 90 0 43506221 12.175649
* 91: Cost = 0_43484783, Time = 9.89 sec. 
-Trial 91 0 43484783 12.183906
-Trial 92 0 43484783 12.188511
-Trial 93 0 43484783 12.191034
* 94: Cost = 0_43388267, Time = 9.93 sec. 
-Trial 94 0 43388267 12.223296
-Trial 95 0 43388267 12.265647
-Trial 96 0 43388267 12.276094
-Trial 97 0 43388267 12.320413
-Trial 98 0 43388267 12.335290
-Trial 99 0 43388267 12.342136
* 100: Cost = 0_43371331, Time = 10.06 sec. 
-Trial 100 0 43371331 12.357940
-Trial 101 0 43371331 12.385870
* 102: Cost = 0_43360996, Time = 10.12 sec. 
-Trial 102 0 43360996 12.420642
-Trial 103 0 43360996 12.510061
-Trial 104 0 43360996 12.581708
* 105: Cost = 0_43283883, Time = 10.30 sec. 
-Trial 105 0 43283883 12.594759
* 106: Cost = 0_43215750, Time = 10.32 sec. 
-Trial 106 0 43215750 12.615648
* 107: Cost = 0_43209157, Time = 10.37 sec. 
-Trial 107 0 43209157 12.661664
-Trial 108 0 43209157 12.674810
-Trial 109 0 43209157 12.684484
-Trial 110 0 43209157 12.731505
* 111: Cost = 0_43133928, Time = 10.57 sec. 
-Trial 111 0 43133928 12.862807
-Trial 112 0 43133928 12.901766
* 113: Cost = 0_42788706, Time = 10.63 sec. 
-Trial 113 0 42788706 12.921867
* 114: Cost = 0_42591742, Time = 10.65 sec. 
-Trial 114 0 42591742 12.941965
-Trial 115 0 42591742 12.961041
-Trial 116 0 42591742 12.975349
-Trial 117 0 42591742 12.990178
-Trial 118 0 42591742 13.127705
* 119: Cost = 0_42563834, Time = 10.88 sec. 
-Trial 119 0 42563834 13.176253
-Trial 120 0 42563834 13.190423
-Trial 121 0 42563834 13.221332
-Trial 122 0 42563834 13.247132
* 123: Cost = 0_42433107, Time = 10.98 sec. 
-Trial 123 0 42433107 13.278684
-Trial 124 0 42433107 13.307941
-Trial 125 0 42433107 13.320871
-Trial 126 0 42433107 13.328284
* 127: Cost = 0_42250276, Time = 11.04 sec. 
-Trial 127 0 42250276 13.340459
-Trial 128 0 42250276 13.342682
* 129: Cost = 0_42192442, Time = 11.06 sec. 
-Trial 129 0 42192442 13.356401
-Trial 130 0 42192442 13.358782
-Trial 131 0 42192442 13.367837
-Trial 132 0 42192442 13.374360
* 133: Cost = 0_42038183, Time = 11.18 sec. 
-Trial 133 0 42038183 13.476082
-Trial 134 0 42038183 13.495173
-Trial 135 0 42038183 13.550880
-Trial 136 0 42038183 13.580552
* 137: Cost = 0_42028749, Time = 11.31 sec. 
-Trial 137 0 42028749 13.610125
-Trial 138 0 42028749 13.636183
* 139: Cost = 0_42013088, Time = 11.36 sec. 
-Trial 139 0 42013088 13.653358
-Trial 140 0 42013088 13.688425
-Trial 141 0 42013088 13.699866
-Trial 142 0 42013088 13.704380
-Trial 143 0 42013088 13.727473
-Trial 144 0 42013088 13.765730
-Trial 145 0 42013088 13.783541
-Trial 146 0 42013088 13.873809
-Trial 147 0 42013088 13.888754
-Trial 148 0 42013088 13.903654
-Trial 149 0 42013088 13.906548
-Trial 150 0 42013088 14.104486
-Trial 151 0 42013088 14.119833
-Trial 152 0 42013088 14.129401
-Trial 153 0 42013088 14.132365
-Trial 154 0 42013088 14.173407
-Trial 155 0 42013088 14.188011
-Trial 156 0 42013088 14.193232
-Trial 157 0 42013088 14.199168
* 158: Cost = 0_41657568, Time = 11.94 sec. 
-Trial 158 0 41657568 14.239504
* 159: Cost = 0_41651859, Time = 12.05 sec. 
-Trial 159 0 41651859 14.345314
-Trial 160 0 41651859 14.386916
-Trial 161 0 41651859 14.481218
* 162: Cost = 0_41623741, Time = 12.21 sec. 
-Trial 162 0 41623741 14.501102
-Trial 163 0 41623741 14.589068
-Trial 164 0 41623741 14.624118
* 165: Cost = 0_41615189, Time = 12.35 sec. 
-Trial 165 0 41615189 14.650620
* 166: Cost = 0_41600820, Time = 12.49 sec. 
-Trial 166 0 41600820 14.783975
-Trial 167 0 41600820 14.840994
-Trial 168 0 41600820 14.870517
-Trial 169 0 41600820 14.879051
-Trial 170 0 41600820 14.901404
-Trial 171 0 41600820 14.969052
* 172: Cost = 0_41553448, Time = 12.70 sec. 
-Trial 172 0 41553448 14.994894
-Trial 173 0 41553448 14.999739
-Trial 174 0 41553448 15.065740
-Trial 175 0 41553448 15.115019
-Trial 176 0 41553448 15.120051
-Trial 177 0 41553448 15.393070
-Trial 178 0 41553448 15.417737
-Trial 179 0 41553448 15.423714
-Trial 180 0 41553448 15.433620
-Trial 181 0 41553448 15.511408
-Trial 182 0 41553448 15.545980
-Trial 183 0 41553448 15.567820
-Trial 184 0 41553448 15.580268
-Trial 185 0 41553448 15.614963
-Trial 186 0 41553448 15.677969
-Trial 187 0 41553448 15.699377
-Trial 188 0 41553448 15.719130
-Trial 189 0 41553448 15.730485
-Trial 190 0 41553448 15.767978
-Trial 191 0 41553448 15.776987
-Trial 192 0 41553448 15.811370
-Trial 193 0 41553448 15.863071
-Trial 194 0 41553448 15.865643
* 195: Cost = 0_41468062, Time = 13.57 sec. 
-Trial 195 0 41468062 15.869366
-Trial 196 0 41468062 15.889107
-Trial 197 0 41468062 15.931004
-Trial 198 0 41468062 15.937898
-Trial 199 0 41468062 15.940097
-Trial 200 0 41468062 15.953582
-Trial 201 0 41468062 15.971376
-Trial 202 0 41468062 15.997889
-Trial 203 0 41468062 16.135385
-Trial 204 0 41468062 16.192838
-Trial 205 0 41468062 16.210531
* 206: Cost = 0_41462438, Time = 13.94 sec. 
-Trial 206 0 41462438 16.232872
-Trial 207 0 41462438 16.237581
* 208: Cost = 0_41450893, Time = 13.95 sec. 
-Trial 208 0 41450893 16.248533
-Trial 209 0 41450893 16.297096
-Trial 210 0 41450893 16.322632
-Trial 211 0 41450893 16.374337
-Trial 212 0 41450893 16.398460
-Trial 213 0 41450893 16.406997
-Trial 214 0 41450893 16.412601
-Trial 215 0 41450893 16.425037
-Trial 216 0 41450893 16.445520
-Trial 217 0 41450893 16.454123
-Trial 218 0 41450893 16.660899
-Trial 219 0 41450893 16.663293
-Trial 220 0 41450893 16.724659
-Trial 221 0 41450893 16.773229
* 222: Cost = 0_41365142, Time = 14.51 sec. 
-Trial 222 0 41365142 16.810491
-Trial 223 0 41365142 16.895025
-Trial 224 0 41365142 16.922556
-Trial 225 0 41365142 16.932562
-Trial 226 0 41365142 17.005842
-Trial 227 0 41365142 17.006605
-Trial 228 0 41365142 17.010302
-Trial 229 0 41365142 17.052878
* 230: Cost = 0_41150047, Time = 14.80 sec. 
-Trial 230 0 41150047 17.095322
-Trial 231 0 41150047 17.109398
-Trial 232 0 41150047 17.113034
-Trial 233 0 41150047 17.121462
-Trial 234 0 41150047 17.150011
-Trial 235 0 41150047 17.156668
-Trial 236 0 41150047 17.160953
-Trial 237 0 41150047 17.172268
-Trial 238 0 41150047 17.176471
-Trial 239 0 41150047 17.180975
* 240: Cost = 0_41129868, Time = 14.90 sec. 
-Trial 240 0 41129868 17.193103
-Trial 241 0 41129868 17.197722
-Trial 242 0 41129868 17.210286
* 243: Cost = 0_41126131, Time = 14.96 sec. 
-Trial 243 0 41126131 17.253813
-Trial 244 0 41126131 17.256342
* 245: Cost = 0_41034382, Time = 14.99 sec. 
-Trial 245 0 41034382 17.285863
-Trial 246 0 41034382 17.295878
-Trial 247 0 41034382 17.301149
-Trial 248 0 41034382 17.318670
-Trial 249 0 41034382 17.344439
-Trial 250 0 41034382 17.411005
-Trial 251 0 41034382 17.422890
-Trial 252 0 41034382 17.443497
-Trial 253 0 41034382 17.461171
-Trial 254 0 41034382 17.503120
-Trial 255 0 41034382 17.576189
-Trial 256 0 41034382 17.599747
-Trial 257 0 41034382 17.611641
-Trial 258 0 41034382 17.665522
-Trial 259 0 41034382 17.706906
-Trial 260 0 41034382 17.712065
-Trial 261 0 41034382 17.726850
-Trial 262 0 41034382 17.750516
-Trial 263 0 41034382 17.752431
* 264: Cost = 0_41025871, Time = 15.46 sec. 
-Trial 264 0 41025871 17.756012
-Trial 265 0 41025871 17.812997
-Trial 266 0 41025871 17.815117
-Trial 267 0 41025871 17.816858
-Trial 268 0 41025871 17.821444
-Trial 269 0 41025871 17.822999
* 270: Cost = 0_40937331, Time = 15.54 sec. 
-Trial 270 0 40937331 17.836780
-Trial 271 0 40937331 17.854707
-Trial 272 0 40937331 17.866432
-Trial 273 0 40937331 17.920332
-Trial 274 0 40937331 17.966751
-Trial 275 0 40937331 17.978700
-Trial 276 0 40937331 17.979216
-Trial 277 0 40937331 17.989953
-Trial 278 0 40937331 17.999388
-Trial 279 0 40937331 18.017062
-Trial 280 0 40937331 18.024741
-Trial 281 0 40937331 18.048396
-Trial 282 0 40937331 18.070486
-Trial 283 0 40937331 18.235856
-Trial 284 0 40937331 18.264398
-Trial 285 0 40937331 18.309049
-Trial 286 0 40937331 18.312782
* 287: Cost = 0_40922439, Time = 16.02 sec. 
-Trial 287 0 40922439 18.314994
-Trial 288 0 40922439 18.327758
-Trial 289 0 40922439 18.332365
* 290: Cost = 0_40915021, Time = 16.05 sec. 
-Trial 290 0 40915021 18.346140
-Trial 291 0 40915021 18.381536
-Trial 292 0 40915021 18.468442
-Trial 293 0 40915021 18.475931
-Trial 294 0 40915021 18.495453
-Trial 295 0 40915021 18.592088
-Trial 296 0 40915021 18.606743
-Trial 297 0 40915021 18.673863
* 298: Cost = 0_40863044, Time = 16.38 sec. 
-Trial 298 0 40863044 18.680327
-Trial 299 0 40863044 18.701158
-Trial 300 0 40863044 18.732248
* 301: Cost = 0_40767202, Time = 16.62 sec. 
-Trial 301 0 40767202 18.920165
-Trial 302 0 40767202 18.934989
* 303: Cost = 0_40717667, Time = 16.65 sec. 
-Trial 303 0 40717667 18.944041
* 304: Cost = 0_40706546, Time = 16.67 sec. 
-Trial 304 0 40706546 18.962640
-Trial 305 0 40706546 18.969558
-Trial 306 0 40706546 19.142201
-Trial 307 0 40706546 19.148105
-Trial 308 0 40706546 19.166405
-Trial 309 0 40706546 19.241649
-Trial 310 0 40706546 19.246989
-Trial 311 0 40706546 19.266913
-Trial 312 0 40706546 19.350253
-Trial 313 0 40706546 19.379150
-Trial 314 0 40706546 19.380906
-Trial 315 0 40706546 19.420112
-Trial 316 0 40706546 19.428119
-Trial 317 0 40706546 19.438672
-Trial 318 0 40706546 19.442835
-Trial 319 0 40706546 19.456937
-Trial 320 0 40706546 19.620409
-Trial 321 0 40706546 19.675442
-Trial 322 0 40706546 19.679360
-Trial 323 0 40706546 19.707944
-Trial 324 0 40706546 19.726713
-Trial 325 0 40706546 19.741167
* 326: Cost = 0_40607477, Time = 17.45 sec. 
-Trial 326 0 40607477 19.750886
-Trial 327 0 40607477 19.817634
-Trial 328 0 40607477 19.833493
-Trial 329 0 40607477 19.838229
-Trial 330 0 40607477 19.843393
-Trial 331 0 40607477 19.966551
-Trial 332 0 40607477 19.970437
-Trial 333 0 40607477 20.006934
-Trial 334 0 40607477 20.054144
-Trial 335 0 40607477 20.068985
* 336: Cost = 0_40604786, Time = 17.89 sec. 
-Trial 336 0 40604786 20.183891
-Trial 337 0 40604786 20.204068
-Trial 338 0 40604786 20.223257
-Trial 339 0 40604786 20.267391
-Trial 340 0 40604786 20.275029
-Trial 341 0 40604786 20.288249
* 342: Cost = 0_40514443, Time = 18.00 sec. 
-Trial 342 0 40514443 20.296078
-Trial 343 0 40514443 20.323844
-Trial 344 0 40514443 20.327910
-Trial 345 0 40514443 20.403757
-Trial 346 0 40514443 20.493032
-Trial 347 0 40514443 20.514413
-Trial 348 0 40514443 20.527762
-Trial 349 0 40514443 20.533630
-Trial 350 0 40514443 20.596053
-Trial 351 0 40514443 20.602684
-Trial 352 0 40514443 20.604346
* 353: Cost = 0_40468017, Time = 18.37 sec. 
-Trial 353 0 40468017 20.663499
-Trial 354 0 40468017 20.675620
-Trial 355 0 40468017 20.788097
-Trial 356 0 40468017 20.822386
-Trial 357 0 40468017 20.823748
-Trial 358 0 40468017 20.846250
-Trial 359 0 40468017 20.851342
-Trial 360 0 40468017 20.858685
-Trial 361 0 40468017 20.899696
-Trial 362 0 40468017 20.961652
-Trial 363 0 40468017 20.996463
-Trial 364 0 40468017 21.002231
-Trial 365 0 40468017 21.034126
-Trial 366 0 40468017 21.039087
-Trial 367 0 40468017 21.089143
-Trial 368 0 40468017 21.141025
-Trial 369 0 40468017 21.169899
-Trial 370 0 40468017 21.183901
-Trial 371 0 40468017 21.203135
-Trial 372 0 40468017 21.215019
-Trial 373 0 40468017 21.228012
-Trial 374 0 40468017 21.286823
-Trial 375 0 40468017 21.295735
-Trial 376 0 40468017 21.634057
-Trial 377 0 40468017 21.640633
-Trial 378 0 40468017 21.662216
-Trial 379 0 40468017 21.700280
-Trial 380 0 40468017 21.721903
-Trial 381 0 40468017 21.730595
-Trial 382 0 40468017 21.756975
-Trial 383 0 40468017 21.763516
-Trial 384 0 40468017 21.767935
-Trial 385 0 40468017 21.777797
-Trial 386 0 40468017 21.784250
-Trial 387 0 40468017 21.785023
-Trial 388 0 40468017 21.789306
-Trial 389 0 40468017 21.811574
-Trial 390 0 40468017 21.828069
-Trial 391 0 40468017 21.835172
-Trial 392 0 40468017 21.906981
-Trial 393 0 40468017 21.951936
-Trial 394 0 40468017 21.954848
-Trial 395 0 40468017 22.029597
-Trial 396 0 40468017 22.114150
-Trial 397 0 40468017 22.146111
-Trial 398 0 40468017 22.158403
-Trial 399 0 40468017 22.168554
-Trial 400 0 40468017 22.178947
-Trial 401 0 40468017 22.189641
-Trial 402 0 40468017 22.212648
-Trial 403 0 40468017 22.220529
-Trial 404 0 40468017 22.232636
-Trial 405 0 40468017 22.274971
-Trial 406 0 40468017 22.424648
-Trial 407 0 40468017 22.455052
-Trial 408 0 40468017 22.485632
-Trial 409 0 40468017 22.513106
-Trial 410 0 40468017 22.543698
-Trial 411 0 40468017 22.595764
-Trial 412 0 40468017 22.619464
-Trial 413 0 40468017 22.633990
* 414: Cost = 0_40393505, Time = 20.35 sec. 
-Trial 414 0 40393505 22.642749
-Trial 415 0 40393505 22.658643
* 416: Cost = 0_40375443, Time = 20.38 sec. 
-Trial 416 0 40375443 22.671744
-Trial 417 0 40375443 22.679729
-Trial 418 0 40375443 22.699659
-Trial 419 0 40375443 22.713802
-Trial 420 0 40375443 22.733871
-Trial 421 0 40375443 22.752048
-Trial 422 0 40375443 22.767153
-Trial 423 0 40375443 22.789879
-Trial 424 0 40375443 22.795209
-Trial 425 0 40375443 22.800215
-Trial 426 0 40375443 22.802257
-Trial 427 0 40375443 22.804021
-Trial 428 0 40375443 22.831691
-Trial 429 0 40375443 22.899695
-Trial 430 0 40375443 22.926797
-Trial 431 0 40375443 22.998115
-Trial 432 0 40375443 23.174646
-Trial 433 0 40375443 23.179686
-Trial 434 0 40375443 23.256143
-Trial 435 0 40375443 23.331995
-Trial 436 0 40375443 23.365115
-Trial 437 0 40375443 23.377431
-Trial 438 0 40375443 23.493165
-Trial 439 0 40375443 23.497225
-Trial 440 0 40375443 23.507175
-Trial 441 0 40375443 23.719259
-Trial 442 0 40375443 23.750866
-Trial 443 0 40375443 23.802822
-Trial 444 0 40375443 23.827979
-Trial 445 0 40375443 23.891007
-Trial 446 0 40375443 23.915064
-Trial 447 0 40375443 23.971198
-Trial 448 0 40375443 24.000222
-Trial 449 0 40375443 24.013428
-Trial 450 0 40375443 24.082376
-Trial 451 0 40375443 24.127095
-Trial 452 0 40375443 24.128329
-Trial 453 0 40375443 24.134523
-Trial 454 0 40375443 24.135401
-Trial 455 0 40375443 24.280601
-Trial 456 0 40375443 24.298957
-Trial 457 0 40375443 24.332562
-Trial 458 0 40375443 24.359211
-Trial 459 0 40375443 24.426963
-Trial 460 0 40375443 24.465628
* 461: Cost = 0_40346461, Time = 22.29 sec. 
-Trial 461 0 40346461 24.588774
-Trial 462 0 40346461 24.644736
-Trial 463 0 40346461 24.648419
-Trial 464 0 40346461 24.689572
-Trial 465 0 40346461 24.717794
-Trial 466 0 40346461 24.765443
-Trial 467 0 40346461 24.834104
-Trial 468 0 40346461 24.838620
-Trial 469 0 40346461 24.849744
* 470: Cost = 0_40346248, Time = 22.57 sec. 
-Trial 470 0 40346248 24.869616
-Trial 471 0 40346248 24.926832
-Trial 472 0 40346248 24.952983
-Trial 473 0 40346248 24.961172
-Trial 474 0 40346248 25.031312
-Trial 475 0 40346248 25.046886
-Trial 476 0 40346248 25.088054
-Trial 477 0 40346248 25.128179
* 478: Cost = 0_40335683, Time = 22.86 sec. 
-Trial 478 0 40335683 25.153758
-Trial 479 0 40335683 25.162048
-Trial 480 0 40335683 25.162480
-Trial 481 0 40335683 25.172918
-Trial 482 0 40335683 25.175926
-Trial 483 0 40335683 25.197472
-Trial 484 0 40335683 25.211081
-Trial 485 0 40335683 25.219188
-Trial 486 0 40335683 25.287337
-Trial 487 0 40335683 25.304322
-Trial 488 0 40335683 25.342538
-Trial 489 0 40335683 25.354294
-Trial 490 0 40335683 25.357121
-Trial 491 0 40335683 25.391785
-Trial 492 0 40335683 25.404277
-Trial 493 0 40335683 25.411963
-Trial 494 0 40335683 25.420474
-Trial 495 0 40335683 25.589541
-Trial 496 0 40335683 25.594092
-Trial 497 0 40335683 25.601790
-Trial 498 0 40335683 25.653353
-Trial 499 0 40335683 25.660520
-Trial 500 0 40335683 25.690024
-Trial 501 0 40335683 25.710170
-Trial 502 0 40335683 25.717327
-Trial 503 0 40335683 25.809325
-Trial 504 0 40335683 25.815355
* 505: Cost = 0_40327979, Time = 23.52 sec. 
-Trial 505 0 40327979 25.818718
-Trial 506 0 40327979 25.834718
-Trial 507 0 40327979 25.974106
-Trial 508 0 40327979 25.981998
-Trial 509 0 40327979 26.021182
-Trial 510 0 40327979 26.069175
-Trial 511 0 40327979 26.070383
-Trial 512 0 40327979 26.079557
-Trial 513 0 40327979 26.089591
-Trial 514 0 40327979 26.326636
-Trial 515 0 40327979 26.334749
-Trial 516 0 40327979 26.344225
-Trial 517 0 40327979 26.387937
-Trial 518 0 40327979 26.396526
-Trial 519 0 40327979 26.504429
-Trial 520 0 40327979 26.523162
-Trial 521 0 40327979 26.532799
-Trial 522 0 40327979 26.546091
-Trial 523 0 40327979 26.557942
-Trial 524 0 40327979 26.683733
-Trial 525 0 40327979 26.703062
-Trial 526 0 40327979 26.734443
-Trial 527 0 40327979 26.737875
-Trial 528 0 40327979 26.787565
-Trial 529 0 40327979 26.860212
-Trial 530 0 40327979 26.888043
-Trial 531 0 40327979 26.934424
-Trial 532 0 40327979 26.942035
-Trial 533 0 40327979 26.962347
-Trial 534 0 40327979 26.966452
-Trial 535 0 40327979 26.981227
-Trial 536 0 40327979 27.001025
-Trial 537 0 40327979 27.014761
-Trial 538 0 40327979 27.037209
-Trial 539 0 40327979 27.050615
-Trial 540 0 40327979 27.058004
-Trial 541 0 40327979 27.072357
-Trial 542 0 40327979 27.084548
-Trial 543 0 40327979 27.098286
-Trial 544 0 40327979 27.121655
-Trial 545 0 40327979 27.183006
-Trial 546 0 40327979 27.208193
-Trial 547 0 40327979 27.220312
-Trial 548 0 40327979 27.244850
-Trial 549 0 40327979 27.252717
-Trial 550 0 40327979 27.271687
-Trial 551 0 40327979 27.825947
-Trial 552 0 40327979 27.853584
-Trial 553 0 40327979 27.872612
-Trial 554 0 40327979 27.889127
-Trial 555 0 40327979 27.934027
-Trial 556 0 40327979 27.977193
-Trial 557 0 40327979 28.000558
-Trial 558 0 40327979 28.024865
-Trial 559 0 40327979 28.058412
-Trial 560 0 40327979 28.086921
-Trial 561 0 40327979 28.127470
-Trial 562 0 40327979 28.177522
-Trial 563 0 40327979 28.224725
-Trial 564 0 40327979 28.253704
-Trial 565 0 40327979 28.258526
-Trial 566 0 40327979 28.275012
-Trial 567 0 40327979 28.279538
-Trial 568 0 40327979 28.288861
-Trial 569 0 40327979 28.323965
-Trial 570 0 40327979 28.388621
-Trial 571 0 40327979 28.401504
-Trial 572 0 40327979 28.519275
-Trial 573 0 40327979 28.534438
-Trial 574 0 40327979 28.625536
-Trial 575 0 40327979 28.662396
-Trial 576 0 40327979 28.674814
-Trial 577 0 40327979 28.677467
-Trial 578 0 40327979 28.755743
-Trial 579 0 40327979 28.757279
* 580: Cost = 0_40277311, Time = 26.47 sec. 
-Trial 580 0 40277311 28.765372
-Trial 581 0 40277311 28.781259
-Trial 582 0 40277311 28.788979
-Trial 583 0 40277311 28.793780
-Trial 584 0 40277311 28.802376
-Trial 585 0 40277311 28.846096
-Trial 586 0 40277311 28.897472
-Trial 587 0 40277311 28.904764
-Trial 588 0 40277311 28.913817
-Trial 589 0 40277311 28.922118
-Trial 590 0 40277311 28.932241
-Trial 591 0 40277311 29.037946
-Trial 592 0 40277311 29.098908
-Trial 593 0 40277311 29.116907
-Trial 594 0 40277311 29.122211
-Trial 595 0 40277311 29.123996
-Trial 596 0 40277311 29.131369
-Trial 597 0 40277311 29.135526
-Trial 598 0 40277311 29.153442
-Trial 599 0 40277311 29.201525
-Trial 600 0 40277311 29.309599
-Trial 601 0 40277311 29.334352
-Trial 602 0 40277311 29.338587
-Trial 603 0 40277311 29.368884
-Trial 604 0 40277311 29.377709
-Trial 605 0 40277311 29.392201
-Trial 606 0 40277311 29.427642
-Trial 607 0 40277311 29.466979
-Trial 608 0 40277311 29.472517
-Trial 609 0 40277311 29.485752
-Trial 610 0 40277311 29.511228
-Trial 611 0 40277311 29.526358
-Trial 612 0 40277311 29.539703
-Trial 613 0 40277311 29.593695
-Trial 614 0 40277311 29.616803
-Trial 615 0 40277311 29.648164
-Trial 616 0 40277311 29.959251
-Trial 617 0 40277311 30.015349
-Trial 618 0 40277311 30.032657
-Trial 619 0 40277311 30.044508
-Trial 620 0 40277311 30.047097
-Trial 621 0 40277311 30.056297
-Trial 622 0 40277311 30.212138
-Trial 623 0 40277311 30.239497
-Trial 624 0 40277311 30.312060
-Trial 625 0 40277311 30.323493
-Trial 626 0 40277311 30.331642
-Trial 627 0 40277311 30.403533
-Trial 628 0 40277311 30.452665
-Trial 629 0 40277311 30.491336
-Trial 630 0 40277311 30.508537
-Trial 631 0 40277311 30.539144
-Trial 632 0 40277311 30.550730
-Trial 633 0 40277311 30.567196
-Trial 634 0 40277311 30.634872
-Trial 635 0 40277311 30.727054
-Trial 636 0 40277311 30.769495
-Trial 637 0 40277311 30.779757
-Trial 638 0 40277311 30.795414
-Trial 639 0 40277311 30.855617
* 640: Cost = 0_40258439, Time = 28.57 sec. 
-Trial 640 0 40258439 30.861767
-Trial 641 0 40258439 30.884871
-Trial 642 0 40258439 30.948918
-Trial 643 0 40258439 30.974686
-Trial 644 0 40258439 30.981012
-Trial 645 0 40258439 31.008416
-Trial 646 0 40258439 31.020487
-Trial 647 0 40258439 31.035111
-Trial 648 0 40258439 31.053970
-Trial 649 0 40258439 31.098740
-Trial 650 0 40258439 31.141268
-Trial 651 0 40258439 31.188882
-Trial 652 0 40258439 31.225360
-Trial 653 0 40258439 31.251539
-Trial 654 0 40258439 31.291933
-Trial 655 0 40258439 31.296766
-Trial 656 0 40258439 31.375846
-Trial 657 0 40258439 31.398939
-Trial 658 0 40258439 31.409016
-Trial 659 0 40258439 31.538691
-Trial 660 0 40258439 31.550763
-Trial 661 0 40258439 31.603979
-Trial 662 0 40258439 31.634151
-Trial 663 0 40258439 31.636485
-Trial 664 0 40258439 31.671571
-Trial 665 0 40258439 31.762032
-Trial 666 0 40258439 31.794778
-Trial 667 0 40258439 31.867541
-Trial 668 0 40258439 31.876115
-Trial 669 0 40258439 31.887717
-Trial 670 0 40258439 31.902300
-Trial 671 0 40258439 31.959032
-Trial 672 0 40258439 31.966608
-Trial 673 0 40258439 32.009654
-Trial 674 0 40258439 32.037672
-Trial 675 0 40258439 32.043161
-Trial 676 0 40258439 32.056777
-Trial 677 0 40258439 32.063807
-Trial 678 0 40258439 32.072761
-Trial 679 0 40258439 32.077615
-Trial 680 0 40258439 32.199056
-Trial 681 0 40258439 32.217922
-Trial 682 0 40258439 32.267933
-Trial 683 0 40258439 32.287103
-Trial 684 0 40258439 32.365072
-Trial 685 0 40258439 32.373157
-Trial 686 0 40258439 32.446883
-Trial 687 0 40258439 32.454541
-Trial 688 0 40258439 32.465083
-Trial 689 0 40258439 32.475673
-Trial 690 0 40258439 32.487949
-Trial 691 0 40258439 32.634297
-Trial 692 0 40258439 32.637163
-Trial 693 0 40258439 32.658625
-Trial 694 0 40258439 32.672403
-Trial 695 0 40258439 32.731542
-Trial 696 0 40258439 32.734705
-Trial 697 0 40258439 32.773368
-Trial 698 0 40258439 32.826596
-Trial 699 0 40258439 32.875885
-Trial 700 0 40258439 32.899314
-Trial 701 0 40258439 32.942099
-Trial 702 0 40258439 32.954721
-Trial 703 0 40258439 32.979489
-Trial 704 0 40258439 32.985790
-Trial 705 0 40258439 32.996989
-Trial 706 0 40258439 33.007648
-Trial 707 0 40258439 33.063396
-Trial 708 0 40258439 33.102389
-Trial 709 0 40258439 33.109932
-Trial 710 0 40258439 33.134701
-Trial 711 0 40258439 33.261189
-Trial 712 0 40258439 33.289958
-Trial 713 0 40258439 33.440202
-Trial 714 0 40258439 33.454535
-Trial 715 0 40258439 33.455966
-Trial 716 0 40258439 33.474235
-Trial 717 0 40258439 33.476999
-Trial 718 0 40258439 33.488554
-Trial 719 0 40258439 33.519288
-Trial 720 0 40258439 33.526245
-Trial 721 0 40258439 33.545089
-Trial 722 0 40258439 33.574646
-Trial 723 0 40258439 33.642123
-Trial 724 0 40258439 33.649577
-Trial 725 0 40258439 33.827143
-Trial 726 0 40258439 33.831405
-Trial 727 0 40258439 33.833030
-Trial 728 0 40258439 33.857911
-Trial 729 0 40258439 33.865773
-Trial 730 0 40258439 33.868646
-Trial 731 0 40258439 33.873012
-Trial 732 0 40258439 33.879686
-Trial 733 0 40258439 33.930813
-Trial 734 0 40258439 33.940597
-Trial 735 0 40258439 33.950148
-Trial 736 0 40258439 34.071916
-Trial 737 0 40258439 34.080654
-Trial 738 0 40258439 34.179484
-Trial 739 0 40258439 34.214545
-Trial 740 0 40258439 34.229906
-Trial 741 0 40258439 34.293319
-Trial 742 0 40258439 34.297647
-Trial 743 0 40258439 34.327292
-Trial 744 0 40258439 34.327742
-Trial 745 0 40258439 34.333974
-Trial 746 0 40258439 34.419122
-Trial 747 0 40258439 34.491994
-Trial 748 0 40258439 34.622226
-Trial 749 0 40258439 34.626392
-Trial 750 0 40258439 34.635765
-Trial 751 0 40258439 34.674454
-Trial 752 0 40258439 34.696251
-Trial 753 0 40258439 34.696700
-Trial 754 0 40258439 34.739567
-Trial 755 0 40258439 34.819602
-Trial 756 0 40258439 34.823078
-Trial 757 0 40258439 34.844388
-Trial 758 0 40258439 34.858407
-Trial 759 0 40258439 34.860913
-Trial 760 0 40258439 34.879217
-Trial 761 0 40258439 34.900584
-Trial 762 0 40258439 34.907970
-Trial 763 0 40258439 34.943778
-Trial 764 0 40258439 34.955879
* 765: Cost = 0_40254126, Time = 32.67 sec. 
-Trial 765 0 40254126 34.962567
-Trial 766 0 40254126 34.968694
-Trial 767 0 40254126 34.980981
-Trial 768 0 40254126 34.993026
-Trial 769 0 40254126 35.026479
-Trial 770 0 40254126 35.078277
-Trial 771 0 40254126 35.096921
-Trial 772 0 40254126 35.121178
-Trial 773 0 40254126 35.220772
-Trial 774 0 40254126 35.262160
-Trial 775 0 40254126 35.316468
-Trial 776 0 40254126 35.320566
-Trial 777 0 40254126 35.359137
-Trial 778 0 40254126 35.365702
-Trial 779 0 40254126 35.375465
* 780: Cost = 0_40240839, Time = 33.17 sec. 
-Trial 780 0 40240839 35.467388
-Trial 781 0 40240839 35.474188
-Trial 782 0 40240839 35.530010
-Trial 783 0 40240839 35.589054
-Trial 784 0 40240839 35.609529
-Trial 785 0 40240839 35.739609
-Trial 786 0 40240839 35.871639
-Trial 787 0 40240839 35.915236
-Trial 788 0 40240839 35.997782
-Trial 789 0 40240839 36.080926
-Trial 790 0 40240839 36.084428
-Trial 791 0 40240839 36.091737
-Trial 792 0 40240839 36.146704
-Trial 793 0 40240839 36.209184
-Trial 794 0 40240839 36.249175
-Trial 795 0 40240839 36.279387
-Trial 796 0 40240839 36.293087
-Trial 797 0 40240839 36.313365
-Trial 798 0 40240839 36.317410
-Trial 799 0 40240839 36.347569
-Trial 800 0 40240839 36.349861
-Trial 801 0 40240839 36.361432
-Trial 802 0 40240839 36.370514
-Trial 803 0 40240839 36.389812
-Trial 804 0 40240839 36.400451
-Trial 805 0 40240839 36.414612
-Trial 806 0 40240839 36.451824
-Trial 807 0 40240839 36.462562
-Trial 808 0 40240839 36.489139
-Trial 809 0 40240839 36.529320
-Trial 810 0 40240839 36.604424
-Trial 811 0 40240839 36.610539
-Trial 812 0 40240839 36.614409
-Trial 813 0 40240839 36.648061
-Trial 814 0 40240839 36.710245
-Trial 815 0 40240839 36.756523
-Trial 816 0 40240839 36.842583
-Trial 817 0 40240839 36.859894
* 818: Cost = 0_40232163, Time = 34.70 sec. 
-Trial 818 0 40232163 36.992841
-Trial 819 0 40232163 37.026455
-Trial 820 0 40232163 37.184275
-Trial 821 0 40232163 37.185726
-Trial 822 0 40232163 37.207134
-Trial 823 0 40232163 37.250633
-Trial 824 0 40232163 37.264059
-Trial 825 0 40232163 37.293443
-Trial 826 0 40232163 37.356380
-Trial 827 0 40232163 37.357015
-Trial 828 0 40232163 37.432295
-Trial 829 0 40232163 37.439616
-Trial 830 0 40232163 37.457066
-Trial 831 0 40232163 37.460089
-Trial 832 0 40232163 37.490535
-Trial 833 0 40232163 37.504362
-Trial 834 0 40232163 37.511367
-Trial 835 0 40232163 37.516578
-Trial 836 0 40232163 37.567859
* 837: Cost = 0_40230617, Time = 35.28 sec. 
-Trial 837 0 40230617 37.575223
-Trial 838 0 40230617 37.636898
-Trial 839 0 40230617 37.727851
-Trial 840 0 40230617 37.751795
-Trial 841 0 40230617 37.772427
-Trial 842 0 40230617 37.774425
-Trial 843 0 40230617 37.809646
-Trial 844 0 40230617 37.855778
-Trial 845 0 40230617 37.890574
-Trial 846 0 40230617 37.931571
-Trial 847 0 40230617 37.939281
-Trial 848 0 40230617 37.972934
-Trial 849 0 40230617 38.084950
-Trial 850 0 40230617 38.121526
-Trial 851 0 40230617 38.183227
-Trial 852 0 40230617 38.187011
-Trial 853 0 40230617 38.196151
-Trial 854 0 40230617 38.204544
-Trial 855 0 40230617 38.213657
-Trial 856 0 40230617 38.262364
-Trial 857 0 40230617 38.263303
-Trial 858 0 40230617 38.297635
-Trial 859 0 40230617 38.308834
-Trial 860 0 40230617 38.334134
-Trial 861 0 40230617 38.339638
-Trial 862 0 40230617 38.388155
-Trial 863 0 40230617 38.422096
-Trial 864 0 40230617 38.429863
-Trial 865 0 40230617 38.457007
-Trial 866 0 40230617 38.465844
* 867: Cost = 0_40226074, Time = 36.20 sec. 
-Trial 867 0 40226074 38.491235
-Trial 868 0 40226074 38.518639
-Trial 869 0 40226074 38.536665
-Trial 870 0 40226074 38.559085
-Trial 871 0 40226074 38.567785
-Trial 872 0 40226074 38.649520
-Trial 873 0 40226074 38.684153
-Trial 874 0 40226074 38.694108
-Trial 875 0 40226074 38.706776
-Trial 876 0 40226074 38.709403
-Trial 877 0 40226074 38.748102
* 878: Cost = 0_40166832, Time = 36.49 sec. 
-Trial 878 0 40166832 38.781065
-Trial 879 0 40166832 38.786063
-Trial 880 0 40166832 38.790355
-Trial 881 0 40166832 38.796943
-Trial 882 0 40166832 38.798598
-Trial 883 0 40166832 38.803365
-Trial 884 0 40166832 38.834912
-Trial 885 0 40166832 38.842947
-Trial 886 0 40166832 38.865074
-Trial 887 0 40166832 38.934391
-Trial 888 0 40166832 38.938600
-Trial 889 0 40166832 38.954781
-Trial 890 0 40166832 38.956149
-Trial 891 0 40166832 38.960238
-Trial 892 0 40166832 38.990633
-Trial 893 0 40166832 39.426597
-Trial 894 0 40166832 39.443641
-Trial 895 0 40166832 39.446643
-Trial 896 0 40166832 39.589275
-Trial 897 0 40166832 39.590768
-Trial 898 0 40166832 39.607009
* 899: Cost = 0_40159482, Time = 37.37 sec. 
-Trial 899 0 40159482 39.664983
-Trial 900 0 40159482 39.735010
-Trial 901 0 40159482 39.762853
-Trial 902 0 40159482 39.797915
-Trial 903 0 40159482 39.808475
-Trial 904 0 40159482 39.812013
-Trial 905 0 40159482 39.813333
-Trial 906 0 40159482 39.850647
-Trial 907 0 40159482 39.912731
-Trial 908 0 40159482 40.021946
-Trial 909 0 40159482 40.032124
-Trial 910 0 40159482 40.035602
-Trial 911 0 40159482 40.081935
-Trial 912 0 40159482 40.096488
-Trial 913 0 40159482 40.103004
-Trial 914 0 40159482 40.263209
* 915: Cost = 0_40072191, Time = 38.03 sec. 
-Trial 915 0 40072191 40.323837
* 916: Cost = 0_40059458, Time = 38.03 sec. 
-Trial 916 0 40059458 40.327367
* 917: Cost = 0_40055481, Time = 38.05 sec. 
-Trial 917 0 40055481 40.346795
-Trial 918 0 40055481 40.379691
-Trial 919 0 40055481 40.414437
-Trial 920 0 40055481 40.470838
* 921: Cost = 0_40028099, Time = 38.22 sec. 
-Trial 921 0 40028099 40.514856
-Trial 922 0 40028099 40.549845
-Trial 923 0 40028099 40.656334
* 924: Cost = 0_40026878, Time = 38.37 sec. 
-Trial 924 0 40026878 40.661026
-Trial 925 0 40026878 40.665467
-Trial 926 0 40026878 40.723993
-Trial 927 0 40026878 40.726995
-Trial 928 0 40026878 40.795212
-Trial 929 0 40026878 40.862744
-Trial 930 0 40026878 40.908520
* 931: Cost = 0_40019174, Time = 38.62 sec. 
-Trial 931 0 40019174 40.913089
-Trial 932 0 40019174 40.915500
-Trial 933 0 40019174 40.968717
-Trial 934 0 40019174 40.994675
-Trial 935 0 40019174 41.006505
* 936: Cost = 0_40006613, Time = 38.76 sec. 
-Trial 936 0 40006613 41.058330
-Trial 937 0 40006613 41.064333
-Trial 938 0 40006613 41.075306
-Trial 939 0 40006613 41.089444
-Trial 940 0 40006613 41.095841
-Trial 941 0 40006613 41.141607
-Trial 942 0 40006613 41.152121
-Trial 943 0 40006613 41.163533
-Trial 944 0 40006613 41.228307
-Trial 945 0 40006613 41.234458
-Trial 946 0 40006613 41.254676
-Trial 947 0 40006613 41.329184
-Trial 948 0 40006613 41.347819
-Trial 949 0 40006613 41.357768
-Trial 950 0 40006613 41.386772
-Trial 951 0 40006613 41.433275
-Trial 952 0 40006613 41.436735
-Trial 953 0 40006613 41.442268
-Trial 954 0 40006613 41.462094
-Trial 955 0 40006613 41.462544
-Trial 956 0 40006613 41.465265
-Trial 957 0 40006613 41.486067
* 958: Cost = 0_40004529, Time = 39.21 sec. 
-Trial 958 0 40004529 41.504154
-Trial 959 0 40004529 41.601604
-Trial 960 0 40004529 41.605136
-Trial 961 0 40004529 41.664544
-Trial 962 0 40004529 41.717251
-Trial 963 0 40004529 41.775685
-Trial 964 0 40004529 41.781261
-Trial 965 0 40004529 41.866521
-Trial 966 0 40004529 41.868122
-Trial 967 0 40004529 41.913403
-Trial 968 0 40004529 41.919299
-Trial 969 0 40004529 41.971084
-Trial 970 0 40004529 42.007828
-Trial 971 0 40004529 42.013054
-Trial 972 0 40004529 42.017984
-Trial 973 0 40004529 42.070699
-Trial 974 0 40004529 42.087415
-Trial 975 0 40004529 42.102642
* 976: Cost = 0_39967159, Time = 39.83 sec. 
-Trial 976 0 39967159 42.122359
-Trial 977 0 39967159 42.149919
-Trial 978 0 39967159 42.199803
-Trial 979 0 39967159 42.209279
-Trial 980 0 39967159 42.246767
-Trial 981 0 39967159 42.273961
-Trial 982 0 39967159 42.458436
-Trial 983 0 39967159 42.530469
-Trial 984 0 39967159 42.536228
-Trial 985 0 39967159 42.553120
-Trial 986 0 39967159 42.560198
-Trial 987 0 39967159 42.613106
-Trial 988 0 39967159 42.639516
-Trial 989 0 39967159 42.671324
-Trial 990 0 39967159 42.693711
-Trial 991 0 39967159 42.731610
-Trial 992 0 39967159 42.738344
-Trial 993 0 39967159 42.777291
-Trial 994 0 39967159 42.789046
-Trial 995 0 39967159 42.849377
* 996: Cost = 0_39953425, Time = 40.56 sec. 
-Trial 996 0 39953425 42.859296
-Trial 997 0 39953425 42.889825
-Trial 998 0 39953425 42.903515
-Trial 999 0 39953425 42.908926
-Trial 1000 0 39953425 42.917796
Population:
  1: 0_39953425
Run 1: Cost = 0_39953425, Time = 40.62 sec. 

Successes/Runs = 0/1 
Cost.min = 39953425, Cost.avg = 39953425.00, Cost.max = 39953425
Gap.min = 0.0000%, Gap.avg = 0.0000%, Gap.max = 0.0000%
Penalty.min = 0, Penalty.avg = 0.00, Penalty.max = 0
Trials.min = 1000, Trials.avg = 1000.0, Trials.max = 1000
Time.min = 40.62 sec., Time.avg = 40.62 sec., Time.max = 40.62 sec.
Time.total = 42.92 sec.
  Size.min = 11, Size.max = 39, Penalty = 0
  Cost.min = 982025, Cost.max = 2913521, Cost.sum = 39953425
Best CVRPTW solution:
  Cost = 0_39953425
1 416 43 418 344 23 34 187 91 205 372 394 48 225 129 353 38 104 351 322 195 47 417 432 246 52 220 360 174 243 468 236 368 475 147 315 395 505 128 144 42 145 413 210 472 173 95 259 138 81 459 333 110 228 254 469 156 359 458 392 397 169 216 356 411 31 154 10 424 433 273 212 221 201 504 382 75 391 345 420 54 196 350 67 53 44 238 188 439 224 312 194 117 200 105 307 314 287 108 378 244 86 512 427 390 226 229 239 383 405 384 443 290 127 343 136 232 371 217 70 437 422 520 65 369 80 299 500 377 321 32 207 449 400 463 100 211 341 215 495 177 348 88 82 357 272 64 89 114 387 61 375 453 503 41 178 237 51 175 465 59 252 7 208 85 193 380 230 303 219 260 367 19 62 69 251 245 204 516 106 35 190 249 398 234 501 342 223 479 429 60 186 406 79 235 460 366 265 436 176 349 514 324 222 90 96 385 332 58 365 116 445 266 189 340 336 320 248 325 11 13 282 318 376 202 329 163 78 409 450 16 218 213 4 50 121 66 263 103 277 74 507 481 184 291 487 496 293 474 488 98 113 192 180 304 484 275 467 270 284 310 379 438 72 502 455 403 279 393 118 101 133 327 115 421 442 335 337 130 9 257 102 148 56 132 354 126 339 292 309 399 319 331 448 363 515 135 179 271 139 76 419 300 171 49 499 435 152 297 262 494 308 461 261 55 456 209 92 153 370 18 510 288 402 21 94 352 286 267 361 281 71 388 25 107 491 141 120 316 492 170 489 401 518 298 29 347 412 269 311 203 233 464 280 12 191 146 431 285 482 15 111 182 158 470 131 28 506 498 255 87 99 45 142 39 274 295 63 490 6 124 206 408 410 476 276 358 473 241 33 164 137 157 430 278 513 466 199 415 373 172 2 247 328 426 197 268 253 160 447 46 17 508 485 151 123 167 185 143 338 214 346 162 323 289 407 483 250 355 444 423 457 166 112 519 404 73 301 330 181 97 168 381 480 109 317 462 386 428 486 451 93 26 227 493 305 27 84 165 452 242 14 231 149 134 77 37 24 22 509 258 414 478 440 434 57 119 264 8 396 40 471 446 296 155 477 374 511 389 454 326 183 122 313 256 306 159 5 240 517 20 83 3 364 30 362 497 161 140 425 441 150 334 302 36 68 198 125 283 294 1 
