PARAMETER_FILE = result/cvrptw_500/LKH_para/815.para
Reading PROBLEM_FILE: "result/cvrptw_500/cvrptw/815.cvrptw" ... done
ASCENT_CANDIDATES = 50
BACKBONE_TRIALS = 0
BACKTRACKING = NO
# BWTSP =
# CANDIDATE_FILE =
CANDIDATE_SET_TYPE = ALPHA
DEPOT = 1
# EDGE_FILE =
EXCESS = 0.0384615
EXTERNAL_SALESMEN = 0
EXTRA_CANDIDATES = 0 
EXTRA_CANDIDATE_SET_TYPE = QUADRANT
GAIN23 = NO
GAIN_CRITERION = YES
INITIAL_PERIOD = 520
INITIAL_STEP_SIZE = 1
INITIAL_TOUR_ALGORITHM = WALK
# INITIAL_TOUR_FILE = 
INITIAL_TOUR_FRACTION = 1.000
# INPUT_TOUR_FILE = 
KICK_TYPE = 4
KICKS = 1
# MAX_BREADTH =
MAKESPAN = NO
MAX_CANDIDATES = 5 
MAX_SWAPS = 0
MAX_TRIALS = 1000
# MERGE_TOUR_FILE =
MOVE_TYPE = 5 SPECIAL
MTSP_MIN_SIZE = 1
MTSP_MAX_SIZE = 1039
# MTSP_SOLUTION_FILE = 
# NONSEQUENTIAL_MOVE_TYPE = 5
# OPTIMUM =
# OUTPUT_TOUR_FILE = 
PATCHING_A = 1 
PATCHING_C = 0 
# PI_FILE = 
POPMUSIC_INITIAL_TOUR = NO
POPMUSIC_MAX_NEIGHBORS = 5
POPMUSIC_SAMPLE_SIZE = 10
POPMUSIC_SOLUTIONS = 50
POPMUSIC_TRIALS = 1
POPULATION_SIZE = 10
PRECISION = 100
PROBLEM_FILE = result/cvrptw_500/cvrptw/815.cvrptw
RECOMBINATION = IPT
RESTRICTED_SEARCH = YES
RUNS = 1
SALESMEN = 20
SCALE = 1
SEED = 1234
# SINTEF_SOLUTION_FILE = 
STOP_AT_OPTIMUM = YES
SUBGRADIENT = YES
# SUBPROBLEM_SIZE =
# SUBPROBLEM_TOUR_FILE = 
SUBSEQUENT_MOVE_TYPE = 5 SPECIAL
SUBSEQUENT_PATCHING = YES
# TIME_LIMIT =
# TOUR_FILE = 
TRACE_LEVEL = 1
VEHICLES = 20

Lower bound = 24866838.2, Ascent time = 2.23 sec.
Cand.min = 5, Cand.avg = 5.0, Cand.max = 5
Edges.fixed = 520 [Cost = 0]
Preprocessing time = 2.31 sec.
* 1: Cost = 52032_50011283, Time = 3.77 sec. 
-Trial 1 52032 50011283 6.077505
-Trial 2 52032 50011283 6.223247
* 3: Cost = 0_49461645, Time = 4.24 sec. 
-Trial 3 0 49461645 6.556824
-Trial 4 0 49461645 6.654234
-Trial 5 0 49461645 6.668595
* 6: Cost = 0_49175725, Time = 4.36 sec. 
-Trial 6 0 49175725 6.671303
-Trial 7 0 49175725 6.706798
* 8: Cost = 0_49153294, Time = 4.43 sec. 
-Trial 8 0 49153294 6.743682
* 9: Cost = 0_49107083, Time = 4.49 sec. 
-Trial 9 0 49107083 6.801727
* 10: Cost = 0_48746085, Time = 4.54 sec. 
-Trial 10 0 48746085 6.856385
* 11: Cost = 0_47735604, Time = 4.61 sec. 
-Trial 11 0 47735604 6.925610
* 12: Cost = 0_47639313, Time = 4.63 sec. 
-Trial 12 0 47639313 6.941187
* 13: Cost = 0_47356523, Time = 4.64 sec. 
-Trial 13 0 47356523 6.949041
-Trial 14 0 47356523 6.961742
* 15: Cost = 0_47138961, Time = 4.69 sec. 
-Trial 15 0 47138961 7.003059
* 16: Cost = 0_45517173, Time = 4.79 sec. 
-Trial 16 0 45517173 7.103892
* 17: Cost = 0_45369379, Time = 4.80 sec. 
-Trial 17 0 45369379 7.114158
* 18: Cost = 0_44743157, Time = 5.10 sec. 
-Trial 18 0 44743157 7.412995
* 19: Cost = 0_44679835, Time = 5.13 sec. 
-Trial 19 0 44679835 7.441072
* 20: Cost = 0_43977390, Time = 5.18 sec. 
-Trial 20 0 43977390 7.493315
-Trial 21 0 43977390 7.508657
-Trial 22 0 43977390 7.547974
-Trial 23 0 43977390 7.556151
-Trial 24 0 43977390 7.600234
* 25: Cost = 0_43648282, Time = 5.32 sec. 
-Trial 25 0 43648282 7.635007
* 26: Cost = 0_43546738, Time = 5.33 sec. 
-Trial 26 0 43546738 7.646215
-Trial 27 0 43546738 7.654112
-Trial 28 0 43546738 7.680256
-Trial 29 0 43546738 7.726275
-Trial 30 0 43546738 7.728162
-Trial 31 0 43546738 7.756202
-Trial 32 0 43546738 7.770232
* 33: Cost = 0_43255955, Time = 5.48 sec. 
-Trial 33 0 43255955 7.787719
-Trial 34 0 43255955 7.840570
-Trial 35 0 43255955 7.866282
* 36: Cost = 0_43108269, Time = 5.58 sec. 
-Trial 36 0 43108269 7.888448
* 37: Cost = 0_43079468, Time = 5.59 sec. 
-Trial 37 0 43079468 7.903163
* 38: Cost = 0_43013292, Time = 5.65 sec. 
-Trial 38 0 43013292 7.966839
-Trial 39 0 43013292 8.000438
-Trial 40 0 43013292 8.014191
* 41: Cost = 0_42950655, Time = 5.79 sec. 
-Trial 41 0 42950655 8.102269
-Trial 42 0 42950655 8.108285
-Trial 43 0 42950655 8.115983
-Trial 44 0 42950655 8.139075
-Trial 45 0 42950655 8.140989
-Trial 46 0 42950655 8.150005
-Trial 47 0 42950655 8.163448
* 48: Cost = 0_42877689, Time = 5.86 sec. 
-Trial 48 0 42877689 8.168425
-Trial 49 0 42877689 8.183042
* 50: Cost = 0_42838342, Time = 5.90 sec. 
-Trial 50 0 42838342 8.213797
-Trial 51 0 42838342 8.349939
-Trial 52 0 42838342 8.394436
-Trial 53 0 42838342 8.403946
-Trial 54 0 42838342 8.420349
* 55: Cost = 0_42677059, Time = 6.14 sec. 
-Trial 55 0 42677059 8.450912
-Trial 56 0 42677059 8.507536
-Trial 57 0 42677059 8.509452
* 58: Cost = 0_42658365, Time = 6.24 sec. 
-Trial 58 0 42658365 8.547522
* 59: Cost = 0_42625991, Time = 6.28 sec. 
-Trial 59 0 42625991 8.587785
-Trial 60 0 42625991 8.649863
-Trial 61 0 42625991 8.734255
* 62: Cost = 0_42417699, Time = 6.49 sec. 
-Trial 62 0 42417699 8.806830
* 63: Cost = 0_42396636, Time = 6.56 sec. 
-Trial 63 0 42396636 8.867243
-Trial 64 0 42396636 8.955531
-Trial 65 0 42396636 8.959996
* 66: Cost = 0_42324290, Time = 6.69 sec. 
-Trial 66 0 42324290 8.997673
-Trial 67 0 42324290 9.007654
-Trial 68 0 42324290 9.014260
* 69: Cost = 0_42305647, Time = 6.71 sec. 
-Trial 69 0 42305647 9.018460
-Trial 70 0 42305647 9.039395
-Trial 71 0 42305647 9.076906
-Trial 72 0 42305647 9.095688
-Trial 73 0 42305647 9.182165
-Trial 74 0 42305647 9.190716
-Trial 75 0 42305647 9.267024
* 76: Cost = 0_42271467, Time = 7.09 sec. 
-Trial 76 0 42271467 9.397962
-Trial 77 0 42271467 9.427601
* 78: Cost = 0_42171020, Time = 7.18 sec. 
-Trial 78 0 42171020 9.492672
-Trial 79 0 42171020 9.499830
* 80: Cost = 0_42116842, Time = 7.20 sec. 
-Trial 80 0 42116842 9.516368
-Trial 81 0 42116842 9.518601
* 82: Cost = 0_42089179, Time = 7.23 sec. 
-Trial 82 0 42089179 9.544494
-Trial 83 0 42089179 9.563315
-Trial 84 0 42089179 9.749091
-Trial 85 0 42089179 9.767784
-Trial 86 0 42089179 9.821330
-Trial 87 0 42089179 9.849395
* 88: Cost = 0_42064684, Time = 7.57 sec. 
-Trial 88 0 42064684 9.880898
-Trial 89 0 42064684 9.921944
* 90: Cost = 0_41824323, Time = 7.63 sec. 
-Trial 90 0 41824323 9.937776
-Trial 91 0 41824323 9.957498
-Trial 92 0 41824323 9.967850
* 93: Cost = 0_41556527, Time = 7.69 sec. 
-Trial 93 0 41556527 10.001834
-Trial 94 0 41556527 10.070738
-Trial 95 0 41556527 10.072600
-Trial 96 0 41556527 10.106107
-Trial 97 0 41556527 10.125158
* 98: Cost = 0_41529727, Time = 7.82 sec. 
-Trial 98 0 41529727 10.130548
* 99: Cost = 0_41526697, Time = 7.84 sec. 
-Trial 99 0 41526697 10.152009
-Trial 100 0 41526697 10.166745
-Trial 101 0 41526697 10.170624
-Trial 102 0 41526697 10.186464
* 103: Cost = 0_41357995, Time = 7.97 sec. 
-Trial 103 0 41357995 10.277700
-Trial 104 0 41357995 10.325675
-Trial 105 0 41357995 10.380087
-Trial 106 0 41357995 10.391307
* 107: Cost = 0_41295041, Time = 8.09 sec. 
-Trial 107 0 41295041 10.403667
-Trial 108 0 41295041 10.465381
-Trial 109 0 41295041 10.491163
-Trial 110 0 41295041 10.499041
* 111: Cost = 0_41267033, Time = 8.21 sec. 
-Trial 111 0 41267033 10.525219
-Trial 112 0 41267033 10.586497
* 113: Cost = 0_41122424, Time = 8.32 sec. 
-Trial 113 0 41122424 10.636053
-Trial 114 0 41122424 10.652485
-Trial 115 0 41122424 10.661237
-Trial 116 0 41122424 10.677518
* 117: Cost = 0_41082439, Time = 8.38 sec. 
-Trial 117 0 41082439 10.690009
* 118: Cost = 0_41008451, Time = 8.39 sec. 
-Trial 118 0 41008451 10.697580
-Trial 119 0 41008451 10.702917
-Trial 120 0 41008451 10.728588
-Trial 121 0 41008451 10.763222
* 122: Cost = 0_41002373, Time = 8.49 sec. 
-Trial 122 0 41002373 10.803299
-Trial 123 0 41002373 10.926430
-Trial 124 0 41002373 10.941409
-Trial 125 0 41002373 10.950455
-Trial 126 0 41002373 11.027708
-Trial 127 0 41002373 11.090919
* 128: Cost = 0_41001988, Time = 8.81 sec. 
-Trial 128 0 41001988 11.118042
-Trial 129 0 41001988 11.125180
-Trial 130 0 41001988 11.139610
-Trial 131 0 41001988 11.159585
* 132: Cost = 0_40982926, Time = 8.86 sec. 
-Trial 132 0 40982926 11.174583
-Trial 133 0 40982926 11.190145
-Trial 134 0 40982926 11.202609
-Trial 135 0 40982926 11.277793
-Trial 136 0 40982926 11.320283
* 137: Cost = 0_40972011, Time = 9.04 sec. 
-Trial 137 0 40972011 11.355903
* 138: Cost = 0_40867692, Time = 9.07 sec. 
-Trial 138 0 40867692 11.379256
-Trial 139 0 40867692 11.418345
-Trial 140 0 40867692 11.434676
* 141: Cost = 0_40661377, Time = 9.23 sec. 
-Trial 141 0 40661377 11.544004
-Trial 142 0 40661377 11.556876
* 143: Cost = 0_40645320, Time = 9.27 sec. 
-Trial 143 0 40645320 11.581682
-Trial 144 0 40645320 11.585614
-Trial 145 0 40645320 11.652267
-Trial 146 0 40645320 11.661253
-Trial 147 0 40645320 11.670037
-Trial 148 0 40645320 11.685380
-Trial 149 0 40645320 11.759791
-Trial 150 0 40645320 11.788240
-Trial 151 0 40645320 11.877336
* 152: Cost = 0_40597655, Time = 9.59 sec. 
-Trial 152 0 40597655 11.900943
* 153: Cost = 0_40529884, Time = 9.60 sec. 
-Trial 153 0 40529884 11.911585
-Trial 154 0 40529884 11.924949
-Trial 155 0 40529884 11.999185
-Trial 156 0 40529884 12.001293
-Trial 157 0 40529884 12.004314
-Trial 158 0 40529884 12.011906
-Trial 159 0 40529884 12.014741
-Trial 160 0 40529884 12.042354
-Trial 161 0 40529884 12.047225
-Trial 162 0 40529884 12.053458
-Trial 163 0 40529884 12.056147
-Trial 164 0 40529884 12.100893
-Trial 165 0 40529884 12.109757
-Trial 166 0 40529884 12.135369
-Trial 167 0 40529884 12.160070
-Trial 168 0 40529884 12.164724
-Trial 169 0 40529884 12.230665
-Trial 170 0 40529884 12.245318
-Trial 171 0 40529884 12.269993
-Trial 172 0 40529884 12.280749
-Trial 173 0 40529884 12.301257
-Trial 174 0 40529884 12.336864
-Trial 175 0 40529884 12.361286
-Trial 176 0 40529884 12.362040
-Trial 177 0 40529884 12.387018
-Trial 178 0 40529884 12.408057
* 179: Cost = 0_40481578, Time = 10.13 sec. 
-Trial 179 0 40481578 12.442954
-Trial 180 0 40481578 12.445794
-Trial 181 0 40481578 12.465323
-Trial 182 0 40481578 12.467029
-Trial 183 0 40481578 12.496077
-Trial 184 0 40481578 12.507959
-Trial 185 0 40481578 12.521963
-Trial 186 0 40481578 12.562914
-Trial 187 0 40481578 12.564815
* 188: Cost = 0_40465381, Time = 10.41 sec. 
-Trial 188 0 40465381 12.720299
* 189: Cost = 0_40390583, Time = 10.42 sec. 
-Trial 189 0 40390583 12.728545
-Trial 190 0 40390583 12.734801
-Trial 191 0 40390583 12.834775
-Trial 192 0 40390583 12.852748
-Trial 193 0 40390583 12.940376
-Trial 194 0 40390583 12.976713
* 195: Cost = 0_40331546, Time = 10.69 sec. 
-Trial 195 0 40331546 13.005519
* 196: Cost = 0_40243278, Time = 10.70 sec. 
-Trial 196 0 40243278 13.008680
-Trial 197 0 40243278 13.018154
-Trial 198 0 40243278 13.024860
-Trial 199 0 40243278 13.052999
-Trial 200 0 40243278 13.057062
-Trial 201 0 40243278 13.059285
-Trial 202 0 40243278 13.080236
-Trial 203 0 40243278 13.167659
-Trial 204 0 40243278 13.170114
-Trial 205 0 40243278 13.196520
-Trial 206 0 40243278 13.289901
-Trial 207 0 40243278 13.299350
-Trial 208 0 40243278 13.309891
-Trial 209 0 40243278 13.370975
-Trial 210 0 40243278 13.389754
* 211: Cost = 0_40230220, Time = 11.13 sec. 
-Trial 211 0 40230220 13.446908
-Trial 212 0 40230220 13.462761
-Trial 213 0 40230220 13.479397
-Trial 214 0 40230220 13.494068
-Trial 215 0 40230220 13.516425
-Trial 216 0 40230220 13.532772
-Trial 217 0 40230220 13.615103
-Trial 218 0 40230220 13.663121
-Trial 219 0 40230220 13.711371
-Trial 220 0 40230220 13.713270
* 221: Cost = 0_40075287, Time = 11.45 sec. 
-Trial 221 0 40075287 13.759748
-Trial 222 0 40075287 13.767754
-Trial 223 0 40075287 13.816359
-Trial 224 0 40075287 13.836084
-Trial 225 0 40075287 13.845823
-Trial 226 0 40075287 13.853964
-Trial 227 0 40075287 13.863730
-Trial 228 0 40075287 13.866910
-Trial 229 0 40075287 13.871616
-Trial 230 0 40075287 13.897867
-Trial 231 0 40075287 13.921261
-Trial 232 0 40075287 13.929974
-Trial 233 0 40075287 13.936914
-Trial 234 0 40075287 13.949473
-Trial 235 0 40075287 13.960611
* 236: Cost = 0_40048521, Time = 11.65 sec. 
-Trial 236 0 40048521 13.966835
-Trial 237 0 40048521 13.998230
-Trial 238 0 40048521 14.011817
-Trial 239 0 40048521 14.016979
-Trial 240 0 40048521 14.050450
* 241: Cost = 0_40028648, Time = 11.75 sec. 
-Trial 241 0 40028648 14.061987
-Trial 242 0 40028648 14.086571
-Trial 243 0 40028648 14.089994
* 244: Cost = 0_39945849, Time = 11.83 sec. 
-Trial 244 0 39945849 14.142204
-Trial 245 0 39945849 14.167685
* 246: Cost = 0_39818853, Time = 11.87 sec. 
-Trial 246 0 39818853 14.178940
-Trial 247 0 39818853 14.196451
-Trial 248 0 39818853 14.236282
-Trial 249 0 39818853 14.298532
-Trial 250 0 39818853 14.312499
-Trial 251 0 39818853 14.335193
-Trial 252 0 39818853 14.347933
-Trial 253 0 39818853 14.366560
-Trial 254 0 39818853 14.409486
-Trial 255 0 39818853 14.413427
-Trial 256 0 39818853 14.433700
-Trial 257 0 39818853 14.449103
-Trial 258 0 39818853 14.452529
* 259: Cost = 0_39745628, Time = 12.19 sec. 
-Trial 259 0 39745628 14.501292
-Trial 260 0 39745628 14.503494
-Trial 261 0 39745628 14.624545
-Trial 262 0 39745628 14.786340
-Trial 263 0 39745628 14.789759
-Trial 264 0 39745628 14.812859
-Trial 265 0 39745628 14.842893
-Trial 266 0 39745628 14.868238
-Trial 267 0 39745628 14.876081
-Trial 268 0 39745628 14.898736
-Trial 269 0 39745628 14.928194
-Trial 270 0 39745628 14.931496
-Trial 271 0 39745628 14.934910
-Trial 272 0 39745628 14.972654
-Trial 273 0 39745628 14.984879
-Trial 274 0 39745628 15.025502
-Trial 275 0 39745628 15.042057
-Trial 276 0 39745628 15.058499
-Trial 277 0 39745628 15.071627
-Trial 278 0 39745628 15.072787
-Trial 279 0 39745628 15.090761
-Trial 280 0 39745628 15.100636
-Trial 281 0 39745628 15.104259
-Trial 282 0 39745628 15.115766
-Trial 283 0 39745628 15.130290
-Trial 284 0 39745628 15.152567
-Trial 285 0 39745628 15.199287
-Trial 286 0 39745628 15.215212
-Trial 287 0 39745628 15.217045
-Trial 288 0 39745628 15.226531
-Trial 289 0 39745628 15.279338
-Trial 290 0 39745628 15.287709
-Trial 291 0 39745628 15.300653
-Trial 292 0 39745628 15.331259
-Trial 293 0 39745628 15.377552
-Trial 294 0 39745628 15.384641
-Trial 295 0 39745628 15.528527
-Trial 296 0 39745628 15.543994
-Trial 297 0 39745628 15.587140
-Trial 298 0 39745628 15.612011
-Trial 299 0 39745628 15.679472
-Trial 300 0 39745628 15.687054
-Trial 301 0 39745628 15.726351
* 302: Cost = 0_39717894, Time = 13.43 sec. 
-Trial 302 0 39717894 15.743598
* 303: Cost = 0_39665524, Time = 13.47 sec. 
-Trial 303 0 39665524 15.784041
-Trial 304 0 39665524 15.792851
-Trial 305 0 39665524 15.801602
-Trial 306 0 39665524 15.814142
-Trial 307 0 39665524 15.832055
-Trial 308 0 39665524 15.872432
-Trial 309 0 39665524 15.885950
-Trial 310 0 39665524 15.890557
-Trial 311 0 39665524 15.904629
-Trial 312 0 39665524 15.977982
-Trial 313 0 39665524 15.988172
-Trial 314 0 39665524 15.989220
-Trial 315 0 39665524 15.992318
-Trial 316 0 39665524 16.051508
-Trial 317 0 39665524 16.083682
* 318: Cost = 0_39658306, Time = 13.78 sec. 
-Trial 318 0 39658306 16.090431
-Trial 319 0 39658306 16.113188
-Trial 320 0 39658306 16.128475
-Trial 321 0 39658306 16.153265
-Trial 322 0 39658306 16.161008
-Trial 323 0 39658306 16.171872
* 324: Cost = 0_39630077, Time = 13.87 sec. 
-Trial 324 0 39630077 16.180816
-Trial 325 0 39630077 16.269219
* 326: Cost = 0_39587272, Time = 13.98 sec. 
-Trial 326 0 39587272 16.296312
-Trial 327 0 39587272 16.314235
-Trial 328 0 39587272 16.349627
-Trial 329 0 39587272 16.367187
-Trial 330 0 39587272 16.373527
-Trial 331 0 39587272 16.395975
* 332: Cost = 0_39584625, Time = 14.09 sec. 
-Trial 332 0 39584625 16.398461
-Trial 333 0 39584625 16.405338
-Trial 334 0 39584625 16.417992
-Trial 335 0 39584625 16.423063
-Trial 336 0 39584625 16.472980
-Trial 337 0 39584625 16.478123
-Trial 338 0 39584625 16.548552
-Trial 339 0 39584625 16.556240
-Trial 340 0 39584625 16.577226
-Trial 341 0 39584625 16.586266
-Trial 342 0 39584625 16.601299
-Trial 343 0 39584625 16.669988
-Trial 344 0 39584625 16.678048
-Trial 345 0 39584625 16.694283
-Trial 346 0 39584625 16.747318
-Trial 347 0 39584625 16.763319
-Trial 348 0 39584625 16.769106
-Trial 349 0 39584625 16.774115
-Trial 350 0 39584625 16.803850
-Trial 351 0 39584625 16.830614
-Trial 352 0 39584625 16.845494
-Trial 353 0 39584625 16.921885
-Trial 354 0 39584625 16.980908
-Trial 355 0 39584625 17.081356
-Trial 356 0 39584625 17.098498
-Trial 357 0 39584625 17.137164
-Trial 358 0 39584625 17.160019
-Trial 359 0 39584625 17.181119
-Trial 360 0 39584625 17.190070
-Trial 361 0 39584625 17.226036
* 362: Cost = 0_39571637, Time = 14.93 sec. 
-Trial 362 0 39571637 17.246396
-Trial 363 0 39571637 17.249752
-Trial 364 0 39571637 17.266648
-Trial 365 0 39571637 17.284305
-Trial 366 0 39571637 17.304019
-Trial 367 0 39571637 17.340728
-Trial 368 0 39571637 17.355898
-Trial 369 0 39571637 17.396920
-Trial 370 0 39571637 17.405721
-Trial 371 0 39571637 17.444661
-Trial 372 0 39571637 17.462021
-Trial 373 0 39571637 17.462962
-Trial 374 0 39571637 17.484058
-Trial 375 0 39571637 17.486754
-Trial 376 0 39571637 17.499761
-Trial 377 0 39571637 17.508053
-Trial 378 0 39571637 17.578772
-Trial 379 0 39571637 17.584367
-Trial 380 0 39571637 17.593775
-Trial 381 0 39571637 17.594465
-Trial 382 0 39571637 17.606915
-Trial 383 0 39571637 17.622349
-Trial 384 0 39571637 17.630293
-Trial 385 0 39571637 17.643530
-Trial 386 0 39571637 17.677542
* 387: Cost = 0_39551488, Time = 15.40 sec. 
-Trial 387 0 39551488 17.711706
-Trial 388 0 39551488 17.714529
-Trial 389 0 39551488 17.714914
-Trial 390 0 39551488 17.719444
-Trial 391 0 39551488 17.738187
-Trial 392 0 39551488 17.842050
-Trial 393 0 39551488 17.846124
-Trial 394 0 39551488 17.852566
-Trial 395 0 39551488 17.866290
-Trial 396 0 39551488 17.873066
-Trial 397 0 39551488 17.891140
-Trial 398 0 39551488 17.901870
-Trial 399 0 39551488 17.913123
-Trial 400 0 39551488 17.936660
-Trial 401 0 39551488 17.971184
-Trial 402 0 39551488 17.986487
* 403: Cost = 0_39551250, Time = 15.69 sec. 
-Trial 403 0 39551250 18.005646
-Trial 404 0 39551250 18.014094
-Trial 405 0 39551250 18.025241
-Trial 406 0 39551250 18.232433
-Trial 407 0 39551250 18.233757
-Trial 408 0 39551250 18.304047
-Trial 409 0 39551250 18.316746
-Trial 410 0 39551250 18.392079
-Trial 411 0 39551250 18.418008
-Trial 412 0 39551250 18.435210
-Trial 413 0 39551250 18.438087
-Trial 414 0 39551250 18.456259
-Trial 415 0 39551250 18.457046
-Trial 416 0 39551250 18.493046
-Trial 417 0 39551250 18.503489
-Trial 418 0 39551250 18.550108
-Trial 419 0 39551250 18.592468
-Trial 420 0 39551250 18.599697
-Trial 421 0 39551250 18.696544
-Trial 422 0 39551250 18.703632
-Trial 423 0 39551250 18.770166
-Trial 424 0 39551250 18.792556
-Trial 425 0 39551250 18.797161
* 426: Cost = 0_39509378, Time = 16.50 sec. 
-Trial 426 0 39509378 18.808385
* 427: Cost = 0_39440133, Time = 16.54 sec. 
-Trial 427 0 39440133 18.849571
-Trial 428 0 39440133 18.854857
-Trial 429 0 39440133 18.866778
-Trial 430 0 39440133 18.870304
-Trial 431 0 39440133 18.873720
-Trial 432 0 39440133 18.883162
-Trial 433 0 39440133 18.906652
-Trial 434 0 39440133 18.928675
-Trial 435 0 39440133 18.940805
-Trial 436 0 39440133 18.944866
-Trial 437 0 39440133 18.984373
-Trial 438 0 39440133 18.994819
-Trial 439 0 39440133 19.010528
* 440: Cost = 0_39428265, Time = 16.72 sec. 
-Trial 440 0 39428265 19.031223
-Trial 441 0 39428265 19.049160
-Trial 442 0 39428265 19.062427
-Trial 443 0 39428265 19.078725
-Trial 444 0 39428265 19.089441
-Trial 445 0 39428265 19.099900
-Trial 446 0 39428265 19.112188
-Trial 447 0 39428265 19.129318
-Trial 448 0 39428265 19.152966
-Trial 449 0 39428265 19.158264
-Trial 450 0 39428265 19.167543
-Trial 451 0 39428265 19.176791
-Trial 452 0 39428265 19.186698
-Trial 453 0 39428265 19.228874
-Trial 454 0 39428265 19.243520
-Trial 455 0 39428265 19.260494
-Trial 456 0 39428265 19.283005
-Trial 457 0 39428265 19.285794
-Trial 458 0 39428265 19.313697
-Trial 459 0 39428265 19.329065
-Trial 460 0 39428265 19.333236
-Trial 461 0 39428265 19.351955
-Trial 462 0 39428265 19.409743
-Trial 463 0 39428265 19.416114
-Trial 464 0 39428265 19.432895
-Trial 465 0 39428265 19.443064
-Trial 466 0 39428265 19.449972
-Trial 467 0 39428265 19.466560
-Trial 468 0 39428265 19.498832
-Trial 469 0 39428265 19.504871
-Trial 470 0 39428265 19.505357
-Trial 471 0 39428265 19.513614
-Trial 472 0 39428265 19.539141
-Trial 473 0 39428265 19.551954
-Trial 474 0 39428265 19.567743
-Trial 475 0 39428265 19.574950
-Trial 476 0 39428265 19.582941
-Trial 477 0 39428265 19.591242
-Trial 478 0 39428265 19.601806
-Trial 479 0 39428265 19.613704
-Trial 480 0 39428265 19.652302
-Trial 481 0 39428265 19.664300
-Trial 482 0 39428265 19.665636
* 483: Cost = 0_39423171, Time = 17.38 sec. 
-Trial 483 0 39423171 19.695304
-Trial 484 0 39423171 19.748834
-Trial 485 0 39423171 19.777938
-Trial 486 0 39423171 19.797434
-Trial 487 0 39423171 19.825123
-Trial 488 0 39423171 19.837686
-Trial 489 0 39423171 19.843855
-Trial 490 0 39423171 19.858286
-Trial 491 0 39423171 19.869409
-Trial 492 0 39423171 19.890584
-Trial 493 0 39423171 19.891185
-Trial 494 0 39423171 19.900110
-Trial 495 0 39423171 19.930341
-Trial 496 0 39423171 19.936389
-Trial 497 0 39423171 19.951496
-Trial 498 0 39423171 19.964612
-Trial 499 0 39423171 19.981634
-Trial 500 0 39423171 19.984298
-Trial 501 0 39423171 20.010626
-Trial 502 0 39423171 20.035259
-Trial 503 0 39423171 20.050650
-Trial 504 0 39423171 20.068094
-Trial 505 0 39423171 20.075078
-Trial 506 0 39423171 20.077489
-Trial 507 0 39423171 20.083108
-Trial 508 0 39423171 20.119855
-Trial 509 0 39423171 20.126293
-Trial 510 0 39423171 20.132298
-Trial 511 0 39423171 20.150924
-Trial 512 0 39423171 20.174444
-Trial 513 0 39423171 20.177577
-Trial 514 0 39423171 20.178885
-Trial 515 0 39423171 20.196943
-Trial 516 0 39423171 20.216527
-Trial 517 0 39423171 20.313944
-Trial 518 0 39423171 20.318598
* 519: Cost = 0_39384053, Time = 18.01 sec. 
-Trial 519 0 39384053 20.324574
-Trial 520 0 39384053 20.333054
-Trial 521 0 39384053 20.348918
-Trial 522 0 39384053 20.354283
* 523: Cost = 0_39357801, Time = 18.05 sec. 
-Trial 523 0 39357801 20.366402
-Trial 524 0 39357801 20.609373
-Trial 525 0 39357801 20.619293
* 526: Cost = 0_39310044, Time = 18.31 sec. 
-Trial 526 0 39310044 20.622836
-Trial 527 0 39310044 20.640343
-Trial 528 0 39310044 20.665658
-Trial 529 0 39310044 20.694048
-Trial 530 0 39310044 20.720434
-Trial 531 0 39310044 20.848009
-Trial 532 0 39310044 20.857325
-Trial 533 0 39310044 20.862671
-Trial 534 0 39310044 20.911637
-Trial 535 0 39310044 20.959439
-Trial 536 0 39310044 20.967317
* 537: Cost = 0_39306833, Time = 18.67 sec. 
-Trial 537 0 39306833 20.982018
-Trial 538 0 39306833 20.991499
* 539: Cost = 0_39251071, Time = 18.69 sec. 
-Trial 539 0 39251071 21.006624
-Trial 540 0 39251071 21.027261
-Trial 541 0 39251071 21.033098
-Trial 542 0 39251071 21.041264
-Trial 543 0 39251071 21.046811
-Trial 544 0 39251071 21.087434
-Trial 545 0 39251071 21.090170
-Trial 546 0 39251071 21.094761
-Trial 547 0 39251071 21.097529
-Trial 548 0 39251071 21.125951
-Trial 549 0 39251071 21.155729
-Trial 550 0 39251071 21.194364
-Trial 551 0 39251071 21.218833
-Trial 552 0 39251071 21.225694
-Trial 553 0 39251071 21.234001
-Trial 554 0 39251071 21.258829
-Trial 555 0 39251071 21.260638
-Trial 556 0 39251071 21.295181
-Trial 557 0 39251071 21.299510
-Trial 558 0 39251071 21.358193
-Trial 559 0 39251071 21.359904
-Trial 560 0 39251071 21.426190
-Trial 561 0 39251071 21.445032
-Trial 562 0 39251071 21.454923
* 563: Cost = 0_39161196, Time = 19.16 sec. 
-Trial 563 0 39161196 21.468280
-Trial 564 0 39161196 21.528637
-Trial 565 0 39161196 21.530227
-Trial 566 0 39161196 21.541366
-Trial 567 0 39161196 21.658837
-Trial 568 0 39161196 21.733441
-Trial 569 0 39161196 21.736814
-Trial 570 0 39161196 21.752898
-Trial 571 0 39161196 21.780511
-Trial 572 0 39161196 21.786353
-Trial 573 0 39161196 21.814399
-Trial 574 0 39161196 21.844878
-Trial 575 0 39161196 21.946414
-Trial 576 0 39161196 21.991748
-Trial 577 0 39161196 21.999524
-Trial 578 0 39161196 22.056034
-Trial 579 0 39161196 22.119181
-Trial 580 0 39161196 22.122033
-Trial 581 0 39161196 22.127898
-Trial 582 0 39161196 22.198496
* 583: Cost = 0_39125749, Time = 19.89 sec. 
-Trial 583 0 39125749 22.206650
-Trial 584 0 39125749 22.224311
-Trial 585 0 39125749 22.261483
-Trial 586 0 39125749 22.273224
-Trial 587 0 39125749 22.280358
-Trial 588 0 39125749 22.297881
-Trial 589 0 39125749 22.342064
* 590: Cost = 0_39110516, Time = 20.04 sec. 
-Trial 590 0 39110516 22.349070
-Trial 591 0 39110516 22.349923
-Trial 592 0 39110516 22.364773
-Trial 593 0 39110516 22.387462
-Trial 594 0 39110516 22.410045
-Trial 595 0 39110516 22.452999
-Trial 596 0 39110516 22.685074
-Trial 597 0 39110516 22.732069
-Trial 598 0 39110516 22.844755
-Trial 599 0 39110516 22.845661
-Trial 600 0 39110516 22.893477
-Trial 601 0 39110516 22.909939
-Trial 602 0 39110516 22.928342
* 603: Cost = 0_39092150, Time = 20.62 sec. 
-Trial 603 0 39092150 22.931844
-Trial 604 0 39092150 22.963088
-Trial 605 0 39092150 22.967189
-Trial 606 0 39092150 22.967904
-Trial 607 0 39092150 22.971135
-Trial 608 0 39092150 22.986319
-Trial 609 0 39092150 23.005015
-Trial 610 0 39092150 23.018080
-Trial 611 0 39092150 23.022544
-Trial 612 0 39092150 23.026618
-Trial 613 0 39092150 23.041633
-Trial 614 0 39092150 23.113532
-Trial 615 0 39092150 23.153241
* 616: Cost = 0_39059119, Time = 20.86 sec. 
-Trial 616 0 39059119 23.170736
-Trial 617 0 39059119 23.207775
-Trial 618 0 39059119 23.291782
-Trial 619 0 39059119 23.298162
-Trial 620 0 39059119 23.307490
-Trial 621 0 39059119 23.330503
-Trial 622 0 39059119 23.340085
-Trial 623 0 39059119 23.348738
-Trial 624 0 39059119 23.363542
-Trial 625 0 39059119 23.420723
-Trial 626 0 39059119 23.428482
-Trial 627 0 39059119 23.436587
-Trial 628 0 39059119 23.443216
-Trial 629 0 39059119 23.461599
-Trial 630 0 39059119 23.464737
-Trial 631 0 39059119 23.479385
-Trial 632 0 39059119 23.570876
-Trial 633 0 39059119 23.593343
-Trial 634 0 39059119 23.601374
-Trial 635 0 39059119 23.621198
-Trial 636 0 39059119 23.634250
-Trial 637 0 39059119 23.651566
-Trial 638 0 39059119 23.654081
-Trial 639 0 39059119 23.660404
-Trial 640 0 39059119 23.682475
-Trial 641 0 39059119 23.694640
-Trial 642 0 39059119 23.704585
-Trial 643 0 39059119 23.730802
-Trial 644 0 39059119 23.741461
-Trial 645 0 39059119 23.785433
-Trial 646 0 39059119 23.792136
-Trial 647 0 39059119 23.815665
-Trial 648 0 39059119 23.816185
-Trial 649 0 39059119 23.825279
-Trial 650 0 39059119 23.874525
-Trial 651 0 39059119 23.953492
-Trial 652 0 39059119 24.153691
-Trial 653 0 39059119 24.170696
-Trial 654 0 39059119 24.216392
-Trial 655 0 39059119 24.262656
-Trial 656 0 39059119 24.282397
-Trial 657 0 39059119 24.316065
-Trial 658 0 39059119 24.402360
-Trial 659 0 39059119 24.411656
-Trial 660 0 39059119 24.428970
-Trial 661 0 39059119 24.435566
-Trial 662 0 39059119 24.449883
-Trial 663 0 39059119 24.460354
-Trial 664 0 39059119 24.513163
-Trial 665 0 39059119 24.521298
-Trial 666 0 39059119 24.527678
-Trial 667 0 39059119 24.532531
-Trial 668 0 39059119 24.562848
* 669: Cost = 0_38991110, Time = 22.27 sec. 
-Trial 669 0 38991110 24.578800
-Trial 670 0 38991110 24.595589
* 671: Cost = 0_38897470, Time = 22.30 sec. 
-Trial 671 0 38897470 24.607852
-Trial 672 0 38897470 24.623556
-Trial 673 0 38897470 24.645798
-Trial 674 0 38897470 24.651729
-Trial 675 0 38897470 24.654774
-Trial 676 0 38897470 24.728229
-Trial 677 0 38897470 24.733330
-Trial 678 0 38897470 24.746078
-Trial 679 0 38897470 24.765234
-Trial 680 0 38897470 24.823201
-Trial 681 0 38897470 24.886039
-Trial 682 0 38897470 24.902977
-Trial 683 0 38897470 24.937843
-Trial 684 0 38897470 24.974542
-Trial 685 0 38897470 24.994669
-Trial 686 0 38897470 25.002043
-Trial 687 0 38897470 25.021610
-Trial 688 0 38897470 25.037644
-Trial 689 0 38897470 25.060317
-Trial 690 0 38897470 25.067024
-Trial 691 0 38897470 25.084478
-Trial 692 0 38897470 25.134641
* 693: Cost = 0_38890797, Time = 22.83 sec. 
-Trial 693 0 38890797 25.142551
-Trial 694 0 38890797 25.160120
-Trial 695 0 38890797 25.207302
-Trial 696 0 38890797 25.221470
-Trial 697 0 38890797 25.230277
-Trial 698 0 38890797 25.244851
-Trial 699 0 38890797 25.259591
-Trial 700 0 38890797 25.327559
-Trial 701 0 38890797 25.367399
-Trial 702 0 38890797 25.373646
-Trial 703 0 38890797 25.399264
-Trial 704 0 38890797 25.403967
-Trial 705 0 38890797 25.441451
* 706: Cost = 0_38801441, Time = 23.19 sec. 
-Trial 706 0 38801441 25.498894
-Trial 707 0 38801441 25.674402
-Trial 708 0 38801441 25.677278
-Trial 709 0 38801441 25.816181
-Trial 710 0 38801441 25.850092
-Trial 711 0 38801441 25.853464
-Trial 712 0 38801441 25.856854
-Trial 713 0 38801441 25.875831
-Trial 714 0 38801441 25.883272
-Trial 715 0 38801441 25.886178
-Trial 716 0 38801441 25.936131
-Trial 717 0 38801441 25.954925
-Trial 718 0 38801441 25.988643
-Trial 719 0 38801441 26.024955
-Trial 720 0 38801441 26.102473
-Trial 721 0 38801441 26.119276
-Trial 722 0 38801441 26.137955
-Trial 723 0 38801441 26.200606
-Trial 724 0 38801441 26.226668
-Trial 725 0 38801441 26.249703
-Trial 726 0 38801441 26.309841
-Trial 727 0 38801441 26.364386
-Trial 728 0 38801441 26.366880
-Trial 729 0 38801441 26.376036
-Trial 730 0 38801441 26.426500
-Trial 731 0 38801441 26.427158
-Trial 732 0 38801441 26.591378
-Trial 733 0 38801441 26.596667
-Trial 734 0 38801441 26.604217
-Trial 735 0 38801441 26.612190
-Trial 736 0 38801441 26.644039
-Trial 737 0 38801441 26.674687
-Trial 738 0 38801441 26.696239
-Trial 739 0 38801441 26.700005
-Trial 740 0 38801441 26.758868
-Trial 741 0 38801441 26.759334
-Trial 742 0 38801441 26.784938
-Trial 743 0 38801441 26.799034
-Trial 744 0 38801441 26.801303
-Trial 745 0 38801441 26.821752
-Trial 746 0 38801441 26.822810
-Trial 747 0 38801441 26.823740
-Trial 748 0 38801441 26.837670
-Trial 749 0 38801441 26.884550
-Trial 750 0 38801441 26.885897
-Trial 751 0 38801441 26.890343
-Trial 752 0 38801441 26.913798
-Trial 753 0 38801441 26.917048
-Trial 754 0 38801441 26.931988
-Trial 755 0 38801441 26.947291
-Trial 756 0 38801441 27.026846
-Trial 757 0 38801441 27.032986
-Trial 758 0 38801441 27.072043
-Trial 759 0 38801441 27.179841
-Trial 760 0 38801441 27.192660
* 761: Cost = 0_38799809, Time = 24.89 sec. 
-Trial 761 0 38799809 27.202487
-Trial 762 0 38799809 27.221609
-Trial 763 0 38799809 27.226199
-Trial 764 0 38799809 27.236302
-Trial 765 0 38799809 27.259049
-Trial 766 0 38799809 27.269884
-Trial 767 0 38799809 27.277183
-Trial 768 0 38799809 27.355868
-Trial 769 0 38799809 27.358410
-Trial 770 0 38799809 27.361513
-Trial 771 0 38799809 27.384696
-Trial 772 0 38799809 27.387567
-Trial 773 0 38799809 27.404412
-Trial 774 0 38799809 27.406054
-Trial 775 0 38799809 27.411787
-Trial 776 0 38799809 27.423257
-Trial 777 0 38799809 27.427490
-Trial 778 0 38799809 27.482400
-Trial 779 0 38799809 27.502403
-Trial 780 0 38799809 27.526977
-Trial 781 0 38799809 27.591716
-Trial 782 0 38799809 27.613728
-Trial 783 0 38799809 27.621018
-Trial 784 0 38799809 27.633322
-Trial 785 0 38799809 27.640920
-Trial 786 0 38799809 27.742617
-Trial 787 0 38799809 27.758145
-Trial 788 0 38799809 27.774466
-Trial 789 0 38799809 27.789099
-Trial 790 0 38799809 27.876126
-Trial 791 0 38799809 27.883971
-Trial 792 0 38799809 27.908063
-Trial 793 0 38799809 27.958998
-Trial 794 0 38799809 27.969834
-Trial 795 0 38799809 28.002224
-Trial 796 0 38799809 28.008785
-Trial 797 0 38799809 28.010986
-Trial 798 0 38799809 28.016147
-Trial 799 0 38799809 28.048331
-Trial 800 0 38799809 28.189342
-Trial 801 0 38799809 28.235797
-Trial 802 0 38799809 28.287897
-Trial 803 0 38799809 28.325494
-Trial 804 0 38799809 28.334832
-Trial 805 0 38799809 28.349187
-Trial 806 0 38799809 28.355782
-Trial 807 0 38799809 28.372267
-Trial 808 0 38799809 28.382849
-Trial 809 0 38799809 28.388823
-Trial 810 0 38799809 28.398747
-Trial 811 0 38799809 28.413006
-Trial 812 0 38799809 28.456635
-Trial 813 0 38799809 28.460085
-Trial 814 0 38799809 28.479275
-Trial 815 0 38799809 28.513434
-Trial 816 0 38799809 28.550806
-Trial 817 0 38799809 28.556362
-Trial 818 0 38799809 28.598281
-Trial 819 0 38799809 28.610522
-Trial 820 0 38799809 28.680206
-Trial 821 0 38799809 28.706187
-Trial 822 0 38799809 28.724533
-Trial 823 0 38799809 28.772355
-Trial 824 0 38799809 28.776323
-Trial 825 0 38799809 28.806079
-Trial 826 0 38799809 28.823788
-Trial 827 0 38799809 28.858451
-Trial 828 0 38799809 28.884192
-Trial 829 0 38799809 28.897002
-Trial 830 0 38799809 28.919852
-Trial 831 0 38799809 28.943530
-Trial 832 0 38799809 29.003510
-Trial 833 0 38799809 29.006843
-Trial 834 0 38799809 29.008858
-Trial 835 0 38799809 29.015746
-Trial 836 0 38799809 29.021600
-Trial 837 0 38799809 29.029246
-Trial 838 0 38799809 29.051578
-Trial 839 0 38799809 29.061644
-Trial 840 0 38799809 29.072424
-Trial 841 0 38799809 29.097232
-Trial 842 0 38799809 29.106896
-Trial 843 0 38799809 29.121093
-Trial 844 0 38799809 29.156719
-Trial 845 0 38799809 29.166318
-Trial 846 0 38799809 29.170498
-Trial 847 0 38799809 29.179243
-Trial 848 0 38799809 29.183429
-Trial 849 0 38799809 29.252376
-Trial 850 0 38799809 29.270445
-Trial 851 0 38799809 29.376136
-Trial 852 0 38799809 29.388526
-Trial 853 0 38799809 29.438968
-Trial 854 0 38799809 29.453952
-Trial 855 0 38799809 29.468503
-Trial 856 0 38799809 29.491676
-Trial 857 0 38799809 29.511800
-Trial 858 0 38799809 29.521549
-Trial 859 0 38799809 29.523701
* 860: Cost = 0_38738126, Time = 27.22 sec. 
-Trial 860 0 38738126 29.529025
-Trial 861 0 38738126 29.537409
-Trial 862 0 38738126 29.557751
-Trial 863 0 38738126 29.569670
-Trial 864 0 38738126 29.585468
-Trial 865 0 38738126 29.670407
-Trial 866 0 38738126 29.678339
-Trial 867 0 38738126 29.710763
-Trial 868 0 38738126 29.747981
-Trial 869 0 38738126 29.767301
* 870: Cost = 0_38736289, Time = 27.48 sec. 
-Trial 870 0 38736289 29.793927
-Trial 871 0 38736289 29.801850
-Trial 872 0 38736289 29.821143
-Trial 873 0 38736289 29.827225
-Trial 874 0 38736289 29.865952
-Trial 875 0 38736289 29.872714
-Trial 876 0 38736289 29.944312
-Trial 877 0 38736289 29.966888
-Trial 878 0 38736289 29.973225
-Trial 879 0 38736289 29.978728
-Trial 880 0 38736289 29.989748
-Trial 881 0 38736289 30.069525
-Trial 882 0 38736289 30.079515
-Trial 883 0 38736289 30.089517
-Trial 884 0 38736289 30.209990
-Trial 885 0 38736289 30.228636
-Trial 886 0 38736289 30.287375
-Trial 887 0 38736289 30.291952
-Trial 888 0 38736289 30.361221
-Trial 889 0 38736289 30.374884
-Trial 890 0 38736289 30.391334
-Trial 891 0 38736289 30.451336
-Trial 892 0 38736289 30.456299
-Trial 893 0 38736289 30.457825
-Trial 894 0 38736289 30.472266
-Trial 895 0 38736289 30.475798
-Trial 896 0 38736289 30.483186
-Trial 897 0 38736289 30.497104
-Trial 898 0 38736289 30.516090
-Trial 899 0 38736289 30.527010
-Trial 900 0 38736289 30.570306
-Trial 901 0 38736289 30.584459
-Trial 902 0 38736289 30.756344
-Trial 903 0 38736289 30.763705
-Trial 904 0 38736289 30.788499
-Trial 905 0 38736289 30.796810
-Trial 906 0 38736289 30.797719
-Trial 907 0 38736289 30.806510
-Trial 908 0 38736289 30.829329
-Trial 909 0 38736289 30.854605
-Trial 910 0 38736289 30.901766
-Trial 911 0 38736289 30.907640
-Trial 912 0 38736289 30.949804
-Trial 913 0 38736289 31.004326
-Trial 914 0 38736289 31.065567
-Trial 915 0 38736289 31.067264
-Trial 916 0 38736289 31.069900
-Trial 917 0 38736289 31.115734
-Trial 918 0 38736289 31.139131
-Trial 919 0 38736289 31.170250
-Trial 920 0 38736289 31.289950
-Trial 921 0 38736289 31.383929
-Trial 922 0 38736289 31.437463
-Trial 923 0 38736289 31.514918
-Trial 924 0 38736289 31.529070
-Trial 925 0 38736289 31.567657
-Trial 926 0 38736289 31.568715
-Trial 927 0 38736289 31.571468
-Trial 928 0 38736289 31.584774
-Trial 929 0 38736289 31.603394
-Trial 930 0 38736289 31.623322
-Trial 931 0 38736289 31.706169
-Trial 932 0 38736289 31.720218
-Trial 933 0 38736289 31.769076
-Trial 934 0 38736289 31.781199
-Trial 935 0 38736289 31.790186
-Trial 936 0 38736289 31.807403
-Trial 937 0 38736289 31.817778
-Trial 938 0 38736289 31.847937
-Trial 939 0 38736289 31.868202
-Trial 940 0 38736289 31.892762
-Trial 941 0 38736289 31.918366
-Trial 942 0 38736289 31.921842
-Trial 943 0 38736289 31.948753
-Trial 944 0 38736289 31.969240
-Trial 945 0 38736289 31.972226
-Trial 946 0 38736289 31.978465
-Trial 947 0 38736289 32.082247
-Trial 948 0 38736289 32.129635
-Trial 949 0 38736289 32.139099
-Trial 950 0 38736289 32.197812
-Trial 951 0 38736289 32.203990
-Trial 952 0 38736289 32.293694
-Trial 953 0 38736289 32.303585
-Trial 954 0 38736289 32.331768
-Trial 955 0 38736289 32.347537
-Trial 956 0 38736289 32.357133
-Trial 957 0 38736289 32.373370
-Trial 958 0 38736289 32.384684
-Trial 959 0 38736289 32.407757
-Trial 960 0 38736289 32.429822
-Trial 961 0 38736289 32.442853
-Trial 962 0 38736289 32.461072
-Trial 963 0 38736289 32.470004
-Trial 964 0 38736289 32.479080
-Trial 965 0 38736289 32.493250
-Trial 966 0 38736289 32.544425
-Trial 967 0 38736289 32.571717
-Trial 968 0 38736289 32.572809
-Trial 969 0 38736289 32.581364
-Trial 970 0 38736289 32.634241
-Trial 971 0 38736289 32.681960
-Trial 972 0 38736289 32.694989
-Trial 973 0 38736289 32.711423
-Trial 974 0 38736289 32.715269
-Trial 975 0 38736289 32.725607
-Trial 976 0 38736289 32.730059
-Trial 977 0 38736289 32.813254
-Trial 978 0 38736289 32.822728
-Trial 979 0 38736289 32.888812
* 980: Cost = 0_38723681, Time = 30.61 sec. 
-Trial 980 0 38723681 32.919387
-Trial 981 0 38723681 32.964431
-Trial 982 0 38723681 32.967449
-Trial 983 0 38723681 32.969836
-Trial 984 0 38723681 33.024013
-Trial 985 0 38723681 33.041176
-Trial 986 0 38723681 33.088036
-Trial 987 0 38723681 33.105885
-Trial 988 0 38723681 33.161440
-Trial 989 0 38723681 33.207596
-Trial 990 0 38723681 33.213401
-Trial 991 0 38723681 33.226829
-Trial 992 0 38723681 33.234264
-Trial 993 0 38723681 33.256035
-Trial 994 0 38723681 33.274170
-Trial 995 0 38723681 33.318461
-Trial 996 0 38723681 33.323094
-Trial 997 0 38723681 33.351725
-Trial 998 0 38723681 33.375345
-Trial 999 0 38723681 33.403452
-Trial 1000 0 38723681 33.411355
Population:
  1: 0_38723681
Run 1: Cost = 0_38723681, Time = 31.10 sec. 

Successes/Runs = 0/1 
Cost.min = 38723681, Cost.avg = 38723681.00, Cost.max = 38723681
Gap.min = 0.0000%, Gap.avg = 0.0000%, Gap.max = 0.0000%
Penalty.min = 0, Penalty.avg = 0.00, Penalty.max = 0
Trials.min = 1000, Trials.avg = 1000.0, Trials.max = 1000
Time.min = 31.10 sec., Time.avg = 31.10 sec., Time.max = 31.10 sec.
Time.total = 33.41 sec.
  Size.min = 11, Size.max = 44, Penalty = 0
  Cost.min = 948398, Cost.max = 2892418, Cost.sum = 38723681
Best CVRPTW solution:
  Cost = 0_38723681
16 1 449 14 57 490 329 403 201 281 363 313 436 386 159 228 163 468 333 221 74 416 5 492 152 412 344 303 517 249 331 388 328 53 174 28 295 170 79 171 494 293 219 126 355 48 383 90 414 334 82 260 32 185 7 336 452 176 232 509 445 454 398 110 258 46 116 389 288 433 242 359 301 448 338 102 182 482 431 505 456 323 332 216 485 264 480 70 103 198 144 311 208 120 34 142 455 43 92 240 291 410 180 212 515 335 324 63 199 399 497 307 230 128 483 9 41 262 80 153 24 86 134 396 97 439 350 223 511 213 316 256 487 245 296 75 347 51 226 94 481 131 190 255 395 469 390 287 203 132 461 289 442 11 518 297 473 354 251 478 314 225 292 23 491 315 419 364 361 305 411 453 357 501 500 512 146 369 33 124 404 459 276 479 35 106 470 172 265 425 290 353 21 87 50 405 408 393 484 140 407 279 12 200 277 186 503 27 432 341 406 187 246 118 394 151 227 464 60 426 133 158 326 115 233 191 107 235 520 13 320 78 253 52 113 379 366 430 105 476 202 418 423 164 488 261 278 237 250 298 302 280 513 299 61 309 72 318 348 340 319 322 368 148 462 424 109 39 209 465 435 244 352 343 38 294 189 238 206 272 127 254 101 188 36 58 194 351 458 247 463 460 205 179 428 437 15 514 231 29 117 18 372 234 168 402 88 400 310 49 434 385 263 196 474 222 122 161 85 183 342 71 498 516 300 229 76 325 130 77 195 457 321 10 259 8 380 95 447 266 178 475 220 401 270 129 466 443 207 112 66 284 444 409 217 519 121 4 493 471 6 282 499 413 211 81 173 139 143 417 446 506 193 496 89 160 20 175 415 421 362 181 440 137 317 271 165 210 141 392 215 420 269 507 467 99 450 486 56 3 451 155 285 391 68 502 489 26 397 138 429 96 378 373 100 47 69 384 30 150 308 376 84 54 367 248 304 510 184 65 44 252 370 125 345 17 98 427 197 273 349 477 166 64 495 283 441 382 381 149 356 45 377 267 371 312 508 19 306 274 275 330 37 83 157 114 25 243 236 337 135 154 360 327 59 218 204 192 214 177 375 438 119 257 339 31 167 239 2 145 22 504 123 268 42 156 365 346 55 162 358 472 241 108 286 224 93 104 147 40 67 91 374 387 422 62 169 111 136 73 16 
