PARAMETER_FILE = result/cvrptw_500/LKH_para/825.para
Reading PROBLEM_FILE: "result/cvrptw_500/cvrptw/825.cvrptw" ... done
ASCENT_CANDIDATES = 50
BACKBONE_TRIALS = 0
BACKTRACKING = NO
# BWTSP =
# CANDIDATE_FILE =
CANDIDATE_SET_TYPE = ALPHA
DEPOT = 1
# EDGE_FILE =
EXCESS = 0.0384615
EXTERNAL_SALESMEN = 0
EXTRA_CANDIDATES = 0 
EXTRA_CANDIDATE_SET_TYPE = QUADRANT
GAIN23 = NO
GAIN_CRITERION = YES
INITIAL_PERIOD = 520
INITIAL_STEP_SIZE = 1
INITIAL_TOUR_ALGORITHM = WALK
# INITIAL_TOUR_FILE = 
INITIAL_TOUR_FRACTION = 1.000
# INPUT_TOUR_FILE = 
KICK_TYPE = 4
KICKS = 1
# MAX_BREADTH =
MAKESPAN = NO
MAX_CANDIDATES = 5 
MAX_SWAPS = 0
MAX_TRIALS = 1000
# MERGE_TOUR_FILE =
MOVE_TYPE = 5 SPECIAL
MTSP_MIN_SIZE = 1
MTSP_MAX_SIZE = 1039
# MTSP_SOLUTION_FILE = 
# NONSEQUENTIAL_MOVE_TYPE = 5
# OPTIMUM =
# OUTPUT_TOUR_FILE = 
PATCHING_A = 1 
PATCHING_C = 0 
# PI_FILE = 
POPMUSIC_INITIAL_TOUR = NO
POPMUSIC_MAX_NEIGHBORS = 5
POPMUSIC_SAMPLE_SIZE = 10
POPMUSIC_SOLUTIONS = 50
POPMUSIC_TRIALS = 1
POPULATION_SIZE = 10
PRECISION = 100
PROBLEM_FILE = result/cvrptw_500/cvrptw/825.cvrptw
RECOMBINATION = IPT
RESTRICTED_SEARCH = YES
RUNS = 1
SALESMEN = 20
SCALE = 1
SEED = 1234
# SINTEF_SOLUTION_FILE = 
STOP_AT_OPTIMUM = YES
SUBGRADIENT = YES
# SUBPROBLEM_SIZE =
# SUBPROBLEM_TOUR_FILE = 
SUBSEQUENT_MOVE_TYPE = 5 SPECIAL
SUBSEQUENT_PATCHING = YES
# TIME_LIMIT =
# TOUR_FILE = 
TRACE_LEVEL = 1
VEHICLES = 20

Lower bound = 25005947.4, Ascent time = 2.04 sec.
Cand.min = 5, Cand.avg = 5.0, Cand.max = 5
Edges.fixed = 520 [Cost = 0]
Preprocessing time = 2.12 sec.
* 1: Cost = 0_53218142, Time = 3.03 sec. 
-Trial 1 0 53218142 5.154011
-Trial 2 0 53218142 5.329154
* 3: Cost = 0_52959951, Time = 3.23 sec. 
-Trial 3 0 52959951 5.349569
* 4: Cost = 0_52174685, Time = 3.28 sec. 
-Trial 4 0 52174685 5.401609
* 5: Cost = 0_51952724, Time = 3.44 sec. 
-Trial 5 0 51952724 5.565651
-Trial 6 0 51952724 5.639755
-Trial 7 0 51952724 5.645425
-Trial 8 0 51952724 5.648455
* 9: Cost = 0_51873517, Time = 3.55 sec. 
-Trial 9 0 51873517 5.671900
* 10: Cost = 0_51830668, Time = 3.61 sec. 
-Trial 10 0 51830668 5.737316
* 11: Cost = 0_50750420, Time = 3.66 sec. 
-Trial 11 0 50750420 5.788433
* 12: Cost = 0_50735808, Time = 3.71 sec. 
-Trial 12 0 50735808 5.834731
* 13: Cost = 0_49835222, Time = 3.80 sec. 
-Trial 13 0 49835222 5.928540
* 14: Cost = 0_49612043, Time = 3.81 sec. 
-Trial 14 0 49612043 5.934825
-Trial 15 0 49612043 5.937897
-Trial 16 0 49612043 5.943220
* 17: Cost = 0_49016811, Time = 3.88 sec. 
-Trial 17 0 49016811 6.001212
* 18: Cost = 0_48886797, Time = 3.88 sec. 
-Trial 18 0 48886797 6.005707
* 19: Cost = 0_48805814, Time = 3.90 sec. 
-Trial 19 0 48805814 6.028575
* 20: Cost = 0_48569937, Time = 3.91 sec. 
-Trial 20 0 48569937 6.034951
* 21: Cost = 0_48264577, Time = 3.95 sec. 
-Trial 21 0 48264577 6.070612
* 22: Cost = 0_48208984, Time = 4.00 sec. 
-Trial 22 0 48208984 6.123420
-Trial 23 0 48208984 6.212789
-Trial 24 0 48208984 6.408042
-Trial 25 0 48208984 6.454514
-Trial 26 0 48208984 6.470702
* 27: Cost = 0_47901330, Time = 4.36 sec. 
-Trial 27 0 47901330 6.483673
* 28: Cost = 0_47734385, Time = 4.43 sec. 
-Trial 28 0 47734385 6.550678
* 29: Cost = 0_47456838, Time = 4.63 sec. 
-Trial 29 0 47456838 6.752624
* 30: Cost = 0_47365112, Time = 4.65 sec. 
-Trial 30 0 47365112 6.769396
-Trial 31 0 47365112 6.890685
-Trial 32 0 47365112 6.912187
* 33: Cost = 0_47342009, Time = 4.80 sec. 
-Trial 33 0 47342009 6.923580
-Trial 34 0 47342009 6.958505
* 35: Cost = 0_47284004, Time = 4.86 sec. 
-Trial 35 0 47284004 6.982834
* 36: Cost = 0_47242087, Time = 4.88 sec. 
-Trial 36 0 47242087 7.005453
-Trial 37 0 47242087 7.065947
-Trial 38 0 47242087 7.076099
-Trial 39 0 47242087 7.081257
-Trial 40 0 47242087 7.099857
* 41: Cost = 0_47193517, Time = 5.02 sec. 
-Trial 41 0 47193517 7.146966
-Trial 42 0 47193517 7.304793
* 43: Cost = 0_47146470, Time = 5.19 sec. 
-Trial 43 0 47146470 7.317786
* 44: Cost = 0_47146234, Time = 5.21 sec. 
-Trial 44 0 47146234 7.333360
-Trial 45 0 47146234 7.337126
-Trial 46 0 47146234 7.341587
-Trial 47 0 47146234 7.342042
-Trial 48 0 47146234 7.370395
-Trial 49 0 47146234 7.372014
-Trial 50 0 47146234 7.388364
* 51: Cost = 0_46634814, Time = 5.37 sec. 
-Trial 51 0 46634814 7.493120
* 52: Cost = 0_46368990, Time = 5.41 sec. 
-Trial 52 0 46368990 7.530147
* 53: Cost = 0_46282294, Time = 5.52 sec. 
-Trial 53 0 46282294 7.647140
* 54: Cost = 0_46278323, Time = 5.55 sec. 
-Trial 54 0 46278323 7.672702
* 55: Cost = 0_46215618, Time = 5.57 sec. 
-Trial 55 0 46215618 7.690068
* 56: Cost = 0_46195404, Time = 5.62 sec. 
-Trial 56 0 46195404 7.742930
-Trial 57 0 46195404 7.752584
-Trial 58 0 46195404 7.872550
* 59: Cost = 0_46015427, Time = 5.76 sec. 
-Trial 59 0 46015427 7.882724
* 60: Cost = 0_45908772, Time = 5.79 sec. 
-Trial 60 0 45908772 7.918491
* 61: Cost = 0_45857087, Time = 5.81 sec. 
-Trial 61 0 45857087 7.931840
-Trial 62 0 45857087 7.935934
-Trial 63 0 45857087 7.951111
-Trial 64 0 45857087 7.968359
-Trial 65 0 45857087 7.980929
* 66: Cost = 0_45787649, Time = 5.89 sec. 
-Trial 66 0 45787649 8.014993
-Trial 67 0 45787649 8.016880
-Trial 68 0 45787649 8.035243
-Trial 69 0 45787649 8.201135
-Trial 70 0 45787649 8.217891
* 71: Cost = 0_45560176, Time = 6.10 sec. 
-Trial 71 0 45560176 8.226224
-Trial 72 0 45560176 8.256360
-Trial 73 0 45560176 8.429649
-Trial 74 0 45560176 8.442423
-Trial 75 0 45560176 8.482856
-Trial 76 0 45560176 8.488908
-Trial 77 0 45560176 8.526141
-Trial 78 0 45560176 8.529321
* 79: Cost = 0_45251035, Time = 6.49 sec. 
-Trial 79 0 45251035 8.615796
-Trial 80 0 45251035 8.625747
-Trial 81 0 45251035 8.633848
-Trial 82 0 45251035 8.687954
-Trial 83 0 45251035 8.717020
-Trial 84 0 45251035 8.725631
-Trial 85 0 45251035 8.742563
-Trial 86 0 45251035 8.923581
* 87: Cost = 0_45201675, Time = 6.82 sec. 
-Trial 87 0 45201675 8.945477
-Trial 88 0 45201675 9.037733
-Trial 89 0 45201675 9.044189
-Trial 90 0 45201675 9.062247
* 91: Cost = 0_45184739, Time = 7.00 sec. 
-Trial 91 0 45184739 9.120423
-Trial 92 0 45184739 9.144289
-Trial 93 0 45184739 9.159351
* 94: Cost = 0_45075061, Time = 7.06 sec. 
-Trial 94 0 45075061 9.178784
-Trial 95 0 45075061 9.182213
-Trial 96 0 45075061 9.187747
-Trial 97 0 45075061 9.195845
-Trial 98 0 45075061 9.221210
-Trial 99 0 45075061 9.235536
* 100: Cost = 0_44848716, Time = 7.18 sec. 
-Trial 100 0 44848716 9.303401
-Trial 101 0 44848716 9.338304
-Trial 102 0 44848716 9.345748
-Trial 103 0 44848716 9.351937
* 104: Cost = 0_44825069, Time = 7.27 sec. 
-Trial 104 0 44825069 9.389812
-Trial 105 0 44825069 9.484890
* 106: Cost = 0_44822717, Time = 7.40 sec. 
-Trial 106 0 44822717 9.521899
-Trial 107 0 44822717 9.575148
-Trial 108 0 44822717 9.591039
-Trial 109 0 44822717 9.662149
-Trial 110 0 44822717 9.698567
-Trial 111 0 44822717 9.729148
* 112: Cost = 0_44694236, Time = 7.63 sec. 
-Trial 112 0 44694236 9.753688
-Trial 113 0 44694236 9.800123
-Trial 114 0 44694236 9.816234
-Trial 115 0 44694236 9.881011
-Trial 116 0 44694236 9.902993
* 117: Cost = 0_44388294, Time = 7.80 sec. 
-Trial 117 0 44388294 9.918966
-Trial 118 0 44388294 9.924757
-Trial 119 0 44388294 9.937821
* 120: Cost = 0_44375709, Time = 7.91 sec. 
-Trial 120 0 44375709 10.033060
-Trial 121 0 44375709 10.042763
* 122: Cost = 0_44250995, Time = 7.93 sec. 
-Trial 122 0 44250995 10.053446
-Trial 123 0 44250995 10.073182
-Trial 124 0 44250995 10.182596
* 125: Cost = 0_44228537, Time = 8.07 sec. 
-Trial 125 0 44228537 10.197302
-Trial 126 0 44228537 10.295429
-Trial 127 0 44228537 10.312397
-Trial 128 0 44228537 10.314761
-Trial 129 0 44228537 10.363274
-Trial 130 0 44228537 10.378545
-Trial 131 0 44228537 10.454261
-Trial 132 0 44228537 10.512989
-Trial 133 0 44228537 10.530221
-Trial 134 0 44228537 10.534377
-Trial 135 0 44228537 10.578920
* 136: Cost = 0_44212247, Time = 8.46 sec. 
-Trial 136 0 44212247 10.585418
-Trial 137 0 44212247 10.604381
-Trial 138 0 44212247 10.642170
-Trial 139 0 44212247 10.648675
-Trial 140 0 44212247 10.659588
-Trial 141 0 44212247 10.697758
-Trial 142 0 44212247 10.716081
* 143: Cost = 0_44185932, Time = 8.63 sec. 
-Trial 143 0 44185932 10.751506
-Trial 144 0 44185932 10.959087
-Trial 145 0 44185932 10.979224
-Trial 146 0 44185932 11.011544
-Trial 147 0 44185932 11.023351
-Trial 148 0 44185932 11.028049
-Trial 149 0 44185932 11.030834
-Trial 150 0 44185932 11.037891
-Trial 151 0 44185932 11.044944
-Trial 152 0 44185932 11.047439
-Trial 153 0 44185932 11.064236
* 154: Cost = 0_44099534, Time = 8.95 sec. 
-Trial 154 0 44099534 11.077181
-Trial 155 0 44099534 11.184899
-Trial 156 0 44099534 11.252010
-Trial 157 0 44099534 11.286401
-Trial 158 0 44099534 11.302125
-Trial 159 0 44099534 11.345887
-Trial 160 0 44099534 11.494814
* 161: Cost = 0_44071529, Time = 9.40 sec. 
-Trial 161 0 44071529 11.526380
-Trial 162 0 44071529 11.532441
* 163: Cost = 0_44064683, Time = 9.42 sec. 
-Trial 163 0 44064683 11.546083
* 164: Cost = 0_44058319, Time = 9.43 sec. 
-Trial 164 0 44058319 11.551963
-Trial 165 0 44058319 11.589296
-Trial 166 0 44058319 11.596905
-Trial 167 0 44058319 11.667530
-Trial 168 0 44058319 11.686139
* 169: Cost = 0_44045711, Time = 9.59 sec. 
-Trial 169 0 44045711 11.710988
-Trial 170 0 44045711 11.727840
-Trial 171 0 44045711 11.733698
* 172: Cost = 0_44024508, Time = 9.69 sec. 
-Trial 172 0 44024508 11.817077
-Trial 173 0 44024508 11.824016
* 174: Cost = 0_43982045, Time = 9.72 sec. 
-Trial 174 0 43982045 11.843323
* 175: Cost = 0_43973888, Time = 9.74 sec. 
-Trial 175 0 43973888 11.865118
-Trial 176 0 43973888 11.876461
-Trial 177 0 43973888 11.932101
-Trial 178 0 43973888 11.945325
-Trial 179 0 43973888 11.959579
-Trial 180 0 43973888 11.985619
-Trial 181 0 43973888 12.266822
* 182: Cost = 0_43902563, Time = 10.18 sec. 
-Trial 182 0 43902563 12.303753
-Trial 183 0 43902563 12.321732
-Trial 184 0 43902563 12.333101
-Trial 185 0 43902563 12.335259
-Trial 186 0 43902563 12.693342
-Trial 187 0 43902563 12.700619
-Trial 188 0 43902563 12.728631
* 189: Cost = 0_43879528, Time = 10.63 sec. 
-Trial 189 0 43879528 12.757114
-Trial 190 0 43879528 12.760080
-Trial 191 0 43879528 12.784352
-Trial 192 0 43879528 12.799889
-Trial 193 0 43879528 12.817621
-Trial 194 0 43879528 12.848008
-Trial 195 0 43879528 12.884729
* 196: Cost = 0_43877643, Time = 10.78 sec. 
-Trial 196 0 43877643 12.902294
-Trial 197 0 43877643 12.920061
-Trial 198 0 43877643 12.948399
-Trial 199 0 43877643 12.962719
-Trial 200 0 43877643 12.985222
-Trial 201 0 43877643 13.012738
-Trial 202 0 43877643 13.016668
-Trial 203 0 43877643 13.026951
-Trial 204 0 43877643 13.059115
-Trial 205 0 43877643 13.061741
-Trial 206 0 43877643 13.075114
-Trial 207 0 43877643 13.093480
-Trial 208 0 43877643 13.117534
-Trial 209 0 43877643 13.137604
* 210: Cost = 0_43870349, Time = 11.02 sec. 
-Trial 210 0 43870349 13.147355
* 211: Cost = 0_43733668, Time = 11.03 sec. 
-Trial 211 0 43733668 13.157727
* 212: Cost = 0_43721102, Time = 11.08 sec. 
-Trial 212 0 43721102 13.199445
-Trial 213 0 43721102 13.229145
-Trial 214 0 43721102 13.266123
* 215: Cost = 0_43720052, Time = 11.16 sec. 
-Trial 215 0 43720052 13.287073
-Trial 216 0 43720052 13.315734
-Trial 217 0 43720052 13.323068
* 218: Cost = 0_43416869, Time = 11.33 sec. 
-Trial 218 0 43416869 13.449717
-Trial 219 0 43416869 13.481823
-Trial 220 0 43416869 13.499121
-Trial 221 0 43416869 13.501755
* 222: Cost = 0_43338216, Time = 11.45 sec. 
-Trial 222 0 43338216 13.570268
-Trial 223 0 43338216 13.576846
-Trial 224 0 43338216 13.609984
-Trial 225 0 43338216 13.623902
-Trial 226 0 43338216 13.666533
* 227: Cost = 0_43292602, Time = 11.57 sec. 
-Trial 227 0 43292602 13.693695
-Trial 228 0 43292602 13.694551
-Trial 229 0 43292602 13.695306
-Trial 230 0 43292602 13.707204
* 231: Cost = 0_43246964, Time = 11.61 sec. 
-Trial 231 0 43246964 13.729471
-Trial 232 0 43246964 13.745786
-Trial 233 0 43246964 13.780500
-Trial 234 0 43246964 13.814357
-Trial 235 0 43246964 13.828331
-Trial 236 0 43246964 13.836121
-Trial 237 0 43246964 13.837404
-Trial 238 0 43246964 13.846581
-Trial 239 0 43246964 13.855810
-Trial 240 0 43246964 13.897182
-Trial 241 0 43246964 13.903090
-Trial 242 0 43246964 13.917981
-Trial 243 0 43246964 13.935150
-Trial 244 0 43246964 13.946445
-Trial 245 0 43246964 13.954544
-Trial 246 0 43246964 14.124132
-Trial 247 0 43246964 14.168100
-Trial 248 0 43246964 14.229592
-Trial 249 0 43246964 14.257457
-Trial 250 0 43246964 14.283831
-Trial 251 0 43246964 14.295293
-Trial 252 0 43246964 14.344392
-Trial 253 0 43246964 14.361578
-Trial 254 0 43246964 14.397091
-Trial 255 0 43246964 14.428780
-Trial 256 0 43246964 14.456603
-Trial 257 0 43246964 14.481643
-Trial 258 0 43246964 14.501974
* 259: Cost = 0_43234050, Time = 12.51 sec. 
-Trial 259 0 43234050 14.633043
-Trial 260 0 43234050 14.644955
-Trial 261 0 43234050 14.692895
-Trial 262 0 43234050 14.716381
-Trial 263 0 43234050 14.762528
-Trial 264 0 43234050 14.781595
-Trial 265 0 43234050 14.807425
-Trial 266 0 43234050 14.812313
-Trial 267 0 43234050 14.824550
-Trial 268 0 43234050 14.861946
-Trial 269 0 43234050 14.866748
-Trial 270 0 43234050 14.870483
-Trial 271 0 43234050 14.890864
-Trial 272 0 43234050 14.904090
* 273: Cost = 0_43203410, Time = 12.85 sec. 
-Trial 273 0 43203410 14.968647
-Trial 274 0 43203410 15.023472
-Trial 275 0 43203410 15.153412
-Trial 276 0 43203410 15.170038
-Trial 277 0 43203410 15.174485
-Trial 278 0 43203410 15.177982
-Trial 279 0 43203410 15.214946
-Trial 280 0 43203410 15.257700
-Trial 281 0 43203410 15.295296
-Trial 282 0 43203410 15.375585
-Trial 283 0 43203410 15.386509
-Trial 284 0 43203410 15.442825
-Trial 285 0 43203410 15.464852
-Trial 286 0 43203410 15.475961
-Trial 287 0 43203410 15.503027
-Trial 288 0 43203410 15.564432
* 289: Cost = 0_43187262, Time = 13.47 sec. 
-Trial 289 0 43187262 15.590356
-Trial 290 0 43187262 15.702564
-Trial 291 0 43187262 15.720698
-Trial 292 0 43187262 15.727591
-Trial 293 0 43187262 15.732239
-Trial 294 0 43187262 15.746336
-Trial 295 0 43187262 15.761580
-Trial 296 0 43187262 15.775007
-Trial 297 0 43187262 15.835995
-Trial 298 0 43187262 15.845331
-Trial 299 0 43187262 15.912577
-Trial 300 0 43187262 15.933303
-Trial 301 0 43187262 15.954488
-Trial 302 0 43187262 15.968486
-Trial 303 0 43187262 16.019629
-Trial 304 0 43187262 16.038786
-Trial 305 0 43187262 16.113089
-Trial 306 0 43187262 16.137172
-Trial 307 0 43187262 16.163382
-Trial 308 0 43187262 16.191564
-Trial 309 0 43187262 16.216061
-Trial 310 0 43187262 16.232432
-Trial 311 0 43187262 16.275399
-Trial 312 0 43187262 16.318430
-Trial 313 0 43187262 16.352482
-Trial 314 0 43187262 16.353822
-Trial 315 0 43187262 16.363648
-Trial 316 0 43187262 16.364142
-Trial 317 0 43187262 16.381113
-Trial 318 0 43187262 16.386434
-Trial 319 0 43187262 16.424397
-Trial 320 0 43187262 16.431304
* 321: Cost = 0_43185582, Time = 14.32 sec. 
-Trial 321 0 43185582 16.439999
-Trial 322 0 43185582 16.578266
-Trial 323 0 43185582 16.709468
-Trial 324 0 43185582 16.743837
-Trial 325 0 43185582 17.055786
-Trial 326 0 43185582 17.139936
-Trial 327 0 43185582 17.163645
-Trial 328 0 43185582 17.173599
-Trial 329 0 43185582 17.179327
-Trial 330 0 43185582 17.199913
-Trial 331 0 43185582 17.293253
-Trial 332 0 43185582 17.312149
-Trial 333 0 43185582 17.354656
* 334: Cost = 0_43057429, Time = 15.26 sec. 
-Trial 334 0 43057429 17.385747
-Trial 335 0 43057429 17.411406
-Trial 336 0 43057429 17.450211
-Trial 337 0 43057429 17.459988
-Trial 338 0 43057429 17.467624
-Trial 339 0 43057429 17.523681
-Trial 340 0 43057429 17.557876
-Trial 341 0 43057429 17.577513
-Trial 342 0 43057429 17.595977
-Trial 343 0 43057429 17.671252
-Trial 344 0 43057429 17.694121
-Trial 345 0 43057429 17.729329
-Trial 346 0 43057429 17.759367
-Trial 347 0 43057429 17.763169
-Trial 348 0 43057429 17.771286
-Trial 349 0 43057429 17.773209
-Trial 350 0 43057429 17.775570
-Trial 351 0 43057429 17.839729
-Trial 352 0 43057429 17.853091
-Trial 353 0 43057429 17.865862
-Trial 354 0 43057429 17.914460
-Trial 355 0 43057429 17.981779
-Trial 356 0 43057429 17.983770
-Trial 357 0 43057429 18.093653
-Trial 358 0 43057429 18.098311
-Trial 359 0 43057429 18.119355
-Trial 360 0 43057429 18.124358
-Trial 361 0 43057429 18.268613
-Trial 362 0 43057429 18.304149
-Trial 363 0 43057429 18.312850
-Trial 364 0 43057429 18.335345
-Trial 365 0 43057429 18.340106
-Trial 366 0 43057429 18.394528
-Trial 367 0 43057429 18.461479
-Trial 368 0 43057429 18.466039
-Trial 369 0 43057429 18.495676
-Trial 370 0 43057429 18.537299
-Trial 371 0 43057429 18.607893
-Trial 372 0 43057429 18.620006
-Trial 373 0 43057429 18.622374
-Trial 374 0 43057429 18.639999
* 375: Cost = 0_43023904, Time = 16.53 sec. 
-Trial 375 0 43023904 18.649558
-Trial 376 0 43023904 18.703548
-Trial 377 0 43023904 18.718654
-Trial 378 0 43023904 18.743901
-Trial 379 0 43023904 18.798074
-Trial 380 0 43023904 18.805347
-Trial 381 0 43023904 18.815668
-Trial 382 0 43023904 18.850081
-Trial 383 0 43023904 18.875356
-Trial 384 0 43023904 18.929388
-Trial 385 0 43023904 18.955000
-Trial 386 0 43023904 18.964308
* 387: Cost = 0_43021761, Time = 16.89 sec. 
-Trial 387 0 43021761 19.017514
-Trial 388 0 43021761 19.057473
-Trial 389 0 43021761 19.100898
-Trial 390 0 43021761 19.131001
-Trial 391 0 43021761 19.148419
* 392: Cost = 0_43008234, Time = 17.06 sec. 
-Trial 392 0 43008234 19.180412
-Trial 393 0 43008234 19.225193
-Trial 394 0 43008234 19.250031
-Trial 395 0 43008234 19.259083
-Trial 396 0 43008234 19.264715
-Trial 397 0 43008234 19.293938
-Trial 398 0 43008234 19.312577
-Trial 399 0 43008234 19.333417
-Trial 400 0 43008234 19.354028
-Trial 401 0 43008234 19.376533
-Trial 402 0 43008234 19.404653
-Trial 403 0 43008234 19.417340
-Trial 404 0 43008234 19.455799
-Trial 405 0 43008234 19.501689
-Trial 406 0 43008234 19.544861
-Trial 407 0 43008234 19.583990
-Trial 408 0 43008234 19.630121
-Trial 409 0 43008234 19.683206
-Trial 410 0 43008234 19.690911
-Trial 411 0 43008234 19.700858
-Trial 412 0 43008234 19.710541
-Trial 413 0 43008234 19.741467
-Trial 414 0 43008234 19.756837
-Trial 415 0 43008234 19.783810
-Trial 416 0 43008234 19.827781
-Trial 417 0 43008234 19.831154
-Trial 418 0 43008234 19.852281
-Trial 419 0 43008234 19.868051
-Trial 420 0 43008234 19.887391
-Trial 421 0 43008234 19.890031
-Trial 422 0 43008234 19.899660
-Trial 423 0 43008234 19.930403
* 424: Cost = 0_42984372, Time = 17.82 sec. 
-Trial 424 0 42984372 19.940495
-Trial 425 0 42984372 19.950788
-Trial 426 0 42984372 19.965859
* 427: Cost = 0_42957291, Time = 17.85 sec. 
-Trial 427 0 42957291 19.972263
-Trial 428 0 42957291 20.005096
-Trial 429 0 42957291 20.009082
-Trial 430 0 42957291 20.017490
-Trial 431 0 42957291 20.090922
-Trial 432 0 42957291 20.116807
-Trial 433 0 42957291 20.132397
-Trial 434 0 42957291 20.147403
-Trial 435 0 42957291 20.175978
-Trial 436 0 42957291 20.177576
-Trial 437 0 42957291 20.200041
-Trial 438 0 42957291 20.255505
* 439: Cost = 0_42940906, Time = 18.15 sec. 
-Trial 439 0 42940906 20.277955
-Trial 440 0 42940906 20.291314
-Trial 441 0 42940906 20.307240
-Trial 442 0 42940906 20.329446
-Trial 443 0 42940906 20.381645
-Trial 444 0 42940906 20.392511
-Trial 445 0 42940906 20.443662
-Trial 446 0 42940906 20.473499
* 447: Cost = 0_42891099, Time = 18.37 sec. 
-Trial 447 0 42891099 20.492967
-Trial 448 0 42891099 20.493500
-Trial 449 0 42891099 20.519976
-Trial 450 0 42891099 20.533894
-Trial 451 0 42891099 20.548903
-Trial 452 0 42891099 20.583985
-Trial 453 0 42891099 20.612094
-Trial 454 0 42891099 20.636080
-Trial 455 0 42891099 20.640557
-Trial 456 0 42891099 20.654902
-Trial 457 0 42891099 20.672926
-Trial 458 0 42891099 20.674654
-Trial 459 0 42891099 20.688217
-Trial 460 0 42891099 20.734354
-Trial 461 0 42891099 20.799780
-Trial 462 0 42891099 20.836340
-Trial 463 0 42891099 20.854097
-Trial 464 0 42891099 20.899132
-Trial 465 0 42891099 20.907059
-Trial 466 0 42891099 20.923261
-Trial 467 0 42891099 20.969167
-Trial 468 0 42891099 21.062398
-Trial 469 0 42891099 21.064032
-Trial 470 0 42891099 21.064429
-Trial 471 0 42891099 21.118638
-Trial 472 0 42891099 21.129443
-Trial 473 0 42891099 21.141144
-Trial 474 0 42891099 21.179865
-Trial 475 0 42891099 21.199093
-Trial 476 0 42891099 21.266910
-Trial 477 0 42891099 21.315232
-Trial 478 0 42891099 21.334521
-Trial 479 0 42891099 21.407510
-Trial 480 0 42891099 21.465664
-Trial 481 0 42891099 21.479948
-Trial 482 0 42891099 21.481368
* 483: Cost = 0_42856429, Time = 19.37 sec. 
-Trial 483 0 42856429 21.492377
-Trial 484 0 42856429 21.587413
-Trial 485 0 42856429 21.595587
-Trial 486 0 42856429 21.604093
-Trial 487 0 42856429 21.628493
-Trial 488 0 42856429 21.637435
-Trial 489 0 42856429 21.642717
-Trial 490 0 42856429 21.660135
-Trial 491 0 42856429 21.673753
-Trial 492 0 42856429 21.679960
-Trial 493 0 42856429 21.701834
-Trial 494 0 42856429 21.745862
-Trial 495 0 42856429 21.757170
-Trial 496 0 42856429 21.759777
-Trial 497 0 42856429 21.764010
-Trial 498 0 42856429 21.770212
-Trial 499 0 42856429 21.783110
-Trial 500 0 42856429 21.817356
-Trial 501 0 42856429 21.874774
-Trial 502 0 42856429 21.916619
-Trial 503 0 42856429 21.927393
-Trial 504 0 42856429 21.937057
-Trial 505 0 42856429 22.028055
-Trial 506 0 42856429 22.054522
-Trial 507 0 42856429 22.153281
-Trial 508 0 42856429 22.166565
-Trial 509 0 42856429 22.205045
-Trial 510 0 42856429 22.212832
-Trial 511 0 42856429 22.215331
-Trial 512 0 42856429 22.233146
-Trial 513 0 42856429 22.239803
-Trial 514 0 42856429 22.242777
-Trial 515 0 42856429 22.259339
-Trial 516 0 42856429 22.292807
-Trial 517 0 42856429 22.301959
-Trial 518 0 42856429 22.333869
-Trial 519 0 42856429 22.345283
-Trial 520 0 42856429 22.385342
-Trial 521 0 42856429 22.431522
-Trial 522 0 42856429 22.508504
-Trial 523 0 42856429 22.515283
-Trial 524 0 42856429 22.666703
-Trial 525 0 42856429 22.698184
-Trial 526 0 42856429 22.737666
-Trial 527 0 42856429 22.739177
* 528: Cost = 0_42851164, Time = 20.63 sec. 
-Trial 528 0 42851164 22.755407
-Trial 529 0 42851164 22.822066
-Trial 530 0 42851164 22.829587
-Trial 531 0 42851164 22.841995
-Trial 532 0 42851164 22.889447
-Trial 533 0 42851164 22.935882
-Trial 534 0 42851164 22.970367
-Trial 535 0 42851164 22.977438
-Trial 536 0 42851164 23.000448
-Trial 537 0 42851164 23.012024
-Trial 538 0 42851164 23.128872
-Trial 539 0 42851164 23.130688
* 540: Cost = 0_42844890, Time = 21.05 sec. 
-Trial 540 0 42844890 23.172904
-Trial 541 0 42844890 23.218773
-Trial 542 0 42844890 23.268398
-Trial 543 0 42844890 23.298421
-Trial 544 0 42844890 23.306128
-Trial 545 0 42844890 23.377469
-Trial 546 0 42844890 23.391045
-Trial 547 0 42844890 23.404884
-Trial 548 0 42844890 23.447000
-Trial 549 0 42844890 23.468048
-Trial 550 0 42844890 23.482049
-Trial 551 0 42844890 23.489108
-Trial 552 0 42844890 23.514825
-Trial 553 0 42844890 23.526612
-Trial 554 0 42844890 23.569830
-Trial 555 0 42844890 23.575491
-Trial 556 0 42844890 23.586861
-Trial 557 0 42844890 23.591007
-Trial 558 0 42844890 23.623216
-Trial 559 0 42844890 23.627320
-Trial 560 0 42844890 23.629069
-Trial 561 0 42844890 23.650301
-Trial 562 0 42844890 23.658458
-Trial 563 0 42844890 23.693453
-Trial 564 0 42844890 23.789356
* 565: Cost = 0_42842663, Time = 21.67 sec. 
-Trial 565 0 42842663 23.793712
-Trial 566 0 42842663 23.801975
-Trial 567 0 42842663 23.810655
-Trial 568 0 42842663 24.144670
-Trial 569 0 42842663 24.156704
-Trial 570 0 42842663 24.164293
-Trial 571 0 42842663 24.171740
-Trial 572 0 42842663 24.226742
-Trial 573 0 42842663 24.233284
-Trial 574 0 42842663 24.245127
-Trial 575 0 42842663 24.260715
-Trial 576 0 42842663 24.267015
-Trial 577 0 42842663 24.310767
-Trial 578 0 42842663 24.312197
-Trial 579 0 42842663 24.326167
-Trial 580 0 42842663 24.332703
-Trial 581 0 42842663 24.336596
-Trial 582 0 42842663 24.386511
-Trial 583 0 42842663 24.387983
-Trial 584 0 42842663 24.399031
-Trial 585 0 42842663 24.419409
-Trial 586 0 42842663 24.422968
-Trial 587 0 42842663 24.424251
-Trial 588 0 42842663 24.433711
-Trial 589 0 42842663 24.446851
-Trial 590 0 42842663 24.448722
-Trial 591 0 42842663 24.474833
-Trial 592 0 42842663 24.491514
-Trial 593 0 42842663 24.533617
* 594: Cost = 0_42802089, Time = 22.46 sec. 
-Trial 594 0 42802089 24.586791
-Trial 595 0 42802089 24.604918
-Trial 596 0 42802089 24.627673
-Trial 597 0 42802089 24.641449
-Trial 598 0 42802089 24.677778
-Trial 599 0 42802089 24.686862
-Trial 600 0 42802089 24.711553
-Trial 601 0 42802089 24.723614
-Trial 602 0 42802089 24.736213
-Trial 603 0 42802089 24.743103
-Trial 604 0 42802089 24.753924
-Trial 605 0 42802089 24.796701
-Trial 606 0 42802089 24.798207
-Trial 607 0 42802089 24.810313
-Trial 608 0 42802089 24.840441
-Trial 609 0 42802089 24.870747
-Trial 610 0 42802089 24.885366
* 611: Cost = 0_42719749, Time = 22.77 sec. 
-Trial 611 0 42719749 24.892230
-Trial 612 0 42719749 24.903829
-Trial 613 0 42719749 24.934392
-Trial 614 0 42719749 25.119265
-Trial 615 0 42719749 25.128454
-Trial 616 0 42719749 25.147449
-Trial 617 0 42719749 25.166491
-Trial 618 0 42719749 25.208955
-Trial 619 0 42719749 25.273038
-Trial 620 0 42719749 25.289183
-Trial 621 0 42719749 25.311592
-Trial 622 0 42719749 25.334584
-Trial 623 0 42719749 25.353521
-Trial 624 0 42719749 25.366023
-Trial 625 0 42719749 25.395219
-Trial 626 0 42719749 25.414997
-Trial 627 0 42719749 25.425872
-Trial 628 0 42719749 25.483152
-Trial 629 0 42719749 25.507859
-Trial 630 0 42719749 25.520897
-Trial 631 0 42719749 25.545324
-Trial 632 0 42719749 25.586287
-Trial 633 0 42719749 25.608665
-Trial 634 0 42719749 25.768159
* 635: Cost = 0_42685647, Time = 23.67 sec. 
-Trial 635 0 42685647 25.792803
* 636: Cost = 0_42655103, Time = 23.71 sec. 
-Trial 636 0 42655103 25.829572
-Trial 637 0 42655103 25.861380
-Trial 638 0 42655103 25.871585
-Trial 639 0 42655103 25.903751
-Trial 640 0 42655103 25.998774
-Trial 641 0 42655103 26.001814
-Trial 642 0 42655103 26.012007
-Trial 643 0 42655103 26.039377
-Trial 644 0 42655103 26.138319
-Trial 645 0 42655103 26.146390
-Trial 646 0 42655103 26.154056
-Trial 647 0 42655103 26.158217
-Trial 648 0 42655103 26.160411
* 649: Cost = 0_42634377, Time = 24.07 sec. 
-Trial 649 0 42634377 26.197951
-Trial 650 0 42634377 26.205145
-Trial 651 0 42634377 26.215749
* 652: Cost = 0_42581447, Time = 24.26 sec. 
-Trial 652 0 42581447 26.384852
-Trial 653 0 42581447 26.402587
-Trial 654 0 42581447 26.418859
-Trial 655 0 42581447 26.464126
-Trial 656 0 42581447 26.481636
-Trial 657 0 42581447 26.520238
-Trial 658 0 42581447 26.558173
-Trial 659 0 42581447 26.608361
-Trial 660 0 42581447 26.619108
-Trial 661 0 42581447 26.622208
-Trial 662 0 42581447 26.631144
* 663: Cost = 0_42576321, Time = 24.52 sec. 
-Trial 663 0 42576321 26.641272
-Trial 664 0 42576321 26.654115
-Trial 665 0 42576321 26.661869
-Trial 666 0 42576321 26.693801
-Trial 667 0 42576321 26.704820
-Trial 668 0 42576321 26.723372
-Trial 669 0 42576321 26.726474
-Trial 670 0 42576321 26.745164
-Trial 671 0 42576321 26.749933
-Trial 672 0 42576321 26.782878
-Trial 673 0 42576321 26.794622
-Trial 674 0 42576321 26.799396
* 675: Cost = 0_42480166, Time = 24.68 sec. 
-Trial 675 0 42480166 26.805419
-Trial 676 0 42480166 26.868486
-Trial 677 0 42480166 26.874262
-Trial 678 0 42480166 26.887899
-Trial 679 0 42480166 26.910694
-Trial 680 0 42480166 26.962368
-Trial 681 0 42480166 26.976395
-Trial 682 0 42480166 26.996165
-Trial 683 0 42480166 27.041104
-Trial 684 0 42480166 27.054062
-Trial 685 0 42480166 27.074729
-Trial 686 0 42480166 27.087186
-Trial 687 0 42480166 27.100558
-Trial 688 0 42480166 27.108384
-Trial 689 0 42480166 27.125805
-Trial 690 0 42480166 27.185448
-Trial 691 0 42480166 27.211295
-Trial 692 0 42480166 27.245789
-Trial 693 0 42480166 27.248866
-Trial 694 0 42480166 27.251827
-Trial 695 0 42480166 27.284436
-Trial 696 0 42480166 27.293233
-Trial 697 0 42480166 27.334770
-Trial 698 0 42480166 27.364080
-Trial 699 0 42480166 27.376879
-Trial 700 0 42480166 27.397085
-Trial 701 0 42480166 27.424625
-Trial 702 0 42480166 27.431668
-Trial 703 0 42480166 27.468027
-Trial 704 0 42480166 27.473097
-Trial 705 0 42480166 27.480306
-Trial 706 0 42480166 27.508230
-Trial 707 0 42480166 27.557480
-Trial 708 0 42480166 27.576428
-Trial 709 0 42480166 27.592869
-Trial 710 0 42480166 27.610675
-Trial 711 0 42480166 27.622842
-Trial 712 0 42480166 27.654477
-Trial 713 0 42480166 27.792611
-Trial 714 0 42480166 27.812746
-Trial 715 0 42480166 27.817733
-Trial 716 0 42480166 27.824257
* 717: Cost = 0_42479395, Time = 25.71 sec. 
-Trial 717 0 42479395 27.828766
-Trial 718 0 42479395 27.943996
* 719: Cost = 0_42456914, Time = 25.88 sec. 
-Trial 719 0 42456914 28.002782
-Trial 720 0 42456914 28.010238
-Trial 721 0 42456914 28.033764
-Trial 722 0 42456914 28.051134
-Trial 723 0 42456914 28.056628
-Trial 724 0 42456914 28.071590
* 725: Cost = 0_42399015, Time = 25.96 sec. 
-Trial 725 0 42399015 28.083387
-Trial 726 0 42399015 28.104581
-Trial 727 0 42399015 28.111253
-Trial 728 0 42399015 28.154046
-Trial 729 0 42399015 28.170714
-Trial 730 0 42399015 28.199932
-Trial 731 0 42399015 28.228886
-Trial 732 0 42399015 28.240749
-Trial 733 0 42399015 28.246407
-Trial 734 0 42399015 28.256747
-Trial 735 0 42399015 28.263139
-Trial 736 0 42399015 28.282965
-Trial 737 0 42399015 28.297274
-Trial 738 0 42399015 28.307428
-Trial 739 0 42399015 28.333745
-Trial 740 0 42399015 28.336129
-Trial 741 0 42399015 28.362083
-Trial 742 0 42399015 28.384298
-Trial 743 0 42399015 28.397356
-Trial 744 0 42399015 28.414393
-Trial 745 0 42399015 28.461710
-Trial 746 0 42399015 28.468578
-Trial 747 0 42399015 28.499776
* 748: Cost = 0_42397972, Time = 26.38 sec. 
-Trial 748 0 42397972 28.505865
-Trial 749 0 42397972 28.530343
-Trial 750 0 42397972 28.547012
-Trial 751 0 42397972 28.557174
-Trial 752 0 42397972 28.564307
* 753: Cost = 0_42357232, Time = 26.46 sec. 
-Trial 753 0 42357232 28.582890
-Trial 754 0 42357232 28.654958
-Trial 755 0 42357232 28.681213
-Trial 756 0 42357232 28.691262
-Trial 757 0 42357232 28.749458
-Trial 758 0 42357232 28.780373
-Trial 759 0 42357232 28.805717
* 760: Cost = 0_42311307, Time = 26.69 sec. 
-Trial 760 0 42311307 28.813341
-Trial 761 0 42311307 28.821401
-Trial 762 0 42311307 28.828561
-Trial 763 0 42311307 28.834817
-Trial 764 0 42311307 28.953174
-Trial 765 0 42311307 28.996164
-Trial 766 0 42311307 29.006091
-Trial 767 0 42311307 29.039083
-Trial 768 0 42311307 29.087569
-Trial 769 0 42311307 29.088886
-Trial 770 0 42311307 29.125237
-Trial 771 0 42311307 29.133470
-Trial 772 0 42311307 29.167347
-Trial 773 0 42311307 29.179248
-Trial 774 0 42311307 29.207667
-Trial 775 0 42311307 29.248463
-Trial 776 0 42311307 29.313194
-Trial 777 0 42311307 29.322501
-Trial 778 0 42311307 29.338636
-Trial 779 0 42311307 29.402781
-Trial 780 0 42311307 29.411968
-Trial 781 0 42311307 29.434481
-Trial 782 0 42311307 29.463968
-Trial 783 0 42311307 29.498051
-Trial 784 0 42311307 29.515632
-Trial 785 0 42311307 29.516166
* 786: Cost = 0_42265524, Time = 27.41 sec. 
-Trial 786 0 42265524 29.531223
-Trial 787 0 42265524 29.561567
-Trial 788 0 42265524 29.575411
-Trial 789 0 42265524 29.580089
-Trial 790 0 42265524 29.623017
-Trial 791 0 42265524 29.635075
-Trial 792 0 42265524 29.683214
* 793: Cost = 0_42259145, Time = 27.56 sec. 
-Trial 793 0 42259145 29.687830
-Trial 794 0 42259145 29.726926
-Trial 795 0 42259145 29.745128
-Trial 796 0 42259145 29.764332
-Trial 797 0 42259145 29.789711
-Trial 798 0 42259145 29.853055
-Trial 799 0 42259145 29.946647
-Trial 800 0 42259145 29.988494
-Trial 801 0 42259145 30.003008
-Trial 802 0 42259145 30.078477
-Trial 803 0 42259145 30.121523
-Trial 804 0 42259145 30.127846
-Trial 805 0 42259145 30.129614
-Trial 806 0 42259145 30.170339
-Trial 807 0 42259145 30.173839
-Trial 808 0 42259145 30.234457
-Trial 809 0 42259145 30.280135
-Trial 810 0 42259145 30.283386
-Trial 811 0 42259145 30.286540
-Trial 812 0 42259145 30.290210
-Trial 813 0 42259145 30.295306
-Trial 814 0 42259145 30.312586
-Trial 815 0 42259145 30.323665
-Trial 816 0 42259145 30.329523
-Trial 817 0 42259145 30.351965
-Trial 818 0 42259145 30.369255
-Trial 819 0 42259145 30.376336
-Trial 820 0 42259145 30.398169
-Trial 821 0 42259145 30.421843
-Trial 822 0 42259145 30.445576
-Trial 823 0 42259145 30.463321
-Trial 824 0 42259145 30.474693
-Trial 825 0 42259145 30.487777
-Trial 826 0 42259145 30.510046
-Trial 827 0 42259145 30.567668
-Trial 828 0 42259145 30.641539
-Trial 829 0 42259145 30.668550
-Trial 830 0 42259145 30.680001
-Trial 831 0 42259145 30.689835
-Trial 832 0 42259145 30.733838
-Trial 833 0 42259145 30.745244
-Trial 834 0 42259145 30.755157
-Trial 835 0 42259145 30.767089
-Trial 836 0 42259145 30.793855
-Trial 837 0 42259145 30.799436
-Trial 838 0 42259145 30.811128
-Trial 839 0 42259145 30.849982
-Trial 840 0 42259145 30.901015
-Trial 841 0 42259145 30.989949
-Trial 842 0 42259145 31.007899
-Trial 843 0 42259145 31.015474
-Trial 844 0 42259145 31.029132
-Trial 845 0 42259145 31.044144
-Trial 846 0 42259145 31.122651
-Trial 847 0 42259145 31.129127
-Trial 848 0 42259145 31.143592
-Trial 849 0 42259145 31.149589
-Trial 850 0 42259145 31.176004
-Trial 851 0 42259145 31.238670
-Trial 852 0 42259145 31.281874
-Trial 853 0 42259145 31.296491
-Trial 854 0 42259145 31.306347
-Trial 855 0 42259145 31.353599
-Trial 856 0 42259145 31.359818
-Trial 857 0 42259145 31.385554
-Trial 858 0 42259145 31.494755
-Trial 859 0 42259145 31.505664
-Trial 860 0 42259145 31.710570
-Trial 861 0 42259145 31.797730
-Trial 862 0 42259145 31.816941
-Trial 863 0 42259145 31.830267
-Trial 864 0 42259145 31.853592
-Trial 865 0 42259145 31.946165
-Trial 866 0 42259145 31.982431
-Trial 867 0 42259145 32.032276
-Trial 868 0 42259145 32.060278
-Trial 869 0 42259145 32.110554
-Trial 870 0 42259145 32.113377
-Trial 871 0 42259145 32.119876
-Trial 872 0 42259145 32.129474
-Trial 873 0 42259145 32.173619
-Trial 874 0 42259145 32.177309
-Trial 875 0 42259145 32.182936
-Trial 876 0 42259145 32.200851
-Trial 877 0 42259145 32.204801
-Trial 878 0 42259145 32.227838
-Trial 879 0 42259145 32.257308
-Trial 880 0 42259145 32.264611
-Trial 881 0 42259145 32.270756
-Trial 882 0 42259145 32.301813
-Trial 883 0 42259145 32.307399
-Trial 884 0 42259145 32.360566
-Trial 885 0 42259145 32.389188
-Trial 886 0 42259145 32.397730
-Trial 887 0 42259145 32.420587
-Trial 888 0 42259145 32.476739
-Trial 889 0 42259145 32.477286
-Trial 890 0 42259145 32.495181
-Trial 891 0 42259145 32.520875
-Trial 892 0 42259145 32.545592
-Trial 893 0 42259145 32.555121
-Trial 894 0 42259145 32.558587
-Trial 895 0 42259145 32.580312
-Trial 896 0 42259145 32.587200
-Trial 897 0 42259145 32.591413
-Trial 898 0 42259145 32.631668
-Trial 899 0 42259145 32.687136
-Trial 900 0 42259145 32.734958
-Trial 901 0 42259145 32.737944
-Trial 902 0 42259145 32.739290
-Trial 903 0 42259145 32.749086
-Trial 904 0 42259145 32.755552
-Trial 905 0 42259145 32.776728
-Trial 906 0 42259145 32.781646
-Trial 907 0 42259145 32.803984
-Trial 908 0 42259145 32.825761
-Trial 909 0 42259145 32.841647
-Trial 910 0 42259145 32.870080
-Trial 911 0 42259145 32.904904
-Trial 912 0 42259145 32.911235
-Trial 913 0 42259145 32.918436
-Trial 914 0 42259145 32.919186
-Trial 915 0 42259145 32.922263
-Trial 916 0 42259145 32.967767
-Trial 917 0 42259145 33.207804
-Trial 918 0 42259145 33.261088
-Trial 919 0 42259145 33.264127
-Trial 920 0 42259145 33.267501
-Trial 921 0 42259145 33.336339
-Trial 922 0 42259145 33.364728
-Trial 923 0 42259145 33.377627
-Trial 924 0 42259145 33.393365
-Trial 925 0 42259145 33.436970
-Trial 926 0 42259145 33.467544
-Trial 927 0 42259145 33.492948
-Trial 928 0 42259145 33.518748
-Trial 929 0 42259145 33.558489
-Trial 930 0 42259145 33.587219
-Trial 931 0 42259145 33.617331
-Trial 932 0 42259145 33.648810
-Trial 933 0 42259145 33.660787
-Trial 934 0 42259145 33.665098
-Trial 935 0 42259145 33.724162
-Trial 936 0 42259145 33.730812
-Trial 937 0 42259145 33.798323
-Trial 938 0 42259145 33.813645
-Trial 939 0 42259145 33.819371
-Trial 940 0 42259145 33.855013
-Trial 941 0 42259145 33.859463
-Trial 942 0 42259145 33.927589
-Trial 943 0 42259145 33.947706
-Trial 944 0 42259145 33.968989
-Trial 945 0 42259145 33.977564
-Trial 946 0 42259145 34.019663
-Trial 947 0 42259145 34.048716
-Trial 948 0 42259145 34.055863
-Trial 949 0 42259145 34.066268
-Trial 950 0 42259145 34.104713
-Trial 951 0 42259145 34.112570
-Trial 952 0 42259145 34.126751
-Trial 953 0 42259145 34.140158
* 954: Cost = 0_42237924, Time = 32.08 sec. 
-Trial 954 0 42237924 34.203186
-Trial 955 0 42237924 34.219752
-Trial 956 0 42237924 34.230711
-Trial 957 0 42237924 34.238645
-Trial 958 0 42237924 34.246348
-Trial 959 0 42237924 34.248771
-Trial 960 0 42237924 34.273722
-Trial 961 0 42237924 34.340797
-Trial 962 0 42237924 34.358239
-Trial 963 0 42237924 34.368085
-Trial 964 0 42237924 34.416513
-Trial 965 0 42237924 34.453979
-Trial 966 0 42237924 34.637173
* 967: Cost = 0_42173863, Time = 32.53 sec. 
-Trial 967 0 42173863 34.653375
-Trial 968 0 42173863 34.672536
-Trial 969 0 42173863 34.743882
-Trial 970 0 42173863 34.754869
-Trial 971 0 42173863 34.761391
-Trial 972 0 42173863 34.765615
-Trial 973 0 42173863 34.769041
-Trial 974 0 42173863 34.777177
-Trial 975 0 42173863 34.830207
-Trial 976 0 42173863 34.837549
-Trial 977 0 42173863 34.864087
-Trial 978 0 42173863 34.922898
-Trial 979 0 42173863 34.942885
-Trial 980 0 42173863 35.033575
-Trial 981 0 42173863 35.062543
-Trial 982 0 42173863 35.071247
-Trial 983 0 42173863 35.080772
-Trial 984 0 42173863 35.123545
-Trial 985 0 42173863 35.160565
-Trial 986 0 42173863 35.165037
-Trial 987 0 42173863 35.366497
-Trial 988 0 42173863 35.385350
-Trial 989 0 42173863 35.421473
-Trial 990 0 42173863 35.446141
-Trial 991 0 42173863 35.454074
-Trial 992 0 42173863 35.502632
* 993: Cost = 0_42136465, Time = 33.38 sec. 
-Trial 993 0 42136465 35.505422
-Trial 994 0 42136465 35.552095
-Trial 995 0 42136465 35.559933
-Trial 996 0 42136465 35.561953
-Trial 997 0 42136465 35.592524
-Trial 998 0 42136465 35.701035
-Trial 999 0 42136465 35.774178
-Trial 1000 0 42136465 35.789469
Population:
  1: 0_42136465
Run 1: Cost = 0_42136465, Time = 33.67 sec. 

Successes/Runs = 0/1 
Cost.min = 42136465, Cost.avg = 42136465.00, Cost.max = 42136465
Gap.min = 0.0000%, Gap.avg = 0.0000%, Gap.max = 0.0000%
Penalty.min = 0, Penalty.avg = 0.00, Penalty.max = 0
Trials.min = 1000, Trials.avg = 1000.0, Trials.max = 1000
Time.min = 33.67 sec., Time.avg = 33.67 sec., Time.max = 33.67 sec.
Time.total = 35.79 sec.
  Size.min = 14, Size.max = 33, Penalty = 0
  Cost.min = 878481, Cost.max = 3397379, Cost.sum = 42136465
Best CVRPTW solution:
  Cost = 0_42136465
390 1 264 102 374 93 61 501 383 232 39 110 233 329 250 41 216 224 490 309 494 63 22 284 73 516 437 173 16 461 424 387 167 324 375 186 456 197 60 435 108 176 155 42 163 138 517 148 243 202 325 58 27 257 30 385 395 177 278 279 364 339 251 12 342 280 124 120 97 433 206 397 404 341 402 129 384 504 48 136 43 123 72 175 214 161 57 322 11 179 282 210 247 35 99 70 213 219 182 354 241 7 473 226 306 485 207 487 90 450 26 506 431 118 143 10 305 150 393 122 162 166 294 272 112 79 230 158 365 71 427 463 5 307 301 84 290 198 254 502 256 418 49 171 54 471 311 483 333 492 285 160 432 85 460 445 444 6 440 245 422 231 452 436 511 328 357 28 468 320 81 362 104 425 386 413 159 470 318 442 289 446 260 9 45 187 33 19 237 130 53 37 314 101 21 499 476 429 512 100 262 114 125 164 44 359 69 96 80 467 208 196 421 343 50 382 105 269 194 313 25 443 32 495 414 327 215 353 515 336 121 349 152 140 3 303 475 228 134 439 68 338 299 459 261 298 411 453 184 406 497 62 212 74 34 274 300 360 514 258 199 265 236 218 352 428 275 13 315 47 394 135 225 407 287 493 64 334 488 132 455 127 8 510 75 14 358 142 372 211 103 240 29 317 398 170 109 465 308 302 355 469 111 491 508 151 323 472 276 113 498 481 205 36 119 277 98 115 107 88 38 434 401 466 195 221 146 181 513 156 149 392 235 141 381 59 86 94 201 348 253 368 178 304 389 417 405 489 15 268 296 292 65 106 270 408 396 503 244 139 144 438 451 423 346 403 154 500 480 409 484 239 288 312 203 17 168 340 153 83 191 505 76 200 242 410 291 399 116 190 370 415 478 448 169 51 56 192 238 145 40 52 371 78 369 520 273 183 367 412 496 377 479 347 87 426 321 234 267 391 283 441 126 330 400 356 518 209 295 91 31 222 157 92 229 361 319 373 447 180 379 457 350 420 335 376 2 227 416 454 249 248 217 263 252 117 204 474 89 519 220 137 462 378 95 326 20 223 147 345 430 363 293 281 185 266 189 286 464 188 55 509 66 337 165 259 482 449 332 4 297 131 24 246 23 366 507 82 133 172 255 344 18 388 310 477 458 419 128 193 380 46 67 271 174 351 331 316 77 486 390 
