PARAMETER_FILE = result/cvrptw_500/LKH_para/827.para
Reading PROBLEM_FILE: "result/cvrptw_500/cvrptw/827.cvrptw" ... done
ASCENT_CANDIDATES = 50
BACKBONE_TRIALS = 0
BACKTRACKING = NO
# BWTSP =
# CANDIDATE_FILE =
CANDIDATE_SET_TYPE = ALPHA
DEPOT = 1
# EDGE_FILE =
EXCESS = 0.0384615
EXTERNAL_SALESMEN = 0
EXTRA_CANDIDATES = 0 
EXTRA_CANDIDATE_SET_TYPE = QUADRANT
GAIN23 = NO
GAIN_CRITERION = YES
INITIAL_PERIOD = 520
INITIAL_STEP_SIZE = 1
INITIAL_TOUR_ALGORITHM = WALK
# INITIAL_TOUR_FILE = 
INITIAL_TOUR_FRACTION = 1.000
# INPUT_TOUR_FILE = 
KICK_TYPE = 4
KICKS = 1
# MAX_BREADTH =
MAKESPAN = NO
MAX_CANDIDATES = 5 
MAX_SWAPS = 0
MAX_TRIALS = 1000
# MERGE_TOUR_FILE =
MOVE_TYPE = 5 SPECIAL
MTSP_MIN_SIZE = 1
MTSP_MAX_SIZE = 1039
# MTSP_SOLUTION_FILE = 
# NONSEQUENTIAL_MOVE_TYPE = 5
# OPTIMUM =
# OUTPUT_TOUR_FILE = 
PATCHING_A = 1 
PATCHING_C = 0 
# PI_FILE = 
POPMUSIC_INITIAL_TOUR = NO
POPMUSIC_MAX_NEIGHBORS = 5
POPMUSIC_SAMPLE_SIZE = 10
POPMUSIC_SOLUTIONS = 50
POPMUSIC_TRIALS = 1
POPULATION_SIZE = 10
PRECISION = 100
PROBLEM_FILE = result/cvrptw_500/cvrptw/827.cvrptw
RECOMBINATION = IPT
RESTRICTED_SEARCH = YES
RUNS = 1
SALESMEN = 20
SCALE = 1
SEED = 1234
# SINTEF_SOLUTION_FILE = 
STOP_AT_OPTIMUM = YES
SUBGRADIENT = YES
# SUBPROBLEM_SIZE =
# SUBPROBLEM_TOUR_FILE = 
SUBSEQUENT_MOVE_TYPE = 5 SPECIAL
SUBSEQUENT_PATCHING = YES
# TIME_LIMIT =
# TOUR_FILE = 
TRACE_LEVEL = 1
VEHICLES = 20

Lower bound = 26688260.2, Ascent time = 2.25 sec.
Cand.min = 5, Cand.avg = 5.0, Cand.max = 5
Edges.fixed = 520 [Cost = 0]
Preprocessing time = 2.33 sec.
* 1: Cost = 105127_59637038, Time = 3.75 sec. 
-Trial 1 105127 59637038 6.092926
* 2: Cost = 105127_59629337, Time = 3.88 sec. 
-Trial 2 105127 59629337 6.223661
* 3: Cost = 105127_59471230, Time = 3.91 sec. 
-Trial 3 105127 59471230 6.249340
* 4: Cost = 105127_58970908, Time = 4.13 sec. 
-Trial 4 105127 58970908 6.466976
-Trial 5 105127 58970908 6.486001
* 6: Cost = 105127_57967905, Time = 4.30 sec. 
-Trial 6 105127 57967905 6.636520
-Trial 7 105127 57967905 6.695398
-Trial 8 105127 57967905 6.735054
* 9: Cost = 105127_56267177, Time = 4.61 sec. 
-Trial 9 105127 56267177 6.944709
-Trial 10 105127 56267177 7.347181
-Trial 11 105127 56267177 7.405613
* 12: Cost = 105127_56251266, Time = 5.19 sec. 
-Trial 12 105127 56251266 7.529412
* 13: Cost = 105127_56209601, Time = 5.22 sec. 
-Trial 13 105127 56209601 7.556823
* 14: Cost = 105127_55457795, Time = 5.37 sec. 
-Trial 14 105127 55457795 7.709393
* 15: Cost = 105127_55116728, Time = 5.41 sec. 
-Trial 15 105127 55116728 7.748965
* 16: Cost = 105127_54302856, Time = 5.56 sec. 
-Trial 16 105127 54302856 7.899469
-Trial 17 105127 54302856 8.079090
* 18: Cost = 105127_54209913, Time = 5.77 sec. 
-Trial 18 105127 54209913 8.108253
* 19: Cost = 105127_54207244, Time = 5.83 sec. 
-Trial 19 105127 54207244 8.174264
-Trial 20 105127 54207244 8.406616
-Trial 21 105127 54207244 8.473786
* 22: Cost = 105127_53447308, Time = 6.21 sec. 
-Trial 22 105127 53447308 8.545341
-Trial 23 105127 53447308 8.748596
-Trial 24 105127 53447308 8.770471
* 25: Cost = 105127_53290772, Time = 6.51 sec. 
-Trial 25 105127 53290772 8.853615
* 26: Cost = 105127_53182281, Time = 6.55 sec. 
-Trial 26 105127 53182281 8.894157
* 27: Cost = 0_52648235, Time = 6.88 sec. 
-Trial 27 0 52648235 9.217454
-Trial 28 0 52648235 9.257340
-Trial 29 0 52648235 9.276471
* 30: Cost = 0_52490051, Time = 7.02 sec. 
-Trial 30 0 52490051 9.359690
-Trial 31 0 52490051 9.386230
* 32: Cost = 0_51902881, Time = 7.07 sec. 
-Trial 32 0 51902881 9.408877
-Trial 33 0 51902881 9.421077
-Trial 34 0 51902881 9.440635
-Trial 35 0 51902881 9.475201
* 36: Cost = 0_51839993, Time = 7.19 sec. 
-Trial 36 0 51839993 9.527153
* 37: Cost = 0_51833039, Time = 7.22 sec. 
-Trial 37 0 51833039 9.563274
* 38: Cost = 0_51665767, Time = 7.25 sec. 
-Trial 38 0 51665767 9.587310
* 39: Cost = 0_51549974, Time = 7.26 sec. 
-Trial 39 0 51549974 9.604224
* 40: Cost = 0_51134862, Time = 7.28 sec. 
-Trial 40 0 51134862 9.620744
-Trial 41 0 51134862 9.650001
-Trial 42 0 51134862 9.675694
-Trial 43 0 51134862 9.711961
* 44: Cost = 0_50979709, Time = 7.38 sec. 
-Trial 44 0 50979709 9.720578
* 45: Cost = 0_50711511, Time = 7.42 sec. 
-Trial 45 0 50711511 9.757746
-Trial 46 0 50711511 9.776921
-Trial 47 0 50711511 9.807830
-Trial 48 0 50711511 9.845362
-Trial 49 0 50711511 9.846334
-Trial 50 0 50711511 9.854197
* 51: Cost = 0_50578342, Time = 7.54 sec. 
-Trial 51 0 50578342 9.879367
* 52: Cost = 0_50249699, Time = 7.55 sec. 
-Trial 52 0 50249699 9.886537
-Trial 53 0 50249699 9.946936
-Trial 54 0 50249699 9.953785
* 55: Cost = 0_49996416, Time = 7.65 sec. 
-Trial 55 0 49996416 9.987931
-Trial 56 0 49996416 10.016305
-Trial 57 0 49996416 10.018096
* 58: Cost = 0_49949092, Time = 7.69 sec. 
-Trial 58 0 49949092 10.026710
* 59: Cost = 0_49932897, Time = 7.74 sec. 
-Trial 59 0 49932897 10.076970
* 60: Cost = 0_49831056, Time = 7.75 sec. 
-Trial 60 0 49831056 10.090067
* 61: Cost = 0_49822769, Time = 7.76 sec. 
-Trial 61 0 49822769 10.099888
-Trial 62 0 49822769 10.110971
-Trial 63 0 49822769 10.243438
-Trial 64 0 49822769 10.252848
-Trial 65 0 49822769 10.261033
-Trial 66 0 49822769 10.275216
* 67: Cost = 0_49784044, Time = 7.95 sec. 
-Trial 67 0 49784044 10.290502
-Trial 68 0 49784044 10.315808
* 69: Cost = 0_49497052, Time = 7.99 sec. 
-Trial 69 0 49497052 10.333743
-Trial 70 0 49497052 10.345777
-Trial 71 0 49497052 10.397270
-Trial 72 0 49497052 10.414149
-Trial 73 0 49497052 10.506258
* 74: Cost = 0_49402973, Time = 8.20 sec. 
-Trial 74 0 49402973 10.534747
-Trial 75 0 49402973 10.672805
-Trial 76 0 49402973 10.846203
-Trial 77 0 49402973 10.928246
-Trial 78 0 49402973 10.991930
-Trial 79 0 49402973 11.029382
-Trial 80 0 49402973 11.045295
* 81: Cost = 0_49204227, Time = 8.79 sec. 
-Trial 81 0 49204227 11.131685
* 82: Cost = 0_49016204, Time = 8.84 sec. 
-Trial 82 0 49016204 11.179137
-Trial 83 0 49016204 11.368312
-Trial 84 0 49016204 11.418893
-Trial 85 0 49016204 11.437096
-Trial 86 0 49016204 11.496879
-Trial 87 0 49016204 11.499119
-Trial 88 0 49016204 11.550225
* 89: Cost = 0_48903931, Time = 9.23 sec. 
-Trial 89 0 48903931 11.565183
-Trial 90 0 48903931 11.565802
-Trial 91 0 48903931 11.631559
-Trial 92 0 48903931 11.642708
-Trial 93 0 48903931 11.659942
-Trial 94 0 48903931 11.664750
-Trial 95 0 48903931 11.669132
-Trial 96 0 48903931 11.673894
-Trial 97 0 48903931 11.714077
-Trial 98 0 48903931 11.744607
-Trial 99 0 48903931 11.778321
-Trial 100 0 48903931 11.834475
-Trial 101 0 48903931 11.850948
-Trial 102 0 48903931 11.950364
-Trial 103 0 48903931 11.986282
-Trial 104 0 48903931 12.007317
* 105: Cost = 0_48730511, Time = 9.68 sec. 
-Trial 105 0 48730511 12.020362
-Trial 106 0 48730511 12.037357
-Trial 107 0 48730511 12.057131
-Trial 108 0 48730511 12.127567
-Trial 109 0 48730511 12.158595
-Trial 110 0 48730511 12.215668
-Trial 111 0 48730511 12.223807
-Trial 112 0 48730511 12.225563
* 113: Cost = 0_48704829, Time = 9.93 sec. 
-Trial 113 0 48704829 12.265534
-Trial 114 0 48704829 12.273816
-Trial 115 0 48704829 12.295165
-Trial 116 0 48704829 12.306086
-Trial 117 0 48704829 12.332821
-Trial 118 0 48704829 12.491681
-Trial 119 0 48704829 12.520477
-Trial 120 0 48704829 12.536791
-Trial 121 0 48704829 12.557989
-Trial 122 0 48704829 12.605362
-Trial 123 0 48704829 12.637671
-Trial 124 0 48704829 12.752819
-Trial 125 0 48704829 12.755726
-Trial 126 0 48704829 12.766287
-Trial 127 0 48704829 12.806844
-Trial 128 0 48704829 12.815721
-Trial 129 0 48704829 12.827828
-Trial 130 0 48704829 12.840024
-Trial 131 0 48704829 12.840728
-Trial 132 0 48704829 12.854174
-Trial 133 0 48704829 12.867346
-Trial 134 0 48704829 12.876434
-Trial 135 0 48704829 12.923331
-Trial 136 0 48704829 12.935941
-Trial 137 0 48704829 12.968541
-Trial 138 0 48704829 12.997660
-Trial 139 0 48704829 13.029805
-Trial 140 0 48704829 13.150211
-Trial 141 0 48704829 13.167079
* 142: Cost = 0_48684065, Time = 10.86 sec. 
-Trial 142 0 48684065 13.198307
-Trial 143 0 48684065 13.223832
-Trial 144 0 48684065 13.251529
-Trial 145 0 48684065 13.299168
-Trial 146 0 48684065 13.304046
-Trial 147 0 48684065 13.333537
-Trial 148 0 48684065 13.368648
-Trial 149 0 48684065 13.383981
-Trial 150 0 48684065 13.407256
-Trial 151 0 48684065 13.452724
* 152: Cost = 0_48434169, Time = 11.13 sec. 
-Trial 152 0 48434169 13.468925
-Trial 153 0 48434169 13.614460
-Trial 154 0 48434169 13.620195
-Trial 155 0 48434169 13.669853
-Trial 156 0 48434169 13.678612
-Trial 157 0 48434169 13.718324
-Trial 158 0 48434169 13.723466
-Trial 159 0 48434169 13.751261
-Trial 160 0 48434169 13.804086
-Trial 161 0 48434169 13.826507
-Trial 162 0 48434169 13.923883
-Trial 163 0 48434169 13.998787
-Trial 164 0 48434169 14.015287
-Trial 165 0 48434169 14.049236
-Trial 166 0 48434169 14.051308
-Trial 167 0 48434169 14.068531
-Trial 168 0 48434169 14.077232
* 169: Cost = 0_48426981, Time = 11.84 sec. 
-Trial 169 0 48426981 14.179555
* 170: Cost = 0_48395652, Time = 11.87 sec. 
-Trial 170 0 48395652 14.206647
-Trial 171 0 48395652 14.216178
-Trial 172 0 48395652 14.226673
-Trial 173 0 48395652 14.229628
-Trial 174 0 48395652 14.240028
-Trial 175 0 48395652 14.353157
-Trial 176 0 48395652 14.375415
-Trial 177 0 48395652 14.386785
-Trial 178 0 48395652 14.456586
-Trial 179 0 48395652 14.466801
-Trial 180 0 48395652 14.496515
* 181: Cost = 0_48084731, Time = 12.18 sec. 
-Trial 181 0 48084731 14.516351
-Trial 182 0 48084731 14.545732
-Trial 183 0 48084731 14.555202
-Trial 184 0 48084731 14.582150
-Trial 185 0 48084731 14.594602
-Trial 186 0 48084731 14.604786
-Trial 187 0 48084731 14.630583
-Trial 188 0 48084731 14.654236
-Trial 189 0 48084731 14.665541
* 190: Cost = 0_48068930, Time = 12.34 sec. 
-Trial 190 0 48068930 14.679933
-Trial 191 0 48068930 14.694216
-Trial 192 0 48068930 14.710306
-Trial 193 0 48068930 14.731619
-Trial 194 0 48068930 14.736328
-Trial 195 0 48068930 14.767027
-Trial 196 0 48068930 14.771872
-Trial 197 0 48068930 14.787931
-Trial 198 0 48068930 14.828537
-Trial 199 0 48068930 14.838083
* 200: Cost = 0_48024742, Time = 12.53 sec. 
-Trial 200 0 48024742 14.867900
-Trial 201 0 48024742 14.888655
-Trial 202 0 48024742 14.916147
-Trial 203 0 48024742 14.938321
-Trial 204 0 48024742 14.960343
* 205: Cost = 0_47877983, Time = 12.66 sec. 
-Trial 205 0 47877983 15.003591
-Trial 206 0 47877983 15.051582
-Trial 207 0 47877983 15.112791
-Trial 208 0 47877983 15.119459
-Trial 209 0 47877983 15.126318
-Trial 210 0 47877983 15.131549
-Trial 211 0 47877983 15.166306
-Trial 212 0 47877983 15.184203
-Trial 213 0 47877983 15.262743
-Trial 214 0 47877983 15.307460
-Trial 215 0 47877983 15.363919
-Trial 216 0 47877983 15.378725
-Trial 217 0 47877983 15.402443
-Trial 218 0 47877983 15.414801
-Trial 219 0 47877983 15.433067
-Trial 220 0 47877983 15.438979
* 221: Cost = 0_47777646, Time = 13.11 sec. 
-Trial 221 0 47777646 15.450358
* 222: Cost = 0_47760975, Time = 13.17 sec. 
-Trial 222 0 47760975 15.504950
-Trial 223 0 47760975 15.512842
-Trial 224 0 47760975 15.529944
* 225: Cost = 0_47742480, Time = 13.21 sec. 
-Trial 225 0 47742480 15.547598
-Trial 226 0 47742480 15.574050
* 227: Cost = 0_47725652, Time = 13.25 sec. 
-Trial 227 0 47725652 15.588821
-Trial 228 0 47725652 15.633342
* 229: Cost = 0_47685712, Time = 13.39 sec. 
-Trial 229 0 47685712 15.731875
-Trial 230 0 47685712 15.789169
-Trial 231 0 47685712 15.799942
* 232: Cost = 0_47665201, Time = 13.49 sec. 
-Trial 232 0 47665201 15.832490
-Trial 233 0 47665201 15.844221
-Trial 234 0 47665201 15.960222
-Trial 235 0 47665201 15.962573
-Trial 236 0 47665201 16.004670
-Trial 237 0 47665201 16.059716
* 238: Cost = 0_47635579, Time = 13.74 sec. 
-Trial 238 0 47635579 16.079366
-Trial 239 0 47635579 16.091598
-Trial 240 0 47635579 16.120092
-Trial 241 0 47635579 16.170621
-Trial 242 0 47635579 16.181276
-Trial 243 0 47635579 16.205433
* 244: Cost = 0_47506333, Time = 13.87 sec. 
-Trial 244 0 47506333 16.211740
-Trial 245 0 47506333 16.239632
-Trial 246 0 47506333 16.261997
* 247: Cost = 0_47406090, Time = 13.94 sec. 
-Trial 247 0 47406090 16.281160
-Trial 248 0 47406090 16.337799
* 249: Cost = 0_47399659, Time = 14.06 sec. 
-Trial 249 0 47399659 16.399210
-Trial 250 0 47399659 16.432566
-Trial 251 0 47399659 16.532964
-Trial 252 0 47399659 16.549517
* 253: Cost = 0_47373074, Time = 14.24 sec. 
-Trial 253 0 47373074 16.579621
-Trial 254 0 47373074 16.680922
-Trial 255 0 47373074 16.707560
-Trial 256 0 47373074 16.749125
-Trial 257 0 47373074 16.774964
-Trial 258 0 47373074 16.826815
-Trial 259 0 47373074 16.845433
-Trial 260 0 47373074 16.864255
-Trial 261 0 47373074 16.899018
-Trial 262 0 47373074 16.905733
-Trial 263 0 47373074 16.975752
-Trial 264 0 47373074 16.981979
-Trial 265 0 47373074 17.004330
* 266: Cost = 0_47288690, Time = 14.67 sec. 
-Trial 266 0 47288690 17.011206
* 267: Cost = 0_47277041, Time = 14.70 sec. 
-Trial 267 0 47277041 17.036406
-Trial 268 0 47277041 17.079308
-Trial 269 0 47277041 17.089289
-Trial 270 0 47277041 17.093321
* 271: Cost = 0_47231309, Time = 14.77 sec. 
-Trial 271 0 47231309 17.105815
-Trial 272 0 47231309 17.129236
-Trial 273 0 47231309 17.140300
-Trial 274 0 47231309 17.149258
-Trial 275 0 47231309 17.171106
-Trial 276 0 47231309 17.184186
-Trial 277 0 47231309 17.210895
-Trial 278 0 47231309 17.241332
-Trial 279 0 47231309 17.259006
-Trial 280 0 47231309 17.281073
-Trial 281 0 47231309 17.293326
-Trial 282 0 47231309 17.378398
-Trial 283 0 47231309 17.488045
-Trial 284 0 47231309 17.495074
-Trial 285 0 47231309 17.514378
-Trial 286 0 47231309 17.548160
-Trial 287 0 47231309 17.670149
* 288: Cost = 0_47200731, Time = 15.40 sec. 
-Trial 288 0 47200731 17.742679
* 289: Cost = 0_47189443, Time = 15.42 sec. 
-Trial 289 0 47189443 17.758165
* 290: Cost = 0_47116003, Time = 15.44 sec. 
-Trial 290 0 47116003 17.779661
-Trial 291 0 47116003 17.837723
-Trial 292 0 47116003 17.884619
-Trial 293 0 47116003 17.890047
-Trial 294 0 47116003 17.906737
* 295: Cost = 0_47102500, Time = 15.62 sec. 
-Trial 295 0 47102500 17.961334
-Trial 296 0 47102500 17.991748
-Trial 297 0 47102500 18.031093
* 298: Cost = 0_47009460, Time = 15.70 sec. 
-Trial 298 0 47009460 18.041561
-Trial 299 0 47009460 18.051513
-Trial 300 0 47009460 18.087971
* 301: Cost = 0_46901370, Time = 15.81 sec. 
-Trial 301 0 46901370 18.151010
-Trial 302 0 46901370 18.165343
-Trial 303 0 46901370 18.243419
-Trial 304 0 46901370 18.260226
-Trial 305 0 46901370 18.273586
-Trial 306 0 46901370 18.290315
* 307: Cost = 0_46894859, Time = 15.96 sec. 
-Trial 307 0 46894859 18.296780
-Trial 308 0 46894859 18.318524
-Trial 309 0 46894859 18.336932
* 310: Cost = 0_46831313, Time = 16.02 sec. 
-Trial 310 0 46831313 18.360480
-Trial 311 0 46831313 18.366796
-Trial 312 0 46831313 18.383081
-Trial 313 0 46831313 18.431895
-Trial 314 0 46831313 18.447847
-Trial 315 0 46831313 18.461197
-Trial 316 0 46831313 18.485387
-Trial 317 0 46831313 18.486271
-Trial 318 0 46831313 18.536256
-Trial 319 0 46831313 18.539095
-Trial 320 0 46831313 18.712720
-Trial 321 0 46831313 18.716008
-Trial 322 0 46831313 18.719714
-Trial 323 0 46831313 18.730132
-Trial 324 0 46831313 18.777128
-Trial 325 0 46831313 18.836234
-Trial 326 0 46831313 18.899393
-Trial 327 0 46831313 18.909670
-Trial 328 0 46831313 18.948583
-Trial 329 0 46831313 19.001701
-Trial 330 0 46831313 19.055020
-Trial 331 0 46831313 19.110063
-Trial 332 0 46831313 19.133038
-Trial 333 0 46831313 19.169792
-Trial 334 0 46831313 19.177541
-Trial 335 0 46831313 19.210267
-Trial 336 0 46831313 19.250902
-Trial 337 0 46831313 19.287284
* 338: Cost = 0_46828539, Time = 16.96 sec. 
-Trial 338 0 46828539 19.297175
-Trial 339 0 46828539 19.298072
-Trial 340 0 46828539 19.303878
* 341: Cost = 0_46771325, Time = 16.99 sec. 
-Trial 341 0 46771325 19.325933
-Trial 342 0 46771325 19.554387
-Trial 343 0 46771325 19.628714
-Trial 344 0 46771325 19.679062
-Trial 345 0 46771325 19.741541
-Trial 346 0 46771325 19.742071
-Trial 347 0 46771325 19.750534
-Trial 348 0 46771325 19.755933
-Trial 349 0 46771325 19.783447
-Trial 350 0 46771325 19.790299
-Trial 351 0 46771325 19.798938
-Trial 352 0 46771325 19.912976
-Trial 353 0 46771325 19.917234
-Trial 354 0 46771325 19.948083
-Trial 355 0 46771325 19.958675
-Trial 356 0 46771325 19.965834
-Trial 357 0 46771325 19.997220
-Trial 358 0 46771325 20.083083
-Trial 359 0 46771325 20.157230
-Trial 360 0 46771325 20.176623
* 361: Cost = 0_46746320, Time = 17.86 sec. 
-Trial 361 0 46746320 20.200529
-Trial 362 0 46746320 20.271861
-Trial 363 0 46746320 20.300570
* 364: Cost = 0_46682938, Time = 18.02 sec. 
-Trial 364 0 46682938 20.362263
-Trial 365 0 46682938 20.377809
-Trial 366 0 46682938 20.453649
-Trial 367 0 46682938 20.480890
-Trial 368 0 46682938 20.488188
-Trial 369 0 46682938 20.540969
-Trial 370 0 46682938 20.659055
-Trial 371 0 46682938 20.668052
* 372: Cost = 0_46679020, Time = 18.35 sec. 
-Trial 372 0 46679020 20.687921
-Trial 373 0 46679020 20.713518
-Trial 374 0 46679020 20.726103
-Trial 375 0 46679020 20.758555
-Trial 376 0 46679020 20.905040
-Trial 377 0 46679020 21.024106
-Trial 378 0 46679020 21.069575
* 379: Cost = 0_46644813, Time = 18.74 sec. 
-Trial 379 0 46644813 21.078806
-Trial 380 0 46644813 21.093496
-Trial 381 0 46644813 21.126961
-Trial 382 0 46644813 21.136024
-Trial 383 0 46644813 21.147832
-Trial 384 0 46644813 21.162488
-Trial 385 0 46644813 21.227199
-Trial 386 0 46644813 21.254048
-Trial 387 0 46644813 21.268538
-Trial 388 0 46644813 21.295089
-Trial 389 0 46644813 21.353540
-Trial 390 0 46644813 21.369268
-Trial 391 0 46644813 21.387426
-Trial 392 0 46644813 21.405003
-Trial 393 0 46644813 21.450321
-Trial 394 0 46644813 21.476754
-Trial 395 0 46644813 21.491187
-Trial 396 0 46644813 21.571927
-Trial 397 0 46644813 21.581792
-Trial 398 0 46644813 21.585464
-Trial 399 0 46644813 21.611279
-Trial 400 0 46644813 21.656924
-Trial 401 0 46644813 21.691446
-Trial 402 0 46644813 21.758174
* 403: Cost = 0_46640533, Time = 19.51 sec. 
-Trial 403 0 46640533 21.854293
-Trial 404 0 46640533 21.907291
* 405: Cost = 0_46596400, Time = 19.68 sec. 
-Trial 405 0 46596400 22.023150
* 406: Cost = 0_46574198, Time = 19.69 sec. 
-Trial 406 0 46574198 22.025820
-Trial 407 0 46574198 22.041442
-Trial 408 0 46574198 22.053442
-Trial 409 0 46574198 22.214183
-Trial 410 0 46574198 22.235620
-Trial 411 0 46574198 22.263912
-Trial 412 0 46574198 22.274655
-Trial 413 0 46574198 22.282483
-Trial 414 0 46574198 22.295072
-Trial 415 0 46574198 22.327644
-Trial 416 0 46574198 22.335732
-Trial 417 0 46574198 22.368987
* 418: Cost = 0_46520725, Time = 20.06 sec. 
-Trial 418 0 46520725 22.395282
-Trial 419 0 46520725 22.416948
-Trial 420 0 46520725 22.433769
-Trial 421 0 46520725 22.444397
-Trial 422 0 46520725 22.447446
-Trial 423 0 46520725 22.518741
* 424: Cost = 0_46470529, Time = 20.20 sec. 
-Trial 424 0 46470529 22.542696
-Trial 425 0 46470529 22.549774
-Trial 426 0 46470529 22.555433
-Trial 427 0 46470529 22.559546
-Trial 428 0 46470529 22.576404
-Trial 429 0 46470529 22.593315
-Trial 430 0 46470529 22.697945
-Trial 431 0 46470529 22.721447
-Trial 432 0 46470529 22.740771
-Trial 433 0 46470529 22.778425
-Trial 434 0 46470529 22.793668
-Trial 435 0 46470529 22.856406
-Trial 436 0 46470529 22.874313
-Trial 437 0 46470529 22.881183
-Trial 438 0 46470529 22.895809
-Trial 439 0 46470529 22.905570
* 440: Cost = 0_46437219, Time = 20.58 sec. 
-Trial 440 0 46437219 22.919810
-Trial 441 0 46437219 22.933996
-Trial 442 0 46437219 22.984979
-Trial 443 0 46437219 22.985462
-Trial 444 0 46437219 23.005228
-Trial 445 0 46437219 23.010278
-Trial 446 0 46437219 23.022507
-Trial 447 0 46437219 23.111885
-Trial 448 0 46437219 23.128586
-Trial 449 0 46437219 23.131474
-Trial 450 0 46437219 23.289240
* 451: Cost = 0_46434974, Time = 20.97 sec. 
-Trial 451 0 46434974 23.314243
* 452: Cost = 0_46321821, Time = 21.00 sec. 
-Trial 452 0 46321821 23.336894
-Trial 453 0 46321821 23.352978
* 454: Cost = 0_46281919, Time = 21.02 sec. 
-Trial 454 0 46281919 23.357040
-Trial 455 0 46281919 23.373058
-Trial 456 0 46281919 23.391737
-Trial 457 0 46281919 23.393052
-Trial 458 0 46281919 23.406487
-Trial 459 0 46281919 23.417996
-Trial 460 0 46281919 23.430742
-Trial 461 0 46281919 23.455629
-Trial 462 0 46281919 23.475354
-Trial 463 0 46281919 23.553987
-Trial 464 0 46281919 23.580558
-Trial 465 0 46281919 23.587444
-Trial 466 0 46281919 23.632399
-Trial 467 0 46281919 23.648942
-Trial 468 0 46281919 23.694063
-Trial 469 0 46281919 23.705884
-Trial 470 0 46281919 23.720504
-Trial 471 0 46281919 23.760552
-Trial 472 0 46281919 23.788974
-Trial 473 0 46281919 23.810812
-Trial 474 0 46281919 23.849056
-Trial 475 0 46281919 23.861511
-Trial 476 0 46281919 23.886884
-Trial 477 0 46281919 23.962724
-Trial 478 0 46281919 23.980520
-Trial 479 0 46281919 24.164061
-Trial 480 0 46281919 24.195812
-Trial 481 0 46281919 24.199910
-Trial 482 0 46281919 24.209500
-Trial 483 0 46281919 24.228252
-Trial 484 0 46281919 24.745151
-Trial 485 0 46281919 24.846653
-Trial 486 0 46281919 24.866617
-Trial 487 0 46281919 24.902190
-Trial 488 0 46281919 24.905032
-Trial 489 0 46281919 24.926447
-Trial 490 0 46281919 24.946710
-Trial 491 0 46281919 24.968268
-Trial 492 0 46281919 25.246377
-Trial 493 0 46281919 25.265583
-Trial 494 0 46281919 25.271187
-Trial 495 0 46281919 25.306931
-Trial 496 0 46281919 25.315625
-Trial 497 0 46281919 25.317987
-Trial 498 0 46281919 25.340302
-Trial 499 0 46281919 25.342322
-Trial 500 0 46281919 25.363499
-Trial 501 0 46281919 25.418187
-Trial 502 0 46281919 25.446160
-Trial 503 0 46281919 25.458084
-Trial 504 0 46281919 25.507506
-Trial 505 0 46281919 25.535941
-Trial 506 0 46281919 25.546849
-Trial 507 0 46281919 25.556504
-Trial 508 0 46281919 25.603254
-Trial 509 0 46281919 25.607637
-Trial 510 0 46281919 25.628021
-Trial 511 0 46281919 25.632150
-Trial 512 0 46281919 25.648257
-Trial 513 0 46281919 25.669458
-Trial 514 0 46281919 25.709821
-Trial 515 0 46281919 25.725237
-Trial 516 0 46281919 25.737651
-Trial 517 0 46281919 25.742023
-Trial 518 0 46281919 25.771070
-Trial 519 0 46281919 25.789730
-Trial 520 0 46281919 25.807643
-Trial 521 0 46281919 25.820554
-Trial 522 0 46281919 25.845607
-Trial 523 0 46281919 25.909968
-Trial 524 0 46281919 25.937908
-Trial 525 0 46281919 25.947196
-Trial 526 0 46281919 25.999516
-Trial 527 0 46281919 26.007279
-Trial 528 0 46281919 26.046758
-Trial 529 0 46281919 26.096077
-Trial 530 0 46281919 26.105410
-Trial 531 0 46281919 26.108660
-Trial 532 0 46281919 26.120919
-Trial 533 0 46281919 26.241776
-Trial 534 0 46281919 26.252075
-Trial 535 0 46281919 26.271864
-Trial 536 0 46281919 26.353826
* 537: Cost = 0_46265543, Time = 24.03 sec. 
-Trial 537 0 46265543 26.369967
-Trial 538 0 46265543 26.402337
-Trial 539 0 46265543 26.404769
-Trial 540 0 46265543 26.423627
-Trial 541 0 46265543 26.453391
-Trial 542 0 46265543 26.513946
-Trial 543 0 46265543 26.572264
-Trial 544 0 46265543 26.658043
-Trial 545 0 46265543 26.675278
-Trial 546 0 46265543 26.686907
-Trial 547 0 46265543 26.703746
-Trial 548 0 46265543 26.734265
-Trial 549 0 46265543 26.741206
-Trial 550 0 46265543 26.745023
-Trial 551 0 46265543 26.774005
-Trial 552 0 46265543 26.796618
-Trial 553 0 46265543 26.813786
-Trial 554 0 46265543 26.845314
-Trial 555 0 46265543 26.869519
-Trial 556 0 46265543 26.891521
-Trial 557 0 46265543 26.893207
-Trial 558 0 46265543 26.912053
-Trial 559 0 46265543 26.928266
-Trial 560 0 46265543 26.978013
-Trial 561 0 46265543 27.074902
-Trial 562 0 46265543 27.167235
-Trial 563 0 46265543 27.233992
-Trial 564 0 46265543 27.278261
-Trial 565 0 46265543 27.347396
-Trial 566 0 46265543 27.379267
-Trial 567 0 46265543 27.406473
-Trial 568 0 46265543 27.417468
-Trial 569 0 46265543 27.462885
-Trial 570 0 46265543 27.490295
-Trial 571 0 46265543 27.515903
-Trial 572 0 46265543 27.519206
-Trial 573 0 46265543 27.535599
* 574: Cost = 0_46259734, Time = 25.50 sec. 
-Trial 574 0 46259734 27.838366
-Trial 575 0 46259734 27.866662
-Trial 576 0 46259734 27.877502
-Trial 577 0 46259734 27.891977
-Trial 578 0 46259734 27.908296
-Trial 579 0 46259734 27.925873
-Trial 580 0 46259734 27.961762
-Trial 581 0 46259734 28.051856
-Trial 582 0 46259734 28.063271
-Trial 583 0 46259734 28.076479
-Trial 584 0 46259734 28.136241
-Trial 585 0 46259734 28.152268
-Trial 586 0 46259734 28.179569
-Trial 587 0 46259734 28.195463
-Trial 588 0 46259734 28.209008
-Trial 589 0 46259734 28.217290
-Trial 590 0 46259734 28.224685
-Trial 591 0 46259734 28.251249
-Trial 592 0 46259734 28.314607
-Trial 593 0 46259734 28.331757
-Trial 594 0 46259734 28.358127
-Trial 595 0 46259734 28.384302
-Trial 596 0 46259734 28.445806
-Trial 597 0 46259734 28.453823
-Trial 598 0 46259734 28.500346
-Trial 599 0 46259734 28.519913
-Trial 600 0 46259734 28.559771
-Trial 601 0 46259734 28.560158
-Trial 602 0 46259734 28.585169
-Trial 603 0 46259734 28.603734
-Trial 604 0 46259734 28.609423
-Trial 605 0 46259734 28.637524
-Trial 606 0 46259734 28.695570
-Trial 607 0 46259734 28.709436
-Trial 608 0 46259734 28.748209
-Trial 609 0 46259734 28.768529
* 610: Cost = 0_46248144, Time = 26.43 sec. 
-Trial 610 0 46248144 28.771499
-Trial 611 0 46248144 28.795288
-Trial 612 0 46248144 28.812751
-Trial 613 0 46248144 28.817240
-Trial 614 0 46248144 28.829941
-Trial 615 0 46248144 28.848171
-Trial 616 0 46248144 28.855495
-Trial 617 0 46248144 28.863841
-Trial 618 0 46248144 28.914080
-Trial 619 0 46248144 28.929797
-Trial 620 0 46248144 28.985986
-Trial 621 0 46248144 29.025003
-Trial 622 0 46248144 29.034639
-Trial 623 0 46248144 29.048356
-Trial 624 0 46248144 29.049755
-Trial 625 0 46248144 29.064661
-Trial 626 0 46248144 29.109918
-Trial 627 0 46248144 29.129411
-Trial 628 0 46248144 29.163092
-Trial 629 0 46248144 29.184648
-Trial 630 0 46248144 29.200042
-Trial 631 0 46248144 29.257524
-Trial 632 0 46248144 29.302362
-Trial 633 0 46248144 29.310246
-Trial 634 0 46248144 29.328411
-Trial 635 0 46248144 29.332909
-Trial 636 0 46248144 29.388427
-Trial 637 0 46248144 29.397557
-Trial 638 0 46248144 29.405521
-Trial 639 0 46248144 29.430490
-Trial 640 0 46248144 29.447093
-Trial 641 0 46248144 29.453395
-Trial 642 0 46248144 29.564804
* 643: Cost = 0_46235707, Time = 27.24 sec. 
-Trial 643 0 46235707 29.575645
-Trial 644 0 46235707 29.591629
-Trial 645 0 46235707 29.601878
-Trial 646 0 46235707 29.652241
-Trial 647 0 46235707 29.653507
-Trial 648 0 46235707 29.660310
-Trial 649 0 46235707 29.661031
-Trial 650 0 46235707 29.692121
-Trial 651 0 46235707 29.707558
-Trial 652 0 46235707 29.748975
-Trial 653 0 46235707 29.787861
-Trial 654 0 46235707 29.829981
-Trial 655 0 46235707 29.919016
-Trial 656 0 46235707 29.936986
-Trial 657 0 46235707 29.989029
-Trial 658 0 46235707 29.994127
-Trial 659 0 46235707 30.012514
-Trial 660 0 46235707 30.026994
-Trial 661 0 46235707 30.064174
-Trial 662 0 46235707 30.066928
-Trial 663 0 46235707 30.093113
-Trial 664 0 46235707 30.139075
-Trial 665 0 46235707 30.151654
-Trial 666 0 46235707 30.234140
-Trial 667 0 46235707 30.275219
-Trial 668 0 46235707 30.324079
-Trial 669 0 46235707 30.343212
-Trial 670 0 46235707 30.368406
-Trial 671 0 46235707 30.387431
-Trial 672 0 46235707 30.403307
-Trial 673 0 46235707 30.425705
-Trial 674 0 46235707 30.443182
-Trial 675 0 46235707 30.483824
-Trial 676 0 46235707 30.514943
-Trial 677 0 46235707 30.523310
-Trial 678 0 46235707 30.527834
-Trial 679 0 46235707 30.561379
-Trial 680 0 46235707 30.573534
-Trial 681 0 46235707 30.580808
-Trial 682 0 46235707 30.581493
-Trial 683 0 46235707 30.612349
-Trial 684 0 46235707 30.656259
-Trial 685 0 46235707 30.665880
-Trial 686 0 46235707 30.674409
-Trial 687 0 46235707 30.699337
-Trial 688 0 46235707 30.722526
-Trial 689 0 46235707 30.740036
-Trial 690 0 46235707 30.748910
-Trial 691 0 46235707 30.782094
-Trial 692 0 46235707 30.800420
-Trial 693 0 46235707 30.832604
-Trial 694 0 46235707 30.843183
* 695: Cost = 0_46203836, Time = 28.54 sec. 
-Trial 695 0 46203836 30.877513
-Trial 696 0 46203836 30.911433
-Trial 697 0 46203836 30.949901
-Trial 698 0 46203836 31.038474
-Trial 699 0 46203836 31.050832
-Trial 700 0 46203836 31.118848
-Trial 701 0 46203836 31.170036
-Trial 702 0 46203836 31.206955
-Trial 703 0 46203836 31.234965
-Trial 704 0 46203836 31.282693
-Trial 705 0 46203836 31.308977
-Trial 706 0 46203836 31.309382
-Trial 707 0 46203836 31.334541
-Trial 708 0 46203836 31.508707
-Trial 709 0 46203836 31.517081
-Trial 710 0 46203836 31.537969
-Trial 711 0 46203836 31.562484
-Trial 712 0 46203836 31.571297
-Trial 713 0 46203836 31.595642
-Trial 714 0 46203836 31.600251
-Trial 715 0 46203836 31.619936
-Trial 716 0 46203836 31.991248
-Trial 717 0 46203836 32.021836
-Trial 718 0 46203836 32.070543
-Trial 719 0 46203836 32.094010
-Trial 720 0 46203836 32.112488
-Trial 721 0 46203836 32.139670
-Trial 722 0 46203836 32.153412
-Trial 723 0 46203836 32.213115
-Trial 724 0 46203836 32.290055
* 725: Cost = 0_46096582, Time = 29.96 sec. 
-Trial 725 0 46096582 32.300371
-Trial 726 0 46096582 32.315661
-Trial 727 0 46096582 32.444551
-Trial 728 0 46096582 32.479879
-Trial 729 0 46096582 32.482916
-Trial 730 0 46096582 32.484065
-Trial 731 0 46096582 32.490513
-Trial 732 0 46096582 32.502511
-Trial 733 0 46096582 32.574843
-Trial 734 0 46096582 32.579474
-Trial 735 0 46096582 32.627398
-Trial 736 0 46096582 32.647431
-Trial 737 0 46096582 32.693843
-Trial 738 0 46096582 32.709916
-Trial 739 0 46096582 32.726514
-Trial 740 0 46096582 32.739166
-Trial 741 0 46096582 32.757105
-Trial 742 0 46096582 32.759763
-Trial 743 0 46096582 32.769065
-Trial 744 0 46096582 32.796021
-Trial 745 0 46096582 32.863461
-Trial 746 0 46096582 32.871253
-Trial 747 0 46096582 32.895839
* 748: Cost = 0_46064461, Time = 30.63 sec. 
-Trial 748 0 46064461 32.969617
-Trial 749 0 46064461 33.008839
-Trial 750 0 46064461 33.051419
-Trial 751 0 46064461 33.061363
-Trial 752 0 46064461 33.085615
-Trial 753 0 46064461 33.090562
-Trial 754 0 46064461 33.110632
-Trial 755 0 46064461 33.133683
-Trial 756 0 46064461 33.136231
-Trial 757 0 46064461 33.203417
* 758: Cost = 0_45968901, Time = 30.93 sec. 
-Trial 758 0 45968901 33.273782
-Trial 759 0 45968901 33.292201
-Trial 760 0 45968901 33.314607
-Trial 761 0 45968901 33.578001
-Trial 762 0 45968901 33.584816
-Trial 763 0 45968901 33.593657
-Trial 764 0 45968901 33.610232
-Trial 765 0 45968901 33.818141
-Trial 766 0 45968901 33.837210
-Trial 767 0 45968901 33.896122
-Trial 768 0 45968901 33.914454
-Trial 769 0 45968901 33.922693
* 770: Cost = 0_45955778, Time = 31.59 sec. 
-Trial 770 0 45955778 33.930366
-Trial 771 0 45955778 33.943067
-Trial 772 0 45955778 33.995502
-Trial 773 0 45955778 34.006336
-Trial 774 0 45955778 34.019315
-Trial 775 0 45955778 34.041612
-Trial 776 0 45955778 34.093747
-Trial 777 0 45955778 34.096326
-Trial 778 0 45955778 34.187195
-Trial 779 0 45955778 34.229321
-Trial 780 0 45955778 34.230378
-Trial 781 0 45955778 34.258245
-Trial 782 0 45955778 34.279638
-Trial 783 0 45955778 34.290824
-Trial 784 0 45955778 34.300082
-Trial 785 0 45955778 34.337631
-Trial 786 0 45955778 34.338470
-Trial 787 0 45955778 34.382800
-Trial 788 0 45955778 34.439237
-Trial 789 0 45955778 34.493949
-Trial 790 0 45955778 34.503207
-Trial 791 0 45955778 34.517204
-Trial 792 0 45955778 34.559924
* 793: Cost = 0_45934732, Time = 32.27 sec. 
-Trial 793 0 45934732 34.609224
-Trial 794 0 45934732 34.620070
-Trial 795 0 45934732 34.641284
* 796: Cost = 0_45924726, Time = 32.33 sec. 
-Trial 796 0 45924726 34.670225
-Trial 797 0 45924726 34.779420
-Trial 798 0 45924726 34.789879
-Trial 799 0 45924726 34.806223
-Trial 800 0 45924726 34.815036
-Trial 801 0 45924726 34.860981
-Trial 802 0 45924726 34.914617
-Trial 803 0 45924726 34.933209
-Trial 804 0 45924726 34.955200
-Trial 805 0 45924726 34.968344
-Trial 806 0 45924726 34.989141
-Trial 807 0 45924726 35.109275
-Trial 808 0 45924726 35.360080
-Trial 809 0 45924726 35.436448
-Trial 810 0 45924726 35.442168
-Trial 811 0 45924726 35.445344
-Trial 812 0 45924726 35.455723
-Trial 813 0 45924726 35.466938
-Trial 814 0 45924726 35.539797
-Trial 815 0 45924726 35.707600
-Trial 816 0 45924726 35.709965
-Trial 817 0 45924726 35.803371
-Trial 818 0 45924726 35.818328
-Trial 819 0 45924726 35.853229
-Trial 820 0 45924726 35.854895
-Trial 821 0 45924726 35.884010
-Trial 822 0 45924726 36.026542
-Trial 823 0 45924726 36.068958
-Trial 824 0 45924726 36.267383
-Trial 825 0 45924726 36.315172
-Trial 826 0 45924726 36.349635
-Trial 827 0 45924726 36.570228
-Trial 828 0 45924726 36.619598
-Trial 829 0 45924726 36.642436
-Trial 830 0 45924726 36.710403
-Trial 831 0 45924726 36.725515
-Trial 832 0 45924726 36.748753
-Trial 833 0 45924726 36.755131
-Trial 834 0 45924726 36.765035
-Trial 835 0 45924726 36.828602
-Trial 836 0 45924726 36.862967
-Trial 837 0 45924726 36.947236
-Trial 838 0 45924726 37.009791
-Trial 839 0 45924726 37.032828
-Trial 840 0 45924726 37.083224
-Trial 841 0 45924726 37.112293
-Trial 842 0 45924726 37.123902
-Trial 843 0 45924726 37.149472
-Trial 844 0 45924726 37.200398
-Trial 845 0 45924726 37.200852
-Trial 846 0 45924726 37.234977
-Trial 847 0 45924726 37.256128
-Trial 848 0 45924726 37.265064
-Trial 849 0 45924726 37.327435
-Trial 850 0 45924726 37.559442
-Trial 851 0 45924726 37.574346
-Trial 852 0 45924726 37.704239
-Trial 853 0 45924726 37.726476
-Trial 854 0 45924726 37.735280
-Trial 855 0 45924726 37.770487
-Trial 856 0 45924726 37.796048
-Trial 857 0 45924726 37.799761
* 858: Cost = 0_45923143, Time = 35.47 sec. 
-Trial 858 0 45923143 37.813790
-Trial 859 0 45923143 37.819055
-Trial 860 0 45923143 37.836163
-Trial 861 0 45923143 37.865767
-Trial 862 0 45923143 37.926850
-Trial 863 0 45923143 37.958100
-Trial 864 0 45923143 38.006070
-Trial 865 0 45923143 38.025060
-Trial 866 0 45923143 38.031166
-Trial 867 0 45923143 38.081312
-Trial 868 0 45923143 38.093082
-Trial 869 0 45923143 38.108125
-Trial 870 0 45923143 38.120079
-Trial 871 0 45923143 38.145766
-Trial 872 0 45923143 38.161293
-Trial 873 0 45923143 38.195289
* 874: Cost = 0_45920411, Time = 35.89 sec. 
-Trial 874 0 45920411 38.228114
-Trial 875 0 45920411 38.239062
-Trial 876 0 45920411 38.259068
-Trial 877 0 45920411 38.269413
-Trial 878 0 45920411 38.297652
-Trial 879 0 45920411 38.315519
-Trial 880 0 45920411 38.559532
-Trial 881 0 45920411 38.654961
-Trial 882 0 45920411 38.676045
-Trial 883 0 45920411 38.729519
* 884: Cost = 0_45913799, Time = 36.42 sec. 
-Trial 884 0 45913799 38.758338
-Trial 885 0 45913799 38.777199
-Trial 886 0 45913799 38.803670
-Trial 887 0 45913799 38.886151
-Trial 888 0 45913799 38.901248
-Trial 889 0 45913799 38.986242
-Trial 890 0 45913799 38.995640
-Trial 891 0 45913799 39.015038
-Trial 892 0 45913799 39.021944
-Trial 893 0 45913799 39.034362
-Trial 894 0 45913799 39.090712
-Trial 895 0 45913799 39.111378
-Trial 896 0 45913799 39.117510
-Trial 897 0 45913799 39.126534
-Trial 898 0 45913799 39.166674
-Trial 899 0 45913799 39.182127
-Trial 900 0 45913799 39.212347
-Trial 901 0 45913799 39.240150
-Trial 902 0 45913799 39.266386
-Trial 903 0 45913799 39.304357
* 904: Cost = 0_45844947, Time = 36.98 sec. 
-Trial 904 0 45844947 39.320165
-Trial 905 0 45844947 39.437736
-Trial 906 0 45844947 39.446560
-Trial 907 0 45844947 39.453223
-Trial 908 0 45844947 39.480509
-Trial 909 0 45844947 39.531424
-Trial 910 0 45844947 39.553630
-Trial 911 0 45844947 39.562996
-Trial 912 0 45844947 39.567629
-Trial 913 0 45844947 39.585470
-Trial 914 0 45844947 39.595794
-Trial 915 0 45844947 39.602085
-Trial 916 0 45844947 39.672363
-Trial 917 0 45844947 39.684031
-Trial 918 0 45844947 39.697955
-Trial 919 0 45844947 39.705047
-Trial 920 0 45844947 39.727796
-Trial 921 0 45844947 39.765867
-Trial 922 0 45844947 39.791064
-Trial 923 0 45844947 39.901680
-Trial 924 0 45844947 39.921727
-Trial 925 0 45844947 39.930732
-Trial 926 0 45844947 40.028792
-Trial 927 0 45844947 40.031810
-Trial 928 0 45844947 40.230172
* 929: Cost = 0_45753440, Time = 37.93 sec. 
-Trial 929 0 45753440 40.267763
-Trial 930 0 45753440 40.339404
-Trial 931 0 45753440 40.353208
-Trial 932 0 45753440 40.452851
-Trial 933 0 45753440 40.495699
-Trial 934 0 45753440 40.516048
-Trial 935 0 45753440 40.520453
-Trial 936 0 45753440 40.586780
-Trial 937 0 45753440 40.597588
-Trial 938 0 45753440 40.627120
-Trial 939 0 45753440 40.666791
-Trial 940 0 45753440 40.703514
-Trial 941 0 45753440 40.738425
-Trial 942 0 45753440 40.753161
-Trial 943 0 45753440 40.754784
-Trial 944 0 45753440 40.796633
-Trial 945 0 45753440 40.917502
-Trial 946 0 45753440 40.919411
-Trial 947 0 45753440 40.943746
-Trial 948 0 45753440 40.956034
-Trial 949 0 45753440 40.970507
-Trial 950 0 45753440 41.058342
-Trial 951 0 45753440 41.074815
-Trial 952 0 45753440 41.121667
-Trial 953 0 45753440 41.154966
-Trial 954 0 45753440 41.170459
-Trial 955 0 45753440 41.182743
-Trial 956 0 45753440 41.207841
-Trial 957 0 45753440 41.303494
-Trial 958 0 45753440 41.307681
-Trial 959 0 45753440 41.320751
-Trial 960 0 45753440 41.331361
-Trial 961 0 45753440 41.389638
-Trial 962 0 45753440 41.415245
-Trial 963 0 45753440 41.438646
-Trial 964 0 45753440 41.483170
-Trial 965 0 45753440 41.517862
* 966: Cost = 0_45731594, Time = 39.22 sec. 
-Trial 966 0 45731594 41.562901
-Trial 967 0 45731594 41.570530
-Trial 968 0 45731594 41.605000
-Trial 969 0 45731594 41.633089
-Trial 970 0 45731594 41.640753
-Trial 971 0 45731594 41.698151
-Trial 972 0 45731594 41.735117
-Trial 973 0 45731594 41.761147
-Trial 974 0 45731594 41.764458
-Trial 975 0 45731594 41.796013
-Trial 976 0 45731594 41.811810
-Trial 977 0 45731594 41.822090
-Trial 978 0 45731594 41.837308
-Trial 979 0 45731594 41.902406
-Trial 980 0 45731594 41.940874
-Trial 981 0 45731594 41.962371
-Trial 982 0 45731594 41.985106
* 983: Cost = 0_45502014, Time = 39.67 sec. 
-Trial 983 0 45502014 42.014180
-Trial 984 0 45502014 42.018254
-Trial 985 0 45502014 42.046645
-Trial 986 0 45502014 42.055042
-Trial 987 0 45502014 42.071321
-Trial 988 0 45502014 42.082074
-Trial 989 0 45502014 42.105198
-Trial 990 0 45502014 42.117278
-Trial 991 0 45502014 42.145052
-Trial 992 0 45502014 42.167881
-Trial 993 0 45502014 42.172185
-Trial 994 0 45502014 42.219533
-Trial 995 0 45502014 42.235560
-Trial 996 0 45502014 42.258992
-Trial 997 0 45502014 42.275549
-Trial 998 0 45502014 42.300841
-Trial 999 0 45502014 42.313084
-Trial 1000 0 45502014 42.319648
Population:
  1: 0_45502014
Run 1: Cost = 0_45502014, Time = 39.98 sec. 

Successes/Runs = 0/1 
Cost.min = 45502014, Cost.avg = 45502014.00, Cost.max = 45502014
Gap.min = 0.0000%, Gap.avg = 0.0000%, Gap.max = 0.0000%
Penalty.min = 0, Penalty.avg = 0.00, Penalty.max = 0
Trials.min = 1000, Trials.avg = 1000.0, Trials.max = 1000
Time.min = 39.98 sec., Time.avg = 39.98 sec., Time.max = 39.98 sec.
Time.total = 42.32 sec.
  Size.min = 9, Size.max = 34, Penalty = 0
  Cost.min = 788678, Cost.max = 3484624, Cost.sum = 45502014
Best CVRPTW solution:
  Cost = 0_45502014
1 322 451 228 114 310 215 68 78 173 430 427 195 85 485 414 58 265 36 271 509 314 431 289 157 73 156 210 236 111 502 188 333 492 493 82 449 246 51 417 269 261 262 125 384 65 244 139 329 285 297 92 100 264 318 379 308 385 512 189 252 254 404 464 66 425 378 75 167 279 71 436 392 347 174 5 346 130 338 408 334 402 278 204 465 256 317 393 213 515 288 383 197 245 340 406 178 272 395 3 446 277 353 141 207 99 396 468 98 72 499 23 110 176 137 448 290 390 116 305 352 511 274 218 108 364 128 275 8 186 243 107 41 328 89 321 432 253 177 103 452 498 316 194 258 6 270 268 232 97 514 349 198 94 424 164 360 84 55 219 484 368 31 133 28 456 120 117 476 206 224 135 490 148 438 421 175 284 119 220 44 184 260 516 183 292 257 234 487 34 482 231 10 217 145 221 331 447 372 426 332 123 311 494 67 149 126 506 423 411 291 389 12 366 457 50 294 40 56 147 420 152 112 519 52 374 182 2 104 283 344 24 467 479 325 309 300 17 9 483 131 307 115 486 391 313 109 348 434 276 251 503 301 489 46 242 138 480 282 170 350 345 91 454 248 233 211 358 159 7 496 518 343 445 146 287 53 95 30 225 286 412 397 18 160 150 513 491 45 433 461 199 377 113 441 81 401 227 437 365 495 11 222 166 249 90 180 263 240 399 410 60 185 13 235 341 337 505 35 326 136 501 190 124 162 37 118 428 187 4 223 38 500 200 459 181 303 327 477 127 216 443 77 169 453 179 273 192 388 504 407 25 354 351 335 381 376 394 488 293 444 370 134 63 16 478 209 88 193 422 323 42 387 142 507 96 481 80 330 302 143 239 259 357 153 129 380 208 403 29 93 203 497 102 386 339 281 517 21 371 419 460 315 49 405 298 205 64 165 140 241 26 470 336 62 296 458 398 43 250 466 230 369 161 473 48 450 151 508 132 359 472 299 280 168 361 413 79 201 342 319 355 463 363 15 442 155 375 54 320 304 154 439 86 229 382 471 267 106 172 266 76 20 520 14 415 61 202 462 57 474 440 87 356 22 247 158 83 191 400 435 122 469 171 59 306 74 226 47 19 510 27 312 237 418 163 212 70 196 101 416 475 105 32 373 238 455 362 295 144 367 255 69 33 324 214 39 429 409 121 1 
