PARAMETER_FILE = result/cvrptw_500/LKH_para/856.para
Reading PROBLEM_FILE: "result/cvrptw_500/cvrptw/856.cvrptw" ... done
ASCENT_CANDIDATES = 50
BACKBONE_TRIALS = 0
BACKTRACKING = NO
# BWTSP =
# CANDIDATE_FILE =
CANDIDATE_SET_TYPE = ALPHA
DEPOT = 1
# EDGE_FILE =
EXCESS = 0.0384615
EXTERNAL_SALESMEN = 0
EXTRA_CANDIDATES = 0 
EXTRA_CANDIDATE_SET_TYPE = QUADRANT
GAIN23 = NO
GAIN_CRITERION = YES
INITIAL_PERIOD = 520
INITIAL_STEP_SIZE = 1
INITIAL_TOUR_ALGORITHM = WALK
# INITIAL_TOUR_FILE = 
INITIAL_TOUR_FRACTION = 1.000
# INPUT_TOUR_FILE = 
KICK_TYPE = 4
KICKS = 1
# MAX_BREADTH =
MAKESPAN = NO
MAX_CANDIDATES = 5 
MAX_SWAPS = 0
MAX_TRIALS = 1000
# MERGE_TOUR_FILE =
MOVE_TYPE = 5 SPECIAL
MTSP_MIN_SIZE = 1
MTSP_MAX_SIZE = 1039
# MTSP_SOLUTION_FILE = 
# NONSEQUENTIAL_MOVE_TYPE = 5
# OPTIMUM =
# OUTPUT_TOUR_FILE = 
PATCHING_A = 1 
PATCHING_C = 0 
# PI_FILE = 
POPMUSIC_INITIAL_TOUR = NO
POPMUSIC_MAX_NEIGHBORS = 5
POPMUSIC_SAMPLE_SIZE = 10
POPMUSIC_SOLUTIONS = 50
POPMUSIC_TRIALS = 1
POPULATION_SIZE = 10
PRECISION = 100
PROBLEM_FILE = result/cvrptw_500/cvrptw/856.cvrptw
RECOMBINATION = IPT
RESTRICTED_SEARCH = YES
RUNS = 1
SALESMEN = 20
SCALE = 1
SEED = 1234
# SINTEF_SOLUTION_FILE = 
STOP_AT_OPTIMUM = YES
SUBGRADIENT = YES
# SUBPROBLEM_SIZE =
# SUBPROBLEM_TOUR_FILE = 
SUBSEQUENT_MOVE_TYPE = 5 SPECIAL
SUBSEQUENT_PATCHING = YES
# TIME_LIMIT =
# TOUR_FILE = 
TRACE_LEVEL = 1
VEHICLES = 20

Lower bound = 25036079.1, Ascent time = 2.08 sec.
Cand.min = 5, Cand.avg = 5.0, Cand.max = 5
Edges.fixed = 520 [Cost = 0]
Preprocessing time = 2.17 sec.
* 1: Cost = 35684_55175020, Time = 4.17 sec. 
-Trial 1 35684 55175020 6.346381
-Trial 2 35684 55175020 6.367313
* 3: Cost = 0_54910413, Time = 4.29 sec. 
-Trial 3 0 54910413 6.462298
* 4: Cost = 0_54657696, Time = 4.34 sec. 
-Trial 4 0 54657696 6.517818
-Trial 5 0 54657696 6.552133
* 6: Cost = 0_54549898, Time = 4.39 sec. 
-Trial 6 0 54549898 6.564267
* 7: Cost = 0_54501599, Time = 4.40 sec. 
-Trial 7 0 54501599 6.570299
-Trial 8 0 54501599 6.578826
-Trial 9 0 54501599 6.614689
-Trial 10 0 54501599 6.677921
-Trial 11 0 54501599 6.694483
* 12: Cost = 0_54189049, Time = 4.54 sec. 
-Trial 12 0 54189049 6.719437
* 13: Cost = 0_53463215, Time = 4.55 sec. 
-Trial 13 0 53463215 6.727362
* 14: Cost = 0_53374774, Time = 4.57 sec. 
-Trial 14 0 53374774 6.744216
* 15: Cost = 0_53122068, Time = 4.61 sec. 
-Trial 15 0 53122068 6.782273
-Trial 16 0 53122068 7.026005
-Trial 17 0 53122068 7.039766
-Trial 18 0 53122068 7.059125
-Trial 19 0 53122068 7.167411
* 20: Cost = 0_52423642, Time = 5.00 sec. 
-Trial 20 0 52423642 7.178750
-Trial 21 0 52423642 7.189521
* 22: Cost = 0_52194102, Time = 5.05 sec. 
-Trial 22 0 52194102 7.227560
-Trial 23 0 52194102 7.259702
* 24: Cost = 0_52135279, Time = 5.12 sec. 
-Trial 24 0 52135279 7.298067
-Trial 25 0 52135279 7.348082
-Trial 26 0 52135279 7.355620
* 27: Cost = 0_52030641, Time = 5.19 sec. 
-Trial 27 0 52030641 7.365472
* 28: Cost = 0_51966248, Time = 5.20 sec. 
-Trial 28 0 51966248 7.373576
* 29: Cost = 0_51877587, Time = 5.22 sec. 
-Trial 29 0 51877587 7.393259
* 30: Cost = 0_51819208, Time = 5.24 sec. 
-Trial 30 0 51819208 7.411564
-Trial 31 0 51819208 7.488258
* 32: Cost = 0_51661432, Time = 5.33 sec. 
-Trial 32 0 51661432 7.508760
-Trial 33 0 51661432 7.517458
-Trial 34 0 51661432 7.609976
-Trial 35 0 51661432 7.636338
-Trial 36 0 51661432 7.651461
* 37: Cost = 0_51651497, Time = 5.50 sec. 
-Trial 37 0 51651497 7.677415
* 38: Cost = 0_51614827, Time = 5.51 sec. 
-Trial 38 0 51614827 7.683615
-Trial 39 0 51614827 7.689052
-Trial 40 0 51614827 7.700963
-Trial 41 0 51614827 7.725861
* 42: Cost = 0_51447456, Time = 5.57 sec. 
-Trial 42 0 51447456 7.744505
* 43: Cost = 0_51216450, Time = 5.65 sec. 
-Trial 43 0 51216450 7.828188
* 44: Cost = 0_50009238, Time = 5.72 sec. 
-Trial 44 0 50009238 7.896705
-Trial 45 0 50009238 7.941583
-Trial 46 0 50009238 8.011768
-Trial 47 0 50009238 8.031720
-Trial 48 0 50009238 8.032204
-Trial 49 0 50009238 8.096926
-Trial 50 0 50009238 8.098847
* 51: Cost = 0_49953117, Time = 6.16 sec. 
-Trial 51 0 49953117 8.334936
* 52: Cost = 0_49940921, Time = 6.23 sec. 
-Trial 52 0 49940921 8.401073
-Trial 53 0 49940921 8.402148
-Trial 54 0 49940921 8.411909
-Trial 55 0 49940921 8.437565
* 56: Cost = 0_49843581, Time = 6.28 sec. 
-Trial 56 0 49843581 8.453603
-Trial 57 0 49843581 8.465204
-Trial 58 0 49843581 8.465968
* 59: Cost = 0_49741111, Time = 6.30 sec. 
-Trial 59 0 49741111 8.475076
-Trial 60 0 49741111 8.482198
* 61: Cost = 0_49416567, Time = 6.32 sec. 
-Trial 61 0 49416567 8.496287
-Trial 62 0 49416567 8.498004
-Trial 63 0 49416567 8.547575
-Trial 64 0 49416567 8.583201
-Trial 65 0 49416567 8.614151
* 66: Cost = 0_49396030, Time = 6.44 sec. 
-Trial 66 0 49396030 8.617404
-Trial 67 0 49396030 8.748128
-Trial 68 0 49396030 8.806626
-Trial 69 0 49396030 8.821343
-Trial 70 0 49396030 8.843948
-Trial 71 0 49396030 8.865501
-Trial 72 0 49396030 8.936845
* 73: Cost = 0_49011987, Time = 6.81 sec. 
-Trial 73 0 49011987 8.984417
-Trial 74 0 49011987 9.046265
-Trial 75 0 49011987 9.068106
-Trial 76 0 49011987 9.083120
* 77: Cost = 0_48999795, Time = 6.92 sec. 
-Trial 77 0 48999795 9.099440
-Trial 78 0 48999795 9.116420
-Trial 79 0 48999795 9.152983
-Trial 80 0 48999795 9.155441
-Trial 81 0 48999795 9.165906
* 82: Cost = 0_48926061, Time = 7.03 sec. 
-Trial 82 0 48926061 9.207012
* 83: Cost = 0_48903790, Time = 7.05 sec. 
-Trial 83 0 48903790 9.225434
* 84: Cost = 0_48595912, Time = 7.06 sec. 
-Trial 84 0 48595912 9.233056
-Trial 85 0 48595912 9.292448
-Trial 86 0 48595912 9.325860
-Trial 87 0 48595912 9.338293
-Trial 88 0 48595912 9.378929
* 89: Cost = 0_48413287, Time = 7.22 sec. 
-Trial 89 0 48413287 9.397511
-Trial 90 0 48413287 9.399904
-Trial 91 0 48413287 9.403793
-Trial 92 0 48413287 9.408759
-Trial 93 0 48413287 9.488642
-Trial 94 0 48413287 9.502825
* 95: Cost = 0_48093032, Time = 7.35 sec. 
-Trial 95 0 48093032 9.521907
-Trial 96 0 48093032 9.547968
-Trial 97 0 48093032 9.607755
-Trial 98 0 48093032 9.643734
-Trial 99 0 48093032 9.675721
-Trial 100 0 48093032 9.695822
-Trial 101 0 48093032 9.730059
-Trial 102 0 48093032 9.737203
-Trial 103 0 48093032 9.776770
-Trial 104 0 48093032 9.784815
* 105: Cost = 0_48057117, Time = 7.62 sec. 
-Trial 105 0 48057117 9.795544
-Trial 106 0 48057117 9.802961
-Trial 107 0 48057117 9.806119
-Trial 108 0 48057117 9.851785
-Trial 109 0 48057117 9.860466
-Trial 110 0 48057117 9.864146
-Trial 111 0 48057117 9.864612
* 112: Cost = 0_47991438, Time = 7.70 sec. 
-Trial 112 0 47991438 9.876475
* 113: Cost = 0_47990946, Time = 7.73 sec. 
-Trial 113 0 47990946 9.903422
-Trial 114 0 47990946 9.975811
-Trial 115 0 47990946 10.014547
-Trial 116 0 47990946 10.062506
-Trial 117 0 47990946 10.072474
-Trial 118 0 47990946 10.107946
* 119: Cost = 0_47725873, Time = 7.95 sec. 
-Trial 119 0 47725873 10.122524
-Trial 120 0 47725873 10.185820
-Trial 121 0 47725873 10.202740
-Trial 122 0 47725873 10.210582
* 123: Cost = 0_47656939, Time = 8.05 sec. 
-Trial 123 0 47656939 10.227323
-Trial 124 0 47656939 10.268294
* 125: Cost = 0_47626219, Time = 8.10 sec. 
-Trial 125 0 47626219 10.277693
* 126: Cost = 0_47614661, Time = 8.15 sec. 
-Trial 126 0 47614661 10.322015
-Trial 127 0 47614661 10.347178
-Trial 128 0 47614661 10.368316
-Trial 129 0 47614661 10.379437
-Trial 130 0 47614661 10.405986
* 131: Cost = 0_47600040, Time = 8.27 sec. 
-Trial 131 0 47600040 10.442805
* 132: Cost = 0_47493496, Time = 8.31 sec. 
-Trial 132 0 47493496 10.485997
-Trial 133 0 47493496 10.493226
-Trial 134 0 47493496 10.510718
-Trial 135 0 47493496 10.602961
* 136: Cost = 0_47455962, Time = 8.54 sec. 
-Trial 136 0 47455962 10.715332
-Trial 137 0 47455962 10.747108
-Trial 138 0 47455962 10.763784
-Trial 139 0 47455962 10.776003
-Trial 140 0 47455962 10.798598
* 141: Cost = 0_47011870, Time = 8.66 sec. 
-Trial 141 0 47011870 10.830611
* 142: Cost = 0_46923696, Time = 8.72 sec. 
-Trial 142 0 46923696 10.899327
-Trial 143 0 46923696 10.931806
-Trial 144 0 46923696 11.003280
-Trial 145 0 46923696 11.017560
* 146: Cost = 0_46887736, Time = 8.85 sec. 
-Trial 146 0 46887736 11.027852
-Trial 147 0 46887736 11.053506
-Trial 148 0 46887736 11.063416
-Trial 149 0 46887736 11.098605
-Trial 150 0 46887736 11.099202
* 151: Cost = 0_46830290, Time = 8.94 sec. 
-Trial 151 0 46830290 11.115683
-Trial 152 0 46830290 11.126826
* 153: Cost = 0_46169964, Time = 8.96 sec. 
-Trial 153 0 46169964 11.131966
-Trial 154 0 46169964 11.154561
-Trial 155 0 46169964 11.176198
-Trial 156 0 46169964 11.203196
-Trial 157 0 46169964 11.213521
-Trial 158 0 46169964 11.305670
-Trial 159 0 46169964 11.329771
* 160: Cost = 0_46132375, Time = 9.17 sec. 
-Trial 160 0 46132375 11.341234
-Trial 161 0 46132375 11.372476
* 162: Cost = 0_46130006, Time = 9.28 sec. 
-Trial 162 0 46130006 11.450514
-Trial 163 0 46130006 11.487045
* 164: Cost = 0_45983969, Time = 9.36 sec. 
-Trial 164 0 45983969 11.531645
* 165: Cost = 0_45826327, Time = 9.37 sec. 
-Trial 165 0 45826327 11.546009
-Trial 166 0 45826327 11.571097
* 167: Cost = 0_45791535, Time = 9.40 sec. 
-Trial 167 0 45791535 11.576110
-Trial 168 0 45791535 11.608222
* 169: Cost = 0_45526440, Time = 9.46 sec. 
-Trial 169 0 45526440 11.632023
-Trial 170 0 45526440 11.661548
-Trial 171 0 45526440 11.682269
-Trial 172 0 45526440 11.695905
-Trial 173 0 45526440 11.705172
-Trial 174 0 45526440 11.735852
-Trial 175 0 45526440 11.842540
-Trial 176 0 45526440 11.881366
* 177: Cost = 0_45392112, Time = 9.79 sec. 
-Trial 177 0 45392112 11.961050
-Trial 178 0 45392112 11.983290
-Trial 179 0 45392112 11.989952
-Trial 180 0 45392112 12.068411
-Trial 181 0 45392112 12.109902
-Trial 182 0 45392112 12.143800
-Trial 183 0 45392112 12.214750
-Trial 184 0 45392112 12.227142
-Trial 185 0 45392112 12.234908
-Trial 186 0 45392112 12.239748
* 187: Cost = 0_45297280, Time = 10.07 sec. 
-Trial 187 0 45297280 12.248116
-Trial 188 0 45297280 12.288572
-Trial 189 0 45297280 12.333599
-Trial 190 0 45297280 12.412927
* 191: Cost = 0_45285753, Time = 10.25 sec. 
-Trial 191 0 45285753 12.420460
-Trial 192 0 45285753 12.428463
* 193: Cost = 0_44964791, Time = 10.26 sec. 
-Trial 193 0 44964791 12.438558
-Trial 194 0 44964791 12.463530
-Trial 195 0 44964791 12.490515
-Trial 196 0 44964791 12.535881
* 197: Cost = 0_44905881, Time = 10.37 sec. 
-Trial 197 0 44905881 12.541943
-Trial 198 0 44905881 12.578375
-Trial 199 0 44905881 12.591808
* 200: Cost = 0_44842748, Time = 10.45 sec. 
-Trial 200 0 44842748 12.624183
-Trial 201 0 44842748 12.721575
-Trial 202 0 44842748 12.744956
-Trial 203 0 44842748 12.760182
-Trial 204 0 44842748 12.801724
-Trial 205 0 44842748 12.836047
-Trial 206 0 44842748 12.842489
-Trial 207 0 44842748 12.856881
-Trial 208 0 44842748 12.920772
-Trial 209 0 44842748 12.970554
-Trial 210 0 44842748 12.973763
-Trial 211 0 44842748 13.029709
-Trial 212 0 44842748 13.060465
-Trial 213 0 44842748 13.084563
-Trial 214 0 44842748 13.600785
-Trial 215 0 44842748 13.606182
-Trial 216 0 44842748 13.635893
-Trial 217 0 44842748 13.659549
-Trial 218 0 44842748 13.673239
-Trial 219 0 44842748 13.715285
-Trial 220 0 44842748 13.717678
* 221: Cost = 0_44603821, Time = 11.57 sec. 
-Trial 221 0 44603821 13.742092
-Trial 222 0 44603821 13.796912
-Trial 223 0 44603821 13.828136
-Trial 224 0 44603821 13.888155
-Trial 225 0 44603821 13.916595
-Trial 226 0 44603821 13.922153
-Trial 227 0 44603821 13.927207
-Trial 228 0 44603821 13.945442
-Trial 229 0 44603821 13.952698
* 230: Cost = 0_44477792, Time = 11.84 sec. 
-Trial 230 0 44477792 14.014756
-Trial 231 0 44477792 14.051159
-Trial 232 0 44477792 14.065595
-Trial 233 0 44477792 14.075270
* 234: Cost = 0_44470098, Time = 11.91 sec. 
-Trial 234 0 44470098 14.089057
-Trial 235 0 44470098 14.109231
* 236: Cost = 0_44440312, Time = 11.94 sec. 
-Trial 236 0 44440312 14.116345
-Trial 237 0 44440312 14.141636
-Trial 238 0 44440312 14.147621
-Trial 239 0 44440312 14.174133
-Trial 240 0 44440312 14.278397
-Trial 241 0 44440312 14.286905
-Trial 242 0 44440312 14.309194
* 243: Cost = 0_44422116, Time = 12.19 sec. 
-Trial 243 0 44422116 14.368503
-Trial 244 0 44422116 14.374218
* 245: Cost = 0_44377216, Time = 12.31 sec. 
-Trial 245 0 44377216 14.484336
-Trial 246 0 44377216 14.496862
-Trial 247 0 44377216 14.497235
-Trial 248 0 44377216 14.528797
-Trial 249 0 44377216 14.530649
-Trial 250 0 44377216 14.557000
* 251: Cost = 0_44338986, Time = 12.39 sec. 
-Trial 251 0 44338986 14.562025
-Trial 252 0 44338986 14.616045
* 253: Cost = 0_44315165, Time = 12.45 sec. 
-Trial 253 0 44315165 14.621253
-Trial 254 0 44315165 14.728832
* 255: Cost = 0_44234393, Time = 12.57 sec. 
-Trial 255 0 44234393 14.740936
-Trial 256 0 44234393 14.773215
-Trial 257 0 44234393 14.789921
-Trial 258 0 44234393 14.811202
-Trial 259 0 44234393 14.818163
-Trial 260 0 44234393 14.837863
-Trial 261 0 44234393 14.852621
* 262: Cost = 0_44229066, Time = 12.70 sec. 
-Trial 262 0 44229066 14.870173
-Trial 263 0 44229066 14.883836
-Trial 264 0 44229066 14.903697
-Trial 265 0 44229066 14.922028
-Trial 266 0 44229066 14.926818
-Trial 267 0 44229066 14.969432
-Trial 268 0 44229066 14.998353
-Trial 269 0 44229066 15.012870
-Trial 270 0 44229066 15.017271
-Trial 271 0 44229066 15.020221
-Trial 272 0 44229066 15.035814
-Trial 273 0 44229066 15.056474
-Trial 274 0 44229066 15.057248
-Trial 275 0 44229066 15.108393
-Trial 276 0 44229066 15.255737
-Trial 277 0 44229066 15.279481
-Trial 278 0 44229066 15.343699
-Trial 279 0 44229066 15.344233
-Trial 280 0 44229066 15.363804
-Trial 281 0 44229066 15.448972
-Trial 282 0 44229066 15.459180
* 283: Cost = 0_44129464, Time = 13.29 sec. 
-Trial 283 0 44129464 15.468614
* 284: Cost = 0_44048550, Time = 13.30 sec. 
-Trial 284 0 44048550 15.475738
* 285: Cost = 0_44046864, Time = 13.32 sec. 
-Trial 285 0 44046864 15.498094
-Trial 286 0 44046864 15.626899
-Trial 287 0 44046864 15.629074
-Trial 288 0 44046864 15.656060
-Trial 289 0 44046864 15.683197
-Trial 290 0 44046864 15.949596
* 291: Cost = 0_43991300, Time = 13.79 sec. 
-Trial 291 0 43991300 15.965531
-Trial 292 0 43991300 16.012243
* 293: Cost = 0_43971495, Time = 13.85 sec. 
-Trial 293 0 43971495 16.028677
-Trial 294 0 43971495 16.036867
-Trial 295 0 43971495 16.081030
-Trial 296 0 43971495 16.095318
-Trial 297 0 43971495 16.107362
-Trial 298 0 43971495 16.173577
-Trial 299 0 43971495 16.179497
-Trial 300 0 43971495 16.188226
* 301: Cost = 0_43886372, Time = 14.03 sec. 
-Trial 301 0 43886372 16.207644
-Trial 302 0 43886372 16.426130
-Trial 303 0 43886372 16.433050
-Trial 304 0 43886372 16.462562
-Trial 305 0 43886372 16.493412
-Trial 306 0 43886372 16.503806
-Trial 307 0 43886372 16.506625
-Trial 308 0 43886372 16.519586
* 309: Cost = 0_43862789, Time = 14.36 sec. 
-Trial 309 0 43862789 16.530854
-Trial 310 0 43862789 16.592054
-Trial 311 0 43862789 16.611321
-Trial 312 0 43862789 16.621521
-Trial 313 0 43862789 16.627633
-Trial 314 0 43862789 16.632112
-Trial 315 0 43862789 16.638841
-Trial 316 0 43862789 16.643848
-Trial 317 0 43862789 16.644233
-Trial 318 0 43862789 16.651646
-Trial 319 0 43862789 16.655640
-Trial 320 0 43862789 16.688259
-Trial 321 0 43862789 16.733600
-Trial 322 0 43862789 16.758835
-Trial 323 0 43862789 16.767689
-Trial 324 0 43862789 16.831815
-Trial 325 0 43862789 16.872349
-Trial 326 0 43862789 16.885622
* 327: Cost = 0_43828984, Time = 14.72 sec. 
-Trial 327 0 43828984 16.893553
-Trial 328 0 43828984 16.938526
-Trial 329 0 43828984 16.940557
-Trial 330 0 43828984 16.996879
-Trial 331 0 43828984 17.011200
-Trial 332 0 43828984 17.017150
-Trial 333 0 43828984 17.037436
-Trial 334 0 43828984 17.048452
-Trial 335 0 43828984 17.058065
-Trial 336 0 43828984 17.060811
-Trial 337 0 43828984 17.113574
-Trial 338 0 43828984 17.127356
-Trial 339 0 43828984 17.135708
-Trial 340 0 43828984 17.213066
-Trial 341 0 43828984 17.223429
-Trial 342 0 43828984 17.237695
-Trial 343 0 43828984 17.243290
-Trial 344 0 43828984 17.257045
-Trial 345 0 43828984 17.280953
-Trial 346 0 43828984 17.318446
-Trial 347 0 43828984 17.320458
-Trial 348 0 43828984 17.337223
-Trial 349 0 43828984 17.352319
-Trial 350 0 43828984 17.360242
-Trial 351 0 43828984 17.423295
-Trial 352 0 43828984 17.449123
-Trial 353 0 43828984 17.454828
-Trial 354 0 43828984 17.480826
* 355: Cost = 0_43532937, Time = 15.34 sec. 
-Trial 355 0 43532937 17.518081
-Trial 356 0 43532937 17.548874
-Trial 357 0 43532937 17.553419
-Trial 358 0 43532937 17.566602
-Trial 359 0 43532937 17.601711
-Trial 360 0 43532937 17.617599
-Trial 361 0 43532937 17.632550
* 362: Cost = 0_43345164, Time = 15.47 sec. 
-Trial 362 0 43345164 17.640081
-Trial 363 0 43345164 17.644802
-Trial 364 0 43345164 17.652446
-Trial 365 0 43345164 17.663092
-Trial 366 0 43345164 17.722613
-Trial 367 0 43345164 17.731285
-Trial 368 0 43345164 17.735128
-Trial 369 0 43345164 17.747892
-Trial 370 0 43345164 17.762641
-Trial 371 0 43345164 17.811824
-Trial 372 0 43345164 17.823821
-Trial 373 0 43345164 17.829136
-Trial 374 0 43345164 17.843364
-Trial 375 0 43345164 17.852074
-Trial 376 0 43345164 17.878988
* 377: Cost = 0_43318211, Time = 15.71 sec. 
-Trial 377 0 43318211 17.888325
-Trial 378 0 43318211 17.925342
-Trial 379 0 43318211 17.933696
-Trial 380 0 43318211 17.946520
-Trial 381 0 43318211 17.951251
-Trial 382 0 43318211 18.043530
-Trial 383 0 43318211 18.067946
-Trial 384 0 43318211 18.071927
-Trial 385 0 43318211 18.090531
-Trial 386 0 43318211 18.101748
* 387: Cost = 0_43302244, Time = 15.95 sec. 
-Trial 387 0 43302244 18.128461
-Trial 388 0 43302244 18.163823
-Trial 389 0 43302244 18.218768
-Trial 390 0 43302244 18.223065
* 391: Cost = 0_43238745, Time = 16.06 sec. 
-Trial 391 0 43238745 18.230285
-Trial 392 0 43238745 18.234350
-Trial 393 0 43238745 18.255042
-Trial 394 0 43238745 18.300085
* 395: Cost = 0_43181721, Time = 16.14 sec. 
-Trial 395 0 43181721 18.316219
-Trial 396 0 43181721 18.319680
-Trial 397 0 43181721 18.381291
-Trial 398 0 43181721 18.390436
-Trial 399 0 43181721 18.416177
-Trial 400 0 43181721 18.430030
-Trial 401 0 43181721 18.431511
-Trial 402 0 43181721 18.442542
-Trial 403 0 43181721 18.444426
-Trial 404 0 43181721 18.449198
-Trial 405 0 43181721 18.469452
-Trial 406 0 43181721 18.523043
-Trial 407 0 43181721 18.532535
-Trial 408 0 43181721 18.542632
-Trial 409 0 43181721 18.553913
-Trial 410 0 43181721 18.584420
* 411: Cost = 0_43145542, Time = 16.43 sec. 
-Trial 411 0 43145542 18.600085
-Trial 412 0 43145542 18.605895
-Trial 413 0 43145542 18.680012
* 414: Cost = 0_43145241, Time = 16.53 sec. 
-Trial 414 0 43145241 18.701271
-Trial 415 0 43145241 18.752995
-Trial 416 0 43145241 18.772822
-Trial 417 0 43145241 18.779898
-Trial 418 0 43145241 18.785273
-Trial 419 0 43145241 18.800817
-Trial 420 0 43145241 18.833658
-Trial 421 0 43145241 18.839777
-Trial 422 0 43145241 18.894335
-Trial 423 0 43145241 18.922680
-Trial 424 0 43145241 18.935248
-Trial 425 0 43145241 18.942149
-Trial 426 0 43145241 18.948837
* 427: Cost = 0_43079422, Time = 16.79 sec. 
-Trial 427 0 43079422 18.964999
-Trial 428 0 43079422 19.069609
-Trial 429 0 43079422 19.082410
-Trial 430 0 43079422 19.118496
-Trial 431 0 43079422 19.139061
-Trial 432 0 43079422 19.157241
-Trial 433 0 43079422 19.206725
-Trial 434 0 43079422 19.222359
-Trial 435 0 43079422 19.265730
-Trial 436 0 43079422 19.275505
-Trial 437 0 43079422 19.276092
-Trial 438 0 43079422 19.280662
-Trial 439 0 43079422 19.300730
* 440: Cost = 0_43024690, Time = 17.15 sec. 
-Trial 440 0 43024690 19.325919
* 441: Cost = 0_42946118, Time = 17.18 sec. 
-Trial 441 0 42946118 19.352871
-Trial 442 0 42946118 19.614617
-Trial 443 0 42946118 19.627869
-Trial 444 0 42946118 19.638483
-Trial 445 0 42946118 19.686055
-Trial 446 0 42946118 19.701870
-Trial 447 0 42946118 19.757348
-Trial 448 0 42946118 19.795434
-Trial 449 0 42946118 19.798611
-Trial 450 0 42946118 19.804994
-Trial 451 0 42946118 19.806392
-Trial 452 0 42946118 19.821156
-Trial 453 0 42946118 19.850964
-Trial 454 0 42946118 19.862326
-Trial 455 0 42946118 19.886085
-Trial 456 0 42946118 19.934716
-Trial 457 0 42946118 19.977413
-Trial 458 0 42946118 20.006998
-Trial 459 0 42946118 20.222414
-Trial 460 0 42946118 20.241855
-Trial 461 0 42946118 20.453640
-Trial 462 0 42946118 20.462815
* 463: Cost = 0_42929392, Time = 18.30 sec. 
-Trial 463 0 42929392 20.471377
-Trial 464 0 42929392 20.492428
-Trial 465 0 42929392 20.537017
-Trial 466 0 42929392 20.644778
-Trial 467 0 42929392 20.672840
-Trial 468 0 42929392 20.677603
-Trial 469 0 42929392 20.727580
-Trial 470 0 42929392 20.743343
-Trial 471 0 42929392 20.744027
-Trial 472 0 42929392 20.760939
-Trial 473 0 42929392 20.815133
-Trial 474 0 42929392 20.854980
-Trial 475 0 42929392 20.894861
-Trial 476 0 42929392 20.963305
* 477: Cost = 0_42815064, Time = 18.79 sec. 
-Trial 477 0 42815064 20.968008
-Trial 478 0 42815064 21.050157
-Trial 479 0 42815064 21.059437
* 480: Cost = 0_42806341, Time = 18.91 sec. 
-Trial 480 0 42806341 21.087088
-Trial 481 0 42806341 21.091874
-Trial 482 0 42806341 21.117048
-Trial 483 0 42806341 21.158771
-Trial 484 0 42806341 21.160084
* 485: Cost = 0_42750217, Time = 19.01 sec. 
-Trial 485 0 42750217 21.185207
-Trial 486 0 42750217 21.194689
-Trial 487 0 42750217 21.275280
-Trial 488 0 42750217 21.288709
-Trial 489 0 42750217 21.296503
* 490: Cost = 0_42682800, Time = 19.13 sec. 
-Trial 490 0 42682800 21.305045
-Trial 491 0 42682800 21.311896
-Trial 492 0 42682800 21.451367
-Trial 493 0 42682800 21.497739
-Trial 494 0 42682800 21.632549
-Trial 495 0 42682800 21.649271
* 496: Cost = 0_42552143, Time = 19.49 sec. 
-Trial 496 0 42552143 21.667638
-Trial 497 0 42552143 21.672541
-Trial 498 0 42552143 21.707426
-Trial 499 0 42552143 21.773648
-Trial 500 0 42552143 21.818284
-Trial 501 0 42552143 21.823052
-Trial 502 0 42552143 21.842311
-Trial 503 0 42552143 21.941871
-Trial 504 0 42552143 21.951207
-Trial 505 0 42552143 22.007043
-Trial 506 0 42552143 22.013415
-Trial 507 0 42552143 22.023734
-Trial 508 0 42552143 22.034465
-Trial 509 0 42552143 22.060799
-Trial 510 0 42552143 22.078694
-Trial 511 0 42552143 22.119715
-Trial 512 0 42552143 22.124967
* 513: Cost = 0_42533009, Time = 19.97 sec. 
-Trial 513 0 42533009 22.143308
-Trial 514 0 42533009 22.177813
-Trial 515 0 42533009 22.183662
-Trial 516 0 42533009 22.202604
* 517: Cost = 0_42532299, Time = 20.08 sec. 
-Trial 517 0 42532299 22.253224
-Trial 518 0 42532299 22.264322
-Trial 519 0 42532299 22.298651
-Trial 520 0 42532299 22.435262
-Trial 521 0 42532299 22.446155
-Trial 522 0 42532299 22.454215
-Trial 523 0 42532299 22.481756
-Trial 524 0 42532299 22.495481
* 525: Cost = 0_42422734, Time = 20.34 sec. 
-Trial 525 0 42422734 22.514735
-Trial 526 0 42422734 22.520591
-Trial 527 0 42422734 22.544768
-Trial 528 0 42422734 22.562584
-Trial 529 0 42422734 22.587548
-Trial 530 0 42422734 22.610149
-Trial 531 0 42422734 22.618070
* 532: Cost = 0_42371498, Time = 20.53 sec. 
-Trial 532 0 42371498 22.704638
-Trial 533 0 42371498 22.729674
-Trial 534 0 42371498 22.789319
-Trial 535 0 42371498 22.849837
-Trial 536 0 42371498 22.870604
-Trial 537 0 42371498 22.875191
-Trial 538 0 42371498 22.893535
-Trial 539 0 42371498 22.915320
-Trial 540 0 42371498 22.934057
-Trial 541 0 42371498 22.943614
-Trial 542 0 42371498 22.950070
-Trial 543 0 42371498 22.964775
-Trial 544 0 42371498 22.980584
-Trial 545 0 42371498 22.992144
-Trial 546 0 42371498 23.053308
-Trial 547 0 42371498 23.059068
-Trial 548 0 42371498 23.068162
-Trial 549 0 42371498 23.093234
-Trial 550 0 42371498 23.152237
-Trial 551 0 42371498 23.189365
-Trial 552 0 42371498 23.195548
-Trial 553 0 42371498 23.258073
-Trial 554 0 42371498 23.285940
-Trial 555 0 42371498 23.305980
-Trial 556 0 42371498 23.341577
-Trial 557 0 42371498 23.348598
-Trial 558 0 42371498 23.352977
-Trial 559 0 42371498 23.381781
-Trial 560 0 42371498 23.443673
-Trial 561 0 42371498 23.471233
-Trial 562 0 42371498 23.511909
-Trial 563 0 42371498 23.529509
-Trial 564 0 42371498 23.542495
-Trial 565 0 42371498 23.574355
-Trial 566 0 42371498 23.616467
-Trial 567 0 42371498 23.621936
* 568: Cost = 0_42369637, Time = 21.45 sec. 
-Trial 568 0 42369637 23.629303
-Trial 569 0 42369637 23.716172
-Trial 570 0 42369637 23.722589
-Trial 571 0 42369637 23.733792
-Trial 572 0 42369637 23.738905
-Trial 573 0 42369637 23.745466
-Trial 574 0 42369637 23.749164
-Trial 575 0 42369637 23.779812
-Trial 576 0 42369637 23.830791
-Trial 577 0 42369637 23.856686
-Trial 578 0 42369637 23.889461
-Trial 579 0 42369637 23.913943
-Trial 580 0 42369637 23.969634
-Trial 581 0 42369637 23.979837
-Trial 582 0 42369637 23.987506
-Trial 583 0 42369637 24.045152
-Trial 584 0 42369637 24.052266
-Trial 585 0 42369637 24.054605
-Trial 586 0 42369637 24.075563
-Trial 587 0 42369637 24.159679
-Trial 588 0 42369637 24.204797
-Trial 589 0 42369637 24.258245
-Trial 590 0 42369637 24.297873
-Trial 591 0 42369637 24.308250
-Trial 592 0 42369637 24.316084
-Trial 593 0 42369637 24.404624
-Trial 594 0 42369637 24.434029
-Trial 595 0 42369637 24.440222
-Trial 596 0 42369637 24.451551
-Trial 597 0 42369637 24.457199
-Trial 598 0 42369637 24.462780
-Trial 599 0 42369637 24.469855
-Trial 600 0 42369637 24.479740
-Trial 601 0 42369637 24.486633
-Trial 602 0 42369637 24.503902
-Trial 603 0 42369637 24.526151
-Trial 604 0 42369637 24.535266
-Trial 605 0 42369637 24.557301
-Trial 606 0 42369637 24.612482
-Trial 607 0 42369637 24.632009
-Trial 608 0 42369637 24.641479
-Trial 609 0 42369637 24.643974
-Trial 610 0 42369637 24.647391
-Trial 611 0 42369637 24.670640
-Trial 612 0 42369637 24.695979
-Trial 613 0 42369637 24.768409
-Trial 614 0 42369637 24.793138
-Trial 615 0 42369637 24.814636
-Trial 616 0 42369637 24.909120
-Trial 617 0 42369637 24.931692
-Trial 618 0 42369637 24.949205
-Trial 619 0 42369637 24.968371
-Trial 620 0 42369637 24.988304
-Trial 621 0 42369637 25.038669
-Trial 622 0 42369637 25.054364
-Trial 623 0 42369637 25.078418
-Trial 624 0 42369637 25.099180
-Trial 625 0 42369637 25.116136
-Trial 626 0 42369637 25.124083
-Trial 627 0 42369637 25.195612
-Trial 628 0 42369637 25.200414
-Trial 629 0 42369637 25.220767
-Trial 630 0 42369637 25.225105
* 631: Cost = 0_42333147, Time = 23.08 sec. 
-Trial 631 0 42333147 25.254284
-Trial 632 0 42333147 25.266817
-Trial 633 0 42333147 25.279272
-Trial 634 0 42333147 25.287185
-Trial 635 0 42333147 25.313848
-Trial 636 0 42333147 25.323749
-Trial 637 0 42333147 25.327209
-Trial 638 0 42333147 25.337355
-Trial 639 0 42333147 25.355483
-Trial 640 0 42333147 25.372631
-Trial 641 0 42333147 25.382510
-Trial 642 0 42333147 25.408350
-Trial 643 0 42333147 25.421776
-Trial 644 0 42333147 25.426824
* 645: Cost = 0_42331129, Time = 23.27 sec. 
-Trial 645 0 42331129 25.447145
-Trial 646 0 42331129 25.449609
-Trial 647 0 42331129 25.507945
-Trial 648 0 42331129 25.543065
-Trial 649 0 42331129 25.551187
-Trial 650 0 42331129 25.571001
-Trial 651 0 42331129 25.577183
-Trial 652 0 42331129 25.589493
-Trial 653 0 42331129 25.602775
-Trial 654 0 42331129 25.636644
-Trial 655 0 42331129 25.653566
-Trial 656 0 42331129 25.664791
-Trial 657 0 42331129 25.671553
-Trial 658 0 42331129 25.676048
-Trial 659 0 42331129 25.714770
-Trial 660 0 42331129 25.722317
-Trial 661 0 42331129 25.739294
-Trial 662 0 42331129 25.769442
-Trial 663 0 42331129 25.779343
-Trial 664 0 42331129 25.782351
-Trial 665 0 42331129 25.792639
-Trial 666 0 42331129 25.804438
-Trial 667 0 42331129 25.813505
-Trial 668 0 42331129 25.835917
* 669: Cost = 0_42249349, Time = 23.67 sec. 
-Trial 669 0 42249349 25.840608
-Trial 670 0 42249349 25.841175
-Trial 671 0 42249349 25.904391
-Trial 672 0 42249349 25.948866
-Trial 673 0 42249349 25.964338
-Trial 674 0 42249349 25.981653
-Trial 675 0 42249349 25.988057
-Trial 676 0 42249349 25.991967
-Trial 677 0 42249349 26.009176
-Trial 678 0 42249349 26.015132
-Trial 679 0 42249349 26.038358
-Trial 680 0 42249349 26.043790
-Trial 681 0 42249349 26.135854
-Trial 682 0 42249349 26.158772
-Trial 683 0 42249349 26.193234
-Trial 684 0 42249349 26.221524
-Trial 685 0 42249349 26.226472
-Trial 686 0 42249349 26.261592
-Trial 687 0 42249349 26.293596
-Trial 688 0 42249349 26.296562
-Trial 689 0 42249349 26.300766
-Trial 690 0 42249349 26.325855
-Trial 691 0 42249349 26.342336
-Trial 692 0 42249349 26.349728
-Trial 693 0 42249349 26.371009
-Trial 694 0 42249349 26.419921
-Trial 695 0 42249349 26.432052
-Trial 696 0 42249349 26.486630
-Trial 697 0 42249349 26.581638
-Trial 698 0 42249349 26.586916
-Trial 699 0 42249349 26.595943
-Trial 700 0 42249349 26.610565
-Trial 701 0 42249349 26.616487
-Trial 702 0 42249349 26.644539
-Trial 703 0 42249349 26.757036
-Trial 704 0 42249349 26.918776
-Trial 705 0 42249349 26.944049
-Trial 706 0 42249349 26.950074
-Trial 707 0 42249349 26.975761
-Trial 708 0 42249349 27.005364
-Trial 709 0 42249349 27.007378
-Trial 710 0 42249349 27.012531
-Trial 711 0 42249349 27.096247
-Trial 712 0 42249349 27.103232
-Trial 713 0 42249349 27.120200
-Trial 714 0 42249349 27.181598
-Trial 715 0 42249349 27.189805
-Trial 716 0 42249349 27.225571
-Trial 717 0 42249349 27.226947
-Trial 718 0 42249349 27.229360
-Trial 719 0 42249349 27.238100
-Trial 720 0 42249349 27.242336
-Trial 721 0 42249349 27.279349
-Trial 722 0 42249349 27.313090
-Trial 723 0 42249349 27.331762
-Trial 724 0 42249349 27.338968
-Trial 725 0 42249349 27.388314
-Trial 726 0 42249349 27.417283
-Trial 727 0 42249349 27.512137
-Trial 728 0 42249349 27.520353
-Trial 729 0 42249349 27.581623
-Trial 730 0 42249349 27.593533
-Trial 731 0 42249349 27.599219
-Trial 732 0 42249349 27.626879
-Trial 733 0 42249349 27.752920
-Trial 734 0 42249349 27.773913
-Trial 735 0 42249349 27.777866
-Trial 736 0 42249349 27.882894
-Trial 737 0 42249349 27.887838
-Trial 738 0 42249349 27.910924
-Trial 739 0 42249349 27.925147
-Trial 740 0 42249349 27.936403
-Trial 741 0 42249349 27.975424
-Trial 742 0 42249349 27.981832
-Trial 743 0 42249349 27.988989
-Trial 744 0 42249349 27.991810
-Trial 745 0 42249349 27.997079
-Trial 746 0 42249349 28.026110
-Trial 747 0 42249349 28.068051
-Trial 748 0 42249349 28.080730
-Trial 749 0 42249349 28.096741
-Trial 750 0 42249349 28.236889
-Trial 751 0 42249349 28.237657
-Trial 752 0 42249349 28.320781
-Trial 753 0 42249349 28.327332
-Trial 754 0 42249349 28.344688
-Trial 755 0 42249349 28.348213
-Trial 756 0 42249349 28.401167
-Trial 757 0 42249349 28.421825
-Trial 758 0 42249349 28.451179
* 759: Cost = 0_42219446, Time = 26.28 sec. 
-Trial 759 0 42219446 28.458549
-Trial 760 0 42219446 28.467235
-Trial 761 0 42219446 28.486659
-Trial 762 0 42219446 28.495758
-Trial 763 0 42219446 28.507476
-Trial 764 0 42219446 28.524114
-Trial 765 0 42219446 28.529162
-Trial 766 0 42219446 28.550667
-Trial 767 0 42219446 28.566790
-Trial 768 0 42219446 28.584116
-Trial 769 0 42219446 28.606358
-Trial 770 0 42219446 28.608176
-Trial 771 0 42219446 28.619469
* 772: Cost = 0_42179821, Time = 26.53 sec. 
-Trial 772 0 42179821 28.703169
-Trial 773 0 42179821 28.733359
* 774: Cost = 0_42142298, Time = 26.66 sec. 
-Trial 774 0 42142298 28.837023
-Trial 775 0 42142298 28.851538
-Trial 776 0 42142298 28.905000
-Trial 777 0 42142298 28.980273
-Trial 778 0 42142298 28.985028
-Trial 779 0 42142298 29.024680
* 780: Cost = 0_42115548, Time = 26.86 sec. 
-Trial 780 0 42115548 29.031356
-Trial 781 0 42115548 29.040316
-Trial 782 0 42115548 29.077503
-Trial 783 0 42115548 29.093903
-Trial 784 0 42115548 29.106120
-Trial 785 0 42115548 29.239681
-Trial 786 0 42115548 29.244909
-Trial 787 0 42115548 29.293804
-Trial 788 0 42115548 29.346043
-Trial 789 0 42115548 29.350386
-Trial 790 0 42115548 29.354990
-Trial 791 0 42115548 29.361458
-Trial 792 0 42115548 29.398969
-Trial 793 0 42115548 29.412459
-Trial 794 0 42115548 29.475675
-Trial 795 0 42115548 29.500983
-Trial 796 0 42115548 29.531832
-Trial 797 0 42115548 29.546021
-Trial 798 0 42115548 29.570813
-Trial 799 0 42115548 29.603608
-Trial 800 0 42115548 29.622367
-Trial 801 0 42115548 29.629993
-Trial 802 0 42115548 29.675591
-Trial 803 0 42115548 29.851262
-Trial 804 0 42115548 29.930572
-Trial 805 0 42115548 30.012164
-Trial 806 0 42115548 30.025616
-Trial 807 0 42115548 30.038981
* 808: Cost = 0_42012530, Time = 27.87 sec. 
-Trial 808 0 42012530 30.043104
-Trial 809 0 42012530 30.047074
* 810: Cost = 0_42011816, Time = 27.94 sec. 
-Trial 810 0 42011816 30.112893
-Trial 811 0 42011816 30.130706
-Trial 812 0 42011816 30.162365
-Trial 813 0 42011816 30.207151
-Trial 814 0 42011816 30.470312
-Trial 815 0 42011816 30.489418
-Trial 816 0 42011816 30.513937
-Trial 817 0 42011816 30.524087
-Trial 818 0 42011816 30.554503
-Trial 819 0 42011816 30.571512
-Trial 820 0 42011816 30.607200
-Trial 821 0 42011816 30.622061
-Trial 822 0 42011816 30.628658
-Trial 823 0 42011816 30.686469
-Trial 824 0 42011816 30.690039
-Trial 825 0 42011816 30.711426
-Trial 826 0 42011816 30.713945
-Trial 827 0 42011816 30.729869
-Trial 828 0 42011816 30.782795
-Trial 829 0 42011816 30.817099
-Trial 830 0 42011816 30.855149
-Trial 831 0 42011816 30.886745
-Trial 832 0 42011816 30.905012
-Trial 833 0 42011816 30.948691
-Trial 834 0 42011816 30.968337
-Trial 835 0 42011816 30.970795
-Trial 836 0 42011816 30.992088
-Trial 837 0 42011816 31.001590
-Trial 838 0 42011816 31.035636
-Trial 839 0 42011816 31.041136
-Trial 840 0 42011816 31.046614
-Trial 841 0 42011816 31.050443
-Trial 842 0 42011816 31.064338
-Trial 843 0 42011816 31.094862
-Trial 844 0 42011816 31.144636
-Trial 845 0 42011816 31.265948
-Trial 846 0 42011816 31.276836
-Trial 847 0 42011816 31.299494
-Trial 848 0 42011816 31.311346
-Trial 849 0 42011816 31.326867
-Trial 850 0 42011816 31.369299
* 851: Cost = 0_41968532, Time = 29.26 sec. 
-Trial 851 0 41968532 31.437076
-Trial 852 0 41968532 31.439939
-Trial 853 0 41968532 31.455594
-Trial 854 0 41968532 31.515116
-Trial 855 0 41968532 31.569695
-Trial 856 0 41968532 31.573730
-Trial 857 0 41968532 31.589112
-Trial 858 0 41968532 31.678593
-Trial 859 0 41968532 31.695385
-Trial 860 0 41968532 31.715629
-Trial 861 0 41968532 31.722455
-Trial 862 0 41968532 31.730299
-Trial 863 0 41968532 31.745022
-Trial 864 0 41968532 31.781454
-Trial 865 0 41968532 31.815931
-Trial 866 0 41968532 31.860783
-Trial 867 0 41968532 31.912751
-Trial 868 0 41968532 31.926358
-Trial 869 0 41968532 31.936444
-Trial 870 0 41968532 31.966990
-Trial 871 0 41968532 31.989070
-Trial 872 0 41968532 32.002469
-Trial 873 0 41968532 32.031100
-Trial 874 0 41968532 32.042392
-Trial 875 0 41968532 32.167314
-Trial 876 0 41968532 32.257355
-Trial 877 0 41968532 32.289949
-Trial 878 0 41968532 32.305171
-Trial 879 0 41968532 32.307057
-Trial 880 0 41968532 32.481756
-Trial 881 0 41968532 32.502662
-Trial 882 0 41968532 32.507787
-Trial 883 0 41968532 32.529241
-Trial 884 0 41968532 32.619076
-Trial 885 0 41968532 32.640678
-Trial 886 0 41968532 32.674052
-Trial 887 0 41968532 32.689553
-Trial 888 0 41968532 32.728518
-Trial 889 0 41968532 32.737886
-Trial 890 0 41968532 32.744287
-Trial 891 0 41968532 32.764630
-Trial 892 0 41968532 32.796403
-Trial 893 0 41968532 32.801716
-Trial 894 0 41968532 32.816721
-Trial 895 0 41968532 32.836524
-Trial 896 0 41968532 32.858172
-Trial 897 0 41968532 32.862368
-Trial 898 0 41968532 32.881507
-Trial 899 0 41968532 32.892191
-Trial 900 0 41968532 32.908023
-Trial 901 0 41968532 32.920550
-Trial 902 0 41968532 32.938671
-Trial 903 0 41968532 32.985240
-Trial 904 0 41968532 32.990535
-Trial 905 0 41968532 33.018776
* 906: Cost = 0_41960521, Time = 30.86 sec. 
-Trial 906 0 41960521 33.038629
-Trial 907 0 41960521 33.049661
-Trial 908 0 41960521 33.066408
-Trial 909 0 41960521 33.070354
-Trial 910 0 41960521 33.079706
-Trial 911 0 41960521 33.082598
-Trial 912 0 41960521 33.096374
-Trial 913 0 41960521 33.106415
-Trial 914 0 41960521 33.109862
-Trial 915 0 41960521 33.110313
* 916: Cost = 0_41958660, Time = 30.95 sec. 
-Trial 916 0 41958660 33.125152
-Trial 917 0 41958660 33.169487
-Trial 918 0 41958660 33.202762
-Trial 919 0 41958660 33.226694
-Trial 920 0 41958660 33.244852
-Trial 921 0 41958660 33.268608
-Trial 922 0 41958660 33.287331
-Trial 923 0 41958660 33.343084
-Trial 924 0 41958660 33.384167
-Trial 925 0 41958660 33.413813
-Trial 926 0 41958660 33.483311
-Trial 927 0 41958660 33.521188
-Trial 928 0 41958660 33.522788
-Trial 929 0 41958660 33.535647
-Trial 930 0 41958660 33.588450
-Trial 931 0 41958660 33.600945
-Trial 932 0 41958660 33.634675
-Trial 933 0 41958660 33.654334
-Trial 934 0 41958660 33.725375
* 935: Cost = 0_41933116, Time = 31.56 sec. 
-Trial 935 0 41933116 33.732994
-Trial 936 0 41933116 33.742862
-Trial 937 0 41933116 33.828572
-Trial 938 0 41933116 33.952397
-Trial 939 0 41933116 33.984793
-Trial 940 0 41933116 33.995203
-Trial 941 0 41933116 34.007718
-Trial 942 0 41933116 34.014251
-Trial 943 0 41933116 34.029391
-Trial 944 0 41933116 34.050336
-Trial 945 0 41933116 34.100873
-Trial 946 0 41933116 34.102898
-Trial 947 0 41933116 34.184504
-Trial 948 0 41933116 34.278815
-Trial 949 0 41933116 34.345330
-Trial 950 0 41933116 34.348099
-Trial 951 0 41933116 34.352572
-Trial 952 0 41933116 34.440292
-Trial 953 0 41933116 34.445181
-Trial 954 0 41933116 34.461349
-Trial 955 0 41933116 34.495112
-Trial 956 0 41933116 34.534625
-Trial 957 0 41933116 34.542801
-Trial 958 0 41933116 34.557027
-Trial 959 0 41933116 34.620421
-Trial 960 0 41933116 34.641109
-Trial 961 0 41933116 34.651297
-Trial 962 0 41933116 34.727005
-Trial 963 0 41933116 34.727535
-Trial 964 0 41933116 34.742383
-Trial 965 0 41933116 34.787895
-Trial 966 0 41933116 34.842371
-Trial 967 0 41933116 34.879477
-Trial 968 0 41933116 34.884908
-Trial 969 0 41933116 34.989179
-Trial 970 0 41933116 35.004736
-Trial 971 0 41933116 35.033394
-Trial 972 0 41933116 35.063351
-Trial 973 0 41933116 35.109185
-Trial 974 0 41933116 35.126696
-Trial 975 0 41933116 35.148199
-Trial 976 0 41933116 35.186017
-Trial 977 0 41933116 35.192900
-Trial 978 0 41933116 35.275411
-Trial 979 0 41933116 35.308615
-Trial 980 0 41933116 35.325931
-Trial 981 0 41933116 35.336630
-Trial 982 0 41933116 35.560990
-Trial 983 0 41933116 35.644121
-Trial 984 0 41933116 35.671976
-Trial 985 0 41933116 35.678150
-Trial 986 0 41933116 35.694550
-Trial 987 0 41933116 35.698849
-Trial 988 0 41933116 35.712745
-Trial 989 0 41933116 35.744359
-Trial 990 0 41933116 35.758749
-Trial 991 0 41933116 35.782399
-Trial 992 0 41933116 35.805999
-Trial 993 0 41933116 35.826566
-Trial 994 0 41933116 35.863474
-Trial 995 0 41933116 35.877792
-Trial 996 0 41933116 35.883518
-Trial 997 0 41933116 35.896496
-Trial 998 0 41933116 35.909201
-Trial 999 0 41933116 35.923774
-Trial 1000 0 41933116 36.015640
Population:
  1: 0_41933116
Run 1: Cost = 0_41933116, Time = 33.84 sec. 

Successes/Runs = 0/1 
Cost.min = 41933116, Cost.avg = 41933116.00, Cost.max = 41933116
Gap.min = 0.0000%, Gap.avg = 0.0000%, Gap.max = 0.0000%
Penalty.min = 0, Penalty.avg = 0.00, Penalty.max = 0
Trials.min = 1000, Trials.avg = 1000.0, Trials.max = 1000
Time.min = 33.84 sec., Time.avg = 33.84 sec., Time.max = 33.84 sec.
Time.total = 36.02 sec.
  Size.min = 7, Size.max = 44, Penalty = 0
  Cost.min = 417491, Cost.max = 2989884, Cost.sum = 41933116
Best CVRPTW solution:
  Cost = 0_41933116
1 182 114 310 423 148 104 103 437 49 333 500 191 202 322 481 213 258 408 116 421 220 53 88 248 492 465 516 401 4 378 119 416 184 409 414 273 212 393 16 448 284 394 471 55 162 146 203 196 8 515 118 230 25 300 198 249 457 102 327 204 173 65 232 280 456 132 245 185 441 82 92 41 226 436 368 288 518 306 209 346 263 463 282 35 488 31 66 279 268 438 98 234 43 497 315 415 459 390 291 179 158 505 67 85 265 11 129 410 160 476 27 380 111 257 426 130 10 42 214 373 215 246 207 174 235 87 362 155 201 316 3 487 519 311 285 266 406 431 326 372 450 425 89 400 371 138 7 112 383 344 261 247 267 5 413 295 123 354 374 350 292 477 241 494 91 286 347 387 242 446 168 244 511 6 140 385 167 59 483 137 211 74 384 334 217 80 495 335 26 392 121 15 187 68 332 105 331 484 402 256 297 498 323 480 195 183 57 317 142 321 353 221 312 427 113 251 22 502 178 329 77 110 225 13 271 503 404 237 358 44 398 18 440 150 479 107 63 152 78 24 403 341 186 9 278 462 199 351 210 458 472 345 299 175 512 499 12 399 357 298 38 252 37 224 169 134 206 115 228 460 14 405 141 377 133 205 381 157 90 445 467 45 54 270 517 144 29 75 20 290 151 227 32 395 319 239 305 485 325 200 296 429 309 520 424 320 489 379 272 478 453 382 166 428 469 287 153 302 52 254 163 420 375 490 19 294 136 28 2 36 339 124 47 338 513 94 289 147 412 83 318 439 73 240 58 430 435 145 355 386 60 470 255 79 190 364 275 100 48 238 223 510 253 62 274 84 97 127 370 72 218 417 324 473 171 177 342 161 269 455 366 449 262 508 188 443 260 222 466 180 95 250 397 501 106 135 486 303 131 391 86 330 108 361 23 208 474 343 277 76 313 506 442 304 444 194 432 264 376 126 51 176 328 181 496 493 99 189 69 56 165 61 359 419 504 464 454 81 396 39 314 360 411 418 451 433 143 109 365 407 352 468 117 21 307 491 336 149 259 363 236 514 197 156 139 308 164 283 276 447 482 30 219 17 125 434 301 452 71 509 33 34 340 50 101 46 96 64 120 369 172 389 349 348 337 231 216 122 461 159 40 70 281 128 507 93 170 243 293 422 388 367 475 154 193 356 233 229 192 1 
