PARAMETER_FILE = result/cvrptw_500/LKH_para/862.para
Reading PROBLEM_FILE: "result/cvrptw_500/cvrptw/862.cvrptw" ... done
ASCENT_CANDIDATES = 50
BACKBONE_TRIALS = 0
BACKTRACKING = NO
# BWTSP =
# CANDIDATE_FILE =
CANDIDATE_SET_TYPE = ALPHA
DEPOT = 1
# EDGE_FILE =
EXCESS = 0.0384615
EXTERNAL_SALESMEN = 0
EXTRA_CANDIDATES = 0 
EXTRA_CANDIDATE_SET_TYPE = QUADRANT
GAIN23 = NO
GAIN_CRITERION = YES
INITIAL_PERIOD = 520
INITIAL_STEP_SIZE = 1
INITIAL_TOUR_ALGORITHM = WALK
# INITIAL_TOUR_FILE = 
INITIAL_TOUR_FRACTION = 1.000
# INPUT_TOUR_FILE = 
KICK_TYPE = 4
KICKS = 1
# MAX_BREADTH =
MAKESPAN = NO
MAX_CANDIDATES = 5 
MAX_SWAPS = 0
MAX_TRIALS = 1000
# MERGE_TOUR_FILE =
MOVE_TYPE = 5 SPECIAL
MTSP_MIN_SIZE = 1
MTSP_MAX_SIZE = 1039
# MTSP_SOLUTION_FILE = 
# NONSEQUENTIAL_MOVE_TYPE = 5
# OPTIMUM =
# OUTPUT_TOUR_FILE = 
PATCHING_A = 1 
PATCHING_C = 0 
# PI_FILE = 
POPMUSIC_INITIAL_TOUR = NO
POPMUSIC_MAX_NEIGHBORS = 5
POPMUSIC_SAMPLE_SIZE = 10
POPMUSIC_SOLUTIONS = 50
POPMUSIC_TRIALS = 1
POPULATION_SIZE = 10
PRECISION = 100
PROBLEM_FILE = result/cvrptw_500/cvrptw/862.cvrptw
RECOMBINATION = IPT
RESTRICTED_SEARCH = YES
RUNS = 1
SALESMEN = 20
SCALE = 1
SEED = 1234
# SINTEF_SOLUTION_FILE = 
STOP_AT_OPTIMUM = YES
SUBGRADIENT = YES
# SUBPROBLEM_SIZE =
# SUBPROBLEM_TOUR_FILE = 
SUBSEQUENT_MOVE_TYPE = 5 SPECIAL
SUBSEQUENT_PATCHING = YES
# TIME_LIMIT =
# TOUR_FILE = 
TRACE_LEVEL = 1
VEHICLES = 20

Lower bound = 30245565.9, Ascent time = 2.08 sec.
Cand.min = 5, Cand.avg = 5.0, Cand.max = 5
Edges.fixed = 520 [Cost = 0]
Preprocessing time = 2.15 sec.
* 1: Cost = 4197125_62922162, Time = 4.11 sec. 
-Trial 1 4197125 62922162 6.260071
* 2: Cost = 3804712_60704215, Time = 5.25 sec. 
-Trial 2 3804712 60704215 7.399478
* 3: Cost = 3804712_60156621, Time = 5.50 sec. 
-Trial 3 3804712 60156621 7.648291
* 4: Cost = 3804712_59976858, Time = 5.66 sec. 
-Trial 4 3804712 59976858 7.808114
* 5: Cost = 3804712_59871603, Time = 5.75 sec. 
-Trial 5 3804712 59871603 7.901722
* 6: Cost = 3804712_59022284, Time = 6.07 sec. 
-Trial 6 3804712 59022284 8.224400
* 7: Cost = 3804712_58694519, Time = 6.33 sec. 
-Trial 7 3804712 58694519 8.486775
* 8: Cost = 3804712_58479021, Time = 6.51 sec. 
-Trial 8 3804712 58479021 8.664917
* 9: Cost = 3804712_58344764, Time = 6.73 sec. 
-Trial 9 3804712 58344764 8.882279
-Trial 10 3804712 58344764 8.893123
* 11: Cost = 3804712_58302727, Time = 6.90 sec. 
-Trial 11 3804712 58302727 9.049846
-Trial 12 3804712 58302727 9.417932
* 13: Cost = 3804712_58172492, Time = 7.34 sec. 
-Trial 13 3804712 58172492 9.493356
-Trial 14 3804712 58172492 9.615921
-Trial 15 3804712 58172492 9.811479
* 16: Cost = 3716413_60270233, Time = 7.92 sec. 
-Trial 16 3716413 60270233 10.072575
* 17: Cost = 3716413_58288767, Time = 8.01 sec. 
-Trial 17 3716413 58288767 10.160816
* 18: Cost = 3716413_57747399, Time = 8.19 sec. 
-Trial 18 3716413 57747399 10.342857
* 19: Cost = 1462288_56986523, Time = 8.31 sec. 
-Trial 19 1462288 56986523 10.461584
* 20: Cost = 1462288_56986205, Time = 8.49 sec. 
-Trial 20 1462288 56986205 10.643878
-Trial 21 1462288 56986205 10.709571
* 22: Cost = 1462288_56986197, Time = 8.68 sec. 
-Trial 22 1462288 56986197 10.831503
-Trial 23 1462288 56986197 11.138245
-Trial 24 1462288 56986197 11.348878
-Trial 25 1462288 56986197 11.458833
* 26: Cost = 1462288_56854985, Time = 9.45 sec. 
-Trial 26 1462288 56854985 11.604937
* 27: Cost = 1462288_56442724, Time = 9.72 sec. 
-Trial 27 1462288 56442724 11.875550
-Trial 28 1462288 56442724 11.930676
-Trial 29 1462288 56442724 12.060910
* 30: Cost = 1462288_56292869, Time = 10.00 sec. 
-Trial 30 1462288 56292869 12.153941
* 31: Cost = 1462288_56291442, Time = 10.17 sec. 
-Trial 31 1462288 56291442 12.323380
-Trial 32 1462288 56291442 12.434489
-Trial 33 1462288 56291442 12.564959
-Trial 34 1462288 56291442 12.801216
-Trial 35 1462288 56291442 12.877142
* 36: Cost = 1462288_56189750, Time = 10.79 sec. 
-Trial 36 1462288 56189750 12.946985
-Trial 37 1462288 56189750 13.088144
-Trial 38 1462288 56189750 13.247054
* 39: Cost = 1078758_56366086, Time = 11.19 sec. 
-Trial 39 1078758 56366086 13.338737
-Trial 40 1078758 56366086 13.532422
-Trial 41 1078758 56366086 13.748901
-Trial 42 1078758 56366086 13.848710
-Trial 43 1078758 56366086 14.015092
* 44: Cost = 1078758_55627156, Time = 12.23 sec. 
-Trial 44 1078758 55627156 14.384769
* 45: Cost = 1040860_55682720, Time = 12.32 sec. 
-Trial 45 1040860 55682720 14.472638
-Trial 46 1040860 55682720 14.604039
* 47: Cost = 1040860_55455639, Time = 12.58 sec. 
-Trial 47 1040860 55455639 14.732778
* 48: Cost = 1040860_55370343, Time = 12.67 sec. 
-Trial 48 1040860 55370343 14.822663
-Trial 49 1040860 55370343 15.053051
-Trial 50 1040860 55370343 15.251023
-Trial 51 1040860 55370343 15.265146
* 52: Cost = 1040860_55091932, Time = 13.49 sec. 
-Trial 52 1040860 55091932 15.642513
* 53: Cost = 1040860_55026831, Time = 13.68 sec. 
-Trial 53 1040860 55026831 15.835227
* 54: Cost = 1040860_55019614, Time = 13.90 sec. 
-Trial 54 1040860 55019614 16.052560
-Trial 55 1040860 55019614 16.177775
* 56: Cost = 1040860_54961781, Time = 14.07 sec. 
-Trial 56 1040860 54961781 16.217891
-Trial 57 1040860 54961781 16.368020
-Trial 58 1040860 54961781 16.575807
* 59: Cost = 1040860_54560988, Time = 14.60 sec. 
-Trial 59 1040860 54560988 16.756414
-Trial 60 1040860 54560988 16.864232
* 61: Cost = 740082_54611753, Time = 14.88 sec. 
-Trial 61 740082 54611753 17.035878
-Trial 62 740082 54611753 17.105473
-Trial 63 740082 54611753 17.162727
-Trial 64 740082 54611753 17.230175
-Trial 65 740082 54611753 17.328964
-Trial 66 740082 54611753 17.416893
-Trial 67 740082 54611753 17.419997
-Trial 68 740082 54611753 17.475859
* 69: Cost = 738934_54164238, Time = 15.77 sec. 
-Trial 69 738934 54164238 17.918464
* 70: Cost = 738934_53834683, Time = 15.85 sec. 
-Trial 70 738934 53834683 18.000576
-Trial 71 738934 53834683 18.207616
-Trial 72 738934 53834683 18.317076
* 73: Cost = 738934_53798399, Time = 16.22 sec. 
-Trial 73 738934 53798399 18.368109
* 74: Cost = 738934_53502862, Time = 16.35 sec. 
-Trial 74 738934 53502862 18.500165
-Trial 75 738934 53502862 18.614983
* 76: Cost = 385095_53729068, Time = 16.57 sec. 
-Trial 76 385095 53729068 18.718504
* 77: Cost = 385095_53431449, Time = 16.91 sec. 
-Trial 77 385095 53431449 19.065460
-Trial 78 385095 53431449 19.112122
* 79: Cost = 385095_52946014, Time = 17.08 sec. 
-Trial 79 385095 52946014 19.234240
-Trial 80 385095 52946014 19.285861
* 81: Cost = 385095_52945374, Time = 17.31 sec. 
-Trial 81 385095 52945374 19.466181
-Trial 82 385095 52945374 19.552221
* 83: Cost = 385095_52724300, Time = 17.45 sec. 
-Trial 83 385095 52724300 19.604725
-Trial 84 385095 52724300 19.646446
-Trial 85 385095 52724300 19.787122
-Trial 86 385095 52724300 19.787617
* 87: Cost = 385095_52717340, Time = 17.69 sec. 
-Trial 87 385095 52717340 19.844389
-Trial 88 385095 52717340 19.964514
-Trial 89 385095 52717340 19.964982
-Trial 90 385095 52717340 20.054806
-Trial 91 385095 52717340 20.101130
* 92: Cost = 385095_52667343, Time = 18.04 sec. 
-Trial 92 385095 52667343 20.193947
-Trial 93 385095 52667343 20.291880
-Trial 94 385095 52667343 20.406570
-Trial 95 385095 52667343 20.407098
-Trial 96 385095 52667343 20.595303
-Trial 97 385095 52667343 20.688979
-Trial 98 385095 52667343 20.751230
-Trial 99 385095 52667343 20.879627
-Trial 100 385095 52667343 20.933609
-Trial 101 385095 52667343 21.069719
-Trial 102 385095 52667343 21.187863
* 103: Cost = 385095_52241970, Time = 19.17 sec. 
-Trial 103 385095 52241970 21.323205
-Trial 104 385095 52241970 21.393972
-Trial 105 385095 52241970 21.649858
-Trial 106 385095 52241970 21.838527
* 107: Cost = 244351_52336166, Time = 19.75 sec. 
-Trial 107 244351 52336166 21.902976
-Trial 108 244351 52336166 22.321992
-Trial 109 244351 52336166 22.394726
-Trial 110 244351 52336166 22.615122
-Trial 111 244351 52336166 22.744653
-Trial 112 244351 52336166 22.767328
-Trial 113 244351 52336166 22.811812
-Trial 114 244351 52336166 22.893575
* 115: Cost = 244351_51989168, Time = 20.85 sec. 
-Trial 115 244351 51989168 23.007414
-Trial 116 244351 51989168 23.034378
-Trial 117 244351 51989168 23.047305
-Trial 118 244351 51989168 23.134105
-Trial 119 244351 51989168 23.176172
-Trial 120 244351 51989168 23.282686
-Trial 121 244351 51989168 23.396359
-Trial 122 244351 51989168 23.401239
-Trial 123 244351 51989168 23.556515
-Trial 124 244351 51989168 23.843115
-Trial 125 244351 51989168 23.882423
-Trial 126 244351 51989168 24.009845
-Trial 127 244351 51989168 24.033249
-Trial 128 244351 51989168 24.328367
-Trial 129 244351 51989168 24.408540
-Trial 130 244351 51989168 24.453113
-Trial 131 244351 51989168 24.532191
-Trial 132 244351 51989168 24.672410
-Trial 133 244351 51989168 24.758162
-Trial 134 244351 51989168 24.819450
-Trial 135 244351 51989168 24.904017
-Trial 136 244351 51989168 25.044417
* 137: Cost = 244351_51974657, Time = 22.95 sec. 
-Trial 137 244351 51974657 25.102365
-Trial 138 244351 51974657 25.154529
-Trial 139 244351 51974657 25.294474
-Trial 140 244351 51974657 25.346887
* 141: Cost = 244351_51966983, Time = 23.40 sec. 
-Trial 141 244351 51966983 25.553163
-Trial 142 244351 51966983 25.648057
-Trial 143 244351 51966983 25.656319
-Trial 144 244351 51966983 25.681129
* 145: Cost = 244351_51691105, Time = 23.68 sec. 
-Trial 145 244351 51691105 25.833484
* 146: Cost = 244351_51645294, Time = 23.78 sec. 
-Trial 146 244351 51645294 25.929246
* 147: Cost = 244351_51616616, Time = 23.81 sec. 
-Trial 147 244351 51616616 25.963607
* 148: Cost = 244351_51565508, Time = 23.85 sec. 
-Trial 148 244351 51565508 26.000507
* 149: Cost = 244351_51547756, Time = 23.91 sec. 
-Trial 149 244351 51547756 26.062366
-Trial 150 244351 51547756 26.198245
-Trial 151 244351 51547756 26.265119
-Trial 152 244351 51547756 26.451222
-Trial 153 244351 51547756 26.502903
-Trial 154 244351 51547756 26.528032
* 155: Cost = 244351_51540185, Time = 24.43 sec. 
-Trial 155 244351 51540185 26.579678
* 156: Cost = 244351_51534836, Time = 24.50 sec. 
-Trial 156 244351 51534836 26.650826
-Trial 157 244351 51534836 26.737080
* 158: Cost = 244351_51415436, Time = 24.62 sec. 
-Trial 158 244351 51415436 26.775255
-Trial 159 244351 51415436 26.841555
-Trial 160 244351 51415436 26.900498
-Trial 161 244351 51415436 27.054338
-Trial 162 244351 51415436 27.190646
-Trial 163 244351 51415436 27.247517
-Trial 164 244351 51415436 27.333652
-Trial 165 244351 51415436 27.348304
-Trial 166 244351 51415436 27.374647
* 167: Cost = 244351_51265996, Time = 25.31 sec. 
-Trial 167 244351 51265996 27.462927
-Trial 168 244351 51265996 27.539137
-Trial 169 244351 51265996 27.591155
-Trial 170 244351 51265996 27.684385
* 171: Cost = 244351_51181759, Time = 25.61 sec. 
-Trial 171 244351 51181759 27.764010
* 172: Cost = 244351_50976931, Time = 25.80 sec. 
-Trial 172 244351 50976931 27.954619
-Trial 173 244351 50976931 27.976755
-Trial 174 244351 50976931 27.985505
-Trial 175 244351 50976931 28.002063
-Trial 176 244351 50976931 28.007032
* 177: Cost = 244351_50972956, Time = 25.92 sec. 
-Trial 177 244351 50972956 28.071176
-Trial 178 244351 50972956 28.089949
-Trial 179 244351 50972956 28.147032
-Trial 180 244351 50972956 28.245433
-Trial 181 244351 50972956 28.571820
-Trial 182 244351 50972956 28.649853
-Trial 183 244351 50972956 28.651022
-Trial 184 244351 50972956 28.745139
-Trial 185 244351 50972956 28.775050
-Trial 186 244351 50972956 28.884810
-Trial 187 244351 50972956 28.936283
-Trial 188 244351 50972956 29.008573
-Trial 189 244351 50972956 29.043802
-Trial 190 244351 50972956 29.135346
-Trial 191 244351 50972956 29.173492
-Trial 192 244351 50972956 29.245352
-Trial 193 244351 50972956 29.298796
-Trial 194 244351 50972956 29.333936
-Trial 195 244351 50972956 29.500430
-Trial 196 244351 50972956 29.561078
-Trial 197 244351 50972956 29.584787
-Trial 198 244351 50972956 29.697551
-Trial 199 244351 50972956 29.741752
-Trial 200 244351 50972956 29.795130
-Trial 201 244351 50972956 29.884429
-Trial 202 244351 50972956 29.904387
-Trial 203 244351 50972956 29.933851
-Trial 204 244351 50972956 29.972108
-Trial 205 244351 50972956 29.988667
* 206: Cost = 244351_50925763, Time = 27.87 sec. 
-Trial 206 244351 50925763 30.019212
-Trial 207 244351 50925763 30.064791
* 208: Cost = 244351_50784933, Time = 28.00 sec. 
-Trial 208 244351 50784933 30.154524
-Trial 209 244351 50784933 30.303921
-Trial 210 244351 50784933 30.316521
-Trial 211 244351 50784933 30.437155
-Trial 212 244351 50784933 30.479487
-Trial 213 244351 50784933 30.800506
-Trial 214 244351 50784933 30.830441
-Trial 215 244351 50784933 30.903118
* 216: Cost = 244351_50569837, Time = 28.78 sec. 
-Trial 216 244351 50569837 30.935158
-Trial 217 244351 50569837 31.004362
-Trial 218 244351 50569837 31.098051
-Trial 219 244351 50569837 31.219377
-Trial 220 244351 50569837 31.239468
-Trial 221 244351 50569837 31.309823
-Trial 222 244351 50569837 31.333932
-Trial 223 244351 50569837 31.420224
-Trial 224 244351 50569837 31.422794
-Trial 225 244351 50569837 31.684948
-Trial 226 244351 50569837 31.793508
-Trial 227 244351 50569837 31.822123
-Trial 228 244351 50569837 31.878875
-Trial 229 244351 50569837 31.981259
-Trial 230 244351 50569837 32.032908
* 231: Cost = 244351_50519633, Time = 29.98 sec. 
-Trial 231 244351 50519633 32.128181
-Trial 232 244351 50519633 32.179303
-Trial 233 244351 50519633 32.189374
-Trial 234 244351 50519633 32.215842
* 235: Cost = 244351_50515337, Time = 30.09 sec. 
-Trial 235 244351 50515337 32.244639
* 236: Cost = 244351_50465335, Time = 30.16 sec. 
-Trial 236 244351 50465335 32.316061
-Trial 237 244351 50465335 32.352079
-Trial 238 244351 50465335 32.467678
-Trial 239 244351 50465335 32.513812
-Trial 240 244351 50465335 32.555390
-Trial 241 244351 50465335 32.623322
-Trial 242 244351 50465335 32.682347
-Trial 243 244351 50465335 32.762853
-Trial 244 244351 50465335 32.785590
-Trial 245 244351 50465335 32.904065
-Trial 246 244351 50465335 32.976649
-Trial 247 244351 50465335 33.154014
* 248: Cost = 244351_50451951, Time = 31.12 sec. 
-Trial 248 244351 50451951 33.269428
-Trial 249 244351 50451951 33.322098
-Trial 250 244351 50451951 33.392901
-Trial 251 244351 50451951 33.437828
* 252: Cost = 244351_50447784, Time = 31.34 sec. 
-Trial 252 244351 50447784 33.493798
-Trial 253 244351 50447784 33.579865
-Trial 254 244351 50447784 33.626650
-Trial 255 244351 50447784 33.735719
* 256: Cost = 244351_50421951, Time = 31.60 sec. 
-Trial 256 244351 50421951 33.752705
-Trial 257 244351 50421951 33.822353
* 258: Cost = 244351_50397077, Time = 31.70 sec. 
-Trial 258 244351 50397077 33.849723
-Trial 259 244351 50397077 33.963358
* 260: Cost = 244351_50283139, Time = 31.88 sec. 
-Trial 260 244351 50283139 34.036970
-Trial 261 244351 50283139 34.101705
-Trial 262 244351 50283139 34.147100
-Trial 263 244351 50283139 34.198364
-Trial 264 244351 50283139 34.221022
-Trial 265 244351 50283139 34.249455
* 266: Cost = 244351_50238485, Time = 32.11 sec. 
-Trial 266 244351 50238485 34.261894
-Trial 267 244351 50238485 34.370135
-Trial 268 244351 50238485 34.427452
-Trial 269 244351 50238485 34.428820
-Trial 270 244351 50238485 34.468434
-Trial 271 244351 50238485 34.535880
-Trial 272 244351 50238485 34.718471
* 273: Cost = 244351_50238396, Time = 32.62 sec. 
-Trial 273 244351 50238396 34.771368
-Trial 274 244351 50238396 34.859480
-Trial 275 244351 50238396 34.901998
-Trial 276 244351 50238396 34.958562
-Trial 277 244351 50238396 35.109085
-Trial 278 244351 50238396 35.200969
-Trial 279 244351 50238396 35.263004
-Trial 280 244351 50238396 35.498438
-Trial 281 244351 50238396 35.534757
-Trial 282 244351 50238396 35.578668
-Trial 283 244351 50238396 35.664167
-Trial 284 244351 50238396 35.782798
-Trial 285 244351 50238396 35.845576
* 286: Cost = 244351_50219785, Time = 33.75 sec. 
-Trial 286 244351 50219785 35.906742
-Trial 287 244351 50219785 35.993317
-Trial 288 244351 50219785 36.090768
-Trial 289 244351 50219785 36.332607
-Trial 290 244351 50219785 36.430326
-Trial 291 244351 50219785 36.485544
-Trial 292 244351 50219785 36.497239
-Trial 293 244351 50219785 36.562257
-Trial 294 244351 50219785 36.587517
-Trial 295 244351 50219785 36.702990
-Trial 296 244351 50219785 36.755103
* 297: Cost = 244351_50156902, Time = 34.68 sec. 
-Trial 297 244351 50156902 36.831355
-Trial 298 244351 50156902 36.901859
-Trial 299 244351 50156902 36.928292
-Trial 300 244351 50156902 36.967524
-Trial 301 244351 50156902 37.144179
-Trial 302 244351 50156902 37.300127
-Trial 303 244351 50156902 37.313712
-Trial 304 244351 50156902 37.363041
-Trial 305 244351 50156902 37.388490
-Trial 306 244351 50156902 37.629834
* 307: Cost = 244351_50125054, Time = 35.51 sec. 
-Trial 307 244351 50125054 37.663865
-Trial 308 244351 50125054 37.697458
-Trial 309 244351 50125054 37.731058
-Trial 310 244351 50125054 37.850742
-Trial 311 244351 50125054 37.915644
-Trial 312 244351 50125054 38.049427
-Trial 313 244351 50125054 38.083333
-Trial 314 244351 50125054 38.131857
* 315: Cost = 244351_50112609, Time = 36.04 sec. 
-Trial 315 244351 50112609 38.190977
-Trial 316 244351 50112609 38.234139
-Trial 317 244351 50112609 38.315600
-Trial 318 244351 50112609 38.319283
-Trial 319 244351 50112609 38.414205
-Trial 320 244351 50112609 38.445003
-Trial 321 244351 50112609 38.700536
-Trial 322 244351 50112609 38.746577
-Trial 323 244351 50112609 38.791466
-Trial 324 244351 50112609 38.848857
-Trial 325 244351 50112609 38.890497
-Trial 326 244351 50112609 38.915337
-Trial 327 244351 50112609 39.016255
-Trial 328 244351 50112609 39.056130
-Trial 329 244351 50112609 39.087758
-Trial 330 244351 50112609 39.177957
-Trial 331 244351 50112609 39.246188
-Trial 332 244351 50112609 39.310875
-Trial 333 244351 50112609 39.341765
-Trial 334 244351 50112609 39.379517
-Trial 335 244351 50112609 39.409929
-Trial 336 244351 50112609 39.467170
-Trial 337 244351 50112609 39.509809
-Trial 338 244351 50112609 39.571753
-Trial 339 244351 50112609 39.682835
-Trial 340 244351 50112609 39.754029
-Trial 341 244351 50112609 39.766049
-Trial 342 244351 50112609 39.865978
-Trial 343 244351 50112609 39.872831
-Trial 344 244351 50112609 39.901308
-Trial 345 244351 50112609 39.905364
-Trial 346 244351 50112609 39.948290
-Trial 347 244351 50112609 40.005264
-Trial 348 244351 50112609 40.048913
-Trial 349 244351 50112609 40.080710
-Trial 350 244351 50112609 40.119253
-Trial 351 244351 50112609 40.173670
-Trial 352 244351 50112609 40.217311
-Trial 353 244351 50112609 40.272585
-Trial 354 244351 50112609 40.328599
* 355: Cost = 244351_50087969, Time = 38.27 sec. 
-Trial 355 244351 50087969 40.421064
-Trial 356 244351 50087969 40.465857
-Trial 357 244351 50087969 40.579534
-Trial 358 244351 50087969 40.608159
-Trial 359 244351 50087969 40.711542
-Trial 360 244351 50087969 40.772498
-Trial 361 244351 50087969 40.827325
-Trial 362 244351 50087969 40.899690
-Trial 363 244351 50087969 40.964386
-Trial 364 244351 50087969 40.983460
-Trial 365 244351 50087969 41.077435
-Trial 366 244351 50087969 41.127406
-Trial 367 244351 50087969 41.179212
-Trial 368 244351 50087969 41.255595
-Trial 369 244351 50087969 41.291228
-Trial 370 244351 50087969 41.337543
-Trial 371 244351 50087969 41.417703
-Trial 372 244351 50087969 41.573724
-Trial 373 244351 50087969 41.608869
-Trial 374 244351 50087969 41.640847
-Trial 375 244351 50087969 41.719547
-Trial 376 244351 50087969 41.781381
-Trial 377 244351 50087969 41.833728
-Trial 378 244351 50087969 41.881878
-Trial 379 244351 50087969 41.947023
-Trial 380 244351 50087969 41.969501
* 381: Cost = 244351_49936310, Time = 39.87 sec. 
-Trial 381 244351 49936310 42.019888
* 382: Cost = 244351_49910040, Time = 39.91 sec. 
-Trial 382 244351 49910040 42.063695
-Trial 383 244351 49910040 42.228418
-Trial 384 244351 49910040 42.258147
-Trial 385 244351 49910040 42.267523
-Trial 386 244351 49910040 42.304577
-Trial 387 244351 49910040 42.346232
-Trial 388 244351 49910040 42.416466
-Trial 389 244351 49910040 42.446359
* 390: Cost = 244351_49717331, Time = 40.32 sec. 
-Trial 390 244351 49717331 42.471183
-Trial 391 244351 49717331 42.557329
-Trial 392 244351 49717331 42.620020
-Trial 393 244351 49717331 42.663858
-Trial 394 244351 49717331 42.713188
-Trial 395 244351 49717331 42.743219
-Trial 396 244351 49717331 42.797111
-Trial 397 244351 49717331 42.826090
-Trial 398 244351 49717331 42.870226
-Trial 399 244351 49717331 42.897320
-Trial 400 244351 49717331 42.944860
-Trial 401 244351 49717331 43.038600
-Trial 402 244351 49717331 43.071533
-Trial 403 244351 49717331 43.185409
-Trial 404 244351 49717331 43.212255
-Trial 405 244351 49717331 43.302077
-Trial 406 244351 49717331 43.407707
-Trial 407 244351 49717331 43.434290
-Trial 408 244351 49717331 43.506529
* 409: Cost = 244351_49611097, Time = 41.42 sec. 
-Trial 409 244351 49611097 43.571610
-Trial 410 244351 49611097 43.606620
-Trial 411 244351 49611097 43.698976
-Trial 412 244351 49611097 43.829354
-Trial 413 244351 49611097 43.845619
-Trial 414 244351 49611097 43.878845
-Trial 415 244351 49611097 43.921657
-Trial 416 244351 49611097 43.923278
-Trial 417 244351 49611097 43.993976
-Trial 418 244351 49611097 43.996128
-Trial 419 244351 49611097 44.039211
-Trial 420 244351 49611097 44.103146
-Trial 421 244351 49611097 44.145769
-Trial 422 244351 49611097 44.158207
-Trial 423 244351 49611097 44.342597
-Trial 424 244351 49611097 44.350402
-Trial 425 244351 49611097 44.369669
-Trial 426 244351 49611097 44.428440
-Trial 427 244351 49611097 44.506829
-Trial 428 244351 49611097 44.535192
* 429: Cost = 244351_49580435, Time = 42.44 sec. 
-Trial 429 244351 49580435 44.597426
-Trial 430 244351 49580435 44.688537
-Trial 431 244351 49580435 44.712913
-Trial 432 244351 49580435 45.195134
-Trial 433 244351 49580435 45.270153
-Trial 434 244351 49580435 45.342438
-Trial 435 244351 49580435 45.552593
-Trial 436 244351 49580435 45.606681
-Trial 437 244351 49580435 45.688818
-Trial 438 244351 49580435 45.724755
-Trial 439 244351 49580435 45.754920
-Trial 440 244351 49580435 45.850306
-Trial 441 244351 49580435 45.876655
-Trial 442 244351 49580435 45.921963
* 443: Cost = 244351_49563713, Time = 43.81 sec. 
-Trial 443 244351 49563713 45.965302
-Trial 444 244351 49563713 46.021102
-Trial 445 244351 49563713 46.057510
-Trial 446 244351 49563713 46.180597
-Trial 447 244351 49563713 46.245911
* 448: Cost = 244351_49309378, Time = 44.14 sec. 
-Trial 448 244351 49309378 46.297251
* 449: Cost = 244351_49292883, Time = 44.18 sec. 
-Trial 449 244351 49292883 46.328914
-Trial 450 244351 49292883 46.391792
-Trial 451 244351 49292883 46.427605
-Trial 452 244351 49292883 46.452189
-Trial 453 244351 49292883 46.490129
-Trial 454 244351 49292883 46.604843
-Trial 455 244351 49292883 46.692690
-Trial 456 244351 49292883 46.694488
-Trial 457 244351 49292883 46.903576
-Trial 458 244351 49292883 47.101884
-Trial 459 244351 49292883 47.136565
-Trial 460 244351 49292883 47.186719
-Trial 461 244351 49292883 47.209720
-Trial 462 244351 49292883 47.335912
-Trial 463 244351 49292883 47.413524
* 464: Cost = 140744_49385772, Time = 45.39 sec. 
-Trial 464 140744 49385772 47.539749
-Trial 465 140744 49385772 47.640795
-Trial 466 140744 49385772 47.641883
-Trial 467 140744 49385772 47.728657
-Trial 468 140744 49385772 47.777421
-Trial 469 140744 49385772 47.874299
-Trial 470 140744 49385772 47.897960
-Trial 471 140744 49385772 47.964652
-Trial 472 140744 49385772 48.036560
-Trial 473 140744 49385772 48.133239
-Trial 474 140744 49385772 48.243079
-Trial 475 140744 49385772 48.317713
-Trial 476 140744 49385772 48.352571
-Trial 477 140744 49385772 48.396450
-Trial 478 140744 49385772 48.407488
-Trial 479 140744 49385772 48.436893
-Trial 480 140744 49385772 48.477991
-Trial 481 140744 49385772 48.568881
-Trial 482 140744 49385772 48.569389
-Trial 483 140744 49385772 48.628187
-Trial 484 140744 49385772 48.707589
-Trial 485 140744 49385772 48.913047
-Trial 486 140744 49385772 48.963991
-Trial 487 140744 49385772 49.051501
* 488: Cost = 140744_49359014, Time = 46.98 sec. 
-Trial 488 140744 49359014 49.128835
-Trial 489 140744 49359014 49.189860
-Trial 490 140744 49359014 49.250830
-Trial 491 140744 49359014 49.296957
-Trial 492 140744 49359014 49.334840
-Trial 493 140744 49359014 49.363875
-Trial 494 140744 49359014 49.413528
-Trial 495 140744 49359014 49.509300
-Trial 496 140744 49359014 49.561446
-Trial 497 140744 49359014 49.637946
-Trial 498 140744 49359014 49.699996
-Trial 499 140744 49359014 49.758747
-Trial 500 140744 49359014 49.832648
-Trial 501 140744 49359014 49.867331
-Trial 502 140744 49359014 49.992775
-Trial 503 140744 49359014 50.017624
-Trial 504 140744 49359014 50.048378
-Trial 505 140744 49359014 50.098727
-Trial 506 140744 49359014 50.149457
-Trial 507 140744 49359014 50.198595
-Trial 508 140744 49359014 50.293182
-Trial 509 140744 49359014 50.334161
* 510: Cost = 105575_49916474, Time = 48.23 sec. 
-Trial 510 105575 49916474 50.380968
-Trial 511 105575 49916474 50.416853
-Trial 512 105575 49916474 50.655032
-Trial 513 105575 49916474 50.726430
-Trial 514 105575 49916474 50.772217
-Trial 515 105575 49916474 50.902335
* 516: Cost = 22706_50592884, Time = 48.90 sec. 
-Trial 516 22706 50592884 51.052764
* 517: Cost = 0_50874584, Time = 49.00 sec. 
-Trial 517 0 50874584 51.149667
* 518: Cost = 0_50850267, Time = 49.00 sec. 
-Trial 518 0 50850267 51.154801
* 519: Cost = 0_50840166, Time = 49.03 sec. 
-Trial 519 0 50840166 51.180887
-Trial 520 0 50840166 51.185546
-Trial 521 0 50840166 51.189653
* 522: Cost = 0_50548714, Time = 49.04 sec. 
-Trial 522 0 50548714 51.197238
-Trial 523 0 50548714 51.246049
-Trial 524 0 50548714 51.320095
-Trial 525 0 50548714 51.367624
-Trial 526 0 50548714 51.434166
-Trial 527 0 50548714 51.450363
-Trial 528 0 50548714 51.454516
-Trial 529 0 50548714 51.482361
-Trial 530 0 50548714 51.642385
-Trial 531 0 50548714 51.660228
-Trial 532 0 50548714 51.769689
-Trial 533 0 50548714 51.797191
-Trial 534 0 50548714 51.804373
-Trial 535 0 50548714 51.969919
-Trial 536 0 50548714 51.978356
-Trial 537 0 50548714 51.980529
-Trial 538 0 50548714 52.019008
* 539: Cost = 0_50422371, Time = 49.88 sec. 
-Trial 539 0 50422371 52.030158
* 540: Cost = 0_50420197, Time = 49.89 sec. 
-Trial 540 0 50420197 52.044128
-Trial 541 0 50420197 52.081257
-Trial 542 0 50420197 52.115446
-Trial 543 0 50420197 52.159956
-Trial 544 0 50420197 52.170098
-Trial 545 0 50420197 52.176351
-Trial 546 0 50420197 52.372051
-Trial 547 0 50420197 52.379134
* 548: Cost = 0_50375980, Time = 50.25 sec. 
-Trial 548 0 50375980 52.405267
-Trial 549 0 50375980 52.699480
-Trial 550 0 50375980 52.930219
-Trial 551 0 50375980 52.934711
-Trial 552 0 50375980 52.967786
* 553: Cost = 0_50035263, Time = 50.86 sec. 
-Trial 553 0 50035263 53.015474
-Trial 554 0 50035263 53.043086
* 555: Cost = 0_50032449, Time = 50.92 sec. 
-Trial 555 0 50032449 53.070788
-Trial 556 0 50032449 53.098337
-Trial 557 0 50032449 53.106535
-Trial 558 0 50032449 53.114845
-Trial 559 0 50032449 53.202543
-Trial 560 0 50032449 53.211942
-Trial 561 0 50032449 53.228142
-Trial 562 0 50032449 53.234409
* 563: Cost = 0_49839760, Time = 51.10 sec. 
-Trial 563 0 49839760 53.253669
-Trial 564 0 49839760 53.289510
-Trial 565 0 49839760 53.320195
-Trial 566 0 49839760 53.332248
-Trial 567 0 49839760 53.372166
-Trial 568 0 49839760 53.426734
-Trial 569 0 49839760 53.529061
-Trial 570 0 49839760 53.540612
-Trial 571 0 49839760 53.542864
-Trial 572 0 49839760 53.545397
* 573: Cost = 0_49817051, Time = 51.43 sec. 
-Trial 573 0 49817051 53.579641
-Trial 574 0 49817051 53.597615
-Trial 575 0 49817051 53.610692
-Trial 576 0 49817051 53.646858
-Trial 577 0 49817051 53.703532
-Trial 578 0 49817051 53.790662
-Trial 579 0 49817051 53.857638
-Trial 580 0 49817051 53.904617
-Trial 581 0 49817051 53.908973
* 582: Cost = 0_49780542, Time = 51.77 sec. 
-Trial 582 0 49780542 53.920863
-Trial 583 0 49780542 53.964742
-Trial 584 0 49780542 53.973717
-Trial 585 0 49780542 54.070709
-Trial 586 0 49780542 54.080032
-Trial 587 0 49780542 54.110149
-Trial 588 0 49780542 54.120325
-Trial 589 0 49780542 54.176435
-Trial 590 0 49780542 54.186623
* 591: Cost = 0_49766445, Time = 52.05 sec. 
-Trial 591 0 49766445 54.205668
-Trial 592 0 49766445 54.272657
-Trial 593 0 49766445 54.282053
-Trial 594 0 49766445 54.287743
-Trial 595 0 49766445 54.295208
* 596: Cost = 0_49727492, Time = 52.17 sec. 
-Trial 596 0 49727492 54.324213
-Trial 597 0 49727492 54.569119
-Trial 598 0 49727492 54.611199
-Trial 599 0 49727492 54.643498
-Trial 600 0 49727492 54.650312
-Trial 601 0 49727492 54.666132
-Trial 602 0 49727492 54.679566
-Trial 603 0 49727492 54.814427
* 604: Cost = 0_49695377, Time = 52.67 sec. 
-Trial 604 0 49695377 54.821827
-Trial 605 0 49695377 54.872601
-Trial 606 0 49695377 54.875353
-Trial 607 0 49695377 54.904136
-Trial 608 0 49695377 54.918538
* 609: Cost = 0_49634093, Time = 52.78 sec. 
-Trial 609 0 49634093 54.936071
* 610: Cost = 0_49477955, Time = 52.79 sec. 
-Trial 610 0 49477955 54.945221
-Trial 611 0 49477955 54.974686
-Trial 612 0 49477955 55.029651
-Trial 613 0 49477955 55.054125
-Trial 614 0 49477955 55.061730
-Trial 615 0 49477955 55.084380
-Trial 616 0 49477955 55.118606
-Trial 617 0 49477955 55.224155
-Trial 618 0 49477955 55.231575
-Trial 619 0 49477955 55.247351
* 620: Cost = 0_49387546, Time = 53.12 sec. 
-Trial 620 0 49387546 55.269757
-Trial 621 0 49387546 55.281422
-Trial 622 0 49387546 55.338298
-Trial 623 0 49387546 55.521660
-Trial 624 0 49387546 55.528754
-Trial 625 0 49387546 55.696811
-Trial 626 0 49387546 55.808091
-Trial 627 0 49387546 55.838713
-Trial 628 0 49387546 55.855500
-Trial 629 0 49387546 55.905678
-Trial 630 0 49387546 55.908528
-Trial 631 0 49387546 55.923756
-Trial 632 0 49387546 55.977461
-Trial 633 0 49387546 56.028213
-Trial 634 0 49387546 56.101571
-Trial 635 0 49387546 56.131924
-Trial 636 0 49387546 56.218151
-Trial 637 0 49387546 56.231035
-Trial 638 0 49387546 56.246891
-Trial 639 0 49387546 56.265909
-Trial 640 0 49387546 56.278506
-Trial 641 0 49387546 56.290376
-Trial 642 0 49387546 56.350750
-Trial 643 0 49387546 56.374245
-Trial 644 0 49387546 56.604615
-Trial 645 0 49387546 56.611746
-Trial 646 0 49387546 56.804457
-Trial 647 0 49387546 56.813462
-Trial 648 0 49387546 56.819637
-Trial 649 0 49387546 56.836105
-Trial 650 0 49387546 56.846442
-Trial 651 0 49387546 56.974701
-Trial 652 0 49387546 57.002429
-Trial 653 0 49387546 57.007066
-Trial 654 0 49387546 57.026832
* 655: Cost = 0_49260989, Time = 54.89 sec. 
-Trial 655 0 49260989 57.046291
-Trial 656 0 49260989 57.103177
-Trial 657 0 49260989 57.115365
-Trial 658 0 49260989 57.188882
-Trial 659 0 49260989 57.192261
-Trial 660 0 49260989 57.239139
* 661: Cost = 0_49213904, Time = 55.33 sec. 
-Trial 661 0 49213904 57.486591
-Trial 662 0 49213904 57.519428
-Trial 663 0 49213904 57.539031
-Trial 664 0 49213904 57.544811
-Trial 665 0 49213904 57.624172
-Trial 666 0 49213904 57.628860
-Trial 667 0 49213904 57.656196
* 668: Cost = 0_49200609, Time = 55.54 sec. 
-Trial 668 0 49200609 57.695314
-Trial 669 0 49200609 57.700591
-Trial 670 0 49200609 57.733510
-Trial 671 0 49200609 57.740740
-Trial 672 0 49200609 57.763526
-Trial 673 0 49200609 57.772836
-Trial 674 0 49200609 57.786584
-Trial 675 0 49200609 57.791635
-Trial 676 0 49200609 57.833635
-Trial 677 0 49200609 57.865522
-Trial 678 0 49200609 57.869505
* 679: Cost = 0_49136473, Time = 55.73 sec. 
-Trial 679 0 49136473 57.880227
-Trial 680 0 49136473 57.897226
-Trial 681 0 49136473 57.911257
-Trial 682 0 49136473 57.935411
-Trial 683 0 49136473 58.054948
-Trial 684 0 49136473 58.062194
-Trial 685 0 49136473 58.062768
-Trial 686 0 49136473 58.087975
-Trial 687 0 49136473 58.458082
-Trial 688 0 49136473 58.476477
-Trial 689 0 49136473 58.517237
-Trial 690 0 49136473 58.558644
-Trial 691 0 49136473 58.618852
-Trial 692 0 49136473 58.640101
-Trial 693 0 49136473 58.791702
-Trial 694 0 49136473 58.797918
-Trial 695 0 49136473 58.825692
-Trial 696 0 49136473 58.829988
-Trial 697 0 49136473 58.848613
-Trial 698 0 49136473 58.867975
-Trial 699 0 49136473 58.903834
-Trial 700 0 49136473 58.926681
-Trial 701 0 49136473 58.937279
-Trial 702 0 49136473 59.019913
-Trial 703 0 49136473 59.033438
-Trial 704 0 49136473 59.062730
-Trial 705 0 49136473 59.123033
-Trial 706 0 49136473 59.124449
-Trial 707 0 49136473 59.130932
-Trial 708 0 49136473 59.138349
-Trial 709 0 49136473 59.173800
-Trial 710 0 49136473 59.177912
-Trial 711 0 49136473 59.210137
-Trial 712 0 49136473 59.241476
-Trial 713 0 49136473 59.243525
-Trial 714 0 49136473 59.253896
-Trial 715 0 49136473 59.273480
* 716: Cost = 0_49083444, Time = 57.14 sec. 
-Trial 716 0 49083444 59.296585
-Trial 717 0 49083444 59.309611
-Trial 718 0 49083444 59.312189
-Trial 719 0 49083444 59.316244
-Trial 720 0 49083444 59.375731
-Trial 721 0 49083444 59.443992
-Trial 722 0 49083444 59.455278
-Trial 723 0 49083444 59.462983
-Trial 724 0 49083444 59.483666
-Trial 725 0 49083444 59.491616
-Trial 726 0 49083444 59.529446
-Trial 727 0 49083444 59.541775
-Trial 728 0 49083444 59.558220
-Trial 729 0 49083444 59.560044
-Trial 730 0 49083444 59.560383
-Trial 731 0 49083444 59.570444
-Trial 732 0 49083444 59.623713
-Trial 733 0 49083444 59.624121
-Trial 734 0 49083444 59.636804
-Trial 735 0 49083444 59.654760
-Trial 736 0 49083444 59.675433
-Trial 737 0 49083444 59.712487
-Trial 738 0 49083444 59.725875
-Trial 739 0 49083444 59.730417
-Trial 740 0 49083444 59.767538
-Trial 741 0 49083444 59.781222
-Trial 742 0 49083444 59.818381
-Trial 743 0 49083444 59.835078
-Trial 744 0 49083444 59.838642
-Trial 745 0 49083444 59.918073
-Trial 746 0 49083444 59.918699
-Trial 747 0 49083444 59.949958
-Trial 748 0 49083444 59.987962
-Trial 749 0 49083444 60.020925
-Trial 750 0 49083444 60.023310
* 751: Cost = 0_49049184, Time = 57.88 sec. 
-Trial 751 0 49049184 60.031350
-Trial 752 0 49049184 60.090980
-Trial 753 0 49049184 60.096533
-Trial 754 0 49049184 60.115450
-Trial 755 0 49049184 60.116768
-Trial 756 0 49049184 60.160205
-Trial 757 0 49049184 60.163327
-Trial 758 0 49049184 60.177923
-Trial 759 0 49049184 60.183527
-Trial 760 0 49049184 60.194818
-Trial 761 0 49049184 60.408441
-Trial 762 0 49049184 60.435883
-Trial 763 0 49049184 60.451559
-Trial 764 0 49049184 60.526499
-Trial 765 0 49049184 60.542621
-Trial 766 0 49049184 60.596382
-Trial 767 0 49049184 60.611863
-Trial 768 0 49049184 60.671088
-Trial 769 0 49049184 60.702682
-Trial 770 0 49049184 60.711558
-Trial 771 0 49049184 60.724403
-Trial 772 0 49049184 60.730034
-Trial 773 0 49049184 60.833432
-Trial 774 0 49049184 60.873289
-Trial 775 0 49049184 60.894230
-Trial 776 0 49049184 60.910960
-Trial 777 0 49049184 60.914859
-Trial 778 0 49049184 60.925853
-Trial 779 0 49049184 61.085958
-Trial 780 0 49049184 61.097958
-Trial 781 0 49049184 61.136391
-Trial 782 0 49049184 61.189627
-Trial 783 0 49049184 61.210971
-Trial 784 0 49049184 61.232399
-Trial 785 0 49049184 61.242850
-Trial 786 0 49049184 61.254901
-Trial 787 0 49049184 61.378761
-Trial 788 0 49049184 61.382820
-Trial 789 0 49049184 61.437199
-Trial 790 0 49049184 61.546757
-Trial 791 0 49049184 61.587983
-Trial 792 0 49049184 61.663197
-Trial 793 0 49049184 61.682353
-Trial 794 0 49049184 61.685560
-Trial 795 0 49049184 61.691241
-Trial 796 0 49049184 61.745715
-Trial 797 0 49049184 61.751396
-Trial 798 0 49049184 61.768430
-Trial 799 0 49049184 61.789557
-Trial 800 0 49049184 61.820569
-Trial 801 0 49049184 61.822117
-Trial 802 0 49049184 61.830693
-Trial 803 0 49049184 61.964753
-Trial 804 0 49049184 61.974775
-Trial 805 0 49049184 61.981585
-Trial 806 0 49049184 62.081771
-Trial 807 0 49049184 62.116452
-Trial 808 0 49049184 62.136078
-Trial 809 0 49049184 62.158147
-Trial 810 0 49049184 62.168191
-Trial 811 0 49049184 62.181449
-Trial 812 0 49049184 62.194944
-Trial 813 0 49049184 62.284966
-Trial 814 0 49049184 62.295046
-Trial 815 0 49049184 62.309216
-Trial 816 0 49049184 62.364533
* 817: Cost = 0_48991498, Time = 60.22 sec. 
-Trial 817 0 48991498 62.376489
-Trial 818 0 48991498 62.379639
-Trial 819 0 48991498 62.437287
-Trial 820 0 48991498 62.446626
-Trial 821 0 48991498 62.460039
-Trial 822 0 48991498 62.481823
-Trial 823 0 48991498 62.483220
-Trial 824 0 48991498 62.516069
-Trial 825 0 48991498 62.804533
-Trial 826 0 48991498 62.816492
-Trial 827 0 48991498 62.837352
-Trial 828 0 48991498 62.846259
-Trial 829 0 48991498 62.858825
-Trial 830 0 48991498 62.876061
-Trial 831 0 48991498 62.946389
-Trial 832 0 48991498 62.959972
-Trial 833 0 48991498 62.969695
-Trial 834 0 48991498 62.995584
-Trial 835 0 48991498 63.102619
-Trial 836 0 48991498 63.171392
-Trial 837 0 48991498 63.201081
-Trial 838 0 48991498 63.203973
-Trial 839 0 48991498 63.254764
-Trial 840 0 48991498 63.268348
-Trial 841 0 48991498 63.276815
-Trial 842 0 48991498 63.312272
-Trial 843 0 48991498 63.405429
-Trial 844 0 48991498 63.419110
-Trial 845 0 48991498 63.430883
-Trial 846 0 48991498 63.500105
-Trial 847 0 48991498 63.536929
-Trial 848 0 48991498 63.551598
-Trial 849 0 48991498 63.578891
-Trial 850 0 48991498 63.585639
-Trial 851 0 48991498 63.596027
-Trial 852 0 48991498 63.609329
-Trial 853 0 48991498 63.630834
-Trial 854 0 48991498 63.642646
-Trial 855 0 48991498 63.652277
-Trial 856 0 48991498 63.742699
-Trial 857 0 48991498 63.743799
-Trial 858 0 48991498 63.746600
-Trial 859 0 48991498 63.753069
-Trial 860 0 48991498 63.769630
-Trial 861 0 48991498 63.791405
-Trial 862 0 48991498 63.799767
-Trial 863 0 48991498 63.851318
-Trial 864 0 48991498 63.854390
-Trial 865 0 48991498 63.895603
-Trial 866 0 48991498 63.930678
-Trial 867 0 48991498 63.935235
-Trial 868 0 48991498 63.940660
-Trial 869 0 48991498 63.949200
-Trial 870 0 48991498 63.962131
-Trial 871 0 48991498 64.014084
-Trial 872 0 48991498 64.043442
-Trial 873 0 48991498 64.077917
-Trial 874 0 48991498 64.092047
-Trial 875 0 48991498 64.103771
-Trial 876 0 48991498 64.148548
-Trial 877 0 48991498 64.152020
-Trial 878 0 48991498 64.206134
-Trial 879 0 48991498 64.242947
-Trial 880 0 48991498 64.270044
-Trial 881 0 48991498 64.307961
-Trial 882 0 48991498 64.393990
-Trial 883 0 48991498 64.398085
-Trial 884 0 48991498 64.400205
-Trial 885 0 48991498 64.451225
-Trial 886 0 48991498 64.489107
-Trial 887 0 48991498 64.491813
-Trial 888 0 48991498 64.566381
-Trial 889 0 48991498 64.576869
-Trial 890 0 48991498 64.621303
-Trial 891 0 48991498 64.634851
-Trial 892 0 48991498 64.660807
-Trial 893 0 48991498 64.668123
-Trial 894 0 48991498 64.682088
-Trial 895 0 48991498 64.687321
-Trial 896 0 48991498 64.706480
-Trial 897 0 48991498 64.710036
-Trial 898 0 48991498 64.729923
-Trial 899 0 48991498 64.751263
-Trial 900 0 48991498 64.793195
-Trial 901 0 48991498 64.799902
-Trial 902 0 48991498 64.805191
-Trial 903 0 48991498 64.930771
-Trial 904 0 48991498 64.956848
-Trial 905 0 48991498 65.004918
-Trial 906 0 48991498 65.011816
-Trial 907 0 48991498 65.124362
-Trial 908 0 48991498 65.136981
-Trial 909 0 48991498 65.152442
-Trial 910 0 48991498 65.196312
-Trial 911 0 48991498 65.242683
-Trial 912 0 48991498 65.319445
-Trial 913 0 48991498 65.388023
-Trial 914 0 48991498 65.400037
-Trial 915 0 48991498 65.401238
-Trial 916 0 48991498 65.465910
-Trial 917 0 48991498 65.547794
-Trial 918 0 48991498 65.575594
-Trial 919 0 48991498 65.609515
-Trial 920 0 48991498 65.622451
-Trial 921 0 48991498 65.657426
-Trial 922 0 48991498 65.673294
-Trial 923 0 48991498 65.676896
-Trial 924 0 48991498 65.784290
-Trial 925 0 48991498 65.822083
-Trial 926 0 48991498 65.860636
-Trial 927 0 48991498 65.888550
-Trial 928 0 48991498 65.908884
-Trial 929 0 48991498 65.919742
-Trial 930 0 48991498 65.977076
-Trial 931 0 48991498 65.995868
-Trial 932 0 48991498 66.193693
-Trial 933 0 48991498 66.209817
-Trial 934 0 48991498 66.223516
-Trial 935 0 48991498 66.282705
-Trial 936 0 48991498 66.366992
-Trial 937 0 48991498 66.406360
-Trial 938 0 48991498 66.509026
-Trial 939 0 48991498 66.521848
-Trial 940 0 48991498 66.560149
-Trial 941 0 48991498 66.596516
-Trial 942 0 48991498 66.629378
-Trial 943 0 48991498 66.631624
-Trial 944 0 48991498 66.741195
-Trial 945 0 48991498 66.768405
-Trial 946 0 48991498 66.784116
-Trial 947 0 48991498 66.808000
-Trial 948 0 48991498 66.813968
-Trial 949 0 48991498 66.820947
-Trial 950 0 48991498 66.831008
-Trial 951 0 48991498 66.862731
-Trial 952 0 48991498 66.883351
-Trial 953 0 48991498 66.901936
-Trial 954 0 48991498 66.935070
-Trial 955 0 48991498 66.949249
-Trial 956 0 48991498 66.985985
-Trial 957 0 48991498 66.988913
-Trial 958 0 48991498 67.002484
-Trial 959 0 48991498 67.036969
* 960: Cost = 0_48977539, Time = 64.90 sec. 
-Trial 960 0 48977539 67.055635
-Trial 961 0 48977539 67.072255
-Trial 962 0 48977539 67.076993
-Trial 963 0 48977539 67.080260
-Trial 964 0 48977539 67.096771
-Trial 965 0 48977539 67.154799
-Trial 966 0 48977539 67.200556
-Trial 967 0 48977539 67.204866
-Trial 968 0 48977539 67.208043
-Trial 969 0 48977539 67.216322
-Trial 970 0 48977539 67.244829
-Trial 971 0 48977539 67.253402
-Trial 972 0 48977539 67.265597
-Trial 973 0 48977539 67.270656
-Trial 974 0 48977539 67.300328
-Trial 975 0 48977539 67.318061
-Trial 976 0 48977539 67.323010
-Trial 977 0 48977539 67.337189
-Trial 978 0 48977539 67.376476
-Trial 979 0 48977539 67.385241
-Trial 980 0 48977539 67.405804
-Trial 981 0 48977539 67.410329
-Trial 982 0 48977539 67.433054
-Trial 983 0 48977539 67.505467
-Trial 984 0 48977539 67.519437
-Trial 985 0 48977539 67.573442
-Trial 986 0 48977539 67.595780
-Trial 987 0 48977539 67.621225
-Trial 988 0 48977539 67.670728
-Trial 989 0 48977539 67.739454
-Trial 990 0 48977539 67.802863
-Trial 991 0 48977539 67.821356
-Trial 992 0 48977539 67.933674
-Trial 993 0 48977539 67.945874
-Trial 994 0 48977539 67.964511
-Trial 995 0 48977539 67.997454
-Trial 996 0 48977539 68.048840
-Trial 997 0 48977539 68.082324
-Trial 998 0 48977539 68.089628
-Trial 999 0 48977539 68.151210
-Trial 1000 0 48977539 68.168432
Population:
  1: 0_48977539
Run 1: Cost = 0_48977539, Time = 66.02 sec. 

Successes/Runs = 0/1 
Cost.min = 48977539, Cost.avg = 48977539.00, Cost.max = 48977539
Gap.min = 0.0000%, Gap.avg = 0.0000%, Gap.max = 0.0000%
Penalty.min = 0, Penalty.avg = 0.00, Penalty.max = 0
Trials.min = 1000, Trials.avg = 1000.0, Trials.max = 1000
Time.min = 66.02 sec., Time.avg = 66.02 sec., Time.max = 66.02 sec.
Time.total = 68.17 sec.
  Size.min = 16, Size.max = 32, Penalty = 0
  Cost.min = 1178765, Cost.max = 3585986, Cost.sum = 48977539
Best CVRPTW solution:
  Cost = 0_48977539
1 325 26 347 294 104 498 321 167 30 13 295 328 201 467 263 153 409 242 353 405 123 150 450 280 66 430 507 2 469 84 438 170 434 101 183 463 486 203 178 179 24 102 190 408 306 220 126 484 232 27 327 121 285 108 519 70 90 453 411 155 221 419 264 298 433 371 389 166 485 51 233 127 301 464 110 73 65 256 283 224 80 480 95 318 196 247 506 197 488 250 53 365 497 189 383 164 424 473 151 161 77 290 128 54 143 281 356 96 33 394 423 176 390 361 67 505 81 160 391 215 42 185 369 260 440 9 273 207 370 194 307 156 265 375 513 266 491 455 449 114 393 376 118 459 218 436 445 342 142 359 229 18 202 38 74 344 474 516 152 122 329 494 259 149 415 441 420 181 377 107 343 435 8 410 45 116 384 404 305 354 19 368 358 106 131 515 23 234 395 352 239 490 209 85 75 89 350 286 193 413 308 255 115 316 188 182 510 271 364 192 277 429 225 86 330 10 248 278 493 240 472 313 462 213 303 275 284 144 511 481 50 334 333 214 169 49 175 476 416 165 403 69 302 317 326 130 16 92 470 60 4 72 236 382 83 204 124 520 61 129 381 345 439 44 421 191 98 458 39 237 140 226 360 442 206 162 437 87 466 15 217 444 338 46 76 99 184 426 292 428 502 159 249 32 198 136 180 432 414 427 355 177 238 378 211 195 147 341 461 443 314 158 272 135 11 363 21 141 262 34 310 346 246 514 398 387 105 385 20 296 479 168 349 12 312 17 374 482 212 139 219 504 25 241 63 282 291 78 319 117 412 367 322 235 452 483 48 93 210 324 100 37 418 64 517 336 380 261 362 91 456 113 146 244 397 454 230 337 311 475 52 62 36 446 199 257 148 35 154 503 111 186 320 227 231 279 145 5 274 332 43 222 3 477 253 309 55 174 14 208 299 460 340 323 348 388 509 251 22 268 289 187 293 451 407 425 109 40 276 133 132 163 496 518 300 351 57 270 366 315 41 457 400 386 499 304 431 112 402 267 134 399 468 216 71 28 103 269 339 379 243 512 392 94 297 258 501 489 396 157 331 171 288 120 172 56 254 58 401 125 228 252 88 79 82 478 287 97 59 223 508 471 7 335 448 245 406 492 422 47 357 29 173 465 68 119 373 487 500 417 138 205 447 6 137 372 200 31 495 1 
