PARAMETER_FILE = result/cvrptw_500/LKH_para/866.para
Reading PROBLEM_FILE: "result/cvrptw_500/cvrptw/866.cvrptw" ... done
ASCENT_CANDIDATES = 50
BACKBONE_TRIALS = 0
BACKTRACKING = NO
# BWTSP =
# CANDIDATE_FILE =
CANDIDATE_SET_TYPE = ALPHA
DEPOT = 1
# EDGE_FILE =
EXCESS = 0.0384615
EXTERNAL_SALESMEN = 0
EXTRA_CANDIDATES = 0 
EXTRA_CANDIDATE_SET_TYPE = QUADRANT
GAIN23 = NO
GAIN_CRITERION = YES
INITIAL_PERIOD = 520
INITIAL_STEP_SIZE = 1
INITIAL_TOUR_ALGORITHM = WALK
# INITIAL_TOUR_FILE = 
INITIAL_TOUR_FRACTION = 1.000
# INPUT_TOUR_FILE = 
KICK_TYPE = 4
KICKS = 1
# MAX_BREADTH =
MAKESPAN = NO
MAX_CANDIDATES = 5 
MAX_SWAPS = 0
MAX_TRIALS = 1000
# MERGE_TOUR_FILE =
MOVE_TYPE = 5 SPECIAL
MTSP_MIN_SIZE = 1
MTSP_MAX_SIZE = 1039
# MTSP_SOLUTION_FILE = 
# NONSEQUENTIAL_MOVE_TYPE = 5
# OPTIMUM =
# OUTPUT_TOUR_FILE = 
PATCHING_A = 1 
PATCHING_C = 0 
# PI_FILE = 
POPMUSIC_INITIAL_TOUR = NO
POPMUSIC_MAX_NEIGHBORS = 5
POPMUSIC_SAMPLE_SIZE = 10
POPMUSIC_SOLUTIONS = 50
POPMUSIC_TRIALS = 1
POPULATION_SIZE = 10
PRECISION = 100
PROBLEM_FILE = result/cvrptw_500/cvrptw/866.cvrptw
RECOMBINATION = IPT
RESTRICTED_SEARCH = YES
RUNS = 1
SALESMEN = 20
SCALE = 1
SEED = 1234
# SINTEF_SOLUTION_FILE = 
STOP_AT_OPTIMUM = YES
SUBGRADIENT = YES
# SUBPROBLEM_SIZE =
# SUBPROBLEM_TOUR_FILE = 
SUBSEQUENT_MOVE_TYPE = 5 SPECIAL
SUBSEQUENT_PATCHING = YES
# TIME_LIMIT =
# TOUR_FILE = 
TRACE_LEVEL = 1
VEHICLES = 20

Lower bound = 26840462.0, Ascent time = 2.13 sec.
Cand.min = 5, Cand.avg = 5.0, Cand.max = 5
Edges.fixed = 520 [Cost = 0]
Preprocessing time = 2.22 sec.
* 1: Cost = 955027_54653178, Time = 3.25 sec. 
-Trial 1 955027 54653178 5.470668
* 2: Cost = 955027_54500911, Time = 3.40 sec. 
-Trial 2 955027 54500911 5.625614
* 3: Cost = 955027_53784114, Time = 3.63 sec. 
-Trial 3 955027 53784114 5.853886
-Trial 4 955027 53784114 6.059762
* 5: Cost = 955027_53690142, Time = 3.91 sec. 
-Trial 5 955027 53690142 6.133243
* 6: Cost = 955027_53360700, Time = 4.02 sec. 
-Trial 6 955027 53360700 6.245159
-Trial 7 955027 53360700 6.433291
* 8: Cost = 955027_52895510, Time = 4.41 sec. 
-Trial 8 955027 52895510 6.630961
-Trial 9 955027 52895510 6.710104
* 10: Cost = 955027_52727761, Time = 4.59 sec. 
-Trial 10 955027 52727761 6.816560
-Trial 11 955027 52727761 6.839911
* 12: Cost = 955027_52390122, Time = 4.72 sec. 
-Trial 12 955027 52390122 6.940004
-Trial 13 955027 52390122 6.945281
-Trial 14 955027 52390122 6.971770
-Trial 15 955027 52390122 6.986795
-Trial 16 955027 52390122 7.220458
* 17: Cost = 955027_52359349, Time = 5.05 sec. 
-Trial 17 955027 52359349 7.276659
-Trial 18 955027 52359349 7.285115
* 19: Cost = 955027_52353700, Time = 5.10 sec. 
-Trial 19 955027 52353700 7.319856
* 20: Cost = 955027_52042465, Time = 5.22 sec. 
-Trial 20 955027 52042465 7.445384
* 21: Cost = 955027_51978221, Time = 5.37 sec. 
-Trial 21 955027 51978221 7.595359
-Trial 22 955027 51978221 7.671242
-Trial 23 955027 51978221 7.735344
-Trial 24 955027 51978221 7.967518
* 25: Cost = 955027_51953040, Time = 5.80 sec. 
-Trial 25 955027 51953040 8.024440
* 26: Cost = 955027_51739950, Time = 6.03 sec. 
-Trial 26 955027 51739950 8.258705
-Trial 27 955027 51739950 8.304149
-Trial 28 955027 51739950 8.659106
-Trial 29 955027 51739950 8.851616
-Trial 30 955027 51739950 9.205017
-Trial 31 955027 51739950 9.308508
-Trial 32 955027 51739950 9.340511
* 33: Cost = 907609_53967534, Time = 7.69 sec. 
-Trial 33 907609 53967534 9.918598
-Trial 34 907609 53967534 9.975836
* 35: Cost = 907609_53940586, Time = 8.03 sec. 
-Trial 35 907609 53940586 10.254499
-Trial 36 907609 53940586 10.348929
-Trial 37 907609 53940586 10.517567
-Trial 38 907609 53940586 10.594861
-Trial 39 907609 53940586 10.695957
* 40: Cost = 907609_52633913, Time = 8.70 sec. 
-Trial 40 907609 52633913 10.921444
* 41: Cost = 431833_52348158, Time = 8.89 sec. 
-Trial 41 431833 52348158 11.116704
-Trial 42 431833 52348158 11.156202
* 43: Cost = 431833_52326431, Time = 9.00 sec. 
-Trial 43 431833 52326431 11.220903
-Trial 44 431833 52326431 11.388857
* 45: Cost = 431833_52290581, Time = 9.32 sec. 
-Trial 45 431833 52290581 11.539913
-Trial 46 431833 52290581 11.668812
-Trial 47 431833 52290581 11.685206
-Trial 48 431833 52290581 11.804943
* 49: Cost = 431833_52259157, Time = 9.72 sec. 
-Trial 49 431833 52259157 11.945340
-Trial 50 431833 52259157 12.041202
-Trial 51 431833 52259157 12.116761
-Trial 52 431833 52259157 12.335621
* 53: Cost = 431833_52006401, Time = 10.22 sec. 
-Trial 53 431833 52006401 12.441781
-Trial 54 431833 52006401 12.524646
-Trial 55 431833 52006401 12.659460
-Trial 56 431833 52006401 12.727922
-Trial 57 431833 52006401 13.061630
-Trial 58 431833 52006401 13.153705
* 59: Cost = 308244_52131520, Time = 11.10 sec. 
-Trial 59 308244 52131520 13.326270
-Trial 60 308244 52131520 13.440096
* 61: Cost = 308244_52054542, Time = 11.24 sec. 
-Trial 61 308244 52054542 13.463695
* 62: Cost = 308244_51924520, Time = 11.27 sec. 
-Trial 62 308244 51924520 13.492165
* 63: Cost = 308244_51891206, Time = 11.34 sec. 
-Trial 63 308244 51891206 13.568404
-Trial 64 308244 51891206 13.669033
* 65: Cost = 308244_51632990, Time = 11.48 sec. 
-Trial 65 308244 51632990 13.708917
-Trial 66 308244 51632990 13.813684
* 67: Cost = 308244_51532999, Time = 11.61 sec. 
-Trial 67 308244 51532999 13.831204
-Trial 68 308244 51532999 13.895833
-Trial 69 308244 51532999 13.989284
-Trial 70 308244 51532999 14.005213
-Trial 71 308244 51532999 14.150164
-Trial 72 308244 51532999 14.171178
-Trial 73 308244 51532999 14.189250
-Trial 74 308244 51532999 14.277335
-Trial 75 308244 51532999 14.307966
-Trial 76 308244 51532999 14.328394
* 77: Cost = 308244_51311130, Time = 12.20 sec. 
-Trial 77 308244 51311130 14.423001
-Trial 78 308244 51311130 14.562454
-Trial 79 308244 51311130 14.649516
-Trial 80 308244 51311130 14.657528
* 81: Cost = 308244_51082902, Time = 12.46 sec. 
-Trial 81 308244 51082902 14.683909
-Trial 82 308244 51082902 14.761250
* 83: Cost = 308244_51072306, Time = 12.57 sec. 
-Trial 83 308244 51072306 14.794945
-Trial 84 308244 51072306 14.864197
* 85: Cost = 308244_51024815, Time = 12.70 sec. 
-Trial 85 308244 51024815 14.922876
-Trial 86 308244 51024815 15.006011
* 87: Cost = 308244_50890731, Time = 12.91 sec. 
-Trial 87 308244 50890731 15.129454
-Trial 88 308244 50890731 15.142525
-Trial 89 308244 50890731 15.230441
-Trial 90 308244 50890731 15.265952
-Trial 91 308244 50890731 15.282492
-Trial 92 308244 50890731 15.295997
-Trial 93 308244 50890731 15.407616
-Trial 94 308244 50890731 15.449590
-Trial 95 308244 50890731 15.611319
-Trial 96 308244 50890731 15.616417
-Trial 97 308244 50890731 15.656566
-Trial 98 308244 50890731 15.707557
* 99: Cost = 308244_50759388, Time = 13.69 sec. 
-Trial 99 308244 50759388 15.915316
-Trial 100 308244 50759388 15.921596
* 101: Cost = 308244_50636063, Time = 13.77 sec. 
-Trial 101 308244 50636063 15.992332
-Trial 102 308244 50636063 16.007281
-Trial 103 308244 50636063 16.055097
* 104: Cost = 308244_50634707, Time = 13.88 sec. 
-Trial 104 308244 50634707 16.103602
-Trial 105 308244 50634707 16.235962
* 106: Cost = 308244_50601643, Time = 14.08 sec. 
-Trial 106 308244 50601643 16.301067
-Trial 107 308244 50601643 16.391440
* 108: Cost = 308244_50561814, Time = 14.22 sec. 
-Trial 108 308244 50561814 16.442938
* 109: Cost = 308244_50479675, Time = 14.28 sec. 
-Trial 109 308244 50479675 16.502387
* 110: Cost = 308244_50379340, Time = 14.30 sec. 
-Trial 110 308244 50379340 16.521963
-Trial 111 308244 50379340 16.778363
-Trial 112 308244 50379340 16.855277
* 113: Cost = 308244_50318735, Time = 14.69 sec. 
-Trial 113 308244 50318735 16.909532
-Trial 114 308244 50318735 16.913869
* 115: Cost = 308244_49898646, Time = 14.84 sec. 
-Trial 115 308244 49898646 17.060301
-Trial 116 308244 49898646 17.115644
-Trial 117 308244 49898646 17.134376
-Trial 118 308244 49898646 17.192404
-Trial 119 308244 49898646 17.331833
-Trial 120 308244 49898646 17.403967
-Trial 121 308244 49898646 17.432857
-Trial 122 308244 49898646 17.464531
-Trial 123 308244 49898646 17.497328
-Trial 124 308244 49898646 17.664029
-Trial 125 308244 49898646 17.692717
-Trial 126 308244 49898646 17.848753
-Trial 127 308244 49898646 17.924600
* 128: Cost = 308244_49249009, Time = 15.80 sec. 
-Trial 128 308244 49249009 18.027909
-Trial 129 308244 49249009 18.052381
-Trial 130 308244 49249009 18.062912
-Trial 131 308244 49249009 18.146968
* 132: Cost = 308244_49203864, Time = 15.94 sec. 
-Trial 132 308244 49203864 18.163043
* 133: Cost = 308244_49185892, Time = 15.96 sec. 
-Trial 133 308244 49185892 18.187539
-Trial 134 308244 49185892 18.279152
-Trial 135 308244 49185892 18.332274
* 136: Cost = 308244_48969754, Time = 16.41 sec. 
-Trial 136 308244 48969754 18.636417
* 137: Cost = 308244_48904955, Time = 16.48 sec. 
-Trial 137 308244 48904955 18.708878
-Trial 138 308244 48904955 18.936326
-Trial 139 308244 48904955 19.074492
* 140: Cost = 308244_48852398, Time = 16.89 sec. 
-Trial 140 308244 48852398 19.114447
-Trial 141 308244 48852398 19.283084
-Trial 142 308244 48852398 19.373526
-Trial 143 308244 48852398 19.411360
-Trial 144 308244 48852398 19.619031
-Trial 145 308244 48852398 19.720574
* 146: Cost = 308244_48834440, Time = 17.60 sec. 
-Trial 146 308244 48834440 19.827234
-Trial 147 308244 48834440 19.850048
-Trial 148 308244 48834440 19.879082
-Trial 149 308244 48834440 19.901657
* 150: Cost = 308244_48709912, Time = 17.73 sec. 
-Trial 150 308244 48709912 19.950931
-Trial 151 308244 48709912 19.989723
-Trial 152 308244 48709912 19.996208
-Trial 153 308244 48709912 20.044577
-Trial 154 308244 48709912 20.097780
-Trial 155 308244 48709912 20.123568
-Trial 156 308244 48709912 20.142646
* 157: Cost = 308244_48621141, Time = 17.96 sec. 
-Trial 157 308244 48621141 20.184798
-Trial 158 308244 48621141 20.222782
* 159: Cost = 308244_48604703, Time = 18.03 sec. 
-Trial 159 308244 48604703 20.255506
* 160: Cost = 308244_48562209, Time = 18.07 sec. 
-Trial 160 308244 48562209 20.298562
-Trial 161 308244 48562209 20.621134
-Trial 162 308244 48562209 20.639674
-Trial 163 308244 48562209 20.646871
-Trial 164 308244 48562209 20.714085
-Trial 165 308244 48562209 20.759805
-Trial 166 308244 48562209 21.440303
-Trial 167 308244 48562209 21.477516
-Trial 168 308244 48562209 21.503372
-Trial 169 308244 48562209 21.719802
-Trial 170 308244 48562209 21.866010
-Trial 171 308244 48562209 21.894420
* 172: Cost = 308244_48529639, Time = 19.68 sec. 
-Trial 172 308244 48529639 21.906632
-Trial 173 308244 48529639 22.014770
-Trial 174 308244 48529639 22.091545
-Trial 175 308244 48529639 22.233746
-Trial 176 308244 48529639 22.276388
* 177: Cost = 308244_48506093, Time = 20.10 sec. 
-Trial 177 308244 48506093 22.327642
-Trial 178 308244 48506093 22.369139
-Trial 179 308244 48506093 22.415847
-Trial 180 308244 48506093 22.499062
-Trial 181 308244 48506093 22.523212
* 182: Cost = 308244_48390603, Time = 20.35 sec. 
-Trial 182 308244 48390603 22.577081
-Trial 183 308244 48390603 22.615144
-Trial 184 308244 48390603 22.672249
-Trial 185 308244 48390603 22.707515
-Trial 186 308244 48390603 22.753069
-Trial 187 308244 48390603 22.786452
-Trial 188 308244 48390603 22.817794
-Trial 189 308244 48390603 22.868618
* 190: Cost = 308244_48387387, Time = 20.83 sec. 
-Trial 190 308244 48387387 23.056861
-Trial 191 308244 48387387 23.142094
-Trial 192 308244 48387387 23.190112
-Trial 193 308244 48387387 23.216966
-Trial 194 308244 48387387 23.257165
-Trial 195 308244 48387387 23.292154
-Trial 196 308244 48387387 23.309082
-Trial 197 308244 48387387 23.318863
-Trial 198 308244 48387387 23.344319
-Trial 199 308244 48387387 23.358133
-Trial 200 308244 48387387 23.419962
-Trial 201 308244 48387387 23.442557
-Trial 202 308244 48387387 23.516138
-Trial 203 308244 48387387 23.637896
-Trial 204 308244 48387387 23.654436
-Trial 205 308244 48387387 23.760982
-Trial 206 308244 48387387 23.800044
* 207: Cost = 308244_48384696, Time = 21.60 sec. 
-Trial 207 308244 48384696 23.824307
* 208: Cost = 308244_48043164, Time = 21.83 sec. 
-Trial 208 308244 48043164 24.058777
-Trial 209 308244 48043164 24.080096
-Trial 210 308244 48043164 24.175764
-Trial 211 308244 48043164 24.207338
-Trial 212 308244 48043164 24.222229
-Trial 213 308244 48043164 24.253225
-Trial 214 308244 48043164 24.285345
-Trial 215 308244 48043164 24.341318
-Trial 216 308244 48043164 24.344581
-Trial 217 308244 48043164 24.365657
-Trial 218 308244 48043164 24.386501
-Trial 219 308244 48043164 24.491311
-Trial 220 308244 48043164 24.520173
* 221: Cost = 308244_47932182, Time = 22.35 sec. 
-Trial 221 308244 47932182 24.569935
* 222: Cost = 308244_47903575, Time = 22.38 sec. 
-Trial 222 308244 47903575 24.600057
-Trial 223 308244 47903575 24.663765
-Trial 224 308244 47903575 24.794875
-Trial 225 308244 47903575 24.802347
-Trial 226 308244 47903575 24.864409
-Trial 227 308244 47903575 24.976873
-Trial 228 308244 47903575 25.006424
-Trial 229 308244 47903575 25.033408
-Trial 230 308244 47903575 25.115363
* 231: Cost = 308244_47754387, Time = 22.97 sec. 
-Trial 231 308244 47754387 25.192770
* 232: Cost = 308244_47657889, Time = 23.09 sec. 
-Trial 232 308244 47657889 25.312137
-Trial 233 308244 47657889 25.379909
-Trial 234 308244 47657889 25.402467
-Trial 235 308244 47657889 25.434640
-Trial 236 308244 47657889 25.526811
-Trial 237 308244 47657889 25.617344
* 238: Cost = 308244_47516540, Time = 23.48 sec. 
-Trial 238 308244 47516540 25.704836
-Trial 239 308244 47516540 25.728238
-Trial 240 308244 47516540 25.739301
-Trial 241 308244 47516540 25.810202
-Trial 242 308244 47516540 25.835201
-Trial 243 308244 47516540 26.035732
-Trial 244 308244 47516540 26.093282
-Trial 245 308244 47516540 26.176585
-Trial 246 308244 47516540 26.436463
* 247: Cost = 308244_47504641, Time = 24.24 sec. 
-Trial 247 308244 47504641 26.468420
-Trial 248 308244 47504641 26.524297
-Trial 249 308244 47504641 26.659468
-Trial 250 308244 47504641 26.722472
-Trial 251 308244 47504641 26.753765
* 252: Cost = 308244_47500125, Time = 24.59 sec. 
-Trial 252 308244 47500125 26.817073
-Trial 253 308244 47500125 26.920737
-Trial 254 308244 47500125 27.003066
-Trial 255 308244 47500125 27.128550
-Trial 256 308244 47500125 27.240049
-Trial 257 308244 47500125 27.368960
* 258: Cost = 308244_47487370, Time = 25.16 sec. 
-Trial 258 308244 47487370 27.384542
-Trial 259 308244 47487370 27.530310
-Trial 260 308244 47487370 27.557088
-Trial 261 308244 47487370 27.755154
-Trial 262 308244 47487370 27.818644
-Trial 263 308244 47487370 27.904505
-Trial 264 308244 47487370 27.961865
-Trial 265 308244 47487370 28.049920
-Trial 266 308244 47487370 28.146819
-Trial 267 308244 47487370 28.200795
-Trial 268 308244 47487370 28.283384
-Trial 269 308244 47487370 28.438007
-Trial 270 308244 47487370 28.499889
-Trial 271 308244 47487370 28.586215
-Trial 272 308244 47487370 28.652542
-Trial 273 308244 47487370 28.910723
-Trial 274 308244 47487370 29.024464
-Trial 275 308244 47487370 29.126261
-Trial 276 308244 47487370 29.246765
-Trial 277 308244 47487370 29.250589
-Trial 278 308244 47487370 29.372609
-Trial 279 308244 47487370 29.523758
-Trial 280 308244 47487370 29.554975
-Trial 281 308244 47487370 29.635564
-Trial 282 308244 47487370 29.713406
-Trial 283 308244 47487370 29.766838
-Trial 284 308244 47487370 29.864494
-Trial 285 308244 47487370 29.891124
-Trial 286 308244 47487370 29.991461
-Trial 287 308244 47487370 30.159426
-Trial 288 308244 47487370 30.275752
-Trial 289 308244 47487370 30.366884
-Trial 290 308244 47487370 30.432076
-Trial 291 308244 47487370 30.534469
-Trial 292 308244 47487370 30.550930
-Trial 293 308244 47487370 30.615264
-Trial 294 308244 47487370 30.644201
-Trial 295 308244 47487370 30.686492
-Trial 296 308244 47487370 30.713378
-Trial 297 308244 47487370 30.939419
* 298: Cost = 308244_47450932, Time = 28.77 sec. 
-Trial 298 308244 47450932 30.994675
-Trial 299 308244 47450932 31.029234
-Trial 300 308244 47450932 31.071491
* 301: Cost = 308244_47439076, Time = 28.91 sec. 
-Trial 301 308244 47439076 31.138203
-Trial 302 308244 47439076 31.202646
-Trial 303 308244 47439076 31.325089
-Trial 304 308244 47439076 31.379170
-Trial 305 308244 47439076 31.413628
* 306: Cost = 308244_47347463, Time = 29.25 sec. 
-Trial 306 308244 47347463 31.475766
-Trial 307 308244 47347463 31.516538
-Trial 308 308244 47347463 31.574851
-Trial 309 308244 47347463 31.625700
* 310: Cost = 308244_47266770, Time = 29.43 sec. 
-Trial 310 308244 47266770 31.654439
-Trial 311 308244 47266770 31.784740
* 312: Cost = 308244_47237327, Time = 29.59 sec. 
-Trial 312 308244 47237327 31.815660
-Trial 313 308244 47237327 31.868643
-Trial 314 308244 47237327 31.932894
-Trial 315 308244 47237327 31.933477
-Trial 316 308244 47237327 31.967601
-Trial 317 308244 47237327 32.005578
-Trial 318 308244 47237327 32.209127
* 319: Cost = 308244_47217106, Time = 30.03 sec. 
-Trial 319 308244 47217106 32.256022
-Trial 320 308244 47217106 32.359304
-Trial 321 308244 47217106 32.393691
-Trial 322 308244 47217106 32.431394
-Trial 323 308244 47217106 32.532930
-Trial 324 308244 47217106 32.649704
-Trial 325 308244 47217106 32.731921
-Trial 326 308244 47217106 32.745499
-Trial 327 308244 47217106 32.768784
-Trial 328 308244 47217106 32.825810
-Trial 329 308244 47217106 32.861598
-Trial 330 308244 47217106 32.950423
-Trial 331 308244 47217106 32.975182
* 332: Cost = 308244_47115234, Time = 30.82 sec. 
-Trial 332 308244 47115234 33.040408
-Trial 333 308244 47115234 33.075665
-Trial 334 308244 47115234 33.100954
-Trial 335 308244 47115234 33.115200
* 336: Cost = 308244_47096626, Time = 30.94 sec. 
-Trial 336 308244 47096626 33.167161
-Trial 337 308244 47096626 33.187769
-Trial 338 308244 47096626 33.264264
-Trial 339 308244 47096626 33.338918
-Trial 340 308244 47096626 33.360707
-Trial 341 308244 47096626 33.419935
* 342: Cost = 308244_47047761, Time = 31.24 sec. 
-Trial 342 308244 47047761 33.462585
-Trial 343 308244 47047761 33.596962
-Trial 344 308244 47047761 33.599417
-Trial 345 308244 47047761 33.681669
-Trial 346 308244 47047761 33.742597
-Trial 347 308244 47047761 33.856083
* 348: Cost = 308244_46969053, Time = 31.67 sec. 
-Trial 348 308244 46969053 33.890330
-Trial 349 308244 46969053 33.892010
-Trial 350 308244 46969053 33.993703
-Trial 351 308244 46969053 34.017307
* 352: Cost = 308244_46946874, Time = 31.87 sec. 
-Trial 352 308244 46946874 34.091249
-Trial 353 308244 46946874 34.091691
-Trial 354 308244 46946874 34.102094
-Trial 355 308244 46946874 34.410269
* 356: Cost = 308244_46944164, Time = 32.24 sec. 
-Trial 356 308244 46944164 34.466375
-Trial 357 308244 46944164 34.559321
-Trial 358 308244 46944164 34.600120
-Trial 359 308244 46944164 34.609895
-Trial 360 308244 46944164 34.647507
* 361: Cost = 308244_46874213, Time = 32.47 sec. 
-Trial 361 308244 46874213 34.689089
* 362: Cost = 308244_46848172, Time = 32.49 sec. 
-Trial 362 308244 46848172 34.711265
-Trial 363 308244 46848172 34.732614
-Trial 364 308244 46848172 34.780668
-Trial 365 308244 46848172 34.810535
* 366: Cost = 308244_46827957, Time = 32.60 sec. 
-Trial 366 308244 46827957 34.821043
-Trial 367 308244 46827957 34.876268
* 368: Cost = 308244_46748612, Time = 32.70 sec. 
-Trial 368 308244 46748612 34.924552
* 369: Cost = 308244_46736207, Time = 32.80 sec. 
-Trial 369 308244 46736207 35.018994
-Trial 370 308244 46736207 35.056993
-Trial 371 308244 46736207 35.082515
-Trial 372 308244 46736207 35.149377
-Trial 373 308244 46736207 35.150707
-Trial 374 308244 46736207 35.208559
-Trial 375 308244 46736207 35.245764
-Trial 376 308244 46736207 35.282550
-Trial 377 308244 46736207 35.387404
* 378: Cost = 308244_46713696, Time = 33.17 sec. 
-Trial 378 308244 46713696 35.392772
-Trial 379 308244 46713696 35.454059
* 380: Cost = 308244_46678642, Time = 33.28 sec. 
-Trial 380 308244 46678642 35.503926
-Trial 381 308244 46678642 35.510758
-Trial 382 308244 46678642 35.550595
-Trial 383 308244 46678642 35.585470
-Trial 384 308244 46678642 35.696252
-Trial 385 308244 46678642 35.788262
-Trial 386 308244 46678642 35.847533
-Trial 387 308244 46678642 35.992028
-Trial 388 308244 46678642 36.021545
-Trial 389 308244 46678642 36.045712
-Trial 390 308244 46678642 36.113382
-Trial 391 308244 46678642 36.118376
* 392: Cost = 308244_46675565, Time = 33.93 sec. 
-Trial 392 308244 46675565 36.151851
-Trial 393 308244 46675565 36.166236
-Trial 394 308244 46675565 36.223974
-Trial 395 308244 46675565 36.431297
-Trial 396 308244 46675565 36.444476
-Trial 397 308244 46675565 36.468404
* 398: Cost = 308244_46634485, Time = 34.43 sec. 
-Trial 398 308244 46634485 36.651456
-Trial 399 308244 46634485 36.684035
-Trial 400 308244 46634485 36.807388
* 401: Cost = 308244_46553958, Time = 34.63 sec. 
-Trial 401 308244 46553958 36.858910
-Trial 402 308244 46553958 37.008660
-Trial 403 308244 46553958 37.099671
-Trial 404 308244 46553958 37.173254
-Trial 405 308244 46553958 37.277872
-Trial 406 308244 46553958 37.452434
-Trial 407 308244 46553958 37.455828
-Trial 408 308244 46553958 37.481312
* 409: Cost = 308244_46546076, Time = 35.31 sec. 
-Trial 409 308244 46546076 37.535602
-Trial 410 308244 46546076 37.564113
-Trial 411 308244 46546076 37.602124
-Trial 412 308244 46546076 37.651220
-Trial 413 308244 46546076 37.719232
-Trial 414 308244 46546076 37.878491
* 415: Cost = 308244_46517944, Time = 35.70 sec. 
-Trial 415 308244 46517944 37.926082
-Trial 416 308244 46517944 37.982242
-Trial 417 308244 46517944 37.986492
-Trial 418 308244 46517944 38.011127
-Trial 419 308244 46517944 38.105917
-Trial 420 308244 46517944 38.152770
-Trial 421 308244 46517944 38.188010
-Trial 422 308244 46517944 38.226113
-Trial 423 308244 46517944 38.287672
-Trial 424 308244 46517944 38.312941
-Trial 425 308244 46517944 38.419288
-Trial 426 308244 46517944 38.457740
-Trial 427 308244 46517944 38.537610
-Trial 428 308244 46517944 38.563186
-Trial 429 308244 46517944 38.571494
-Trial 430 308244 46517944 38.607435
* 431: Cost = 308244_46502270, Time = 36.40 sec. 
-Trial 431 308244 46502270 38.627705
-Trial 432 308244 46502270 38.659527
-Trial 433 308244 46502270 38.705055
-Trial 434 308244 46502270 38.714500
* 435: Cost = 308244_46481254, Time = 36.51 sec. 
-Trial 435 308244 46481254 38.734311
* 436: Cost = 308244_46440063, Time = 36.53 sec. 
-Trial 436 308244 46440063 38.753116
-Trial 437 308244 46440063 38.837170
-Trial 438 308244 46440063 38.931270
-Trial 439 308244 46440063 38.934626
-Trial 440 308244 46440063 39.011621
-Trial 441 308244 46440063 39.026740
-Trial 442 308244 46440063 39.087022
-Trial 443 308244 46440063 39.171401
-Trial 444 308244 46440063 39.220838
-Trial 445 308244 46440063 39.258626
-Trial 446 308244 46440063 39.328703
-Trial 447 308244 46440063 39.421305
-Trial 448 308244 46440063 39.525125
-Trial 449 308244 46440063 39.532529
-Trial 450 308244 46440063 39.545809
-Trial 451 308244 46440063 39.570317
-Trial 452 308244 46440063 39.621164
-Trial 453 308244 46440063 39.806827
-Trial 454 308244 46440063 39.992039
-Trial 455 308244 46440063 40.009811
* 456: Cost = 308244_46235918, Time = 37.81 sec. 
-Trial 456 308244 46235918 40.032797
-Trial 457 308244 46235918 40.052328
* 458: Cost = 0_47157747, Time = 37.84 sec. 
-Trial 458 0 47157747 40.059037
-Trial 459 0 47157747 40.066222
-Trial 460 0 47157747 40.071881
-Trial 461 0 47157747 40.074572
-Trial 462 0 47157747 40.120239
-Trial 463 0 47157747 40.141838
-Trial 464 0 47157747 40.167757
-Trial 465 0 47157747 40.173907
-Trial 466 0 47157747 40.188353
-Trial 467 0 47157747 40.197921
-Trial 468 0 47157747 40.204267
-Trial 469 0 47157747 40.234096
-Trial 470 0 47157747 40.241814
* 471: Cost = 0_47151382, Time = 38.05 sec. 
-Trial 471 0 47151382 40.277332
-Trial 472 0 47151382 40.284849
-Trial 473 0 47151382 40.290362
-Trial 474 0 47151382 40.297136
-Trial 475 0 47151382 40.306744
-Trial 476 0 47151382 40.313805
-Trial 477 0 47151382 40.317286
-Trial 478 0 47151382 40.409078
-Trial 479 0 47151382 40.434526
-Trial 480 0 47151382 40.438225
-Trial 481 0 47151382 40.443862
-Trial 482 0 47151382 40.483460
-Trial 483 0 47151382 40.503710
-Trial 484 0 47151382 40.520057
-Trial 485 0 47151382 40.528199
-Trial 486 0 47151382 40.564040
-Trial 487 0 47151382 40.629044
-Trial 488 0 47151382 40.738518
-Trial 489 0 47151382 40.851034
-Trial 490 0 47151382 40.863119
-Trial 491 0 47151382 40.915206
-Trial 492 0 47151382 40.931205
-Trial 493 0 47151382 40.933804
-Trial 494 0 47151382 40.960465
-Trial 495 0 47151382 40.990726
-Trial 496 0 47151382 41.044270
-Trial 497 0 47151382 41.051389
-Trial 498 0 47151382 41.058233
-Trial 499 0 47151382 41.066538
-Trial 500 0 47151382 41.075003
-Trial 501 0 47151382 41.081683
-Trial 502 0 47151382 41.098913
-Trial 503 0 47151382 41.116478
-Trial 504 0 47151382 41.181532
-Trial 505 0 47151382 41.189388
-Trial 506 0 47151382 41.202753
-Trial 507 0 47151382 41.228986
-Trial 508 0 47151382 41.302154
-Trial 509 0 47151382 41.315360
-Trial 510 0 47151382 41.337623
-Trial 511 0 47151382 41.343670
-Trial 512 0 47151382 41.385286
-Trial 513 0 47151382 41.415821
-Trial 514 0 47151382 41.427815
-Trial 515 0 47151382 41.438338
-Trial 516 0 47151382 41.442488
-Trial 517 0 47151382 41.471279
-Trial 518 0 47151382 41.486902
-Trial 519 0 47151382 41.494841
-Trial 520 0 47151382 41.513140
-Trial 521 0 47151382 41.521745
-Trial 522 0 47151382 41.539486
-Trial 523 0 47151382 41.551546
-Trial 524 0 47151382 41.562527
-Trial 525 0 47151382 41.566698
-Trial 526 0 47151382 41.590285
-Trial 527 0 47151382 41.608982
* 528: Cost = 0_47105510, Time = 39.39 sec. 
-Trial 528 0 47105510 41.616672
-Trial 529 0 47105510 41.621007
-Trial 530 0 47105510 41.670642
-Trial 531 0 47105510 41.688524
-Trial 532 0 47105510 41.762295
-Trial 533 0 47105510 41.822857
-Trial 534 0 47105510 41.837977
-Trial 535 0 47105510 41.858717
-Trial 536 0 47105510 41.865886
-Trial 537 0 47105510 41.867500
-Trial 538 0 47105510 41.879715
-Trial 539 0 47105510 41.887847
-Trial 540 0 47105510 42.034759
-Trial 541 0 47105510 42.079433
-Trial 542 0 47105510 42.108559
-Trial 543 0 47105510 42.159319
-Trial 544 0 47105510 42.190533
-Trial 545 0 47105510 42.196575
-Trial 546 0 47105510 42.260666
-Trial 547 0 47105510 42.285842
-Trial 548 0 47105510 42.301605
-Trial 549 0 47105510 42.367502
-Trial 550 0 47105510 42.405843
-Trial 551 0 47105510 42.436158
-Trial 552 0 47105510 42.451960
-Trial 553 0 47105510 42.466511
-Trial 554 0 47105510 42.479616
-Trial 555 0 47105510 42.503861
-Trial 556 0 47105510 42.514792
-Trial 557 0 47105510 42.517391
-Trial 558 0 47105510 42.532806
-Trial 559 0 47105510 42.554268
-Trial 560 0 47105510 42.605881
-Trial 561 0 47105510 42.633122
-Trial 562 0 47105510 42.668990
-Trial 563 0 47105510 42.683469
-Trial 564 0 47105510 42.696587
-Trial 565 0 47105510 42.702518
-Trial 566 0 47105510 42.742375
-Trial 567 0 47105510 42.751207
* 568: Cost = 0_46791477, Time = 40.54 sec. 
-Trial 568 0 46791477 42.765954
-Trial 569 0 46791477 42.810455
-Trial 570 0 46791477 42.846600
-Trial 571 0 46791477 42.908619
-Trial 572 0 46791477 42.918943
-Trial 573 0 46791477 42.929244
-Trial 574 0 46791477 42.943702
-Trial 575 0 46791477 42.946367
-Trial 576 0 46791477 42.992424
* 577: Cost = 0_46772112, Time = 40.78 sec. 
-Trial 577 0 46772112 43.008388
-Trial 578 0 46772112 43.079842
-Trial 579 0 46772112 43.101097
-Trial 580 0 46772112 43.115842
-Trial 581 0 46772112 43.182549
-Trial 582 0 46772112 43.190342
-Trial 583 0 46772112 43.242062
-Trial 584 0 46772112 43.245761
-Trial 585 0 46772112 43.254655
-Trial 586 0 46772112 43.277857
-Trial 587 0 46772112 43.367057
-Trial 588 0 46772112 43.375561
-Trial 589 0 46772112 43.395021
-Trial 590 0 46772112 43.423608
-Trial 591 0 46772112 43.447113
-Trial 592 0 46772112 43.466840
-Trial 593 0 46772112 43.527082
-Trial 594 0 46772112 43.556278
-Trial 595 0 46772112 43.564652
-Trial 596 0 46772112 43.596804
-Trial 597 0 46772112 43.606964
-Trial 598 0 46772112 43.623326
-Trial 599 0 46772112 43.629023
-Trial 600 0 46772112 43.648594
-Trial 601 0 46772112 43.671435
-Trial 602 0 46772112 43.686790
-Trial 603 0 46772112 43.709996
-Trial 604 0 46772112 43.753885
-Trial 605 0 46772112 43.754323
-Trial 606 0 46772112 43.761440
-Trial 607 0 46772112 43.769777
-Trial 608 0 46772112 43.850824
-Trial 609 0 46772112 43.875473
-Trial 610 0 46772112 43.900748
-Trial 611 0 46772112 43.911153
-Trial 612 0 46772112 43.924752
* 613: Cost = 0_46691156, Time = 41.75 sec. 
-Trial 613 0 46691156 43.969703
-Trial 614 0 46691156 43.994301
-Trial 615 0 46691156 43.999779
-Trial 616 0 46691156 44.202501
-Trial 617 0 46691156 44.225940
-Trial 618 0 46691156 44.243347
-Trial 619 0 46691156 44.267684
-Trial 620 0 46691156 44.275928
-Trial 621 0 46691156 44.286452
-Trial 622 0 46691156 44.287312
-Trial 623 0 46691156 44.304027
-Trial 624 0 46691156 44.311994
-Trial 625 0 46691156 44.402432
-Trial 626 0 46691156 44.442926
-Trial 627 0 46691156 44.538457
-Trial 628 0 46691156 44.552987
-Trial 629 0 46691156 44.558820
-Trial 630 0 46691156 44.621053
-Trial 631 0 46691156 44.654552
-Trial 632 0 46691156 44.714629
-Trial 633 0 46691156 44.724086
-Trial 634 0 46691156 44.729193
-Trial 635 0 46691156 44.734050
-Trial 636 0 46691156 44.786247
-Trial 637 0 46691156 44.800433
-Trial 638 0 46691156 44.845105
-Trial 639 0 46691156 44.854960
* 640: Cost = 0_46635953, Time = 42.66 sec. 
-Trial 640 0 46635953 44.883183
-Trial 641 0 46635953 44.932102
-Trial 642 0 46635953 44.943909
-Trial 643 0 46635953 44.967410
-Trial 644 0 46635953 44.982614
-Trial 645 0 46635953 44.983954
-Trial 646 0 46635953 44.984836
-Trial 647 0 46635953 44.985298
-Trial 648 0 46635953 45.001424
-Trial 649 0 46635953 45.069571
-Trial 650 0 46635953 45.082140
-Trial 651 0 46635953 45.257561
-Trial 652 0 46635953 45.378172
-Trial 653 0 46635953 45.413586
-Trial 654 0 46635953 45.467869
-Trial 655 0 46635953 45.612070
-Trial 656 0 46635953 45.632893
-Trial 657 0 46635953 45.662334
-Trial 658 0 46635953 45.774268
-Trial 659 0 46635953 45.785290
-Trial 660 0 46635953 45.814155
-Trial 661 0 46635953 45.847020
-Trial 662 0 46635953 45.884458
-Trial 663 0 46635953 45.907748
-Trial 664 0 46635953 45.935049
-Trial 665 0 46635953 46.030189
-Trial 666 0 46635953 46.070906
-Trial 667 0 46635953 46.085144
-Trial 668 0 46635953 46.118486
-Trial 669 0 46635953 46.152569
-Trial 670 0 46635953 46.242386
-Trial 671 0 46635953 46.257145
-Trial 672 0 46635953 46.280708
-Trial 673 0 46635953 46.287877
-Trial 674 0 46635953 46.294733
-Trial 675 0 46635953 46.304036
-Trial 676 0 46635953 46.316118
-Trial 677 0 46635953 46.345812
-Trial 678 0 46635953 46.354185
-Trial 679 0 46635953 46.392904
-Trial 680 0 46635953 46.393355
-Trial 681 0 46635953 46.401831
-Trial 682 0 46635953 46.422182
-Trial 683 0 46635953 46.509997
-Trial 684 0 46635953 46.513203
-Trial 685 0 46635953 46.525915
-Trial 686 0 46635953 46.560114
-Trial 687 0 46635953 46.586967
-Trial 688 0 46635953 46.600024
-Trial 689 0 46635953 46.603474
-Trial 690 0 46635953 46.610795
-Trial 691 0 46635953 46.620048
-Trial 692 0 46635953 46.643673
-Trial 693 0 46635953 46.689081
-Trial 694 0 46635953 46.731237
-Trial 695 0 46635953 46.890009
-Trial 696 0 46635953 46.902315
-Trial 697 0 46635953 46.972446
-Trial 698 0 46635953 47.046569
-Trial 699 0 46635953 47.049069
-Trial 700 0 46635953 47.064735
-Trial 701 0 46635953 47.084384
-Trial 702 0 46635953 47.097861
* 703: Cost = 0_46634767, Time = 44.89 sec. 
-Trial 703 0 46634767 47.110273
-Trial 704 0 46634767 47.130502
* 705: Cost = 0_46608068, Time = 44.92 sec. 
-Trial 705 0 46608068 47.140663
-Trial 706 0 46608068 47.144666
-Trial 707 0 46608068 47.161354
-Trial 708 0 46608068 47.204925
-Trial 709 0 46608068 47.213962
-Trial 710 0 46608068 47.214936
-Trial 711 0 46608068 47.286520
-Trial 712 0 46608068 47.318514
-Trial 713 0 46608068 47.337426
-Trial 714 0 46608068 47.376007
-Trial 715 0 46608068 47.389361
-Trial 716 0 46608068 47.416050
-Trial 717 0 46608068 47.432494
-Trial 718 0 46608068 47.434197
-Trial 719 0 46608068 47.436753
-Trial 720 0 46608068 47.461738
-Trial 721 0 46608068 47.500276
-Trial 722 0 46608068 47.505144
-Trial 723 0 46608068 47.535058
-Trial 724 0 46608068 47.588327
-Trial 725 0 46608068 47.613289
-Trial 726 0 46608068 47.638495
-Trial 727 0 46608068 47.661683
-Trial 728 0 46608068 47.666737
-Trial 729 0 46608068 47.674092
-Trial 730 0 46608068 47.688712
-Trial 731 0 46608068 47.695534
-Trial 732 0 46608068 47.702716
-Trial 733 0 46608068 47.725419
* 734: Cost = 0_46595176, Time = 45.64 sec. 
-Trial 734 0 46595176 47.861619
-Trial 735 0 46595176 47.877377
-Trial 736 0 46595176 47.972493
-Trial 737 0 46595176 47.987909
-Trial 738 0 46595176 48.006149
-Trial 739 0 46595176 48.031146
-Trial 740 0 46595176 48.040166
-Trial 741 0 46595176 48.073312
-Trial 742 0 46595176 48.129937
-Trial 743 0 46595176 48.146205
-Trial 744 0 46595176 48.177995
-Trial 745 0 46595176 48.210154
-Trial 746 0 46595176 48.271485
-Trial 747 0 46595176 48.308302
-Trial 748 0 46595176 48.316447
-Trial 749 0 46595176 48.329629
-Trial 750 0 46595176 48.366945
-Trial 751 0 46595176 48.434989
-Trial 752 0 46595176 48.495049
-Trial 753 0 46595176 48.501444
-Trial 754 0 46595176 48.511227
-Trial 755 0 46595176 48.575486
-Trial 756 0 46595176 48.587986
-Trial 757 0 46595176 48.606717
-Trial 758 0 46595176 48.638766
-Trial 759 0 46595176 48.663266
-Trial 760 0 46595176 48.746022
-Trial 761 0 46595176 48.760584
-Trial 762 0 46595176 48.777726
-Trial 763 0 46595176 48.816793
-Trial 764 0 46595176 48.835041
-Trial 765 0 46595176 48.957069
-Trial 766 0 46595176 48.966055
-Trial 767 0 46595176 48.969441
-Trial 768 0 46595176 49.092166
-Trial 769 0 46595176 49.101882
-Trial 770 0 46595176 49.114201
-Trial 771 0 46595176 49.119839
-Trial 772 0 46595176 49.189450
-Trial 773 0 46595176 49.204655
-Trial 774 0 46595176 49.250367
-Trial 775 0 46595176 49.299034
-Trial 776 0 46595176 49.308712
-Trial 777 0 46595176 49.317494
-Trial 778 0 46595176 49.318288
-Trial 779 0 46595176 49.335739
-Trial 780 0 46595176 49.338683
-Trial 781 0 46595176 49.357669
-Trial 782 0 46595176 49.420106
-Trial 783 0 46595176 49.431626
-Trial 784 0 46595176 49.493606
-Trial 785 0 46595176 49.521017
-Trial 786 0 46595176 49.559102
-Trial 787 0 46595176 49.580035
-Trial 788 0 46595176 49.606009
-Trial 789 0 46595176 49.696964
-Trial 790 0 46595176 49.708857
-Trial 791 0 46595176 49.735155
-Trial 792 0 46595176 49.762290
-Trial 793 0 46595176 49.769230
-Trial 794 0 46595176 49.801982
-Trial 795 0 46595176 49.828646
-Trial 796 0 46595176 49.831398
-Trial 797 0 46595176 49.835920
-Trial 798 0 46595176 49.845424
-Trial 799 0 46595176 49.856002
-Trial 800 0 46595176 49.898919
-Trial 801 0 46595176 49.904182
-Trial 802 0 46595176 49.923853
-Trial 803 0 46595176 49.936368
-Trial 804 0 46595176 49.945811
-Trial 805 0 46595176 49.965923
-Trial 806 0 46595176 49.975473
-Trial 807 0 46595176 49.981171
-Trial 808 0 46595176 49.988536
-Trial 809 0 46595176 50.048026
-Trial 810 0 46595176 50.175391
-Trial 811 0 46595176 50.325333
-Trial 812 0 46595176 50.406297
-Trial 813 0 46595176 50.452819
-Trial 814 0 46595176 50.477689
-Trial 815 0 46595176 50.525399
-Trial 816 0 46595176 50.607116
-Trial 817 0 46595176 50.608865
-Trial 818 0 46595176 50.701578
-Trial 819 0 46595176 50.712275
-Trial 820 0 46595176 50.834696
-Trial 821 0 46595176 50.869102
-Trial 822 0 46595176 50.876466
-Trial 823 0 46595176 50.912543
-Trial 824 0 46595176 50.925477
-Trial 825 0 46595176 50.936455
-Trial 826 0 46595176 50.966039
-Trial 827 0 46595176 50.970905
-Trial 828 0 46595176 51.007533
-Trial 829 0 46595176 51.014448
-Trial 830 0 46595176 51.024166
-Trial 831 0 46595176 51.045565
-Trial 832 0 46595176 51.097874
-Trial 833 0 46595176 51.442175
-Trial 834 0 46595176 51.468244
-Trial 835 0 46595176 51.884823
-Trial 836 0 46595176 51.903057
-Trial 837 0 46595176 51.911843
-Trial 838 0 46595176 51.920797
-Trial 839 0 46595176 52.104195
-Trial 840 0 46595176 52.113472
-Trial 841 0 46595176 52.229932
-Trial 842 0 46595176 52.281250
-Trial 843 0 46595176 52.311618
-Trial 844 0 46595176 52.378291
-Trial 845 0 46595176 52.390683
-Trial 846 0 46595176 52.393878
-Trial 847 0 46595176 52.428275
-Trial 848 0 46595176 52.478949
-Trial 849 0 46595176 52.482972
-Trial 850 0 46595176 52.496224
-Trial 851 0 46595176 52.614855
-Trial 852 0 46595176 52.624890
-Trial 853 0 46595176 52.665222
-Trial 854 0 46595176 52.684237
-Trial 855 0 46595176 52.689240
-Trial 856 0 46595176 52.909123
-Trial 857 0 46595176 52.917835
-Trial 858 0 46595176 52.925952
-Trial 859 0 46595176 52.964933
-Trial 860 0 46595176 52.971716
-Trial 861 0 46595176 52.975467
-Trial 862 0 46595176 53.040197
-Trial 863 0 46595176 53.076342
* 864: Cost = 0_46592061, Time = 50.89 sec. 
-Trial 864 0 46592061 53.109927
-Trial 865 0 46592061 53.120800
-Trial 866 0 46592061 53.188852
-Trial 867 0 46592061 53.205684
-Trial 868 0 46592061 53.293225
-Trial 869 0 46592061 53.309920
-Trial 870 0 46592061 53.384714
-Trial 871 0 46592061 53.388832
-Trial 872 0 46592061 53.433318
-Trial 873 0 46592061 53.436916
-Trial 874 0 46592061 53.445637
-Trial 875 0 46592061 53.456607
-Trial 876 0 46592061 53.471523
-Trial 877 0 46592061 53.484448
-Trial 878 0 46592061 53.513733
-Trial 879 0 46592061 53.521129
-Trial 880 0 46592061 53.537843
-Trial 881 0 46592061 53.540229
-Trial 882 0 46592061 53.547127
-Trial 883 0 46592061 53.557852
-Trial 884 0 46592061 53.567011
-Trial 885 0 46592061 53.574981
-Trial 886 0 46592061 53.580909
-Trial 887 0 46592061 53.596093
-Trial 888 0 46592061 53.660028
-Trial 889 0 46592061 53.712330
-Trial 890 0 46592061 53.723914
-Trial 891 0 46592061 53.892819
-Trial 892 0 46592061 53.985214
-Trial 893 0 46592061 53.993975
-Trial 894 0 46592061 54.017241
-Trial 895 0 46592061 54.032538
-Trial 896 0 46592061 54.056809
-Trial 897 0 46592061 54.067576
-Trial 898 0 46592061 54.069512
-Trial 899 0 46592061 54.084615
-Trial 900 0 46592061 54.111907
-Trial 901 0 46592061 54.208072
-Trial 902 0 46592061 54.224942
-Trial 903 0 46592061 54.272385
-Trial 904 0 46592061 54.298292
-Trial 905 0 46592061 54.301296
-Trial 906 0 46592061 54.309863
-Trial 907 0 46592061 54.321299
-Trial 908 0 46592061 54.354157
-Trial 909 0 46592061 54.358521
-Trial 910 0 46592061 54.381688
-Trial 911 0 46592061 54.406151
-Trial 912 0 46592061 54.447573
-Trial 913 0 46592061 54.463297
-Trial 914 0 46592061 54.469333
-Trial 915 0 46592061 54.507203
-Trial 916 0 46592061 54.528661
-Trial 917 0 46592061 54.531340
-Trial 918 0 46592061 54.539429
-Trial 919 0 46592061 54.555988
-Trial 920 0 46592061 54.634667
-Trial 921 0 46592061 54.661121
-Trial 922 0 46592061 54.706783
-Trial 923 0 46592061 54.720959
-Trial 924 0 46592061 54.757449
-Trial 925 0 46592061 54.791185
-Trial 926 0 46592061 54.871519
-Trial 927 0 46592061 54.956838
-Trial 928 0 46592061 54.969482
-Trial 929 0 46592061 54.972447
-Trial 930 0 46592061 54.984900
-Trial 931 0 46592061 55.001206
-Trial 932 0 46592061 55.013947
-Trial 933 0 46592061 55.043683
-Trial 934 0 46592061 55.100352
-Trial 935 0 46592061 55.115188
-Trial 936 0 46592061 55.128928
-Trial 937 0 46592061 55.211021
-Trial 938 0 46592061 55.242494
-Trial 939 0 46592061 55.267571
-Trial 940 0 46592061 55.281571
-Trial 941 0 46592061 55.398564
-Trial 942 0 46592061 55.474232
-Trial 943 0 46592061 55.478373
-Trial 944 0 46592061 55.483079
-Trial 945 0 46592061 55.538281
-Trial 946 0 46592061 55.540421
-Trial 947 0 46592061 55.582614
-Trial 948 0 46592061 55.598451
-Trial 949 0 46592061 55.614178
-Trial 950 0 46592061 55.618712
-Trial 951 0 46592061 55.739236
-Trial 952 0 46592061 55.776762
-Trial 953 0 46592061 55.779663
-Trial 954 0 46592061 55.809655
-Trial 955 0 46592061 55.822375
-Trial 956 0 46592061 55.825073
-Trial 957 0 46592061 55.856616
-Trial 958 0 46592061 55.932145
-Trial 959 0 46592061 55.997864
-Trial 960 0 46592061 56.015623
-Trial 961 0 46592061 56.018976
-Trial 962 0 46592061 56.041590
-Trial 963 0 46592061 56.062030
-Trial 964 0 46592061 56.086276
-Trial 965 0 46592061 56.113265
-Trial 966 0 46592061 56.117325
-Trial 967 0 46592061 56.210458
-Trial 968 0 46592061 56.244292
-Trial 969 0 46592061 56.345338
-Trial 970 0 46592061 56.368946
-Trial 971 0 46592061 56.391394
-Trial 972 0 46592061 56.444440
-Trial 973 0 46592061 56.490475
-Trial 974 0 46592061 56.510104
-Trial 975 0 46592061 56.528473
-Trial 976 0 46592061 56.534683
-Trial 977 0 46592061 56.547710
-Trial 978 0 46592061 56.556897
-Trial 979 0 46592061 56.570317
-Trial 980 0 46592061 56.587594
-Trial 981 0 46592061 56.701696
-Trial 982 0 46592061 56.750266
-Trial 983 0 46592061 56.795170
-Trial 984 0 46592061 56.800483
-Trial 985 0 46592061 56.932122
-Trial 986 0 46592061 57.151466
-Trial 987 0 46592061 57.212495
-Trial 988 0 46592061 57.219478
-Trial 989 0 46592061 57.245448
-Trial 990 0 46592061 57.245842
-Trial 991 0 46592061 57.250016
-Trial 992 0 46592061 57.274525
-Trial 993 0 46592061 57.285951
-Trial 994 0 46592061 57.293163
-Trial 995 0 46592061 57.404594
-Trial 996 0 46592061 57.415414
-Trial 997 0 46592061 57.478987
-Trial 998 0 46592061 57.509218
* 999: Cost = 0_46579438, Time = 55.29 sec. 
-Trial 999 0 46579438 57.517252
-Trial 1000 0 46579438 57.570068
Population:
  1: 0_46579438
Run 1: Cost = 0_46579438, Time = 55.35 sec. 

Successes/Runs = 0/1 
Cost.min = 46579438, Cost.avg = 46579438.00, Cost.max = 46579438
Gap.min = 0.0000%, Gap.avg = 0.0000%, Gap.max = 0.0000%
Penalty.min = 0, Penalty.avg = 0.00, Penalty.max = 0
Trials.min = 1000, Trials.avg = 1000.0, Trials.max = 1000
Time.min = 55.35 sec., Time.avg = 55.35 sec., Time.max = 55.35 sec.
Time.total = 57.57 sec.
  Size.min = 19, Size.max = 33, Penalty = 0
  Cost.min = 997540, Cost.max = 3688959, Cost.sum = 46579438
Best CVRPTW solution:
  Cost = 0_46579438
1 95 150 271 252 294 283 145 265 449 440 203 304 195 88 488 232 411 327 46 102 511 303 317 68 399 235 27 233 438 11 427 89 430 401 172 180 98 78 105 329 208 508 239 484 108 419 48 127 249 264 288 470 355 104 330 56 174 205 321 344 393 67 30 280 406 497 139 190 77 450 364 349 167 333 496 517 148 460 33 306 282 226 259 18 227 442 153 113 96 182 147 36 322 351 162 334 197 261 418 506 169 164 432 209 455 500 386 59 475 143 443 380 392 409 199 22 359 13 320 214 251 457 189 434 126 377 276 257 337 40 514 7 358 405 412 268 222 85 368 325 454 103 258 462 373 134 84 385 3 318 83 110 130 267 38 225 163 453 171 519 452 266 26 275 151 6 485 179 309 213 400 160 62 433 384 374 407 118 97 403 477 107 371 141 186 348 87 491 446 246 512 366 210 94 216 424 307 243 456 201 206 193 140 441 114 242 236 218 75 192 161 312 149 240 463 248 244 19 269 459 52 90 93 502 295 302 335 357 270 207 185 473 340 165 413 381 316 109 247 71 498 458 352 196 388 31 499 465 507 228 390 152 135 439 494 49 14 290 444 91 128 478 332 124 370 132 410 431 100 166 154 331 272 194 296 516 336 142 219 156 45 314 80 435 28 347 308 445 99 15 480 50 115 285 234 43 503 37 501 123 263 125 177 173 65 187 310 389 202 408 254 482 447 20 35 136 181 468 146 66 51 505 79 428 76 60 155 82 287 47 157 301 120 69 486 176 487 495 9 178 131 12 509 256 298 372 471 299 262 57 324 221 111 422 362 42 338 223 346 116 481 345 61 24 300 504 461 375 137 170 398 121 319 360 426 23 420 402 391 70 416 10 342 289 489 520 437 472 383 387 74 8 353 361 212 86 122 4 436 158 260 144 138 63 429 291 376 2 16 518 215 293 382 341 191 476 58 101 326 417 200 41 224 277 315 183 492 286 339 5 281 363 395 394 211 365 515 231 415 34 64 25 245 81 328 404 253 397 466 21 448 414 423 369 73 72 133 184 273 292 32 241 129 510 274 55 284 159 451 483 278 112 297 204 39 313 343 237 354 396 198 217 379 474 229 106 188 305 469 119 238 54 421 350 323 255 464 513 250 92 44 230 17 168 367 279 311 117 29 53 175 356 220 378 493 425 467 479 490 1 
