PARAMETER_FILE = result/cvrptw_500/LKH_para/868.para
Reading PROBLEM_FILE: "result/cvrptw_500/cvrptw/868.cvrptw" ... done
ASCENT_CANDIDATES = 50
BACKBONE_TRIALS = 0
BACKTRACKING = NO
# BWTSP =
# CANDIDATE_FILE =
CANDIDATE_SET_TYPE = ALPHA
DEPOT = 1
# EDGE_FILE =
EXCESS = 0.0384615
EXTERNAL_SALESMEN = 0
EXTRA_CANDIDATES = 0 
EXTRA_CANDIDATE_SET_TYPE = QUADRANT
GAIN23 = NO
GAIN_CRITERION = YES
INITIAL_PERIOD = 520
INITIAL_STEP_SIZE = 1
INITIAL_TOUR_ALGORITHM = WALK
# INITIAL_TOUR_FILE = 
INITIAL_TOUR_FRACTION = 1.000
# INPUT_TOUR_FILE = 
KICK_TYPE = 4
KICKS = 1
# MAX_BREADTH =
MAKESPAN = NO
MAX_CANDIDATES = 5 
MAX_SWAPS = 0
MAX_TRIALS = 1000
# MERGE_TOUR_FILE =
MOVE_TYPE = 5 SPECIAL
MTSP_MIN_SIZE = 1
MTSP_MAX_SIZE = 1039
# MTSP_SOLUTION_FILE = 
# NONSEQUENTIAL_MOVE_TYPE = 5
# OPTIMUM =
# OUTPUT_TOUR_FILE = 
PATCHING_A = 1 
PATCHING_C = 0 
# PI_FILE = 
POPMUSIC_INITIAL_TOUR = NO
POPMUSIC_MAX_NEIGHBORS = 5
POPMUSIC_SAMPLE_SIZE = 10
POPMUSIC_SOLUTIONS = 50
POPMUSIC_TRIALS = 1
POPULATION_SIZE = 10
PRECISION = 100
PROBLEM_FILE = result/cvrptw_500/cvrptw/868.cvrptw
RECOMBINATION = IPT
RESTRICTED_SEARCH = YES
RUNS = 1
SALESMEN = 20
SCALE = 1
SEED = 1234
# SINTEF_SOLUTION_FILE = 
STOP_AT_OPTIMUM = YES
SUBGRADIENT = YES
# SUBPROBLEM_SIZE =
# SUBPROBLEM_TOUR_FILE = 
SUBSEQUENT_MOVE_TYPE = 5 SPECIAL
SUBSEQUENT_PATCHING = YES
# TIME_LIMIT =
# TOUR_FILE = 
TRACE_LEVEL = 1
VEHICLES = 20

Lower bound = 25466723.5, Ascent time = 2.27 sec.
Cand.min = 5, Cand.avg = 5.0, Cand.max = 5
Edges.fixed = 520 [Cost = 0]
Preprocessing time = 2.36 sec.
* 1: Cost = 749832_55431645, Time = 3.90 sec. 
-Trial 1 749832 55431645 6.270157
* 2: Cost = 749832_55240241, Time = 4.59 sec. 
-Trial 2 749832 55240241 6.961146
-Trial 3 749832 55240241 7.057004
* 4: Cost = 749832_54528487, Time = 4.91 sec. 
-Trial 4 749832 54528487 7.271885
-Trial 5 749832 54528487 7.503179
-Trial 6 749832 54528487 7.577127
-Trial 7 749832 54528487 7.723973
* 8: Cost = 749832_54361424, Time = 5.49 sec. 
-Trial 8 749832 54361424 7.859112
-Trial 9 749832 54361424 7.919942
-Trial 10 749832 54361424 8.010302
-Trial 11 749832 54361424 8.020822
* 12: Cost = 517694_54483067, Time = 5.73 sec. 
-Trial 12 517694 54483067 8.095986
-Trial 13 517694 54483067 8.497500
-Trial 14 517694 54483067 8.724918
-Trial 15 517694 54483067 8.901619
-Trial 16 517694 54483067 9.123907
* 17: Cost = 483575_55023813, Time = 7.02 sec. 
-Trial 17 483575 55023813 9.388512
* 18: Cost = 430186_55067100, Time = 7.23 sec. 
-Trial 18 430186 55067100 9.599436
* 19: Cost = 309574_54949769, Time = 7.26 sec. 
-Trial 19 309574 54949769 9.623963
-Trial 20 309574 54949769 9.905130
-Trial 21 309574 54949769 9.918305
* 22: Cost = 309574_54841335, Time = 7.59 sec. 
-Trial 22 309574 54841335 9.956924
* 23: Cost = 309574_54817471, Time = 7.60 sec. 
-Trial 23 309574 54817471 9.971263
* 24: Cost = 309574_54478860, Time = 7.65 sec. 
-Trial 24 309574 54478860 10.017899
* 25: Cost = 309574_53955552, Time = 7.88 sec. 
-Trial 25 309574 53955552 10.244457
* 26: Cost = 309574_53642704, Time = 7.89 sec. 
-Trial 26 309574 53642704 10.260225
* 27: Cost = 309574_53574222, Time = 7.91 sec. 
-Trial 27 309574 53574222 10.276367
-Trial 28 309574 53574222 10.323562
-Trial 29 309574 53574222 10.592180
-Trial 30 309574 53574222 10.657390
-Trial 31 309574 53574222 10.665431
* 32: Cost = 0_54102241, Time = 8.44 sec. 
-Trial 32 0 54102241 10.807159
* 33: Cost = 0_53890504, Time = 8.45 sec. 
-Trial 33 0 53890504 10.815760
-Trial 34 0 53890504 10.867323
* 35: Cost = 0_53862988, Time = 8.52 sec. 
-Trial 35 0 53862988 10.887849
* 36: Cost = 0_53862416, Time = 8.55 sec. 
-Trial 36 0 53862416 10.913937
-Trial 37 0 53862416 10.990008
-Trial 38 0 53862416 11.521838
* 39: Cost = 0_53715871, Time = 9.18 sec. 
-Trial 39 0 53715871 11.541569
* 40: Cost = 0_53603645, Time = 9.19 sec. 
-Trial 40 0 53603645 11.559297
* 41: Cost = 0_53467265, Time = 9.20 sec. 
-Trial 41 0 53467265 11.561739
-Trial 42 0 53467265 11.589256
* 43: Cost = 0_53287683, Time = 9.26 sec. 
-Trial 43 0 53287683 11.626467
-Trial 44 0 53287683 11.703798
* 45: Cost = 0_53220717, Time = 9.47 sec. 
-Trial 45 0 53220717 11.833278
-Trial 46 0 53220717 11.873531
-Trial 47 0 53220717 11.980509
-Trial 48 0 53220717 11.988310
-Trial 49 0 53220717 12.004486
* 50: Cost = 0_53123607, Time = 9.68 sec. 
-Trial 50 0 53123607 12.044681
-Trial 51 0 53123607 12.062637
-Trial 52 0 53123607 12.244059
-Trial 53 0 53123607 12.248907
* 54: Cost = 0_53119165, Time = 9.90 sec. 
-Trial 54 0 53119165 12.262804
-Trial 55 0 53119165 12.332877
-Trial 56 0 53119165 12.368755
* 57: Cost = 0_52828349, Time = 10.05 sec. 
-Trial 57 0 52828349 12.413375
-Trial 58 0 52828349 12.413999
-Trial 59 0 52828349 12.446083
-Trial 60 0 52828349 12.489809
* 61: Cost = 0_52705430, Time = 10.21 sec. 
-Trial 61 0 52705430 12.579549
-Trial 62 0 52705430 12.586805
* 63: Cost = 0_52674203, Time = 10.24 sec. 
-Trial 63 0 52674203 12.606797
* 64: Cost = 0_52500256, Time = 10.32 sec. 
-Trial 64 0 52500256 12.690390
* 65: Cost = 0_52470968, Time = 10.35 sec. 
-Trial 65 0 52470968 12.713249
-Trial 66 0 52470968 12.717745
-Trial 67 0 52470968 12.737727
-Trial 68 0 52470968 12.949024
* 69: Cost = 0_52283298, Time = 10.60 sec. 
-Trial 69 0 52283298 12.965247
-Trial 70 0 52283298 13.297379
-Trial 71 0 52283298 13.341583
* 72: Cost = 0_51909781, Time = 11.01 sec. 
-Trial 72 0 51909781 13.373466
-Trial 73 0 51909781 13.386918
* 74: Cost = 0_51545873, Time = 11.04 sec. 
-Trial 74 0 51545873 13.409643
-Trial 75 0 51545873 13.416159
-Trial 76 0 51545873 13.426650
-Trial 77 0 51545873 13.476965
-Trial 78 0 51545873 13.508214
* 79: Cost = 0_51525052, Time = 11.15 sec. 
-Trial 79 0 51525052 13.512203
* 80: Cost = 0_51382269, Time = 11.21 sec. 
-Trial 80 0 51382269 13.579857
-Trial 81 0 51382269 13.592790
-Trial 82 0 51382269 13.624674
-Trial 83 0 51382269 13.665844
* 84: Cost = 0_50683150, Time = 11.31 sec. 
-Trial 84 0 50683150 13.673127
* 85: Cost = 0_50680995, Time = 11.35 sec. 
-Trial 85 0 50680995 13.719606
-Trial 86 0 50680995 13.734798
-Trial 87 0 50680995 13.752700
-Trial 88 0 50680995 13.774129
-Trial 89 0 50680995 13.779675
-Trial 90 0 50680995 13.802136
-Trial 91 0 50680995 13.826504
* 92: Cost = 0_50678919, Time = 11.46 sec. 
-Trial 92 0 50678919 13.830228
-Trial 93 0 50678919 13.837997
-Trial 94 0 50678919 13.844407
-Trial 95 0 50678919 13.877267
* 96: Cost = 0_50611661, Time = 11.51 sec. 
-Trial 96 0 50611661 13.879440
-Trial 97 0 50611661 13.884609
* 98: Cost = 0_50603831, Time = 11.54 sec. 
-Trial 98 0 50603831 13.904696
-Trial 99 0 50603831 13.915940
-Trial 100 0 50603831 13.933298
* 101: Cost = 0_50382827, Time = 11.58 sec. 
-Trial 101 0 50382827 13.942791
-Trial 102 0 50382827 13.943542
-Trial 103 0 50382827 13.966492
-Trial 104 0 50382827 14.017347
* 105: Cost = 0_50210138, Time = 11.69 sec. 
-Trial 105 0 50210138 14.054820
-Trial 106 0 50210138 14.066068
-Trial 107 0 50210138 14.088900
-Trial 108 0 50210138 14.096734
-Trial 109 0 50210138 14.263024
-Trial 110 0 50210138 14.278457
* 111: Cost = 0_49843042, Time = 12.05 sec. 
-Trial 111 0 49843042 14.412344
-Trial 112 0 49843042 14.417216
-Trial 113 0 49843042 14.437160
-Trial 114 0 49843042 14.455816
* 115: Cost = 0_49250550, Time = 12.16 sec. 
-Trial 115 0 49250550 14.526792
-Trial 116 0 49250550 14.538382
-Trial 117 0 49250550 14.585979
-Trial 118 0 49250550 14.591623
-Trial 119 0 49250550 14.645266
-Trial 120 0 49250550 14.879585
-Trial 121 0 49250550 14.896870
* 122: Cost = 0_49137112, Time = 12.62 sec. 
-Trial 122 0 49137112 14.982698
-Trial 123 0 49137112 14.985252
-Trial 124 0 49137112 14.992643
-Trial 125 0 49137112 15.036414
-Trial 126 0 49137112 15.263989
* 127: Cost = 0_49045153, Time = 12.90 sec. 
-Trial 127 0 49045153 15.267502
-Trial 128 0 49045153 15.301617
-Trial 129 0 49045153 15.314384
-Trial 130 0 49045153 15.397733
-Trial 131 0 49045153 15.430530
-Trial 132 0 49045153 15.452187
-Trial 133 0 49045153 15.458108
-Trial 134 0 49045153 15.493561
-Trial 135 0 49045153 15.572118
-Trial 136 0 49045153 15.578796
* 137: Cost = 0_48952577, Time = 13.26 sec. 
-Trial 137 0 48952577 15.626270
-Trial 138 0 48952577 15.646213
-Trial 139 0 48952577 15.651546
* 140: Cost = 0_48912420, Time = 13.32 sec. 
-Trial 140 0 48912420 15.684884
* 141: Cost = 0_48869724, Time = 13.35 sec. 
-Trial 141 0 48869724 15.714042
-Trial 142 0 48869724 15.746278
* 143: Cost = 0_48795870, Time = 13.40 sec. 
-Trial 143 0 48795870 15.768931
-Trial 144 0 48795870 15.777518
* 145: Cost = 0_48381434, Time = 13.42 sec. 
-Trial 145 0 48381434 15.788050
* 146: Cost = 0_48175920, Time = 13.43 sec. 
-Trial 146 0 48175920 15.800483
-Trial 147 0 48175920 15.824204
-Trial 148 0 48175920 15.825002
* 149: Cost = 0_48165985, Time = 13.61 sec. 
-Trial 149 0 48165985 15.972385
-Trial 150 0 48165985 15.980930
-Trial 151 0 48165985 16.014756
-Trial 152 0 48165985 16.079619
-Trial 153 0 48165985 16.083323
* 154: Cost = 0_47966565, Time = 13.73 sec. 
-Trial 154 0 47966565 16.092196
* 155: Cost = 0_47860414, Time = 13.73 sec. 
-Trial 155 0 47860414 16.098277
* 156: Cost = 0_47813976, Time = 13.77 sec. 
-Trial 156 0 47813976 16.136020
-Trial 157 0 47813976 16.143011
-Trial 158 0 47813976 16.194057
-Trial 159 0 47813976 16.199353
-Trial 160 0 47813976 16.233203
-Trial 161 0 47813976 16.237814
* 162: Cost = 0_47782964, Time = 13.95 sec. 
-Trial 162 0 47782964 16.317670
-Trial 163 0 47782964 16.329831
-Trial 164 0 47782964 16.396559
* 165: Cost = 0_47726351, Time = 14.07 sec. 
-Trial 165 0 47726351 16.435415
-Trial 166 0 47726351 16.477941
* 167: Cost = 0_47489107, Time = 14.12 sec. 
-Trial 167 0 47489107 16.486502
-Trial 168 0 47489107 16.522212
-Trial 169 0 47489107 16.530140
-Trial 170 0 47489107 16.532959
* 171: Cost = 0_47445987, Time = 14.20 sec. 
-Trial 171 0 47445987 16.563003
* 172: Cost = 0_47139406, Time = 14.20 sec. 
-Trial 172 0 47139406 16.568622
-Trial 173 0 47139406 16.578534
-Trial 174 0 47139406 16.606688
-Trial 175 0 47139406 16.625950
-Trial 176 0 47139406 16.646812
-Trial 177 0 47139406 16.654940
* 178: Cost = 0_47127704, Time = 14.30 sec. 
-Trial 178 0 47127704 16.664008
* 179: Cost = 0_47106726, Time = 14.30 sec. 
-Trial 179 0 47106726 16.664071
-Trial 180 0 47106726 16.674361
-Trial 181 0 47106726 16.696206
-Trial 182 0 47106726 16.736411
-Trial 183 0 47106726 16.757868
-Trial 184 0 47106726 16.759315
-Trial 185 0 47106726 16.760664
* 186: Cost = 0_47099864, Time = 14.44 sec. 
-Trial 186 0 47099864 16.801986
-Trial 187 0 47099864 16.828101
-Trial 188 0 47099864 16.853709
-Trial 189 0 47099864 16.926011
-Trial 190 0 47099864 16.960474
-Trial 191 0 47099864 17.046299
-Trial 192 0 47099864 17.081125
-Trial 193 0 47099864 17.090261
-Trial 194 0 47099864 17.100116
-Trial 195 0 47099864 17.116843
-Trial 196 0 47099864 17.118482
-Trial 197 0 47099864 17.141108
-Trial 198 0 47099864 17.231813
-Trial 199 0 47099864 17.236219
* 200: Cost = 0_47073203, Time = 14.87 sec. 
-Trial 200 0 47073203 17.238081
-Trial 201 0 47073203 17.245290
-Trial 202 0 47073203 17.347120
* 203: Cost = 0_46924842, Time = 15.05 sec. 
-Trial 203 0 46924842 17.419336
-Trial 204 0 46924842 17.424378
* 205: Cost = 0_46787000, Time = 15.13 sec. 
-Trial 205 0 46787000 17.493849
-Trial 206 0 46787000 17.501982
-Trial 207 0 46787000 17.506259
-Trial 208 0 46787000 17.568128
-Trial 209 0 46787000 17.577583
* 210: Cost = 0_46699297, Time = 15.24 sec. 
-Trial 210 0 46699297 17.605424
-Trial 211 0 46699297 17.697651
-Trial 212 0 46699297 17.728999
-Trial 213 0 46699297 17.809434
-Trial 214 0 46699297 17.811932
-Trial 215 0 46699297 17.826698
-Trial 216 0 46699297 17.847888
-Trial 217 0 46699297 17.853653
-Trial 218 0 46699297 17.902019
-Trial 219 0 46699297 17.912116
* 220: Cost = 0_46679371, Time = 15.55 sec. 
-Trial 220 0 46679371 17.919393
* 221: Cost = 0_46640238, Time = 15.57 sec. 
-Trial 221 0 46640238 17.941102
-Trial 222 0 46640238 17.997379
-Trial 223 0 46640238 18.050620
-Trial 224 0 46640238 18.299917
* 225: Cost = 0_46440130, Time = 16.17 sec. 
-Trial 225 0 46440130 18.539090
-Trial 226 0 46440130 18.612669
* 227: Cost = 0_46435424, Time = 16.25 sec. 
-Trial 227 0 46435424 18.617228
-Trial 228 0 46435424 18.631708
* 229: Cost = 0_46419681, Time = 16.27 sec. 
-Trial 229 0 46419681 18.638044
-Trial 230 0 46419681 18.654942
-Trial 231 0 46419681 18.666517
-Trial 232 0 46419681 18.684153
* 233: Cost = 0_46323786, Time = 16.34 sec. 
-Trial 233 0 46323786 18.701876
-Trial 234 0 46323786 18.729291
-Trial 235 0 46323786 18.740136
-Trial 236 0 46323786 18.782251
-Trial 237 0 46323786 18.830626
-Trial 238 0 46323786 18.874916
* 239: Cost = 0_46290578, Time = 16.52 sec. 
-Trial 239 0 46290578 18.889140
-Trial 240 0 46290578 18.894134
* 241: Cost = 0_46284442, Time = 16.55 sec. 
-Trial 241 0 46284442 18.918698
-Trial 242 0 46284442 19.000630
-Trial 243 0 46284442 19.014885
-Trial 244 0 46284442 19.085131
* 245: Cost = 0_46130168, Time = 16.73 sec. 
-Trial 245 0 46130168 19.093135
-Trial 246 0 46130168 19.100775
-Trial 247 0 46130168 19.106355
-Trial 248 0 46130168 19.128461
-Trial 249 0 46130168 19.133039
-Trial 250 0 46130168 19.147897
-Trial 251 0 46130168 19.166405
-Trial 252 0 46130168 19.183272
-Trial 253 0 46130168 19.202429
-Trial 254 0 46130168 19.218433
-Trial 255 0 46130168 19.255877
-Trial 256 0 46130168 19.260807
-Trial 257 0 46130168 19.340583
-Trial 258 0 46130168 19.409592
-Trial 259 0 46130168 19.430781
-Trial 260 0 46130168 19.437766
-Trial 261 0 46130168 19.500768
-Trial 262 0 46130168 19.526180
-Trial 263 0 46130168 19.602806
-Trial 264 0 46130168 19.614231
* 265: Cost = 0_46113507, Time = 17.27 sec. 
-Trial 265 0 46113507 19.638313
-Trial 266 0 46113507 19.657887
* 267: Cost = 0_45986243, Time = 17.31 sec. 
-Trial 267 0 45986243 19.671625
-Trial 268 0 45986243 19.675036
-Trial 269 0 45986243 19.835404
-Trial 270 0 45986243 19.844138
-Trial 271 0 45986243 19.851170
-Trial 272 0 45986243 19.876855
-Trial 273 0 45986243 19.895809
-Trial 274 0 45986243 19.906673
-Trial 275 0 45986243 19.932651
-Trial 276 0 45986243 19.933807
-Trial 277 0 45986243 19.954956
-Trial 278 0 45986243 19.970322
-Trial 279 0 45986243 19.970936
-Trial 280 0 45986243 20.002595
-Trial 281 0 45986243 20.007296
-Trial 282 0 45986243 20.013446
-Trial 283 0 45986243 20.062328
* 284: Cost = 0_45943885, Time = 17.73 sec. 
-Trial 284 0 45943885 20.099086
-Trial 285 0 45943885 20.200956
-Trial 286 0 45943885 20.235169
* 287: Cost = 0_45867201, Time = 17.88 sec. 
-Trial 287 0 45867201 20.244896
* 288: Cost = 0_45787177, Time = 17.89 sec. 
-Trial 288 0 45787177 20.251553
-Trial 289 0 45787177 20.262428
-Trial 290 0 45787177 20.291117
-Trial 291 0 45787177 20.293819
-Trial 292 0 45787177 20.311175
* 293: Cost = 0_45690979, Time = 17.96 sec. 
-Trial 293 0 45690979 20.330683
-Trial 294 0 45690979 20.341027
-Trial 295 0 45690979 20.351199
-Trial 296 0 45690979 20.370399
-Trial 297 0 45690979 20.382276
-Trial 298 0 45690979 20.418873
-Trial 299 0 45690979 20.433577
* 300: Cost = 0_45690713, Time = 18.17 sec. 
-Trial 300 0 45690713 20.540132
-Trial 301 0 45690713 20.557907
-Trial 302 0 45690713 20.574957
-Trial 303 0 45690713 20.591599
-Trial 304 0 45690713 20.632461
-Trial 305 0 45690713 20.649683
-Trial 306 0 45690713 20.691044
-Trial 307 0 45690713 20.701094
-Trial 308 0 45690713 20.714756
* 309: Cost = 0_45665845, Time = 18.38 sec. 
-Trial 309 0 45665845 20.743725
-Trial 310 0 45665845 20.757919
-Trial 311 0 45665845 20.802425
-Trial 312 0 45665845 20.808692
-Trial 313 0 45665845 20.836033
-Trial 314 0 45665845 20.862797
-Trial 315 0 45665845 20.863330
-Trial 316 0 45665845 20.865247
-Trial 317 0 45665845 20.865724
-Trial 318 0 45665845 20.916605
-Trial 319 0 45665845 20.931299
-Trial 320 0 45665845 20.964228
-Trial 321 0 45665845 20.988130
-Trial 322 0 45665845 21.045673
-Trial 323 0 45665845 21.054293
-Trial 324 0 45665845 21.071892
-Trial 325 0 45665845 21.151108
-Trial 326 0 45665845 21.151947
-Trial 327 0 45665845 21.159198
-Trial 328 0 45665845 21.286730
* 329: Cost = 0_45641711, Time = 18.99 sec. 
-Trial 329 0 45641711 21.356352
-Trial 330 0 45641711 21.363177
-Trial 331 0 45641711 21.372644
-Trial 332 0 45641711 21.411944
-Trial 333 0 45641711 21.422568
* 334: Cost = 0_45610079, Time = 19.06 sec. 
-Trial 334 0 45610079 21.430411
-Trial 335 0 45610079 21.437026
-Trial 336 0 45610079 21.473122
-Trial 337 0 45610079 21.483269
-Trial 338 0 45610079 21.486226
-Trial 339 0 45610079 21.497122
-Trial 340 0 45610079 21.510866
-Trial 341 0 45610079 21.599741
-Trial 342 0 45610079 21.639355
* 343: Cost = 0_45599196, Time = 19.33 sec. 
-Trial 343 0 45599196 21.694989
-Trial 344 0 45599196 21.720307
-Trial 345 0 45599196 21.756084
-Trial 346 0 45599196 21.769456
-Trial 347 0 45599196 21.778634
-Trial 348 0 45599196 21.954948
-Trial 349 0 45599196 21.978950
-Trial 350 0 45599196 22.015698
-Trial 351 0 45599196 22.057533
-Trial 352 0 45599196 22.073748
-Trial 353 0 45599196 22.077763
-Trial 354 0 45599196 22.086892
-Trial 355 0 45599196 22.116622
-Trial 356 0 45599196 22.127544
-Trial 357 0 45599196 22.133003
-Trial 358 0 45599196 22.138110
* 359: Cost = 0_45562309, Time = 19.80 sec. 
-Trial 359 0 45562309 22.167209
* 360: Cost = 0_45560530, Time = 19.84 sec. 
-Trial 360 0 45560530 22.205318
-Trial 361 0 45560530 22.229504
-Trial 362 0 45560530 22.448294
-Trial 363 0 45560530 22.528497
-Trial 364 0 45560530 22.550205
-Trial 365 0 45560530 22.567218
* 366: Cost = 0_45546486, Time = 20.22 sec. 
-Trial 366 0 45546486 22.584122
-Trial 367 0 45546486 22.589216
-Trial 368 0 45546486 22.678601
-Trial 369 0 45546486 22.725403
-Trial 370 0 45546486 22.737941
-Trial 371 0 45546486 22.741228
-Trial 372 0 45546486 22.808453
-Trial 373 0 45546486 22.814222
-Trial 374 0 45546486 22.819689
* 375: Cost = 0_45518881, Time = 20.46 sec. 
-Trial 375 0 45518881 22.830174
-Trial 376 0 45518881 22.899087
-Trial 377 0 45518881 22.908408
-Trial 378 0 45518881 22.960600
-Trial 379 0 45518881 22.973356
-Trial 380 0 45518881 22.991693
-Trial 381 0 45518881 23.053309
-Trial 382 0 45518881 23.075321
-Trial 383 0 45518881 23.178280
-Trial 384 0 45518881 23.193357
* 385: Cost = 0_45404214, Time = 20.84 sec. 
-Trial 385 0 45404214 23.208798
-Trial 386 0 45404214 23.239054
-Trial 387 0 45404214 23.312783
-Trial 388 0 45404214 23.321959
-Trial 389 0 45404214 23.361095
-Trial 390 0 45404214 23.368944
* 391: Cost = 0_45398668, Time = 21.01 sec. 
-Trial 391 0 45398668 23.375356
-Trial 392 0 45398668 23.376103
-Trial 393 0 45398668 23.439137
-Trial 394 0 45398668 23.445480
-Trial 395 0 45398668 23.449225
-Trial 396 0 45398668 23.663240
-Trial 397 0 45398668 23.696620
* 398: Cost = 0_45376442, Time = 21.35 sec. 
-Trial 398 0 45376442 23.712587
-Trial 399 0 45376442 23.717337
-Trial 400 0 45376442 23.726238
-Trial 401 0 45376442 23.751021
-Trial 402 0 45376442 23.769350
-Trial 403 0 45376442 23.784123
-Trial 404 0 45376442 23.828788
-Trial 405 0 45376442 23.848921
* 406: Cost = 0_45333389, Time = 21.49 sec. 
-Trial 406 0 45333389 23.854627
-Trial 407 0 45333389 23.861010
-Trial 408 0 45333389 23.863848
-Trial 409 0 45333389 23.864276
-Trial 410 0 45333389 23.919444
-Trial 411 0 45333389 23.926344
-Trial 412 0 45333389 23.976032
-Trial 413 0 45333389 23.983871
-Trial 414 0 45333389 24.008241
-Trial 415 0 45333389 24.015973
* 416: Cost = 0_45318268, Time = 21.66 sec. 
-Trial 416 0 45318268 24.029199
-Trial 417 0 45318268 24.065749
-Trial 418 0 45318268 24.112031
-Trial 419 0 45318268 24.117531
-Trial 420 0 45318268 24.140510
-Trial 421 0 45318268 24.184699
* 422: Cost = 0_44972552, Time = 21.83 sec. 
-Trial 422 0 44972552 24.193418
* 423: Cost = 0_44840399, Time = 21.85 sec. 
-Trial 423 0 44840399 24.218183
-Trial 424 0 44840399 24.231315
* 425: Cost = 0_44839670, Time = 21.88 sec. 
-Trial 425 0 44839670 24.242076
* 426: Cost = 0_44786510, Time = 21.91 sec. 
-Trial 426 0 44786510 24.277645
-Trial 427 0 44786510 24.313947
-Trial 428 0 44786510 24.366316
* 429: Cost = 0_44776268, Time = 22.06 sec. 
-Trial 429 0 44776268 24.424299
-Trial 430 0 44776268 24.439360
-Trial 431 0 44776268 24.441470
-Trial 432 0 44776268 24.460839
-Trial 433 0 44776268 24.473845
-Trial 434 0 44776268 24.512059
-Trial 435 0 44776268 24.540296
-Trial 436 0 44776268 24.550443
-Trial 437 0 44776268 24.570790
* 438: Cost = 0_44718758, Time = 22.22 sec. 
-Trial 438 0 44718758 24.583270
-Trial 439 0 44718758 24.607539
-Trial 440 0 44718758 24.622375
* 441: Cost = 0_44717965, Time = 22.27 sec. 
-Trial 441 0 44717965 24.631673
-Trial 442 0 44717965 24.641633
-Trial 443 0 44717965 24.642297
-Trial 444 0 44717965 24.650159
-Trial 445 0 44717965 24.700353
-Trial 446 0 44717965 24.710053
-Trial 447 0 44717965 24.716322
-Trial 448 0 44717965 24.733051
-Trial 449 0 44717965 24.735690
-Trial 450 0 44717965 24.763687
* 451: Cost = 0_44701568, Time = 22.41 sec. 
-Trial 451 0 44701568 24.775128
-Trial 452 0 44701568 24.798541
-Trial 453 0 44701568 24.844459
-Trial 454 0 44701568 24.860270
-Trial 455 0 44701568 24.964920
-Trial 456 0 44701568 25.033463
-Trial 457 0 44701568 25.058084
-Trial 458 0 44701568 25.158604
-Trial 459 0 44701568 25.190522
-Trial 460 0 44701568 25.223254
-Trial 461 0 44701568 25.254267
* 462: Cost = 0_44698409, Time = 22.95 sec. 
-Trial 462 0 44698409 25.317209
-Trial 463 0 44698409 25.336456
-Trial 464 0 44698409 25.351770
-Trial 465 0 44698409 25.377875
-Trial 466 0 44698409 25.401132
-Trial 467 0 44698409 25.473930
-Trial 468 0 44698409 25.486806
-Trial 469 0 44698409 25.495759
-Trial 470 0 44698409 25.533812
-Trial 471 0 44698409 25.535687
-Trial 472 0 44698409 25.561517
-Trial 473 0 44698409 25.582441
-Trial 474 0 44698409 25.624318
-Trial 475 0 44698409 25.645998
-Trial 476 0 44698409 25.692316
-Trial 477 0 44698409 25.769122
-Trial 478 0 44698409 25.986700
-Trial 479 0 44698409 26.064262
-Trial 480 0 44698409 26.089580
-Trial 481 0 44698409 26.113735
-Trial 482 0 44698409 26.254611
-Trial 483 0 44698409 26.256444
-Trial 484 0 44698409 26.291434
-Trial 485 0 44698409 26.346392
* 486: Cost = 0_44695310, Time = 24.00 sec. 
-Trial 486 0 44695310 26.365175
-Trial 487 0 44695310 26.416512
-Trial 488 0 44695310 26.453163
-Trial 489 0 44695310 26.537507
-Trial 490 0 44695310 26.561162
-Trial 491 0 44695310 26.589564
-Trial 492 0 44695310 26.600476
-Trial 493 0 44695310 26.644982
-Trial 494 0 44695310 26.652635
-Trial 495 0 44695310 26.828779
-Trial 496 0 44695310 26.919031
-Trial 497 0 44695310 26.946529
-Trial 498 0 44695310 26.963489
-Trial 499 0 44695310 27.054965
-Trial 500 0 44695310 27.114448
-Trial 501 0 44695310 27.125313
-Trial 502 0 44695310 27.166443
-Trial 503 0 44695310 27.226614
-Trial 504 0 44695310 27.351065
* 505: Cost = 0_44648827, Time = 25.02 sec. 
-Trial 505 0 44648827 27.387776
-Trial 506 0 44648827 27.404585
-Trial 507 0 44648827 27.414982
-Trial 508 0 44648827 27.453040
-Trial 509 0 44648827 27.471694
-Trial 510 0 44648827 27.574785
-Trial 511 0 44648827 27.602227
-Trial 512 0 44648827 27.626607
-Trial 513 0 44648827 27.641846
-Trial 514 0 44648827 27.705443
-Trial 515 0 44648827 27.728984
-Trial 516 0 44648827 27.730605
-Trial 517 0 44648827 27.738755
-Trial 518 0 44648827 27.777221
-Trial 519 0 44648827 27.817619
-Trial 520 0 44648827 27.841612
-Trial 521 0 44648827 27.852486
-Trial 522 0 44648827 27.946377
-Trial 523 0 44648827 27.949406
-Trial 524 0 44648827 27.970859
-Trial 525 0 44648827 27.983418
-Trial 526 0 44648827 27.991994
-Trial 527 0 44648827 28.065248
-Trial 528 0 44648827 28.084637
-Trial 529 0 44648827 28.127477
-Trial 530 0 44648827 28.194322
-Trial 531 0 44648827 28.250875
-Trial 532 0 44648827 28.274780
-Trial 533 0 44648827 28.345009
-Trial 534 0 44648827 28.441056
-Trial 535 0 44648827 28.455739
-Trial 536 0 44648827 28.466696
-Trial 537 0 44648827 28.478784
-Trial 538 0 44648827 28.501916
-Trial 539 0 44648827 28.516209
-Trial 540 0 44648827 28.534196
-Trial 541 0 44648827 28.570794
-Trial 542 0 44648827 28.583005
-Trial 543 0 44648827 28.588460
-Trial 544 0 44648827 28.596617
-Trial 545 0 44648827 28.628276
-Trial 546 0 44648827 28.636441
-Trial 547 0 44648827 28.641256
-Trial 548 0 44648827 28.648045
-Trial 549 0 44648827 28.670485
-Trial 550 0 44648827 28.720814
-Trial 551 0 44648827 28.805886
-Trial 552 0 44648827 28.843087
-Trial 553 0 44648827 28.867257
-Trial 554 0 44648827 28.902862
-Trial 555 0 44648827 28.921417
-Trial 556 0 44648827 28.948964
-Trial 557 0 44648827 28.958235
-Trial 558 0 44648827 28.976790
-Trial 559 0 44648827 28.999726
-Trial 560 0 44648827 29.010990
-Trial 561 0 44648827 29.088991
-Trial 562 0 44648827 29.105954
-Trial 563 0 44648827 29.133425
-Trial 564 0 44648827 29.207028
-Trial 565 0 44648827 29.212296
-Trial 566 0 44648827 29.269266
-Trial 567 0 44648827 29.307109
-Trial 568 0 44648827 29.357238
-Trial 569 0 44648827 29.366984
-Trial 570 0 44648827 29.379248
-Trial 571 0 44648827 29.440022
-Trial 572 0 44648827 29.456530
-Trial 573 0 44648827 29.514664
-Trial 574 0 44648827 29.524319
-Trial 575 0 44648827 29.564317
-Trial 576 0 44648827 29.578473
-Trial 577 0 44648827 29.601184
-Trial 578 0 44648827 29.642683
-Trial 579 0 44648827 29.721598
-Trial 580 0 44648827 29.756247
-Trial 581 0 44648827 29.784969
-Trial 582 0 44648827 29.787736
-Trial 583 0 44648827 29.822186
* 584: Cost = 0_44604317, Time = 27.49 sec. 
-Trial 584 0 44604317 29.856335
-Trial 585 0 44604317 29.861251
-Trial 586 0 44604317 29.862754
-Trial 587 0 44604317 29.870406
-Trial 588 0 44604317 29.884430
-Trial 589 0 44604317 30.054051
-Trial 590 0 44604317 30.073145
-Trial 591 0 44604317 30.215715
-Trial 592 0 44604317 30.294972
-Trial 593 0 44604317 30.384075
-Trial 594 0 44604317 30.425643
-Trial 595 0 44604317 30.432897
-Trial 596 0 44604317 30.454190
-Trial 597 0 44604317 30.465144
-Trial 598 0 44604317 30.490208
-Trial 599 0 44604317 30.505770
-Trial 600 0 44604317 30.523048
-Trial 601 0 44604317 30.560565
-Trial 602 0 44604317 30.704353
-Trial 603 0 44604317 30.733387
-Trial 604 0 44604317 30.752110
-Trial 605 0 44604317 30.780270
-Trial 606 0 44604317 30.789787
-Trial 607 0 44604317 30.794469
-Trial 608 0 44604317 30.895782
-Trial 609 0 44604317 30.905352
-Trial 610 0 44604317 31.023480
-Trial 611 0 44604317 31.037079
-Trial 612 0 44604317 31.038258
-Trial 613 0 44604317 31.089317
-Trial 614 0 44604317 31.126264
-Trial 615 0 44604317 31.144374
-Trial 616 0 44604317 31.180915
-Trial 617 0 44604317 31.189756
-Trial 618 0 44604317 31.208031
-Trial 619 0 44604317 31.217963
-Trial 620 0 44604317 31.260766
-Trial 621 0 44604317 31.291284
-Trial 622 0 44604317 31.343105
-Trial 623 0 44604317 31.369016
-Trial 624 0 44604317 31.372016
-Trial 625 0 44604317 31.448866
-Trial 626 0 44604317 31.460683
-Trial 627 0 44604317 31.481091
-Trial 628 0 44604317 31.501409
-Trial 629 0 44604317 31.516792
-Trial 630 0 44604317 31.526843
* 631: Cost = 0_44560029, Time = 29.17 sec. 
-Trial 631 0 44560029 31.538996
-Trial 632 0 44560029 31.565597
-Trial 633 0 44560029 31.621093
-Trial 634 0 44560029 31.690619
-Trial 635 0 44560029 31.716309
-Trial 636 0 44560029 31.734179
-Trial 637 0 44560029 31.739623
-Trial 638 0 44560029 31.808398
-Trial 639 0 44560029 31.817655
-Trial 640 0 44560029 31.836468
-Trial 641 0 44560029 31.861432
-Trial 642 0 44560029 31.945987
-Trial 643 0 44560029 31.962060
-Trial 644 0 44560029 31.991739
-Trial 645 0 44560029 32.006317
-Trial 646 0 44560029 32.032460
-Trial 647 0 44560029 32.317824
-Trial 648 0 44560029 32.323991
-Trial 649 0 44560029 32.324687
-Trial 650 0 44560029 32.340612
-Trial 651 0 44560029 32.360550
-Trial 652 0 44560029 32.369190
-Trial 653 0 44560029 32.393346
-Trial 654 0 44560029 32.408887
-Trial 655 0 44560029 32.420320
-Trial 656 0 44560029 32.432816
-Trial 657 0 44560029 32.463071
-Trial 658 0 44560029 32.473075
-Trial 659 0 44560029 32.541264
-Trial 660 0 44560029 32.552204
-Trial 661 0 44560029 32.592048
-Trial 662 0 44560029 32.623430
-Trial 663 0 44560029 32.684969
-Trial 664 0 44560029 32.720197
-Trial 665 0 44560029 32.751874
-Trial 666 0 44560029 32.763546
-Trial 667 0 44560029 32.771638
-Trial 668 0 44560029 32.805699
-Trial 669 0 44560029 32.839730
-Trial 670 0 44560029 32.843229
-Trial 671 0 44560029 32.872847
-Trial 672 0 44560029 32.886524
-Trial 673 0 44560029 32.904281
-Trial 674 0 44560029 32.911698
-Trial 675 0 44560029 32.955208
-Trial 676 0 44560029 32.994991
-Trial 677 0 44560029 33.004282
-Trial 678 0 44560029 33.173669
-Trial 679 0 44560029 33.193997
-Trial 680 0 44560029 33.326937
-Trial 681 0 44560029 33.373979
* 682: Cost = 0_44500457, Time = 31.04 sec. 
-Trial 682 0 44500457 33.408262
-Trial 683 0 44500457 33.436422
* 684: Cost = 0_44420277, Time = 31.08 sec. 
-Trial 684 0 44420277 33.444670
-Trial 685 0 44420277 33.463612
-Trial 686 0 44420277 33.524939
-Trial 687 0 44420277 33.561218
-Trial 688 0 44420277 33.677258
-Trial 689 0 44420277 33.739689
-Trial 690 0 44420277 33.754343
-Trial 691 0 44420277 33.785072
-Trial 692 0 44420277 33.813392
-Trial 693 0 44420277 33.835109
-Trial 694 0 44420277 33.869595
-Trial 695 0 44420277 33.886721
-Trial 696 0 44420277 34.085954
-Trial 697 0 44420277 34.102526
-Trial 698 0 44420277 34.109839
-Trial 699 0 44420277 34.134892
-Trial 700 0 44420277 34.148176
-Trial 701 0 44420277 34.162681
-Trial 702 0 44420277 34.181643
-Trial 703 0 44420277 34.239916
-Trial 704 0 44420277 34.264118
-Trial 705 0 44420277 34.280696
-Trial 706 0 44420277 34.352796
-Trial 707 0 44420277 34.365328
-Trial 708 0 44420277 34.375388
-Trial 709 0 44420277 34.376071
-Trial 710 0 44420277 34.402493
-Trial 711 0 44420277 34.407758
-Trial 712 0 44420277 34.429351
-Trial 713 0 44420277 34.445889
-Trial 714 0 44420277 34.592533
-Trial 715 0 44420277 34.645381
-Trial 716 0 44420277 34.734431
-Trial 717 0 44420277 34.735550
-Trial 718 0 44420277 34.933235
* 719: Cost = 0_44413307, Time = 32.57 sec. 
-Trial 719 0 44413307 34.938613
-Trial 720 0 44413307 34.960531
-Trial 721 0 44413307 34.970694
-Trial 722 0 44413307 34.984031
-Trial 723 0 44413307 35.019200
-Trial 724 0 44413307 35.041581
-Trial 725 0 44413307 35.050497
-Trial 726 0 44413307 35.087284
-Trial 727 0 44413307 35.097240
-Trial 728 0 44413307 35.135207
-Trial 729 0 44413307 35.145076
-Trial 730 0 44413307 35.204724
-Trial 731 0 44413307 35.208582
-Trial 732 0 44413307 35.255304
-Trial 733 0 44413307 35.314130
-Trial 734 0 44413307 35.361258
-Trial 735 0 44413307 35.448999
-Trial 736 0 44413307 35.460417
-Trial 737 0 44413307 35.504298
-Trial 738 0 44413307 35.598089
-Trial 739 0 44413307 35.637094
-Trial 740 0 44413307 35.658290
-Trial 741 0 44413307 35.837682
-Trial 742 0 44413307 35.862718
-Trial 743 0 44413307 35.905547
-Trial 744 0 44413307 35.912416
-Trial 745 0 44413307 35.934782
-Trial 746 0 44413307 35.959476
-Trial 747 0 44413307 35.959875
-Trial 748 0 44413307 35.969603
* 749: Cost = 0_44389318, Time = 33.62 sec. 
-Trial 749 0 44389318 35.986357
-Trial 750 0 44389318 36.052887
-Trial 751 0 44389318 36.054990
-Trial 752 0 44389318 36.091001
-Trial 753 0 44389318 36.097260
-Trial 754 0 44389318 36.116020
-Trial 755 0 44389318 36.216082
-Trial 756 0 44389318 36.216905
-Trial 757 0 44389318 36.229911
-Trial 758 0 44389318 36.235387
-Trial 759 0 44389318 36.333958
-Trial 760 0 44389318 36.349285
-Trial 761 0 44389318 36.363655
-Trial 762 0 44389318 36.380568
-Trial 763 0 44389318 36.403319
-Trial 764 0 44389318 36.434932
-Trial 765 0 44389318 36.443698
-Trial 766 0 44389318 36.452361
-Trial 767 0 44389318 36.561676
-Trial 768 0 44389318 36.618958
-Trial 769 0 44389318 36.680799
-Trial 770 0 44389318 36.681830
-Trial 771 0 44389318 36.687323
-Trial 772 0 44389318 36.718534
-Trial 773 0 44389318 36.747359
-Trial 774 0 44389318 36.814117
-Trial 775 0 44389318 36.925264
-Trial 776 0 44389318 36.955466
-Trial 777 0 44389318 36.968298
* 778: Cost = 0_44380209, Time = 34.62 sec. 
-Trial 778 0 44380209 36.983352
-Trial 779 0 44380209 37.012898
-Trial 780 0 44380209 37.089142
-Trial 781 0 44380209 37.111900
-Trial 782 0 44380209 37.201420
-Trial 783 0 44380209 37.221042
-Trial 784 0 44380209 37.228683
-Trial 785 0 44380209 37.247465
-Trial 786 0 44380209 37.430256
-Trial 787 0 44380209 37.449681
-Trial 788 0 44380209 37.493906
-Trial 789 0 44380209 37.520692
-Trial 790 0 44380209 37.538153
-Trial 791 0 44380209 37.575236
-Trial 792 0 44380209 37.598715
-Trial 793 0 44380209 37.730657
-Trial 794 0 44380209 37.733210
-Trial 795 0 44380209 37.735626
-Trial 796 0 44380209 37.786771
-Trial 797 0 44380209 37.804489
-Trial 798 0 44380209 37.846316
-Trial 799 0 44380209 37.856765
-Trial 800 0 44380209 37.869448
-Trial 801 0 44380209 37.895315
-Trial 802 0 44380209 37.908902
-Trial 803 0 44380209 38.015511
-Trial 804 0 44380209 38.027139
-Trial 805 0 44380209 38.143374
-Trial 806 0 44380209 38.170622
-Trial 807 0 44380209 38.186036
-Trial 808 0 44380209 38.222457
-Trial 809 0 44380209 38.228314
-Trial 810 0 44380209 38.285587
-Trial 811 0 44380209 38.333117
-Trial 812 0 44380209 38.343110
-Trial 813 0 44380209 38.416557
-Trial 814 0 44380209 38.424551
-Trial 815 0 44380209 38.445784
-Trial 816 0 44380209 38.472045
-Trial 817 0 44380209 38.555925
-Trial 818 0 44380209 38.651726
-Trial 819 0 44380209 38.695825
-Trial 820 0 44380209 38.763759
-Trial 821 0 44380209 38.805986
* 822: Cost = 0_44295625, Time = 36.47 sec. 
-Trial 822 0 44295625 38.838401
-Trial 823 0 44295625 38.854789
-Trial 824 0 44295625 38.896745
-Trial 825 0 44295625 38.912390
-Trial 826 0 44295625 38.953751
-Trial 827 0 44295625 38.967148
-Trial 828 0 44295625 39.042752
-Trial 829 0 44295625 39.048981
* 830: Cost = 0_44290161, Time = 36.71 sec. 
-Trial 830 0 44290161 39.074980
-Trial 831 0 44290161 39.090420
-Trial 832 0 44290161 39.143181
-Trial 833 0 44290161 39.162324
-Trial 834 0 44290161 39.207720
-Trial 835 0 44290161 39.246602
-Trial 836 0 44290161 39.287562
-Trial 837 0 44290161 39.302445
-Trial 838 0 44290161 39.342790
-Trial 839 0 44290161 39.379534
-Trial 840 0 44290161 39.382833
-Trial 841 0 44290161 39.443698
-Trial 842 0 44290161 39.463527
* 843: Cost = 0_44265660, Time = 37.17 sec. 
-Trial 843 0 44265660 39.533016
-Trial 844 0 44265660 39.648928
-Trial 845 0 44265660 39.686664
-Trial 846 0 44265660 39.696628
-Trial 847 0 44265660 39.703579
-Trial 848 0 44265660 39.746710
-Trial 849 0 44265660 39.779002
-Trial 850 0 44265660 39.944992
-Trial 851 0 44265660 39.952390
-Trial 852 0 44265660 39.980307
-Trial 853 0 44265660 40.028119
-Trial 854 0 44265660 40.095225
-Trial 855 0 44265660 40.145198
-Trial 856 0 44265660 40.154150
-Trial 857 0 44265660 40.159501
-Trial 858 0 44265660 40.173514
-Trial 859 0 44265660 40.191691
-Trial 860 0 44265660 40.212069
-Trial 861 0 44265660 40.219470
-Trial 862 0 44265660 40.297979
-Trial 863 0 44265660 40.445736
-Trial 864 0 44265660 40.497207
-Trial 865 0 44265660 40.684633
-Trial 866 0 44265660 40.719529
-Trial 867 0 44265660 40.738123
-Trial 868 0 44265660 40.746047
-Trial 869 0 44265660 40.803998
-Trial 870 0 44265660 40.808470
-Trial 871 0 44265660 40.831238
* 872: Cost = 0_44258908, Time = 38.56 sec. 
-Trial 872 0 44258908 40.927299
-Trial 873 0 44258908 40.975249
-Trial 874 0 44258908 40.995359
-Trial 875 0 44258908 41.012315
-Trial 876 0 44258908 41.052974
-Trial 877 0 44258908 41.115972
-Trial 878 0 44258908 41.140938
-Trial 879 0 44258908 41.158599
-Trial 880 0 44258908 41.166934
-Trial 881 0 44258908 41.167399
-Trial 882 0 44258908 41.176715
-Trial 883 0 44258908 41.178612
-Trial 884 0 44258908 41.226712
* 885: Cost = 0_44238468, Time = 38.89 sec. 
-Trial 885 0 44238468 41.255791
-Trial 886 0 44238468 41.263769
-Trial 887 0 44238468 41.272441
-Trial 888 0 44238468 41.276500
-Trial 889 0 44238468 41.461570
-Trial 890 0 44238468 41.490209
* 891: Cost = 0_44191766, Time = 39.23 sec. 
-Trial 891 0 44191766 41.600276
-Trial 892 0 44191766 41.604796
-Trial 893 0 44191766 41.616249
-Trial 894 0 44191766 41.685711
-Trial 895 0 44191766 41.690263
-Trial 896 0 44191766 41.703255
-Trial 897 0 44191766 41.756173
-Trial 898 0 44191766 41.757125
-Trial 899 0 44191766 41.770798
-Trial 900 0 44191766 41.779507
-Trial 901 0 44191766 41.861254
-Trial 902 0 44191766 41.867962
-Trial 903 0 44191766 41.877391
-Trial 904 0 44191766 41.904617
-Trial 905 0 44191766 41.910087
-Trial 906 0 44191766 41.953734
-Trial 907 0 44191766 41.956051
-Trial 908 0 44191766 41.971907
* 909: Cost = 0_44181880, Time = 39.61 sec. 
-Trial 909 0 44181880 41.979696
-Trial 910 0 44181880 41.993324
-Trial 911 0 44181880 41.998811
-Trial 912 0 44181880 42.027346
-Trial 913 0 44181880 42.082927
-Trial 914 0 44181880 42.188555
-Trial 915 0 44181880 42.205382
-Trial 916 0 44181880 42.250728
-Trial 917 0 44181880 42.261817
-Trial 918 0 44181880 42.267480
-Trial 919 0 44181880 42.338834
-Trial 920 0 44181880 42.344040
-Trial 921 0 44181880 42.350635
-Trial 922 0 44181880 42.356947
-Trial 923 0 44181880 42.357444
-Trial 924 0 44181880 42.363677
-Trial 925 0 44181880 42.394165
-Trial 926 0 44181880 42.456133
-Trial 927 0 44181880 42.485581
-Trial 928 0 44181880 42.496225
-Trial 929 0 44181880 42.519142
-Trial 930 0 44181880 42.524820
-Trial 931 0 44181880 42.598778
-Trial 932 0 44181880 42.645905
-Trial 933 0 44181880 42.658955
-Trial 934 0 44181880 42.661833
-Trial 935 0 44181880 42.766563
-Trial 936 0 44181880 42.826829
-Trial 937 0 44181880 42.828832
-Trial 938 0 44181880 42.873935
-Trial 939 0 44181880 42.890344
-Trial 940 0 44181880 43.036061
-Trial 941 0 44181880 43.063680
* 942: Cost = 0_44168328, Time = 40.72 sec. 
-Trial 942 0 44168328 43.083418
-Trial 943 0 44168328 43.133738
-Trial 944 0 44168328 43.139954
-Trial 945 0 44168328 43.190096
-Trial 946 0 44168328 43.195336
-Trial 947 0 44168328 43.240137
-Trial 948 0 44168328 43.257955
-Trial 949 0 44168328 43.268258
-Trial 950 0 44168328 43.281358
-Trial 951 0 44168328 43.312622
-Trial 952 0 44168328 43.395626
-Trial 953 0 44168328 43.427161
-Trial 954 0 44168328 43.438668
-Trial 955 0 44168328 43.480374
-Trial 956 0 44168328 43.495038
-Trial 957 0 44168328 43.613845
-Trial 958 0 44168328 43.626624
-Trial 959 0 44168328 43.632976
-Trial 960 0 44168328 43.641936
-Trial 961 0 44168328 43.678806
-Trial 962 0 44168328 43.686946
-Trial 963 0 44168328 43.690794
-Trial 964 0 44168328 43.724438
-Trial 965 0 44168328 43.749558
-Trial 966 0 44168328 43.771160
-Trial 967 0 44168328 43.792558
-Trial 968 0 44168328 43.809953
-Trial 969 0 44168328 43.824088
-Trial 970 0 44168328 43.860583
-Trial 971 0 44168328 43.967626
-Trial 972 0 44168328 43.975526
-Trial 973 0 44168328 43.985690
-Trial 974 0 44168328 43.995829
-Trial 975 0 44168328 44.010319
-Trial 976 0 44168328 44.012412
-Trial 977 0 44168328 44.022428
-Trial 978 0 44168328 44.033501
-Trial 979 0 44168328 44.054232
-Trial 980 0 44168328 44.067487
-Trial 981 0 44168328 44.086363
-Trial 982 0 44168328 44.091726
-Trial 983 0 44168328 44.096691
-Trial 984 0 44168328 44.121233
-Trial 985 0 44168328 44.134212
-Trial 986 0 44168328 44.147866
-Trial 987 0 44168328 44.238313
-Trial 988 0 44168328 44.266052
-Trial 989 0 44168328 44.294068
-Trial 990 0 44168328 44.324189
-Trial 991 0 44168328 44.387825
-Trial 992 0 44168328 44.459669
-Trial 993 0 44168328 44.464089
-Trial 994 0 44168328 44.471943
-Trial 995 0 44168328 44.478492
-Trial 996 0 44168328 44.490578
-Trial 997 0 44168328 44.505833
-Trial 998 0 44168328 44.534266
-Trial 999 0 44168328 44.547184
-Trial 1000 0 44168328 44.554935
Population:
  1: 0_44168328
Run 1: Cost = 0_44168328, Time = 42.19 sec. 

Successes/Runs = 0/1 
Cost.min = 44168328, Cost.avg = 44168328.00, Cost.max = 44168328
Gap.min = 0.0000%, Gap.avg = 0.0000%, Gap.max = 0.0000%
Penalty.min = 0, Penalty.avg = 0.00, Penalty.max = 0
Trials.min = 1000, Trials.avg = 1000.0, Trials.max = 1000
Time.min = 42.19 sec., Time.avg = 42.19 sec., Time.max = 42.19 sec.
Time.total = 44.56 sec.
  Size.min = 7, Size.max = 39, Penalty = 0
  Cost.min = 499373, Cost.max = 3443835, Cost.sum = 44168328
Best CVRPTW solution:
  Cost = 0_44168328
1 55 16 443 379 97 84 405 82 228 360 348 123 371 430 63 471 5 447 48 512 199 157 343 432 387 462 202 308 35 500 396 381 143 431 406 20 174 115 36 452 382 147 495 119 152 376 235 134 146 295 393 514 45 27 50 172 209 366 201 179 478 232 504 116 229 339 93 104 49 15 389 12 254 411 37 284 247 304 61 414 231 469 361 367 289 446 511 80 434 71 457 77 398 219 309 163 127 153 417 239 40 121 65 253 353 341 266 28 485 347 88 173 103 282 507 156 481 92 458 246 442 240 196 260 363 399 416 198 25 288 75 450 413 18 96 56 95 257 301 187 194 26 8 180 274 43 148 503 344 197 223 296 130 422 311 7 118 237 324 99 38 164 285 256 139 41 79 192 69 369 518 438 333 120 255 412 122 335 502 467 67 248 217 227 268 226 388 497 186 498 436 251 105 460 451 474 39 321 419 193 517 386 6 128 394 17 158 21 73 31 404 350 64 171 159 428 323 13 392 129 155 365 154 506 138 326 22 334 222 205 131 491 445 484 338 402 207 332 294 427 483 242 165 298 53 293 391 292 354 126 189 270 508 203 364 149 135 492 87 264 475 42 496 425 281 315 454 336 169 472 359 211 4 286 204 188 313 81 362 272 19 236 316 515 166 249 114 33 437 230 78 421 408 480 418 175 400 47 68 181 435 401 109 490 183 234 505 24 314 136 319 424 94 345 290 426 182 91 185 89 370 62 463 384 351 150 117 279 331 10 516 494 297 44 349 110 244 23 342 178 440 277 459 125 144 224 34 3 377 448 90 449 509 191 100 107 124 486 299 327 220 461 142 72 102 170 14 433 390 2 468 210 287 200 487 499 325 312 137 415 76 208 212 501 520 356 456 195 70 329 357 470 300 215 243 403 83 60 258 52 106 317 85 306 11 322 310 58 162 57 261 397 409 177 176 66 355 441 233 30 466 267 383 477 510 420 375 98 328 238 302 453 59 273 444 482 358 283 32 305 140 262 380 132 493 479 46 340 280 221 111 278 303 133 271 513 291 151 168 473 9 101 318 252 488 307 29 368 439 167 225 216 161 54 245 241 276 489 337 385 160 263 374 407 519 346 218 250 465 330 145 113 86 184 372 214 320 410 74 373 395 206 108 259 455 112 275 464 265 378 476 269 141 429 190 51 423 352 213 1 
