PARAMETER_FILE = result/cvrptw_500/LKH_para/870.para
Reading PROBLEM_FILE: "result/cvrptw_500/cvrptw/870.cvrptw" ... done
ASCENT_CANDIDATES = 50
BACKBONE_TRIALS = 0
BACKTRACKING = NO
# BWTSP =
# CANDIDATE_FILE =
CANDIDATE_SET_TYPE = ALPHA
DEPOT = 1
# EDGE_FILE =
EXCESS = 0.0384615
EXTERNAL_SALESMEN = 0
EXTRA_CANDIDATES = 0 
EXTRA_CANDIDATE_SET_TYPE = QUADRANT
GAIN23 = NO
GAIN_CRITERION = YES
INITIAL_PERIOD = 520
INITIAL_STEP_SIZE = 1
INITIAL_TOUR_ALGORITHM = WALK
# INITIAL_TOUR_FILE = 
INITIAL_TOUR_FRACTION = 1.000
# INPUT_TOUR_FILE = 
KICK_TYPE = 4
KICKS = 1
# MAX_BREADTH =
MAKESPAN = NO
MAX_CANDIDATES = 5 
MAX_SWAPS = 0
MAX_TRIALS = 1000
# MERGE_TOUR_FILE =
MOVE_TYPE = 5 SPECIAL
MTSP_MIN_SIZE = 1
MTSP_MAX_SIZE = 1039
# MTSP_SOLUTION_FILE = 
# NONSEQUENTIAL_MOVE_TYPE = 5
# OPTIMUM =
# OUTPUT_TOUR_FILE = 
PATCHING_A = 1 
PATCHING_C = 0 
# PI_FILE = 
POPMUSIC_INITIAL_TOUR = NO
POPMUSIC_MAX_NEIGHBORS = 5
POPMUSIC_SAMPLE_SIZE = 10
POPMUSIC_SOLUTIONS = 50
POPMUSIC_TRIALS = 1
POPULATION_SIZE = 10
PRECISION = 100
PROBLEM_FILE = result/cvrptw_500/cvrptw/870.cvrptw
RECOMBINATION = IPT
RESTRICTED_SEARCH = YES
RUNS = 1
SALESMEN = 20
SCALE = 1
SEED = 1234
# SINTEF_SOLUTION_FILE = 
STOP_AT_OPTIMUM = YES
SUBGRADIENT = YES
# SUBPROBLEM_SIZE =
# SUBPROBLEM_TOUR_FILE = 
SUBSEQUENT_MOVE_TYPE = 5 SPECIAL
SUBSEQUENT_PATCHING = YES
# TIME_LIMIT =
# TOUR_FILE = 
TRACE_LEVEL = 1
VEHICLES = 20

Lower bound = 26492855.9, Ascent time = 2.13 sec.
Cand.min = 5, Cand.avg = 5.0, Cand.max = 5
Edges.fixed = 520 [Cost = 0]
Preprocessing time = 2.22 sec.
* 1: Cost = 821011_55248079, Time = 3.96 sec. 
-Trial 1 821011 55248079 6.183551
-Trial 2 821011 55248079 6.301105
* 3: Cost = 821011_54809916, Time = 4.40 sec. 
-Trial 3 821011 54809916 6.621031
-Trial 4 821011 54809916 6.968654
* 5: Cost = 821011_54685833, Time = 4.86 sec. 
-Trial 5 821011 54685833 7.084854
* 6: Cost = 821011_54531408, Time = 4.88 sec. 
-Trial 6 821011 54531408 7.102049
-Trial 7 821011 54531408 7.165874
* 8: Cost = 821011_54472764, Time = 5.07 sec. 
-Trial 8 821011 54472764 7.292765
-Trial 9 821011 54472764 7.806365
* 10: Cost = 821011_54087439, Time = 5.92 sec. 
-Trial 10 821011 54087439 8.145747
* 11: Cost = 821011_53807094, Time = 5.95 sec. 
-Trial 11 821011 53807094 8.176438
-Trial 12 821011 53807094 8.232746
* 13: Cost = 821011_53618611, Time = 6.14 sec. 
-Trial 13 821011 53618611 8.366718
* 14: Cost = 0_52977653, Time = 6.28 sec. 
-Trial 14 0 52977653 8.504904
* 15: Cost = 0_52840538, Time = 6.30 sec. 
-Trial 15 0 52840538 8.520646
-Trial 16 0 52840538 8.555397
-Trial 17 0 52840538 8.598696
* 18: Cost = 0_52706719, Time = 6.45 sec. 
-Trial 18 0 52706719 8.671286
* 19: Cost = 0_52438122, Time = 6.47 sec. 
-Trial 19 0 52438122 8.694418
* 20: Cost = 0_51805231, Time = 6.59 sec. 
-Trial 20 0 51805231 8.810946
-Trial 21 0 51805231 8.871419
-Trial 22 0 51805231 8.910259
* 23: Cost = 0_51694859, Time = 6.71 sec. 
-Trial 23 0 51694859 8.933201
-Trial 24 0 51694859 8.988490
-Trial 25 0 51694859 8.990539
* 26: Cost = 0_51590771, Time = 6.78 sec. 
-Trial 26 0 51590771 9.001952
-Trial 27 0 51590771 9.030085
-Trial 28 0 51590771 9.039271
-Trial 29 0 51590771 9.118117
-Trial 30 0 51590771 9.134956
* 31: Cost = 0_51444068, Time = 6.94 sec. 
-Trial 31 0 51444068 9.164638
* 32: Cost = 0_51430351, Time = 6.98 sec. 
-Trial 32 0 51430351 9.201294
* 33: Cost = 0_51278076, Time = 7.03 sec. 
-Trial 33 0 51278076 9.250384
-Trial 34 0 51278076 9.265696
* 35: Cost = 0_51272130, Time = 7.09 sec. 
-Trial 35 0 51272130 9.308850
* 36: Cost = 0_50654521, Time = 7.15 sec. 
-Trial 36 0 50654521 9.367341
-Trial 37 0 50654521 9.384746
-Trial 38 0 50654521 9.413917
-Trial 39 0 50654521 9.424450
-Trial 40 0 50654521 9.470699
* 41: Cost = 0_50632469, Time = 7.26 sec. 
-Trial 41 0 50632469 9.485973
* 42: Cost = 0_50512648, Time = 7.27 sec. 
-Trial 42 0 50512648 9.491487
-Trial 43 0 50512648 9.535487
-Trial 44 0 50512648 9.580703
-Trial 45 0 50512648 9.765108
* 46: Cost = 0_50459454, Time = 7.61 sec. 
-Trial 46 0 50459454 9.835036
* 47: Cost = 0_50032619, Time = 7.74 sec. 
-Trial 47 0 50032619 9.965360
-Trial 48 0 50032619 10.027588
-Trial 49 0 50032619 10.032459
-Trial 50 0 50032619 10.034978
-Trial 51 0 50032619 10.120738
-Trial 52 0 50032619 10.150406
* 53: Cost = 0_49990371, Time = 8.07 sec. 
-Trial 53 0 49990371 10.287662
-Trial 54 0 49990371 10.311812
-Trial 55 0 49990371 10.372383
* 56: Cost = 0_49976413, Time = 8.17 sec. 
-Trial 56 0 49976413 10.394961
-Trial 57 0 49976413 10.395750
-Trial 58 0 49976413 10.399744
-Trial 59 0 49976413 10.424523
-Trial 60 0 49976413 10.440710
-Trial 61 0 49976413 10.441759
* 62: Cost = 0_49950325, Time = 8.33 sec. 
-Trial 62 0 49950325 10.549319
-Trial 63 0 49950325 10.636422
-Trial 64 0 49950325 10.640911
* 65: Cost = 0_49874237, Time = 8.45 sec. 
-Trial 65 0 49874237 10.674373
-Trial 66 0 49874237 10.775720
-Trial 67 0 49874237 10.779420
-Trial 68 0 49874237 10.800021
-Trial 69 0 49874237 10.835276
-Trial 70 0 49874237 11.065723
-Trial 71 0 49874237 11.090808
* 72: Cost = 0_49844996, Time = 8.87 sec. 
-Trial 72 0 49844996 11.093115
* 73: Cost = 0_49505178, Time = 8.93 sec. 
-Trial 73 0 49505178 11.153438
-Trial 74 0 49505178 11.644784
* 75: Cost = 0_49500354, Time = 9.46 sec. 
-Trial 75 0 49500354 11.683341
-Trial 76 0 49500354 11.699522
-Trial 77 0 49500354 11.719731
-Trial 78 0 49500354 11.774324
-Trial 79 0 49500354 11.785041
* 80: Cost = 0_49229027, Time = 9.57 sec. 
-Trial 80 0 49229027 11.797089
-Trial 81 0 49229027 11.854048
* 82: Cost = 0_49121490, Time = 9.69 sec. 
-Trial 82 0 49121490 11.908869
-Trial 83 0 49121490 11.978512
* 84: Cost = 0_49054583, Time = 9.78 sec. 
-Trial 84 0 49054583 11.998568
* 85: Cost = 0_49024813, Time = 9.88 sec. 
-Trial 85 0 49024813 12.100402
* 86: Cost = 0_49006651, Time = 9.90 sec. 
-Trial 86 0 49006651 12.120322
* 87: Cost = 0_48922053, Time = 9.93 sec. 
-Trial 87 0 48922053 12.148675
-Trial 88 0 48922053 12.290132
-Trial 89 0 48922053 12.299034
* 90: Cost = 0_48865830, Time = 10.09 sec. 
-Trial 90 0 48865830 12.309983
* 91: Cost = 0_48828094, Time = 10.13 sec. 
-Trial 91 0 48828094 12.355990
* 92: Cost = 0_47998621, Time = 10.14 sec. 
-Trial 92 0 47998621 12.367066
* 93: Cost = 0_47763495, Time = 10.16 sec. 
-Trial 93 0 47763495 12.384236
* 94: Cost = 0_47718514, Time = 10.16 sec. 
-Trial 94 0 47718514 12.385875
* 95: Cost = 0_47717405, Time = 10.19 sec. 
-Trial 95 0 47717405 12.417123
-Trial 96 0 47717405 12.629380
-Trial 97 0 47717405 12.642529
* 98: Cost = 0_47707528, Time = 10.46 sec. 
-Trial 98 0 47707528 12.686568
-Trial 99 0 47707528 12.698110
-Trial 100 0 47707528 12.745878
-Trial 101 0 47707528 12.753613
-Trial 102 0 47707528 12.793714
* 103: Cost = 0_47632690, Time = 10.58 sec. 
-Trial 103 0 47632690 12.807107
-Trial 104 0 47632690 12.874732
-Trial 105 0 47632690 12.924473
* 106: Cost = 0_47617351, Time = 10.73 sec. 
-Trial 106 0 47617351 12.955667
-Trial 107 0 47617351 12.974436
-Trial 108 0 47617351 13.069131
-Trial 109 0 47617351 13.074072
-Trial 110 0 47617351 13.095647
* 111: Cost = 0_47602467, Time = 10.90 sec. 
-Trial 111 0 47602467 13.119145
-Trial 112 0 47602467 13.131953
* 113: Cost = 0_47504561, Time = 10.94 sec. 
-Trial 113 0 47504561 13.162646
-Trial 114 0 47504561 13.199772
-Trial 115 0 47504561 13.202839
-Trial 116 0 47504561 13.211453
-Trial 117 0 47504561 13.229461
-Trial 118 0 47504561 13.250100
* 119: Cost = 0_47473027, Time = 11.04 sec. 
-Trial 119 0 47473027 13.261648
* 120: Cost = 0_47369130, Time = 11.08 sec. 
-Trial 120 0 47369130 13.304155
-Trial 121 0 47369130 13.481618
-Trial 122 0 47369130 13.483908
-Trial 123 0 47369130 13.499813
-Trial 124 0 47369130 13.517513
-Trial 125 0 47369130 13.534520
-Trial 126 0 47369130 13.632284
-Trial 127 0 47369130 13.639840
-Trial 128 0 47369130 13.693869
-Trial 129 0 47369130 13.749977
-Trial 130 0 47369130 13.790354
* 131: Cost = 0_47354937, Time = 11.57 sec. 
-Trial 131 0 47354937 13.797013
-Trial 132 0 47354937 13.845029
-Trial 133 0 47354937 13.866576
-Trial 134 0 47354937 13.872761
-Trial 135 0 47354937 13.888686
* 136: Cost = 0_47327428, Time = 11.68 sec. 
-Trial 136 0 47327428 13.902406
-Trial 137 0 47327428 13.911925
* 138: Cost = 0_47301164, Time = 11.79 sec. 
-Trial 138 0 47301164 14.008213
-Trial 139 0 47301164 14.052437
-Trial 140 0 47301164 14.070572
-Trial 141 0 47301164 14.100716
-Trial 142 0 47301164 14.152950
-Trial 143 0 47301164 14.172699
-Trial 144 0 47301164 14.182927
* 145: Cost = 0_47018000, Time = 11.99 sec. 
-Trial 145 0 47018000 14.216106
-Trial 146 0 47018000 14.233500
-Trial 147 0 47018000 14.259597
-Trial 148 0 47018000 14.367805
-Trial 149 0 47018000 14.368882
-Trial 150 0 47018000 14.393784
-Trial 151 0 47018000 14.469627
-Trial 152 0 47018000 14.522653
-Trial 153 0 47018000 14.570080
-Trial 154 0 47018000 14.583631
-Trial 155 0 47018000 14.593901
* 156: Cost = 0_46719678, Time = 12.51 sec. 
-Trial 156 0 46719678 14.727845
-Trial 157 0 46719678 14.744715
-Trial 158 0 46719678 14.771537
-Trial 159 0 46719678 14.816111
-Trial 160 0 46719678 14.840242
-Trial 161 0 46719678 14.843652
* 162: Cost = 0_46714201, Time = 12.65 sec. 
-Trial 162 0 46714201 14.869029
-Trial 163 0 46714201 14.907815
-Trial 164 0 46714201 14.930937
-Trial 165 0 46714201 14.933907
-Trial 166 0 46714201 15.079428
-Trial 167 0 46714201 15.110109
-Trial 168 0 46714201 15.113274
-Trial 169 0 46714201 15.147174
* 170: Cost = 0_46626279, Time = 12.98 sec. 
-Trial 170 0 46626279 15.201444
* 171: Cost = 0_46585339, Time = 13.05 sec. 
-Trial 171 0 46585339 15.270979
-Trial 172 0 46585339 15.345720
* 173: Cost = 0_46569275, Time = 13.16 sec. 
-Trial 173 0 46569275 15.385733
-Trial 174 0 46569275 15.446545
-Trial 175 0 46569275 15.472068
-Trial 176 0 46569275 15.485547
* 177: Cost = 0_46504606, Time = 13.35 sec. 
-Trial 177 0 46504606 15.571172
-Trial 178 0 46504606 15.572566
-Trial 179 0 46504606 15.598870
-Trial 180 0 46504606 15.644532
-Trial 181 0 46504606 15.700894
* 182: Cost = 0_46483728, Time = 13.51 sec. 
-Trial 182 0 46483728 15.729544
-Trial 183 0 46483728 15.730018
-Trial 184 0 46483728 15.742062
-Trial 185 0 46483728 15.753020
-Trial 186 0 46483728 15.764593
-Trial 187 0 46483728 15.966222
-Trial 188 0 46483728 15.978257
-Trial 189 0 46483728 16.005727
-Trial 190 0 46483728 16.033619
-Trial 191 0 46483728 16.116646
* 192: Cost = 0_46453512, Time = 13.90 sec. 
-Trial 192 0 46453512 16.126647
* 193: Cost = 0_46423899, Time = 14.03 sec. 
-Trial 193 0 46423899 16.249358
-Trial 194 0 46423899 16.287221
-Trial 195 0 46423899 16.289590
-Trial 196 0 46423899 16.303142
-Trial 197 0 46423899 16.316653
* 198: Cost = 0_46410510, Time = 14.10 sec. 
-Trial 198 0 46410510 16.325553
-Trial 199 0 46410510 16.372112
* 200: Cost = 0_46352937, Time = 14.16 sec. 
-Trial 200 0 46352937 16.382209
-Trial 201 0 46352937 16.414427
-Trial 202 0 46352937 16.431025
-Trial 203 0 46352937 16.488146
-Trial 204 0 46352937 16.513774
-Trial 205 0 46352937 16.525172
-Trial 206 0 46352937 16.544290
-Trial 207 0 46352937 16.549090
-Trial 208 0 46352937 16.568298
-Trial 209 0 46352937 16.612037
-Trial 210 0 46352937 16.642820
-Trial 211 0 46352937 16.703441
* 212: Cost = 0_46324617, Time = 14.53 sec. 
-Trial 212 0 46324617 16.748516
* 213: Cost = 0_46314199, Time = 14.53 sec. 
-Trial 213 0 46314199 16.756525
* 214: Cost = 0_46272876, Time = 14.57 sec. 
-Trial 214 0 46272876 16.794070
* 215: Cost = 0_46098597, Time = 14.58 sec. 
-Trial 215 0 46098597 16.802370
-Trial 216 0 46098597 16.808508
-Trial 217 0 46098597 16.818239
-Trial 218 0 46098597 16.902335
-Trial 219 0 46098597 16.913482
-Trial 220 0 46098597 16.924757
-Trial 221 0 46098597 16.940245
-Trial 222 0 46098597 16.972658
-Trial 223 0 46098597 16.976281
-Trial 224 0 46098597 16.981689
-Trial 225 0 46098597 17.019623
* 226: Cost = 0_46016739, Time = 14.85 sec. 
-Trial 226 0 46016739 17.068977
-Trial 227 0 46016739 17.072297
* 228: Cost = 0_45926695, Time = 14.86 sec. 
-Trial 228 0 45926695 17.077948
-Trial 229 0 45926695 17.101709
-Trial 230 0 45926695 17.157798
-Trial 231 0 45926695 17.183105
-Trial 232 0 45926695 17.451482
-Trial 233 0 45926695 17.463182
-Trial 234 0 45926695 17.485439
-Trial 235 0 45926695 17.500008
-Trial 236 0 45926695 17.515495
-Trial 237 0 45926695 17.529782
-Trial 238 0 45926695 17.532659
-Trial 239 0 45926695 17.543988
-Trial 240 0 45926695 17.575743
* 241: Cost = 0_45808517, Time = 15.36 sec. 
-Trial 241 0 45808517 17.578916
-Trial 242 0 45808517 17.589486
-Trial 243 0 45808517 17.601170
-Trial 244 0 45808517 17.666188
* 245: Cost = 0_45706987, Time = 15.48 sec. 
-Trial 245 0 45706987 17.698952
-Trial 246 0 45706987 17.722759
-Trial 247 0 45706987 17.758941
-Trial 248 0 45706987 17.797616
* 249: Cost = 0_45698144, Time = 15.61 sec. 
-Trial 249 0 45698144 17.833746
* 250: Cost = 0_45604829, Time = 15.70 sec. 
-Trial 250 0 45604829 17.920711
-Trial 251 0 45604829 17.947926
-Trial 252 0 45604829 17.986794
-Trial 253 0 45604829 18.021059
-Trial 254 0 45604829 18.025770
-Trial 255 0 45604829 18.048938
-Trial 256 0 45604829 18.066014
-Trial 257 0 45604829 18.071253
-Trial 258 0 45604829 18.118823
-Trial 259 0 45604829 18.309337
-Trial 260 0 45604829 18.336399
-Trial 261 0 45604829 18.466908
-Trial 262 0 45604829 18.505380
-Trial 263 0 45604829 18.523738
-Trial 264 0 45604829 18.553814
-Trial 265 0 45604829 18.572377
-Trial 266 0 45604829 18.607218
-Trial 267 0 45604829 18.624190
-Trial 268 0 45604829 18.658612
-Trial 269 0 45604829 18.696282
-Trial 270 0 45604829 18.702957
-Trial 271 0 45604829 18.801310
-Trial 272 0 45604829 18.820403
-Trial 273 0 45604829 18.824544
-Trial 274 0 45604829 18.867653
-Trial 275 0 45604829 18.896451
-Trial 276 0 45604829 18.956283
-Trial 277 0 45604829 18.976751
-Trial 278 0 45604829 18.977310
-Trial 279 0 45604829 19.089350
-Trial 280 0 45604829 19.193007
-Trial 281 0 45604829 19.200391
-Trial 282 0 45604829 19.285338
-Trial 283 0 45604829 19.325464
-Trial 284 0 45604829 19.386722
-Trial 285 0 45604829 19.398754
-Trial 286 0 45604829 19.402079
-Trial 287 0 45604829 19.417081
* 288: Cost = 0_45604781, Time = 17.21 sec. 
-Trial 288 0 45604781 19.429694
-Trial 289 0 45604781 19.444028
-Trial 290 0 45604781 19.446990
-Trial 291 0 45604781 19.471402
-Trial 292 0 45604781 19.475298
-Trial 293 0 45604781 19.494375
-Trial 294 0 45604781 19.524113
-Trial 295 0 45604781 19.582085
-Trial 296 0 45604781 19.592792
* 297: Cost = 0_45585337, Time = 17.41 sec. 
-Trial 297 0 45585337 19.630587
-Trial 298 0 45585337 19.652578
-Trial 299 0 45585337 19.679064
-Trial 300 0 45585337 19.708534
-Trial 301 0 45585337 19.727172
* 302: Cost = 0_45530539, Time = 17.53 sec. 
-Trial 302 0 45530539 19.754428
-Trial 303 0 45530539 19.797127
-Trial 304 0 45530539 19.808414
-Trial 305 0 45530539 19.829675
-Trial 306 0 45530539 19.841898
* 307: Cost = 0_45521492, Time = 17.63 sec. 
-Trial 307 0 45521492 19.856056
-Trial 308 0 45521492 19.910466
-Trial 309 0 45521492 19.933219
-Trial 310 0 45521492 19.941447
-Trial 311 0 45521492 19.957685
-Trial 312 0 45521492 19.964899
-Trial 313 0 45521492 20.028764
-Trial 314 0 45521492 20.029230
-Trial 315 0 45521492 20.042527
-Trial 316 0 45521492 20.043248
* 317: Cost = 0_45515310, Time = 17.83 sec. 
-Trial 317 0 45515310 20.055294
-Trial 318 0 45515310 20.062845
-Trial 319 0 45515310 20.093202
-Trial 320 0 45515310 20.114088
-Trial 321 0 45515310 20.119858
-Trial 322 0 45515310 20.122568
-Trial 323 0 45515310 20.166543
-Trial 324 0 45515310 20.169347
-Trial 325 0 45515310 20.189947
-Trial 326 0 45515310 20.287630
-Trial 327 0 45515310 20.294856
-Trial 328 0 45515310 20.413749
-Trial 329 0 45515310 20.442829
-Trial 330 0 45515310 20.665793
-Trial 331 0 45515310 20.678703
-Trial 332 0 45515310 20.703717
-Trial 333 0 45515310 20.717758
-Trial 334 0 45515310 20.753477
-Trial 335 0 45515310 20.757355
-Trial 336 0 45515310 20.762160
* 337: Cost = 0_45491247, Time = 18.62 sec. 
-Trial 337 0 45491247 20.846580
-Trial 338 0 45491247 20.859087
-Trial 339 0 45491247 20.877027
-Trial 340 0 45491247 20.882406
-Trial 341 0 45491247 20.985095
-Trial 342 0 45491247 21.031761
-Trial 343 0 45491247 21.044644
-Trial 344 0 45491247 21.054429
-Trial 345 0 45491247 21.067287
* 346: Cost = 0_45475564, Time = 18.87 sec. 
-Trial 346 0 45475564 21.087635
-Trial 347 0 45475564 21.124443
-Trial 348 0 45475564 21.150390
-Trial 349 0 45475564 21.212863
-Trial 350 0 45475564 21.214728
-Trial 351 0 45475564 21.222638
-Trial 352 0 45475564 21.241109
* 353: Cost = 0_45473370, Time = 19.02 sec. 
-Trial 353 0 45473370 21.245409
-Trial 354 0 45473370 21.249778
-Trial 355 0 45473370 21.257448
-Trial 356 0 45473370 21.267139
-Trial 357 0 45473370 21.285783
-Trial 358 0 45473370 21.303743
-Trial 359 0 45473370 21.365426
-Trial 360 0 45473370 21.375227
-Trial 361 0 45473370 21.379479
* 362: Cost = 0_45472335, Time = 19.18 sec. 
-Trial 362 0 45472335 21.399268
-Trial 363 0 45472335 21.413144
-Trial 364 0 45472335 21.494753
-Trial 365 0 45472335 21.548318
-Trial 366 0 45472335 21.560642
-Trial 367 0 45472335 21.573085
-Trial 368 0 45472335 21.614729
-Trial 369 0 45472335 21.636139
-Trial 370 0 45472335 21.641388
-Trial 371 0 45472335 21.719049
-Trial 372 0 45472335 21.723397
-Trial 373 0 45472335 21.738746
-Trial 374 0 45472335 21.744856
-Trial 375 0 45472335 21.763804
-Trial 376 0 45472335 21.771275
-Trial 377 0 45472335 21.807225
-Trial 378 0 45472335 21.824712
-Trial 379 0 45472335 21.825651
* 380: Cost = 0_45380594, Time = 19.61 sec. 
-Trial 380 0 45380594 21.834103
-Trial 381 0 45380594 21.907852
-Trial 382 0 45380594 21.913172
-Trial 383 0 45380594 21.930099
-Trial 384 0 45380594 21.946156
-Trial 385 0 45380594 21.960081
-Trial 386 0 45380594 21.967159
-Trial 387 0 45380594 21.998000
-Trial 388 0 45380594 22.008998
-Trial 389 0 45380594 22.018409
-Trial 390 0 45380594 22.060412
-Trial 391 0 45380594 22.062100
-Trial 392 0 45380594 22.065886
-Trial 393 0 45380594 22.078994
-Trial 394 0 45380594 22.100694
-Trial 395 0 45380594 22.113534
-Trial 396 0 45380594 22.116483
-Trial 397 0 45380594 22.127281
-Trial 398 0 45380594 22.154631
-Trial 399 0 45380594 22.160258
* 400: Cost = 0_45372414, Time = 19.96 sec. 
-Trial 400 0 45372414 22.183925
-Trial 401 0 45372414 22.448478
-Trial 402 0 45372414 22.478666
-Trial 403 0 45372414 22.504096
-Trial 404 0 45372414 22.512447
-Trial 405 0 45372414 22.553385
-Trial 406 0 45372414 22.558287
-Trial 407 0 45372414 22.591583
-Trial 408 0 45372414 22.600182
-Trial 409 0 45372414 22.602426
-Trial 410 0 45372414 22.622849
-Trial 411 0 45372414 22.637516
-Trial 412 0 45372414 22.691102
-Trial 413 0 45372414 22.728617
-Trial 414 0 45372414 22.749806
-Trial 415 0 45372414 22.753679
-Trial 416 0 45372414 22.778142
-Trial 417 0 45372414 22.830644
* 418: Cost = 0_45322855, Time = 20.65 sec. 
-Trial 418 0 45322855 22.871440
-Trial 419 0 45322855 22.880176
-Trial 420 0 45322855 22.914880
-Trial 421 0 45322855 22.969175
* 422: Cost = 0_45317007, Time = 20.75 sec. 
-Trial 422 0 45317007 22.976504
* 423: Cost = 0_45314769, Time = 20.87 sec. 
-Trial 423 0 45314769 23.094192
* 424: Cost = 0_45286378, Time = 20.97 sec. 
-Trial 424 0 45286378 23.189926
-Trial 425 0 45286378 23.230542
-Trial 426 0 45286378 23.236251
-Trial 427 0 45286378 23.247271
-Trial 428 0 45286378 23.253902
-Trial 429 0 45286378 23.372398
-Trial 430 0 45286378 23.379651
-Trial 431 0 45286378 23.392008
-Trial 432 0 45286378 23.432910
-Trial 433 0 45286378 23.450187
-Trial 434 0 45286378 23.493685
-Trial 435 0 45286378 23.512033
-Trial 436 0 45286378 23.513072
-Trial 437 0 45286378 23.517977
-Trial 438 0 45286378 23.538681
-Trial 439 0 45286378 23.544626
-Trial 440 0 45286378 23.570950
-Trial 441 0 45286378 23.600495
* 442: Cost = 0_45276678, Time = 21.39 sec. 
-Trial 442 0 45276678 23.616246
-Trial 443 0 45276678 23.629262
-Trial 444 0 45276678 23.631471
-Trial 445 0 45276678 23.662821
-Trial 446 0 45276678 23.681580
-Trial 447 0 45276678 23.684452
-Trial 448 0 45276678 23.685493
-Trial 449 0 45276678 23.708071
-Trial 450 0 45276678 23.742763
-Trial 451 0 45276678 23.746575
-Trial 452 0 45276678 23.795235
-Trial 453 0 45276678 23.798473
-Trial 454 0 45276678 23.916892
-Trial 455 0 45276678 23.935609
* 456: Cost = 0_45263498, Time = 21.73 sec. 
-Trial 456 0 45263498 23.951984
-Trial 457 0 45263498 23.958204
-Trial 458 0 45263498 23.998105
-Trial 459 0 45263498 24.041877
-Trial 460 0 45263498 24.042748
* 461: Cost = 0_45222676, Time = 21.90 sec. 
-Trial 461 0 45222676 24.124116
-Trial 462 0 45222676 24.147112
-Trial 463 0 45222676 24.188766
-Trial 464 0 45222676 24.336015
-Trial 465 0 45222676 24.355703
-Trial 466 0 45222676 24.359365
-Trial 467 0 45222676 24.377400
-Trial 468 0 45222676 24.408608
-Trial 469 0 45222676 24.414770
-Trial 470 0 45222676 24.590511
-Trial 471 0 45222676 24.622795
-Trial 472 0 45222676 24.632097
-Trial 473 0 45222676 25.122309
-Trial 474 0 45222676 25.136893
-Trial 475 0 45222676 25.206261
* 476: Cost = 0_45028986, Time = 23.04 sec. 
-Trial 476 0 45028986 25.264809
* 477: Cost = 0_45024772, Time = 23.07 sec. 
-Trial 477 0 45024772 25.296984
-Trial 478 0 45024772 25.473530
-Trial 479 0 45024772 25.477384
-Trial 480 0 45024772 25.505687
* 481: Cost = 0_45015078, Time = 23.33 sec. 
-Trial 481 0 45015078 25.551632
-Trial 482 0 45015078 25.552356
-Trial 483 0 45015078 25.599325
-Trial 484 0 45015078 25.648193
-Trial 485 0 45015078 25.655261
-Trial 486 0 45015078 25.666133
-Trial 487 0 45015078 25.666658
-Trial 488 0 45015078 25.683517
-Trial 489 0 45015078 25.711248
* 490: Cost = 0_45009022, Time = 23.52 sec. 
-Trial 490 0 45009022 25.739389
-Trial 491 0 45009022 25.751256
-Trial 492 0 45009022 25.825913
-Trial 493 0 45009022 25.836872
-Trial 494 0 45009022 25.841360
* 495: Cost = 0_45007177, Time = 23.65 sec. 
-Trial 495 0 45007177 25.872387
-Trial 496 0 45007177 25.883810
-Trial 497 0 45007177 25.893321
-Trial 498 0 45007177 25.976123
-Trial 499 0 45007177 25.999898
-Trial 500 0 45007177 26.006854
-Trial 501 0 45007177 26.034588
-Trial 502 0 45007177 26.061477
-Trial 503 0 45007177 26.087677
-Trial 504 0 45007177 26.142022
-Trial 505 0 45007177 26.160739
-Trial 506 0 45007177 26.269608
-Trial 507 0 45007177 26.305917
-Trial 508 0 45007177 26.543946
-Trial 509 0 45007177 26.550970
-Trial 510 0 45007177 26.564522
-Trial 511 0 45007177 26.577579
-Trial 512 0 45007177 26.623766
-Trial 513 0 45007177 26.634134
-Trial 514 0 45007177 26.693047
-Trial 515 0 45007177 26.707860
-Trial 516 0 45007177 26.771641
* 517: Cost = 0_44982933, Time = 24.57 sec. 
-Trial 517 0 44982933 26.788013
-Trial 518 0 44982933 26.848637
-Trial 519 0 44982933 26.854011
-Trial 520 0 44982933 26.866710
-Trial 521 0 44982933 26.902070
* 522: Cost = 0_44951736, Time = 24.69 sec. 
-Trial 522 0 44951736 26.917097
-Trial 523 0 44951736 26.980524
-Trial 524 0 44951736 26.996360
-Trial 525 0 44951736 27.097911
-Trial 526 0 44951736 27.100987
-Trial 527 0 44951736 27.153841
* 528: Cost = 0_44939732, Time = 24.97 sec. 
-Trial 528 0 44939732 27.193137
-Trial 529 0 44939732 27.202540
-Trial 530 0 44939732 27.219761
-Trial 531 0 44939732 27.227538
-Trial 532 0 44939732 27.237009
-Trial 533 0 44939732 27.285293
-Trial 534 0 44939732 27.313250
* 535: Cost = 0_44875345, Time = 25.10 sec. 
-Trial 535 0 44875345 27.323513
-Trial 536 0 44875345 27.324641
-Trial 537 0 44875345 27.334145
-Trial 538 0 44875345 27.337847
-Trial 539 0 44875345 27.594320
-Trial 540 0 44875345 27.604340
-Trial 541 0 44875345 27.614042
-Trial 542 0 44875345 27.631794
-Trial 543 0 44875345 27.659809
-Trial 544 0 44875345 27.681226
-Trial 545 0 44875345 27.703906
-Trial 546 0 44875345 27.715705
-Trial 547 0 44875345 27.721296
-Trial 548 0 44875345 27.769963
-Trial 549 0 44875345 27.780543
* 550: Cost = 0_44849132, Time = 25.56 sec. 
-Trial 550 0 44849132 27.785230
-Trial 551 0 44849132 27.802638
-Trial 552 0 44849132 27.902248
-Trial 553 0 44849132 27.942874
-Trial 554 0 44849132 27.951730
-Trial 555 0 44849132 27.988357
-Trial 556 0 44849132 28.121850
-Trial 557 0 44849132 28.230721
-Trial 558 0 44849132 28.274492
-Trial 559 0 44849132 28.295269
-Trial 560 0 44849132 28.369846
-Trial 561 0 44849132 28.414904
-Trial 562 0 44849132 28.473441
-Trial 563 0 44849132 28.483885
-Trial 564 0 44849132 28.515068
-Trial 565 0 44849132 28.530628
-Trial 566 0 44849132 28.531745
-Trial 567 0 44849132 28.558604
-Trial 568 0 44849132 28.581202
-Trial 569 0 44849132 28.589762
-Trial 570 0 44849132 28.592517
-Trial 571 0 44849132 28.604867
-Trial 572 0 44849132 28.618020
-Trial 573 0 44849132 28.631599
-Trial 574 0 44849132 28.660996
* 575: Cost = 0_44843655, Time = 26.48 sec. 
-Trial 575 0 44843655 28.704995
-Trial 576 0 44843655 28.712286
* 577: Cost = 0_44835439, Time = 26.50 sec. 
-Trial 577 0 44835439 28.724968
-Trial 578 0 44835439 28.730199
-Trial 579 0 44835439 28.754244
-Trial 580 0 44835439 28.762483
* 581: Cost = 0_44789056, Time = 26.57 sec. 
-Trial 581 0 44789056 28.796160
-Trial 582 0 44789056 28.880266
-Trial 583 0 44789056 28.889949
-Trial 584 0 44789056 28.919939
-Trial 585 0 44789056 28.968115
* 586: Cost = 0_44775959, Time = 26.76 sec. 
-Trial 586 0 44775959 28.982647
-Trial 587 0 44775959 28.997203
-Trial 588 0 44775959 29.027975
-Trial 589 0 44775959 29.076090
-Trial 590 0 44775959 29.144861
-Trial 591 0 44775959 29.153058
-Trial 592 0 44775959 29.212743
-Trial 593 0 44775959 29.233570
* 594: Cost = 0_44746490, Time = 27.03 sec. 
-Trial 594 0 44746490 29.250079
-Trial 595 0 44746490 29.274385
-Trial 596 0 44746490 29.285621
-Trial 597 0 44746490 29.315504
-Trial 598 0 44746490 29.329926
-Trial 599 0 44746490 29.336521
-Trial 600 0 44746490 29.365878
-Trial 601 0 44746490 29.384402
-Trial 602 0 44746490 29.390294
-Trial 603 0 44746490 29.409676
-Trial 604 0 44746490 29.421248
-Trial 605 0 44746490 29.429234
-Trial 606 0 44746490 29.430775
-Trial 607 0 44746490 29.441660
-Trial 608 0 44746490 29.453550
-Trial 609 0 44746490 29.461569
-Trial 610 0 44746490 29.482822
-Trial 611 0 44746490 29.499519
-Trial 612 0 44746490 29.554099
-Trial 613 0 44746490 29.564696
-Trial 614 0 44746490 29.583554
-Trial 615 0 44746490 29.602777
-Trial 616 0 44746490 29.671484
-Trial 617 0 44746490 29.691799
-Trial 618 0 44746490 29.724141
-Trial 619 0 44746490 29.794508
-Trial 620 0 44746490 29.812243
-Trial 621 0 44746490 29.837791
-Trial 622 0 44746490 29.890763
-Trial 623 0 44746490 29.965642
-Trial 624 0 44746490 30.010450
-Trial 625 0 44746490 30.071582
-Trial 626 0 44746490 30.084455
-Trial 627 0 44746490 30.119663
-Trial 628 0 44746490 30.141417
-Trial 629 0 44746490 30.174714
-Trial 630 0 44746490 30.207389
-Trial 631 0 44746490 30.228384
-Trial 632 0 44746490 30.281808
-Trial 633 0 44746490 30.288066
-Trial 634 0 44746490 30.307742
-Trial 635 0 44746490 30.418710
-Trial 636 0 44746490 30.439791
-Trial 637 0 44746490 30.454068
-Trial 638 0 44746490 30.479749
-Trial 639 0 44746490 30.485113
-Trial 640 0 44746490 30.516380
-Trial 641 0 44746490 30.525730
-Trial 642 0 44746490 30.551803
-Trial 643 0 44746490 30.566357
-Trial 644 0 44746490 30.599968
-Trial 645 0 44746490 30.619159
-Trial 646 0 44746490 30.638601
-Trial 647 0 44746490 30.645784
-Trial 648 0 44746490 30.646475
-Trial 649 0 44746490 30.657182
-Trial 650 0 44746490 30.668923
-Trial 651 0 44746490 30.727720
-Trial 652 0 44746490 30.784787
-Trial 653 0 44746490 30.787860
-Trial 654 0 44746490 30.888682
-Trial 655 0 44746490 30.903605
-Trial 656 0 44746490 30.907817
-Trial 657 0 44746490 30.913448
-Trial 658 0 44746490 30.939671
-Trial 659 0 44746490 30.944663
-Trial 660 0 44746490 31.015078
-Trial 661 0 44746490 31.028597
* 662: Cost = 0_44737577, Time = 28.83 sec. 
-Trial 662 0 44737577 31.056161
-Trial 663 0 44737577 31.062159
* 664: Cost = 0_44693503, Time = 28.88 sec. 
-Trial 664 0 44693503 31.098830
-Trial 665 0 44693503 31.111660
-Trial 666 0 44693503 31.128921
-Trial 667 0 44693503 31.151209
-Trial 668 0 44693503 31.154587
-Trial 669 0 44693503 31.155520
-Trial 670 0 44693503 31.209491
-Trial 671 0 44693503 31.289441
* 672: Cost = 0_44682514, Time = 29.12 sec. 
-Trial 672 0 44682514 31.342898
-Trial 673 0 44682514 31.355856
-Trial 674 0 44682514 31.393907
-Trial 675 0 44682514 31.413967
-Trial 676 0 44682514 31.427248
-Trial 677 0 44682514 31.443533
-Trial 678 0 44682514 31.452386
-Trial 679 0 44682514 31.456854
-Trial 680 0 44682514 31.462365
-Trial 681 0 44682514 31.474565
-Trial 682 0 44682514 31.490505
-Trial 683 0 44682514 31.570890
-Trial 684 0 44682514 31.617627
-Trial 685 0 44682514 31.655178
-Trial 686 0 44682514 31.684476
-Trial 687 0 44682514 31.694739
-Trial 688 0 44682514 31.715435
-Trial 689 0 44682514 31.718963
-Trial 690 0 44682514 31.756856
-Trial 691 0 44682514 31.839601
* 692: Cost = 0_44641293, Time = 29.62 sec. 
-Trial 692 0 44641293 31.841513
-Trial 693 0 44641293 31.907495
-Trial 694 0 44641293 31.935041
-Trial 695 0 44641293 32.032049
-Trial 696 0 44641293 32.066311
-Trial 697 0 44641293 32.185929
* 698: Cost = 0_44639407, Time = 29.99 sec. 
-Trial 698 0 44639407 32.208756
-Trial 699 0 44639407 32.268504
-Trial 700 0 44639407 32.287519
-Trial 701 0 44639407 32.293496
-Trial 702 0 44639407 32.314002
-Trial 703 0 44639407 32.351347
-Trial 704 0 44639407 32.361387
-Trial 705 0 44639407 32.416992
-Trial 706 0 44639407 32.454162
-Trial 707 0 44639407 32.491408
-Trial 708 0 44639407 32.494486
-Trial 709 0 44639407 32.643167
-Trial 710 0 44639407 32.670728
-Trial 711 0 44639407 32.724852
-Trial 712 0 44639407 32.743523
-Trial 713 0 44639407 32.767227
-Trial 714 0 44639407 32.781286
-Trial 715 0 44639407 32.857324
* 716: Cost = 0_44606935, Time = 30.66 sec. 
-Trial 716 0 44606935 32.882651
-Trial 717 0 44606935 32.884060
-Trial 718 0 44606935 32.896902
-Trial 719 0 44606935 32.905501
-Trial 720 0 44606935 32.910063
-Trial 721 0 44606935 32.948089
-Trial 722 0 44606935 32.981238
-Trial 723 0 44606935 33.027799
-Trial 724 0 44606935 33.028944
-Trial 725 0 44606935 33.030645
-Trial 726 0 44606935 33.051347
-Trial 727 0 44606935 33.058664
-Trial 728 0 44606935 33.080223
-Trial 729 0 44606935 33.154672
-Trial 730 0 44606935 33.163216
-Trial 731 0 44606935 33.171532
-Trial 732 0 44606935 33.192604
-Trial 733 0 44606935 33.198224
-Trial 734 0 44606935 33.211155
-Trial 735 0 44606935 33.248562
-Trial 736 0 44606935 33.263179
-Trial 737 0 44606935 33.314975
-Trial 738 0 44606935 33.399160
-Trial 739 0 44606935 33.404766
-Trial 740 0 44606935 33.508797
-Trial 741 0 44606935 33.701553
-Trial 742 0 44606935 33.713294
-Trial 743 0 44606935 33.729405
-Trial 744 0 44606935 33.742959
-Trial 745 0 44606935 33.847057
-Trial 746 0 44606935 33.848465
-Trial 747 0 44606935 33.869626
-Trial 748 0 44606935 33.881053
-Trial 749 0 44606935 33.888774
-Trial 750 0 44606935 33.902692
-Trial 751 0 44606935 33.911556
* 752: Cost = 0_44601215, Time = 31.72 sec. 
-Trial 752 0 44601215 33.945730
-Trial 753 0 44601215 33.956381
-Trial 754 0 44601215 33.985721
-Trial 755 0 44601215 34.036932
-Trial 756 0 44601215 34.109855
-Trial 757 0 44601215 34.121233
-Trial 758 0 44601215 34.176387
-Trial 759 0 44601215 34.184778
-Trial 760 0 44601215 34.216371
-Trial 761 0 44601215 34.218688
-Trial 762 0 44601215 34.248266
-Trial 763 0 44601215 34.265668
-Trial 764 0 44601215 34.310029
-Trial 765 0 44601215 34.325714
-Trial 766 0 44601215 34.422007
-Trial 767 0 44601215 34.446936
-Trial 768 0 44601215 34.456925
-Trial 769 0 44601215 34.484662
-Trial 770 0 44601215 34.488715
-Trial 771 0 44601215 34.496501
-Trial 772 0 44601215 34.513237
-Trial 773 0 44601215 34.530930
-Trial 774 0 44601215 34.541386
-Trial 775 0 44601215 34.573548
-Trial 776 0 44601215 34.599421
-Trial 777 0 44601215 34.603421
-Trial 778 0 44601215 34.631002
-Trial 779 0 44601215 34.666477
-Trial 780 0 44601215 34.742212
-Trial 781 0 44601215 34.776084
-Trial 782 0 44601215 34.786233
-Trial 783 0 44601215 34.792087
-Trial 784 0 44601215 34.817333
-Trial 785 0 44601215 34.828772
-Trial 786 0 44601215 34.838029
-Trial 787 0 44601215 34.848864
-Trial 788 0 44601215 34.855787
-Trial 789 0 44601215 34.880970
-Trial 790 0 44601215 34.884626
-Trial 791 0 44601215 34.890830
-Trial 792 0 44601215 34.902148
-Trial 793 0 44601215 34.910299
-Trial 794 0 44601215 34.915203
-Trial 795 0 44601215 34.968444
-Trial 796 0 44601215 34.982033
-Trial 797 0 44601215 35.008754
-Trial 798 0 44601215 35.023763
-Trial 799 0 44601215 35.066322
-Trial 800 0 44601215 35.078666
-Trial 801 0 44601215 35.091648
-Trial 802 0 44601215 35.134609
-Trial 803 0 44601215 35.192045
-Trial 804 0 44601215 35.217516
-Trial 805 0 44601215 35.250049
-Trial 806 0 44601215 35.273512
-Trial 807 0 44601215 35.299845
-Trial 808 0 44601215 35.302939
-Trial 809 0 44601215 35.315145
-Trial 810 0 44601215 35.341420
-Trial 811 0 44601215 35.380352
-Trial 812 0 44601215 35.453563
-Trial 813 0 44601215 35.484484
-Trial 814 0 44601215 35.608018
-Trial 815 0 44601215 35.629153
-Trial 816 0 44601215 35.654306
-Trial 817 0 44601215 35.674801
-Trial 818 0 44601215 35.718518
-Trial 819 0 44601215 35.759383
-Trial 820 0 44601215 35.763209
-Trial 821 0 44601215 35.770041
-Trial 822 0 44601215 35.820287
-Trial 823 0 44601215 35.828676
-Trial 824 0 44601215 36.069895
-Trial 825 0 44601215 36.112480
-Trial 826 0 44601215 36.117391
-Trial 827 0 44601215 36.142301
-Trial 828 0 44601215 36.164978
-Trial 829 0 44601215 36.177205
-Trial 830 0 44601215 36.199010
-Trial 831 0 44601215 36.210352
-Trial 832 0 44601215 36.252418
-Trial 833 0 44601215 36.288020
-Trial 834 0 44601215 36.290048
-Trial 835 0 44601215 36.302971
-Trial 836 0 44601215 36.326336
-Trial 837 0 44601215 36.370636
-Trial 838 0 44601215 36.380521
-Trial 839 0 44601215 36.397827
-Trial 840 0 44601215 36.422520
-Trial 841 0 44601215 36.431469
-Trial 842 0 44601215 36.444171
-Trial 843 0 44601215 36.455573
-Trial 844 0 44601215 36.470988
-Trial 845 0 44601215 36.560578
-Trial 846 0 44601215 36.580336
-Trial 847 0 44601215 36.590161
-Trial 848 0 44601215 36.599297
-Trial 849 0 44601215 36.639913
-Trial 850 0 44601215 36.746803
-Trial 851 0 44601215 36.772101
-Trial 852 0 44601215 36.782987
-Trial 853 0 44601215 36.784083
-Trial 854 0 44601215 36.811552
-Trial 855 0 44601215 36.831323
-Trial 856 0 44601215 36.955057
-Trial 857 0 44601215 36.960069
-Trial 858 0 44601215 37.039851
-Trial 859 0 44601215 37.060217
-Trial 860 0 44601215 37.073637
-Trial 861 0 44601215 37.143035
-Trial 862 0 44601215 37.156724
-Trial 863 0 44601215 37.265799
-Trial 864 0 44601215 37.270273
-Trial 865 0 44601215 37.273787
-Trial 866 0 44601215 37.293511
-Trial 867 0 44601215 37.295947
-Trial 868 0 44601215 37.480460
-Trial 869 0 44601215 37.576370
-Trial 870 0 44601215 37.577774
-Trial 871 0 44601215 37.590178
-Trial 872 0 44601215 37.625809
-Trial 873 0 44601215 37.641789
-Trial 874 0 44601215 37.673306
-Trial 875 0 44601215 37.674316
-Trial 876 0 44601215 37.688025
-Trial 877 0 44601215 37.713925
-Trial 878 0 44601215 37.742568
-Trial 879 0 44601215 37.798442
-Trial 880 0 44601215 37.850531
-Trial 881 0 44601215 37.853877
-Trial 882 0 44601215 37.861941
-Trial 883 0 44601215 37.926452
-Trial 884 0 44601215 37.951598
-Trial 885 0 44601215 37.981962
-Trial 886 0 44601215 37.988279
-Trial 887 0 44601215 38.145313
-Trial 888 0 44601215 38.147770
-Trial 889 0 44601215 38.171610
-Trial 890 0 44601215 38.185124
-Trial 891 0 44601215 38.222815
-Trial 892 0 44601215 38.256735
-Trial 893 0 44601215 38.260043
-Trial 894 0 44601215 38.323592
-Trial 895 0 44601215 38.334828
-Trial 896 0 44601215 38.338914
-Trial 897 0 44601215 38.344384
-Trial 898 0 44601215 38.427925
-Trial 899 0 44601215 38.446775
-Trial 900 0 44601215 38.492710
-Trial 901 0 44601215 38.503358
-Trial 902 0 44601215 38.528596
-Trial 903 0 44601215 38.530033
-Trial 904 0 44601215 38.539330
-Trial 905 0 44601215 38.561096
-Trial 906 0 44601215 38.563453
-Trial 907 0 44601215 38.582738
-Trial 908 0 44601215 38.594580
-Trial 909 0 44601215 38.683412
-Trial 910 0 44601215 38.706874
-Trial 911 0 44601215 38.717286
-Trial 912 0 44601215 38.737913
-Trial 913 0 44601215 38.799561
-Trial 914 0 44601215 38.803592
-Trial 915 0 44601215 38.804496
-Trial 916 0 44601215 38.811415
-Trial 917 0 44601215 38.834874
-Trial 918 0 44601215 38.871244
-Trial 919 0 44601215 38.935738
-Trial 920 0 44601215 38.939052
-Trial 921 0 44601215 38.948495
-Trial 922 0 44601215 38.975923
-Trial 923 0 44601215 38.994906
-Trial 924 0 44601215 39.002663
-Trial 925 0 44601215 39.017099
-Trial 926 0 44601215 39.033520
-Trial 927 0 44601215 39.045327
-Trial 928 0 44601215 39.076294
-Trial 929 0 44601215 39.091178
-Trial 930 0 44601215 39.124660
-Trial 931 0 44601215 39.135934
-Trial 932 0 44601215 39.164875
-Trial 933 0 44601215 39.204036
-Trial 934 0 44601215 39.302258
-Trial 935 0 44601215 39.313505
-Trial 936 0 44601215 39.333631
-Trial 937 0 44601215 39.344953
-Trial 938 0 44601215 39.349921
-Trial 939 0 44601215 39.356691
-Trial 940 0 44601215 39.371146
-Trial 941 0 44601215 39.480657
-Trial 942 0 44601215 39.527727
-Trial 943 0 44601215 39.686447
-Trial 944 0 44601215 39.696968
-Trial 945 0 44601215 39.702187
-Trial 946 0 44601215 39.729573
-Trial 947 0 44601215 39.790690
-Trial 948 0 44601215 39.859804
-Trial 949 0 44601215 39.875463
-Trial 950 0 44601215 39.879179
-Trial 951 0 44601215 39.926309
-Trial 952 0 44601215 39.931022
-Trial 953 0 44601215 39.937892
-Trial 954 0 44601215 39.952020
-Trial 955 0 44601215 39.992789
-Trial 956 0 44601215 40.006625
-Trial 957 0 44601215 40.035023
-Trial 958 0 44601215 40.096810
-Trial 959 0 44601215 40.119882
-Trial 960 0 44601215 40.134180
-Trial 961 0 44601215 40.141273
-Trial 962 0 44601215 40.150602
-Trial 963 0 44601215 40.189149
-Trial 964 0 44601215 40.219445
-Trial 965 0 44601215 40.289037
-Trial 966 0 44601215 40.292344
-Trial 967 0 44601215 40.410294
-Trial 968 0 44601215 40.435230
-Trial 969 0 44601215 40.452128
-Trial 970 0 44601215 40.533723
-Trial 971 0 44601215 40.538167
-Trial 972 0 44601215 40.539195
-Trial 973 0 44601215 40.578683
-Trial 974 0 44601215 40.600176
-Trial 975 0 44601215 40.698839
-Trial 976 0 44601215 40.765735
-Trial 977 0 44601215 40.777801
-Trial 978 0 44601215 40.834704
-Trial 979 0 44601215 41.188164
-Trial 980 0 44601215 41.252951
-Trial 981 0 44601215 41.309008
-Trial 982 0 44601215 41.440464
-Trial 983 0 44601215 41.450766
-Trial 984 0 44601215 41.482741
-Trial 985 0 44601215 41.491692
-Trial 986 0 44601215 41.571832
-Trial 987 0 44601215 41.590719
-Trial 988 0 44601215 41.613550
-Trial 989 0 44601215 41.628993
-Trial 990 0 44601215 41.654629
-Trial 991 0 44601215 41.666827
-Trial 992 0 44601215 41.669763
-Trial 993 0 44601215 41.712118
-Trial 994 0 44601215 41.729216
-Trial 995 0 44601215 41.866372
-Trial 996 0 44601215 41.878658
-Trial 997 0 44601215 41.929031
-Trial 998 0 44601215 41.954442
-Trial 999 0 44601215 41.968381
-Trial 1000 0 44601215 41.973135
Population:
  1: 0_44601215
Run 1: Cost = 0_44601215, Time = 39.75 sec. 

Successes/Runs = 0/1 
Cost.min = 44601215, Cost.avg = 44601215.00, Cost.max = 44601215
Gap.min = 0.0000%, Gap.avg = 0.0000%, Gap.max = 0.0000%
Penalty.min = 0, Penalty.avg = 0.00, Penalty.max = 0
Trials.min = 1000, Trials.avg = 1000.0, Trials.max = 1000
Time.min = 39.75 sec., Time.avg = 39.75 sec., Time.max = 39.75 sec.
Time.total = 41.97 sec.
  Size.min = 17, Size.max = 40, Penalty = 0
  Cost.min = 923296, Cost.max = 3328251, Cost.sum = 44601215
Best CVRPTW solution:
  Cost = 0_44601215
406 1 241 345 17 223 225 482 130 176 131 236 76 499 18 239 281 22 497 432 302 265 453 310 390 445 501 412 325 344 144 498 511 116 337 408 299 365 97 313 33 349 222 369 49 96 190 409 411 385 251 388 320 133 50 193 486 341 519 153 46 391 348 472 331 429 167 25 137 441 172 102 78 105 382 277 107 360 485 103 517 215 209 84 41 484 208 158 39 70 8 74 356 170 470 121 101 72 86 454 10 16 200 494 516 55 114 231 489 140 469 305 3 496 456 210 14 24 203 252 207 162 383 255 374 479 60 234 219 504 404 442 169 23 113 44 159 206 375 12 136 300 175 372 266 392 45 502 68 204 377 198 232 111 242 132 381 389 309 488 139 202 183 274 28 32 364 422 443 395 507 92 367 294 164 62 38 155 142 333 368 247 40 346 230 379 495 178 63 508 373 143 152 271 51 66 268 168 150 58 256 399 280 4 184 437 463 166 357 338 520 480 21 6 11 182 148 57 292 229 467 311 464 326 466 117 254 449 37 79 288 245 187 47 446 478 506 276 413 427 27 195 284 407 293 439 335 279 214 491 421 216 433 410 43 13 128 93 477 434 393 460 334 54 20 509 100 416 378 363 316 291 154 264 248 351 224 246 115 173 64 94 387 56 473 297 362 419 287 180 503 339 177 278 134 420 307 396 444 304 73 493 324 80 5 343 370 213 48 243 350 465 124 221 104 308 185 510 146 156 71 157 95 318 359 179 259 106 2 258 188 269 98 257 65 249 515 218 244 217 355 462 322 306 435 468 263 500 415 397 405 126 26 99 457 233 69 431 81 53 354 119 285 289 514 290 483 424 440 492 303 112 455 42 7 129 425 145 194 83 90 400 361 250 125 212 59 141 315 450 394 319 123 312 181 327 487 513 110 67 451 171 436 438 163 481 108 77 19 426 192 403 317 323 149 401 296 201 371 458 135 228 270 471 336 353 376 191 459 267 402 366 386 205 430 474 273 262 505 186 174 330 151 321 237 61 9 240 261 220 260 196 165 147 31 160 15 283 34 30 275 512 52 227 358 189 282 85 88 238 329 298 490 272 328 476 29 423 475 35 211 75 452 314 120 87 295 414 352 127 417 109 428 199 518 418 342 448 82 447 398 118 138 253 91 286 332 89 161 301 235 347 461 340 122 380 36 384 197 226 406 
