PARAMETER_FILE = result/cvrptw_500/LKH_para/879.para
Reading PROBLEM_FILE: "result/cvrptw_500/cvrptw/879.cvrptw" ... done
ASCENT_CANDIDATES = 50
BACKBONE_TRIALS = 0
BACKTRACKING = NO
# BWTSP =
# CANDIDATE_FILE =
CANDIDATE_SET_TYPE = ALPHA
DEPOT = 1
# EDGE_FILE =
EXCESS = 0.0384615
EXTERNAL_SALESMEN = 0
EXTRA_CANDIDATES = 0 
EXTRA_CANDIDATE_SET_TYPE = QUADRANT
GAIN23 = NO
GAIN_CRITERION = YES
INITIAL_PERIOD = 520
INITIAL_STEP_SIZE = 1
INITIAL_TOUR_ALGORITHM = WALK
# INITIAL_TOUR_FILE = 
INITIAL_TOUR_FRACTION = 1.000
# INPUT_TOUR_FILE = 
KICK_TYPE = 4
KICKS = 1
# MAX_BREADTH =
MAKESPAN = NO
MAX_CANDIDATES = 5 
MAX_SWAPS = 0
MAX_TRIALS = 1000
# MERGE_TOUR_FILE =
MOVE_TYPE = 5 SPECIAL
MTSP_MIN_SIZE = 1
MTSP_MAX_SIZE = 1039
# MTSP_SOLUTION_FILE = 
# NONSEQUENTIAL_MOVE_TYPE = 5
# OPTIMUM =
# OUTPUT_TOUR_FILE = 
PATCHING_A = 1 
PATCHING_C = 0 
# PI_FILE = 
POPMUSIC_INITIAL_TOUR = NO
POPMUSIC_MAX_NEIGHBORS = 5
POPMUSIC_SAMPLE_SIZE = 10
POPMUSIC_SOLUTIONS = 50
POPMUSIC_TRIALS = 1
POPULATION_SIZE = 10
PRECISION = 100
PROBLEM_FILE = result/cvrptw_500/cvrptw/879.cvrptw
RECOMBINATION = IPT
RESTRICTED_SEARCH = YES
RUNS = 1
SALESMEN = 20
SCALE = 1
SEED = 1234
# SINTEF_SOLUTION_FILE = 
STOP_AT_OPTIMUM = YES
SUBGRADIENT = YES
# SUBPROBLEM_SIZE =
# SUBPROBLEM_TOUR_FILE = 
SUBSEQUENT_MOVE_TYPE = 5 SPECIAL
SUBSEQUENT_PATCHING = YES
# TIME_LIMIT =
# TOUR_FILE = 
TRACE_LEVEL = 1
VEHICLES = 20

Lower bound = 22765761.4, Ascent time = 2.16 sec.
Cand.min = 5, Cand.avg = 5.0, Cand.max = 5
Edges.fixed = 520 [Cost = 0]
Preprocessing time = 2.24 sec.
* 1: Cost = 0_54752520, Time = 3.38 sec. 
-Trial 1 0 54752520 5.626734
-Trial 2 0 54752520 5.824896
* 3: Cost = 0_54483501, Time = 3.92 sec. 
-Trial 3 0 54483501 6.159710
* 4: Cost = 0_52268130, Time = 4.04 sec. 
-Trial 4 0 52268130 6.278435
* 5: Cost = 0_52198778, Time = 4.05 sec. 
-Trial 5 0 52198778 6.289277
* 6: Cost = 0_51589362, Time = 4.09 sec. 
-Trial 6 0 51589362 6.331889
-Trial 7 0 51589362 6.411284
* 8: Cost = 0_49739648, Time = 4.34 sec. 
-Trial 8 0 49739648 6.585316
* 9: Cost = 0_49725794, Time = 4.37 sec. 
-Trial 9 0 49725794 6.610825
* 10: Cost = 0_49566124, Time = 4.40 sec. 
-Trial 10 0 49566124 6.642689
* 11: Cost = 0_49511727, Time = 4.40 sec. 
-Trial 11 0 49511727 6.647971
-Trial 12 0 49511727 6.649484
-Trial 13 0 49511727 6.657086
-Trial 14 0 49511727 6.670312
* 15: Cost = 0_48894381, Time = 4.64 sec. 
-Trial 15 0 48894381 6.881782
-Trial 16 0 48894381 6.942599
-Trial 17 0 48894381 6.958580
* 18: Cost = 0_48714253, Time = 4.76 sec. 
-Trial 18 0 48714253 7.007378
-Trial 19 0 48714253 7.019941
-Trial 20 0 48714253 7.063217
-Trial 21 0 48714253 7.074018
-Trial 22 0 48714253 7.119846
-Trial 23 0 48714253 7.130711
-Trial 24 0 48714253 7.148597
* 25: Cost = 0_48607178, Time = 4.91 sec. 
-Trial 25 0 48607178 7.154034
* 26: Cost = 0_48555502, Time = 4.93 sec. 
-Trial 26 0 48555502 7.169206
* 27: Cost = 0_48516493, Time = 5.06 sec. 
-Trial 27 0 48516493 7.305403
* 28: Cost = 0_48500641, Time = 5.09 sec. 
-Trial 28 0 48500641 7.331954
-Trial 29 0 48500641 7.524484
-Trial 30 0 48500641 7.598434
* 31: Cost = 0_48312736, Time = 5.42 sec. 
-Trial 31 0 48312736 7.665271
-Trial 32 0 48312736 7.687976
* 33: Cost = 0_48287097, Time = 5.46 sec. 
-Trial 33 0 48287097 7.698693
-Trial 34 0 48287097 7.757172
* 35: Cost = 0_48260263, Time = 5.58 sec. 
-Trial 35 0 48260263 7.820057
* 36: Cost = 0_48242538, Time = 5.59 sec. 
-Trial 36 0 48242538 7.835253
-Trial 37 0 48242538 7.837208
-Trial 38 0 48242538 7.857823
-Trial 39 0 48242538 7.889254
-Trial 40 0 48242538 7.929669
-Trial 41 0 48242538 7.934278
* 42: Cost = 0_48216484, Time = 5.70 sec. 
-Trial 42 0 48216484 7.944484
-Trial 43 0 48216484 7.980520
-Trial 44 0 48216484 7.986362
-Trial 45 0 48216484 7.994812
-Trial 46 0 48216484 8.004642
-Trial 47 0 48216484 8.055773
* 48: Cost = 0_47993905, Time = 5.89 sec. 
-Trial 48 0 47993905 8.135372
-Trial 49 0 47993905 8.292419
-Trial 50 0 47993905 8.356466
-Trial 51 0 47993905 8.366328
* 52: Cost = 0_47941258, Time = 6.18 sec. 
-Trial 52 0 47941258 8.423235
-Trial 53 0 47941258 8.435603
-Trial 54 0 47941258 8.545523
* 55: Cost = 0_47860773, Time = 6.32 sec. 
-Trial 55 0 47860773 8.563394
-Trial 56 0 47860773 8.630948
-Trial 57 0 47860773 8.737024
* 58: Cost = 0_47803402, Time = 6.52 sec. 
-Trial 58 0 47803402 8.767579
* 59: Cost = 0_47777977, Time = 6.53 sec. 
-Trial 59 0 47777977 8.773249
-Trial 60 0 47777977 8.840852
* 61: Cost = 0_47528685, Time = 6.76 sec. 
-Trial 61 0 47528685 8.998912
-Trial 62 0 47528685 9.002654
-Trial 63 0 47528685 9.052103
* 64: Cost = 0_47491185, Time = 6.84 sec. 
-Trial 64 0 47491185 9.083939
* 65: Cost = 0_47489916, Time = 6.85 sec. 
-Trial 65 0 47489916 9.094342
* 66: Cost = 0_47367974, Time = 6.89 sec. 
-Trial 66 0 47367974 9.134450
-Trial 67 0 47367974 9.135125
-Trial 68 0 47367974 9.202121
* 69: Cost = 0_47349318, Time = 6.96 sec. 
-Trial 69 0 47349318 9.204820
-Trial 70 0 47349318 9.233280
-Trial 71 0 47349318 9.264597
-Trial 72 0 47349318 9.285535
* 73: Cost = 0_47346115, Time = 7.05 sec. 
-Trial 73 0 47346115 9.297938
-Trial 74 0 47346115 9.328528
-Trial 75 0 47346115 9.338385
-Trial 76 0 47346115 9.342552
* 77: Cost = 0_47269722, Time = 7.11 sec. 
-Trial 77 0 47269722 9.350626
* 78: Cost = 0_47250836, Time = 7.16 sec. 
-Trial 78 0 47250836 9.402239
* 79: Cost = 0_47244455, Time = 7.21 sec. 
-Trial 79 0 47244455 9.452646
-Trial 80 0 47244455 9.473525
-Trial 81 0 47244455 9.513455
-Trial 82 0 47244455 9.527721
-Trial 83 0 47244455 9.536895
-Trial 84 0 47244455 9.590006
-Trial 85 0 47244455 9.599324
* 86: Cost = 0_47237560, Time = 7.37 sec. 
-Trial 86 0 47237560 9.614575
-Trial 87 0 47237560 9.622198
-Trial 88 0 47237560 9.680403
-Trial 89 0 47237560 9.689169
-Trial 90 0 47237560 9.797629
-Trial 91 0 47237560 9.865396
* 92: Cost = 0_47187615, Time = 7.63 sec. 
-Trial 92 0 47187615 9.875120
-Trial 93 0 47187615 9.877613
-Trial 94 0 47187615 9.995307
* 95: Cost = 0_47169667, Time = 7.77 sec. 
-Trial 95 0 47169667 10.009897
-Trial 96 0 47169667 10.157238
* 97: Cost = 0_47164405, Time = 7.93 sec. 
-Trial 97 0 47164405 10.170752
-Trial 98 0 47164405 10.185105
-Trial 99 0 47164405 10.340460
-Trial 100 0 47164405 10.362653
-Trial 101 0 47164405 10.379223
-Trial 102 0 47164405 10.391105
-Trial 103 0 47164405 10.391630
-Trial 104 0 47164405 10.425817
-Trial 105 0 47164405 10.450552
-Trial 106 0 47164405 10.480491
* 107: Cost = 0_46923427, Time = 8.25 sec. 
-Trial 107 0 46923427 10.491078
-Trial 108 0 46923427 10.499910
-Trial 109 0 46923427 10.510442
-Trial 110 0 46923427 10.523224
-Trial 111 0 46923427 10.802257
* 112: Cost = 0_46891611, Time = 8.59 sec. 
-Trial 112 0 46891611 10.830778
* 113: Cost = 0_46741571, Time = 8.60 sec. 
-Trial 113 0 46741571 10.845305
* 114: Cost = 0_46607553, Time = 8.62 sec. 
-Trial 114 0 46607553 10.858487
-Trial 115 0 46607553 10.885552
* 116: Cost = 0_46602078, Time = 8.65 sec. 
-Trial 116 0 46602078 10.892094
-Trial 117 0 46602078 10.921819
-Trial 118 0 46602078 10.927146
-Trial 119 0 46602078 10.942371
-Trial 120 0 46602078 10.993125
-Trial 121 0 46602078 11.046900
* 122: Cost = 0_46360865, Time = 8.84 sec. 
-Trial 122 0 46360865 11.084110
-Trial 123 0 46360865 11.153433
-Trial 124 0 46360865 11.179420
* 125: Cost = 0_46324521, Time = 8.95 sec. 
-Trial 125 0 46324521 11.194023
-Trial 126 0 46324521 11.204124
-Trial 127 0 46324521 11.263580
-Trial 128 0 46324521 11.323865
-Trial 129 0 46324521 11.334051
-Trial 130 0 46324521 11.347636
-Trial 131 0 46324521 11.377064
-Trial 132 0 46324521 11.391261
-Trial 133 0 46324521 11.396366
-Trial 134 0 46324521 11.450390
-Trial 135 0 46324521 11.535026
-Trial 136 0 46324521 11.583812
* 137: Cost = 0_46146195, Time = 9.53 sec. 
-Trial 137 0 46146195 11.777247
-Trial 138 0 46146195 11.822728
-Trial 139 0 46146195 11.842200
-Trial 140 0 46146195 11.887808
-Trial 141 0 46146195 11.958203
-Trial 142 0 46146195 12.045808
* 143: Cost = 0_46020149, Time = 9.84 sec. 
-Trial 143 0 46020149 12.084424
-Trial 144 0 46020149 12.090182
-Trial 145 0 46020149 12.122591
* 146: Cost = 0_45924457, Time = 9.89 sec. 
-Trial 146 0 45924457 12.133006
-Trial 147 0 45924457 12.177852
-Trial 148 0 45924457 12.222198
-Trial 149 0 45924457 12.240201
-Trial 150 0 45924457 12.367420
-Trial 151 0 45924457 12.632032
-Trial 152 0 45924457 12.643526
* 153: Cost = 0_45748091, Time = 10.42 sec. 
-Trial 153 0 45748091 12.667252
-Trial 154 0 45748091 12.686169
* 155: Cost = 0_45650215, Time = 10.46 sec. 
-Trial 155 0 45650215 12.702600
* 156: Cost = 0_45599629, Time = 10.47 sec. 
-Trial 156 0 45599629 12.712994
* 157: Cost = 0_45572706, Time = 10.49 sec. 
-Trial 157 0 45572706 12.734356
-Trial 158 0 45572706 12.769512
-Trial 159 0 45572706 12.814182
-Trial 160 0 45572706 12.829873
* 161: Cost = 0_45401229, Time = 10.61 sec. 
-Trial 161 0 45401229 12.849117
-Trial 162 0 45401229 12.868419
-Trial 163 0 45401229 12.920833
* 164: Cost = 0_45371591, Time = 10.73 sec. 
-Trial 164 0 45371591 12.968935
* 165: Cost = 0_45240744, Time = 10.80 sec. 
-Trial 165 0 45240744 13.046598
-Trial 166 0 45240744 13.059937
-Trial 167 0 45240744 13.079123
-Trial 168 0 45240744 13.085805
-Trial 169 0 45240744 13.098740
* 170: Cost = 0_44942348, Time = 10.90 sec. 
-Trial 170 0 44942348 13.141776
-Trial 171 0 44942348 13.153819
* 172: Cost = 0_44929182, Time = 11.00 sec. 
-Trial 172 0 44929182 13.243571
-Trial 173 0 44929182 13.257602
-Trial 174 0 44929182 13.261683
-Trial 175 0 44929182 13.291290
-Trial 176 0 44929182 13.292883
* 177: Cost = 0_44918072, Time = 11.14 sec. 
-Trial 177 0 44918072 13.378755
* 178: Cost = 0_44784541, Time = 11.17 sec. 
-Trial 178 0 44784541 13.410095
-Trial 179 0 44784541 13.561301
-Trial 180 0 44784541 13.590417
-Trial 181 0 44784541 13.590868
-Trial 182 0 44784541 13.611873
-Trial 183 0 44784541 13.681681
-Trial 184 0 44784541 13.700472
-Trial 185 0 44784541 13.738979
* 186: Cost = 0_44759590, Time = 11.51 sec. 
-Trial 186 0 44759590 13.750968
* 187: Cost = 0_44720614, Time = 11.53 sec. 
-Trial 187 0 44720614 13.770771
-Trial 188 0 44720614 13.800176
* 189: Cost = 0_44700913, Time = 11.58 sec. 
-Trial 189 0 44700913 13.822980
* 190: Cost = 0_44665585, Time = 11.59 sec. 
-Trial 190 0 44665585 13.835526
-Trial 191 0 44665585 13.858980
-Trial 192 0 44665585 14.002695
-Trial 193 0 44665585 14.060248
-Trial 194 0 44665585 14.078214
-Trial 195 0 44665585 14.098710
-Trial 196 0 44665585 14.125322
-Trial 197 0 44665585 14.144506
-Trial 198 0 44665585 14.159894
-Trial 199 0 44665585 14.225325
-Trial 200 0 44665585 14.229057
-Trial 201 0 44665585 14.237032
-Trial 202 0 44665585 14.241221
* 203: Cost = 0_44388730, Time = 12.01 sec. 
-Trial 203 0 44388730 14.254045
-Trial 204 0 44388730 14.271698
-Trial 205 0 44388730 14.281282
-Trial 206 0 44388730 14.299740
-Trial 207 0 44388730 14.305369
-Trial 208 0 44388730 14.318895
-Trial 209 0 44388730 14.333875
-Trial 210 0 44388730 14.354510
-Trial 211 0 44388730 14.355745
-Trial 212 0 44388730 14.382405
* 213: Cost = 0_44276085, Time = 12.18 sec. 
-Trial 213 0 44276085 14.419096
-Trial 214 0 44276085 14.440962
-Trial 215 0 44276085 14.443856
-Trial 216 0 44276085 14.452578
* 217: Cost = 0_44265787, Time = 12.23 sec. 
-Trial 217 0 44265787 14.469545
-Trial 218 0 44265787 14.481028
-Trial 219 0 44265787 14.519202
-Trial 220 0 44265787 14.526293
* 221: Cost = 0_43742148, Time = 12.50 sec. 
-Trial 221 0 43742148 14.746780
-Trial 222 0 43742148 14.763859
* 223: Cost = 0_43541029, Time = 12.56 sec. 
-Trial 223 0 43541029 14.806688
-Trial 224 0 43541029 14.810911
-Trial 225 0 43541029 14.825285
* 226: Cost = 0_43526160, Time = 12.59 sec. 
-Trial 226 0 43526160 14.834045
* 227: Cost = 0_43525515, Time = 12.63 sec. 
-Trial 227 0 43525515 14.876839
* 228: Cost = 0_43492577, Time = 12.64 sec. 
-Trial 228 0 43492577 14.882753
-Trial 229 0 43492577 14.947916
-Trial 230 0 43492577 14.954900
-Trial 231 0 43492577 14.955988
-Trial 232 0 43492577 14.956797
-Trial 233 0 43492577 15.061730
* 234: Cost = 0_43483025, Time = 12.89 sec. 
-Trial 234 0 43483025 15.137144
-Trial 235 0 43483025 15.139836
* 236: Cost = 0_43386506, Time = 12.96 sec. 
-Trial 236 0 43386506 15.201763
-Trial 237 0 43386506 15.235621
* 238: Cost = 0_43356902, Time = 13.01 sec. 
-Trial 238 0 43356902 15.250487
-Trial 239 0 43356902 15.267127
-Trial 240 0 43356902 15.267668
-Trial 241 0 43356902 15.320821
-Trial 242 0 43356902 15.333169
-Trial 243 0 43356902 15.366911
-Trial 244 0 43356902 15.367971
* 245: Cost = 0_43303062, Time = 13.13 sec. 
-Trial 245 0 43303062 15.370744
-Trial 246 0 43303062 15.376416
* 247: Cost = 0_43260036, Time = 13.15 sec. 
-Trial 247 0 43260036 15.397860
-Trial 248 0 43260036 15.459429
-Trial 249 0 43260036 15.482878
-Trial 250 0 43260036 15.510375
-Trial 251 0 43260036 15.548881
-Trial 252 0 43260036 15.707624
* 253: Cost = 0_43240689, Time = 13.48 sec. 
-Trial 253 0 43240689 15.721501
-Trial 254 0 43240689 15.753761
-Trial 255 0 43240689 15.845241
-Trial 256 0 43240689 15.867566
* 257: Cost = 0_43232479, Time = 13.66 sec. 
-Trial 257 0 43232479 15.898784
-Trial 258 0 43232479 15.905251
-Trial 259 0 43232479 15.906834
-Trial 260 0 43232479 15.923931
-Trial 261 0 43232479 15.935566
-Trial 262 0 43232479 16.025943
-Trial 263 0 43232479 16.026707
-Trial 264 0 43232479 16.042830
-Trial 265 0 43232479 16.117596
-Trial 266 0 43232479 16.124082
-Trial 267 0 43232479 16.193911
* 268: Cost = 0_43208780, Time = 13.96 sec. 
-Trial 268 0 43208780 16.203488
-Trial 269 0 43208780 16.249831
-Trial 270 0 43208780 16.282787
-Trial 271 0 43208780 16.317926
-Trial 272 0 43208780 16.338703
-Trial 273 0 43208780 16.382090
-Trial 274 0 43208780 16.391078
-Trial 275 0 43208780 16.411859
-Trial 276 0 43208780 16.416824
-Trial 277 0 43208780 16.447252
-Trial 278 0 43208780 16.463353
-Trial 279 0 43208780 16.471571
-Trial 280 0 43208780 16.509910
-Trial 281 0 43208780 16.522596
-Trial 282 0 43208780 16.531099
-Trial 283 0 43208780 16.602836
-Trial 284 0 43208780 16.630487
-Trial 285 0 43208780 16.680553
-Trial 286 0 43208780 16.720753
-Trial 287 0 43208780 16.734072
-Trial 288 0 43208780 16.737149
-Trial 289 0 43208780 16.784522
-Trial 290 0 43208780 16.835020
-Trial 291 0 43208780 16.956863
* 292: Cost = 0_43185383, Time = 14.78 sec. 
-Trial 292 0 43185383 17.025022
-Trial 293 0 43185383 17.109540
* 294: Cost = 0_43103161, Time = 14.93 sec. 
-Trial 294 0 43103161 17.177834
-Trial 295 0 43103161 17.199680
* 296: Cost = 0_43100338, Time = 14.98 sec. 
-Trial 296 0 43100338 17.226972
* 297: Cost = 0_43062956, Time = 15.02 sec. 
-Trial 297 0 43062956 17.259740
-Trial 298 0 43062956 17.312968
-Trial 299 0 43062956 17.465078
-Trial 300 0 43062956 17.471015
-Trial 301 0 43062956 17.508090
-Trial 302 0 43062956 17.521355
-Trial 303 0 43062956 17.538564
-Trial 304 0 43062956 17.548309
-Trial 305 0 43062956 17.592083
* 306: Cost = 0_43021231, Time = 15.37 sec. 
-Trial 306 0 43021231 17.612405
-Trial 307 0 43021231 17.641863
-Trial 308 0 43021231 17.715838
-Trial 309 0 43021231 17.732939
-Trial 310 0 43021231 17.748886
-Trial 311 0 43021231 17.774186
-Trial 312 0 43021231 17.790362
-Trial 313 0 43021231 17.951155
-Trial 314 0 43021231 17.955146
-Trial 315 0 43021231 18.115243
-Trial 316 0 43021231 18.126563
-Trial 317 0 43021231 18.131503
-Trial 318 0 43021231 18.212937
-Trial 319 0 43021231 18.227289
* 320: Cost = 0_42861813, Time = 16.00 sec. 
-Trial 320 0 42861813 18.243015
-Trial 321 0 42861813 18.277405
-Trial 322 0 42861813 18.308240
-Trial 323 0 42861813 18.605374
-Trial 324 0 42861813 19.005776
-Trial 325 0 42861813 19.038598
-Trial 326 0 42861813 19.086093
* 327: Cost = 0_42827761, Time = 16.86 sec. 
-Trial 327 0 42827761 19.103043
-Trial 328 0 42827761 19.115042
-Trial 329 0 42827761 19.129762
-Trial 330 0 42827761 19.134997
-Trial 331 0 42827761 19.161296
-Trial 332 0 42827761 19.170611
* 333: Cost = 0_42760143, Time = 16.93 sec. 
-Trial 333 0 42760143 19.176048
-Trial 334 0 42760143 19.189558
-Trial 335 0 42760143 19.193969
-Trial 336 0 42760143 19.210838
-Trial 337 0 42760143 19.214947
-Trial 338 0 42760143 19.229593
* 339: Cost = 0_42744368, Time = 17.01 sec. 
-Trial 339 0 42744368 19.248498
-Trial 340 0 42744368 19.282733
-Trial 341 0 42744368 19.337784
-Trial 342 0 42744368 19.358309
-Trial 343 0 42744368 19.369416
* 344: Cost = 0_42695666, Time = 17.16 sec. 
-Trial 344 0 42695666 19.402906
-Trial 345 0 42695666 19.417480
* 346: Cost = 0_42647153, Time = 17.20 sec. 
-Trial 346 0 42647153 19.439462
-Trial 347 0 42647153 19.445622
-Trial 348 0 42647153 19.464908
-Trial 349 0 42647153 19.481697
-Trial 350 0 42647153 19.486313
-Trial 351 0 42647153 19.493105
-Trial 352 0 42647153 19.540975
* 353: Cost = 0_42644269, Time = 17.31 sec. 
-Trial 353 0 42644269 19.554180
-Trial 354 0 42644269 19.577131
-Trial 355 0 42644269 19.616162
-Trial 356 0 42644269 19.636927
-Trial 357 0 42644269 19.669232
-Trial 358 0 42644269 19.715706
-Trial 359 0 42644269 19.775314
* 360: Cost = 0_42598918, Time = 17.54 sec. 
-Trial 360 0 42598918 19.784743
* 361: Cost = 0_42544272, Time = 17.59 sec. 
-Trial 361 0 42544272 19.837029
-Trial 362 0 42544272 19.846749
-Trial 363 0 42544272 19.865859
* 364: Cost = 0_42522935, Time = 17.64 sec. 
-Trial 364 0 42522935 19.884315
-Trial 365 0 42522935 19.909543
-Trial 366 0 42522935 19.949115
-Trial 367 0 42522935 19.993313
-Trial 368 0 42522935 19.996456
-Trial 369 0 42522935 20.034648
-Trial 370 0 42522935 20.085548
-Trial 371 0 42522935 20.115560
-Trial 372 0 42522935 20.151275
-Trial 373 0 42522935 20.180633
-Trial 374 0 42522935 20.370683
* 375: Cost = 0_42464534, Time = 18.18 sec. 
-Trial 375 0 42464534 20.425172
-Trial 376 0 42464534 20.434532
-Trial 377 0 42464534 20.442708
-Trial 378 0 42464534 20.507827
-Trial 379 0 42464534 20.518414
-Trial 380 0 42464534 20.559462
-Trial 381 0 42464534 20.567880
-Trial 382 0 42464534 20.572314
-Trial 383 0 42464534 20.620949
-Trial 384 0 42464534 20.664350
* 385: Cost = 0_42463961, Time = 18.45 sec. 
-Trial 385 0 42463961 20.691423
* 386: Cost = 0_42345543, Time = 18.71 sec. 
-Trial 386 0 42345543 20.957795
-Trial 387 0 42345543 20.958294
-Trial 388 0 42345543 21.012414
-Trial 389 0 42345543 21.036072
-Trial 390 0 42345543 21.057950
-Trial 391 0 42345543 21.067900
-Trial 392 0 42345543 21.081040
-Trial 393 0 42345543 21.110677
* 394: Cost = 0_42290265, Time = 19.07 sec. 
-Trial 394 0 42290265 21.308782
-Trial 395 0 42290265 21.333249
-Trial 396 0 42290265 21.371001
-Trial 397 0 42290265 21.388164
-Trial 398 0 42290265 21.528956
-Trial 399 0 42290265 21.545318
-Trial 400 0 42290265 21.550748
-Trial 401 0 42290265 21.598918
-Trial 402 0 42290265 21.624536
-Trial 403 0 42290265 21.653167
-Trial 404 0 42290265 21.666290
-Trial 405 0 42290265 21.724134
-Trial 406 0 42290265 21.745611
-Trial 407 0 42290265 21.803268
-Trial 408 0 42290265 21.833777
-Trial 409 0 42290265 21.890596
-Trial 410 0 42290265 21.896902
-Trial 411 0 42290265 21.923086
* 412: Cost = 0_42182075, Time = 19.75 sec. 
-Trial 412 0 42182075 21.988871
-Trial 413 0 42182075 22.003845
-Trial 414 0 42182075 22.080879
-Trial 415 0 42182075 22.087894
-Trial 416 0 42182075 22.102378
-Trial 417 0 42182075 22.130539
-Trial 418 0 42182075 22.162558
* 419: Cost = 0_42175904, Time = 19.93 sec. 
-Trial 419 0 42175904 22.169506
-Trial 420 0 42175904 22.223885
-Trial 421 0 42175904 22.248268
-Trial 422 0 42175904 22.288885
-Trial 423 0 42175904 22.317496
-Trial 424 0 42175904 22.340597
-Trial 425 0 42175904 22.501324
-Trial 426 0 42175904 22.596686
-Trial 427 0 42175904 22.600200
-Trial 428 0 42175904 22.615530
-Trial 429 0 42175904 22.619824
-Trial 430 0 42175904 22.628696
-Trial 431 0 42175904 22.651721
-Trial 432 0 42175904 22.662053
-Trial 433 0 42175904 22.675182
-Trial 434 0 42175904 22.793983
-Trial 435 0 42175904 22.799882
-Trial 436 0 42175904 22.804785
-Trial 437 0 42175904 22.818670
-Trial 438 0 42175904 22.828634
-Trial 439 0 42175904 22.864191
-Trial 440 0 42175904 22.873476
-Trial 441 0 42175904 22.918573
-Trial 442 0 42175904 22.927619
-Trial 443 0 42175904 22.936433
-Trial 444 0 42175904 22.949260
-Trial 445 0 42175904 22.953813
-Trial 446 0 42175904 22.965386
-Trial 447 0 42175904 22.967014
-Trial 448 0 42175904 23.078363
-Trial 449 0 42175904 23.091088
-Trial 450 0 42175904 23.107484
-Trial 451 0 42175904 23.190760
-Trial 452 0 42175904 23.231774
-Trial 453 0 42175904 23.301955
-Trial 454 0 42175904 23.318262
-Trial 455 0 42175904 23.449885
-Trial 456 0 42175904 23.458821
* 457: Cost = 0_42174684, Time = 21.22 sec. 
-Trial 457 0 42174684 23.461708
-Trial 458 0 42174684 23.518350
-Trial 459 0 42174684 23.534488
-Trial 460 0 42174684 23.550524
-Trial 461 0 42174684 23.595453
-Trial 462 0 42174684 23.860548
-Trial 463 0 42174684 23.883968
-Trial 464 0 42174684 23.911150
-Trial 465 0 42174684 23.941055
-Trial 466 0 42174684 23.947609
-Trial 467 0 42174684 24.059149
-Trial 468 0 42174684 24.059949
* 469: Cost = 0_42141246, Time = 21.83 sec. 
-Trial 469 0 42141246 24.078012
-Trial 470 0 42141246 24.079593
-Trial 471 0 42141246 24.083011
-Trial 472 0 42141246 24.112200
-Trial 473 0 42141246 24.155461
-Trial 474 0 42141246 24.262758
-Trial 475 0 42141246 24.271688
-Trial 476 0 42141246 24.326561
-Trial 477 0 42141246 24.334211
-Trial 478 0 42141246 24.335429
-Trial 479 0 42141246 24.337469
-Trial 480 0 42141246 24.343236
-Trial 481 0 42141246 24.367447
-Trial 482 0 42141246 24.434305
-Trial 483 0 42141246 24.497953
-Trial 484 0 42141246 24.556710
-Trial 485 0 42141246 24.607923
-Trial 486 0 42141246 24.638291
-Trial 487 0 42141246 24.646645
-Trial 488 0 42141246 24.678234
-Trial 489 0 42141246 24.687647
-Trial 490 0 42141246 24.751112
-Trial 491 0 42141246 24.768013
-Trial 492 0 42141246 24.798718
-Trial 493 0 42141246 24.818823
-Trial 494 0 42141246 24.902717
-Trial 495 0 42141246 24.921522
* 496: Cost = 0_42085029, Time = 22.71 sec. 
-Trial 496 0 42085029 24.956945
-Trial 497 0 42085029 24.963816
* 498: Cost = 0_42061717, Time = 22.78 sec. 
-Trial 498 0 42061717 25.020409
-Trial 499 0 42061717 25.160715
-Trial 500 0 42061717 25.168550
-Trial 501 0 42061717 25.171589
-Trial 502 0 42061717 25.225864
-Trial 503 0 42061717 25.410315
-Trial 504 0 42061717 25.477494
-Trial 505 0 42061717 25.486151
-Trial 506 0 42061717 25.501948
-Trial 507 0 42061717 25.546834
-Trial 508 0 42061717 25.553503
-Trial 509 0 42061717 25.554068
-Trial 510 0 42061717 25.599597
-Trial 511 0 42061717 25.611122
* 512: Cost = 0_42047101, Time = 23.43 sec. 
-Trial 512 0 42047101 25.668675
-Trial 513 0 42047101 25.707215
-Trial 514 0 42047101 25.710907
* 515: Cost = 0_42025150, Time = 23.49 sec. 
-Trial 515 0 42025150 25.732130
-Trial 516 0 42025150 25.748187
-Trial 517 0 42025150 25.758701
-Trial 518 0 42025150 25.788492
-Trial 519 0 42025150 25.789866
-Trial 520 0 42025150 25.831240
-Trial 521 0 42025150 25.865924
-Trial 522 0 42025150 25.870768
-Trial 523 0 42025150 25.968009
* 524: Cost = 0_41990728, Time = 23.76 sec. 
-Trial 524 0 41990728 26.007778
-Trial 525 0 41990728 26.015425
* 526: Cost = 0_41873210, Time = 23.80 sec. 
-Trial 526 0 41873210 26.040949
-Trial 527 0 41873210 26.065970
-Trial 528 0 41873210 26.096243
-Trial 529 0 41873210 26.166398
-Trial 530 0 41873210 26.204684
-Trial 531 0 41873210 26.212776
-Trial 532 0 41873210 26.240741
-Trial 533 0 41873210 26.344106
-Trial 534 0 41873210 26.351776
-Trial 535 0 41873210 26.361516
-Trial 536 0 41873210 26.741843
-Trial 537 0 41873210 26.780449
-Trial 538 0 41873210 26.789807
-Trial 539 0 41873210 26.854440
-Trial 540 0 41873210 26.875122
-Trial 541 0 41873210 26.902355
-Trial 542 0 41873210 27.097978
-Trial 543 0 41873210 27.101633
-Trial 544 0 41873210 27.151897
-Trial 545 0 41873210 27.172479
-Trial 546 0 41873210 27.179092
-Trial 547 0 41873210 27.188297
-Trial 548 0 41873210 27.221648
-Trial 549 0 41873210 27.230674
-Trial 550 0 41873210 27.248327
-Trial 551 0 41873210 27.297791
-Trial 552 0 41873210 27.325941
-Trial 553 0 41873210 27.424927
-Trial 554 0 41873210 27.459959
* 555: Cost = 0_41838177, Time = 25.30 sec. 
-Trial 555 0 41838177 27.541131
-Trial 556 0 41838177 27.553620
* 557: Cost = 0_41821629, Time = 25.33 sec. 
-Trial 557 0 41821629 27.572148
-Trial 558 0 41821629 27.622687
-Trial 559 0 41821629 27.635140
-Trial 560 0 41821629 27.724893
-Trial 561 0 41821629 27.736641
-Trial 562 0 41821629 27.775889
-Trial 563 0 41821629 27.965237
-Trial 564 0 41821629 27.988318
-Trial 565 0 41821629 28.047299
* 566: Cost = 0_41724336, Time = 25.98 sec. 
-Trial 566 0 41724336 28.222204
-Trial 567 0 41724336 28.242965
-Trial 568 0 41724336 28.510829
-Trial 569 0 41724336 28.539457
-Trial 570 0 41724336 28.792113
-Trial 571 0 41724336 28.837545
-Trial 572 0 41724336 28.889327
-Trial 573 0 41724336 29.042860
-Trial 574 0 41724336 29.045244
-Trial 575 0 41724336 29.083664
-Trial 576 0 41724336 29.177400
-Trial 577 0 41724336 29.247014
-Trial 578 0 41724336 29.255605
-Trial 579 0 41724336 29.262696
-Trial 580 0 41724336 29.279405
-Trial 581 0 41724336 29.332889
-Trial 582 0 41724336 29.350778
-Trial 583 0 41724336 29.375546
-Trial 584 0 41724336 29.378587
-Trial 585 0 41724336 29.393937
-Trial 586 0 41724336 29.426559
-Trial 587 0 41724336 29.587645
-Trial 588 0 41724336 29.598093
-Trial 589 0 41724336 29.630642
-Trial 590 0 41724336 29.661312
* 591: Cost = 0_41682088, Time = 27.45 sec. 
-Trial 591 0 41682088 29.690952
-Trial 592 0 41682088 29.695259
-Trial 593 0 41682088 29.702310
-Trial 594 0 41682088 29.761351
-Trial 595 0 41682088 29.769527
-Trial 596 0 41682088 29.780114
* 597: Cost = 0_41584443, Time = 27.59 sec. 
-Trial 597 0 41584443 29.828829
-Trial 598 0 41584443 29.865819
* 599: Cost = 0_41583127, Time = 27.73 sec. 
-Trial 599 0 41583127 29.972114
-Trial 600 0 41583127 30.051075
* 601: Cost = 0_41551631, Time = 27.84 sec. 
-Trial 601 0 41551631 30.082627
-Trial 602 0 41551631 30.141643
-Trial 603 0 41551631 30.154593
-Trial 604 0 41551631 30.156855
-Trial 605 0 41551631 30.202907
-Trial 606 0 41551631 30.217056
-Trial 607 0 41551631 30.229694
-Trial 608 0 41551631 30.249347
-Trial 609 0 41551631 30.258351
-Trial 610 0 41551631 30.317171
-Trial 611 0 41551631 30.332173
-Trial 612 0 41551631 30.337344
-Trial 613 0 41551631 30.352404
-Trial 614 0 41551631 30.412363
-Trial 615 0 41551631 30.479422
-Trial 616 0 41551631 30.483644
-Trial 617 0 41551631 30.488350
-Trial 618 0 41551631 30.510808
* 619: Cost = 0_41533491, Time = 28.28 sec. 
-Trial 619 0 41533491 30.525210
-Trial 620 0 41533491 30.535827
-Trial 621 0 41533491 30.549933
* 622: Cost = 0_41410382, Time = 28.34 sec. 
-Trial 622 0 41410382 30.579681
-Trial 623 0 41410382 30.701431
-Trial 624 0 41410382 30.718580
-Trial 625 0 41410382 30.729324
-Trial 626 0 41410382 30.747718
-Trial 627 0 41410382 30.750785
-Trial 628 0 41410382 30.763784
-Trial 629 0 41410382 30.778637
-Trial 630 0 41410382 30.797181
-Trial 631 0 41410382 30.864196
-Trial 632 0 41410382 30.875304
-Trial 633 0 41410382 30.901848
-Trial 634 0 41410382 30.903463
-Trial 635 0 41410382 30.933237
-Trial 636 0 41410382 30.939543
-Trial 637 0 41410382 30.999841
-Trial 638 0 41410382 31.011038
* 639: Cost = 0_41312421, Time = 28.80 sec. 
-Trial 639 0 41312421 31.038868
-Trial 640 0 41312421 31.047816
-Trial 641 0 41312421 31.117410
-Trial 642 0 41312421 31.162152
-Trial 643 0 41312421 31.164111
-Trial 644 0 41312421 31.171253
-Trial 645 0 41312421 31.173925
-Trial 646 0 41312421 31.216492
-Trial 647 0 41312421 31.278625
-Trial 648 0 41312421 31.287346
-Trial 649 0 41312421 31.323445
-Trial 650 0 41312421 31.342190
-Trial 651 0 41312421 31.372804
-Trial 652 0 41312421 31.378022
-Trial 653 0 41312421 31.413299
-Trial 654 0 41312421 31.415515
-Trial 655 0 41312421 31.447698
-Trial 656 0 41312421 31.455579
-Trial 657 0 41312421 31.473415
-Trial 658 0 41312421 31.562839
* 659: Cost = 0_41307655, Time = 29.33 sec. 
-Trial 659 0 41307655 31.575385
* 660: Cost = 0_41275815, Time = 29.34 sec. 
-Trial 660 0 41275815 31.584349
-Trial 661 0 41275815 31.606153
-Trial 662 0 41275815 31.620874
-Trial 663 0 41275815 31.664773
-Trial 664 0 41275815 31.679966
-Trial 665 0 41275815 31.749377
* 666: Cost = 0_41268041, Time = 29.52 sec. 
-Trial 666 0 41268041 31.766143
-Trial 667 0 41268041 31.772311
-Trial 668 0 41268041 31.792855
-Trial 669 0 41268041 31.819918
-Trial 670 0 41268041 31.841792
-Trial 671 0 41268041 31.965577
* 672: Cost = 0_41266153, Time = 29.75 sec. 
-Trial 672 0 41266153 31.989271
-Trial 673 0 41266153 32.001468
-Trial 674 0 41266153 32.027543
-Trial 675 0 41266153 32.035766
-Trial 676 0 41266153 32.048905
-Trial 677 0 41266153 32.079525
-Trial 678 0 41266153 32.086093
-Trial 679 0 41266153 32.095911
* 680: Cost = 0_41215922, Time = 29.88 sec. 
-Trial 680 0 41215922 32.122375
-Trial 681 0 41215922 32.169342
-Trial 682 0 41215922 32.182159
-Trial 683 0 41215922 32.189335
-Trial 684 0 41215922 32.255888
-Trial 685 0 41215922 32.260201
-Trial 686 0 41215922 32.287723
* 687: Cost = 0_41180673, Time = 30.22 sec. 
-Trial 687 0 41180673 32.464522
-Trial 688 0 41180673 32.475736
-Trial 689 0 41180673 32.486109
-Trial 690 0 41180673 32.544518
-Trial 691 0 41180673 32.581391
-Trial 692 0 41180673 32.633280
-Trial 693 0 41180673 32.654154
-Trial 694 0 41180673 32.683641
-Trial 695 0 41180673 32.708999
-Trial 696 0 41180673 32.725771
-Trial 697 0 41180673 32.752007
-Trial 698 0 41180673 32.784493
-Trial 699 0 41180673 32.792358
-Trial 700 0 41180673 32.826149
-Trial 701 0 41180673 32.873227
-Trial 702 0 41180673 32.882166
-Trial 703 0 41180673 32.889859
-Trial 704 0 41180673 32.901855
-Trial 705 0 41180673 32.986536
-Trial 706 0 41180673 33.007717
-Trial 707 0 41180673 33.129214
-Trial 708 0 41180673 33.184489
-Trial 709 0 41180673 33.242159
-Trial 710 0 41180673 33.257587
-Trial 711 0 41180673 33.268300
-Trial 712 0 41180673 33.302994
-Trial 713 0 41180673 33.316966
* 714: Cost = 0_41149978, Time = 31.10 sec. 
-Trial 714 0 41149978 33.348276
-Trial 715 0 41149978 33.370324
-Trial 716 0 41149978 33.377956
-Trial 717 0 41149978 33.408925
-Trial 718 0 41149978 33.438633
-Trial 719 0 41149978 33.442162
-Trial 720 0 41149978 33.475458
-Trial 721 0 41149978 33.673722
-Trial 722 0 41149978 33.679892
-Trial 723 0 41149978 33.931206
-Trial 724 0 41149978 33.966198
-Trial 725 0 41149978 34.055790
-Trial 726 0 41149978 34.118898
-Trial 727 0 41149978 34.253778
-Trial 728 0 41149978 34.318662
-Trial 729 0 41149978 34.340743
-Trial 730 0 41149978 34.363284
-Trial 731 0 41149978 34.388889
-Trial 732 0 41149978 34.408269
-Trial 733 0 41149978 34.471512
-Trial 734 0 41149978 34.483488
-Trial 735 0 41149978 34.527889
* 736: Cost = 0_41138885, Time = 32.30 sec. 
-Trial 736 0 41138885 34.540471
-Trial 737 0 41138885 34.631614
-Trial 738 0 41138885 34.643111
* 739: Cost = 0_41137082, Time = 32.43 sec. 
-Trial 739 0 41137082 34.669732
-Trial 740 0 41137082 34.682057
-Trial 741 0 41137082 34.763520
-Trial 742 0 41137082 34.776831
-Trial 743 0 41137082 34.783187
-Trial 744 0 41137082 34.783622
-Trial 745 0 41137082 34.854481
-Trial 746 0 41137082 35.030787
-Trial 747 0 41137082 35.050167
-Trial 748 0 41137082 35.053189
-Trial 749 0 41137082 35.118062
-Trial 750 0 41137082 35.152740
-Trial 751 0 41137082 35.169563
-Trial 752 0 41137082 35.177507
-Trial 753 0 41137082 35.178035
* 754: Cost = 0_41132418, Time = 32.95 sec. 
-Trial 754 0 41132418 35.194803
-Trial 755 0 41132418 35.260856
-Trial 756 0 41132418 35.272770
-Trial 757 0 41132418 35.282735
-Trial 758 0 41132418 35.295509
-Trial 759 0 41132418 35.298256
-Trial 760 0 41132418 35.321307
-Trial 761 0 41132418 35.477107
-Trial 762 0 41132418 35.498369
-Trial 763 0 41132418 35.522561
-Trial 764 0 41132418 35.529187
-Trial 765 0 41132418 35.542095
-Trial 766 0 41132418 35.546935
-Trial 767 0 41132418 35.601469
-Trial 768 0 41132418 35.616223
-Trial 769 0 41132418 35.634462
-Trial 770 0 41132418 35.691778
-Trial 771 0 41132418 35.697224
-Trial 772 0 41132418 35.703840
-Trial 773 0 41132418 35.745267
-Trial 774 0 41132418 35.758950
-Trial 775 0 41132418 36.072977
-Trial 776 0 41132418 36.075909
-Trial 777 0 41132418 36.089533
-Trial 778 0 41132418 36.107938
-Trial 779 0 41132418 36.112026
-Trial 780 0 41132418 36.118039
-Trial 781 0 41132418 36.135317
-Trial 782 0 41132418 36.232878
-Trial 783 0 41132418 36.266909
-Trial 784 0 41132418 36.293587
-Trial 785 0 41132418 36.306407
-Trial 786 0 41132418 36.398443
-Trial 787 0 41132418 36.402227
-Trial 788 0 41132418 36.427995
-Trial 789 0 41132418 36.432412
-Trial 790 0 41132418 36.503120
-Trial 791 0 41132418 36.547812
-Trial 792 0 41132418 36.560849
-Trial 793 0 41132418 36.696318
-Trial 794 0 41132418 36.713633
-Trial 795 0 41132418 36.738027
-Trial 796 0 41132418 36.815780
-Trial 797 0 41132418 36.830050
-Trial 798 0 41132418 36.834661
-Trial 799 0 41132418 36.864350
-Trial 800 0 41132418 36.988540
-Trial 801 0 41132418 37.010705
-Trial 802 0 41132418 37.106371
-Trial 803 0 41132418 37.121245
-Trial 804 0 41132418 37.169402
-Trial 805 0 41132418 37.233775
-Trial 806 0 41132418 37.263463
-Trial 807 0 41132418 37.280372
-Trial 808 0 41132418 37.288221
-Trial 809 0 41132418 37.315766
-Trial 810 0 41132418 37.329743
-Trial 811 0 41132418 37.345108
-Trial 812 0 41132418 37.350293
-Trial 813 0 41132418 37.397302
-Trial 814 0 41132418 37.433749
-Trial 815 0 41132418 37.441638
-Trial 816 0 41132418 37.452399
-Trial 817 0 41132418 37.557059
-Trial 818 0 41132418 37.562897
-Trial 819 0 41132418 37.603167
-Trial 820 0 41132418 37.758353
-Trial 821 0 41132418 37.796815
-Trial 822 0 41132418 37.848450
-Trial 823 0 41132418 38.115389
-Trial 824 0 41132418 38.127625
-Trial 825 0 41132418 38.212807
-Trial 826 0 41132418 38.278174
-Trial 827 0 41132418 38.283651
-Trial 828 0 41132418 38.300579
-Trial 829 0 41132418 38.382958
-Trial 830 0 41132418 38.423861
-Trial 831 0 41132418 38.434833
-Trial 832 0 41132418 38.461592
-Trial 833 0 41132418 38.488422
-Trial 834 0 41132418 38.615429
-Trial 835 0 41132418 38.662069
-Trial 836 0 41132418 38.666723
-Trial 837 0 41132418 38.739810
-Trial 838 0 41132418 38.763628
-Trial 839 0 41132418 38.770366
-Trial 840 0 41132418 38.813729
-Trial 841 0 41132418 38.826457
-Trial 842 0 41132418 38.913877
* 843: Cost = 0_41113759, Time = 36.70 sec. 
-Trial 843 0 41113759 38.946155
-Trial 844 0 41113759 38.987517
-Trial 845 0 41113759 38.993634
-Trial 846 0 41113759 39.005889
* 847: Cost = 0_41108934, Time = 36.77 sec. 
-Trial 847 0 41108934 39.012926
-Trial 848 0 41108934 39.027915
-Trial 849 0 41108934 39.037577
-Trial 850 0 41108934 39.058117
-Trial 851 0 41108934 39.073288
-Trial 852 0 41108934 39.084141
-Trial 853 0 41108934 39.092774
-Trial 854 0 41108934 39.114424
-Trial 855 0 41108934 39.181365
-Trial 856 0 41108934 39.187425
-Trial 857 0 41108934 39.195267
-Trial 858 0 41108934 39.200664
-Trial 859 0 41108934 39.242732
-Trial 860 0 41108934 39.293158
-Trial 861 0 41108934 39.349094
-Trial 862 0 41108934 39.368549
-Trial 863 0 41108934 39.394327
-Trial 864 0 41108934 39.442107
-Trial 865 0 41108934 39.443633
-Trial 866 0 41108934 39.446656
-Trial 867 0 41108934 39.557802
-Trial 868 0 41108934 39.565491
-Trial 869 0 41108934 39.577595
-Trial 870 0 41108934 39.591492
-Trial 871 0 41108934 39.598177
-Trial 872 0 41108934 39.612268
-Trial 873 0 41108934 39.615333
-Trial 874 0 41108934 39.666930
-Trial 875 0 41108934 39.669429
-Trial 876 0 41108934 39.683093
-Trial 877 0 41108934 39.727424
-Trial 878 0 41108934 39.754583
-Trial 879 0 41108934 39.782229
-Trial 880 0 41108934 39.788165
-Trial 881 0 41108934 39.847677
-Trial 882 0 41108934 39.851207
-Trial 883 0 41108934 39.923948
-Trial 884 0 41108934 39.925196
-Trial 885 0 41108934 39.927274
-Trial 886 0 41108934 39.949234
-Trial 887 0 41108934 39.951773
-Trial 888 0 41108934 39.962044
-Trial 889 0 41108934 40.080613
-Trial 890 0 41108934 40.158288
-Trial 891 0 41108934 40.325484
-Trial 892 0 41108934 40.336490
-Trial 893 0 41108934 40.346519
-Trial 894 0 41108934 40.353943
-Trial 895 0 41108934 40.365711
-Trial 896 0 41108934 40.553931
-Trial 897 0 41108934 40.556743
-Trial 898 0 41108934 40.641067
-Trial 899 0 41108934 40.663652
-Trial 900 0 41108934 40.681920
-Trial 901 0 41108934 40.735979
-Trial 902 0 41108934 40.769136
-Trial 903 0 41108934 40.815321
* 904: Cost = 0_41028736, Time = 38.59 sec. 
-Trial 904 0 41028736 40.828523
-Trial 905 0 41028736 41.022281
-Trial 906 0 41028736 41.034046
-Trial 907 0 41028736 41.047381
-Trial 908 0 41028736 41.054035
-Trial 909 0 41028736 41.055413
-Trial 910 0 41028736 41.156976
-Trial 911 0 41028736 41.257499
-Trial 912 0 41028736 41.262172
-Trial 913 0 41028736 41.263065
-Trial 914 0 41028736 41.292862
-Trial 915 0 41028736 41.327109
-Trial 916 0 41028736 41.345428
-Trial 917 0 41028736 41.356161
-Trial 918 0 41028736 41.378558
-Trial 919 0 41028736 41.394066
-Trial 920 0 41028736 41.402140
-Trial 921 0 41028736 41.421713
-Trial 922 0 41028736 41.476310
-Trial 923 0 41028736 41.487761
-Trial 924 0 41028736 41.518584
-Trial 925 0 41028736 41.530196
-Trial 926 0 41028736 41.597254
-Trial 927 0 41028736 41.619529
-Trial 928 0 41028736 41.629346
-Trial 929 0 41028736 41.639897
-Trial 930 0 41028736 41.670956
-Trial 931 0 41028736 41.678617
-Trial 932 0 41028736 41.728914
-Trial 933 0 41028736 41.819139
-Trial 934 0 41028736 41.819573
-Trial 935 0 41028736 41.839163
-Trial 936 0 41028736 41.849485
-Trial 937 0 41028736 41.869227
-Trial 938 0 41028736 41.966594
-Trial 939 0 41028736 42.124464
-Trial 940 0 41028736 42.176581
-Trial 941 0 41028736 42.196158
-Trial 942 0 41028736 42.250178
-Trial 943 0 41028736 42.253947
-Trial 944 0 41028736 42.258789
-Trial 945 0 41028736 42.284476
-Trial 946 0 41028736 42.289511
-Trial 947 0 41028736 42.362792
-Trial 948 0 41028736 42.366628
-Trial 949 0 41028736 42.376505
-Trial 950 0 41028736 42.410819
-Trial 951 0 41028736 42.426884
-Trial 952 0 41028736 42.432944
* 953: Cost = 0_41006098, Time = 40.21 sec. 
-Trial 953 0 41006098 42.456392
-Trial 954 0 41006098 42.506150
-Trial 955 0 41006098 42.531758
-Trial 956 0 41006098 42.534449
-Trial 957 0 41006098 42.536227
-Trial 958 0 41006098 42.580513
-Trial 959 0 41006098 42.586933
-Trial 960 0 41006098 42.651499
-Trial 961 0 41006098 42.680609
-Trial 962 0 41006098 42.683311
-Trial 963 0 41006098 42.692782
-Trial 964 0 41006098 42.722318
-Trial 965 0 41006098 42.753047
-Trial 966 0 41006098 42.790889
-Trial 967 0 41006098 42.814326
* 968: Cost = 0_40984425, Time = 40.61 sec. 
-Trial 968 0 40984425 42.849684
-Trial 969 0 40984425 42.853794
-Trial 970 0 40984425 42.861271
-Trial 971 0 40984425 42.896168
-Trial 972 0 40984425 42.910918
-Trial 973 0 40984425 42.921473
-Trial 974 0 40984425 42.927732
* 975: Cost = 0_40931753, Time = 40.81 sec. 
-Trial 975 0 40931753 43.058224
-Trial 976 0 40931753 43.086646
-Trial 977 0 40931753 43.097935
-Trial 978 0 40931753 43.119676
-Trial 979 0 40931753 43.122763
-Trial 980 0 40931753 43.129005
-Trial 981 0 40931753 43.144137
-Trial 982 0 40931753 43.152371
-Trial 983 0 40931753 43.173253
-Trial 984 0 40931753 43.204311
-Trial 985 0 40931753 43.214967
* 986: Cost = 0_40855610, Time = 40.98 sec. 
-Trial 986 0 40855610 43.224763
-Trial 987 0 40855610 43.236022
-Trial 988 0 40855610 43.245760
* 989: Cost = 0_40805258, Time = 41.01 sec. 
-Trial 989 0 40805258 43.251849
-Trial 990 0 40805258 43.272557
-Trial 991 0 40805258 43.286197
-Trial 992 0 40805258 43.295972
-Trial 993 0 40805258 43.314153
-Trial 994 0 40805258 43.335807
-Trial 995 0 40805258 43.362176
-Trial 996 0 40805258 43.367684
-Trial 997 0 40805258 43.433912
-Trial 998 0 40805258 43.457225
-Trial 999 0 40805258 43.487742
-Trial 1000 0 40805258 43.494979
Population:
  1: 0_40805258
Run 1: Cost = 0_40805258, Time = 41.25 sec. 

Successes/Runs = 0/1 
Cost.min = 40805258, Cost.avg = 40805258.00, Cost.max = 40805258
Gap.min = 0.0000%, Gap.avg = 0.0000%, Gap.max = 0.0000%
Penalty.min = 0, Penalty.avg = 0.00, Penalty.max = 0
Trials.min = 1000, Trials.avg = 1000.0, Trials.max = 1000
Time.min = 41.25 sec., Time.avg = 41.25 sec., Time.max = 41.25 sec.
Time.total = 43.50 sec.
  Size.min = 0, Size.max = 40, Penalty = 0
  Cost.min = 0, Cost.max = 3997340, Cost.sum = 40805258
Best CVRPTW solution:
  Cost = 0_40805258
1 389 81 340 146 143 135 328 400 22 99 62 108 252 396 393 434 460 474 511 236 61 273 418 480 339 286 220 282 432 63 184 153 90 363 4 469 256 343 104 449 209 317 283 401 355 175 504 185 250 482 28 141 69 288 438 442 38 237 230 444 313 446 160 392 351 75 95 519 242 139 155 420 261 357 266 165 83 48 440 8 369 212 322 371 465 368 257 246 468 364 46 31 359 217 486 423 66 518 311 156 309 259 463 128 437 203 413 172 405 297 382 106 84 379 186 9 67 258 292 189 73 508 30 497 248 208 45 268 116 470 427 40 406 152 334 494 462 207 263 11 171 492 74 456 386 358 33 498 436 226 512 491 314 284 58 122 499 476 299 79 414 380 484 466 224 308 381 44 290 312 65 433 113 140 300 142 136 21 424 192 514 513 68 169 404 232 126 458 215 191 164 304 302 373 271 391 55 431 493 459 50 205 509 60 241 260 78 41 188 270 239 100 123 385 101 200 422 85 421 15 275 319 280 419 332 37 337 515 287 118 149 6 267 276 453 245 231 91 115 472 52 145 151 94 19 360 20 132 214 234 350 323 251 384 505 125 119 495 361 158 402 477 320 277 26 383 111 333 503 97 489 387 243 138 345 121 201 310 485 107 443 451 218 53 338 183 103 377 481 57 342 507 285 471 331 88 32 408 110 216 464 228 264 407 478 112 35 247 194 12 490 348 298 366 43 295 29 80 82 39 56 89 157 70 324 195 177 227 2 303 506 452 352 293 36 279 370 397 120 439 244 374 179 24 262 144 281 148 416 10 411 86 105 127 77 329 51 16 129 196 318 473 353 347 168 362 131 222 500 137 162 516 221 325 109 98 47 206 399 395 367 455 307 265 378 426 403 49 202 327 210 272 34 388 76 450 394 448 315 278 483 59 147 410 150 124 487 454 344 510 496 435 159 117 96 198 428 457 176 335 178 412 488 291 301 254 269 173 199 249 390 174 223 134 461 167 161 429 25 346 211 289 372 520 417 180 296 163 170 330 42 93 114 72 14 425 193 336 441 133 197 190 253 64 479 17 502 321 92 54 225 213 166 398 445 235 255 233 415 475 187 238 305 501 5 354 326 87 23 375 274 365 376 204 71 447 409 356 102 349 229 517 130 7 18 341 294 240 154 430 467 181 219 306 182 316 27 3 13 1 
