PARAMETER_FILE = result/cvrp_1500/LKH_para/20.para
Reading PROBLEM_FILE: "result/cvrp_1500/cvrp/20.cvrp" ... done
ASCENT_CANDIDATES = 50
BACKBONE_TRIALS = 0
BACKTRACKING = NO
# BWTSP =
# CANDIDATE_FILE =
CANDIDATE_SET_TYPE = ALPHA
DEPOT = 1
# EDGE_FILE =
EXCESS = 0.000666223
EXTERNAL_SALESMEN = 0
EXTRA_CANDIDATES = 0 
EXTRA_CANDIDATE_SET_TYPE = QUADRANT
GAIN23 = NO
GAIN_CRITERION = YES
INITIAL_PERIOD = 750
INITIAL_STEP_SIZE = 1
INITIAL_TOUR_ALGORITHM = WALK
# INITIAL_TOUR_FILE = 
INITIAL_TOUR_FRACTION = 1.000
# INPUT_TOUR_FILE = 
KICK_TYPE = 4
KICKS = 1
# MAX_BREADTH =
MAKESPAN = NO
MAX_CANDIDATES = 5 
MAX_SWAPS = 0
MAX_TRIALS = 1000
# MERGE_TOUR_FILE =
MOVE_TYPE = 5 SPECIAL
MTSP_MIN_SIZE = 1
MTSP_MAX_SIZE = 1500
# MTSP_SOLUTION_FILE = 
# NONSEQUENTIAL_MOVE_TYPE = 5
# OPTIMUM =
# OUTPUT_TOUR_FILE = 
PATCHING_A = 1 
PATCHING_C = 0 
# PI_FILE = 
POPMUSIC_INITIAL_TOUR = NO
POPMUSIC_MAX_NEIGHBORS = 5
POPMUSIC_SAMPLE_SIZE = 10
POPMUSIC_SOLUTIONS = 50
POPMUSIC_TRIALS = 1
POPULATION_SIZE = 10
PRECISION = 100
PROBLEM_FILE = result/cvrp_1500/cvrp/20.cvrp
RECOMBINATION = IPT
RESTRICTED_SEARCH = YES
RUNS = 1
SALESMEN = 40
SCALE = 1
SEED = 1234
# SINTEF_SOLUTION_FILE = 
STOP_AT_OPTIMUM = YES
SUBGRADIENT = YES
# SUBPROBLEM_SIZE =
# SUBPROBLEM_TOUR_FILE = 
SUBSEQUENT_MOVE_TYPE = 5 SPECIAL
SUBSEQUENT_PATCHING = YES
# TIME_LIMIT =
# TOUR_FILE = 
TRACE_LEVEL = 1
VEHICLES = 40

Lower bound = 32149607.9, Ascent time = 3.04 sec.
Cand.min = 4, Cand.avg = 5.0, Cand.max = 5
Preprocessing time = 3.09 sec.
* 1: Cost = 0_76081396, Time = 3.65 sec. 
-Trial 1 0 76081396 6.739815
* 2: Cost = 0_76031952, Time = 3.66 sec. 
-Trial 2 0 76031952 6.749064
-Trial 3 0 76031952 6.749815
* 4: Cost = 0_74894106, Time = 4.00 sec. 
-Trial 4 0 74894106 7.089947
* 5: Cost = 0_74843972, Time = 4.04 sec. 
-Trial 5 0 74843972 7.128469
-Trial 6 0 74843972 7.388095
-Trial 7 0 74843972 7.388591
-Trial 8 0 74843972 7.395301
* 9: Cost = 0_73319608, Time = 4.44 sec. 
-Trial 9 0 73319608 7.530316
-Trial 10 0 73319608 7.744999
-Trial 11 0 73319608 7.745455
-Trial 12 0 73319608 7.756138
-Trial 13 0 73319608 7.756699
-Trial 14 0 73319608 7.779096
* 15: Cost = 0_72527625, Time = 4.90 sec. 
-Trial 15 0 72527625 7.990463
-Trial 16 0 72527625 7.991820
* 17: Cost = 0_72220441, Time = 5.14 sec. 
-Trial 17 0 72220441 8.236685
-Trial 18 0 72220441 8.237030
-Trial 19 0 72220441 8.248831
-Trial 20 0 72220441 8.304758
* 21: Cost = 0_72217123, Time = 5.24 sec. 
-Trial 21 0 72217123 8.328431
* 22: Cost = 0_71733406, Time = 5.31 sec. 
-Trial 22 0 71733406 8.403658
-Trial 23 0 71733406 8.404732
* 24: Cost = 0_71698628, Time = 5.32 sec. 
-Trial 24 0 71698628 8.414337
-Trial 25 0 71698628 8.517652
-Trial 26 0 71698628 8.540071
* 27: Cost = 0_70728550, Time = 5.63 sec. 
-Trial 27 0 70728550 8.727084
-Trial 28 0 70728550 8.728559
-Trial 29 0 70728550 8.730677
-Trial 30 0 70728550 8.731980
-Trial 31 0 70728550 8.732245
* 32: Cost = 0_70296692, Time = 5.65 sec. 
-Trial 32 0 70296692 8.748120
* 33: Cost = 0_70175913, Time = 5.66 sec. 
-Trial 33 0 70175913 8.754014
-Trial 34 0 70175913 8.852905
-Trial 35 0 70175913 8.890813
* 36: Cost = 0_69502598, Time = 5.94 sec. 
-Trial 36 0 69502598 9.033928
* 37: Cost = 0_69500565, Time = 6.62 sec. 
-Trial 37 0 69500565 9.713080
-Trial 38 0 69500565 9.822355
-Trial 39 0 69500565 9.822916
-Trial 40 0 69500565 9.823299
-Trial 41 0 69500565 9.823847
-Trial 42 0 69500565 9.824309
-Trial 43 0 69500565 9.825158
-Trial 44 0 69500565 9.825900
-Trial 45 0 69500565 9.828073
* 46: Cost = 0_69168792, Time = 6.74 sec. 
-Trial 46 0 69168792 9.834715
-Trial 47 0 69168792 9.836422
* 48: Cost = 0_69023209, Time = 6.80 sec. 
-Trial 48 0 69023209 9.888823
* 49: Cost = 0_68863214, Time = 6.87 sec. 
-Trial 49 0 68863214 9.959037
* 50: Cost = 0_68683638, Time = 7.17 sec. 
-Trial 50 0 68683638 10.265333
-Trial 51 0 68683638 10.461102
-Trial 52 0 68683638 10.580441
* 53: Cost = 0_68669813, Time = 7.50 sec. 
-Trial 53 0 68669813 10.590275
-Trial 54 0 68669813 10.590975
* 55: Cost = 0_68271498, Time = 7.53 sec. 
-Trial 55 0 68271498 10.625938
* 56: Cost = 0_68169800, Time = 7.61 sec. 
-Trial 56 0 68169800 10.708296
-Trial 57 0 68169800 10.710453
-Trial 58 0 68169800 10.715507
-Trial 59 0 68169800 10.716010
-Trial 60 0 68169800 10.977424
* 61: Cost = 0_67673443, Time = 8.01 sec. 
-Trial 61 0 67673443 11.102386
-Trial 62 0 67673443 11.103725
-Trial 63 0 67673443 11.110417
* 64: Cost = 0_67418250, Time = 8.06 sec. 
-Trial 64 0 67418250 11.151229
* 65: Cost = 0_67415628, Time = 8.20 sec. 
-Trial 65 0 67415628 11.291597
* 66: Cost = 0_67142206, Time = 8.33 sec. 
-Trial 66 0 67142206 11.424939
-Trial 67 0 67142206 11.440825
-Trial 68 0 67142206 11.442176
-Trial 69 0 67142206 11.445181
-Trial 70 0 67142206 11.459236
-Trial 71 0 67142206 11.481351
-Trial 72 0 67142206 11.481594
-Trial 73 0 67142206 11.482181
-Trial 74 0 67142206 11.508839
* 75: Cost = 0_67126126, Time = 8.43 sec. 
-Trial 75 0 67126126 11.528113
-Trial 76 0 67126126 11.587917
-Trial 77 0 67126126 11.597338
-Trial 78 0 67126126 11.699049
* 79: Cost = 0_67120840, Time = 8.62 sec. 
-Trial 79 0 67120840 11.714710
* 80: Cost = 0_67107305, Time = 8.80 sec. 
-Trial 80 0 67107305 11.895952
* 81: Cost = 0_66980277, Time = 8.85 sec. 
-Trial 81 0 66980277 11.942342
-Trial 82 0 66980277 11.943323
-Trial 83 0 66980277 12.454394
-Trial 84 0 66980277 12.460498
-Trial 85 0 66980277 12.461922
-Trial 86 0 66980277 12.744979
-Trial 87 0 66980277 12.747248
-Trial 88 0 66980277 12.748642
-Trial 89 0 66980277 12.750274
* 90: Cost = 0_66905304, Time = 9.67 sec. 
-Trial 90 0 66905304 12.768343
-Trial 91 0 66905304 12.786523
-Trial 92 0 66905304 12.786883
-Trial 93 0 66905304 12.791945
-Trial 94 0 66905304 12.792255
-Trial 95 0 66905304 12.808334
* 96: Cost = 0_66822352, Time = 9.76 sec. 
-Trial 96 0 66822352 12.851842
* 97: Cost = 0_66807318, Time = 9.77 sec. 
-Trial 97 0 66807318 12.861157
-Trial 98 0 66807318 12.863723
-Trial 99 0 66807318 13.041863
-Trial 100 0 66807318 13.185498
-Trial 101 0 66807318 13.186744
-Trial 102 0 66807318 13.187048
-Trial 103 0 66807318 13.200409
-Trial 104 0 66807318 13.201718
-Trial 105 0 66807318 13.202333
-Trial 106 0 66807318 13.211673
-Trial 107 0 66807318 13.212180
-Trial 108 0 66807318 13.212579
-Trial 109 0 66807318 13.215615
-Trial 110 0 66807318 13.226277
-Trial 111 0 66807318 13.268652
-Trial 112 0 66807318 13.270362
-Trial 113 0 66807318 13.272400
* 114: Cost = 0_66750936, Time = 10.19 sec. 
-Trial 114 0 66750936 13.283517
* 115: Cost = 0_66132503, Time = 10.58 sec. 
-Trial 115 0 66132503 13.670345
-Trial 116 0 66132503 14.063369
* 117: Cost = 0_65596386, Time = 11.13 sec. 
-Trial 117 0 65596386 14.219483
* 118: Cost = 0_65328260, Time = 11.17 sec. 
-Trial 118 0 65328260 14.264430
* 119: Cost = 0_65322600, Time = 11.18 sec. 
-Trial 119 0 65322600 14.269334
-Trial 120 0 65322600 14.269629
-Trial 121 0 65322600 14.430912
-Trial 122 0 65322600 14.528162
-Trial 123 0 65322600 14.531585
-Trial 124 0 65322600 14.532621
-Trial 125 0 65322600 14.534766
-Trial 126 0 65322600 14.536435
-Trial 127 0 65322600 14.547407
* 128: Cost = 0_65293468, Time = 11.46 sec. 
-Trial 128 0 65293468 14.555309
-Trial 129 0 65293468 14.575622
-Trial 130 0 65293468 14.576303
-Trial 131 0 65293468 14.703601
-Trial 132 0 65293468 14.706202
* 133: Cost = 0_65274688, Time = 11.62 sec. 
-Trial 133 0 65274688 14.714702
-Trial 134 0 65274688 14.715686
-Trial 135 0 65274688 14.725678
-Trial 136 0 65274688 14.727518
-Trial 137 0 65274688 15.110960
-Trial 138 0 65274688 15.117230
-Trial 139 0 65274688 15.117859
-Trial 140 0 65274688 15.172433
-Trial 141 0 65274688 15.292042
-Trial 142 0 65274688 15.317172
-Trial 143 0 65274688 15.406554
-Trial 144 0 65274688 15.407470
* 145: Cost = 0_65168970, Time = 12.37 sec. 
-Trial 145 0 65168970 15.463270
-Trial 146 0 65168970 15.474598
-Trial 147 0 65168970 15.481734
-Trial 148 0 65168970 15.490117
* 149: Cost = 0_65109246, Time = 12.41 sec. 
-Trial 149 0 65109246 15.503975
* 150: Cost = 0_64876161, Time = 12.70 sec. 
-Trial 150 0 64876161 15.798071
-Trial 151 0 64876161 15.801009
-Trial 152 0 64876161 15.802118
-Trial 153 0 64876161 15.808273
-Trial 154 0 64876161 15.810638
-Trial 155 0 64876161 15.823824
-Trial 156 0 64876161 15.826413
-Trial 157 0 64876161 15.829794
-Trial 158 0 64876161 15.910282
-Trial 159 0 64876161 15.912380
-Trial 160 0 64876161 15.928391
-Trial 161 0 64876161 15.930403
-Trial 162 0 64876161 16.046876
-Trial 163 0 64876161 16.057089
-Trial 164 0 64876161 16.058068
-Trial 165 0 64876161 16.066000
* 166: Cost = 0_64868945, Time = 12.98 sec. 
-Trial 166 0 64868945 16.075553
-Trial 167 0 64868945 16.077125
-Trial 168 0 64868945 16.096861
-Trial 169 0 64868945 16.171704
-Trial 170 0 64868945 16.212062
-Trial 171 0 64868945 16.212629
-Trial 172 0 64868945 16.235051
-Trial 173 0 64868945 16.236057
-Trial 174 0 64868945 16.240786
-Trial 175 0 64868945 16.242405
* 176: Cost = 0_64863483, Time = 13.19 sec. 
-Trial 176 0 64863483 16.278444
-Trial 177 0 64863483 16.282151
-Trial 178 0 64863483 16.282400
* 179: Cost = 0_64862741, Time = 13.21 sec. 
-Trial 179 0 64862741 16.298632
-Trial 180 0 64862741 16.299254
-Trial 181 0 64862741 16.300734
-Trial 182 0 64862741 16.302137
-Trial 183 0 64862741 16.303542
* 184: Cost = 0_64830892, Time = 13.22 sec. 
-Trial 184 0 64830892 16.308377
-Trial 185 0 64830892 16.309810
-Trial 186 0 64830892 16.826077
-Trial 187 0 64830892 16.842114
-Trial 188 0 64830892 16.845366
-Trial 189 0 64830892 16.982967
-Trial 190 0 64830892 16.983309
-Trial 191 0 64830892 16.986172
-Trial 192 0 64830892 17.004508
-Trial 193 0 64830892 17.035129
* 194: Cost = 0_64813259, Time = 14.06 sec. 
-Trial 194 0 64813259 17.158276
-Trial 195 0 64813259 17.166896
-Trial 196 0 64813259 17.215265
-Trial 197 0 64813259 17.308620
-Trial 198 0 64813259 17.308902
-Trial 199 0 64813259 17.310591
-Trial 200 0 64813259 17.335360
-Trial 201 0 64813259 17.598387
-Trial 202 0 64813259 17.599124
-Trial 203 0 64813259 17.605346
-Trial 204 0 64813259 17.606007
-Trial 205 0 64813259 17.608299
-Trial 206 0 64813259 17.984278
-Trial 207 0 64813259 17.986785
* 208: Cost = 0_64756413, Time = 14.93 sec. 
-Trial 208 0 64756413 18.020243
-Trial 209 0 64756413 18.037417
-Trial 210 0 64756413 18.727064
-Trial 211 0 64756413 18.727308
* 212: Cost = 0_64746590, Time = 15.64 sec. 
-Trial 212 0 64746590 18.733871
* 213: Cost = 0_64709300, Time = 15.66 sec. 
-Trial 213 0 64709300 18.748519
-Trial 214 0 64709300 18.756028
* 215: Cost = 0_64629571, Time = 15.68 sec. 
-Trial 215 0 64629571 18.773660
-Trial 216 0 64629571 18.843287
-Trial 217 0 64629571 18.849755
* 218: Cost = 0_64625617, Time = 15.77 sec. 
-Trial 218 0 64625617 18.860652
* 219: Cost = 0_64566645, Time = 15.80 sec. 
-Trial 219 0 64566645 18.895609
-Trial 220 0 64566645 18.943431
* 221: Cost = 0_64551722, Time = 15.85 sec. 
-Trial 221 0 64551722 18.946413
-Trial 222 0 64551722 18.949538
-Trial 223 0 64551722 19.046779
-Trial 224 0 64551722 19.047614
-Trial 225 0 64551722 19.053526
-Trial 226 0 64551722 19.053838
-Trial 227 0 64551722 19.063275
-Trial 228 0 64551722 19.066918
-Trial 229 0 64551722 19.122708
-Trial 230 0 64551722 19.197559
-Trial 231 0 64551722 19.210024
-Trial 232 0 64551722 19.527820
* 233: Cost = 0_64529584, Time = 16.45 sec. 
-Trial 233 0 64529584 19.542985
-Trial 234 0 64529584 19.543699
-Trial 235 0 64529584 19.552306
-Trial 236 0 64529584 19.788130
-Trial 237 0 64529584 19.796999
-Trial 238 0 64529584 19.803379
-Trial 239 0 64529584 20.422850
-Trial 240 0 64529584 20.439803
-Trial 241 0 64529584 20.440250
-Trial 242 0 64529584 20.441451
-Trial 243 0 64529584 20.443548
-Trial 244 0 64529584 20.444414
* 245: Cost = 0_64526720, Time = 17.48 sec. 
-Trial 245 0 64526720 20.576218
-Trial 246 0 64526720 20.580704
-Trial 247 0 64526720 21.014793
-Trial 248 0 64526720 21.015209
-Trial 249 0 64526720 21.015516
-Trial 250 0 64526720 21.016108
-Trial 251 0 64526720 21.016736
-Trial 252 0 64526720 21.027943
-Trial 253 0 64526720 21.028708
-Trial 254 0 64526720 21.043815
* 255: Cost = 0_64497656, Time = 18.00 sec. 
-Trial 255 0 64497656 21.095334
-Trial 256 0 64497656 21.122525
* 257: Cost = 0_64254424, Time = 18.09 sec. 
-Trial 257 0 64254424 21.180580
-Trial 258 0 64254424 21.218149
-Trial 259 0 64254424 21.247460
-Trial 260 0 64254424 21.262744
* 261: Cost = 0_64214035, Time = 18.24 sec. 
-Trial 261 0 64214035 21.329753
-Trial 262 0 64214035 21.569255
* 263: Cost = 0_64212415, Time = 18.49 sec. 
-Trial 263 0 64212415 21.582405
-Trial 264 0 64212415 21.588179
-Trial 265 0 64212415 21.589667
-Trial 266 0 64212415 21.590343
-Trial 267 0 64212415 21.597644
-Trial 268 0 64212415 21.597919
-Trial 269 0 64212415 21.659240
-Trial 270 0 64212415 21.660110
-Trial 271 0 64212415 21.661516
-Trial 272 0 64212415 21.661766
* 273: Cost = 0_64192735, Time = 18.58 sec. 
-Trial 273 0 64192735 21.669567
-Trial 274 0 64192735 21.706444
-Trial 275 0 64192735 21.708260
* 276: Cost = 0_64189215, Time = 18.65 sec. 
-Trial 276 0 64189215 21.740168
-Trial 277 0 64189215 21.742815
-Trial 278 0 64189215 21.863530
-Trial 279 0 64189215 21.926181
-Trial 280 0 64189215 21.927660
-Trial 281 0 64189215 21.927931
-Trial 282 0 64189215 22.061197
* 283: Cost = 0_64170220, Time = 18.99 sec. 
-Trial 283 0 64170220 22.079286
-Trial 284 0 64170220 22.079890
-Trial 285 0 64170220 22.086830
-Trial 286 0 64170220 22.087266
-Trial 287 0 64170220 22.091490
-Trial 288 0 64170220 22.142325
-Trial 289 0 64170220 22.262452
-Trial 290 0 64170220 22.274440
-Trial 291 0 64170220 22.643637
-Trial 292 0 64170220 22.934452
-Trial 293 0 64170220 22.938547
-Trial 294 0 64170220 22.940678
-Trial 295 0 64170220 22.941033
-Trial 296 0 64170220 22.959281
-Trial 297 0 64170220 22.971883
-Trial 298 0 64170220 22.976669
-Trial 299 0 64170220 23.027513
-Trial 300 0 64170220 23.028513
-Trial 301 0 64170220 23.036308
-Trial 302 0 64170220 23.070007
-Trial 303 0 64170220 23.334065
-Trial 304 0 64170220 23.334973
-Trial 305 0 64170220 23.341965
-Trial 306 0 64170220 23.348579
-Trial 307 0 64170220 23.360701
-Trial 308 0 64170220 23.361122
-Trial 309 0 64170220 23.362314
-Trial 310 0 64170220 23.362991
-Trial 311 0 64170220 23.363563
-Trial 312 0 64170220 23.368462
-Trial 313 0 64170220 23.369070
-Trial 314 0 64170220 23.434868
-Trial 315 0 64170220 23.448436
-Trial 316 0 64170220 23.463441
-Trial 317 0 64170220 23.467737
-Trial 318 0 64170220 23.489802
-Trial 319 0 64170220 23.498601
-Trial 320 0 64170220 23.522642
-Trial 321 0 64170220 23.531451
-Trial 322 0 64170220 23.550687
-Trial 323 0 64170220 23.551682
-Trial 324 0 64170220 23.740825
-Trial 325 0 64170220 23.741174
-Trial 326 0 64170220 23.816660
-Trial 327 0 64170220 23.833912
-Trial 328 0 64170220 23.835876
-Trial 329 0 64170220 24.125927
-Trial 330 0 64170220 24.126995
-Trial 331 0 64170220 24.128212
* 332: Cost = 0_64163626, Time = 21.06 sec. 
-Trial 332 0 64163626 24.152037
-Trial 333 0 64163626 24.155068
-Trial 334 0 64163626 24.155769
-Trial 335 0 64163626 24.171439
-Trial 336 0 64163626 24.173737
-Trial 337 0 64163626 24.177761
-Trial 338 0 64163626 24.280209
-Trial 339 0 64163626 24.312928
* 340: Cost = 0_64137632, Time = 21.22 sec. 
-Trial 340 0 64137632 24.316983
-Trial 341 0 64137632 24.346034
* 342: Cost = 0_64100418, Time = 21.27 sec. 
-Trial 342 0 64100418 24.359824
-Trial 343 0 64100418 24.360667
-Trial 344 0 64100418 24.543294
-Trial 345 0 64100418 24.551633
-Trial 346 0 64100418 24.576698
-Trial 347 0 64100418 24.580293
-Trial 348 0 64100418 24.581521
-Trial 349 0 64100418 25.742674
-Trial 350 0 64100418 25.763062
-Trial 351 0 64100418 25.764219
-Trial 352 0 64100418 25.777475
-Trial 353 0 64100418 25.996694
-Trial 354 0 64100418 26.133509
* 355: Cost = 0_64056507, Time = 23.10 sec. 
-Trial 355 0 64056507 26.192674
-Trial 356 0 64056507 26.197470
-Trial 357 0 64056507 26.198351
-Trial 358 0 64056507 26.224497
-Trial 359 0 64056507 26.245144
-Trial 360 0 64056507 26.310048
-Trial 361 0 64056507 26.495071
-Trial 362 0 64056507 26.498230
* 363: Cost = 0_64045380, Time = 23.42 sec. 
-Trial 363 0 64045380 26.513977
-Trial 364 0 64045380 26.519461
-Trial 365 0 64045380 26.519785
-Trial 366 0 64045380 26.530901
* 367: Cost = 0_64041426, Time = 23.44 sec. 
-Trial 367 0 64041426 26.535812
-Trial 368 0 64041426 26.539245
-Trial 369 0 64041426 26.539935
-Trial 370 0 64041426 26.547125
-Trial 371 0 64041426 26.549751
* 372: Cost = 0_64038494, Time = 23.46 sec. 
-Trial 372 0 64038494 26.554931
-Trial 373 0 64038494 26.556331
-Trial 374 0 64038494 26.556976
-Trial 375 0 64038494 26.558296
-Trial 376 0 64038494 26.559462
-Trial 377 0 64038494 26.629665
* 378: Cost = 0_64012917, Time = 23.55 sec. 
-Trial 378 0 64012917 26.644020
-Trial 379 0 64012917 26.646154
-Trial 380 0 64012917 26.646418
-Trial 381 0 64012917 26.647443
-Trial 382 0 64012917 26.650916
-Trial 383 0 64012917 26.658626
-Trial 384 0 64012917 26.659441
-Trial 385 0 64012917 26.688177
-Trial 386 0 64012917 26.688661
-Trial 387 0 64012917 26.699131
-Trial 388 0 64012917 26.700354
* 389: Cost = 0_64000130, Time = 23.62 sec. 
-Trial 389 0 64000130 26.710832
-Trial 390 0 64000130 26.711112
-Trial 391 0 64000130 26.751124
* 392: Cost = 0_63998579, Time = 23.71 sec. 
-Trial 392 0 63998579 26.802556
-Trial 393 0 63998579 26.805003
-Trial 394 0 63998579 26.806725
-Trial 395 0 63998579 26.807412
-Trial 396 0 63998579 26.808295
-Trial 397 0 63998579 26.827452
-Trial 398 0 63998579 26.827915
* 399: Cost = 0_63908724, Time = 23.93 sec. 
-Trial 399 0 63908724 27.020698
-Trial 400 0 63908724 27.293938
-Trial 401 0 63908724 27.513638
* 402: Cost = 0_63863454, Time = 24.50 sec. 
-Trial 402 0 63863454 27.592734
-Trial 403 0 63863454 27.602967
* 404: Cost = 0_63750339, Time = 24.60 sec. 
-Trial 404 0 63750339 27.691100
* 405: Cost = 0_63703617, Time = 24.65 sec. 
-Trial 405 0 63703617 27.743346
-Trial 406 0 63703617 27.743658
-Trial 407 0 63703617 27.746858
-Trial 408 0 63703617 27.752216
* 409: Cost = 0_63502904, Time = 24.68 sec. 
-Trial 409 0 63502904 27.777420
* 410: Cost = 0_63415353, Time = 24.76 sec. 
-Trial 410 0 63415353 27.849400
-Trial 411 0 63415353 27.868190
-Trial 412 0 63415353 27.868759
-Trial 413 0 63415353 28.706875
* 414: Cost = 0_63411483, Time = 25.64 sec. 
-Trial 414 0 63411483 28.737567
-Trial 415 0 63411483 28.756522
-Trial 416 0 63411483 28.758772
-Trial 417 0 63411483 28.804476
-Trial 418 0 63411483 28.839186
-Trial 419 0 63411483 28.840919
-Trial 420 0 63411483 28.853513
-Trial 421 0 63411483 28.853764
* 422: Cost = 0_63410327, Time = 25.76 sec. 
-Trial 422 0 63410327 28.855941
-Trial 423 0 63410327 28.856312
-Trial 424 0 63410327 28.862039
-Trial 425 0 63410327 28.865307
-Trial 426 0 63410327 28.866749
-Trial 427 0 63410327 28.867094
-Trial 428 0 63410327 28.867415
* 429: Cost = 0_63402990, Time = 25.78 sec. 
-Trial 429 0 63402990 28.876849
* 430: Cost = 0_63365671, Time = 25.80 sec. 
-Trial 430 0 63365671 28.895815
-Trial 431 0 63365671 28.897627
* 432: Cost = 0_63352550, Time = 25.83 sec. 
-Trial 432 0 63352550 28.922403
-Trial 433 0 63352550 28.971776
-Trial 434 0 63352550 28.991905
-Trial 435 0 63352550 28.992964
-Trial 436 0 63352550 28.998169
-Trial 437 0 63352550 29.000487
-Trial 438 0 63352550 29.003616
-Trial 439 0 63352550 29.003887
* 440: Cost = 0_63329200, Time = 26.21 sec. 
-Trial 440 0 63329200 29.302301
-Trial 441 0 63329200 29.308947
-Trial 442 0 63329200 29.480368
* 443: Cost = 0_63328850, Time = 26.39 sec. 
-Trial 443 0 63328850 29.483859
-Trial 444 0 63328850 29.537770
-Trial 445 0 63328850 29.539659
-Trial 446 0 63328850 29.540498
-Trial 447 0 63328850 29.541095
-Trial 448 0 63328850 29.541492
* 449: Cost = 0_63312994, Time = 26.45 sec. 
-Trial 449 0 63312994 29.548137
-Trial 450 0 63312994 29.568025
-Trial 451 0 63312994 29.568740
* 452: Cost = 0_63307411, Time = 26.64 sec. 
-Trial 452 0 63307411 29.734622
* 453: Cost = 0_63086338, Time = 26.69 sec. 
-Trial 453 0 63086338 29.786824
-Trial 454 0 63086338 29.787427
-Trial 455 0 63086338 29.817071
-Trial 456 0 63086338 29.828131
-Trial 457 0 63086338 29.835667
-Trial 458 0 63086338 29.874308
-Trial 459 0 63086338 29.874878
-Trial 460 0 63086338 30.446551
-Trial 461 0 63086338 30.643354
-Trial 462 0 63086338 30.643635
-Trial 463 0 63086338 30.677476
-Trial 464 0 63086338 30.677948
-Trial 465 0 63086338 30.679219
-Trial 466 0 63086338 30.690974
-Trial 467 0 63086338 30.691284
-Trial 468 0 63086338 30.693641
-Trial 469 0 63086338 30.805644
-Trial 470 0 63086338 30.809106
-Trial 471 0 63086338 30.813590
-Trial 472 0 63086338 30.845196
-Trial 473 0 63086338 30.850120
-Trial 474 0 63086338 30.850635
* 475: Cost = 0_63021226, Time = 27.79 sec. 
-Trial 475 0 63021226 30.883110
* 476: Cost = 0_62991938, Time = 27.81 sec. 
-Trial 476 0 62991938 30.902232
* 477: Cost = 0_62990636, Time = 27.83 sec. 
-Trial 477 0 62990636 30.921869
-Trial 478 0 62990636 31.437397
-Trial 479 0 62990636 31.438558
* 480: Cost = 0_62935804, Time = 28.35 sec. 
-Trial 480 0 62935804 31.440807
-Trial 481 0 62935804 31.475521
-Trial 482 0 62935804 31.475968
-Trial 483 0 62935804 31.476384
-Trial 484 0 62935804 31.477493
-Trial 485 0 62935804 31.486317
* 486: Cost = 0_62935505, Time = 28.40 sec. 
-Trial 486 0 62935505 31.492865
-Trial 487 0 62935505 32.139303
-Trial 488 0 62935505 32.140213
-Trial 489 0 62935505 32.263172
-Trial 490 0 62935505 32.264402
-Trial 491 0 62935505 32.288559
-Trial 492 0 62935505 32.289522
-Trial 493 0 62935505 32.290786
-Trial 494 0 62935505 32.574352
-Trial 495 0 62935505 32.686892
-Trial 496 0 62935505 32.777979
* 497: Cost = 0_62869236, Time = 29.70 sec. 
-Trial 497 0 62869236 32.792146
-Trial 498 0 62869236 32.805304
-Trial 499 0 62869236 32.829711
-Trial 500 0 62869236 32.830249
-Trial 501 0 62869236 32.831039
-Trial 502 0 62869236 32.857092
-Trial 503 0 62869236 33.508433
-Trial 504 0 62869236 33.508786
* 505: Cost = 0_62837853, Time = 30.44 sec. 
-Trial 505 0 62837853 33.529185
-Trial 506 0 62837853 33.656433
-Trial 507 0 62837853 33.657548
* 508: Cost = 0_62831111, Time = 30.59 sec. 
-Trial 508 0 62831111 33.682253
-Trial 509 0 62831111 33.682737
-Trial 510 0 62831111 33.693134
* 511: Cost = 0_62828928, Time = 30.61 sec. 
-Trial 511 0 62828928 33.698966
-Trial 512 0 62828928 33.701243
-Trial 513 0 62828928 33.702544
-Trial 514 0 62828928 33.703001
-Trial 515 0 62828928 33.729889
-Trial 516 0 62828928 33.741929
-Trial 517 0 62828928 33.842748
-Trial 518 0 62828928 33.849276
-Trial 519 0 62828928 33.854603
-Trial 520 0 62828928 34.452172
-Trial 521 0 62828928 34.460803
-Trial 522 0 62828928 34.461640
-Trial 523 0 62828928 34.497965
-Trial 524 0 62828928 34.498594
-Trial 525 0 62828928 34.508372
-Trial 526 0 62828928 34.509545
-Trial 527 0 62828928 34.518302
-Trial 528 0 62828928 34.518704
* 529: Cost = 0_62786590, Time = 31.44 sec. 
-Trial 529 0 62786590 34.531220
-Trial 530 0 62786590 34.531549
-Trial 531 0 62786590 34.536681
-Trial 532 0 62786590 34.540057
-Trial 533 0 62786590 34.540706
-Trial 534 0 62786590 34.603020
-Trial 535 0 62786590 34.629559
-Trial 536 0 62786590 34.698634
-Trial 537 0 62786590 35.157990
* 538: Cost = 0_62774742, Time = 32.09 sec. 
-Trial 538 0 62774742 35.185879
-Trial 539 0 62774742 35.186770
-Trial 540 0 62774742 35.188054
-Trial 541 0 62774742 35.188405
-Trial 542 0 62774742 35.300918
-Trial 543 0 62774742 35.321060
-Trial 544 0 62774742 35.326229
-Trial 545 0 62774742 35.345339
* 546: Cost = 0_62764316, Time = 32.26 sec. 
-Trial 546 0 62764316 35.357458
* 547: Cost = 0_62762228, Time = 32.27 sec. 
-Trial 547 0 62762228 35.362831
-Trial 548 0 62762228 35.364049
* 549: Cost = 0_62704781, Time = 32.32 sec. 
-Trial 549 0 62704781 35.410799
-Trial 550 0 62704781 35.436753
-Trial 551 0 62704781 35.451895
-Trial 552 0 62704781 35.455759
-Trial 553 0 62704781 35.527237
-Trial 554 0 62704781 35.729498
-Trial 555 0 62704781 35.972965
-Trial 556 0 62704781 36.176502
-Trial 557 0 62704781 36.186534
-Trial 558 0 62704781 36.187262
-Trial 559 0 62704781 36.192576
-Trial 560 0 62704781 36.200571
-Trial 561 0 62704781 36.327078
-Trial 562 0 62704781 36.331872
-Trial 563 0 62704781 36.335674
-Trial 564 0 62704781 36.347179
-Trial 565 0 62704781 36.347600
-Trial 566 0 62704781 36.371168
-Trial 567 0 62704781 36.395253
-Trial 568 0 62704781 36.445881
-Trial 569 0 62704781 36.448106
-Trial 570 0 62704781 36.449004
-Trial 571 0 62704781 36.505286
-Trial 572 0 62704781 36.519958
-Trial 573 0 62704781 36.520514
-Trial 574 0 62704781 36.527090
-Trial 575 0 62704781 36.545504
-Trial 576 0 62704781 36.596913
-Trial 577 0 62704781 36.600383
-Trial 578 0 62704781 36.600673
-Trial 579 0 62704781 36.601594
-Trial 580 0 62704781 37.141963
-Trial 581 0 62704781 37.142853
-Trial 582 0 62704781 37.143758
-Trial 583 0 62704781 37.342137
-Trial 584 0 62704781 37.344429
-Trial 585 0 62704781 37.629708
-Trial 586 0 62704781 37.638923
-Trial 587 0 62704781 37.650899
-Trial 588 0 62704781 37.653156
-Trial 589 0 62704781 37.809366
-Trial 590 0 62704781 37.810155
-Trial 591 0 62704781 37.847711
-Trial 592 0 62704781 38.267727
-Trial 593 0 62704781 38.268626
-Trial 594 0 62704781 38.268898
-Trial 595 0 62704781 38.275604
-Trial 596 0 62704781 38.277814
-Trial 597 0 62704781 38.278084
-Trial 598 0 62704781 38.290659
-Trial 599 0 62704781 38.292494
* 600: Cost = 0_62697500, Time = 35.20 sec. 
-Trial 600 0 62697500 38.297689
-Trial 601 0 62697500 38.298516
-Trial 602 0 62697500 38.298944
-Trial 603 0 62697500 38.309213
-Trial 604 0 62697500 38.328776
-Trial 605 0 62697500 38.330042
-Trial 606 0 62697500 38.980418
-Trial 607 0 62697500 38.981296
* 608: Cost = 0_62693774, Time = 35.93 sec. 
-Trial 608 0 62693774 39.022162
-Trial 609 0 62693774 39.076166
-Trial 610 0 62693774 39.085461
-Trial 611 0 62693774 39.085830
-Trial 612 0 62693774 39.157721
-Trial 613 0 62693774 39.159069
-Trial 614 0 62693774 39.301300
-Trial 615 0 62693774 39.302173
-Trial 616 0 62693774 39.303171
-Trial 617 0 62693774 39.304098
-Trial 618 0 62693774 39.413666
-Trial 619 0 62693774 39.466425
-Trial 620 0 62693774 39.479781
-Trial 621 0 62693774 39.652152
-Trial 622 0 62693774 39.801119
-Trial 623 0 62693774 39.801385
-Trial 624 0 62693774 40.002900
-Trial 625 0 62693774 40.003388
-Trial 626 0 62693774 40.048277
-Trial 627 0 62693774 40.051865
-Trial 628 0 62693774 40.052310
-Trial 629 0 62693774 40.055984
-Trial 630 0 62693774 40.073272
-Trial 631 0 62693774 40.078198
* 632: Cost = 0_62679932, Time = 37.03 sec. 
-Trial 632 0 62679932 40.119939
-Trial 633 0 62679932 40.160553
-Trial 634 0 62679932 40.230705
-Trial 635 0 62679932 40.231367
* 636: Cost = 0_62616990, Time = 37.22 sec. 
-Trial 636 0 62616990 40.313363
-Trial 637 0 62616990 40.314705
-Trial 638 0 62616990 40.315590
* 639: Cost = 0_62588825, Time = 37.23 sec. 
-Trial 639 0 62588825 40.320988
-Trial 640 0 62588825 40.322242
-Trial 641 0 62588825 40.335998
* 642: Cost = 0_62588166, Time = 37.26 sec. 
-Trial 642 0 62588166 40.351729
* 643: Cost = 0_62509283, Time = 37.31 sec. 
-Trial 643 0 62509283 40.401923
-Trial 644 0 62509283 40.688109
-Trial 645 0 62509283 40.696875
* 646: Cost = 0_62482635, Time = 37.61 sec. 
-Trial 646 0 62482635 40.705360
-Trial 647 0 62482635 40.705815
-Trial 648 0 62482635 40.754977
* 649: Cost = 0_62470820, Time = 37.67 sec. 
-Trial 649 0 62470820 40.760569
-Trial 650 0 62470820 40.765147
-Trial 651 0 62470820 40.807979
-Trial 652 0 62470820 40.811440
-Trial 653 0 62470820 40.974632
-Trial 654 0 62470820 41.192424
-Trial 655 0 62470820 41.953089
-Trial 656 0 62470820 41.997947
-Trial 657 0 62470820 42.121283
-Trial 658 0 62470820 42.122086
-Trial 659 0 62470820 42.123638
-Trial 660 0 62470820 42.143565
-Trial 661 0 62470820 42.154490
-Trial 662 0 62470820 42.171658
-Trial 663 0 62470820 42.172255
-Trial 664 0 62470820 42.173507
-Trial 665 0 62470820 42.183924
-Trial 666 0 62470820 42.184551
-Trial 667 0 62470820 42.185219
-Trial 668 0 62470820 42.196990
-Trial 669 0 62470820 42.243154
-Trial 670 0 62470820 42.243913
-Trial 671 0 62470820 42.244583
-Trial 672 0 62470820 42.259675
-Trial 673 0 62470820 42.261143
-Trial 674 0 62470820 42.262379
-Trial 675 0 62470820 42.265704
-Trial 676 0 62470820 42.286662
-Trial 677 0 62470820 42.616125
-Trial 678 0 62470820 42.647829
-Trial 679 0 62470820 42.648554
-Trial 680 0 62470820 42.721154
-Trial 681 0 62470820 42.748550
-Trial 682 0 62470820 42.785893
-Trial 683 0 62470820 42.805486
-Trial 684 0 62470820 42.806104
-Trial 685 0 62470820 42.813643
-Trial 686 0 62470820 42.837408
-Trial 687 0 62470820 43.029345
* 688: Cost = 0_62415406, Time = 39.95 sec. 
-Trial 688 0 62415406 43.046865
-Trial 689 0 62415406 43.047345
-Trial 690 0 62415406 43.052525
-Trial 691 0 62415406 43.053117
-Trial 692 0 62415406 43.081050
-Trial 693 0 62415406 43.107648
-Trial 694 0 62415406 43.133848
-Trial 695 0 62415406 43.268721
-Trial 696 0 62415406 43.396116
-Trial 697 0 62415406 43.415827
* 698: Cost = 0_62397332, Time = 40.34 sec. 
-Trial 698 0 62397332 43.431542
-Trial 699 0 62397332 43.486318
-Trial 700 0 62397332 43.486569
-Trial 701 0 62397332 43.487329
-Trial 702 0 62397332 43.543092
* 703: Cost = 0_62361785, Time = 40.47 sec. 
-Trial 703 0 62361785 43.566222
-Trial 704 0 62361785 43.610024
-Trial 705 0 62361785 43.610614
* 706: Cost = 0_62274078, Time = 40.55 sec. 
-Trial 706 0 62274078 43.642946
-Trial 707 0 62274078 43.643581
-Trial 708 0 62274078 43.677876
-Trial 709 0 62274078 43.678442
-Trial 710 0 62274078 43.724158
-Trial 711 0 62274078 43.784473
-Trial 712 0 62274078 43.785024
-Trial 713 0 62274078 43.786422
* 714: Cost = 0_62261548, Time = 40.70 sec. 
-Trial 714 0 62261548 43.793018
-Trial 715 0 62261548 43.856967
-Trial 716 0 62261548 43.859638
-Trial 717 0 62261548 43.870420
-Trial 718 0 62261548 43.876083
-Trial 719 0 62261548 43.913547
-Trial 720 0 62261548 43.914241
-Trial 721 0 62261548 43.917299
-Trial 722 0 62261548 43.918702
-Trial 723 0 62261548 43.919004
* 724: Cost = 0_62241741, Time = 40.84 sec. 
-Trial 724 0 62241741 43.936499
-Trial 725 0 62241741 43.938966
-Trial 726 0 62241741 44.116513
-Trial 727 0 62241741 44.117118
* 728: Cost = 0_62238702, Time = 41.03 sec. 
-Trial 728 0 62238702 44.121988
-Trial 729 0 62238702 44.122845
-Trial 730 0 62238702 44.137350
-Trial 731 0 62238702 44.137713
-Trial 732 0 62238702 44.141083
-Trial 733 0 62238702 44.142765
* 734: Cost = 0_62219961, Time = 41.10 sec. 
-Trial 734 0 62219961 44.197357
-Trial 735 0 62219961 44.206420
-Trial 736 0 62219961 44.208514
-Trial 737 0 62219961 44.225475
-Trial 738 0 62219961 44.362460
-Trial 739 0 62219961 44.363346
-Trial 740 0 62219961 44.370321
-Trial 741 0 62219961 44.388117
* 742: Cost = 0_62160303, Time = 41.31 sec. 
-Trial 742 0 62160303 44.405311
-Trial 743 0 62160303 44.563708
-Trial 744 0 62160303 44.586327
-Trial 745 0 62160303 44.588761
-Trial 746 0 62160303 44.589093
-Trial 747 0 62160303 44.681414
-Trial 748 0 62160303 44.684415
-Trial 749 0 62160303 44.694022
-Trial 750 0 62160303 44.698983
-Trial 751 0 62160303 44.699270
* 752: Cost = 0_62157061, Time = 41.61 sec. 
-Trial 752 0 62157061 44.704902
-Trial 753 0 62157061 44.707010
-Trial 754 0 62157061 44.708718
-Trial 755 0 62157061 45.154177
-Trial 756 0 62157061 45.232871
-Trial 757 0 62157061 45.297873
-Trial 758 0 62157061 45.350434
-Trial 759 0 62157061 45.359037
-Trial 760 0 62157061 45.364346
-Trial 761 0 62157061 45.370434
-Trial 762 0 62157061 45.373208
-Trial 763 0 62157061 45.373473
* 764: Cost = 0_62149734, Time = 42.29 sec. 
-Trial 764 0 62149734 45.378518
-Trial 765 0 62149734 45.379596
-Trial 766 0 62149734 45.386146
-Trial 767 0 62149734 45.387460
-Trial 768 0 62149734 45.396348
-Trial 769 0 62149734 45.397179
-Trial 770 0 62149734 45.420042
-Trial 771 0 62149734 45.420413
-Trial 772 0 62149734 45.625891
-Trial 773 0 62149734 45.630570
-Trial 774 0 62149734 45.649307
-Trial 775 0 62149734 45.653854
-Trial 776 0 62149734 45.671808
-Trial 777 0 62149734 45.681930
-Trial 778 0 62149734 45.686477
-Trial 779 0 62149734 45.694074
-Trial 780 0 62149734 45.804862
* 781: Cost = 0_62148732, Time = 42.76 sec. 
-Trial 781 0 62148732 45.853531
-Trial 782 0 62148732 45.856776
-Trial 783 0 62148732 45.860132
-Trial 784 0 62148732 45.861176
-Trial 785 0 62148732 45.861510
-Trial 786 0 62148732 45.883479
-Trial 787 0 62148732 45.902731
* 788: Cost = 0_62117459, Time = 42.83 sec. 
-Trial 788 0 62117459 45.919013
-Trial 789 0 62117459 45.921366
-Trial 790 0 62117459 45.922594
-Trial 791 0 62117459 45.924318
-Trial 792 0 62117459 45.984446
-Trial 793 0 62117459 45.992788
-Trial 794 0 62117459 46.007123
-Trial 795 0 62117459 46.023177
-Trial 796 0 62117459 46.024314
-Trial 797 0 62117459 46.070639
-Trial 798 0 62117459 46.136578
-Trial 799 0 62117459 46.137699
-Trial 800 0 62117459 46.143395
-Trial 801 0 62117459 46.212517
-Trial 802 0 62117459 46.212767
-Trial 803 0 62117459 46.213211
-Trial 804 0 62117459 46.229055
-Trial 805 0 62117459 46.233066
* 806: Cost = 0_62102008, Time = 43.15 sec. 
-Trial 806 0 62102008 46.247076
-Trial 807 0 62102008 46.254705
-Trial 808 0 62102008 46.255625
-Trial 809 0 62102008 46.256819
-Trial 810 0 62102008 46.258195
-Trial 811 0 62102008 46.281825
-Trial 812 0 62102008 46.286421
-Trial 813 0 62102008 46.303920
-Trial 814 0 62102008 46.305230
-Trial 815 0 62102008 46.307425
* 816: Cost = 0_62088441, Time = 43.23 sec. 
-Trial 816 0 62088441 46.318670
-Trial 817 0 62088441 46.320661
-Trial 818 0 62088441 46.322212
-Trial 819 0 62088441 46.324435
-Trial 820 0 62088441 46.327109
-Trial 821 0 62088441 46.327828
-Trial 822 0 62088441 46.330024
-Trial 823 0 62088441 46.331205
-Trial 824 0 62088441 46.337355
-Trial 825 0 62088441 46.339323
-Trial 826 0 62088441 46.342147
-Trial 827 0 62088441 46.362199
-Trial 828 0 62088441 46.370373
-Trial 829 0 62088441 46.409234
-Trial 830 0 62088441 46.410132
-Trial 831 0 62088441 46.412539
-Trial 832 0 62088441 46.413120
-Trial 833 0 62088441 46.429781
-Trial 834 0 62088441 46.537860
-Trial 835 0 62088441 46.724523
-Trial 836 0 62088441 46.724903
-Trial 837 0 62088441 46.725882
* 838: Cost = 0_62050663, Time = 43.71 sec. 
-Trial 838 0 62050663 46.806753
-Trial 839 0 62050663 46.809808
-Trial 840 0 62050663 46.813257
-Trial 841 0 62050663 46.814619
-Trial 842 0 62050663 46.843367
-Trial 843 0 62050663 46.881329
-Trial 844 0 62050663 46.887282
-Trial 845 0 62050663 47.007705
-Trial 846 0 62050663 47.009262
* 847: Cost = 0_62025048, Time = 43.96 sec. 
-Trial 847 0 62025048 47.049386
-Trial 848 0 62025048 47.049940
-Trial 849 0 62025048 47.050278
-Trial 850 0 62025048 47.054341
-Trial 851 0 62025048 47.096511
-Trial 852 0 62025048 47.105863
-Trial 853 0 62025048 47.108442
-Trial 854 0 62025048 47.242212
-Trial 855 0 62025048 47.380507
* 856: Cost = 0_62018278, Time = 44.30 sec. 
-Trial 856 0 62018278 47.390451
-Trial 857 0 62018278 47.395632
-Trial 858 0 62018278 47.395881
-Trial 859 0 62018278 47.396701
-Trial 860 0 62018278 47.418733
-Trial 861 0 62018278 47.418997
* 862: Cost = 0_61979243, Time = 44.35 sec. 
-Trial 862 0 61979243 47.445503
-Trial 863 0 61979243 47.445840
* 864: Cost = 0_61964990, Time = 44.38 sec. 
-Trial 864 0 61964990 47.474076
-Trial 865 0 61964990 47.569420
-Trial 866 0 61964990 47.573060
-Trial 867 0 61964990 47.576259
-Trial 868 0 61964990 47.578139
-Trial 869 0 61964990 47.578525
* 870: Cost = 0_61866290, Time = 44.62 sec. 
-Trial 870 0 61866290 47.710236
-Trial 871 0 61866290 47.715808
-Trial 872 0 61866290 47.716231
-Trial 873 0 61866290 47.724212
* 874: Cost = 0_61861281, Time = 44.64 sec. 
-Trial 874 0 61861281 47.736781
-Trial 875 0 61861281 47.740369
-Trial 876 0 61861281 47.742080
-Trial 877 0 61861281 47.742473
* 878: Cost = 0_61854411, Time = 44.67 sec. 
-Trial 878 0 61854411 47.761109
-Trial 879 0 61854411 47.878594
-Trial 880 0 61854411 47.887522
-Trial 881 0 61854411 47.888094
-Trial 882 0 61854411 47.909468
-Trial 883 0 61854411 47.912686
-Trial 884 0 61854411 47.912936
-Trial 885 0 61854411 47.913626
-Trial 886 0 61854411 47.913972
-Trial 887 0 61854411 47.916236
-Trial 888 0 61854411 47.921913
-Trial 889 0 61854411 48.087301
-Trial 890 0 61854411 48.087917
-Trial 891 0 61854411 48.088164
-Trial 892 0 61854411 48.140621
-Trial 893 0 61854411 48.170146
-Trial 894 0 61854411 48.171733
-Trial 895 0 61854411 48.175225
-Trial 896 0 61854411 48.194486
* 897: Cost = 0_61852500, Time = 45.11 sec. 
-Trial 897 0 61852500 48.202993
-Trial 898 0 61852500 48.208520
-Trial 899 0 61852500 48.209218
-Trial 900 0 61852500 48.242678
-Trial 901 0 61852500 48.245053
-Trial 902 0 61852500 48.245608
-Trial 903 0 61852500 48.277579
-Trial 904 0 61852500 48.329193
-Trial 905 0 61852500 48.329447
-Trial 906 0 61852500 48.335678
-Trial 907 0 61852500 48.350635
-Trial 908 0 61852500 48.366769
-Trial 909 0 61852500 48.577836
-Trial 910 0 61852500 48.610957
-Trial 911 0 61852500 48.639355
-Trial 912 0 61852500 48.640118
-Trial 913 0 61852500 48.644273
-Trial 914 0 61852500 48.675016
-Trial 915 0 61852500 48.851084
-Trial 916 0 61852500 48.851779
-Trial 917 0 61852500 48.873888
-Trial 918 0 61852500 48.874716
-Trial 919 0 61852500 48.877999
-Trial 920 0 61852500 48.899673
-Trial 921 0 61852500 48.913357
-Trial 922 0 61852500 48.927664
-Trial 923 0 61852500 48.968378
-Trial 924 0 61852500 48.974470
-Trial 925 0 61852500 49.093588
-Trial 926 0 61852500 49.110919
-Trial 927 0 61852500 49.111195
-Trial 928 0 61852500 49.337940
* 929: Cost = 0_61797930, Time = 46.29 sec. 
-Trial 929 0 61797930 49.387621
-Trial 930 0 61797930 49.410654
-Trial 931 0 61797930 49.552976
-Trial 932 0 61797930 49.562198
-Trial 933 0 61797930 49.661402
-Trial 934 0 61797930 49.668443
-Trial 935 0 61797930 49.670310
-Trial 936 0 61797930 49.674421
-Trial 937 0 61797930 49.677868
-Trial 938 0 61797930 49.926884
-Trial 939 0 61797930 49.928496
-Trial 940 0 61797930 49.938428
-Trial 941 0 61797930 49.941251
-Trial 942 0 61797930 49.941585
-Trial 943 0 61797930 49.942130
-Trial 944 0 61797930 49.944252
-Trial 945 0 61797930 49.944676
-Trial 946 0 61797930 49.945059
-Trial 947 0 61797930 49.946096
-Trial 948 0 61797930 49.946631
-Trial 949 0 61797930 49.947646
-Trial 950 0 61797930 49.948755
-Trial 951 0 61797930 49.963597
-Trial 952 0 61797930 49.988610
-Trial 953 0 61797930 49.992827
* 954: Cost = 0_61787412, Time = 47.42 sec. 
-Trial 954 0 61787412 50.516969
-Trial 955 0 61787412 50.549429
-Trial 956 0 61787412 50.551265
-Trial 957 0 61787412 50.558527
* 958: Cost = 0_61750043, Time = 47.47 sec. 
-Trial 958 0 61750043 50.565747
-Trial 959 0 61750043 50.573468
-Trial 960 0 61750043 50.674875
* 961: Cost = 0_61675514, Time = 47.60 sec. 
-Trial 961 0 61675514 50.697944
-Trial 962 0 61675514 50.700872
-Trial 963 0 61675514 50.704564
-Trial 964 0 61675514 50.711671
-Trial 965 0 61675514 50.740336
-Trial 966 0 61675514 50.765640
-Trial 967 0 61675514 50.768070
-Trial 968 0 61675514 50.774664
-Trial 969 0 61675514 50.775703
-Trial 970 0 61675514 50.913674
-Trial 971 0 61675514 50.915748
-Trial 972 0 61675514 50.922140
-Trial 973 0 61675514 50.922934
-Trial 974 0 61675514 50.933018
-Trial 975 0 61675514 50.933998
-Trial 976 0 61675514 50.935284
-Trial 977 0 61675514 50.940092
-Trial 978 0 61675514 50.977891
-Trial 979 0 61675514 50.979077
* 980: Cost = 0_61649845, Time = 47.89 sec. 
-Trial 980 0 61649845 50.982507
* 981: Cost = 0_61590065, Time = 48.03 sec. 
-Trial 981 0 61590065 51.127524
-Trial 982 0 61590065 51.150261
-Trial 983 0 61590065 51.150705
-Trial 984 0 61590065 51.151568
-Trial 985 0 61590065 51.154197
-Trial 986 0 61590065 51.156778
-Trial 987 0 61590065 51.157782
-Trial 988 0 61590065 51.243604
-Trial 989 0 61590065 51.245951
-Trial 990 0 61590065 51.249926
-Trial 991 0 61590065 51.331465
-Trial 992 0 61590065 51.582444
-Trial 993 0 61590065 51.791904
-Trial 994 0 61590065 51.794115
-Trial 995 0 61590065 51.795030
-Trial 996 0 61590065 51.847840
* 997: Cost = 0_61562831, Time = 48.77 sec. 
-Trial 997 0 61562831 51.866871
-Trial 998 0 61562831 51.880091
* 999: Cost = 0_61541445, Time = 48.82 sec. 
-Trial 999 0 61541445 51.916519
-Trial 1000 0 61541445 51.917156
Population:
  1: 0_61541445
Run 1: Cost = 0_61541445, Time = 48.82 sec. 

Successes/Runs = 0/1 
Cost.min = 61541445, Cost.avg = 61541445.00, Cost.max = 61541445
Gap.min = 0.0000%, Gap.avg = 0.0000%, Gap.max = 0.0000%
Penalty.min = 0, Penalty.avg = 0.00, Penalty.max = 0
Trials.min = 1000, Trials.avg = 1000.0, Trials.max = 1000
Time.min = 48.82 sec., Time.avg = 48.82 sec., Time.max = 48.82 sec.
Time.total = 51.92 sec.
  Size.min = 32, Size.max = 46, Penalty = 0
  Cost.min = 877961, Cost.max = 2311354, Cost.sum = 61541445
Best CVRP solution:
  Cost = 0_61541445
325 1226 911 832 1356 1346 1007 633 1212 1405 479 848 1308 866 1141 938 498 1210 228 166 1287 1452 237 1229 18 1532 765 48 1151 865 107 783 128 1470 1119 798 492 974 540 1009 10 1244 907 1120 877 523 532 1149 100 41 926 354 319 1480 196 748 229 944 1413 638 754 69 1437 1106 673 292 1474 1506 1301 1361 357 795 955 187 153 707 1482 1029 1489 1428 941 1171 1095 871 1438 1081 235 1008 468 790 224 539 870 338 473 205 284 1371 305 120 1115 1022 1064 181 218 1525 784 737 1238 484 1424 683 320 766 931 193 231 609 200 1501 1490 512 951 1257 281 397 1253 1273 368 1285 429 396 1498 652 172 837 499 272 56 834 906 199 1516 608 366 195 437 1355 1248 19 970 1423 799 302 793 1223 1184 573 1300 1366 363 860 875 212 398 821 82 451 58 606 156 1448 1461 988 430 1534 1163 921 752 1219 888 227 614 71 33 1236 699 1370 746 521 852 1365 1070 168 1447 1101 759 478 653 1464 405 836 1349 1061 1017 1263 559 258 380 735 560 1439 1329 1398 1507 190 327 902 1348 1463 949 824 983 587 723 1396 387 38 335 933 558 428 1425 245 1314 1191 763 826 534 669 1069 713 1102 732 143 1320 1065 148 288 889 1094 5 1196 1295 546 1520 1225 239 418 1288 929 450 1388 708 178 500 1134 1352 1003 1063 443 943 323 394 663 425 253 1303 787 457 1093 108 773 591 1053 923 528 1172 62 330 628 1513 1312 918 1235 655 1121 339 1335 1036 216 240 134 501 1276 433 637 152 312 1262 947 147 1014 740 346 271 507 853 445 61 657 932 643 706 948 522 1527 954 344 1058 867 133 432 449 464 705 678 525 1145 309 130 136 1333 1377 260 1049 489 1381 586 43 1261 459 1250 267 411 34 238 174 1148 1421 1103 1509 37 873 42 487 1433 935 165 50 841 277 1325 1440 1454 622 973 961 775 434 1258 386 1265 1341 1367 1479 490 547 666 801 1494 1465 1484 892 342 1088 399 1337 700 333 81 1535 1211 541 78 289 924 6 29 617 595 619 1364 1247 101 304 956 1269 269 1284 809 12 753 714 1080 32 26 145 755 785 1469 978 17 1347 819 1294 987 503 804 1539 295 861 856 1198 1350 1116 182 1466 350 577 307 720 1170 373 1387 14 817 749 374 388 66 1168 792 879 1206 803 262 1334 202 1233 1215 1144 85 942 125 208 163 1508 222 301 496 440 337 446 1133 1432 976 483 1407 1214 654 957 639 1220 1158 516 198 447 291 11 1195 127 421 1028 506 552 476 367 40 264 913 734 1307 1231 1536 1056 1127 958 94 1304 886 1259 1076 656 1330 1359 912 596 1493 1187 1420 550 1283 454 611 518 800 1098 854 972 52 1416 1202 241 75 442 1332 359 2 466 513 86 1528 132 378 79 593 96 408 116 80 1040 590 1128 376 1156 939 179 1445 426 727 1201 105 138 612 774 589 818 1146 299 456 1005 175 1468 1496 1124 1161 1278 1013 170 548 1538 1378 1342 985 1096 259 167 1111 60 780 1495 1293 1282 849 1169 104 1260 1012 535 890 1251 1460 822 679 1032 910 771 250 701 610 1051 391 827 1289 1086 1142 893 1476 232 377 213 1523 1446 1487 1317 585 909 1394 636 1138 1492 453 233 627 791 602 722 275 358 497 201 1390 403 77 73 1400 1362 1060 67 876 1383 571 409 905 709 1353 691 930 682 588 642 395 1517 1190 1192 716 940 1179 211 424 802 676 883 155 583 290 1376 460 389 1451 1194 475 1043 282 477 1242 891 1478 968 1045 1105 326 689 1450 70 491 313 920 53 390 1249 1082 1504 99 340 964 664 1016 251 353 584 1386 992 176 102 847 830 869 206 1255 1306 897 543 149 1449 467 402 898 645 1075 690 524 1240 717 348 1292 1166 1299 1529 44 761 1037 725 91 306 39 1310 641 1083 1062 688 46 1274 214 767 712 919 1072 721 123 1197 98 989 1117 874 1254 1221 324 1441 438 756 1418 1368 1057 444 1228 1351 435 640 764 1524 9 265 999 738 623 1153 297 1298 1150 694 1338 757 270 458 413 896 621 648 1135 1327 969 1316 887 1302 1232 1256 469 542 630 996 431 1125 1059 1372 1531 686 1358 87 1123 674 131 597 345 711 334 97 24 126 256 851 959 343 1204 49 1213 1052 194 651 336 314 1165 1023 122 349 1343 28 1401 672 777 1515 316 1085 511 882 47 510 857 4 917 715 1092 1001 1268 1055 1074 1243 733 1193 180 114 144 423 1499 1033 140 1411 950 545 1222 684 7 747 210 977 173 1217 234 1537 252 188 687 833 1234 400 76 605 1442 736 1077 685 192 618 318 693 230 263 1430 93 904 563 1108 1471 994 121 142 1147 1189 329 555 1224 63 1155 675 420 83 1455 1126 1540 1360 1331 21 644 1311 868 1157 820 980 815 770 1010 894 1415 599 729 831 884 862 1275 1018 106 360 812 1132 249 293 1099 1118 16 806 1207 578 422 936 1444 658 382 1030 1110 1503 1406 416 570 667 529 177 36 1272 407 225 859 1380 580 967 1216 1397 171 1426 982 117 1218 1345 287 953 1068 248 488 990 1011 813 1089 1393 697 1313 598 1417 1414 1039 1526 481 417 843 1050 197 607 276 1456 845 814 110 361 1457 846 625 1318 965 668 840 436 662 1183 811 1309 1054 303 1279 1143 369 495 1399 1473 649 480 704 494 681 1066 984 1026 624 1084 1296 1174 1519 696 1073 844 680 1107 331 274 184 1373 486 760 472 1173 603 855 1230 505 782 1186 124 217 1395 677 719 328 776 1483 1131 1097 915 65 925 95 203 414 455 878 1518 1136 55 1412 1271 439 731 226 404 207 1047 1000 1389 1410 1409 1328 347 1177 1472 569 551 962 726 514 1434 788 115 659 863 582 308 519 1270 1227 1477 1392 1502 647 1041 601 1374 864 392 1290 279 635 315 137 1305 575 986 1178 113 1422 273 221 119 1167 702 57 129 995 1429 604 1024 1467 92 620 838 383 1385 54 1031 665 255 566 1122 1252 1 1130 670 872 384 646 118 526 412 1205 112 300 899 141 504 975 88 557 64 816 1491 31 829 135 671 1375 415 452 1035 219 151 616 74 448 311 321 703 352 35 1530 1203 1208 471 508 660 59 808 991 109 1427 1004 1497 1181 768 3 1025 381 758 536 1139 223 728 742 517 842 914 981 565 998 934 189 1020 520 963 161 1046 1034 159 1521 1182 257 1104 15 515 1159 531 794 979 191 1019 743 1002 1239 406 858 778 579 103 928 462 946 1384 1435 769 576 1379 553 1297 204 527 772 823 1512 554 375 169 186 993 839 567 1129 1402 903 84 1266 631 89 881 916 952 880 927 362 317 20 828 730 530 441 322 1154 474 482 626 901 1021 908 661 246 1462 1079 1510 1488 1044 997 1357 1160 632 1323 1264 370 796 1140 146 1319 502 1453 1162 356 72 1481 51 561 538 1152 1404 1291 1090 1443 209 1431 537 1419 971 564 1533 805 1091 1027 1015 286 615 157 724 960 242 379 1087 1245 162 310 268 164 634 835 1475 351 710 1354 111 278 243 1078 937 1436 285 750 692 183 1326 158 1246 1241 698 45 556 8 266 789 1363 1137 465 1505 461 1164 68 1200 744 23 236 1048 562 355 1339 1315 900 1185 154 797 695 427 244 463 364 1408 247 650 1038 1114 1281 385 332 261 371 850 485 1500 1321 966 493 825 1324 1112 594 1511 781 1486 922 1042 1459 185 568 410 544 1382 372 280 294 1188 25 13 629 762 509 1067 739 745 160 220 1322 150 779 1391 572 807 600 1199 751 341 786 1100 283 1344 1522 215 365 581 574 30 1336 718 592 1286 1180 1109 885 90 1209 254 393 401 1237 1369 533 1403 1280 1113 1071 945 1340 419 139 1277 895 1267 296 1458 22 27 1514 1485 613 810 1175 298 1176 741 470 549 1006 325 
