PARAMETER_FILE = result/cvrp_1500/LKH_para/29.para
Reading PROBLEM_FILE: "result/cvrp_1500/cvrp/29.cvrp" ... done
ASCENT_CANDIDATES = 50
BACKBONE_TRIALS = 0
BACKTRACKING = NO
# BWTSP =
# CANDIDATE_FILE =
CANDIDATE_SET_TYPE = ALPHA
DEPOT = 1
# EDGE_FILE =
EXCESS = 0.000666223
EXTERNAL_SALESMEN = 0
EXTRA_CANDIDATES = 0 
EXTRA_CANDIDATE_SET_TYPE = QUADRANT
GAIN23 = NO
GAIN_CRITERION = YES
INITIAL_PERIOD = 750
INITIAL_STEP_SIZE = 1
INITIAL_TOUR_ALGORITHM = WALK
# INITIAL_TOUR_FILE = 
INITIAL_TOUR_FRACTION = 1.000
# INPUT_TOUR_FILE = 
KICK_TYPE = 4
KICKS = 1
# MAX_BREADTH =
MAKESPAN = NO
MAX_CANDIDATES = 5 
MAX_SWAPS = 0
MAX_TRIALS = 1000
# MERGE_TOUR_FILE =
MOVE_TYPE = 5 SPECIAL
MTSP_MIN_SIZE = 1
MTSP_MAX_SIZE = 1500
# MTSP_SOLUTION_FILE = 
# NONSEQUENTIAL_MOVE_TYPE = 5
# OPTIMUM =
# OUTPUT_TOUR_FILE = 
PATCHING_A = 1 
PATCHING_C = 0 
# PI_FILE = 
POPMUSIC_INITIAL_TOUR = NO
POPMUSIC_MAX_NEIGHBORS = 5
POPMUSIC_SAMPLE_SIZE = 10
POPMUSIC_SOLUTIONS = 50
POPMUSIC_TRIALS = 1
POPULATION_SIZE = 10
PRECISION = 100
PROBLEM_FILE = result/cvrp_1500/cvrp/29.cvrp
RECOMBINATION = IPT
RESTRICTED_SEARCH = YES
RUNS = 1
SALESMEN = 40
SCALE = 1
SEED = 1234
# SINTEF_SOLUTION_FILE = 
STOP_AT_OPTIMUM = YES
SUBGRADIENT = YES
# SUBPROBLEM_SIZE =
# SUBPROBLEM_TOUR_FILE = 
SUBSEQUENT_MOVE_TYPE = 5 SPECIAL
SUBSEQUENT_PATCHING = YES
# TIME_LIMIT =
# TOUR_FILE = 
TRACE_LEVEL = 1
VEHICLES = 40

Lower bound = 32133584.1, Ascent time = 2.62 sec.
Cand.min = 3, Cand.avg = 5.0, Cand.max = 5
Preprocessing time = 2.67 sec.
* 1: Cost = 0_81346623, Time = 3.11 sec. 
-Trial 1 0 81346623 5.785072
* 2: Cost = 0_79746704, Time = 3.21 sec. 
-Trial 2 0 79746704 5.881381
* 3: Cost = 0_79567547, Time = 3.22 sec. 
-Trial 3 0 79567547 5.891040
* 4: Cost = 0_79510991, Time = 3.22 sec. 
-Trial 4 0 79510991 5.895682
* 5: Cost = 0_79390302, Time = 3.29 sec. 
-Trial 5 0 79390302 5.959566
-Trial 6 0 79390302 5.960183
* 7: Cost = 0_77421844, Time = 3.40 sec. 
-Trial 7 0 77421844 6.075760
-Trial 8 0 77421844 6.238175
-Trial 9 0 77421844 6.240586
-Trial 10 0 77421844 6.268672
-Trial 11 0 77421844 6.270115
-Trial 12 0 77421844 6.270487
-Trial 13 0 77421844 6.271002
-Trial 14 0 77421844 6.276700
* 15: Cost = 0_77137436, Time = 3.71 sec. 
-Trial 15 0 77137436 6.383091
-Trial 16 0 77137436 6.383626
* 17: Cost = 0_77135183, Time = 3.72 sec. 
-Trial 17 0 77135183 6.390207
* 18: Cost = 0_76944014, Time = 3.79 sec. 
-Trial 18 0 76944014 6.462684
-Trial 19 0 76944014 6.463256
* 20: Cost = 0_76941708, Time = 3.80 sec. 
-Trial 20 0 76941708 6.468498
-Trial 21 0 76941708 6.470538
* 22: Cost = 0_76936386, Time = 3.90 sec. 
-Trial 22 0 76936386 6.571937
-Trial 23 0 76936386 6.581565
* 24: Cost = 0_76932838, Time = 3.91 sec. 
-Trial 24 0 76932838 6.587597
* 25: Cost = 0_75954151, Time = 4.14 sec. 
-Trial 25 0 75954151 6.813040
* 26: Cost = 0_75928263, Time = 4.17 sec. 
-Trial 26 0 75928263 6.838468
-Trial 27 0 75928263 6.863441
-Trial 28 0 75928263 6.864023
* 29: Cost = 0_75793568, Time = 4.22 sec. 
-Trial 29 0 75793568 6.896508
* 30: Cost = 0_75528603, Time = 4.41 sec. 
-Trial 30 0 75528603 7.080996
* 31: Cost = 0_75502799, Time = 4.41 sec. 
-Trial 31 0 75502799 7.087325
* 32: Cost = 0_75440991, Time = 4.42 sec. 
-Trial 32 0 75440991 7.093001
* 33: Cost = 0_75377456, Time = 4.45 sec. 
-Trial 33 0 75377456 7.123558
* 34: Cost = 0_75133856, Time = 4.46 sec. 
-Trial 34 0 75133856 7.136737
-Trial 35 0 75133856 7.141009
-Trial 36 0 75133856 7.142567
-Trial 37 0 75133856 7.145166
-Trial 38 0 75133856 7.261446
* 39: Cost = 0_74977549, Time = 4.62 sec. 
-Trial 39 0 74977549 7.296630
-Trial 40 0 74977549 7.297038
* 41: Cost = 0_74922011, Time = 4.67 sec. 
-Trial 41 0 74922011 7.345488
* 42: Cost = 0_74823189, Time = 4.77 sec. 
-Trial 42 0 74823189 7.439946
-Trial 43 0 74823189 7.443248
-Trial 44 0 74823189 7.457861
-Trial 45 0 74823189 7.463643
-Trial 46 0 74823189 7.463890
-Trial 47 0 74823189 7.464235
* 48: Cost = 0_74814409, Time = 4.80 sec. 
-Trial 48 0 74814409 7.468058
-Trial 49 0 74814409 7.498796
* 50: Cost = 0_74768589, Time = 4.92 sec. 
-Trial 50 0 74768589 7.593561
-Trial 51 0 74768589 7.594073
* 52: Cost = 0_74628990, Time = 5.03 sec. 
-Trial 52 0 74628990 7.698295
-Trial 53 0 74628990 7.701096
-Trial 54 0 74628990 7.719467
-Trial 55 0 74628990 7.720978
* 56: Cost = 0_74604474, Time = 5.08 sec. 
-Trial 56 0 74604474 7.754100
-Trial 57 0 74604474 7.754398
-Trial 58 0 74604474 7.755708
-Trial 59 0 74604474 7.756439
-Trial 60 0 74604474 7.757326
* 61: Cost = 0_74089838, Time = 5.19 sec. 
-Trial 61 0 74089838 7.859507
* 62: Cost = 0_74052759, Time = 5.20 sec. 
-Trial 62 0 74052759 7.877299
* 63: Cost = 0_73928066, Time = 5.22 sec. 
-Trial 63 0 73928066 7.891007
* 64: Cost = 0_73141333, Time = 5.29 sec. 
-Trial 64 0 73141333 7.961738
-Trial 65 0 73141333 7.962116
-Trial 66 0 73141333 7.965249
* 67: Cost = 0_72979767, Time = 5.34 sec. 
-Trial 67 0 72979767 8.017346
-Trial 68 0 72979767 8.080266
* 69: Cost = 0_72904128, Time = 5.50 sec. 
-Trial 69 0 72904128 8.170451
-Trial 70 0 72904128 8.182408
-Trial 71 0 72904128 8.182861
* 72: Cost = 0_72215478, Time = 5.62 sec. 
-Trial 72 0 72215478 8.293321
-Trial 73 0 72215478 8.297129
* 74: Cost = 0_72097980, Time = 5.65 sec. 
-Trial 74 0 72097980 8.326836
-Trial 75 0 72097980 8.327130
-Trial 76 0 72097980 8.330963
-Trial 77 0 72097980 8.332086
-Trial 78 0 72097980 8.333110
* 79: Cost = 0_72051072, Time = 5.67 sec. 
-Trial 79 0 72051072 8.346274
-Trial 80 0 72051072 8.354279
-Trial 81 0 72051072 8.354530
* 82: Cost = 0_72029121, Time = 5.69 sec. 
-Trial 82 0 72029121 8.360752
-Trial 83 0 72029121 8.364286
* 84: Cost = 0_72022774, Time = 5.75 sec. 
-Trial 84 0 72022774 8.427527
-Trial 85 0 72022774 8.448889
* 86: Cost = 0_71864122, Time = 5.85 sec. 
-Trial 86 0 71864122 8.522191
-Trial 87 0 71864122 8.523052
* 88: Cost = 0_71824298, Time = 5.85 sec. 
-Trial 88 0 71824298 8.526826
-Trial 89 0 71824298 8.530492
* 90: Cost = 0_71823718, Time = 5.90 sec. 
-Trial 90 0 71823718 8.574108
* 91: Cost = 0_71811929, Time = 5.91 sec. 
-Trial 91 0 71811929 8.581213
* 92: Cost = 0_71208832, Time = 5.91 sec. 
-Trial 92 0 71208832 8.585113
* 93: Cost = 0_71140495, Time = 5.93 sec. 
-Trial 93 0 71140495 8.602778
-Trial 94 0 71140495 8.609530
-Trial 95 0 71140495 8.610487
-Trial 96 0 71140495 8.611390
-Trial 97 0 71140495 8.612624
-Trial 98 0 71140495 8.612972
-Trial 99 0 71140495 8.621426
-Trial 100 0 71140495 8.622082
-Trial 101 0 71140495 8.627905
* 102: Cost = 0_70981011, Time = 6.08 sec. 
-Trial 102 0 70981011 8.753017
-Trial 103 0 70981011 8.755213
-Trial 104 0 70981011 8.799121
* 105: Cost = 0_70098529, Time = 6.29 sec. 
-Trial 105 0 70098529 8.961648
* 106: Cost = 0_70077529, Time = 6.30 sec. 
-Trial 106 0 70077529 8.972963
* 107: Cost = 0_69982108, Time = 6.35 sec. 
-Trial 107 0 69982108 9.020558
* 108: Cost = 0_69973795, Time = 6.36 sec. 
-Trial 108 0 69973795 9.028153
-Trial 109 0 69973795 9.051608
* 110: Cost = 0_69958436, Time = 6.38 sec. 
-Trial 110 0 69958436 9.057595
-Trial 111 0 69958436 9.139612
* 112: Cost = 0_69954145, Time = 6.47 sec. 
-Trial 112 0 69954145 9.144443
-Trial 113 0 69954145 9.145155
* 114: Cost = 0_69865799, Time = 6.57 sec. 
-Trial 114 0 69865799 9.241424
-Trial 115 0 69865799 9.264612
* 116: Cost = 0_69858490, Time = 6.60 sec. 
-Trial 116 0 69858490 9.275525
-Trial 117 0 69858490 9.279695
-Trial 118 0 69858490 9.406704
-Trial 119 0 69858490 9.408790
-Trial 120 0 69858490 9.409061
-Trial 121 0 69858490 9.475021
* 122: Cost = 0_69775125, Time = 6.80 sec. 
-Trial 122 0 69775125 9.477706
* 123: Cost = 0_69559188, Time = 6.84 sec. 
-Trial 123 0 69559188 9.508981
* 124: Cost = 0_69507453, Time = 6.86 sec. 
-Trial 124 0 69507453 9.532846
* 125: Cost = 0_69495228, Time = 6.97 sec. 
-Trial 125 0 69495228 9.643522
-Trial 126 0 69495228 9.644318
* 127: Cost = 0_69462451, Time = 7.01 sec. 
-Trial 127 0 69462451 9.686582
* 128: Cost = 0_69458178, Time = 7.02 sec. 
-Trial 128 0 69458178 9.689568
-Trial 129 0 69458178 9.704037
-Trial 130 0 69458178 9.725521
-Trial 131 0 69458178 9.816534
* 132: Cost = 0_69457864, Time = 7.15 sec. 
-Trial 132 0 69457864 9.825363
-Trial 133 0 69457864 9.828235
* 134: Cost = 0_69457000, Time = 7.16 sec. 
-Trial 134 0 69457000 9.836964
-Trial 135 0 69457000 9.838443
-Trial 136 0 69457000 9.897406
-Trial 137 0 69457000 9.897715
-Trial 138 0 69457000 9.925763
-Trial 139 0 69457000 9.932732
-Trial 140 0 69457000 9.934546
* 141: Cost = 0_69396958, Time = 7.30 sec. 
-Trial 141 0 69396958 9.974106
-Trial 142 0 69396958 9.974399
-Trial 143 0 69396958 9.995515
-Trial 144 0 69396958 9.995811
-Trial 145 0 69396958 9.998690
-Trial 146 0 69396958 10.121756
* 147: Cost = 0_69363498, Time = 7.54 sec. 
-Trial 147 0 69363498 10.209784
-Trial 148 0 69363498 10.212930
-Trial 149 0 69363498 10.214346
* 150: Cost = 0_69360348, Time = 7.55 sec. 
-Trial 150 0 69360348 10.222243
-Trial 151 0 69360348 10.224290
-Trial 152 0 69360348 10.235416
* 153: Cost = 0_69358149, Time = 7.57 sec. 
-Trial 153 0 69358149 10.237873
-Trial 154 0 69358149 10.243816
-Trial 155 0 69358149 10.244594
-Trial 156 0 69358149 10.248577
-Trial 157 0 69358149 10.563495
-Trial 158 0 69358149 10.564719
-Trial 159 0 69358149 10.572207
-Trial 160 0 69358149 10.601585
* 161: Cost = 0_69272412, Time = 7.99 sec. 
-Trial 161 0 69272412 10.661639
-Trial 162 0 69272412 10.663554
-Trial 163 0 69272412 10.722742
-Trial 164 0 69272412 11.829196
-Trial 165 0 69272412 11.848235
-Trial 166 0 69272412 11.848652
-Trial 167 0 69272412 11.849039
* 168: Cost = 0_69264657, Time = 9.19 sec. 
-Trial 168 0 69264657 11.867538
-Trial 169 0 69264657 12.345205
-Trial 170 0 69264657 12.346153
-Trial 171 0 69264657 12.346676
-Trial 172 0 69264657 12.348252
* 173: Cost = 0_69263582, Time = 9.69 sec. 
-Trial 173 0 69263582 12.364626
* 174: Cost = 0_69244051, Time = 9.71 sec. 
-Trial 174 0 69244051 12.381723
-Trial 175 0 69244051 12.391596
-Trial 176 0 69244051 12.391852
-Trial 177 0 69244051 12.396025
* 178: Cost = 0_69235658, Time = 9.73 sec. 
-Trial 178 0 69235658 12.404838
-Trial 179 0 69235658 12.420452
-Trial 180 0 69235658 12.423945
-Trial 181 0 69235658 12.432338
* 182: Cost = 0_69164273, Time = 9.79 sec. 
-Trial 182 0 69164273 12.462010
-Trial 183 0 69164273 12.479486
-Trial 184 0 69164273 12.480818
-Trial 185 0 69164273 12.819697
-Trial 186 0 69164273 12.820448
-Trial 187 0 69164273 12.820996
* 188: Cost = 0_68975480, Time = 10.25 sec. 
-Trial 188 0 68975480 12.919829
-Trial 189 0 68975480 12.929113
-Trial 190 0 68975480 12.944605
-Trial 191 0 68975480 12.945155
* 192: Cost = 0_68969081, Time = 10.29 sec. 
-Trial 192 0 68969081 12.960029
* 193: Cost = 0_68964099, Time = 10.33 sec. 
-Trial 193 0 68964099 13.004628
-Trial 194 0 68964099 13.007605
-Trial 195 0 68964099 13.020000
-Trial 196 0 68964099 13.025149
-Trial 197 0 68964099 13.054165
-Trial 198 0 68964099 13.054931
-Trial 199 0 68964099 13.102938
-Trial 200 0 68964099 13.103598
-Trial 201 0 68964099 13.420492
-Trial 202 0 68964099 13.421135
-Trial 203 0 68964099 13.462321
-Trial 204 0 68964099 13.463373
-Trial 205 0 68964099 13.466408
* 206: Cost = 0_68956435, Time = 10.83 sec. 
-Trial 206 0 68956435 13.499009
* 207: Cost = 0_68910965, Time = 10.84 sec. 
-Trial 207 0 68910965 13.516132
-Trial 208 0 68910965 13.522948
* 209: Cost = 0_68874366, Time = 10.87 sec. 
-Trial 209 0 68874366 13.544005
-Trial 210 0 68874366 13.546324
-Trial 211 0 68874366 13.547051
-Trial 212 0 68874366 13.548816
-Trial 213 0 68874366 13.551199
-Trial 214 0 68874366 13.551779
-Trial 215 0 68874366 13.559821
-Trial 216 0 68874366 13.561454
* 217: Cost = 0_68872093, Time = 10.90 sec. 
-Trial 217 0 68872093 13.577112
-Trial 218 0 68872093 13.611405
* 219: Cost = 0_68853159, Time = 10.94 sec. 
-Trial 219 0 68853159 13.614766
-Trial 220 0 68853159 13.672854
* 221: Cost = 0_68846415, Time = 11.03 sec. 
-Trial 221 0 68846415 13.702737
-Trial 222 0 68846415 13.727829
-Trial 223 0 68846415 13.728253
* 224: Cost = 0_68845716, Time = 11.08 sec. 
-Trial 224 0 68845716 13.747770
-Trial 225 0 68845716 13.751054
-Trial 226 0 68845716 13.771183
-Trial 227 0 68845716 13.771473
-Trial 228 0 68845716 13.772004
-Trial 229 0 68845716 13.787362
* 230: Cost = 0_68834604, Time = 11.21 sec. 
-Trial 230 0 68834604 13.880336
* 231: Cost = 0_68824650, Time = 11.23 sec. 
-Trial 231 0 68824650 13.901794
-Trial 232 0 68824650 13.903953
-Trial 233 0 68824650 13.907979
-Trial 234 0 68824650 13.908913
-Trial 235 0 68824650 13.911280
* 236: Cost = 0_68820666, Time = 11.24 sec. 
-Trial 236 0 68820666 13.912997
-Trial 237 0 68820666 14.122830
-Trial 238 0 68820666 14.141020
-Trial 239 0 68820666 14.141536
-Trial 240 0 68820666 14.142714
* 241: Cost = 0_68813137, Time = 11.54 sec. 
-Trial 241 0 68813137 14.209731
* 242: Cost = 0_68775529, Time = 11.54 sec. 
-Trial 242 0 68775529 14.213580
-Trial 243 0 68775529 14.225488
* 244: Cost = 0_68752651, Time = 11.58 sec. 
-Trial 244 0 68752651 14.256697
-Trial 245 0 68752651 14.257586
-Trial 246 0 68752651 14.262171
-Trial 247 0 68752651 14.264645
-Trial 248 0 68752651 14.303963
* 249: Cost = 0_68748435, Time = 11.64 sec. 
-Trial 249 0 68748435 14.314307
-Trial 250 0 68748435 14.317227
* 251: Cost = 0_68692753, Time = 11.77 sec. 
-Trial 251 0 68692753 14.438126
* 252: Cost = 0_68691648, Time = 11.80 sec. 
-Trial 252 0 68691648 14.468317
-Trial 253 0 68691648 14.470932
-Trial 254 0 68691648 14.472700
-Trial 255 0 68691648 14.522024
* 256: Cost = 0_68678406, Time = 11.92 sec. 
-Trial 256 0 68678406 14.587996
* 257: Cost = 0_68671816, Time = 11.97 sec. 
-Trial 257 0 68671816 14.645570
-Trial 258 0 68671816 14.646083
* 259: Cost = 0_68623678, Time = 11.99 sec. 
-Trial 259 0 68623678 14.659152
-Trial 260 0 68623678 14.659689
-Trial 261 0 68623678 14.896167
-Trial 262 0 68623678 14.896544
-Trial 263 0 68623678 14.896976
-Trial 264 0 68623678 14.898209
-Trial 265 0 68623678 14.998518
* 266: Cost = 0_68572725, Time = 12.35 sec. 
-Trial 266 0 68572725 15.021204
-Trial 267 0 68572725 15.025144
* 268: Cost = 0_68555442, Time = 12.40 sec. 
-Trial 268 0 68555442 15.068740
-Trial 269 0 68555442 15.070075
-Trial 270 0 68555442 15.151259
* 271: Cost = 0_68476388, Time = 12.57 sec. 
-Trial 271 0 68476388 15.245133
-Trial 272 0 68476388 15.282053
* 273: Cost = 0_68475837, Time = 12.63 sec. 
-Trial 273 0 68475837 15.305476
-Trial 274 0 68475837 15.305824
-Trial 275 0 68475837 15.310340
* 276: Cost = 0_68328015, Time = 12.70 sec. 
-Trial 276 0 68328015 15.373090
-Trial 277 0 68328015 15.390292
-Trial 278 0 68328015 15.400830
-Trial 279 0 68328015 15.403735
* 280: Cost = 0_68315665, Time = 12.74 sec. 
-Trial 280 0 68315665 15.414975
-Trial 281 0 68315665 15.564897
-Trial 282 0 68315665 15.574776
-Trial 283 0 68315665 15.579235
* 284: Cost = 0_68308865, Time = 12.92 sec. 
-Trial 284 0 68308865 15.588680
-Trial 285 0 68308865 15.591297
-Trial 286 0 68308865 15.591557
-Trial 287 0 68308865 15.639237
-Trial 288 0 68308865 15.647717
-Trial 289 0 68308865 15.764557
* 290: Cost = 0_68268920, Time = 13.10 sec. 
-Trial 290 0 68268920 15.772663
-Trial 291 0 68268920 15.784838
* 292: Cost = 0_68267253, Time = 13.19 sec. 
-Trial 292 0 68267253 15.864286
-Trial 293 0 68267253 15.875302
-Trial 294 0 68267253 15.878154
* 295: Cost = 0_68184124, Time = 13.26 sec. 
-Trial 295 0 68184124 15.929102
* 296: Cost = 0_68180898, Time = 13.27 sec. 
-Trial 296 0 68180898 15.943788
-Trial 297 0 68180898 15.944601
* 298: Cost = 0_68161763, Time = 13.46 sec. 
-Trial 298 0 68161763 16.133296
-Trial 299 0 68161763 16.222930
* 300: Cost = 0_68081116, Time = 13.69 sec. 
-Trial 300 0 68081116 16.358475
-Trial 301 0 68081116 16.358882
-Trial 302 0 68081116 16.368650
-Trial 303 0 68081116 16.389159
* 304: Cost = 0_68079875, Time = 13.76 sec. 
-Trial 304 0 68079875 16.430521
-Trial 305 0 68079875 16.437089
-Trial 306 0 68079875 16.437903
-Trial 307 0 68079875 16.438598
* 308: Cost = 0_68068850, Time = 13.79 sec. 
-Trial 308 0 68068850 16.460052
-Trial 309 0 68068850 16.620113
-Trial 310 0 68068850 16.620686
-Trial 311 0 68068850 16.642002
* 312: Cost = 0_68042342, Time = 13.99 sec. 
-Trial 312 0 68042342 16.663220
-Trial 313 0 68042342 16.663544
-Trial 314 0 68042342 16.666269
-Trial 315 0 68042342 16.685539
-Trial 316 0 68042342 16.692548
-Trial 317 0 68042342 16.693259
-Trial 318 0 68042342 16.693576
-Trial 319 0 68042342 16.697444
-Trial 320 0 68042342 16.713951
-Trial 321 0 68042342 16.715065
-Trial 322 0 68042342 16.723348
-Trial 323 0 68042342 16.726639
-Trial 324 0 68042342 16.782734
-Trial 325 0 68042342 16.783029
-Trial 326 0 68042342 16.784292
-Trial 327 0 68042342 16.786038
-Trial 328 0 68042342 16.789718
-Trial 329 0 68042342 16.805156
-Trial 330 0 68042342 16.806914
-Trial 331 0 68042342 16.809872
* 332: Cost = 0_68018698, Time = 14.16 sec. 
-Trial 332 0 68018698 16.835738
-Trial 333 0 68018698 16.937150
-Trial 334 0 68018698 16.952249
-Trial 335 0 68018698 16.960752
* 336: Cost = 0_67960788, Time = 14.32 sec. 
-Trial 336 0 67960788 16.989225
-Trial 337 0 67960788 16.989801
-Trial 338 0 67960788 17.030385
-Trial 339 0 67960788 17.238469
-Trial 340 0 67960788 17.283124
* 341: Cost = 0_67943431, Time = 14.61 sec. 
-Trial 341 0 67943431 17.287648
* 342: Cost = 0_67934952, Time = 14.62 sec. 
-Trial 342 0 67934952 17.294946
* 343: Cost = 0_67842330, Time = 14.70 sec. 
-Trial 343 0 67842330 17.371728
-Trial 344 0 67842330 17.385676
-Trial 345 0 67842330 17.757266
-Trial 346 0 67842330 17.775852
* 347: Cost = 0_67830324, Time = 15.11 sec. 
-Trial 347 0 67830324 17.786433
* 348: Cost = 0_67814943, Time = 15.22 sec. 
-Trial 348 0 67814943 17.892785
-Trial 349 0 67814943 17.927109
-Trial 350 0 67814943 17.928382
* 351: Cost = 0_67782054, Time = 15.40 sec. 
-Trial 351 0 67782054 18.076158
-Trial 352 0 67782054 18.086424
-Trial 353 0 67782054 18.087325
-Trial 354 0 67782054 18.104986
* 355: Cost = 0_67768259, Time = 15.48 sec. 
-Trial 355 0 67768259 18.153522
-Trial 356 0 67768259 18.153892
-Trial 357 0 67768259 18.155831
-Trial 358 0 67768259 18.156894
-Trial 359 0 67768259 18.166146
-Trial 360 0 67768259 18.175883
-Trial 361 0 67768259 18.177523
-Trial 362 0 67768259 18.183922
* 363: Cost = 0_67565533, Time = 15.59 sec. 
-Trial 363 0 67565533 18.265261
-Trial 364 0 67565533 18.265700
-Trial 365 0 67565533 18.267530
* 366: Cost = 0_67562276, Time = 15.61 sec. 
-Trial 366 0 67562276 18.280580
-Trial 367 0 67562276 18.291567
-Trial 368 0 67562276 18.295818
-Trial 369 0 67562276 18.312157
-Trial 370 0 67562276 18.331283
-Trial 371 0 67562276 18.332967
-Trial 372 0 67562276 18.352421
-Trial 373 0 67562276 18.354242
-Trial 374 0 67562276 18.456763
-Trial 375 0 67562276 18.507193
* 376: Cost = 0_67554205, Time = 15.87 sec. 
-Trial 376 0 67554205 18.540520
-Trial 377 0 67554205 18.543016
-Trial 378 0 67554205 18.547937
-Trial 379 0 67554205 18.556957
-Trial 380 0 67554205 18.570447
-Trial 381 0 67554205 18.578606
-Trial 382 0 67554205 18.578889
-Trial 383 0 67554205 18.645542
-Trial 384 0 67554205 18.647048
-Trial 385 0 67554205 18.684791
-Trial 386 0 67554205 18.685074
* 387: Cost = 0_67505902, Time = 16.05 sec. 
-Trial 387 0 67505902 18.725092
-Trial 388 0 67505902 18.744158
* 389: Cost = 0_67503565, Time = 16.09 sec. 
-Trial 389 0 67503565 18.761256
-Trial 390 0 67503565 18.867910
-Trial 391 0 67503565 18.894173
-Trial 392 0 67503565 18.898638
* 393: Cost = 0_67460474, Time = 16.26 sec. 
-Trial 393 0 67460474 18.935128
-Trial 394 0 67460474 18.938337
-Trial 395 0 67460474 18.970828
-Trial 396 0 67460474 18.972836
* 397: Cost = 0_67457274, Time = 16.62 sec. 
-Trial 397 0 67457274 19.288502
-Trial 398 0 67457274 19.291525
-Trial 399 0 67457274 19.313168
* 400: Cost = 0_67438049, Time = 16.67 sec. 
-Trial 400 0 67438049 19.346633
-Trial 401 0 67438049 19.361596
-Trial 402 0 67438049 19.823805
-Trial 403 0 67438049 19.845520
-Trial 404 0 67438049 19.846147
-Trial 405 0 67438049 20.097171
-Trial 406 0 67438049 20.097990
-Trial 407 0 67438049 20.303268
-Trial 408 0 67438049 20.307466
-Trial 409 0 67438049 20.310936
-Trial 410 0 67438049 20.318266
-Trial 411 0 67438049 20.931977
-Trial 412 0 67438049 20.936757
-Trial 413 0 67438049 20.947551
* 414: Cost = 0_67402964, Time = 18.29 sec. 
-Trial 414 0 67402964 20.963846
-Trial 415 0 67402964 20.964592
-Trial 416 0 67402964 21.092414
-Trial 417 0 67402964 21.092941
-Trial 418 0 67402964 21.093263
-Trial 419 0 67402964 21.095749
-Trial 420 0 67402964 21.150510
-Trial 421 0 67402964 21.152090
-Trial 422 0 67402964 21.152669
-Trial 423 0 67402964 21.153670
* 424: Cost = 0_67399968, Time = 18.54 sec. 
-Trial 424 0 67399968 21.214462
-Trial 425 0 67399968 21.290114
-Trial 426 0 67399968 21.337612
-Trial 427 0 67399968 21.338923
-Trial 428 0 67399968 21.339591
-Trial 429 0 67399968 21.346737
-Trial 430 0 67399968 21.402642
-Trial 431 0 67399968 21.405786
-Trial 432 0 67399968 21.441558
-Trial 433 0 67399968 21.461679
-Trial 434 0 67399968 21.478061
-Trial 435 0 67399968 21.481274
-Trial 436 0 67399968 21.524641
-Trial 437 0 67399968 21.529377
-Trial 438 0 67399968 21.530232
* 439: Cost = 0_67384200, Time = 18.88 sec. 
-Trial 439 0 67384200 21.552460
* 440: Cost = 0_67357819, Time = 18.95 sec. 
-Trial 440 0 67357819 21.622481
-Trial 441 0 67357819 21.657356
-Trial 442 0 67357819 21.663412
-Trial 443 0 67357819 21.663747
* 444: Cost = 0_67337605, Time = 19.06 sec. 
-Trial 444 0 67337605 21.728034
-Trial 445 0 67337605 21.728990
-Trial 446 0 67337605 21.867835
-Trial 447 0 67337605 21.868099
-Trial 448 0 67337605 21.869342
-Trial 449 0 67337605 21.871222
-Trial 450 0 67337605 21.876962
-Trial 451 0 67337605 21.877469
-Trial 452 0 67337605 21.939539
-Trial 453 0 67337605 21.941048
-Trial 454 0 67337605 22.037800
* 455: Cost = 0_67330266, Time = 19.38 sec. 
-Trial 455 0 67330266 22.047954
-Trial 456 0 67330266 22.050972
* 457: Cost = 0_67313063, Time = 19.53 sec. 
-Trial 457 0 67313063 22.204271
-Trial 458 0 67313063 22.207532
-Trial 459 0 67313063 22.261727
-Trial 460 0 67313063 22.262459
-Trial 461 0 67313063 22.263181
-Trial 462 0 67313063 22.268907
-Trial 463 0 67313063 22.274576
-Trial 464 0 67313063 22.276745
* 465: Cost = 0_67281331, Time = 19.65 sec. 
-Trial 465 0 67281331 22.320975
* 466: Cost = 0_67216156, Time = 19.74 sec. 
-Trial 466 0 67216156 22.415493
* 467: Cost = 0_67216124, Time = 19.77 sec. 
-Trial 467 0 67216124 22.442906
-Trial 468 0 67216124 22.451321
* 469: Cost = 0_67214837, Time = 20.19 sec. 
-Trial 469 0 67214837 22.865923
* 470: Cost = 0_67149124, Time = 20.27 sec. 
-Trial 470 0 67149124 22.938875
-Trial 471 0 67149124 22.952390
-Trial 472 0 67149124 22.952836
-Trial 473 0 67149124 23.022018
* 474: Cost = 0_67001338, Time = 20.39 sec. 
-Trial 474 0 67001338 23.063522
* 475: Cost = 0_66959966, Time = 20.41 sec. 
-Trial 475 0 66959966 23.079429
* 476: Cost = 0_66959039, Time = 20.45 sec. 
-Trial 476 0 66959039 23.123817
* 477: Cost = 0_66925395, Time = 20.46 sec. 
-Trial 477 0 66925395 23.134552
-Trial 478 0 66925395 23.161577
* 479: Cost = 0_66878050, Time = 20.50 sec. 
-Trial 479 0 66878050 23.169774
-Trial 480 0 66878050 23.228240
-Trial 481 0 66878050 23.341075
* 482: Cost = 0_66874824, Time = 20.68 sec. 
-Trial 482 0 66874824 23.351380
-Trial 483 0 66874824 23.384811
-Trial 484 0 66874824 23.576179
-Trial 485 0 66874824 23.578651
-Trial 486 0 66874824 23.680934
-Trial 487 0 66874824 24.368497
-Trial 488 0 66874824 24.396633
* 489: Cost = 0_66855250, Time = 21.76 sec. 
-Trial 489 0 66855250 24.432422
-Trial 490 0 66855250 24.432726
* 491: Cost = 0_66824679, Time = 21.80 sec. 
-Trial 491 0 66824679 24.474093
-Trial 492 0 66824679 24.478797
* 493: Cost = 0_66782122, Time = 21.82 sec. 
-Trial 493 0 66782122 24.493826
-Trial 494 0 66782122 24.495113
-Trial 495 0 66782122 24.515508
-Trial 496 0 66782122 24.515919
-Trial 497 0 66782122 24.516840
-Trial 498 0 66782122 24.903597
-Trial 499 0 66782122 24.928165
-Trial 500 0 66782122 25.223294
-Trial 501 0 66782122 25.299300
-Trial 502 0 66782122 25.300396
* 503: Cost = 0_66733212, Time = 22.66 sec. 
-Trial 503 0 66733212 25.332243
-Trial 504 0 66733212 25.394761
-Trial 505 0 66733212 25.395287
-Trial 506 0 66733212 25.395674
-Trial 507 0 66733212 25.396789
-Trial 508 0 66733212 25.397973
-Trial 509 0 66733212 25.398443
-Trial 510 0 66733212 25.416398
-Trial 511 0 66733212 25.463362
-Trial 512 0 66733212 25.835659
-Trial 513 0 66733212 25.915017
-Trial 514 0 66733212 25.916897
-Trial 515 0 66733212 25.917459
-Trial 516 0 66733212 25.934144
-Trial 517 0 66733212 26.216376
-Trial 518 0 66733212 26.364719
-Trial 519 0 66733212 26.367609
-Trial 520 0 66733212 26.369955
-Trial 521 0 66733212 26.375071
-Trial 522 0 66733212 26.407140
* 523: Cost = 0_66677149, Time = 23.77 sec. 
-Trial 523 0 66677149 26.445445
* 524: Cost = 0_66634705, Time = 23.82 sec. 
-Trial 524 0 66634705 26.492714
-Trial 525 0 66634705 26.495006
* 526: Cost = 0_66624962, Time = 23.84 sec. 
-Trial 526 0 66624962 26.510195
* 527: Cost = 0_66622716, Time = 23.91 sec. 
-Trial 527 0 66622716 26.584826
-Trial 528 0 66622716 26.608052
-Trial 529 0 66622716 26.608376
-Trial 530 0 66622716 26.700526
-Trial 531 0 66622716 26.753628
-Trial 532 0 66622716 27.054325
* 533: Cost = 0_66621082, Time = 24.40 sec. 
-Trial 533 0 66621082 27.068381
-Trial 534 0 66621082 27.070305
-Trial 535 0 66621082 27.070878
-Trial 536 0 66621082 27.140590
-Trial 537 0 66621082 27.152472
* 538: Cost = 0_66618015, Time = 24.50 sec. 
-Trial 538 0 66618015 27.173427
-Trial 539 0 66618015 27.173898
-Trial 540 0 66618015 27.177126
-Trial 541 0 66618015 27.178412
-Trial 542 0 66618015 27.181348
-Trial 543 0 66618015 27.223914
* 544: Cost = 0_66616335, Time = 24.56 sec. 
-Trial 544 0 66616335 27.234217
-Trial 545 0 66616335 27.243467
-Trial 546 0 66616335 27.301555
-Trial 547 0 66616335 27.326464
-Trial 548 0 66616335 27.356706
-Trial 549 0 66616335 27.356968
-Trial 550 0 66616335 27.431297
-Trial 551 0 66616335 27.557082
-Trial 552 0 66616335 27.557600
* 553: Cost = 0_66601650, Time = 24.90 sec. 
-Trial 553 0 66601650 27.573612
* 554: Cost = 0_66601133, Time = 24.93 sec. 
-Trial 554 0 66601133 27.601809
-Trial 555 0 66601133 27.629823
-Trial 556 0 66601133 27.904149
-Trial 557 0 66601133 27.950280
-Trial 558 0 66601133 27.950656
-Trial 559 0 66601133 27.953900
-Trial 560 0 66601133 27.960802
-Trial 561 0 66601133 28.008303
-Trial 562 0 66601133 28.020756
-Trial 563 0 66601133 28.046974
-Trial 564 0 66601133 28.071777
-Trial 565 0 66601133 28.073806
-Trial 566 0 66601133 28.158814
* 567: Cost = 0_66600048, Time = 25.51 sec. 
-Trial 567 0 66600048 28.187257
-Trial 568 0 66600048 28.187704
-Trial 569 0 66600048 28.188016
-Trial 570 0 66600048 28.224251
-Trial 571 0 66600048 28.285667
* 572: Cost = 0_66596656, Time = 25.66 sec. 
-Trial 572 0 66596656 28.331121
-Trial 573 0 66596656 28.354644
-Trial 574 0 66596656 28.356480
* 575: Cost = 0_66593519, Time = 25.71 sec. 
-Trial 575 0 66593519 28.379055
-Trial 576 0 66593519 28.380308
-Trial 577 0 66593519 28.684682
-Trial 578 0 66593519 28.700899
-Trial 579 0 66593519 28.704889
* 580: Cost = 0_66554500, Time = 26.12 sec. 
-Trial 580 0 66554500 28.796991
* 581: Cost = 0_66549934, Time = 26.19 sec. 
-Trial 581 0 66549934 28.858702
-Trial 582 0 66549934 28.970209
-Trial 583 0 66549934 29.088801
-Trial 584 0 66549934 29.089794
-Trial 585 0 66549934 29.193802
-Trial 586 0 66549934 29.338824
* 587: Cost = 0_66502043, Time = 26.77 sec. 
-Trial 587 0 66502043 29.441798
-Trial 588 0 66502043 29.554191
-Trial 589 0 66502043 29.749323
-Trial 590 0 66502043 29.828160
-Trial 591 0 66502043 29.996256
-Trial 592 0 66502043 29.997134
-Trial 593 0 66502043 30.039422
-Trial 594 0 66502043 30.102139
-Trial 595 0 66502043 30.128358
-Trial 596 0 66502043 30.206746
-Trial 597 0 66502043 30.317258
-Trial 598 0 66502043 30.318709
-Trial 599 0 66502043 30.377229
-Trial 600 0 66502043 30.389264
-Trial 601 0 66502043 30.512271
-Trial 602 0 66502043 30.514180
* 603: Cost = 0_66483639, Time = 27.86 sec. 
-Trial 603 0 66483639 30.533267
-Trial 604 0 66483639 30.536408
-Trial 605 0 66483639 30.537077
-Trial 606 0 66483639 30.712891
* 607: Cost = 0_66478564, Time = 28.08 sec. 
-Trial 607 0 66478564 30.750725
-Trial 608 0 66478564 30.821066
-Trial 609 0 66478564 30.821375
-Trial 610 0 66478564 30.851421
-Trial 611 0 66478564 30.861893
-Trial 612 0 66478564 30.889608
-Trial 613 0 66478564 30.890099
-Trial 614 0 66478564 30.938427
-Trial 615 0 66478564 31.170901
-Trial 616 0 66478564 31.633503
-Trial 617 0 66478564 31.634448
-Trial 618 0 66478564 31.691008
-Trial 619 0 66478564 31.694454
-Trial 620 0 66478564 31.695427
-Trial 621 0 66478564 31.697481
-Trial 622 0 66478564 31.705277
-Trial 623 0 66478564 31.712808
-Trial 624 0 66478564 31.714931
-Trial 625 0 66478564 31.737561
-Trial 626 0 66478564 31.741518
-Trial 627 0 66478564 31.745173
-Trial 628 0 66478564 31.798112
-Trial 629 0 66478564 31.810850
-Trial 630 0 66478564 31.812847
-Trial 631 0 66478564 31.899674
-Trial 632 0 66478564 31.901144
-Trial 633 0 66478564 31.902156
-Trial 634 0 66478564 31.903046
-Trial 635 0 66478564 32.108850
-Trial 636 0 66478564 32.124281
-Trial 637 0 66478564 32.134396
-Trial 638 0 66478564 32.137477
-Trial 639 0 66478564 32.610460
-Trial 640 0 66478564 32.676396
-Trial 641 0 66478564 32.794672
-Trial 642 0 66478564 32.822365
-Trial 643 0 66478564 32.845366
-Trial 644 0 66478564 32.905659
-Trial 645 0 66478564 32.909235
-Trial 646 0 66478564 32.934206
-Trial 647 0 66478564 32.946741
-Trial 648 0 66478564 32.960568
-Trial 649 0 66478564 33.020977
* 650: Cost = 0_66478284, Time = 30.37 sec. 
-Trial 650 0 66478284 33.043953
* 651: Cost = 0_66478213, Time = 30.45 sec. 
-Trial 651 0 66478213 33.118840
-Trial 652 0 66478213 33.124731
-Trial 653 0 66478213 33.153612
-Trial 654 0 66478213 33.774272
-Trial 655 0 66478213 33.775770
-Trial 656 0 66478213 33.778058
-Trial 657 0 66478213 33.779516
-Trial 658 0 66478213 34.237926
-Trial 659 0 66478213 34.263870
* 660: Cost = 0_66475479, Time = 31.68 sec. 
-Trial 660 0 66475479 34.357358
-Trial 661 0 66475479 34.358069
-Trial 662 0 66475479 34.361009
-Trial 663 0 66475479 34.571896
-Trial 664 0 66475479 34.821486
-Trial 665 0 66475479 34.829360
-Trial 666 0 66475479 34.844900
-Trial 667 0 66475479 34.857083
-Trial 668 0 66475479 34.857704
-Trial 669 0 66475479 34.861802
-Trial 670 0 66475479 34.862557
-Trial 671 0 66475479 34.865652
-Trial 672 0 66475479 34.867347
-Trial 673 0 66475479 34.884016
* 674: Cost = 0_66451795, Time = 32.22 sec. 
-Trial 674 0 66451795 34.896126
-Trial 675 0 66451795 34.898037
-Trial 676 0 66451795 35.082737
-Trial 677 0 66451795 35.726722
-Trial 678 0 66451795 35.735025
-Trial 679 0 66451795 35.777336
-Trial 680 0 66451795 35.784439
-Trial 681 0 66451795 35.793467
-Trial 682 0 66451795 35.804530
* 683: Cost = 0_66447171, Time = 33.15 sec. 
-Trial 683 0 66447171 35.819894
-Trial 684 0 66447171 36.272386
-Trial 685 0 66447171 36.350800
-Trial 686 0 66447171 36.354057
-Trial 687 0 66447171 36.381865
-Trial 688 0 66447171 36.423189
-Trial 689 0 66447171 36.423755
-Trial 690 0 66447171 36.498175
-Trial 691 0 66447171 36.556721
-Trial 692 0 66447171 36.678437
* 693: Cost = 0_66431704, Time = 34.02 sec. 
-Trial 693 0 66431704 36.697387
* 694: Cost = 0_66425392, Time = 34.03 sec. 
-Trial 694 0 66425392 36.705423
-Trial 695 0 66425392 36.717270
-Trial 696 0 66425392 36.810014
-Trial 697 0 66425392 36.811238
-Trial 698 0 66425392 36.889070
-Trial 699 0 66425392 36.903655
-Trial 700 0 66425392 36.910417
-Trial 701 0 66425392 37.195838
-Trial 702 0 66425392 37.271853
-Trial 703 0 66425392 37.274928
-Trial 704 0 66425392 37.387786
-Trial 705 0 66425392 37.518774
-Trial 706 0 66425392 37.773261
-Trial 707 0 66425392 37.889896
-Trial 708 0 66425392 37.928038
* 709: Cost = 0_66421869, Time = 35.27 sec. 
-Trial 709 0 66421869 37.942318
-Trial 710 0 66421869 37.942648
-Trial 711 0 66421869 37.943898
-Trial 712 0 66421869 37.986803
* 713: Cost = 0_66391997, Time = 35.34 sec. 
-Trial 713 0 66391997 38.016279
-Trial 714 0 66391997 38.016586
-Trial 715 0 66391997 38.088385
-Trial 716 0 66391997 38.488382
* 717: Cost = 0_66388864, Time = 35.87 sec. 
-Trial 717 0 66388864 38.540881
-Trial 718 0 66388864 38.552903
-Trial 719 0 66388864 38.572015
-Trial 720 0 66388864 38.575444
* 721: Cost = 0_66377400, Time = 35.91 sec. 
-Trial 721 0 66377400 38.585121
-Trial 722 0 66377400 38.904728
* 723: Cost = 0_66376331, Time = 36.27 sec. 
-Trial 723 0 66376331 38.941927
-Trial 724 0 66376331 39.040449
-Trial 725 0 66376331 39.140601
-Trial 726 0 66376331 39.377487
-Trial 727 0 66376331 39.460314
-Trial 728 0 66376331 39.461665
-Trial 729 0 66376331 39.463931
-Trial 730 0 66376331 39.477794
-Trial 731 0 66376331 39.487947
-Trial 732 0 66376331 39.514223
-Trial 733 0 66376331 39.551243
-Trial 734 0 66376331 39.601565
-Trial 735 0 66376331 39.602236
-Trial 736 0 66376331 39.603085
-Trial 737 0 66376331 39.603457
* 738: Cost = 0_66324886, Time = 36.96 sec. 
-Trial 738 0 66324886 39.628808
-Trial 739 0 66324886 39.629738
-Trial 740 0 66324886 39.675684
-Trial 741 0 66324886 39.692192
-Trial 742 0 66324886 39.697649
-Trial 743 0 66324886 39.722541
-Trial 744 0 66324886 39.723023
-Trial 745 0 66324886 39.724463
-Trial 746 0 66324886 39.725792
-Trial 747 0 66324886 39.743956
-Trial 748 0 66324886 39.745000
-Trial 749 0 66324886 39.747182
-Trial 750 0 66324886 39.939224
-Trial 751 0 66324886 39.948303
-Trial 752 0 66324886 40.011052
-Trial 753 0 66324886 40.015492
-Trial 754 0 66324886 40.270114
-Trial 755 0 66324886 40.480721
-Trial 756 0 66324886 40.506466
-Trial 757 0 66324886 40.636664
-Trial 758 0 66324886 40.637162
-Trial 759 0 66324886 40.637688
-Trial 760 0 66324886 40.651367
-Trial 761 0 66324886 40.672504
-Trial 762 0 66324886 40.674080
-Trial 763 0 66324886 40.675608
-Trial 764 0 66324886 40.676430
-Trial 765 0 66324886 40.688793
-Trial 766 0 66324886 40.697809
-Trial 767 0 66324886 40.705940
-Trial 768 0 66324886 40.709021
-Trial 769 0 66324886 40.722305
-Trial 770 0 66324886 40.730320
-Trial 771 0 66324886 40.731385
* 772: Cost = 0_66324260, Time = 38.15 sec. 
-Trial 772 0 66324260 40.826739
-Trial 773 0 66324260 40.845544
-Trial 774 0 66324260 40.853960
-Trial 775 0 66324260 40.960387
-Trial 776 0 66324260 41.164117
-Trial 777 0 66324260 41.236354
-Trial 778 0 66324260 41.277971
-Trial 779 0 66324260 41.279029
-Trial 780 0 66324260 41.380244
* 781: Cost = 0_66318565, Time = 38.72 sec. 
-Trial 781 0 66318565 41.390847
-Trial 782 0 66318565 41.395525
-Trial 783 0 66318565 42.046982
-Trial 784 0 66318565 42.072380
-Trial 785 0 66318565 42.080700
-Trial 786 0 66318565 42.244085
-Trial 787 0 66318565 42.281418
-Trial 788 0 66318565 42.283765
-Trial 789 0 66318565 42.284550
-Trial 790 0 66318565 42.286126
-Trial 791 0 66318565 42.291832
-Trial 792 0 66318565 42.301175
-Trial 793 0 66318565 42.304037
-Trial 794 0 66318565 42.305005
-Trial 795 0 66318565 42.376055
-Trial 796 0 66318565 42.378819
-Trial 797 0 66318565 42.398409
-Trial 798 0 66318565 42.400145
-Trial 799 0 66318565 42.404272
-Trial 800 0 66318565 42.413185
-Trial 801 0 66318565 42.446221
-Trial 802 0 66318565 42.463411
-Trial 803 0 66318565 42.468926
-Trial 804 0 66318565 42.471048
-Trial 805 0 66318565 42.498542
-Trial 806 0 66318565 42.543925
-Trial 807 0 66318565 42.544392
-Trial 808 0 66318565 42.548052
-Trial 809 0 66318565 42.559637
-Trial 810 0 66318565 42.669469
-Trial 811 0 66318565 42.671461
-Trial 812 0 66318565 42.674192
-Trial 813 0 66318565 42.688898
-Trial 814 0 66318565 42.710367
* 815: Cost = 0_66286613, Time = 40.05 sec. 
-Trial 815 0 66286613 42.718893
-Trial 816 0 66286613 42.739392
* 817: Cost = 0_66253415, Time = 40.08 sec. 
-Trial 817 0 66253415 42.750397
-Trial 818 0 66253415 42.890133
-Trial 819 0 66253415 42.891864
-Trial 820 0 66253415 42.892462
-Trial 821 0 66253415 42.903717
* 822: Cost = 0_66250325, Time = 40.25 sec. 
-Trial 822 0 66250325 42.920806
-Trial 823 0 66250325 42.949911
-Trial 824 0 66250325 43.009832
-Trial 825 0 66250325 43.328459
-Trial 826 0 66250325 43.682590
-Trial 827 0 66250325 43.684947
-Trial 828 0 66250325 43.709124
-Trial 829 0 66250325 43.717319
-Trial 830 0 66250325 43.722422
-Trial 831 0 66250325 43.912196
-Trial 832 0 66250325 43.913754
-Trial 833 0 66250325 43.916638
-Trial 834 0 66250325 43.917683
-Trial 835 0 66250325 44.058371
-Trial 836 0 66250325 44.063753
-Trial 837 0 66250325 44.182897
-Trial 838 0 66250325 44.227687
-Trial 839 0 66250325 44.228872
-Trial 840 0 66250325 44.407762
* 841: Cost = 0_66240920, Time = 41.74 sec. 
-Trial 841 0 66240920 44.417274
-Trial 842 0 66240920 44.427535
-Trial 843 0 66240920 44.442244
-Trial 844 0 66240920 44.444184
-Trial 845 0 66240920 44.444606
-Trial 846 0 66240920 44.448627
-Trial 847 0 66240920 44.562008
-Trial 848 0 66240920 44.572786
-Trial 849 0 66240920 45.193481
-Trial 850 0 66240920 45.203643
-Trial 851 0 66240920 45.206152
-Trial 852 0 66240920 45.209370
-Trial 853 0 66240920 45.211181
-Trial 854 0 66240920 45.264046
-Trial 855 0 66240920 45.264588
-Trial 856 0 66240920 45.311631
-Trial 857 0 66240920 45.312089
-Trial 858 0 66240920 45.320067
-Trial 859 0 66240920 45.322058
-Trial 860 0 66240920 45.394917
-Trial 861 0 66240920 45.399069
-Trial 862 0 66240920 45.954662
* 863: Cost = 0_66240476, Time = 43.31 sec. 
-Trial 863 0 66240476 45.981519
-Trial 864 0 66240476 46.027270
-Trial 865 0 66240476 46.101172
-Trial 866 0 66240476 46.102846
-Trial 867 0 66240476 46.116757
-Trial 868 0 66240476 46.123481
-Trial 869 0 66240476 46.125456
* 870: Cost = 0_66239568, Time = 43.48 sec. 
-Trial 870 0 66239568 46.152795
-Trial 871 0 66239568 46.153125
-Trial 872 0 66239568 46.154030
* 873: Cost = 0_66239488, Time = 43.49 sec. 
-Trial 873 0 66239488 46.161064
* 874: Cost = 0_66239305, Time = 43.50 sec. 
-Trial 874 0 66239305 46.174999
-Trial 875 0 66239305 46.284814
-Trial 876 0 66239305 46.285206
-Trial 877 0 66239305 46.303530
-Trial 878 0 66239305 46.319783
-Trial 879 0 66239305 46.321571
-Trial 880 0 66239305 46.321972
-Trial 881 0 66239305 46.337632
-Trial 882 0 66239305 46.337919
-Trial 883 0 66239305 46.362876
-Trial 884 0 66239305 46.369308
-Trial 885 0 66239305 46.407607
-Trial 886 0 66239305 46.538636
-Trial 887 0 66239305 46.596456
-Trial 888 0 66239305 46.596741
-Trial 889 0 66239305 46.648471
-Trial 890 0 66239305 46.649805
-Trial 891 0 66239305 46.659738
-Trial 892 0 66239305 46.660035
* 893: Cost = 0_66213360, Time = 44.00 sec. 
-Trial 893 0 66213360 46.670297
-Trial 894 0 66213360 46.754124
-Trial 895 0 66213360 46.771241
-Trial 896 0 66213360 46.773898
-Trial 897 0 66213360 46.787835
-Trial 898 0 66213360 46.790271
-Trial 899 0 66213360 46.800439
-Trial 900 0 66213360 46.939436
-Trial 901 0 66213360 46.947213
-Trial 902 0 66213360 47.156323
-Trial 903 0 66213360 47.275593
* 904: Cost = 0_66209894, Time = 44.80 sec. 
-Trial 904 0 66209894 47.473784
-Trial 905 0 66209894 47.475476
-Trial 906 0 66209894 47.510627
-Trial 907 0 66209894 47.532138
-Trial 908 0 66209894 47.532569
-Trial 909 0 66209894 47.533556
-Trial 910 0 66209894 47.549032
-Trial 911 0 66209894 48.055597
-Trial 912 0 66209894 48.056819
-Trial 913 0 66209894 48.069356
-Trial 914 0 66209894 48.070096
* 915: Cost = 0_66196274, Time = 45.54 sec. 
-Trial 915 0 66196274 48.210985
-Trial 916 0 66196274 48.292097
-Trial 917 0 66196274 48.293717
* 918: Cost = 0_66113575, Time = 45.79 sec. 
-Trial 918 0 66113575 48.459476
-Trial 919 0 66113575 48.568767
-Trial 920 0 66113575 48.569298
-Trial 921 0 66113575 48.681566
-Trial 922 0 66113575 48.682734
-Trial 923 0 66113575 48.687588
-Trial 924 0 66113575 49.078386
-Trial 925 0 66113575 49.079087
-Trial 926 0 66113575 49.094464
-Trial 927 0 66113575 49.094467
-Trial 928 0 66113575 49.209384
-Trial 929 0 66113575 49.221829
-Trial 930 0 66113575 49.224299
-Trial 931 0 66113575 49.228611
* 932: Cost = 0_66075009, Time = 46.63 sec. 
-Trial 932 0 66075009 49.302478
-Trial 933 0 66075009 49.317093
-Trial 934 0 66075009 49.318164
-Trial 935 0 66075009 49.319385
* 936: Cost = 0_66046417, Time = 46.70 sec. 
-Trial 936 0 66046417 49.373316
-Trial 937 0 66046417 49.374832
-Trial 938 0 66046417 49.396022
-Trial 939 0 66046417 49.650481
* 940: Cost = 0_65934045, Time = 47.15 sec. 
-Trial 940 0 65934045 49.823520
-Trial 941 0 65934045 49.824028
* 942: Cost = 0_65933365, Time = 47.21 sec. 
-Trial 942 0 65933365 49.886022
-Trial 943 0 65933365 49.886999
-Trial 944 0 65933365 49.888126
* 945: Cost = 0_65911914, Time = 47.24 sec. 
-Trial 945 0 65911914 49.914961
-Trial 946 0 65911914 49.926794
-Trial 947 0 65911914 49.928224
-Trial 948 0 65911914 49.928592
-Trial 949 0 65911914 49.929427
-Trial 950 0 65911914 49.931931
-Trial 951 0 65911914 49.967809
* 952: Cost = 0_65875602, Time = 47.30 sec. 
-Trial 952 0 65875602 49.970172
-Trial 953 0 65875602 50.019571
-Trial 954 0 65875602 50.233289
* 955: Cost = 0_65854208, Time = 47.60 sec. 
-Trial 955 0 65854208 50.268714
-Trial 956 0 65854208 50.269899
-Trial 957 0 65854208 50.278042
* 958: Cost = 0_65828735, Time = 47.79 sec. 
-Trial 958 0 65828735 50.461836
-Trial 959 0 65828735 50.465924
-Trial 960 0 65828735 50.466439
-Trial 961 0 65828735 50.655589
-Trial 962 0 65828735 50.873240
-Trial 963 0 65828735 50.941380
-Trial 964 0 65828735 51.005923
-Trial 965 0 65828735 51.101418
-Trial 966 0 65828735 51.623816
* 967: Cost = 0_65823144, Time = 49.00 sec. 
-Trial 967 0 65823144 51.674688
* 968: Cost = 0_65822392, Time = 49.01 sec. 
-Trial 968 0 65822392 51.682757
-Trial 969 0 65822392 51.697911
-Trial 970 0 65822392 52.068530
-Trial 971 0 65822392 52.074705
-Trial 972 0 65822392 52.562190
-Trial 973 0 65822392 52.567164
* 974: Cost = 0_65821856, Time = 49.98 sec. 
-Trial 974 0 65821856 52.656136
-Trial 975 0 65821856 52.663077
-Trial 976 0 65821856 52.664696
-Trial 977 0 65821856 52.810616
-Trial 978 0 65821856 52.820297
-Trial 979 0 65821856 53.170643
-Trial 980 0 65821856 53.171257
-Trial 981 0 65821856 53.381360
-Trial 982 0 65821856 53.546591
-Trial 983 0 65821856 53.588752
-Trial 984 0 65821856 53.589039
-Trial 985 0 65821856 53.618990
-Trial 986 0 65821856 54.183236
-Trial 987 0 65821856 54.184899
-Trial 988 0 65821856 54.186391
-Trial 989 0 65821856 54.322318
-Trial 990 0 65821856 54.495220
-Trial 991 0 65821856 54.512770
* 992: Cost = 0_65821803, Time = 51.87 sec. 
-Trial 992 0 65821803 54.542307
-Trial 993 0 65821803 54.947355
-Trial 994 0 65821803 55.046735
* 995: Cost = 0_65811745, Time = 52.52 sec. 
-Trial 995 0 65811745 55.189306
-Trial 996 0 65811745 55.316008
-Trial 997 0 65811745 55.318422
-Trial 998 0 65811745 55.329858
-Trial 999 0 65811745 55.332758
-Trial 1000 0 65811745 55.350718
Population:
  1: 0_65811745
Run 1: Cost = 0_65811745, Time = 52.68 sec. 

Successes/Runs = 0/1 
Cost.min = 65811745, Cost.avg = 65811745.00, Cost.max = 65811745
Gap.min = 0.0000%, Gap.avg = 0.0000%, Gap.max = 0.0000%
Penalty.min = 0, Penalty.avg = 0.00, Penalty.max = 0
Trials.min = 1000, Trials.avg = 1000.0, Trials.max = 1000
Time.min = 52.68 sec., Time.avg = 52.68 sec., Time.max = 52.68 sec.
Time.total = 55.35 sec.
  Size.min = 27, Size.max = 47, Penalty = 0
  Cost.min = 634648, Cost.max = 2721621, Cost.sum = 65811745
Best CVRP solution:
  Cost = 0_65811745
630 580 884 493 722 123 965 978 108 558 78 457 1329 181 1492 832 375 904 823 13 557 9 283 450 1522 1212 289 1247 1048 1234 559 1456 235 1339 319 444 1020 561 1149 116 479 757 1031 1005 636 1251 1347 576 910 329 872 739 562 1024 898 300 1421 349 460 352 581 1506 890 1126 958 1134 24 125 1377 298 1150 1244 333 777 207 212 733 1135 1124 399 838 797 727 94 1237 120 326 315 113 316 946 7 1416 1109 1011 860 1304 1459 1295 548 1042 1518 563 1398 1148 400 623 336 521 1401 185 1357 169 1361 17 146 695 704 649 1219 693 911 8 816 314 435 356 464 878 1453 1201 368 370 923 828 938 1122 866 200 142 804 741 211 1516 1410 474 14 1315 1384 700 1220 1420 932 669 1467 1342 599 1303 1164 30 415 988 948 473 1302 855 1471 158 619 1406 455 430 1254 230 27 1028 1283 513 535 422 1525 1140 1423 721 709 360 808 32 397 1161 1079 845 156 713 1257 1094 925 1354 92 779 483 508 309 52 1338 813 191 439 251 1071 1163 118 1348 77 734 1355 55 1035 1241 1101 1242 656 801 1335 998 250 1519 1238 1490 843 193 495 1207 567 1106 908 594 963 852 527 991 1320 909 672 549 1093 1280 1090 1464 38 1285 956 1141 738 657 132 334 924 1171 98 540 1155 641 342 699 790 1510 232 49 1076 961 243 1435 1130 620 1404 131 887 642 247 1001 478 918 1246 905 421 361 1300 1277 402 1162 687 1173 994 1426 1296 635 395 105 846 331 1512 868 274 1301 1125 263 582 825 560 59 296 1043 1198 217 190 328 1431 776 297 616 308 1337 633 423 941 517 1215 720 23 1014 676 87 28 1328 1022 749 431 1392 1209 351 391 224 929 73 1091 724 1186 1049 1511 180 519 814 871 161 324 1289 1281 1476 486 458 1160 1083 154 47 101 1208 1216 507 231 503 913 681 227 127 906 1408 1274 618 934 637 404 547 787 607 940 989 692 1466 1517 304 133 876 1305 955 1056 220 491 1262 332 718 1217 425 187 853 979 1485 1321 761 216 891 5 1180 1044 1373 556 271 1460 584 1229 1368 1193 281 1307 592 859 959 1515 640 552 1168 577 1292 137 666 864 892 974 463 238 322 789 35 766 1393 977 675 15 119 36 1366 1184 837 306 1142 429 313 824 441 1386 1200 451 574 1221 945 1145 936 265 1157 1531 29 60 42 1422 742 417 1127 1066 1225 997 650 1147 747 587 788 170 244 901 996 394 711 844 809 381 338 272 1030 117 1299 1472 291 591 74 1540 1025 1034 1478 744 1045 173 1108 679 1102 877 1115 983 155 355 646 767 753 167 1230 1033 839 930 537 454 1463 1185 466 1479 61 524 1264 1103 710 1365 1059 1099 629 593 1508 362 327 857 218 436 550 312 135 68 506 1317 774 830 383 498 401 1013 128 533 393 1131 735 826 565 1282 520 522 1455 1457 469 484 510 34 869 1232 645 31 1526 791 481 1228 896 104 697 1187 1096 780 459 40 1297 1018 494 122 971 172 246 626 785 1430 942 847 611 262 428 1439 335 1224 1486 145 75 643 419 694 174 1436 276 1513 835 268 1451 624 1138 409 18 445 786 568 255 545 266 1270 1501 3 343 89 1488 354 926 443 659 1383 468 446 111 714 1008 807 350 1308 986 984 1063 44 303 515 1497 203 1538 1121 1151 416 608 1176 992 488 1023 4 1432 252 658 834 798 1052 1469 783 149 1046 462 165 242 1129 1064 1196 684 1095 433 1152 662 199 1110 858 171 1279 46 1000 1521 138 827 1097 1265 952 634 811 1058 1067 482 476 950 1405 648 512 1053 1343 764 248 888 583 470 1235 954 1226 1387 1409 124 1441 1065 114 186 1448 917 472 882 1520 1156 1116 259 348 1098 88 1088 980 159 286 1428 1382 1158 526 282 219 65 414 67 192 1402 54 848 86 1182 505 854 323 318 1275 900 374 371 1445 1086 363 210 933 1536 1425 1291 1010 969 1288 1330 62 234 585 613 919 253 902 1017 1051 1375 725 703 346 688 1255 638 723 573 440 152 841 337 489 500 1002 129 270 1293 6 221 916 1447 76 264 1533 1054 194 536 1333 873 1070 1411 1181 708 1136 410 719 1012 647 389 206 771 406 601 883 935 43 829 1311 179 359 701 382 376 160 1211 378 1194 1353 295 162 1159 1245 1250 1072 1112 1480 1 1352 818 889 1493 1267 245 109 1500 1325 1165 66 1437 1214 1089 70 606 1499 990 1374 1350 1273 299 1461 625 531 716 196 107 678 25 1118 817 717 177 1385 769 915 922 546 293 702 1396 1514 928 762 1256 178 1312 1360 655 1284 477 820 339 269 501 1440 668 831 1202 358 275 849 1349 794 1429 102 805 689 1190 737 803 182 1414 572 1269 912 707 1111 1481 1504 1313 12 95 438 130 921 48 496 756 1394 555 937 743 1419 999 467 677 740 1316 1319 1418 621 748 833 1119 1473 1438 622 1444 229 596 775 1505 175 418 176 865 340 1324 1372 20 1123 605 732 249 754 1483 1449 369 856 1041 1243 239 1371 784 539 398 215 683 528 1507 56 793 213 604 819 840 1210 944 45 307 564 1081 970 617 1397 100 407 663 836 760 1080 1253 1206 121 2 497 69 1223 1358 1524 1047 551 1380 569 745 1294 651 223 1177 1183 763 310 330 1192 899 90 11 765 1032 1344 730 1450 875 1341 164 1077 1261 530 553 964 437 1287 664 1172 80 279 670 364 96 1530 893 284 1195 492 758 782 83 184 796 729 628 273 1174 1252 1345 851 595 943 301 341 1029 927 51 103 728 1417 33 228 1477 1263 387 597 962 1359 144 1139 166 1528 1189 1424 424 1133 1433 1092 1019 302 1458 680 1395 373 1233 388 538 449 325 1309 541 1006 1351 1178 1378 1218 614 188 985 1009 1462 1084 874 1078 1314 1494 795 195 1454 140 1539 612 134 575 615 879 82 1334 403 973 632 1363 163 772 150 201 1075 1482 1415 41 1326 204 386 1399 542 64 147 960 863 1468 654 674 1227 280 1199 408 1272 365 112 975 1535 736 976 705 39 686 157 1306 610 1036 392 1120 792 768 778 136 372 968 1203 1413 110 1443 1403 305 1346 233 115 712 465 183 1407 1128 151 1452 226 706 1465 1495 1286 967 1016 1523 1276 278 1026 1146 1073 1489 79 139 1055 1258 1266 746 543 1231 600 534 1113 770 222 598 84 490 590 1060 1376 870 1367 957 379 660 1336 1167 1222 53 880 1529 345 1003 861 447 949 225 966 982 432 661 1310 504 1117 141 380 285 1491 240 126 168 16 953 189 1434 1114 1004 671 842 427 920 1268 1388 1498 726 1249 91 1082 1537 85 800 1062 254 1143 806 1037 81 886 1061 1248 566 1057 1068 471 570 881 1390 588 396 384 773 731 1074 514 653 452 143 1322 1475 1240 290 311 1290 1369 609 571 1015 197 715 1191 1534 287 1021 390 267 523 434 529 1298 1188 516 781 1442 1379 353 867 208 1484 1412 1446 1007 972 257 317 1100 1175 366 153 750 241 895 19 72 261 97 1027 26 411 1503 914 294 752 509 1236 1381 10 1356 277 589 1050 1487 1278 1197 1239 755 812 456 951 554 691 57 480 673 885 698 1085 907 385 256 602 1132 71 1105 321 475 1527 690 1331 667 21 862 50 1039 1104 442 1271 993 202 1327 209 499 58 347 1038 63 236 1332 1069 802 696 897 412 1259 367 631 357 205 99 850 1362 292 1179 461 1532 198 344 652 502 320 288 260 579 1340 148 939 1166 448 1370 603 426 903 485 1170 1364 894 377 237 1154 93 1400 405 1107 544 995 1391 1502 810 987 1470 947 821 639 586 453 981 1169 1260 1144 1205 931 751 258 578 1427 822 1087 1318 22 487 413 106 420 685 532 627 1496 1153 1389 518 1040 1509 1137 815 1323 1474 665 799 759 525 37 1213 511 1204 682 214 644 630 
