PARAMETER_FILE = result/cvrp_1500/LKH_para/37.para
Reading PROBLEM_FILE: "result/cvrp_1500/cvrp/37.cvrp" ... done
ASCENT_CANDIDATES = 50
BACKBONE_TRIALS = 0
BACKTRACKING = NO
# BWTSP =
# CANDIDATE_FILE =
CANDIDATE_SET_TYPE = ALPHA
DEPOT = 1
# EDGE_FILE =
EXCESS = 0.000666223
EXTERNAL_SALESMEN = 0
EXTRA_CANDIDATES = 0 
EXTRA_CANDIDATE_SET_TYPE = QUADRANT
GAIN23 = NO
GAIN_CRITERION = YES
INITIAL_PERIOD = 750
INITIAL_STEP_SIZE = 1
INITIAL_TOUR_ALGORITHM = WALK
# INITIAL_TOUR_FILE = 
INITIAL_TOUR_FRACTION = 1.000
# INPUT_TOUR_FILE = 
KICK_TYPE = 4
KICKS = 1
# MAX_BREADTH =
MAKESPAN = NO
MAX_CANDIDATES = 5 
MAX_SWAPS = 0
MAX_TRIALS = 1000
# MERGE_TOUR_FILE =
MOVE_TYPE = 5 SPECIAL
MTSP_MIN_SIZE = 1
MTSP_MAX_SIZE = 1500
# MTSP_SOLUTION_FILE = 
# NONSEQUENTIAL_MOVE_TYPE = 5
# OPTIMUM =
# OUTPUT_TOUR_FILE = 
PATCHING_A = 1 
PATCHING_C = 0 
# PI_FILE = 
POPMUSIC_INITIAL_TOUR = NO
POPMUSIC_MAX_NEIGHBORS = 5
POPMUSIC_SAMPLE_SIZE = 10
POPMUSIC_SOLUTIONS = 50
POPMUSIC_TRIALS = 1
POPULATION_SIZE = 10
PRECISION = 100
PROBLEM_FILE = result/cvrp_1500/cvrp/37.cvrp
RECOMBINATION = IPT
RESTRICTED_SEARCH = YES
RUNS = 1
SALESMEN = 41
SCALE = 1
SEED = 1234
# SINTEF_SOLUTION_FILE = 
STOP_AT_OPTIMUM = YES
SUBGRADIENT = YES
# SUBPROBLEM_SIZE =
# SUBPROBLEM_TOUR_FILE = 
SUBSEQUENT_MOVE_TYPE = 5 SPECIAL
SUBSEQUENT_PATCHING = YES
# TIME_LIMIT =
# TOUR_FILE = 
TRACE_LEVEL = 1
VEHICLES = 41

Lower bound = 31813156.4, Ascent time = 2.58 sec.
Cand.min = 4, Cand.avg = 5.0, Cand.max = 5
Preprocessing time = 2.63 sec.
* 1: Cost = 0_68961657, Time = 5.77 sec. 
-Trial 1 0 68961657 8.397851
* 2: Cost = 0_67612880, Time = 6.16 sec. 
-Trial 2 0 67612880 8.788432
-Trial 3 0 67612880 8.791439
* 4: Cost = 0_67590769, Time = 6.16 sec. 
-Trial 4 0 67590769 8.792819
-Trial 5 0 67590769 8.807935
-Trial 6 0 67590769 8.809218
-Trial 7 0 67590769 8.811191
-Trial 8 0 67590769 8.811744
* 9: Cost = 0_67590079, Time = 6.18 sec. 
-Trial 9 0 67590079 8.816610
-Trial 10 0 67590079 8.816892
-Trial 11 0 67590079 8.817225
* 12: Cost = 0_67569688, Time = 6.19 sec. 
-Trial 12 0 67569688 8.822894
-Trial 13 0 67569688 8.827466
-Trial 14 0 67569688 8.889951
-Trial 15 0 67569688 8.890371
* 16: Cost = 0_67395268, Time = 6.31 sec. 
-Trial 16 0 67395268 8.940825
* 17: Cost = 0_67059050, Time = 6.58 sec. 
-Trial 17 0 67059050 9.210610
-Trial 18 0 67059050 9.213618
* 19: Cost = 0_66382288, Time = 6.62 sec. 
-Trial 19 0 66382288 9.256492
-Trial 20 0 66382288 9.258452
-Trial 21 0 66382288 9.259207
* 22: Cost = 0_66348212, Time = 6.64 sec. 
-Trial 22 0 66348212 9.267607
* 23: Cost = 0_66280860, Time = 6.65 sec. 
-Trial 23 0 66280860 9.277852
* 24: Cost = 0_66139555, Time = 6.72 sec. 
-Trial 24 0 66139555 9.352317
-Trial 25 0 66139555 9.353671
* 26: Cost = 0_66133091, Time = 6.75 sec. 
-Trial 26 0 66133091 9.379554
-Trial 27 0 66133091 9.387574
* 28: Cost = 0_65883882, Time = 6.88 sec. 
-Trial 28 0 65883882 9.508415
* 29: Cost = 0_65763868, Time = 6.96 sec. 
-Trial 29 0 65763868 9.588662
-Trial 30 0 65763868 9.595837
* 31: Cost = 0_65754851, Time = 6.97 sec. 
-Trial 31 0 65754851 9.597813
-Trial 32 0 65754851 9.600973
-Trial 33 0 65754851 9.603749
-Trial 34 0 65754851 9.604934
-Trial 35 0 65754851 9.607729
* 36: Cost = 0_65719245, Time = 7.01 sec. 
-Trial 36 0 65719245 9.641385
* 37: Cost = 0_65608854, Time = 7.04 sec. 
-Trial 37 0 65608854 9.669178
-Trial 38 0 65608854 9.670931
* 39: Cost = 0_65548896, Time = 7.05 sec. 
-Trial 39 0 65548896 9.680654
-Trial 40 0 65548896 9.710219
* 41: Cost = 0_65470638, Time = 7.10 sec. 
-Trial 41 0 65470638 9.730150
-Trial 42 0 65470638 9.730444
-Trial 43 0 65470638 9.742384
-Trial 44 0 65470638 9.744601
-Trial 45 0 65470638 9.765027
-Trial 46 0 65470638 9.765885
* 47: Cost = 0_65437160, Time = 7.25 sec. 
-Trial 47 0 65437160 9.884763
-Trial 48 0 65437160 9.885054
-Trial 49 0 65437160 9.885457
* 50: Cost = 0_65136874, Time = 7.33 sec. 
-Trial 50 0 65136874 9.960074
-Trial 51 0 65136874 9.960896
-Trial 52 0 65136874 9.961785
* 53: Cost = 0_65122065, Time = 7.34 sec. 
-Trial 53 0 65122065 9.972405
-Trial 54 0 65122065 9.973978
-Trial 55 0 65122065 9.977825
-Trial 56 0 65122065 9.979281
* 57: Cost = 0_65120178, Time = 7.36 sec. 
-Trial 57 0 65120178 9.991137
-Trial 58 0 65120178 9.992449
* 59: Cost = 0_65118499, Time = 7.43 sec. 
-Trial 59 0 65118499 10.058043
-Trial 60 0 65118499 10.058953
-Trial 61 0 65118499 10.059803
-Trial 62 0 65118499 10.060970
* 63: Cost = 0_65058917, Time = 7.51 sec. 
-Trial 63 0 65058917 10.144222
-Trial 64 0 65058917 10.196066
* 65: Cost = 0_65056080, Time = 7.57 sec. 
-Trial 65 0 65056080 10.202214
-Trial 66 0 65056080 10.444313
-Trial 67 0 65056080 10.444858
-Trial 68 0 65056080 10.529649
* 69: Cost = 0_65017953, Time = 7.99 sec. 
-Trial 69 0 65017953 10.617791
-Trial 70 0 65017953 10.631162
* 71: Cost = 0_64988442, Time = 8.00 sec. 
-Trial 71 0 64988442 10.633157
-Trial 72 0 64988442 10.634142
-Trial 73 0 64988442 10.641105
* 74: Cost = 0_64967695, Time = 8.04 sec. 
-Trial 74 0 64967695 10.674699
-Trial 75 0 64967695 10.696091
* 76: Cost = 0_64937003, Time = 8.07 sec. 
-Trial 76 0 64937003 10.703405
-Trial 77 0 64937003 10.703706
-Trial 78 0 64937003 10.708806
* 79: Cost = 0_64924834, Time = 8.09 sec. 
-Trial 79 0 64924834 10.721542
-Trial 80 0 64924834 10.728923
-Trial 81 0 64924834 10.747363
-Trial 82 0 64924834 10.755471
-Trial 83 0 64924834 10.763252
* 84: Cost = 0_64897045, Time = 8.16 sec. 
-Trial 84 0 64897045 10.794061
-Trial 85 0 64897045 10.843285
* 86: Cost = 0_64863204, Time = 8.22 sec. 
-Trial 86 0 64863204 10.849337
-Trial 87 0 64863204 10.853066
* 88: Cost = 0_64837280, Time = 8.23 sec. 
-Trial 88 0 64837280 10.866816
-Trial 89 0 64837280 10.871937
-Trial 90 0 64837280 10.875070
* 91: Cost = 0_64770976, Time = 8.30 sec. 
-Trial 91 0 64770976 10.928070
-Trial 92 0 64770976 10.934522
-Trial 93 0 64770976 10.935196
-Trial 94 0 64770976 10.983040
-Trial 95 0 64770976 10.983679
-Trial 96 0 64770976 11.006652
-Trial 97 0 64770976 11.007442
-Trial 98 0 64770976 11.007683
-Trial 99 0 64770976 11.008425
* 100: Cost = 0_64742042, Time = 8.39 sec. 
-Trial 100 0 64742042 11.024526
-Trial 101 0 64742042 11.028879
-Trial 102 0 64742042 11.290600
-Trial 103 0 64742042 11.315851
-Trial 104 0 64742042 11.323305
-Trial 105 0 64742042 11.328346
-Trial 106 0 64742042 11.332023
-Trial 107 0 64742042 11.334103
* 108: Cost = 0_64740891, Time = 8.73 sec. 
-Trial 108 0 64740891 11.360393
* 109: Cost = 0_64719946, Time = 8.75 sec. 
-Trial 109 0 64719946 11.381799
* 110: Cost = 0_64660813, Time = 8.75 sec. 
-Trial 110 0 64660813 11.384452
* 111: Cost = 0_64655116, Time = 8.77 sec. 
-Trial 111 0 64655116 11.398662
-Trial 112 0 64655116 11.399303
-Trial 113 0 64655116 11.406128
-Trial 114 0 64655116 11.406426
-Trial 115 0 64655116 11.409388
* 116: Cost = 0_64646207, Time = 8.79 sec. 
-Trial 116 0 64646207 11.417214
-Trial 117 0 64646207 11.455154
-Trial 118 0 64646207 11.456790
* 119: Cost = 0_64542826, Time = 8.87 sec. 
-Trial 119 0 64542826 11.499350
-Trial 120 0 64542826 11.533961
-Trial 121 0 64542826 11.540017
-Trial 122 0 64542826 11.559127
* 123: Cost = 0_64523371, Time = 8.98 sec. 
-Trial 123 0 64523371 11.615111
-Trial 124 0 64523371 11.616568
* 125: Cost = 0_64511425, Time = 9.04 sec. 
-Trial 125 0 64511425 11.674997
-Trial 126 0 64511425 11.676600
-Trial 127 0 64511425 11.677306
-Trial 128 0 64511425 11.678039
-Trial 129 0 64511425 11.684518
* 130: Cost = 0_64455501, Time = 9.11 sec. 
-Trial 130 0 64455501 11.739788
-Trial 131 0 64455501 11.741564
-Trial 132 0 64455501 11.768997
* 133: Cost = 0_64434941, Time = 9.20 sec. 
-Trial 133 0 64434941 11.834995
-Trial 134 0 64434941 11.893576
-Trial 135 0 64434941 12.007395
-Trial 136 0 64434941 12.007756
-Trial 137 0 64434941 12.008530
* 138: Cost = 0_64424785, Time = 9.43 sec. 
-Trial 138 0 64424785 12.058279
* 139: Cost = 0_64280278, Time = 9.56 sec. 
-Trial 139 0 64280278 12.190018
-Trial 140 0 64280278 12.276397
-Trial 141 0 64280278 12.300071
-Trial 142 0 64280278 12.301248
-Trial 143 0 64280278 12.824958
* 144: Cost = 0_64266864, Time = 10.22 sec. 
-Trial 144 0 64266864 12.847713
-Trial 145 0 64266864 12.891383
-Trial 146 0 64266864 12.898791
-Trial 147 0 64266864 12.899239
-Trial 148 0 64266864 12.899529
-Trial 149 0 64266864 12.900272
-Trial 150 0 64266864 12.900982
-Trial 151 0 64266864 12.912823
-Trial 152 0 64266864 12.930510
-Trial 153 0 64266864 12.979402
* 154: Cost = 0_64179253, Time = 10.37 sec. 
-Trial 154 0 64179253 12.999898
-Trial 155 0 64179253 13.000913
-Trial 156 0 64179253 13.002113
-Trial 157 0 64179253 13.007496
* 158: Cost = 0_64138331, Time = 10.39 sec. 
-Trial 158 0 64138331 13.021294
-Trial 159 0 64138331 13.021835
* 160: Cost = 0_64137166, Time = 10.41 sec. 
-Trial 160 0 64137166 13.038248
-Trial 161 0 64137166 13.049886
-Trial 162 0 64137166 13.050490
-Trial 163 0 64137166 13.053936
-Trial 164 0 64137166 13.062274
-Trial 165 0 64137166 13.080853
* 166: Cost = 0_64132880, Time = 10.45 sec. 
-Trial 166 0 64132880 13.086124
-Trial 167 0 64132880 13.284562
-Trial 168 0 64132880 13.287436
-Trial 169 0 64132880 13.344741
-Trial 170 0 64132880 13.351014
* 171: Cost = 0_63882301, Time = 10.79 sec. 
-Trial 171 0 63882301 13.426835
-Trial 172 0 63882301 13.437642
-Trial 173 0 63882301 13.442396
-Trial 174 0 63882301 13.445063
-Trial 175 0 63882301 13.445956
-Trial 176 0 63882301 13.446251
-Trial 177 0 63882301 13.446689
* 178: Cost = 0_63840674, Time = 10.86 sec. 
-Trial 178 0 63840674 13.495338
-Trial 179 0 63840674 13.495775
-Trial 180 0 63840674 13.501362
-Trial 181 0 63840674 13.598125
-Trial 182 0 63840674 13.599824
-Trial 183 0 63840674 13.601204
* 184: Cost = 0_63835986, Time = 11.00 sec. 
-Trial 184 0 63835986 13.630602
-Trial 185 0 63835986 13.762457
-Trial 186 0 63835986 13.764972
-Trial 187 0 63835986 13.796496
-Trial 188 0 63835986 13.796874
* 189: Cost = 0_63823090, Time = 11.20 sec. 
-Trial 189 0 63823090 13.830784
* 190: Cost = 0_63819810, Time = 11.25 sec. 
-Trial 190 0 63819810 13.878404
-Trial 191 0 63819810 13.879701
-Trial 192 0 63819810 13.894869
-Trial 193 0 63819810 13.912953
-Trial 194 0 63819810 13.914932
-Trial 195 0 63819810 13.919287
-Trial 196 0 63819810 13.971430
-Trial 197 0 63819810 13.974630
-Trial 198 0 63819810 13.976316
-Trial 199 0 63819810 13.987558
* 200: Cost = 0_63796874, Time = 11.37 sec. 
-Trial 200 0 63796874 13.998760
-Trial 201 0 63796874 14.011786
-Trial 202 0 63796874 14.073168
-Trial 203 0 63796874 14.074704
-Trial 204 0 63796874 14.077108
-Trial 205 0 63796874 14.085416
-Trial 206 0 63796874 14.092924
-Trial 207 0 63796874 14.102478
-Trial 208 0 63796874 14.102838
* 209: Cost = 0_63786421, Time = 11.48 sec. 
-Trial 209 0 63786421 14.109918
-Trial 210 0 63786421 14.142439
-Trial 211 0 63786421 14.142965
* 212: Cost = 0_63778676, Time = 11.54 sec. 
-Trial 212 0 63778676 14.173515
-Trial 213 0 63778676 14.173955
-Trial 214 0 63778676 14.174220
* 215: Cost = 0_63536132, Time = 11.64 sec. 
-Trial 215 0 63536132 14.272269
* 216: Cost = 0_63521429, Time = 11.69 sec. 
-Trial 216 0 63521429 14.325376
-Trial 217 0 63521429 14.326097
-Trial 218 0 63521429 14.327782
-Trial 219 0 63521429 14.341527
-Trial 220 0 63521429 14.351205
* 221: Cost = 0_63518692, Time = 11.78 sec. 
-Trial 221 0 63518692 14.409806
-Trial 222 0 63518692 14.410114
* 223: Cost = 0_63514552, Time = 11.81 sec. 
-Trial 223 0 63514552 14.438224
-Trial 224 0 63514552 14.468816
-Trial 225 0 63514552 14.491423
-Trial 226 0 63514552 14.492311
-Trial 227 0 63514552 14.493027
-Trial 228 0 63514552 14.502708
-Trial 229 0 63514552 14.503262
-Trial 230 0 63514552 14.512275
-Trial 231 0 63514552 14.539808
* 232: Cost = 0_63507109, Time = 11.91 sec. 
-Trial 232 0 63507109 14.544644
* 233: Cost = 0_63337823, Time = 12.29 sec. 
-Trial 233 0 63337823 14.919029
* 234: Cost = 0_63292581, Time = 12.32 sec. 
-Trial 234 0 63292581 14.948529
-Trial 235 0 63292581 14.965188
-Trial 236 0 63292581 14.966732
-Trial 237 0 63292581 14.969469
-Trial 238 0 63292581 14.970797
-Trial 239 0 63292581 15.002480
-Trial 240 0 63292581 15.005140
-Trial 241 0 63292581 15.028855
-Trial 242 0 63292581 15.075726
-Trial 243 0 63292581 15.084917
-Trial 244 0 63292581 15.238222
-Trial 245 0 63292581 15.245831
* 246: Cost = 0_63258512, Time = 12.80 sec. 
-Trial 246 0 63258512 15.431873
* 247: Cost = 0_63248928, Time = 12.82 sec. 
-Trial 247 0 63248928 15.449281
-Trial 248 0 63248928 15.466005
-Trial 249 0 63248928 15.473192
-Trial 250 0 63248928 15.493304
* 251: Cost = 0_63135831, Time = 12.95 sec. 
-Trial 251 0 63135831 15.577198
-Trial 252 0 63135831 15.581416
* 253: Cost = 0_63131311, Time = 12.97 sec. 
-Trial 253 0 63131311 15.598638
-Trial 254 0 63131311 15.602188
* 255: Cost = 0_63116796, Time = 13.00 sec. 
-Trial 255 0 63116796 15.632191
-Trial 256 0 63116796 15.633369
-Trial 257 0 63116796 15.634126
* 258: Cost = 0_63115702, Time = 13.02 sec. 
-Trial 258 0 63115702 15.654467
-Trial 259 0 63115702 15.658960
-Trial 260 0 63115702 15.664676
* 261: Cost = 0_63090237, Time = 13.09 sec. 
-Trial 261 0 63090237 15.722166
-Trial 262 0 63090237 15.723220
-Trial 263 0 63090237 15.724094
-Trial 264 0 63090237 15.724406
-Trial 265 0 63090237 15.725017
-Trial 266 0 63090237 15.725958
-Trial 267 0 63090237 15.726284
* 268: Cost = 0_63042957, Time = 13.12 sec. 
-Trial 268 0 63042957 15.751098
-Trial 269 0 63042957 15.751832
* 270: Cost = 0_63042265, Time = 13.14 sec. 
-Trial 270 0 63042265 15.772814
* 271: Cost = 0_63002776, Time = 13.15 sec. 
-Trial 271 0 63002776 15.779896
* 272: Cost = 0_62986744, Time = 13.20 sec. 
-Trial 272 0 62986744 15.830253
-Trial 273 0 62986744 16.141655
-Trial 274 0 62986744 16.142028
-Trial 275 0 62986744 16.157714
-Trial 276 0 62986744 16.229532
-Trial 277 0 62986744 16.230366
-Trial 278 0 62986744 16.238619
* 279: Cost = 0_62984477, Time = 13.62 sec. 
-Trial 279 0 62984477 16.247960
-Trial 280 0 62984477 16.297758
-Trial 281 0 62984477 16.298741
* 282: Cost = 0_62948969, Time = 13.74 sec. 
-Trial 282 0 62948969 16.375218
-Trial 283 0 62948969 16.385878
-Trial 284 0 62948969 16.390438
* 285: Cost = 0_62925403, Time = 13.81 sec. 
-Trial 285 0 62925403 16.437928
-Trial 286 0 62925403 16.441212
* 287: Cost = 0_62919153, Time = 13.81 sec. 
-Trial 287 0 62919153 16.444036
-Trial 288 0 62919153 16.505711
-Trial 289 0 62919153 16.535927
-Trial 290 0 62919153 16.551887
-Trial 291 0 62919153 16.554692
-Trial 292 0 62919153 16.556843
-Trial 293 0 62919153 16.981241
-Trial 294 0 62919153 16.985598
-Trial 295 0 62919153 16.986548
* 296: Cost = 0_62917367, Time = 14.36 sec. 
-Trial 296 0 62917367 16.989619
* 297: Cost = 0_62828419, Time = 14.37 sec. 
-Trial 297 0 62828419 17.001559
-Trial 298 0 62828419 17.003219
* 299: Cost = 0_62823095, Time = 14.53 sec. 
-Trial 299 0 62823095 17.165364
* 300: Cost = 0_62730271, Time = 14.59 sec. 
-Trial 300 0 62730271 17.225323
-Trial 301 0 62730271 17.227087
* 302: Cost = 0_62698755, Time = 14.60 sec. 
-Trial 302 0 62698755 17.235533
-Trial 303 0 62698755 17.432448
-Trial 304 0 62698755 17.490020
-Trial 305 0 62698755 17.492519
* 306: Cost = 0_62694064, Time = 14.87 sec. 
-Trial 306 0 62694064 17.500518
* 307: Cost = 0_62686333, Time = 14.96 sec. 
-Trial 307 0 62686333 17.588242
* 308: Cost = 0_62654133, Time = 14.97 sec. 
-Trial 308 0 62654133 17.601364
-Trial 309 0 62654133 17.602358
* 310: Cost = 0_62653578, Time = 15.01 sec. 
-Trial 310 0 62653578 17.637368
-Trial 311 0 62653578 17.648079
-Trial 312 0 62653578 17.652973
-Trial 313 0 62653578 17.655384
* 314: Cost = 0_62596562, Time = 15.05 sec. 
-Trial 314 0 62596562 17.677741
-Trial 315 0 62596562 17.678674
-Trial 316 0 62596562 17.679032
-Trial 317 0 62596562 17.680342
-Trial 318 0 62596562 17.684954
-Trial 319 0 62596562 17.689073
-Trial 320 0 62596562 17.692261
-Trial 321 0 62596562 18.363715
-Trial 322 0 62596562 18.376063
-Trial 323 0 62596562 18.385274
-Trial 324 0 62596562 18.387145
-Trial 325 0 62596562 18.388669
-Trial 326 0 62596562 18.389747
-Trial 327 0 62596562 18.534719
-Trial 328 0 62596562 18.536434
-Trial 329 0 62596562 18.551745
* 330: Cost = 0_62588390, Time = 15.92 sec. 
-Trial 330 0 62588390 18.556976
* 331: Cost = 0_62552525, Time = 15.97 sec. 
-Trial 331 0 62552525 18.606328
-Trial 332 0 62552525 18.608196
* 333: Cost = 0_62550102, Time = 16.04 sec. 
-Trial 333 0 62550102 18.675212
-Trial 334 0 62550102 18.772976
* 335: Cost = 0_62412798, Time = 16.31 sec. 
-Trial 335 0 62412798 18.943479
-Trial 336 0 62412798 18.979523
* 337: Cost = 0_62314662, Time = 16.49 sec. 
-Trial 337 0 62314662 19.122590
-Trial 338 0 62314662 19.199713
-Trial 339 0 62314662 19.201933
* 340: Cost = 0_62307840, Time = 16.58 sec. 
-Trial 340 0 62307840 19.217167
* 341: Cost = 0_62289772, Time = 16.60 sec. 
-Trial 341 0 62289772 19.236329
-Trial 342 0 62289772 19.237623
-Trial 343 0 62289772 19.238193
-Trial 344 0 62289772 19.242392
-Trial 345 0 62289772 19.277197
-Trial 346 0 62289772 19.277649
-Trial 347 0 62289772 19.286214
-Trial 348 0 62289772 19.342545
-Trial 349 0 62289772 19.415474
-Trial 350 0 62289772 19.445834
-Trial 351 0 62289772 19.450140
-Trial 352 0 62289772 19.450477
-Trial 353 0 62289772 19.451088
-Trial 354 0 62289772 19.481610
-Trial 355 0 62289772 19.484404
* 356: Cost = 0_62289656, Time = 16.89 sec. 
-Trial 356 0 62289656 19.518304
-Trial 357 0 62289656 19.535372
-Trial 358 0 62289656 19.637375
-Trial 359 0 62289656 19.644369
-Trial 360 0 62289656 19.695147
-Trial 361 0 62289656 19.711950
-Trial 362 0 62289656 19.713747
-Trial 363 0 62289656 19.721005
-Trial 364 0 62289656 19.729743
-Trial 365 0 62289656 20.032612
-Trial 366 0 62289656 20.068593
-Trial 367 0 62289656 20.079291
-Trial 368 0 62289656 20.079624
-Trial 369 0 62289656 20.081392
-Trial 370 0 62289656 20.083975
-Trial 371 0 62289656 20.194239
* 372: Cost = 0_62286701, Time = 17.58 sec. 
-Trial 372 0 62286701 20.212049
-Trial 373 0 62286701 20.216903
-Trial 374 0 62286701 20.395206
-Trial 375 0 62286701 20.431410
-Trial 376 0 62286701 20.431749
-Trial 377 0 62286701 20.434255
-Trial 378 0 62286701 20.464934
-Trial 379 0 62286701 20.466045
* 380: Cost = 0_62260515, Time = 17.85 sec. 
-Trial 380 0 62260515 20.479813
-Trial 381 0 62260515 20.481850
-Trial 382 0 62260515 20.485598
* 383: Cost = 0_62253581, Time = 17.86 sec. 
-Trial 383 0 62253581 20.492104
* 384: Cost = 0_62209112, Time = 17.88 sec. 
-Trial 384 0 62209112 20.507265
* 385: Cost = 0_62192218, Time = 17.96 sec. 
-Trial 385 0 62192218 20.597003
-Trial 386 0 62192218 20.597846
-Trial 387 0 62192218 20.604244
* 388: Cost = 0_62189258, Time = 18.00 sec. 
-Trial 388 0 62189258 20.634015
* 389: Cost = 0_62133912, Time = 18.59 sec. 
-Trial 389 0 62133912 21.217345
-Trial 390 0 62133912 21.220086
-Trial 391 0 62133912 21.267843
* 392: Cost = 0_62083200, Time = 18.65 sec. 
-Trial 392 0 62083200 21.280409
-Trial 393 0 62083200 21.281437
-Trial 394 0 62083200 21.299181
-Trial 395 0 62083200 21.428419
-Trial 396 0 62083200 21.477271
-Trial 397 0 62083200 21.479693
-Trial 398 0 62083200 21.500947
-Trial 399 0 62083200 21.501529
* 400: Cost = 0_62063958, Time = 18.87 sec. 
-Trial 400 0 62063958 21.506929
-Trial 401 0 62063958 21.512220
-Trial 402 0 62063958 21.532753
-Trial 403 0 62063958 21.534247
-Trial 404 0 62063958 21.534593
-Trial 405 0 62063958 21.556268
-Trial 406 0 62063958 21.713234
-Trial 407 0 62063958 21.714753
-Trial 408 0 62063958 21.717316
-Trial 409 0 62063958 21.809860
-Trial 410 0 62063958 21.911889
-Trial 411 0 62063958 21.915754
-Trial 412 0 62063958 21.916860
-Trial 413 0 62063958 21.918939
-Trial 414 0 62063958 21.926423
-Trial 415 0 62063958 21.931334
-Trial 416 0 62063958 21.931889
-Trial 417 0 62063958 22.001986
-Trial 418 0 62063958 22.045107
-Trial 419 0 62063958 22.047189
-Trial 420 0 62063958 22.071159
-Trial 421 0 62063958 22.072882
-Trial 422 0 62063958 22.073618
-Trial 423 0 62063958 22.123817
-Trial 424 0 62063958 22.528551
-Trial 425 0 62063958 22.560015
-Trial 426 0 62063958 22.590718
-Trial 427 0 62063958 22.610632
* 428: Cost = 0_62056836, Time = 20.05 sec. 
-Trial 428 0 62056836 22.682629
-Trial 429 0 62056836 22.683332
-Trial 430 0 62056836 22.683771
-Trial 431 0 62056836 22.684157
-Trial 432 0 62056836 22.692795
-Trial 433 0 62056836 22.694102
-Trial 434 0 62056836 22.816154
-Trial 435 0 62056836 22.820701
-Trial 436 0 62056836 22.821687
-Trial 437 0 62056836 22.831245
-Trial 438 0 62056836 22.934865
-Trial 439 0 62056836 22.941392
-Trial 440 0 62056836 22.941888
-Trial 441 0 62056836 23.027841
-Trial 442 0 62056836 23.028403
-Trial 443 0 62056836 23.029887
-Trial 444 0 62056836 23.084975
* 445: Cost = 0_62051959, Time = 20.47 sec. 
-Trial 445 0 62051959 23.099272
-Trial 446 0 62051959 23.146144
-Trial 447 0 62051959 23.183348
-Trial 448 0 62051959 23.246022
-Trial 449 0 62051959 23.247569
-Trial 450 0 62051959 23.248069
-Trial 451 0 62051959 23.249137
-Trial 452 0 62051959 23.251954
-Trial 453 0 62051959 23.369061
* 454: Cost = 0_62050567, Time = 20.74 sec. 
-Trial 454 0 62050567 23.377045
-Trial 455 0 62050567 23.377600
-Trial 456 0 62050567 23.385338
-Trial 457 0 62050567 23.386654
-Trial 458 0 62050567 23.537658
-Trial 459 0 62050567 23.538194
-Trial 460 0 62050567 23.578395
-Trial 461 0 62050567 23.624382
-Trial 462 0 62050567 23.631398
-Trial 463 0 62050567 23.635832
-Trial 464 0 62050567 23.655058
-Trial 465 0 62050567 23.655978
-Trial 466 0 62050567 23.718699
-Trial 467 0 62050567 23.719471
* 468: Cost = 0_62045693, Time = 21.10 sec. 
-Trial 468 0 62045693 23.728009
-Trial 469 0 62045693 23.866234
-Trial 470 0 62045693 23.866993
* 471: Cost = 0_62038797, Time = 21.25 sec. 
-Trial 471 0 62038797 23.882982
-Trial 472 0 62038797 23.886920
-Trial 473 0 62038797 23.897974
* 474: Cost = 0_62032333, Time = 21.27 sec. 
-Trial 474 0 62032333 23.905247
-Trial 475 0 62032333 23.934714
-Trial 476 0 62032333 23.942088
-Trial 477 0 62032333 23.942402
-Trial 478 0 62032333 23.946872
* 479: Cost = 0_62015306, Time = 21.32 sec. 
-Trial 479 0 62015306 23.954300
-Trial 480 0 62015306 23.955071
* 481: Cost = 0_61981088, Time = 21.35 sec. 
-Trial 481 0 61981088 23.979020
-Trial 482 0 61981088 23.979359
* 483: Cost = 0_61976050, Time = 21.37 sec. 
-Trial 483 0 61976050 23.998064
-Trial 484 0 61976050 24.052651
* 485: Cost = 0_61972214, Time = 21.44 sec. 
-Trial 485 0 61972214 24.075977
-Trial 486 0 61972214 24.111203
-Trial 487 0 61972214 24.133826
-Trial 488 0 61972214 24.134398
-Trial 489 0 61972214 24.136923
-Trial 490 0 61972214 24.224106
-Trial 491 0 61972214 24.355896
-Trial 492 0 61972214 24.367303
-Trial 493 0 61972214 24.370315
-Trial 494 0 61972214 24.442623
-Trial 495 0 61972214 24.454292
-Trial 496 0 61972214 24.461595
-Trial 497 0 61972214 24.464447
-Trial 498 0 61972214 24.529916
* 499: Cost = 0_61966273, Time = 21.94 sec. 
-Trial 499 0 61966273 24.570292
-Trial 500 0 61966273 24.572815
-Trial 501 0 61966273 24.580100
-Trial 502 0 61966273 24.582410
-Trial 503 0 61966273 24.589010
* 504: Cost = 0_61965152, Time = 21.97 sec. 
-Trial 504 0 61965152 24.603626
-Trial 505 0 61965152 24.608460
-Trial 506 0 61965152 24.703164
* 507: Cost = 0_61950874, Time = 22.11 sec. 
-Trial 507 0 61950874 24.738509
* 508: Cost = 0_61912450, Time = 22.29 sec. 
-Trial 508 0 61912450 24.920393
-Trial 509 0 61912450 25.140364
-Trial 510 0 61912450 25.148060
-Trial 511 0 61912450 25.214499
-Trial 512 0 61912450 25.222026
* 513: Cost = 0_61887248, Time = 22.81 sec. 
-Trial 513 0 61887248 25.439618
-Trial 514 0 61887248 25.442812
-Trial 515 0 61887248 25.836833
-Trial 516 0 61887248 25.845464
-Trial 517 0 61887248 25.845751
-Trial 518 0 61887248 25.895890
-Trial 519 0 61887248 25.896148
-Trial 520 0 61887248 25.896862
-Trial 521 0 61887248 25.897841
-Trial 522 0 61887248 25.949544
-Trial 523 0 61887248 25.951767
-Trial 524 0 61887248 25.975999
-Trial 525 0 61887248 26.026780
-Trial 526 0 61887248 26.028487
-Trial 527 0 61887248 26.035464
-Trial 528 0 61887248 26.036443
-Trial 529 0 61887248 26.041163
-Trial 530 0 61887248 26.092941
-Trial 531 0 61887248 26.093977
* 532: Cost = 0_61868147, Time = 23.49 sec. 
-Trial 532 0 61868147 26.123747
-Trial 533 0 61868147 26.152047
-Trial 534 0 61868147 26.267272
* 535: Cost = 0_61863984, Time = 23.67 sec. 
-Trial 535 0 61863984 26.301992
-Trial 536 0 61863984 26.375842
-Trial 537 0 61863984 26.376720
-Trial 538 0 61863984 26.521890
-Trial 539 0 61863984 27.061992
-Trial 540 0 61863984 27.097299
-Trial 541 0 61863984 27.097713
-Trial 542 0 61863984 27.600991
-Trial 543 0 61863984 27.605233
-Trial 544 0 61863984 27.611521
-Trial 545 0 61863984 27.611997
* 546: Cost = 0_61849748, Time = 25.00 sec. 
-Trial 546 0 61849748 27.631387
-Trial 547 0 61849748 27.676719
* 548: Cost = 0_61849697, Time = 25.05 sec. 
-Trial 548 0 61849697 27.685250
* 549: Cost = 0_61849694, Time = 25.07 sec. 
-Trial 549 0 61849694 27.701726
-Trial 550 0 61849694 27.702129
-Trial 551 0 61849694 27.702832
-Trial 552 0 61849694 27.749673
-Trial 553 0 61849694 27.753665
-Trial 554 0 61849694 27.763229
-Trial 555 0 61849694 27.780624
-Trial 556 0 61849694 27.784246
-Trial 557 0 61849694 27.803715
-Trial 558 0 61849694 27.814196
-Trial 559 0 61849694 27.814636
* 560: Cost = 0_61841893, Time = 25.31 sec. 
-Trial 560 0 61841893 27.940492
-Trial 561 0 61841893 27.952497
-Trial 562 0 61841893 27.952754
-Trial 563 0 61841893 27.953094
-Trial 564 0 61841893 27.969218
-Trial 565 0 61841893 27.974200
-Trial 566 0 61841893 27.996032
-Trial 567 0 61841893 28.071999
* 568: Cost = 0_61841437, Time = 25.45 sec. 
-Trial 568 0 61841437 28.086013
-Trial 569 0 61841437 28.087093
* 570: Cost = 0_61836997, Time = 25.55 sec. 
-Trial 570 0 61836997 28.181281
* 571: Cost = 0_61835629, Time = 25.56 sec. 
-Trial 571 0 61835629 28.192006
-Trial 572 0 61835629 28.192720
-Trial 573 0 61835629 28.192994
-Trial 574 0 61835629 28.194840
-Trial 575 0 61835629 28.316836
-Trial 576 0 61835629 28.319811
-Trial 577 0 61835629 28.341200
-Trial 578 0 61835629 28.345609
-Trial 579 0 61835629 28.346234
-Trial 580 0 61835629 28.534903
-Trial 581 0 61835629 28.536711
-Trial 582 0 61835629 28.541247
-Trial 583 0 61835629 28.565132
-Trial 584 0 61835629 28.566698
-Trial 585 0 61835629 28.671488
-Trial 586 0 61835629 28.705734
-Trial 587 0 61835629 28.720694
-Trial 588 0 61835629 28.721632
-Trial 589 0 61835629 28.723176
-Trial 590 0 61835629 28.724937
* 591: Cost = 0_61834751, Time = 26.11 sec. 
-Trial 591 0 61834751 28.745875
-Trial 592 0 61834751 28.747146
-Trial 593 0 61834751 28.747809
-Trial 594 0 61834751 28.749013
-Trial 595 0 61834751 28.750725
-Trial 596 0 61834751 28.751034
-Trial 597 0 61834751 28.762435
-Trial 598 0 61834751 28.764624
* 599: Cost = 0_61813440, Time = 26.19 sec. 
-Trial 599 0 61813440 28.819112
-Trial 600 0 61813440 28.819939
-Trial 601 0 61813440 28.823892
* 602: Cost = 0_61745613, Time = 26.20 sec. 
-Trial 602 0 61745613 28.834134
-Trial 603 0 61745613 28.835748
-Trial 604 0 61745613 28.849845
-Trial 605 0 61745613 28.850163
-Trial 606 0 61745613 28.853911
-Trial 607 0 61745613 28.898809
-Trial 608 0 61745613 28.904912
-Trial 609 0 61745613 28.905701
-Trial 610 0 61745613 28.906417
-Trial 611 0 61745613 28.910171
-Trial 612 0 61745613 28.912058
-Trial 613 0 61745613 28.912454
-Trial 614 0 61745613 28.914025
-Trial 615 0 61745613 28.921763
-Trial 616 0 61745613 28.935274
-Trial 617 0 61745613 28.936617
-Trial 618 0 61745613 28.937653
-Trial 619 0 61745613 29.042751
* 620: Cost = 0_61734228, Time = 26.42 sec. 
-Trial 620 0 61734228 29.051715
* 621: Cost = 0_61726094, Time = 26.45 sec. 
-Trial 621 0 61726094 29.084381
-Trial 622 0 61726094 29.088852
-Trial 623 0 61726094 29.136197
-Trial 624 0 61726094 29.137194
* 625: Cost = 0_61708818, Time = 26.54 sec. 
-Trial 625 0 61708818 29.173884
-Trial 626 0 61708818 29.382892
-Trial 627 0 61708818 29.385239
-Trial 628 0 61708818 29.387485
* 629: Cost = 0_61707940, Time = 26.78 sec. 
-Trial 629 0 61707940 29.412254
-Trial 630 0 61707940 29.528811
-Trial 631 0 61707940 29.536485
-Trial 632 0 61707940 29.733316
-Trial 633 0 61707940 29.738212
-Trial 634 0 61707940 29.995138
* 635: Cost = 0_61701893, Time = 27.42 sec. 
-Trial 635 0 61701893 30.048504
-Trial 636 0 61701893 30.049625
-Trial 637 0 61701893 30.054188
-Trial 638 0 61701893 30.070972
* 639: Cost = 0_61700116, Time = 27.68 sec. 
-Trial 639 0 61700116 30.307396
-Trial 640 0 61700116 30.328414
-Trial 641 0 61700116 30.504602
-Trial 642 0 61700116 30.505126
* 643: Cost = 0_61693959, Time = 27.91 sec. 
-Trial 643 0 61693959 30.544771
-Trial 644 0 61693959 30.546835
-Trial 645 0 61693959 30.565353
-Trial 646 0 61693959 30.577054
-Trial 647 0 61693959 30.577962
* 648: Cost = 0_61685823, Time = 27.96 sec. 
-Trial 648 0 61685823 30.592217
-Trial 649 0 61685823 30.594882
-Trial 650 0 61685823 30.632728
-Trial 651 0 61685823 30.633525
-Trial 652 0 61685823 30.643109
-Trial 653 0 61685823 30.643944
-Trial 654 0 61685823 30.668687
-Trial 655 0 61685823 30.679577
* 656: Cost = 0_61682527, Time = 28.09 sec. 
-Trial 656 0 61682527 30.726617
-Trial 657 0 61682527 30.728831
* 658: Cost = 0_61681143, Time = 28.16 sec. 
-Trial 658 0 61681143 30.796045
-Trial 659 0 61681143 30.798224
-Trial 660 0 61681143 30.833099
-Trial 661 0 61681143 30.848830
-Trial 662 0 61681143 30.855241
-Trial 663 0 61681143 30.856012
-Trial 664 0 61681143 30.887618
* 665: Cost = 0_61665610, Time = 28.33 sec. 
-Trial 665 0 61665610 30.961962
-Trial 666 0 61665610 30.962459
-Trial 667 0 61665610 30.976870
-Trial 668 0 61665610 30.977753
-Trial 669 0 61665610 30.979338
-Trial 670 0 61665610 31.003566
-Trial 671 0 61665610 31.007488
-Trial 672 0 61665610 31.010252
-Trial 673 0 61665610 31.010667
-Trial 674 0 61665610 31.010919
-Trial 675 0 61665610 31.029199
-Trial 676 0 61665610 31.030265
* 677: Cost = 0_61637182, Time = 28.46 sec. 
-Trial 677 0 61637182 31.094546
-Trial 678 0 61637182 31.097915
-Trial 679 0 61637182 31.122504
-Trial 680 0 61637182 31.126510
-Trial 681 0 61637182 31.137070
-Trial 682 0 61637182 31.137520
-Trial 683 0 61637182 31.159028
-Trial 684 0 61637182 31.190969
-Trial 685 0 61637182 31.191998
-Trial 686 0 61637182 31.192883
-Trial 687 0 61637182 31.223534
-Trial 688 0 61637182 31.230622
-Trial 689 0 61637182 31.231279
-Trial 690 0 61637182 31.232428
-Trial 691 0 61637182 31.264720
-Trial 692 0 61637182 31.311420
-Trial 693 0 61637182 31.315111
-Trial 694 0 61637182 31.320895
-Trial 695 0 61637182 31.322607
-Trial 696 0 61637182 31.418458
-Trial 697 0 61637182 31.420988
-Trial 698 0 61637182 31.532467
-Trial 699 0 61637182 31.534935
-Trial 700 0 61637182 31.566151
-Trial 701 0 61637182 31.566427
-Trial 702 0 61637182 31.566705
-Trial 703 0 61637182 31.697539
-Trial 704 0 61637182 31.701076
-Trial 705 0 61637182 31.715786
-Trial 706 0 61637182 31.720117
-Trial 707 0 61637182 31.720498
-Trial 708 0 61637182 31.725691
-Trial 709 0 61637182 31.777424
* 710: Cost = 0_61635323, Time = 29.18 sec. 
-Trial 710 0 61635323 31.808561
-Trial 711 0 61635323 31.809809
-Trial 712 0 61635323 31.812326
-Trial 713 0 61635323 31.812607
-Trial 714 0 61635323 31.816307
-Trial 715 0 61635323 31.818017
-Trial 716 0 61635323 31.818948
-Trial 717 0 61635323 31.945077
-Trial 718 0 61635323 31.951330
-Trial 719 0 61635323 32.040352
-Trial 720 0 61635323 32.247572
-Trial 721 0 61635323 32.258615
-Trial 722 0 61635323 32.270679
-Trial 723 0 61635323 32.374208
-Trial 724 0 61635323 32.391826
-Trial 725 0 61635323 32.558514
-Trial 726 0 61635323 32.564349
-Trial 727 0 61635323 32.580644
-Trial 728 0 61635323 32.581446
-Trial 729 0 61635323 32.590312
-Trial 730 0 61635323 32.590756
-Trial 731 0 61635323 32.680474
-Trial 732 0 61635323 32.825508
-Trial 733 0 61635323 32.826338
-Trial 734 0 61635323 32.843284
* 735: Cost = 0_61609061, Time = 30.23 sec. 
-Trial 735 0 61609061 32.861150
-Trial 736 0 61609061 32.869094
-Trial 737 0 61609061 32.874684
-Trial 738 0 61609061 32.877291
-Trial 739 0 61609061 32.878714
-Trial 740 0 61609061 32.879713
-Trial 741 0 61609061 32.902406
-Trial 742 0 61609061 32.903801
-Trial 743 0 61609061 32.904498
-Trial 744 0 61609061 32.905156
-Trial 745 0 61609061 32.912516
-Trial 746 0 61609061 32.912833
-Trial 747 0 61609061 32.927283
-Trial 748 0 61609061 32.936540
* 749: Cost = 0_61607223, Time = 30.31 sec. 
-Trial 749 0 61607223 32.940053
-Trial 750 0 61607223 32.940634
-Trial 751 0 61607223 32.941231
-Trial 752 0 61607223 33.022975
-Trial 753 0 61607223 33.025019
-Trial 754 0 61607223 33.025776
-Trial 755 0 61607223 33.085210
-Trial 756 0 61607223 33.167176
-Trial 757 0 61607223 33.428868
-Trial 758 0 61607223 33.429436
-Trial 759 0 61607223 33.446140
* 760: Cost = 0_61606321, Time = 30.82 sec. 
-Trial 760 0 61606321 33.448267
* 761: Cost = 0_61605196, Time = 30.83 sec. 
-Trial 761 0 61605196 33.463826
-Trial 762 0 61605196 33.464239
-Trial 763 0 61605196 33.464604
-Trial 764 0 61605196 33.465245
-Trial 765 0 61605196 33.514086
-Trial 766 0 61605196 33.529763
-Trial 767 0 61605196 33.530482
-Trial 768 0 61605196 33.540627
-Trial 769 0 61605196 33.541360
-Trial 770 0 61605196 33.546154
* 771: Cost = 0_61603313, Time = 31.01 sec. 
-Trial 771 0 61603313 33.638597
* 772: Cost = 0_61601458, Time = 31.02 sec. 
-Trial 772 0 61601458 33.654712
-Trial 773 0 61601458 33.657153
-Trial 774 0 61601458 33.659189
-Trial 775 0 61601458 33.684618
-Trial 776 0 61601458 33.686426
-Trial 777 0 61601458 33.686850
-Trial 778 0 61601458 33.687272
-Trial 779 0 61601458 33.755848
-Trial 780 0 61601458 33.781001
-Trial 781 0 61601458 34.134287
-Trial 782 0 61601458 34.422184
-Trial 783 0 61601458 34.624139
-Trial 784 0 61601458 34.625382
-Trial 785 0 61601458 34.625919
-Trial 786 0 61601458 34.631074
-Trial 787 0 61601458 34.632877
-Trial 788 0 61601458 34.656791
-Trial 789 0 61601458 34.717949
-Trial 790 0 61601458 34.718643
-Trial 791 0 61601458 34.720521
-Trial 792 0 61601458 34.802943
-Trial 793 0 61601458 34.826492
-Trial 794 0 61601458 34.828030
-Trial 795 0 61601458 34.829887
-Trial 796 0 61601458 34.839790
-Trial 797 0 61601458 34.841905
-Trial 798 0 61601458 34.924428
-Trial 799 0 61601458 34.968608
-Trial 800 0 61601458 34.971146
-Trial 801 0 61601458 34.971848
* 802: Cost = 0_61601113, Time = 32.37 sec. 
-Trial 802 0 61601113 35.000007
-Trial 803 0 61601113 35.003306
-Trial 804 0 61601113 35.197919
-Trial 805 0 61601113 35.213638
-Trial 806 0 61601113 35.214395
-Trial 807 0 61601113 35.216612
* 808: Cost = 0_61595478, Time = 32.60 sec. 
-Trial 808 0 61595478 35.231543
-Trial 809 0 61595478 35.232100
-Trial 810 0 61595478 35.282851
-Trial 811 0 61595478 35.365884
-Trial 812 0 61595478 35.367222
-Trial 813 0 61595478 35.868387
* 814: Cost = 0_61590842, Time = 33.25 sec. 
-Trial 814 0 61590842 35.879674
-Trial 815 0 61590842 35.884625
-Trial 816 0 61590842 35.911269
-Trial 817 0 61590842 35.912731
-Trial 818 0 61590842 35.913668
-Trial 819 0 61590842 35.957877
-Trial 820 0 61590842 36.017142
-Trial 821 0 61590842 36.042189
-Trial 822 0 61590842 36.043546
-Trial 823 0 61590842 36.045127
-Trial 824 0 61590842 36.045826
-Trial 825 0 61590842 36.046408
-Trial 826 0 61590842 36.047026
* 827: Cost = 0_61581316, Time = 33.43 sec. 
-Trial 827 0 61581316 36.060067
-Trial 828 0 61581316 36.114869
-Trial 829 0 61581316 36.116257
-Trial 830 0 61581316 36.537707
-Trial 831 0 61581316 36.539776
-Trial 832 0 61581316 36.592408
-Trial 833 0 61581316 36.595792
-Trial 834 0 61581316 36.669331
-Trial 835 0 61581316 36.671762
-Trial 836 0 61581316 36.722482
-Trial 837 0 61581316 36.742009
* 838: Cost = 0_61564352, Time = 34.23 sec. 
-Trial 838 0 61564352 36.860635
-Trial 839 0 61564352 36.891606
-Trial 840 0 61564352 36.892515
-Trial 841 0 61564352 36.930177
-Trial 842 0 61564352 37.029705
* 843: Cost = 0_61557594, Time = 34.41 sec. 
-Trial 843 0 61557594 37.046880
-Trial 844 0 61557594 37.048061
-Trial 845 0 61557594 37.051135
-Trial 846 0 61557594 37.090615
-Trial 847 0 61557594 37.102337
* 848: Cost = 0_61535877, Time = 34.53 sec. 
-Trial 848 0 61535877 37.157703
-Trial 849 0 61535877 37.161028
-Trial 850 0 61535877 37.250235
-Trial 851 0 61535877 37.260555
-Trial 852 0 61535877 37.293238
-Trial 853 0 61535877 37.315433
-Trial 854 0 61535877 37.405681
-Trial 855 0 61535877 37.407820
-Trial 856 0 61535877 37.410270
-Trial 857 0 61535877 37.591839
-Trial 858 0 61535877 37.800913
* 859: Cost = 0_61499578, Time = 35.18 sec. 
-Trial 859 0 61499578 37.812052
-Trial 860 0 61499578 37.826371
-Trial 861 0 61499578 37.828919
-Trial 862 0 61499578 37.829757
-Trial 863 0 61499578 37.831506
-Trial 864 0 61499578 38.136234
* 865: Cost = 0_61460840, Time = 35.72 sec. 
-Trial 865 0 61460840 38.350600
-Trial 866 0 61460840 38.444903
-Trial 867 0 61460840 38.461532
-Trial 868 0 61460840 38.575061
-Trial 869 0 61460840 38.610740
-Trial 870 0 61460840 38.792999
-Trial 871 0 61460840 38.818435
* 872: Cost = 0_61457507, Time = 36.23 sec. 
-Trial 872 0 61457507 38.863584
-Trial 873 0 61457507 38.924502
-Trial 874 0 61457507 38.926234
-Trial 875 0 61457507 39.386289
-Trial 876 0 61457507 39.423441
-Trial 877 0 61457507 39.424882
* 878: Cost = 0_61455121, Time = 36.83 sec. 
-Trial 878 0 61455121 39.466940
-Trial 879 0 61455121 39.475603
* 880: Cost = 0_61454886, Time = 36.91 sec. 
-Trial 880 0 61454886 39.543691
-Trial 881 0 61454886 39.568458
-Trial 882 0 61454886 39.642966
-Trial 883 0 61454886 39.668376
-Trial 884 0 61454886 39.708595
-Trial 885 0 61454886 39.717741
-Trial 886 0 61454886 39.718509
-Trial 887 0 61454886 39.723680
-Trial 888 0 61454886 39.770527
-Trial 889 0 61454886 39.806233
-Trial 890 0 61454886 40.000777
-Trial 891 0 61454886 40.002048
-Trial 892 0 61454886 40.002306
-Trial 893 0 61454886 40.115780
-Trial 894 0 61454886 40.357021
-Trial 895 0 61454886 40.375316
-Trial 896 0 61454886 40.376979
-Trial 897 0 61454886 40.377485
-Trial 898 0 61454886 40.651689
-Trial 899 0 61454886 40.685331
-Trial 900 0 61454886 40.689195
-Trial 901 0 61454886 40.692767
-Trial 902 0 61454886 40.699354
-Trial 903 0 61454886 40.709783
-Trial 904 0 61454886 40.710807
-Trial 905 0 61454886 40.745954
-Trial 906 0 61454886 40.747451
-Trial 907 0 61454886 40.781182
-Trial 908 0 61454886 40.781444
-Trial 909 0 61454886 40.915325
-Trial 910 0 61454886 40.938099
-Trial 911 0 61454886 40.941291
-Trial 912 0 61454886 40.955432
-Trial 913 0 61454886 40.956195
-Trial 914 0 61454886 40.976274
-Trial 915 0 61454886 40.976557
-Trial 916 0 61454886 40.977431
-Trial 917 0 61454886 40.984136
-Trial 918 0 61454886 40.985695
-Trial 919 0 61454886 40.987042
-Trial 920 0 61454886 40.995319
-Trial 921 0 61454886 41.001515
-Trial 922 0 61454886 41.003522
-Trial 923 0 61454886 41.099540
-Trial 924 0 61454886 41.119892
-Trial 925 0 61454886 41.123494
-Trial 926 0 61454886 41.123837
-Trial 927 0 61454886 41.298892
-Trial 928 0 61454886 41.317547
-Trial 929 0 61454886 41.363906
-Trial 930 0 61454886 41.369009
-Trial 931 0 61454886 41.488720
-Trial 932 0 61454886 41.571092
-Trial 933 0 61454886 41.594644
* 934: Cost = 0_61453560, Time = 38.97 sec. 
-Trial 934 0 61453560 41.604795
-Trial 935 0 61453560 41.605276
-Trial 936 0 61453560 41.626459
-Trial 937 0 61453560 41.763527
-Trial 938 0 61453560 41.795141
-Trial 939 0 61453560 41.962101
-Trial 940 0 61453560 41.992199
-Trial 941 0 61453560 41.995254
-Trial 942 0 61453560 42.054442
-Trial 943 0 61453560 42.055616
-Trial 944 0 61453560 42.804825
-Trial 945 0 61453560 42.805272
-Trial 946 0 61453560 43.080020
-Trial 947 0 61453560 43.080281
-Trial 948 0 61453560 43.081529
-Trial 949 0 61453560 43.101095
-Trial 950 0 61453560 43.102970
-Trial 951 0 61453560 43.103599
-Trial 952 0 61453560 43.107954
-Trial 953 0 61453560 43.108265
-Trial 954 0 61453560 43.146135
-Trial 955 0 61453560 43.213163
-Trial 956 0 61453560 43.227689
-Trial 957 0 61453560 43.230380
-Trial 958 0 61453560 43.278669
-Trial 959 0 61453560 43.624748
-Trial 960 0 61453560 43.699875
-Trial 961 0 61453560 43.700643
-Trial 962 0 61453560 43.718680
* 963: Cost = 0_61448836, Time = 41.09 sec. 
-Trial 963 0 61448836 43.725497
* 964: Cost = 0_61448828, Time = 41.11 sec. 
-Trial 964 0 61448828 43.741492
-Trial 965 0 61448828 43.746171
-Trial 966 0 61448828 43.903850
-Trial 967 0 61448828 44.055488
-Trial 968 0 61448828 44.079095
-Trial 969 0 61448828 44.082958
-Trial 970 0 61448828 44.083360
-Trial 971 0 61448828 44.083876
-Trial 972 0 61448828 44.085683
-Trial 973 0 61448828 44.086062
-Trial 974 0 61448828 44.104506
-Trial 975 0 61448828 44.104965
-Trial 976 0 61448828 44.107320
-Trial 977 0 61448828 44.207658
-Trial 978 0 61448828 44.247048
-Trial 979 0 61448828 44.402763
-Trial 980 0 61448828 44.403396
-Trial 981 0 61448828 44.432487
-Trial 982 0 61448828 44.436812
-Trial 983 0 61448828 44.438864
-Trial 984 0 61448828 44.439450
-Trial 985 0 61448828 44.450092
-Trial 986 0 61448828 44.576226
-Trial 987 0 61448828 44.636745
-Trial 988 0 61448828 44.693371
-Trial 989 0 61448828 44.695176
-Trial 990 0 61448828 44.747293
-Trial 991 0 61448828 44.748239
* 992: Cost = 0_61444234, Time = 42.13 sec. 
-Trial 992 0 61444234 44.758922
-Trial 993 0 61444234 44.817921
* 994: Cost = 0_61439207, Time = 42.19 sec. 
-Trial 994 0 61439207 44.822280
-Trial 995 0 61439207 44.958216
-Trial 996 0 61439207 44.963496
-Trial 997 0 61439207 44.971850
* 998: Cost = 0_61433859, Time = 42.37 sec. 
-Trial 998 0 61433859 44.999591
-Trial 999 0 61433859 45.001137
-Trial 1000 0 61433859 45.147221
Population:
  1: 0_61433859
Run 1: Cost = 0_61433859, Time = 42.52 sec. 

Successes/Runs = 0/1 
Cost.min = 61433859, Cost.avg = 61433859.00, Cost.max = 61433859
Gap.min = 0.0000%, Gap.avg = 0.0000%, Gap.max = 0.0000%
Penalty.min = 0, Penalty.avg = 0.00, Penalty.max = 0
Trials.min = 1000, Trials.avg = 1000.0, Trials.max = 1000
Time.min = 42.52 sec., Time.avg = 42.52 sec., Time.max = 42.52 sec.
Time.total = 45.15 sec.
  Size.min = 20, Size.max = 49, Penalty = 0
  Cost.min = 518024, Cost.max = 2355352, Cost.sum = 61433859
Best CVRP solution:
  Cost = 0_61433859
1006 741 1028 538 1107 202 1447 978 1482 67 913 163 1310 627 11 1469 251 1244 1083 972 258 1460 173 286 672 363 434 543 1003 1531 804 1126 523 263 1304 371 365 1040 51 1375 1416 1320 389 404 1497 1211 856 1274 217 169 1465 681 643 1291 411 200 946 740 1356 847 553 1461 1388 334 503 1541 937 872 1488 475 1335 767 240 1017 1236 195 314 833 1101 518 522 308 822 39 1053 227 1504 864 1455 1154 1217 1249 662 745 1137 396 329 712 1410 653 1108 1174 414 189 1437 730 1477 512 357 209 1068 807 339 134 652 8 1135 257 1489 1092 327 657 841 1426 722 1368 1052 607 1535 1194 439 1450 744 135 82 158 1473 1016 102 1427 248 1346 947 307 497 68 187 1086 1088 802 754 484 699 487 2 147 816 1391 650 1158 899 430 17 360 698 437 1509 451 536 1050 1438 709 1423 570 1351 1311 116 1129 746 1202 1026 1327 1036 208 1290 1201 98 45 480 1204 48 1229 320 36 603 921 1336 494 1 40 967 352 164 828 631 299 979 1258 999 589 366 409 850 1125 356 446 1334 1385 46 358 410 321 41 945 453 1213 96 1362 468 74 1347 104 780 1155 1059 700 1341 1344 803 1525 636 1198 132 1141 126 1402 1420 637 736 854 1090 1032 1394 687 559 533 799 875 476 1286 840 554 481 225 92 1373 1038 984 884 960 660 394 1060 1030 1164 1533 1392 38 905 1491 25 728 1029 713 1352 606 726 781 1049 1371 1173 1123 181 1294 1206 561 234 540 1058 127 677 894 118 1257 751 1117 1065 971 1001 642 444 1536 267 1343 858 168 1140 1203 510 100 323 801 35 1333 648 442 1312 206 753 433 171 76 1307 1159 759 820 182 1134 1118 94 525 490 101 1209 679 1099 507 1023 1114 527 1532 113 292 743 548 707 270 87 964 188 232 1075 1232 1074 609 1434 575 520 1033 896 190 929 1007 691 460 88 1454 382 390 348 228 27 1136 177 1160 350 838 435 226 1521 1285 954 151 13 1011 1102 174 865 701 537 388 1464 1414 1138 355 855 668 535 742 338 176 784 340 1271 301 312 959 136 86 955 962 246 839 1031 1468 1412 716 256 4 1510 33 963 890 692 211 638 60 761 1436 384 10 1303 506 1014 680 224 1406 821 733 1145 254 928 635 580 612 696 377 1370 425 383 406 1439 1522 1364 243 1387 1177 714 505 261 42 1012 678 274 862 154 54 1015 1350 229 659 1227 1042 3 237 876 249 253 459 205 732 975 1073 461 1116 1025 1169 645 1010 1413 310 1152 1260 241 1513 725 879 140 1231 604 496 893 1319 621 91 447 1037 541 926 407 53 1223 223 1163 272 938 412 1445 1401 750 756 1237 29 449 1386 1381 333 1425 478 788 245 1520 5 1205 306 63 831 877 1115 611 1127 1259 180 21 981 665 1195 873 485 1407 233 387 1019 1269 1081 824 735 1200 1277 52 462 1183 1523 1411 1404 810 624 315 402 1082 1034 1480 1361 99 1004 26 649 628 1172 1162 765 431 75 588 702 901 774 976 1458 508 825 231 236 1008 904 868 1280 1321 1188 1094 141 1403 1472 1518 221 138 891 1180 663 1395 448 881 940 66 943 1035 965 1080 602 874 600 941 777 639 428 440 247 1184 1474 798 986 551 708 456 738 1487 770 748 399 1349 115 887 149 1511 595 424 130 835 297 888 1250 991 1339 902 898 1357 191 1171 846 150 1288 787 776 1378 90 1170 16 1022 337 703 795 344 500 260 1313 1005 302 397 1306 1466 71 1315 1527 1252 1234 1337 705 772 985 806 811 1405 1369 593 324 282 196 670 1144 474 626 159 1478 1301 178 769 427 1156 632 1150 309 1079 336 995 55 1308 623 661 65 1448 290 1379 1338 610 464 729 1528 422 791 826 1501 264 1441 857 694 361 1359 1225 734 572 375 1449 1151 1287 121 1442 880 1251 1456 157 715 1435 785 346 557 197 368 288 1446 77 401 193 587 1000 304 1516 372 704 1131 749 1264 786 1265 479 1167 1222 1324 1021 682 235 289 1142 819 853 647 1453 509 1467 83 220 859 827 933 1192 133 1087 1493 1270 1119 817 532 812 797 1190 923 259 32 526 1432 914 1122 1282 472 413 31 1512 1055 900 1295 467 870 1462 1071 142 379 935 615 948 842 1067 137 194 175 1318 1305 597 325 1045 917 1041 625 1276 1384 1077 1240 198 1024 463 956 354 808 1490 1418 114 1515 1484 1440 800 72 1054 1255 328 395 990 1148 1428 179 562 664 1479 930 764 596 129 273 110 576 658 109 634 1218 239 1064 1219 818 1212 1514 1444 1063 20 897 1342 529 455 997 1175 287 934 958 213 1105 24 1076 545 1495 886 152 1239 1210 805 1492 586 266 599 1111 316 1415 23 942 982 438 1279 605 330 1539 445 432 64 656 1417 345 1057 347 335 1178 688 269 349 594 1098 1323 482 1207 400 1367 1424 295 1120 871 1246 530 629 1281 125 343 521 617 676 1505 489 1072 757 313 571 457 585 1165 97 1408 12 980 778 1215 513 1330 640 1396 1208 303 1112 93 1061 120 84 1400 499 103 1020 1390 78 515 1070 392 644 1097 183 1267 1519 296 622 1143 1471 1317 544 34 992 1498 255 646 552 1273 1166 1179 792 1242 166 139 477 454 747 883 473 686 1430 73 620 996 143 685 1109 1128 441 311 1496 284 1538 30 560 794 830 569 952 9 50 265 1263 927 111 1298 601 317 1146 675 666 1481 558 331 581 1089 511 1380 848 62 1187 69 1476 1056 775 1132 1429 916 1186 1100 1503 124 421 1216 1062 814 364 1329 207 501 951 654 153 922 1196 912 915 1043 1069 651 860 283 1243 809 1485 1226 1377 1486 1133 1253 1348 739 502 1261 1268 556 450 1506 907 920 782 1299 1113 911 128 1248 1121 280 1185 1419 925 852 1235 766 398 721 867 1002 420 789 614 212 161 949 727 491 829 106 549 112 1537 1354 641 148 1483 386 1382 19 201 1157 674 737 252 107 683 1393 131 293 332 882 342 279 122 1197 1289 369 418 145 373 1078 1027 43 1214 493 167 15 1524 1326 1266 1332 667 37 987 697 1106 993 1182 939 989 1191 1104 1199 1013 362 555 1322 466 524 452 618 1044 123 458 608 1228 415 1066 70 613 968 1534 408 370 547 419 1309 1353 758 1048 546 57 531 684 85 1220 1300 577 341 693 294 170 79 924 1360 215 832 1124 1256 909 319 380 1051 567 1262 117 443 1363 1245 28 105 796 1507 1475 1161 1345 583 22 573 1292 1422 723 429 214 1374 633 773 1431 519 1241 969 1398 1176 1254 539 1095 56 244 815 1331 584 1193 844 204 242 863 374 823 1130 528 514 1529 813 895 44 1314 1296 711 918 405 724 471 695 160 889 944 185 1293 966 1383 906 222 578 95 203 919 1470 426 953 903 869 961 1093 983 1433 262 1526 630 416 58 165 564 783 216 977 218 1189 768 669 89 271 1421 1084 1340 18 1168 156 1233 834 878 1272 849 866 1046 565 351 318 1457 568 1500 1110 563 1221 616 486 1508 285 710 689 671 974 488 1096 845 1103 950 579 1284 291 908 1494 49 542 367 1224 719 353 1452 498 574 718 199 717 1153 14 172 385 517 998 1278 1499 393 483 1530 970 275 1366 80 162 1149 47 495 119 1147 1039 973 1409 534 230 210 378 298 1297 504 1355 469 7 1316 268 763 6 1047 1397 1463 1358 1502 931 391 417 851 1247 1328 305 582 861 144 1443 1091 465 1009 592 59 619 655 706 720 1372 516 957 910 790 762 771 932 1365 690 793 492 836 1459 885 155 281 1085 779 1325 837 1540 936 755 892 1018 843 146 731 1238 186 591 81 277 238 550 376 1399 61 988 1181 108 1302 1389 322 192 1230 760 184 470 403 278 994 359 250 752 300 598 1517 326 1283 219 1275 1376 673 276 436 1451 1139 381 590 566 423 1006 
