PARAMETER_FILE = result/cvrp_1500/LKH_para/50.para
Reading PROBLEM_FILE: "result/cvrp_1500/cvrp/50.cvrp" ... done
ASCENT_CANDIDATES = 50
BACKBONE_TRIALS = 0
BACKTRACKING = NO
# BWTSP =
# CANDIDATE_FILE =
CANDIDATE_SET_TYPE = ALPHA
DEPOT = 1
# EDGE_FILE =
EXCESS = 0.000666223
EXTERNAL_SALESMEN = 0
EXTRA_CANDIDATES = 0 
EXTRA_CANDIDATE_SET_TYPE = QUADRANT
GAIN23 = NO
GAIN_CRITERION = YES
INITIAL_PERIOD = 750
INITIAL_STEP_SIZE = 1
INITIAL_TOUR_ALGORITHM = WALK
# INITIAL_TOUR_FILE = 
INITIAL_TOUR_FRACTION = 1.000
# INPUT_TOUR_FILE = 
KICK_TYPE = 4
KICKS = 1
# MAX_BREADTH =
MAKESPAN = NO
MAX_CANDIDATES = 5 
MAX_SWAPS = 0
MAX_TRIALS = 1000
# MERGE_TOUR_FILE =
MOVE_TYPE = 5 SPECIAL
MTSP_MIN_SIZE = 1
MTSP_MAX_SIZE = 1500
# MTSP_SOLUTION_FILE = 
# NONSEQUENTIAL_MOVE_TYPE = 5
# OPTIMUM =
# OUTPUT_TOUR_FILE = 
PATCHING_A = 1 
PATCHING_C = 0 
# PI_FILE = 
POPMUSIC_INITIAL_TOUR = NO
POPMUSIC_MAX_NEIGHBORS = 5
POPMUSIC_SAMPLE_SIZE = 10
POPMUSIC_SOLUTIONS = 50
POPMUSIC_TRIALS = 1
POPULATION_SIZE = 10
PRECISION = 100
PROBLEM_FILE = result/cvrp_1500/cvrp/50.cvrp
RECOMBINATION = IPT
RESTRICTED_SEARCH = YES
RUNS = 1
SALESMEN = 41
SCALE = 1
SEED = 1234
# SINTEF_SOLUTION_FILE = 
STOP_AT_OPTIMUM = YES
SUBGRADIENT = YES
# SUBPROBLEM_SIZE =
# SUBPROBLEM_TOUR_FILE = 
SUBSEQUENT_MOVE_TYPE = 5 SPECIAL
SUBSEQUENT_PATCHING = YES
# TIME_LIMIT =
# TOUR_FILE = 
TRACE_LEVEL = 1
VEHICLES = 41

Lower bound = 31839779.2, Ascent time = 2.47 sec.
Cand.min = 2, Cand.avg = 5.0, Cand.max = 5
Preprocessing time = 2.53 sec.
* 1: Cost = 0_78411438, Time = 4.32 sec. 
-Trial 1 0 78411438 6.844826
* 2: Cost = 0_78240673, Time = 4.33 sec. 
-Trial 2 0 78240673 6.856503
-Trial 3 0 78240673 6.856926
* 4: Cost = 0_78197418, Time = 4.34 sec. 
-Trial 4 0 78197418 6.863646
-Trial 5 0 78197418 6.864565
* 6: Cost = 0_77194704, Time = 4.40 sec. 
-Trial 6 0 77194704 6.930957
-Trial 7 0 77194704 6.931709
-Trial 8 0 77194704 6.933277
-Trial 9 0 77194704 6.936558
-Trial 10 0 77194704 6.959964
-Trial 11 0 77194704 6.966826
-Trial 12 0 77194704 6.967063
-Trial 13 0 77194704 6.967398
-Trial 14 0 77194704 6.967801
* 15: Cost = 0_77085435, Time = 4.45 sec. 
-Trial 15 0 77085435 6.978013
-Trial 16 0 77085435 6.979384
-Trial 17 0 77085435 6.980471
-Trial 18 0 77085435 6.981978
-Trial 19 0 77085435 6.982827
-Trial 20 0 77085435 6.984050
-Trial 21 0 77085435 6.985255
* 22: Cost = 0_76997766, Time = 4.50 sec. 
-Trial 22 0 76997766 7.022998
* 23: Cost = 0_76940994, Time = 4.52 sec. 
-Trial 23 0 76940994 7.042502
-Trial 24 0 76940994 7.147875
-Trial 25 0 76940994 7.156998
-Trial 26 0 76940994 7.157816
* 27: Cost = 0_76935019, Time = 4.64 sec. 
-Trial 27 0 76935019 7.164999
-Trial 28 0 76935019 7.183068
-Trial 29 0 76935019 7.183830
-Trial 30 0 76935019 7.186786
-Trial 31 0 76935019 7.204621
-Trial 32 0 76935019 7.228889
-Trial 33 0 76935019 7.229457
-Trial 34 0 76935019 7.230159
* 35: Cost = 0_76928091, Time = 4.72 sec. 
-Trial 35 0 76928091 7.243211
* 36: Cost = 0_76846247, Time = 4.78 sec. 
-Trial 36 0 76846247 7.307522
-Trial 37 0 76846247 7.313250
-Trial 38 0 76846247 7.315067
* 39: Cost = 0_76839123, Time = 4.87 sec. 
-Trial 39 0 76839123 7.394016
-Trial 40 0 76839123 7.395059
-Trial 41 0 76839123 7.398245
-Trial 42 0 76839123 7.406005
* 43: Cost = 0_76828944, Time = 4.89 sec. 
-Trial 43 0 76828944 7.416552
-Trial 44 0 76828944 7.432308
* 45: Cost = 0_76816754, Time = 4.93 sec. 
-Trial 45 0 76816754 7.457746
-Trial 46 0 76816754 7.458355
-Trial 47 0 76816754 7.500162
-Trial 48 0 76816754 7.513390
* 49: Cost = 0_76127327, Time = 5.18 sec. 
-Trial 49 0 76127327 7.706314
-Trial 50 0 76127327 7.764308
-Trial 51 0 76127327 7.767355
* 52: Cost = 0_76087908, Time = 5.24 sec. 
-Trial 52 0 76087908 7.769967
* 53: Cost = 0_75996557, Time = 5.34 sec. 
-Trial 53 0 75996557 7.868121
* 54: Cost = 0_75996473, Time = 5.37 sec. 
-Trial 54 0 75996473 7.892585
-Trial 55 0 75996473 7.894444
* 56: Cost = 0_75953268, Time = 5.40 sec. 
-Trial 56 0 75953268 7.925301
* 57: Cost = 0_75902016, Time = 5.41 sec. 
-Trial 57 0 75902016 7.941091
-Trial 58 0 75902016 7.945762
-Trial 59 0 75902016 7.953784
* 60: Cost = 0_75896333, Time = 5.46 sec. 
-Trial 60 0 75896333 7.990063
-Trial 61 0 75896333 8.007576
* 62: Cost = 0_75895239, Time = 5.49 sec. 
-Trial 62 0 75895239 8.012434
-Trial 63 0 75895239 8.029658
-Trial 64 0 75895239 8.111585
-Trial 65 0 75895239 8.133140
-Trial 66 0 75895239 8.133751
-Trial 67 0 75895239 8.135256
* 68: Cost = 0_75567245, Time = 5.85 sec. 
-Trial 68 0 75567245 8.377166
-Trial 69 0 75567245 8.624039
-Trial 70 0 75567245 8.625122
-Trial 71 0 75567245 8.651521
* 72: Cost = 0_75503975, Time = 6.13 sec. 
-Trial 72 0 75503975 8.660631
* 73: Cost = 0_74966429, Time = 6.18 sec. 
-Trial 73 0 74966429 8.711630
-Trial 74 0 74966429 8.712825
-Trial 75 0 74966429 8.715424
-Trial 76 0 74966429 8.717596
-Trial 77 0 74966429 8.736650
-Trial 78 0 74966429 8.744408
* 79: Cost = 0_74690550, Time = 6.31 sec. 
-Trial 79 0 74690550 8.837685
* 80: Cost = 0_74568819, Time = 6.35 sec. 
-Trial 80 0 74568819 8.876526
* 81: Cost = 0_74534174, Time = 6.49 sec. 
-Trial 81 0 74534174 9.016438
* 82: Cost = 0_74205870, Time = 6.53 sec. 
-Trial 82 0 74205870 9.055527
-Trial 83 0 74205870 9.617120
* 84: Cost = 0_73969269, Time = 7.26 sec. 
-Trial 84 0 73969269 9.791563
* 85: Cost = 0_73923930, Time = 7.33 sec. 
-Trial 85 0 73923930 9.861892
-Trial 86 0 73923930 9.862168
-Trial 87 0 73923930 9.865051
* 88: Cost = 0_73899577, Time = 7.36 sec. 
-Trial 88 0 73899577 9.888156
-Trial 89 0 73899577 9.919615
* 90: Cost = 0_73871945, Time = 7.42 sec. 
-Trial 90 0 73871945 9.945327
* 91: Cost = 0_73824178, Time = 7.44 sec. 
-Trial 91 0 73824178 9.965027
-Trial 92 0 73824178 9.965797
* 93: Cost = 0_73822219, Time = 7.45 sec. 
-Trial 93 0 73822219 9.974566
* 94: Cost = 0_73773963, Time = 7.49 sec. 
-Trial 94 0 73773963 10.017534
* 95: Cost = 0_73717605, Time = 7.57 sec. 
-Trial 95 0 73717605 10.095420
-Trial 96 0 73717605 10.101067
-Trial 97 0 73717605 10.101308
-Trial 98 0 73717605 10.101968
-Trial 99 0 73717605 10.153872
* 100: Cost = 0_73685092, Time = 7.65 sec. 
-Trial 100 0 73685092 10.177875
-Trial 101 0 73685092 10.185001
* 102: Cost = 0_73598212, Time = 7.68 sec. 
-Trial 102 0 73598212 10.207817
-Trial 103 0 73598212 10.209105
-Trial 104 0 73598212 10.260734
* 105: Cost = 0_73597539, Time = 7.74 sec. 
-Trial 105 0 73597539 10.267841
* 106: Cost = 0_73389892, Time = 7.83 sec. 
-Trial 106 0 73389892 10.353018
* 107: Cost = 0_73380310, Time = 7.83 sec. 
-Trial 107 0 73380310 10.357750
* 108: Cost = 0_73371089, Time = 7.83 sec. 
-Trial 108 0 73371089 10.360605
* 109: Cost = 0_73347348, Time = 7.85 sec. 
-Trial 109 0 73347348 10.374154
-Trial 110 0 73347348 10.400914
-Trial 111 0 73347348 10.401319
-Trial 112 0 73347348 10.422044
* 113: Cost = 0_73335812, Time = 7.94 sec. 
-Trial 113 0 73335812 10.462893
* 114: Cost = 0_73306775, Time = 7.97 sec. 
-Trial 114 0 73306775 10.500760
-Trial 115 0 73306775 10.501708
-Trial 116 0 73306775 10.502479
-Trial 117 0 73306775 10.502720
-Trial 118 0 73306775 10.505660
-Trial 119 0 73306775 10.506793
* 120: Cost = 0_73300092, Time = 8.00 sec. 
-Trial 120 0 73300092 10.527123
-Trial 121 0 73300092 10.532560
-Trial 122 0 73300092 10.533269
-Trial 123 0 73300092 10.537246
-Trial 124 0 73300092 10.538778
-Trial 125 0 73300092 10.562845
-Trial 126 0 73300092 10.572917
-Trial 127 0 73300092 10.576675
* 128: Cost = 0_73290279, Time = 8.06 sec. 
-Trial 128 0 73290279 10.589059
-Trial 129 0 73290279 10.595954
* 130: Cost = 0_73285750, Time = 8.08 sec. 
-Trial 130 0 73285750 10.607335
-Trial 131 0 73285750 10.611867
* 132: Cost = 0_73020505, Time = 8.21 sec. 
-Trial 132 0 73020505 10.737817
* 133: Cost = 0_72947516, Time = 8.23 sec. 
-Trial 133 0 72947516 10.756301
* 134: Cost = 0_72943392, Time = 9.05 sec. 
-Trial 134 0 72943392 11.576151
-Trial 135 0 72943392 11.584089
* 136: Cost = 0_72731332, Time = 9.58 sec. 
-Trial 136 0 72731332 12.112007
-Trial 137 0 72731332 12.114768
-Trial 138 0 72731332 12.118328
-Trial 139 0 72731332 12.119254
-Trial 140 0 72731332 12.124718
-Trial 141 0 72731332 12.137247
-Trial 142 0 72731332 12.201264
-Trial 143 0 72731332 12.213363
-Trial 144 0 72731332 12.220824
-Trial 145 0 72731332 12.222333
-Trial 146 0 72731332 12.226302
-Trial 147 0 72731332 12.228292
-Trial 148 0 72731332 12.268667
-Trial 149 0 72731332 12.278036
-Trial 150 0 72731332 12.369322
-Trial 151 0 72731332 12.468669
-Trial 152 0 72731332 12.469015
-Trial 153 0 72731332 12.482520
-Trial 154 0 72731332 12.489996
* 155: Cost = 0_72701729, Time = 10.08 sec. 
-Trial 155 0 72701729 12.609365
-Trial 156 0 72701729 12.610790
* 157: Cost = 0_72693222, Time = 10.11 sec. 
-Trial 157 0 72693222 12.636330
* 158: Cost = 0_72645193, Time = 10.13 sec. 
-Trial 158 0 72645193 12.652485
-Trial 159 0 72645193 12.762965
-Trial 160 0 72645193 12.763213
* 161: Cost = 0_72635655, Time = 10.24 sec. 
-Trial 161 0 72635655 12.766178
-Trial 162 0 72635655 12.768724
-Trial 163 0 72635655 12.770183
-Trial 164 0 72635655 12.787248
-Trial 165 0 72635655 12.840981
* 166: Cost = 0_72630472, Time = 10.32 sec. 
-Trial 166 0 72630472 12.851352
-Trial 167 0 72630472 12.852236
* 168: Cost = 0_72629018, Time = 10.33 sec. 
-Trial 168 0 72629018 12.853657
-Trial 169 0 72629018 12.968925
* 170: Cost = 0_72600891, Time = 10.47 sec. 
-Trial 170 0 72600891 12.995144
-Trial 171 0 72600891 13.009183
-Trial 172 0 72600891 13.186976
-Trial 173 0 72600891 13.189948
-Trial 174 0 72600891 13.190452
* 175: Cost = 0_72584726, Time = 10.69 sec. 
-Trial 175 0 72584726 13.217747
* 176: Cost = 0_72557957, Time = 10.71 sec. 
-Trial 176 0 72557957 13.232535
-Trial 177 0 72557957 13.235270
-Trial 178 0 72557957 13.238143
-Trial 179 0 72557957 13.365133
-Trial 180 0 72557957 13.455777
-Trial 181 0 72557957 13.457785
-Trial 182 0 72557957 13.458074
-Trial 183 0 72557957 13.458600
-Trial 184 0 72557957 13.459279
-Trial 185 0 72557957 13.488650
* 186: Cost = 0_72534488, Time = 10.96 sec. 
-Trial 186 0 72534488 13.490819
-Trial 187 0 72534488 13.513065
-Trial 188 0 72534488 13.514498
* 189: Cost = 0_72480978, Time = 11.02 sec. 
-Trial 189 0 72480978 13.551174
* 190: Cost = 0_72416997, Time = 11.06 sec. 
-Trial 190 0 72416997 13.584914
* 191: Cost = 0_72324197, Time = 11.08 sec. 
-Trial 191 0 72324197 13.610930
-Trial 192 0 72324197 13.612596
-Trial 193 0 72324197 13.613305
* 194: Cost = 0_72315641, Time = 11.10 sec. 
-Trial 194 0 72315641 13.623474
-Trial 195 0 72315641 13.630416
-Trial 196 0 72315641 13.906707
-Trial 197 0 72315641 13.908225
-Trial 198 0 72315641 14.302640
-Trial 199 0 72315641 14.307673
-Trial 200 0 72315641 14.307936
-Trial 201 0 72315641 14.310479
-Trial 202 0 72315641 14.314906
-Trial 203 0 72315641 14.316749
-Trial 204 0 72315641 14.417547
-Trial 205 0 72315641 14.423492
-Trial 206 0 72315641 14.426238
-Trial 207 0 72315641 14.428901
-Trial 208 0 72315641 14.435637
-Trial 209 0 72315641 14.437750
-Trial 210 0 72315641 14.444000
-Trial 211 0 72315641 14.450210
-Trial 212 0 72315641 14.526548
-Trial 213 0 72315641 14.531799
-Trial 214 0 72315641 14.532126
-Trial 215 0 72315641 14.534001
-Trial 216 0 72315641 14.534484
-Trial 217 0 72315641 14.564722
-Trial 218 0 72315641 14.587516
-Trial 219 0 72315641 14.598487
-Trial 220 0 72315641 14.797727
-Trial 221 0 72315641 14.815101
-Trial 222 0 72315641 14.942557
-Trial 223 0 72315641 15.040454
-Trial 224 0 72315641 15.075029
-Trial 225 0 72315641 15.130551
-Trial 226 0 72315641 15.132069
-Trial 227 0 72315641 15.132745
* 228: Cost = 0_72309431, Time = 12.78 sec. 
-Trial 228 0 72309431 15.303618
-Trial 229 0 72309431 15.307517
-Trial 230 0 72309431 15.308392
* 231: Cost = 0_72191771, Time = 12.83 sec. 
-Trial 231 0 72191771 15.357849
-Trial 232 0 72191771 15.361550
-Trial 233 0 72191771 15.363275
* 234: Cost = 0_72186300, Time = 12.85 sec. 
-Trial 234 0 72186300 15.378758
-Trial 235 0 72186300 15.384680
* 236: Cost = 0_72176109, Time = 12.96 sec. 
-Trial 236 0 72176109 15.490926
-Trial 237 0 72176109 15.510935
* 238: Cost = 0_72158134, Time = 13.11 sec. 
-Trial 238 0 72158134 15.638014
-Trial 239 0 72158134 15.647150
-Trial 240 0 72158134 15.647596
* 241: Cost = 0_72068822, Time = 13.20 sec. 
-Trial 241 0 72068822 15.728968
* 242: Cost = 0_72007937, Time = 13.21 sec. 
-Trial 242 0 72007937 15.734443
-Trial 243 0 72007937 15.739585
-Trial 244 0 72007937 15.745521
-Trial 245 0 72007937 15.755837
-Trial 246 0 72007937 15.761197
-Trial 247 0 72007937 15.777903
-Trial 248 0 72007937 15.788599
-Trial 249 0 72007937 15.790284
-Trial 250 0 72007937 15.792708
-Trial 251 0 72007937 15.793524
-Trial 252 0 72007937 15.845904
-Trial 253 0 72007937 15.846150
-Trial 254 0 72007937 15.849991
-Trial 255 0 72007937 16.017413
-Trial 256 0 72007937 16.019766
* 257: Cost = 0_71974983, Time = 13.51 sec. 
-Trial 257 0 71974983 16.036857
-Trial 258 0 71974983 16.038793
-Trial 259 0 71974983 16.059951
-Trial 260 0 71974983 16.060447
-Trial 261 0 71974983 16.105164
-Trial 262 0 71974983 16.111189
-Trial 263 0 71974983 16.112149
-Trial 264 0 71974983 16.130397
-Trial 265 0 71974983 16.153573
-Trial 266 0 71974983 16.156450
-Trial 267 0 71974983 16.156695
* 268: Cost = 0_71962096, Time = 13.72 sec. 
-Trial 268 0 71962096 16.251589
-Trial 269 0 71962096 16.276037
-Trial 270 0 71962096 16.280091
-Trial 271 0 71962096 16.280950
-Trial 272 0 71962096 16.291621
-Trial 273 0 71962096 16.346594
-Trial 274 0 71962096 16.352297
-Trial 275 0 71962096 16.354982
-Trial 276 0 71962096 16.355586
-Trial 277 0 71962096 16.356259
* 278: Cost = 0_71716276, Time = 13.85 sec. 
-Trial 278 0 71716276 16.379763
* 279: Cost = 0_71711878, Time = 13.86 sec. 
-Trial 279 0 71711878 16.385416
-Trial 280 0 71711878 16.436257
-Trial 281 0 71711878 16.450195
-Trial 282 0 71711878 16.450505
-Trial 283 0 71711878 16.451740
-Trial 284 0 71711878 16.465801
-Trial 285 0 71711878 16.469188
-Trial 286 0 71711878 16.470193
-Trial 287 0 71711878 16.470796
-Trial 288 0 71711878 16.473299
-Trial 289 0 71711878 16.480246
-Trial 290 0 71711878 16.480720
-Trial 291 0 71711878 16.482338
* 292: Cost = 0_71671333, Time = 14.13 sec. 
-Trial 292 0 71671333 16.660159
-Trial 293 0 71671333 16.666196
-Trial 294 0 71671333 16.691719
* 295: Cost = 0_71598246, Time = 14.24 sec. 
-Trial 295 0 71598246 16.766562
-Trial 296 0 71598246 16.767325
-Trial 297 0 71598246 16.769756
* 298: Cost = 0_71597661, Time = 14.24 sec. 
-Trial 298 0 71597661 16.772104
* 299: Cost = 0_71562456, Time = 14.25 sec. 
-Trial 299 0 71562456 16.780570
* 300: Cost = 0_71526192, Time = 14.27 sec. 
-Trial 300 0 71526192 16.796105
-Trial 301 0 71526192 16.798673
-Trial 302 0 71526192 16.908423
-Trial 303 0 71526192 17.011954
-Trial 304 0 71526192 17.024280
-Trial 305 0 71526192 17.026683
-Trial 306 0 71526192 17.032918
-Trial 307 0 71526192 17.043201
-Trial 308 0 71526192 17.111217
* 309: Cost = 0_71523323, Time = 14.59 sec. 
-Trial 309 0 71523323 17.114431
* 310: Cost = 0_71516917, Time = 14.60 sec. 
-Trial 310 0 71516917 17.131714
* 311: Cost = 0_71513900, Time = 14.61 sec. 
-Trial 311 0 71513900 17.137739
-Trial 312 0 71513900 17.139114
-Trial 313 0 71513900 17.140852
* 314: Cost = 0_71499410, Time = 14.66 sec. 
-Trial 314 0 71499410 17.183602
-Trial 315 0 71499410 17.287300
-Trial 316 0 71499410 17.287907
-Trial 317 0 71499410 17.289503
-Trial 318 0 71499410 17.603185
-Trial 319 0 71499410 17.603719
-Trial 320 0 71499410 17.700608
-Trial 321 0 71499410 17.731583
-Trial 322 0 71499410 17.732379
-Trial 323 0 71499410 17.733539
* 324: Cost = 0_71496199, Time = 15.24 sec. 
-Trial 324 0 71496199 17.762742
-Trial 325 0 71496199 17.902900
-Trial 326 0 71496199 17.981370
-Trial 327 0 71496199 18.086342
-Trial 328 0 71496199 18.182723
-Trial 329 0 71496199 18.183023
-Trial 330 0 71496199 18.186206
-Trial 331 0 71496199 18.395871
-Trial 332 0 71496199 18.404780
-Trial 333 0 71496199 18.408620
* 334: Cost = 0_71450312, Time = 15.90 sec. 
-Trial 334 0 71450312 18.422521
-Trial 335 0 71450312 18.423117
-Trial 336 0 71450312 18.425474
-Trial 337 0 71450312 18.425748
-Trial 338 0 71450312 18.446439
-Trial 339 0 71450312 18.455185
-Trial 340 0 71450312 18.606096
-Trial 341 0 71450312 18.609242
-Trial 342 0 71450312 18.612466
-Trial 343 0 71450312 18.622760
-Trial 344 0 71450312 18.644799
-Trial 345 0 71450312 18.647642
-Trial 346 0 71450312 18.662831
* 347: Cost = 0_71441879, Time = 16.19 sec. 
-Trial 347 0 71441879 18.720533
-Trial 348 0 71441879 18.721625
-Trial 349 0 71441879 18.727386
-Trial 350 0 71441879 18.727756
* 351: Cost = 0_71351615, Time = 16.22 sec. 
-Trial 351 0 71351615 18.746033
-Trial 352 0 71351615 18.746361
-Trial 353 0 71351615 18.746725
-Trial 354 0 71351615 18.747480
-Trial 355 0 71351615 18.748714
-Trial 356 0 71351615 18.763744
-Trial 357 0 71351615 18.764449
* 358: Cost = 0_71351163, Time = 16.25 sec. 
-Trial 358 0 71351163 18.775919
* 359: Cost = 0_71343078, Time = 16.28 sec. 
-Trial 359 0 71343078 18.804393
-Trial 360 0 71343078 18.813777
-Trial 361 0 71343078 18.814674
-Trial 362 0 71343078 18.843717
* 363: Cost = 0_71338910, Time = 16.35 sec. 
-Trial 363 0 71338910 18.873612
-Trial 364 0 71338910 18.979104
-Trial 365 0 71338910 19.024495
-Trial 366 0 71338910 19.026025
-Trial 367 0 71338910 19.146770
-Trial 368 0 71338910 19.147657
* 369: Cost = 0_71330800, Time = 16.64 sec. 
-Trial 369 0 71330800 19.165241
-Trial 370 0 71330800 19.165838
* 371: Cost = 0_71326162, Time = 16.70 sec. 
-Trial 371 0 71326162 19.230862
-Trial 372 0 71326162 19.356271
-Trial 373 0 71326162 19.376950
-Trial 374 0 71326162 19.431648
-Trial 375 0 71326162 19.541081
-Trial 376 0 71326162 19.541331
-Trial 377 0 71326162 19.541863
-Trial 378 0 71326162 19.689606
-Trial 379 0 71326162 19.693157
-Trial 380 0 71326162 19.744173
-Trial 381 0 71326162 19.874604
-Trial 382 0 71326162 19.898381
-Trial 383 0 71326162 19.899143
-Trial 384 0 71326162 19.900230
-Trial 385 0 71326162 19.924572
-Trial 386 0 71326162 19.928877
-Trial 387 0 71326162 19.953667
-Trial 388 0 71326162 19.964495
-Trial 389 0 71326162 19.971985
-Trial 390 0 71326162 19.972344
* 391: Cost = 0_71312237, Time = 17.48 sec. 
-Trial 391 0 71312237 20.010313
* 392: Cost = 0_71303844, Time = 17.52 sec. 
-Trial 392 0 71303844 20.049025
-Trial 393 0 71303844 20.115681
-Trial 394 0 71303844 20.116995
-Trial 395 0 71303844 20.144842
-Trial 396 0 71303844 20.155959
-Trial 397 0 71303844 20.175254
-Trial 398 0 71303844 20.175656
-Trial 399 0 71303844 20.176193
-Trial 400 0 71303844 20.220323
-Trial 401 0 71303844 20.258059
-Trial 402 0 71303844 20.258656
-Trial 403 0 71303844 20.260937
-Trial 404 0 71303844 20.288937
-Trial 405 0 71303844 20.293118
-Trial 406 0 71303844 20.293731
-Trial 407 0 71303844 20.300436
* 408: Cost = 0_71300506, Time = 17.79 sec. 
-Trial 408 0 71300506 20.317676
-Trial 409 0 71300506 20.434072
* 410: Cost = 0_71296921, Time = 17.92 sec. 
-Trial 410 0 71296921 20.445205
-Trial 411 0 71296921 20.448160
* 412: Cost = 0_71291971, Time = 17.92 sec. 
-Trial 412 0 71291971 20.450684
* 413: Cost = 0_71286207, Time = 17.99 sec. 
-Trial 413 0 71286207 20.520702
* 414: Cost = 0_71284231, Time = 18.00 sec. 
-Trial 414 0 71284231 20.530938
-Trial 415 0 71284231 20.634733
-Trial 416 0 71284231 20.634983
-Trial 417 0 71284231 20.653730
* 418: Cost = 0_71271023, Time = 18.16 sec. 
-Trial 418 0 71271023 20.687587
-Trial 419 0 71271023 20.739991
-Trial 420 0 71271023 20.757334
-Trial 421 0 71271023 20.769699
-Trial 422 0 71271023 20.829287
-Trial 423 0 71271023 20.870822
-Trial 424 0 71271023 20.904318
-Trial 425 0 71271023 20.909618
-Trial 426 0 71271023 20.918444
-Trial 427 0 71271023 20.919542
-Trial 428 0 71271023 20.981638
-Trial 429 0 71271023 20.987455
-Trial 430 0 71271023 21.004211
* 431: Cost = 0_71221160, Time = 18.48 sec. 
-Trial 431 0 71221160 21.007397
-Trial 432 0 71221160 21.055303
* 433: Cost = 0_71218950, Time = 18.55 sec. 
-Trial 433 0 71218950 21.079873
-Trial 434 0 71218950 21.126871
-Trial 435 0 71218950 21.234396
-Trial 436 0 71218950 21.247750
-Trial 437 0 71218950 21.249316
-Trial 438 0 71218950 21.327480
-Trial 439 0 71218950 21.545872
* 440: Cost = 0_71185777, Time = 19.13 sec. 
-Trial 440 0 71185777 21.653289
* 441: Cost = 0_71152455, Time = 19.19 sec. 
-Trial 441 0 71152455 21.714970
-Trial 442 0 71152455 21.719626
-Trial 443 0 71152455 21.740761
-Trial 444 0 71152455 21.761399
-Trial 445 0 71152455 21.766400
-Trial 446 0 71152455 22.048230
-Trial 447 0 71152455 22.053134
-Trial 448 0 71152455 22.056802
-Trial 449 0 71152455 22.147390
-Trial 450 0 71152455 22.150513
-Trial 451 0 71152455 22.298746
-Trial 452 0 71152455 22.301149
-Trial 453 0 71152455 22.301934
-Trial 454 0 71152455 22.304061
-Trial 455 0 71152455 22.305396
-Trial 456 0 71152455 22.308109
-Trial 457 0 71152455 22.369148
-Trial 458 0 71152455 22.370003
-Trial 459 0 71152455 22.375382
-Trial 460 0 71152455 22.388895
-Trial 461 0 71152455 22.389146
-Trial 462 0 71152455 22.389779
-Trial 463 0 71152455 22.390653
* 464: Cost = 0_71148665, Time = 19.91 sec. 
-Trial 464 0 71148665 22.432462
-Trial 465 0 71148665 22.592967
-Trial 466 0 71148665 22.596612
-Trial 467 0 71148665 22.597193
-Trial 468 0 71148665 22.599454
* 469: Cost = 0_71126176, Time = 20.11 sec. 
-Trial 469 0 71126176 22.635044
-Trial 470 0 71126176 22.682438
-Trial 471 0 71126176 22.683704
-Trial 472 0 71126176 22.724841
-Trial 473 0 71126176 22.749751
-Trial 474 0 71126176 22.753095
-Trial 475 0 71126176 22.753836
-Trial 476 0 71126176 22.756056
-Trial 477 0 71126176 23.005470
-Trial 478 0 71126176 23.147032
-Trial 479 0 71126176 23.148020
-Trial 480 0 71126176 23.148484
-Trial 481 0 71126176 23.171440
-Trial 482 0 71126176 23.178717
* 483: Cost = 0_71126098, Time = 20.67 sec. 
-Trial 483 0 71126098 23.194288
-Trial 484 0 71126098 23.212703
-Trial 485 0 71126098 23.460291
-Trial 486 0 71126098 23.463057
-Trial 487 0 71126098 23.464038
-Trial 488 0 71126098 23.467816
-Trial 489 0 71126098 23.469363
-Trial 490 0 71126098 23.480665
-Trial 491 0 71126098 23.609671
-Trial 492 0 71126098 23.610463
-Trial 493 0 71126098 23.610803
-Trial 494 0 71126098 23.742144
-Trial 495 0 71126098 23.743052
-Trial 496 0 71126098 23.751629
-Trial 497 0 71126098 23.754408
-Trial 498 0 71126098 23.761343
-Trial 499 0 71126098 23.762079
-Trial 500 0 71126098 23.809570
-Trial 501 0 71126098 23.907284
-Trial 502 0 71126098 23.935850
-Trial 503 0 71126098 23.948117
-Trial 504 0 71126098 23.948701
-Trial 505 0 71126098 23.971519
-Trial 506 0 71126098 24.078235
-Trial 507 0 71126098 24.078920
-Trial 508 0 71126098 24.081408
-Trial 509 0 71126098 24.161170
-Trial 510 0 71126098 24.231153
-Trial 511 0 71126098 24.300100
-Trial 512 0 71126098 24.358432
-Trial 513 0 71126098 24.454118
-Trial 514 0 71126098 24.483476
-Trial 515 0 71126098 24.514530
* 516: Cost = 0_71119805, Time = 22.15 sec. 
-Trial 516 0 71119805 24.673456
-Trial 517 0 71119805 24.673799
* 518: Cost = 0_71110289, Time = 22.19 sec. 
-Trial 518 0 71110289 24.712413
-Trial 519 0 71110289 24.717438
-Trial 520 0 71110289 24.718779
-Trial 521 0 71110289 25.197920
-Trial 522 0 71110289 25.199757
-Trial 523 0 71110289 25.394230
-Trial 524 0 71110289 25.399362
-Trial 525 0 71110289 25.418965
-Trial 526 0 71110289 25.426704
-Trial 527 0 71110289 25.429659
-Trial 528 0 71110289 25.477548
* 529: Cost = 0_71108679, Time = 22.97 sec. 
-Trial 529 0 71108679 25.497385
-Trial 530 0 71108679 25.497670
-Trial 531 0 71108679 25.766882
-Trial 532 0 71108679 25.769898
-Trial 533 0 71108679 25.770845
-Trial 534 0 71108679 25.772403
-Trial 535 0 71108679 25.772753
-Trial 536 0 71108679 25.774200
-Trial 537 0 71108679 25.780466
-Trial 538 0 71108679 25.784431
-Trial 539 0 71108679 26.420067
-Trial 540 0 71108679 27.235648
-Trial 541 0 71108679 27.243704
-Trial 542 0 71108679 27.449192
-Trial 543 0 71108679 27.449667
-Trial 544 0 71108679 27.449912
-Trial 545 0 71108679 27.476373
-Trial 546 0 71108679 27.480775
* 547: Cost = 0_71103959, Time = 25.05 sec. 
-Trial 547 0 71103959 27.573778
-Trial 548 0 71103959 27.581250
-Trial 549 0 71103959 27.581499
-Trial 550 0 71103959 27.583718
-Trial 551 0 71103959 27.623024
-Trial 552 0 71103959 27.624836
-Trial 553 0 71103959 27.832130
-Trial 554 0 71103959 27.832949
* 555: Cost = 0_71098384, Time = 25.35 sec. 
-Trial 555 0 71098384 27.876254
-Trial 556 0 71098384 27.970502
-Trial 557 0 71098384 27.971970
* 558: Cost = 0_71091351, Time = 25.45 sec. 
-Trial 558 0 71091351 27.977356
-Trial 559 0 71091351 28.191290
-Trial 560 0 71091351 28.191594
-Trial 561 0 71091351 28.193841
-Trial 562 0 71091351 28.204516
-Trial 563 0 71091351 28.277885
-Trial 564 0 71091351 28.283837
-Trial 565 0 71091351 28.285228
-Trial 566 0 71091351 28.294226
* 567: Cost = 0_71087781, Time = 25.78 sec. 
-Trial 567 0 71087781 28.305210
-Trial 568 0 71087781 28.315862
-Trial 569 0 71087781 28.320134
-Trial 570 0 71087781 28.320436
-Trial 571 0 71087781 28.469331
-Trial 572 0 71087781 28.477830
* 573: Cost = 0_71079685, Time = 25.97 sec. 
-Trial 573 0 71079685 28.497737
-Trial 574 0 71079685 28.527256
-Trial 575 0 71079685 28.575853
-Trial 576 0 71079685 28.576653
-Trial 577 0 71079685 28.618876
* 578: Cost = 0_71069864, Time = 26.14 sec. 
-Trial 578 0 71069864 28.662489
-Trial 579 0 71069864 28.663166
-Trial 580 0 71069864 28.682794
* 581: Cost = 0_71050787, Time = 26.16 sec. 
-Trial 581 0 71050787 28.685228
-Trial 582 0 71050787 28.690974
-Trial 583 0 71050787 28.708883
-Trial 584 0 71050787 28.746205
-Trial 585 0 71050787 28.747785
* 586: Cost = 0_71045271, Time = 26.28 sec. 
-Trial 586 0 71045271 28.807223
-Trial 587 0 71045271 28.816115
* 588: Cost = 0_71039786, Time = 26.32 sec. 
-Trial 588 0 71039786 28.844684
-Trial 589 0 71039786 28.845483
-Trial 590 0 71039786 28.845744
-Trial 591 0 71039786 28.932536
-Trial 592 0 71039786 28.943032
-Trial 593 0 71039786 28.973002
-Trial 594 0 71039786 29.003237
-Trial 595 0 71039786 29.006434
-Trial 596 0 71039786 29.009446
-Trial 597 0 71039786 29.215951
-Trial 598 0 71039786 29.283717
-Trial 599 0 71039786 29.284288
-Trial 600 0 71039786 29.285057
-Trial 601 0 71039786 29.290632
-Trial 602 0 71039786 29.290913
-Trial 603 0 71039786 29.302071
-Trial 604 0 71039786 29.375912
-Trial 605 0 71039786 29.384896
-Trial 606 0 71039786 29.385307
-Trial 607 0 71039786 29.395600
-Trial 608 0 71039786 29.453704
-Trial 609 0 71039786 29.457525
-Trial 610 0 71039786 29.645637
-Trial 611 0 71039786 29.646417
* 612: Cost = 0_71038140, Time = 27.13 sec. 
-Trial 612 0 71038140 29.652418
-Trial 613 0 71038140 29.748232
-Trial 614 0 71038140 29.748658
-Trial 615 0 71038140 29.749388
-Trial 616 0 71038140 29.930065
-Trial 617 0 71038140 29.952621
-Trial 618 0 71038140 29.967345
-Trial 619 0 71038140 29.969195
-Trial 620 0 71038140 29.977767
-Trial 621 0 71038140 29.980158
-Trial 622 0 71038140 29.991595
-Trial 623 0 71038140 30.063037
-Trial 624 0 71038140 30.121309
-Trial 625 0 71038140 30.580210
-Trial 626 0 71038140 30.580851
-Trial 627 0 71038140 30.581432
-Trial 628 0 71038140 30.695844
-Trial 629 0 71038140 30.696662
-Trial 630 0 71038140 30.702167
-Trial 631 0 71038140 30.821401
-Trial 632 0 71038140 30.825632
-Trial 633 0 71038140 30.833866
-Trial 634 0 71038140 30.834442
-Trial 635 0 71038140 30.987703
-Trial 636 0 71038140 30.990009
-Trial 637 0 71038140 31.378307
-Trial 638 0 71038140 31.438781
-Trial 639 0 71038140 31.440438
-Trial 640 0 71038140 31.441345
* 641: Cost = 0_71020138, Time = 28.95 sec. 
-Trial 641 0 71020138 31.479000
-Trial 642 0 71020138 31.479571
* 643: Cost = 0_70968550, Time = 28.98 sec. 
-Trial 643 0 70968550 31.510389
-Trial 644 0 70968550 31.758451
-Trial 645 0 70968550 31.799361
-Trial 646 0 70968550 31.940926
-Trial 647 0 70968550 31.968998
-Trial 648 0 70968550 31.969749
-Trial 649 0 70968550 31.984112
-Trial 650 0 70968550 32.071144
-Trial 651 0 70968550 32.072011
-Trial 652 0 70968550 32.110478
-Trial 653 0 70968550 32.115078
-Trial 654 0 70968550 32.115961
-Trial 655 0 70968550 32.172443
-Trial 656 0 70968550 32.178696
-Trial 657 0 70968550 32.199830
-Trial 658 0 70968550 32.216198
-Trial 659 0 70968550 32.220138
-Trial 660 0 70968550 32.245112
-Trial 661 0 70968550 32.252527
-Trial 662 0 70968550 32.269866
-Trial 663 0 70968550 32.308391
-Trial 664 0 70968550 32.314687
-Trial 665 0 70968550 32.316362
-Trial 666 0 70968550 32.317162
-Trial 667 0 70968550 32.373193
-Trial 668 0 70968550 32.375431
-Trial 669 0 70968550 32.376888
-Trial 670 0 70968550 32.420411
-Trial 671 0 70968550 32.422044
* 672: Cost = 0_70915777, Time = 29.90 sec. 
-Trial 672 0 70915777 32.424298
-Trial 673 0 70915777 32.497774
-Trial 674 0 70915777 32.514286
-Trial 675 0 70915777 32.519326
-Trial 676 0 70915777 33.004481
-Trial 677 0 70915777 33.014159
-Trial 678 0 70915777 33.128548
-Trial 679 0 70915777 33.130836
-Trial 680 0 70915777 33.132434
-Trial 681 0 70915777 33.149408
-Trial 682 0 70915777 33.152903
-Trial 683 0 70915777 33.245766
* 684: Cost = 0_70912938, Time = 30.73 sec. 
-Trial 684 0 70912938 33.256636
-Trial 685 0 70912938 33.258737
-Trial 686 0 70912938 33.263541
-Trial 687 0 70912938 33.418452
-Trial 688 0 70912938 33.803667
-Trial 689 0 70912938 33.829047
-Trial 690 0 70912938 33.831651
-Trial 691 0 70912938 33.966254
-Trial 692 0 70912938 33.969034
-Trial 693 0 70912938 34.092443
* 694: Cost = 0_70912466, Time = 31.58 sec. 
-Trial 694 0 70912466 34.104927
-Trial 695 0 70912466 34.105822
-Trial 696 0 70912466 34.110502
-Trial 697 0 70912466 34.110813
-Trial 698 0 70912466 34.123763
-Trial 699 0 70912466 34.124035
-Trial 700 0 70912466 34.124544
-Trial 701 0 70912466 34.127444
-Trial 702 0 70912466 34.139366
-Trial 703 0 70912466 34.188155
-Trial 704 0 70912466 34.189212
-Trial 705 0 70912466 34.228525
-Trial 706 0 70912466 34.228901
-Trial 707 0 70912466 34.237176
-Trial 708 0 70912466 34.264716
-Trial 709 0 70912466 34.265392
-Trial 710 0 70912466 34.297301
-Trial 711 0 70912466 34.298907
-Trial 712 0 70912466 34.307145
-Trial 713 0 70912466 34.313176
-Trial 714 0 70912466 34.379903
-Trial 715 0 70912466 34.463916
-Trial 716 0 70912466 34.482857
* 717: Cost = 0_70904752, Time = 31.97 sec. 
-Trial 717 0 70904752 34.496745
-Trial 718 0 70904752 34.507494
-Trial 719 0 70904752 34.553988
-Trial 720 0 70904752 35.202769
-Trial 721 0 70904752 35.390222
-Trial 722 0 70904752 35.391730
* 723: Cost = 0_70904485, Time = 32.87 sec. 
-Trial 723 0 70904485 35.401708
-Trial 724 0 70904485 35.405328
-Trial 725 0 70904485 35.822887
-Trial 726 0 70904485 35.832424
-Trial 727 0 70904485 35.834837
-Trial 728 0 70904485 35.836740
-Trial 729 0 70904485 35.847654
-Trial 730 0 70904485 35.850383
-Trial 731 0 70904485 35.870692
-Trial 732 0 70904485 35.874021
* 733: Cost = 0_70903030, Time = 33.40 sec. 
-Trial 733 0 70903030 35.925448
-Trial 734 0 70903030 35.925759
-Trial 735 0 70903030 35.951949
-Trial 736 0 70903030 35.975926
-Trial 737 0 70903030 35.977112
-Trial 738 0 70903030 35.978653
-Trial 739 0 70903030 36.083808
-Trial 740 0 70903030 36.276960
-Trial 741 0 70903030 36.278031
-Trial 742 0 70903030 36.278337
-Trial 743 0 70903030 36.279036
-Trial 744 0 70903030 36.279678
* 745: Cost = 0_70900319, Time = 33.76 sec. 
-Trial 745 0 70900319 36.288826
-Trial 746 0 70900319 36.289966
-Trial 747 0 70900319 36.312912
-Trial 748 0 70900319 36.319446
-Trial 749 0 70900319 36.329062
-Trial 750 0 70900319 36.361647
* 751: Cost = 0_70900262, Time = 33.90 sec. 
-Trial 751 0 70900262 36.426299
-Trial 752 0 70900262 36.428163
-Trial 753 0 70900262 36.438373
-Trial 754 0 70900262 36.438861
-Trial 755 0 70900262 36.991853
-Trial 756 0 70900262 37.130330
-Trial 757 0 70900262 37.173457
-Trial 758 0 70900262 37.175481
-Trial 759 0 70900262 37.176961
-Trial 760 0 70900262 37.228477
-Trial 761 0 70900262 37.232088
* 762: Cost = 0_70893412, Time = 34.73 sec. 
-Trial 762 0 70893412 37.253483
-Trial 763 0 70893412 37.254106
-Trial 764 0 70893412 37.255822
-Trial 765 0 70893412 37.255852
* 766: Cost = 0_70891434, Time = 34.75 sec. 
-Trial 766 0 70891434 37.273696
-Trial 767 0 70891434 37.330270
-Trial 768 0 70891434 37.373414
-Trial 769 0 70891434 37.403951
-Trial 770 0 70891434 37.422794
-Trial 771 0 70891434 37.423275
-Trial 772 0 70891434 37.423605
-Trial 773 0 70891434 37.637246
-Trial 774 0 70891434 37.653808
-Trial 775 0 70891434 37.729343
-Trial 776 0 70891434 37.733450
-Trial 777 0 70891434 37.767673
-Trial 778 0 70891434 37.768643
-Trial 779 0 70891434 37.830489
-Trial 780 0 70891434 37.831292
-Trial 781 0 70891434 38.010014
-Trial 782 0 70891434 38.034100
-Trial 783 0 70891434 38.080596
-Trial 784 0 70891434 38.081984
-Trial 785 0 70891434 38.083924
-Trial 786 0 70891434 38.087218
-Trial 787 0 70891434 38.087495
-Trial 788 0 70891434 38.178126
-Trial 789 0 70891434 38.178450
-Trial 790 0 70891434 38.189061
-Trial 791 0 70891434 38.205966
-Trial 792 0 70891434 38.206919
-Trial 793 0 70891434 38.237996
-Trial 794 0 70891434 38.333347
-Trial 795 0 70891434 38.663352
-Trial 796 0 70891434 38.677887
-Trial 797 0 70891434 38.903781
* 798: Cost = 0_70884875, Time = 36.43 sec. 
-Trial 798 0 70884875 38.961996
-Trial 799 0 70884875 39.177374
-Trial 800 0 70884875 39.178807
-Trial 801 0 70884875 39.308915
* 802: Cost = 0_70879101, Time = 36.80 sec. 
-Trial 802 0 70879101 39.324437
-Trial 803 0 70879101 39.325112
-Trial 804 0 70879101 39.329371
* 805: Cost = 0_70876674, Time = 36.81 sec. 
-Trial 805 0 70876674 39.340492
-Trial 806 0 70876674 39.340900
-Trial 807 0 70876674 39.344119
-Trial 808 0 70876674 39.505692
-Trial 809 0 70876674 39.556105
-Trial 810 0 70876674 39.560870
-Trial 811 0 70876674 39.563416
-Trial 812 0 70876674 39.591129
-Trial 813 0 70876674 39.591985
-Trial 814 0 70876674 39.593143
-Trial 815 0 70876674 39.594370
-Trial 816 0 70876674 39.594914
-Trial 817 0 70876674 39.703785
-Trial 818 0 70876674 39.718700
-Trial 819 0 70876674 39.739196
-Trial 820 0 70876674 39.745708
-Trial 821 0 70876674 39.762039
* 822: Cost = 0_70873697, Time = 37.29 sec. 
-Trial 822 0 70873697 39.820556
-Trial 823 0 70873697 39.824358
* 824: Cost = 0_70869817, Time = 37.31 sec. 
-Trial 824 0 70869817 39.836868
-Trial 825 0 70869817 39.839092
-Trial 826 0 70869817 39.854349
-Trial 827 0 70869817 39.857094
* 828: Cost = 0_70860613, Time = 37.37 sec. 
-Trial 828 0 70860613 39.896862
* 829: Cost = 0_70857114, Time = 37.42 sec. 
-Trial 829 0 70857114 39.949172
-Trial 830 0 70857114 39.949927
-Trial 831 0 70857114 39.952254
-Trial 832 0 70857114 40.132381
-Trial 833 0 70857114 40.173711
-Trial 834 0 70857114 40.179552
* 835: Cost = 0_70844795, Time = 37.72 sec. 
-Trial 835 0 70844795 40.244199
-Trial 836 0 70844795 40.252015
-Trial 837 0 70844795 40.252931
-Trial 838 0 70844795 40.253397
-Trial 839 0 70844795 40.263973
-Trial 840 0 70844795 40.302884
* 841: Cost = 0_70832570, Time = 37.80 sec. 
-Trial 841 0 70832570 40.323498
-Trial 842 0 70832570 40.327956
-Trial 843 0 70832570 40.328543
-Trial 844 0 70832570 40.331414
-Trial 845 0 70832570 40.540558
-Trial 846 0 70832570 40.554243
-Trial 847 0 70832570 40.636693
-Trial 848 0 70832570 40.641430
-Trial 849 0 70832570 40.650110
-Trial 850 0 70832570 40.667069
-Trial 851 0 70832570 40.918192
-Trial 852 0 70832570 40.920614
-Trial 853 0 70832570 40.942046
* 854: Cost = 0_70819237, Time = 38.42 sec. 
-Trial 854 0 70819237 40.946760
-Trial 855 0 70819237 41.094921
* 856: Cost = 0_70801515, Time = 38.59 sec. 
-Trial 856 0 70801515 41.116172
-Trial 857 0 70801515 41.122892
-Trial 858 0 70801515 41.171820
-Trial 859 0 70801515 41.202416
-Trial 860 0 70801515 41.204236
-Trial 861 0 70801515 41.205849
-Trial 862 0 70801515 41.290134
-Trial 863 0 70801515 41.292040
-Trial 864 0 70801515 41.300077
* 865: Cost = 0_70800799, Time = 38.78 sec. 
-Trial 865 0 70800799 41.302531
-Trial 866 0 70800799 41.743934
-Trial 867 0 70800799 41.848272
-Trial 868 0 70800799 41.848581
-Trial 869 0 70800799 41.926754
-Trial 870 0 70800799 41.940839
-Trial 871 0 70800799 41.973329
-Trial 872 0 70800799 42.203602
-Trial 873 0 70800799 42.231143
-Trial 874 0 70800799 42.239790
-Trial 875 0 70800799 42.240314
-Trial 876 0 70800799 42.377255
-Trial 877 0 70800799 42.378165
-Trial 878 0 70800799 42.394289
-Trial 879 0 70800799 42.404763
-Trial 880 0 70800799 42.407596
-Trial 881 0 70800799 42.419988
* 882: Cost = 0_70771428, Time = 39.93 sec. 
-Trial 882 0 70771428 42.459351
-Trial 883 0 70771428 42.553364
-Trial 884 0 70771428 42.623696
-Trial 885 0 70771428 42.624135
-Trial 886 0 70771428 42.631834
-Trial 887 0 70771428 42.976258
-Trial 888 0 70771428 42.977157
-Trial 889 0 70771428 42.978921
-Trial 890 0 70771428 42.979620
* 891: Cost = 0_70760925, Time = 40.46 sec. 
-Trial 891 0 70760925 42.984361
-Trial 892 0 70760925 42.989914
* 893: Cost = 0_70755852, Time = 40.47 sec. 
-Trial 893 0 70755852 43.000640
-Trial 894 0 70755852 43.022994
-Trial 895 0 70755852 43.023784
-Trial 896 0 70755852 43.407800
-Trial 897 0 70755852 43.441134
-Trial 898 0 70755852 43.441523
-Trial 899 0 70755852 43.574409
-Trial 900 0 70755852 43.585134
-Trial 901 0 70755852 43.587854
-Trial 902 0 70755852 43.613143
-Trial 903 0 70755852 43.619331
-Trial 904 0 70755852 43.619658
-Trial 905 0 70755852 44.006110
-Trial 906 0 70755852 44.013967
-Trial 907 0 70755852 44.017047
-Trial 908 0 70755852 44.392429
-Trial 909 0 70755852 44.394008
-Trial 910 0 70755852 44.399064
-Trial 911 0 70755852 44.405554
-Trial 912 0 70755852 44.406778
-Trial 913 0 70755852 44.422028
-Trial 914 0 70755852 44.554708
-Trial 915 0 70755852 44.556551
-Trial 916 0 70755852 44.557469
-Trial 917 0 70755852 44.558239
-Trial 918 0 70755852 44.593538
-Trial 919 0 70755852 44.634473
-Trial 920 0 70755852 44.635108
-Trial 921 0 70755852 44.655518
-Trial 922 0 70755852 44.703933
-Trial 923 0 70755852 44.704558
* 924: Cost = 0_70739006, Time = 42.22 sec. 
-Trial 924 0 70739006 44.744618
-Trial 925 0 70739006 44.751101
-Trial 926 0 70739006 44.752222
-Trial 927 0 70739006 44.768636
-Trial 928 0 70739006 44.920999
-Trial 929 0 70739006 44.921658
-Trial 930 0 70739006 44.931573
-Trial 931 0 70739006 44.955019
-Trial 932 0 70739006 44.957071
-Trial 933 0 70739006 44.977366
-Trial 934 0 70739006 44.981920
* 935: Cost = 0_70738836, Time = 42.46 sec. 
-Trial 935 0 70738836 44.986879
-Trial 936 0 70738836 44.987808
-Trial 937 0 70738836 44.992819
* 938: Cost = 0_70738834, Time = 42.51 sec. 
-Trial 938 0 70738834 45.036043
-Trial 939 0 70738834 45.102001
-Trial 940 0 70738834 45.107787
-Trial 941 0 70738834 45.109650
-Trial 942 0 70738834 45.268162
-Trial 943 0 70738834 45.277002
-Trial 944 0 70738834 45.572587
-Trial 945 0 70738834 45.578568
-Trial 946 0 70738834 45.600561
-Trial 947 0 70738834 45.618628
-Trial 948 0 70738834 45.630585
-Trial 949 0 70738834 45.632022
-Trial 950 0 70738834 45.646458
-Trial 951 0 70738834 45.679229
-Trial 952 0 70738834 45.704004
-Trial 953 0 70738834 45.705131
-Trial 954 0 70738834 45.712461
-Trial 955 0 70738834 45.714090
-Trial 956 0 70738834 45.715143
-Trial 957 0 70738834 46.075182
-Trial 958 0 70738834 46.250451
* 959: Cost = 0_70730872, Time = 43.74 sec. 
-Trial 959 0 70730872 46.265061
-Trial 960 0 70730872 46.280436
-Trial 961 0 70730872 46.284450
-Trial 962 0 70730872 46.285897
-Trial 963 0 70730872 46.314140
-Trial 964 0 70730872 46.721254
-Trial 965 0 70730872 46.722892
-Trial 966 0 70730872 46.799726
* 967: Cost = 0_70730509, Time = 44.30 sec. 
-Trial 967 0 70730509 46.830218
-Trial 968 0 70730509 46.832966
-Trial 969 0 70730509 46.840309
-Trial 970 0 70730509 46.842116
-Trial 971 0 70730509 46.846653
-Trial 972 0 70730509 46.854389
-Trial 973 0 70730509 46.866689
-Trial 974 0 70730509 46.869822
-Trial 975 0 70730509 46.890816
-Trial 976 0 70730509 46.890847
-Trial 977 0 70730509 46.916421
* 978: Cost = 0_70724041, Time = 44.45 sec. 
-Trial 978 0 70724041 46.977194
-Trial 979 0 70724041 46.984411
-Trial 980 0 70724041 46.988460
-Trial 981 0 70724041 46.988852
-Trial 982 0 70724041 46.989481
-Trial 983 0 70724041 47.039630
-Trial 984 0 70724041 47.240336
-Trial 985 0 70724041 47.387785
-Trial 986 0 70724041 47.445554
-Trial 987 0 70724041 47.497296
-Trial 988 0 70724041 47.666866
-Trial 989 0 70724041 47.668173
-Trial 990 0 70724041 47.668789
-Trial 991 0 70724041 47.685347
-Trial 992 0 70724041 47.687103
-Trial 993 0 70724041 47.688831
-Trial 994 0 70724041 47.690145
-Trial 995 0 70724041 47.741912
-Trial 996 0 70724041 47.744514
-Trial 997 0 70724041 47.748541
-Trial 998 0 70724041 47.757546
-Trial 999 0 70724041 47.757889
-Trial 1000 0 70724041 47.758761
Population:
  1: 0_70724041
Run 1: Cost = 0_70724041, Time = 45.23 sec. 

Successes/Runs = 0/1 
Cost.min = 70724041, Cost.avg = 70724041.00, Cost.max = 70724041
Gap.min = 0.0000%, Gap.avg = 0.0000%, Gap.max = 0.0000%
Penalty.min = 0, Penalty.avg = 0.00, Penalty.max = 0
Trials.min = 1000, Trials.avg = 1000.0, Trials.max = 1000
Time.min = 45.23 sec., Time.avg = 45.23 sec., Time.max = 45.23 sec.
Time.total = 47.76 sec.
  Size.min = 23, Size.max = 44, Penalty = 0
  Cost.min = 729650, Cost.max = 2767371, Cost.sum = 70724041
Best CVRP solution:
  Cost = 0_70724041
64 841 1371 1034 721 260 1171 94 820 1270 758 358 1501 133 932 1367 1061 423 1361 216 1110 901 62 1175 368 505 824 1540 1477 43 923 490 1094 1287 958 651 378 882 602 1033 769 1276 248 986 1433 251 724 1098 890 1197 1163 1376 1004 1453 662 1339 91 633 596 1497 232 347 31 966 1511 1117 1166 158 334 885 322 1099 1403 1369 681 613 167 1023 109 1221 102 380 1141 438 594 208 196 136 555 321 1139 1174 186 1257 273 978 119 1407 238 1448 373 1300 1469 1541 1091 754 1082 600 478 71 430 348 103 140 676 21 1074 1457 942 870 332 252 873 1121 997 286 462 1018 73 682 893 741 1193 822 586 309 1165 1375 1362 753 751 1302 1498 639 1377 968 310 1506 212 798 1394 590 536 268 696 615 967 763 1496 221 141 257 96 1409 1026 160 1056 715 1212 476 1028 425 714 230 1093 628 759 26 851 727 1169 1509 48 1278 427 979 1353 66 397 1397 59 139 1294 291 1017 351 944 254 844 366 524 326 562 313 1476 781 1372 247 5 198 908 1321 866 1360 790 1535 933 1421 370 687 364 1426 1328 1305 518 1282 810 674 1359 1013 620 713 1136 134 1086 1035 1192 303 1003 287 474 1297 667 1267 465 621 1195 774 928 1255 276 666 236 765 1538 1146 298 803 1352 1046 290 362 761 281 611 1316 17 202 509 1168 357 1187 264 302 1494 406 98 144 1391 1153 1459 852 1253 625 677 1151 772 1206 8 1036 497 1131 680 1533 426 785 878 1438 728 389 1432 1269 337 1471 1449 733 1229 1103 451 744 899 554 610 159 403 540 1440 1182 106 400 1210 630 220 50 1000 644 1308 1384 1242 1 1336 179 675 701 381 548 1244 710 459 272 1052 739 738 164 411 1096 629 1275 147 1286 691 695 305 1499 1044 38 896 935 454 1488 745 1051 113 197 70 1468 1507 879 831 834 1116 105 1021 190 394 157 176 975 1478 390 1338 556 619 115 1246 329 730 921 805 484 237 116 1493 855 839 1374 200 1313 330 842 877 471 794 270 934 627 215 1502 441 217 889 797 1128 869 563 526 404 65 1428 383 796 543 434 185 1395 184 1173 922 39 412 645 1040 233 162 469 1200 482 550 1340 483 229 1517 538 1142 288 299 1092 1079 1423 766 534 187 1363 1381 384 1470 551 1411 304 463 1144 437 1258 44 1123 647 453 900 970 93 235 693 692 1472 46 860 223 1207 1238 748 1323 323 725 207 137 19 1503 1283 175 925 1130 1203 791 907 1442 107 127 343 773 659 1317 25 27 912 599 67 1298 963 567 1466 1324 529 1037 1107 331 1525 581 520 764 747 284 655 80 1291 635 1480 939 125 1333 864 151 1431 108 1006 719 1217 130 669 1069 172 493 1001 1208 717 624 1120 898 85 809 1178 37 1137 1075 1512 1225 1239 429 1451 203 802 1429 1288 1279 1427 111 1125 88 981 1053 89 1262 178 1335 582 424 1189 1487 457 1055 1100 631 1127 648 685 1019 959 1495 804 650 937 894 718 1138 1236 884 1510 930 1346 1492 694 253 768 865 787 480 572 951 1090 1108 410 16 1205 1223 317 516 495 686 443 940 1527 1434 1500 316 148 703 1304 816 1164 466 580 1020 522 154 575 595 955 58 1058 117 1106 657 455 1132 737 999 460 1224 1260 570 859 589 698 42 941 915 28 388 168 875 668 300 1080 1539 262 1424 883 34 1077 931 250 961 1318 275 1358 1209 149 1419 63 95 1319 1259 78 732 319 6 307 637 243 1162 663 1129 1083 545 335 1180 1159 1482 1439 360 274 1202 1519 489 767 340 1078 369 153 278 1256 1445 53 241 1235 1172 1027 267 1008 295 579 61 652 418 481 1030 1012 1444 848 603 847 537 131 736 607 1154 69 1402 354 405 1149 1522 871 868 1250 1088 1038 808 1417 1330 1190 86 593 649 349 1290 1306 1024 74 746 1456 415 15 836 853 597 1390 1194 565 435 51 770 421 219 528 346 515 1523 829 910 1112 1337 470 813 578 561 1347 242 1436 327 231 352 110 81 707 1047 1356 1220 1310 1176 395 467 513 1462 964 989 14 671 163 906 927 1010 656 1516 165 344 996 1119 965 854 949 872 623 1081 1230 1143 723 1415 104 1280 1185 577 535 171 33 126 1430 181 367 830 806 519 709 128 722 566 1406 47 1461 1085 487 485 530 825 643 1520 1152 684 507 1042 12 277 952 1204 338 143 54 799 583 876 431 477 450 433 778 762 1284 1198 118 679 946 1307 670 517 289 1422 604 311 835 1049 428 1355 246 568 371 1521 1348 199 492 1479 918 731 786 169 1191 1089 282 832 385 1011 447 608 1072 442 826 87 905 1186 1293 521 1065 777 345 350 436 315 943 712 499 756 874 782 377 392 1526 971 974 120 514 795 1148 1373 363 1452 558 1216 328 1364 97 990 45 40 1475 605 571 76 249 101 985 991 1326 420 1068 1157 1412 1303 1095 523 1331 924 815 850 948 1160 998 1515 57 1265 1455 11 700 1396 1109 1268 285 897 174 1147 705 784 1045 1031 458 792 1401 210 760 1133 393 720 1067 984 1181 1366 193 903 445 308 1314 396 129 612 895 1400 1252 1537 320 729 690 511 642 297 1332 1315 1295 1247 1344 1383 1054 856 1196 585 1104 1232 52 301 734 1285 1179 1273 793 170 256 749 173 222 1514 29 382 689 189 496 1385 658 1349 574 1460 742 9 911 672 1334 461 947 1063 622 1002 1014 1325 100 1156 13 227 919 1425 1370 843 1536 962 936 697 1041 500 560 665 1070 356 494 1342 296 926 814 539 486 1167 1266 261 1389 432 880 726 527 504 1009 569 152 646 75 678 821 916 1505 1437 972 636 55 1393 1327 306 811 376 846 929 201 1277 503 1237 1073 606 112 1007 673 598 845 1399 36 1228 1450 1214 292 506 987 1485 1345 1329 407 1134 1124 542 10 1528 1447 779 283 988 818 1392 1170 1365 1320 401 1263 161 294 909 41 1188 312 771 214 1231 735 1467 1218 1039 1322 1066 616 1101 1357 553 638 541 533 1241 592 1530 1312 1464 398 1465 1343 1029 150 706 1441 881 191 99 409 361 711 114 1043 1341 1289 858 30 716 857 914 456 664 660 755 22 1025 1435 969 954 1311 982 333 244 1281 1513 1368 783 240 1064 1059 206 626 414 195 155 544 920 1350 1420 1062 641 501 391 833 995 838 1483 993 654 205 1016 266 359 1489 867 552 1491 239 1199 177 1380 1048 1234 1446 1050 386 1413 1529 24 1248 156 1215 973 72 399 588 840 892 861 740 1111 194 1135 617 90 259 584 632 1404 683 255 1398 525 1351 342 917 1201 422 1292 271 800 980 750 601 472 1534 699 1378 953 1015 904 479 464 413 387 1251 452 591 587 1071 123 512 341 888 1484 532 983 1122 1145 225 661 1443 468 1299 1414 18 801 23 1261 1243 1532 557 1382 957 1490 1113 1245 49 837 1386 1233 1410 510 976 218 960 448 446 1155 138 269 956 279 3 938 1473 417 416 1274 265 992 1481 994 573 1114 1177 1301 1531 704 1150 1486 1084 1097 124 142 473 1126 224 614 757 408 325 1222 449 145 743 228 1005 1416 508 132 788 419 20 913 7 258 849 353 1249 1102 827 1504 444 1161 1309 1354 1463 372 314 863 776 891 180 1458 82 640 1032 146 1211 1454 1418 498 183 564 945 1271 1240 549 192 263 1105 402 4 35 135 77 379 488 1219 977 1518 365 79 752 862 531 1474 204 618 336 211 440 609 121 634 950 318 547 475 1076 1118 1184 234 886 1264 324 491 83 209 902 439 828 1115 32 823 1388 1183 1405 245 1508 1227 1158 1387 188 280 374 355 213 1254 166 817 576 1272 1022 1057 819 84 92 1060 293 60 339 546 780 1408 775 122 887 56 1296 1140 226 559 502 653 812 2 807 68 1524 182 375 1226 688 1087 702 1213 708 1379 789 64 
