PARAMETER_FILE = result/cvrp_1500/LKH_para/62.para
Reading PROBLEM_FILE: "result/cvrp_1500/cvrp/62.cvrp" ... done
ASCENT_CANDIDATES = 50
BACKBONE_TRIALS = 0
BACKTRACKING = NO
# BWTSP =
# CANDIDATE_FILE =
CANDIDATE_SET_TYPE = ALPHA
DEPOT = 1
# EDGE_FILE =
EXCESS = 0.000666223
EXTERNAL_SALESMEN = 0
EXTRA_CANDIDATES = 0 
EXTRA_CANDIDATE_SET_TYPE = QUADRANT
GAIN23 = NO
GAIN_CRITERION = YES
INITIAL_PERIOD = 750
INITIAL_STEP_SIZE = 1
INITIAL_TOUR_ALGORITHM = WALK
# INITIAL_TOUR_FILE = 
INITIAL_TOUR_FRACTION = 1.000
# INPUT_TOUR_FILE = 
KICK_TYPE = 4
KICKS = 1
# MAX_BREADTH =
MAKESPAN = NO
MAX_CANDIDATES = 5 
MAX_SWAPS = 0
MAX_TRIALS = 1000
# MERGE_TOUR_FILE =
MOVE_TYPE = 5 SPECIAL
MTSP_MIN_SIZE = 1
MTSP_MAX_SIZE = 1500
# MTSP_SOLUTION_FILE = 
# NONSEQUENTIAL_MOVE_TYPE = 5
# OPTIMUM =
# OUTPUT_TOUR_FILE = 
PATCHING_A = 1 
PATCHING_C = 0 
# PI_FILE = 
POPMUSIC_INITIAL_TOUR = NO
POPMUSIC_MAX_NEIGHBORS = 5
POPMUSIC_SAMPLE_SIZE = 10
POPMUSIC_SOLUTIONS = 50
POPMUSIC_TRIALS = 1
POPULATION_SIZE = 10
PRECISION = 100
PROBLEM_FILE = result/cvrp_1500/cvrp/62.cvrp
RECOMBINATION = IPT
RESTRICTED_SEARCH = YES
RUNS = 1
SALESMEN = 40
SCALE = 1
SEED = 1234
# SINTEF_SOLUTION_FILE = 
STOP_AT_OPTIMUM = YES
SUBGRADIENT = YES
# SUBPROBLEM_SIZE =
# SUBPROBLEM_TOUR_FILE = 
SUBSEQUENT_MOVE_TYPE = 5 SPECIAL
SUBSEQUENT_PATCHING = YES
# TIME_LIMIT =
# TOUR_FILE = 
TRACE_LEVEL = 1
VEHICLES = 40

Lower bound = 31071571.1, Ascent time = 2.46 sec.
Cand.min = 2, Cand.avg = 5.0, Cand.max = 5
Preprocessing time = 2.52 sec.
* 1: Cost = 0_87658269, Time = 3.40 sec. 
-Trial 1 0 87658269 5.919235
* 2: Cost = 0_87131617, Time = 3.43 sec. 
-Trial 2 0 87131617 5.946444
* 3: Cost = 0_86747350, Time = 3.43 sec. 
-Trial 3 0 86747350 5.956053
* 4: Cost = 0_86738734, Time = 3.44 sec. 
-Trial 4 0 86738734 5.957515
-Trial 5 0 86738734 5.959190
* 6: Cost = 0_86729705, Time = 3.46 sec. 
-Trial 6 0 86729705 5.980349
* 7: Cost = 0_86640073, Time = 3.49 sec. 
-Trial 7 0 86640073 6.008704
-Trial 8 0 86640073 6.065795
-Trial 9 0 86640073 6.072088
-Trial 10 0 86640073 6.072803
-Trial 11 0 86640073 6.093753
-Trial 12 0 86640073 6.108499
-Trial 13 0 86640073 6.108955
-Trial 14 0 86640073 6.109798
* 15: Cost = 0_86629649, Time = 3.61 sec. 
-Trial 15 0 86629649 6.126779
-Trial 16 0 86629649 6.217105
-Trial 17 0 86629649 6.220737
-Trial 18 0 86629649 6.241904
-Trial 19 0 86629649 6.249887
* 20: Cost = 0_86586072, Time = 3.79 sec. 
-Trial 20 0 86586072 6.312568
-Trial 21 0 86586072 6.321688
-Trial 22 0 86586072 6.464777
-Trial 23 0 86586072 6.467029
-Trial 24 0 86586072 6.547273
* 25: Cost = 0_86542286, Time = 4.03 sec. 
-Trial 25 0 86542286 6.554583
-Trial 26 0 86542286 6.608595
-Trial 27 0 86542286 6.609273
* 28: Cost = 0_86535298, Time = 4.09 sec. 
-Trial 28 0 86535298 6.611196
-Trial 29 0 86535298 6.611974
-Trial 30 0 86535298 6.613013
* 31: Cost = 0_86438443, Time = 4.14 sec. 
-Trial 31 0 86438443 6.660725
* 32: Cost = 0_86236825, Time = 4.15 sec. 
-Trial 32 0 86236825 6.667182
-Trial 33 0 86236825 6.670862
* 34: Cost = 0_85704021, Time = 4.20 sec. 
-Trial 34 0 85704021 6.725608
* 35: Cost = 0_85458015, Time = 4.24 sec. 
-Trial 35 0 85458015 6.764781
* 36: Cost = 0_85455291, Time = 4.27 sec. 
-Trial 36 0 85455291 6.788980
-Trial 37 0 85455291 6.795026
-Trial 38 0 85455291 6.802015
-Trial 39 0 85455291 6.807898
-Trial 40 0 85455291 6.809057
-Trial 41 0 85455291 6.814046
-Trial 42 0 85455291 6.814301
* 43: Cost = 0_85453456, Time = 4.35 sec. 
-Trial 43 0 85453456 6.866496
* 44: Cost = 0_85451141, Time = 4.35 sec. 
-Trial 44 0 85451141 6.869072
-Trial 45 0 85451141 6.869475
* 46: Cost = 0_85419699, Time = 4.36 sec. 
-Trial 46 0 85419699 6.876636
-Trial 47 0 85419699 6.876958
* 48: Cost = 0_85406982, Time = 4.37 sec. 
-Trial 48 0 85406982 6.889031
-Trial 49 0 85406982 6.889535
-Trial 50 0 85406982 6.892790
* 51: Cost = 0_85405143, Time = 4.38 sec. 
-Trial 51 0 85405143 6.901886
-Trial 52 0 85405143 6.902253
-Trial 53 0 85405143 6.903907
-Trial 54 0 85405143 6.914609
* 55: Cost = 0_85201050, Time = 4.47 sec. 
-Trial 55 0 85201050 6.995950
* 56: Cost = 0_85193037, Time = 4.48 sec. 
-Trial 56 0 85193037 6.999686
* 57: Cost = 0_85160634, Time = 4.51 sec. 
-Trial 57 0 85160634 7.027420
* 58: Cost = 0_85159926, Time = 4.51 sec. 
-Trial 58 0 85159926 7.030870
* 59: Cost = 0_85122235, Time = 4.53 sec. 
-Trial 59 0 85122235 7.046617
-Trial 60 0 85122235 7.047395
* 61: Cost = 0_85105771, Time = 4.54 sec. 
-Trial 61 0 85105771 7.057514
* 62: Cost = 0_85081903, Time = 4.56 sec. 
-Trial 62 0 85081903 7.084152
-Trial 63 0 85081903 7.084771
* 64: Cost = 0_84975753, Time = 4.59 sec. 
-Trial 64 0 84975753 7.112984
* 65: Cost = 0_84935911, Time = 4.60 sec. 
-Trial 65 0 84935911 7.121019
-Trial 66 0 84935911 7.121467
-Trial 67 0 84935911 7.143281
-Trial 68 0 84935911 7.201666
-Trial 69 0 84935911 7.209573
* 70: Cost = 0_84823456, Time = 4.81 sec. 
-Trial 70 0 84823456 7.329067
* 71: Cost = 0_84008401, Time = 4.88 sec. 
-Trial 71 0 84008401 7.398833
-Trial 72 0 84008401 7.403988
* 73: Cost = 0_82679854, Time = 5.00 sec. 
-Trial 73 0 82679854 7.520790
-Trial 74 0 82679854 7.525066
* 75: Cost = 0_82406337, Time = 5.09 sec. 
-Trial 75 0 82406337 7.615097
* 76: Cost = 0_81887330, Time = 5.12 sec. 
-Trial 76 0 81887330 7.639076
* 77: Cost = 0_81761728, Time = 5.14 sec. 
-Trial 77 0 81761728 7.657603
-Trial 78 0 81761728 7.666539
-Trial 79 0 81761728 8.194084
* 80: Cost = 0_81708728, Time = 5.68 sec. 
-Trial 80 0 81708728 8.199129
-Trial 81 0 81708728 8.200160
-Trial 82 0 81708728 8.200674
-Trial 83 0 81708728 8.202860
-Trial 84 0 81708728 8.239701
* 85: Cost = 0_81691924, Time = 5.74 sec. 
-Trial 85 0 81691924 8.259867
-Trial 86 0 81691924 8.301185
-Trial 87 0 81691924 8.308191
* 88: Cost = 0_81026540, Time = 5.87 sec. 
-Trial 88 0 81026540 8.392213
-Trial 89 0 81026540 8.459108
-Trial 90 0 81026540 8.486597
-Trial 91 0 81026540 8.487801
-Trial 92 0 81026540 8.488954
-Trial 93 0 81026540 8.490764
-Trial 94 0 81026540 8.491563
* 95: Cost = 0_80820434, Time = 5.99 sec. 
-Trial 95 0 80820434 8.511380
-Trial 96 0 80820434 8.630524
-Trial 97 0 80820434 8.630930
-Trial 98 0 80820434 8.632935
* 99: Cost = 0_80560459, Time = 6.19 sec. 
-Trial 99 0 80560459 8.707322
* 100: Cost = 0_80541590, Time = 6.19 sec. 
-Trial 100 0 80541590 8.711726
* 101: Cost = 0_80451179, Time = 6.22 sec. 
-Trial 101 0 80451179 8.737442
* 102: Cost = 0_80427520, Time = 6.22 sec. 
-Trial 102 0 80427520 8.740877
* 103: Cost = 0_79976702, Time = 6.27 sec. 
-Trial 103 0 79976702 8.795271
-Trial 104 0 79976702 8.795634
-Trial 105 0 79976702 8.796538
-Trial 106 0 79976702 8.800182
-Trial 107 0 79976702 8.803123
-Trial 108 0 79976702 8.803488
-Trial 109 0 79976702 8.805812
* 110: Cost = 0_79777281, Time = 6.44 sec. 
-Trial 110 0 79777281 8.963250
-Trial 111 0 79777281 8.965715
* 112: Cost = 0_79682658, Time = 6.46 sec. 
-Trial 112 0 79682658 8.977372
* 113: Cost = 0_79452183, Time = 6.70 sec. 
-Trial 113 0 79452183 9.219101
* 114: Cost = 0_78599671, Time = 6.78 sec. 
-Trial 114 0 78599671 9.302476
-Trial 115 0 78599671 9.381854
* 116: Cost = 0_78405243, Time = 7.21 sec. 
-Trial 116 0 78405243 9.734344
* 117: Cost = 0_78399824, Time = 7.29 sec. 
-Trial 117 0 78399824 9.807778
* 118: Cost = 0_78158332, Time = 7.33 sec. 
-Trial 118 0 78158332 9.855659
-Trial 119 0 78158332 9.892561
-Trial 120 0 78158332 9.894050
-Trial 121 0 78158332 9.894435
-Trial 122 0 78158332 9.913848
* 123: Cost = 0_77924998, Time = 7.60 sec. 
-Trial 123 0 77924998 10.121215
-Trial 124 0 77924998 10.121662
* 125: Cost = 0_77923801, Time = 7.61 sec. 
-Trial 125 0 77923801 10.133068
* 126: Cost = 0_77883869, Time = 7.69 sec. 
-Trial 126 0 77883869 10.213527
-Trial 127 0 77883869 10.220834
-Trial 128 0 77883869 10.291345
-Trial 129 0 77883869 10.294897
* 130: Cost = 0_77808699, Time = 8.39 sec. 
-Trial 130 0 77808699 10.908887
* 131: Cost = 0_77137413, Time = 9.09 sec. 
-Trial 131 0 77137413 11.609219
-Trial 132 0 77137413 11.611808
* 133: Cost = 0_77100960, Time = 9.13 sec. 
-Trial 133 0 77100960 11.650548
-Trial 134 0 77100960 11.699611
* 135: Cost = 0_77062561, Time = 9.24 sec. 
-Trial 135 0 77062561 11.756849
-Trial 136 0 77062561 11.757145
-Trial 137 0 77062561 11.758242
* 138: Cost = 0_77050635, Time = 9.29 sec. 
-Trial 138 0 77050635 11.808426
-Trial 139 0 77050635 11.809232
-Trial 140 0 77050635 11.809536
* 141: Cost = 0_77011683, Time = 9.33 sec. 
-Trial 141 0 77011683 11.856071
-Trial 142 0 77011683 11.856371
* 143: Cost = 0_76807139, Time = 9.42 sec. 
-Trial 143 0 76807139 11.940510
-Trial 144 0 76807139 11.942686
* 145: Cost = 0_76797493, Time = 9.58 sec. 
-Trial 145 0 76797493 12.103692
* 146: Cost = 0_76745337, Time = 9.68 sec. 
-Trial 146 0 76745337 12.198110
-Trial 147 0 76745337 12.198567
* 148: Cost = 0_76379908, Time = 9.85 sec. 
-Trial 148 0 76379908 12.376357
-Trial 149 0 76379908 12.411683
-Trial 150 0 76379908 12.414100
-Trial 151 0 76379908 12.663053
-Trial 152 0 76379908 12.666335
-Trial 153 0 76379908 13.261126
-Trial 154 0 76379908 13.261787
-Trial 155 0 76379908 13.771688
-Trial 156 0 76379908 13.823987
-Trial 157 0 76379908 13.825190
-Trial 158 0 76379908 13.833170
-Trial 159 0 76379908 13.866368
* 160: Cost = 0_76269360, Time = 11.41 sec. 
-Trial 160 0 76269360 13.927161
* 161: Cost = 0_76207603, Time = 11.46 sec. 
-Trial 161 0 76207603 13.982661
-Trial 162 0 76207603 14.105571
-Trial 163 0 76207603 14.124215
* 164: Cost = 0_76152334, Time = 11.69 sec. 
-Trial 164 0 76152334 14.206721
-Trial 165 0 76152334 14.523732
-Trial 166 0 76152334 14.528443
-Trial 167 0 76152334 14.540139
* 168: Cost = 0_76145353, Time = 12.09 sec. 
-Trial 168 0 76145353 14.608348
-Trial 169 0 76145353 14.609592
-Trial 170 0 76145353 14.609849
-Trial 171 0 76145353 14.621954
* 172: Cost = 0_76117435, Time = 12.11 sec. 
-Trial 172 0 76117435 14.629015
* 173: Cost = 0_76017742, Time = 12.25 sec. 
-Trial 173 0 76017742 14.770828
* 174: Cost = 0_75912522, Time = 12.37 sec. 
-Trial 174 0 75912522 14.891317
-Trial 175 0 75912522 14.892545
-Trial 176 0 75912522 15.159322
* 177: Cost = 0_75893706, Time = 12.64 sec. 
-Trial 177 0 75893706 15.166054
-Trial 178 0 75893706 15.169866
-Trial 179 0 75893706 15.558773
-Trial 180 0 75893706 15.564997
-Trial 181 0 75893706 15.789446
-Trial 182 0 75893706 15.798772
-Trial 183 0 75893706 15.800458
* 184: Cost = 0_75751954, Time = 13.31 sec. 
-Trial 184 0 75751954 15.832951
-Trial 185 0 75751954 15.842321
* 186: Cost = 0_75626728, Time = 13.48 sec. 
-Trial 186 0 75626728 15.998962
-Trial 187 0 75626728 16.008207
* 188: Cost = 0_75502714, Time = 13.62 sec. 
-Trial 188 0 75502714 16.141555
* 189: Cost = 0_75450944, Time = 13.66 sec. 
-Trial 189 0 75450944 16.182301
-Trial 190 0 75450944 16.401299
-Trial 191 0 75450944 16.518349
-Trial 192 0 75450944 16.518828
-Trial 193 0 75450944 16.521522
* 194: Cost = 0_75403564, Time = 14.03 sec. 
-Trial 194 0 75403564 16.548491
* 195: Cost = 0_75394126, Time = 14.11 sec. 
-Trial 195 0 75394126 16.629094
-Trial 196 0 75394126 16.629394
-Trial 197 0 75394126 16.687407
-Trial 198 0 75394126 17.539606
-Trial 199 0 75394126 17.715845
-Trial 200 0 75394126 17.723198
-Trial 201 0 75394126 17.726161
-Trial 202 0 75394126 17.727639
* 203: Cost = 0_75393040, Time = 15.21 sec. 
-Trial 203 0 75393040 17.731197
-Trial 204 0 75393040 17.749771
* 205: Cost = 0_75381786, Time = 15.25 sec. 
-Trial 205 0 75381786 17.773473
-Trial 206 0 75381786 17.826199
-Trial 207 0 75381786 17.826806
-Trial 208 0 75381786 17.828618
* 209: Cost = 0_75083620, Time = 15.64 sec. 
-Trial 209 0 75083620 18.163444
* 210: Cost = 0_75060377, Time = 15.65 sec. 
-Trial 210 0 75060377 18.176219
-Trial 211 0 75060377 18.178084
-Trial 212 0 75060377 18.267761
-Trial 213 0 75060377 18.276226
-Trial 214 0 75060377 18.329468
-Trial 215 0 75060377 18.352357
* 216: Cost = 0_75038578, Time = 15.90 sec. 
-Trial 216 0 75038578 18.416438
-Trial 217 0 75038578 18.451537
-Trial 218 0 75038578 18.458414
-Trial 219 0 75038578 18.528233
-Trial 220 0 75038578 18.530422
* 221: Cost = 0_75034472, Time = 16.42 sec. 
-Trial 221 0 75034472 18.942017
-Trial 222 0 75034472 18.968033
* 223: Cost = 0_75008117, Time = 16.46 sec. 
-Trial 223 0 75008117 18.982813
* 224: Cost = 0_74989351, Time = 16.47 sec. 
-Trial 224 0 74989351 18.989673
* 225: Cost = 0_74950739, Time = 16.59 sec. 
-Trial 225 0 74950739 19.115475
* 226: Cost = 0_74916944, Time = 16.61 sec. 
-Trial 226 0 74916944 19.126887
-Trial 227 0 74916944 19.154065
-Trial 228 0 74916944 19.267329
* 229: Cost = 0_74874518, Time = 16.84 sec. 
-Trial 229 0 74874518 19.358929
* 230: Cost = 0_74866793, Time = 16.85 sec. 
-Trial 230 0 74866793 19.368484
-Trial 231 0 74866793 19.400790
* 232: Cost = 0_74853106, Time = 16.89 sec. 
-Trial 232 0 74853106 19.410617
* 233: Cost = 0_74824152, Time = 16.90 sec. 
-Trial 233 0 74824152 19.419034
-Trial 234 0 74824152 19.433620
* 235: Cost = 0_74819602, Time = 16.95 sec. 
-Trial 235 0 74819602 19.467723
-Trial 236 0 74819602 19.569435
* 237: Cost = 0_74814309, Time = 17.09 sec. 
-Trial 237 0 74814309 19.615256
-Trial 238 0 74814309 19.650292
-Trial 239 0 74814309 19.651047
-Trial 240 0 74814309 19.674977
-Trial 241 0 74814309 19.704630
-Trial 242 0 74814309 19.706868
-Trial 243 0 74814309 19.710229
-Trial 244 0 74814309 19.734679
* 245: Cost = 0_74808636, Time = 17.23 sec. 
-Trial 245 0 74808636 19.753196
-Trial 246 0 74808636 19.777183
-Trial 247 0 74808636 19.866840
* 248: Cost = 0_74807291, Time = 17.35 sec. 
-Trial 248 0 74807291 19.872921
-Trial 249 0 74807291 19.874110
* 250: Cost = 0_74775394, Time = 17.41 sec. 
-Trial 250 0 74775394 19.929735
-Trial 251 0 74775394 20.614478
-Trial 252 0 74775394 20.617653
* 253: Cost = 0_74707592, Time = 18.21 sec. 
-Trial 253 0 74707592 20.732928
* 254: Cost = 0_74695151, Time = 18.22 sec. 
-Trial 254 0 74695151 20.743523
-Trial 255 0 74695151 20.750635
* 256: Cost = 0_74660332, Time = 18.39 sec. 
-Trial 256 0 74660332 20.910736
-Trial 257 0 74660332 20.920805
-Trial 258 0 74660332 20.926170
-Trial 259 0 74660332 20.960091
* 260: Cost = 0_74648547, Time = 18.48 sec. 
-Trial 260 0 74648547 21.002129
* 261: Cost = 0_74646740, Time = 19.34 sec. 
-Trial 261 0 74646740 21.860700
* 262: Cost = 0_74600317, Time = 19.37 sec. 
-Trial 262 0 74600317 21.888199
* 263: Cost = 0_74591800, Time = 19.39 sec. 
-Trial 263 0 74591800 21.909966
-Trial 264 0 74591800 22.025544
-Trial 265 0 74591800 22.026137
* 266: Cost = 0_74499216, Time = 19.56 sec. 
-Trial 266 0 74499216 22.083359
-Trial 267 0 74499216 22.419920
-Trial 268 0 74499216 22.422153
-Trial 269 0 74499216 22.478646
-Trial 270 0 74499216 22.532645
* 271: Cost = 0_74430328, Time = 20.04 sec. 
-Trial 271 0 74430328 22.559507
-Trial 272 0 74430328 22.691722
-Trial 273 0 74430328 22.693263
-Trial 274 0 74430328 22.697967
-Trial 275 0 74430328 22.698232
-Trial 276 0 74430328 22.700221
-Trial 277 0 74430328 22.700889
-Trial 278 0 74430328 22.701168
-Trial 279 0 74430328 22.704286
-Trial 280 0 74430328 22.704726
-Trial 281 0 74430328 22.705760
* 282: Cost = 0_74420247, Time = 20.36 sec. 
-Trial 282 0 74420247 22.882060
-Trial 283 0 74420247 22.891378
* 284: Cost = 0_74294184, Time = 20.46 sec. 
-Trial 284 0 74294184 22.984723
-Trial 285 0 74294184 22.996619
-Trial 286 0 74294184 23.019383
-Trial 287 0 74294184 23.020496
-Trial 288 0 74294184 23.024817
-Trial 289 0 74294184 23.253931
* 290: Cost = 0_74287186, Time = 20.74 sec. 
-Trial 290 0 74287186 23.257246
-Trial 291 0 74287186 23.260309
-Trial 292 0 74287186 23.278814
-Trial 293 0 74287186 23.280169
-Trial 294 0 74287186 23.280922
-Trial 295 0 74287186 23.282766
-Trial 296 0 74287186 23.284927
-Trial 297 0 74287186 23.286943
-Trial 298 0 74287186 23.302740
-Trial 299 0 74287186 23.363936
* 300: Cost = 0_74116157, Time = 21.14 sec. 
-Trial 300 0 74116157 23.660765
* 301: Cost = 0_74097492, Time = 21.15 sec. 
-Trial 301 0 74097492 23.669232
-Trial 302 0 74097492 23.740149
-Trial 303 0 74097492 23.821751
-Trial 304 0 74097492 24.304935
* 305: Cost = 0_74080710, Time = 22.11 sec. 
-Trial 305 0 74080710 24.630162
-Trial 306 0 74080710 24.637638
-Trial 307 0 74080710 24.637951
-Trial 308 0 74080710 24.639217
-Trial 309 0 74080710 24.643845
-Trial 310 0 74080710 24.649888
* 311: Cost = 0_73983443, Time = 22.23 sec. 
-Trial 311 0 73983443 24.751026
-Trial 312 0 73983443 24.760968
-Trial 313 0 73983443 24.762712
-Trial 314 0 73983443 24.931693
* 315: Cost = 0_73982369, Time = 22.43 sec. 
-Trial 315 0 73982369 24.952511
-Trial 316 0 73982369 24.958072
-Trial 317 0 73982369 24.963032
-Trial 318 0 73982369 24.964042
-Trial 319 0 73982369 24.967294
* 320: Cost = 0_73844121, Time = 22.46 sec. 
-Trial 320 0 73844121 24.979387
* 321: Cost = 0_73816668, Time = 22.49 sec. 
-Trial 321 0 73816668 25.010732
* 322: Cost = 0_73809218, Time = 22.75 sec. 
-Trial 322 0 73809218 25.271697
-Trial 323 0 73809218 25.464538
* 324: Cost = 0_73808784, Time = 22.97 sec. 
-Trial 324 0 73808784 25.493578
-Trial 325 0 73808784 25.493996
-Trial 326 0 73808784 25.559160
* 327: Cost = 0_73805186, Time = 23.07 sec. 
-Trial 327 0 73805186 25.589731
-Trial 328 0 73805186 26.166735
-Trial 329 0 73805186 26.566010
* 330: Cost = 0_73796573, Time = 24.14 sec. 
-Trial 330 0 73796573 26.662093
-Trial 331 0 73796573 26.663634
-Trial 332 0 73796573 26.847260
* 333: Cost = 0_73796254, Time = 24.83 sec. 
-Trial 333 0 73796254 27.348949
-Trial 334 0 73796254 27.350545
-Trial 335 0 73796254 27.352533
* 336: Cost = 0_73794295, Time = 24.85 sec. 
-Trial 336 0 73794295 27.375910
-Trial 337 0 73794295 27.511967
-Trial 338 0 73794295 27.512847
-Trial 339 0 73794295 27.516475
-Trial 340 0 73794295 28.539063
-Trial 341 0 73794295 28.539444
* 342: Cost = 0_73781099, Time = 26.13 sec. 
-Trial 342 0 73781099 28.647520
-Trial 343 0 73781099 28.649530
-Trial 344 0 73781099 28.649985
* 345: Cost = 0_73759684, Time = 26.30 sec. 
-Trial 345 0 73759684 28.819017
* 346: Cost = 0_73755480, Time = 26.31 sec. 
-Trial 346 0 73755480 28.827365
-Trial 347 0 73755480 28.839680
-Trial 348 0 73755480 29.007355
* 349: Cost = 0_73746021, Time = 26.53 sec. 
-Trial 349 0 73746021 29.052291
* 350: Cost = 0_73679969, Time = 26.62 sec. 
-Trial 350 0 73679969 29.141660
-Trial 351 0 73679969 29.142350
-Trial 352 0 73679969 29.206379
* 353: Cost = 0_73676309, Time = 26.70 sec. 
-Trial 353 0 73676309 29.217414
-Trial 354 0 73676309 29.330122
-Trial 355 0 73676309 29.535956
-Trial 356 0 73676309 29.537367
-Trial 357 0 73676309 29.835860
-Trial 358 0 73676309 29.845513
-Trial 359 0 73676309 29.851196
* 360: Cost = 0_73594138, Time = 27.52 sec. 
-Trial 360 0 73594138 30.037442
-Trial 361 0 73594138 30.088855
-Trial 362 0 73594138 30.509651
-Trial 363 0 73594138 30.537235
* 364: Cost = 0_73526465, Time = 28.22 sec. 
-Trial 364 0 73526465 30.744551
* 365: Cost = 0_73520841, Time = 28.23 sec. 
-Trial 365 0 73520841 30.751386
-Trial 366 0 73520841 30.760057
-Trial 367 0 73520841 30.919274
-Trial 368 0 73520841 31.238597
* 369: Cost = 0_73511075, Time = 28.72 sec. 
-Trial 369 0 73511075 31.240567
-Trial 370 0 73511075 31.241620
-Trial 371 0 73511075 31.286961
-Trial 372 0 73511075 31.287748
-Trial 373 0 73511075 31.296062
* 374: Cost = 0_73507620, Time = 28.78 sec. 
-Trial 374 0 73507620 31.299351
-Trial 375 0 73507620 31.301692
* 376: Cost = 0_73502407, Time = 28.80 sec. 
-Trial 376 0 73502407 31.320854
* 377: Cost = 0_73496123, Time = 28.92 sec. 
-Trial 377 0 73496123 31.445751
-Trial 378 0 73496123 31.635337
-Trial 379 0 73496123 31.652263
-Trial 380 0 73496123 31.653798
-Trial 381 0 73496123 31.669350
-Trial 382 0 73496123 31.670041
* 383: Cost = 0_73440265, Time = 29.24 sec. 
-Trial 383 0 73440265 31.756949
-Trial 384 0 73440265 31.757447
-Trial 385 0 73440265 31.758427
-Trial 386 0 73440265 31.766182
-Trial 387 0 73440265 31.979122
-Trial 388 0 73440265 31.979734
-Trial 389 0 73440265 32.122760
-Trial 390 0 73440265 32.130751
-Trial 391 0 73440265 32.294917
-Trial 392 0 73440265 32.321280
-Trial 393 0 73440265 32.557803
-Trial 394 0 73440265 32.562784
-Trial 395 0 73440265 32.592121
-Trial 396 0 73440265 32.592653
-Trial 397 0 73440265 32.606150
-Trial 398 0 73440265 32.626335
-Trial 399 0 73440265 32.728183
-Trial 400 0 73440265 33.019061
* 401: Cost = 0_73440128, Time = 30.51 sec. 
-Trial 401 0 73440128 33.033879
-Trial 402 0 73440128 33.035167
-Trial 403 0 73440128 33.036936
* 404: Cost = 0_73417522, Time = 30.60 sec. 
-Trial 404 0 73417522 33.122516
-Trial 405 0 73417522 33.123634
-Trial 406 0 73417522 33.192141
-Trial 407 0 73417522 33.192558
-Trial 408 0 73417522 33.194887
* 409: Cost = 0_73407971, Time = 30.77 sec. 
-Trial 409 0 73407971 33.288091
-Trial 410 0 73407971 33.320875
* 411: Cost = 0_73406542, Time = 30.80 sec. 
-Trial 411 0 73406542 33.325208
-Trial 412 0 73406542 33.362185
-Trial 413 0 73406542 33.368261
-Trial 414 0 73406542 33.369340
-Trial 415 0 73406542 33.370183
-Trial 416 0 73406542 33.380799
-Trial 417 0 73406542 33.548965
-Trial 418 0 73406542 33.718129
-Trial 419 0 73406542 33.760402
-Trial 420 0 73406542 33.921357
-Trial 421 0 73406542 33.968606
-Trial 422 0 73406542 34.065248
-Trial 423 0 73406542 34.065928
-Trial 424 0 73406542 34.066220
-Trial 425 0 73406542 34.068341
-Trial 426 0 73406542 34.068639
-Trial 427 0 73406542 34.069086
-Trial 428 0 73406542 34.568767
-Trial 429 0 73406542 34.572478
-Trial 430 0 73406542 34.572817
-Trial 431 0 73406542 34.574414
-Trial 432 0 73406542 34.589074
-Trial 433 0 73406542 34.607135
-Trial 434 0 73406542 34.607880
-Trial 435 0 73406542 34.616765
-Trial 436 0 73406542 34.617159
-Trial 437 0 73406542 34.618583
-Trial 438 0 73406542 34.619815
-Trial 439 0 73406542 34.842296
-Trial 440 0 73406542 34.884618
-Trial 441 0 73406542 34.884958
-Trial 442 0 73406542 35.089062
-Trial 443 0 73406542 35.109986
* 444: Cost = 0_73406524, Time = 32.59 sec. 
-Trial 444 0 73406524 35.114120
* 445: Cost = 0_73387279, Time = 32.63 sec. 
-Trial 445 0 73387279 35.148260
-Trial 446 0 73387279 35.528130
-Trial 447 0 73387279 35.529053
-Trial 448 0 73387279 35.530932
-Trial 449 0 73387279 35.684794
-Trial 450 0 73387279 35.736917
-Trial 451 0 73387279 35.756335
-Trial 452 0 73387279 35.756768
-Trial 453 0 73387279 35.779966
-Trial 454 0 73387279 35.828438
-Trial 455 0 73387279 35.841206
-Trial 456 0 73387279 36.127771
* 457: Cost = 0_73384709, Time = 33.63 sec. 
-Trial 457 0 73384709 36.148063
* 458: Cost = 0_73384695, Time = 33.63 sec. 
-Trial 458 0 73384695 36.153021
-Trial 459 0 73384695 36.156109
-Trial 460 0 73384695 36.156749
-Trial 461 0 73384695 36.965304
-Trial 462 0 73384695 36.966770
-Trial 463 0 73384695 37.040046
-Trial 464 0 73384695 37.078179
-Trial 465 0 73384695 37.194106
-Trial 466 0 73384695 37.195301
-Trial 467 0 73384695 37.200632
-Trial 468 0 73384695 37.200899
-Trial 469 0 73384695 37.227444
-Trial 470 0 73384695 37.230558
-Trial 471 0 73384695 37.231530
-Trial 472 0 73384695 37.289590
-Trial 473 0 73384695 37.299373
-Trial 474 0 73384695 37.308641
-Trial 475 0 73384695 37.345714
-Trial 476 0 73384695 37.351581
-Trial 477 0 73384695 37.359299
-Trial 478 0 73384695 37.378859
-Trial 479 0 73384695 37.477015
-Trial 480 0 73384695 37.616459
* 481: Cost = 0_73384583, Time = 35.10 sec. 
-Trial 481 0 73384583 37.624733
-Trial 482 0 73384583 37.630235
-Trial 483 0 73384583 37.648565
-Trial 484 0 73384583 37.674800
-Trial 485 0 73384583 37.675261
-Trial 486 0 73384583 37.679413
-Trial 487 0 73384583 37.699512
-Trial 488 0 73384583 37.835009
-Trial 489 0 73384583 37.835664
-Trial 490 0 73384583 37.846437
-Trial 491 0 73384583 37.876851
-Trial 492 0 73384583 37.877434
-Trial 493 0 73384583 37.881173
-Trial 494 0 73384583 37.881962
-Trial 495 0 73384583 38.001164
-Trial 496 0 73384583 38.090784
* 497: Cost = 0_73361749, Time = 35.66 sec. 
-Trial 497 0 73361749 38.185474
-Trial 498 0 73361749 38.569038
-Trial 499 0 73361749 38.682798
-Trial 500 0 73361749 39.114350
-Trial 501 0 73361749 39.609535
* 502: Cost = 0_73313959, Time = 37.37 sec. 
-Trial 502 0 73313959 39.894523
-Trial 503 0 73313959 40.009954
* 504: Cost = 0_73306593, Time = 37.81 sec. 
-Trial 504 0 73306593 40.328623
-Trial 505 0 73306593 40.348811
-Trial 506 0 73306593 40.519952
-Trial 507 0 73306593 40.534897
-Trial 508 0 73306593 40.589849
-Trial 509 0 73306593 40.613054
-Trial 510 0 73306593 40.720177
-Trial 511 0 73306593 40.721429
-Trial 512 0 73306593 40.725881
-Trial 513 0 73306593 40.763594
* 514: Cost = 0_73293444, Time = 38.31 sec. 
-Trial 514 0 73293444 40.828102
-Trial 515 0 73293444 40.840767
-Trial 516 0 73293444 40.841743
-Trial 517 0 73293444 41.153039
-Trial 518 0 73293444 41.531588
-Trial 519 0 73293444 41.548115
* 520: Cost = 0_73283174, Time = 39.24 sec. 
-Trial 520 0 73283174 41.759128
-Trial 521 0 73283174 42.169263
-Trial 522 0 73283174 42.187087
-Trial 523 0 73283174 42.189951
-Trial 524 0 73283174 42.318748
* 525: Cost = 0_73272285, Time = 39.85 sec. 
-Trial 525 0 73272285 42.375814
* 526: Cost = 0_73271658, Time = 40.06 sec. 
-Trial 526 0 73271658 42.586358
-Trial 527 0 73271658 42.698326
-Trial 528 0 73271658 42.707048
-Trial 529 0 73271658 42.722674
* 530: Cost = 0_73183593, Time = 40.21 sec. 
-Trial 530 0 73183593 42.729760
-Trial 531 0 73183593 42.737448
-Trial 532 0 73183593 42.995462
* 533: Cost = 0_73150923, Time = 40.50 sec. 
-Trial 533 0 73150923 43.023469
-Trial 534 0 73150923 43.311468
* 535: Cost = 0_73050353, Time = 40.86 sec. 
-Trial 535 0 73050353 43.384542
-Trial 536 0 73050353 43.399190
-Trial 537 0 73050353 43.427148
-Trial 538 0 73050353 43.428968
-Trial 539 0 73050353 43.429960
-Trial 540 0 73050353 43.487607
-Trial 541 0 73050353 43.866618
-Trial 542 0 73050353 43.873811
* 543: Cost = 0_73045959, Time = 41.39 sec. 
-Trial 543 0 73045959 43.915256
-Trial 544 0 73045959 43.918634
-Trial 545 0 73045959 43.941792
* 546: Cost = 0_73012733, Time = 41.59 sec. 
-Trial 546 0 73012733 44.114001
* 547: Cost = 0_73011678, Time = 41.69 sec. 
-Trial 547 0 73011678 44.210262
-Trial 548 0 73011678 44.210799
-Trial 549 0 73011678 44.232598
* 550: Cost = 0_72970346, Time = 41.79 sec. 
-Trial 550 0 72970346 44.313731
-Trial 551 0 72970346 44.321219
-Trial 552 0 72970346 44.329548
* 553: Cost = 0_72949462, Time = 41.83 sec. 
-Trial 553 0 72949462 44.354613
-Trial 554 0 72949462 44.459472
-Trial 555 0 72949462 44.848639
-Trial 556 0 72949462 44.949418
-Trial 557 0 72949462 45.129333
* 558: Cost = 0_72931657, Time = 42.81 sec. 
-Trial 558 0 72931657 45.328146
-Trial 559 0 72931657 45.444265
* 560: Cost = 0_72924285, Time = 43.00 sec. 
-Trial 560 0 72924285 45.520550
-Trial 561 0 72924285 45.657906
-Trial 562 0 72924285 46.299512
-Trial 563 0 72924285 46.301413
-Trial 564 0 72924285 46.826315
-Trial 565 0 72924285 46.919232
-Trial 566 0 72924285 47.012519
-Trial 567 0 72924285 47.024106
-Trial 568 0 72924285 47.055950
-Trial 569 0 72924285 47.059980
* 570: Cost = 0_72812186, Time = 44.63 sec. 
-Trial 570 0 72812186 47.154286
-Trial 571 0 72812186 47.181398
-Trial 572 0 72812186 47.182447
-Trial 573 0 72812186 47.190655
-Trial 574 0 72812186 47.196878
-Trial 575 0 72812186 47.408009
-Trial 576 0 72812186 47.443213
* 577: Cost = 0_72802133, Time = 45.02 sec. 
-Trial 577 0 72802133 47.539432
-Trial 578 0 72802133 47.608941
-Trial 579 0 72802133 48.028867
-Trial 580 0 72802133 48.068035
-Trial 581 0 72802133 48.078990
-Trial 582 0 72802133 48.106658
-Trial 583 0 72802133 48.108182
* 584: Cost = 0_72800616, Time = 45.89 sec. 
-Trial 584 0 72800616 48.416353
-Trial 585 0 72800616 48.419321
-Trial 586 0 72800616 48.575418
-Trial 587 0 72800616 48.591478
-Trial 588 0 72800616 48.591818
* 589: Cost = 0_72792890, Time = 46.11 sec. 
-Trial 589 0 72792890 48.628432
-Trial 590 0 72792890 48.635919
-Trial 591 0 72792890 48.637111
-Trial 592 0 72792890 48.638575
-Trial 593 0 72792890 48.640485
* 594: Cost = 0_72780152, Time = 46.14 sec. 
-Trial 594 0 72780152 48.660323
-Trial 595 0 72780152 48.680811
-Trial 596 0 72780152 48.856245
-Trial 597 0 72780152 48.865514
-Trial 598 0 72780152 48.867237
-Trial 599 0 72780152 48.869888
-Trial 600 0 72780152 48.940702
-Trial 601 0 72780152 48.970028
-Trial 602 0 72780152 48.972069
-Trial 603 0 72780152 48.991586
-Trial 604 0 72780152 48.992115
-Trial 605 0 72780152 49.615471
-Trial 606 0 72780152 49.631533
-Trial 607 0 72780152 49.641113
-Trial 608 0 72780152 50.128366
* 609: Cost = 0_72746986, Time = 47.71 sec. 
-Trial 609 0 72746986 50.230690
-Trial 610 0 72746986 50.233161
-Trial 611 0 72746986 50.235293
-Trial 612 0 72746986 50.236126
* 613: Cost = 0_72722859, Time = 47.88 sec. 
-Trial 613 0 72722859 50.396904
-Trial 614 0 72722859 50.402770
-Trial 615 0 72722859 50.421536
-Trial 616 0 72722859 50.525456
-Trial 617 0 72722859 50.535045
* 618: Cost = 0_72697127, Time = 48.18 sec. 
-Trial 618 0 72697127 50.697909
-Trial 619 0 72697127 50.703891
-Trial 620 0 72697127 50.708662
-Trial 621 0 72697127 50.709654
-Trial 622 0 72697127 50.950365
-Trial 623 0 72697127 50.952160
-Trial 624 0 72697127 50.952745
* 625: Cost = 0_72684862, Time = 48.53 sec. 
-Trial 625 0 72684862 51.050023
-Trial 626 0 72684862 51.084369
-Trial 627 0 72684862 51.109382
-Trial 628 0 72684862 51.147567
* 629: Cost = 0_72680358, Time = 48.64 sec. 
-Trial 629 0 72680358 51.163006
* 630: Cost = 0_72675018, Time = 48.70 sec. 
-Trial 630 0 72675018 51.225069
-Trial 631 0 72675018 51.251667
-Trial 632 0 72675018 51.252981
-Trial 633 0 72675018 51.470692
-Trial 634 0 72675018 51.472228
* 635: Cost = 0_72655644, Time = 49.05 sec. 
-Trial 635 0 72655644 51.573195
-Trial 636 0 72655644 51.579067
-Trial 637 0 72655644 51.661779
* 638: Cost = 0_72647658, Time = 49.19 sec. 
-Trial 638 0 72647658 51.708408
-Trial 639 0 72647658 51.836771
-Trial 640 0 72647658 51.837861
-Trial 641 0 72647658 51.838766
* 642: Cost = 0_72645841, Time = 49.34 sec. 
-Trial 642 0 72645841 51.861944
-Trial 643 0 72645841 51.862603
* 644: Cost = 0_72644643, Time = 49.35 sec. 
-Trial 644 0 72644643 51.876012
-Trial 645 0 72644643 51.877047
-Trial 646 0 72644643 51.884696
* 647: Cost = 0_72637677, Time = 49.42 sec. 
-Trial 647 0 72637677 51.942772
* 648: Cost = 0_72601129, Time = 49.58 sec. 
-Trial 648 0 72601129 52.106234
-Trial 649 0 72601129 52.120547
-Trial 650 0 72601129 52.149610
* 651: Cost = 0_72577395, Time = 49.72 sec. 
-Trial 651 0 72577395 52.236379
-Trial 652 0 72577395 52.323370
* 653: Cost = 0_72559764, Time = 49.94 sec. 
-Trial 653 0 72559764 52.460867
-Trial 654 0 72559764 52.461250
-Trial 655 0 72559764 52.463776
-Trial 656 0 72559764 52.544867
-Trial 657 0 72559764 52.545174
-Trial 658 0 72559764 52.545861
-Trial 659 0 72559764 52.547538
-Trial 660 0 72559764 53.184849
* 661: Cost = 0_72557899, Time = 50.68 sec. 
-Trial 661 0 72557899 53.203018
-Trial 662 0 72557899 53.203726
-Trial 663 0 72557899 53.497700
-Trial 664 0 72557899 54.269402
-Trial 665 0 72557899 54.271412
-Trial 666 0 72557899 54.275979
-Trial 667 0 72557899 54.277079
-Trial 668 0 72557899 54.298864
-Trial 669 0 72557899 55.444442
-Trial 670 0 72557899 55.487092
-Trial 671 0 72557899 55.496251
-Trial 672 0 72557899 55.497183
-Trial 673 0 72557899 55.497633
-Trial 674 0 72557899 55.902297
-Trial 675 0 72557899 55.902940
* 676: Cost = 0_72543625, Time = 53.58 sec. 
-Trial 676 0 72543625 56.104934
-Trial 677 0 72543625 56.165981
-Trial 678 0 72543625 56.174314
-Trial 679 0 72543625 56.175375
-Trial 680 0 72543625 56.288294
* 681: Cost = 0_72528218, Time = 53.78 sec. 
-Trial 681 0 72528218 56.303513
-Trial 682 0 72528218 56.413309
* 683: Cost = 0_72518562, Time = 53.91 sec. 
-Trial 683 0 72518562 56.427684
-Trial 684 0 72518562 56.535793
-Trial 685 0 72518562 56.773408
-Trial 686 0 72518562 56.945411
* 687: Cost = 0_72417157, Time = 54.63 sec. 
-Trial 687 0 72417157 57.147141
-Trial 688 0 72417157 57.151377
-Trial 689 0 72417157 57.259834
-Trial 690 0 72417157 57.285091
-Trial 691 0 72417157 57.286171
* 692: Cost = 0_72392168, Time = 54.83 sec. 
-Trial 692 0 72392168 57.355274
-Trial 693 0 72392168 57.402806
-Trial 694 0 72392168 57.510896
* 695: Cost = 0_72358020, Time = 55.24 sec. 
-Trial 695 0 72358020 57.762076
* 696: Cost = 0_72354390, Time = 55.33 sec. 
-Trial 696 0 72354390 57.847037
-Trial 697 0 72354390 57.847620
-Trial 698 0 72354390 57.849762
-Trial 699 0 72354390 58.014600
-Trial 700 0 72354390 58.032971
-Trial 701 0 72354390 58.060943
-Trial 702 0 72354390 59.122437
-Trial 703 0 72354390 59.134465
-Trial 704 0 72354390 59.165674
-Trial 705 0 72354390 59.170609
-Trial 706 0 72354390 59.171679
-Trial 707 0 72354390 59.176025
* 708: Cost = 0_72297971, Time = 56.85 sec. 
-Trial 708 0 72297971 59.374476
-Trial 709 0 72297971 59.799778
-Trial 710 0 72297971 60.563579
-Trial 711 0 72297971 60.574652
-Trial 712 0 72297971 60.583170
* 713: Cost = 0_72262720, Time = 58.07 sec. 
-Trial 713 0 72262720 60.592666
-Trial 714 0 72262720 60.601412
-Trial 715 0 72262720 60.603014
-Trial 716 0 72262720 61.224435
-Trial 717 0 72262720 61.311734
* 718: Cost = 0_72262215, Time = 58.87 sec. 
-Trial 718 0 72262215 61.387026
-Trial 719 0 72262215 61.561266
-Trial 720 0 72262215 61.631361
-Trial 721 0 72262215 61.920688
* 722: Cost = 0_72259585, Time = 59.54 sec. 
-Trial 722 0 72259585 62.059413
-Trial 723 0 72259585 62.483091
* 724: Cost = 0_72245913, Time = 59.97 sec. 
-Trial 724 0 72245913 62.493499
-Trial 725 0 72245913 62.494394
* 726: Cost = 0_72245342, Time = 59.99 sec. 
-Trial 726 0 72245342 62.511504
* 727: Cost = 0_72240831, Time = 60.02 sec. 
-Trial 727 0 72240831 62.546226
* 728: Cost = 0_72237017, Time = 60.03 sec. 
-Trial 728 0 72237017 62.549108
-Trial 729 0 72237017 62.586023
-Trial 730 0 72237017 62.675900
-Trial 731 0 72237017 62.768074
-Trial 732 0 72237017 63.114579
-Trial 733 0 72237017 63.133723
-Trial 734 0 72237017 63.137203
-Trial 735 0 72237017 63.138021
-Trial 736 0 72237017 63.158438
-Trial 737 0 72237017 63.158716
-Trial 738 0 72237017 63.422624
-Trial 739 0 72237017 63.775229
-Trial 740 0 72237017 63.776262
* 741: Cost = 0_72220703, Time = 61.46 sec. 
-Trial 741 0 72220703 63.976777
-Trial 742 0 72220703 63.979589
-Trial 743 0 72220703 64.128722
-Trial 744 0 72220703 64.135343
-Trial 745 0 72220703 64.164682
* 746: Cost = 0_72219111, Time = 61.65 sec. 
-Trial 746 0 72219111 64.174817
-Trial 747 0 72219111 64.181773
-Trial 748 0 72219111 64.193511
-Trial 749 0 72219111 64.257583
-Trial 750 0 72219111 64.264698
-Trial 751 0 72219111 64.264976
-Trial 752 0 72219111 64.309922
-Trial 753 0 72219111 64.788881
-Trial 754 0 72219111 64.792901
-Trial 755 0 72219111 64.835939
-Trial 756 0 72219111 64.865333
-Trial 757 0 72219111 64.912290
-Trial 758 0 72219111 65.042933
-Trial 759 0 72219111 65.043448
-Trial 760 0 72219111 65.178106
* 761: Cost = 0_72207711, Time = 62.68 sec. 
-Trial 761 0 72207711 65.197807
-Trial 762 0 72207711 65.199960
-Trial 763 0 72207711 65.465012
-Trial 764 0 72207711 66.209128
-Trial 765 0 72207711 66.296120
-Trial 766 0 72207711 66.320563
* 767: Cost = 0_72178161, Time = 63.86 sec. 
-Trial 767 0 72178161 66.379542
-Trial 768 0 72178161 66.379901
-Trial 769 0 72178161 66.448980
-Trial 770 0 72178161 66.691177
-Trial 771 0 72178161 66.772525
-Trial 772 0 72178161 66.788512
-Trial 773 0 72178161 66.789724
* 774: Cost = 0_72151047, Time = 64.35 sec. 
-Trial 774 0 72151047 66.872242
-Trial 775 0 72151047 67.301576
-Trial 776 0 72151047 67.372475
-Trial 777 0 72151047 67.437942
-Trial 778 0 72151047 67.444195
* 779: Cost = 0_72124718, Time = 64.99 sec. 
-Trial 779 0 72124718 67.509408
-Trial 780 0 72124718 67.636711
-Trial 781 0 72124718 67.753256
* 782: Cost = 0_72123552, Time = 65.29 sec. 
-Trial 782 0 72123552 67.813387
-Trial 783 0 72123552 67.890828
-Trial 784 0 72123552 67.892537
-Trial 785 0 72123552 67.892887
-Trial 786 0 72123552 67.945747
* 787: Cost = 0_72121799, Time = 65.47 sec. 
-Trial 787 0 72121799 67.989955
-Trial 788 0 72121799 68.031443
-Trial 789 0 72121799 68.035197
-Trial 790 0 72121799 68.147507
* 791: Cost = 0_71986874, Time = 65.82 sec. 
-Trial 791 0 71986874 68.344896
-Trial 792 0 71986874 68.451656
-Trial 793 0 71986874 68.468463
-Trial 794 0 71986874 68.717839
-Trial 795 0 71986874 68.881363
-Trial 796 0 71986874 68.884335
-Trial 797 0 71986874 68.894994
-Trial 798 0 71986874 68.896350
-Trial 799 0 71986874 68.897090
-Trial 800 0 71986874 68.932443
* 801: Cost = 0_71968593, Time = 67.12 sec. 
-Trial 801 0 71968593 69.641965
-Trial 802 0 71968593 69.656015
-Trial 803 0 71968593 69.863115
-Trial 804 0 71968593 69.864678
-Trial 805 0 71968593 69.938120
-Trial 806 0 71968593 70.050385
-Trial 807 0 71968593 70.073498
-Trial 808 0 71968593 70.119417
* 809: Cost = 0_71908092, Time = 67.98 sec. 
-Trial 809 0 71908092 70.502762
-Trial 810 0 71908092 70.503320
-Trial 811 0 71908092 70.704437
-Trial 812 0 71908092 71.001150
-Trial 813 0 71908092 71.035756
-Trial 814 0 71908092 71.037361
-Trial 815 0 71908092 71.047141
* 816: Cost = 0_71899488, Time = 68.68 sec. 
-Trial 816 0 71899488 71.197077
-Trial 817 0 71899488 71.198660
-Trial 818 0 71899488 71.204584
-Trial 819 0 71899488 71.693007
-Trial 820 0 71899488 71.823814
-Trial 821 0 71899488 71.849172
-Trial 822 0 71899488 71.849738
-Trial 823 0 71899488 71.868553
* 824: Cost = 0_71873882, Time = 69.50 sec. 
-Trial 824 0 71873882 72.020994
-Trial 825 0 71873882 72.122213
-Trial 826 0 71873882 72.123783
* 827: Cost = 0_71867149, Time = 69.66 sec. 
-Trial 827 0 71867149 72.181607
-Trial 828 0 71867149 72.182181
* 829: Cost = 0_71860051, Time = 69.73 sec. 
-Trial 829 0 71860051 72.254728
-Trial 830 0 71860051 72.265398
-Trial 831 0 71860051 72.267992
-Trial 832 0 71860051 72.268292
-Trial 833 0 71860051 73.336625
-Trial 834 0 71860051 73.336942
-Trial 835 0 71860051 73.407928
-Trial 836 0 71860051 73.416316
* 837: Cost = 0_71797994, Time = 71.21 sec. 
-Trial 837 0 71797994 73.735561
* 838: Cost = 0_71754072, Time = 71.62 sec. 
-Trial 838 0 71754072 74.144432
-Trial 839 0 71754072 74.304002
-Trial 840 0 71754072 74.805685
-Trial 841 0 71754072 74.806550
-Trial 842 0 71754072 74.821359
-Trial 843 0 71754072 74.831320
-Trial 844 0 71754072 74.834855
* 845: Cost = 0_71747948, Time = 72.37 sec. 
-Trial 845 0 71747948 74.889376
-Trial 846 0 71747948 75.280399
* 847: Cost = 0_71747394, Time = 72.83 sec. 
-Trial 847 0 71747394 75.355810
* 848: Cost = 0_71736150, Time = 72.88 sec. 
-Trial 848 0 71736150 75.403626
-Trial 849 0 71736150 75.448196
-Trial 850 0 71736150 75.482142
-Trial 851 0 71736150 75.482656
-Trial 852 0 71736150 75.572083
-Trial 853 0 71736150 75.578968
-Trial 854 0 71736150 75.700657
-Trial 855 0 71736150 75.902024
-Trial 856 0 71736150 75.971010
-Trial 857 0 71736150 75.973554
-Trial 858 0 71736150 75.978438
-Trial 859 0 71736150 76.082581
-Trial 860 0 71736150 76.221422
-Trial 861 0 71736150 76.293464
-Trial 862 0 71736150 76.420844
-Trial 863 0 71736150 76.462073
-Trial 864 0 71736150 76.465443
-Trial 865 0 71736150 76.470543
-Trial 866 0 71736150 76.613396
-Trial 867 0 71736150 76.629045
-Trial 868 0 71736150 76.676275
-Trial 869 0 71736150 76.678672
-Trial 870 0 71736150 76.679861
* 871: Cost = 0_71717550, Time = 74.17 sec. 
-Trial 871 0 71717550 76.691022
-Trial 872 0 71717550 76.978506
-Trial 873 0 71717550 77.035753
-Trial 874 0 71717550 77.082699
-Trial 875 0 71717550 77.083877
* 876: Cost = 0_71708741, Time = 74.59 sec. 
-Trial 876 0 71708741 77.110776
* 877: Cost = 0_71708105, Time = 74.67 sec. 
-Trial 877 0 71708105 77.194995
-Trial 878 0 71708105 77.209407
-Trial 879 0 71708105 77.213149
* 880: Cost = 0_71690130, Time = 74.73 sec. 
-Trial 880 0 71690130 77.248350
-Trial 881 0 71690130 77.250256
-Trial 882 0 71690130 77.321015
-Trial 883 0 71690130 77.425982
-Trial 884 0 71690130 77.454360
-Trial 885 0 71690130 77.511984
-Trial 886 0 71690130 77.528079
* 887: Cost = 0_71689888, Time = 75.04 sec. 
-Trial 887 0 71689888 77.562007
-Trial 888 0 71689888 77.717068
-Trial 889 0 71689888 77.717763
-Trial 890 0 71689888 77.732074
-Trial 891 0 71689888 77.807670
-Trial 892 0 71689888 77.808208
-Trial 893 0 71689888 77.847048
-Trial 894 0 71689888 78.271819
-Trial 895 0 71689888 78.276099
-Trial 896 0 71689888 78.287028
-Trial 897 0 71689888 78.303101
-Trial 898 0 71689888 79.704274
-Trial 899 0 71689888 79.767095
-Trial 900 0 71689888 79.825249
-Trial 901 0 71689888 79.826721
-Trial 902 0 71689888 79.875815
-Trial 903 0 71689888 79.915359
-Trial 904 0 71689888 79.950451
-Trial 905 0 71689888 79.951888
-Trial 906 0 71689888 79.959786
-Trial 907 0 71689888 79.961646
* 908: Cost = 0_71686260, Time = 77.47 sec. 
-Trial 908 0 71686260 79.992924
-Trial 909 0 71686260 79.993916
-Trial 910 0 71686260 80.054535
-Trial 911 0 71686260 80.054829
-Trial 912 0 71686260 80.389432
-Trial 913 0 71686260 80.433047
-Trial 914 0 71686260 80.434462
-Trial 915 0 71686260 81.350012
-Trial 916 0 71686260 81.669632
-Trial 917 0 71686260 81.687143
-Trial 918 0 71686260 82.023915
-Trial 919 0 71686260 82.348347
-Trial 920 0 71686260 82.361739
-Trial 921 0 71686260 82.362541
-Trial 922 0 71686260 82.368690
-Trial 923 0 71686260 82.373408
-Trial 924 0 71686260 82.707864
-Trial 925 0 71686260 83.582472
* 926: Cost = 0_71675326, Time = 81.16 sec. 
-Trial 926 0 71675326 83.677133
-Trial 927 0 71675326 84.083083
* 928: Cost = 0_71674880, Time = 81.67 sec. 
-Trial 928 0 71674880 84.187490
-Trial 929 0 71674880 84.194815
-Trial 930 0 71674880 84.197166
-Trial 931 0 71674880 84.198184
-Trial 932 0 71674880 84.198617
* 933: Cost = 0_71671688, Time = 81.73 sec. 
-Trial 933 0 71671688 84.255243
-Trial 934 0 71671688 84.257085
-Trial 935 0 71671688 84.349306
-Trial 936 0 71671688 84.352317
-Trial 937 0 71671688 84.719630
-Trial 938 0 71671688 84.723178
-Trial 939 0 71671688 84.732275
* 940: Cost = 0_71665624, Time = 82.31 sec. 
-Trial 940 0 71665624 84.829994
-Trial 941 0 71665624 85.066910
-Trial 942 0 71665624 85.307931
* 943: Cost = 0_71659043, Time = 82.89 sec. 
-Trial 943 0 71659043 85.409628
-Trial 944 0 71659043 85.760018
* 945: Cost = 0_71658969, Time = 83.31 sec. 
-Trial 945 0 71658969 85.829181
-Trial 946 0 71658969 85.829600
-Trial 947 0 71658969 85.915051
-Trial 948 0 71658969 85.941059
-Trial 949 0 71658969 85.941914
-Trial 950 0 71658969 85.946392
-Trial 951 0 71658969 85.948349
-Trial 952 0 71658969 86.005123
-Trial 953 0 71658969 86.006353
-Trial 954 0 71658969 86.012230
-Trial 955 0 71658969 86.073804
* 956: Cost = 0_71658922, Time = 83.60 sec. 
-Trial 956 0 71658922 86.118452
* 957: Cost = 0_71658038, Time = 83.62 sec. 
-Trial 957 0 71658038 86.144838
-Trial 958 0 71658038 86.149563
-Trial 959 0 71658038 86.234721
-Trial 960 0 71658038 86.499981
-Trial 961 0 71658038 86.500359
-Trial 962 0 71658038 86.501387
-Trial 963 0 71658038 86.597565
* 964: Cost = 0_71656483, Time = 84.10 sec. 
-Trial 964 0 71656483 86.621541
-Trial 965 0 71656483 86.752046
-Trial 966 0 71656483 86.753113
-Trial 967 0 71656483 86.827924
-Trial 968 0 71656483 86.828273
-Trial 969 0 71656483 87.197485
-Trial 970 0 71656483 87.211732
-Trial 971 0 71656483 87.250225
-Trial 972 0 71656483 87.251177
-Trial 973 0 71656483 87.252584
-Trial 974 0 71656483 87.317392
-Trial 975 0 71656483 87.319427
-Trial 976 0 71656483 87.320752
-Trial 977 0 71656483 87.321469
-Trial 978 0 71656483 87.323373
-Trial 979 0 71656483 87.360355
-Trial 980 0 71656483 87.361254
-Trial 981 0 71656483 87.387952
-Trial 982 0 71656483 87.389869
-Trial 983 0 71656483 87.396324
-Trial 984 0 71656483 87.417020
* 985: Cost = 0_71656296, Time = 85.01 sec. 
-Trial 985 0 71656296 87.531949
-Trial 986 0 71656296 87.537605
-Trial 987 0 71656296 87.539193
-Trial 988 0 71656296 87.637497
* 989: Cost = 0_71637067, Time = 85.28 sec. 
-Trial 989 0 71637067 87.803752
-Trial 990 0 71637067 87.866979
-Trial 991 0 71637067 87.946962
-Trial 992 0 71637067 87.948368
-Trial 993 0 71637067 89.690400
-Trial 994 0 71637067 89.697416
-Trial 995 0 71637067 89.718276
-Trial 996 0 71637067 89.727631
-Trial 997 0 71637067 89.776518
-Trial 998 0 71637067 89.848485
-Trial 999 0 71637067 89.853316
* 1000: Cost = 0_71570488, Time = 87.73 sec. 
-Trial 1000 0 71570488 90.246672
Population:
  1: 0_71570488
Run 1: Cost = 0_71570488, Time = 87.73 sec. 

Successes/Runs = 0/1 
Cost.min = 71570488, Cost.avg = 71570488.00, Cost.max = 71570488
Gap.min = 0.0000%, Gap.avg = 0.0000%, Gap.max = 0.0000%
Penalty.min = 0, Penalty.avg = 0.00, Penalty.max = 0
Trials.min = 1000, Trials.avg = 1000.0, Trials.max = 1000
Time.min = 87.73 sec., Time.avg = 87.73 sec., Time.max = 87.73 sec.
Time.total = 90.25 sec.
  Size.min = 30, Size.max = 48, Penalty = 0
  Cost.min = 705767, Cost.max = 2960975, Cost.sum = 71570488
Best CVRP solution:
  Cost = 0_71570488
73 45 1270 560 533 1480 1517 369 241 1084 457 107 331 216 365 432 1328 820 932 717 857 711 230 1272 1320 1042 79 183 608 1377 467 1458 911 1298 393 450 1312 878 99 788 1093 417 246 54 1179 681 1151 1340 145 24 1259 1049 1521 1409 1220 1456 505 869 1255 1135 293 819 604 308 1415 1339 1402 680 974 1063 1427 884 1172 532 210 94 1355 956 1249 1199 720 936 565 934 26 385 700 740 773 1097 1116 1495 1526 1046 453 567 190 826 769 170 217 568 840 234 1469 278 669 985 1032 729 792 377 1416 867 51 352 356 1275 1293 853 19 9 500 803 1455 1226 1237 1492 713 163 1523 627 1210 499 299 868 1038 994 607 1422 1281 1056 219 1059 1231 802 1139 649 423 645 656 157 479 939 1321 1449 303 632 1462 1148 897 360 361 1235 899 1373 182 60 1354 464 126 1294 1419 337 1053 658 1074 776 1202 1535 367 753 231 1041 793 86 166 1248 201 1118 454 839 831 1079 1002 514 722 344 682 975 1218 1036 53 910 420 871 1060 21 648 1408 1076 132 1187 14 1474 289 1429 861 862 252 188 1529 49 727 904 224 363 1103 147 247 1204 697 1010 1472 4 996 110 1386 118 757 1305 641 391 1430 1019 688 243 738 699 465 267 1001 171 134 441 1520 459 1390 493 1436 552 1092 1177 181 507 795 332 1289 665 1014 380 335 728 262 327 1058 1316 531 444 1077 214 894 1268 484 1344 646 569 790 1219 1239 52 1513 309 673 1499 519 155 1283 1119 1048 1350 732 176 66 998 46 173 1129 1423 1438 848 13 963 426 816 85 883 571 1247 546 651 1306 1075 986 887 364 1518 723 1299 263 186 281 881 452 1196 1203 75 480 503 254 1007 302 873 1223 590 692 1244 726 1021 892 18 374 1003 778 510 97 578 1086 951 1126 292 342 545 978 313 845 991 943 1532 1016 1378 589 37 148 1475 167 253 297 209 192 1357 1158 164 424 498 812 30 1302 864 1343 686 298 1310 1045 657 513 431 1437 43 1481 169 1484 279 1250 90 154 1243 1538 745 222 1370 859 435 1287 666 781 240 354 1028 818 378 1335 65 1065 1242 1201 82 311 952 271 635 1477 10 488 521 684 1359 633 80 64 1404 87 129 421 557 603 1166 1303 1274 1107 582 11 1505 540 962 449 1361 1140 351 945 1027 1417 838 1061 879 489 902 1291 725 379 766 419 1351 602 520 1482 501 764 55 1020 926 403 772 1217 626 1216 413 437 1230 530 381 724 1527 1454 611 1489 821 323 992 350 809 1486 458 95 103 850 156 622 1385 914 1011 1410 476 1392 1451 1112 954 116 301 486 1389 663 215 800 1514 1190 1066 317 1194 774 223 74 592 1488 319 1315 1267 269 1257 1261 1398 1467 429 849 562 1142 1095 960 144 1169 832 1209 1133 466 300 667 50 685 336 1443 696 184 983 872 1089 1522 973 870 1050 977 1115 199 1369 218 1263 1393 36 1425 460 721 16 1265 307 1491 1064 844 238 1181 115 747 585 375 1234 197 1004 750 1311 283 1444 418 1391 756 128 1506 290 613 1037 856 642 947 469 1213 1485 1440 318 389 355 1363 125 825 136 852 330 1198 958 758 1143 325 671 1401 1040 1155 576 841 888 1349 810 1088 561 1536 534 1163 1106 715 558 447 714 509 477 541 834 1211 1447 1465 494 268 1403 703 1277 997 1464 653 959 1313 1157 940 1150 937 1421 1072 84 629 903 1225 1099 1159 882 1540 1090 1470 1364 563 1461 981 1493 1307 1490 639 114 922 89 439 702 165 806 1345 1035 1120 41 1070 1396 442 1009 515 1188 175 889 670 517 410 719 106 142 162 716 1512 468 833 208 679 179 135 6 1200 1147 1483 944 765 1288 980 8 654 614 1026 316 993 1110 542 496 109 526 1222 908 690 988 296 414 472 265 1519 177 345 675 428 3 203 544 749 927 416 620 660 1384 972 1308 239 805 1278 693 1208 828 1397 931 1113 407 150 1039 827 731 1245 768 161 1100 763 619 655 1055 1260 58 1533 735 804 1353 28 482 553 880 662 76 1114 100 1034 1127 598 587 1192 1031 751 237 917 194 823 121 842 1054 139 1015 400 775 120 1528 195 40 463 913 123 967 249 1022 1473 1051 376 847 634 596 601 786 228 1082 955 1428 471 942 232 1395 898 901 957 185 198 1043 921 1105 1081 502 415 1224 220 98 1504 404 1327 968 34 67 984 143 1367 1496 27 406 340 1376 737 1024 1280 647 612 676 119 258 631 408 191 390 483 1062 1446 770 1145 1276 1503 644 285 536 394 1336 204 591 796 1479 624 801 1352 33 455 108 1500 368 966 1435 830 256 948 566 678 291 1358 1284 346 25 130 572 1047 427 1 708 1318 31 860 88 69 212 672 1297 1424 1331 970 1152 373 1091 1128 251 1258 159 705 1137 1144 1448 473 1453 57 1012 866 995 122 537 767 146 1379 779 785 780 1205 617 579 1510 1006 321 594 1168 274 158 35 1131 357 1067 1337 1375 425 961 659 1044 1174 712 1207 174 523 485 1184 1087 1296 172 83 799 1372 17 886 1149 78 661 1515 919 388 250 396 600 1459 877 1432 1271 1251 481 32 1246 1406 178 333 312 1253 397 1286 733 610 794 264 863 1333 556 1341 244 525 551 1285 791 1132 1524 1122 625 895 1236 127 555 2 950 1273 383 1466 885 1156 1412 953 470 623 478 392 261 102 1005 211 68 1191 276 549 1189 189 736 70 575 1317 570 456 516 461 761 1420 1173 1508 650 1433 760 1399 755 440 149 900 938 358 1394 584 529 1186 306 522 744 180 1176 616 742 637 683 1332 111 1029 615 270 1362 999 348 160 987 504 606 1292 1531 949 1123 1348 282 353 890 140 588 1264 912 621 583 235 798 200 1078 255 1212 759 1442 1167 1013 112 1329 1098 101 113 1476 511 339 1388 205 411 1539 1382 1494 577 964 925 1380 928 322 366 47 638 734 1252 1254 982 443 286 495 599 969 1164 1175 1439 811 797 1111 1101 1185 1366 1413 61 1085 1323 304 677 1215 1537 548 338 59 226 359 1232 915 1057 152 213 586 168 1497 72 445 580 1154 93 979 508 315 1269 242 843 1023 1195 1405 1121 117 1301 1516 741 865 743 446 221 874 814 42 1096 320 730 1330 771 518 1498 739 96 273 813 92 694 854 20 858 1094 206 15 1319 787 1068 288 257 372 909 573 22 1346 1487 1463 689 1502 1162 104 643 38 133 1326 512 401 574 434 138 81 547 746 105 1360 1109 1171 1411 835 933 824 287 305 907 1170 314 1134 259 399 475 225 946 1178 687 23 1371 1457 63 1534 718 487 698 294 1138 1214 39 916 275 1441 930 782 433 12 1426 1182 1017 1468 707 1309 783 605 597 706 630 1125 227 1071 1450 430 893 1104 1221 710 1300 609 965 1507 1342 62 695 402 539 77 137 1052 777 260 941 1227 436 329 1478 326 1180 1434 1334 277 1368 524 207 1117 935 628 668 920 1322 1238 124 1407 474 229 438 341 989 1314 923 1153 384 1511 492 564 1290 386 347 1025 1445 1365 543 202 789 422 1102 448 1381 370 822 640 1124 1240 284 1262 196 704 664 976 1008 1193 1356 905 1130 924 266 855 1033 1509 1400 1233 506 1160 1197 817 1383 490 527 412 56 1279 398 1460 808 748 1080 462 929 990 44 5 709 784 1304 1501 1324 395 187 1295 193 245 1452 701 387 1418 131 906 1530 272 328 1414 233 91 837 1165 829 554 334 1161 674 310 752 349 896 1338 1136 1241 1229 295 1073 153 451 362 324 1000 636 1347 618 48 595 691 405 382 1018 1325 1228 875 71 141 971 762 876 851 593 1525 891 1266 559 815 550 807 836 280 236 1374 1256 535 1387 1206 528 1146 1108 652 248 1069 538 7 1183 846 151 1030 497 29 491 1083 1282 1141 918 754 1431 409 343 1471 581 371 73 
