PARAMETER_FILE = result/cvrp_1500/LKH_para/71.para
Reading PROBLEM_FILE: "result/cvrp_1500/cvrp/71.cvrp" ... done
ASCENT_CANDIDATES = 50
BACKBONE_TRIALS = 0
BACKTRACKING = NO
# BWTSP =
# CANDIDATE_FILE =
CANDIDATE_SET_TYPE = ALPHA
DEPOT = 1
# EDGE_FILE =
EXCESS = 0.000666223
EXTERNAL_SALESMEN = 0
EXTRA_CANDIDATES = 0 
EXTRA_CANDIDATE_SET_TYPE = QUADRANT
GAIN23 = NO
GAIN_CRITERION = YES
INITIAL_PERIOD = 750
INITIAL_STEP_SIZE = 1
INITIAL_TOUR_ALGORITHM = WALK
# INITIAL_TOUR_FILE = 
INITIAL_TOUR_FRACTION = 1.000
# INPUT_TOUR_FILE = 
KICK_TYPE = 4
KICKS = 1
# MAX_BREADTH =
MAKESPAN = NO
MAX_CANDIDATES = 5 
MAX_SWAPS = 0
MAX_TRIALS = 1000
# MERGE_TOUR_FILE =
MOVE_TYPE = 5 SPECIAL
MTSP_MIN_SIZE = 1
MTSP_MAX_SIZE = 1500
# MTSP_SOLUTION_FILE = 
# NONSEQUENTIAL_MOVE_TYPE = 5
# OPTIMUM =
# OUTPUT_TOUR_FILE = 
PATCHING_A = 1 
PATCHING_C = 0 
# PI_FILE = 
POPMUSIC_INITIAL_TOUR = NO
POPMUSIC_MAX_NEIGHBORS = 5
POPMUSIC_SAMPLE_SIZE = 10
POPMUSIC_SOLUTIONS = 50
POPMUSIC_TRIALS = 1
POPULATION_SIZE = 10
PRECISION = 100
PROBLEM_FILE = result/cvrp_1500/cvrp/71.cvrp
RECOMBINATION = IPT
RESTRICTED_SEARCH = YES
RUNS = 1
SALESMEN = 41
SCALE = 1
SEED = 1234
# SINTEF_SOLUTION_FILE = 
STOP_AT_OPTIMUM = YES
SUBGRADIENT = YES
# SUBPROBLEM_SIZE =
# SUBPROBLEM_TOUR_FILE = 
SUBSEQUENT_MOVE_TYPE = 5 SPECIAL
SUBSEQUENT_PATCHING = YES
# TIME_LIMIT =
# TOUR_FILE = 
TRACE_LEVEL = 1
VEHICLES = 41

Lower bound = 32815025.1, Ascent time = 2.61 sec.
Cand.min = 4, Cand.avg = 5.0, Cand.max = 5
Preprocessing time = 2.67 sec.
* 1: Cost = 0_72490059, Time = 2.72 sec. 
-Trial 1 0 72490059 5.391957
* 2: Cost = 0_71825139, Time = 2.83 sec. 
-Trial 2 0 71825139 5.495214
-Trial 3 0 71825139 5.500508
* 4: Cost = 0_71361099, Time = 2.86 sec. 
-Trial 4 0 71361099 5.528282
* 5: Cost = 0_71358986, Time = 2.87 sec. 
-Trial 5 0 71358986 5.539819
-Trial 6 0 71358986 5.541269
* 7: Cost = 0_71350515, Time = 2.88 sec. 
-Trial 7 0 71350515 5.547356
* 8: Cost = 0_71206003, Time = 2.94 sec. 
-Trial 8 0 71206003 5.605784
-Trial 9 0 71206003 5.607120
-Trial 10 0 71206003 5.607355
-Trial 11 0 71206003 5.607837
-Trial 12 0 71206003 5.612178
-Trial 13 0 71206003 5.612412
-Trial 14 0 71206003 5.627926
-Trial 15 0 71206003 5.629483
* 16: Cost = 0_70564531, Time = 3.00 sec. 
-Trial 16 0 70564531 5.667338
* 17: Cost = 0_70539975, Time = 3.05 sec. 
-Trial 17 0 70539975 5.721296
* 18: Cost = 0_69657908, Time = 3.14 sec. 
-Trial 18 0 69657908 5.808591
* 19: Cost = 0_69617378, Time = 3.16 sec. 
-Trial 19 0 69617378 5.826350
-Trial 20 0 69617378 5.826915
* 21: Cost = 0_69331904, Time = 3.18 sec. 
-Trial 21 0 69331904 5.853074
* 22: Cost = 0_69228131, Time = 3.25 sec. 
-Trial 22 0 69228131 5.922173
-Trial 23 0 69228131 5.923569
* 24: Cost = 0_67840261, Time = 3.33 sec. 
-Trial 24 0 67840261 5.995803
* 25: Cost = 0_67495740, Time = 3.34 sec. 
-Trial 25 0 67495740 6.010846
* 26: Cost = 0_67016199, Time = 3.38 sec. 
-Trial 26 0 67016199 6.046564
-Trial 27 0 67016199 6.080304
* 28: Cost = 0_66788047, Time = 3.51 sec. 
-Trial 28 0 66788047 6.176569
-Trial 29 0 66788047 6.178002
-Trial 30 0 66788047 6.182458
-Trial 31 0 66788047 6.239520
* 32: Cost = 0_66652713, Time = 3.60 sec. 
-Trial 32 0 66652713 6.267899
-Trial 33 0 66652713 6.271224
-Trial 34 0 66652713 6.272732
* 35: Cost = 0_66532183, Time = 3.73 sec. 
-Trial 35 0 66532183 6.397887
-Trial 36 0 66532183 6.424232
-Trial 37 0 66532183 6.429378
-Trial 38 0 66532183 6.429764
* 39: Cost = 0_66337680, Time = 3.80 sec. 
-Trial 39 0 66337680 6.473220
-Trial 40 0 66337680 6.478390
* 41: Cost = 0_66265015, Time = 3.88 sec. 
-Trial 41 0 66265015 6.545303
-Trial 42 0 66265015 6.553826
* 43: Cost = 0_66262675, Time = 3.89 sec. 
-Trial 43 0 66262675 6.560843
* 44: Cost = 0_66163879, Time = 3.90 sec. 
-Trial 44 0 66163879 6.574520
-Trial 45 0 66163879 6.592648
-Trial 46 0 66163879 6.593533
* 47: Cost = 0_66147994, Time = 3.93 sec. 
-Trial 47 0 66147994 6.603486
* 48: Cost = 0_66144180, Time = 3.94 sec. 
-Trial 48 0 66144180 6.610872
-Trial 49 0 66144180 6.613284
* 50: Cost = 0_65917712, Time = 3.99 sec. 
-Trial 50 0 65917712 6.664157
* 51: Cost = 0_65888584, Time = 4.04 sec. 
-Trial 51 0 65888584 6.713160
-Trial 52 0 65888584 6.714857
* 53: Cost = 0_65788914, Time = 4.11 sec. 
-Trial 53 0 65788914 6.780561
* 54: Cost = 0_65716712, Time = 4.12 sec. 
-Trial 54 0 65716712 6.793390
-Trial 55 0 65716712 6.798307
-Trial 56 0 65716712 6.799414
-Trial 57 0 65716712 6.812528
-Trial 58 0 65716712 6.813294
-Trial 59 0 65716712 6.814381
-Trial 60 0 65716712 6.816882
* 61: Cost = 0_65676944, Time = 4.18 sec. 
-Trial 61 0 65676944 6.851991
* 62: Cost = 0_65593199, Time = 4.21 sec. 
-Trial 62 0 65593199 6.876892
-Trial 63 0 65593199 6.899588
-Trial 64 0 65593199 6.902960
-Trial 65 0 65593199 6.905516
-Trial 66 0 65593199 6.911504
-Trial 67 0 65593199 6.916407
-Trial 68 0 65593199 6.927999
* 69: Cost = 0_65577759, Time = 4.26 sec. 
-Trial 69 0 65577759 6.934108
-Trial 70 0 65577759 6.934921
-Trial 71 0 65577759 6.937112
-Trial 72 0 65577759 7.037758
-Trial 73 0 65577759 7.038743
-Trial 74 0 65577759 7.045085
-Trial 75 0 65577759 7.045374
* 76: Cost = 0_65568075, Time = 4.39 sec. 
-Trial 76 0 65568075 7.056492
-Trial 77 0 65568075 7.058321
-Trial 78 0 65568075 7.080750
-Trial 79 0 65568075 7.116522
* 80: Cost = 0_65502351, Time = 4.48 sec. 
-Trial 80 0 65502351 7.152121
* 81: Cost = 0_65372566, Time = 4.50 sec. 
-Trial 81 0 65372566 7.170011
-Trial 82 0 65372566 7.172393
* 83: Cost = 0_65371568, Time = 4.53 sec. 
-Trial 83 0 65371568 7.200834
* 84: Cost = 0_65304231, Time = 4.59 sec. 
-Trial 84 0 65304231 7.259970
* 85: Cost = 0_65233600, Time = 4.68 sec. 
-Trial 85 0 65233600 7.346856
-Trial 86 0 65233600 7.347877
-Trial 87 0 65233600 7.353432
* 88: Cost = 0_65202296, Time = 4.70 sec. 
-Trial 88 0 65202296 7.371204
-Trial 89 0 65202296 7.372794
-Trial 90 0 65202296 7.373428
* 91: Cost = 0_65197439, Time = 4.71 sec. 
-Trial 91 0 65197439 7.383406
-Trial 92 0 65197439 7.386068
-Trial 93 0 65197439 7.387330
-Trial 94 0 65197439 7.387864
-Trial 95 0 65197439 7.457672
* 96: Cost = 0_65173532, Time = 4.81 sec. 
-Trial 96 0 65173532 7.479088
-Trial 97 0 65173532 7.479440
-Trial 98 0 65173532 7.491781
* 99: Cost = 0_65173120, Time = 4.83 sec. 
-Trial 99 0 65173120 7.502108
-Trial 100 0 65173120 7.515250
* 101: Cost = 0_65159458, Time = 4.86 sec. 
-Trial 101 0 65159458 7.524718
* 102: Cost = 0_65143848, Time = 4.87 sec. 
-Trial 102 0 65143848 7.542318
-Trial 103 0 65143848 7.543341
-Trial 104 0 65143848 7.545364
-Trial 105 0 65143848 7.554408
-Trial 106 0 65143848 7.560852
-Trial 107 0 65143848 7.582940
-Trial 108 0 65143848 7.613128
* 109: Cost = 0_65120355, Time = 4.95 sec. 
-Trial 109 0 65120355 7.619737
-Trial 110 0 65120355 7.675149
-Trial 111 0 65120355 7.676188
-Trial 112 0 65120355 7.683964
-Trial 113 0 65120355 7.685707
-Trial 114 0 65120355 7.693634
-Trial 115 0 65120355 7.699849
-Trial 116 0 65120355 7.700122
-Trial 117 0 65120355 7.708432
-Trial 118 0 65120355 7.784175
* 119: Cost = 0_65114560, Time = 5.13 sec. 
-Trial 119 0 65114560 7.799512
* 120: Cost = 0_64657459, Time = 5.15 sec. 
-Trial 120 0 64657459 7.820081
-Trial 121 0 64657459 7.820395
* 122: Cost = 0_64508480, Time = 5.16 sec. 
-Trial 122 0 64508480 7.831975
-Trial 123 0 64508480 7.835376
-Trial 124 0 64508480 7.836488
* 125: Cost = 0_64500022, Time = 5.17 sec. 
-Trial 125 0 64500022 7.844479
* 126: Cost = 0_64381617, Time = 5.21 sec. 
-Trial 126 0 64381617 7.876601
-Trial 127 0 64381617 7.935829
* 128: Cost = 0_64380949, Time = 5.28 sec. 
-Trial 128 0 64380949 7.948455
-Trial 129 0 64380949 7.952013
-Trial 130 0 64380949 7.952532
-Trial 131 0 64380949 8.052993
* 132: Cost = 0_64353983, Time = 5.44 sec. 
-Trial 132 0 64353983 8.113085
* 133: Cost = 0_64346479, Time = 5.44 sec. 
-Trial 133 0 64346479 8.114067
-Trial 134 0 64346479 8.115407
-Trial 135 0 64346479 8.117992
* 136: Cost = 0_64330307, Time = 5.65 sec. 
-Trial 136 0 64330307 8.321835
* 137: Cost = 0_64316871, Time = 5.65 sec. 
-Trial 137 0 64316871 8.324082
-Trial 138 0 64316871 8.325834
-Trial 139 0 64316871 8.333425
-Trial 140 0 64316871 8.333780
-Trial 141 0 64316871 8.371415
-Trial 142 0 64316871 8.372491
* 143: Cost = 0_64287985, Time = 5.76 sec. 
-Trial 143 0 64287985 8.427093
* 144: Cost = 0_64280960, Time = 5.76 sec. 
-Trial 144 0 64280960 8.429204
-Trial 145 0 64280960 8.430004
-Trial 146 0 64280960 8.430428
-Trial 147 0 64280960 8.431555
* 148: Cost = 0_64268271, Time = 5.80 sec. 
-Trial 148 0 64268271 8.471854
* 149: Cost = 0_64252946, Time = 5.82 sec. 
-Trial 149 0 64252946 8.489893
-Trial 150 0 64252946 8.596620
-Trial 151 0 64252946 8.598645
-Trial 152 0 64252946 8.598955
-Trial 153 0 64252946 8.599594
* 154: Cost = 0_64232789, Time = 5.94 sec. 
-Trial 154 0 64232789 8.614269
-Trial 155 0 64232789 8.618085
-Trial 156 0 64232789 8.633981
* 157: Cost = 0_64160670, Time = 6.04 sec. 
-Trial 157 0 64160670 8.712274
* 158: Cost = 0_64149290, Time = 6.07 sec. 
-Trial 158 0 64149290 8.735314
-Trial 159 0 64149290 8.738214
-Trial 160 0 64149290 8.747256
-Trial 161 0 64149290 8.747607
-Trial 162 0 64149290 8.748347
-Trial 163 0 64149290 8.791352
-Trial 164 0 64149290 8.792153
* 165: Cost = 0_64148893, Time = 6.13 sec. 
-Trial 165 0 64148893 8.799164
-Trial 166 0 64148893 8.800313
-Trial 167 0 64148893 8.816394
-Trial 168 0 64148893 8.819717
-Trial 169 0 64148893 8.880374
-Trial 170 0 64148893 8.913980
* 171: Cost = 0_64095081, Time = 6.25 sec. 
-Trial 171 0 64095081 8.918708
-Trial 172 0 64095081 8.919374
-Trial 173 0 64095081 8.919772
* 174: Cost = 0_64084161, Time = 6.27 sec. 
-Trial 174 0 64084161 8.940068
* 175: Cost = 0_64066807, Time = 6.30 sec. 
-Trial 175 0 64066807 8.967387
-Trial 176 0 64066807 8.977221
-Trial 177 0 64066807 8.977527
-Trial 178 0 64066807 9.025214
* 179: Cost = 0_63883091, Time = 6.40 sec. 
-Trial 179 0 63883091 9.074497
* 180: Cost = 0_63868134, Time = 6.42 sec. 
-Trial 180 0 63868134 9.093853
-Trial 181 0 63868134 9.097627
-Trial 182 0 63868134 9.174864
-Trial 183 0 63868134 9.202471
-Trial 184 0 63868134 9.202932
* 185: Cost = 0_63831615, Time = 6.59 sec. 
-Trial 185 0 63831615 9.256874
* 186: Cost = 0_63784019, Time = 6.70 sec. 
-Trial 186 0 63784019 9.367504
-Trial 187 0 63784019 9.368761
-Trial 188 0 63784019 9.369369
-Trial 189 0 63784019 9.372621
-Trial 190 0 63784019 9.391934
-Trial 191 0 63784019 9.399992
-Trial 192 0 63784019 9.401478
-Trial 193 0 63784019 9.402074
-Trial 194 0 63784019 9.454440
-Trial 195 0 63784019 9.516429
-Trial 196 0 63784019 9.519489
-Trial 197 0 63784019 9.549699
-Trial 198 0 63784019 9.550997
-Trial 199 0 63784019 9.560283
-Trial 200 0 63784019 9.561878
-Trial 201 0 63784019 9.562357
* 202: Cost = 0_63766496, Time = 6.92 sec. 
-Trial 202 0 63766496 9.590085
-Trial 203 0 63766496 9.590460
-Trial 204 0 63766496 9.600431
* 205: Cost = 0_63738341, Time = 6.98 sec. 
-Trial 205 0 63738341 9.647692
-Trial 206 0 63738341 9.650332
-Trial 207 0 63738341 9.651910
-Trial 208 0 63738341 9.666494
-Trial 209 0 63738341 9.735504
* 210: Cost = 0_63714386, Time = 7.07 sec. 
-Trial 210 0 63714386 9.742082
* 211: Cost = 0_63652684, Time = 7.12 sec. 
-Trial 211 0 63652684 9.789110
-Trial 212 0 63652684 9.828816
-Trial 213 0 63652684 9.855426
-Trial 214 0 63652684 9.864336
-Trial 215 0 63652684 9.864593
-Trial 216 0 63652684 9.865222
-Trial 217 0 63652684 9.921939
-Trial 218 0 63652684 9.923713
-Trial 219 0 63652684 9.932359
-Trial 220 0 63652684 9.932644
* 221: Cost = 0_63561515, Time = 7.37 sec. 
-Trial 221 0 63561515 10.035167
-Trial 222 0 63561515 10.035926
-Trial 223 0 63561515 10.036845
-Trial 224 0 63561515 10.087282
* 225: Cost = 0_63517485, Time = 7.47 sec. 
-Trial 225 0 63517485 10.138503
-Trial 226 0 63517485 10.138855
-Trial 227 0 63517485 10.169685
-Trial 228 0 63517485 10.179457
-Trial 229 0 63517485 10.179814
-Trial 230 0 63517485 10.188198
-Trial 231 0 63517485 10.188922
-Trial 232 0 63517485 10.190683
-Trial 233 0 63517485 10.202202
-Trial 234 0 63517485 10.209565
-Trial 235 0 63517485 10.380828
-Trial 236 0 63517485 10.381157
-Trial 237 0 63517485 10.587158
-Trial 238 0 63517485 10.588805
-Trial 239 0 63517485 10.590248
-Trial 240 0 63517485 10.639247
-Trial 241 0 63517485 10.643370
-Trial 242 0 63517485 10.647505
-Trial 243 0 63517485 10.658206
-Trial 244 0 63517485 11.003243
-Trial 245 0 63517485 11.003899
-Trial 246 0 63517485 11.035901
-Trial 247 0 63517485 11.043790
-Trial 248 0 63517485 11.044478
* 249: Cost = 0_63469578, Time = 8.48 sec. 
-Trial 249 0 63469578 11.145917
-Trial 250 0 63469578 11.270184
* 251: Cost = 0_63455543, Time = 8.65 sec. 
-Trial 251 0 63455543 11.321704
-Trial 252 0 63455543 11.322167
* 253: Cost = 0_63439792, Time = 8.73 sec. 
-Trial 253 0 63439792 11.403271
* 254: Cost = 0_63435985, Time = 8.75 sec. 
-Trial 254 0 63435985 11.418750
-Trial 255 0 63435985 11.453811
* 256: Cost = 0_63426122, Time = 8.83 sec. 
-Trial 256 0 63426122 11.495239
-Trial 257 0 63426122 11.510368
-Trial 258 0 63426122 11.538651
-Trial 259 0 63426122 11.539027
* 260: Cost = 0_63412966, Time = 8.87 sec. 
-Trial 260 0 63412966 11.540035
-Trial 261 0 63412966 11.541484
-Trial 262 0 63412966 11.569069
-Trial 263 0 63412966 11.569794
-Trial 264 0 63412966 11.721111
* 265: Cost = 0_63403481, Time = 9.11 sec. 
-Trial 265 0 63403481 11.778970
-Trial 266 0 63403481 11.779497
-Trial 267 0 63403481 11.784437
-Trial 268 0 63403481 11.789145
-Trial 269 0 63403481 11.862219
* 270: Cost = 0_63317058, Time = 9.33 sec. 
-Trial 270 0 63317058 11.999122
* 271: Cost = 0_63315746, Time = 9.36 sec. 
-Trial 271 0 63315746 12.026570
-Trial 272 0 63315746 12.028170
-Trial 273 0 63315746 12.037189
* 274: Cost = 0_63305266, Time = 9.37 sec. 
-Trial 274 0 63305266 12.043565
* 275: Cost = 0_63299181, Time = 9.56 sec. 
-Trial 275 0 63299181 12.227148
-Trial 276 0 63299181 12.228523
-Trial 277 0 63299181 12.228813
-Trial 278 0 63299181 12.675038
-Trial 279 0 63299181 12.827893
-Trial 280 0 63299181 12.841274
* 281: Cost = 0_63254198, Time = 10.23 sec. 
-Trial 281 0 63254198 12.898942
-Trial 282 0 63254198 12.899602
-Trial 283 0 63254198 12.899970
-Trial 284 0 63254198 12.912211
-Trial 285 0 63254198 12.916882
-Trial 286 0 63254198 12.917192
-Trial 287 0 63254198 12.920580
-Trial 288 0 63254198 12.945062
-Trial 289 0 63254198 12.945376
-Trial 290 0 63254198 13.015004
-Trial 291 0 63254198 13.134770
-Trial 292 0 63254198 13.168421
-Trial 293 0 63254198 13.231735
-Trial 294 0 63254198 13.232316
-Trial 295 0 63254198 13.234542
-Trial 296 0 63254198 13.236298
* 297: Cost = 0_63247734, Time = 10.59 sec. 
-Trial 297 0 63247734 13.256690
* 298: Cost = 0_63239092, Time = 10.62 sec. 
-Trial 298 0 63239092 13.288137
* 299: Cost = 0_63138855, Time = 10.85 sec. 
-Trial 299 0 63138855 13.516461
-Trial 300 0 63138855 13.526859
-Trial 301 0 63138855 13.528767
-Trial 302 0 63138855 13.668282
-Trial 303 0 63138855 13.685758
-Trial 304 0 63138855 13.686196
-Trial 305 0 63138855 13.687897
-Trial 306 0 63138855 13.697055
-Trial 307 0 63138855 13.697654
-Trial 308 0 63138855 13.698108
-Trial 309 0 63138855 13.699404
-Trial 310 0 63138855 13.700318
-Trial 311 0 63138855 13.720970
-Trial 312 0 63138855 13.813298
* 313: Cost = 0_62749103, Time = 11.18 sec. 
-Trial 313 0 62749103 13.851388
-Trial 314 0 62749103 13.851708
-Trial 315 0 62749103 13.860127
-Trial 316 0 62749103 13.860714
* 317: Cost = 0_62745270, Time = 11.20 sec. 
-Trial 317 0 62745270 13.869253
-Trial 318 0 62745270 13.977289
* 319: Cost = 0_62737341, Time = 11.35 sec. 
-Trial 319 0 62737341 14.018186
* 320: Cost = 0_62727355, Time = 11.41 sec. 
-Trial 320 0 62727355 14.080920
* 321: Cost = 0_62704296, Time = 11.44 sec. 
-Trial 321 0 62704296 14.109785
-Trial 322 0 62704296 14.113362
* 323: Cost = 0_62702662, Time = 11.51 sec. 
-Trial 323 0 62702662 14.183668
* 324: Cost = 0_62693002, Time = 11.62 sec. 
-Trial 324 0 62693002 14.287137
-Trial 325 0 62693002 14.287451
* 326: Cost = 0_62687256, Time = 11.67 sec. 
-Trial 326 0 62687256 14.337064
-Trial 327 0 62687256 14.364445
* 328: Cost = 0_62680666, Time = 11.70 sec. 
-Trial 328 0 62680666 14.367285
-Trial 329 0 62680666 14.374464
* 330: Cost = 0_62665297, Time = 11.71 sec. 
-Trial 330 0 62665297 14.377697
-Trial 331 0 62665297 14.592511
-Trial 332 0 62665297 14.596068
* 333: Cost = 0_62655965, Time = 11.95 sec. 
-Trial 333 0 62655965 14.622422
-Trial 334 0 62655965 14.752060
-Trial 335 0 62655965 14.757416
-Trial 336 0 62655965 14.758054
-Trial 337 0 62655965 14.926510
-Trial 338 0 62655965 14.934931
* 339: Cost = 0_62619658, Time = 12.33 sec. 
-Trial 339 0 62619658 15.004503
-Trial 340 0 62619658 15.004947
-Trial 341 0 62619658 15.006950
* 342: Cost = 0_62616058, Time = 12.36 sec. 
-Trial 342 0 62616058 15.028866
-Trial 343 0 62616058 15.033394
-Trial 344 0 62616058 15.034595
-Trial 345 0 62616058 15.035552
-Trial 346 0 62616058 15.044682
-Trial 347 0 62616058 15.047245
-Trial 348 0 62616058 15.051170
-Trial 349 0 62616058 15.053343
-Trial 350 0 62616058 15.096481
-Trial 351 0 62616058 15.905577
-Trial 352 0 62616058 15.910259
* 353: Cost = 0_62615869, Time = 13.29 sec. 
-Trial 353 0 62615869 15.958257
-Trial 354 0 62615869 15.962551
* 355: Cost = 0_62469229, Time = 13.83 sec. 
-Trial 355 0 62469229 16.498075
-Trial 356 0 62469229 16.550452
-Trial 357 0 62469229 16.554066
-Trial 358 0 62469229 16.556331
-Trial 359 0 62469229 16.557243
-Trial 360 0 62469229 16.675100
* 361: Cost = 0_62369928, Time = 14.13 sec. 
-Trial 361 0 62369928 16.803199
* 362: Cost = 0_62366518, Time = 14.19 sec. 
-Trial 362 0 62366518 16.862928
* 363: Cost = 0_62360151, Time = 14.24 sec. 
-Trial 363 0 62360151 16.905578
-Trial 364 0 62360151 16.906429
-Trial 365 0 62360151 16.915835
-Trial 366 0 62360151 16.917290
-Trial 367 0 62360151 17.033747
-Trial 368 0 62360151 17.034536
-Trial 369 0 62360151 17.222928
-Trial 370 0 62360151 17.223358
-Trial 371 0 62360151 17.223640
-Trial 372 0 62360151 17.224921
* 373: Cost = 0_62339072, Time = 14.61 sec. 
-Trial 373 0 62339072 17.281032
-Trial 374 0 62339072 17.281673
-Trial 375 0 62339072 17.289419
-Trial 376 0 62339072 17.292867
-Trial 377 0 62339072 17.356932
-Trial 378 0 62339072 17.359568
-Trial 379 0 62339072 17.361713
-Trial 380 0 62339072 17.363040
* 381: Cost = 0_62335175, Time = 14.72 sec. 
-Trial 381 0 62335175 17.391611
* 382: Cost = 0_62257403, Time = 14.78 sec. 
-Trial 382 0 62257403 17.445408
-Trial 383 0 62257403 17.447256
-Trial 384 0 62257403 17.448878
-Trial 385 0 62257403 17.453886
-Trial 386 0 62257403 17.463571
-Trial 387 0 62257403 17.467986
-Trial 388 0 62257403 17.468285
-Trial 389 0 62257403 17.469478
-Trial 390 0 62257403 17.530092
-Trial 391 0 62257403 17.537691
-Trial 392 0 62257403 17.546926
-Trial 393 0 62257403 17.564353
-Trial 394 0 62257403 17.571526
-Trial 395 0 62257403 17.573908
* 396: Cost = 0_62252006, Time = 14.95 sec. 
-Trial 396 0 62252006 17.620694
-Trial 397 0 62252006 17.629389
-Trial 398 0 62252006 17.775144
-Trial 399 0 62252006 17.778179
-Trial 400 0 62252006 17.778772
-Trial 401 0 62252006 17.780154
-Trial 402 0 62252006 17.780460
-Trial 403 0 62252006 17.795455
-Trial 404 0 62252006 17.796232
-Trial 405 0 62252006 17.810483
-Trial 406 0 62252006 17.828785
-Trial 407 0 62252006 17.829363
-Trial 408 0 62252006 17.829857
-Trial 409 0 62252006 17.838327
-Trial 410 0 62252006 17.839133
-Trial 411 0 62252006 18.005976
-Trial 412 0 62252006 18.006964
-Trial 413 0 62252006 18.008817
-Trial 414 0 62252006 18.066589
-Trial 415 0 62252006 18.071683
-Trial 416 0 62252006 18.078061
* 417: Cost = 0_62191235, Time = 15.51 sec. 
-Trial 417 0 62191235 18.183075
-Trial 418 0 62191235 18.185353
* 419: Cost = 0_62172354, Time = 15.76 sec. 
-Trial 419 0 62172354 18.428090
-Trial 420 0 62172354 18.468130
-Trial 421 0 62172354 18.468420
-Trial 422 0 62172354 18.471050
* 423: Cost = 0_62150034, Time = 16.34 sec. 
-Trial 423 0 62150034 19.009928
* 424: Cost = 0_62147261, Time = 16.34 sec. 
-Trial 424 0 62147261 19.013052
-Trial 425 0 62147261 19.038636
* 426: Cost = 0_61998290, Time = 16.46 sec. 
-Trial 426 0 61998290 19.133947
* 427: Cost = 0_61911362, Time = 16.61 sec. 
-Trial 427 0 61911362 19.278136
* 428: Cost = 0_61880303, Time = 16.64 sec. 
-Trial 428 0 61880303 19.305254
* 429: Cost = 0_61822545, Time = 16.83 sec. 
-Trial 429 0 61822545 19.499618
* 430: Cost = 0_61820740, Time = 16.93 sec. 
-Trial 430 0 61820740 19.603494
* 431: Cost = 0_61819913, Time = 16.95 sec. 
-Trial 431 0 61819913 19.623276
* 432: Cost = 0_61782856, Time = 16.99 sec. 
-Trial 432 0 61782856 19.664292
-Trial 433 0 61782856 19.665809
* 434: Cost = 0_61768705, Time = 17.11 sec. 
-Trial 434 0 61768705 19.778776
-Trial 435 0 61768705 19.780306
-Trial 436 0 61768705 19.785655
-Trial 437 0 61768705 19.787691
* 438: Cost = 0_61767577, Time = 17.14 sec. 
-Trial 438 0 61767577 19.810336
-Trial 439 0 61767577 19.856256
* 440: Cost = 0_61764215, Time = 17.21 sec. 
-Trial 440 0 61764215 19.883284
-Trial 441 0 61764215 19.920166
-Trial 442 0 61764215 19.920830
-Trial 443 0 61764215 19.921357
-Trial 444 0 61764215 19.961525
-Trial 445 0 61764215 19.963593
* 446: Cost = 0_61754128, Time = 17.33 sec. 
-Trial 446 0 61754128 20.002620
* 447: Cost = 0_61721560, Time = 17.36 sec. 
-Trial 447 0 61721560 20.031301
-Trial 448 0 61721560 20.035129
-Trial 449 0 61721560 20.068487
-Trial 450 0 61721560 20.084805
* 451: Cost = 0_61721389, Time = 17.44 sec. 
-Trial 451 0 61721389 20.109876
-Trial 452 0 61721389 20.176578
-Trial 453 0 61721389 20.177117
-Trial 454 0 61721389 20.232154
-Trial 455 0 61721389 20.234097
-Trial 456 0 61721389 20.236536
-Trial 457 0 61721389 20.324560
-Trial 458 0 61721389 20.324825
* 459: Cost = 0_61689967, Time = 17.67 sec. 
-Trial 459 0 61689967 20.343169
-Trial 460 0 61689967 20.343941
* 461: Cost = 0_61671528, Time = 17.68 sec. 
-Trial 461 0 61671528 20.350719
-Trial 462 0 61671528 20.353929
-Trial 463 0 61671528 20.360543
* 464: Cost = 0_61670699, Time = 17.77 sec. 
-Trial 464 0 61670699 20.440667
* 465: Cost = 0_61663131, Time = 17.79 sec. 
-Trial 465 0 61663131 20.457021
-Trial 466 0 61663131 20.549350
-Trial 467 0 61663131 20.558568
-Trial 468 0 61663131 20.664406
-Trial 469 0 61663131 20.701453
-Trial 470 0 61663131 20.948671
-Trial 471 0 61663131 20.949395
-Trial 472 0 61663131 20.956355
-Trial 473 0 61663131 20.964016
* 474: Cost = 0_61659354, Time = 18.30 sec. 
-Trial 474 0 61659354 20.971100
-Trial 475 0 61659354 20.971443
-Trial 476 0 61659354 20.971887
-Trial 477 0 61659354 20.973513
-Trial 478 0 61659354 20.975241
-Trial 479 0 61659354 20.975652
-Trial 480 0 61659354 21.059570
-Trial 481 0 61659354 21.062275
-Trial 482 0 61659354 21.245237
-Trial 483 0 61659354 21.249268
* 484: Cost = 0_61656251, Time = 18.64 sec. 
-Trial 484 0 61656251 21.313877
-Trial 485 0 61656251 21.318149
-Trial 486 0 61656251 21.389401
-Trial 487 0 61656251 21.394357
-Trial 488 0 61656251 21.395548
-Trial 489 0 61656251 21.397146
-Trial 490 0 61656251 21.430030
-Trial 491 0 61656251 21.596045
-Trial 492 0 61656251 21.596306
-Trial 493 0 61656251 21.597651
-Trial 494 0 61656251 21.603966
-Trial 495 0 61656251 21.606218
-Trial 496 0 61656251 22.101221
-Trial 497 0 61656251 22.102606
-Trial 498 0 61656251 22.190922
* 499: Cost = 0_61654552, Time = 19.53 sec. 
-Trial 499 0 61654552 22.199786
-Trial 500 0 61654552 22.212515
* 501: Cost = 0_61644826, Time = 19.56 sec. 
-Trial 501 0 61644826 22.233056
-Trial 502 0 61644826 22.244096
-Trial 503 0 61644826 22.244482
-Trial 504 0 61644826 22.262611
-Trial 505 0 61644826 22.386966
-Trial 506 0 61644826 22.388444
-Trial 507 0 61644826 22.395141
-Trial 508 0 61644826 22.409452
-Trial 509 0 61644826 22.414531
-Trial 510 0 61644826 22.511637
-Trial 511 0 61644826 22.522480
-Trial 512 0 61644826 22.601232
-Trial 513 0 61644826 22.604991
* 514: Cost = 0_61615079, Time = 19.96 sec. 
-Trial 514 0 61615079 22.629244
-Trial 515 0 61615079 22.681521
-Trial 516 0 61615079 22.733490
* 517: Cost = 0_61612075, Time = 20.12 sec. 
-Trial 517 0 61612075 22.785694
-Trial 518 0 61612075 22.789573
-Trial 519 0 61612075 22.794103
-Trial 520 0 61612075 22.822957
-Trial 521 0 61612075 22.823552
-Trial 522 0 61612075 22.823834
* 523: Cost = 0_61611380, Time = 20.16 sec. 
-Trial 523 0 61611380 22.832612
-Trial 524 0 61611380 22.832971
-Trial 525 0 61611380 22.841732
* 526: Cost = 0_61608461, Time = 20.20 sec. 
-Trial 526 0 61608461 22.870042
-Trial 527 0 61608461 22.873323
-Trial 528 0 61608461 22.873832
-Trial 529 0 61608461 22.875557
-Trial 530 0 61608461 22.902494
-Trial 531 0 61608461 22.902915
-Trial 532 0 61608461 22.904373
* 533: Cost = 0_61588145, Time = 20.34 sec. 
-Trial 533 0 61588145 23.006946
-Trial 534 0 61588145 23.009366
-Trial 535 0 61588145 23.011622
-Trial 536 0 61588145 23.014926
-Trial 537 0 61588145 23.016118
-Trial 538 0 61588145 23.020163
-Trial 539 0 61588145 23.023489
-Trial 540 0 61588145 23.027155
-Trial 541 0 61588145 23.028566
* 542: Cost = 0_61575388, Time = 20.38 sec. 
-Trial 542 0 61575388 23.047648
-Trial 543 0 61575388 23.102468
-Trial 544 0 61575388 23.119333
-Trial 545 0 61575388 23.148837
* 546: Cost = 0_61548205, Time = 20.57 sec. 
-Trial 546 0 61548205 23.240735
* 547: Cost = 0_61532179, Time = 20.62 sec. 
-Trial 547 0 61532179 23.287177
-Trial 548 0 61532179 23.288063
-Trial 549 0 61532179 23.326712
-Trial 550 0 61532179 23.329385
-Trial 551 0 61532179 23.596343
-Trial 552 0 61532179 23.866195
-Trial 553 0 61532179 23.867339
-Trial 554 0 61532179 23.971451
* 555: Cost = 0_61513722, Time = 21.44 sec. 
-Trial 555 0 61513722 24.113084
-Trial 556 0 61513722 24.116487
-Trial 557 0 61513722 24.168213
-Trial 558 0 61513722 24.374818
* 559: Cost = 0_61443213, Time = 21.88 sec. 
-Trial 559 0 61443213 24.553452
-Trial 560 0 61443213 24.556832
-Trial 561 0 61443213 24.564421
* 562: Cost = 0_61360194, Time = 21.95 sec. 
-Trial 562 0 61360194 24.624082
-Trial 563 0 61360194 24.941584
* 564: Cost = 0_61350883, Time = 22.35 sec. 
-Trial 564 0 61350883 25.022562
-Trial 565 0 61350883 25.077264
-Trial 566 0 61350883 25.133777
-Trial 567 0 61350883 25.134435
-Trial 568 0 61350883 25.476178
-Trial 569 0 61350883 25.477241
-Trial 570 0 61350883 25.539382
-Trial 571 0 61350883 25.543622
-Trial 572 0 61350883 25.550089
-Trial 573 0 61350883 25.550764
-Trial 574 0 61350883 25.848575
* 575: Cost = 0_61330567, Time = 23.26 sec. 
-Trial 575 0 61330567 25.931171
-Trial 576 0 61330567 25.934212
-Trial 577 0 61330567 25.935733
-Trial 578 0 61330567 25.938677
-Trial 579 0 61330567 26.121750
* 580: Cost = 0_61330498, Time = 23.46 sec. 
-Trial 580 0 61330498 26.127467
-Trial 581 0 61330498 26.128120
-Trial 582 0 61330498 26.169002
-Trial 583 0 61330498 26.176791
-Trial 584 0 61330498 26.180413
* 585: Cost = 0_61313602, Time = 23.57 sec. 
-Trial 585 0 61313602 26.243625
* 586: Cost = 0_61310370, Time = 23.58 sec. 
-Trial 586 0 61310370 26.246780
-Trial 587 0 61310370 26.283752
-Trial 588 0 61310370 26.284809
* 589: Cost = 0_61309958, Time = 23.65 sec. 
-Trial 589 0 61309958 26.321342
* 590: Cost = 0_61296374, Time = 23.72 sec. 
-Trial 590 0 61296374 26.387281
-Trial 591 0 61296374 26.475183
-Trial 592 0 61296374 26.487540
-Trial 593 0 61296374 26.685744
-Trial 594 0 61296374 26.750784
* 595: Cost = 0_61287664, Time = 24.10 sec. 
-Trial 595 0 61287664 26.771304
-Trial 596 0 61287664 26.771749
-Trial 597 0 61287664 26.775066
-Trial 598 0 61287664 26.824029
-Trial 599 0 61287664 26.824697
* 600: Cost = 0_61176598, Time = 24.35 sec. 
-Trial 600 0 61176598 27.015865
-Trial 601 0 61176598 27.031129
* 602: Cost = 0_61174752, Time = 24.42 sec. 
-Trial 602 0 61174752 27.088855
-Trial 603 0 61174752 27.092491
-Trial 604 0 61174752 27.096462
* 605: Cost = 0_61155739, Time = 24.47 sec. 
-Trial 605 0 61155739 27.137010
-Trial 606 0 61155739 27.145190
* 607: Cost = 0_61143013, Time = 24.48 sec. 
-Trial 607 0 61143013 27.147654
* 608: Cost = 0_61138623, Time = 24.55 sec. 
-Trial 608 0 61138623 27.221529
* 609: Cost = 0_61084928, Time = 24.59 sec. 
-Trial 609 0 61084928 27.256853
-Trial 610 0 61084928 27.773331
* 611: Cost = 0_61084690, Time = 25.17 sec. 
-Trial 611 0 61084690 27.842933
-Trial 612 0 61084690 27.850371
-Trial 613 0 61084690 27.852281
-Trial 614 0 61084690 27.856400
-Trial 615 0 61084690 28.070983
-Trial 616 0 61084690 28.074879
-Trial 617 0 61084690 28.110680
* 618: Cost = 0_61074563, Time = 25.55 sec. 
-Trial 618 0 61074563 28.221076
-Trial 619 0 61074563 28.227019
* 620: Cost = 0_61051967, Time = 25.61 sec. 
-Trial 620 0 61051967 28.283891
* 621: Cost = 0_61043860, Time = 25.78 sec. 
-Trial 621 0 61043860 28.454353
-Trial 622 0 61043860 28.460780
-Trial 623 0 61043860 28.473289
-Trial 624 0 61043860 28.546793
-Trial 625 0 61043860 28.550066
-Trial 626 0 61043860 28.550788
-Trial 627 0 61043860 28.551049
-Trial 628 0 61043860 28.554653
-Trial 629 0 61043860 28.558892
-Trial 630 0 61043860 28.674550
-Trial 631 0 61043860 28.677138
-Trial 632 0 61043860 28.677631
-Trial 633 0 61043860 28.677995
-Trial 634 0 61043860 28.699487
-Trial 635 0 61043860 28.711528
-Trial 636 0 61043860 28.775914
-Trial 637 0 61043860 28.816354
-Trial 638 0 61043860 28.816643
* 639: Cost = 0_61029527, Time = 26.19 sec. 
-Trial 639 0 61029527 28.855968
-Trial 640 0 61029527 28.862423
-Trial 641 0 61029527 29.031434
-Trial 642 0 61029527 29.045330
-Trial 643 0 61029527 29.093531
-Trial 644 0 61029527 29.093897
* 645: Cost = 0_60999091, Time = 26.46 sec. 
-Trial 645 0 60999091 29.133934
-Trial 646 0 60999091 29.224274
-Trial 647 0 60999091 29.325202
-Trial 648 0 60999091 29.327015
-Trial 649 0 60999091 29.330806
-Trial 650 0 60999091 29.378439
-Trial 651 0 60999091 29.481576
* 652: Cost = 0_60995548, Time = 26.85 sec. 
-Trial 652 0 60995548 29.515624
-Trial 653 0 60995548 29.525602
* 654: Cost = 0_60994982, Time = 26.87 sec. 
-Trial 654 0 60994982 29.541845
-Trial 655 0 60994982 29.675299
-Trial 656 0 60994982 29.676766
-Trial 657 0 60994982 29.708369
* 658: Cost = 0_60994374, Time = 27.06 sec. 
-Trial 658 0 60994374 29.734110
* 659: Cost = 0_60993111, Time = 27.08 sec. 
-Trial 659 0 60993111 29.748613
-Trial 660 0 60993111 29.749249
-Trial 661 0 60993111 29.753934
-Trial 662 0 60993111 29.769063
* 663: Cost = 0_60991126, Time = 27.12 sec. 
-Trial 663 0 60991126 29.786065
-Trial 664 0 60991126 29.787025
* 665: Cost = 0_60962441, Time = 27.16 sec. 
-Trial 665 0 60962441 29.831485
-Trial 666 0 60962441 29.832244
-Trial 667 0 60962441 29.833301
-Trial 668 0 60962441 29.834560
* 669: Cost = 0_60955536, Time = 27.23 sec. 
-Trial 669 0 60955536 29.901882
-Trial 670 0 60955536 29.902523
-Trial 671 0 60955536 29.906418
-Trial 672 0 60955536 29.907644
-Trial 673 0 60955536 29.933439
-Trial 674 0 60955536 29.936157
-Trial 675 0 60955536 29.994275
-Trial 676 0 60955536 29.995564
-Trial 677 0 60955536 30.001738
-Trial 678 0 60955536 30.003684
* 679: Cost = 0_60928086, Time = 27.62 sec. 
-Trial 679 0 60928086 30.291581
-Trial 680 0 60928086 30.298810
* 681: Cost = 0_60926034, Time = 27.67 sec. 
-Trial 681 0 60926034 30.340898
-Trial 682 0 60926034 30.374865
-Trial 683 0 60926034 30.379912
-Trial 684 0 60926034 30.384794
-Trial 685 0 60926034 30.397000
-Trial 686 0 60926034 30.408207
* 687: Cost = 0_60920962, Time = 27.80 sec. 
-Trial 687 0 60920962 30.465605
-Trial 688 0 60920962 30.479530
-Trial 689 0 60920962 30.481148
-Trial 690 0 60920962 30.485033
-Trial 691 0 60920962 30.487003
-Trial 692 0 60920962 30.775599
-Trial 693 0 60920962 30.817939
-Trial 694 0 60920962 30.820655
-Trial 695 0 60920962 30.842760
-Trial 696 0 60920962 30.891155
-Trial 697 0 60920962 30.920926
-Trial 698 0 60920962 30.936021
-Trial 699 0 60920962 30.936756
* 700: Cost = 0_60917947, Time = 28.27 sec. 
-Trial 700 0 60917947 30.944567
* 701: Cost = 0_60864095, Time = 28.51 sec. 
-Trial 701 0 60864095 31.182534
-Trial 702 0 60864095 31.405722
* 703: Cost = 0_60841859, Time = 28.77 sec. 
-Trial 703 0 60841859 31.438734
-Trial 704 0 60841859 31.458236
-Trial 705 0 60841859 31.480600
-Trial 706 0 60841859 31.482431
* 707: Cost = 0_60841830, Time = 28.83 sec. 
-Trial 707 0 60841830 31.496066
-Trial 708 0 60841830 31.624076
-Trial 709 0 60841830 31.634072
* 710: Cost = 0_60763764, Time = 29.60 sec. 
-Trial 710 0 60763764 32.274337
* 711: Cost = 0_60713508, Time = 29.71 sec. 
-Trial 711 0 60713508 32.376685
* 712: Cost = 0_60689023, Time = 29.78 sec. 
-Trial 712 0 60689023 32.453190
* 713: Cost = 0_60673792, Time = 29.79 sec. 
-Trial 713 0 60673792 32.457822
-Trial 714 0 60673792 32.460480
-Trial 715 0 60673792 32.605974
-Trial 716 0 60673792 32.650135
-Trial 717 0 60673792 32.678976
* 718: Cost = 0_60669935, Time = 30.14 sec. 
-Trial 718 0 60669935 32.810944
* 719: Cost = 0_60665895, Time = 30.16 sec. 
-Trial 719 0 60665895 32.825261
-Trial 720 0 60665895 32.825714
-Trial 721 0 60665895 32.839015
-Trial 722 0 60665895 32.839665
-Trial 723 0 60665895 33.090879
-Trial 724 0 60665895 33.091440
-Trial 725 0 60665895 33.148123
-Trial 726 0 60665895 33.232520
* 727: Cost = 0_60649783, Time = 30.63 sec. 
-Trial 727 0 60649783 33.301266
-Trial 728 0 60649783 33.569444
-Trial 729 0 60649783 33.660145
-Trial 730 0 60649783 33.674326
-Trial 731 0 60649783 33.845403
-Trial 732 0 60649783 33.850182
* 733: Cost = 0_60647966, Time = 31.19 sec. 
-Trial 733 0 60647966 33.859105
-Trial 734 0 60647966 33.863403
-Trial 735 0 60647966 34.433284
-Trial 736 0 60647966 34.435715
-Trial 737 0 60647966 34.838641
-Trial 738 0 60647966 34.840728
-Trial 739 0 60647966 34.935867
-Trial 740 0 60647966 34.939517
-Trial 741 0 60647966 34.940423
-Trial 742 0 60647966 34.941244
* 743: Cost = 0_60640174, Time = 32.33 sec. 
-Trial 743 0 60640174 34.999479
-Trial 744 0 60640174 35.138332
-Trial 745 0 60640174 35.240893
-Trial 746 0 60640174 35.320152
* 747: Cost = 0_60638961, Time = 32.65 sec. 
-Trial 747 0 60638961 35.323135
-Trial 748 0 60638961 35.324188
-Trial 749 0 60638961 35.360241
-Trial 750 0 60638961 35.379039
-Trial 751 0 60638961 35.386111
* 752: Cost = 0_60627928, Time = 32.72 sec. 
-Trial 752 0 60627928 35.393088
-Trial 753 0 60627928 35.395904
-Trial 754 0 60627928 35.408650
-Trial 755 0 60627928 35.560682
-Trial 756 0 60627928 35.561751
-Trial 757 0 60627928 35.571795
-Trial 758 0 60627928 35.725155
-Trial 759 0 60627928 35.752784
-Trial 760 0 60627928 35.753185
-Trial 761 0 60627928 35.754600
-Trial 762 0 60627928 35.768851
-Trial 763 0 60627928 36.436076
-Trial 764 0 60627928 36.437195
-Trial 765 0 60627928 36.438359
* 766: Cost = 0_60623764, Time = 33.85 sec. 
-Trial 766 0 60623764 36.521039
-Trial 767 0 60623764 36.521478
-Trial 768 0 60623764 36.539513
-Trial 769 0 60623764 36.542435
-Trial 770 0 60623764 36.859750
-Trial 771 0 60623764 36.950746
* 772: Cost = 0_60538232, Time = 34.62 sec. 
-Trial 772 0 60538232 37.285773
-Trial 773 0 60538232 37.301249
-Trial 774 0 60538232 37.372849
-Trial 775 0 60538232 37.617181
-Trial 776 0 60538232 37.636510
-Trial 777 0 60538232 37.648995
-Trial 778 0 60538232 37.666580
-Trial 779 0 60538232 37.781608
-Trial 780 0 60538232 37.812558
-Trial 781 0 60538232 37.813397
-Trial 782 0 60538232 37.991531
-Trial 783 0 60538232 37.992183
-Trial 784 0 60538232 38.086820
-Trial 785 0 60538232 38.090992
-Trial 786 0 60538232 38.097202
-Trial 787 0 60538232 38.097755
-Trial 788 0 60538232 38.104526
-Trial 789 0 60538232 38.111255
-Trial 790 0 60538232 38.308717
-Trial 791 0 60538232 38.448338
-Trial 792 0 60538232 38.448824
-Trial 793 0 60538232 38.449230
-Trial 794 0 60538232 38.456676
-Trial 795 0 60538232 38.467595
* 796: Cost = 0_60538201, Time = 35.83 sec. 
-Trial 796 0 60538201 38.499144
-Trial 797 0 60538201 38.506482
-Trial 798 0 60538201 38.764498
-Trial 799 0 60538201 38.909002
-Trial 800 0 60538201 38.909374
* 801: Cost = 0_60538199, Time = 36.25 sec. 
-Trial 801 0 60538199 38.923719
-Trial 802 0 60538199 38.963947
* 803: Cost = 0_60488241, Time = 36.38 sec. 
-Trial 803 0 60488241 39.046697
* 804: Cost = 0_60413596, Time = 36.44 sec. 
-Trial 804 0 60413596 39.113839
-Trial 805 0 60413596 39.117243
-Trial 806 0 60413596 39.118818
-Trial 807 0 60413596 39.119759
-Trial 808 0 60413596 39.143729
-Trial 809 0 60413596 39.153579
-Trial 810 0 60413596 39.160947
-Trial 811 0 60413596 39.203296
-Trial 812 0 60413596 39.211183
-Trial 813 0 60413596 39.211531
-Trial 814 0 60413596 39.247822
* 815: Cost = 0_60410187, Time = 36.60 sec. 
-Trial 815 0 60410187 39.271012
-Trial 816 0 60410187 39.444135
-Trial 817 0 60410187 39.446444
-Trial 818 0 60410187 39.571705
-Trial 819 0 60410187 39.573520
-Trial 820 0 60410187 39.578216
* 821: Cost = 0_60409565, Time = 36.94 sec. 
-Trial 821 0 60409565 39.606583
-Trial 822 0 60409565 39.616300
-Trial 823 0 60409565 39.759936
-Trial 824 0 60409565 39.814246
-Trial 825 0 60409565 39.892317
-Trial 826 0 60409565 39.892773
* 827: Cost = 0_60406343, Time = 37.27 sec. 
-Trial 827 0 60406343 39.940800
-Trial 828 0 60406343 39.943266
-Trial 829 0 60406343 40.062452
* 830: Cost = 0_60405803, Time = 37.40 sec. 
-Trial 830 0 60405803 40.071535
-Trial 831 0 60405803 40.183722
-Trial 832 0 60405803 40.192678
-Trial 833 0 60405803 40.215921
-Trial 834 0 60405803 40.239069
-Trial 835 0 60405803 40.242330
-Trial 836 0 60405803 40.277028
-Trial 837 0 60405803 40.278600
-Trial 838 0 60405803 40.282949
-Trial 839 0 60405803 40.295665
-Trial 840 0 60405803 40.325362
-Trial 841 0 60405803 40.358500
-Trial 842 0 60405803 40.809803
* 843: Cost = 0_60378086, Time = 38.21 sec. 
-Trial 843 0 60378086 40.878235
-Trial 844 0 60378086 40.878627
* 845: Cost = 0_60362639, Time = 38.26 sec. 
-Trial 845 0 60362639 40.931167
-Trial 846 0 60362639 41.226127
-Trial 847 0 60362639 41.382100
-Trial 848 0 60362639 41.386258
-Trial 849 0 60362639 41.389925
-Trial 850 0 60362639 41.392526
* 851: Cost = 0_60332963, Time = 38.73 sec. 
-Trial 851 0 60332963 41.398923
-Trial 852 0 60332963 41.406728
-Trial 853 0 60332963 41.849703
-Trial 854 0 60332963 41.919467
-Trial 855 0 60332963 41.922257
* 856: Cost = 0_60318412, Time = 39.30 sec. 
-Trial 856 0 60318412 41.968775
-Trial 857 0 60318412 41.991066
-Trial 858 0 60318412 41.995382
-Trial 859 0 60318412 42.015136
-Trial 860 0 60318412 42.032855
* 861: Cost = 0_60311994, Time = 39.74 sec. 
-Trial 861 0 60311994 42.407512
-Trial 862 0 60311994 42.430623
-Trial 863 0 60311994 42.573678
-Trial 864 0 60311994 42.797433
-Trial 865 0 60311994 43.033857
-Trial 866 0 60311994 43.054546
-Trial 867 0 60311994 43.054873
-Trial 868 0 60311994 43.067863
* 869: Cost = 0_60303223, Time = 40.44 sec. 
-Trial 869 0 60303223 43.113295
-Trial 870 0 60303223 43.187188
-Trial 871 0 60303223 43.209093
-Trial 872 0 60303223 43.236182
-Trial 873 0 60303223 43.236503
-Trial 874 0 60303223 43.264864
-Trial 875 0 60303223 43.266064
-Trial 876 0 60303223 43.278934
-Trial 877 0 60303223 43.281067
-Trial 878 0 60303223 43.284951
-Trial 879 0 60303223 43.339441
-Trial 880 0 60303223 43.340311
* 881: Cost = 0_60285435, Time = 40.70 sec. 
-Trial 881 0 60285435 43.373745
-Trial 882 0 60285435 43.420286
-Trial 883 0 60285435 43.424968
-Trial 884 0 60285435 43.428609
-Trial 885 0 60285435 43.463729
-Trial 886 0 60285435 43.492842
* 887: Cost = 0_60263053, Time = 40.90 sec. 
-Trial 887 0 60263053 43.565537
-Trial 888 0 60263053 43.583671
-Trial 889 0 60263053 43.596257
-Trial 890 0 60263053 43.597345
-Trial 891 0 60263053 43.616339
* 892: Cost = 0_60261780, Time = 40.96 sec. 
-Trial 892 0 60261780 43.634168
-Trial 893 0 60261780 43.635664
-Trial 894 0 60261780 43.672653
-Trial 895 0 60261780 43.673340
* 896: Cost = 0_60257051, Time = 41.10 sec. 
-Trial 896 0 60257051 43.766036
-Trial 897 0 60257051 43.846540
-Trial 898 0 60257051 43.847272
-Trial 899 0 60257051 43.877913
-Trial 900 0 60257051 43.883158
-Trial 901 0 60257051 43.917441
-Trial 902 0 60257051 43.950308
-Trial 903 0 60257051 44.023688
* 904: Cost = 0_60247918, Time = 41.39 sec. 
-Trial 904 0 60247918 44.055658
-Trial 905 0 60247918 44.143403
-Trial 906 0 60247918 44.144703
-Trial 907 0 60247918 44.148017
-Trial 908 0 60247918 44.316248
-Trial 909 0 60247918 44.350233
-Trial 910 0 60247918 44.351038
-Trial 911 0 60247918 44.393154
-Trial 912 0 60247918 44.410138
-Trial 913 0 60247918 44.521807
-Trial 914 0 60247918 44.522479
-Trial 915 0 60247918 44.524759
-Trial 916 0 60247918 44.553883
-Trial 917 0 60247918 44.585363
-Trial 918 0 60247918 44.612025
-Trial 919 0 60247918 44.620309
-Trial 920 0 60247918 44.620843
-Trial 921 0 60247918 44.624518
-Trial 922 0 60247918 44.626643
-Trial 923 0 60247918 44.635912
-Trial 924 0 60247918 44.649457
-Trial 925 0 60247918 44.649868
-Trial 926 0 60247918 44.927335
-Trial 927 0 60247918 44.932106
-Trial 928 0 60247918 45.043931
-Trial 929 0 60247918 45.049666
-Trial 930 0 60247918 45.075054
-Trial 931 0 60247918 45.089968
-Trial 932 0 60247918 45.294883
-Trial 933 0 60247918 45.323367
-Trial 934 0 60247918 45.383931
-Trial 935 0 60247918 45.384750
-Trial 936 0 60247918 45.404396
* 937: Cost = 0_60242232, Time = 42.78 sec. 
-Trial 937 0 60242232 45.445984
-Trial 938 0 60242232 45.490396
-Trial 939 0 60242232 45.750819
-Trial 940 0 60242232 45.815112
* 941: Cost = 0_60238780, Time = 43.21 sec. 
-Trial 941 0 60238780 45.878922
-Trial 942 0 60238780 45.975452
* 943: Cost = 0_60238279, Time = 43.31 sec. 
-Trial 943 0 60238279 45.977529
-Trial 944 0 60238279 46.012272
-Trial 945 0 60238279 46.020635
-Trial 946 0 60238279 46.051342
-Trial 947 0 60238279 46.053159
-Trial 948 0 60238279 46.058948
-Trial 949 0 60238279 46.133927
-Trial 950 0 60238279 46.193593
-Trial 951 0 60238279 46.357491
-Trial 952 0 60238279 46.360132
-Trial 953 0 60238279 46.379890
* 954: Cost = 0_60231614, Time = 43.91 sec. 
-Trial 954 0 60231614 46.580263
-Trial 955 0 60231614 46.617414
-Trial 956 0 60231614 47.066908
-Trial 957 0 60231614 47.102473
* 958: Cost = 0_60230247, Time = 44.46 sec. 
-Trial 958 0 60230247 47.127194
* 959: Cost = 0_60229845, Time = 44.49 sec. 
-Trial 959 0 60229845 47.162915
-Trial 960 0 60229845 47.164090
-Trial 961 0 60229845 47.190947
-Trial 962 0 60229845 47.197938
-Trial 963 0 60229845 47.488781
-Trial 964 0 60229845 47.560390
-Trial 965 0 60229845 47.567053
-Trial 966 0 60229845 47.568361
-Trial 967 0 60229845 47.569860
-Trial 968 0 60229845 47.571943
-Trial 969 0 60229845 47.660844
-Trial 970 0 60229845 47.845000
-Trial 971 0 60229845 47.846714
-Trial 972 0 60229845 48.340103
-Trial 973 0 60229845 48.389687
-Trial 974 0 60229845 48.390120
-Trial 975 0 60229845 48.391145
-Trial 976 0 60229845 48.395683
-Trial 977 0 60229845 48.407659
-Trial 978 0 60229845 48.408086
-Trial 979 0 60229845 48.409746
-Trial 980 0 60229845 48.435442
* 981: Cost = 0_60224133, Time = 45.84 sec. 
-Trial 981 0 60224133 48.511642
-Trial 982 0 60224133 48.705870
-Trial 983 0 60224133 48.814884
-Trial 984 0 60224133 48.848817
-Trial 985 0 60224133 48.870227
-Trial 986 0 60224133 48.871004
-Trial 987 0 60224133 49.036987
-Trial 988 0 60224133 49.194177
-Trial 989 0 60224133 49.220768
* 990: Cost = 0_60223857, Time = 46.59 sec. 
-Trial 990 0 60223857 49.255102
-Trial 991 0 60223857 49.258070
* 992: Cost = 0_60223468, Time = 46.65 sec. 
-Trial 992 0 60223468 49.323093
-Trial 993 0 60223468 49.325480
-Trial 994 0 60223468 49.347711
-Trial 995 0 60223468 49.354262
-Trial 996 0 60223468 49.355305
-Trial 997 0 60223468 49.674199
-Trial 998 0 60223468 49.771723
-Trial 999 0 60223468 49.817250
-Trial 1000 0 60223468 49.900253
Population:
  1: 0_60223468
Run 1: Cost = 0_60223468, Time = 47.23 sec. 

Successes/Runs = 0/1 
Cost.min = 60223468, Cost.avg = 60223468.00, Cost.max = 60223468
Gap.min = 0.0000%, Gap.avg = 0.0000%, Gap.max = 0.0000%
Penalty.min = 0, Penalty.avg = 0.00, Penalty.max = 0
Trials.min = 1000, Trials.avg = 1000.0, Trials.max = 1000
Time.min = 47.23 sec., Time.avg = 47.23 sec., Time.max = 47.23 sec.
Time.total = 49.90 sec.
  Size.min = 19, Size.max = 49, Penalty = 0
  Cost.min = 464433, Cost.max = 2264850, Cost.sum = 60223468
Best CVRP solution:
  Cost = 0_60223468
189 841 1374 619 1484 835 1023 1491 234 1185 180 1142 308 633 897 702 1167 1539 775 577 188 1368 816 1422 482 1051 336 692 159 1310 528 929 384 162 966 238 1485 575 213 1068 1295 134 917 1499 412 1111 938 1115 491 1503 327 1216 54 1241 186 1092 102 294 1250 1325 904 493 501 487 1116 171 781 286 1195 1184 414 1264 392 272 1084 809 439 613 1300 933 385 1522 624 956 1157 314 432 1456 864 1063 790 321 1165 658 663 216 948 1476 536 643 1042 765 1377 76 820 356 717 281 1358 243 111 38 703 1498 236 25 1445 1252 1027 1501 641 465 644 1468 1514 690 366 972 1268 305 309 926 1473 1344 582 1163 62 87 1441 791 719 1291 935 209 1191 639 776 1135 192 368 1091 391 834 589 821 780 64 324 1246 563 1415 887 628 916 451 1517 449 1061 650 1186 473 1334 205 421 1297 594 798 83 178 170 425 1382 1159 677 542 273 136 574 1305 455 297 622 838 921 1432 1513 511 618 665 1032 593 1189 679 350 133 338 803 881 890 146 754 1123 1281 1103 564 1188 362 1196 1253 448 484 1464 993 682 999 1200 1298 975 265 969 284 1425 837 1156 1323 420 1263 1024 941 777 1519 1449 1237 656 18 698 474 1307 1495 1467 687 91 1329 58 340 293 540 475 995 1222 415 1267 716 1407 285 601 1470 267 1214 615 1132 963 299 824 447 45 507 810 1411 1429 669 1536 1391 1062 936 476 1276 743 1269 1077 1433 280 676 1500 757 1243 435 245 148 43 1457 693 804 556 565 729 262 1065 806 364 1228 1134 649 283 1149 746 380 621 894 1015 1510 580 862 735 408 1375 375 909 1213 612 517 462 1014 57 505 282 325 426 1496 179 34 383 817 532 39 724 986 1105 130 592 483 431 980 1308 1081 185 714 1076 335 1528 1494 1299 394 1025 207 11 29 457 795 548 167 7 500 974 994 899 1481 762 107 1040 1249 1198 244 1285 398 250 1450 201 1367 175 598 640 1524 333 1366 731 152 1129 352 1128 51 681 459 990 173 98 939 246 756 1067 177 154 1357 41 1052 206 278 1381 1386 1275 1235 357 413 255 1183 1489 97 586 884 1360 932 1452 927 1397 1533 1207 812 377 322 334 120 1066 1158 807 158 1301 924 419 976 1274 1475 666 858 469 311 468 1314 954 1073 1409 891 802 784 605 683 438 274 991 1262 885 568 1532 740 1069 150 733 967 655 200 12 553 509 1392 750 332 741 1438 860 1406 1361 1205 458 560 943 772 4 224 239 441 696 996 726 959 1175 1478 222 290 635 72 1171 363 1504 982 1472 732 1095 752 1401 252 124 402 828 578 365 1102 71 422 970 1321 1096 1444 202 1294 654 664 1399 1440 237 89 911 1362 258 723 533 815 1104 266 169 1482 1520 879 1044 1326 320 1012 1187 1016 749 288 1351 168 1204 355 1408 852 844 166 711 1453 36 1266 606 249 343 1435 260 870 393 113 17 695 1098 256 830 433 298 1423 230 490 1119 945 1147 839 193 983 836 1047 1421 874 1529 37 397 163 270 602 358 1349 960 1170 90 1108 544 910 409 1279 1221 122 496 519 69 1118 1348 1110 101 873 1316 143 15 214 1379 709 1515 675 1459 1232 742 583 868 1020 220 535 190 1028 1106 93 1345 156 660 1220 699 671 1492 19 657 427 616 187 629 770 697 1056 782 632 800 1331 950 554 1414 1530 918 1420 524 445 842 1144 1148 197 764 291 1418 1311 1413 339 537 410 940 670 788 737 395 1352 52 235 191 1338 1239 5 106 1193 400 688 1058 662 569 436 376 24 195 399 1511 461 913 796 1206 638 546 344 100 1273 32 379 833 1248 276 70 1218 1283 518 84 855 1272 466 634 1479 531 342 345 859 50 992 446 1525 296 1227 251 581 99 761 1398 856 1219 1259 354 14 165 506 1176 48 1370 401 1412 16 1304 701 138 768 1146 47 96 949 203 494 721 923 1100 504 1465 1434 1139 405 573 1199 227 1225 114 1518 271 1035 1055 789 937 515 579 707 109 328 961 508 254 123 903 753 647 183 1318 739 316 1455 329 63 1127 1324 1333 648 248 480 751 1387 1502 440 1037 1466 1385 1393 814 705 1117 559 1395 1007 1155 481 1364 92 263 1306 131 1383 1541 349 215 1451 1320 1330 779 1328 444 1048 307 1265 1258 61 968 1162 450 264 44 442 734 572 369 1226 80 1290 1215 1365 708 516 637 958 346 208 1347 792 805 1113 971 132 567 1512 797 626 1271 915 871 1131 1354 40 985 847 710 1126 157 1233 137 998 614 1402 530 561 1436 331 467 1254 1029 829 382 105 1350 813 261 128 1534 1474 94 857 667 1483 194 463 1469 597 499 389 888 1064 1180 620 920 1339 174 1038 631 880 429 502 922 906 374 1388 953 1247 543 673 1210 823 1009 1537 587 1137 893 176 1138 1278 718 1203 678 1229 8 596 49 1045 406 373 1448 204 221 353 599 1208 1309 684 151 832 965 843 1133 1080 1369 269 668 925 318 341 869 1471 627 302 46 477 1506 211 1255 247 758 1462 1394 498 359 104 1230 1172 1419 1487 1088 1439 876 590 182 68 217 997 112 1460 715 1302 1209 1190 1003 371 428 1152 1313 1179 2 74 1256 161 946 1244 1169 147 1319 1288 849 226 1509 748 1403 1059 140 1178 1390 584 81 822 964 301 1317 317 231 686 736 1356 952 541 23 783 1231 3 464 636 865 1022 434 659 304 1303 801 914 609 42 526 1540 1182 259 218 27 984 1089 1177 523 646 1154 512 747 595 767 1031 423 883 1430 866 1322 495 725 1312 1335 1341 1166 730 1078 1293 348 1192 1359 126 452 738 1060 160 323 1000 1355 819 562 1417 867 625 645 1527 1497 149 115 591 1153 576 905 989 223 978 1124 144 1490 898 1161 1018 1039 1427 1097 771 1277 1280 295 488 453 275 1043 232 1090 661 912 1151 1120 116 704 1343 1508 882 22 1130 1373 1234 848 164 319 1371 1217 878 1122 1197 981 141 630 1289 1405 831 199 65 840 931 497 172 155 31 153 287 1174 396 1442 1480 139 521 110 184 225 198 387 818 313 1538 1410 142 973 1033 919 242 1376 1447 988 514 853 59 471 760 407 1416 108 1026 1372 416 1260 551 1008 372 1463 390 889 1202 744 1004 13 610 1030 1072 877 1245 479 118 492 607 520 1136 1535 585 861 722 1384 623 930 1071 527 763 534 522 1150 257 381 337 944 727 1099 1079 674 1168 872 82 1086 1112 774 1389 103 360 778 292 418 1 691 1251 378 1107 1257 386 351 1085 1336 617 955 1101 1337 85 300 485 755 811 1034 404 1017 600 212 1486 979 1049 875 1342 713 303 1201 907 330 549 1021 1261 827 851 1181 370 1531 1001 430 9 86 550 1346 1284 773 934 1057 312 896 886 503 1006 424 769 417 1396 1164 1461 957 454 241 1075 279 1242 766 1507 539 478 1240 1005 845 653 1340 472 1353 1287 26 1194 786 902 1286 808 367 685 892 56 1282 1431 510 850 1296 826 310 566 53 1140 121 1505 977 1010 652 1437 1424 603 88 95 489 1046 289 558 135 67 1446 361 720 1125 326 1426 680 529 30 1109 799 928 228 66 1013 942 411 486 588 794 1270 347 1523 35 728 672 908 1054 1404 437 513 253 1002 947 1332 863 787 1236 181 642 277 689 525 1315 901 570 951 1223 1428 233 1050 21 1493 75 127 1094 1378 145 456 10 1380 1082 793 388 1143 1521 1011 557 306 196 1400 1114 28 443 1173 79 785 119 987 759 854 1121 1041 545 1363 1141 1093 694 1036 608 1145 700 1443 240 1327 604 73 1224 1083 825 1526 895 1212 315 1019 77 900 1477 129 33 403 219 611 78 20 1074 6 552 1053 117 1211 1488 962 846 1454 60 55 745 125 1292 1238 1516 1070 555 651 538 460 706 210 268 547 470 229 1458 1160 1087 712 571 189 
