PARAMETER_FILE = result/cvrp_1500/LKH_para/79.para
Reading PROBLEM_FILE: "result/cvrp_1500/cvrp/79.cvrp" ... done
ASCENT_CANDIDATES = 50
BACKBONE_TRIALS = 0
BACKTRACKING = NO
# BWTSP =
# CANDIDATE_FILE =
CANDIDATE_SET_TYPE = ALPHA
DEPOT = 1
# EDGE_FILE =
EXCESS = 0.000666223
EXTERNAL_SALESMEN = 0
EXTRA_CANDIDATES = 0 
EXTRA_CANDIDATE_SET_TYPE = QUADRANT
GAIN23 = NO
GAIN_CRITERION = YES
INITIAL_PERIOD = 750
INITIAL_STEP_SIZE = 1
INITIAL_TOUR_ALGORITHM = WALK
# INITIAL_TOUR_FILE = 
INITIAL_TOUR_FRACTION = 1.000
# INPUT_TOUR_FILE = 
KICK_TYPE = 4
KICKS = 1
# MAX_BREADTH =
MAKESPAN = NO
MAX_CANDIDATES = 5 
MAX_SWAPS = 0
MAX_TRIALS = 1000
# MERGE_TOUR_FILE =
MOVE_TYPE = 5 SPECIAL
MTSP_MIN_SIZE = 1
MTSP_MAX_SIZE = 1500
# MTSP_SOLUTION_FILE = 
# NONSEQUENTIAL_MOVE_TYPE = 5
# OPTIMUM =
# OUTPUT_TOUR_FILE = 
PATCHING_A = 1 
PATCHING_C = 0 
# PI_FILE = 
POPMUSIC_INITIAL_TOUR = NO
POPMUSIC_MAX_NEIGHBORS = 5
POPMUSIC_SAMPLE_SIZE = 10
POPMUSIC_SOLUTIONS = 50
POPMUSIC_TRIALS = 1
POPULATION_SIZE = 10
PRECISION = 100
PROBLEM_FILE = result/cvrp_1500/cvrp/79.cvrp
RECOMBINATION = IPT
RESTRICTED_SEARCH = YES
RUNS = 1
SALESMEN = 40
SCALE = 1
SEED = 1234
# SINTEF_SOLUTION_FILE = 
STOP_AT_OPTIMUM = YES
SUBGRADIENT = YES
# SUBPROBLEM_SIZE =
# SUBPROBLEM_TOUR_FILE = 
SUBSEQUENT_MOVE_TYPE = 5 SPECIAL
SUBSEQUENT_PATCHING = YES
# TIME_LIMIT =
# TOUR_FILE = 
TRACE_LEVEL = 1
VEHICLES = 40

Lower bound = 32553631.2, Ascent time = 2.41 sec.
Cand.min = 4, Cand.avg = 5.0, Cand.max = 5
Preprocessing time = 2.46 sec.
* 1: Cost = 0_67249376, Time = 4.81 sec. 
-Trial 1 0 67249376 7.271541
-Trial 2 0 67249376 7.272971
* 3: Cost = 0_67080260, Time = 5.18 sec. 
-Trial 3 0 67080260 7.643024
-Trial 4 0 67080260 7.657189
* 5: Cost = 0_67047869, Time = 5.20 sec. 
-Trial 5 0 67047869 7.662262
-Trial 6 0 67047869 7.668993
-Trial 7 0 67047869 7.680241
-Trial 8 0 67047869 7.690425
-Trial 9 0 67047869 7.708027
* 10: Cost = 0_66618702, Time = 5.30 sec. 
-Trial 10 0 66618702 7.761037
* 11: Cost = 0_66439797, Time = 5.35 sec. 
-Trial 11 0 66439797 7.815901
-Trial 12 0 66439797 7.818114
* 13: Cost = 0_66438641, Time = 5.36 sec. 
-Trial 13 0 66438641 7.823861
* 14: Cost = 0_66419543, Time = 5.37 sec. 
-Trial 14 0 66419543 7.830898
-Trial 15 0 66419543 7.833028
-Trial 16 0 66419543 7.834880
-Trial 17 0 66419543 7.835109
-Trial 18 0 66419543 7.836657
-Trial 19 0 66419543 7.837328
* 20: Cost = 0_66295455, Time = 5.43 sec. 
-Trial 20 0 66295455 7.892700
-Trial 21 0 66295455 7.894750
-Trial 22 0 66295455 7.971017
-Trial 23 0 66295455 7.972007
-Trial 24 0 66295455 7.974483
-Trial 25 0 66295455 8.072743
-Trial 26 0 66295455 8.082970
-Trial 27 0 66295455 8.083958
* 28: Cost = 0_66109687, Time = 5.65 sec. 
-Trial 28 0 66109687 8.118562
* 29: Cost = 0_65562961, Time = 6.32 sec. 
-Trial 29 0 65562961 8.781081
-Trial 30 0 65562961 8.793147
* 31: Cost = 0_65471166, Time = 6.33 sec. 
-Trial 31 0 65471166 8.795251
-Trial 32 0 65471166 8.803507
* 33: Cost = 0_65263900, Time = 6.35 sec. 
-Trial 33 0 65263900 8.810836
-Trial 34 0 65263900 8.816419
-Trial 35 0 65263900 8.817025
* 36: Cost = 0_65079777, Time = 6.37 sec. 
-Trial 36 0 65079777 8.838816
-Trial 37 0 65079777 8.839281
-Trial 38 0 65079777 8.839644
* 39: Cost = 0_65070843, Time = 6.38 sec. 
-Trial 39 0 65070843 8.841606
-Trial 40 0 65070843 8.842324
* 41: Cost = 0_65002468, Time = 6.39 sec. 
-Trial 41 0 65002468 8.849389
* 42: Cost = 0_64910187, Time = 6.39 sec. 
-Trial 42 0 64910187 8.858586
-Trial 43 0 64910187 8.860965
-Trial 44 0 64910187 8.861837
-Trial 45 0 64910187 8.863159
* 46: Cost = 0_64905738, Time = 6.42 sec. 
-Trial 46 0 64905738 8.879239
* 47: Cost = 0_64820219, Time = 6.44 sec. 
-Trial 47 0 64820219 8.900891
-Trial 48 0 64820219 8.901349
-Trial 49 0 64820219 8.901586
-Trial 50 0 64820219 8.906166
* 51: Cost = 0_64814785, Time = 6.46 sec. 
-Trial 51 0 64814785 8.921191
-Trial 52 0 64814785 8.922326
-Trial 53 0 64814785 8.935156
-Trial 54 0 64814785 8.939166
* 55: Cost = 0_64629448, Time = 6.50 sec. 
-Trial 55 0 64629448 8.967259
-Trial 56 0 64629448 8.985875
-Trial 57 0 64629448 9.042955
-Trial 58 0 64629448 9.044089
-Trial 59 0 64629448 9.045367
* 60: Cost = 0_64578762, Time = 6.74 sec. 
-Trial 60 0 64578762 9.199758
-Trial 61 0 64578762 9.200272
* 62: Cost = 0_64241022, Time = 6.78 sec. 
-Trial 62 0 64241022 9.247964
-Trial 63 0 64241022 9.248422
-Trial 64 0 64241022 9.256282
-Trial 65 0 64241022 9.312410
-Trial 66 0 64241022 9.313530
-Trial 67 0 64241022 9.315186
* 68: Cost = 0_64235051, Time = 6.90 sec. 
-Trial 68 0 64235051 9.364112
* 69: Cost = 0_64226618, Time = 6.93 sec. 
-Trial 69 0 64226618 9.396913
* 70: Cost = 0_64181878, Time = 6.95 sec. 
-Trial 70 0 64181878 9.416662
* 71: Cost = 0_64175040, Time = 6.95 sec. 
-Trial 71 0 64175040 9.417634
-Trial 72 0 64175040 9.428782
-Trial 73 0 64175040 9.429423
-Trial 74 0 64175040 9.452888
-Trial 75 0 64175040 9.453376
-Trial 76 0 64175040 9.454609
-Trial 77 0 64175040 9.455758
-Trial 78 0 64175040 9.460629
* 79: Cost = 0_63799152, Time = 7.15 sec. 
-Trial 79 0 63799152 9.613513
-Trial 80 0 63799152 9.700297
* 81: Cost = 0_63645242, Time = 7.30 sec. 
-Trial 81 0 63645242 9.761139
* 82: Cost = 0_63355898, Time = 7.31 sec. 
-Trial 82 0 63355898 9.775363
-Trial 83 0 63355898 9.779372
-Trial 84 0 63355898 9.779755
* 85: Cost = 0_63348545, Time = 7.32 sec. 
-Trial 85 0 63348545 9.786934
* 86: Cost = 0_63325647, Time = 7.34 sec. 
-Trial 86 0 63325647 9.804751
* 87: Cost = 0_63324936, Time = 7.35 sec. 
-Trial 87 0 63324936 9.810281
* 88: Cost = 0_63283224, Time = 7.35 sec. 
-Trial 88 0 63283224 9.817857
-Trial 89 0 63283224 9.824573
-Trial 90 0 63283224 9.849608
-Trial 91 0 63283224 9.859891
-Trial 92 0 63283224 9.861651
* 93: Cost = 0_63273304, Time = 7.43 sec. 
-Trial 93 0 63273304 9.889299
-Trial 94 0 63273304 9.892420
* 95: Cost = 0_63070166, Time = 7.47 sec. 
-Trial 95 0 63070166 9.937673
-Trial 96 0 63070166 10.135637
-Trial 97 0 63070166 10.136302
-Trial 98 0 63070166 10.138188
-Trial 99 0 63070166 10.143845
* 100: Cost = 0_63056039, Time = 7.70 sec. 
-Trial 100 0 63056039 10.164808
-Trial 101 0 63056039 10.165466
-Trial 102 0 63056039 10.235095
* 103: Cost = 0_62870281, Time = 8.05 sec. 
-Trial 103 0 62870281 10.517140
-Trial 104 0 62870281 10.566781
-Trial 105 0 62870281 10.567339
-Trial 106 0 62870281 10.569657
-Trial 107 0 62870281 10.570252
-Trial 108 0 62870281 10.595268
* 109: Cost = 0_62840595, Time = 8.15 sec. 
-Trial 109 0 62840595 10.618277
-Trial 110 0 62840595 10.619071
* 111: Cost = 0_62514649, Time = 8.37 sec. 
-Trial 111 0 62514649 10.832665
-Trial 112 0 62514649 10.861187
* 113: Cost = 0_62495021, Time = 8.41 sec. 
-Trial 113 0 62495021 10.870737
* 114: Cost = 0_62473318, Time = 8.43 sec. 
-Trial 114 0 62473318 10.893866
-Trial 115 0 62473318 10.894408
-Trial 116 0 62473318 10.894763
-Trial 117 0 62473318 10.959863
-Trial 118 0 62473318 10.960194
-Trial 119 0 62473318 10.963618
* 120: Cost = 0_62400685, Time = 8.56 sec. 
-Trial 120 0 62400685 11.021842
-Trial 121 0 62400685 11.028541
-Trial 122 0 62400685 11.029695
* 123: Cost = 0_62215282, Time = 8.61 sec. 
-Trial 123 0 62215282 11.071684
-Trial 124 0 62215282 11.072451
-Trial 125 0 62215282 11.086290
-Trial 126 0 62215282 11.086617
* 127: Cost = 0_62204397, Time = 8.63 sec. 
-Trial 127 0 62204397 11.092425
-Trial 128 0 62204397 11.093429
* 129: Cost = 0_62116705, Time = 8.73 sec. 
-Trial 129 0 62116705 11.197483
-Trial 130 0 62116705 11.198824
* 131: Cost = 0_62035066, Time = 8.75 sec. 
-Trial 131 0 62035066 11.216839
* 132: Cost = 0_62018222, Time = 8.76 sec. 
-Trial 132 0 62018222 11.228022
* 133: Cost = 0_61970442, Time = 8.77 sec. 
-Trial 133 0 61970442 11.237708
-Trial 134 0 61970442 11.238048
-Trial 135 0 61970442 11.242993
* 136: Cost = 0_61930893, Time = 8.80 sec. 
-Trial 136 0 61930893 11.261447
* 137: Cost = 0_61784002, Time = 8.81 sec. 
-Trial 137 0 61784002 11.274795
-Trial 138 0 61784002 11.275384
-Trial 139 0 61784002 11.279090
-Trial 140 0 61784002 11.282523
-Trial 141 0 61784002 11.282858
-Trial 142 0 61784002 11.334415
-Trial 143 0 61784002 11.334715
-Trial 144 0 61784002 11.335399
-Trial 145 0 61784002 11.336053
-Trial 146 0 61784002 11.337695
-Trial 147 0 61784002 11.337995
* 148: Cost = 0_61541384, Time = 9.00 sec. 
-Trial 148 0 61541384 11.465605
* 149: Cost = 0_61538946, Time = 9.01 sec. 
-Trial 149 0 61538946 11.474269
* 150: Cost = 0_61233215, Time = 9.09 sec. 
-Trial 150 0 61233215 11.552489
* 151: Cost = 0_61229652, Time = 9.10 sec. 
-Trial 151 0 61229652 11.564714
-Trial 152 0 61229652 11.567056
* 153: Cost = 0_61077433, Time = 9.11 sec. 
-Trial 153 0 61077433 11.576176
-Trial 154 0 61077433 11.578826
-Trial 155 0 61077433 11.581904
* 156: Cost = 0_61071070, Time = 9.12 sec. 
-Trial 156 0 61071070 11.588347
* 157: Cost = 0_61050954, Time = 9.17 sec. 
-Trial 157 0 61050954 11.631284
-Trial 158 0 61050954 11.631656
-Trial 159 0 61050954 11.637826
-Trial 160 0 61050954 11.661415
-Trial 161 0 61050954 11.708198
* 162: Cost = 0_61042254, Time = 9.25 sec. 
-Trial 162 0 61042254 11.709709
-Trial 163 0 61042254 11.714604
-Trial 164 0 61042254 11.717770
* 165: Cost = 0_60813702, Time = 9.30 sec. 
-Trial 165 0 60813702 11.767155
-Trial 166 0 60813702 11.787743
-Trial 167 0 60813702 11.788037
* 168: Cost = 0_60771576, Time = 9.37 sec. 
-Trial 168 0 60771576 11.835959
-Trial 169 0 60771576 11.939031
-Trial 170 0 60771576 11.947610
* 171: Cost = 0_60751178, Time = 9.55 sec. 
-Trial 171 0 60751178 12.010159
* 172: Cost = 0_60697940, Time = 9.55 sec. 
-Trial 172 0 60697940 12.017895
-Trial 173 0 60697940 12.026382
-Trial 174 0 60697940 12.026699
* 175: Cost = 0_60642614, Time = 9.63 sec. 
-Trial 175 0 60642614 12.091958
-Trial 176 0 60642614 12.096598
-Trial 177 0 60642614 12.097189
* 178: Cost = 0_60641463, Time = 9.65 sec. 
-Trial 178 0 60641463 12.112978
-Trial 179 0 60641463 12.113866
* 180: Cost = 0_60510016, Time = 9.68 sec. 
-Trial 180 0 60510016 12.148596
* 181: Cost = 0_60493279, Time = 9.69 sec. 
-Trial 181 0 60493279 12.155788
-Trial 182 0 60493279 12.199400
-Trial 183 0 60493279 12.201950
-Trial 184 0 60493279 12.221029
-Trial 185 0 60493279 12.301571
-Trial 186 0 60493279 12.304572
* 187: Cost = 0_60492320, Time = 9.85 sec. 
-Trial 187 0 60492320 12.311879
-Trial 188 0 60492320 12.314299
-Trial 189 0 60492320 12.314580
* 190: Cost = 0_60444533, Time = 9.97 sec. 
-Trial 190 0 60444533 12.429691
* 191: Cost = 0_59986098, Time = 9.99 sec. 
-Trial 191 0 59986098 12.458122
* 192: Cost = 0_59956923, Time = 10.01 sec. 
-Trial 192 0 59956923 12.474675
-Trial 193 0 59956923 12.488500
-Trial 194 0 59956923 12.490246
-Trial 195 0 59956923 12.491057
-Trial 196 0 59956923 12.491337
-Trial 197 0 59956923 12.545312
* 198: Cost = 0_59955468, Time = 10.09 sec. 
-Trial 198 0 59955468 12.558109
-Trial 199 0 59955468 12.559966
-Trial 200 0 59955468 12.572536
* 201: Cost = 0_59909447, Time = 10.11 sec. 
-Trial 201 0 59909447 12.575785
-Trial 202 0 59909447 12.593948
-Trial 203 0 59909447 12.594855
-Trial 204 0 59909447 12.602700
-Trial 205 0 59909447 12.603291
-Trial 206 0 59909447 12.604083
-Trial 207 0 59909447 12.607281
-Trial 208 0 59909447 12.661911
-Trial 209 0 59909447 12.674993
* 210: Cost = 0_59680694, Time = 10.38 sec. 
-Trial 210 0 59680694 12.839775
-Trial 211 0 59680694 12.848649
-Trial 212 0 59680694 12.854915
-Trial 213 0 59680694 12.875342
-Trial 214 0 59680694 13.105014
-Trial 215 0 59680694 13.209330
* 216: Cost = 0_59659124, Time = 10.82 sec. 
-Trial 216 0 59659124 13.284727
* 217: Cost = 0_59619244, Time = 10.89 sec. 
-Trial 217 0 59619244 13.352675
-Trial 218 0 59619244 13.410961
-Trial 219 0 59619244 13.411904
* 220: Cost = 0_59608429, Time = 11.07 sec. 
-Trial 220 0 59608429 13.530103
-Trial 221 0 59608429 13.563833
-Trial 222 0 59608429 13.564306
-Trial 223 0 59608429 13.574027
-Trial 224 0 59608429 13.617951
-Trial 225 0 59608429 13.642899
-Trial 226 0 59608429 13.643874
* 227: Cost = 0_59607200, Time = 11.18 sec. 
-Trial 227 0 59607200 13.648002
-Trial 228 0 59607200 13.650431
* 229: Cost = 0_59589688, Time = 11.19 sec. 
-Trial 229 0 59589688 13.656504
-Trial 230 0 59589688 13.661295
-Trial 231 0 59589688 13.661910
-Trial 232 0 59589688 13.663100
-Trial 233 0 59589688 13.663353
* 234: Cost = 0_59546535, Time = 11.22 sec. 
-Trial 234 0 59546535 13.685435
-Trial 235 0 59546535 13.754097
* 236: Cost = 0_59537275, Time = 11.34 sec. 
-Trial 236 0 59537275 13.807261
-Trial 237 0 59537275 13.807866
* 238: Cost = 0_59515157, Time = 11.37 sec. 
-Trial 238 0 59515157 13.838528
-Trial 239 0 59515157 13.839018
-Trial 240 0 59515157 13.854701
-Trial 241 0 59515157 13.864079
-Trial 242 0 59515157 13.865967
-Trial 243 0 59515157 13.867586
-Trial 244 0 59515157 13.867998
* 245: Cost = 0_59514052, Time = 11.46 sec. 
-Trial 245 0 59514052 13.919503
-Trial 246 0 59514052 13.919845
-Trial 247 0 59514052 14.085275
-Trial 248 0 59514052 14.086041
-Trial 249 0 59514052 14.205790
-Trial 250 0 59514052 14.254902
-Trial 251 0 59514052 14.256116
-Trial 252 0 59514052 14.257993
-Trial 253 0 59514052 14.282468
* 254: Cost = 0_59250934, Time = 11.86 sec. 
-Trial 254 0 59250934 14.322730
-Trial 255 0 59250934 14.379211
* 256: Cost = 0_59209911, Time = 11.94 sec. 
-Trial 256 0 59209911 14.402545
* 257: Cost = 0_59207403, Time = 11.95 sec. 
-Trial 257 0 59207403 14.416626
-Trial 258 0 59207403 14.442351
-Trial 259 0 59207403 14.443752
-Trial 260 0 59207403 14.445357
-Trial 261 0 59207403 14.446270
-Trial 262 0 59207403 14.450917
* 263: Cost = 0_59190239, Time = 12.04 sec. 
-Trial 263 0 59190239 14.502012
* 264: Cost = 0_59187806, Time = 12.04 sec. 
-Trial 264 0 59187806 14.507209
-Trial 265 0 59187806 14.507970
-Trial 266 0 59187806 14.508329
-Trial 267 0 59187806 14.739155
-Trial 268 0 59187806 14.743025
-Trial 269 0 59187806 14.786392
-Trial 270 0 59187806 14.813785
-Trial 271 0 59187806 14.819504
-Trial 272 0 59187806 14.819867
-Trial 273 0 59187806 14.864875
-Trial 274 0 59187806 14.868527
-Trial 275 0 59187806 14.897722
-Trial 276 0 59187806 14.904886
* 277: Cost = 0_59082646, Time = 12.50 sec. 
-Trial 277 0 59082646 14.962203
-Trial 278 0 59082646 14.963136
* 279: Cost = 0_59076577, Time = 12.50 sec. 
-Trial 279 0 59076577 14.965305
* 280: Cost = 0_59039916, Time = 12.59 sec. 
-Trial 280 0 59039916 15.055889
-Trial 281 0 59039916 15.056181
-Trial 282 0 59039916 15.056854
-Trial 283 0 59039916 15.064618
-Trial 284 0 59039916 15.103133
-Trial 285 0 59039916 15.133050
* 286: Cost = 0_58998583, Time = 12.67 sec. 
-Trial 286 0 58998583 15.135645
* 287: Cost = 0_58962605, Time = 12.68 sec. 
-Trial 287 0 58962605 15.142880
-Trial 288 0 58962605 15.143783
-Trial 289 0 58962605 15.144480
-Trial 290 0 58962605 15.147476
* 291: Cost = 0_58913703, Time = 12.77 sec. 
-Trial 291 0 58913703 15.231729
-Trial 292 0 58913703 15.232332
-Trial 293 0 58913703 15.246171
-Trial 294 0 58913703 15.246529
-Trial 295 0 58913703 15.255535
-Trial 296 0 58913703 15.283820
-Trial 297 0 58913703 15.317874
* 298: Cost = 0_58874960, Time = 12.94 sec. 
-Trial 298 0 58874960 15.400119
-Trial 299 0 58874960 15.400697
-Trial 300 0 58874960 15.400971
-Trial 301 0 58874960 15.401321
* 302: Cost = 0_58817856, Time = 13.01 sec. 
-Trial 302 0 58817856 15.476279
-Trial 303 0 58817856 15.486125
-Trial 304 0 58817856 15.486489
-Trial 305 0 58817856 15.486767
-Trial 306 0 58817856 15.488404
-Trial 307 0 58817856 15.489344
* 308: Cost = 0_58806692, Time = 13.08 sec. 
-Trial 308 0 58806692 15.541425
-Trial 309 0 58806692 15.547809
* 310: Cost = 0_58785443, Time = 13.11 sec. 
-Trial 310 0 58785443 15.573678
-Trial 311 0 58785443 15.575030
-Trial 312 0 58785443 15.589913
-Trial 313 0 58785443 15.729047
-Trial 314 0 58785443 15.730208
-Trial 315 0 58785443 15.731281
* 316: Cost = 0_58784617, Time = 13.27 sec. 
-Trial 316 0 58784617 15.735138
-Trial 317 0 58784617 15.737099
-Trial 318 0 58784617 15.764587
* 319: Cost = 0_58689824, Time = 13.40 sec. 
-Trial 319 0 58689824 15.860754
* 320: Cost = 0_58512593, Time = 13.46 sec. 
-Trial 320 0 58512593 15.927500
* 321: Cost = 0_58439206, Time = 13.52 sec. 
-Trial 321 0 58439206 15.985780
* 322: Cost = 0_58436294, Time = 13.63 sec. 
-Trial 322 0 58436294 16.096310
-Trial 323 0 58436294 16.114763
-Trial 324 0 58436294 16.209744
-Trial 325 0 58436294 16.210096
-Trial 326 0 58436294 16.221523
-Trial 327 0 58436294 16.234032
* 328: Cost = 0_58278651, Time = 13.82 sec. 
-Trial 328 0 58278651 16.285386
* 329: Cost = 0_58276851, Time = 13.83 sec. 
-Trial 329 0 58276851 16.295102
-Trial 330 0 58276851 16.296341
-Trial 331 0 58276851 16.296774
-Trial 332 0 58276851 16.304126
-Trial 333 0 58276851 16.305313
-Trial 334 0 58276851 16.311511
-Trial 335 0 58276851 16.328735
* 336: Cost = 0_58242190, Time = 14.03 sec. 
-Trial 336 0 58242190 16.494278
* 337: Cost = 0_58101984, Time = 14.12 sec. 
-Trial 337 0 58101984 16.580216
-Trial 338 0 58101984 16.580659
-Trial 339 0 58101984 16.581314
-Trial 340 0 58101984 16.582144
-Trial 341 0 58101984 16.586473
* 342: Cost = 0_58101586, Time = 14.16 sec. 
-Trial 342 0 58101586 16.623484
* 343: Cost = 0_57984980, Time = 14.29 sec. 
-Trial 343 0 57984980 16.749886
-Trial 344 0 57984980 16.764696
-Trial 345 0 57984980 16.767411
-Trial 346 0 57984980 16.769188
-Trial 347 0 57984980 16.842007
-Trial 348 0 57984980 17.163136
-Trial 349 0 57984980 17.188681
-Trial 350 0 57984980 17.636034
-Trial 351 0 57984980 17.636930
* 352: Cost = 0_57976487, Time = 15.19 sec. 
-Trial 352 0 57976487 17.651784
* 353: Cost = 0_57898347, Time = 15.49 sec. 
-Trial 353 0 57898347 17.957990
* 354: Cost = 0_57896282, Time = 15.66 sec. 
-Trial 354 0 57896282 18.125976
-Trial 355 0 57896282 18.133301
-Trial 356 0 57896282 18.152909
-Trial 357 0 57896282 18.159097
-Trial 358 0 57896282 18.159723
-Trial 359 0 57896282 18.164740
-Trial 360 0 57896282 18.183659
-Trial 361 0 57896282 18.196089
-Trial 362 0 57896282 18.196621
* 363: Cost = 0_57894610, Time = 15.78 sec. 
-Trial 363 0 57894610 18.248448
* 364: Cost = 0_57889434, Time = 15.88 sec. 
-Trial 364 0 57889434 18.343689
* 365: Cost = 0_57857410, Time = 15.95 sec. 
-Trial 365 0 57857410 18.417134
* 366: Cost = 0_57811282, Time = 15.97 sec. 
-Trial 366 0 57811282 18.437693
-Trial 367 0 57811282 18.450396
-Trial 368 0 57811282 18.450740
-Trial 369 0 57811282 18.451419
-Trial 370 0 57811282 18.453297
-Trial 371 0 57811282 18.454698
-Trial 372 0 57811282 18.458627
-Trial 373 0 57811282 18.459586
-Trial 374 0 57811282 18.546047
-Trial 375 0 57811282 18.593707
* 376: Cost = 0_57804152, Time = 16.20 sec. 
-Trial 376 0 57804152 18.661221
-Trial 377 0 57804152 18.665077
-Trial 378 0 57804152 18.772834
-Trial 379 0 57804152 18.773223
-Trial 380 0 57804152 18.775819
-Trial 381 0 57804152 18.777472
-Trial 382 0 57804152 18.790569
-Trial 383 0 57804152 18.790979
-Trial 384 0 57804152 18.802341
-Trial 385 0 57804152 18.803314
-Trial 386 0 57804152 18.919011
-Trial 387 0 57804152 18.922214
-Trial 388 0 57804152 19.011233
-Trial 389 0 57804152 19.016765
* 390: Cost = 0_57780417, Time = 16.56 sec. 
-Trial 390 0 57780417 19.028731
* 391: Cost = 0_57754705, Time = 16.60 sec. 
-Trial 391 0 57754705 19.059313
* 392: Cost = 0_57746207, Time = 16.62 sec. 
-Trial 392 0 57746207 19.088236
-Trial 393 0 57746207 19.093202
* 394: Cost = 0_57728586, Time = 16.70 sec. 
-Trial 394 0 57728586 19.160310
* 395: Cost = 0_57687567, Time = 16.77 sec. 
-Trial 395 0 57687567 19.231658
-Trial 396 0 57687567 19.243965
-Trial 397 0 57687567 19.252093
-Trial 398 0 57687567 19.252613
* 399: Cost = 0_57680185, Time = 16.80 sec. 
-Trial 399 0 57680185 19.267212
-Trial 400 0 57680185 19.268203
-Trial 401 0 57680185 19.269471
-Trial 402 0 57680185 19.271774
-Trial 403 0 57680185 19.401745
-Trial 404 0 57680185 19.402218
-Trial 405 0 57680185 19.494028
-Trial 406 0 57680185 19.502766
-Trial 407 0 57680185 19.508393
* 408: Cost = 0_57600165, Time = 17.17 sec. 
-Trial 408 0 57600165 19.634347
-Trial 409 0 57600165 19.638361
-Trial 410 0 57600165 19.639080
-Trial 411 0 57600165 19.794210
-Trial 412 0 57600165 19.813318
* 413: Cost = 0_57572648, Time = 17.39 sec. 
-Trial 413 0 57572648 19.855939
-Trial 414 0 57572648 19.866741
-Trial 415 0 57572648 19.869116
-Trial 416 0 57572648 20.024032
-Trial 417 0 57572648 20.024483
-Trial 418 0 57572648 20.025599
-Trial 419 0 57572648 20.052082
-Trial 420 0 57572648 20.076259
-Trial 421 0 57572648 20.077194
-Trial 422 0 57572648 20.099323
-Trial 423 0 57572648 20.102397
-Trial 424 0 57572648 20.103202
-Trial 425 0 57572648 20.197423
-Trial 426 0 57572648 20.200978
-Trial 427 0 57572648 20.245751
-Trial 428 0 57572648 20.252170
-Trial 429 0 57572648 20.263228
-Trial 430 0 57572648 20.263905
-Trial 431 0 57572648 20.268095
-Trial 432 0 57572648 20.528864
-Trial 433 0 57572648 20.666866
-Trial 434 0 57572648 20.668904
* 435: Cost = 0_57540154, Time = 18.22 sec. 
-Trial 435 0 57540154 20.680152
-Trial 436 0 57540154 20.683518
-Trial 437 0 57540154 20.776143
-Trial 438 0 57540154 20.906573
* 439: Cost = 0_57505290, Time = 18.49 sec. 
-Trial 439 0 57505290 20.958179
-Trial 440 0 57505290 20.969807
-Trial 441 0 57505290 20.975165
-Trial 442 0 57505290 21.352644
-Trial 443 0 57505290 21.736518
* 444: Cost = 0_57495636, Time = 19.37 sec. 
-Trial 444 0 57495636 21.837431
-Trial 445 0 57495636 21.840833
-Trial 446 0 57495636 21.844103
-Trial 447 0 57495636 22.645321
-Trial 448 0 57495636 22.646650
-Trial 449 0 57495636 22.647487
-Trial 450 0 57495636 22.895607
-Trial 451 0 57495636 23.139655
-Trial 452 0 57495636 23.141414
-Trial 453 0 57495636 23.201044
-Trial 454 0 57495636 23.225999
-Trial 455 0 57495636 23.226848
-Trial 456 0 57495636 23.312989
-Trial 457 0 57495636 23.438402
* 458: Cost = 0_57485888, Time = 21.00 sec. 
-Trial 458 0 57485888 23.462824
-Trial 459 0 57485888 23.471973
-Trial 460 0 57485888 23.509175
-Trial 461 0 57485888 23.820447
-Trial 462 0 57485888 23.821468
* 463: Cost = 0_57478667, Time = 21.37 sec. 
-Trial 463 0 57478667 23.831507
-Trial 464 0 57478667 23.936028
-Trial 465 0 57478667 23.942012
-Trial 466 0 57478667 23.942547
-Trial 467 0 57478667 23.972666
-Trial 468 0 57478667 23.972948
-Trial 469 0 57478667 23.976304
-Trial 470 0 57478667 24.044314
-Trial 471 0 57478667 24.044946
-Trial 472 0 57478667 24.047679
* 473: Cost = 0_57462187, Time = 21.64 sec. 
-Trial 473 0 57462187 24.108524
-Trial 474 0 57462187 24.131646
-Trial 475 0 57462187 24.186752
-Trial 476 0 57462187 24.202019
-Trial 477 0 57462187 24.394887
-Trial 478 0 57462187 24.549365
-Trial 479 0 57462187 24.572545
-Trial 480 0 57462187 24.591303
-Trial 481 0 57462187 24.597239
-Trial 482 0 57462187 24.600314
* 483: Cost = 0_57452712, Time = 22.17 sec. 
-Trial 483 0 57452712 24.630382
-Trial 484 0 57452712 24.639146
-Trial 485 0 57452712 24.639585
-Trial 486 0 57452712 25.049268
-Trial 487 0 57452712 25.049561
-Trial 488 0 57452712 25.199036
-Trial 489 0 57452712 25.439153
-Trial 490 0 57452712 25.572201
-Trial 491 0 57452712 25.580798
-Trial 492 0 57452712 25.582437
-Trial 493 0 57452712 25.587393
-Trial 494 0 57452712 25.588493
-Trial 495 0 57452712 25.632921
-Trial 496 0 57452712 25.640050
-Trial 497 0 57452712 25.643148
-Trial 498 0 57452712 25.652125
-Trial 499 0 57452712 25.718672
-Trial 500 0 57452712 25.722571
-Trial 501 0 57452712 25.723543
-Trial 502 0 57452712 25.826230
-Trial 503 0 57452712 25.826496
-Trial 504 0 57452712 25.827513
-Trial 505 0 57452712 25.827775
* 506: Cost = 0_57443669, Time = 23.40 sec. 
-Trial 506 0 57443669 25.864567
-Trial 507 0 57443669 25.866960
-Trial 508 0 57443669 26.065398
-Trial 509 0 57443669 26.065691
-Trial 510 0 57443669 26.073455
-Trial 511 0 57443669 26.151590
-Trial 512 0 57443669 26.152324
-Trial 513 0 57443669 26.153488
-Trial 514 0 57443669 26.367295
-Trial 515 0 57443669 26.369638
-Trial 516 0 57443669 26.400884
-Trial 517 0 57443669 26.410266
-Trial 518 0 57443669 26.411421
-Trial 519 0 57443669 26.418814
-Trial 520 0 57443669 26.712138
* 521: Cost = 0_57438991, Time = 24.27 sec. 
-Trial 521 0 57438991 26.732341
-Trial 522 0 57438991 26.775403
-Trial 523 0 57438991 26.910062
-Trial 524 0 57438991 26.910367
-Trial 525 0 57438991 26.911324
* 526: Cost = 0_57431473, Time = 24.45 sec. 
-Trial 526 0 57431473 26.917315
-Trial 527 0 57431473 26.917609
-Trial 528 0 57431473 27.051805
-Trial 529 0 57431473 27.059622
-Trial 530 0 57431473 27.060515
-Trial 531 0 57431473 27.060866
-Trial 532 0 57431473 27.081932
-Trial 533 0 57431473 27.082726
* 534: Cost = 0_57431467, Time = 24.65 sec. 
-Trial 534 0 57431467 27.113798
-Trial 535 0 57431467 27.158709
-Trial 536 0 57431467 27.159034
-Trial 537 0 57431467 27.160231
-Trial 538 0 57431467 27.164092
-Trial 539 0 57431467 27.165290
-Trial 540 0 57431467 27.169120
-Trial 541 0 57431467 27.203776
-Trial 542 0 57431467 27.204110
-Trial 543 0 57431467 27.204414
-Trial 544 0 57431467 27.209136
-Trial 545 0 57431467 27.217480
-Trial 546 0 57431467 27.259443
-Trial 547 0 57431467 27.435649
-Trial 548 0 57431467 27.436969
-Trial 549 0 57431467 27.437418
-Trial 550 0 57431467 27.450535
-Trial 551 0 57431467 27.458972
-Trial 552 0 57431467 27.459544
* 553: Cost = 0_57431190, Time = 25.00 sec. 
-Trial 553 0 57431190 27.466662
-Trial 554 0 57431190 27.474638
-Trial 555 0 57431190 27.491997
-Trial 556 0 57431190 27.492292
-Trial 557 0 57431190 27.492934
-Trial 558 0 57431190 27.673318
-Trial 559 0 57431190 27.673632
-Trial 560 0 57431190 27.677488
-Trial 561 0 57431190 27.681190
* 562: Cost = 0_57393722, Time = 25.29 sec. 
-Trial 562 0 57393722 27.752695
-Trial 563 0 57393722 27.771763
-Trial 564 0 57393722 27.779305
* 565: Cost = 0_57389823, Time = 25.35 sec. 
-Trial 565 0 57389823 27.810877
-Trial 566 0 57389823 27.811425
-Trial 567 0 57389823 27.816107
-Trial 568 0 57389823 27.870228
-Trial 569 0 57389823 27.870826
* 570: Cost = 0_57354810, Time = 25.44 sec. 
-Trial 570 0 57354810 27.904016
-Trial 571 0 57354810 27.944547
-Trial 572 0 57354810 27.945739
-Trial 573 0 57354810 27.948154
* 574: Cost = 0_57354679, Time = 25.49 sec. 
-Trial 574 0 57354679 27.956610
-Trial 575 0 57354679 28.067047
-Trial 576 0 57354679 28.068097
-Trial 577 0 57354679 28.070529
-Trial 578 0 57354679 28.071409
-Trial 579 0 57354679 28.132573
-Trial 580 0 57354679 28.135175
* 581: Cost = 0_57344477, Time = 25.68 sec. 
-Trial 581 0 57344477 28.142097
-Trial 582 0 57344477 28.146929
-Trial 583 0 57344477 28.147441
-Trial 584 0 57344477 28.148720
-Trial 585 0 57344477 28.173541
-Trial 586 0 57344477 28.183654
-Trial 587 0 57344477 28.184842
-Trial 588 0 57344477 28.192914
-Trial 589 0 57344477 28.194453
-Trial 590 0 57344477 28.196845
-Trial 591 0 57344477 28.198312
-Trial 592 0 57344477 28.377570
-Trial 593 0 57344477 28.401341
-Trial 594 0 57344477 28.409066
* 595: Cost = 0_57333309, Time = 26.00 sec. 
-Trial 595 0 57333309 28.467169
-Trial 596 0 57333309 28.470971
-Trial 597 0 57333309 28.482496
-Trial 598 0 57333309 28.483309
-Trial 599 0 57333309 28.496328
* 600: Cost = 0_57273541, Time = 26.11 sec. 
-Trial 600 0 57273541 28.578563
-Trial 601 0 57273541 28.920169
-Trial 602 0 57273541 28.990571
-Trial 603 0 57273541 28.991961
* 604: Cost = 0_57174490, Time = 26.60 sec. 
-Trial 604 0 57174490 29.063197
-Trial 605 0 57174490 29.076291
* 606: Cost = 0_57130126, Time = 26.70 sec. 
-Trial 606 0 57130126 29.164551
-Trial 607 0 57130126 29.205723
-Trial 608 0 57130126 29.234779
-Trial 609 0 57130126 29.336677
-Trial 610 0 57130126 29.337078
-Trial 611 0 57130126 29.338122
* 612: Cost = 0_57094363, Time = 26.89 sec. 
-Trial 612 0 57094363 29.354718
-Trial 613 0 57094363 29.357131
-Trial 614 0 57094363 29.358891
-Trial 615 0 57094363 29.359173
-Trial 616 0 57094363 29.367083
-Trial 617 0 57094363 29.368172
-Trial 618 0 57094363 29.508861
-Trial 619 0 57094363 29.510780
-Trial 620 0 57094363 29.524743
-Trial 621 0 57094363 29.586971
* 622: Cost = 0_57091782, Time = 27.15 sec. 
-Trial 622 0 57091782 29.611458
* 623: Cost = 0_57017752, Time = 27.21 sec. 
-Trial 623 0 57017752 29.669299
-Trial 624 0 57017752 29.670982
-Trial 625 0 57017752 29.732278
-Trial 626 0 57017752 29.765151
-Trial 627 0 57017752 29.765678
-Trial 628 0 57017752 29.769055
-Trial 629 0 57017752 29.769399
-Trial 630 0 57017752 29.833019
-Trial 631 0 57017752 29.834181
-Trial 632 0 57017752 29.894773
-Trial 633 0 57017752 29.906137
-Trial 634 0 57017752 29.937953
-Trial 635 0 57017752 29.942930
-Trial 636 0 57017752 30.143079
-Trial 637 0 57017752 30.145559
-Trial 638 0 57017752 30.187132
-Trial 639 0 57017752 30.329210
-Trial 640 0 57017752 30.362809
-Trial 641 0 57017752 30.448329
-Trial 642 0 57017752 30.494924
-Trial 643 0 57017752 30.495242
-Trial 644 0 57017752 30.529632
-Trial 645 0 57017752 30.532694
-Trial 646 0 57017752 30.547992
-Trial 647 0 57017752 30.565065
-Trial 648 0 57017752 30.569665
-Trial 649 0 57017752 30.629715
* 650: Cost = 0_56956786, Time = 28.21 sec. 
-Trial 650 0 56956786 30.674433
-Trial 651 0 56956786 30.840468
-Trial 652 0 56956786 30.960561
-Trial 653 0 56956786 31.118815
-Trial 654 0 56956786 31.120326
-Trial 655 0 56956786 31.314149
-Trial 656 0 56956786 31.451411
-Trial 657 0 56956786 31.571163
-Trial 658 0 56956786 31.637919
-Trial 659 0 56956786 31.639716
-Trial 660 0 56956786 31.641897
-Trial 661 0 56956786 31.642373
-Trial 662 0 56956786 31.643148
-Trial 663 0 56956786 31.652598
-Trial 664 0 56956786 31.682597
-Trial 665 0 56956786 31.683992
-Trial 666 0 56956786 31.715747
* 667: Cost = 0_56907738, Time = 29.27 sec. 
-Trial 667 0 56907738 31.737625
-Trial 668 0 56907738 32.035069
-Trial 669 0 56907738 32.044606
-Trial 670 0 56907738 32.123530
-Trial 671 0 56907738 32.162229
-Trial 672 0 56907738 32.162856
-Trial 673 0 56907738 32.215041
-Trial 674 0 56907738 32.222793
-Trial 675 0 56907738 32.223526
* 676: Cost = 0_56902430, Time = 29.83 sec. 
-Trial 676 0 56902430 32.294391
-Trial 677 0 56902430 32.396761
-Trial 678 0 56902430 32.399850
* 679: Cost = 0_56893392, Time = 29.96 sec. 
-Trial 679 0 56893392 32.425560
-Trial 680 0 56893392 32.466008
* 681: Cost = 0_56891370, Time = 30.06 sec. 
-Trial 681 0 56891370 32.522374
-Trial 682 0 56891370 32.524931
-Trial 683 0 56891370 32.566709
-Trial 684 0 56891370 32.568284
-Trial 685 0 56891370 32.802825
-Trial 686 0 56891370 32.823851
-Trial 687 0 56891370 32.825242
-Trial 688 0 56891370 32.825852
-Trial 689 0 56891370 33.041486
-Trial 690 0 56891370 33.096863
-Trial 691 0 56891370 33.098660
-Trial 692 0 56891370 33.139046
-Trial 693 0 56891370 33.315616
-Trial 694 0 56891370 33.318098
-Trial 695 0 56891370 33.322487
-Trial 696 0 56891370 33.399734
-Trial 697 0 56891370 33.399734
-Trial 698 0 56891370 33.399848
* 699: Cost = 0_56885632, Time = 30.94 sec. 
-Trial 699 0 56885632 33.408613
-Trial 700 0 56885632 33.409175
* 701: Cost = 0_56884452, Time = 30.97 sec. 
-Trial 701 0 56884452 33.430047
-Trial 702 0 56884452 33.463388
-Trial 703 0 56884452 33.472269
-Trial 704 0 56884452 33.638827
-Trial 705 0 56884452 33.666597
-Trial 706 0 56884452 33.667208
* 707: Cost = 0_56883480, Time = 31.29 sec. 
-Trial 707 0 56883480 33.756719
-Trial 708 0 56883480 33.788146
-Trial 709 0 56883480 33.816242
-Trial 710 0 56883480 33.831090
-Trial 711 0 56883480 33.831711
* 712: Cost = 0_56847710, Time = 31.47 sec. 
-Trial 712 0 56847710 33.930402
-Trial 713 0 56847710 33.943958
* 714: Cost = 0_56833596, Time = 31.54 sec. 
-Trial 714 0 56833596 34.006396
-Trial 715 0 56833596 34.013788
-Trial 716 0 56833596 34.036395
-Trial 717 0 56833596 34.279347
-Trial 718 0 56833596 34.307858
-Trial 719 0 56833596 34.309683
-Trial 720 0 56833596 34.347647
-Trial 721 0 56833596 34.355168
-Trial 722 0 56833596 34.684206
-Trial 723 0 56833596 34.685578
* 724: Cost = 0_56817292, Time = 32.27 sec. 
-Trial 724 0 56817292 34.736375
* 725: Cost = 0_56816101, Time = 32.30 sec. 
-Trial 725 0 56816101 34.766397
-Trial 726 0 56816101 34.766851
-Trial 727 0 56816101 34.827356
-Trial 728 0 56816101 34.827856
* 729: Cost = 0_56810513, Time = 32.38 sec. 
-Trial 729 0 56810513 34.842633
-Trial 730 0 56810513 34.843727
-Trial 731 0 56810513 34.845529
-Trial 732 0 56810513 34.847031
-Trial 733 0 56810513 34.896283
-Trial 734 0 56810513 35.264098
-Trial 735 0 56810513 35.270144
-Trial 736 0 56810513 35.358225
-Trial 737 0 56810513 35.358513
-Trial 738 0 56810513 35.382905
-Trial 739 0 56810513 35.422421
-Trial 740 0 56810513 35.427121
-Trial 741 0 56810513 35.428356
-Trial 742 0 56810513 35.429288
-Trial 743 0 56810513 35.429585
-Trial 744 0 56810513 35.432017
-Trial 745 0 56810513 35.443668
-Trial 746 0 56810513 35.449754
* 747: Cost = 0_56801135, Time = 33.02 sec. 
-Trial 747 0 56801135 35.479676
-Trial 748 0 56801135 35.482129
-Trial 749 0 56801135 35.590885
-Trial 750 0 56801135 35.786454
-Trial 751 0 56801135 35.822865
-Trial 752 0 56801135 35.823136
-Trial 753 0 56801135 35.873930
-Trial 754 0 56801135 35.953234
-Trial 755 0 56801135 36.172782
-Trial 756 0 56801135 36.173597
-Trial 757 0 56801135 36.181622
-Trial 758 0 56801135 36.199052
* 759: Cost = 0_56790793, Time = 33.74 sec. 
-Trial 759 0 56790793 36.203588
-Trial 760 0 56790793 36.204907
-Trial 761 0 56790793 36.216351
-Trial 762 0 56790793 36.294387
-Trial 763 0 56790793 36.324497
-Trial 764 0 56790793 36.324885
-Trial 765 0 56790793 36.336987
-Trial 766 0 56790793 36.339436
-Trial 767 0 56790793 36.391671
-Trial 768 0 56790793 36.391959
* 769: Cost = 0_56790556, Time = 33.97 sec. 
-Trial 769 0 56790556 36.432971
-Trial 770 0 56790556 36.455945
-Trial 771 0 56790556 36.461283
* 772: Cost = 0_56786136, Time = 34.03 sec. 
-Trial 772 0 56786136 36.494664
-Trial 773 0 56786136 36.533342
-Trial 774 0 56786136 36.543734
-Trial 775 0 56786136 36.591622
-Trial 776 0 56786136 36.599832
-Trial 777 0 56786136 36.604339
-Trial 778 0 56786136 36.629165
-Trial 779 0 56786136 36.630117
-Trial 780 0 56786136 36.634494
-Trial 781 0 56786136 36.669287
-Trial 782 0 56786136 37.289895
-Trial 783 0 56786136 37.377086
-Trial 784 0 56786136 37.398977
-Trial 785 0 56786136 37.399349
-Trial 786 0 56786136 37.403449
-Trial 787 0 56786136 37.495621
-Trial 788 0 56786136 37.500821
-Trial 789 0 56786136 37.504039
-Trial 790 0 56786136 37.506122
-Trial 791 0 56786136 37.533327
-Trial 792 0 56786136 37.534116
-Trial 793 0 56786136 37.593010
* 794: Cost = 0_56775296, Time = 35.18 sec. 
-Trial 794 0 56775296 37.644736
-Trial 795 0 56775296 37.649300
-Trial 796 0 56775296 37.653559
-Trial 797 0 56775296 37.655208
* 798: Cost = 0_56771775, Time = 35.21 sec. 
-Trial 798 0 56771775 37.672320
-Trial 799 0 56771775 37.675392
-Trial 800 0 56771775 37.676706
-Trial 801 0 56771775 37.677718
-Trial 802 0 56771775 37.978904
-Trial 803 0 56771775 37.983470
-Trial 804 0 56771775 37.985186
-Trial 805 0 56771775 38.009710
-Trial 806 0 56771775 38.010445
-Trial 807 0 56771775 38.052061
-Trial 808 0 56771775 38.155364
-Trial 809 0 56771775 38.570452
-Trial 810 0 56771775 38.595655
-Trial 811 0 56771775 38.603650
-Trial 812 0 56771775 38.704537
-Trial 813 0 56771775 38.704928
-Trial 814 0 56771775 38.716970
-Trial 815 0 56771775 38.718804
-Trial 816 0 56771775 38.721243
-Trial 817 0 56771775 38.870343
-Trial 818 0 56771775 38.870793
-Trial 819 0 56771775 38.871535
-Trial 820 0 56771775 38.890554
-Trial 821 0 56771775 39.025735
-Trial 822 0 56771775 39.042917
-Trial 823 0 56771775 39.044238
-Trial 824 0 56771775 39.062955
-Trial 825 0 56771775 39.064772
-Trial 826 0 56771775 39.066450
-Trial 827 0 56771775 39.067608
-Trial 828 0 56771775 39.069137
-Trial 829 0 56771775 39.069537
-Trial 830 0 56771775 39.070201
-Trial 831 0 56771775 39.071991
-Trial 832 0 56771775 39.072827
-Trial 833 0 56771775 39.073124
-Trial 834 0 56771775 39.145432
-Trial 835 0 56771775 39.147317
-Trial 836 0 56771775 39.263099
-Trial 837 0 56771775 39.268507
-Trial 838 0 56771775 39.452271
-Trial 839 0 56771775 39.453893
-Trial 840 0 56771775 39.476703
-Trial 841 0 56771775 39.512391
-Trial 842 0 56771775 39.641870
-Trial 843 0 56771775 39.679746
-Trial 844 0 56771775 39.941990
-Trial 845 0 56771775 39.957792
-Trial 846 0 56771775 40.032479
-Trial 847 0 56771775 40.080330
-Trial 848 0 56771775 40.125412
-Trial 849 0 56771775 40.197371
-Trial 850 0 56771775 40.199002
-Trial 851 0 56771775 40.201768
-Trial 852 0 56771775 40.295937
-Trial 853 0 56771775 40.308715
-Trial 854 0 56771775 40.337598
-Trial 855 0 56771775 40.360654
-Trial 856 0 56771775 40.360916
-Trial 857 0 56771775 40.361277
-Trial 858 0 56771775 40.364494
-Trial 859 0 56771775 40.380591
-Trial 860 0 56771775 40.382646
-Trial 861 0 56771775 40.383996
-Trial 862 0 56771775 40.529068
-Trial 863 0 56771775 40.576005
-Trial 864 0 56771775 40.582500
-Trial 865 0 56771775 40.624269
-Trial 866 0 56771775 40.625380
-Trial 867 0 56771775 40.805380
-Trial 868 0 56771775 40.981065
-Trial 869 0 56771775 40.981820
-Trial 870 0 56771775 40.985075
-Trial 871 0 56771775 40.985679
* 872: Cost = 0_56765180, Time = 38.65 sec. 
-Trial 872 0 56765180 41.117397
-Trial 873 0 56765180 41.120389
-Trial 874 0 56765180 41.121631
-Trial 875 0 56765180 41.122252
-Trial 876 0 56765180 41.131504
-Trial 877 0 56765180 41.135556
-Trial 878 0 56765180 41.301476
-Trial 879 0 56765180 41.302063
-Trial 880 0 56765180 41.502167
* 881: Cost = 0_56764469, Time = 39.06 sec. 
-Trial 881 0 56764469 41.520171
-Trial 882 0 56764469 41.529791
-Trial 883 0 56764469 41.603460
* 884: Cost = 0_56735371, Time = 39.20 sec. 
-Trial 884 0 56735371 41.662165
-Trial 885 0 56735371 41.667343
* 886: Cost = 0_56735039, Time = 39.21 sec. 
-Trial 886 0 56735039 41.673426
-Trial 887 0 56735039 41.674153
-Trial 888 0 56735039 41.680428
-Trial 889 0 56735039 41.704743
-Trial 890 0 56735039 41.706756
* 891: Cost = 0_56731610, Time = 39.29 sec. 
-Trial 891 0 56731610 41.751068
-Trial 892 0 56731610 41.752935
-Trial 893 0 56731610 41.754078
-Trial 894 0 56731610 41.852409
-Trial 895 0 56731610 41.856558
-Trial 896 0 56731610 41.859649
-Trial 897 0 56731610 41.872203
-Trial 898 0 56731610 41.887837
-Trial 899 0 56731610 41.888308
-Trial 900 0 56731610 41.934009
-Trial 901 0 56731610 41.941230
-Trial 902 0 56731610 42.211336
-Trial 903 0 56731610 42.214176
-Trial 904 0 56731610 42.226917
-Trial 905 0 56731610 42.250914
-Trial 906 0 56731610 42.269230
-Trial 907 0 56731610 42.273309
-Trial 908 0 56731610 42.280350
-Trial 909 0 56731610 42.280612
-Trial 910 0 56731610 42.413201
-Trial 911 0 56731610 42.499730
-Trial 912 0 56731610 42.502233
-Trial 913 0 56731610 42.538447
-Trial 914 0 56731610 42.540315
* 915: Cost = 0_56728821, Time = 40.10 sec. 
-Trial 915 0 56728821 42.566645
-Trial 916 0 56728821 42.685299
-Trial 917 0 56728821 42.733545
* 918: Cost = 0_56728259, Time = 40.27 sec. 
-Trial 918 0 56728259 42.738131
-Trial 919 0 56728259 42.896413
-Trial 920 0 56728259 43.058571
-Trial 921 0 56728259 43.059914
-Trial 922 0 56728259 43.060524
-Trial 923 0 56728259 43.081021
-Trial 924 0 56728259 43.088088
-Trial 925 0 56728259 43.099948
-Trial 926 0 56728259 43.103462
-Trial 927 0 56728259 43.104972
* 928: Cost = 0_56725802, Time = 40.65 sec. 
-Trial 928 0 56725802 43.118183
-Trial 929 0 56725802 43.219252
-Trial 930 0 56725802 43.225957
-Trial 931 0 56725802 43.227552
-Trial 932 0 56725802 43.232739
-Trial 933 0 56725802 43.323517
-Trial 934 0 56725802 43.328976
-Trial 935 0 56725802 43.367735
-Trial 936 0 56725802 43.370471
-Trial 937 0 56725802 43.424254
-Trial 938 0 56725802 43.438429
-Trial 939 0 56725802 43.442256
-Trial 940 0 56725802 43.442919
* 941: Cost = 0_56706373, Time = 41.06 sec. 
-Trial 941 0 56706373 43.526767
-Trial 942 0 56706373 43.529742
-Trial 943 0 56706373 43.530350
-Trial 944 0 56706373 43.548291
-Trial 945 0 56706373 43.594036
-Trial 946 0 56706373 43.597685
-Trial 947 0 56706373 43.605213
-Trial 948 0 56706373 43.611467
-Trial 949 0 56706373 43.620718
-Trial 950 0 56706373 43.621004
-Trial 951 0 56706373 43.649189
-Trial 952 0 56706373 43.757395
-Trial 953 0 56706373 43.765613
-Trial 954 0 56706373 43.766010
-Trial 955 0 56706373 43.838612
-Trial 956 0 56706373 44.071454
-Trial 957 0 56706373 44.120209
-Trial 958 0 56706373 44.129466
-Trial 959 0 56706373 44.612113
* 960: Cost = 0_56700869, Time = 42.41 sec. 
-Trial 960 0 56700869 44.871085
-Trial 961 0 56700869 44.873614
-Trial 962 0 56700869 45.084793
* 963: Cost = 0_56671266, Time = 42.65 sec. 
-Trial 963 0 56671266 45.113160
-Trial 964 0 56671266 45.121849
-Trial 965 0 56671266 45.148057
-Trial 966 0 56671266 45.176021
-Trial 967 0 56671266 45.200162
-Trial 968 0 56671266 45.216691
-Trial 969 0 56671266 45.304498
-Trial 970 0 56671266 45.304768
-Trial 971 0 56671266 45.307278
-Trial 972 0 56671266 45.335355
-Trial 973 0 56671266 45.446752
-Trial 974 0 56671266 45.456581
-Trial 975 0 56671266 45.650742
-Trial 976 0 56671266 45.671883
-Trial 977 0 56671266 45.928016
-Trial 978 0 56671266 45.953676
-Trial 979 0 56671266 45.963177
-Trial 980 0 56671266 45.970240
-Trial 981 0 56671266 45.970499
-Trial 982 0 56671266 45.971376
-Trial 983 0 56671266 46.038242
-Trial 984 0 56671266 46.040664
-Trial 985 0 56671266 46.055541
* 986: Cost = 0_56671205, Time = 43.69 sec. 
-Trial 986 0 56671205 46.149297
-Trial 987 0 56671205 46.151078
-Trial 988 0 56671205 46.494260
* 989: Cost = 0_56670326, Time = 44.04 sec. 
-Trial 989 0 56670326 46.502908
-Trial 990 0 56670326 46.513527
-Trial 991 0 56670326 46.515483
-Trial 992 0 56670326 46.528450
-Trial 993 0 56670326 46.539114
-Trial 994 0 56670326 46.559712
-Trial 995 0 56670326 46.565775
-Trial 996 0 56670326 46.585973
-Trial 997 0 56670326 46.629754
-Trial 998 0 56670326 46.632913
-Trial 999 0 56670326 46.634789
-Trial 1000 0 56670326 46.636995
Population:
  1: 0_56670326
Run 1: Cost = 0_56670326, Time = 44.17 sec. 

Successes/Runs = 0/1 
Cost.min = 56670326, Cost.avg = 56670326.00, Cost.max = 56670326
Gap.min = 0.0000%, Gap.avg = 0.0000%, Gap.max = 0.0000%
Penalty.min = 0, Penalty.avg = 0.00, Penalty.max = 0
Trials.min = 1000, Trials.avg = 1000.0, Trials.max = 1000
Time.min = 44.17 sec., Time.avg = 44.17 sec., Time.max = 44.17 sec.
Time.total = 46.64 sec.
  Size.min = 22, Size.max = 50, Penalty = 0
  Cost.min = 587966, Cost.max = 2357497, Cost.sum = 56670326
Best CVRP solution:
  Cost = 0_56670326
854 95 420 557 534 1091 1058 1319 1328 1293 1422 1010 253 1393 959 560 1206 825 671 1027 821 1132 543 1530 688 640 1363 370 753 1120 1362 707 178 210 1113 1414 85 1278 69 1431 1432 1179 352 497 916 166 351 544 1055 852 896 802 204 1144 419 1402 554 1082 214 891 611 1008 1528 974 238 162 116 34 840 121 1404 1015 468 462 480 725 650 1095 1080 1485 549 61 624 46 197 429 1020 1498 1034 925 108 1059 1028 215 319 289 737 88 240 470 18 1324 1322 1506 514 424 496 1256 1459 1329 438 1130 886 1467 1042 1196 344 1048 1208 1092 287 1094 131 1031 637 1276 1316 1488 649 26 1342 1127 587 869 1387 285 1522 794 428 1138 592 495 1111 273 956 124 1151 1378 983 136 482 400 261 1039 613 217 1262 715 1067 795 780 1305 1119 387 1359 1103 1465 359 1468 415 47 992 205 1520 730 1280 982 455 1268 999 1415 212 134 944 23 183 173 769 390 1444 92 910 349 1487 27 39 832 1318 1123 388 446 578 1183 861 406 734 1237 1462 858 97 1236 471 1012 1335 653 94 1395 1035 107 731 1524 1425 980 862 301 346 831 1298 897 648 475 1004 1193 1436 350 931 1269 532 870 1224 1066 53 1061 1046 838 281 228 138 687 723 1221 555 524 504 963 1023 364 89 1156 1232 521 705 908 1351 1503 1136 948 1413 652 191 1162 647 389 909 1388 393 145 1327 937 276 509 29 819 122 1389 1272 581 1147 686 952 268 1122 75 380 336 763 1385 876 159 1496 1537 895 518 711 519 635 484 596 690 888 614 257 830 981 586 752 22 313 630 1227 867 759 761 377 1260 231 745 1423 961 330 36 958 1146 1470 1507 1300 483 993 84 547 1463 493 1253 1416 770 1472 849 556 1087 1344 1282 911 776 1105 754 464 295 713 1240 642 743 1057 977 971 1093 976 391 1222 120 900 625 1478 552 1400 1187 718 927 48 465 1180 1505 750 1084 791 1153 1047 16 1341 720 1334 54 198 248 507 1171 962 1273 1446 619 1112 591 1337 201 160 1195 329 118 1383 988 984 1493 125 357 842 316 13 76 503 24 816 580 1426 421 1366 115 28 1540 658 262 855 517 1349 774 56 146 485 152 930 300 144 234 1163 1001 45 903 905 839 826 1371 845 223 1181 1100 1304 177 315 674 850 736 722 409 972 374 945 491 1205 612 32 202 1000 768 1233 1174 778 1137 40 304 1535 1433 727 620 716 751 55 907 726 412 1009 1040 1148 1471 603 998 327 540 1194 712 527 1317 721 822 272 1044 762 1251 275 1368 1170 378 172 1064 1029 572 1534 1484 408 740 623 857 1429 174 1482 137 966 1302 130 645 1450 100 395 33 474 282 290 1125 1032 51 787 104 643 1364 489 411 1454 58 1250 165 114 355 1202 733 180 1519 1053 680 702 437 1075 309 985 176 8 676 1345 1191 1419 501 879 459 609 199 1177 562 110 589 599 655 738 1279 264 797 887 343 487 766 608 947 717 1306 322 1126 229 991 510 775 1289 1529 1188 904 123 219 597 1428 1143 1107 1026 965 1167 804 689 856 218 371 881 434 957 91 1466 478 1347 792 1016 785 148 735 449 1074 59 698 1513 469 571 1210 577 382 1159 1360 942 1203 915 506 1441 697 361 467 1296 10 1497 1033 147 373 853 781 1050 1152 170 1285 266 1077 66 211 1521 1379 263 1397 1141 1401 476 631 1338 372 602 639 892 311 102 52 996 561 746 35 1192 407 691 383 1244 513 875 1469 1247 1116 1424 553 1089 646 574 1070 1525 49 60 1451 1287 782 1283 338 724 810 292 169 17 933 515 528 341 65 1312 128 1164 1134 539 305 1234 472 15 714 1392 435 898 1030 1249 1038 1013 1456 558 385 1384 418 1348 567 1021 1051 1536 453 185 748 1314 117 307 883 1331 236 323 500 260 1172 894 379 954 251 669 243 913 1326 1495 871 74 798 1114 154 237 294 175 659 902 1510 636 667 200 354 250 696 1417 310 1330 1405 325 1149 922 807 189 454 700 535 168 878 129 1007 1512 969 1213 1239 529 1243 1373 461 423 681 827 1480 1096 709 616 320 1460 772 11 1448 1097 1481 1270 978 863 673 324 280 938 345 1411 113 112 1343 1036 1182 433 1014 1323 404 1531 1421 1245 1259 1056 859 190 594 651 593 1477 590 1121 1291 601 742 339 550 834 760 1394 868 1037 641 1412 663 1158 227 1295 800 695 67 207 1160 1346 140 860 502 1434 2 1527 222 1381 258 1065 302 1301 548 1398 291 632 1212 1225 101 86 1418 545 806 486 1190 1442 19 757 1321 739 1407 729 1357 440 1166 579 1367 5 575 836 439 157 1204 87 368 813 654 1511 417 220 1246 1252 1430 457 1281 1228 683 1081 767 443 1071 1041 392 193 331 213 505 1443 1369 1358 537 811 155 928 277 814 1274 452 979 1350 987 1168 105 949 156 755 1068 1129 458 570 1515 932 278 662 708 1440 340 427 353 1438 83 367 531 584 70 1288 508 990 479 595 30 167 1410 1458 1439 1479 1178 1079 679 890 569 1217 209 1286 920 233 1523 564 1006 288 221 1309 246 1455 436 1101 342 1313 182 1310 638 677 244 426 473 703 844 142 975 1391 967 1019 934 812 901 678 627 1005 187 666 914 1504 692 68 621 38 719 7 106 271 1215 1292 583 1408 1157 226 929 783 143 1336 1483 41 4 1145 1124 803 293 1320 1242 494 1372 536 921 151 1085 1377 877 986 964 365 1409 1538 1353 1231 396 1386 1069 661 675 1258 923 1255 1299 1175 1374 216 93 809 1271 1376 684 559 1198 1464 912 1161 511 366 1229 786 1207 1106 833 955 820 80 672 1514 103 414 634 1054 1311 230 576 1211 298 568 1219 1380 989 563 441 1226 1150 1494 1011 1115 541 1355 1491 321 284 256 1420 126 490 1509 1199 617 970 425 1169 818 1173 9 232 829 1294 158 1099 1486 73 492 1473 1266 728 133 846 369 546 1396 498 44 1043 699 1492 606 1382 1154 109 1339 98 773 153 628 1078 432 1518 402 749 1257 943 960 384 245 1049 247 512 744 318 1076 141 656 520 42 265 1315 588 312 805 405 573 96 225 598 90 57 756 522 764 1197 132 328 1086 362 1539 99 448 422 582 873 872 1264 62 381 771 889 394 358 1356 303 1445 1109 1062 882 600 208 525 664 644 1140 1474 111 360 375 274 808 835 607 633 973 995 1502 203 1165 1002 824 946 194 1220 456 135 538 1453 828 523 451 626 777 941 306 283 906 179 789 1102 1254 1489 499 682 195 1452 299 43 1185 1352 1 252 149 192 950 779 841 939 72 936 255 335 477 127 1214 1332 1340 864 665 843 1131 706 1128 249 530 460 1230 1267 1365 184 403 308 444 1142 790 880 171 1223 1500 431 1176 1517 21 865 196 1447 139 6 1200 610 297 1325 1490 1501 1427 71 1241 526 1354 20 924 732 1297 605 347 788 1063 1110 847 747 161 668 386 1303 348 1073 629 1155 1024 1516 823 1399 1277 401 1003 566 874 516 317 1090 604 1108 1018 693 337 817 796 78 430 442 1333 994 951 918 445 710 413 1135 1186 1290 1307 186 799 399 1261 940 1216 150 269 1104 1437 741 551 181 1526 279 164 50 997 242 206 1248 239 1435 398 1370 585 3 416 254 1025 356 1184 793 31 466 660 701 241 784 1117 1045 410 1139 397 376 77 363 1218 314 332 1532 533 926 758 82 919 1017 1457 163 1022 1390 565 1461 885 1449 235 1476 79 1088 801 224 866 64 296 1499 1361 1118 1403 188 1265 119 837 333 81 488 1308 542 1060 884 1189 1475 848 1406 765 1284 1209 1375 1533 657 615 899 893 935 622 270 1235 12 450 334 685 1263 968 481 704 63 694 267 851 259 463 1133 917 286 1201 1083 14 618 1275 1508 670 25 1098 1052 953 1072 447 326 1238 815 37 854 
