PARAMETER_FILE = result/cvrp_1500/LKH_para/85.para
Reading PROBLEM_FILE: "result/cvrp_1500/cvrp/85.cvrp" ... done
ASCENT_CANDIDATES = 50
BACKBONE_TRIALS = 0
BACKTRACKING = NO
# BWTSP =
# CANDIDATE_FILE =
CANDIDATE_SET_TYPE = ALPHA
DEPOT = 1
# EDGE_FILE =
EXCESS = 0.000666223
EXTERNAL_SALESMEN = 0
EXTRA_CANDIDATES = 0 
EXTRA_CANDIDATE_SET_TYPE = QUADRANT
GAIN23 = NO
GAIN_CRITERION = YES
INITIAL_PERIOD = 750
INITIAL_STEP_SIZE = 1
INITIAL_TOUR_ALGORITHM = WALK
# INITIAL_TOUR_FILE = 
INITIAL_TOUR_FRACTION = 1.000
# INPUT_TOUR_FILE = 
KICK_TYPE = 4
KICKS = 1
# MAX_BREADTH =
MAKESPAN = NO
MAX_CANDIDATES = 5 
MAX_SWAPS = 0
MAX_TRIALS = 1000
# MERGE_TOUR_FILE =
MOVE_TYPE = 5 SPECIAL
MTSP_MIN_SIZE = 1
MTSP_MAX_SIZE = 1500
# MTSP_SOLUTION_FILE = 
# NONSEQUENTIAL_MOVE_TYPE = 5
# OPTIMUM =
# OUTPUT_TOUR_FILE = 
PATCHING_A = 1 
PATCHING_C = 0 
# PI_FILE = 
POPMUSIC_INITIAL_TOUR = NO
POPMUSIC_MAX_NEIGHBORS = 5
POPMUSIC_SAMPLE_SIZE = 10
POPMUSIC_SOLUTIONS = 50
POPMUSIC_TRIALS = 1
POPULATION_SIZE = 10
PRECISION = 100
PROBLEM_FILE = result/cvrp_1500/cvrp/85.cvrp
RECOMBINATION = IPT
RESTRICTED_SEARCH = YES
RUNS = 1
SALESMEN = 39
SCALE = 1
SEED = 1234
# SINTEF_SOLUTION_FILE = 
STOP_AT_OPTIMUM = YES
SUBGRADIENT = YES
# SUBPROBLEM_SIZE =
# SUBPROBLEM_TOUR_FILE = 
SUBSEQUENT_MOVE_TYPE = 5 SPECIAL
SUBSEQUENT_PATCHING = YES
# TIME_LIMIT =
# TOUR_FILE = 
TRACE_LEVEL = 1
VEHICLES = 39

Lower bound = 32110680.4, Ascent time = 2.42 sec.
Cand.min = 2, Cand.avg = 5.0, Cand.max = 5
Preprocessing time = 2.48 sec.
* 1: Cost = 0_72726261, Time = 2.67 sec. 
-Trial 1 0 72726261 5.145359
* 2: Cost = 0_71432097, Time = 2.90 sec. 
-Trial 2 0 71432097 5.375640
* 3: Cost = 0_70643826, Time = 3.06 sec. 
-Trial 3 0 70643826 5.533382
-Trial 4 0 70643826 5.534455
* 5: Cost = 0_70517156, Time = 3.09 sec. 
-Trial 5 0 70517156 5.563842
-Trial 6 0 70517156 5.578880
-Trial 7 0 70517156 5.580900
* 8: Cost = 0_69230302, Time = 3.18 sec. 
-Trial 8 0 69230302 5.656577
* 9: Cost = 0_69204597, Time = 3.18 sec. 
-Trial 9 0 69204597 5.659047
* 10: Cost = 0_69183873, Time = 3.19 sec. 
-Trial 10 0 69183873 5.670219
-Trial 11 0 69183873 5.670664
-Trial 12 0 69183873 5.670981
-Trial 13 0 69183873 5.672205
* 14: Cost = 0_68970277, Time = 3.20 sec. 
-Trial 14 0 68970277 5.676589
-Trial 15 0 68970277 5.678308
-Trial 16 0 68970277 5.679164
-Trial 17 0 68970277 5.680367
* 18: Cost = 0_68548028, Time = 3.22 sec. 
-Trial 18 0 68548028 5.701656
* 19: Cost = 0_68547960, Time = 3.23 sec. 
-Trial 19 0 68547960 5.710971
-Trial 20 0 68547960 5.711833
* 21: Cost = 0_68493497, Time = 3.25 sec. 
-Trial 21 0 68493497 5.730018
-Trial 22 0 68493497 5.755800
-Trial 23 0 68493497 5.756313
-Trial 24 0 68493497 5.757035
-Trial 25 0 68493497 5.757649
-Trial 26 0 68493497 5.758258
* 27: Cost = 0_68440809, Time = 3.42 sec. 
-Trial 27 0 68440809 5.893250
-Trial 28 0 68440809 5.893829
-Trial 29 0 68440809 5.909920
-Trial 30 0 68440809 5.910576
-Trial 31 0 68440809 5.920128
-Trial 32 0 68440809 5.921872
-Trial 33 0 68440809 5.930076
* 34: Cost = 0_68062016, Time = 3.51 sec. 
-Trial 34 0 68062016 5.993165
-Trial 35 0 68062016 5.996400
-Trial 36 0 68062016 6.004916
-Trial 37 0 68062016 6.006649
* 38: Cost = 0_68042711, Time = 3.54 sec. 
-Trial 38 0 68042711 6.017353
-Trial 39 0 68042711 6.148122
-Trial 40 0 68042711 6.148614
-Trial 41 0 68042711 6.153223
* 42: Cost = 0_67825779, Time = 3.71 sec. 
-Trial 42 0 67825779 6.191678
* 43: Cost = 0_67754910, Time = 3.80 sec. 
-Trial 43 0 67754910 6.274856
* 44: Cost = 0_67576066, Time = 3.81 sec. 
-Trial 44 0 67576066 6.285758
* 45: Cost = 0_66224141, Time = 4.19 sec. 
-Trial 45 0 66224141 6.664136
* 46: Cost = 0_65976870, Time = 4.21 sec. 
-Trial 46 0 65976870 6.685469
-Trial 47 0 65976870 6.703757
-Trial 48 0 65976870 6.826847
-Trial 49 0 65976870 6.828852
* 50: Cost = 0_65833889, Time = 4.38 sec. 
-Trial 50 0 65833889 6.857286
* 51: Cost = 0_65809029, Time = 4.41 sec. 
-Trial 51 0 65809029 6.886664
-Trial 52 0 65809029 6.887708
* 53: Cost = 0_65590537, Time = 4.48 sec. 
-Trial 53 0 65590537 6.960750
* 54: Cost = 0_65527679, Time = 4.48 sec. 
-Trial 54 0 65527679 6.962212
* 55: Cost = 0_65316344, Time = 4.51 sec. 
-Trial 55 0 65316344 6.987645
-Trial 56 0 65316344 7.013696
-Trial 57 0 65316344 7.014817
-Trial 58 0 65316344 7.015259
-Trial 59 0 65316344 7.015712
* 60: Cost = 0_64723196, Time = 4.61 sec. 
-Trial 60 0 64723196 7.089624
-Trial 61 0 64723196 7.177622
* 62: Cost = 0_64301980, Time = 4.82 sec. 
-Trial 62 0 64301980 7.296984
* 63: Cost = 0_64285566, Time = 4.87 sec. 
-Trial 63 0 64285566 7.351472
-Trial 64 0 64285566 7.351796
* 65: Cost = 0_64103403, Time = 5.13 sec. 
-Trial 65 0 64103403 7.611364
-Trial 66 0 64103403 7.673014
-Trial 67 0 64103403 7.910190
* 68: Cost = 0_63969431, Time = 5.51 sec. 
-Trial 68 0 63969431 7.992201
-Trial 69 0 63969431 7.996139
-Trial 70 0 63969431 7.999161
-Trial 71 0 63969431 8.001088
-Trial 72 0 63969431 8.001355
* 73: Cost = 0_63897368, Time = 5.53 sec. 
-Trial 73 0 63897368 8.010407
* 74: Cost = 0_63704064, Time = 5.71 sec. 
-Trial 74 0 63704064 8.188375
-Trial 75 0 63704064 8.189116
* 76: Cost = 0_63614471, Time = 5.72 sec. 
-Trial 76 0 63614471 8.196620
-Trial 77 0 63614471 8.197324
* 78: Cost = 0_63539632, Time = 5.75 sec. 
-Trial 78 0 63539632 8.229510
-Trial 79 0 63539632 8.247261
-Trial 80 0 63539632 8.249844
-Trial 81 0 63539632 8.250465
-Trial 82 0 63539632 8.251106
-Trial 83 0 63539632 8.253266
-Trial 84 0 63539632 8.257779
-Trial 85 0 63539632 8.258508
-Trial 86 0 63539632 8.273822
* 87: Cost = 0_63434226, Time = 5.82 sec. 
-Trial 87 0 63434226 8.295758
-Trial 88 0 63434226 8.297198
-Trial 89 0 63434226 8.297522
* 90: Cost = 0_63406637, Time = 5.82 sec. 
-Trial 90 0 63406637 8.301036
* 91: Cost = 0_63286782, Time = 5.84 sec. 
-Trial 91 0 63286782 8.322025
* 92: Cost = 0_63139364, Time = 5.88 sec. 
-Trial 92 0 63139364 8.361856
-Trial 93 0 63139364 8.362372
-Trial 94 0 63139364 8.366564
* 95: Cost = 0_63111445, Time = 5.89 sec. 
-Trial 95 0 63111445 8.371314
-Trial 96 0 63111445 8.381455
-Trial 97 0 63111445 8.382366
-Trial 98 0 63111445 8.383506
-Trial 99 0 63111445 8.385003
-Trial 100 0 63111445 8.386660
* 101: Cost = 0_63102030, Time = 5.91 sec. 
-Trial 101 0 63102030 8.392857
* 102: Cost = 0_62618797, Time = 6.05 sec. 
-Trial 102 0 62618797 8.530125
-Trial 103 0 62618797 8.530463
-Trial 104 0 62618797 8.589543
-Trial 105 0 62618797 8.608951
-Trial 106 0 62618797 8.614728
-Trial 107 0 62618797 8.686521
-Trial 108 0 62618797 9.013324
-Trial 109 0 62618797 9.055225
-Trial 110 0 62618797 9.122141
* 111: Cost = 0_62456117, Time = 6.70 sec. 
-Trial 111 0 62456117 9.177789
-Trial 112 0 62456117 9.184983
* 113: Cost = 0_61947723, Time = 6.98 sec. 
-Trial 113 0 61947723 9.453585
-Trial 114 0 61947723 9.454090
-Trial 115 0 61947723 9.455533
* 116: Cost = 0_61915451, Time = 7.02 sec. 
-Trial 116 0 61915451 9.495314
* 117: Cost = 0_61787155, Time = 7.09 sec. 
-Trial 117 0 61787155 9.566371
* 118: Cost = 0_61734308, Time = 7.13 sec. 
-Trial 118 0 61734308 9.608866
-Trial 119 0 61734308 9.609723
-Trial 120 0 61734308 9.616122
* 121: Cost = 0_61699191, Time = 7.14 sec. 
-Trial 121 0 61699191 9.620318
-Trial 122 0 61699191 9.811939
-Trial 123 0 61699191 9.812455
* 124: Cost = 0_61648808, Time = 7.38 sec. 
-Trial 124 0 61648808 9.859979
* 125: Cost = 0_61592961, Time = 7.44 sec. 
-Trial 125 0 61592961 9.914972
* 126: Cost = 0_61591848, Time = 7.48 sec. 
-Trial 126 0 61591848 9.959385
-Trial 127 0 61591848 9.959748
-Trial 128 0 61591848 9.960476
-Trial 129 0 61591848 10.237945
-Trial 130 0 61591848 10.264121
-Trial 131 0 61591848 10.349682
-Trial 132 0 61591848 10.350542
-Trial 133 0 61591848 10.405258
-Trial 134 0 61591848 10.596783
-Trial 135 0 61591848 10.844289
-Trial 136 0 61591848 10.845362
-Trial 137 0 61591848 10.850590
-Trial 138 0 61591848 10.854335
* 139: Cost = 0_61521119, Time = 8.38 sec. 
-Trial 139 0 61521119 10.861666
-Trial 140 0 61521119 10.887668
-Trial 141 0 61521119 10.916407
* 142: Cost = 0_61379281, Time = 8.52 sec. 
-Trial 142 0 61379281 10.999432
-Trial 143 0 61379281 11.040365
-Trial 144 0 61379281 11.041191
-Trial 145 0 61379281 11.041645
* 146: Cost = 0_61307667, Time = 8.57 sec. 
-Trial 146 0 61307667 11.048941
-Trial 147 0 61307667 11.116013
* 148: Cost = 0_61267558, Time = 8.65 sec. 
-Trial 148 0 61267558 11.131117
* 149: Cost = 0_61024633, Time = 8.74 sec. 
-Trial 149 0 61024633 11.218092
-Trial 150 0 61024633 11.220780
-Trial 151 0 61024633 11.222160
-Trial 152 0 61024633 11.225444
-Trial 153 0 61024633 11.250488
-Trial 154 0 61024633 11.398108
* 155: Cost = 0_60995126, Time = 8.92 sec. 
-Trial 155 0 60995126 11.402286
-Trial 156 0 60995126 11.402648
-Trial 157 0 60995126 11.405388
-Trial 158 0 60995126 11.406146
-Trial 159 0 60995126 11.502977
-Trial 160 0 60995126 11.511642
* 161: Cost = 0_60992510, Time = 9.10 sec. 
-Trial 161 0 60992510 11.576172
-Trial 162 0 60992510 11.656911
-Trial 163 0 60992510 11.657167
-Trial 164 0 60992510 11.657498
-Trial 165 0 60992510 11.659726
-Trial 166 0 60992510 11.660762
-Trial 167 0 60992510 11.665992
-Trial 168 0 60992510 11.699403
-Trial 169 0 60992510 11.700589
-Trial 170 0 60992510 11.701319
* 171: Cost = 0_60524407, Time = 9.33 sec. 
-Trial 171 0 60524407 11.810268
* 172: Cost = 0_60497411, Time = 9.34 sec. 
-Trial 172 0 60497411 11.813673
-Trial 173 0 60497411 11.943961
-Trial 174 0 60497411 11.954809
-Trial 175 0 60497411 11.957376
-Trial 176 0 60497411 12.027675
-Trial 177 0 60497411 12.031921
-Trial 178 0 60497411 12.033252
* 179: Cost = 0_60458316, Time = 9.57 sec. 
-Trial 179 0 60458316 12.045173
-Trial 180 0 60458316 12.049246
* 181: Cost = 0_60439451, Time = 9.58 sec. 
-Trial 181 0 60439451 12.055939
-Trial 182 0 60439451 12.056732
-Trial 183 0 60439451 12.059927
* 184: Cost = 0_60397766, Time = 9.59 sec. 
-Trial 184 0 60397766 12.070719
-Trial 185 0 60397766 12.076375
-Trial 186 0 60397766 12.079433
-Trial 187 0 60397766 12.080324
-Trial 188 0 60397766 12.121331
-Trial 189 0 60397766 12.121601
-Trial 190 0 60397766 12.147545
-Trial 191 0 60397766 12.247908
-Trial 192 0 60397766 12.248978
-Trial 193 0 60397766 12.250877
-Trial 194 0 60397766 12.296366
-Trial 195 0 60397766 12.296926
-Trial 196 0 60397766 12.377480
-Trial 197 0 60397766 12.384197
-Trial 198 0 60397766 12.385805
* 199: Cost = 0_60178274, Time = 10.21 sec. 
-Trial 199 0 60178274 12.685190
-Trial 200 0 60178274 12.686307
-Trial 201 0 60178274 12.686861
-Trial 202 0 60178274 12.692885
* 203: Cost = 0_60073828, Time = 10.35 sec. 
-Trial 203 0 60073828 12.831008
* 204: Cost = 0_60059642, Time = 10.38 sec. 
-Trial 204 0 60059642 12.855085
-Trial 205 0 60059642 12.855879
* 206: Cost = 0_60034208, Time = 10.39 sec. 
-Trial 206 0 60034208 12.869835
-Trial 207 0 60034208 12.873142
-Trial 208 0 60034208 12.903612
-Trial 209 0 60034208 12.988158
-Trial 210 0 60034208 12.989864
-Trial 211 0 60034208 12.994042
-Trial 212 0 60034208 12.994312
-Trial 213 0 60034208 13.189835
-Trial 214 0 60034208 13.192139
-Trial 215 0 60034208 13.196135
-Trial 216 0 60034208 13.197878
* 217: Cost = 0_59912453, Time = 10.74 sec. 
-Trial 217 0 59912453 13.221254
* 218: Cost = 0_59876785, Time = 10.86 sec. 
-Trial 218 0 59876785 13.334895
-Trial 219 0 59876785 13.337910
-Trial 220 0 59876785 13.340259
* 221: Cost = 0_59875558, Time = 10.90 sec. 
-Trial 221 0 59875558 13.380874
-Trial 222 0 59875558 13.383174
-Trial 223 0 59875558 13.385582
* 224: Cost = 0_59502295, Time = 11.03 sec. 
-Trial 224 0 59502295 13.512287
-Trial 225 0 59502295 13.512724
-Trial 226 0 59502295 13.513252
-Trial 227 0 59502295 13.540012
-Trial 228 0 59502295 13.540919
-Trial 229 0 59502295 13.541175
-Trial 230 0 59502295 14.029028
-Trial 231 0 59502295 14.090384
-Trial 232 0 59502295 14.091749
* 233: Cost = 0_59173049, Time = 11.79 sec. 
-Trial 233 0 59173049 14.267142
-Trial 234 0 59173049 14.736746
-Trial 235 0 59173049 14.751349
-Trial 236 0 59173049 14.751867
-Trial 237 0 59173049 14.752205
-Trial 238 0 59173049 14.755078
-Trial 239 0 59173049 15.063559
-Trial 240 0 59173049 15.064965
-Trial 241 0 59173049 15.068389
-Trial 242 0 59173049 15.071187
-Trial 243 0 59173049 15.074968
-Trial 244 0 59173049 15.077230
* 245: Cost = 0_59048379, Time = 12.75 sec. 
-Trial 245 0 59048379 15.228360
-Trial 246 0 59048379 15.286117
-Trial 247 0 59048379 15.556120
-Trial 248 0 59048379 15.556669
* 249: Cost = 0_59018384, Time = 13.08 sec. 
-Trial 249 0 59018384 15.561001
-Trial 250 0 59018384 15.561608
-Trial 251 0 59018384 15.576044
* 252: Cost = 0_58270212, Time = 13.29 sec. 
-Trial 252 0 58270212 15.766600
-Trial 253 0 58270212 15.768346
-Trial 254 0 58270212 15.806369
-Trial 255 0 58270212 15.807272
-Trial 256 0 58270212 15.885503
-Trial 257 0 58270212 15.885783
-Trial 258 0 58270212 15.886695
-Trial 259 0 58270212 15.890497
* 260: Cost = 0_58243375, Time = 13.87 sec. 
-Trial 260 0 58243375 16.343950
-Trial 261 0 58243375 16.606205
* 262: Cost = 0_58160667, Time = 14.14 sec. 
-Trial 262 0 58160667 16.613340
* 263: Cost = 0_58149311, Time = 14.14 sec. 
-Trial 263 0 58149311 16.620772
-Trial 264 0 58149311 16.625642
* 265: Cost = 0_58046641, Time = 14.18 sec. 
-Trial 265 0 58046641 16.658395
* 266: Cost = 0_57876522, Time = 14.19 sec. 
-Trial 266 0 57876522 16.665865
-Trial 267 0 57876522 16.669618
-Trial 268 0 57876522 16.753211
-Trial 269 0 57876522 16.753486
-Trial 270 0 57876522 16.775439
-Trial 271 0 57876522 16.788765
-Trial 272 0 57876522 16.789159
* 273: Cost = 0_57858554, Time = 14.32 sec. 
-Trial 273 0 57858554 16.797345
-Trial 274 0 57858554 16.800405
-Trial 275 0 57858554 16.801363
* 276: Cost = 0_57846095, Time = 14.32 sec. 
-Trial 276 0 57846095 16.802506
-Trial 277 0 57846095 16.803545
-Trial 278 0 57846095 16.804381
-Trial 279 0 57846095 16.814002
-Trial 280 0 57846095 16.845574
-Trial 281 0 57846095 16.857093
-Trial 282 0 57846095 16.862171
-Trial 283 0 57846095 16.863406
-Trial 284 0 57846095 16.866757
-Trial 285 0 57846095 16.869545
-Trial 286 0 57846095 16.870890
-Trial 287 0 57846095 16.871711
-Trial 288 0 57846095 16.874273
-Trial 289 0 57846095 16.878364
-Trial 290 0 57846095 16.878789
* 291: Cost = 0_57843285, Time = 14.40 sec. 
-Trial 291 0 57843285 16.882423
-Trial 292 0 57843285 16.918596
* 293: Cost = 0_57807658, Time = 14.47 sec. 
-Trial 293 0 57807658 16.949442
-Trial 294 0 57807658 17.252009
-Trial 295 0 57807658 17.260766
-Trial 296 0 57807658 17.462850
-Trial 297 0 57807658 17.464961
-Trial 298 0 57807658 17.506861
-Trial 299 0 57807658 17.581721
-Trial 300 0 57807658 17.997175
-Trial 301 0 57807658 18.021175
-Trial 302 0 57807658 18.028324
-Trial 303 0 57807658 18.031448
-Trial 304 0 57807658 18.045325
-Trial 305 0 57807658 18.045600
* 306: Cost = 0_57807576, Time = 15.57 sec. 
-Trial 306 0 57807576 18.053051
-Trial 307 0 57807576 18.053396
-Trial 308 0 57807576 18.057539
-Trial 309 0 57807576 18.061509
-Trial 310 0 57807576 18.069838
-Trial 311 0 57807576 18.070874
-Trial 312 0 57807576 18.080880
-Trial 313 0 57807576 18.098481
-Trial 314 0 57807576 18.101068
-Trial 315 0 57807576 18.110475
-Trial 316 0 57807576 18.182290
-Trial 317 0 57807576 18.182565
* 318: Cost = 0_57782320, Time = 15.71 sec. 
-Trial 318 0 57782320 18.190660
-Trial 319 0 57782320 18.192130
-Trial 320 0 57782320 18.198558
-Trial 321 0 57782320 18.315036
-Trial 322 0 57782320 18.317292
* 323: Cost = 0_57758155, Time = 15.85 sec. 
-Trial 323 0 57758155 18.327586
* 324: Cost = 0_57753987, Time = 15.87 sec. 
-Trial 324 0 57753987 18.345475
* 325: Cost = 0_57748949, Time = 15.90 sec. 
-Trial 325 0 57748949 18.379935
* 326: Cost = 0_57657428, Time = 15.97 sec. 
-Trial 326 0 57657428 18.448624
-Trial 327 0 57657428 18.463174
-Trial 328 0 57657428 18.463746
-Trial 329 0 57657428 18.655681
* 330: Cost = 0_57620496, Time = 16.19 sec. 
-Trial 330 0 57620496 18.663844
* 331: Cost = 0_57327797, Time = 16.21 sec. 
-Trial 331 0 57327797 18.689798
-Trial 332 0 57327797 18.723599
-Trial 333 0 57327797 18.725934
-Trial 334 0 57327797 18.726356
-Trial 335 0 57327797 18.728223
-Trial 336 0 57327797 18.729465
-Trial 337 0 57327797 18.948401
-Trial 338 0 57327797 18.949010
-Trial 339 0 57327797 18.949286
* 340: Cost = 0_57292983, Time = 16.50 sec. 
-Trial 340 0 57292983 18.974712
-Trial 341 0 57292983 18.975156
* 342: Cost = 0_57290594, Time = 16.51 sec. 
-Trial 342 0 57290594 18.987167
-Trial 343 0 57290594 18.992422
* 344: Cost = 0_57053613, Time = 16.60 sec. 
-Trial 344 0 57053613 19.079107
-Trial 345 0 57053613 19.091237
-Trial 346 0 57053613 19.092001
-Trial 347 0 57053613 19.092577
-Trial 348 0 57053613 19.262118
* 349: Cost = 0_57022900, Time = 16.80 sec. 
-Trial 349 0 57022900 19.278901
-Trial 350 0 57022900 19.281324
* 351: Cost = 0_57010317, Time = 16.81 sec. 
-Trial 351 0 57010317 19.291837
-Trial 352 0 57010317 19.293636
* 353: Cost = 0_56982448, Time = 16.82 sec. 
-Trial 353 0 56982448 19.302951
* 354: Cost = 0_56942700, Time = 16.84 sec. 
-Trial 354 0 56942700 19.314863
-Trial 355 0 56942700 19.325284
-Trial 356 0 56942700 19.326397
-Trial 357 0 56942700 19.327196
-Trial 358 0 56942700 19.327763
-Trial 359 0 56942700 19.330459
-Trial 360 0 56942700 19.331640
-Trial 361 0 56942700 19.331949
* 362: Cost = 0_56938580, Time = 16.86 sec. 
-Trial 362 0 56938580 19.338992
* 363: Cost = 0_56932883, Time = 16.87 sec. 
-Trial 363 0 56932883 19.344849
-Trial 364 0 56932883 19.345373
-Trial 365 0 56932883 19.346126
-Trial 366 0 56932883 19.353730
-Trial 367 0 56932883 19.354048
-Trial 368 0 56932883 19.370146
* 369: Cost = 0_56813062, Time = 16.96 sec. 
-Trial 369 0 56813062 19.437979
-Trial 370 0 56813062 19.438601
-Trial 371 0 56813062 19.458377
-Trial 372 0 56813062 19.458681
* 373: Cost = 0_56809497, Time = 16.98 sec. 
-Trial 373 0 56809497 19.461805
-Trial 374 0 56809497 19.472631
* 375: Cost = 0_56806236, Time = 17.00 sec. 
-Trial 375 0 56806236 19.476956
-Trial 376 0 56806236 19.479063
-Trial 377 0 56806236 19.504612
* 378: Cost = 0_56787250, Time = 17.11 sec. 
-Trial 378 0 56787250 19.586401
-Trial 379 0 56787250 19.587039
-Trial 380 0 56787250 19.736263
-Trial 381 0 56787250 19.736976
-Trial 382 0 56787250 19.743749
* 383: Cost = 0_56777082, Time = 17.28 sec. 
-Trial 383 0 56777082 19.756831
* 384: Cost = 0_56682194, Time = 17.30 sec. 
-Trial 384 0 56682194 19.782757
-Trial 385 0 56682194 19.817450
* 386: Cost = 0_56495782, Time = 17.47 sec. 
-Trial 386 0 56495782 19.946887
-Trial 387 0 56495782 19.950992
-Trial 388 0 56495782 19.952428
-Trial 389 0 56495782 19.954706
-Trial 390 0 56495782 19.957378
-Trial 391 0 56495782 19.957665
-Trial 392 0 56495782 19.958906
-Trial 393 0 56495782 19.965640
-Trial 394 0 56495782 19.966998
-Trial 395 0 56495782 19.967660
-Trial 396 0 56495782 19.969034
-Trial 397 0 56495782 20.066749
-Trial 398 0 56495782 20.133126
-Trial 399 0 56495782 20.309696
-Trial 400 0 56495782 20.497764
-Trial 401 0 56495782 20.498324
-Trial 402 0 56495782 20.498703
* 403: Cost = 0_56432810, Time = 18.09 sec. 
-Trial 403 0 56432810 20.569644
* 404: Cost = 0_56430242, Time = 18.15 sec. 
-Trial 404 0 56430242 20.623966
-Trial 405 0 56430242 20.685405
* 406: Cost = 0_56398650, Time = 18.43 sec. 
-Trial 406 0 56398650 20.905693
-Trial 407 0 56398650 21.792760
-Trial 408 0 56398650 21.794936
* 409: Cost = 0_56385971, Time = 19.32 sec. 
-Trial 409 0 56385971 21.800608
-Trial 410 0 56385971 21.801352
* 411: Cost = 0_56348174, Time = 19.33 sec. 
-Trial 411 0 56348174 21.811343
-Trial 412 0 56348174 21.817485
* 413: Cost = 0_56253209, Time = 19.47 sec. 
-Trial 413 0 56253209 21.947908
-Trial 414 0 56253209 22.207704
* 415: Cost = 0_56244857, Time = 19.74 sec. 
-Trial 415 0 56244857 22.215754
-Trial 416 0 56244857 22.216476
-Trial 417 0 56244857 22.218369
-Trial 418 0 56244857 22.219260
-Trial 419 0 56244857 22.220110
-Trial 420 0 56244857 22.223990
-Trial 421 0 56244857 22.234122
-Trial 422 0 56244857 22.242356
* 423: Cost = 0_55963339, Time = 19.81 sec. 
-Trial 423 0 55963339 22.284100
-Trial 424 0 55963339 22.284675
-Trial 425 0 55963339 22.285455
-Trial 426 0 55963339 22.287744
-Trial 427 0 55963339 22.289941
* 428: Cost = 0_55902603, Time = 19.82 sec. 
-Trial 428 0 55902603 22.299693
-Trial 429 0 55902603 22.386268
-Trial 430 0 55902603 22.393539
-Trial 431 0 55902603 22.394169
-Trial 432 0 55902603 22.403578
-Trial 433 0 55902603 22.403937
-Trial 434 0 55902603 22.463130
-Trial 435 0 55902603 22.466625
-Trial 436 0 55902603 22.507393
* 437: Cost = 0_55788077, Time = 20.09 sec. 
-Trial 437 0 55788077 22.571438
-Trial 438 0 55788077 22.631331
-Trial 439 0 55788077 22.644980
-Trial 440 0 55788077 22.699652
-Trial 441 0 55788077 22.700000
-Trial 442 0 55788077 22.931661
-Trial 443 0 55788077 22.941532
-Trial 444 0 55788077 22.943839
-Trial 445 0 55788077 23.037076
* 446: Cost = 0_55779771, Time = 20.57 sec. 
-Trial 446 0 55779771 23.045093
-Trial 447 0 55779771 23.638559
-Trial 448 0 55779771 23.662072
-Trial 449 0 55779771 23.662588
-Trial 450 0 55779771 23.662841
-Trial 451 0 55779771 23.710116
* 452: Cost = 0_55760653, Time = 21.25 sec. 
-Trial 452 0 55760653 23.725441
-Trial 453 0 55760653 23.749859
-Trial 454 0 55760653 23.755339
-Trial 455 0 55760653 23.810235
* 456: Cost = 0_55751384, Time = 21.34 sec. 
-Trial 456 0 55751384 23.818347
-Trial 457 0 55751384 23.870014
-Trial 458 0 55751384 23.871121
-Trial 459 0 55751384 23.871874
-Trial 460 0 55751384 23.884750
-Trial 461 0 55751384 23.903261
-Trial 462 0 55751384 23.930873
* 463: Cost = 0_55611572, Time = 21.46 sec. 
-Trial 463 0 55611572 23.933586
-Trial 464 0 55611572 23.941288
* 465: Cost = 0_55603803, Time = 21.60 sec. 
-Trial 465 0 55603803 24.075712
-Trial 466 0 55603803 24.079265
-Trial 467 0 55603803 24.081178
-Trial 468 0 55603803 24.081863
-Trial 469 0 55603803 24.085206
-Trial 470 0 55603803 24.131581
* 471: Cost = 0_55582920, Time = 21.70 sec. 
-Trial 471 0 55582920 24.176539
* 472: Cost = 0_55529378, Time = 21.71 sec. 
-Trial 472 0 55529378 24.189438
-Trial 473 0 55529378 24.190245
-Trial 474 0 55529378 24.261066
-Trial 475 0 55529378 24.272307
* 476: Cost = 0_55471975, Time = 21.80 sec. 
-Trial 476 0 55471975 24.278321
* 477: Cost = 0_55465533, Time = 21.81 sec. 
-Trial 477 0 55465533 24.290391
-Trial 478 0 55465533 24.349635
-Trial 479 0 55465533 24.376183
-Trial 480 0 55465533 24.404564
-Trial 481 0 55465533 24.408806
-Trial 482 0 55465533 24.412020
-Trial 483 0 55465533 24.414702
-Trial 484 0 55465533 24.416404
-Trial 485 0 55465533 24.417413
-Trial 486 0 55465533 24.422909
-Trial 487 0 55465533 24.433460
-Trial 488 0 55465533 24.550803
-Trial 489 0 55465533 24.610514
-Trial 490 0 55465533 24.613053
-Trial 491 0 55465533 24.687897
-Trial 492 0 55465533 24.702362
-Trial 493 0 55465533 24.735569
-Trial 494 0 55465533 25.123245
-Trial 495 0 55465533 25.129531
-Trial 496 0 55465533 25.131165
-Trial 497 0 55465533 25.188893
-Trial 498 0 55465533 25.253427
-Trial 499 0 55465533 25.256417
* 500: Cost = 0_55451384, Time = 22.85 sec. 
-Trial 500 0 55451384 25.325095
-Trial 501 0 55451384 25.394314
-Trial 502 0 55451384 25.396390
-Trial 503 0 55451384 25.437176
* 504: Cost = 0_55338522, Time = 23.04 sec. 
-Trial 504 0 55338522 25.520186
-Trial 505 0 55338522 25.521087
-Trial 506 0 55338522 25.529126
-Trial 507 0 55338522 25.531862
* 508: Cost = 0_55332646, Time = 23.09 sec. 
-Trial 508 0 55332646 25.568822
-Trial 509 0 55332646 25.580070
-Trial 510 0 55332646 25.674549
-Trial 511 0 55332646 25.678378
* 512: Cost = 0_55312557, Time = 23.22 sec. 
-Trial 512 0 55312557 25.694166
-Trial 513 0 55312557 25.696576
-Trial 514 0 55312557 25.697366
-Trial 515 0 55312557 25.727986
-Trial 516 0 55312557 25.763273
-Trial 517 0 55312557 25.767556
* 518: Cost = 0_55308927, Time = 23.32 sec. 
-Trial 518 0 55308927 25.795187
-Trial 519 0 55308927 25.818600
-Trial 520 0 55308927 25.819468
-Trial 521 0 55308927 25.928426
-Trial 522 0 55308927 25.930644
-Trial 523 0 55308927 25.933006
-Trial 524 0 55308927 25.934047
-Trial 525 0 55308927 26.054748
-Trial 526 0 55308927 26.058158
-Trial 527 0 55308927 26.067469
-Trial 528 0 55308927 26.086880
-Trial 529 0 55308927 26.087480
-Trial 530 0 55308927 26.087946
-Trial 531 0 55308927 26.089428
-Trial 532 0 55308927 26.094400
* 533: Cost = 0_55308062, Time = 23.65 sec. 
-Trial 533 0 55308062 26.125613
-Trial 534 0 55308062 26.197995
-Trial 535 0 55308062 26.199048
-Trial 536 0 55308062 26.270301
-Trial 537 0 55308062 26.279763
-Trial 538 0 55308062 26.299516
-Trial 539 0 55308062 26.363794
-Trial 540 0 55308062 26.393100
-Trial 541 0 55308062 26.411064
* 542: Cost = 0_55305822, Time = 24.07 sec. 
-Trial 542 0 55305822 26.550479
-Trial 543 0 55305822 26.619754
-Trial 544 0 55305822 26.628293
-Trial 545 0 55305822 26.643915
* 546: Cost = 0_55302837, Time = 24.18 sec. 
-Trial 546 0 55302837 26.657494
-Trial 547 0 55302837 26.657788
-Trial 548 0 55302837 26.658234
-Trial 549 0 55302837 26.730372
-Trial 550 0 55302837 26.731087
-Trial 551 0 55302837 26.742101
-Trial 552 0 55302837 26.747764
-Trial 553 0 55302837 26.749099
* 554: Cost = 0_55243982, Time = 24.43 sec. 
-Trial 554 0 55243982 26.911048
-Trial 555 0 55243982 26.915560
-Trial 556 0 55243982 27.071320
-Trial 557 0 55243982 27.072765
-Trial 558 0 55243982 27.129926
-Trial 559 0 55243982 27.202369
-Trial 560 0 55243982 27.203256
-Trial 561 0 55243982 27.303338
-Trial 562 0 55243982 27.304043
-Trial 563 0 55243982 27.308340
-Trial 564 0 55243982 27.310104
-Trial 565 0 55243982 27.317047
-Trial 566 0 55243982 27.317416
-Trial 567 0 55243982 27.317738
-Trial 568 0 55243982 27.520933
-Trial 569 0 55243982 27.529272
-Trial 570 0 55243982 27.530571
-Trial 571 0 55243982 27.700068
-Trial 572 0 55243982 27.702015
* 573: Cost = 0_55184727, Time = 25.27 sec. 
-Trial 573 0 55184727 27.744809
-Trial 574 0 55184727 27.747751
-Trial 575 0 55184727 27.748717
-Trial 576 0 55184727 27.808289
* 577: Cost = 0_55176964, Time = 25.36 sec. 
-Trial 577 0 55176964 27.840406
-Trial 578 0 55176964 28.084839
-Trial 579 0 55176964 28.103415
-Trial 580 0 55176964 28.112272
-Trial 581 0 55176964 28.140736
-Trial 582 0 55176964 28.151661
-Trial 583 0 55176964 28.152061
-Trial 584 0 55176964 28.193882
-Trial 585 0 55176964 28.246900
-Trial 586 0 55176964 28.257361
-Trial 587 0 55176964 28.257650
* 588: Cost = 0_55061782, Time = 25.82 sec. 
-Trial 588 0 55061782 28.294185
-Trial 589 0 55061782 28.295548
-Trial 590 0 55061782 28.301883
-Trial 591 0 55061782 28.317700
-Trial 592 0 55061782 28.317959
-Trial 593 0 55061782 28.321177
-Trial 594 0 55061782 28.398295
-Trial 595 0 55061782 28.426184
-Trial 596 0 55061782 28.480692
* 597: Cost = 0_55039439, Time = 26.06 sec. 
-Trial 597 0 55039439 28.533213
-Trial 598 0 55039439 28.534003
-Trial 599 0 55039439 28.554450
* 600: Cost = 0_55036968, Time = 26.09 sec. 
-Trial 600 0 55036968 28.568429
-Trial 601 0 55036968 28.571966
-Trial 602 0 55036968 28.618557
-Trial 603 0 55036968 28.620708
-Trial 604 0 55036968 28.622907
-Trial 605 0 55036968 28.623801
-Trial 606 0 55036968 28.624470
-Trial 607 0 55036968 28.749672
-Trial 608 0 55036968 28.750565
-Trial 609 0 55036968 28.772785
-Trial 610 0 55036968 28.774169
-Trial 611 0 55036968 28.775317
-Trial 612 0 55036968 28.776923
-Trial 613 0 55036968 28.792955
-Trial 614 0 55036968 28.794676
-Trial 615 0 55036968 28.955932
-Trial 616 0 55036968 28.963733
-Trial 617 0 55036968 28.964045
-Trial 618 0 55036968 29.139038
-Trial 619 0 55036968 29.139722
-Trial 620 0 55036968 29.647622
-Trial 621 0 55036968 29.656278
-Trial 622 0 55036968 29.657805
-Trial 623 0 55036968 29.723589
-Trial 624 0 55036968 29.723976
-Trial 625 0 55036968 29.727461
-Trial 626 0 55036968 29.728423
-Trial 627 0 55036968 29.731330
-Trial 628 0 55036968 29.732185
-Trial 629 0 55036968 29.732462
-Trial 630 0 55036968 30.250903
-Trial 631 0 55036968 30.295831
-Trial 632 0 55036968 30.297308
-Trial 633 0 55036968 30.306290
-Trial 634 0 55036968 30.312192
-Trial 635 0 55036968 30.392717
-Trial 636 0 55036968 30.395655
-Trial 637 0 55036968 30.400009
-Trial 638 0 55036968 30.402440
-Trial 639 0 55036968 30.403699
-Trial 640 0 55036968 30.405746
-Trial 641 0 55036968 30.406061
-Trial 642 0 55036968 30.421006
-Trial 643 0 55036968 30.422099
-Trial 644 0 55036968 30.455179
-Trial 645 0 55036968 30.456837
-Trial 646 0 55036968 30.457093
-Trial 647 0 55036968 30.597258
-Trial 648 0 55036968 30.597753
-Trial 649 0 55036968 30.880683
-Trial 650 0 55036968 30.883092
-Trial 651 0 55036968 30.902676
-Trial 652 0 55036968 30.904171
-Trial 653 0 55036968 30.957822
-Trial 654 0 55036968 31.022465
-Trial 655 0 55036968 31.022741
-Trial 656 0 55036968 31.023043
-Trial 657 0 55036968 31.033684
-Trial 658 0 55036968 31.034350
-Trial 659 0 55036968 31.100556
-Trial 660 0 55036968 31.224471
-Trial 661 0 55036968 31.225135
-Trial 662 0 55036968 31.225788
-Trial 663 0 55036968 31.259081
-Trial 664 0 55036968 31.356317
-Trial 665 0 55036968 31.357030
-Trial 666 0 55036968 31.359909
-Trial 667 0 55036968 31.398664
-Trial 668 0 55036968 31.399773
-Trial 669 0 55036968 31.649133
-Trial 670 0 55036968 31.735102
-Trial 671 0 55036968 31.753554
-Trial 672 0 55036968 31.836089
-Trial 673 0 55036968 31.841634
-Trial 674 0 55036968 31.846663
-Trial 675 0 55036968 31.847476
-Trial 676 0 55036968 31.849653
-Trial 677 0 55036968 31.974197
* 678: Cost = 0_55032346, Time = 29.50 sec. 
-Trial 678 0 55032346 31.978062
-Trial 679 0 55032346 32.085490
-Trial 680 0 55032346 32.149362
-Trial 681 0 55032346 32.190672
-Trial 682 0 55032346 32.275634
-Trial 683 0 55032346 32.275923
* 684: Cost = 0_55030414, Time = 29.81 sec. 
-Trial 684 0 55030414 32.289507
-Trial 685 0 55030414 32.319559
-Trial 686 0 55030414 32.324325
-Trial 687 0 55030414 32.327364
-Trial 688 0 55030414 32.329509
-Trial 689 0 55030414 32.355005
-Trial 690 0 55030414 32.536674
-Trial 691 0 55030414 32.989000
-Trial 692 0 55030414 32.990369
-Trial 693 0 55030414 32.992701
* 694: Cost = 0_55013032, Time = 30.53 sec. 
-Trial 694 0 55013032 33.009097
* 695: Cost = 0_54984740, Time = 30.57 sec. 
-Trial 695 0 54984740 33.050327
-Trial 696 0 54984740 33.136071
-Trial 697 0 54984740 33.183316
-Trial 698 0 54984740 33.581080
-Trial 699 0 54984740 33.582438
-Trial 700 0 54984740 33.584098
-Trial 701 0 54984740 33.587742
-Trial 702 0 54984740 33.655888
-Trial 703 0 54984740 33.659331
-Trial 704 0 54984740 33.703836
* 705: Cost = 0_54968216, Time = 31.25 sec. 
-Trial 705 0 54968216 33.730545
-Trial 706 0 54968216 34.004783
-Trial 707 0 54968216 34.008270
* 708: Cost = 0_54959091, Time = 31.54 sec. 
-Trial 708 0 54959091 34.019573
-Trial 709 0 54959091 34.019991
-Trial 710 0 54959091 34.047400
-Trial 711 0 54959091 34.119055
-Trial 712 0 54959091 34.125125
-Trial 713 0 54959091 34.189523
-Trial 714 0 54959091 34.192510
-Trial 715 0 54959091 34.212565
-Trial 716 0 54959091 34.236925
-Trial 717 0 54959091 34.315322
-Trial 718 0 54959091 34.501459
-Trial 719 0 54959091 34.512804
-Trial 720 0 54959091 34.515205
-Trial 721 0 54959091 34.534875
-Trial 722 0 54959091 34.916584
-Trial 723 0 54959091 35.006390
* 724: Cost = 0_54817531, Time = 32.61 sec. 
-Trial 724 0 54817531 35.089227
-Trial 725 0 54817531 35.096765
-Trial 726 0 54817531 35.124122
* 727: Cost = 0_54796219, Time = 32.70 sec. 
-Trial 727 0 54796219 35.178870
-Trial 728 0 54796219 35.179534
-Trial 729 0 54796219 35.181624
-Trial 730 0 54796219 35.184180
-Trial 731 0 54796219 35.185842
-Trial 732 0 54796219 35.213791
-Trial 733 0 54796219 35.225190
-Trial 734 0 54796219 35.227930
-Trial 735 0 54796219 35.263818
-Trial 736 0 54796219 35.268517
-Trial 737 0 54796219 35.272775
-Trial 738 0 54796219 35.292349
-Trial 739 0 54796219 35.303464
-Trial 740 0 54796219 35.456204
-Trial 741 0 54796219 35.469483
-Trial 742 0 54796219 35.471250
-Trial 743 0 54796219 35.473174
-Trial 744 0 54796219 35.601359
-Trial 745 0 54796219 35.660546
-Trial 746 0 54796219 35.661138
-Trial 747 0 54796219 35.671083
-Trial 748 0 54796219 35.745185
-Trial 749 0 54796219 35.816543
-Trial 750 0 54796219 35.817983
-Trial 751 0 54796219 35.850857
-Trial 752 0 54796219 36.022515
-Trial 753 0 54796219 36.023952
-Trial 754 0 54796219 36.028261
-Trial 755 0 54796219 36.029809
-Trial 756 0 54796219 36.190662
-Trial 757 0 54796219 36.195277
-Trial 758 0 54796219 36.205236
* 759: Cost = 0_54784612, Time = 33.73 sec. 
-Trial 759 0 54784612 36.212871
-Trial 760 0 54784612 36.216565
-Trial 761 0 54784612 36.224472
-Trial 762 0 54784612 36.225126
-Trial 763 0 54784612 36.244763
-Trial 764 0 54784612 36.245420
-Trial 765 0 54784612 36.245765
* 766: Cost = 0_54770734, Time = 33.80 sec. 
-Trial 766 0 54770734 36.273554
-Trial 767 0 54770734 36.274340
-Trial 768 0 54770734 36.301837
-Trial 769 0 54770734 36.302462
-Trial 770 0 54770734 36.319180
-Trial 771 0 54770734 36.408141
-Trial 772 0 54770734 36.421448
-Trial 773 0 54770734 36.422441
-Trial 774 0 54770734 36.422721
-Trial 775 0 54770734 36.425362
-Trial 776 0 54770734 36.465691
-Trial 777 0 54770734 36.516089
-Trial 778 0 54770734 36.552693
-Trial 779 0 54770734 36.552956
-Trial 780 0 54770734 36.555059
-Trial 781 0 54770734 36.556056
-Trial 782 0 54770734 36.559253
-Trial 783 0 54770734 36.559928
-Trial 784 0 54770734 36.560232
-Trial 785 0 54770734 36.569145
-Trial 786 0 54770734 36.570810
-Trial 787 0 54770734 36.576833
-Trial 788 0 54770734 36.578040
-Trial 789 0 54770734 36.680197
-Trial 790 0 54770734 36.792521
-Trial 791 0 54770734 36.794717
-Trial 792 0 54770734 36.795769
-Trial 793 0 54770734 36.816366
-Trial 794 0 54770734 36.910141
-Trial 795 0 54770734 36.913019
-Trial 796 0 54770734 36.916414
-Trial 797 0 54770734 36.931024
-Trial 798 0 54770734 36.946925
-Trial 799 0 54770734 36.947889
-Trial 800 0 54770734 36.975226
-Trial 801 0 54770734 36.975529
-Trial 802 0 54770734 37.020811
-Trial 803 0 54770734 37.024694
-Trial 804 0 54770734 37.026431
-Trial 805 0 54770734 37.031262
-Trial 806 0 54770734 37.033942
-Trial 807 0 54770734 37.034425
-Trial 808 0 54770734 37.035342
-Trial 809 0 54770734 37.035599
-Trial 810 0 54770734 37.035858
-Trial 811 0 54770734 37.037703
-Trial 812 0 54770734 37.043738
-Trial 813 0 54770734 37.054980
-Trial 814 0 54770734 37.128057
-Trial 815 0 54770734 37.128396
-Trial 816 0 54770734 37.139253
* 817: Cost = 0_54745687, Time = 34.68 sec. 
-Trial 817 0 54745687 37.154639
-Trial 818 0 54745687 37.184050
-Trial 819 0 54745687 37.458202
-Trial 820 0 54745687 37.459078
-Trial 821 0 54745687 37.460287
-Trial 822 0 54745687 37.466253
-Trial 823 0 54745687 37.468399
-Trial 824 0 54745687 37.469799
-Trial 825 0 54745687 37.477457
-Trial 826 0 54745687 37.799118
-Trial 827 0 54745687 37.800544
-Trial 828 0 54745687 37.823527
-Trial 829 0 54745687 37.827439
-Trial 830 0 54745687 37.830413
-Trial 831 0 54745687 37.833170
-Trial 832 0 54745687 37.835877
-Trial 833 0 54745687 38.057948
-Trial 834 0 54745687 38.061670
-Trial 835 0 54745687 38.065245
-Trial 836 0 54745687 38.120110
-Trial 837 0 54745687 38.240884
-Trial 838 0 54745687 38.275610
-Trial 839 0 54745687 38.276016
-Trial 840 0 54745687 38.286907
-Trial 841 0 54745687 38.287276
-Trial 842 0 54745687 38.315027
-Trial 843 0 54745687 38.435468
-Trial 844 0 54745687 38.447617
-Trial 845 0 54745687 38.448153
-Trial 846 0 54745687 38.458648
-Trial 847 0 54745687 38.459224
-Trial 848 0 54745687 38.459612
-Trial 849 0 54745687 38.515788
-Trial 850 0 54745687 38.517530
-Trial 851 0 54745687 38.562792
-Trial 852 0 54745687 38.572521
-Trial 853 0 54745687 38.574930
-Trial 854 0 54745687 38.729508
-Trial 855 0 54745687 38.729892
-Trial 856 0 54745687 38.736695
-Trial 857 0 54745687 38.759350
-Trial 858 0 54745687 38.809289
-Trial 859 0 54745687 38.813814
* 860: Cost = 0_54743935, Time = 36.35 sec. 
-Trial 860 0 54743935 38.825626
-Trial 861 0 54743935 39.012716
* 862: Cost = 0_54735974, Time = 36.54 sec. 
-Trial 862 0 54735974 39.020477
-Trial 863 0 54735974 39.020861
-Trial 864 0 54735974 39.046884
-Trial 865 0 54735974 39.049602
-Trial 866 0 54735974 39.157143
-Trial 867 0 54735974 39.157821
-Trial 868 0 54735974 39.162905
* 869: Cost = 0_54731740, Time = 36.70 sec. 
-Trial 869 0 54731740 39.174860
-Trial 870 0 54731740 39.260419
-Trial 871 0 54731740 39.261046
* 872: Cost = 0_54706076, Time = 36.81 sec. 
-Trial 872 0 54706076 39.291918
-Trial 873 0 54706076 39.293666
-Trial 874 0 54706076 39.318527
-Trial 875 0 54706076 39.393010
* 876: Cost = 0_54673896, Time = 36.95 sec. 
-Trial 876 0 54673896 39.431588
-Trial 877 0 54673896 39.432290
-Trial 878 0 54673896 39.438282
-Trial 879 0 54673896 39.495909
-Trial 880 0 54673896 39.500966
* 881: Cost = 0_54651578, Time = 37.07 sec. 
-Trial 881 0 54651578 39.552003
-Trial 882 0 54651578 39.564219
-Trial 883 0 54651578 39.608561
-Trial 884 0 54651578 39.626465
-Trial 885 0 54651578 40.052263
-Trial 886 0 54651578 40.052540
-Trial 887 0 54651578 40.168654
* 888: Cost = 0_54636055, Time = 37.69 sec. 
-Trial 888 0 54636055 40.169742
-Trial 889 0 54636055 40.170545
-Trial 890 0 54636055 40.172733
-Trial 891 0 54636055 40.185642
-Trial 892 0 54636055 40.219678
-Trial 893 0 54636055 40.221544
-Trial 894 0 54636055 40.223135
-Trial 895 0 54636055 40.247400
-Trial 896 0 54636055 40.255291
-Trial 897 0 54636055 40.262376
-Trial 898 0 54636055 40.330704
-Trial 899 0 54636055 40.368512
-Trial 900 0 54636055 40.384903
-Trial 901 0 54636055 40.385984
-Trial 902 0 54636055 40.428217
-Trial 903 0 54636055 40.428831
-Trial 904 0 54636055 40.429214
-Trial 905 0 54636055 40.434138
-Trial 906 0 54636055 40.434515
* 907: Cost = 0_54609761, Time = 37.97 sec. 
-Trial 907 0 54609761 40.446894
-Trial 908 0 54609761 40.450296
-Trial 909 0 54609761 40.611416
-Trial 910 0 54609761 40.611885
-Trial 911 0 54609761 40.612234
-Trial 912 0 54609761 40.613942
-Trial 913 0 54609761 40.618535
-Trial 914 0 54609761 40.625532
* 915: Cost = 0_54609701, Time = 38.23 sec. 
-Trial 915 0 54609701 40.704358
-Trial 916 0 54609701 40.706525
-Trial 917 0 54609701 40.788479
-Trial 918 0 54609701 40.796238
-Trial 919 0 54609701 40.844546
-Trial 920 0 54609701 40.845301
-Trial 921 0 54609701 40.877236
-Trial 922 0 54609701 40.878232
-Trial 923 0 54609701 41.036691
-Trial 924 0 54609701 41.121782
-Trial 925 0 54609701 41.175300
-Trial 926 0 54609701 41.184470
-Trial 927 0 54609701 41.200797
-Trial 928 0 54609701 41.263922
-Trial 929 0 54609701 41.289778
-Trial 930 0 54609701 41.290171
-Trial 931 0 54609701 41.296505
-Trial 932 0 54609701 41.317717
-Trial 933 0 54609701 41.327095
-Trial 934 0 54609701 41.364546
-Trial 935 0 54609701 41.365227
-Trial 936 0 54609701 41.380864
-Trial 937 0 54609701 41.381694
* 938: Cost = 0_54585950, Time = 38.93 sec. 
-Trial 938 0 54585950 41.404324
-Trial 939 0 54585950 41.421482
-Trial 940 0 54585950 41.425593
-Trial 941 0 54585950 41.441734
-Trial 942 0 54585950 41.626523
-Trial 943 0 54585950 41.630481
-Trial 944 0 54585950 41.645876
-Trial 945 0 54585950 41.646316
-Trial 946 0 54585950 41.647314
-Trial 947 0 54585950 41.648462
-Trial 948 0 54585950 41.651087
-Trial 949 0 54585950 41.691262
-Trial 950 0 54585950 41.818447
-Trial 951 0 54585950 41.818880
-Trial 952 0 54585950 41.869056
* 953: Cost = 0_54585726, Time = 39.40 sec. 
-Trial 953 0 54585726 41.882649
-Trial 954 0 54585726 41.947866
-Trial 955 0 54585726 41.949805
-Trial 956 0 54585726 41.965044
-Trial 957 0 54585726 41.965915
-Trial 958 0 54585726 41.969394
-Trial 959 0 54585726 41.971981
-Trial 960 0 54585726 41.972407
* 961: Cost = 0_54582995, Time = 39.53 sec. 
-Trial 961 0 54582995 42.006123
-Trial 962 0 54582995 42.192760
-Trial 963 0 54582995 42.197301
* 964: Cost = 0_54573256, Time = 39.73 sec. 
-Trial 964 0 54573256 42.210712
* 965: Cost = 0_54548021, Time = 39.74 sec. 
-Trial 965 0 54548021 42.215559
-Trial 966 0 54548021 42.248672
-Trial 967 0 54548021 42.257556
-Trial 968 0 54548021 42.259157
-Trial 969 0 54548021 42.260065
-Trial 970 0 54548021 42.296678
-Trial 971 0 54548021 42.311016
-Trial 972 0 54548021 42.316628
-Trial 973 0 54548021 42.317536
-Trial 974 0 54548021 42.332052
-Trial 975 0 54548021 42.335087
-Trial 976 0 54548021 42.434879
-Trial 977 0 54548021 42.440558
-Trial 978 0 54548021 42.442686
-Trial 979 0 54548021 42.443325
-Trial 980 0 54548021 42.444832
-Trial 981 0 54548021 42.455234
-Trial 982 0 54548021 42.461290
-Trial 983 0 54548021 42.463513
-Trial 984 0 54548021 42.463770
* 985: Cost = 0_54507820, Time = 39.99 sec. 
-Trial 985 0 54507820 42.471106
-Trial 986 0 54507820 42.485954
-Trial 987 0 54507820 42.489154
-Trial 988 0 54507820 42.547348
-Trial 989 0 54507820 42.592899
* 990: Cost = 0_54496128, Time = 40.14 sec. 
-Trial 990 0 54496128 42.614736
-Trial 991 0 54496128 42.985918
-Trial 992 0 54496128 43.087337
-Trial 993 0 54496128 43.109406
-Trial 994 0 54496128 43.198745
-Trial 995 0 54496128 43.539486
-Trial 996 0 54496128 43.540054
-Trial 997 0 54496128 43.540311
-Trial 998 0 54496128 43.541643
-Trial 999 0 54496128 43.584306
* 1000: Cost = 0_54488560, Time = 41.11 sec. 
-Trial 1000 0 54488560 43.586327
Population:
  1: 0_54488560
Run 1: Cost = 0_54488560, Time = 41.11 sec. 

Successes/Runs = 0/1 
Cost.min = 54488560, Cost.avg = 54488560.00, Cost.max = 54488560
Gap.min = 0.0000%, Gap.avg = 0.0000%, Gap.max = 0.0000%
Penalty.min = 0, Penalty.avg = 0.00, Penalty.max = 0
Trials.min = 1000, Trials.avg = 1000.0, Trials.max = 1000
Time.min = 41.11 sec., Time.avg = 41.11 sec., Time.max = 41.11 sec.
Time.total = 43.59 sec.
  Size.min = 30, Size.max = 50, Penalty = 0
  Cost.min = 880214, Cost.max = 1925306, Cost.sum = 54488560
Best CVRP solution:
  Cost = 0_54488560
553 1361 438 686 809 258 1054 1466 1109 129 480 83 1508 1346 34 789 829 1295 187 1256 567 410 108 1012 1155 521 856 53 68 57 1489 313 330 1252 1476 535 694 1491 1199 407 1315 102 119 1380 1294 641 1216 935 822 1073 692 649 719 192 1495 1282 1100 1 703 1201 936 409 1123 320 1424 1145 170 1448 405 881 721 1050 319 776 1422 709 951 1377 9 620 30 750 1228 159 243 862 465 988 1278 472 879 106 632 58 342 1348 1517 19 1135 1136 874 422 60 1085 947 917 1033 824 1128 1326 557 1185 1340 624 677 1425 1187 727 7 1062 1470 844 125 462 563 987 390 818 363 501 623 494 23 1515 1421 766 1359 670 140 419 245 361 989 1008 334 911 36 654 1262 788 1442 1368 577 510 1274 613 1192 133 785 134 171 1156 265 1267 1002 76 167 1214 698 1365 1025 1527 1403 1053 236 730 1337 1450 757 616 189 1362 499 753 954 63 273 938 1458 1345 905 852 622 836 158 1092 1303 663 469 728 44 525 287 876 895 1534 413 680 715 1290 208 820 426 1363 467 398 202 232 1308 884 605 451 516 1139 1031 662 25 446 1057 664 1369 1114 1323 435 6 1088 416 203 27 311 1067 716 276 783 888 1513 14 183 647 312 442 958 931 338 424 1040 687 1069 518 869 1007 764 347 1434 39 942 547 107 548 308 201 228 861 1396 176 18 566 1286 457 847 321 996 1535 596 1081 1066 885 1126 1416 165 126 886 1070 362 444 235 1307 1373 1483 1457 617 959 519 195 75 1388 468 358 1196 560 993 91 1009 1398 1462 423 943 775 833 762 1482 1275 97 1502 678 693 15 142 1038 194 441 146 718 354 724 592 1014 863 174 1310 821 648 676 1402 48 492 995 1490 875 1338 953 634 638 1018 575 1142 1163 493 382 61 725 242 296 1455 396 599 1132 1413 800 1524 1446 695 1233 1046 4 372 1292 589 846 855 1411 230 742 593 1347 1397 1186 628 1197 122 353 181 930 531 1459 253 1335 384 696 67 169 837 315 878 279 294 282 907 1024 1505 1353 1364 994 561 999 147 1110 801 471 404 447 414 434 961 431 533 968 267 542 1239 1494 685 708 470 1443 909 814 737 646 1194 559 813 1191 980 1222 1079 400 1395 1203 1537 1206 249 910 1257 288 682 339 643 1091 1010 893 1113 1224 35 223 1475 1169 770 1238 506 217 1374 761 1288 268 278 427 59 889 150 932 421 569 1456 967 612 1039 1105 929 1471 1511 127 38 1229 110 1060 333 231 163 429 80 318 1354 1148 269 927 853 1408 293 1137 1423 1393 1051 1094 1285 351 1049 17 255 207 817 1441 831 598 1003 213 1533 103 71 262 795 52 969 387 594 1501 1083 723 303 866 1140 437 826 1412 803 767 941 626 1473 1449 440 950 1378 464 841 378 1189 214 69 1492 64 1478 191 1063 1076 1514 1317 495 1358 1485 463 1430 882 491 630 1183 190 851 92 1444 305 41 1248 1035 402 656 28 224 615 1159 399 1283 637 1048 751 314 1172 111 1467 22 1160 939 186 704 796 79 1118 894 812 432 1525 1179 595 1500 915 513 1029 1289 503 1343 1205 1061 1246 1296 420 960 77 50 1121 109 669 475 1384 1387 356 920 115 985 250 1477 765 865 1454 449 168 601 1532 1178 748 924 322 1221 972 798 90 971 923 81 1325 963 1266 746 1433 1217 916 428 1250 290 1015 897 1474 582 1030 811 550 1379 1319 791 754 1328 635 839 710 130 306 1518 1431 1028 1090 121 1383 210 218 1013 1074 455 1301 790 248 558 1096 184 298 461 324 1027 209 185 1498 350 587 20 240 1117 807 779 277 473 1022 1005 1320 1167 1023 732 867 1512 179 1381 944 1086 781 653 466 1095 799 1215 538 479 749 1264 581 1111 301 527 921 1204 151 734 327 132 160 299 681 614 756 241 1101 1293 1106 94 331 1026 136 336 1516 871 611 477 1302 222 1017 579 712 580 1306 1389 683 1231 1318 773 1112 66 1357 29 584 1486 689 1180 946 1331 645 1065 1034 816 849 412 810 124 1520 524 786 1279 1234 476 565 1277 1099 530 280 982 672 998 406 619 284 316 973 1322 1122 1497 780 806 608 1235 509 1342 684 295 123 139 144 541 1426 981 1146 902 310 1097 392 379 72 858 1510 233 366 552 285 639 627 1312 668 120 367 1251 211 270 631 1236 848 739 1417 1152 1271 456 1153 655 164 1261 674 1382 1355 82 1240 1304 460 1133 1300 1223 1116 481 618 1324 1506 1463 1208 323 13 537 1394 259 1000 1480 1072 804 922 45 1195 769 1190 135 919 976 1366 1130 172 609 1004 1465 113 42 540 359 332 661 430 745 496 845 1001 55 263 297 1526 415 1487 349 1259 717 554 735 425 355 797 448 175 24 394 70 346 843 131 1068 610 925 1371 1272 403 1168 859 254 325 586 343 640 1177 1175 225 1047 1225 966 642 1171 1119 1244 391 731 1230 1528 329 335 956 606 408 177 114 1428 352 957 782 1452 1166 1107 375 283 1019 1134 699 401 778 974 204 239 1041 1376 459 215 507 33 85 1391 1530 568 452 381 514 808 597 89 665 1241 1314 834 154 952 454 901 585 1200 1147 32 825 87 116 93 556 1242 227 73 868 368 823 307 128 912 1407 532 978 149 1536 729 1270 219 1392 389 948 659 212 1089 900 906 873 153 206 658 226 1316 54 500 162 86 1129 671 551 772 1144 1227 1207 178 1311 555 1263 738 1182 1360 328 1349 137 1297 1496 913 1247 260 774 955 545 515 1493 84 3 1507 977 411 1386 1151 271 12 1400 49 100 291 1115 1281 1021 860 143 1245 1131 1461 870 651 286 1211 629 326 96 1438 1237 777 707 914 652 237 246 1415 497 543 1084 1522 697 43 1385 1052 621 304 1032 443 904 388 908 482 374 99 1453 1258 433 152 1080 138 417 705 815 522 1350 1287 104 341 251 864 1226 5 517 828 1276 1188 1341 1521 1120 1209 484 1141 583 252 221 1064 572 1269 148 1401 161 949 1071 1418 46 964 478 679 340 544 1202 805 975 1181 197 458 752 1299 983 937 1484 21 854 690 891 832 1305 1165 1504 1042 105 1437 571 1367 1104 1174 747 1419 771 188 198 986 11 1405 256 292 418 1260 65 675 266 272 264 520 529 112 357 714 229 1265 607 1218 1330 1210 88 570 1332 1087 1045 47 386 74 1531 792 377 1077 990 896 78 145 802 1075 1219 1399 1036 536 1078 56 1460 1253 842 1375 794 1055 741 528 300 857 511 539 156 155 1280 758 890 364 1037 979 1102 602 450 193 1503 763 1336 1158 1093 1170 1339 244 838 182 10 940 1420 1469 700 850 1429 1464 344 101 485 706 604 1127 199 1427 1138 498 1313 1451 1098 1539 1440 302 945 261 345 711 205 487 1447 759 51 578 564 600 274 574 98 508 733 984 196 1356 666 534 1220 1333 1372 1232 348 166 903 768 755 713 289 840 819 1509 736 1344 1404 1082 1351 1058 726 793 701 220 1243 369 247 8 37 1150 1352 660 636 835 1327 898 1173 16 474 1198 117 505 309 1481 257 370 997 1406 991 1329 337 393 1519 1409 141 688 1143 933 445 439 827 603 877 590 95 1309 512 722 317 899 1268 1213 2 1108 965 502 644 1321 934 962 691 62 1436 483 383 1523 667 180 1284 281 1445 650 883 489 702 740 1249 1291 1254 395 523 1162 1157 360 918 26 926 373 31 562 872 397 200 504 1193 970 1390 1298 118 1439 1149 1499 490 1184 928 1479 588 880 1538 1006 992 371 1414 526 238 234 365 1016 787 385 744 625 376 1435 1273 892 1370 720 1176 1011 173 1154 216 1255 1059 380 673 486 1432 1044 1164 743 1043 1056 453 760 488 1020 830 1529 633 436 784 1472 1124 549 275 1334 546 591 1161 1468 1103 657 1488 1410 887 573 576 1212 1125 40 157 553 
