PARAMETER_FILE = result/cvrp_1500/LKH_para/94.para
Reading PROBLEM_FILE: "result/cvrp_1500/cvrp/94.cvrp" ... done
ASCENT_CANDIDATES = 50
BACKBONE_TRIALS = 0
BACKTRACKING = NO
# BWTSP =
# CANDIDATE_FILE =
CANDIDATE_SET_TYPE = ALPHA
DEPOT = 1
# EDGE_FILE =
EXCESS = 0.000666223
EXTERNAL_SALESMEN = 0
EXTRA_CANDIDATES = 0 
EXTRA_CANDIDATE_SET_TYPE = QUADRANT
GAIN23 = NO
GAIN_CRITERION = YES
INITIAL_PERIOD = 750
INITIAL_STEP_SIZE = 1
INITIAL_TOUR_ALGORITHM = WALK
# INITIAL_TOUR_FILE = 
INITIAL_TOUR_FRACTION = 1.000
# INPUT_TOUR_FILE = 
KICK_TYPE = 4
KICKS = 1
# MAX_BREADTH =
MAKESPAN = NO
MAX_CANDIDATES = 5 
MAX_SWAPS = 0
MAX_TRIALS = 1000
# MERGE_TOUR_FILE =
MOVE_TYPE = 5 SPECIAL
MTSP_MIN_SIZE = 1
MTSP_MAX_SIZE = 1500
# MTSP_SOLUTION_FILE = 
# NONSEQUENTIAL_MOVE_TYPE = 5
# OPTIMUM =
# OUTPUT_TOUR_FILE = 
PATCHING_A = 1 
PATCHING_C = 0 
# PI_FILE = 
POPMUSIC_INITIAL_TOUR = NO
POPMUSIC_MAX_NEIGHBORS = 5
POPMUSIC_SAMPLE_SIZE = 10
POPMUSIC_SOLUTIONS = 50
POPMUSIC_TRIALS = 1
POPULATION_SIZE = 10
PRECISION = 100
PROBLEM_FILE = result/cvrp_1500/cvrp/94.cvrp
RECOMBINATION = IPT
RESTRICTED_SEARCH = YES
RUNS = 1
SALESMEN = 41
SCALE = 1
SEED = 1234
# SINTEF_SOLUTION_FILE = 
STOP_AT_OPTIMUM = YES
SUBGRADIENT = YES
# SUBPROBLEM_SIZE =
# SUBPROBLEM_TOUR_FILE = 
SUBSEQUENT_MOVE_TYPE = 5 SPECIAL
SUBSEQUENT_PATCHING = YES
# TIME_LIMIT =
# TOUR_FILE = 
TRACE_LEVEL = 1
VEHICLES = 41

Lower bound = 32434619.0, Ascent time = 2.49 sec.
Cand.min = 4, Cand.avg = 5.0, Cand.max = 5
Preprocessing time = 2.54 sec.
* 1: Cost = 0_82873569, Time = 3.80 sec. 
-Trial 1 0 82873569 6.344431
* 2: Cost = 0_82296584, Time = 3.83 sec. 
-Trial 2 0 82296584 6.374279
* 3: Cost = 0_82266427, Time = 3.83 sec. 
-Trial 3 0 82266427 6.377965
* 4: Cost = 0_82085040, Time = 3.85 sec. 
-Trial 4 0 82085040 6.399975
-Trial 5 0 82085040 6.400364
* 6: Cost = 0_82036053, Time = 3.86 sec. 
-Trial 6 0 82036053 6.403524
* 7: Cost = 0_82029164, Time = 3.86 sec. 
-Trial 7 0 82029164 6.408016
* 8: Cost = 0_81890324, Time = 3.89 sec. 
-Trial 8 0 81890324 6.439038
-Trial 9 0 81890324 6.440488
-Trial 10 0 81890324 6.441448
* 11: Cost = 0_80708829, Time = 3.95 sec. 
-Trial 11 0 80708829 6.492150
-Trial 12 0 80708829 6.493222
-Trial 13 0 80708829 6.497582
* 14: Cost = 0_80444521, Time = 4.10 sec. 
-Trial 14 0 80444521 6.642006
* 15: Cost = 0_80383258, Time = 4.13 sec. 
-Trial 15 0 80383258 6.678462
* 16: Cost = 0_80378213, Time = 4.13 sec. 
-Trial 16 0 80378213 6.679712
* 17: Cost = 0_79746755, Time = 4.27 sec. 
-Trial 17 0 79746755 6.813866
-Trial 18 0 79746755 6.816107
-Trial 19 0 79746755 6.817195
-Trial 20 0 79746755 6.817762
-Trial 21 0 79746755 6.882293
* 22: Cost = 0_79614376, Time = 4.36 sec. 
-Trial 22 0 79614376 6.909814
* 23: Cost = 0_79536310, Time = 4.41 sec. 
-Trial 23 0 79536310 6.952113
-Trial 24 0 79536310 6.952489
-Trial 25 0 79536310 7.021471
-Trial 26 0 79536310 7.051265
* 27: Cost = 0_78667412, Time = 4.56 sec. 
-Trial 27 0 78667412 7.105717
* 28: Cost = 0_78558306, Time = 4.58 sec. 
-Trial 28 0 78558306 7.129841
* 29: Cost = 0_78282146, Time = 4.61 sec. 
-Trial 29 0 78282146 7.154676
-Trial 30 0 78282146 7.157063
-Trial 31 0 78282146 7.157435
-Trial 32 0 78282146 7.163350
* 33: Cost = 0_78250013, Time = 4.63 sec. 
-Trial 33 0 78250013 7.178298
-Trial 34 0 78250013 7.179749
* 35: Cost = 0_78114841, Time = 4.72 sec. 
-Trial 35 0 78114841 7.263783
-Trial 36 0 78114841 7.268997
* 37: Cost = 0_78004127, Time = 4.74 sec. 
-Trial 37 0 78004127 7.283109
-Trial 38 0 78004127 7.284316
-Trial 39 0 78004127 7.292026
* 40: Cost = 0_77968099, Time = 4.77 sec. 
-Trial 40 0 77968099 7.316307
* 41: Cost = 0_77940945, Time = 4.77 sec. 
-Trial 41 0 77940945 7.319593
-Trial 42 0 77940945 7.361915
-Trial 43 0 77940945 7.362948
* 44: Cost = 0_77295890, Time = 4.91 sec. 
-Trial 44 0 77295890 7.457234
-Trial 45 0 77295890 7.457690
* 46: Cost = 0_77281443, Time = 4.92 sec. 
-Trial 46 0 77281443 7.463381
-Trial 47 0 77281443 7.488972
-Trial 48 0 77281443 7.489805
* 49: Cost = 0_76810104, Time = 5.25 sec. 
-Trial 49 0 76810104 7.795170
* 50: Cost = 0_76784921, Time = 5.25 sec. 
-Trial 50 0 76784921 7.799902
* 51: Cost = 0_76776237, Time = 5.26 sec. 
-Trial 51 0 76776237 7.806661
* 52: Cost = 0_76739382, Time = 5.27 sec. 
-Trial 52 0 76739382 7.818257
* 53: Cost = 0_76353200, Time = 5.58 sec. 
-Trial 53 0 76353200 8.122240
-Trial 54 0 76353200 8.122623
-Trial 55 0 76353200 8.124642
-Trial 56 0 76353200 8.125376
-Trial 57 0 76353200 8.141040
-Trial 58 0 76353200 8.225525
-Trial 59 0 76353200 8.225793
-Trial 60 0 76353200 8.226441
-Trial 61 0 76353200 8.264446
-Trial 62 0 76353200 8.265036
* 63: Cost = 0_76152349, Time = 5.76 sec. 
-Trial 63 0 76152349 8.310141
-Trial 64 0 76152349 8.336519
-Trial 65 0 76152349 8.337106
* 66: Cost = 0_75990376, Time = 5.82 sec. 
-Trial 66 0 75990376 8.366958
-Trial 67 0 75990376 8.382814
-Trial 68 0 75990376 8.386036
* 69: Cost = 0_75907999, Time = 5.84 sec. 
-Trial 69 0 75907999 8.387656
-Trial 70 0 75907999 8.423899
-Trial 71 0 75907999 8.567313
* 72: Cost = 0_75901587, Time = 6.02 sec. 
-Trial 72 0 75901587 8.569912
-Trial 73 0 75901587 8.571882
-Trial 74 0 75901587 8.633633
-Trial 75 0 75901587 8.643675
-Trial 76 0 75901587 8.647149
-Trial 77 0 75901587 8.647469
* 78: Cost = 0_75901508, Time = 6.11 sec. 
-Trial 78 0 75901508 8.657906
-Trial 79 0 75901508 8.658306
* 80: Cost = 0_75899180, Time = 6.13 sec. 
-Trial 80 0 75899180 8.673112
-Trial 81 0 75899180 8.704687
-Trial 82 0 75899180 8.725809
-Trial 83 0 75899180 8.795612
-Trial 84 0 75899180 9.259588
-Trial 85 0 75899180 9.278234
-Trial 86 0 75899180 9.279602
* 87: Cost = 0_75864586, Time = 6.90 sec. 
-Trial 87 0 75864586 9.444000
-Trial 88 0 75864586 9.444891
-Trial 89 0 75864586 9.464532
-Trial 90 0 75864586 9.502552
-Trial 91 0 75864586 9.505602
-Trial 92 0 75864586 9.549010
-Trial 93 0 75864586 9.599809
-Trial 94 0 75864586 9.618487
-Trial 95 0 75864586 9.620000
* 96: Cost = 0_75713908, Time = 7.08 sec. 
-Trial 96 0 75713908 9.627570
-Trial 97 0 75713908 9.676649
-Trial 98 0 75713908 9.677035
-Trial 99 0 75713908 9.678269
-Trial 100 0 75713908 9.689495
-Trial 101 0 75713908 9.744484
-Trial 102 0 75713908 9.746745
-Trial 103 0 75713908 9.919922
-Trial 104 0 75713908 10.029126
* 105: Cost = 0_75639715, Time = 7.52 sec. 
-Trial 105 0 75639715 10.067291
-Trial 106 0 75639715 10.308847
-Trial 107 0 75639715 10.309613
-Trial 108 0 75639715 10.485548
-Trial 109 0 75639715 10.520800
-Trial 110 0 75639715 10.521628
-Trial 111 0 75639715 10.596117
* 112: Cost = 0_75603028, Time = 8.06 sec. 
-Trial 112 0 75603028 10.608341
* 113: Cost = 0_75602668, Time = 8.09 sec. 
-Trial 113 0 75602668 10.636626
-Trial 114 0 75602668 10.725916
-Trial 115 0 75602668 10.726762
-Trial 116 0 75602668 10.729673
-Trial 117 0 75602668 10.773492
-Trial 118 0 75602668 10.785968
* 119: Cost = 0_75590717, Time = 8.25 sec. 
-Trial 119 0 75590717 10.794157
-Trial 120 0 75590717 10.819534
-Trial 121 0 75590717 10.826533
-Trial 122 0 75590717 10.836988
* 123: Cost = 0_75583612, Time = 8.88 sec. 
-Trial 123 0 75583612 11.424881
-Trial 124 0 75583612 11.426831
* 125: Cost = 0_75504005, Time = 8.92 sec. 
-Trial 125 0 75504005 11.464545
-Trial 126 0 75504005 11.465271
-Trial 127 0 75504005 11.466572
-Trial 128 0 75504005 11.469768
-Trial 129 0 75504005 11.484018
-Trial 130 0 75504005 11.484989
-Trial 131 0 75504005 11.488682
-Trial 132 0 75504005 11.490373
-Trial 133 0 75504005 11.502116
-Trial 134 0 75504005 11.602950
* 135: Cost = 0_75494395, Time = 9.07 sec. 
-Trial 135 0 75494395 11.618166
-Trial 136 0 75494395 11.621112
* 137: Cost = 0_74835405, Time = 9.21 sec. 
-Trial 137 0 74835405 11.754174
* 138: Cost = 0_74831890, Time = 9.29 sec. 
-Trial 138 0 74831890 11.836675
* 139: Cost = 0_74763118, Time = 9.31 sec. 
-Trial 139 0 74763118 11.858874
-Trial 140 0 74763118 11.859248
-Trial 141 0 74763118 11.876157
* 142: Cost = 0_74504609, Time = 9.51 sec. 
-Trial 142 0 74504609 12.050900
-Trial 143 0 74504609 12.051246
* 144: Cost = 0_74484659, Time = 9.53 sec. 
-Trial 144 0 74484659 12.071104
* 145: Cost = 0_74483987, Time = 9.54 sec. 
-Trial 145 0 74483987 12.089463
-Trial 146 0 74483987 12.090627
-Trial 147 0 74483987 12.180760
* 148: Cost = 0_74475182, Time = 9.65 sec. 
-Trial 148 0 74475182 12.195819
-Trial 149 0 74475182 12.229886
* 150: Cost = 0_74408159, Time = 9.75 sec. 
-Trial 150 0 74408159 12.292742
-Trial 151 0 74408159 12.316632
-Trial 152 0 74408159 12.341190
-Trial 153 0 74408159 12.393610
-Trial 154 0 74408159 12.419417
-Trial 155 0 74408159 12.483093
-Trial 156 0 74408159 12.484616
* 157: Cost = 0_74404566, Time = 10.02 sec. 
-Trial 157 0 74404566 12.569811
-Trial 158 0 74404566 12.796686
-Trial 159 0 74404566 12.799953
-Trial 160 0 74404566 12.800523
-Trial 161 0 74404566 12.840307
-Trial 162 0 74404566 12.840870
-Trial 163 0 74404566 12.905938
* 164: Cost = 0_74400132, Time = 10.38 sec. 
-Trial 164 0 74400132 12.927288
-Trial 165 0 74400132 12.973876
* 166: Cost = 0_74391144, Time = 10.47 sec. 
-Trial 166 0 74391144 13.013853
-Trial 167 0 74391144 13.015145
-Trial 168 0 74391144 13.016192
-Trial 169 0 74391144 13.321232
-Trial 170 0 74391144 13.332572
* 171: Cost = 0_74370751, Time = 10.86 sec. 
-Trial 171 0 74370751 13.403363
-Trial 172 0 74370751 13.451508
-Trial 173 0 74370751 13.453299
-Trial 174 0 74370751 13.584771
-Trial 175 0 74370751 13.595566
-Trial 176 0 74370751 13.602509
-Trial 177 0 74370751 13.626847
* 178: Cost = 0_74365814, Time = 11.29 sec. 
-Trial 178 0 74365814 13.830463
-Trial 179 0 74365814 13.836061
-Trial 180 0 74365814 13.837609
-Trial 181 0 74365814 13.839316
-Trial 182 0 74365814 13.843229
-Trial 183 0 74365814 13.843961
-Trial 184 0 74365814 13.848705
-Trial 185 0 74365814 13.851122
-Trial 186 0 74365814 13.852162
-Trial 187 0 74365814 13.878112
* 188: Cost = 0_74295039, Time = 11.40 sec. 
-Trial 188 0 74295039 13.949486
-Trial 189 0 74295039 13.958133
-Trial 190 0 74295039 13.962260
-Trial 191 0 74295039 13.962698
-Trial 192 0 74295039 13.970492
* 193: Cost = 0_74252843, Time = 11.44 sec. 
-Trial 193 0 74252843 13.986829
-Trial 194 0 74252843 13.988310
-Trial 195 0 74252843 13.991754
* 196: Cost = 0_74184724, Time = 11.77 sec. 
-Trial 196 0 74184724 14.317347
-Trial 197 0 74184724 14.397223
-Trial 198 0 74184724 14.399474
* 199: Cost = 0_74091201, Time = 11.98 sec. 
-Trial 199 0 74091201 14.523256
-Trial 200 0 74091201 14.525012
-Trial 201 0 74091201 14.533384
-Trial 202 0 74091201 14.550154
-Trial 203 0 74091201 14.554495
* 204: Cost = 0_74078515, Time = 12.21 sec. 
-Trial 204 0 74078515 14.752712
-Trial 205 0 74078515 14.756489
-Trial 206 0 74078515 14.774225
* 207: Cost = 0_74048384, Time = 12.40 sec. 
-Trial 207 0 74048384 14.946744
-Trial 208 0 74048384 14.974394
-Trial 209 0 74048384 14.976010
-Trial 210 0 74048384 14.990727
-Trial 211 0 74048384 14.991171
-Trial 212 0 74048384 15.013912
-Trial 213 0 74048384 15.020919
-Trial 214 0 74048384 15.182589
-Trial 215 0 74048384 15.367900
-Trial 216 0 74048384 15.369306
-Trial 217 0 74048384 15.400158
-Trial 218 0 74048384 15.401069
-Trial 219 0 74048384 15.462489
-Trial 220 0 74048384 15.463128
-Trial 221 0 74048384 15.465332
-Trial 222 0 74048384 15.474473
-Trial 223 0 74048384 15.474729
-Trial 224 0 74048384 15.475095
-Trial 225 0 74048384 15.606322
-Trial 226 0 74048384 15.769764
-Trial 227 0 74048384 15.905726
* 228: Cost = 0_73981977, Time = 13.43 sec. 
-Trial 228 0 73981977 15.979007
* 229: Cost = 0_73980819, Time = 13.45 sec. 
-Trial 229 0 73980819 15.992491
-Trial 230 0 73980819 15.993117
-Trial 231 0 73980819 15.993702
* 232: Cost = 0_73971568, Time = 13.56 sec. 
-Trial 232 0 73971568 16.103658
* 233: Cost = 0_73939221, Time = 13.59 sec. 
-Trial 233 0 73939221 16.136528
-Trial 234 0 73939221 16.137683
-Trial 235 0 73939221 16.138566
* 236: Cost = 0_73939052, Time = 13.61 sec. 
-Trial 236 0 73939052 16.155464
-Trial 237 0 73939052 16.157449
-Trial 238 0 73939052 16.160854
-Trial 239 0 73939052 16.165020
-Trial 240 0 73939052 16.165537
-Trial 241 0 73939052 16.168044
-Trial 242 0 73939052 16.211143
-Trial 243 0 73939052 16.293508
-Trial 244 0 73939052 16.294888
* 245: Cost = 0_73883610, Time = 13.82 sec. 
-Trial 245 0 73883610 16.362689
-Trial 246 0 73883610 16.630316
-Trial 247 0 73883610 16.631577
-Trial 248 0 73883610 16.633289
-Trial 249 0 73883610 16.649915
* 250: Cost = 0_73855150, Time = 14.13 sec. 
-Trial 250 0 73855150 16.675414
-Trial 251 0 73855150 16.683193
-Trial 252 0 73855150 16.740395
-Trial 253 0 73855150 16.757453
-Trial 254 0 73855150 16.859860
-Trial 255 0 73855150 16.862055
-Trial 256 0 73855150 17.003255
-Trial 257 0 73855150 17.005376
-Trial 258 0 73855150 17.006224
-Trial 259 0 73855150 17.016167
-Trial 260 0 73855150 17.017585
-Trial 261 0 73855150 17.049812
-Trial 262 0 73855150 17.160821
-Trial 263 0 73855150 17.278969
-Trial 264 0 73855150 17.290868
-Trial 265 0 73855150 17.291598
-Trial 266 0 73855150 17.294040
-Trial 267 0 73855150 17.750799
* 268: Cost = 0_73845189, Time = 15.23 sec. 
-Trial 268 0 73845189 17.772963
-Trial 269 0 73845189 17.779921
-Trial 270 0 73845189 17.781922
-Trial 271 0 73845189 17.790806
-Trial 272 0 73845189 17.794610
-Trial 273 0 73845189 17.828936
-Trial 274 0 73845189 17.832831
* 275: Cost = 0_73843627, Time = 15.32 sec. 
-Trial 275 0 73843627 17.861657
-Trial 276 0 73843627 17.943093
-Trial 277 0 73843627 17.945071
* 278: Cost = 0_73733356, Time = 15.55 sec. 
-Trial 278 0 73733356 18.092084
* 279: Cost = 0_73690391, Time = 15.62 sec. 
-Trial 279 0 73690391 18.162823
-Trial 280 0 73690391 18.194889
-Trial 281 0 73690391 18.195835
* 282: Cost = 0_73676509, Time = 15.69 sec. 
-Trial 282 0 73676509 18.236981
-Trial 283 0 73676509 18.244343
* 284: Cost = 0_73654846, Time = 15.71 sec. 
-Trial 284 0 73654846 18.255506
-Trial 285 0 73654846 18.257278
* 286: Cost = 0_73626505, Time = 15.81 sec. 
-Trial 286 0 73626505 18.359384
* 287: Cost = 0_73619851, Time = 15.87 sec. 
-Trial 287 0 73619851 18.412815
-Trial 288 0 73619851 18.418810
* 289: Cost = 0_73611077, Time = 15.90 sec. 
-Trial 289 0 73611077 18.448433
-Trial 290 0 73611077 18.463779
-Trial 291 0 73611077 18.464317
-Trial 292 0 73611077 18.464927
-Trial 293 0 73611077 18.467890
-Trial 294 0 73611077 18.468541
-Trial 295 0 73611077 18.492983
-Trial 296 0 73611077 18.493262
-Trial 297 0 73611077 18.493588
-Trial 298 0 73611077 18.718551
-Trial 299 0 73611077 18.719193
-Trial 300 0 73611077 18.720336
-Trial 301 0 73611077 18.741697
-Trial 302 0 73611077 18.742985
-Trial 303 0 73611077 18.745279
* 304: Cost = 0_73564697, Time = 16.26 sec. 
-Trial 304 0 73564697 18.807154
-Trial 305 0 73564697 18.819418
* 306: Cost = 0_73552587, Time = 16.33 sec. 
-Trial 306 0 73552587 18.873248
-Trial 307 0 73552587 18.873963
-Trial 308 0 73552587 19.185556
-Trial 309 0 73552587 19.197612
-Trial 310 0 73552587 19.302341
-Trial 311 0 73552587 19.303942
-Trial 312 0 73552587 19.706675
-Trial 313 0 73552587 19.745487
-Trial 314 0 73552587 19.746648
-Trial 315 0 73552587 19.778194
-Trial 316 0 73552587 20.284526
-Trial 317 0 73552587 20.300767
-Trial 318 0 73552587 20.305184
* 319: Cost = 0_73533559, Time = 17.79 sec. 
-Trial 319 0 73533559 20.339177
-Trial 320 0 73533559 20.339928
-Trial 321 0 73533559 20.355557
-Trial 322 0 73533559 20.356553
-Trial 323 0 73533559 20.385893
* 324: Cost = 0_73529848, Time = 17.87 sec. 
-Trial 324 0 73529848 20.410800
-Trial 325 0 73529848 20.411509
-Trial 326 0 73529848 20.422279
-Trial 327 0 73529848 20.465239
-Trial 328 0 73529848 20.467253
-Trial 329 0 73529848 20.467859
-Trial 330 0 73529848 20.663496
-Trial 331 0 73529848 20.665191
-Trial 332 0 73529848 20.677101
* 333: Cost = 0_73486042, Time = 18.13 sec. 
-Trial 333 0 73486042 20.679732
-Trial 334 0 73486042 20.680396
-Trial 335 0 73486042 20.764875
-Trial 336 0 73486042 21.220181
-Trial 337 0 73486042 21.231542
-Trial 338 0 73486042 21.232810
-Trial 339 0 73486042 21.296564
-Trial 340 0 73486042 21.343611
-Trial 341 0 73486042 21.354317
-Trial 342 0 73486042 21.354728
-Trial 343 0 73486042 21.355139
-Trial 344 0 73486042 21.371356
-Trial 345 0 73486042 21.390823
-Trial 346 0 73486042 21.391375
-Trial 347 0 73486042 21.570744
-Trial 348 0 73486042 21.611783
-Trial 349 0 73486042 21.636526
* 350: Cost = 0_73464026, Time = 19.18 sec. 
-Trial 350 0 73464026 21.724974
-Trial 351 0 73464026 21.725452
-Trial 352 0 73464026 21.920297
-Trial 353 0 73464026 21.985104
-Trial 354 0 73464026 21.992995
-Trial 355 0 73464026 21.997657
-Trial 356 0 73464026 22.000835
-Trial 357 0 73464026 22.059601
-Trial 358 0 73464026 22.060562
-Trial 359 0 73464026 22.197133
-Trial 360 0 73464026 22.198314
-Trial 361 0 73464026 22.199217
-Trial 362 0 73464026 22.200383
-Trial 363 0 73464026 22.258417
-Trial 364 0 73464026 22.278513
-Trial 365 0 73464026 22.282880
-Trial 366 0 73464026 22.491954
-Trial 367 0 73464026 22.492340
-Trial 368 0 73464026 22.511129
-Trial 369 0 73464026 22.523753
-Trial 370 0 73464026 22.528309
-Trial 371 0 73464026 22.529697
-Trial 372 0 73464026 22.698912
-Trial 373 0 73464026 22.700128
-Trial 374 0 73464026 22.782031
-Trial 375 0 73464026 22.784021
-Trial 376 0 73464026 22.786362
-Trial 377 0 73464026 22.841710
-Trial 378 0 73464026 22.842290
* 379: Cost = 0_73459476, Time = 20.30 sec. 
-Trial 379 0 73459476 22.848856
-Trial 380 0 73459476 22.871496
* 381: Cost = 0_73458095, Time = 20.33 sec. 
-Trial 381 0 73458095 22.875417
-Trial 382 0 73458095 22.930379
-Trial 383 0 73458095 22.936988
-Trial 384 0 73458095 22.975758
-Trial 385 0 73458095 22.976589
-Trial 386 0 73458095 23.007319
* 387: Cost = 0_73457126, Time = 20.50 sec. 
-Trial 387 0 73457126 23.047982
-Trial 388 0 73457126 23.049449
-Trial 389 0 73457126 23.050607
-Trial 390 0 73457126 23.069601
-Trial 391 0 73457126 23.071062
-Trial 392 0 73457126 23.071986
-Trial 393 0 73457126 23.072338
-Trial 394 0 73457126 23.077460
-Trial 395 0 73457126 23.077968
-Trial 396 0 73457126 23.078335
-Trial 397 0 73457126 23.081667
-Trial 398 0 73457126 23.085683
-Trial 399 0 73457126 23.086568
-Trial 400 0 73457126 23.216397
-Trial 401 0 73457126 23.224124
-Trial 402 0 73457126 23.236891
-Trial 403 0 73457126 23.359409
-Trial 404 0 73457126 23.362255
-Trial 405 0 73457126 23.388219
-Trial 406 0 73457126 23.389105
-Trial 407 0 73457126 23.426356
-Trial 408 0 73457126 23.430625
* 409: Cost = 0_73439837, Time = 20.93 sec. 
-Trial 409 0 73439837 23.476521
-Trial 410 0 73439837 23.500061
-Trial 411 0 73439837 23.551055
-Trial 412 0 73439837 23.615013
-Trial 413 0 73439837 23.615320
-Trial 414 0 73439837 23.648648
-Trial 415 0 73439837 23.650147
-Trial 416 0 73439837 23.671856
-Trial 417 0 73439837 23.721175
-Trial 418 0 73439837 23.749732
-Trial 419 0 73439837 23.779739
-Trial 420 0 73439837 24.030093
-Trial 421 0 73439837 24.031784
-Trial 422 0 73439837 24.090578
-Trial 423 0 73439837 24.094089
-Trial 424 0 73439837 24.094541
-Trial 425 0 73439837 24.095900
-Trial 426 0 73439837 24.096432
-Trial 427 0 73439837 24.133038
* 428: Cost = 0_73363623, Time = 21.63 sec. 
-Trial 428 0 73363623 24.174479
-Trial 429 0 73363623 24.488733
-Trial 430 0 73363623 24.511841
-Trial 431 0 73363623 24.752205
-Trial 432 0 73363623 24.757168
-Trial 433 0 73363623 24.760854
-Trial 434 0 73363623 24.764510
-Trial 435 0 73363623 24.767312
-Trial 436 0 73363623 24.768845
-Trial 437 0 73363623 24.772311
-Trial 438 0 73363623 25.142154
* 439: Cost = 0_73358943, Time = 22.65 sec. 
-Trial 439 0 73358943 25.197671
-Trial 440 0 73358943 25.198731
-Trial 441 0 73358943 25.313463
-Trial 442 0 73358943 25.486416
* 443: Cost = 0_73319155, Time = 22.97 sec. 
-Trial 443 0 73319155 25.513347
-Trial 444 0 73319155 25.522249
-Trial 445 0 73319155 25.528736
-Trial 446 0 73319155 25.537789
-Trial 447 0 73319155 25.577461
-Trial 448 0 73319155 25.580161
* 449: Cost = 0_73286008, Time = 23.13 sec. 
-Trial 449 0 73286008 25.671272
-Trial 450 0 73286008 25.673387
-Trial 451 0 73286008 26.479508
-Trial 452 0 73286008 26.534633
-Trial 453 0 73286008 26.562157
-Trial 454 0 73286008 26.562819
-Trial 455 0 73286008 26.616303
-Trial 456 0 73286008 26.623740
-Trial 457 0 73286008 26.625272
-Trial 458 0 73286008 26.745116
-Trial 459 0 73286008 26.746600
-Trial 460 0 73286008 26.761203
-Trial 461 0 73286008 26.762065
-Trial 462 0 73286008 26.790544
-Trial 463 0 73286008 26.912441
-Trial 464 0 73286008 26.948966
-Trial 465 0 73286008 26.988454
-Trial 466 0 73286008 27.047767
-Trial 467 0 73286008 27.074038
-Trial 468 0 73286008 27.090559
-Trial 469 0 73286008 27.188308
* 470: Cost = 0_73285818, Time = 24.67 sec. 
-Trial 470 0 73285818 27.212183
-Trial 471 0 73285818 27.243868
-Trial 472 0 73285818 27.244849
-Trial 473 0 73285818 27.262776
-Trial 474 0 73285818 27.264453
-Trial 475 0 73285818 27.264730
-Trial 476 0 73285818 27.272597
-Trial 477 0 73285818 27.310481
-Trial 478 0 73285818 27.322376
* 479: Cost = 0_73213431, Time = 24.82 sec. 
-Trial 479 0 73213431 27.363356
-Trial 480 0 73213431 27.478359
-Trial 481 0 73213431 27.518784
-Trial 482 0 73213431 27.633324
-Trial 483 0 73213431 27.641605
-Trial 484 0 73213431 27.642152
-Trial 485 0 73213431 27.887464
-Trial 486 0 73213431 27.889468
* 487: Cost = 0_73185922, Time = 25.36 sec. 
-Trial 487 0 73185922 27.905231
-Trial 488 0 73185922 27.905980
-Trial 489 0 73185922 27.914737
-Trial 490 0 73185922 27.915338
-Trial 491 0 73185922 27.917837
-Trial 492 0 73185922 28.038083
-Trial 493 0 73185922 28.049663
-Trial 494 0 73185922 28.125539
-Trial 495 0 73185922 28.261480
-Trial 496 0 73185922 28.272144
-Trial 497 0 73185922 28.278041
-Trial 498 0 73185922 28.320628
-Trial 499 0 73185922 28.346812
-Trial 500 0 73185922 28.543149
-Trial 501 0 73185922 28.599817
-Trial 502 0 73185922 28.606624
-Trial 503 0 73185922 28.740987
-Trial 504 0 73185922 28.781106
-Trial 505 0 73185922 28.795843
-Trial 506 0 73185922 28.814758
-Trial 507 0 73185922 28.817536
-Trial 508 0 73185922 28.852902
-Trial 509 0 73185922 28.859026
-Trial 510 0 73185922 28.859943
-Trial 511 0 73185922 28.862192
-Trial 512 0 73185922 28.913315
-Trial 513 0 73185922 29.181400
-Trial 514 0 73185922 29.282281
-Trial 515 0 73185922 29.289743
-Trial 516 0 73185922 29.290659
-Trial 517 0 73185922 29.368018
-Trial 518 0 73185922 29.368404
-Trial 519 0 73185922 29.371414
-Trial 520 0 73185922 29.380397
-Trial 521 0 73185922 29.385331
-Trial 522 0 73185922 29.417598
-Trial 523 0 73185922 29.427327
-Trial 524 0 73185922 29.433783
-Trial 525 0 73185922 29.533254
-Trial 526 0 73185922 29.651324
-Trial 527 0 73185922 29.657080
-Trial 528 0 73185922 29.702061
-Trial 529 0 73185922 29.716334
-Trial 530 0 73185922 29.719380
-Trial 531 0 73185922 29.769551
-Trial 532 0 73185922 29.796102
-Trial 533 0 73185922 29.825041
-Trial 534 0 73185922 29.829555
-Trial 535 0 73185922 29.900972
-Trial 536 0 73185922 29.908528
-Trial 537 0 73185922 29.958290
-Trial 538 0 73185922 29.959887
-Trial 539 0 73185922 29.961415
-Trial 540 0 73185922 29.967870
-Trial 541 0 73185922 30.042998
-Trial 542 0 73185922 30.052074
-Trial 543 0 73185922 30.053086
-Trial 544 0 73185922 30.093996
-Trial 545 0 73185922 30.099909
-Trial 546 0 73185922 30.101041
-Trial 547 0 73185922 30.102199
-Trial 548 0 73185922 30.258686
-Trial 549 0 73185922 30.259576
-Trial 550 0 73185922 30.262476
-Trial 551 0 73185922 30.263219
-Trial 552 0 73185922 31.101854
-Trial 553 0 73185922 31.109020
* 554: Cost = 0_73178402, Time = 28.58 sec. 
-Trial 554 0 73178402 31.124820
-Trial 555 0 73178402 31.128139
-Trial 556 0 73178402 31.147518
-Trial 557 0 73178402 31.158262
-Trial 558 0 73178402 31.208980
-Trial 559 0 73178402 31.218604
-Trial 560 0 73178402 31.222428
-Trial 561 0 73178402 31.229374
-Trial 562 0 73178402 31.491894
-Trial 563 0 73178402 31.507150
-Trial 564 0 73178402 31.532071
-Trial 565 0 73178402 31.539956
* 566: Cost = 0_73171097, Time = 29.04 sec. 
-Trial 566 0 73171097 31.585358
* 567: Cost = 0_73164858, Time = 29.14 sec. 
-Trial 567 0 73164858 31.686009
-Trial 568 0 73164858 32.153109
-Trial 569 0 73164858 32.154025
-Trial 570 0 73164858 32.154917
-Trial 571 0 73164858 32.201453
-Trial 572 0 73164858 32.201967
-Trial 573 0 73164858 32.470154
-Trial 574 0 73164858 32.473664
-Trial 575 0 73164858 32.476603
-Trial 576 0 73164858 32.662200
-Trial 577 0 73164858 32.674073
-Trial 578 0 73164858 32.675091
-Trial 579 0 73164858 32.759097
* 580: Cost = 0_73133853, Time = 30.26 sec. 
-Trial 580 0 73133853 32.800701
-Trial 581 0 73133853 32.807442
* 582: Cost = 0_73133615, Time = 30.33 sec. 
-Trial 582 0 73133615 32.872572
-Trial 583 0 73133615 33.493529
-Trial 584 0 73133615 33.496561
-Trial 585 0 73133615 33.499895
-Trial 586 0 73133615 33.508158
-Trial 587 0 73133615 33.917109
-Trial 588 0 73133615 33.938234
-Trial 589 0 73133615 33.938707
-Trial 590 0 73133615 33.951236
-Trial 591 0 73133615 33.954451
-Trial 592 0 73133615 33.955665
* 593: Cost = 0_73133208, Time = 31.42 sec. 
-Trial 593 0 73133208 33.965983
-Trial 594 0 73133208 33.969092
-Trial 595 0 73133208 33.987764
-Trial 596 0 73133208 33.988631
-Trial 597 0 73133208 33.990108
-Trial 598 0 73133208 33.993134
-Trial 599 0 73133208 33.995255
-Trial 600 0 73133208 33.999002
-Trial 601 0 73133208 34.079278
-Trial 602 0 73133208 34.083474
-Trial 603 0 73133208 34.086360
-Trial 604 0 73133208 34.160325
-Trial 605 0 73133208 34.167706
-Trial 606 0 73133208 35.030404
-Trial 607 0 73133208 35.667349
-Trial 608 0 73133208 35.718557
-Trial 609 0 73133208 35.787870
-Trial 610 0 73133208 35.789748
-Trial 611 0 73133208 35.816821
-Trial 612 0 73133208 35.834514
-Trial 613 0 73133208 35.892234
-Trial 614 0 73133208 35.908020
-Trial 615 0 73133208 35.908549
-Trial 616 0 73133208 35.912685
-Trial 617 0 73133208 35.977020
-Trial 618 0 73133208 36.013099
-Trial 619 0 73133208 36.090833
-Trial 620 0 73133208 36.096077
-Trial 621 0 73133208 36.102044
-Trial 622 0 73133208 36.126009
* 623: Cost = 0_73123499, Time = 33.59 sec. 
-Trial 623 0 73123499 36.133025
-Trial 624 0 73123499 36.144605
-Trial 625 0 73123499 36.153524
-Trial 626 0 73123499 36.215956
-Trial 627 0 73123499 36.216521
-Trial 628 0 73123499 36.838788
-Trial 629 0 73123499 36.854872
-Trial 630 0 73123499 37.020998
-Trial 631 0 73123499 37.028501
-Trial 632 0 73123499 37.031754
-Trial 633 0 73123499 37.033290
-Trial 634 0 73123499 37.114649
-Trial 635 0 73123499 37.133270
-Trial 636 0 73123499 37.134023
-Trial 637 0 73123499 37.139905
-Trial 638 0 73123499 37.155358
-Trial 639 0 73123499 37.177690
-Trial 640 0 73123499 37.189515
* 641: Cost = 0_73118563, Time = 34.67 sec. 
-Trial 641 0 73118563 37.214016
-Trial 642 0 73118563 37.223737
-Trial 643 0 73118563 37.261390
-Trial 644 0 73118563 37.262298
-Trial 645 0 73118563 38.329665
-Trial 646 0 73118563 38.335915
-Trial 647 0 73118563 38.337815
-Trial 648 0 73118563 38.348180
-Trial 649 0 73118563 38.352569
-Trial 650 0 73118563 38.353840
-Trial 651 0 73118563 38.356113
-Trial 652 0 73118563 38.433747
-Trial 653 0 73118563 38.434143
-Trial 654 0 73118563 38.446224
-Trial 655 0 73118563 38.533875
-Trial 656 0 73118563 38.615837
-Trial 657 0 73118563 38.700551
-Trial 658 0 73118563 38.701002
-Trial 659 0 73118563 38.702787
-Trial 660 0 73118563 38.708199
* 661: Cost = 0_73089797, Time = 36.24 sec. 
-Trial 661 0 73089797 38.787774
-Trial 662 0 73089797 38.789965
-Trial 663 0 73089797 38.794685
* 664: Cost = 0_73068574, Time = 36.30 sec. 
-Trial 664 0 73068574 38.845451
-Trial 665 0 73068574 38.847640
-Trial 666 0 73068574 38.942912
-Trial 667 0 73068574 39.210318
-Trial 668 0 73068574 39.265479
-Trial 669 0 73068574 39.274492
-Trial 670 0 73068574 39.320434
-Trial 671 0 73068574 39.340418
-Trial 672 0 73068574 39.384300
-Trial 673 0 73068574 39.390832
* 674: Cost = 0_73064929, Time = 36.96 sec. 
-Trial 674 0 73064929 39.507184
* 675: Cost = 0_73062332, Time = 36.97 sec. 
-Trial 675 0 73062332 39.513194
* 676: Cost = 0_73051433, Time = 36.98 sec. 
-Trial 676 0 73051433 39.522494
-Trial 677 0 73051433 39.574926
-Trial 678 0 73051433 39.575227
-Trial 679 0 73051433 39.577519
-Trial 680 0 73051433 39.578884
-Trial 681 0 73051433 39.579565
-Trial 682 0 73051433 39.580320
-Trial 683 0 73051433 39.581893
-Trial 684 0 73051433 39.584376
-Trial 685 0 73051433 39.726520
-Trial 686 0 73051433 39.777906
-Trial 687 0 73051433 39.778176
-Trial 688 0 73051433 39.778727
* 689: Cost = 0_73031758, Time = 37.25 sec. 
-Trial 689 0 73031758 39.795709
-Trial 690 0 73031758 39.796729
-Trial 691 0 73031758 39.862154
-Trial 692 0 73031758 40.013172
-Trial 693 0 73031758 40.014044
-Trial 694 0 73031758 40.093951
-Trial 695 0 73031758 40.103593
-Trial 696 0 73031758 40.128117
-Trial 697 0 73031758 40.156030
-Trial 698 0 73031758 40.221831
-Trial 699 0 73031758 40.222686
-Trial 700 0 73031758 40.226321
-Trial 701 0 73031758 40.227230
-Trial 702 0 73031758 40.265020
-Trial 703 0 73031758 40.265275
-Trial 704 0 73031758 41.038097
-Trial 705 0 73031758 41.229024
-Trial 706 0 73031758 41.285132
-Trial 707 0 73031758 41.447607
-Trial 708 0 73031758 41.467963
-Trial 709 0 73031758 41.468877
-Trial 710 0 73031758 41.469510
-Trial 711 0 73031758 41.474191
-Trial 712 0 73031758 41.476665
-Trial 713 0 73031758 41.477097
-Trial 714 0 73031758 41.483460
-Trial 715 0 73031758 41.486088
* 716: Cost = 0_73030918, Time = 38.95 sec. 
-Trial 716 0 73030918 41.498624
-Trial 717 0 73030918 41.504556
* 718: Cost = 0_73029741, Time = 38.99 sec. 
-Trial 718 0 73029741 41.532664
-Trial 719 0 73029741 41.684415
-Trial 720 0 73029741 41.826453
-Trial 721 0 73029741 41.827018
-Trial 722 0 73029741 41.832933
-Trial 723 0 73029741 41.834266
-Trial 724 0 73029741 41.839355
-Trial 725 0 73029741 41.840020
-Trial 726 0 73029741 41.842314
-Trial 727 0 73029741 41.906467
-Trial 728 0 73029741 41.909418
-Trial 729 0 73029741 41.911369
-Trial 730 0 73029741 41.913941
-Trial 731 0 73029741 42.064396
-Trial 732 0 73029741 42.079094
-Trial 733 0 73029741 42.079477
-Trial 734 0 73029741 42.436212
-Trial 735 0 73029741 42.504550
-Trial 736 0 73029741 42.615536
-Trial 737 0 73029741 42.776585
* 738: Cost = 0_73017228, Time = 40.33 sec. 
-Trial 738 0 73017228 42.875138
-Trial 739 0 73017228 42.877233
-Trial 740 0 73017228 42.883505
-Trial 741 0 73017228 42.975173
-Trial 742 0 73017228 42.979197
-Trial 743 0 73017228 43.044763
* 744: Cost = 0_73011518, Time = 41.06 sec. 
-Trial 744 0 73011518 43.608987
* 745: Cost = 0_72989503, Time = 41.12 sec. 
-Trial 745 0 72989503 43.661890
-Trial 746 0 72989503 43.678801
-Trial 747 0 72989503 43.683958
-Trial 748 0 72989503 43.690510
-Trial 749 0 72989503 43.691038
-Trial 750 0 72989503 43.762274
-Trial 751 0 72989503 43.814170
-Trial 752 0 72989503 43.817070
-Trial 753 0 72989503 43.817879
-Trial 754 0 72989503 43.822437
-Trial 755 0 72989503 43.861831
-Trial 756 0 72989503 43.874680
-Trial 757 0 72989503 43.915230
-Trial 758 0 72989503 43.931385
* 759: Cost = 0_72896558, Time = 41.44 sec. 
-Trial 759 0 72896558 43.984999
-Trial 760 0 72896558 43.985325
-Trial 761 0 72896558 43.985687
-Trial 762 0 72896558 43.986792
-Trial 763 0 72896558 44.177604
-Trial 764 0 72896558 44.206720
-Trial 765 0 72896558 44.207051
-Trial 766 0 72896558 44.222484
-Trial 767 0 72896558 44.223464
-Trial 768 0 72896558 44.229004
-Trial 769 0 72896558 44.389574
-Trial 770 0 72896558 44.395492
-Trial 771 0 72896558 44.432599
-Trial 772 0 72896558 44.440343
-Trial 773 0 72896558 44.443786
-Trial 774 0 72896558 44.444456
-Trial 775 0 72896558 44.470416
-Trial 776 0 72896558 44.478545
-Trial 777 0 72896558 44.495827
-Trial 778 0 72896558 44.499201
-Trial 779 0 72896558 44.528730
-Trial 780 0 72896558 44.531371
* 781: Cost = 0_72892441, Time = 42.06 sec. 
-Trial 781 0 72892441 44.605553
* 782: Cost = 0_72883070, Time = 42.11 sec. 
-Trial 782 0 72883070 44.659617
-Trial 783 0 72883070 44.660558
-Trial 784 0 72883070 45.096255
* 785: Cost = 0_72864100, Time = 42.63 sec. 
-Trial 785 0 72864100 45.172118
-Trial 786 0 72864100 45.201678
-Trial 787 0 72864100 45.222785
-Trial 788 0 72864100 45.264946
-Trial 789 0 72864100 45.268708
-Trial 790 0 72864100 45.275448
-Trial 791 0 72864100 45.403980
-Trial 792 0 72864100 45.413021
-Trial 793 0 72864100 45.413423
-Trial 794 0 72864100 45.414105
-Trial 795 0 72864100 45.508434
-Trial 796 0 72864100 45.519436
-Trial 797 0 72864100 45.521323
* 798: Cost = 0_72818285, Time = 43.08 sec. 
-Trial 798 0 72818285 45.624671
* 799: Cost = 0_72814352, Time = 43.10 sec. 
-Trial 799 0 72814352 45.641585
-Trial 800 0 72814352 45.643846
* 801: Cost = 0_72812620, Time = 43.12 sec. 
-Trial 801 0 72812620 45.668934
-Trial 802 0 72812620 45.693175
* 803: Cost = 0_72804254, Time = 43.16 sec. 
-Trial 803 0 72804254 45.708964
-Trial 804 0 72804254 45.712184
-Trial 805 0 72804254 45.911657
-Trial 806 0 72804254 45.912213
-Trial 807 0 72804254 45.917974
-Trial 808 0 72804254 45.926237
-Trial 809 0 72804254 46.026933
-Trial 810 0 72804254 46.030552
-Trial 811 0 72804254 46.031313
-Trial 812 0 72804254 46.034439
-Trial 813 0 72804254 46.035765
-Trial 814 0 72804254 46.036043
-Trial 815 0 72804254 46.040579
* 816: Cost = 0_72800789, Time = 43.52 sec. 
-Trial 816 0 72800789 46.061087
-Trial 817 0 72800789 46.092443
-Trial 818 0 72800789 46.115235
-Trial 819 0 72800789 46.155575
-Trial 820 0 72800789 46.216051
-Trial 821 0 72800789 46.224922
-Trial 822 0 72800789 46.232965
-Trial 823 0 72800789 46.454068
-Trial 824 0 72800789 46.456039
-Trial 825 0 72800789 46.516920
-Trial 826 0 72800789 46.518127
-Trial 827 0 72800789 46.556290
-Trial 828 0 72800789 46.557796
-Trial 829 0 72800789 46.558724
-Trial 830 0 72800789 46.559073
-Trial 831 0 72800789 46.572605
-Trial 832 0 72800789 46.583895
-Trial 833 0 72800789 46.586816
-Trial 834 0 72800789 46.591082
-Trial 835 0 72800789 46.617951
-Trial 836 0 72800789 46.731242
-Trial 837 0 72800789 46.732177
-Trial 838 0 72800789 46.732574
-Trial 839 0 72800789 46.765477
-Trial 840 0 72800789 46.773900
-Trial 841 0 72800789 46.831189
-Trial 842 0 72800789 46.947072
-Trial 843 0 72800789 46.948825
-Trial 844 0 72800789 47.247250
-Trial 845 0 72800789 47.249905
-Trial 846 0 72800789 47.279693
-Trial 847 0 72800789 47.293229
-Trial 848 0 72800789 47.295294
-Trial 849 0 72800789 47.314163
-Trial 850 0 72800789 47.318860
-Trial 851 0 72800789 47.377140
* 852: Cost = 0_72729667, Time = 44.93 sec. 
-Trial 852 0 72729667 47.475721
* 853: Cost = 0_72717557, Time = 44.95 sec. 
-Trial 853 0 72717557 47.491326
-Trial 854 0 72717557 47.630218
-Trial 855 0 72717557 47.631420
-Trial 856 0 72717557 47.649858
-Trial 857 0 72717557 47.669641
* 858: Cost = 0_72712525, Time = 45.15 sec. 
-Trial 858 0 72712525 47.693025
-Trial 859 0 72712525 47.694629
-Trial 860 0 72712525 47.763678
-Trial 861 0 72712525 48.263247
-Trial 862 0 72712525 48.296983
-Trial 863 0 72712525 48.298075
-Trial 864 0 72712525 48.309566
-Trial 865 0 72712525 48.311619
-Trial 866 0 72712525 48.312546
-Trial 867 0 72712525 48.326600
-Trial 868 0 72712525 48.336077
-Trial 869 0 72712525 48.370260
-Trial 870 0 72712525 48.595107
-Trial 871 0 72712525 48.595640
-Trial 872 0 72712525 48.740388
-Trial 873 0 72712525 48.747801
-Trial 874 0 72712525 48.765542
-Trial 875 0 72712525 48.777563
* 876: Cost = 0_72709511, Time = 46.30 sec. 
-Trial 876 0 72709511 48.841724
-Trial 877 0 72709511 48.842855
-Trial 878 0 72709511 48.848964
-Trial 879 0 72709511 49.040259
-Trial 880 0 72709511 49.068263
-Trial 881 0 72709511 49.411341
-Trial 882 0 72709511 49.507541
* 883: Cost = 0_72645774, Time = 47.02 sec. 
-Trial 883 0 72645774 49.565887
-Trial 884 0 72645774 49.566352
* 885: Cost = 0_72632097, Time = 47.05 sec. 
-Trial 885 0 72632097 49.592050
-Trial 886 0 72632097 49.592493
* 887: Cost = 0_72629833, Time = 47.06 sec. 
-Trial 887 0 72629833 49.609553
* 888: Cost = 0_72626833, Time = 47.09 sec. 
-Trial 888 0 72626833 49.637918
-Trial 889 0 72626833 49.707742
-Trial 890 0 72626833 49.710856
-Trial 891 0 72626833 49.711677
-Trial 892 0 72626833 49.770429
-Trial 893 0 72626833 49.786176
-Trial 894 0 72626833 49.942481
-Trial 895 0 72626833 49.946924
-Trial 896 0 72626833 49.948370
-Trial 897 0 72626833 49.973466
-Trial 898 0 72626833 49.974040
-Trial 899 0 72626833 49.974292
-Trial 900 0 72626833 49.975516
-Trial 901 0 72626833 50.028441
-Trial 902 0 72626833 50.066989
-Trial 903 0 72626833 50.067347
* 904: Cost = 0_72625497, Time = 47.53 sec. 
-Trial 904 0 72625497 50.076212
-Trial 905 0 72625497 50.077220
-Trial 906 0 72625497 50.077895
-Trial 907 0 72625497 50.140024
-Trial 908 0 72625497 50.140303
-Trial 909 0 72625497 50.140580
-Trial 910 0 72625497 50.158962
-Trial 911 0 72625497 50.265001
-Trial 912 0 72625497 50.569777
-Trial 913 0 72625497 50.570491
-Trial 914 0 72625497 50.579487
-Trial 915 0 72625497 50.992732
-Trial 916 0 72625497 51.011833
* 917: Cost = 0_72618916, Time = 48.51 sec. 
-Trial 917 0 72618916 51.055385
* 918: Cost = 0_72609579, Time = 48.53 sec. 
-Trial 918 0 72609579 51.070496
-Trial 919 0 72609579 51.073178
-Trial 920 0 72609579 51.073698
-Trial 921 0 72609579 51.082833
-Trial 922 0 72609579 51.083809
-Trial 923 0 72609579 51.089167
-Trial 924 0 72609579 51.124558
-Trial 925 0 72609579 51.150598
-Trial 926 0 72609579 51.268671
-Trial 927 0 72609579 51.348707
-Trial 928 0 72609579 51.365355
-Trial 929 0 72609579 51.374283
-Trial 930 0 72609579 51.877468
-Trial 931 0 72609579 52.141636
-Trial 932 0 72609579 52.144326
-Trial 933 0 72609579 52.148269
-Trial 934 0 72609579 52.148521
-Trial 935 0 72609579 52.151900
-Trial 936 0 72609579 52.168039
-Trial 937 0 72609579 52.921532
-Trial 938 0 72609579 52.922177
-Trial 939 0 72609579 52.924739
-Trial 940 0 72609579 52.974125
-Trial 941 0 72609579 52.983934
-Trial 942 0 72609579 52.986536
-Trial 943 0 72609579 53.202354
-Trial 944 0 72609579 53.202985
-Trial 945 0 72609579 53.220933
-Trial 946 0 72609579 53.221610
-Trial 947 0 72609579 53.261214
* 948: Cost = 0_72598365, Time = 50.76 sec. 
-Trial 948 0 72598365 53.308551
-Trial 949 0 72598365 53.313267
-Trial 950 0 72598365 53.321016
-Trial 951 0 72598365 53.347540
-Trial 952 0 72598365 53.578698
-Trial 953 0 72598365 53.585349
-Trial 954 0 72598365 53.586249
-Trial 955 0 72598365 53.677860
* 956: Cost = 0_72598237, Time = 51.16 sec. 
-Trial 956 0 72598237 53.708149
-Trial 957 0 72598237 53.711164
-Trial 958 0 72598237 54.002272
-Trial 959 0 72598237 54.004321
-Trial 960 0 72598237 54.022920
-Trial 961 0 72598237 54.081801
-Trial 962 0 72598237 54.176986
-Trial 963 0 72598237 54.177408
-Trial 964 0 72598237 54.267769
-Trial 965 0 72598237 54.269648
-Trial 966 0 72598237 54.273816
-Trial 967 0 72598237 54.275305
* 968: Cost = 0_72597715, Time = 51.76 sec. 
-Trial 968 0 72597715 54.302279
-Trial 969 0 72597715 54.329620
-Trial 970 0 72597715 54.330230
-Trial 971 0 72597715 54.331364
-Trial 972 0 72597715 54.340838
-Trial 973 0 72597715 54.341352
-Trial 974 0 72597715 54.435301
* 975: Cost = 0_72593027, Time = 51.92 sec. 
-Trial 975 0 72593027 54.463581
-Trial 976 0 72593027 54.464118
-Trial 977 0 72593027 54.503421
-Trial 978 0 72593027 54.504460
-Trial 979 0 72593027 54.504741
-Trial 980 0 72593027 54.506149
-Trial 981 0 72593027 54.644492
-Trial 982 0 72593027 54.644974
-Trial 983 0 72593027 54.686779
-Trial 984 0 72593027 54.833171
-Trial 985 0 72593027 55.097442
-Trial 986 0 72593027 55.118174
-Trial 987 0 72593027 55.463641
-Trial 988 0 72593027 55.471868
-Trial 989 0 72593027 55.475466
-Trial 990 0 72593027 55.476776
-Trial 991 0 72593027 55.497547
-Trial 992 0 72593027 55.513745
-Trial 993 0 72593027 55.536228
-Trial 994 0 72593027 55.539134
-Trial 995 0 72593027 55.847470
-Trial 996 0 72593027 55.850359
-Trial 997 0 72593027 55.885133
-Trial 998 0 72593027 55.885758
-Trial 999 0 72593027 55.890208
-Trial 1000 0 72593027 55.958665
Population:
  1: 0_72593027
Run 1: Cost = 0_72593027, Time = 53.41 sec. 

Successes/Runs = 0/1 
Cost.min = 72593027, Cost.avg = 72593027.00, Cost.max = 72593027
Gap.min = 0.0000%, Gap.avg = 0.0000%, Gap.max = 0.0000%
Penalty.min = 0, Penalty.avg = 0.00, Penalty.max = 0
Trials.min = 1000, Trials.avg = 1000.0, Trials.max = 1000
Time.min = 53.41 sec., Time.avg = 53.41 sec., Time.max = 53.41 sec.
Time.total = 55.96 sec.
  Size.min = 25, Size.max = 43, Penalty = 0
  Cost.min = 511200, Cost.max = 2983659, Cost.sum = 72593027
Best CVRP solution:
  Cost = 0_72593027
1190 354 194 108 794 470 1242 177 1083 1358 1369 474 352 979 265 765 264 123 1419 1315 950 566 1335 1516 182 1059 1231 1094 538 698 1113 738 1354 1245 1027 1003 262 887 367 553 1021 609 286 603 140 522 576 511 1118 997 743 619 1241 9 1080 99 692 67 785 812 878 1504 131 513 1323 1170 855 1186 1163 1130 1050 493 1134 772 310 388 373 358 89 1266 1399 1450 476 515 839 1391 1210 531 236 932 827 1289 400 103 1219 676 753 1507 1093 1053 1501 1002 789 1067 902 72 951 595 1270 269 1152 1014 885 670 382 1013 1121 15 1216 217 563 297 115 381 589 376 1306 1503 61 1464 728 450 865 176 48 820 546 1000 195 1338 235 533 423 204 26 560 618 287 1353 1340 841 397 337 909 1445 1268 289 1421 889 1032 330 856 1211 1239 1232 638 1054 437 346 30 323 1510 284 1192 569 175 1008 1363 92 761 1447 344 260 815 21 1164 1471 55 385 342 1024 186 1407 1158 809 860 291 1487 730 361 708 732 1309 435 84 1413 305 1472 505 912 953 1527 1310 63 633 1223 568 60 775 292 233 596 1263 822 1446 266 1346 1200 1360 535 777 1176 711 1034 126 295 357 1060 1057 585 601 1248 717 243 542 1049 1525 1171 18 1001 1280 1300 605 1136 721 1154 222 1174 504 981 1135 1147 364 649 833 1319 1444 442 250 507 1079 1095 24 867 1033 293 766 537 987 240 682 1384 593 429 1193 1497 1150 1540 689 1448 1428 977 158 517 120 1112 1091 205 652 1075 859 586 443 256 729 1291 1222 572 1081 1037 1077 1393 224 1023 338 1062 661 403 564 410 325 894 1143 837 294 986 1018 722 659 1517 1044 668 900 1343 246 237 925 1348 31 1233 508 1403 1238 1141 1172 1111 685 455 788 836 239 1305 181 1160 881 1337 1429 1490 472 1434 696 156 1107 774 427 756 1 1375 453 548 906 33 169 1139 247 787 999 386 448 701 770 644 1092 188 248 167 908 91 8 643 107 1198 149 420 54 1038 498 1397 684 234 681 1467 1349 1010 1178 804 413 990 1512 1386 886 620 1240 541 739 654 380 105 127 861 44 242 273 516 1230 14 1469 755 43 975 868 137 1329 636 363 1382 59 571 88 905 196 923 193 159 1022 22 1494 1377 433 1535 1236 955 834 1040 1166 62 1011 318 311 817 734 1041 1284 645 634 10 810 227 673 805 1320 392 525 1334 112 1128 199 939 741 96 506 444 162 1529 41 1212 114 801 299 824 791 1017 1090 527 843 1225 583 1254 1476 726 80 86 695 1292 1078 428 707 47 113 1347 218 85 440 365 954 1522 144 926 1085 1316 862 690 319 1483 487 1168 485 387 1251 1068 133 1012 641 626 910 281 528 1470 187 549 702 1463 1365 617 849 272 960 773 434 1115 211 612 478 725 1513 1418 1161 597 1061 1405 219 412 155 639 916 1082 2 1402 940 401 502 1256 134 656 552 1156 1499 79 57 102 349 1098 655 339 959 166 1104 1449 733 468 1408 666 332 1533 545 1209 996 848 53 1102 844 512 1404 249 615 1389 1220 426 73 1051 283 928 1148 933 36 523 1214 1410 1144 742 327 762 402 1383 1485 1065 45 482 456 1521 1101 1226 1271 226 1039 1299 128 630 1132 1456 1423 1181 138 840 1020 1224 1394 1357 483 1465 335 1486 1496 445 1475 911 431 201 324 1173 457 1203 241 110 740 1400 1356 985 797 1482 1532 1257 941 918 322 903 417 1350 164 763 251 551 976 1201 212 1424 1208 160 1317 216 1301 69 348 125 210 677 52 1043 534 706 1491 351 1327 377 651 1515 309 1351 724 394 880 1326 600 1087 1031 438 308 1036 1108 1385 982 16 174 25 540 83 1069 496 460 683 803 1015 901 425 213 991 627 1293 952 831 995 587 778 117 1474 1531 316 922 1328 1217 691 1047 802 914 687 161 1084 484 737 769 1155 1435 124 307 229 637 462 1255 1479 613 1259 267 1052 790 575 1395 274 1063 1283 221 519 1478 1493 592 471 1530 1303 1498 665 38 1195 106 577 391 432 749 658 300 87 245 800 579 1252 1070 1122 896 1120 492 328 716 1197 1322 1114 42 629 1116 452 422 1420 111 1167 578 321 1276 870 285 77 614 1425 1502 674 1396 454 209 1129 851 135 1488 279 1417 326 723 795 760 1468 340 1379 409 581 97 934 962 606 132 276 832 866 604 185 1262 1304 5 823 943 109 1524 884 1146 850 1459 1183 1076 798 904 858 1184 942 927 1046 744 298 389 1157 469 270 1202 1005 303 1066 520 1454 1308 874 122 12 150 366 720 1477 341 1440 329 672 411 678 808 611 1509 640 547 141 980 1249 1281 360 334 369 75 1295 1333 686 1371 669 1457 1438 202 168 930 598 1460 1342 1332 703 1451 317 821 590 465 370 379 203 1110 1441 635 1422 957 1261 1537 647 796 961 1073 1123 1414 1009 556 806 1124 818 1277 191 680 359 406 1151 1165 1432 1237 877 786 163 396 594 1307 466 1218 539 253 1538 180 258 207 37 924 1025 978 1175 1495 1273 1392 1278 356 1247 709 1179 165 719 1380 464 964 811 751 873 56 1072 1401 1258 1541 154 1376 1103 1182 1162 1229 374 480 263 1045 983 550 486 1086 353 1430 362 416 145 919 320 602 252 1480 345 945 1415 946 727 830 1288 1205 1026 968 1458 998 20 1185 1523 944 40 757 663 715 750 671 296 98 1433 783 1314 992 1311 543 524 375 718 1427 255 931 1361 883 407 490 1206 705 1180 378 383 838 1313 280 71 1324 754 74 206 1489 1528 1411 1286 994 1140 771 882 1215 544 693 936 752 1153 473 767 121 184 441 891 1437 171 562 746 875 610 467 446 1100 1194 1282 4 1089 1269 223 418 622 1264 1536 1228 1374 993 449 494 646 768 780 714 588 917 699 1318 948 268 872 1213 1439 136 95 39 1048 183 1097 567 713 781 845 1431 491 947 390 1028 157 988 259 1519 963 929 489 938 1388 816 554 3 1071 529 792 1481 314 130 650 261 1016 304 1330 965 565 1221 76 892 415 869 81 17 573 1189 1473 230 657 147 439 1381 966 1362 854 1526 139 398 628 1088 864 29 1325 807 1074 907 1246 459 558 973 1187 1452 700 1372 897 220 312 779 814 949 1058 384 1298 1368 1243 395 799 920 599 782 198 582 23 793 408 913 189 1508 898 503 1227 1398 1373 1455 514 607 509 826 915 208 662 100 173 1119 876 497 1285 1364 244 935 331 1297 664 215 228 574 712 231 1265 1253 129 1520 890 68 847 58 1302 825 1250 404 1296 971 151 1133 495 846 1004 421 64 500 1199 405 1359 1443 1145 35 152 28 1466 90 94 179 1188 371 1275 1260 238 19 532 1505 642 1105 65 624 70 419 1461 1055 1149 557 350 148 536 430 967 1096 704 745 1412 1137 842 27 1109 621 1099 1518 974 499 1142 679 736 521 591 648 118 355 347 1029 1117 32 1321 275 608 1042 172 653 336 625 475 1453 1378 414 697 1366 559 1416 1234 232 510 1492 1279 893 1506 1339 776 82 1294 1267 481 1387 313 1355 306 1191 518 853 104 393 1196 1272 1125 1462 51 660 956 399 1169 748 463 451 1056 257 857 436 1390 101 271 1177 784 1514 863 50 190 921 119 501 555 143 819 895 675 561 1235 146 871 747 1409 1244 852 1019 688 197 616 1287 49 879 461 170 1344 315 93 488 530 735 1484 759 526 1539 277 1035 290 1426 1064 34 1127 214 888 1442 1331 372 1204 301 813 958 1312 667 46 828 6 580 1126 1370 302 368 1367 254 1274 78 584 1352 225 1159 153 178 11 343 937 1534 984 835 7 1336 758 1436 66 424 447 764 1345 192 458 631 1106 1341 694 970 1007 278 1290 1006 13 710 1207 570 1030 1131 142 1138 829 969 1511 479 333 288 989 1500 200 1406 477 116 731 899 972 282 623 632 1190 
