PARAMETER_FILE = result/cvrp_1500/LKH_para/96.para
Reading PROBLEM_FILE: "result/cvrp_1500/cvrp/96.cvrp" ... done
ASCENT_CANDIDATES = 50
BACKBONE_TRIALS = 0
BACKTRACKING = NO
# BWTSP =
# CANDIDATE_FILE =
CANDIDATE_SET_TYPE = ALPHA
DEPOT = 1
# EDGE_FILE =
EXCESS = 0.000666223
EXTERNAL_SALESMEN = 0
EXTRA_CANDIDATES = 0 
EXTRA_CANDIDATE_SET_TYPE = QUADRANT
GAIN23 = NO
GAIN_CRITERION = YES
INITIAL_PERIOD = 750
INITIAL_STEP_SIZE = 1
INITIAL_TOUR_ALGORITHM = WALK
# INITIAL_TOUR_FILE = 
INITIAL_TOUR_FRACTION = 1.000
# INPUT_TOUR_FILE = 
KICK_TYPE = 4
KICKS = 1
# MAX_BREADTH =
MAKESPAN = NO
MAX_CANDIDATES = 5 
MAX_SWAPS = 0
MAX_TRIALS = 1000
# MERGE_TOUR_FILE =
MOVE_TYPE = 5 SPECIAL
MTSP_MIN_SIZE = 1
MTSP_MAX_SIZE = 1500
# MTSP_SOLUTION_FILE = 
# NONSEQUENTIAL_MOVE_TYPE = 5
# OPTIMUM =
# OUTPUT_TOUR_FILE = 
PATCHING_A = 1 
PATCHING_C = 0 
# PI_FILE = 
POPMUSIC_INITIAL_TOUR = NO
POPMUSIC_MAX_NEIGHBORS = 5
POPMUSIC_SAMPLE_SIZE = 10
POPMUSIC_SOLUTIONS = 50
POPMUSIC_TRIALS = 1
POPULATION_SIZE = 10
PRECISION = 100
PROBLEM_FILE = result/cvrp_1500/cvrp/96.cvrp
RECOMBINATION = IPT
RESTRICTED_SEARCH = YES
RUNS = 1
SALESMEN = 40
SCALE = 1
SEED = 1234
# SINTEF_SOLUTION_FILE = 
STOP_AT_OPTIMUM = YES
SUBGRADIENT = YES
# SUBPROBLEM_SIZE =
# SUBPROBLEM_TOUR_FILE = 
SUBSEQUENT_MOVE_TYPE = 5 SPECIAL
SUBSEQUENT_PATCHING = YES
# TIME_LIMIT =
# TOUR_FILE = 
TRACE_LEVEL = 1
VEHICLES = 40

Lower bound = 32532337.2, Ascent time = 2.49 sec.
Cand.min = 4, Cand.avg = 5.0, Cand.max = 5
Preprocessing time = 2.54 sec.
* 1: Cost = 0_71614688, Time = 3.90 sec. 
-Trial 1 0 71614688 6.447586
* 2: Cost = 0_70356293, Time = 3.97 sec. 
-Trial 2 0 70356293 6.518876
* 3: Cost = 0_70025298, Time = 4.16 sec. 
-Trial 3 0 70025298 6.701377
-Trial 4 0 70025298 6.706382
-Trial 5 0 70025298 6.706757
* 6: Cost = 0_68432716, Time = 4.50 sec. 
-Trial 6 0 68432716 7.048710
* 7: Cost = 0_68398365, Time = 4.51 sec. 
-Trial 7 0 68398365 7.059887
-Trial 8 0 68398365 7.060737
-Trial 9 0 68398365 7.064554
-Trial 10 0 68398365 7.065187
* 11: Cost = 0_68030674, Time = 4.58 sec. 
-Trial 11 0 68030674 7.122953
* 12: Cost = 0_67843046, Time = 4.60 sec. 
-Trial 12 0 67843046 7.148969
-Trial 13 0 67843046 7.149413
-Trial 14 0 67843046 7.149732
* 15: Cost = 0_67796088, Time = 4.62 sec. 
-Trial 15 0 67796088 7.169449
* 16: Cost = 0_67562547, Time = 4.69 sec. 
-Trial 16 0 67562547 7.239413
-Trial 17 0 67562547 7.240418
* 18: Cost = 0_67425119, Time = 4.74 sec. 
-Trial 18 0 67425119 7.289148
* 19: Cost = 0_67078557, Time = 4.77 sec. 
-Trial 19 0 67078557 7.315902
* 20: Cost = 0_67027746, Time = 4.79 sec. 
-Trial 20 0 67027746 7.330145
-Trial 21 0 67027746 7.331006
-Trial 22 0 67027746 7.332898
-Trial 23 0 67027746 7.333406
* 24: Cost = 0_67020964, Time = 4.79 sec. 
-Trial 24 0 67020964 7.335870
-Trial 25 0 67020964 7.336376
* 26: Cost = 0_66917730, Time = 4.80 sec. 
-Trial 26 0 66917730 7.347988
-Trial 27 0 66917730 7.352532
* 28: Cost = 0_66791933, Time = 4.83 sec. 
-Trial 28 0 66791933 7.374880
* 29: Cost = 0_66660300, Time = 4.86 sec. 
-Trial 29 0 66660300 7.400918
* 30: Cost = 0_66634845, Time = 4.86 sec. 
-Trial 30 0 66634845 7.402117
* 31: Cost = 0_66252216, Time = 5.03 sec. 
-Trial 31 0 66252216 7.574429
-Trial 32 0 66252216 7.575028
-Trial 33 0 66252216 7.652681
-Trial 34 0 66252216 7.663274
* 35: Cost = 0_66125657, Time = 5.13 sec. 
-Trial 35 0 66125657 7.677545
* 36: Cost = 0_66118965, Time = 5.15 sec. 
-Trial 36 0 66118965 7.690243
-Trial 37 0 66118965 7.691826
* 38: Cost = 0_66114091, Time = 5.15 sec. 
-Trial 38 0 66114091 7.696744
-Trial 39 0 66114091 7.815793
-Trial 40 0 66114091 7.833569
-Trial 41 0 66114091 7.833934
-Trial 42 0 66114091 7.834269
* 43: Cost = 0_66024397, Time = 5.33 sec. 
-Trial 43 0 66024397 7.873036
-Trial 44 0 66024397 7.873312
-Trial 45 0 66024397 7.898898
* 46: Cost = 0_66020860, Time = 5.36 sec. 
-Trial 46 0 66020860 7.900637
* 47: Cost = 0_65937122, Time = 5.37 sec. 
-Trial 47 0 65937122 7.916493
-Trial 48 0 65937122 7.918866
* 49: Cost = 0_65852698, Time = 5.40 sec. 
-Trial 49 0 65852698 7.944089
-Trial 50 0 65852698 7.966394
-Trial 51 0 65852698 7.967603
-Trial 52 0 65852698 7.968180
-Trial 53 0 65852698 7.968687
-Trial 54 0 65852698 8.039840
-Trial 55 0 65852698 8.041142
-Trial 56 0 65852698 8.041475
* 57: Cost = 0_65852235, Time = 5.51 sec. 
-Trial 57 0 65852235 8.055138
* 58: Cost = 0_65852075, Time = 5.51 sec. 
-Trial 58 0 65852075 8.059315
-Trial 59 0 65852075 8.059627
-Trial 60 0 65852075 8.090083
* 61: Cost = 0_65748768, Time = 5.89 sec. 
-Trial 61 0 65748768 8.435704
-Trial 62 0 65748768 8.451463
-Trial 63 0 65748768 8.455381
* 64: Cost = 0_65397406, Time = 6.17 sec. 
-Trial 64 0 65397406 8.712672
* 65: Cost = 0_65365438, Time = 6.21 sec. 
-Trial 65 0 65365438 8.756242
-Trial 66 0 65365438 8.761857
-Trial 67 0 65365438 8.764183
* 68: Cost = 0_65341618, Time = 6.24 sec. 
-Trial 68 0 65341618 8.787150
-Trial 69 0 65341618 8.787995
* 70: Cost = 0_65341404, Time = 6.25 sec. 
-Trial 70 0 65341404 8.791490
-Trial 71 0 65341404 8.793192
-Trial 72 0 65341404 8.794687
* 73: Cost = 0_65156259, Time = 6.26 sec. 
-Trial 73 0 65156259 8.805757
* 74: Cost = 0_65149252, Time = 6.27 sec. 
-Trial 74 0 65149252 8.818877
-Trial 75 0 65149252 8.820222
-Trial 76 0 65149252 8.821321
-Trial 77 0 65149252 8.821620
-Trial 78 0 65149252 8.822096
-Trial 79 0 65149252 8.832204
-Trial 80 0 65149252 8.833651
-Trial 81 0 65149252 8.833979
* 82: Cost = 0_64995127, Time = 6.37 sec. 
-Trial 82 0 64995127 8.911945
-Trial 83 0 64995127 8.912376
-Trial 84 0 64995127 8.912769
-Trial 85 0 64995127 8.914114
* 86: Cost = 0_64983677, Time = 6.38 sec. 
-Trial 86 0 64983677 8.925190
* 87: Cost = 0_64943741, Time = 6.40 sec. 
-Trial 87 0 64943741 8.942730
-Trial 88 0 64943741 9.176250
* 89: Cost = 0_64909577, Time = 6.67 sec. 
-Trial 89 0 64909577 9.214422
* 90: Cost = 0_64650637, Time = 6.69 sec. 
-Trial 90 0 64650637 9.232484
-Trial 91 0 64650637 9.234066
* 92: Cost = 0_64641972, Time = 6.69 sec. 
-Trial 92 0 64641972 9.236501
-Trial 93 0 64641972 9.236842
* 94: Cost = 0_64640475, Time = 6.70 sec. 
-Trial 94 0 64640475 9.243704
-Trial 95 0 64640475 9.244215
-Trial 96 0 64640475 9.247397
-Trial 97 0 64640475 9.249902
* 98: Cost = 0_64626221, Time = 6.73 sec. 
-Trial 98 0 64626221 9.274239
* 99: Cost = 0_64532179, Time = 6.77 sec. 
-Trial 99 0 64532179 9.313564
* 100: Cost = 0_64528608, Time = 6.80 sec. 
-Trial 100 0 64528608 9.343424
-Trial 101 0 64528608 9.344615
* 102: Cost = 0_64516486, Time = 6.81 sec. 
-Trial 102 0 64516486 9.352478
-Trial 103 0 64516486 9.356912
-Trial 104 0 64516486 9.370868
-Trial 105 0 64516486 9.817849
-Trial 106 0 64516486 9.824810
-Trial 107 0 64516486 9.825522
* 108: Cost = 0_64472321, Time = 7.32 sec. 
-Trial 108 0 64472321 9.862394
-Trial 109 0 64472321 9.863062
-Trial 110 0 64472321 9.863786
-Trial 111 0 64472321 9.873141
-Trial 112 0 64472321 10.013582
-Trial 113 0 64472321 10.015345
-Trial 114 0 64472321 10.019671
-Trial 115 0 64472321 10.021766
-Trial 116 0 64472321 10.022830
-Trial 117 0 64472321 10.023492
-Trial 118 0 64472321 10.211871
* 119: Cost = 0_64438265, Time = 7.70 sec. 
-Trial 119 0 64438265 10.241844
-Trial 120 0 64438265 10.504116
-Trial 121 0 64438265 10.630732
-Trial 122 0 64438265 10.650131
-Trial 123 0 64438265 10.742282
-Trial 124 0 64438265 10.801029
-Trial 125 0 64438265 10.801625
* 126: Cost = 0_63868150, Time = 8.31 sec. 
-Trial 126 0 63868150 10.850594
-Trial 127 0 63868150 10.856801
-Trial 128 0 63868150 10.858160
-Trial 129 0 63868150 10.861285
-Trial 130 0 63868150 10.862042
-Trial 131 0 63868150 10.863939
-Trial 132 0 63868150 10.865139
* 133: Cost = 0_63782340, Time = 8.36 sec. 
-Trial 133 0 63782340 10.908276
* 134: Cost = 0_63681576, Time = 8.50 sec. 
-Trial 134 0 63681576 11.047984
* 135: Cost = 0_63635693, Time = 8.53 sec. 
-Trial 135 0 63635693 11.070100
* 136: Cost = 0_63568652, Time = 8.54 sec. 
-Trial 136 0 63568652 11.084173
-Trial 137 0 63568652 11.084939
* 138: Cost = 0_63516439, Time = 8.66 sec. 
-Trial 138 0 63516439 11.205663
* 139: Cost = 0_63492790, Time = 9.07 sec. 
-Trial 139 0 63492790 11.612245
-Trial 140 0 63492790 11.768855
-Trial 141 0 63492790 11.769305
-Trial 142 0 63492790 11.806518
-Trial 143 0 63492790 11.808326
* 144: Cost = 0_63346822, Time = 9.41 sec. 
-Trial 144 0 63346822 11.951605
-Trial 145 0 63346822 11.960832
-Trial 146 0 63346822 11.962602
-Trial 147 0 63346822 11.977852
-Trial 148 0 63346822 12.026828
* 149: Cost = 0_63188359, Time = 9.60 sec. 
-Trial 149 0 63188359 12.143544
* 150: Cost = 0_62864233, Time = 10.31 sec. 
-Trial 150 0 62864233 12.853237
-Trial 151 0 62864233 12.854647
-Trial 152 0 62864233 12.855567
* 153: Cost = 0_62823394, Time = 10.35 sec. 
-Trial 153 0 62823394 12.893203
-Trial 154 0 62823394 12.896156
* 155: Cost = 0_62796640, Time = 10.36 sec. 
-Trial 155 0 62796640 12.903502
-Trial 156 0 62796640 13.035195
-Trial 157 0 62796640 13.036280
-Trial 158 0 62796640 13.101466
-Trial 159 0 62796640 13.182373
* 160: Cost = 0_62792413, Time = 10.64 sec. 
-Trial 160 0 62792413 13.185526
-Trial 161 0 62792413 13.244589
-Trial 162 0 62792413 13.341325
-Trial 163 0 62792413 13.391431
-Trial 164 0 62792413 13.393578
-Trial 165 0 62792413 13.400593
-Trial 166 0 62792413 13.400842
-Trial 167 0 62792413 13.401227
-Trial 168 0 62792413 13.401568
-Trial 169 0 62792413 13.401833
* 170: Cost = 0_62723738, Time = 10.93 sec. 
-Trial 170 0 62723738 13.470305
-Trial 171 0 62723738 13.471114
-Trial 172 0 62723738 13.587809
* 173: Cost = 0_62597143, Time = 11.13 sec. 
-Trial 173 0 62597143 13.671129
* 174: Cost = 0_62597078, Time = 11.14 sec. 
-Trial 174 0 62597078 13.682199
* 175: Cost = 0_62557262, Time = 11.17 sec. 
-Trial 175 0 62557262 13.712037
-Trial 176 0 62557262 13.777495
* 177: Cost = 0_62543170, Time = 11.26 sec. 
-Trial 177 0 62543170 13.802190
-Trial 178 0 62543170 14.523505
-Trial 179 0 62543170 14.574364
-Trial 180 0 62543170 14.592128
* 181: Cost = 0_62530145, Time = 12.06 sec. 
-Trial 181 0 62530145 14.607400
* 182: Cost = 0_62528647, Time = 12.16 sec. 
-Trial 182 0 62528647 14.700884
-Trial 183 0 62528647 14.703695
-Trial 184 0 62528647 14.704361
-Trial 185 0 62528647 14.909351
* 186: Cost = 0_62485732, Time = 12.39 sec. 
-Trial 186 0 62485732 14.933400
-Trial 187 0 62485732 14.935261
-Trial 188 0 62485732 14.950282
-Trial 189 0 62485732 14.951121
-Trial 190 0 62485732 14.952095
-Trial 191 0 62485732 14.953145
-Trial 192 0 62485732 15.021274
-Trial 193 0 62485732 15.022757
-Trial 194 0 62485732 15.023149
-Trial 195 0 62485732 15.393619
-Trial 196 0 62485732 15.606804
-Trial 197 0 62485732 15.616956
* 198: Cost = 0_62479839, Time = 13.14 sec. 
-Trial 198 0 62479839 15.681099
-Trial 199 0 62479839 15.682782
* 200: Cost = 0_62467397, Time = 13.14 sec. 
-Trial 200 0 62467397 15.687450
* 201: Cost = 0_62439081, Time = 13.15 sec. 
-Trial 201 0 62439081 15.692394
-Trial 202 0 62439081 15.706835
-Trial 203 0 62439081 15.707122
-Trial 204 0 62439081 15.724836
-Trial 205 0 62439081 15.727479
-Trial 206 0 62439081 15.728831
-Trial 207 0 62439081 15.734454
-Trial 208 0 62439081 15.735632
* 209: Cost = 0_62394992, Time = 13.26 sec. 
-Trial 209 0 62394992 15.806798
-Trial 210 0 62394992 15.809112
-Trial 211 0 62394992 15.829072
* 212: Cost = 0_62377194, Time = 13.29 sec. 
-Trial 212 0 62377194 15.833423
-Trial 213 0 62377194 15.835834
* 214: Cost = 0_62363746, Time = 13.30 sec. 
-Trial 214 0 62363746 15.840687
* 215: Cost = 0_62308696, Time = 13.34 sec. 
-Trial 215 0 62308696 15.887549
-Trial 216 0 62308696 15.891801
-Trial 217 0 62308696 15.892127
-Trial 218 0 62308696 15.892843
-Trial 219 0 62308696 15.911539
* 220: Cost = 0_62301901, Time = 13.42 sec. 
-Trial 220 0 62301901 15.968489
* 221: Cost = 0_62213359, Time = 13.51 sec. 
-Trial 221 0 62213359 16.054590
-Trial 222 0 62213359 16.064104
-Trial 223 0 62213359 16.067804
-Trial 224 0 62213359 16.068884
* 225: Cost = 0_62209424, Time = 13.60 sec. 
-Trial 225 0 62209424 16.140841
-Trial 226 0 62209424 16.220064
* 227: Cost = 0_62063154, Time = 13.96 sec. 
-Trial 227 0 62063154 16.502202
-Trial 228 0 62063154 16.503357
-Trial 229 0 62063154 16.524603
-Trial 230 0 62063154 16.641827
-Trial 231 0 62063154 16.644081
-Trial 232 0 62063154 16.645166
-Trial 233 0 62063154 16.646693
-Trial 234 0 62063154 16.648348
-Trial 235 0 62063154 16.649521
-Trial 236 0 62063154 16.650268
-Trial 237 0 62063154 16.657745
-Trial 238 0 62063154 16.790500
-Trial 239 0 62063154 16.863863
-Trial 240 0 62063154 17.106422
-Trial 241 0 62063154 17.120457
-Trial 242 0 62063154 17.196251
* 243: Cost = 0_62046046, Time = 14.66 sec. 
-Trial 243 0 62046046 17.206527
-Trial 244 0 62046046 17.255830
-Trial 245 0 62046046 17.325421
* 246: Cost = 0_61958890, Time = 14.83 sec. 
-Trial 246 0 61958890 17.378473
-Trial 247 0 61958890 17.378836
-Trial 248 0 61958890 17.381732
-Trial 249 0 61958890 17.572253
-Trial 250 0 61958890 17.618420
-Trial 251 0 61958890 17.650901
-Trial 252 0 61958890 17.651184
-Trial 253 0 61958890 17.665174
-Trial 254 0 61958890 17.671806
-Trial 255 0 61958890 17.672436
-Trial 256 0 61958890 17.855387
-Trial 257 0 61958890 17.885509
-Trial 258 0 61958890 17.889943
-Trial 259 0 61958890 17.890755
-Trial 260 0 61958890 17.902489
-Trial 261 0 61958890 18.005477
-Trial 262 0 61958890 18.008687
-Trial 263 0 61958890 18.009014
-Trial 264 0 61958890 18.021053
-Trial 265 0 61958890 18.052411
-Trial 266 0 61958890 18.263629
-Trial 267 0 61958890 18.264171
-Trial 268 0 61958890 18.264544
* 269: Cost = 0_61911816, Time = 15.74 sec. 
-Trial 269 0 61911816 18.284812
-Trial 270 0 61911816 18.293789
-Trial 271 0 61911816 18.311495
-Trial 272 0 61911816 18.312542
-Trial 273 0 61911816 18.313140
-Trial 274 0 61911816 18.315317
-Trial 275 0 61911816 18.367800
-Trial 276 0 61911816 18.372821
-Trial 277 0 61911816 18.384469
-Trial 278 0 61911816 18.412923
-Trial 279 0 61911816 18.413562
* 280: Cost = 0_61905288, Time = 15.89 sec. 
-Trial 280 0 61905288 18.435597
* 281: Cost = 0_61893464, Time = 15.90 sec. 
-Trial 281 0 61893464 18.447737
-Trial 282 0 61893464 18.448636
-Trial 283 0 61893464 18.449243
-Trial 284 0 61893464 18.449570
-Trial 285 0 61893464 18.459749
-Trial 286 0 61893464 18.469986
-Trial 287 0 61893464 18.473552
-Trial 288 0 61893464 18.482517
-Trial 289 0 61893464 18.485739
-Trial 290 0 61893464 18.674075
-Trial 291 0 61893464 18.675101
-Trial 292 0 61893464 18.690498
-Trial 293 0 61893464 18.921736
-Trial 294 0 61893464 18.952330
-Trial 295 0 61893464 18.955146
-Trial 296 0 61893464 18.956240
-Trial 297 0 61893464 18.961446
* 298: Cost = 0_61889574, Time = 16.46 sec. 
-Trial 298 0 61889574 19.001749
-Trial 299 0 61889574 19.131922
* 300: Cost = 0_61886396, Time = 16.60 sec. 
-Trial 300 0 61886396 19.140516
-Trial 301 0 61886396 19.142896
* 302: Cost = 0_61874375, Time = 16.62 sec. 
-Trial 302 0 61874375 19.159928
-Trial 303 0 61874375 19.198153
-Trial 304 0 61874375 19.205597
-Trial 305 0 61874375 19.214495
-Trial 306 0 61874375 19.580263
-Trial 307 0 61874375 19.580948
-Trial 308 0 61874375 19.583514
-Trial 309 0 61874375 19.585726
-Trial 310 0 61874375 19.586044
-Trial 311 0 61874375 19.586405
-Trial 312 0 61874375 19.589886
* 313: Cost = 0_61845686, Time = 17.07 sec. 
-Trial 313 0 61845686 19.619308
-Trial 314 0 61845686 19.621183
-Trial 315 0 61845686 19.638233
* 316: Cost = 0_61797678, Time = 17.12 sec. 
-Trial 316 0 61797678 19.667140
* 317: Cost = 0_61776097, Time = 17.17 sec. 
-Trial 317 0 61776097 19.718629
-Trial 318 0 61776097 19.719261
-Trial 319 0 61776097 19.746632
-Trial 320 0 61776097 19.747883
-Trial 321 0 61776097 19.752246
-Trial 322 0 61776097 19.755125
-Trial 323 0 61776097 20.099910
-Trial 324 0 61776097 20.100218
-Trial 325 0 61776097 20.107954
-Trial 326 0 61776097 20.111858
* 327: Cost = 0_61775413, Time = 17.59 sec. 
-Trial 327 0 61775413 20.132590
-Trial 328 0 61775413 20.133166
-Trial 329 0 61775413 20.197971
-Trial 330 0 61775413 20.296358
-Trial 331 0 61775413 20.298328
-Trial 332 0 61775413 20.463070
* 333: Cost = 0_61769845, Time = 17.94 sec. 
-Trial 333 0 61769845 20.483518
-Trial 334 0 61769845 20.491221
-Trial 335 0 61769845 20.498228
-Trial 336 0 61769845 20.498693
-Trial 337 0 61769845 20.509271
-Trial 338 0 61769845 20.510426
-Trial 339 0 61769845 20.511225
-Trial 340 0 61769845 20.512291
-Trial 341 0 61769845 20.607007
-Trial 342 0 61769845 20.667593
-Trial 343 0 61769845 20.669857
-Trial 344 0 61769845 20.670524
-Trial 345 0 61769845 20.709244
* 346: Cost = 0_61757728, Time = 18.21 sec. 
-Trial 346 0 61757728 20.753908
-Trial 347 0 61757728 20.803712
* 348: Cost = 0_61742718, Time = 18.29 sec. 
-Trial 348 0 61742718 20.833652
-Trial 349 0 61742718 20.883061
-Trial 350 0 61742718 20.883977
-Trial 351 0 61742718 20.886280
-Trial 352 0 61742718 20.894504
-Trial 353 0 61742718 20.895286
-Trial 354 0 61742718 21.075247
-Trial 355 0 61742718 21.076373
-Trial 356 0 61742718 21.094551
-Trial 357 0 61742718 21.240407
-Trial 358 0 61742718 21.241166
-Trial 359 0 61742718 21.255608
-Trial 360 0 61742718 21.257889
-Trial 361 0 61742718 21.271194
-Trial 362 0 61742718 21.579121
-Trial 363 0 61742718 21.579747
-Trial 364 0 61742718 21.587068
-Trial 365 0 61742718 21.673286
* 366: Cost = 0_61742465, Time = 19.14 sec. 
-Trial 366 0 61742465 21.688893
-Trial 367 0 61742465 21.714529
-Trial 368 0 61742465 21.750617
* 369: Cost = 0_61741606, Time = 19.26 sec. 
-Trial 369 0 61741606 21.801436
-Trial 370 0 61741606 21.802039
-Trial 371 0 61741606 22.066966
* 372: Cost = 0_61721681, Time = 19.56 sec. 
-Trial 372 0 61721681 22.109796
-Trial 373 0 61721681 22.188882
-Trial 374 0 61721681 22.190146
-Trial 375 0 61721681 22.210685
-Trial 376 0 61721681 22.225734
-Trial 377 0 61721681 22.226346
-Trial 378 0 61721681 22.238971
-Trial 379 0 61721681 22.241268
-Trial 380 0 61721681 22.255781
-Trial 381 0 61721681 22.281485
-Trial 382 0 61721681 22.328835
-Trial 383 0 61721681 22.355980
-Trial 384 0 61721681 22.358941
* 385: Cost = 0_61716333, Time = 20.08 sec. 
-Trial 385 0 61716333 22.623760
* 386: Cost = 0_61712298, Time = 20.17 sec. 
-Trial 386 0 61712298 22.710323
-Trial 387 0 61712298 22.711906
-Trial 388 0 61712298 22.809807
-Trial 389 0 61712298 22.815644
-Trial 390 0 61712298 22.821318
-Trial 391 0 61712298 22.841613
-Trial 392 0 61712298 22.842010
-Trial 393 0 61712298 22.845018
-Trial 394 0 61712298 22.931361
-Trial 395 0 61712298 22.945922
-Trial 396 0 61712298 22.946331
-Trial 397 0 61712298 22.946806
-Trial 398 0 61712298 22.947080
-Trial 399 0 61712298 22.949911
-Trial 400 0 61712298 22.950229
-Trial 401 0 61712298 22.957627
-Trial 402 0 61712298 23.009735
-Trial 403 0 61712298 23.076729
-Trial 404 0 61712298 23.331324
-Trial 405 0 61712298 23.339046
-Trial 406 0 61712298 23.339377
-Trial 407 0 61712298 23.343729
-Trial 408 0 61712298 23.344476
-Trial 409 0 61712298 23.349158
-Trial 410 0 61712298 23.365921
-Trial 411 0 61712298 23.366826
-Trial 412 0 61712298 23.367771
-Trial 413 0 61712298 23.659703
-Trial 414 0 61712298 23.665288
-Trial 415 0 61712298 23.682183
* 416: Cost = 0_61695410, Time = 21.23 sec. 
-Trial 416 0 61695410 23.776200
-Trial 417 0 61695410 23.792868
-Trial 418 0 61695410 23.803873
-Trial 419 0 61695410 23.804651
-Trial 420 0 61695410 23.805138
-Trial 421 0 61695410 23.823678
-Trial 422 0 61695410 23.947902
-Trial 423 0 61695410 23.949206
-Trial 424 0 61695410 23.989460
* 425: Cost = 0_61678610, Time = 21.50 sec. 
-Trial 425 0 61678610 24.046707
-Trial 426 0 61678610 24.143869
-Trial 427 0 61678610 24.144294
-Trial 428 0 61678610 24.170907
-Trial 429 0 61678610 24.172585
-Trial 430 0 61678610 24.411600
-Trial 431 0 61678610 24.418447
-Trial 432 0 61678610 24.429028
-Trial 433 0 61678610 24.429637
-Trial 434 0 61678610 24.430232
-Trial 435 0 61678610 24.431017
-Trial 436 0 61678610 24.433209
-Trial 437 0 61678610 24.436200
-Trial 438 0 61678610 24.438045
-Trial 439 0 61678610 24.440062
-Trial 440 0 61678610 24.486053
-Trial 441 0 61678610 24.579834
-Trial 442 0 61678610 24.772107
-Trial 443 0 61678610 24.776418
-Trial 444 0 61678610 24.777430
-Trial 445 0 61678610 24.824890
* 446: Cost = 0_61671304, Time = 22.35 sec. 
-Trial 446 0 61671304 24.899624
-Trial 447 0 61671304 24.972353
-Trial 448 0 61671304 24.973139
-Trial 449 0 61671304 24.985803
-Trial 450 0 61671304 25.032974
-Trial 451 0 61671304 25.056901
-Trial 452 0 61671304 25.059374
-Trial 453 0 61671304 25.156980
-Trial 454 0 61671304 25.160629
-Trial 455 0 61671304 25.160935
-Trial 456 0 61671304 25.161557
-Trial 457 0 61671304 25.183822
-Trial 458 0 61671304 25.383819
-Trial 459 0 61671304 25.385937
-Trial 460 0 61671304 25.389957
-Trial 461 0 61671304 25.390511
-Trial 462 0 61671304 25.391374
-Trial 463 0 61671304 25.392934
* 464: Cost = 0_61670629, Time = 22.88 sec. 
-Trial 464 0 61670629 25.422357
-Trial 465 0 61670629 25.430532
-Trial 466 0 61670629 25.447327
-Trial 467 0 61670629 25.553861
-Trial 468 0 61670629 25.712441
-Trial 469 0 61670629 25.719263
-Trial 470 0 61670629 25.938008
-Trial 471 0 61670629 25.946353
-Trial 472 0 61670629 25.963413
* 473: Cost = 0_61638022, Time = 23.43 sec. 
-Trial 473 0 61638022 25.972171
-Trial 474 0 61638022 25.972774
-Trial 475 0 61638022 26.000037
-Trial 476 0 61638022 26.023622
-Trial 477 0 61638022 26.038658
-Trial 478 0 61638022 26.050903
-Trial 479 0 61638022 26.052083
-Trial 480 0 61638022 26.056090
-Trial 481 0 61638022 26.056908
-Trial 482 0 61638022 26.058390
-Trial 483 0 61638022 26.059658
-Trial 484 0 61638022 26.116600
-Trial 485 0 61638022 26.118662
-Trial 486 0 61638022 26.135731
* 487: Cost = 0_61627646, Time = 23.73 sec. 
-Trial 487 0 61627646 26.277580
-Trial 488 0 61627646 26.283801
* 489: Cost = 0_61621810, Time = 23.76 sec. 
-Trial 489 0 61621810 26.301393
-Trial 490 0 61621810 26.301819
-Trial 491 0 61621810 26.302194
-Trial 492 0 61621810 26.318435
-Trial 493 0 61621810 26.353074
-Trial 494 0 61621810 26.353623
-Trial 495 0 61621810 26.354445
-Trial 496 0 61621810 26.370853
-Trial 497 0 61621810 26.371712
-Trial 498 0 61621810 26.425561
-Trial 499 0 61621810 26.426303
-Trial 500 0 61621810 26.443224
-Trial 501 0 61621810 26.784803
-Trial 502 0 61621810 26.794249
* 503: Cost = 0_61618432, Time = 24.31 sec. 
-Trial 503 0 61618432 26.850238
* 504: Cost = 0_61601167, Time = 24.33 sec. 
-Trial 504 0 61601167 26.873517
-Trial 505 0 61601167 26.945750
-Trial 506 0 61601167 26.946827
-Trial 507 0 61601167 26.973632
-Trial 508 0 61601167 26.989152
-Trial 509 0 61601167 27.010794
-Trial 510 0 61601167 27.019995
-Trial 511 0 61601167 27.021149
-Trial 512 0 61601167 27.024243
-Trial 513 0 61601167 27.025027
-Trial 514 0 61601167 27.026555
* 515: Cost = 0_61600271, Time = 24.50 sec. 
-Trial 515 0 61600271 27.041998
-Trial 516 0 61600271 27.044733
-Trial 517 0 61600271 27.114562
-Trial 518 0 61600271 27.115236
-Trial 519 0 61600271 27.128483
* 520: Cost = 0_61594641, Time = 24.62 sec. 
-Trial 520 0 61594641 27.168930
-Trial 521 0 61594641 27.169496
* 522: Cost = 0_61594479, Time = 24.65 sec. 
-Trial 522 0 61594479 27.191206
-Trial 523 0 61594479 27.247162
-Trial 524 0 61594479 27.247723
* 525: Cost = 0_61565012, Time = 24.75 sec. 
-Trial 525 0 61565012 27.292308
-Trial 526 0 61565012 27.347406
-Trial 527 0 61565012 27.376850
* 528: Cost = 0_61555832, Time = 24.90 sec. 
-Trial 528 0 61555832 27.443189
-Trial 529 0 61555832 27.445268
-Trial 530 0 61555832 27.567343
-Trial 531 0 61555832 27.587922
-Trial 532 0 61555832 27.603800
* 533: Cost = 0_61542226, Time = 25.08 sec. 
-Trial 533 0 61542226 27.624078
-Trial 534 0 61542226 27.624485
* 535: Cost = 0_61465884, Time = 25.16 sec. 
-Trial 535 0 61465884 27.704894
-Trial 536 0 61465884 27.719442
-Trial 537 0 61465884 27.720816
-Trial 538 0 61465884 27.779175
-Trial 539 0 61465884 27.781258
-Trial 540 0 61465884 27.782407
-Trial 541 0 61465884 27.791964
* 542: Cost = 0_61448469, Time = 25.26 sec. 
-Trial 542 0 61448469 27.802930
-Trial 543 0 61448469 27.837667
-Trial 544 0 61448469 27.865043
-Trial 545 0 61448469 27.904033
-Trial 546 0 61448469 27.906161
-Trial 547 0 61448469 27.911137
-Trial 548 0 61448469 27.921968
-Trial 549 0 61448469 27.955941
-Trial 550 0 61448469 27.957251
-Trial 551 0 61448469 27.957552
-Trial 552 0 61448469 27.979787
-Trial 553 0 61448469 27.980678
-Trial 554 0 61448469 27.981315
-Trial 555 0 61448469 28.061839
-Trial 556 0 61448469 28.080171
-Trial 557 0 61448469 28.080425
-Trial 558 0 61448469 28.184743
-Trial 559 0 61448469 28.241322
-Trial 560 0 61448469 28.247764
-Trial 561 0 61448469 28.264700
-Trial 562 0 61448469 28.265240
-Trial 563 0 61448469 28.300978
-Trial 564 0 61448469 28.309132
* 565: Cost = 0_61376020, Time = 25.83 sec. 
-Trial 565 0 61376020 28.370704
* 566: Cost = 0_61334143, Time = 25.84 sec. 
-Trial 566 0 61334143 28.387970
-Trial 567 0 61334143 28.486926
-Trial 568 0 61334143 28.705846
-Trial 569 0 61334143 28.712086
-Trial 570 0 61334143 28.819581
-Trial 571 0 61334143 28.825861
-Trial 572 0 61334143 28.838323
-Trial 573 0 61334143 28.973673
* 574: Cost = 0_61325306, Time = 26.50 sec. 
-Trial 574 0 61325306 29.044403
-Trial 575 0 61325306 29.050239
* 576: Cost = 0_61323871, Time = 26.53 sec. 
-Trial 576 0 61323871 29.078031
* 577: Cost = 0_61306940, Time = 26.58 sec. 
-Trial 577 0 61306940 29.120571
-Trial 578 0 61306940 29.120867
-Trial 579 0 61306940 29.123967
-Trial 580 0 61306940 29.126478
-Trial 581 0 61306940 29.132446
-Trial 582 0 61306940 29.134253
-Trial 583 0 61306940 29.136523
* 584: Cost = 0_61303659, Time = 26.63 sec. 
-Trial 584 0 61303659 29.174040
-Trial 585 0 61303659 29.175464
-Trial 586 0 61303659 29.195924
-Trial 587 0 61303659 29.273231
-Trial 588 0 61303659 29.274591
* 589: Cost = 0_61299694, Time = 26.75 sec. 
-Trial 589 0 61299694 29.294975
* 590: Cost = 0_61297226, Time = 26.89 sec. 
-Trial 590 0 61297226 29.430241
* 591: Cost = 0_61291390, Time = 26.90 sec. 
-Trial 591 0 61291390 29.442597
-Trial 592 0 61291390 29.513068
-Trial 593 0 61291390 29.524593
-Trial 594 0 61291390 29.543681
-Trial 595 0 61291390 29.546511
-Trial 596 0 61291390 29.548046
-Trial 597 0 61291390 29.552377
-Trial 598 0 61291390 29.576278
* 599: Cost = 0_61290935, Time = 27.06 sec. 
-Trial 599 0 61290935 29.603313
-Trial 600 0 61290935 29.619495
-Trial 601 0 61290935 29.621636
-Trial 602 0 61290935 29.649496
-Trial 603 0 61290935 29.649776
-Trial 604 0 61290935 29.650026
* 605: Cost = 0_61273090, Time = 27.17 sec. 
-Trial 605 0 61273090 29.712603
-Trial 606 0 61273090 29.795624
-Trial 607 0 61273090 29.797482
-Trial 608 0 61273090 29.798028
-Trial 609 0 61273090 30.413934
-Trial 610 0 61273090 30.470044
-Trial 611 0 61273090 30.471560
-Trial 612 0 61273090 30.478766
-Trial 613 0 61273090 30.497887
-Trial 614 0 61273090 30.601128
-Trial 615 0 61273090 30.604691
-Trial 616 0 61273090 30.607787
-Trial 617 0 61273090 30.614980
-Trial 618 0 61273090 30.615480
-Trial 619 0 61273090 30.626178
-Trial 620 0 61273090 30.756336
* 621: Cost = 0_61268464, Time = 28.33 sec. 
-Trial 621 0 61268464 30.875870
* 622: Cost = 0_61261825, Time = 28.36 sec. 
-Trial 622 0 61261825 30.907060
-Trial 623 0 61261825 30.907456
-Trial 624 0 61261825 30.910536
-Trial 625 0 61261825 30.978053
* 626: Cost = 0_61258403, Time = 28.44 sec. 
-Trial 626 0 61258403 30.987069
-Trial 627 0 61258403 30.988525
-Trial 628 0 61258403 30.992822
-Trial 629 0 61258403 31.015202
-Trial 630 0 61258403 31.065007
-Trial 631 0 61258403 31.077297
-Trial 632 0 61258403 31.104777
-Trial 633 0 61258403 31.133435
* 634: Cost = 0_61232803, Time = 28.61 sec. 
-Trial 634 0 61232803 31.155523
-Trial 635 0 61232803 31.161076
-Trial 636 0 61232803 31.161531
-Trial 637 0 61232803 31.161789
-Trial 638 0 61232803 31.162362
-Trial 639 0 61232803 31.204066
-Trial 640 0 61232803 31.270642
-Trial 641 0 61232803 31.277432
-Trial 642 0 61232803 31.357918
-Trial 643 0 61232803 31.358660
-Trial 644 0 61232803 31.359754
-Trial 645 0 61232803 31.378448
-Trial 646 0 61232803 31.404581
-Trial 647 0 61232803 31.445918
-Trial 648 0 61232803 31.446630
* 649: Cost = 0_61231467, Time = 28.92 sec. 
-Trial 649 0 61231467 31.465250
-Trial 650 0 61231467 31.487391
-Trial 651 0 61231467 31.557786
-Trial 652 0 61231467 31.561423
-Trial 653 0 61231467 31.562636
-Trial 654 0 61231467 31.581491
-Trial 655 0 61231467 31.582011
* 656: Cost = 0_61203649, Time = 29.07 sec. 
-Trial 656 0 61203649 31.616504
-Trial 657 0 61203649 31.618377
* 658: Cost = 0_61199261, Time = 29.12 sec. 
-Trial 658 0 61199261 31.662020
-Trial 659 0 61199261 31.692556
-Trial 660 0 61199261 31.693880
-Trial 661 0 61199261 31.699869
* 662: Cost = 0_61138375, Time = 29.20 sec. 
-Trial 662 0 61138375 31.744074
-Trial 663 0 61138375 31.744746
-Trial 664 0 61138375 31.747486
-Trial 665 0 61138375 31.761420
-Trial 666 0 61138375 31.762628
-Trial 667 0 61138375 31.764833
-Trial 668 0 61138375 31.766517
-Trial 669 0 61138375 31.782262
-Trial 670 0 61138375 31.791930
-Trial 671 0 61138375 31.815468
-Trial 672 0 61138375 32.337919
-Trial 673 0 61138375 32.338346
-Trial 674 0 61138375 32.339185
-Trial 675 0 61138375 32.343697
* 676: Cost = 0_61127966, Time = 29.90 sec. 
-Trial 676 0 61127966 32.446557
-Trial 677 0 61127966 32.447303
-Trial 678 0 61127966 32.447591
-Trial 679 0 61127966 32.449161
-Trial 680 0 61127966 32.457766
-Trial 681 0 61127966 32.460900
-Trial 682 0 61127966 32.461818
-Trial 683 0 61127966 32.471155
* 684: Cost = 0_61115360, Time = 29.99 sec. 
-Trial 684 0 61115360 32.538316
-Trial 685 0 61115360 32.552805
-Trial 686 0 61115360 32.579017
-Trial 687 0 61115360 32.581156
-Trial 688 0 61115360 32.967469
-Trial 689 0 61115360 32.974886
-Trial 690 0 61115360 33.030031
-Trial 691 0 61115360 33.038409
-Trial 692 0 61115360 33.043569
-Trial 693 0 61115360 33.065451
-Trial 694 0 61115360 33.254118
-Trial 695 0 61115360 33.269532
-Trial 696 0 61115360 33.275208
* 697: Cost = 0_61107683, Time = 30.74 sec. 
-Trial 697 0 61107683 33.284341
-Trial 698 0 61107683 33.369124
* 699: Cost = 0_61103016, Time = 30.83 sec. 
-Trial 699 0 61103016 33.379671
-Trial 700 0 61103016 33.512721
* 701: Cost = 0_61100134, Time = 31.04 sec. 
-Trial 701 0 61100134 33.580040
-Trial 702 0 61100134 33.580410
-Trial 703 0 61100134 33.581040
-Trial 704 0 61100134 33.582448
* 705: Cost = 0_61085311, Time = 31.06 sec. 
-Trial 705 0 61085311 33.600251
-Trial 706 0 61085311 33.601426
-Trial 707 0 61085311 33.617235
-Trial 708 0 61085311 33.618466
-Trial 709 0 61085311 33.618790
* 710: Cost = 0_61082977, Time = 31.10 sec. 
-Trial 710 0 61082977 33.644665
-Trial 711 0 61082977 33.694483
-Trial 712 0 61082977 33.739947
* 713: Cost = 0_61079144, Time = 31.26 sec. 
-Trial 713 0 61079144 33.805864
* 714: Cost = 0_61073061, Time = 31.28 sec. 
-Trial 714 0 61073061 33.823671
-Trial 715 0 61073061 33.827189
* 716: Cost = 0_61066286, Time = 31.31 sec. 
-Trial 716 0 61066286 33.856357
-Trial 717 0 61066286 33.861955
-Trial 718 0 61066286 33.862236
-Trial 719 0 61066286 33.986418
-Trial 720 0 61066286 34.026057
-Trial 721 0 61066286 34.172295
-Trial 722 0 61066286 34.284870
-Trial 723 0 61066286 34.600001
-Trial 724 0 61066286 34.602254
-Trial 725 0 61066286 34.714911
-Trial 726 0 61066286 34.745635
-Trial 727 0 61066286 34.894924
-Trial 728 0 61066286 34.907222
-Trial 729 0 61066286 34.965641
-Trial 730 0 61066286 35.016956
-Trial 731 0 61066286 35.059953
-Trial 732 0 61066286 35.061528
-Trial 733 0 61066286 35.238391
-Trial 734 0 61066286 35.255350
* 735: Cost = 0_61065516, Time = 32.74 sec. 
-Trial 735 0 61065516 35.284446
* 736: Cost = 0_61061885, Time = 32.77 sec. 
-Trial 736 0 61061885 35.316263
-Trial 737 0 61061885 35.321159
-Trial 738 0 61061885 35.343619
-Trial 739 0 61061885 35.360606
* 740: Cost = 0_61057675, Time = 32.83 sec. 
-Trial 740 0 61057675 35.378887
-Trial 741 0 61057675 35.391360
-Trial 742 0 61057675 35.399214
-Trial 743 0 61057675 35.407575
-Trial 744 0 61057675 35.409239
-Trial 745 0 61057675 35.416385
-Trial 746 0 61057675 35.417685
-Trial 747 0 61057675 35.418550
-Trial 748 0 61057675 35.419411
* 749: Cost = 0_61056769, Time = 32.90 sec. 
-Trial 749 0 61056769 35.444713
-Trial 750 0 61056769 35.446504
-Trial 751 0 61056769 35.446765
-Trial 752 0 61056769 35.448741
-Trial 753 0 61056769 35.460277
* 754: Cost = 0_61053741, Time = 32.94 sec. 
-Trial 754 0 61053741 35.483491
-Trial 755 0 61053741 35.484339
-Trial 756 0 61053741 35.532881
-Trial 757 0 61053741 35.534761
-Trial 758 0 61053741 35.535017
-Trial 759 0 61053741 35.537002
-Trial 760 0 61053741 35.608205
-Trial 761 0 61053741 35.608724
* 762: Cost = 0_61051471, Time = 33.08 sec. 
-Trial 762 0 61051471 35.621948
-Trial 763 0 61051471 35.629965
-Trial 764 0 61051471 35.630625
-Trial 765 0 61051471 35.673161
* 766: Cost = 0_61047181, Time = 33.15 sec. 
-Trial 766 0 61047181 35.697275
-Trial 767 0 61047181 35.701155
-Trial 768 0 61047181 35.708792
* 769: Cost = 0_61033522, Time = 33.17 sec. 
-Trial 769 0 61033522 35.711080
-Trial 770 0 61033522 35.790054
-Trial 771 0 61033522 36.056919
-Trial 772 0 61033522 36.082166
* 773: Cost = 0_61012640, Time = 33.56 sec. 
-Trial 773 0 61012640 36.105058
* 774: Cost = 0_61012612, Time = 33.61 sec. 
-Trial 774 0 61012612 36.150103
-Trial 775 0 61012612 36.263299
-Trial 776 0 61012612 36.275381
-Trial 777 0 61012612 36.276751
-Trial 778 0 61012612 36.287072
-Trial 779 0 61012612 36.323334
-Trial 780 0 61012612 36.355507
-Trial 781 0 61012612 36.356418
-Trial 782 0 61012612 36.356777
-Trial 783 0 61012612 36.359596
-Trial 784 0 61012612 36.359851
* 785: Cost = 0_61004390, Time = 33.87 sec. 
-Trial 785 0 61004390 36.414760
-Trial 786 0 61004390 36.428684
-Trial 787 0 61004390 36.669471
-Trial 788 0 61004390 36.674115
-Trial 789 0 61004390 36.852125
-Trial 790 0 61004390 36.919179
-Trial 791 0 61004390 36.919648
-Trial 792 0 61004390 36.920579
-Trial 793 0 61004390 37.146875
* 794: Cost = 0_61003499, Time = 34.67 sec. 
-Trial 794 0 61003499 37.216132
-Trial 795 0 61003499 37.303439
-Trial 796 0 61003499 37.430806
-Trial 797 0 61003499 37.431576
-Trial 798 0 61003499 37.522016
-Trial 799 0 61003499 37.524683
-Trial 800 0 61003499 37.526404
-Trial 801 0 61003499 37.545679
-Trial 802 0 61003499 37.552868
-Trial 803 0 61003499 37.562375
-Trial 804 0 61003499 37.661601
-Trial 805 0 61003499 37.662956
-Trial 806 0 61003499 37.814868
-Trial 807 0 61003499 37.815274
-Trial 808 0 61003499 37.823380
-Trial 809 0 61003499 37.823686
-Trial 810 0 61003499 37.825318
* 811: Cost = 0_60964548, Time = 35.30 sec. 
-Trial 811 0 60964548 37.840433
-Trial 812 0 60964548 37.842270
-Trial 813 0 60964548 37.844143
-Trial 814 0 60964548 37.845491
-Trial 815 0 60964548 37.906911
-Trial 816 0 60964548 37.908094
-Trial 817 0 60964548 38.011655
-Trial 818 0 60964548 38.468695
* 819: Cost = 0_60928041, Time = 35.96 sec. 
-Trial 819 0 60928041 38.506726
-Trial 820 0 60928041 38.508065
-Trial 821 0 60928041 38.510891
-Trial 822 0 60928041 38.579251
-Trial 823 0 60928041 38.637437
-Trial 824 0 60928041 38.637777
-Trial 825 0 60928041 38.639885
-Trial 826 0 60928041 38.640802
-Trial 827 0 60928041 38.684964
-Trial 828 0 60928041 38.685498
-Trial 829 0 60928041 38.849429
-Trial 830 0 60928041 38.853488
-Trial 831 0 60928041 38.855636
* 832: Cost = 0_60916939, Time = 36.32 sec. 
-Trial 832 0 60916939 38.867221
-Trial 833 0 60916939 38.922476
-Trial 834 0 60916939 38.923325
-Trial 835 0 60916939 38.929251
-Trial 836 0 60916939 39.031213
-Trial 837 0 60916939 39.031477
-Trial 838 0 60916939 39.036808
-Trial 839 0 60916939 39.039012
-Trial 840 0 60916939 39.039567
* 841: Cost = 0_60913354, Time = 36.64 sec. 
-Trial 841 0 60913354 39.181786
-Trial 842 0 60913354 39.222391
-Trial 843 0 60913354 39.223857
* 844: Cost = 0_60866622, Time = 37.08 sec. 
-Trial 844 0 60866622 39.622676
-Trial 845 0 60866622 39.803443
-Trial 846 0 60866622 39.804478
-Trial 847 0 60866622 40.031137
-Trial 848 0 60866622 40.032556
-Trial 849 0 60866622 40.033155
-Trial 850 0 60866622 40.036451
-Trial 851 0 60866622 40.041490
-Trial 852 0 60866622 40.042385
-Trial 853 0 60866622 40.042885
-Trial 854 0 60866622 40.043996
-Trial 855 0 60866622 40.044260
-Trial 856 0 60866622 40.094150
-Trial 857 0 60866622 40.366839
-Trial 858 0 60866622 40.392095
-Trial 859 0 60866622 40.404969
-Trial 860 0 60866622 40.481683
-Trial 861 0 60866622 40.526117
-Trial 862 0 60866622 40.526471
-Trial 863 0 60866622 40.850722
-Trial 864 0 60866622 41.027408
-Trial 865 0 60866622 41.028740
-Trial 866 0 60866622 41.060655
-Trial 867 0 60866622 41.061559
-Trial 868 0 60866622 41.242220
-Trial 869 0 60866622 41.242748
* 870: Cost = 0_60856529, Time = 38.75 sec. 
-Trial 870 0 60856529 41.298410
-Trial 871 0 60856529 41.301315
-Trial 872 0 60856529 41.579919
-Trial 873 0 60856529 41.581873
-Trial 874 0 60856529 41.582628
-Trial 875 0 60856529 41.583884
* 876: Cost = 0_60850342, Time = 39.05 sec. 
-Trial 876 0 60850342 41.599193
-Trial 877 0 60850342 41.600116
-Trial 878 0 60850342 41.600604
-Trial 879 0 60850342 41.601534
-Trial 880 0 60850342 41.706012
-Trial 881 0 60850342 41.722755
-Trial 882 0 60850342 41.723966
-Trial 883 0 60850342 42.105330
-Trial 884 0 60850342 42.109888
-Trial 885 0 60850342 42.168914
-Trial 886 0 60850342 42.200872
-Trial 887 0 60850342 42.203931
-Trial 888 0 60850342 42.223486
* 889: Cost = 0_60848753, Time = 39.75 sec. 
-Trial 889 0 60848753 42.295466
-Trial 890 0 60848753 42.298303
-Trial 891 0 60848753 42.301704
-Trial 892 0 60848753 42.302294
-Trial 893 0 60848753 42.317404
* 894: Cost = 0_60840228, Time = 39.80 sec. 
-Trial 894 0 60840228 42.343803
-Trial 895 0 60840228 42.346470
-Trial 896 0 60840228 42.347570
* 897: Cost = 0_60777189, Time = 39.92 sec. 
-Trial 897 0 60777189 42.465787
-Trial 898 0 60777189 42.479674
* 899: Cost = 0_60761322, Time = 40.03 sec. 
-Trial 899 0 60761322 42.577120
-Trial 900 0 60761322 42.684594
-Trial 901 0 60761322 42.709170
-Trial 902 0 60761322 42.709796
-Trial 903 0 60761322 42.714527
* 904: Cost = 0_60758655, Time = 40.18 sec. 
-Trial 904 0 60758655 42.729761
-Trial 905 0 60758655 42.730539
-Trial 906 0 60758655 42.730868
-Trial 907 0 60758655 42.766558
-Trial 908 0 60758655 42.766927
-Trial 909 0 60758655 42.800284
-Trial 910 0 60758655 42.800599
-Trial 911 0 60758655 42.801234
-Trial 912 0 60758655 42.831865
-Trial 913 0 60758655 42.832602
-Trial 914 0 60758655 42.833415
-Trial 915 0 60758655 42.842290
-Trial 916 0 60758655 42.857306
-Trial 917 0 60758655 42.857616
-Trial 918 0 60758655 42.863303
-Trial 919 0 60758655 42.865075
-Trial 920 0 60758655 42.869768
-Trial 921 0 60758655 42.874278
-Trial 922 0 60758655 42.877039
-Trial 923 0 60758655 42.948225
-Trial 924 0 60758655 43.090426
-Trial 925 0 60758655 43.092054
-Trial 926 0 60758655 43.093120
-Trial 927 0 60758655 43.100729
-Trial 928 0 60758655 43.104515
-Trial 929 0 60758655 43.286506
-Trial 930 0 60758655 43.286973
-Trial 931 0 60758655 43.310588
-Trial 932 0 60758655 43.311245
-Trial 933 0 60758655 43.349820
-Trial 934 0 60758655 43.350408
-Trial 935 0 60758655 43.350883
-Trial 936 0 60758655 43.368457
-Trial 937 0 60758655 43.371332
-Trial 938 0 60758655 43.389326
-Trial 939 0 60758655 43.444640
-Trial 940 0 60758655 43.445626
-Trial 941 0 60758655 43.462234
-Trial 942 0 60758655 43.463751
-Trial 943 0 60758655 43.468765
-Trial 944 0 60758655 43.469696
-Trial 945 0 60758655 43.470324
-Trial 946 0 60758655 43.470736
* 947: Cost = 0_60750538, Time = 40.98 sec. 
-Trial 947 0 60750538 43.529223
-Trial 948 0 60750538 43.750520
-Trial 949 0 60750538 43.751066
-Trial 950 0 60750538 43.937043
* 951: Cost = 0_60745438, Time = 41.43 sec. 
-Trial 951 0 60745438 43.975152
-Trial 952 0 60745438 43.978721
-Trial 953 0 60745438 43.979285
-Trial 954 0 60745438 43.980105
-Trial 955 0 60745438 43.981071
-Trial 956 0 60745438 44.201425
* 957: Cost = 0_60742904, Time = 41.66 sec. 
-Trial 957 0 60742904 44.208176
-Trial 958 0 60742904 44.235085
-Trial 959 0 60742904 44.323924
-Trial 960 0 60742904 44.346543
* 961: Cost = 0_60742828, Time = 41.82 sec. 
-Trial 961 0 60742828 44.365982
-Trial 962 0 60742828 44.389709
-Trial 963 0 60742828 44.400808
-Trial 964 0 60742828 44.519758
-Trial 965 0 60742828 44.527405
-Trial 966 0 60742828 44.527934
-Trial 967 0 60742828 44.610588
-Trial 968 0 60742828 44.614084
-Trial 969 0 60742828 44.614652
-Trial 970 0 60742828 44.617297
-Trial 971 0 60742828 44.664760
-Trial 972 0 60742828 44.665023
-Trial 973 0 60742828 44.681074
-Trial 974 0 60742828 44.687847
-Trial 975 0 60742828 44.710310
-Trial 976 0 60742828 44.716342
-Trial 977 0 60742828 44.717979
-Trial 978 0 60742828 44.718625
-Trial 979 0 60742828 45.041082
-Trial 980 0 60742828 45.119883
* 981: Cost = 0_60717686, Time = 42.72 sec. 
-Trial 981 0 60717686 45.269251
-Trial 982 0 60717686 45.277536
-Trial 983 0 60717686 45.417106
-Trial 984 0 60717686 45.417817
-Trial 985 0 60717686 45.418447
-Trial 986 0 60717686 45.433594
* 987: Cost = 0_60713520, Time = 42.94 sec. 
-Trial 987 0 60713520 45.487587
-Trial 988 0 60713520 45.497704
-Trial 989 0 60713520 45.601044
-Trial 990 0 60713520 45.601592
-Trial 991 0 60713520 45.645186
-Trial 992 0 60713520 45.645827
-Trial 993 0 60713520 45.702336
-Trial 994 0 60713520 45.705055
-Trial 995 0 60713520 45.705909
-Trial 996 0 60713520 45.729579
-Trial 997 0 60713520 45.946926
* 998: Cost = 0_60708565, Time = 43.42 sec. 
-Trial 998 0 60708565 45.968107
-Trial 999 0 60708565 46.050687
-Trial 1000 0 60708565 46.074734
Population:
  1: 0_60708565
Run 1: Cost = 0_60708565, Time = 43.53 sec. 

Successes/Runs = 0/1 
Cost.min = 60708565, Cost.avg = 60708565.00, Cost.max = 60708565
Gap.min = 0.0000%, Gap.avg = 0.0000%, Gap.max = 0.0000%
Penalty.min = 0, Penalty.avg = 0.00, Penalty.max = 0
Trials.min = 1000, Trials.avg = 1000.0, Trials.max = 1000
Time.min = 43.53 sec., Time.avg = 43.53 sec., Time.max = 43.53 sec.
Time.total = 46.08 sec.
  Size.min = 24, Size.max = 45, Penalty = 0
  Cost.min = 567946, Cost.max = 2537159, Cost.sum = 60708565
Best CVRP solution:
  Cost = 0_60708565
414 1150 955 1515 592 114 1483 371 988 516 716 883 226 279 730 33 1094 1232 702 977 915 465 606 536 1344 479 802 1260 1245 269 272 508 1022 244 270 225 1275 561 361 1463 1320 1297 280 38 925 1415 358 1535 815 918 438 1355 693 1490 974 1282 439 443 1432 20 1300 535 696 183 846 962 834 213 1086 449 1278 1419 1326 462 332 146 1335 523 384 1133 234 689 806 1295 1507 1296 602 914 1109 584 1309 616 404 345 649 1023 872 232 956 1085 251 415 1277 880 17 656 982 1015 201 6 277 922 897 935 1000 1424 488 1105 243 529 695 1532 642 849 25 317 375 1292 36 1365 512 1010 519 24 1100 877 451 605 1244 116 197 76 636 1472 987 81 1097 1361 491 298 118 1092 1329 1231 1091 652 884 14 121 1139 1508 258 1387 135 1345 548 385 1101 1491 820 704 1196 1359 112 613 808 923 1237 1248 752 666 382 1065 1134 495 1047 113 1167 1132 913 254 1264 57 368 1246 1525 1108 390 1141 53 869 1208 830 103 1117 119 200 1425 348 1125 930 150 349 288 858 417 1116 336 876 497 252 1293 1252 211 640 1149 1343 212 40 104 1357 1265 1447 515 1443 963 1283 1505 1287 133 483 896 1258 1011 1437 293 975 260 278 524 1018 904 193 105 700 814 1305 626 463 1063 1477 850 91 292 441 831 324 628 1390 1176 346 685 657 646 228 315 967 94 983 750 266 1519 43 847 582 748 159 1398 214 296 715 1261 1233 1451 75 199 902 594 1197 804 284 783 949 1156 429 87 477 1406 807 437 933 1449 1487 1285 887 699 1115 1501 372 966 856 559 1499 1 1421 793 157 1402 980 572 562 837 881 921 1393 621 794 1223 709 1198 1435 673 341 1064 823 261 32 1055 360 172 560 1448 413 474 136 461 1526 54 633 501 93 1143 1454 59 906 764 65 1255 1006 58 195 940 1360 383 851 342 1303 1210 455 434 55 1467 485 1045 611 484 1123 1349 428 1135 753 836 276 1511 1262 1336 1163 407 552 916 598 1037 117 1404 728 490 538 1005 1259 1369 1428 961 100 1312 265 844 287 1434 408 380 620 958 509 108 90 1322 1230 1054 1032 1034 423 1518 729 257 273 1294 920 1194 1021 1209 1307 1154 51 153 241 88 719 758 1453 1460 855 242 521 28 781 1090 1321 143 1159 782 1213 1256 545 1405 681 786 13 1514 215 73 1254 227 767 506 1048 766 650 240 230 316 1121 1377 26 1183 1276 1207 1236 442 892 635 1203 1113 411 1201 1060 1041 612 848 1189 328 714 1527 615 619 1247 1389 1494 812 1316 574 1339 356 1062 452 1306 1333 959 1356 79 1455 710 596 1240 648 493 303 1497 248 1452 1081 1016 614 1474 69 1441 928 743 1330 70 154 1014 510 1131 1509 762 813 1001 845 706 818 989 857 1076 1126 1206 1151 166 577 1040 35 566 1072 1409 286 1096 422 1414 1175 297 1028 965 712 631 235 871 867 528 184 1153 1178 1537 826 853 1397 1136 970 927 583 1202 679 1112 1310 395 1279 1302 608 1007 895 537 1174 464 1266 917 691 530 16 951 756 170 1199 492 937 321 350 370 245 1318 1464 1350 905 224 600 1513 283 732 1074 138 402 841 21 1364 1319 378 131 1458 1383 1186 1354 1286 1481 960 262 496 129 971 725 148 1218 565 800 589 726 15 10 1140 1205 102 207 186 1426 1274 623 208 805 1059 249 1093 1520 351 894 755 268 1122 151 1173 859 708 222 290 165 707 864 1263 903 420 198 1378 387 1046 792 95 1177 1488 835 1088 629 1328 142 1407 325 255 747 789 809 1391 149 312 1510 590 1337 779 304 854 229 870 46 1165 109 1368 182 1479 1042 543 677 329 771 1385 879 1008 397 23 1308 1475 1253 74 1071 889 1411 1144 1456 694 1504 907 1271 487 275 1299 1384 66 1158 1430 797 502 683 1053 52 256 1052 1111 1268 1039 64 1193 969 323 1408 1429 50 1376 790 1120 1420 1106 1346 564 1471 1413 381 1351 1089 1399 18 27 68 1522 176 544 155 954 672 379 763 684 568 164 1066 751 664 1162 1049 1227 1270 152 822 1069 899 654 573 911 1095 1147 1226 1410 1485 132 1031 1070 359 1466 127 934 852 1017 1444 237 999 185 174 1529 990 480 47 976 1272 1138 663 607 900 405 206 514 369 253 1269 518 450 1465 60 1024 1152 676 576 1020 733 1492 979 101 740 98 467 776 643 1228 468 89 456 63 1512 816 476 727 697 190 757 419 1250 247 593 1363 96 427 393 503 203 1073 1500 839 507 1002 665 791 1181 124 829 1257 1284 1103 670 1457 285 821 832 1446 973 838 1528 539 267 787 926 320 1334 418 71 760 968 595 1192 569 366 445 882 1340 1315 1035 865 948 178 825 78 687 1440 85 1104 878 1184 1080 547 639 1530 1367 885 722 601 570 1473 263 637 309 957 1012 156 388 1099 499 289 744 1375 48 671 1395 1225 139 1033 778 1439 355 780 1280 698 1288 550 703 313 1533 638 811 785 1057 440 668 1130 326 1214 1067 585 941 1478 1171 1148 1239 1026 1445 299 678 891 412 863 1400 1382 194 978 162 713 705 223 901 522 1220 1468 97 478 1215 617 125 738 588 436 1534 1331 144 137 473 1416 180 236 181 701 210 866 946 110 717 586 653 460 216 353 1127 221 8 294 777 1433 843 1087 399 1229 964 1068 469 99 1516 168 1301 1187 873 179 768 365 765 453 1423 1004 107 734 11 1188 682 1161 1379 330 374 425 1431 457 874 339 511 827 83 163 205 769 1179 1332 817 541 1502 106 481 1243 997 1170 828 92 1470 77 367 239 1362 80 618 145 1323 1114 498 470 362 140 1056 1353 494 1482 2 217 1493 739 1289 972 1216 1521 19 553 424 398 1242 746 1324 724 950 798 62 202 919 472 609 939 1418 534 893 160 1484 986 868 1195 337 335 1436 386 1043 603 301 1381 396 219 597 533 357 1480 1348 482 1524 749 421 517 604 282 344 130 394 486 363 991 773 246 409 579 567 1157 675 1217 37 259 888 943 489 622 1442 718 1386 1403 1146 688 591 177 72 1082 1503 908 314 1191 1164 389 300 67 447 432 555 1036 558 1317 645 862 39 1110 475 171 34 391 924 952 801 1219 1098 667 669 772 796 531 599 1078 842 1224 189 295 1304 931 860 651 1540 890 995 686 373 141 1461 426 571 737 401 1128 1212 49 1079 82 9 953 128 7 204 161 563 187 1489 1251 909 542 945 158 1050 641 1249 721 910 1118 310 1009 992 318 1539 1137 61 1427 1298 444 84 1496 736 1342 338 527 1204 690 1077 1168 810 942 306 532 998 22 1325 343 1155 525 271 406 307 1412 175 471 929 274 1190 1281 674 31 720 1531 551 430 1075 448 1290 581 410 1107 610 1366 759 981 1102 1291 333 376 1358 1180 1030 520 400 458 1311 723 1027 331 1422 526 1372 302 1038 1380 1538 1182 403 803 1166 126 1347 658 1469 735 1169 1019 1145 433 281 1119 41 173 1392 659 42 1450 655 1003 1273 861 1200 319 985 1417 322 1234 30 546 1476 169 111 994 1401 392 291 1517 513 1025 1313 1160 1371 742 305 1185 1235 557 1370 12 1338 446 1061 1241 4 1051 311 134 692 819 774 231 875 840 912 191 662 1352 578 431 500 770 549 435 352 1396 711 644 1523 188 938 196 632 587 340 775 192 1314 233 1058 120 167 936 250 1083 625 1172 5 634 115 754 1124 377 944 1459 984 327 45 745 996 1438 660 1341 540 354 1238 147 932 3 29 56 44 1211 886 1506 680 1013 504 661 630 627 334 1222 1142 741 1084 1495 788 1129 459 993 364 1388 209 1394 556 898 1462 1374 1536 761 466 799 731 833 416 218 647 122 347 554 123 238 1327 308 220 1498 86 1267 580 784 454 824 1221 1486 1373 624 1044 1029 795 575 505 264 947 414 
