PARAMETER_FILE = result/cvrp_1500/NeuroLKH_para/21.para
Reading PROBLEM_FILE: "result/cvrp_1500/cvrp/21.cvrp" ... done
ASCENT_CANDIDATES = 50
BACKBONE_TRIALS = 0
BACKTRACKING = NO
# BWTSP =
CANDIDATE_FILE = result/cvrp_1500/candidate/21.txt
CANDIDATE_SET_TYPE = ALPHA
DEPOT = 1
# EDGE_FILE =
EXCESS = 0.000666223
EXTERNAL_SALESMEN = 0
EXTRA_CANDIDATES = 0 
EXTRA_CANDIDATE_SET_TYPE = QUADRANT
GAIN23 = NO
GAIN_CRITERION = YES
INITIAL_PERIOD = 750
INITIAL_STEP_SIZE = 1
INITIAL_TOUR_ALGORITHM = WALK
# INITIAL_TOUR_FILE = 
INITIAL_TOUR_FRACTION = 1.000
# INPUT_TOUR_FILE = 
KICK_TYPE = 4
KICKS = 1
# MAX_BREADTH =
MAKESPAN = NO
MAX_CANDIDATES = 5 
MAX_SWAPS = 0
MAX_TRIALS = 1000
# MERGE_TOUR_FILE =
MOVE_TYPE = 5 SPECIAL
MTSP_MIN_SIZE = 1
MTSP_MAX_SIZE = 1500
# MTSP_SOLUTION_FILE = 
# NONSEQUENTIAL_MOVE_TYPE = 5
# OPTIMUM =
# OUTPUT_TOUR_FILE = 
PATCHING_A = 1 
PATCHING_C = 0 
# PI_FILE = 
POPMUSIC_INITIAL_TOUR = NO
POPMUSIC_MAX_NEIGHBORS = 5
POPMUSIC_SAMPLE_SIZE = 10
POPMUSIC_SOLUTIONS = 50
POPMUSIC_TRIALS = 1
POPULATION_SIZE = 10
PRECISION = 100
PROBLEM_FILE = result/cvrp_1500/cvrp/21.cvrp
RECOMBINATION = IPT
RESTRICTED_SEARCH = YES
RUNS = 1
SALESMEN = 40
SCALE = 1
SEED = 1234
# SINTEF_SOLUTION_FILE = 
STOP_AT_OPTIMUM = YES
SUBGRADIENT = NO
# SUBPROBLEM_SIZE =
# SUBPROBLEM_TOUR_FILE = 
SUBSEQUENT_MOVE_TYPE = 5 SPECIAL
SUBSEQUENT_PATCHING = YES
# TIME_LIMIT =
# TOUR_FILE = 
TRACE_LEVEL = 1
VEHICLES = 40

Reading CANDIDATE_FILE: "result/cvrp_1500/candidate/21.txt" ... done
Lower bound = 28981361.0, Ascent time = 0.03 sec.
Cand.min = 2, Cand.avg = 4.9, Cand.max = 5
Preprocessing time = 0.08 sec.
Reading CANDIDATE_FILE: "result/cvrp_1500/candidate/21.txt" ... done
* 1: Cost = 0_78820000, Time = 2.76 sec. 
-Trial 1 0 78820000 2.844617
-Trial 2 0 78820000 2.903679
* 3: Cost = 0_78734798, Time = 2.83 sec. 
-Trial 3 0 78734798 2.916606
* 4: Cost = 0_76715399, Time = 3.00 sec. 
-Trial 4 0 76715399 3.087148
-Trial 5 0 76715399 3.176397
-Trial 6 0 76715399 3.184288
-Trial 7 0 76715399 3.186972
* 8: Cost = 0_76187975, Time = 3.22 sec. 
-Trial 8 0 76187975 3.307471
* 9: Cost = 0_76002782, Time = 3.24 sec. 
-Trial 9 0 76002782 3.321154
-Trial 10 0 76002782 3.321611
* 11: Cost = 0_74118019, Time = 3.30 sec. 
-Trial 11 0 74118019 3.385835
* 12: Cost = 0_74056472, Time = 3.31 sec. 
-Trial 12 0 74056472 3.396592
-Trial 13 0 74056472 3.397414
* 14: Cost = 0_74054584, Time = 3.32 sec. 
-Trial 14 0 74054584 3.401668
* 15: Cost = 0_74040367, Time = 3.32 sec. 
-Trial 15 0 74040367 3.404342
* 16: Cost = 0_74036820, Time = 3.32 sec. 
-Trial 16 0 74036820 3.407922
* 17: Cost = 0_73936803, Time = 3.36 sec. 
-Trial 17 0 73936803 3.441695
* 18: Cost = 0_73930176, Time = 3.37 sec. 
-Trial 18 0 73930176 3.457959
-Trial 19 0 73930176 3.468686
-Trial 20 0 73930176 3.481831
-Trial 21 0 73930176 3.487106
-Trial 22 0 73930176 3.493352
-Trial 23 0 73930176 3.493979
-Trial 24 0 73930176 3.495989
-Trial 25 0 73930176 3.550191
* 26: Cost = 0_73844691, Time = 3.53 sec. 
-Trial 26 0 73844691 3.616067
-Trial 27 0 73844691 3.617961
* 28: Cost = 0_73807354, Time = 3.54 sec. 
-Trial 28 0 73807354 3.622786
-Trial 29 0 73807354 3.631765
-Trial 30 0 73807354 3.632098
-Trial 31 0 73807354 3.632355
-Trial 32 0 73807354 3.633162
* 33: Cost = 0_73714000, Time = 3.58 sec. 
-Trial 33 0 73714000 3.663509
-Trial 34 0 73714000 3.663949
* 35: Cost = 0_73674236, Time = 3.60 sec. 
-Trial 35 0 73674236 3.687388
-Trial 36 0 73674236 3.716734
* 37: Cost = 0_73656292, Time = 3.65 sec. 
-Trial 37 0 73656292 3.731587
-Trial 38 0 73656292 3.731860
-Trial 39 0 73656292 3.743693
-Trial 40 0 73656292 3.746499
* 41: Cost = 0_73589568, Time = 3.67 sec. 
-Trial 41 0 73589568 3.757845
-Trial 42 0 73589568 3.760309
* 43: Cost = 0_73575199, Time = 3.72 sec. 
-Trial 43 0 73575199 3.805298
* 44: Cost = 0_73567027, Time = 3.74 sec. 
-Trial 44 0 73567027 3.823945
-Trial 45 0 73567027 3.825727
-Trial 46 0 73567027 3.826236
-Trial 47 0 73567027 3.828168
-Trial 48 0 73567027 3.828588
-Trial 49 0 73567027 3.847799
* 50: Cost = 0_73539616, Time = 3.77 sec. 
-Trial 50 0 73539616 3.851078
-Trial 51 0 73539616 3.852688
* 52: Cost = 0_73501605, Time = 3.81 sec. 
-Trial 52 0 73501605 3.893786
* 53: Cost = 0_73487491, Time = 3.84 sec. 
-Trial 53 0 73487491 3.925648
* 54: Cost = 0_73486585, Time = 3.84 sec. 
-Trial 54 0 73486585 3.928527
* 55: Cost = 0_73467852, Time = 3.87 sec. 
-Trial 55 0 73467852 3.952712
-Trial 56 0 73467852 3.955161
-Trial 57 0 73467852 3.955845
* 58: Cost = 0_73380247, Time = 3.95 sec. 
-Trial 58 0 73380247 4.030839
-Trial 59 0 73380247 4.031193
-Trial 60 0 73380247 4.052015
-Trial 61 0 73380247 4.054267
* 62: Cost = 0_73370789, Time = 3.98 sec. 
-Trial 62 0 73370789 4.061890
* 63: Cost = 0_73333196, Time = 3.98 sec. 
-Trial 63 0 73333196 4.068061
-Trial 64 0 73333196 4.069335
-Trial 65 0 73333196 4.086882
-Trial 66 0 73333196 4.088848
-Trial 67 0 73333196 4.089746
-Trial 68 0 73333196 4.090473
-Trial 69 0 73333196 4.091356
-Trial 70 0 73333196 4.091802
* 71: Cost = 0_73249568, Time = 4.01 sec. 
-Trial 71 0 73249568 4.098115
* 72: Cost = 0_73236217, Time = 4.02 sec. 
-Trial 72 0 73236217 4.103593
* 73: Cost = 0_73181256, Time = 4.05 sec. 
-Trial 73 0 73181256 4.137702
-Trial 74 0 73181256 4.182530
* 75: Cost = 0_72962200, Time = 4.19 sec. 
-Trial 75 0 72962200 4.276749
-Trial 76 0 72962200 4.277077
-Trial 77 0 72962200 4.490899
* 78: Cost = 0_72913440, Time = 4.41 sec. 
-Trial 78 0 72913440 4.496593
* 79: Cost = 0_72899342, Time = 4.42 sec. 
-Trial 79 0 72899342 4.504498
-Trial 80 0 72899342 4.532014
-Trial 81 0 72899342 4.534000
-Trial 82 0 72899342 4.535571
-Trial 83 0 72899342 4.536162
-Trial 84 0 72899342 4.537102
* 85: Cost = 0_72758995, Time = 4.47 sec. 
-Trial 85 0 72758995 4.558177
-Trial 86 0 72758995 4.576601
-Trial 87 0 72758995 4.607032
* 88: Cost = 0_72742292, Time = 4.64 sec. 
-Trial 88 0 72742292 4.726805
* 89: Cost = 0_72717644, Time = 4.64 sec. 
-Trial 89 0 72717644 4.729215
* 90: Cost = 0_72668653, Time = 4.66 sec. 
-Trial 90 0 72668653 4.743734
* 91: Cost = 0_72576319, Time = 4.72 sec. 
-Trial 91 0 72576319 4.805657
* 92: Cost = 0_72564451, Time = 4.73 sec. 
-Trial 92 0 72564451 4.810610
-Trial 93 0 72564451 4.814364
* 94: Cost = 0_72420280, Time = 4.75 sec. 
-Trial 94 0 72420280 4.831526
-Trial 95 0 72420280 4.832305
* 96: Cost = 0_72195290, Time = 4.77 sec. 
-Trial 96 0 72195290 4.850742
* 97: Cost = 0_71955896, Time = 4.81 sec. 
-Trial 97 0 71955896 4.889936
-Trial 98 0 71955896 4.968702
* 99: Cost = 0_71921804, Time = 4.99 sec. 
-Trial 99 0 71921804 5.076520
* 100: Cost = 0_71914860, Time = 5.00 sec. 
-Trial 100 0 71914860 5.080936
-Trial 101 0 71914860 5.081493
-Trial 102 0 71914860 5.082311
-Trial 103 0 71914860 5.091275
* 104: Cost = 0_71882692, Time = 5.02 sec. 
-Trial 104 0 71882692 5.103709
-Trial 105 0 71882692 5.105734
* 106: Cost = 0_71681366, Time = 5.07 sec. 
-Trial 106 0 71681366 5.152235
* 107: Cost = 0_71657727, Time = 5.09 sec. 
-Trial 107 0 71657727 5.177542
-Trial 108 0 71657727 5.178044
-Trial 109 0 71657727 5.181044
* 110: Cost = 0_71509873, Time = 5.12 sec. 
-Trial 110 0 71509873 5.207939
-Trial 111 0 71509873 5.208244
-Trial 112 0 71509873 5.208562
-Trial 113 0 71509873 5.209771
* 114: Cost = 0_71509178, Time = 5.15 sec. 
-Trial 114 0 71509178 5.239334
* 115: Cost = 0_71421084, Time = 5.26 sec. 
-Trial 115 0 71421084 5.344613
-Trial 116 0 71421084 5.350113
* 117: Cost = 0_71421029, Time = 5.27 sec. 
-Trial 117 0 71421029 5.355828
-Trial 118 0 71421029 5.357244
-Trial 119 0 71421029 5.357804
-Trial 120 0 71421029 5.405541
* 121: Cost = 0_71413597, Time = 5.33 sec. 
-Trial 121 0 71413597 5.412033
* 122: Cost = 0_71395005, Time = 5.34 sec. 
-Trial 122 0 71395005 5.419950
-Trial 123 0 71395005 5.426825
-Trial 124 0 71395005 5.439201
-Trial 125 0 71395005 5.440544
-Trial 126 0 71395005 5.441909
-Trial 127 0 71395005 5.451282
* 128: Cost = 0_71394099, Time = 5.39 sec. 
-Trial 128 0 71394099 5.471985
-Trial 129 0 71394099 5.496885
-Trial 130 0 71394099 5.497218
-Trial 131 0 71394099 5.498621
-Trial 132 0 71394099 5.501124
-Trial 133 0 71394099 5.506431
-Trial 134 0 71394099 5.520528
-Trial 135 0 71394099 5.527843
-Trial 136 0 71394099 5.529284
-Trial 137 0 71394099 5.530028
-Trial 138 0 71394099 5.531907
-Trial 139 0 71394099 5.541751
-Trial 140 0 71394099 5.544492
-Trial 141 0 71394099 5.545037
-Trial 142 0 71394099 5.546224
-Trial 143 0 71394099 5.546788
* 144: Cost = 0_71393260, Time = 5.47 sec. 
-Trial 144 0 71393260 5.555595
-Trial 145 0 71393260 5.558498
-Trial 146 0 71393260 5.559837
* 147: Cost = 0_71379628, Time = 5.53 sec. 
-Trial 147 0 71379628 5.618463
-Trial 148 0 71379628 5.621975
* 149: Cost = 0_71343274, Time = 5.76 sec. 
-Trial 149 0 71343274 5.845458
-Trial 150 0 71343274 5.867252
* 151: Cost = 0_71049826, Time = 5.82 sec. 
-Trial 151 0 71049826 5.904679
* 152: Cost = 0_71034300, Time = 5.84 sec. 
-Trial 152 0 71034300 5.922889
* 153: Cost = 0_71033202, Time = 5.85 sec. 
-Trial 153 0 71033202 5.937758
* 154: Cost = 0_70849802, Time = 5.88 sec. 
-Trial 154 0 70849802 5.968383
-Trial 155 0 70849802 5.970830
-Trial 156 0 70849802 5.978616
-Trial 157 0 70849802 5.979470
* 158: Cost = 0_70801230, Time = 5.90 sec. 
-Trial 158 0 70801230 5.985334
-Trial 159 0 70801230 6.012616
-Trial 160 0 70801230 6.014736
* 161: Cost = 0_70794194, Time = 5.94 sec. 
-Trial 161 0 70794194 6.028005
-Trial 162 0 70794194 6.029181
-Trial 163 0 70794194 6.039677
-Trial 164 0 70794194 6.041998
-Trial 165 0 70794194 6.042824
-Trial 166 0 70794194 6.047734
-Trial 167 0 70794194 6.050054
-Trial 168 0 70794194 6.052937
* 169: Cost = 0_70780173, Time = 5.98 sec. 
-Trial 169 0 70780173 6.062543
-Trial 170 0 70780173 6.172900
-Trial 171 0 70780173 6.265649
-Trial 172 0 70780173 6.275431
* 173: Cost = 0_70754038, Time = 6.20 sec. 
-Trial 173 0 70754038 6.285969
-Trial 174 0 70754038 6.287028
-Trial 175 0 70754038 6.288618
-Trial 176 0 70754038 6.294944
-Trial 177 0 70754038 6.298449
-Trial 178 0 70754038 6.299575
* 179: Cost = 0_70721505, Time = 6.23 sec. 
-Trial 179 0 70721505 6.313954
* 180: Cost = 0_70691959, Time = 6.24 sec. 
-Trial 180 0 70691959 6.326909
* 181: Cost = 0_70654517, Time = 6.25 sec. 
-Trial 181 0 70654517 6.335882
-Trial 182 0 70654517 6.339021
-Trial 183 0 70654517 6.339455
-Trial 184 0 70654517 6.354294
-Trial 185 0 70654517 6.378042
* 186: Cost = 0_70647840, Time = 6.31 sec. 
-Trial 186 0 70647840 6.394221
-Trial 187 0 70647840 6.396013
* 188: Cost = 0_70645339, Time = 6.40 sec. 
-Trial 188 0 70645339 6.482094
* 189: Cost = 0_70627182, Time = 6.42 sec. 
-Trial 189 0 70627182 6.499579
-Trial 190 0 70627182 6.507407
-Trial 191 0 70627182 7.046210
* 192: Cost = 0_70614816, Time = 6.96 sec. 
-Trial 192 0 70614816 7.048592
-Trial 193 0 70614816 7.056861
-Trial 194 0 70614816 7.057587
-Trial 195 0 70614816 7.060703
-Trial 196 0 70614816 7.061494
-Trial 197 0 70614816 7.066913
-Trial 198 0 70614816 7.078707
-Trial 199 0 70614816 7.083548
-Trial 200 0 70614816 7.086595
-Trial 201 0 70614816 7.086869
-Trial 202 0 70614816 7.091527
-Trial 203 0 70614816 7.108270
-Trial 204 0 70614816 7.108617
-Trial 205 0 70614816 7.525192
-Trial 206 0 70614816 7.526720
-Trial 207 0 70614816 7.527551
-Trial 208 0 70614816 7.533373
* 209: Cost = 0_70603603, Time = 7.45 sec. 
-Trial 209 0 70603603 7.538483
-Trial 210 0 70603603 7.540528
* 211: Cost = 0_70601824, Time = 7.47 sec. 
-Trial 211 0 70601824 7.556934
* 212: Cost = 0_70593467, Time = 7.48 sec. 
-Trial 212 0 70593467 7.563136
-Trial 213 0 70593467 7.800388
* 214: Cost = 0_70570369, Time = 7.73 sec. 
-Trial 214 0 70570369 7.811538
-Trial 215 0 70570369 7.821953
-Trial 216 0 70570369 7.828404
* 217: Cost = 0_70568764, Time = 7.76 sec. 
-Trial 217 0 70568764 7.840712
-Trial 218 0 70568764 7.855411
-Trial 219 0 70568764 7.867432
-Trial 220 0 70568764 7.868439
-Trial 221 0 70568764 7.872652
-Trial 222 0 70568764 7.927411
* 223: Cost = 0_70533745, Time = 7.85 sec. 
-Trial 223 0 70533745 7.934800
-Trial 224 0 70533745 7.936407
-Trial 225 0 70533745 7.936773
-Trial 226 0 70533745 7.947002
* 227: Cost = 0_70522115, Time = 7.94 sec. 
-Trial 227 0 70522115 8.021808
-Trial 228 0 70522115 8.027714
-Trial 229 0 70522115 8.028211
* 230: Cost = 0_70480702, Time = 7.97 sec. 
-Trial 230 0 70480702 8.050567
-Trial 231 0 70480702 8.052704
-Trial 232 0 70480702 8.056946
-Trial 233 0 70480702 8.075074
-Trial 234 0 70480702 8.082920
-Trial 235 0 70480702 8.110717
* 236: Cost = 0_70467625, Time = 8.05 sec. 
-Trial 236 0 70467625 8.130907
* 237: Cost = 0_70464465, Time = 8.06 sec. 
-Trial 237 0 70464465 8.140164
-Trial 238 0 70464465 8.143884
-Trial 239 0 70464465 8.144444
-Trial 240 0 70464465 8.153191
-Trial 241 0 70464465 8.161110
* 242: Cost = 0_70429602, Time = 8.09 sec. 
-Trial 242 0 70429602 8.169836
* 243: Cost = 0_70364920, Time = 8.20 sec. 
-Trial 243 0 70364920 8.287067
-Trial 244 0 70364920 8.288500
-Trial 245 0 70364920 8.310771
-Trial 246 0 70364920 8.314893
* 247: Cost = 0_70360885, Time = 8.24 sec. 
-Trial 247 0 70360885 8.324636
-Trial 248 0 70360885 8.333555
-Trial 249 0 70360885 8.334704
* 250: Cost = 0_70348186, Time = 8.27 sec. 
-Trial 250 0 70348186 8.354508
-Trial 251 0 70348186 8.354903
-Trial 252 0 70348186 8.540573
-Trial 253 0 70348186 8.541167
-Trial 254 0 70348186 8.541813
* 255: Cost = 0_70313336, Time = 8.47 sec. 
-Trial 255 0 70313336 8.559158
* 256: Cost = 0_70241952, Time = 8.52 sec. 
-Trial 256 0 70241952 8.604903
-Trial 257 0 70241952 8.618954
-Trial 258 0 70241952 8.619998
* 259: Cost = 0_70169020, Time = 8.57 sec. 
-Trial 259 0 70169020 8.652096
-Trial 260 0 70169020 8.652570
-Trial 261 0 70169020 8.664107
-Trial 262 0 70169020 8.665195
-Trial 263 0 70169020 8.675566
-Trial 264 0 70169020 8.731642
-Trial 265 0 70169020 8.866996
-Trial 266 0 70169020 8.871218
-Trial 267 0 70169020 8.906208
-Trial 268 0 70169020 8.925618
-Trial 269 0 70169020 8.927022
-Trial 270 0 70169020 9.306851
-Trial 271 0 70169020 9.312759
-Trial 272 0 70169020 9.355217
* 273: Cost = 0_70168875, Time = 9.29 sec. 
-Trial 273 0 70168875 9.378871
-Trial 274 0 70168875 9.382450
-Trial 275 0 70168875 9.385822
-Trial 276 0 70168875 9.394778
-Trial 277 0 70168875 9.559370
-Trial 278 0 70168875 9.586941
-Trial 279 0 70168875 9.610869
-Trial 280 0 70168875 9.615749
-Trial 281 0 70168875 9.631921
-Trial 282 0 70168875 9.633527
-Trial 283 0 70168875 9.639027
-Trial 284 0 70168875 9.657196
-Trial 285 0 70168875 9.658737
-Trial 286 0 70168875 9.697759
-Trial 287 0 70168875 9.721815
-Trial 288 0 70168875 9.727552
-Trial 289 0 70168875 9.727828
-Trial 290 0 70168875 9.730062
-Trial 291 0 70168875 9.734358
-Trial 292 0 70168875 9.735048
-Trial 293 0 70168875 9.739582
-Trial 294 0 70168875 9.753914
-Trial 295 0 70168875 9.778604
-Trial 296 0 70168875 9.779328
-Trial 297 0 70168875 9.811353
* 298: Cost = 0_70168225, Time = 9.77 sec. 
-Trial 298 0 70168225 9.858746
* 299: Cost = 0_70153037, Time = 9.79 sec. 
-Trial 299 0 70153037 9.871588
-Trial 300 0 70153037 9.876097
* 301: Cost = 0_70146926, Time = 9.85 sec. 
-Trial 301 0 70146926 9.932886
* 302: Cost = 0_70109731, Time = 9.86 sec. 
-Trial 302 0 70109731 9.946239
-Trial 303 0 70109731 9.946841
* 304: Cost = 0_70077121, Time = 9.87 sec. 
-Trial 304 0 70077121 9.957238
-Trial 305 0 70077121 9.963395
* 306: Cost = 0_70075019, Time = 9.89 sec. 
-Trial 306 0 70075019 9.971317
* 307: Cost = 0_70047393, Time = 9.94 sec. 
-Trial 307 0 70047393 10.022147
-Trial 308 0 70047393 10.023444
-Trial 309 0 70047393 10.230617
* 310: Cost = 0_70046080, Time = 10.18 sec. 
-Trial 310 0 70046080 10.267404
-Trial 311 0 70046080 10.273065
-Trial 312 0 70046080 10.273349
-Trial 313 0 70046080 10.274382
* 314: Cost = 0_70025606, Time = 10.26 sec. 
-Trial 314 0 70025606 10.340577
-Trial 315 0 70025606 10.442915
-Trial 316 0 70025606 10.474984
-Trial 317 0 70025606 10.496512
-Trial 318 0 70025606 10.699993
-Trial 319 0 70025606 10.721952
-Trial 320 0 70025606 10.730074
-Trial 321 0 70025606 10.743356
* 322: Cost = 0_70011508, Time = 10.70 sec. 
-Trial 322 0 70011508 10.781671
-Trial 323 0 70011508 10.931961
-Trial 324 0 70011508 10.961056
-Trial 325 0 70011508 10.973867
-Trial 326 0 70011508 11.073346
* 327: Cost = 0_69992251, Time = 11.01 sec. 
-Trial 327 0 69992251 11.090185
-Trial 328 0 69992251 11.130931
-Trial 329 0 69992251 11.131615
-Trial 330 0 69992251 11.137507
* 331: Cost = 0_69976419, Time = 11.06 sec. 
-Trial 331 0 69976419 11.149081
-Trial 332 0 69976419 11.153128
-Trial 333 0 69976419 11.154147
* 334: Cost = 0_69973009, Time = 11.08 sec. 
-Trial 334 0 69973009 11.159716
-Trial 335 0 69973009 11.165881
-Trial 336 0 69973009 11.168111
-Trial 337 0 69973009 11.180445
-Trial 338 0 69973009 11.180802
-Trial 339 0 69973009 11.219651
-Trial 340 0 69973009 11.225070
-Trial 341 0 69973009 11.228800
* 342: Cost = 0_69967105, Time = 11.16 sec. 
-Trial 342 0 69967105 11.249245
-Trial 343 0 69967105 11.341746
-Trial 344 0 69967105 11.395522
-Trial 345 0 69967105 11.405322
-Trial 346 0 69967105 11.409137
* 347: Cost = 0_69950289, Time = 11.35 sec. 
-Trial 347 0 69950289 11.430265
-Trial 348 0 69950289 11.435437
-Trial 349 0 69950289 11.437674
-Trial 350 0 69950289 11.472247
-Trial 351 0 69950289 11.481589
-Trial 352 0 69950289 11.830676
* 353: Cost = 0_69934853, Time = 11.75 sec. 
-Trial 353 0 69934853 11.835249
-Trial 354 0 69934853 11.836779
-Trial 355 0 69934853 11.842209
-Trial 356 0 69934853 11.844535
-Trial 357 0 69934853 11.857937
-Trial 358 0 69934853 11.871813
-Trial 359 0 69934853 11.876468
* 360: Cost = 0_69919255, Time = 11.82 sec. 
-Trial 360 0 69919255 11.901950
* 361: Cost = 0_69914043, Time = 11.83 sec. 
-Trial 361 0 69914043 11.912462
-Trial 362 0 69914043 11.917104
-Trial 363 0 69914043 11.919358
-Trial 364 0 69914043 11.927517
* 365: Cost = 0_69914039, Time = 11.99 sec. 
-Trial 365 0 69914039 12.070685
-Trial 366 0 69914039 12.101255
-Trial 367 0 69914039 12.102486
-Trial 368 0 69914039 12.105444
-Trial 369 0 69914039 12.109116
-Trial 370 0 69914039 12.110902
-Trial 371 0 69914039 12.118289
-Trial 372 0 69914039 12.134711
-Trial 373 0 69914039 12.134973
-Trial 374 0 69914039 12.135224
-Trial 375 0 69914039 12.135859
-Trial 376 0 69914039 12.138940
* 377: Cost = 0_69913103, Time = 12.08 sec. 
-Trial 377 0 69913103 12.165263
-Trial 378 0 69913103 12.230972
-Trial 379 0 69913103 12.242033
-Trial 380 0 69913103 12.312749
* 381: Cost = 0_69878245, Time = 12.26 sec. 
-Trial 381 0 69878245 12.349515
-Trial 382 0 69878245 12.354500
-Trial 383 0 69878245 12.355569
-Trial 384 0 69878245 12.358703
* 385: Cost = 0_69863718, Time = 12.31 sec. 
-Trial 385 0 69863718 12.391145
-Trial 386 0 69863718 12.392090
-Trial 387 0 69863718 12.888544
-Trial 388 0 69863718 12.889149
-Trial 389 0 69863718 12.889429
-Trial 390 0 69863718 12.892372
-Trial 391 0 69863718 12.910696
-Trial 392 0 69863718 12.911324
-Trial 393 0 69863718 12.911611
-Trial 394 0 69863718 12.913260
-Trial 395 0 69863718 12.913656
* 396: Cost = 0_69862601, Time = 12.84 sec. 
-Trial 396 0 69862601 12.921126
* 397: Cost = 0_69856521, Time = 12.84 sec. 
-Trial 397 0 69856521 12.922528
-Trial 398 0 69856521 12.935639
-Trial 399 0 69856521 12.955092
-Trial 400 0 69856521 12.955638
* 401: Cost = 0_69854811, Time = 12.89 sec. 
-Trial 401 0 69854811 12.972965
-Trial 402 0 69854811 12.973253
-Trial 403 0 69854811 12.979847
-Trial 404 0 69854811 12.996134
-Trial 405 0 69854811 13.021867
-Trial 406 0 69854811 13.048453
-Trial 407 0 69854811 13.049062
-Trial 408 0 69854811 13.049682
-Trial 409 0 69854811 13.051355
-Trial 410 0 69854811 13.124245
-Trial 411 0 69854811 13.147296
-Trial 412 0 69854811 13.163625
* 413: Cost = 0_69851436, Time = 13.08 sec. 
-Trial 413 0 69851436 13.169342
* 414: Cost = 0_69821370, Time = 13.13 sec. 
-Trial 414 0 69821370 13.217385
-Trial 415 0 69821370 13.217774
-Trial 416 0 69821370 13.227288
-Trial 417 0 69821370 13.228393
-Trial 418 0 69821370 13.263871
-Trial 419 0 69821370 13.270882
-Trial 420 0 69821370 13.279122
* 421: Cost = 0_69804861, Time = 13.22 sec. 
-Trial 421 0 69804861 13.301045
-Trial 422 0 69804861 13.301555
-Trial 423 0 69804861 13.329793
* 424: Cost = 0_69740440, Time = 13.30 sec. 
-Trial 424 0 69740440 13.388350
-Trial 425 0 69740440 13.389723
-Trial 426 0 69740440 13.401975
-Trial 427 0 69740440 13.407889
-Trial 428 0 69740440 13.409968
-Trial 429 0 69740440 13.437373
-Trial 430 0 69740440 13.569148
* 431: Cost = 0_69694182, Time = 13.50 sec. 
-Trial 431 0 69694182 13.580348
-Trial 432 0 69694182 13.630318
-Trial 433 0 69694182 13.653904
* 434: Cost = 0_69686880, Time = 13.84 sec. 
-Trial 434 0 69686880 13.923382
-Trial 435 0 69686880 13.924355
-Trial 436 0 69686880 13.925046
-Trial 437 0 69686880 13.930992
-Trial 438 0 69686880 14.032346
* 439: Cost = 0_69665142, Time = 13.97 sec. 
-Trial 439 0 69665142 14.056526
-Trial 440 0 69665142 14.068188
-Trial 441 0 69665142 14.070108
-Trial 442 0 69665142 14.303087
-Trial 443 0 69665142 14.334126
* 444: Cost = 0_69627155, Time = 14.26 sec. 
-Trial 444 0 69627155 14.346584
-Trial 445 0 69627155 14.380253
-Trial 446 0 69627155 14.382617
-Trial 447 0 69627155 14.383524
* 448: Cost = 0_69626505, Time = 14.31 sec. 
-Trial 448 0 69626505 14.393281
-Trial 449 0 69626505 14.395114
-Trial 450 0 69626505 14.418700
-Trial 451 0 69626505 14.419260
-Trial 452 0 69626505 14.427086
-Trial 453 0 69626505 14.427975
-Trial 454 0 69626505 14.667820
-Trial 455 0 69626505 14.668878
-Trial 456 0 69626505 14.673029
-Trial 457 0 69626505 14.713308
-Trial 458 0 69626505 14.761553
-Trial 459 0 69626505 14.761815
-Trial 460 0 69626505 14.764555
-Trial 461 0 69626505 14.804378
-Trial 462 0 69626505 14.806974
-Trial 463 0 69626505 14.829467
* 464: Cost = 0_69616445, Time = 14.76 sec. 
-Trial 464 0 69616445 14.847648
* 465: Cost = 0_69550525, Time = 14.81 sec. 
-Trial 465 0 69550525 14.895319
-Trial 466 0 69550525 14.969735
* 467: Cost = 0_69536688, Time = 14.90 sec. 
-Trial 467 0 69536688 14.984832
-Trial 468 0 69536688 15.012160
-Trial 469 0 69536688 15.059377
* 470: Cost = 0_69536382, Time = 14.98 sec. 
-Trial 470 0 69536382 15.064719
-Trial 471 0 69536382 15.114248
-Trial 472 0 69536382 15.114714
-Trial 473 0 69536382 15.115160
-Trial 474 0 69536382 15.128815
-Trial 475 0 69536382 15.281636
* 476: Cost = 0_69535724, Time = 15.20 sec. 
-Trial 476 0 69535724 15.285958
-Trial 477 0 69535724 15.292498
-Trial 478 0 69535724 15.329205
* 479: Cost = 0_69529838, Time = 15.33 sec. 
-Trial 479 0 69529838 15.413449
* 480: Cost = 0_69519639, Time = 15.38 sec. 
-Trial 480 0 69519639 15.460678
* 481: Cost = 0_69501535, Time = 15.42 sec. 
-Trial 481 0 69501535 15.502337
* 482: Cost = 0_69500817, Time = 15.52 sec. 
-Trial 482 0 69500817 15.602055
-Trial 483 0 69500817 15.605565
-Trial 484 0 69500817 15.616304
-Trial 485 0 69500817 15.687897
-Trial 486 0 69500817 15.688942
-Trial 487 0 69500817 16.198900
-Trial 488 0 69500817 16.221357
-Trial 489 0 69500817 16.229971
-Trial 490 0 69500817 16.233254
-Trial 491 0 69500817 16.244381
-Trial 492 0 69500817 16.245293
-Trial 493 0 69500817 16.265487
-Trial 494 0 69500817 16.268336
-Trial 495 0 69500817 16.273659
-Trial 496 0 69500817 16.359117
-Trial 497 0 69500817 16.359870
-Trial 498 0 69500817 16.533807
-Trial 499 0 69500817 16.534223
-Trial 500 0 69500817 16.591714
-Trial 501 0 69500817 16.652472
-Trial 502 0 69500817 16.656782
-Trial 503 0 69500817 16.657095
-Trial 504 0 69500817 16.657522
-Trial 505 0 69500817 16.781317
-Trial 506 0 69500817 16.796008
-Trial 507 0 69500817 16.797626
-Trial 508 0 69500817 16.830452
-Trial 509 0 69500817 16.836522
* 510: Cost = 0_69499904, Time = 16.78 sec. 
-Trial 510 0 69499904 16.859896
-Trial 511 0 69499904 16.860637
-Trial 512 0 69499904 16.863895
-Trial 513 0 69499904 16.864787
-Trial 514 0 69499904 16.869859
-Trial 515 0 69499904 16.873375
-Trial 516 0 69499904 16.915822
-Trial 517 0 69499904 16.916307
-Trial 518 0 69499904 16.919506
-Trial 519 0 69499904 16.924198
* 520: Cost = 0_69498652, Time = 16.85 sec. 
-Trial 520 0 69498652 16.932765
-Trial 521 0 69498652 16.935817
-Trial 522 0 69498652 16.940178
-Trial 523 0 69498652 16.945607
-Trial 524 0 69498652 16.973668
-Trial 525 0 69498652 16.975165
-Trial 526 0 69498652 16.975650
-Trial 527 0 69498652 16.995222
* 528: Cost = 0_69498168, Time = 16.94 sec. 
-Trial 528 0 69498168 17.024443
-Trial 529 0 69498168 17.031574
-Trial 530 0 69498168 17.037523
-Trial 531 0 69498168 17.039360
-Trial 532 0 69498168 17.058710
-Trial 533 0 69498168 17.069887
-Trial 534 0 69498168 17.070144
-Trial 535 0 69498168 17.081109
-Trial 536 0 69498168 17.082998
* 537: Cost = 0_69495598, Time = 17.02 sec. 
-Trial 537 0 69495598 17.100291
-Trial 538 0 69495598 17.101218
-Trial 539 0 69495598 17.102623
-Trial 540 0 69495598 17.118456
-Trial 541 0 69495598 17.119734
-Trial 542 0 69495598 17.120474
-Trial 543 0 69495598 17.120754
-Trial 544 0 69495598 17.122382
-Trial 545 0 69495598 17.124735
-Trial 546 0 69495598 17.128734
-Trial 547 0 69495598 17.135236
-Trial 548 0 69495598 17.161556
-Trial 549 0 69495598 17.162612
-Trial 550 0 69495598 17.176169
* 551: Cost = 0_69481419, Time = 17.10 sec. 
-Trial 551 0 69481419 17.181909
-Trial 552 0 69481419 17.191086
-Trial 553 0 69481419 17.303782
-Trial 554 0 69481419 17.308033
-Trial 555 0 69481419 17.315372
-Trial 556 0 69481419 17.327983
-Trial 557 0 69481419 17.392359
-Trial 558 0 69481419 17.421159
-Trial 559 0 69481419 17.451606
-Trial 560 0 69481419 17.452572
* 561: Cost = 0_69470674, Time = 17.38 sec. 
-Trial 561 0 69470674 17.460051
-Trial 562 0 69470674 17.461196
-Trial 563 0 69470674 17.465038
-Trial 564 0 69470674 17.467140
-Trial 565 0 69470674 17.507951
-Trial 566 0 69470674 17.520080
-Trial 567 0 69470674 17.520470
-Trial 568 0 69470674 17.539164
-Trial 569 0 69470674 17.542628
-Trial 570 0 69470674 17.548267
-Trial 571 0 69470674 17.549250
-Trial 572 0 69470674 17.553354
* 573: Cost = 0_69437315, Time = 17.48 sec. 
-Trial 573 0 69437315 17.559653
-Trial 574 0 69437315 17.564069
-Trial 575 0 69437315 17.565886
-Trial 576 0 69437315 17.567441
-Trial 577 0 69437315 17.567953
-Trial 578 0 69437315 17.570738
-Trial 579 0 69437315 17.574384
-Trial 580 0 69437315 17.630767
-Trial 581 0 69437315 17.637142
-Trial 582 0 69437315 17.673720
-Trial 583 0 69437315 17.688138
-Trial 584 0 69437315 17.852413
-Trial 585 0 69437315 17.852918
-Trial 586 0 69437315 17.853749
-Trial 587 0 69437315 17.860348
-Trial 588 0 69437315 17.860629
-Trial 589 0 69437315 17.899317
-Trial 590 0 69437315 17.900935
-Trial 591 0 69437315 17.901693
-Trial 592 0 69437315 17.970089
-Trial 593 0 69437315 17.970900
-Trial 594 0 69437315 18.025729
-Trial 595 0 69437315 18.028813
-Trial 596 0 69437315 18.029425
-Trial 597 0 69437315 18.099270
-Trial 598 0 69437315 18.100883
-Trial 599 0 69437315 18.102428
-Trial 600 0 69437315 18.111404
-Trial 601 0 69437315 18.111903
-Trial 602 0 69437315 18.112569
-Trial 603 0 69437315 18.113163
-Trial 604 0 69437315 18.114852
-Trial 605 0 69437315 18.195975
-Trial 606 0 69437315 18.198576
-Trial 607 0 69437315 18.208528
-Trial 608 0 69437315 18.343363
-Trial 609 0 69437315 18.345379
-Trial 610 0 69437315 18.390758
-Trial 611 0 69437315 18.391338
-Trial 612 0 69437315 18.556758
-Trial 613 0 69437315 18.576388
-Trial 614 0 69437315 18.582120
-Trial 615 0 69437315 18.583899
-Trial 616 0 69437315 18.586340
* 617: Cost = 0_69426032, Time = 18.56 sec. 
-Trial 617 0 69426032 18.644843
-Trial 618 0 69426032 18.650163
-Trial 619 0 69426032 18.654985
-Trial 620 0 69426032 18.657001
-Trial 621 0 69426032 18.663698
-Trial 622 0 69426032 18.719686
-Trial 623 0 69426032 18.731466
-Trial 624 0 69426032 18.776982
-Trial 625 0 69426032 18.794627
-Trial 626 0 69426032 18.796974
-Trial 627 0 69426032 18.838903
-Trial 628 0 69426032 18.841426
-Trial 629 0 69426032 18.923941
-Trial 630 0 69426032 18.929635
-Trial 631 0 69426032 19.029552
* 632: Cost = 0_69425953, Time = 18.96 sec. 
-Trial 632 0 69425953 19.043187
-Trial 633 0 69425953 19.048238
-Trial 634 0 69425953 19.108405
-Trial 635 0 69425953 19.111469
-Trial 636 0 69425953 19.156889
-Trial 637 0 69425953 19.227584
-Trial 638 0 69425953 19.233853
-Trial 639 0 69425953 19.385038
-Trial 640 0 69425953 19.385839
* 641: Cost = 0_69418354, Time = 19.31 sec. 
-Trial 641 0 69418354 19.398245
-Trial 642 0 69418354 19.522527
-Trial 643 0 69418354 19.522811
-Trial 644 0 69418354 19.523087
-Trial 645 0 69418354 19.561969
-Trial 646 0 69418354 19.568568
-Trial 647 0 69418354 19.570198
-Trial 648 0 69418354 19.570455
* 649: Cost = 0_69406585, Time = 19.50 sec. 
-Trial 649 0 69406585 19.585035
-Trial 650 0 69406585 19.590008
-Trial 651 0 69406585 19.590867
-Trial 652 0 69406585 19.593070
-Trial 653 0 69406585 19.923878
-Trial 654 0 69406585 19.926640
-Trial 655 0 69406585 19.927594
-Trial 656 0 69406585 19.969721
-Trial 657 0 69406585 19.994203
-Trial 658 0 69406585 19.994964
-Trial 659 0 69406585 20.010444
* 660: Cost = 0_69405027, Time = 19.98 sec. 
-Trial 660 0 69405027 20.063188
-Trial 661 0 69405027 20.063648
* 662: Cost = 0_69404863, Time = 20.01 sec. 
-Trial 662 0 69404863 20.095371
-Trial 663 0 69404863 20.109243
-Trial 664 0 69404863 20.110044
-Trial 665 0 69404863 20.110443
-Trial 666 0 69404863 20.111053
-Trial 667 0 69404863 20.180310
-Trial 668 0 69404863 20.181106
-Trial 669 0 69404863 20.182936
-Trial 670 0 69404863 20.207143
-Trial 671 0 69404863 20.207920
-Trial 672 0 69404863 20.210138
-Trial 673 0 69404863 20.210531
-Trial 674 0 69404863 20.230263
-Trial 675 0 69404863 20.231582
-Trial 676 0 69404863 20.279998
-Trial 677 0 69404863 20.281610
-Trial 678 0 69404863 20.282994
-Trial 679 0 69404863 20.310665
-Trial 680 0 69404863 20.326464
* 681: Cost = 0_69397418, Time = 20.26 sec. 
-Trial 681 0 69397418 20.348811
-Trial 682 0 69397418 20.356922
-Trial 683 0 69397418 20.358027
-Trial 684 0 69397418 20.389377
-Trial 685 0 69397418 20.402369
-Trial 686 0 69397418 20.421219
-Trial 687 0 69397418 20.440672
-Trial 688 0 69397418 20.441994
-Trial 689 0 69397418 20.442582
* 690: Cost = 0_69393295, Time = 20.37 sec. 
-Trial 690 0 69393295 20.452127
-Trial 691 0 69393295 20.473782
-Trial 692 0 69393295 20.527486
* 693: Cost = 0_69384147, Time = 20.46 sec. 
-Trial 693 0 69384147 20.547208
-Trial 694 0 69384147 20.563834
-Trial 695 0 69384147 20.566689
-Trial 696 0 69384147 20.578393
-Trial 697 0 69384147 20.592372
-Trial 698 0 69384147 20.593624
-Trial 699 0 69384147 20.729678
-Trial 700 0 69384147 21.004510
-Trial 701 0 69384147 21.005056
-Trial 702 0 69384147 21.006066
-Trial 703 0 69384147 21.047859
-Trial 704 0 69384147 21.049760
-Trial 705 0 69384147 21.143698
-Trial 706 0 69384147 21.152923
-Trial 707 0 69384147 21.241631
-Trial 708 0 69384147 21.244471
-Trial 709 0 69384147 21.264255
-Trial 710 0 69384147 21.264700
-Trial 711 0 69384147 21.393893
-Trial 712 0 69384147 21.396739
-Trial 713 0 69384147 21.474396
-Trial 714 0 69384147 21.493888
-Trial 715 0 69384147 21.525094
-Trial 716 0 69384147 21.526576
-Trial 717 0 69384147 21.526974
-Trial 718 0 69384147 21.527404
-Trial 719 0 69384147 21.535940
-Trial 720 0 69384147 21.538528
-Trial 721 0 69384147 21.800121
-Trial 722 0 69384147 21.800463
-Trial 723 0 69384147 21.800768
-Trial 724 0 69384147 21.801669
-Trial 725 0 69384147 21.824815
-Trial 726 0 69384147 21.836335
-Trial 727 0 69384147 22.036332
-Trial 728 0 69384147 22.036593
-Trial 729 0 69384147 22.053027
-Trial 730 0 69384147 22.056397
-Trial 731 0 69384147 22.058370
-Trial 732 0 69384147 22.076819
* 733: Cost = 0_69382708, Time = 22.02 sec. 
-Trial 733 0 69382708 22.099808
-Trial 734 0 69382708 22.251625
-Trial 735 0 69382708 22.345914
* 736: Cost = 0_69343000, Time = 22.29 sec. 
-Trial 736 0 69343000 22.376857
-Trial 737 0 69343000 22.381087
-Trial 738 0 69343000 22.382092
-Trial 739 0 69343000 22.397955
-Trial 740 0 69343000 22.398910
-Trial 741 0 69343000 22.420884
-Trial 742 0 69343000 22.422779
-Trial 743 0 69343000 22.425508
-Trial 744 0 69343000 22.425867
-Trial 745 0 69343000 22.434685
-Trial 746 0 69343000 22.443497
-Trial 747 0 69343000 22.447409
-Trial 748 0 69343000 22.459704
-Trial 749 0 69343000 22.540439
-Trial 750 0 69343000 22.547767
-Trial 751 0 69343000 22.550189
-Trial 752 0 69343000 22.575611
-Trial 753 0 69343000 22.584857
-Trial 754 0 69343000 22.590691
-Trial 755 0 69343000 22.614309
-Trial 756 0 69343000 22.615463
-Trial 757 0 69343000 22.616090
-Trial 758 0 69343000 22.616629
-Trial 759 0 69343000 22.971780
-Trial 760 0 69343000 22.973992
-Trial 761 0 69343000 22.974984
-Trial 762 0 69343000 22.984022
* 763: Cost = 0_69330932, Time = 22.93 sec. 
-Trial 763 0 69330932 23.015107
-Trial 764 0 69330932 23.018637
-Trial 765 0 69330932 23.038916
-Trial 766 0 69330932 23.044618
-Trial 767 0 69330932 23.048272
-Trial 768 0 69330932 23.055037
-Trial 769 0 69330932 23.071966
-Trial 770 0 69330932 23.073399
-Trial 771 0 69330932 23.080032
-Trial 772 0 69330932 23.091765
-Trial 773 0 69330932 23.095509
-Trial 774 0 69330932 23.096956
-Trial 775 0 69330932 23.098779
-Trial 776 0 69330932 23.104215
-Trial 777 0 69330932 23.105018
-Trial 778 0 69330932 23.105396
-Trial 779 0 69330932 23.105648
* 780: Cost = 0_69290370, Time = 23.04 sec. 
-Trial 780 0 69290370 23.120654
-Trial 781 0 69290370 23.149766
-Trial 782 0 69290370 23.151619
-Trial 783 0 69290370 23.193815
-Trial 784 0 69290370 23.198798
-Trial 785 0 69290370 23.251181
-Trial 786 0 69290370 23.254974
-Trial 787 0 69290370 23.401759
* 788: Cost = 0_69163986, Time = 23.32 sec. 
-Trial 788 0 69163986 23.407110
-Trial 789 0 69163986 23.410412
-Trial 790 0 69163986 23.412476
* 791: Cost = 0_69122304, Time = 23.36 sec. 
-Trial 791 0 69122304 23.443903
* 792: Cost = 0_69101979, Time = 23.41 sec. 
-Trial 792 0 69101979 23.494776
-Trial 793 0 69101979 23.506458
-Trial 794 0 69101979 23.689280
-Trial 795 0 69101979 23.701786
* 796: Cost = 0_69099003, Time = 23.64 sec. 
-Trial 796 0 69099003 23.727614
-Trial 797 0 69099003 23.732033
-Trial 798 0 69099003 23.736509
-Trial 799 0 69099003 23.736885
-Trial 800 0 69099003 23.804902
* 801: Cost = 0_69091631, Time = 23.74 sec. 
-Trial 801 0 69091631 23.827768
-Trial 802 0 69091631 23.836847
-Trial 803 0 69091631 23.852108
-Trial 804 0 69091631 23.852969
-Trial 805 0 69091631 23.886652
-Trial 806 0 69091631 23.980314
-Trial 807 0 69091631 23.980597
-Trial 808 0 69091631 23.980855
-Trial 809 0 69091631 24.024230
-Trial 810 0 69091631 24.065223
-Trial 811 0 69091631 24.066565
-Trial 812 0 69091631 24.097705
-Trial 813 0 69091631 24.099479
-Trial 814 0 69091631 24.100699
-Trial 815 0 69091631 24.101576
-Trial 816 0 69091631 24.103667
-Trial 817 0 69091631 24.115971
-Trial 818 0 69091631 24.132154
-Trial 819 0 69091631 24.146004
-Trial 820 0 69091631 24.146268
-Trial 821 0 69091631 24.150530
-Trial 822 0 69091631 24.152514
-Trial 823 0 69091631 24.152771
-Trial 824 0 69091631 24.161099
-Trial 825 0 69091631 24.170881
-Trial 826 0 69091631 24.214946
* 827: Cost = 0_69084928, Time = 24.14 sec. 
-Trial 827 0 69084928 24.228670
-Trial 828 0 69084928 24.229208
-Trial 829 0 69084928 24.229812
-Trial 830 0 69084928 24.269559
-Trial 831 0 69084928 24.271927
-Trial 832 0 69084928 24.313791
-Trial 833 0 69084928 24.343261
-Trial 834 0 69084928 24.347872
-Trial 835 0 69084928 24.450941
-Trial 836 0 69084928 24.538299
-Trial 837 0 69084928 24.591413
-Trial 838 0 69084928 24.592164
-Trial 839 0 69084928 24.592912
-Trial 840 0 69084928 24.613153
-Trial 841 0 69084928 24.634052
-Trial 842 0 69084928 24.635692
-Trial 843 0 69084928 24.636533
-Trial 844 0 69084928 24.643337
-Trial 845 0 69084928 24.834212
-Trial 846 0 69084928 24.866961
-Trial 847 0 69084928 24.870267
-Trial 848 0 69084928 24.954776
-Trial 849 0 69084928 24.955175
-Trial 850 0 69084928 24.956429
-Trial 851 0 69084928 24.970330
-Trial 852 0 69084928 24.973395
-Trial 853 0 69084928 24.973737
* 854: Cost = 0_69084739, Time = 24.90 sec. 
-Trial 854 0 69084739 24.982186
-Trial 855 0 69084739 24.982993
-Trial 856 0 69084739 25.049265
-Trial 857 0 69084739 25.172768
-Trial 858 0 69084739 25.418543
-Trial 859 0 69084739 25.419013
-Trial 860 0 69084739 25.445350
-Trial 861 0 69084739 25.445772
-Trial 862 0 69084739 25.449841
-Trial 863 0 69084739 25.499859
-Trial 864 0 69084739 25.501312
-Trial 865 0 69084739 25.515385
-Trial 866 0 69084739 25.814135
-Trial 867 0 69084739 25.816413
-Trial 868 0 69084739 25.885594
-Trial 869 0 69084739 25.939237
-Trial 870 0 69084739 25.959508
-Trial 871 0 69084739 25.964918
-Trial 872 0 69084739 26.051688
-Trial 873 0 69084739 26.052108
-Trial 874 0 69084739 26.068798
-Trial 875 0 69084739 26.086245
-Trial 876 0 69084739 26.087861
-Trial 877 0 69084739 26.106219
-Trial 878 0 69084739 26.112915
-Trial 879 0 69084739 26.114097
-Trial 880 0 69084739 26.142393
-Trial 881 0 69084739 26.280751
-Trial 882 0 69084739 26.287356
-Trial 883 0 69084739 26.291020
-Trial 884 0 69084739 26.339008
-Trial 885 0 69084739 26.380709
-Trial 886 0 69084739 26.394523
-Trial 887 0 69084739 26.407619
-Trial 888 0 69084739 26.411308
-Trial 889 0 69084739 26.433947
-Trial 890 0 69084739 26.660994
-Trial 891 0 69084739 26.663098
-Trial 892 0 69084739 26.693685
-Trial 893 0 69084739 26.694919
-Trial 894 0 69084739 26.697011
-Trial 895 0 69084739 26.701901
-Trial 896 0 69084739 26.731278
-Trial 897 0 69084739 26.753114
-Trial 898 0 69084739 26.753483
-Trial 899 0 69084739 26.754851
-Trial 900 0 69084739 26.844418
-Trial 901 0 69084739 26.847720
* 902: Cost = 0_69062295, Time = 26.78 sec. 
-Trial 902 0 69062295 26.860867
* 903: Cost = 0_69049058, Time = 26.79 sec. 
-Trial 903 0 69049058 26.871271
-Trial 904 0 69049058 26.878452
-Trial 905 0 69049058 26.879274
-Trial 906 0 69049058 26.895476
* 907: Cost = 0_69036591, Time = 26.83 sec. 
-Trial 907 0 69036591 26.915583
-Trial 908 0 69036591 26.917091
-Trial 909 0 69036591 26.917419
-Trial 910 0 69036591 26.920896
-Trial 911 0 69036591 26.921993
-Trial 912 0 69036591 26.960630
-Trial 913 0 69036591 26.960942
-Trial 914 0 69036591 26.967448
-Trial 915 0 69036591 26.968515
-Trial 916 0 69036591 26.979782
-Trial 917 0 69036591 27.099518
-Trial 918 0 69036591 27.100082
-Trial 919 0 69036591 27.135049
-Trial 920 0 69036591 27.140383
-Trial 921 0 69036591 27.149049
-Trial 922 0 69036591 27.196292
-Trial 923 0 69036591 27.197031
-Trial 924 0 69036591 27.197421
-Trial 925 0 69036591 27.264758
* 926: Cost = 0_69035162, Time = 27.25 sec. 
-Trial 926 0 69035162 27.339278
-Trial 927 0 69035162 27.411319
-Trial 928 0 69035162 27.501361
-Trial 929 0 69035162 27.609901
-Trial 930 0 69035162 27.619032
-Trial 931 0 69035162 27.620090
-Trial 932 0 69035162 27.634360
-Trial 933 0 69035162 27.647914
-Trial 934 0 69035162 27.656287
-Trial 935 0 69035162 27.661556
* 936: Cost = 0_69032731, Time = 27.59 sec. 
-Trial 936 0 69032731 27.672335
-Trial 937 0 69032731 27.691564
-Trial 938 0 69032731 27.725165
-Trial 939 0 69032731 27.740202
-Trial 940 0 69032731 27.743174
-Trial 941 0 69032731 27.769903
-Trial 942 0 69032731 27.781258
-Trial 943 0 69032731 27.782963
-Trial 944 0 69032731 27.798384
-Trial 945 0 69032731 27.834124
-Trial 946 0 69032731 27.842724
-Trial 947 0 69032731 27.852780
-Trial 948 0 69032731 27.904548
-Trial 949 0 69032731 27.905620
-Trial 950 0 69032731 27.908231
-Trial 951 0 69032731 27.931291
-Trial 952 0 69032731 27.936126
-Trial 953 0 69032731 27.943421
-Trial 954 0 69032731 27.943846
-Trial 955 0 69032731 28.078250
-Trial 956 0 69032731 28.079973
-Trial 957 0 69032731 28.099141
-Trial 958 0 69032731 28.248601
-Trial 959 0 69032731 28.249697
-Trial 960 0 69032731 28.254072
* 961: Cost = 0_69014182, Time = 28.19 sec. 
-Trial 961 0 69014182 28.272251
-Trial 962 0 69014182 28.273761
-Trial 963 0 69014182 28.279512
-Trial 964 0 69014182 28.281265
-Trial 965 0 69014182 28.344123
-Trial 966 0 69014182 28.349713
-Trial 967 0 69014182 28.353211
-Trial 968 0 69014182 28.353822
-Trial 969 0 69014182 28.363463
-Trial 970 0 69014182 28.398159
-Trial 971 0 69014182 28.558471
* 972: Cost = 0_69012665, Time = 28.49 sec. 
-Trial 972 0 69012665 28.578501
-Trial 973 0 69012665 29.067089
-Trial 974 0 69012665 29.068116
-Trial 975 0 69012665 29.070814
-Trial 976 0 69012665 29.121453
-Trial 977 0 69012665 29.245796
-Trial 978 0 69012665 29.272104
-Trial 979 0 69012665 29.579215
-Trial 980 0 69012665 29.584725
-Trial 981 0 69012665 29.700353
-Trial 982 0 69012665 29.702023
-Trial 983 0 69012665 29.704227
-Trial 984 0 69012665 29.708092
-Trial 985 0 69012665 29.709546
-Trial 986 0 69012665 29.776915
-Trial 987 0 69012665 29.779521
-Trial 988 0 69012665 29.789620
-Trial 989 0 69012665 29.797126
-Trial 990 0 69012665 29.820024
-Trial 991 0 69012665 30.011118
-Trial 992 0 69012665 30.030572
-Trial 993 0 69012665 30.030872
-Trial 994 0 69012665 30.031605
-Trial 995 0 69012665 30.035068
-Trial 996 0 69012665 30.035451
* 997: Cost = 0_68983541, Time = 29.99 sec. 
-Trial 997 0 68983541 30.070805
-Trial 998 0 68983541 30.080297
-Trial 999 0 68983541 30.081154
-Trial 1000 0 68983541 30.081808
Population:
  1: 0_68983541
Run 1: Cost = 0_68983541, Time = 30.00 sec. 

Successes/Runs = 0/1 
Cost.min = 68983541, Cost.avg = 68983541.00, Cost.max = 68983541
Gap.min = 0.0000%, Gap.avg = 0.0000%, Gap.max = 0.0000%
Penalty.min = 0, Penalty.avg = 0.00, Penalty.max = 0
Trials.min = 1000, Trials.avg = 1000.0, Trials.max = 1000
Time.min = 30.00 sec., Time.avg = 30.00 sec., Time.max = 30.00 sec.
Time.total = 30.08 sec.
  Size.min = 26, Size.max = 45, Penalty = 0
  Cost.min = 700870, Cost.max = 2847707, Cost.sum = 68983541
Best CVRP solution:
  Cost = 0_68983541
318 95 219 1008 631 573 934 1207 1497 344 1211 1042 788 274 1052 957 5 596 393 212 248 314 1009 31 23 902 971 1056 939 1224 1513 1370 1458 56 1017 832 798 930 521 782 1343 1499 664 215 435 928 725 470 769 79 29 1069 634 461 158 1250 277 1461 1109 1455 1040 250 623 217 1358 1433 437 1247 157 1483 946 290 1520 766 473 1280 953 1496 529 121 829 990 1036 940 243 338 1146 1020 1101 1462 859 1296 1223 1467 591 1445 480 1271 1425 942 712 517 337 498 296 585 1188 1506 128 1306 668 204 1494 1192 1283 475 530 294 168 132 673 907 270 134 535 1121 194 139 917 164 718 308 683 379 471 1107 864 728 189 1054 998 1230 1264 1196 333 1522 720 390 1469 355 1180 1045 526 392 1214 560 751 759 192 275 25 491 118 187 135 653 947 181 37 786 1102 842 1 264 21 844 202 81 64 693 1498 492 746 234 684 1448 1104 1039 589 745 1408 90 1003 490 824 423 748 1159 674 974 425 265 996 1318 1147 208 544 185 410 409 213 626 616 153 1535 1076 419 1329 1077 184 247 76 71 897 349 604 340 74 808 865 1154 216 606 117 1014 1411 952 107 1268 62 288 652 954 225 787 894 1325 1390 227 1516 1429 1114 1480 502 890 1327 113 51 850 1379 477 1346 685 1217 362 960 1091 155 1350 1436 772 613 263 1403 1086 1113 568 761 1412 654 552 1262 424 1145 1068 797 882 1519 893 487 1287 710 522 1074 1321 484 261 1191 1213 1055 854 1030 253 1265 1471 85 53 1239 352 944 523 1165 1225 123 1177 802 1478 1396 892 1332 436 418 115 369 1022 1032 583 929 1521 1319 61 603 594 733 1492 1308 399 1376 1420 861 752 1025 159 549 1270 1300 1018 3 1486 149 1100 336 99 840 554 825 403 980 1292 55 404 724 1474 618 1503 1244 918 515 869 937 282 129 1253 1200 420 183 1010 792 9 764 880 818 232 1112 727 119 1131 775 900 341 873 370 214 1504 637 387 1298 1342 839 914 472 862 642 1314 963 779 273 1044 178 413 109 1186 726 94 986 1248 597 339 923 401 783 750 1127 700 1099 1375 276 298 443 630 905 1012 438 804 1510 78 1184 1338 136 896 709 144 812 1066 353 633 486 226 429 2 1161 1210 450 924 479 580 1297 510 1178 1476 1337 778 1236 525 1255 415 1202 578 670 482 1470 586 268 343 1527 1172 39 1454 1237 262 501 297 207 1334 819 678 876 246 643 1073 386 360 1095 982 1089 1153 936 537 886 18 89 909 686 325 912 1064 342 830 619 179 1537 1208 1118 1373 34 1162 66 849 152 122 608 979 965 1174 1349 1245 1447 1374 293 1266 1356 1452 102 993 1029 961 69 975 1084 723 1058 784 635 1328 834 229 1212 1372 650 84 1525 590 1366 1344 540 1232 1392 295 1047 309 228 1311 162 556 636 1290 559 255 65 391 1487 210 249 197 460 1240 381 1399 1083 1023 24 999 1333 1259 96 1515 205 35 481 7 810 1295 1380 838 167 60 1006 648 10 1164 1263 989 456 1304 1427 1404 768 548 856 488 581 790 1092 319 1464 1019 948 1179 1125 408 757 1183 242 1382 49 1322 1001 672 1530 1136 285 1371 1495 1024 1410 1167 1491 991 137 20 898 195 1152 440 932 1252 969 1182 1035 224 1468 949 691 1460 495 1426 239 93 1116 1197 1320 1507 307 570 888 875 836 919 170 543 627 968 553 823 315 1097 1130 402 777 286 111 1443 1360 348 140 1274 977 1048 518 1195 45 280 211 655 327 72 1081 193 455 744 1517 466 721 98 738 1418 1267 63 1364 4 1324 103 457 520 667 1061 1260 951 735 698 657 562 1111 1449 533 22 412 172 427 513 921 629 770 283 1103 141 877 320 1528 1199 677 1150 1000 317 774 398 687 524 566 569 539 903 92 1437 564 1028 397 1378 1157 1070 1203 411 190 1034 256 1222 131 1330 1482 1490 1363 1143 316 1381 669 814 201 883 1531 872 324 1105 1313 174 904 444 632 42 371 617 967 881 180 1472 1391 493 1126 1288 885 14 1312 736 43 1463 406 30 791 47 1394 1473 1323 509 359 469 1021 483 1229 1514 592 1294 252 1249 478 244 1241 40 1489 884 729 895 1170 97 1257 38 1132 133 1227 368 557 448 519 1326 1419 577 863 625 1041 1385 439 681 795 222 1540 405 781 978 1243 80 302 1190 1094 610 1401 240 962 561 59 468 376 992 866 161 67 1059 124 538 395 200 505 689 358 666 1488 1004 1033 1144 1139 75 230 702 1362 1532 858 1254 375 595 1067 1393 422 1037 541 1206 701 571 527 499 1011 27 1085 1141 1277 1309 794 70 821 11 731 807 665 1043 465 384 1315 845 278 545 611 706 796 1072 1301 306 835 1140 1534 582 913 1053 1060 464 442 1388 1110 743 476 704 416 1258 385 1405 238 203 1026 489 1093 841 1317 454 377 507 1063 58 365 233 741 177 737 145 110 763 1175 785 1335 433 421 1529 417 175 753 258 17 512 593 985 906 707 1446 310 198 671 1269 1339 811 364 697 1434 1310 1218 1198 958 658 694 101 1453 546 870 366 104 656 828 251 1368 773 1002 1354 760 1123 916 1231 572 1509 106 1106 715 851 1413 722 254 1398 304 1384 400 445 1406 827 1353 584 908 879 269 57 1173 555 326 1272 638 955 1407 1355 1181 112 878 730 690 714 432 221 1155 267 126 1533 160 1440 742 1117 740 588 305 1122 899 351 910 1124 1400 1096 1451 357 853 1442 209 713 373 506 108 142 809 889 1115 176 374 383 605 1007 292 1402 1046 130 1065 833 973 1456 1505 1128 1119 641 628 335 32 1289 1293 663 1286 1383 182 188 485 127 1087 87 1163 151 77 1221 972 191 1278 935 414 1450 1316 272 241 1357 28 801 1348 1078 1142 1539 86 1129 1485 964 1273 281 1421 767 822 1079 12 1209 1285 927 675 645 451 565 1238 1281 237 1205 587 615 16 857 279 235 1050 147 1441 1282 708 166 1166 347 1536 1377 1185 36 231 496 1216 1389 154 976 943 345 426 1481 531 48 266 1409 756 1459 1477 1299 598 1500 382 463 758 891 639 1275 361 602 220 323 120 346 26 1502 1189 749 1234 1015 91 1475 805 941 682 396 407 901 843 1465 536 105 679 1331 1422 956 647 793 428 13 52 1501 661 8 1149 1256 449 313 389 994 803 817 1361 1062 551 1523 860 771 503 1423 303 311 1397 259 459 287 331 1246 887 922 1226 146 622 334 1302 600 920 1466 1345 138 15 1432 380 676 852 739 1005 100 321 1518 558 50 1430 831 780 981 911 1219 301 328 354 692 644 1307 837 1176 1261 563 462 165 542 452 1484 1108 206 806 696 350 620 1387 430 1204 987 150 1284 1075 1457 453 1538 755 497 68 1367 703 1303 1057 394 1251 1171 984 816 933 300 367 116 1347 950 995 372 1369 874 705 125 171 983 1120 966 734 716 765 1038 1133 1479 579 500 754 1098 1386 717 813 1511 574 1138 312 925 114 1051 1416 1137 474 688 1336 719 662 83 799 1428 467 660 458 609 868 931 871 1160 699 1027 1082 257 1151 431 1194 1435 1135 514 88 1524 695 44 356 289 1414 532 508 163 915 1279 789 1187 1417 1169 1415 970 1242 1134 1220 143 747 434 1156 504 1365 299 776 291 547 800 1158 1071 332 1013 73 41 1512 762 612 19 82 1424 199 1291 1351 330 846 1359 260 621 1438 46 651 447 1352 599 322 550 1193 1080 680 640 1088 511 959 867 988 156 938 659 148 1016 363 732 826 567 173 1168 1526 494 528 575 576 1215 441 1276 534 855 1233 1148 607 1431 945 1031 646 926 169 33 1049 378 236 1228 614 1493 997 186 601 388 245 196 1201 1340 820 624 1341 6 649 271 1439 223 1235 1305 1444 218 1508 516 1395 1090 284 329 848 815 446 54 847 711 318 
