PARAMETER_FILE = result/cvrp_1500/NeuroLKH_para/3.para
Reading PROBLEM_FILE: "result/cvrp_1500/cvrp/3.cvrp" ... done
ASCENT_CANDIDATES = 50
BACKBONE_TRIALS = 0
BACKTRACKING = NO
# BWTSP =
CANDIDATE_FILE = result/cvrp_1500/candidate/3.txt
CANDIDATE_SET_TYPE = ALPHA
DEPOT = 1
# EDGE_FILE =
EXCESS = 0.000666223
EXTERNAL_SALESMEN = 0
EXTRA_CANDIDATES = 0 
EXTRA_CANDIDATE_SET_TYPE = QUADRANT
GAIN23 = NO
GAIN_CRITERION = YES
INITIAL_PERIOD = 750
INITIAL_STEP_SIZE = 1
INITIAL_TOUR_ALGORITHM = WALK
# INITIAL_TOUR_FILE = 
INITIAL_TOUR_FRACTION = 1.000
# INPUT_TOUR_FILE = 
KICK_TYPE = 4
KICKS = 1
# MAX_BREADTH =
MAKESPAN = NO
MAX_CANDIDATES = 5 
MAX_SWAPS = 0
MAX_TRIALS = 1000
# MERGE_TOUR_FILE =
MOVE_TYPE = 5 SPECIAL
MTSP_MIN_SIZE = 1
MTSP_MAX_SIZE = 1500
# MTSP_SOLUTION_FILE = 
# NONSEQUENTIAL_MOVE_TYPE = 5
# OPTIMUM =
# OUTPUT_TOUR_FILE = 
PATCHING_A = 1 
PATCHING_C = 0 
# PI_FILE = 
POPMUSIC_INITIAL_TOUR = NO
POPMUSIC_MAX_NEIGHBORS = 5
POPMUSIC_SAMPLE_SIZE = 10
POPMUSIC_SOLUTIONS = 50
POPMUSIC_TRIALS = 1
POPULATION_SIZE = 10
PRECISION = 100
PROBLEM_FILE = result/cvrp_1500/cvrp/3.cvrp
RECOMBINATION = IPT
RESTRICTED_SEARCH = YES
RUNS = 1
SALESMEN = 40
SCALE = 1
SEED = 1234
# SINTEF_SOLUTION_FILE = 
STOP_AT_OPTIMUM = YES
SUBGRADIENT = NO
# SUBPROBLEM_SIZE =
# SUBPROBLEM_TOUR_FILE = 
SUBSEQUENT_MOVE_TYPE = 5 SPECIAL
SUBSEQUENT_PATCHING = YES
# TIME_LIMIT =
# TOUR_FILE = 
TRACE_LEVEL = 1
VEHICLES = 40

Reading CANDIDATE_FILE: "result/cvrp_1500/candidate/3.txt" ... done
Lower bound = 27734738.0, Ascent time = 0.03 sec.
Cand.min = 2, Cand.avg = 4.9, Cand.max = 5
Preprocessing time = 0.08 sec.
Reading CANDIDATE_FILE: "result/cvrp_1500/candidate/3.txt" ... done
* 1: Cost = 0_70272171, Time = 2.46 sec. 
-Trial 1 0 70272171 2.542073
* 2: Cost = 0_69253815, Time = 2.78 sec. 
-Trial 2 0 69253815 2.865695
-Trial 3 0 69253815 2.866697
-Trial 4 0 69253815 2.867222
-Trial 5 0 69253815 2.869184
* 6: Cost = 0_69245884, Time = 2.80 sec. 
-Trial 6 0 69245884 2.879866
-Trial 7 0 69245884 2.881983
* 8: Cost = 0_68877213, Time = 2.81 sec. 
-Trial 8 0 68877213 2.894264
-Trial 9 0 68877213 2.894937
* 10: Cost = 0_68785133, Time = 2.83 sec. 
-Trial 10 0 68785133 2.914519
-Trial 11 0 68785133 2.916057
-Trial 12 0 68785133 2.916521
-Trial 13 0 68785133 2.918373
-Trial 14 0 68785133 2.918656
-Trial 15 0 68785133 3.005859
-Trial 16 0 68785133 3.007598
-Trial 17 0 68785133 3.009789
-Trial 18 0 68785133 3.010132
* 19: Cost = 0_68393168, Time = 2.97 sec. 
-Trial 19 0 68393168 3.049904
* 20: Cost = 0_68333597, Time = 2.99 sec. 
-Trial 20 0 68333597 3.068236
* 21: Cost = 0_68205498, Time = 3.00 sec. 
-Trial 21 0 68205498 3.085600
* 22: Cost = 0_68205252, Time = 3.00 sec. 
-Trial 22 0 68205252 3.086579
-Trial 23 0 68205252 3.092582
-Trial 24 0 68205252 3.093951
-Trial 25 0 68205252 3.094503
* 26: Cost = 0_67828517, Time = 3.03 sec. 
-Trial 26 0 67828517 3.118000
-Trial 27 0 67828517 3.118632
-Trial 28 0 67828517 3.119960
-Trial 29 0 67828517 3.121115
-Trial 30 0 67828517 3.123713
* 31: Cost = 0_67549970, Time = 3.05 sec. 
-Trial 31 0 67549970 3.135086
-Trial 32 0 67549970 3.136241
-Trial 33 0 67549970 3.231201
* 34: Cost = 0_67341006, Time = 3.24 sec. 
-Trial 34 0 67341006 3.318902
-Trial 35 0 67341006 3.319680
* 36: Cost = 0_67333273, Time = 3.28 sec. 
-Trial 36 0 67333273 3.359858
-Trial 37 0 67333273 3.360406
* 38: Cost = 0_65413999, Time = 3.40 sec. 
-Trial 38 0 65413999 3.482252
-Trial 39 0 65413999 3.498618
-Trial 40 0 65413999 3.502784
-Trial 41 0 65413999 3.521682
-Trial 42 0 65413999 3.525998
-Trial 43 0 65413999 3.526356
-Trial 44 0 65413999 3.532646
* 45: Cost = 0_65382301, Time = 3.46 sec. 
-Trial 45 0 65382301 3.539609
* 46: Cost = 0_64767829, Time = 3.51 sec. 
-Trial 46 0 64767829 3.597506
* 47: Cost = 0_64254901, Time = 3.56 sec. 
-Trial 47 0 64254901 3.642327
* 48: Cost = 0_64248041, Time = 3.61 sec. 
-Trial 48 0 64248041 3.693035
-Trial 49 0 64248041 3.702933
-Trial 50 0 64248041 3.703964
* 51: Cost = 0_64152396, Time = 3.64 sec. 
-Trial 51 0 64152396 3.725913
-Trial 52 0 64152396 3.932323
* 53: Cost = 0_63829591, Time = 3.87 sec. 
-Trial 53 0 63829591 3.949519
-Trial 54 0 63829591 3.950082
* 55: Cost = 0_63731594, Time = 4.02 sec. 
-Trial 55 0 63731594 4.099523
-Trial 56 0 63731594 4.102495
-Trial 57 0 63731594 4.102941
* 58: Cost = 0_63725088, Time = 4.10 sec. 
-Trial 58 0 63725088 4.183165
-Trial 59 0 63725088 4.401877
-Trial 60 0 63725088 4.408287
* 61: Cost = 0_63703908, Time = 4.33 sec. 
-Trial 61 0 63703908 4.418002
* 62: Cost = 0_63275222, Time = 4.36 sec. 
-Trial 62 0 63275222 4.440152
-Trial 63 0 63275222 4.442311
* 64: Cost = 0_63086504, Time = 4.39 sec. 
-Trial 64 0 63086504 4.473747
* 65: Cost = 0_63069767, Time = 4.47 sec. 
-Trial 65 0 63069767 4.557617
* 66: Cost = 0_63006874, Time = 4.48 sec. 
-Trial 66 0 63006874 4.564675
* 67: Cost = 0_62985234, Time = 4.50 sec. 
-Trial 67 0 62985234 4.587815
* 68: Cost = 0_62578600, Time = 5.05 sec. 
-Trial 68 0 62578600 5.136409
-Trial 69 0 62578600 5.144660
-Trial 70 0 62578600 5.156837
* 71: Cost = 0_62563801, Time = 5.09 sec. 
-Trial 71 0 62563801 5.172499
-Trial 72 0 62563801 5.286710
-Trial 73 0 62563801 5.289713
-Trial 74 0 62563801 5.299095
-Trial 75 0 62563801 5.349077
* 76: Cost = 0_62356218, Time = 5.35 sec. 
-Trial 76 0 62356218 5.428520
-Trial 77 0 62356218 5.454943
* 78: Cost = 0_62305167, Time = 5.37 sec. 
-Trial 78 0 62305167 5.457174
-Trial 79 0 62305167 5.458543
-Trial 80 0 62305167 5.606165
* 81: Cost = 0_62288533, Time = 5.54 sec. 
-Trial 81 0 62288533 5.620982
* 82: Cost = 0_62243089, Time = 5.56 sec. 
-Trial 82 0 62243089 5.644429
-Trial 83 0 62243089 5.648381
-Trial 84 0 62243089 5.649080
-Trial 85 0 62243089 5.651763
-Trial 86 0 62243089 5.652609
-Trial 87 0 62243089 5.653332
-Trial 88 0 62243089 5.653603
-Trial 89 0 62243089 5.723713
-Trial 90 0 62243089 5.724120
* 91: Cost = 0_62229391, Time = 5.71 sec. 
-Trial 91 0 62229391 5.790840
* 92: Cost = 0_62203126, Time = 5.73 sec. 
-Trial 92 0 62203126 5.809433
-Trial 93 0 62203126 5.810733
* 94: Cost = 0_62186224, Time = 5.73 sec. 
-Trial 94 0 62186224 5.813086
-Trial 95 0 62186224 5.827496
-Trial 96 0 62186224 5.835904
-Trial 97 0 62186224 5.838303
* 98: Cost = 0_62171084, Time = 5.80 sec. 
-Trial 98 0 62171084 5.886806
* 99: Cost = 0_61873192, Time = 5.84 sec. 
-Trial 99 0 61873192 5.924234
-Trial 100 0 61873192 5.927917
-Trial 101 0 61873192 5.928946
-Trial 102 0 61873192 6.009211
-Trial 103 0 61873192 6.010389
-Trial 104 0 61873192 6.015762
* 105: Cost = 0_61766317, Time = 5.96 sec. 
-Trial 105 0 61766317 6.038759
-Trial 106 0 61766317 6.052133
-Trial 107 0 61766317 6.062958
-Trial 108 0 61766317 6.064570
-Trial 109 0 61766317 6.066912
-Trial 110 0 61766317 6.081352
-Trial 111 0 61766317 6.083060
-Trial 112 0 61766317 6.138523
-Trial 113 0 61766317 6.146782
-Trial 114 0 61766317 6.152427
-Trial 115 0 61766317 6.153228
* 116: Cost = 0_61131237, Time = 6.14 sec. 
-Trial 116 0 61131237 6.225982
-Trial 117 0 61131237 6.226274
* 118: Cost = 0_60761097, Time = 6.19 sec. 
-Trial 118 0 60761097 6.271687
* 119: Cost = 0_60705437, Time = 6.20 sec. 
-Trial 119 0 60705437 6.281242
-Trial 120 0 60705437 6.293254
* 121: Cost = 0_60695178, Time = 6.51 sec. 
-Trial 121 0 60695178 6.589713
* 122: Cost = 0_60563720, Time = 6.54 sec. 
-Trial 122 0 60563720 6.624532
-Trial 123 0 60563720 6.631661
-Trial 124 0 60563720 6.635550
-Trial 125 0 60563720 6.637318
* 126: Cost = 0_60559010, Time = 6.56 sec. 
-Trial 126 0 60559010 6.639516
-Trial 127 0 60559010 6.640942
-Trial 128 0 60559010 6.749215
-Trial 129 0 60559010 6.752758
-Trial 130 0 60559010 6.758247
-Trial 131 0 60559010 6.863836
-Trial 132 0 60559010 6.866247
-Trial 133 0 60559010 6.895426
-Trial 134 0 60559010 6.896031
-Trial 135 0 60559010 6.905651
-Trial 136 0 60559010 6.905966
* 137: Cost = 0_60549080, Time = 6.85 sec. 
-Trial 137 0 60549080 6.932498
-Trial 138 0 60549080 6.932901
-Trial 139 0 60549080 6.977267
-Trial 140 0 60549080 6.977973
-Trial 141 0 60549080 6.978232
-Trial 142 0 60549080 6.979031
-Trial 143 0 60549080 6.979905
-Trial 144 0 60549080 6.981123
* 145: Cost = 0_60513670, Time = 6.91 sec. 
-Trial 145 0 60513670 6.997134
* 146: Cost = 0_60513208, Time = 6.92 sec. 
-Trial 146 0 60513208 7.004663
-Trial 147 0 60513208 7.114653
-Trial 148 0 60513208 7.138992
-Trial 149 0 60513208 7.265611
-Trial 150 0 60513208 7.281053
-Trial 151 0 60513208 7.281926
-Trial 152 0 60513208 7.283019
* 153: Cost = 0_60472973, Time = 7.24 sec. 
-Trial 153 0 60472973 7.320281
-Trial 154 0 60472973 7.332629
* 155: Cost = 0_60434994, Time = 7.26 sec. 
-Trial 155 0 60434994 7.339021
-Trial 156 0 60434994 7.413389
* 157: Cost = 0_60344346, Time = 7.40 sec. 
-Trial 157 0 60344346 7.479759
* 158: Cost = 0_60249292, Time = 7.49 sec. 
-Trial 158 0 60249292 7.575256
-Trial 159 0 60249292 7.576796
-Trial 160 0 60249292 7.579513
-Trial 161 0 60249292 7.582366
-Trial 162 0 60249292 7.668841
-Trial 163 0 60249292 7.670037
-Trial 164 0 60249292 7.802730
-Trial 165 0 60249292 7.814936
* 166: Cost = 0_60200879, Time = 7.75 sec. 
-Trial 166 0 60200879 7.835213
-Trial 167 0 60200879 7.844709
-Trial 168 0 60200879 7.845916
* 169: Cost = 0_60181542, Time = 7.78 sec. 
-Trial 169 0 60181542 7.862595
-Trial 170 0 60181542 7.863388
-Trial 171 0 60181542 7.867533
-Trial 172 0 60181542 7.886617
-Trial 173 0 60181542 7.889122
-Trial 174 0 60181542 7.889518
* 175: Cost = 0_59964106, Time = 7.86 sec. 
-Trial 175 0 59964106 7.942612
-Trial 176 0 59964106 7.943477
-Trial 177 0 59964106 7.945413
* 178: Cost = 0_59948034, Time = 7.87 sec. 
-Trial 178 0 59948034 7.955804
* 179: Cost = 0_59939511, Time = 7.88 sec. 
-Trial 179 0 59939511 7.958567
* 180: Cost = 0_59911313, Time = 7.89 sec. 
-Trial 180 0 59911313 7.974772
-Trial 181 0 59911313 7.985437
-Trial 182 0 59911313 7.987270
-Trial 183 0 59911313 7.987923
-Trial 184 0 59911313 8.065900
-Trial 185 0 59911313 8.070138
-Trial 186 0 59911313 8.071391
* 187: Cost = 0_59846276, Time = 8.07 sec. 
-Trial 187 0 59846276 8.151403
-Trial 188 0 59846276 8.151847
-Trial 189 0 59846276 8.153519
-Trial 190 0 59846276 8.239884
* 191: Cost = 0_59839881, Time = 8.19 sec. 
-Trial 191 0 59839881 8.272011
* 192: Cost = 0_59823805, Time = 8.20 sec. 
-Trial 192 0 59823805 8.284037
-Trial 193 0 59823805 8.293260
-Trial 194 0 59823805 8.300415
-Trial 195 0 59823805 8.337250
-Trial 196 0 59823805 8.380270
-Trial 197 0 59823805 8.382672
* 198: Cost = 0_59809856, Time = 8.32 sec. 
-Trial 198 0 59809856 8.402016
-Trial 199 0 59809856 8.410928
-Trial 200 0 59809856 8.413287
-Trial 201 0 59809856 8.413677
-Trial 202 0 59809856 8.421337
-Trial 203 0 59809856 8.425106
-Trial 204 0 59809856 8.427853
* 205: Cost = 0_59524158, Time = 8.41 sec. 
-Trial 205 0 59524158 8.495592
-Trial 206 0 59524158 8.502274
-Trial 207 0 59524158 8.520846
-Trial 208 0 59524158 8.522428
-Trial 209 0 59524158 8.523610
-Trial 210 0 59524158 8.525259
-Trial 211 0 59524158 8.653375
* 212: Cost = 0_59443213, Time = 8.59 sec. 
-Trial 212 0 59443213 8.677490
-Trial 213 0 59443213 8.690650
-Trial 214 0 59443213 8.691468
-Trial 215 0 59443213 8.696674
-Trial 216 0 59443213 8.700353
* 217: Cost = 0_59437863, Time = 8.66 sec. 
-Trial 217 0 59437863 8.743493
-Trial 218 0 59437863 8.773672
-Trial 219 0 59437863 8.807170
-Trial 220 0 59437863 8.828840
* 221: Cost = 0_59429820, Time = 8.76 sec. 
-Trial 221 0 59429820 8.839478
-Trial 222 0 59429820 8.860697
* 223: Cost = 0_59414142, Time = 8.80 sec. 
-Trial 223 0 59414142 8.879492
-Trial 224 0 59414142 8.879786
-Trial 225 0 59414142 8.880699
-Trial 226 0 59414142 8.887016
-Trial 227 0 59414142 9.207778
-Trial 228 0 59414142 9.210764
-Trial 229 0 59414142 9.211033
-Trial 230 0 59414142 9.211787
-Trial 231 0 59414142 9.214533
-Trial 232 0 59414142 9.341526
* 233: Cost = 0_59413765, Time = 9.26 sec. 
-Trial 233 0 59413765 9.346676
-Trial 234 0 59413765 9.348513
-Trial 235 0 59413765 9.349062
* 236: Cost = 0_59348473, Time = 9.30 sec. 
-Trial 236 0 59348473 9.383778
-Trial 237 0 59348473 9.484174
-Trial 238 0 59348473 9.487376
* 239: Cost = 0_59346756, Time = 9.41 sec. 
-Trial 239 0 59346756 9.497578
* 240: Cost = 0_59243109, Time = 9.47 sec. 
-Trial 240 0 59243109 9.550411
-Trial 241 0 59243109 9.550945
-Trial 242 0 59243109 9.571352
-Trial 243 0 59243109 9.572178
-Trial 244 0 59243109 9.573472
-Trial 245 0 59243109 9.574811
-Trial 246 0 59243109 9.576761
-Trial 247 0 59243109 9.695999
-Trial 248 0 59243109 9.703938
-Trial 249 0 59243109 9.706874
-Trial 250 0 59243109 9.720291
-Trial 251 0 59243109 9.767729
-Trial 252 0 59243109 9.771091
-Trial 253 0 59243109 9.848396
-Trial 254 0 59243109 9.851928
* 255: Cost = 0_59208826, Time = 9.78 sec. 
-Trial 255 0 59208826 9.866887
-Trial 256 0 59208826 9.876729
-Trial 257 0 59208826 9.877150
-Trial 258 0 59208826 9.879666
-Trial 259 0 59208826 9.880120
-Trial 260 0 59208826 9.882567
-Trial 261 0 59208826 9.883758
-Trial 262 0 59208826 9.884144
-Trial 263 0 59208826 9.885614
-Trial 264 0 59208826 9.887770
-Trial 265 0 59208826 9.889294
-Trial 266 0 59208826 9.918525
-Trial 267 0 59208826 9.945514
-Trial 268 0 59208826 9.951477
-Trial 269 0 59208826 9.952123
-Trial 270 0 59208826 10.160148
-Trial 271 0 59208826 10.160905
-Trial 272 0 59208826 10.161302
* 273: Cost = 0_59207762, Time = 10.11 sec. 
-Trial 273 0 59207762 10.188892
-Trial 274 0 59207762 10.219584
-Trial 275 0 59207762 10.244523
-Trial 276 0 59207762 10.251425
-Trial 277 0 59207762 10.267555
-Trial 278 0 59207762 10.283431
-Trial 279 0 59207762 10.319148
-Trial 280 0 59207762 10.319882
-Trial 281 0 59207762 10.355821
-Trial 282 0 59207762 10.356103
* 283: Cost = 0_59157307, Time = 10.34 sec. 
-Trial 283 0 59157307 10.422197
* 284: Cost = 0_59129760, Time = 10.35 sec. 
-Trial 284 0 59129760 10.431374
-Trial 285 0 59129760 10.434039
* 286: Cost = 0_59121462, Time = 10.36 sec. 
-Trial 286 0 59121462 10.444062
* 287: Cost = 0_59116130, Time = 10.37 sec. 
-Trial 287 0 59116130 10.449117
* 288: Cost = 0_59093396, Time = 10.37 sec. 
-Trial 288 0 59093396 10.452067
-Trial 289 0 59093396 10.453704
-Trial 290 0 59093396 10.461068
-Trial 291 0 59093396 10.461348
-Trial 292 0 59093396 10.497299
-Trial 293 0 59093396 10.497648
-Trial 294 0 59093396 10.500057
-Trial 295 0 59093396 10.509973
-Trial 296 0 59093396 10.510369
-Trial 297 0 59093396 10.510669
-Trial 298 0 59093396 10.520422
-Trial 299 0 59093396 10.520703
* 300: Cost = 0_59090622, Time = 10.47 sec. 
-Trial 300 0 59090622 10.548737
-Trial 301 0 59090622 10.549090
-Trial 302 0 59090622 10.551334
-Trial 303 0 59090622 10.679211
-Trial 304 0 59090622 10.691702
-Trial 305 0 59090622 10.722891
-Trial 306 0 59090622 10.724627
-Trial 307 0 59090622 10.725679
-Trial 308 0 59090622 10.728885
-Trial 309 0 59090622 10.733144
-Trial 310 0 59090622 10.735621
-Trial 311 0 59090622 10.752051
-Trial 312 0 59090622 10.756520
-Trial 313 0 59090622 10.757625
-Trial 314 0 59090622 10.770292
-Trial 315 0 59090622 10.801915
-Trial 316 0 59090622 10.805007
-Trial 317 0 59090622 10.809649
-Trial 318 0 59090622 10.813253
-Trial 319 0 59090622 10.856876
-Trial 320 0 59090622 10.860090
-Trial 321 0 59090622 10.890500
* 322: Cost = 0_59088589, Time = 10.85 sec. 
-Trial 322 0 59088589 10.928756
-Trial 323 0 59088589 10.929971
* 324: Cost = 0_59085013, Time = 10.85 sec. 
-Trial 324 0 59085013 10.934741
-Trial 325 0 59085013 10.951098
* 326: Cost = 0_59084812, Time = 10.88 sec. 
-Trial 326 0 59084812 10.964506
-Trial 327 0 59084812 10.964911
-Trial 328 0 59084812 11.298782
* 329: Cost = 0_59083896, Time = 11.22 sec. 
-Trial 329 0 59083896 11.305437
-Trial 330 0 59083896 11.335271
-Trial 331 0 59083896 11.366798
-Trial 332 0 59083896 11.369632
-Trial 333 0 59083896 11.370577
-Trial 334 0 59083896 11.371116
-Trial 335 0 59083896 11.448816
-Trial 336 0 59083896 11.451176
-Trial 337 0 59083896 11.451735
-Trial 338 0 59083896 11.457694
-Trial 339 0 59083896 11.640276
-Trial 340 0 59083896 11.644240
-Trial 341 0 59083896 11.645087
-Trial 342 0 59083896 11.650352
* 343: Cost = 0_59068385, Time = 11.61 sec. 
-Trial 343 0 59068385 11.688832
-Trial 344 0 59068385 11.712071
-Trial 345 0 59068385 11.803164
-Trial 346 0 59068385 11.950155
-Trial 347 0 59068385 11.959343
* 348: Cost = 0_59017296, Time = 11.89 sec. 
-Trial 348 0 59017296 11.969047
-Trial 349 0 59017296 11.969336
-Trial 350 0 59017296 12.082136
-Trial 351 0 59017296 12.082931
-Trial 352 0 59017296 12.083900
-Trial 353 0 59017296 12.159657
-Trial 354 0 59017296 12.167062
* 355: Cost = 0_59016903, Time = 12.11 sec. 
-Trial 355 0 59016903 12.196561
* 356: Cost = 0_59012694, Time = 12.14 sec. 
-Trial 356 0 59012694 12.219640
-Trial 357 0 59012694 12.297271
-Trial 358 0 59012694 12.305476
-Trial 359 0 59012694 12.317896
-Trial 360 0 59012694 12.334036
-Trial 361 0 59012694 12.334430
-Trial 362 0 59012694 12.347564
-Trial 363 0 59012694 12.350337
-Trial 364 0 59012694 12.352229
-Trial 365 0 59012694 12.354946
-Trial 366 0 59012694 12.393162
-Trial 367 0 59012694 12.405806
* 368: Cost = 0_58944386, Time = 12.34 sec. 
-Trial 368 0 58944386 12.425557
-Trial 369 0 58944386 12.459776
* 370: Cost = 0_58894480, Time = 12.57 sec. 
-Trial 370 0 58894480 12.654462
* 371: Cost = 0_58893303, Time = 12.60 sec. 
-Trial 371 0 58893303 12.681935
-Trial 372 0 58893303 12.684344
-Trial 373 0 58893303 12.689814
-Trial 374 0 58893303 12.698589
-Trial 375 0 58893303 12.987959
-Trial 376 0 58893303 12.998244
-Trial 377 0 58893303 13.299533
-Trial 378 0 58893303 13.310271
* 379: Cost = 0_58886561, Time = 13.26 sec. 
-Trial 379 0 58886561 13.340690
* 380: Cost = 0_58803754, Time = 13.32 sec. 
-Trial 380 0 58803754 13.403947
-Trial 381 0 58803754 13.442367
-Trial 382 0 58803754 13.442628
* 383: Cost = 0_58701488, Time = 13.46 sec. 
-Trial 383 0 58701488 13.542715
* 384: Cost = 0_58687309, Time = 13.49 sec. 
-Trial 384 0 58687309 13.575971
* 385: Cost = 0_58683947, Time = 13.54 sec. 
-Trial 385 0 58683947 13.622519
-Trial 386 0 58683947 13.623507
-Trial 387 0 58683947 13.767732
-Trial 388 0 58683947 13.773240
-Trial 389 0 58683947 13.824344
-Trial 390 0 58683947 13.958083
* 391: Cost = 0_58662953, Time = 13.95 sec. 
-Trial 391 0 58662953 14.035384
-Trial 392 0 58662953 14.037567
-Trial 393 0 58662953 14.039463
* 394: Cost = 0_58631602, Time = 14.01 sec. 
-Trial 394 0 58631602 14.093185
* 395: Cost = 0_58624769, Time = 14.03 sec. 
-Trial 395 0 58624769 14.117557
-Trial 396 0 58624769 14.140184
-Trial 397 0 58624769 14.141627
-Trial 398 0 58624769 14.144047
* 399: Cost = 0_58609902, Time = 14.09 sec. 
-Trial 399 0 58609902 14.174594
* 400: Cost = 0_58606414, Time = 14.09 sec. 
-Trial 400 0 58606414 14.176711
* 401: Cost = 0_58590583, Time = 14.12 sec. 
-Trial 401 0 58590583 14.199576
-Trial 402 0 58590583 14.202699
* 403: Cost = 0_58588098, Time = 14.14 sec. 
-Trial 403 0 58588098 14.225483
-Trial 404 0 58588098 14.310031
-Trial 405 0 58588098 14.310409
-Trial 406 0 58588098 14.313259
-Trial 407 0 58588098 14.313538
-Trial 408 0 58588098 14.331590
-Trial 409 0 58588098 14.332838
-Trial 410 0 58588098 14.335210
-Trial 411 0 58588098 14.364015
-Trial 412 0 58588098 14.392739
-Trial 413 0 58588098 14.492589
-Trial 414 0 58588098 14.492938
-Trial 415 0 58588098 14.502707
-Trial 416 0 58588098 14.508579
-Trial 417 0 58588098 14.521280
-Trial 418 0 58588098 14.537233
-Trial 419 0 58588098 14.542886
-Trial 420 0 58588098 14.544322
-Trial 421 0 58588098 14.570144
-Trial 422 0 58588098 14.591732
-Trial 423 0 58588098 14.614487
-Trial 424 0 58588098 14.624916
-Trial 425 0 58588098 14.626005
-Trial 426 0 58588098 14.684042
-Trial 427 0 58588098 14.694853
-Trial 428 0 58588098 14.704710
* 429: Cost = 0_58576395, Time = 14.64 sec. 
-Trial 429 0 58576395 14.719445
-Trial 430 0 58576395 14.719757
-Trial 431 0 58576395 14.720271
-Trial 432 0 58576395 14.726181
-Trial 433 0 58576395 14.726503
-Trial 434 0 58576395 14.727917
-Trial 435 0 58576395 14.769489
-Trial 436 0 58576395 14.775541
-Trial 437 0 58576395 14.778776
-Trial 438 0 58576395 14.794859
-Trial 439 0 58576395 14.801468
-Trial 440 0 58576395 14.896274
-Trial 441 0 58576395 14.897331
-Trial 442 0 58576395 14.898722
-Trial 443 0 58576395 14.923588
-Trial 444 0 58576395 14.936458
-Trial 445 0 58576395 14.936947
-Trial 446 0 58576395 14.949632
-Trial 447 0 58576395 14.959318
-Trial 448 0 58576395 14.963884
-Trial 449 0 58576395 15.349534
-Trial 450 0 58576395 15.350518
-Trial 451 0 58576395 15.352608
-Trial 452 0 58576395 15.378345
-Trial 453 0 58576395 15.382458
-Trial 454 0 58576395 15.384527
-Trial 455 0 58576395 15.384894
-Trial 456 0 58576395 15.401635
-Trial 457 0 58576395 15.430110
-Trial 458 0 58576395 15.531075
-Trial 459 0 58576395 15.537044
-Trial 460 0 58576395 15.544264
-Trial 461 0 58576395 15.548728
* 462: Cost = 0_58565355, Time = 15.50 sec. 
-Trial 462 0 58565355 15.587714
-Trial 463 0 58565355 15.606290
-Trial 464 0 58565355 15.619913
-Trial 465 0 58565355 15.628361
-Trial 466 0 58565355 15.628820
-Trial 467 0 58565355 15.768966
-Trial 468 0 58565355 15.771908
-Trial 469 0 58565355 15.774370
-Trial 470 0 58565355 15.897328
-Trial 471 0 58565355 15.898401
-Trial 472 0 58565355 15.949119
-Trial 473 0 58565355 15.949722
-Trial 474 0 58565355 15.973926
-Trial 475 0 58565355 15.975702
-Trial 476 0 58565355 15.977594
-Trial 477 0 58565355 15.978559
-Trial 478 0 58565355 15.984985
-Trial 479 0 58565355 15.992780
-Trial 480 0 58565355 15.996735
-Trial 481 0 58565355 16.194115
* 482: Cost = 0_58534419, Time = 16.15 sec. 
-Trial 482 0 58534419 16.238010
-Trial 483 0 58534419 16.285060
* 484: Cost = 0_58432545, Time = 16.34 sec. 
-Trial 484 0 58432545 16.423875
-Trial 485 0 58432545 16.441047
-Trial 486 0 58432545 16.642314
* 487: Cost = 0_58426959, Time = 16.57 sec. 
-Trial 487 0 58426959 16.651684
-Trial 488 0 58426959 16.652115
* 489: Cost = 0_58423194, Time = 16.60 sec. 
-Trial 489 0 58423194 16.685674
-Trial 490 0 58423194 16.688779
-Trial 491 0 58423194 16.689132
-Trial 492 0 58423194 16.691929
-Trial 493 0 58423194 16.696736
-Trial 494 0 58423194 16.698803
-Trial 495 0 58423194 16.699786
-Trial 496 0 58423194 16.700720
-Trial 497 0 58423194 16.726445
* 498: Cost = 0_58417775, Time = 16.66 sec. 
-Trial 498 0 58417775 16.745628
* 499: Cost = 0_58393826, Time = 16.68 sec. 
-Trial 499 0 58393826 16.758935
-Trial 500 0 58393826 16.762028
-Trial 501 0 58393826 16.762670
* 502: Cost = 0_58392591, Time = 16.69 sec. 
-Trial 502 0 58392591 16.772280
* 503: Cost = 0_58383341, Time = 16.70 sec. 
-Trial 503 0 58383341 16.787350
-Trial 504 0 58383341 16.793210
-Trial 505 0 58383341 16.837379
-Trial 506 0 58383341 17.465925
-Trial 507 0 58383341 17.523226
-Trial 508 0 58383341 17.537958
* 509: Cost = 0_58363879, Time = 17.53 sec. 
-Trial 509 0 58363879 17.615497
-Trial 510 0 58363879 17.617555
-Trial 511 0 58363879 17.618893
-Trial 512 0 58363879 17.698553
* 513: Cost = 0_58358661, Time = 17.64 sec. 
-Trial 513 0 58358661 17.721827
-Trial 514 0 58358661 17.731376
-Trial 515 0 58358661 17.743984
-Trial 516 0 58358661 17.751476
-Trial 517 0 58358661 17.763008
-Trial 518 0 58358661 17.842260
-Trial 519 0 58358661 17.843499
-Trial 520 0 58358661 17.877293
-Trial 521 0 58358661 17.907031
-Trial 522 0 58358661 17.942558
-Trial 523 0 58358661 17.944274
-Trial 524 0 58358661 17.965870
-Trial 525 0 58358661 17.966447
-Trial 526 0 58358661 18.006605
-Trial 527 0 58358661 18.013786
-Trial 528 0 58358661 18.024271
-Trial 529 0 58358661 18.029710
* 530: Cost = 0_58357435, Time = 17.96 sec. 
-Trial 530 0 58357435 18.043907
-Trial 531 0 58357435 18.089557
-Trial 532 0 58357435 18.090030
-Trial 533 0 58357435 18.099438
-Trial 534 0 58357435 18.111182
-Trial 535 0 58357435 18.112529
-Trial 536 0 58357435 18.112969
* 537: Cost = 0_58346776, Time = 18.03 sec. 
-Trial 537 0 58346776 18.115472
-Trial 538 0 58346776 18.116755
-Trial 539 0 58346776 18.204649
-Trial 540 0 58346776 18.213639
-Trial 541 0 58346776 18.214021
-Trial 542 0 58346776 18.218717
-Trial 543 0 58346776 18.220018
-Trial 544 0 58346776 18.220831
-Trial 545 0 58346776 18.221695
-Trial 546 0 58346776 18.265988
-Trial 547 0 58346776 18.266710
-Trial 548 0 58346776 18.267973
-Trial 549 0 58346776 18.270930
-Trial 550 0 58346776 18.273562
-Trial 551 0 58346776 18.279281
* 552: Cost = 0_58306631, Time = 18.21 sec. 
-Trial 552 0 58306631 18.293255
-Trial 553 0 58306631 18.530231
-Trial 554 0 58306631 18.619556
-Trial 555 0 58306631 18.653854
-Trial 556 0 58306631 18.654981
-Trial 557 0 58306631 18.662649
* 558: Cost = 0_58285384, Time = 18.68 sec. 
-Trial 558 0 58285384 18.765647
* 559: Cost = 0_58275713, Time = 18.69 sec. 
-Trial 559 0 58275713 18.770899
-Trial 560 0 58275713 18.789783
-Trial 561 0 58275713 18.792303
-Trial 562 0 58275713 18.797507
-Trial 563 0 58275713 18.798069
-Trial 564 0 58275713 18.848306
-Trial 565 0 58275713 19.384889
-Trial 566 0 58275713 19.396335
-Trial 567 0 58275713 19.398166
-Trial 568 0 58275713 19.449238
-Trial 569 0 58275713 19.473299
-Trial 570 0 58275713 19.478625
-Trial 571 0 58275713 19.478908
* 572: Cost = 0_58263349, Time = 19.42 sec. 
-Trial 572 0 58263349 19.498220
-Trial 573 0 58263349 19.498611
-Trial 574 0 58263349 19.498894
-Trial 575 0 58263349 19.501473
-Trial 576 0 58263349 19.507644
-Trial 577 0 58263349 19.541722
-Trial 578 0 58263349 19.542192
-Trial 579 0 58263349 19.543152
-Trial 580 0 58263349 19.543874
-Trial 581 0 58263349 19.544643
-Trial 582 0 58263349 19.552173
-Trial 583 0 58263349 19.580274
-Trial 584 0 58263349 19.582445
-Trial 585 0 58263349 19.582991
-Trial 586 0 58263349 19.630719
-Trial 587 0 58263349 19.633323
-Trial 588 0 58263349 19.656809
-Trial 589 0 58263349 19.679513
-Trial 590 0 58263349 19.683299
* 591: Cost = 0_58241915, Time = 19.75 sec. 
-Trial 591 0 58241915 19.828150
-Trial 592 0 58241915 19.837019
-Trial 593 0 58241915 19.848992
-Trial 594 0 58241915 19.850717
-Trial 595 0 58241915 19.902633
-Trial 596 0 58241915 19.939742
-Trial 597 0 58241915 20.010703
-Trial 598 0 58241915 20.016285
-Trial 599 0 58241915 20.016541
-Trial 600 0 58241915 20.035315
-Trial 601 0 58241915 20.050638
-Trial 602 0 58241915 20.051250
-Trial 603 0 58241915 20.072830
-Trial 604 0 58241915 20.079142
-Trial 605 0 58241915 20.094590
-Trial 606 0 58241915 20.095385
-Trial 607 0 58241915 20.095998
-Trial 608 0 58241915 20.144587
* 609: Cost = 0_58227188, Time = 20.12 sec. 
-Trial 609 0 58227188 20.200187
-Trial 610 0 58227188 20.319569
-Trial 611 0 58227188 20.321858
-Trial 612 0 58227188 20.333130
-Trial 613 0 58227188 20.707715
-Trial 614 0 58227188 20.783925
-Trial 615 0 58227188 20.785774
-Trial 616 0 58227188 20.786891
-Trial 617 0 58227188 20.812218
-Trial 618 0 58227188 20.813714
-Trial 619 0 58227188 20.850348
-Trial 620 0 58227188 21.228739
-Trial 621 0 58227188 21.273694
-Trial 622 0 58227188 21.329077
-Trial 623 0 58227188 21.330404
-Trial 624 0 58227188 21.356167
-Trial 625 0 58227188 21.361549
-Trial 626 0 58227188 21.472635
* 627: Cost = 0_58202044, Time = 21.40 sec. 
-Trial 627 0 58202044 21.479494
-Trial 628 0 58202044 21.485111
* 629: Cost = 0_58199988, Time = 21.49 sec. 
-Trial 629 0 58199988 21.575269
* 630: Cost = 0_58199555, Time = 21.53 sec. 
-Trial 630 0 58199555 21.608582
-Trial 631 0 58199555 21.609943
-Trial 632 0 58199555 21.611825
-Trial 633 0 58199555 21.622803
-Trial 634 0 58199555 21.625507
-Trial 635 0 58199555 21.722689
-Trial 636 0 58199555 21.725626
-Trial 637 0 58199555 21.725907
* 638: Cost = 0_58197957, Time = 21.65 sec. 
-Trial 638 0 58197957 21.730337
-Trial 639 0 58197957 21.737185
-Trial 640 0 58197957 21.741211
-Trial 641 0 58197957 21.744327
-Trial 642 0 58197957 21.745886
-Trial 643 0 58197957 21.750960
-Trial 644 0 58197957 21.751381
-Trial 645 0 58197957 21.754276
-Trial 646 0 58197957 21.982257
* 647: Cost = 0_58119636, Time = 22.03 sec. 
-Trial 647 0 58119636 22.113517
-Trial 648 0 58119636 22.114712
-Trial 649 0 58119636 22.114986
-Trial 650 0 58119636 22.123373
-Trial 651 0 58119636 22.123775
-Trial 652 0 58119636 22.167998
-Trial 653 0 58119636 22.178737
* 654: Cost = 0_58113707, Time = 22.12 sec. 
-Trial 654 0 58113707 22.199191
-Trial 655 0 58113707 22.199816
-Trial 656 0 58113707 22.337486
* 657: Cost = 0_58105734, Time = 22.26 sec. 
-Trial 657 0 58105734 22.343842
-Trial 658 0 58105734 22.349291
-Trial 659 0 58105734 22.351832
-Trial 660 0 58105734 22.503432
-Trial 661 0 58105734 22.516532
-Trial 662 0 58105734 22.703407
-Trial 663 0 58105734 22.703804
-Trial 664 0 58105734 22.705037
-Trial 665 0 58105734 22.705596
-Trial 666 0 58105734 22.706199
* 667: Cost = 0_58096356, Time = 22.63 sec. 
-Trial 667 0 58096356 22.714205
-Trial 668 0 58096356 22.719214
* 669: Cost = 0_58093309, Time = 22.70 sec. 
-Trial 669 0 58093309 22.781406
-Trial 670 0 58093309 22.785174
-Trial 671 0 58093309 22.786116
-Trial 672 0 58093309 22.786825
* 673: Cost = 0_58091270, Time = 22.73 sec. 
-Trial 673 0 58091270 22.811302
-Trial 674 0 58091270 22.814893
-Trial 675 0 58091270 22.838176
-Trial 676 0 58091270 22.847123
-Trial 677 0 58091270 22.858932
-Trial 678 0 58091270 22.880183
-Trial 679 0 58091270 22.882637
-Trial 680 0 58091270 22.889536
-Trial 681 0 58091270 22.905731
-Trial 682 0 58091270 22.942029
-Trial 683 0 58091270 22.942546
-Trial 684 0 58091270 22.970715
-Trial 685 0 58091270 22.990309
-Trial 686 0 58091270 22.990621
-Trial 687 0 58091270 22.994416
* 688: Cost = 0_58078622, Time = 22.93 sec. 
-Trial 688 0 58078622 23.008311
* 689: Cost = 0_58078360, Time = 22.96 sec. 
-Trial 689 0 58078360 23.046738
-Trial 690 0 58078360 23.099423
-Trial 691 0 58078360 23.099762
-Trial 692 0 58078360 23.166871
* 693: Cost = 0_58076410, Time = 23.10 sec. 
-Trial 693 0 58076410 23.178318
-Trial 694 0 58076410 23.180735
-Trial 695 0 58076410 23.189599
-Trial 696 0 58076410 23.298652
-Trial 697 0 58076410 23.303455
-Trial 698 0 58076410 23.310086
-Trial 699 0 58076410 23.312705
-Trial 700 0 58076410 23.320073
-Trial 701 0 58076410 23.575245
-Trial 702 0 58076410 23.576580
-Trial 703 0 58076410 23.622608
-Trial 704 0 58076410 23.744665
-Trial 705 0 58076410 23.752053
-Trial 706 0 58076410 23.752942
-Trial 707 0 58076410 23.755210
-Trial 708 0 58076410 23.788249
-Trial 709 0 58076410 23.797233
-Trial 710 0 58076410 23.797562
-Trial 711 0 58076410 23.845387
-Trial 712 0 58076410 23.845707
-Trial 713 0 58076410 23.847199
-Trial 714 0 58076410 23.851426
-Trial 715 0 58076410 23.863021
-Trial 716 0 58076410 23.863487
-Trial 717 0 58076410 23.864281
-Trial 718 0 58076410 23.884875
-Trial 719 0 58076410 23.893321
-Trial 720 0 58076410 23.894050
-Trial 721 0 58076410 23.901783
-Trial 722 0 58076410 23.902539
-Trial 723 0 58076410 23.932180
-Trial 724 0 58076410 24.143904
-Trial 725 0 58076410 24.145233
-Trial 726 0 58076410 24.146329
-Trial 727 0 58076410 24.151525
-Trial 728 0 58076410 24.152694
* 729: Cost = 0_58073534, Time = 24.07 sec. 
-Trial 729 0 58073534 24.156439
-Trial 730 0 58073534 24.168063
-Trial 731 0 58073534 24.169239
-Trial 732 0 58073534 24.223660
-Trial 733 0 58073534 24.467485
-Trial 734 0 58073534 24.632367
-Trial 735 0 58073534 24.661107
-Trial 736 0 58073534 24.663157
-Trial 737 0 58073534 24.664159
-Trial 738 0 58073534 24.666018
-Trial 739 0 58073534 24.742706
-Trial 740 0 58073534 24.832604
-Trial 741 0 58073534 24.840654
-Trial 742 0 58073534 24.849981
-Trial 743 0 58073534 24.886121
-Trial 744 0 58073534 24.891094
-Trial 745 0 58073534 24.892755
* 746: Cost = 0_58048682, Time = 24.81 sec. 
-Trial 746 0 58048682 24.896441
-Trial 747 0 58048682 24.899321
-Trial 748 0 58048682 24.919179
* 749: Cost = 0_58015228, Time = 24.86 sec. 
-Trial 749 0 58015228 24.939186
-Trial 750 0 58015228 24.939483
-Trial 751 0 58015228 25.004492
-Trial 752 0 58015228 25.008642
-Trial 753 0 58015228 25.009419
-Trial 754 0 58015228 25.023820
* 755: Cost = 0_58011620, Time = 24.97 sec. 
-Trial 755 0 58011620 25.051015
-Trial 756 0 58011620 25.052080
-Trial 757 0 58011620 25.090885
-Trial 758 0 58011620 25.094084
-Trial 759 0 58011620 25.158756
-Trial 760 0 58011620 25.167178
-Trial 761 0 58011620 25.256352
-Trial 762 0 58011620 25.438265
-Trial 763 0 58011620 25.461784
-Trial 764 0 58011620 25.498962
-Trial 765 0 58011620 25.499270
-Trial 766 0 58011620 25.500097
* 767: Cost = 0_57973911, Time = 25.45 sec. 
-Trial 767 0 57973911 25.532144
-Trial 768 0 57973911 25.535945
-Trial 769 0 57973911 25.593746
-Trial 770 0 57973911 25.671786
-Trial 771 0 57973911 25.707088
-Trial 772 0 57973911 25.711048
-Trial 773 0 57973911 25.712070
-Trial 774 0 57973911 25.713301
-Trial 775 0 57973911 25.746737
-Trial 776 0 57973911 25.782290
-Trial 777 0 57973911 25.831068
-Trial 778 0 57973911 25.831493
-Trial 779 0 57973911 25.832069
-Trial 780 0 57973911 25.833205
-Trial 781 0 57973911 25.856645
-Trial 782 0 57973911 25.872749
-Trial 783 0 57973911 26.151136
-Trial 784 0 57973911 26.153053
-Trial 785 0 57973911 26.154969
-Trial 786 0 57973911 26.156471
-Trial 787 0 57973911 26.156729
-Trial 788 0 57973911 26.168125
-Trial 789 0 57973911 26.183303
* 790: Cost = 0_57963045, Time = 26.11 sec. 
-Trial 790 0 57963045 26.192740
-Trial 791 0 57963045 26.366407
-Trial 792 0 57963045 26.366736
-Trial 793 0 57963045 26.371407
-Trial 794 0 57963045 26.423705
-Trial 795 0 57963045 26.601197
-Trial 796 0 57963045 26.646394
-Trial 797 0 57963045 26.653603
-Trial 798 0 57963045 26.689419
-Trial 799 0 57963045 26.700572
-Trial 800 0 57963045 26.714336
-Trial 801 0 57963045 26.715049
-Trial 802 0 57963045 26.765838
-Trial 803 0 57963045 26.876255
-Trial 804 0 57963045 26.883029
-Trial 805 0 57963045 26.907699
-Trial 806 0 57963045 26.934023
-Trial 807 0 57963045 26.934704
-Trial 808 0 57963045 27.102721
-Trial 809 0 57963045 27.104493
-Trial 810 0 57963045 27.110544
* 811: Cost = 0_57897889, Time = 27.04 sec. 
-Trial 811 0 57897889 27.119657
-Trial 812 0 57897889 27.137849
-Trial 813 0 57897889 27.144893
-Trial 814 0 57897889 27.146639
-Trial 815 0 57897889 27.176380
-Trial 816 0 57897889 27.177483
-Trial 817 0 57897889 27.177912
-Trial 818 0 57897889 27.271874
-Trial 819 0 57897889 27.420453
-Trial 820 0 57897889 27.420926
-Trial 821 0 57897889 27.421525
-Trial 822 0 57897889 27.422810
-Trial 823 0 57897889 27.423747
-Trial 824 0 57897889 27.430354
-Trial 825 0 57897889 27.453331
* 826: Cost = 0_57897539, Time = 27.39 sec. 
-Trial 826 0 57897539 27.469479
-Trial 827 0 57897539 27.472370
-Trial 828 0 57897539 27.474970
-Trial 829 0 57897539 27.475611
-Trial 830 0 57897539 27.475892
-Trial 831 0 57897539 27.500096
-Trial 832 0 57897539 27.523146
-Trial 833 0 57897539 27.551764
-Trial 834 0 57897539 27.554765
-Trial 835 0 57897539 27.555049
-Trial 836 0 57897539 27.555944
-Trial 837 0 57897539 27.612462
-Trial 838 0 57897539 27.631647
-Trial 839 0 57897539 27.640629
-Trial 840 0 57897539 27.643018
* 841: Cost = 0_57896356, Time = 27.57 sec. 
-Trial 841 0 57896356 27.654210
-Trial 842 0 57896356 27.655321
-Trial 843 0 57896356 27.701261
-Trial 844 0 57896356 27.708118
-Trial 845 0 57896356 27.718376
-Trial 846 0 57896356 27.832570
-Trial 847 0 57896356 27.868532
* 848: Cost = 0_57776123, Time = 27.83 sec. 
-Trial 848 0 57776123 27.915882
-Trial 849 0 57776123 27.922669
-Trial 850 0 57776123 27.992124
-Trial 851 0 57776123 28.111638
-Trial 852 0 57776123 28.113334
-Trial 853 0 57776123 28.122639
-Trial 854 0 57776123 28.125483
* 855: Cost = 0_57774324, Time = 28.05 sec. 
-Trial 855 0 57774324 28.136349
* 856: Cost = 0_57753635, Time = 28.07 sec. 
-Trial 856 0 57753635 28.156358
* 857: Cost = 0_57753495, Time = 28.09 sec. 
-Trial 857 0 57753495 28.171860
-Trial 858 0 57753495 28.173152
-Trial 859 0 57753495 28.183469
-Trial 860 0 57753495 28.200495
-Trial 861 0 57753495 28.206264
-Trial 862 0 57753495 28.207325
* 863: Cost = 0_57750960, Time = 28.14 sec. 
-Trial 863 0 57750960 28.224511
-Trial 864 0 57750960 28.470864
-Trial 865 0 57750960 28.471774
-Trial 866 0 57750960 28.499140
-Trial 867 0 57750960 28.533731
-Trial 868 0 57750960 28.535120
-Trial 869 0 57750960 28.540253
* 870: Cost = 0_57744157, Time = 28.47 sec. 
-Trial 870 0 57744157 28.555157
-Trial 871 0 57744157 28.602555
-Trial 872 0 57744157 28.757074
-Trial 873 0 57744157 28.829897
-Trial 874 0 57744157 28.832137
* 875: Cost = 0_57743314, Time = 28.77 sec. 
-Trial 875 0 57743314 28.857418
-Trial 876 0 57743314 28.863817
-Trial 877 0 57743314 28.864182
* 878: Cost = 0_57698401, Time = 28.79 sec. 
-Trial 878 0 57698401 28.873678
* 879: Cost = 0_57697725, Time = 28.80 sec. 
-Trial 879 0 57697725 28.885837
-Trial 880 0 57697725 28.983997
-Trial 881 0 57697725 29.056308
-Trial 882 0 57697725 29.060492
-Trial 883 0 57697725 29.061474
-Trial 884 0 57697725 29.230275
-Trial 885 0 57697725 29.238338
-Trial 886 0 57697725 29.240296
-Trial 887 0 57697725 29.241899
-Trial 888 0 57697725 29.250867
-Trial 889 0 57697725 29.253834
-Trial 890 0 57697725 29.255989
-Trial 891 0 57697725 29.333246
-Trial 892 0 57697725 29.333845
-Trial 893 0 57697725 29.337381
-Trial 894 0 57697725 29.337747
-Trial 895 0 57697725 29.345088
-Trial 896 0 57697725 29.466659
-Trial 897 0 57697725 29.469328
-Trial 898 0 57697725 29.470124
-Trial 899 0 57697725 29.470419
-Trial 900 0 57697725 29.474780
-Trial 901 0 57697725 29.475662
-Trial 902 0 57697725 29.475941
-Trial 903 0 57697725 29.488559
-Trial 904 0 57697725 29.580156
-Trial 905 0 57697725 29.582650
-Trial 906 0 57697725 29.635340
-Trial 907 0 57697725 29.647652
* 908: Cost = 0_57694696, Time = 29.57 sec. 
-Trial 908 0 57694696 29.653833
-Trial 909 0 57694696 29.654359
-Trial 910 0 57694696 29.703988
-Trial 911 0 57694696 29.771570
-Trial 912 0 57694696 29.773170
* 913: Cost = 0_57685194, Time = 29.73 sec. 
-Trial 913 0 57685194 29.815282
-Trial 914 0 57685194 29.829219
-Trial 915 0 57685194 29.859248
-Trial 916 0 57685194 29.859904
* 917: Cost = 0_57680668, Time = 29.78 sec. 
-Trial 917 0 57680668 29.863999
-Trial 918 0 57680668 29.865331
* 919: Cost = 0_57633078, Time = 30.07 sec. 
-Trial 919 0 57633078 30.151120
* 920: Cost = 0_57623928, Time = 30.07 sec. 
-Trial 920 0 57623928 30.156583
* 921: Cost = 0_57615486, Time = 30.09 sec. 
-Trial 921 0 57615486 30.175525
-Trial 922 0 57615486 30.229267
* 923: Cost = 0_57599212, Time = 30.17 sec. 
-Trial 923 0 57599212 30.249696
-Trial 924 0 57599212 30.254530
-Trial 925 0 57599212 30.256350
-Trial 926 0 57599212 30.256819
-Trial 927 0 57599212 30.396581
* 928: Cost = 0_57595214, Time = 30.32 sec. 
-Trial 928 0 57595214 30.407764
-Trial 929 0 57595214 30.410164
-Trial 930 0 57595214 30.423672
-Trial 931 0 57595214 30.424846
-Trial 932 0 57595214 30.425103
-Trial 933 0 57595214 30.428460
* 934: Cost = 0_57594311, Time = 30.36 sec. 
-Trial 934 0 57594311 30.439362
-Trial 935 0 57594311 30.446621
* 936: Cost = 0_57561128, Time = 30.40 sec. 
-Trial 936 0 57561128 30.487189
-Trial 937 0 57561128 30.487624
-Trial 938 0 57561128 30.488421
-Trial 939 0 57561128 30.509774
-Trial 940 0 57561128 30.641751
-Trial 941 0 57561128 30.650178
-Trial 942 0 57561128 30.662021
-Trial 943 0 57561128 30.663420
-Trial 944 0 57561128 30.663719
-Trial 945 0 57561128 30.665461
* 946: Cost = 0_57545364, Time = 30.60 sec. 
-Trial 946 0 57545364 30.680587
* 947: Cost = 0_57527129, Time = 30.60 sec. 
-Trial 947 0 57527129 30.683545
-Trial 948 0 57527129 30.686224
-Trial 949 0 57527129 30.714409
-Trial 950 0 57527129 30.715614
-Trial 951 0 57527129 30.716309
-Trial 952 0 57527129 30.720772
-Trial 953 0 57527129 30.838869
-Trial 954 0 57527129 30.839298
-Trial 955 0 57527129 30.845276
-Trial 956 0 57527129 30.849284
-Trial 957 0 57527129 30.852897
-Trial 958 0 57527129 30.908162
-Trial 959 0 57527129 30.912156
* 960: Cost = 0_57516602, Time = 30.90 sec. 
-Trial 960 0 57516602 30.986913
-Trial 961 0 57516602 30.988185
-Trial 962 0 57516602 31.019072
-Trial 963 0 57516602 31.029459
-Trial 964 0 57516602 31.030788
-Trial 965 0 57516602 31.045276
* 966: Cost = 0_57512356, Time = 31.09 sec. 
-Trial 966 0 57512356 31.176242
-Trial 967 0 57512356 31.197213
-Trial 968 0 57512356 31.197624
-Trial 969 0 57512356 31.198546
* 970: Cost = 0_57506135, Time = 31.24 sec. 
-Trial 970 0 57506135 31.327928
-Trial 971 0 57506135 31.484697
-Trial 972 0 57506135 31.551635
-Trial 973 0 57506135 31.558358
-Trial 974 0 57506135 31.562612
-Trial 975 0 57506135 31.567516
-Trial 976 0 57506135 31.568160
-Trial 977 0 57506135 31.571747
-Trial 978 0 57506135 31.586401
-Trial 979 0 57506135 31.605834
-Trial 980 0 57506135 31.607527
* 981: Cost = 0_57434857, Time = 31.54 sec. 
-Trial 981 0 57434857 31.622395
-Trial 982 0 57434857 31.622849
-Trial 983 0 57434857 31.703495
-Trial 984 0 57434857 31.712008
-Trial 985 0 57434857 31.712463
-Trial 986 0 57434857 31.721744
-Trial 987 0 57434857 31.722097
* 988: Cost = 0_57410673, Time = 31.66 sec. 
-Trial 988 0 57410673 31.743375
-Trial 989 0 57410673 31.748432
-Trial 990 0 57410673 31.751598
-Trial 991 0 57410673 31.760385
-Trial 992 0 57410673 31.762869
-Trial 993 0 57410673 31.763427
* 994: Cost = 0_57397521, Time = 31.70 sec. 
-Trial 994 0 57397521 31.780035
-Trial 995 0 57397521 31.795023
-Trial 996 0 57397521 31.795703
-Trial 997 0 57397521 31.796043
* 998: Cost = 0_57391160, Time = 31.74 sec. 
-Trial 998 0 57391160 31.818469
-Trial 999 0 57391160 31.820343
-Trial 1000 0 57391160 31.827867
Population:
  1: 0_57391160
Run 1: Cost = 0_57391160, Time = 31.75 sec. 

Successes/Runs = 0/1 
Cost.min = 57391160, Cost.avg = 57391160.00, Cost.max = 57391160
Gap.min = 0.0000%, Gap.avg = 0.0000%, Gap.max = 0.0000%
Penalty.min = 0, Penalty.avg = 0.00, Penalty.max = 0
Trials.min = 1000, Trials.avg = 1000.0, Trials.max = 1000
Time.min = 31.75 sec., Time.avg = 31.75 sec., Time.max = 31.75 sec.
Time.total = 31.83 sec.
  Size.min = 28, Size.max = 49, Penalty = 0
  Cost.min = 686519, Cost.max = 2398469, Cost.sum = 57391160
Best CVRP solution:
  Cost = 0_57391160
835 914 495 1117 859 1431 746 1024 1128 1011 436 983 545 1347 592 797 1090 612 1479 1523 748 450 707 1467 1239 1004 550 1345 631 1205 256 197 1330 1185 725 1203 1275 1207 1273 594 234 792 854 1450 455 660 1376 1071 472 1459 280 888 1126 1036 200 928 771 1504 1356 668 542 873 1006 515 241 1454 1448 129 208 33 248 1080 796 782 1156 121 1221 892 453 1119 154 360 541 644 1379 1154 1531 929 974 41 264 671 747 34 945 944 934 1257 101 713 1466 1068 382 877 1391 936 153 599 1072 202 1368 448 1222 828 505 16 606 1108 1034 1005 5 23 1204 1514 693 744 1018 1104 567 1054 534 636 28 1265 222 281 412 357 546 583 1118 708 1246 288 1033 1395 403 137 1420 1366 642 829 500 1494 470 650 968 899 666 1081 1427 1060 530 370 443 290 1538 188 1179 776 172 1386 623 503 49 331 438 1429 600 1045 1061 1289 535 1076 655 74 1397 325 759 1180 131 383 1230 1413 213 935 817 485 1152 393 94 1201 1183 813 1046 1387 1496 1050 1522 497 1233 227 1396 323 1342 1184 1277 555 1480 1125 1309 216 405 167 1083 981 1266 87 1278 1464 226 445 646 1197 498 335 780 372 363 223 91 563 1426 180 1351 22 480 680 1224 25 728 1056 1285 491 1529 816 802 949 971 1255 695 836 1122 478 430 883 900 673 629 1074 820 633 1288 1332 622 1314 932 710 910 395 527 21 706 358 963 355 1375 634 869 1349 686 1517 840 1340 1194 540 1267 1190 595 92 1451 738 811 422 361 205 1423 1270 348 1338 995 1229 619 465 38 145 261 611 1355 997 113 624 694 80 307 1319 401 1195 79 1211 1524 1107 304 683 369 13 447 616 196 342 692 533 785 1142 492 1322 1312 543 1457 691 610 350 558 51 95 116 1065 1162 271 273 466 107 1112 468 884 1363 994 1511 662 1174 985 30 48 44 1136 775 742 475 526 397 588 394 1281 803 1134 1399 2 352 1044 27 82 1361 212 702 1308 735 1474 37 47 364 815 81 272 749 993 249 1527 1326 716 843 658 569 1353 61 376 1251 142 737 26 486 158 1106 1088 568 1352 457 672 943 842 1181 203 1227 1124 435 787 916 1038 362 221 117 772 852 1256 1518 1302 868 89 70 83 469 681 752 169 1380 1103 1035 972 76 1489 978 279 678 517 487 187 784 1028 1483 1021 574 1105 1048 284 734 1039 897 1200 920 1422 1262 1336 536 741 927 1516 902 823 171 458 1411 297 136 790 141 864 390 446 1291 283 6 1243 43 326 1306 885 1335 1186 1091 507 754 427 921 860 477 176 844 1503 1301 1305 1097 781 830 1189 979 1085 1296 684 1370 1059 1031 162 557 183 1069 1403 632 36 1425 1008 53 1188 149 712 220 371 917 1415 521 839 14 1163 966 522 73 1510 524 1468 285 432 134 40 1486 72 1303 1176 1445 572 50 404 1082 980 730 1430 59 1381 103 460 880 236 1161 159 1252 597 303 343 1521 656 1409 315 866 552 302 1109 12 1244 964 1337 520 1173 1465 1040 1096 758 368 1372 108 381 1079 1392 853 1111 398 687 778 881 925 1003 109 538 1539 987 1206 590 506 887 1198 1095 793 882 1295 319 898 766 861 1315 1025 270 201 1460 924 870 810 392 875 1435 786 1287 56 130 855 461 1272 1442 637 1436 434 889 1537 857 19 685 602 953 701 549 824 1212 562 640 547 961 317 1475 84 769 198 584 179 240 1062 39 65 10 68 825 570 579 329 181 1026 814 133 659 1519 1371 98 1086 837 523 433 1235 1178 1377 576 1137 501 442 1022 851 1293 410 1202 643 102 1318 431 120 15 1001 940 1014 578 740 1234 135 1492 915 544 1259 1369 300 907 1534 834 1087 1437 1192 1327 217 804 185 838 242 847 1009 946 649 161 332 605 585 951 1172 652 1316 1242 654 1310 727 314 890 312 1000 499 209 1344 489 88 1472 755 984 729 1123 186 9 1530 1260 259 301 1313 762 566 441 276 479 90 1053 1346 1155 75 359 745 1276 123 1382 356 439 337 1452 1488 184 942 733 278 313 1016 1254 1419 122 516 282 1175 31 1502 163 767 1169 104 621 956 561 1228 990 464 665 338 593 1471 1130 266 64 418 1064 1401 192 688 1473 287 29 1153 67 322 724 174 1131 1236 1241 1512 1191 148 351 309 893 560 451 821 229 389 1470 1092 931 253 700 1408 1286 896 919 901 760 206 1196 676 195 1343 237 532 986 378 939 407 160 484 630 1311 1166 1101 1520 905 396 998 115 255 783 1402 528 1385 11 1373 912 1023 1077 794 876 349 564 1133 406 717 437 1453 86 846 1170 1282 1238 254 510 1333 1400 618 950 826 463 1274 1412 696 1513 409 1177 1443 1404 112 1325 353 559 416 402 1307 641 1499 400 35 386 587 452 1078 1116 537 614 1299 324 1501 289 513 384 675 150 757 1093 1358 1058 603 1476 1414 1261 1533 274 750 4 756 626 798 774 1405 330 689 1334 959 291 93 54 388 988 178 751 976 321 625 415 218 867 239 714 55 1456 580 318 906 1341 295 1495 721 58 1432 1066 366 699 456 1508 1498 428 705 849 891 1493 1129 1258 1237 582 258 1145 1012 42 230 151 105 156 399 204 334 1121 1029 293 736 1433 1378 132 967 1144 753 1220 1042 965 1515 1120 1320 471 305 604 1269 250 374 414 1146 1149 1250 286 743 138 1449 1248 238 827 841 1463 607 474 1140 952 874 191 1002 347 770 296 812 481 628 720 894 1232 1010 1505 1374 476 863 1127 703 969 508 669 1216 1393 144 913 1164 426 645 488 1410 168 440 1240 512 960 958 565 1417 970 586 1279 723 504 1098 232 1013 1292 922 1043 1416 247 139 1455 1 233 459 1151 166 722 1328 1434 444 1324 365 417 20 1444 1304 926 577 193 269 573 45 215 339 1113 763 263 1218 992 1383 1231 1428 682 690 1462 609 1507 904 955 408 277 575 1138 941 975 1084 328 858 1073 1209 1141 473 862 96 865 1500 519 514 663 872 1158 1497 1160 1063 3 494 1323 490 1199 833 1247 119 1187 1139 1485 1208 938 608 809 1331 761 164 46 411 1249 78 1535 1032 1440 818 620 795 638 957 1300 1055 1298 933 18 1354 554 1317 1226 509 24 377 715 615 429 454 8 1213 799 316 147 1165 1115 311 1027 1217 1441 571 190 711 1271 66 591 1390 1357 1150 1365 908 1532 948 1245 60 99 664 1047 670 210 1389 425 1049 525 832 954 7 251 1364 57 419 1329 1263 779 182 367 1348 518 1051 257 126 1487 244 1294 235 726 531 1099 462 1528 1215 1057 1193 32 1439 262 387 657 379 373 1438 243 962 118 299 1223 831 310 1482 1421 493 807 777 1070 125 788 140 1089 848 937 175 341 449 617 539 106 791 308 1148 165 375 1280 1526 423 128 173 871 764 819 143 482 265 903 1067 189 225 704 661 63 556 808 719 333 1052 732 306 911 982 647 698 1284 97 1321 1075 529 344 1167 739 1297 345 354 1446 385 346 1525 336 17 391 177 1094 1041 1447 674 999 1283 806 340 989 421 111 598 996 52 228 1147 1388 1017 1019 211 677 909 1210 639 245 923 267 648 467 1350 822 1490 1157 152 1540 1171 801 973 991 1394 709 294 1020 1253 596 1100 1007 1491 773 260 199 69 601 496 1407 1424 502 1478 977 1477 697 1367 581 170 805 878 155 1509 850 895 1458 667 930 1469 800 252 1114 1461 413 268 224 146 1015 1481 380 627 1290 845 1339 1360 635 947 1219 1159 100 548 1037 589 1102 298 1135 214 327 127 551 1506 110 879 789 511 765 77 856 553 1398 768 1268 1225 85 651 114 124 653 613 1484 1418 731 1264 1132 1214 194 886 62 71 1384 320 246 1182 1110 1536 679 1406 292 231 275 1168 219 718 1030 1359 420 1143 483 157 207 1362 424 918 835 
