PARAMETER_FILE = result/cvrp_1500/NeuroLKH_para/51.para
Reading PROBLEM_FILE: "result/cvrp_1500/cvrp/51.cvrp" ... done
ASCENT_CANDIDATES = 50
BACKBONE_TRIALS = 0
BACKTRACKING = NO
# BWTSP =
CANDIDATE_FILE = result/cvrp_1500/candidate/51.txt
CANDIDATE_SET_TYPE = ALPHA
DEPOT = 1
# EDGE_FILE =
EXCESS = 0.000666223
EXTERNAL_SALESMEN = 0
EXTRA_CANDIDATES = 0 
EXTRA_CANDIDATE_SET_TYPE = QUADRANT
GAIN23 = NO
GAIN_CRITERION = YES
INITIAL_PERIOD = 750
INITIAL_STEP_SIZE = 1
INITIAL_TOUR_ALGORITHM = WALK
# INITIAL_TOUR_FILE = 
INITIAL_TOUR_FRACTION = 1.000
# INPUT_TOUR_FILE = 
KICK_TYPE = 4
KICKS = 1
# MAX_BREADTH =
MAKESPAN = NO
MAX_CANDIDATES = 5 
MAX_SWAPS = 0
MAX_TRIALS = 1000
# MERGE_TOUR_FILE =
MOVE_TYPE = 5 SPECIAL
MTSP_MIN_SIZE = 1
MTSP_MAX_SIZE = 1500
# MTSP_SOLUTION_FILE = 
# NONSEQUENTIAL_MOVE_TYPE = 5
# OPTIMUM =
# OUTPUT_TOUR_FILE = 
PATCHING_A = 1 
PATCHING_C = 0 
# PI_FILE = 
POPMUSIC_INITIAL_TOUR = NO
POPMUSIC_MAX_NEIGHBORS = 5
POPMUSIC_SAMPLE_SIZE = 10
POPMUSIC_SOLUTIONS = 50
POPMUSIC_TRIALS = 1
POPULATION_SIZE = 10
PRECISION = 100
PROBLEM_FILE = result/cvrp_1500/cvrp/51.cvrp
RECOMBINATION = IPT
RESTRICTED_SEARCH = YES
RUNS = 1
SALESMEN = 40
SCALE = 1
SEED = 1234
# SINTEF_SOLUTION_FILE = 
STOP_AT_OPTIMUM = YES
SUBGRADIENT = NO
# SUBPROBLEM_SIZE =
# SUBPROBLEM_TOUR_FILE = 
SUBSEQUENT_MOVE_TYPE = 5 SPECIAL
SUBSEQUENT_PATCHING = YES
# TIME_LIMIT =
# TOUR_FILE = 
TRACE_LEVEL = 1
VEHICLES = 40

Reading CANDIDATE_FILE: "result/cvrp_1500/candidate/51.txt" ... done
Lower bound = 28569919.0, Ascent time = 0.03 sec.
Cand.min = 2, Cand.avg = 4.9, Cand.max = 5
Preprocessing time = 0.08 sec.
Reading CANDIDATE_FILE: "result/cvrp_1500/candidate/51.txt" ... done
* 1: Cost = 0_75014815, Time = 1.46 sec. 
-Trial 1 0 75014815 1.545747
* 2: Cost = 0_74953874, Time = 1.47 sec. 
-Trial 2 0 74953874 1.561458
-Trial 3 0 74953874 1.563269
-Trial 4 0 74953874 1.568865
-Trial 5 0 74953874 1.575575
-Trial 6 0 74953874 1.581766
* 7: Cost = 0_73959333, Time = 1.53 sec. 
-Trial 7 0 73959333 1.615755
-Trial 8 0 73959333 1.616449
* 9: Cost = 0_73791664, Time = 1.66 sec. 
-Trial 9 0 73791664 1.750317
* 10: Cost = 0_73789128, Time = 2.07 sec. 
-Trial 10 0 73789128 2.158498
* 11: Cost = 0_72897072, Time = 2.12 sec. 
-Trial 11 0 72897072 2.208212
-Trial 12 0 72897072 2.210283
* 13: Cost = 0_72896437, Time = 2.15 sec. 
-Trial 13 0 72896437 2.242227
-Trial 14 0 72896437 2.242888
-Trial 15 0 72896437 2.383274
-Trial 16 0 72896437 2.445203
* 17: Cost = 0_72846329, Time = 2.36 sec. 
-Trial 17 0 72846329 2.452050
-Trial 18 0 72846329 2.452677
* 19: Cost = 0_72845412, Time = 2.37 sec. 
-Trial 19 0 72845412 2.456081
-Trial 20 0 72845412 2.457393
-Trial 21 0 72845412 2.457930
-Trial 22 0 72845412 2.459223
* 23: Cost = 0_72842254, Time = 2.38 sec. 
-Trial 23 0 72842254 2.464372
* 24: Cost = 0_72780944, Time = 2.38 sec. 
-Trial 24 0 72780944 2.468824
* 25: Cost = 0_72658306, Time = 2.39 sec. 
-Trial 25 0 72658306 2.475529
* 26: Cost = 0_72038608, Time = 2.49 sec. 
-Trial 26 0 72038608 2.577795
* 27: Cost = 0_72033089, Time = 2.51 sec. 
-Trial 27 0 72033089 2.595738
-Trial 28 0 72033089 2.596195
* 29: Cost = 0_71970238, Time = 2.52 sec. 
-Trial 29 0 71970238 2.610887
-Trial 30 0 71970238 2.612474
-Trial 31 0 71970238 2.628889
* 32: Cost = 0_71964341, Time = 2.56 sec. 
-Trial 32 0 71964341 2.644712
-Trial 33 0 71964341 2.654205
-Trial 34 0 71964341 2.655397
* 35: Cost = 0_71684943, Time = 2.58 sec. 
-Trial 35 0 71684943 2.670727
-Trial 36 0 71684943 2.671188
-Trial 37 0 71684943 2.671638
* 38: Cost = 0_71521950, Time = 2.63 sec. 
-Trial 38 0 71521950 2.714274
-Trial 39 0 71521950 2.715873
* 40: Cost = 0_71287746, Time = 2.63 sec. 
-Trial 40 0 71287746 2.722780
-Trial 41 0 71287746 2.723884
* 42: Cost = 0_71195440, Time = 2.76 sec. 
-Trial 42 0 71195440 2.850836
* 43: Cost = 0_70976850, Time = 2.78 sec. 
-Trial 43 0 70976850 2.872185
-Trial 44 0 70976850 2.874937
* 45: Cost = 0_70944208, Time = 2.79 sec. 
-Trial 45 0 70944208 2.879215
* 46: Cost = 0_70614642, Time = 2.82 sec. 
-Trial 46 0 70614642 2.908794
-Trial 47 0 70614642 2.919322
* 48: Cost = 0_70534328, Time = 2.85 sec. 
-Trial 48 0 70534328 2.937802
* 49: Cost = 0_70519086, Time = 2.85 sec. 
-Trial 49 0 70519086 2.942998
-Trial 50 0 70519086 2.963486
-Trial 51 0 70519086 2.965887
* 52: Cost = 0_70210399, Time = 2.89 sec. 
-Trial 52 0 70210399 2.981886
-Trial 53 0 70210399 2.982329
* 54: Cost = 0_70137672, Time = 2.90 sec. 
-Trial 54 0 70137672 2.988559
-Trial 55 0 70137672 3.012939
-Trial 56 0 70137672 3.020150
-Trial 57 0 70137672 3.020507
* 58: Cost = 0_70106456, Time = 2.94 sec. 
-Trial 58 0 70106456 3.033212
-Trial 59 0 70106456 3.033547
-Trial 60 0 70106456 3.034740
-Trial 61 0 70106456 3.035451
-Trial 62 0 70106456 3.036265
-Trial 63 0 70106456 3.037574
-Trial 64 0 70106456 3.038846
* 65: Cost = 0_69907189, Time = 2.97 sec. 
-Trial 65 0 69907189 3.055567
* 66: Cost = 0_69870032, Time = 2.97 sec. 
-Trial 66 0 69870032 3.062981
* 67: Cost = 0_69637236, Time = 3.00 sec. 
-Trial 67 0 69637236 3.089669
-Trial 68 0 69637236 3.090317
-Trial 69 0 69637236 3.095741
* 70: Cost = 0_69611283, Time = 3.03 sec. 
-Trial 70 0 69611283 3.114006
-Trial 71 0 69611283 3.116366
-Trial 72 0 69611283 3.123510
-Trial 73 0 69611283 3.126399
-Trial 74 0 69611283 3.186604
-Trial 75 0 69611283 3.204930
-Trial 76 0 69611283 3.205841
* 77: Cost = 0_69551181, Time = 3.12 sec. 
-Trial 77 0 69551181 3.212791
-Trial 78 0 69551181 3.224801
-Trial 79 0 69551181 3.225764
-Trial 80 0 69551181 3.243781
-Trial 81 0 69551181 3.248780
-Trial 82 0 69551181 3.250173
* 83: Cost = 0_69522764, Time = 3.17 sec. 
-Trial 83 0 69522764 3.258174
* 84: Cost = 0_69521493, Time = 3.24 sec. 
-Trial 84 0 69521493 3.327395
* 85: Cost = 0_69378426, Time = 3.46 sec. 
-Trial 85 0 69378426 3.546314
* 86: Cost = 0_69351735, Time = 3.47 sec. 
-Trial 86 0 69351735 3.554695
* 87: Cost = 0_69238725, Time = 3.54 sec. 
-Trial 87 0 69238725 3.632884
* 88: Cost = 0_69120847, Time = 3.57 sec. 
-Trial 88 0 69120847 3.660274
-Trial 89 0 69120847 3.661428
-Trial 90 0 69120847 3.662829
* 91: Cost = 0_69102476, Time = 3.58 sec. 
-Trial 91 0 69102476 3.671659
-Trial 92 0 69102476 3.673593
-Trial 93 0 69102476 3.674010
-Trial 94 0 69102476 3.715483
-Trial 95 0 69102476 3.716963
-Trial 96 0 69102476 3.717406
-Trial 97 0 69102476 3.731101
-Trial 98 0 69102476 3.731408
-Trial 99 0 69102476 3.733141
-Trial 100 0 69102476 3.877333
* 101: Cost = 0_68890220, Time = 3.80 sec. 
-Trial 101 0 68890220 3.890616
-Trial 102 0 68890220 3.891376
-Trial 103 0 68890220 3.893218
-Trial 104 0 68890220 3.899258
-Trial 105 0 68890220 3.901924
-Trial 106 0 68890220 3.948015
* 107: Cost = 0_68889044, Time = 3.86 sec. 
-Trial 107 0 68889044 3.950922
-Trial 108 0 68889044 3.953397
-Trial 109 0 68889044 3.954298
-Trial 110 0 68889044 3.955458
-Trial 111 0 68889044 3.994297
* 112: Cost = 0_68881509, Time = 3.91 sec. 
-Trial 112 0 68881509 4.003644
-Trial 113 0 68881509 4.009121
-Trial 114 0 68881509 4.035263
* 115: Cost = 0_68870664, Time = 3.96 sec. 
-Trial 115 0 68870664 4.052659
* 116: Cost = 0_68839988, Time = 4.01 sec. 
-Trial 116 0 68839988 4.097994
-Trial 117 0 68839988 4.099886
-Trial 118 0 68839988 4.100434
-Trial 119 0 68839988 4.101362
* 120: Cost = 0_68837564, Time = 4.02 sec. 
-Trial 120 0 68837564 4.104615
-Trial 121 0 68837564 4.118697
-Trial 122 0 68837564 4.119653
* 123: Cost = 0_68818891, Time = 4.04 sec. 
-Trial 123 0 68818891 4.131283
-Trial 124 0 68818891 4.132926
-Trial 125 0 68818891 4.138674
-Trial 126 0 68818891 4.183698
-Trial 127 0 68818891 4.191263
-Trial 128 0 68818891 4.192364
-Trial 129 0 68818891 4.193844
* 130: Cost = 0_68683193, Time = 4.19 sec. 
-Trial 130 0 68683193 4.277226
* 131: Cost = 0_68617567, Time = 4.20 sec. 
-Trial 131 0 68617567 4.284362
-Trial 132 0 68617567 4.285542
-Trial 133 0 68617567 4.286274
-Trial 134 0 68617567 4.287877
-Trial 135 0 68617567 4.288129
-Trial 136 0 68617567 4.291399
-Trial 137 0 68617567 4.291847
-Trial 138 0 68617567 4.299980
-Trial 139 0 68617567 4.692617
* 140: Cost = 0_68616823, Time = 4.61 sec. 
-Trial 140 0 68616823 4.698571
* 141: Cost = 0_68615367, Time = 4.61 sec. 
-Trial 141 0 68615367 4.702730
-Trial 142 0 68615367 4.703038
-Trial 143 0 68615367 4.707878
-Trial 144 0 68615367 4.708222
* 145: Cost = 0_68593055, Time = 4.65 sec. 
-Trial 145 0 68593055 4.735051
-Trial 146 0 68593055 4.746108
* 147: Cost = 0_68576045, Time = 4.66 sec. 
-Trial 147 0 68576045 4.753186
-Trial 148 0 68576045 4.762082
-Trial 149 0 68576045 4.771509
-Trial 150 0 68576045 4.840422
-Trial 151 0 68576045 5.475994
* 152: Cost = 0_68556780, Time = 5.40 sec. 
-Trial 152 0 68556780 5.490323
-Trial 153 0 68556780 5.492021
* 154: Cost = 0_68555750, Time = 5.41 sec. 
-Trial 154 0 68555750 5.501145
-Trial 155 0 68555750 5.536783
-Trial 156 0 68555750 5.555510
-Trial 157 0 68555750 5.556303
-Trial 158 0 68555750 5.575370
-Trial 159 0 68555750 5.582688
-Trial 160 0 68555750 5.583034
-Trial 161 0 68555750 5.585898
-Trial 162 0 68555750 5.588651
-Trial 163 0 68555750 5.589415
* 164: Cost = 0_68549907, Time = 5.52 sec. 
-Trial 164 0 68549907 5.610949
-Trial 165 0 68549907 5.612773
-Trial 166 0 68549907 5.614054
-Trial 167 0 68549907 5.616482
-Trial 168 0 68549907 5.670447
-Trial 169 0 68549907 5.675959
-Trial 170 0 68549907 5.702862
-Trial 171 0 68549907 5.709254
-Trial 172 0 68549907 5.764529
-Trial 173 0 68549907 5.774194
-Trial 174 0 68549907 5.776916
-Trial 175 0 68549907 5.786687
-Trial 176 0 68549907 5.787150
-Trial 177 0 68549907 5.788080
-Trial 178 0 68549907 5.972969
-Trial 179 0 68549907 6.229781
-Trial 180 0 68549907 6.231240
* 181: Cost = 0_68525763, Time = 6.18 sec. 
-Trial 181 0 68525763 6.272156
-Trial 182 0 68525763 6.296393
-Trial 183 0 68525763 6.309883
-Trial 184 0 68525763 6.310952
-Trial 185 0 68525763 6.314091
-Trial 186 0 68525763 6.350138
* 187: Cost = 0_68521126, Time = 6.28 sec. 
-Trial 187 0 68521126 6.367540
-Trial 188 0 68521126 6.373441
-Trial 189 0 68521126 6.391159
-Trial 190 0 68521126 6.391690
* 191: Cost = 0_68515718, Time = 6.31 sec. 
-Trial 191 0 68515718 6.397686
-Trial 192 0 68515718 6.403945
-Trial 193 0 68515718 6.409043
-Trial 194 0 68515718 6.413212
-Trial 195 0 68515718 6.431493
-Trial 196 0 68515718 6.436883
-Trial 197 0 68515718 6.453845
-Trial 198 0 68515718 6.455307
* 199: Cost = 0_68497800, Time = 6.42 sec. 
-Trial 199 0 68497800 6.511120
-Trial 200 0 68497800 6.512565
-Trial 201 0 68497800 6.919816
-Trial 202 0 68497800 6.920108
* 203: Cost = 0_68493801, Time = 6.84 sec. 
-Trial 203 0 68493801 6.927106
-Trial 204 0 68493801 6.929705
-Trial 205 0 68493801 6.934021
* 206: Cost = 0_68477457, Time = 6.86 sec. 
-Trial 206 0 68477457 6.943910
-Trial 207 0 68477457 6.956042
* 208: Cost = 0_68394844, Time = 6.90 sec. 
-Trial 208 0 68394844 6.987429
-Trial 209 0 68394844 7.155337
* 210: Cost = 0_68373779, Time = 7.09 sec. 
-Trial 210 0 68373779 7.176410
-Trial 211 0 68373779 7.177675
* 212: Cost = 0_68268804, Time = 7.11 sec. 
-Trial 212 0 68268804 7.195631
-Trial 213 0 68268804 7.196936
-Trial 214 0 68268804 7.198710
-Trial 215 0 68268804 7.199523
-Trial 216 0 68268804 7.205284
* 217: Cost = 0_68262578, Time = 7.12 sec. 
-Trial 217 0 68262578 7.212017
-Trial 218 0 68262578 7.213553
-Trial 219 0 68262578 7.217762
-Trial 220 0 68262578 7.219348
* 221: Cost = 0_68205041, Time = 7.14 sec. 
-Trial 221 0 68205041 7.232603
* 222: Cost = 0_68173254, Time = 7.17 sec. 
-Trial 222 0 68173254 7.257579
* 223: Cost = 0_68145322, Time = 7.19 sec. 
-Trial 223 0 68145322 7.282973
-Trial 224 0 68145322 7.348535
* 225: Cost = 0_68099510, Time = 7.29 sec. 
-Trial 225 0 68099510 7.379050
* 226: Cost = 0_68088934, Time = 7.32 sec. 
-Trial 226 0 68088934 7.407203
-Trial 227 0 68088934 7.407703
-Trial 228 0 68088934 7.410322
-Trial 229 0 68088934 7.441763
* 230: Cost = 0_68022012, Time = 7.38 sec. 
-Trial 230 0 68022012 7.464447
-Trial 231 0 68022012 7.468239
-Trial 232 0 68022012 7.522529
-Trial 233 0 68022012 7.525908
-Trial 234 0 68022012 7.526451
-Trial 235 0 68022012 7.530681
-Trial 236 0 68022012 7.531203
-Trial 237 0 68022012 7.538717
-Trial 238 0 68022012 7.541655
-Trial 239 0 68022012 7.547671
* 240: Cost = 0_68019855, Time = 7.47 sec. 
-Trial 240 0 68019855 7.558344
-Trial 241 0 68019855 7.588551
-Trial 242 0 68019855 7.594460
-Trial 243 0 68019855 7.596442
-Trial 244 0 68019855 7.602073
-Trial 245 0 68019855 7.608214
-Trial 246 0 68019855 7.611544
* 247: Cost = 0_68005295, Time = 7.53 sec. 
-Trial 247 0 68005295 7.617992
-Trial 248 0 68005295 7.618375
-Trial 249 0 68005295 7.618847
* 250: Cost = 0_67978289, Time = 7.54 sec. 
-Trial 250 0 67978289 7.631673
* 251: Cost = 0_67968872, Time = 7.59 sec. 
-Trial 251 0 67968872 7.680222
* 252: Cost = 0_67930066, Time = 7.62 sec. 
-Trial 252 0 67930066 7.706350
-Trial 253 0 67930066 7.709420
-Trial 254 0 67930066 7.739308
-Trial 255 0 67930066 7.740665
* 256: Cost = 0_67922824, Time = 7.66 sec. 
-Trial 256 0 67922824 7.747909
-Trial 257 0 67922824 7.755291
-Trial 258 0 67922824 7.758238
* 259: Cost = 0_67868157, Time = 7.77 sec. 
-Trial 259 0 67868157 7.862567
-Trial 260 0 67868157 7.863410
* 261: Cost = 0_67865029, Time = 7.78 sec. 
-Trial 261 0 67865029 7.872407
-Trial 262 0 67865029 7.873100
-Trial 263 0 67865029 7.876270
-Trial 264 0 67865029 7.891449
-Trial 265 0 67865029 7.892115
* 266: Cost = 0_67843779, Time = 7.82 sec. 
-Trial 266 0 67843779 7.904684
-Trial 267 0 67843779 7.915963
-Trial 268 0 67843779 7.923303
-Trial 269 0 67843779 7.924172
-Trial 270 0 67843779 7.937351
-Trial 271 0 67843779 7.937732
-Trial 272 0 67843779 7.948949
-Trial 273 0 67843779 7.957691
-Trial 274 0 67843779 7.971736
-Trial 275 0 67843779 7.972611
-Trial 276 0 67843779 7.973076
-Trial 277 0 67843779 7.974691
-Trial 278 0 67843779 7.999598
-Trial 279 0 67843779 8.004642
-Trial 280 0 67843779 8.065692
-Trial 281 0 67843779 8.067332
-Trial 282 0 67843779 8.072321
-Trial 283 0 67843779 8.072759
-Trial 284 0 67843779 8.074473
-Trial 285 0 67843779 8.082705
-Trial 286 0 67843779 8.083591
-Trial 287 0 67843779 8.087606
-Trial 288 0 67843779 8.090879
-Trial 289 0 67843779 8.092233
-Trial 290 0 67843779 8.092489
-Trial 291 0 67843779 8.112517
-Trial 292 0 67843779 8.126907
* 293: Cost = 0_67830537, Time = 8.05 sec. 
-Trial 293 0 67830537 8.141803
-Trial 294 0 67830537 8.593914
-Trial 295 0 67830537 8.595081
* 296: Cost = 0_67826257, Time = 8.52 sec. 
-Trial 296 0 67826257 8.611494
* 297: Cost = 0_67821316, Time = 8.53 sec. 
-Trial 297 0 67821316 8.615437
-Trial 298 0 67821316 8.629401
-Trial 299 0 67821316 8.634683
* 300: Cost = 0_67811611, Time = 8.56 sec. 
-Trial 300 0 67811611 8.649147
* 301: Cost = 0_67790876, Time = 8.57 sec. 
-Trial 301 0 67790876 8.662756
-Trial 302 0 67790876 8.667887
-Trial 303 0 67790876 8.671503
-Trial 304 0 67790876 8.698198
-Trial 305 0 67790876 8.698693
-Trial 306 0 67790876 8.699745
-Trial 307 0 67790876 8.706808
* 308: Cost = 0_67731626, Time = 8.63 sec. 
-Trial 308 0 67731626 8.718173
-Trial 309 0 67731626 8.730883
-Trial 310 0 67731626 8.736584
-Trial 311 0 67731626 8.755829
-Trial 312 0 67731626 8.756096
-Trial 313 0 67731626 8.771360
-Trial 314 0 67731626 8.786338
-Trial 315 0 67731626 8.788103
-Trial 316 0 67731626 8.788671
-Trial 317 0 67731626 8.789171
-Trial 318 0 67731626 8.806307
-Trial 319 0 67731626 8.840205
-Trial 320 0 67731626 8.840630
-Trial 321 0 67731626 8.849065
-Trial 322 0 67731626 8.851417
-Trial 323 0 67731626 8.868535
-Trial 324 0 67731626 8.869850
-Trial 325 0 67731626 8.871270
-Trial 326 0 67731626 8.904330
-Trial 327 0 67731626 8.940651
-Trial 328 0 67731626 8.942172
* 329: Cost = 0_67708163, Time = 8.89 sec. 
-Trial 329 0 67708163 8.979864
-Trial 330 0 67708163 8.980160
-Trial 331 0 67708163 9.058715
-Trial 332 0 67708163 9.079736
-Trial 333 0 67708163 9.080212
-Trial 334 0 67708163 9.090244
-Trial 335 0 67708163 9.094313
-Trial 336 0 67708163 9.095311
-Trial 337 0 67708163 9.096386
* 338: Cost = 0_67687840, Time = 9.08 sec. 
-Trial 338 0 67687840 9.172136
-Trial 339 0 67687840 9.179537
-Trial 340 0 67687840 9.212824
-Trial 341 0 67687840 9.213090
-Trial 342 0 67687840 9.576919
-Trial 343 0 67687840 9.585036
* 344: Cost = 0_67685418, Time = 9.50 sec. 
-Trial 344 0 67685418 9.589066
-Trial 345 0 67685418 9.590537
-Trial 346 0 67685418 9.593633
-Trial 347 0 67685418 9.599024
-Trial 348 0 67685418 9.600174
-Trial 349 0 67685418 9.620458
* 350: Cost = 0_67666041, Time = 9.55 sec. 
-Trial 350 0 67666041 9.641449
-Trial 351 0 67666041 9.646082
-Trial 352 0 67666041 9.648672
* 353: Cost = 0_67651248, Time = 9.57 sec. 
-Trial 353 0 67651248 9.660808
-Trial 354 0 67651248 9.832658
* 355: Cost = 0_67642160, Time = 9.75 sec. 
-Trial 355 0 67642160 9.841389
* 356: Cost = 0_67636481, Time = 9.76 sec. 
-Trial 356 0 67636481 9.851877
-Trial 357 0 67636481 9.852421
-Trial 358 0 67636481 9.859224
-Trial 359 0 67636481 9.865483
-Trial 360 0 67636481 9.877432
-Trial 361 0 67636481 9.882730
-Trial 362 0 67636481 9.883283
-Trial 363 0 67636481 9.886162
-Trial 364 0 67636481 9.889567
-Trial 365 0 67636481 10.127506
-Trial 366 0 67636481 10.128190
-Trial 367 0 67636481 10.312788
* 368: Cost = 0_67636095, Time = 10.24 sec. 
-Trial 368 0 67636095 10.330817
-Trial 369 0 67636095 10.332066
-Trial 370 0 67636095 10.346888
-Trial 371 0 67636095 10.351419
-Trial 372 0 67636095 10.356185
-Trial 373 0 67636095 10.359805
-Trial 374 0 67636095 10.393208
-Trial 375 0 67636095 10.416233
* 376: Cost = 0_67635256, Time = 10.34 sec. 
-Trial 376 0 67635256 10.427746
-Trial 377 0 67635256 10.436822
-Trial 378 0 67635256 10.438647
-Trial 379 0 67635256 10.441382
-Trial 380 0 67635256 10.601182
-Trial 381 0 67635256 10.604245
-Trial 382 0 67635256 10.631902
-Trial 383 0 67635256 10.633255
-Trial 384 0 67635256 10.646565
-Trial 385 0 67635256 10.663001
-Trial 386 0 67635256 10.663972
* 387: Cost = 0_67624497, Time = 10.65 sec. 
-Trial 387 0 67624497 10.736915
-Trial 388 0 67624497 10.737219
-Trial 389 0 67624497 10.738490
-Trial 390 0 67624497 10.755732
-Trial 391 0 67624497 10.831420
* 392: Cost = 0_67602868, Time = 10.77 sec. 
-Trial 392 0 67602868 10.858963
-Trial 393 0 67602868 10.859582
-Trial 394 0 67602868 10.884730
-Trial 395 0 67602868 10.885206
-Trial 396 0 67602868 10.889684
-Trial 397 0 67602868 10.892794
-Trial 398 0 67602868 10.898389
-Trial 399 0 67602868 10.909202
-Trial 400 0 67602868 10.911140
-Trial 401 0 67602868 10.914020
-Trial 402 0 67602868 10.914574
-Trial 403 0 67602868 10.921806
-Trial 404 0 67602868 10.928872
-Trial 405 0 67602868 10.929132
-Trial 406 0 67602868 10.949204
-Trial 407 0 67602868 10.949950
-Trial 408 0 67602868 10.950495
-Trial 409 0 67602868 10.954991
-Trial 410 0 67602868 10.973672
-Trial 411 0 67602868 10.977873
-Trial 412 0 67602868 10.979061
-Trial 413 0 67602868 11.011324
* 414: Cost = 0_67400105, Time = 11.08 sec. 
-Trial 414 0 67400105 11.169432
-Trial 415 0 67400105 11.178239
-Trial 416 0 67400105 11.181328
-Trial 417 0 67400105 11.231504
-Trial 418 0 67400105 11.231856
-Trial 419 0 67400105 11.236645
-Trial 420 0 67400105 11.239766
* 421: Cost = 0_67385277, Time = 11.16 sec. 
-Trial 421 0 67385277 11.244186
-Trial 422 0 67385277 11.269154
-Trial 423 0 67385277 11.269509
-Trial 424 0 67385277 11.397107
-Trial 425 0 67385277 11.407677
-Trial 426 0 67385277 11.520182
-Trial 427 0 67385277 11.538885
-Trial 428 0 67385277 11.549741
-Trial 429 0 67385277 11.556694
-Trial 430 0 67385277 11.557101
* 431: Cost = 0_67383953, Time = 11.49 sec. 
-Trial 431 0 67383953 11.579352
-Trial 432 0 67383953 11.587504
-Trial 433 0 67383953 11.716544
-Trial 434 0 67383953 11.717207
-Trial 435 0 67383953 11.737204
-Trial 436 0 67383953 11.738276
-Trial 437 0 67383953 11.740992
-Trial 438 0 67383953 11.768256
-Trial 439 0 67383953 11.835606
-Trial 440 0 67383953 11.848051
* 441: Cost = 0_67377580, Time = 11.77 sec. 
-Trial 441 0 67377580 11.857159
-Trial 442 0 67377580 11.859505
-Trial 443 0 67377580 11.860146
-Trial 444 0 67377580 11.935776
-Trial 445 0 67377580 12.024901
-Trial 446 0 67377580 12.187112
-Trial 447 0 67377580 12.204107
-Trial 448 0 67377580 12.218982
-Trial 449 0 67377580 12.252938
-Trial 450 0 67377580 12.255544
-Trial 451 0 67377580 12.258441
-Trial 452 0 67377580 12.263108
-Trial 453 0 67377580 12.331365
-Trial 454 0 67377580 12.464617
-Trial 455 0 67377580 12.465666
-Trial 456 0 67377580 12.692438
* 457: Cost = 0_67361887, Time = 12.63 sec. 
-Trial 457 0 67361887 12.722588
-Trial 458 0 67361887 12.725750
-Trial 459 0 67361887 12.843629
* 460: Cost = 0_67357873, Time = 12.78 sec. 
-Trial 460 0 67357873 12.870711
-Trial 461 0 67357873 12.904635
-Trial 462 0 67357873 12.905388
-Trial 463 0 67357873 12.932146
* 464: Cost = 0_67347458, Time = 12.88 sec. 
-Trial 464 0 67347458 12.964093
* 465: Cost = 0_67330944, Time = 12.95 sec. 
-Trial 465 0 67330944 13.035343
-Trial 466 0 67330944 13.125424
-Trial 467 0 67330944 13.170386
* 468: Cost = 0_67316660, Time = 13.13 sec. 
-Trial 468 0 67316660 13.222659
-Trial 469 0 67316660 13.223568
-Trial 470 0 67316660 13.296626
* 471: Cost = 0_67311504, Time = 13.22 sec. 
-Trial 471 0 67311504 13.305847
-Trial 472 0 67311504 13.323998
-Trial 473 0 67311504 13.324693
-Trial 474 0 67311504 13.333023
-Trial 475 0 67311504 13.338369
-Trial 476 0 67311504 13.339009
-Trial 477 0 67311504 13.403587
* 478: Cost = 0_67311062, Time = 13.32 sec. 
-Trial 478 0 67311062 13.411740
* 479: Cost = 0_67305500, Time = 13.33 sec. 
-Trial 479 0 67305500 13.418764
-Trial 480 0 67305500 13.465177
-Trial 481 0 67305500 13.585699
-Trial 482 0 67305500 14.347408
-Trial 483 0 67305500 14.348503
-Trial 484 0 67305500 14.355745
-Trial 485 0 67305500 14.368183
-Trial 486 0 67305500 14.370823
-Trial 487 0 67305500 14.406000
-Trial 488 0 67305500 14.410362
-Trial 489 0 67305500 14.474354
-Trial 490 0 67305500 14.742855
-Trial 491 0 67305500 14.743285
-Trial 492 0 67305500 14.743694
-Trial 493 0 67305500 14.802382
-Trial 494 0 67305500 14.808640
-Trial 495 0 67305500 14.809875
-Trial 496 0 67305500 14.827734
-Trial 497 0 67305500 14.830172
-Trial 498 0 67305500 14.837620
-Trial 499 0 67305500 14.838012
-Trial 500 0 67305500 15.601952
-Trial 501 0 67305500 15.604673
* 502: Cost = 0_67302622, Time = 15.52 sec. 
-Trial 502 0 67302622 15.605676
-Trial 503 0 67302622 15.606123
-Trial 504 0 67302622 15.612554
-Trial 505 0 67302622 15.615877
-Trial 506 0 67302622 15.619236
-Trial 507 0 67302622 15.622924
-Trial 508 0 67302622 15.660931
-Trial 509 0 67302622 15.666738
-Trial 510 0 67302622 15.696919
-Trial 511 0 67302622 15.750069
* 512: Cost = 0_67301209, Time = 15.68 sec. 
-Trial 512 0 67301209 15.768881
-Trial 513 0 67301209 15.780038
-Trial 514 0 67301209 15.782252
-Trial 515 0 67301209 15.785254
-Trial 516 0 67301209 15.792083
-Trial 517 0 67301209 15.793782
-Trial 518 0 67301209 15.926842
-Trial 519 0 67301209 15.927556
-Trial 520 0 67301209 15.944738
-Trial 521 0 67301209 15.946170
-Trial 522 0 67301209 15.956777
-Trial 523 0 67301209 16.079877
-Trial 524 0 67301209 16.080400
-Trial 525 0 67301209 16.089427
-Trial 526 0 67301209 16.091642
* 527: Cost = 0_67290328, Time = 16.03 sec. 
-Trial 527 0 67290328 16.115459
-Trial 528 0 67290328 16.131028
-Trial 529 0 67290328 16.160622
-Trial 530 0 67290328 16.163445
-Trial 531 0 67290328 16.164520
-Trial 532 0 67290328 16.178930
-Trial 533 0 67290328 16.234763
-Trial 534 0 67290328 16.235050
-Trial 535 0 67290328 16.273980
-Trial 536 0 67290328 16.295253
-Trial 537 0 67290328 16.364466
-Trial 538 0 67290328 16.365854
-Trial 539 0 67290328 16.367880
-Trial 540 0 67290328 16.379520
-Trial 541 0 67290328 16.386945
-Trial 542 0 67290328 16.387332
-Trial 543 0 67290328 16.479865
* 544: Cost = 0_67286159, Time = 16.49 sec. 
-Trial 544 0 67286159 16.581622
-Trial 545 0 67286159 16.582532
-Trial 546 0 67286159 16.822775
* 547: Cost = 0_67218970, Time = 16.99 sec. 
-Trial 547 0 67218970 17.078162
-Trial 548 0 67218970 17.082173
-Trial 549 0 67218970 17.087797
-Trial 550 0 67218970 17.092937
-Trial 551 0 67218970 17.101055
-Trial 552 0 67218970 17.105931
-Trial 553 0 67218970 17.316729
-Trial 554 0 67218970 17.322800
-Trial 555 0 67218970 17.325546
-Trial 556 0 67218970 17.346021
-Trial 557 0 67218970 17.346484
-Trial 558 0 67218970 17.363931
-Trial 559 0 67218970 17.364606
-Trial 560 0 67218970 17.666707
-Trial 561 0 67218970 18.017712
* 562: Cost = 0_67210181, Time = 17.95 sec. 
-Trial 562 0 67210181 18.034807
-Trial 563 0 67210181 18.036291
-Trial 564 0 67210181 18.296684
-Trial 565 0 67210181 18.298901
-Trial 566 0 67210181 18.300850
-Trial 567 0 67210181 18.325931
-Trial 568 0 67210181 18.327219
-Trial 569 0 67210181 18.329851
-Trial 570 0 67210181 18.334914
-Trial 571 0 67210181 18.337416
-Trial 572 0 67210181 18.373717
-Trial 573 0 67210181 18.374213
-Trial 574 0 67210181 18.377654
-Trial 575 0 67210181 18.514208
-Trial 576 0 67210181 18.517706
-Trial 577 0 67210181 18.525140
-Trial 578 0 67210181 18.525485
-Trial 579 0 67210181 18.534775
-Trial 580 0 67210181 18.545261
-Trial 581 0 67210181 18.546346
* 582: Cost = 0_67201887, Time = 18.46 sec. 
-Trial 582 0 67201887 18.551752
-Trial 583 0 67201887 18.553332
* 584: Cost = 0_67188608, Time = 18.50 sec. 
-Trial 584 0 67188608 18.591599
-Trial 585 0 67188608 18.643968
-Trial 586 0 67188608 18.646682
-Trial 587 0 67188608 18.653824
-Trial 588 0 67188608 18.655648
-Trial 589 0 67188608 18.661508
* 590: Cost = 0_67185976, Time = 18.58 sec. 
-Trial 590 0 67185976 18.664140
-Trial 591 0 67185976 18.665100
-Trial 592 0 67185976 18.666401
-Trial 593 0 67185976 18.667553
-Trial 594 0 67185976 18.671772
* 595: Cost = 0_67170599, Time = 18.60 sec. 
-Trial 595 0 67170599 18.684650
-Trial 596 0 67170599 18.724434
-Trial 597 0 67170599 18.860020
-Trial 598 0 67170599 18.967941
-Trial 599 0 67170599 18.995070
-Trial 600 0 67170599 18.996430
* 601: Cost = 0_67168226, Time = 18.91 sec. 
-Trial 601 0 67168226 19.002755
-Trial 602 0 67168226 19.004206
-Trial 603 0 67168226 19.016439
-Trial 604 0 67168226 19.017359
* 605: Cost = 0_67165631, Time = 18.95 sec. 
-Trial 605 0 67165631 19.036267
* 606: Cost = 0_67164872, Time = 19.00 sec. 
-Trial 606 0 67164872 19.093620
-Trial 607 0 67164872 19.094004
-Trial 608 0 67164872 19.097323
* 609: Cost = 0_67146186, Time = 19.04 sec. 
-Trial 609 0 67146186 19.124297
-Trial 610 0 67146186 19.185133
-Trial 611 0 67146186 19.189149
-Trial 612 0 67146186 19.189481
-Trial 613 0 67146186 19.196361
-Trial 614 0 67146186 19.198915
-Trial 615 0 67146186 19.199817
-Trial 616 0 67146186 19.203553
-Trial 617 0 67146186 19.204155
-Trial 618 0 67146186 19.206726
* 619: Cost = 0_67140648, Time = 19.18 sec. 
-Trial 619 0 67140648 19.263742
-Trial 620 0 67140648 19.265287
-Trial 621 0 67140648 19.266161
-Trial 622 0 67140648 19.266862
-Trial 623 0 67140648 19.299353
-Trial 624 0 67140648 19.310352
-Trial 625 0 67140648 19.311662
-Trial 626 0 67140648 19.313021
-Trial 627 0 67140648 19.313662
* 628: Cost = 0_67114761, Time = 19.25 sec. 
-Trial 628 0 67114761 19.338307
-Trial 629 0 67114761 19.360446
-Trial 630 0 67114761 19.405859
-Trial 631 0 67114761 19.409218
-Trial 632 0 67114761 19.409744
-Trial 633 0 67114761 19.410152
-Trial 634 0 67114761 19.501768
-Trial 635 0 67114761 19.529651
-Trial 636 0 67114761 19.634071
-Trial 637 0 67114761 19.634964
-Trial 638 0 67114761 19.635826
-Trial 639 0 67114761 19.636114
* 640: Cost = 0_67108929, Time = 19.58 sec. 
-Trial 640 0 67108929 19.667048
-Trial 641 0 67108929 19.692197
-Trial 642 0 67108929 19.693763
-Trial 643 0 67108929 19.695228
-Trial 644 0 67108929 19.696536
-Trial 645 0 67108929 19.696813
-Trial 646 0 67108929 19.697992
-Trial 647 0 67108929 19.701401
-Trial 648 0 67108929 19.702195
-Trial 649 0 67108929 19.708275
* 650: Cost = 0_67102102, Time = 19.64 sec. 
-Trial 650 0 67102102 19.730972
-Trial 651 0 67102102 19.731289
-Trial 652 0 67102102 19.734093
-Trial 653 0 67102102 19.734475
-Trial 654 0 67102102 19.735499
-Trial 655 0 67102102 19.740091
-Trial 656 0 67102102 19.746755
-Trial 657 0 67102102 19.776398
-Trial 658 0 67102102 19.801239
-Trial 659 0 67102102 19.823719
-Trial 660 0 67102102 19.877104
-Trial 661 0 67102102 19.881628
-Trial 662 0 67102102 19.881895
-Trial 663 0 67102102 19.883032
-Trial 664 0 67102102 19.883618
-Trial 665 0 67102102 19.883909
-Trial 666 0 67102102 19.915387
-Trial 667 0 67102102 19.923320
-Trial 668 0 67102102 19.923982
-Trial 669 0 67102102 19.946366
-Trial 670 0 67102102 19.947023
-Trial 671 0 67102102 19.989353
-Trial 672 0 67102102 20.054101
-Trial 673 0 67102102 20.056848
-Trial 674 0 67102102 20.057691
-Trial 675 0 67102102 20.058163
-Trial 676 0 67102102 20.107416
-Trial 677 0 67102102 20.107814
-Trial 678 0 67102102 20.123171
* 679: Cost = 0_67072557, Time = 20.09 sec. 
-Trial 679 0 67072557 20.181554
-Trial 680 0 67072557 20.481733
-Trial 681 0 67072557 20.484323
-Trial 682 0 67072557 20.525979
-Trial 683 0 67072557 20.611586
-Trial 684 0 67072557 20.639134
-Trial 685 0 67072557 20.646235
-Trial 686 0 67072557 20.661502
-Trial 687 0 67072557 20.662075
-Trial 688 0 67072557 20.664956
-Trial 689 0 67072557 20.665426
-Trial 690 0 67072557 20.666239
-Trial 691 0 67072557 20.667443
-Trial 692 0 67072557 20.667991
-Trial 693 0 67072557 20.668422
-Trial 694 0 67072557 20.678905
-Trial 695 0 67072557 20.679539
-Trial 696 0 67072557 20.740470
* 697: Cost = 0_67057868, Time = 20.68 sec. 
-Trial 697 0 67057868 20.763867
-Trial 698 0 67057868 20.765787
-Trial 699 0 67057868 20.770759
-Trial 700 0 67057868 20.772049
-Trial 701 0 67057868 20.787035
-Trial 702 0 67057868 20.789847
-Trial 703 0 67057868 20.796492
-Trial 704 0 67057868 20.801827
-Trial 705 0 67057868 20.805291
-Trial 706 0 67057868 20.805568
-Trial 707 0 67057868 20.807145
-Trial 708 0 67057868 20.826213
-Trial 709 0 67057868 20.827878
* 710: Cost = 0_67057093, Time = 20.76 sec. 
-Trial 710 0 67057093 20.848644
-Trial 711 0 67057093 20.849474
-Trial 712 0 67057093 20.850488
-Trial 713 0 67057093 20.879069
-Trial 714 0 67057093 20.994992
-Trial 715 0 67057093 20.995729
-Trial 716 0 67057093 21.607590
-Trial 717 0 67057093 21.631828
-Trial 718 0 67057093 21.633528
-Trial 719 0 67057093 21.634193
-Trial 720 0 67057093 21.638676
-Trial 721 0 67057093 21.648728
-Trial 722 0 67057093 21.649958
* 723: Cost = 0_67055317, Time = 21.57 sec. 
-Trial 723 0 67055317 21.654589
-Trial 724 0 67055317 21.660446
-Trial 725 0 67055317 21.679919
-Trial 726 0 67055317 21.680283
-Trial 727 0 67055317 21.711380
-Trial 728 0 67055317 21.715686
-Trial 729 0 67055317 21.723742
-Trial 730 0 67055317 21.796683
* 731: Cost = 0_67046729, Time = 21.72 sec. 
-Trial 731 0 67046729 21.812312
-Trial 732 0 67046729 21.813360
-Trial 733 0 67046729 21.813668
-Trial 734 0 67046729 21.815882
-Trial 735 0 67046729 21.842473
-Trial 736 0 67046729 21.843010
-Trial 737 0 67046729 21.870258
-Trial 738 0 67046729 21.870696
-Trial 739 0 67046729 21.873200
-Trial 740 0 67046729 21.952895
-Trial 741 0 67046729 21.979319
-Trial 742 0 67046729 21.985485
-Trial 743 0 67046729 21.994878
* 744: Cost = 0_67045111, Time = 21.91 sec. 
-Trial 744 0 67045111 22.001612
-Trial 745 0 67045111 22.073141
-Trial 746 0 67045111 22.086826
-Trial 747 0 67045111 22.089905
-Trial 748 0 67045111 22.091190
-Trial 749 0 67045111 22.268655
-Trial 750 0 67045111 22.291121
-Trial 751 0 67045111 22.358646
-Trial 752 0 67045111 22.359604
-Trial 753 0 67045111 22.360138
-Trial 754 0 67045111 22.360454
-Trial 755 0 67045111 22.417137
-Trial 756 0 67045111 22.419447
-Trial 757 0 67045111 22.421989
-Trial 758 0 67045111 22.436656
-Trial 759 0 67045111 22.526210
-Trial 760 0 67045111 22.531692
-Trial 761 0 67045111 22.532539
-Trial 762 0 67045111 22.534806
-Trial 763 0 67045111 22.664049
-Trial 764 0 67045111 22.665514
-Trial 765 0 67045111 22.667014
-Trial 766 0 67045111 22.667807
-Trial 767 0 67045111 22.668089
-Trial 768 0 67045111 22.668692
-Trial 769 0 67045111 22.676831
* 770: Cost = 0_67043086, Time = 22.59 sec. 
-Trial 770 0 67043086 22.682427
* 771: Cost = 0_67034081, Time = 22.60 sec. 
-Trial 771 0 67034081 22.690672
-Trial 772 0 67034081 22.693615
-Trial 773 0 67034081 22.694125
-Trial 774 0 67034081 22.699301
-Trial 775 0 67034081 22.701417
-Trial 776 0 67034081 22.703818
-Trial 777 0 67034081 22.704966
-Trial 778 0 67034081 22.853391
-Trial 779 0 67034081 22.855387
-Trial 780 0 67034081 22.860723
-Trial 781 0 67034081 22.866383
-Trial 782 0 67034081 22.867379
-Trial 783 0 67034081 22.870384
-Trial 784 0 67034081 22.892474
-Trial 785 0 67034081 22.905900
-Trial 786 0 67034081 22.910407
-Trial 787 0 67034081 22.913522
-Trial 788 0 67034081 22.920247
-Trial 789 0 67034081 22.921490
-Trial 790 0 67034081 22.983538
-Trial 791 0 67034081 22.989044
-Trial 792 0 67034081 22.989517
-Trial 793 0 67034081 22.989773
-Trial 794 0 67034081 22.990703
* 795: Cost = 0_66973711, Time = 22.96 sec. 
-Trial 795 0 66973711 23.049631
-Trial 796 0 66973711 23.051275
-Trial 797 0 66973711 23.051558
-Trial 798 0 66973711 23.052397
* 799: Cost = 0_66968641, Time = 22.99 sec. 
-Trial 799 0 66968641 23.078517
-Trial 800 0 66968641 23.161518
-Trial 801 0 66968641 23.162205
-Trial 802 0 66968641 23.163304
-Trial 803 0 66968641 23.165417
-Trial 804 0 66968641 23.226530
-Trial 805 0 66968641 23.339593
* 806: Cost = 0_66960595, Time = 23.28 sec. 
-Trial 806 0 66960595 23.369958
-Trial 807 0 66960595 23.376490
-Trial 808 0 66960595 23.378079
-Trial 809 0 66960595 23.382475
-Trial 810 0 66960595 23.382825
-Trial 811 0 66960595 23.388290
-Trial 812 0 66960595 23.390405
-Trial 813 0 66960595 23.395742
-Trial 814 0 66960595 23.413977
-Trial 815 0 66960595 23.414430
-Trial 816 0 66960595 23.490337
-Trial 817 0 66960595 23.491962
-Trial 818 0 66960595 23.493996
-Trial 819 0 66960595 23.500857
-Trial 820 0 66960595 23.502452
-Trial 821 0 66960595 23.504239
-Trial 822 0 66960595 23.509880
-Trial 823 0 66960595 23.510707
-Trial 824 0 66960595 23.526386
-Trial 825 0 66960595 23.527730
-Trial 826 0 66960595 23.534762
-Trial 827 0 66960595 23.542937
-Trial 828 0 66960595 23.550002
-Trial 829 0 66960595 23.606182
-Trial 830 0 66960595 23.606816
-Trial 831 0 66960595 23.608882
-Trial 832 0 66960595 23.650980
-Trial 833 0 66960595 23.651615
* 834: Cost = 0_66923545, Time = 23.66 sec. 
-Trial 834 0 66923545 23.752972
* 835: Cost = 0_66911181, Time = 23.70 sec. 
-Trial 835 0 66911181 23.793169
* 836: Cost = 0_66876890, Time = 23.71 sec. 
-Trial 836 0 66876890 23.795508
-Trial 837 0 66876890 23.798534
-Trial 838 0 66876890 23.804557
-Trial 839 0 66876890 23.804949
-Trial 840 0 66876890 23.805833
* 841: Cost = 0_66858279, Time = 23.74 sec. 
-Trial 841 0 66858279 23.829519
-Trial 842 0 66858279 23.860071
-Trial 843 0 66858279 23.864713
-Trial 844 0 66858279 24.158263
-Trial 845 0 66858279 24.158672
-Trial 846 0 66858279 24.159552
* 847: Cost = 0_66857867, Time = 24.08 sec. 
-Trial 847 0 66857867 24.164757
-Trial 848 0 66857867 24.170076
-Trial 849 0 66857867 24.172281
-Trial 850 0 66857867 24.184441
-Trial 851 0 66857867 24.186173
-Trial 852 0 66857867 24.189798
-Trial 853 0 66857867 24.190381
* 854: Cost = 0_66855043, Time = 24.11 sec. 
-Trial 854 0 66855043 24.201279
* 855: Cost = 0_66832927, Time = 24.14 sec. 
-Trial 855 0 66832927 24.226323
-Trial 856 0 66832927 24.237758
-Trial 857 0 66832927 24.311712
-Trial 858 0 66832927 24.315094
* 859: Cost = 0_66830064, Time = 24.24 sec. 
-Trial 859 0 66830064 24.331732
-Trial 860 0 66830064 24.355833
-Trial 861 0 66830064 24.356095
-Trial 862 0 66830064 24.356437
* 863: Cost = 0_66816411, Time = 24.30 sec. 
-Trial 863 0 66816411 24.388086
-Trial 864 0 66816411 24.389160
-Trial 865 0 66816411 24.431375
-Trial 866 0 66816411 24.512476
-Trial 867 0 66816411 24.527197
-Trial 868 0 66816411 24.543895
-Trial 869 0 66816411 24.553025
-Trial 870 0 66816411 24.565560
-Trial 871 0 66816411 24.565944
-Trial 872 0 66816411 24.566955
-Trial 873 0 66816411 24.566989
-Trial 874 0 66816411 24.596949
-Trial 875 0 66816411 24.599436
-Trial 876 0 66816411 24.674273
-Trial 877 0 66816411 24.674795
-Trial 878 0 66816411 24.693350
-Trial 879 0 66816411 24.693632
-Trial 880 0 66816411 24.694057
-Trial 881 0 66816411 24.695145
-Trial 882 0 66816411 24.698826
-Trial 883 0 66816411 24.857237
-Trial 884 0 66816411 25.008169
-Trial 885 0 66816411 25.008843
-Trial 886 0 66816411 25.010259
-Trial 887 0 66816411 25.010624
-Trial 888 0 66816411 25.012327
-Trial 889 0 66816411 25.027156
* 890: Cost = 0_66795780, Time = 24.94 sec. 
-Trial 890 0 66795780 25.030265
-Trial 891 0 66795780 25.030922
* 892: Cost = 0_66784956, Time = 25.01 sec. 
-Trial 892 0 66784956 25.099619
* 893: Cost = 0_66650276, Time = 25.47 sec. 
-Trial 893 0 66650276 25.559282
-Trial 894 0 66650276 25.620160
-Trial 895 0 66650276 25.622910
-Trial 896 0 66650276 25.624210
* 897: Cost = 0_66648757, Time = 25.56 sec. 
-Trial 897 0 66648757 25.646067
-Trial 898 0 66648757 25.646781
-Trial 899 0 66648757 25.818092
-Trial 900 0 66648757 25.894038
-Trial 901 0 66648757 25.894884
-Trial 902 0 66648757 25.895928
-Trial 903 0 66648757 25.907836
-Trial 904 0 66648757 25.987833
-Trial 905 0 66648757 26.110605
-Trial 906 0 66648757 26.170983
-Trial 907 0 66648757 26.171904
-Trial 908 0 66648757 26.172182
* 909: Cost = 0_66645307, Time = 26.09 sec. 
-Trial 909 0 66645307 26.178531
-Trial 910 0 66645307 26.179892
-Trial 911 0 66645307 26.182561
-Trial 912 0 66645307 26.183074
-Trial 913 0 66645307 26.196215
-Trial 914 0 66645307 26.212967
-Trial 915 0 66645307 26.223641
-Trial 916 0 66645307 26.226043
* 917: Cost = 0_66638565, Time = 26.15 sec. 
-Trial 917 0 66638565 26.243293
-Trial 918 0 66638565 26.244532
-Trial 919 0 66638565 26.277017
-Trial 920 0 66638565 26.278233
-Trial 921 0 66638565 26.279894
-Trial 922 0 66638565 26.282853
-Trial 923 0 66638565 26.357580
-Trial 924 0 66638565 26.427845
-Trial 925 0 66638565 26.437437
-Trial 926 0 66638565 26.526622
-Trial 927 0 66638565 26.536817
-Trial 928 0 66638565 26.539359
-Trial 929 0 66638565 26.544830
* 930: Cost = 0_66607217, Time = 26.48 sec. 
-Trial 930 0 66607217 26.568465
-Trial 931 0 66607217 26.570715
-Trial 932 0 66607217 26.578038
* 933: Cost = 0_66606009, Time = 26.50 sec. 
-Trial 933 0 66606009 26.590916
-Trial 934 0 66606009 26.592174
-Trial 935 0 66606009 26.593257
-Trial 936 0 66606009 26.885358
-Trial 937 0 66606009 26.930562
-Trial 938 0 66606009 26.935449
-Trial 939 0 66606009 26.945626
-Trial 940 0 66606009 26.959372
-Trial 941 0 66606009 26.959823
-Trial 942 0 66606009 26.972242
* 943: Cost = 0_66589813, Time = 27.14 sec. 
-Trial 943 0 66589813 27.227641
-Trial 944 0 66589813 27.241684
-Trial 945 0 66589813 27.242166
* 946: Cost = 0_66560931, Time = 27.26 sec. 
-Trial 946 0 66560931 27.346264
-Trial 947 0 66560931 27.347795
-Trial 948 0 66560931 27.348199
-Trial 949 0 66560931 27.447784
-Trial 950 0 66560931 27.475256
-Trial 951 0 66560931 27.491034
-Trial 952 0 66560931 27.536296
-Trial 953 0 66560931 27.536567
-Trial 954 0 66560931 27.570241
-Trial 955 0 66560931 27.579972
-Trial 956 0 66560931 27.583234
-Trial 957 0 66560931 27.587294
-Trial 958 0 66560931 27.614074
-Trial 959 0 66560931 27.619242
-Trial 960 0 66560931 27.619675
-Trial 961 0 66560931 27.676704
-Trial 962 0 66560931 27.680964
-Trial 963 0 66560931 27.731685
* 964: Cost = 0_66553373, Time = 27.66 sec. 
-Trial 964 0 66553373 27.749023
-Trial 965 0 66553373 27.749394
* 966: Cost = 0_66537582, Time = 27.69 sec. 
-Trial 966 0 66537582 27.775490
-Trial 967 0 66537582 27.775870
-Trial 968 0 66537582 27.788684
-Trial 969 0 66537582 27.794538
-Trial 970 0 66537582 27.827299
-Trial 971 0 66537582 27.830704
-Trial 972 0 66537582 27.964178
* 973: Cost = 0_66535754, Time = 27.89 sec. 
-Trial 973 0 66535754 27.977537
* 974: Cost = 0_66518723, Time = 27.90 sec. 
-Trial 974 0 66518723 27.987230
-Trial 975 0 66518723 28.002492
-Trial 976 0 66518723 28.102448
-Trial 977 0 66518723 28.107501
-Trial 978 0 66518723 28.119292
-Trial 979 0 66518723 28.126107
-Trial 980 0 66518723 28.168378
-Trial 981 0 66518723 28.222946
* 982: Cost = 0_66509445, Time = 28.16 sec. 
-Trial 982 0 66509445 28.251573
-Trial 983 0 66509445 28.265082
-Trial 984 0 66509445 28.364775
-Trial 985 0 66509445 28.365565
-Trial 986 0 66509445 28.395625
-Trial 987 0 66509445 28.399554
-Trial 988 0 66509445 28.425222
-Trial 989 0 66509445 28.452689
-Trial 990 0 66509445 28.492984
-Trial 991 0 66509445 28.495095
-Trial 992 0 66509445 28.523350
-Trial 993 0 66509445 28.526432
-Trial 994 0 66509445 28.569464
-Trial 995 0 66509445 28.570927
-Trial 996 0 66509445 28.594825
-Trial 997 0 66509445 29.066059
-Trial 998 0 66509445 29.106066
-Trial 999 0 66509445 29.109573
-Trial 1000 0 66509445 29.134457
Population:
  1: 0_66509445
Run 1: Cost = 0_66509445, Time = 29.05 sec. 

Successes/Runs = 0/1 
Cost.min = 66509445, Cost.avg = 66509445.00, Cost.max = 66509445
Gap.min = 0.0000%, Gap.avg = 0.0000%, Gap.max = 0.0000%
Penalty.min = 0, Penalty.avg = 0.00, Penalty.max = 0
Trials.min = 1000, Trials.avg = 1000.0, Trials.max = 1000
Time.min = 29.05 sec., Time.avg = 29.05 sec., Time.max = 29.05 sec.
Time.total = 29.13 sec.
  Size.min = 27, Size.max = 48, Penalty = 0
  Cost.min = 707342, Cost.max = 2680177, Cost.sum = 66509445
Best CVRP solution:
  Cost = 0_66509445
223 42 771 672 1472 528 668 1470 1223 1494 375 854 519 1375 1274 1199 291 295 702 51 1134 1082 483 869 241 1537 1296 1442 76 306 16 1088 1425 901 1419 953 908 1395 697 145 58 461 79 497 1481 1156 1023 1260 391 1151 286 705 738 227 197 820 1079 148 686 753 583 135 13 537 1153 523 569 968 748 492 958 398 1256 1310 1538 509 101 1350 632 449 132 425 872 269 865 773 1025 541 1261 1337 1458 386 618 247 843 230 1190 1444 15 346 1035 788 1383 838 1167 912 685 591 431 203 46 317 1376 468 1507 1234 552 514 539 692 374 362 1178 842 596 1496 257 1382 832 61 781 526 559 1344 508 36 826 1159 599 520 776 1144 361 1362 29 739 544 482 1435 1098 755 1489 1527 734 1453 1070 713 1063 1288 802 68 1058 174 149 353 85 222 1157 401 646 327 631 219 1232 231 9 749 955 1227 831 970 199 981 1014 592 1008 21 1406 1304 1138 667 366 1534 1195 1033 1003 1229 517 927 1102 1290 74 140 873 1311 918 282 550 616 1197 484 1191 561 767 1405 1012 976 1210 415 1363 1457 41 1180 235 158 563 827 1009 666 19 917 761 1511 994 931 665 1152 747 1282 117 700 1034 14 898 988 565 695 1007 669 1455 359 649 765 1086 1241 308 339 1422 80 1137 1325 511 220 109 1071 1163 404 1475 571 326 161 344 379 1519 1074 1327 1126 1313 216 88 1483 536 450 1136 1378 658 662 267 1451 1396 66 794 390 687 86 1203 81 395 703 1243 991 35 143 657 871 324 159 473 123 1512 1224 1087 1100 1125 421 846 57 190 1104 1479 936 1047 1200 1247 923 307 226 225 670 1113 608 1015 945 1169 805 422 1091 471 1147 1536 1162 53 554 155 1315 1112 1043 803 1139 965 1226 760 479 949 1476 1326 180 605 634 622 70 294 1298 757 17 609 1069 94 165 380 456 1533 364 1347 921 234 1060 1217 573 87 171 835 1002 211 1066 409 628 281 647 864 895 170 1365 676 1187 1291 960 706 853 454 1323 1409 779 712 126 127 1517 1257 818 588 651 97 962 303 549 964 525 3 1416 255 1246 990 491 250 984 209 980 1123 167 221 999 547 1432 1280 1019 1225 542 120 298 1321 1050 191 1388 1532 648 1244 397 1072 1312 160 343 73 32 1155 179 621 1078 459 1320 915 24 1118 312 382 800 185 297 38 2 1351 1240 823 836 1497 507 1077 913 146 485 770 1179 428 590 689 1526 48 1171 515 529 489 1440 1267 407 1270 400 977 814 589 162 1189 114 115 940 43 4 1342 1059 633 896 314 240 1491 156 387 624 1045 638 239 1117 163 228 793 890 691 1099 1514 1021 1207 916 316 1447 1264 816 1357 352 78 883 335 26 1317 502 137 1428 1013 289 784 1314 893 310 661 1381 1464 1449 578 396 1468 875 1055 1293 1010 1130 446 330 360 1252 1469 34 1460 1119 462 1042 284 1528 750 538 1355 654 1011 787 77 128 131 516 891 1251 594 1364 600 1318 1333 1477 639 107 438 888 1284 201 486 1366 91 910 1036 412 463 1459 1371 1 355 777 65 1093 733 1198 979 173 1259 340 795 1424 1057 849 285 892 89 1418 1239 727 236 1426 1116 564 1384 1031 720 1039 54 585 1120 1044 790 1502 1161 1446 351 858 607 1331 837 1212 1065 440 95 75 1461 664 601 1218 1437 615 627 1083 1250 1076 930 783 274 951 570 98 1407 679 950 332 84 1505 277 721 512 1016 341 358 1238 789 490 889 735 606 1177 168 1322 971 973 418 674 369 1427 1495 251 1092 860 839 217 288 429 264 1361 1037 63 966 1431 434 1005 1048 1530 659 724 568 476 1029 103 71 1410 488 1124 436 716 210 1215 119 1305 902 562 1328 900 7 33 840 1430 821 1377 90 762 620 25 1214 1456 764 56 69 791 812 49 1531 122 993 133 772 593 290 1110 273 1445 272 1471 178 1194 742 579 1172 575 1054 711 746 1380 1149 925 868 202 717 1262 756 6 279 1001 1309 737 652 1051 952 1273 1263 399 1400 834 1096 1513 641 448 1480 1465 405 275 911 1448 164 1268 1339 1221 653 1389 1128 807 83 321 1165 212 614 558 443 337 242 535 206 1518 205 1492 598 1255 451 475 975 356 1000 1216 566 1046 1106 37 371 1353 1175 354 311 500 584 848 582 134 1188 496 698 899 445 939 233 136 1506 1332 102 1024 427 1202 1485 144 531 1370 824 368 59 862 1334 229 856 1345 1493 876 1220 743 82 798 1222 933 30 796 556 987 645 1170 1330 452 345 287 139 154 238 1276 944 1193 1523 815 546 478 1420 922 193 1103 715 1022 416 430 880 1386 342 774 1408 1285 935 1053 378 1084 1109 442 997 1121 1478 611 23 266 1352 1101 920 393 176 1230 384 1115 1509 989 323 8 480 1135 683 423 704 548 1300 1206 188 506 521 1168 403 469 684 1272 472 1279 214 804 1049 460 1020 806 625 1094 1108 510 941 1004 1392 260 932 1075 947 106 1028 367 11 1515 1061 467 1498 1341 18 1095 444 656 1316 121 336 1411 857 420 696 504 877 681 50 1303 262 1111 809 419 1417 152 701 1132 524 942 130 906 1360 249 785 1307 985 437 1503 817 1443 487 533 780 1236 455 1340 305 959 866 495 31 453 481 263 385 417 619 1349 116 92 1140 1064 1338 1450 1462 1196 96 1105 402 248 1127 1525 974 1354 435 1164 1482 309 44 466 320 1401 1403 677 1133 1301 313 1306 769 636 1398 181 125 675 982 1254 1433 881 129 1436 1387 189 894 413 1211 111 574 183 722 543 778 141 710 978 1245 1286 1539 919 1265 1150 1434 1277 470 142 1404 729 104 200 207 1441 972 1107 1026 350 580 879 855 1356 996 1329 847 1373 494 786 861 623 754 1454 1452 1343 610 296 1160 1397 198 948 545 383 1271 1516 253 1068 1269 348 730 957 60 1439 1142 12 1183 215 924 709 118 782 493 617 1249 322 766 969 557 433 157 555 740 943 1278 186 27 1085 723 744 1508 884 797 47 553 10 474 172 576 813 293 1393 1040 850 1122 318 655 1297 1415 328 751 464 501 1145 477 458 319 693 365 1540 331 1402 852 799 1335 1324 1412 302 1081 532 278 1266 1463 218 1368 72 292 1369 708 1308 1501 736 1205 1027 637 878 112 373 280 626 1359 1413 714 252 1348 1186 1522 967 642 99 208 1073 1421 1287 597 577 166 998 1281 182 1294 867 505 1184 768 983 1067 874 408 301 660 270 909 1390 905 1488 1499 1176 1379 177 1490 937 1154 956 1173 1143 1006 1521 828 388 603 1231 673 1038 457 258 946 1295 147 334 725 926 810 1242 1213 244 406 775 870 741 1030 671 635 1032 1258 1018 1302 732 299 338 194 581 347 151 1372 688 1504 28 370 530 560 690 1131 1235 441 1283 1474 1394 1292 718 961 527 329 650 110 1374 503 844 1052 52 540 196 138 439 963 237 792 113 447 169 1500 1158 513 680 1535 897 259 1192 93 424 414 349 534 914 62 394 859 851 55 187 45 300 811 465 1367 265 1233 885 604 376 1486 587 315 886 40 184 845 630 153 1319 1204 108 213 499 1228 304 763 830 1529 105 682 1237 1385 1129 934 1080 567 518 954 551 644 1141 39 357 986 1289 256 67 938 432 841 1253 882 1166 640 1391 276 719 5 410 1182 694 1056 283 1510 758 928 1089 801 595 204 572 377 245 707 271 992 1209 1174 612 613 333 1097 1017 1041 602 1219 586 268 1248 254 726 1399 232 1466 150 124 1062 381 678 643 392 1181 699 629 1484 903 1524 1358 175 1429 819 192 20 426 887 498 1423 1146 1148 1473 1114 829 904 389 261 246 195 1438 663 411 929 728 1185 863 1414 1346 243 1208 759 1090 745 100 1299 1467 995 22 1201 833 1336 752 64 1487 1520 808 522 822 363 325 372 825 224 907 1275 731 223 
