PARAMETER_FILE = result/cvrp_1500/NeuroLKH_para/57.para
Reading PROBLEM_FILE: "result/cvrp_1500/cvrp/57.cvrp" ... done
ASCENT_CANDIDATES = 50
BACKBONE_TRIALS = 0
BACKTRACKING = NO
# BWTSP =
CANDIDATE_FILE = result/cvrp_1500/candidate/57.txt
CANDIDATE_SET_TYPE = ALPHA
DEPOT = 1
# EDGE_FILE =
EXCESS = 0.000666223
EXTERNAL_SALESMEN = 0
EXTRA_CANDIDATES = 0 
EXTRA_CANDIDATE_SET_TYPE = QUADRANT
GAIN23 = NO
GAIN_CRITERION = YES
INITIAL_PERIOD = 750
INITIAL_STEP_SIZE = 1
INITIAL_TOUR_ALGORITHM = WALK
# INITIAL_TOUR_FILE = 
INITIAL_TOUR_FRACTION = 1.000
# INPUT_TOUR_FILE = 
KICK_TYPE = 4
KICKS = 1
# MAX_BREADTH =
MAKESPAN = NO
MAX_CANDIDATES = 5 
MAX_SWAPS = 0
MAX_TRIALS = 1000
# MERGE_TOUR_FILE =
MOVE_TYPE = 5 SPECIAL
MTSP_MIN_SIZE = 1
MTSP_MAX_SIZE = 1500
# MTSP_SOLUTION_FILE = 
# NONSEQUENTIAL_MOVE_TYPE = 5
# OPTIMUM =
# OUTPUT_TOUR_FILE = 
PATCHING_A = 1 
PATCHING_C = 0 
# PI_FILE = 
POPMUSIC_INITIAL_TOUR = NO
POPMUSIC_MAX_NEIGHBORS = 5
POPMUSIC_SAMPLE_SIZE = 10
POPMUSIC_SOLUTIONS = 50
POPMUSIC_TRIALS = 1
POPULATION_SIZE = 10
PRECISION = 100
PROBLEM_FILE = result/cvrp_1500/cvrp/57.cvrp
RECOMBINATION = IPT
RESTRICTED_SEARCH = YES
RUNS = 1
SALESMEN = 39
SCALE = 1
SEED = 1234
# SINTEF_SOLUTION_FILE = 
STOP_AT_OPTIMUM = YES
SUBGRADIENT = NO
# SUBPROBLEM_SIZE =
# SUBPROBLEM_TOUR_FILE = 
SUBSEQUENT_MOVE_TYPE = 5 SPECIAL
SUBSEQUENT_PATCHING = YES
# TIME_LIMIT =
# TOUR_FILE = 
TRACE_LEVEL = 1
VEHICLES = 39

Reading CANDIDATE_FILE: "result/cvrp_1500/candidate/57.txt" ... done
Lower bound = 27639826.0, Ascent time = 0.03 sec.
Cand.min = 2, Cand.avg = 4.9, Cand.max = 5
Preprocessing time = 0.08 sec.
Reading CANDIDATE_FILE: "result/cvrp_1500/candidate/57.txt" ... done
* 1: Cost = 0_85457826, Time = 1.76 sec. 
-Trial 1 0 85457826 1.840423
* 2: Cost = 0_84390911, Time = 1.98 sec. 
-Trial 2 0 84390911 2.061766
* 3: Cost = 0_82863062, Time = 2.03 sec. 
-Trial 3 0 82863062 2.113948
-Trial 4 0 82863062 2.114677
* 5: Cost = 0_82837807, Time = 2.09 sec. 
-Trial 5 0 82837807 2.176257
-Trial 6 0 82837807 2.176845
* 7: Cost = 0_82745048, Time = 2.11 sec. 
-Trial 7 0 82745048 2.191548
* 8: Cost = 0_82607344, Time = 2.12 sec. 
-Trial 8 0 82607344 2.199867
-Trial 9 0 82607344 2.200683
* 10: Cost = 0_80741847, Time = 2.18 sec. 
-Trial 10 0 80741847 2.267988
* 11: Cost = 0_80490704, Time = 2.22 sec. 
-Trial 11 0 80490704 2.301987
* 12: Cost = 0_79656444, Time = 2.31 sec. 
-Trial 12 0 79656444 2.395294
* 13: Cost = 0_79306743, Time = 2.39 sec. 
-Trial 13 0 79306743 2.477825
-Trial 14 0 79306743 2.487284
* 15: Cost = 0_78906819, Time = 2.42 sec. 
-Trial 15 0 78906819 2.504095
* 16: Cost = 0_78612167, Time = 2.68 sec. 
-Trial 16 0 78612167 2.763649
* 17: Cost = 0_78181335, Time = 2.76 sec. 
-Trial 17 0 78181335 2.846253
-Trial 18 0 78181335 2.877335
* 19: Cost = 0_78126323, Time = 2.80 sec. 
-Trial 19 0 78126323 2.887791
* 20: Cost = 0_78084164, Time = 2.82 sec. 
-Trial 20 0 78084164 2.905125
* 21: Cost = 0_77937599, Time = 2.97 sec. 
-Trial 21 0 77937599 3.051635
* 22: Cost = 0_77646743, Time = 2.99 sec. 
-Trial 22 0 77646743 3.070889
* 23: Cost = 0_77634361, Time = 3.27 sec. 
-Trial 23 0 77634361 3.352110
-Trial 24 0 77634361 3.570391
-Trial 25 0 77634361 3.625386
* 26: Cost = 0_77471225, Time = 3.57 sec. 
-Trial 26 0 77471225 3.656534
-Trial 27 0 77471225 3.661963
* 28: Cost = 0_77463620, Time = 3.60 sec. 
-Trial 28 0 77463620 3.679445
* 29: Cost = 0_77290174, Time = 3.63 sec. 
-Trial 29 0 77290174 3.715788
* 30: Cost = 0_77211149, Time = 3.70 sec. 
-Trial 30 0 77211149 3.788385
-Trial 31 0 77211149 3.791276
-Trial 32 0 77211149 3.796313
* 33: Cost = 0_77196071, Time = 3.77 sec. 
-Trial 33 0 77196071 3.853020
* 34: Cost = 0_76177065, Time = 3.87 sec. 
-Trial 34 0 76177065 3.952345
-Trial 35 0 76177065 4.153902
* 36: Cost = 0_76096845, Time = 4.11 sec. 
-Trial 36 0 76096845 4.194255
-Trial 37 0 76096845 4.203083
* 38: Cost = 0_76070638, Time = 4.15 sec. 
-Trial 38 0 76070638 4.234820
* 39: Cost = 0_75713111, Time = 4.25 sec. 
-Trial 39 0 75713111 4.337019
-Trial 40 0 75713111 4.657340
-Trial 41 0 75713111 4.687344
-Trial 42 0 75713111 4.694057
-Trial 43 0 75713111 4.698545
* 44: Cost = 0_75379040, Time = 4.74 sec. 
-Trial 44 0 75379040 4.819903
-Trial 45 0 75379040 4.821638
* 46: Cost = 0_75089308, Time = 5.10 sec. 
-Trial 46 0 75089308 5.183684
* 47: Cost = 0_73873932, Time = 5.25 sec. 
-Trial 47 0 73873932 5.334395
* 48: Cost = 0_73438961, Time = 5.52 sec. 
-Trial 48 0 73438961 5.603210
* 49: Cost = 0_73428018, Time = 5.54 sec. 
-Trial 49 0 73428018 5.621057
-Trial 50 0 73428018 5.727038
-Trial 51 0 73428018 5.727370
* 52: Cost = 0_73334984, Time = 5.74 sec. 
-Trial 52 0 73334984 5.826680
* 53: Cost = 0_73282086, Time = 5.91 sec. 
-Trial 53 0 73282086 5.990534
-Trial 54 0 73282086 6.543473
* 55: Cost = 0_73278153, Time = 6.69 sec. 
-Trial 55 0 73278153 6.775805
-Trial 56 0 73278153 6.893236
* 57: Cost = 0_73055149, Time = 6.92 sec. 
-Trial 57 0 73055149 7.003317
* 58: Cost = 0_72772328, Time = 7.01 sec. 
-Trial 58 0 72772328 7.096989
-Trial 59 0 72772328 7.111370
-Trial 60 0 72772328 7.111970
* 61: Cost = 0_72742489, Time = 7.04 sec. 
-Trial 61 0 72742489 7.126111
-Trial 62 0 72742489 7.128892
-Trial 63 0 72742489 7.136569
* 64: Cost = 0_72460028, Time = 7.14 sec. 
-Trial 64 0 72460028 7.223979
* 65: Cost = 0_72444194, Time = 7.16 sec. 
-Trial 65 0 72444194 7.244470
-Trial 66 0 72444194 7.244770
-Trial 67 0 72444194 7.876260
-Trial 68 0 72444194 8.105022
* 69: Cost = 0_72437484, Time = 8.03 sec. 
-Trial 69 0 72437484 8.117465
-Trial 70 0 72437484 8.124211
-Trial 71 0 72437484 8.130686
* 72: Cost = 0_72245625, Time = 8.22 sec. 
-Trial 72 0 72245625 8.306256
* 73: Cost = 0_72169355, Time = 8.41 sec. 
-Trial 73 0 72169355 8.498255
-Trial 74 0 72169355 8.790644
-Trial 75 0 72169355 8.793844
-Trial 76 0 72169355 8.803345
-Trial 77 0 72169355 8.804590
-Trial 78 0 72169355 8.968391
-Trial 79 0 72169355 8.970558
-Trial 80 0 72169355 8.974518
* 81: Cost = 0_72090775, Time = 8.93 sec. 
-Trial 81 0 72090775 9.013045
-Trial 82 0 72090775 9.032138
-Trial 83 0 72090775 9.273472
* 84: Cost = 0_72005848, Time = 9.36 sec. 
-Trial 84 0 72005848 9.446999
-Trial 85 0 72005848 9.448528
-Trial 86 0 72005848 9.462775
-Trial 87 0 72005848 9.463386
* 88: Cost = 0_71992157, Time = 9.38 sec. 
-Trial 88 0 71992157 9.468622
-Trial 89 0 71992157 9.471546
-Trial 90 0 71992157 9.472083
-Trial 91 0 71992157 9.477372
* 92: Cost = 0_71978205, Time = 9.40 sec. 
-Trial 92 0 71978205 9.487303
-Trial 93 0 71978205 9.552681
-Trial 94 0 71978205 9.557108
-Trial 95 0 71978205 9.558535
-Trial 96 0 71978205 9.560366
-Trial 97 0 71978205 9.591411
* 98: Cost = 0_71977763, Time = 9.52 sec. 
-Trial 98 0 71977763 9.608665
-Trial 99 0 71977763 9.610865
* 100: Cost = 0_71910517, Time = 9.56 sec. 
-Trial 100 0 71910517 9.643428
-Trial 101 0 71910517 9.647601
-Trial 102 0 71910517 9.694733
-Trial 103 0 71910517 9.695204
-Trial 104 0 71910517 9.872431
* 105: Cost = 0_71876644, Time = 9.81 sec. 
-Trial 105 0 71876644 9.889658
-Trial 106 0 71876644 10.278773
* 107: Cost = 0_71872581, Time = 10.41 sec. 
-Trial 107 0 71872581 10.494126
-Trial 108 0 71872581 10.504800
-Trial 109 0 71872581 10.518481
-Trial 110 0 71872581 10.518862
-Trial 111 0 71872581 10.522756
-Trial 112 0 71872581 10.584376
-Trial 113 0 71872581 10.591599
* 114: Cost = 0_71869361, Time = 10.72 sec. 
-Trial 114 0 71869361 10.803014
-Trial 115 0 71869361 10.804265
-Trial 116 0 71869361 10.822372
-Trial 117 0 71869361 10.857201
-Trial 118 0 71869361 10.878393
* 119: Cost = 0_71757153, Time = 10.87 sec. 
-Trial 119 0 71757153 10.957680
-Trial 120 0 71757153 10.964955
-Trial 121 0 71757153 10.966604
* 122: Cost = 0_71651330, Time = 11.03 sec. 
-Trial 122 0 71651330 11.111894
-Trial 123 0 71651330 11.113957
-Trial 124 0 71651330 11.126239
-Trial 125 0 71651330 11.140143
-Trial 126 0 71651330 11.142770
* 127: Cost = 0_71586857, Time = 11.08 sec. 
-Trial 127 0 71586857 11.165071
-Trial 128 0 71586857 11.393759
-Trial 129 0 71586857 11.427280
* 130: Cost = 0_71543922, Time = 11.37 sec. 
-Trial 130 0 71543922 11.458813
-Trial 131 0 71543922 11.459479
-Trial 132 0 71543922 11.463260
-Trial 133 0 71543922 11.474350
-Trial 134 0 71543922 11.579748
-Trial 135 0 71543922 11.586112
* 136: Cost = 0_71530166, Time = 11.53 sec. 
-Trial 136 0 71530166 11.609797
-Trial 137 0 71530166 11.655906
-Trial 138 0 71530166 11.662619
* 139: Cost = 0_71323519, Time = 11.71 sec. 
-Trial 139 0 71323519 11.794360
* 140: Cost = 0_71272147, Time = 11.74 sec. 
-Trial 140 0 71272147 11.822634
* 141: Cost = 0_71188320, Time = 11.79 sec. 
-Trial 141 0 71188320 11.870357
* 142: Cost = 0_71120163, Time = 11.88 sec. 
-Trial 142 0 71120163 11.962365
-Trial 143 0 71120163 12.112070
* 144: Cost = 0_70995314, Time = 12.20 sec. 
-Trial 144 0 70995314 12.283453
-Trial 145 0 70995314 12.328494
-Trial 146 0 70995314 12.367869
-Trial 147 0 70995314 13.156543
-Trial 148 0 70995314 13.175617
-Trial 149 0 70995314 13.181169
-Trial 150 0 70995314 13.202705
-Trial 151 0 70995314 13.215265
-Trial 152 0 70995314 13.307397
* 153: Cost = 0_70953068, Time = 13.23 sec. 
-Trial 153 0 70953068 13.312824
-Trial 154 0 70953068 13.371952
-Trial 155 0 70953068 13.372892
-Trial 156 0 70953068 13.650032
-Trial 157 0 70953068 13.887865
-Trial 158 0 70953068 13.916428
-Trial 159 0 70953068 13.918781
-Trial 160 0 70953068 13.921014
-Trial 161 0 70953068 13.957745
-Trial 162 0 70953068 14.014902
-Trial 163 0 70953068 14.015286
-Trial 164 0 70953068 14.141078
-Trial 165 0 70953068 14.653965
-Trial 166 0 70953068 14.654439
-Trial 167 0 70953068 14.670033
-Trial 168 0 70953068 14.672284
-Trial 169 0 70953068 14.676848
-Trial 170 0 70953068 14.677553
-Trial 171 0 70953068 14.678745
-Trial 172 0 70953068 14.679697
-Trial 173 0 70953068 14.682198
* 174: Cost = 0_70947304, Time = 14.60 sec. 
-Trial 174 0 70947304 14.685443
* 175: Cost = 0_70940737, Time = 14.60 sec. 
-Trial 175 0 70940737 14.688840
-Trial 176 0 70940737 15.126647
-Trial 177 0 70940737 15.141700
-Trial 178 0 70940737 15.145876
-Trial 179 0 70940737 15.148429
-Trial 180 0 70940737 15.149632
-Trial 181 0 70940737 15.235454
* 182: Cost = 0_70905527, Time = 15.21 sec. 
-Trial 182 0 70905527 15.294835
-Trial 183 0 70905527 15.408727
-Trial 184 0 70905527 15.427680
-Trial 185 0 70905527 15.815470
-Trial 186 0 70905527 15.844442
-Trial 187 0 70905527 15.864325
-Trial 188 0 70905527 15.877229
* 189: Cost = 0_70902766, Time = 15.81 sec. 
-Trial 189 0 70902766 15.893074
* 190: Cost = 0_70795620, Time = 15.89 sec. 
-Trial 190 0 70795620 15.973648
-Trial 191 0 70795620 15.984352
-Trial 192 0 70795620 15.985183
* 193: Cost = 0_70778943, Time = 15.95 sec. 
-Trial 193 0 70778943 16.036336
-Trial 194 0 70778943 16.037447
-Trial 195 0 70778943 16.037867
* 196: Cost = 0_70778288, Time = 15.96 sec. 
-Trial 196 0 70778288 16.039597
-Trial 197 0 70778288 16.046332
-Trial 198 0 70778288 16.050571
* 199: Cost = 0_70759407, Time = 16.02 sec. 
-Trial 199 0 70759407 16.103914
* 200: Cost = 0_70731434, Time = 16.03 sec. 
-Trial 200 0 70731434 16.113698
-Trial 201 0 70731434 16.121266
-Trial 202 0 70731434 16.132097
-Trial 203 0 70731434 16.572687
-Trial 204 0 70731434 16.583099
-Trial 205 0 70731434 16.684315
-Trial 206 0 70731434 16.697819
-Trial 207 0 70731434 17.147623
-Trial 208 0 70731434 17.159514
* 209: Cost = 0_70696788, Time = 17.16 sec. 
-Trial 209 0 70696788 17.240745
-Trial 210 0 70696788 17.312879
* 211: Cost = 0_70681419, Time = 17.34 sec. 
-Trial 211 0 70681419 17.419414
* 212: Cost = 0_70581682, Time = 17.40 sec. 
-Trial 212 0 70581682 17.483351
* 213: Cost = 0_70561159, Time = 17.41 sec. 
-Trial 213 0 70561159 17.493429
-Trial 214 0 70561159 17.494110
-Trial 215 0 70561159 17.523605
-Trial 216 0 70561159 17.524587
-Trial 217 0 70561159 17.533197
-Trial 218 0 70561159 17.564857
-Trial 219 0 70561159 17.565519
-Trial 220 0 70561159 17.565977
-Trial 221 0 70561159 17.781366
-Trial 222 0 70561159 17.782045
-Trial 223 0 70561159 17.783492
* 224: Cost = 0_70557208, Time = 17.72 sec. 
-Trial 224 0 70557208 17.801407
-Trial 225 0 70557208 17.801991
-Trial 226 0 70557208 17.808698
-Trial 227 0 70557208 17.894194
-Trial 228 0 70557208 17.909137
-Trial 229 0 70557208 17.911178
-Trial 230 0 70557208 17.912691
-Trial 231 0 70557208 17.991657
-Trial 232 0 70557208 18.013070
-Trial 233 0 70557208 18.013336
* 234: Cost = 0_70521917, Time = 17.94 sec. 
-Trial 234 0 70521917 18.020906
-Trial 235 0 70521917 18.097652
-Trial 236 0 70521917 18.098503
-Trial 237 0 70521917 18.100534
-Trial 238 0 70521917 18.223399
-Trial 239 0 70521917 18.230092
-Trial 240 0 70521917 18.251775
-Trial 241 0 70521917 18.252992
* 242: Cost = 0_70513440, Time = 18.19 sec. 
-Trial 242 0 70513440 18.278563
-Trial 243 0 70513440 18.336114
-Trial 244 0 70513440 18.354391
* 245: Cost = 0_70495000, Time = 18.30 sec. 
-Trial 245 0 70495000 18.380501
-Trial 246 0 70495000 18.380987
-Trial 247 0 70495000 18.382091
-Trial 248 0 70495000 18.382600
-Trial 249 0 70495000 18.383795
-Trial 250 0 70495000 18.393322
* 251: Cost = 0_70487555, Time = 18.31 sec. 
-Trial 251 0 70487555 18.397073
* 252: Cost = 0_70388341, Time = 18.71 sec. 
-Trial 252 0 70388341 18.797824
-Trial 253 0 70388341 19.749428
-Trial 254 0 70388341 19.759028
-Trial 255 0 70388341 19.840746
-Trial 256 0 70388341 19.856771
-Trial 257 0 70388341 19.863287
-Trial 258 0 70388341 19.977289
-Trial 259 0 70388341 19.979925
-Trial 260 0 70388341 19.997211
-Trial 261 0 70388341 20.085754
-Trial 262 0 70388341 20.123565
-Trial 263 0 70388341 20.257305
-Trial 264 0 70388341 20.401247
-Trial 265 0 70388341 20.407647
-Trial 266 0 70388341 20.410285
-Trial 267 0 70388341 20.411243
-Trial 268 0 70388341 20.455185
-Trial 269 0 70388341 20.461160
-Trial 270 0 70388341 20.492901
* 271: Cost = 0_70386077, Time = 20.42 sec. 
-Trial 271 0 70386077 20.499631
-Trial 272 0 70386077 20.593788
-Trial 273 0 70386077 20.611208
-Trial 274 0 70386077 20.676941
-Trial 275 0 70386077 20.678472
* 276: Cost = 0_70377990, Time = 20.62 sec. 
-Trial 276 0 70377990 20.704444
-Trial 277 0 70377990 20.705393
-Trial 278 0 70377990 21.055524
-Trial 279 0 70377990 21.056762
-Trial 280 0 70377990 21.093592
-Trial 281 0 70377990 21.105920
* 282: Cost = 0_70350741, Time = 21.03 sec. 
-Trial 282 0 70350741 21.113567
-Trial 283 0 70350741 21.114380
-Trial 284 0 70350741 21.160315
-Trial 285 0 70350741 21.221186
-Trial 286 0 70350741 21.222559
-Trial 287 0 70350741 21.304099
-Trial 288 0 70350741 21.305628
* 289: Cost = 0_70348141, Time = 21.23 sec. 
-Trial 289 0 70348141 21.315131
-Trial 290 0 70348141 21.315557
-Trial 291 0 70348141 21.317311
-Trial 292 0 70348141 21.822248
-Trial 293 0 70348141 21.825959
-Trial 294 0 70348141 21.883962
-Trial 295 0 70348141 21.909449
-Trial 296 0 70348141 21.917408
-Trial 297 0 70348141 21.934452
-Trial 298 0 70348141 21.934959
-Trial 299 0 70348141 21.943101
-Trial 300 0 70348141 21.944434
-Trial 301 0 70348141 21.945759
* 302: Cost = 0_70281772, Time = 21.90 sec. 
-Trial 302 0 70281772 21.987126
-Trial 303 0 70281772 21.987957
* 304: Cost = 0_70281665, Time = 21.91 sec. 
-Trial 304 0 70281665 21.999139
-Trial 305 0 70281665 21.999543
* 306: Cost = 0_70143917, Time = 22.06 sec. 
-Trial 306 0 70143917 22.145394
-Trial 307 0 70143917 22.147321
-Trial 308 0 70143917 22.159737
-Trial 309 0 70143917 22.160206
-Trial 310 0 70143917 22.211616
-Trial 311 0 70143917 22.214023
-Trial 312 0 70143917 22.528493
-Trial 313 0 70143917 22.628573
-Trial 314 0 70143917 22.628933
-Trial 315 0 70143917 22.629248
-Trial 316 0 70143917 22.708119
-Trial 317 0 70143917 22.747689
-Trial 318 0 70143917 22.757790
* 319: Cost = 0_70141670, Time = 22.85 sec. 
-Trial 319 0 70141670 22.934534
* 320: Cost = 0_70075433, Time = 23.21 sec. 
-Trial 320 0 70075433 23.294742
-Trial 321 0 70075433 23.426140
-Trial 322 0 70075433 23.426649
-Trial 323 0 70075433 23.427296
* 324: Cost = 0_70064472, Time = 23.35 sec. 
-Trial 324 0 70064472 23.438554
* 325: Cost = 0_70042748, Time = 23.36 sec. 
-Trial 325 0 70042748 23.445306
-Trial 326 0 70042748 23.450978
-Trial 327 0 70042748 23.459954
* 328: Cost = 0_70039300, Time = 23.42 sec. 
-Trial 328 0 70039300 23.503333
-Trial 329 0 70039300 23.528134
-Trial 330 0 70039300 23.531418
-Trial 331 0 70039300 23.534508
-Trial 332 0 70039300 23.535571
-Trial 333 0 70039300 23.539177
* 334: Cost = 0_69986603, Time = 23.58 sec. 
-Trial 334 0 69986603 23.667088
* 335: Cost = 0_69960289, Time = 23.64 sec. 
-Trial 335 0 69960289 23.722077
-Trial 336 0 69960289 23.723105
* 337: Cost = 0_69841487, Time = 23.65 sec. 
-Trial 337 0 69841487 23.735759
-Trial 338 0 69841487 23.737325
-Trial 339 0 69841487 23.739204
* 340: Cost = 0_69839429, Time = 23.67 sec. 
-Trial 340 0 69839429 23.757645
* 341: Cost = 0_69828561, Time = 23.70 sec. 
-Trial 341 0 69828561 23.780418
-Trial 342 0 69828561 23.782878
-Trial 343 0 69828561 23.928604
-Trial 344 0 69828561 24.099612
-Trial 345 0 69828561 24.324810
-Trial 346 0 69828561 24.325924
-Trial 347 0 69828561 24.329357
-Trial 348 0 69828561 24.334119
-Trial 349 0 69828561 24.335934
* 350: Cost = 0_69827247, Time = 24.25 sec. 
-Trial 350 0 69827247 24.337203
-Trial 351 0 69827247 24.339316
* 352: Cost = 0_69827165, Time = 24.29 sec. 
-Trial 352 0 69827165 24.370311
-Trial 353 0 69827165 24.486861
-Trial 354 0 69827165 24.490387
-Trial 355 0 69827165 24.492644
-Trial 356 0 69827165 24.499038
-Trial 357 0 69827165 24.649776
-Trial 358 0 69827165 24.652231
-Trial 359 0 69827165 24.654180
-Trial 360 0 69827165 24.655541
-Trial 361 0 69827165 24.659744
-Trial 362 0 69827165 24.664165
-Trial 363 0 69827165 24.951742
-Trial 364 0 69827165 24.978604
* 365: Cost = 0_69823748, Time = 24.90 sec. 
-Trial 365 0 69823748 24.984178
-Trial 366 0 69823748 24.996590
-Trial 367 0 69823748 25.036128
* 368: Cost = 0_69822345, Time = 25.07 sec. 
-Trial 368 0 69822345 25.151311
* 369: Cost = 0_69813962, Time = 25.10 sec. 
-Trial 369 0 69813962 25.179285
-Trial 370 0 69813962 25.230389
-Trial 371 0 69813962 25.231434
-Trial 372 0 69813962 25.315979
-Trial 373 0 69813962 25.317120
-Trial 374 0 69813962 25.385538
-Trial 375 0 69813962 25.386104
* 376: Cost = 0_69811178, Time = 25.31 sec. 
-Trial 376 0 69811178 25.395479
-Trial 377 0 69811178 25.412107
* 378: Cost = 0_69714182, Time = 25.39 sec. 
-Trial 378 0 69714182 25.473901
-Trial 379 0 69714182 25.477267
-Trial 380 0 69714182 25.519570
-Trial 381 0 69714182 25.537896
-Trial 382 0 69714182 25.631719
-Trial 383 0 69714182 25.742623
* 384: Cost = 0_69658088, Time = 25.78 sec. 
-Trial 384 0 69658088 25.859440
-Trial 385 0 69658088 25.873005
-Trial 386 0 69658088 25.934624
-Trial 387 0 69658088 25.939991
* 388: Cost = 0_69621405, Time = 25.97 sec. 
-Trial 388 0 69621405 26.059030
* 389: Cost = 0_69615834, Time = 26.02 sec. 
-Trial 389 0 69615834 26.106546
-Trial 390 0 69615834 26.106905
-Trial 391 0 69615834 26.110218
* 392: Cost = 0_69614777, Time = 26.20 sec. 
-Trial 392 0 69614777 26.282670
-Trial 393 0 69614777 26.298267
-Trial 394 0 69614777 26.298868
-Trial 395 0 69614777 26.548649
-Trial 396 0 69614777 26.550171
-Trial 397 0 69614777 27.001318
* 398: Cost = 0_69608118, Time = 26.97 sec. 
-Trial 398 0 69608118 27.057380
-Trial 399 0 69608118 27.196022
-Trial 400 0 69608118 27.201609
-Trial 401 0 69608118 27.256618
-Trial 402 0 69608118 27.306440
* 403: Cost = 0_69550146, Time = 27.23 sec. 
-Trial 403 0 69550146 27.317228
-Trial 404 0 69550146 27.415080
-Trial 405 0 69550146 27.420891
-Trial 406 0 69550146 27.430777
* 407: Cost = 0_69548471, Time = 27.36 sec. 
-Trial 407 0 69548471 27.446991
* 408: Cost = 0_69548113, Time = 27.37 sec. 
-Trial 408 0 69548113 27.452618
-Trial 409 0 69548113 27.454892
-Trial 410 0 69548113 27.463193
-Trial 411 0 69548113 27.464320
-Trial 412 0 69548113 27.464685
* 413: Cost = 0_69536261, Time = 27.41 sec. 
-Trial 413 0 69536261 27.495317
-Trial 414 0 69536261 27.559265
-Trial 415 0 69536261 27.591387
-Trial 416 0 69536261 27.781145
-Trial 417 0 69536261 27.781949
-Trial 418 0 69536261 27.830860
-Trial 419 0 69536261 27.833806
* 420: Cost = 0_69486708, Time = 27.76 sec. 
-Trial 420 0 69486708 27.844698
-Trial 421 0 69486708 27.847337
-Trial 422 0 69486708 27.848906
-Trial 423 0 69486708 27.850006
-Trial 424 0 69486708 27.850715
-Trial 425 0 69486708 27.852708
-Trial 426 0 69486708 28.187764
-Trial 427 0 69486708 28.203866
-Trial 428 0 69486708 28.239600
-Trial 429 0 69486708 28.351582
-Trial 430 0 69486708 28.351851
-Trial 431 0 69486708 28.455658
-Trial 432 0 69486708 28.456213
-Trial 433 0 69486708 28.456943
-Trial 434 0 69486708 28.459069
* 435: Cost = 0_69452693, Time = 28.45 sec. 
-Trial 435 0 69452693 28.535778
-Trial 436 0 69452693 28.536733
-Trial 437 0 69452693 29.181224
-Trial 438 0 69452693 29.181603
-Trial 439 0 69452693 29.225751
-Trial 440 0 69452693 29.240194
-Trial 441 0 69452693 29.371307
-Trial 442 0 69452693 29.371788
* 443: Cost = 0_69441522, Time = 29.32 sec. 
-Trial 443 0 69441522 29.399675
* 444: Cost = 0_69384611, Time = 29.34 sec. 
-Trial 444 0 69384611 29.427286
-Trial 445 0 69384611 29.554053
-Trial 446 0 69384611 29.595098
-Trial 447 0 69384611 29.604902
-Trial 448 0 69384611 29.677070
-Trial 449 0 69384611 29.678093
-Trial 450 0 69384611 29.834453
-Trial 451 0 69384611 29.984200
-Trial 452 0 69384611 29.991619
* 453: Cost = 0_69373456, Time = 29.94 sec. 
-Trial 453 0 69373456 30.023229
-Trial 454 0 69373456 30.172649
-Trial 455 0 69373456 30.585573
-Trial 456 0 69373456 30.589248
* 457: Cost = 0_69363588, Time = 30.51 sec. 
-Trial 457 0 69363588 30.598284
-Trial 458 0 69363588 30.681681
-Trial 459 0 69363588 30.985594
-Trial 460 0 69363588 30.986896
-Trial 461 0 69363588 30.987614
-Trial 462 0 69363588 30.988136
* 463: Cost = 0_69361129, Time = 30.94 sec. 
-Trial 463 0 69361129 31.027354
-Trial 464 0 69361129 31.114885
-Trial 465 0 69361129 31.122135
* 466: Cost = 0_69342516, Time = 31.06 sec. 
-Trial 466 0 69342516 31.146806
-Trial 467 0 69342516 31.147186
-Trial 468 0 69342516 31.159291
-Trial 469 0 69342516 31.176837
-Trial 470 0 69342516 31.177426
-Trial 471 0 69342516 31.204454
-Trial 472 0 69342516 31.235096
-Trial 473 0 69342516 31.245111
* 474: Cost = 0_69341864, Time = 31.19 sec. 
-Trial 474 0 69341864 31.276802
* 475: Cost = 0_69320113, Time = 31.30 sec. 
-Trial 475 0 69320113 31.381259
-Trial 476 0 69320113 31.402211
-Trial 477 0 69320113 31.402528
-Trial 478 0 69320113 31.462086
-Trial 479 0 69320113 31.469192
-Trial 480 0 69320113 31.714415
-Trial 481 0 69320113 31.732539
-Trial 482 0 69320113 31.733462
-Trial 483 0 69320113 31.734258
-Trial 484 0 69320113 31.796176
-Trial 485 0 69320113 31.809134
-Trial 486 0 69320113 31.811568
-Trial 487 0 69320113 31.999487
-Trial 488 0 69320113 32.000362
-Trial 489 0 69320113 32.133387
* 490: Cost = 0_69319135, Time = 32.06 sec. 
-Trial 490 0 69319135 32.149042
-Trial 491 0 69319135 32.164890
-Trial 492 0 69319135 32.165628
-Trial 493 0 69319135 32.167747
-Trial 494 0 69319135 32.174401
-Trial 495 0 69319135 32.315887
-Trial 496 0 69319135 32.569154
-Trial 497 0 69319135 32.575292
-Trial 498 0 69319135 32.745855
* 499: Cost = 0_69298082, Time = 32.76 sec. 
-Trial 499 0 69298082 32.846246
* 500: Cost = 0_69279857, Time = 32.81 sec. 
-Trial 500 0 69279857 32.891645
* 501: Cost = 0_69251923, Time = 32.92 sec. 
-Trial 501 0 69251923 33.002650
-Trial 502 0 69251923 33.037744
-Trial 503 0 69251923 33.047794
* 504: Cost = 0_69221130, Time = 32.97 sec. 
-Trial 504 0 69221130 33.052999
-Trial 505 0 69221130 33.053958
-Trial 506 0 69221130 33.300215
-Trial 507 0 69221130 33.300594
-Trial 508 0 69221130 33.305222
-Trial 509 0 69221130 33.360942
-Trial 510 0 69221130 33.375463
* 511: Cost = 0_69209104, Time = 33.30 sec. 
-Trial 511 0 69209104 33.380234
-Trial 512 0 69209104 33.383479
-Trial 513 0 69209104 33.403026
-Trial 514 0 69209104 33.509299
-Trial 515 0 69209104 33.520033
-Trial 516 0 69209104 33.521942
-Trial 517 0 69209104 33.743347
-Trial 518 0 69209104 33.753100
-Trial 519 0 69209104 33.759268
-Trial 520 0 69209104 33.789850
-Trial 521 0 69209104 33.791257
-Trial 522 0 69209104 33.850498
-Trial 523 0 69209104 33.886545
-Trial 524 0 69209104 33.993424
-Trial 525 0 69209104 34.099335
* 526: Cost = 0_69108397, Time = 34.06 sec. 
-Trial 526 0 69108397 34.148916
-Trial 527 0 69108397 34.165350
-Trial 528 0 69108397 34.190518
-Trial 529 0 69108397 34.200706
-Trial 530 0 69108397 34.202452
-Trial 531 0 69108397 34.223890
-Trial 532 0 69108397 34.269681
-Trial 533 0 69108397 34.274050
-Trial 534 0 69108397 34.339093
* 535: Cost = 0_69069706, Time = 34.27 sec. 
-Trial 535 0 69069706 34.349749
-Trial 536 0 69069706 34.373569
-Trial 537 0 69069706 34.374983
-Trial 538 0 69069706 34.375282
* 539: Cost = 0_68940885, Time = 34.31 sec. 
-Trial 539 0 68940885 34.392907
* 540: Cost = 0_68907240, Time = 34.37 sec. 
-Trial 540 0 68907240 34.454049
-Trial 541 0 68907240 34.545665
* 542: Cost = 0_68906426, Time = 34.50 sec. 
-Trial 542 0 68906426 34.587877
* 543: Cost = 0_68860919, Time = 34.53 sec. 
-Trial 543 0 68860919 34.611494
-Trial 544 0 68860919 34.619234
-Trial 545 0 68860919 34.625023
-Trial 546 0 68860919 34.706087
* 547: Cost = 0_68856003, Time = 34.64 sec. 
-Trial 547 0 68856003 34.723650
-Trial 548 0 68856003 34.724214
-Trial 549 0 68856003 34.728594
* 550: Cost = 0_68853350, Time = 34.74 sec. 
-Trial 550 0 68853350 34.819583
-Trial 551 0 68853350 34.820322
-Trial 552 0 68853350 34.839616
-Trial 553 0 68853350 34.849465
-Trial 554 0 68853350 34.925252
* 555: Cost = 0_68830929, Time = 34.88 sec. 
-Trial 555 0 68830929 34.961377
-Trial 556 0 68830929 34.964198
-Trial 557 0 68830929 34.968645
-Trial 558 0 68830929 35.079301
-Trial 559 0 68830929 35.380352
-Trial 560 0 68830929 35.402646
* 561: Cost = 0_68739913, Time = 35.41 sec. 
-Trial 561 0 68739913 35.492755
-Trial 562 0 68739913 35.556515
-Trial 563 0 68739913 35.690882
-Trial 564 0 68739913 35.719389
-Trial 565 0 68739913 35.721890
-Trial 566 0 68739913 35.748891
-Trial 567 0 68739913 35.907054
-Trial 568 0 68739913 35.913760
-Trial 569 0 68739913 35.915077
-Trial 570 0 68739913 36.157520
-Trial 571 0 68739913 36.158639
-Trial 572 0 68739913 36.160182
-Trial 573 0 68739913 36.161513
-Trial 574 0 68739913 36.482692
-Trial 575 0 68739913 36.575622
-Trial 576 0 68739913 37.349957
* 577: Cost = 0_68734674, Time = 37.29 sec. 
-Trial 577 0 68734674 37.373554
-Trial 578 0 68734674 37.374339
-Trial 579 0 68734674 37.379948
-Trial 580 0 68734674 37.380973
-Trial 581 0 68734674 37.430135
-Trial 582 0 68734674 37.431062
-Trial 583 0 68734674 37.433422
-Trial 584 0 68734674 37.446175
-Trial 585 0 68734674 37.466131
-Trial 586 0 68734674 37.468284
-Trial 587 0 68734674 37.474145
-Trial 588 0 68734674 37.486291
* 589: Cost = 0_68729692, Time = 37.48 sec. 
-Trial 589 0 68729692 37.565906
-Trial 590 0 68729692 37.647546
-Trial 591 0 68729692 37.656426
-Trial 592 0 68729692 37.656705
* 593: Cost = 0_68728248, Time = 37.58 sec. 
-Trial 593 0 68728248 37.666979
-Trial 594 0 68728248 37.668286
-Trial 595 0 68728248 37.670180
-Trial 596 0 68728248 37.670901
-Trial 597 0 68728248 37.724344
-Trial 598 0 68728248 37.738144
-Trial 599 0 68728248 37.743869
* 600: Cost = 0_68720832, Time = 37.67 sec. 
-Trial 600 0 68720832 37.758037
-Trial 601 0 68720832 37.881965
* 602: Cost = 0_68720149, Time = 37.86 sec. 
-Trial 602 0 68720149 37.943021
-Trial 603 0 68720149 37.944068
-Trial 604 0 68720149 37.948102
-Trial 605 0 68720149 37.948718
-Trial 606 0 68720149 37.950266
-Trial 607 0 68720149 37.954434
-Trial 608 0 68720149 37.954704
-Trial 609 0 68720149 37.962720
-Trial 610 0 68720149 37.982316
-Trial 611 0 68720149 38.028055
-Trial 612 0 68720149 38.050931
-Trial 613 0 68720149 38.053841
-Trial 614 0 68720149 38.054721
-Trial 615 0 68720149 38.060967
-Trial 616 0 68720149 38.063732
-Trial 617 0 68720149 38.066517
-Trial 618 0 68720149 38.072095
-Trial 619 0 68720149 38.076996
-Trial 620 0 68720149 38.158952
* 621: Cost = 0_68607460, Time = 38.10 sec. 
-Trial 621 0 68607460 38.179992
-Trial 622 0 68607460 38.204274
-Trial 623 0 68607460 38.222797
-Trial 624 0 68607460 38.229313
-Trial 625 0 68607460 38.265382
-Trial 626 0 68607460 38.265802
-Trial 627 0 68607460 38.282120
-Trial 628 0 68607460 38.288136
-Trial 629 0 68607460 38.311913
-Trial 630 0 68607460 38.326631
-Trial 631 0 68607460 38.493846
-Trial 632 0 68607460 38.494625
-Trial 633 0 68607460 39.658051
-Trial 634 0 68607460 39.667017
-Trial 635 0 68607460 39.668263
-Trial 636 0 68607460 39.678301
-Trial 637 0 68607460 39.965071
-Trial 638 0 68607460 39.990286
* 639: Cost = 0_68604508, Time = 39.91 sec. 
-Trial 639 0 68604508 39.997503
* 640: Cost = 0_68584499, Time = 39.96 sec. 
-Trial 640 0 68584499 40.045145
-Trial 641 0 68584499 40.045516
-Trial 642 0 68584499 40.047868
-Trial 643 0 68584499 40.049141
-Trial 644 0 68584499 40.149173
* 645: Cost = 0_68582155, Time = 40.08 sec. 
-Trial 645 0 68582155 40.167168
-Trial 646 0 68582155 40.183985
-Trial 647 0 68582155 40.208009
-Trial 648 0 68582155 40.209642
* 649: Cost = 0_68577567, Time = 40.14 sec. 
-Trial 649 0 68577567 40.226339
-Trial 650 0 68577567 40.227140
-Trial 651 0 68577567 40.227853
* 652: Cost = 0_68572144, Time = 40.15 sec. 
-Trial 652 0 68572144 40.236954
-Trial 653 0 68572144 40.237919
-Trial 654 0 68572144 40.257719
* 655: Cost = 0_68542837, Time = 40.19 sec. 
-Trial 655 0 68542837 40.271874
-Trial 656 0 68542837 40.518029
-Trial 657 0 68542837 40.528017
-Trial 658 0 68542837 40.541500
-Trial 659 0 68542837 40.910017
-Trial 660 0 68542837 40.911867
-Trial 661 0 68542837 40.913014
-Trial 662 0 68542837 40.920755
-Trial 663 0 68542837 40.940221
-Trial 664 0 68542837 40.981600
-Trial 665 0 68542837 40.997191
-Trial 666 0 68542837 40.998170
-Trial 667 0 68542837 41.080073
-Trial 668 0 68542837 41.309394
-Trial 669 0 68542837 41.464331
-Trial 670 0 68542837 41.467675
* 671: Cost = 0_68537981, Time = 41.43 sec. 
-Trial 671 0 68537981 41.517708
* 672: Cost = 0_68505632, Time = 41.47 sec. 
-Trial 672 0 68505632 41.556307
-Trial 673 0 68505632 41.605289
-Trial 674 0 68505632 41.606002
-Trial 675 0 68505632 41.658839
-Trial 676 0 68505632 41.659173
-Trial 677 0 68505632 41.982782
-Trial 678 0 68505632 41.993809
-Trial 679 0 68505632 42.031052
-Trial 680 0 68505632 42.042012
-Trial 681 0 68505632 42.102784
-Trial 682 0 68505632 42.103648
* 683: Cost = 0_68494362, Time = 42.08 sec. 
-Trial 683 0 68494362 42.165092
-Trial 684 0 68494362 42.166786
-Trial 685 0 68494362 42.221512
-Trial 686 0 68494362 42.224106
-Trial 687 0 68494362 42.225935
-Trial 688 0 68494362 42.242273
-Trial 689 0 68494362 42.244485
-Trial 690 0 68494362 42.338435
-Trial 691 0 68494362 42.536529
-Trial 692 0 68494362 42.540961
-Trial 693 0 68494362 42.541262
-Trial 694 0 68494362 42.601922
-Trial 695 0 68494362 42.716438
-Trial 696 0 68494362 42.718882
* 697: Cost = 0_68482270, Time = 42.68 sec. 
-Trial 697 0 68482270 42.766978
-Trial 698 0 68482270 42.778609
-Trial 699 0 68482270 42.855493
-Trial 700 0 68482270 42.855862
-Trial 701 0 68482270 42.860991
* 702: Cost = 0_68461300, Time = 42.79 sec. 
-Trial 702 0 68461300 42.872074
-Trial 703 0 68461300 42.912060
-Trial 704 0 68461300 43.133919
-Trial 705 0 68461300 43.135068
-Trial 706 0 68461300 43.153883
-Trial 707 0 68461300 43.175415
-Trial 708 0 68461300 43.190292
-Trial 709 0 68461300 43.224353
-Trial 710 0 68461300 43.264448
-Trial 711 0 68461300 43.348015
-Trial 712 0 68461300 43.497516
-Trial 713 0 68461300 43.519529
* 714: Cost = 0_68400374, Time = 43.45 sec. 
-Trial 714 0 68400374 43.534779
-Trial 715 0 68400374 43.535750
-Trial 716 0 68400374 43.540724
-Trial 717 0 68400374 43.541323
* 718: Cost = 0_68374942, Time = 43.46 sec. 
-Trial 718 0 68374942 43.544584
-Trial 719 0 68374942 43.546284
-Trial 720 0 68374942 43.548176
-Trial 721 0 68374942 43.575721
-Trial 722 0 68374942 43.591884
-Trial 723 0 68374942 43.784317
-Trial 724 0 68374942 43.962755
-Trial 725 0 68374942 43.963427
* 726: Cost = 0_68322876, Time = 43.97 sec. 
-Trial 726 0 68322876 44.049352
-Trial 727 0 68322876 44.050226
-Trial 728 0 68322876 44.052661
-Trial 729 0 68322876 44.053827
-Trial 730 0 68322876 44.055184
-Trial 731 0 68322876 44.056493
-Trial 732 0 68322876 44.072359
-Trial 733 0 68322876 44.100061
-Trial 734 0 68322876 44.120899
-Trial 735 0 68322876 44.122146
-Trial 736 0 68322876 44.123706
-Trial 737 0 68322876 44.129303
-Trial 738 0 68322876 44.133531
-Trial 739 0 68322876 44.157450
-Trial 740 0 68322876 44.311514
-Trial 741 0 68322876 44.317712
-Trial 742 0 68322876 44.321673
-Trial 743 0 68322876 44.332733
-Trial 744 0 68322876 44.644487
-Trial 745 0 68322876 44.737826
-Trial 746 0 68322876 45.047771
-Trial 747 0 68322876 45.048217
-Trial 748 0 68322876 45.183233
-Trial 749 0 68322876 45.196107
-Trial 750 0 68322876 45.511364
-Trial 751 0 68322876 45.651982
-Trial 752 0 68322876 46.126581
-Trial 753 0 68322876 46.314691
-Trial 754 0 68322876 46.315496
-Trial 755 0 68322876 46.316414
-Trial 756 0 68322876 46.318283
-Trial 757 0 68322876 46.318858
-Trial 758 0 68322876 46.325492
-Trial 759 0 68322876 46.328502
-Trial 760 0 68322876 46.430352
-Trial 761 0 68322876 46.439064
-Trial 762 0 68322876 46.444742
-Trial 763 0 68322876 46.743183
-Trial 764 0 68322876 46.744276
-Trial 765 0 68322876 46.805882
-Trial 766 0 68322876 46.945075
-Trial 767 0 68322876 46.949067
-Trial 768 0 68322876 46.950007
-Trial 769 0 68322876 46.980730
-Trial 770 0 68322876 47.194643
* 771: Cost = 0_68322233, Time = 47.18 sec. 
-Trial 771 0 68322233 47.262169
-Trial 772 0 68322233 47.296552
-Trial 773 0 68322233 47.379178
-Trial 774 0 68322233 47.703155
-Trial 775 0 68322233 48.063416
-Trial 776 0 68322233 48.090905
-Trial 777 0 68322233 48.097556
-Trial 778 0 68322233 48.141043
-Trial 779 0 68322233 48.142107
-Trial 780 0 68322233 48.142525
-Trial 781 0 68322233 48.148390
-Trial 782 0 68322233 48.173714
* 783: Cost = 0_68264210, Time = 48.11 sec. 
-Trial 783 0 68264210 48.189407
-Trial 784 0 68264210 48.190248
-Trial 785 0 68264210 48.193092
-Trial 786 0 68264210 48.193667
-Trial 787 0 68264210 48.194950
-Trial 788 0 68264210 48.196982
-Trial 789 0 68264210 48.229749
-Trial 790 0 68264210 48.232326
-Trial 791 0 68264210 48.232598
-Trial 792 0 68264210 48.848859
-Trial 793 0 68264210 48.856046
-Trial 794 0 68264210 48.856324
-Trial 795 0 68264210 49.063099
-Trial 796 0 68264210 49.067931
-Trial 797 0 68264210 49.071981
-Trial 798 0 68264210 49.152279
-Trial 799 0 68264210 49.211132
-Trial 800 0 68264210 49.221886
-Trial 801 0 68264210 49.306683
-Trial 802 0 68264210 49.311083
-Trial 803 0 68264210 49.317477
-Trial 804 0 68264210 49.321952
-Trial 805 0 68264210 49.363534
-Trial 806 0 68264210 49.369907
-Trial 807 0 68264210 49.371978
* 808: Cost = 0_68259685, Time = 49.30 sec. 
-Trial 808 0 68259685 49.381450
-Trial 809 0 68259685 49.532649
-Trial 810 0 68259685 49.547908
-Trial 811 0 68259685 49.548254
-Trial 812 0 68259685 49.548597
-Trial 813 0 68259685 49.588735
-Trial 814 0 68259685 49.589381
-Trial 815 0 68259685 49.592358
-Trial 816 0 68259685 49.631307
-Trial 817 0 68259685 49.643234
-Trial 818 0 68259685 49.663112
-Trial 819 0 68259685 49.770452
-Trial 820 0 68259685 49.798998
-Trial 821 0 68259685 49.800421
-Trial 822 0 68259685 49.800906
* 823: Cost = 0_68236775, Time = 49.72 sec. 
-Trial 823 0 68236775 49.805342
* 824: Cost = 0_68229639, Time = 49.75 sec. 
-Trial 824 0 68229639 49.837222
-Trial 825 0 68229639 49.842754
-Trial 826 0 68229639 50.534750
-Trial 827 0 68229639 50.536125
-Trial 828 0 68229639 50.589203
-Trial 829 0 68229639 50.740556
-Trial 830 0 68229639 50.743622
-Trial 831 0 68229639 50.752384
-Trial 832 0 68229639 50.753904
-Trial 833 0 68229639 50.875488
-Trial 834 0 68229639 50.880836
-Trial 835 0 68229639 50.888582
-Trial 836 0 68229639 50.890944
-Trial 837 0 68229639 50.892532
-Trial 838 0 68229639 50.897537
-Trial 839 0 68229639 50.898699
-Trial 840 0 68229639 50.899006
-Trial 841 0 68229639 50.899600
* 842: Cost = 0_68229095, Time = 50.83 sec. 
-Trial 842 0 68229095 50.915679
-Trial 843 0 68229095 50.916226
-Trial 844 0 68229095 50.917129
-Trial 845 0 68229095 51.035131
-Trial 846 0 68229095 51.039696
-Trial 847 0 68229095 51.041315
-Trial 848 0 68229095 51.080878
-Trial 849 0 68229095 51.241332
-Trial 850 0 68229095 51.300317
-Trial 851 0 68229095 51.310322
-Trial 852 0 68229095 51.310772
-Trial 853 0 68229095 51.338399
-Trial 854 0 68229095 51.478487
-Trial 855 0 68229095 51.518128
-Trial 856 0 68229095 51.534924
-Trial 857 0 68229095 51.536485
-Trial 858 0 68229095 51.617465
-Trial 859 0 68229095 51.670591
-Trial 860 0 68229095 51.753985
-Trial 861 0 68229095 51.754419
-Trial 862 0 68229095 51.760985
-Trial 863 0 68229095 51.762425
-Trial 864 0 68229095 51.822693
-Trial 865 0 68229095 51.825284
-Trial 866 0 68229095 51.826010
-Trial 867 0 68229095 52.195351
-Trial 868 0 68229095 52.262705
-Trial 869 0 68229095 52.274044
-Trial 870 0 68229095 52.281025
-Trial 871 0 68229095 53.083585
-Trial 872 0 68229095 53.092912
-Trial 873 0 68229095 53.097800
-Trial 874 0 68229095 53.105129
-Trial 875 0 68229095 53.126853
-Trial 876 0 68229095 53.141966
-Trial 877 0 68229095 53.146558
-Trial 878 0 68229095 54.210189
-Trial 879 0 68229095 54.213883
-Trial 880 0 68229095 54.236482
-Trial 881 0 68229095 54.241968
-Trial 882 0 68229095 54.345991
-Trial 883 0 68229095 54.669254
-Trial 884 0 68229095 55.302846
-Trial 885 0 68229095 55.320366
-Trial 886 0 68229095 55.359224
-Trial 887 0 68229095 55.409673
-Trial 888 0 68229095 55.412917
-Trial 889 0 68229095 55.445181
-Trial 890 0 68229095 55.469190
-Trial 891 0 68229095 55.470539
-Trial 892 0 68229095 55.690503
-Trial 893 0 68229095 55.694272
-Trial 894 0 68229095 55.695556
-Trial 895 0 68229095 55.770417
-Trial 896 0 68229095 55.817361
-Trial 897 0 68229095 55.910853
-Trial 898 0 68229095 55.923461
-Trial 899 0 68229095 55.925456
-Trial 900 0 68229095 55.937790
-Trial 901 0 68229095 55.949458
-Trial 902 0 68229095 55.949803
-Trial 903 0 68229095 55.972199
-Trial 904 0 68229095 56.010937
-Trial 905 0 68229095 56.255688
-Trial 906 0 68229095 56.309773
-Trial 907 0 68229095 56.365588
* 908: Cost = 0_68227777, Time = 56.38 sec. 
-Trial 908 0 68227777 56.461699
-Trial 909 0 68227777 56.464756
-Trial 910 0 68227777 56.473761
-Trial 911 0 68227777 56.481956
-Trial 912 0 68227777 56.571408
-Trial 913 0 68227777 56.577752
-Trial 914 0 68227777 56.611705
-Trial 915 0 68227777 56.706513
-Trial 916 0 68227777 56.710709
-Trial 917 0 68227777 56.725883
-Trial 918 0 68227777 56.965380
-Trial 919 0 68227777 56.980689
-Trial 920 0 68227777 56.982152
-Trial 921 0 68227777 56.983179
-Trial 922 0 68227777 56.984329
-Trial 923 0 68227777 56.997863
-Trial 924 0 68227777 57.025634
-Trial 925 0 68227777 57.148260
-Trial 926 0 68227777 58.006548
-Trial 927 0 68227777 58.011518
-Trial 928 0 68227777 58.172670
* 929: Cost = 0_68226950, Time = 58.11 sec. 
-Trial 929 0 68226950 58.190639
-Trial 930 0 68226950 58.233060
-Trial 931 0 68226950 58.233625
-Trial 932 0 68226950 58.248193
-Trial 933 0 68226950 58.305435
-Trial 934 0 68226950 58.308065
-Trial 935 0 68226950 58.310106
-Trial 936 0 68226950 58.341997
-Trial 937 0 68226950 58.510729
-Trial 938 0 68226950 58.534806
-Trial 939 0 68226950 58.537118
-Trial 940 0 68226950 58.808092
-Trial 941 0 68226950 58.830830
-Trial 942 0 68226950 58.831968
-Trial 943 0 68226950 58.859133
-Trial 944 0 68226950 58.867106
-Trial 945 0 68226950 58.868662
-Trial 946 0 68226950 58.868952
-Trial 947 0 68226950 58.871645
-Trial 948 0 68226950 58.877476
-Trial 949 0 68226950 58.915263
-Trial 950 0 68226950 58.917816
-Trial 951 0 68226950 58.972587
-Trial 952 0 68226950 59.094093
-Trial 953 0 68226950 59.098377
-Trial 954 0 68226950 59.300979
-Trial 955 0 68226950 59.301253
-Trial 956 0 68226950 59.304152
-Trial 957 0 68226950 59.360273
-Trial 958 0 68226950 59.418386
-Trial 959 0 68226950 59.419475
-Trial 960 0 68226950 59.426961
-Trial 961 0 68226950 59.442350
-Trial 962 0 68226950 59.583777
* 963: Cost = 0_68224245, Time = 59.52 sec. 
-Trial 963 0 68224245 59.602548
-Trial 964 0 68224245 59.603732
-Trial 965 0 68224245 59.606023
-Trial 966 0 68224245 59.628409
-Trial 967 0 68224245 59.732905
* 968: Cost = 0_68214112, Time = 59.65 sec. 
-Trial 968 0 68214112 59.738785
-Trial 969 0 68214112 59.779791
-Trial 970 0 68214112 59.782784
-Trial 971 0 68214112 59.818509
-Trial 972 0 68214112 60.096178
-Trial 973 0 68214112 60.100306
-Trial 974 0 68214112 60.120938
-Trial 975 0 68214112 60.137183
-Trial 976 0 68214112 60.141682
-Trial 977 0 68214112 60.147075
-Trial 978 0 68214112 60.155570
-Trial 979 0 68214112 60.161754
-Trial 980 0 68214112 60.517708
-Trial 981 0 68214112 60.523161
-Trial 982 0 68214112 60.589444
-Trial 983 0 68214112 60.632123
-Trial 984 0 68214112 60.766034
-Trial 985 0 68214112 60.768460
-Trial 986 0 68214112 60.787463
-Trial 987 0 68214112 60.796490
-Trial 988 0 68214112 60.815014
-Trial 989 0 68214112 60.832187
-Trial 990 0 68214112 60.888489
-Trial 991 0 68214112 60.923247
-Trial 992 0 68214112 60.932160
-Trial 993 0 68214112 60.963777
-Trial 994 0 68214112 60.999158
-Trial 995 0 68214112 61.001029
-Trial 996 0 68214112 61.047494
-Trial 997 0 68214112 61.054368
-Trial 998 0 68214112 61.055043
-Trial 999 0 68214112 61.112523
-Trial 1000 0 68214112 61.118791
Population:
  1: 0_68214112
Run 1: Cost = 0_68214112, Time = 61.04 sec. 

Successes/Runs = 0/1 
Cost.min = 68214112, Cost.avg = 68214112.00, Cost.max = 68214112
Gap.min = 0.0000%, Gap.avg = 0.0000%, Gap.max = 0.0000%
Penalty.min = 0, Penalty.avg = 0.00, Penalty.max = 0
Trials.min = 1000, Trials.avg = 1000.0, Trials.max = 1000
Time.min = 61.04 sec., Time.avg = 61.04 sec., Time.max = 61.04 sec.
Time.total = 61.12 sec.
  Size.min = 29, Size.max = 49, Penalty = 0
  Cost.min = 587473, Cost.max = 2617041, Cost.sum = 68214112
Best CVRP solution:
  Cost = 0_68214112
554 1060 452 1373 1512 371 375 143 311 755 1341 993 575 282 215 973 307 1124 1011 1148 829 475 1262 1026 1317 1000 1249 797 117 828 1145 819 711 1205 527 1169 572 110 1271 54 227 445 3 217 771 874 1519 1078 1445 266 1477 726 27 709 1311 63 606 1216 685 365 787 196 847 746 838 853 658 735 1285 1289 67 938 378 706 856 105 1463 92 526 512 664 449 1442 1522 62 1417 687 1074 480 285 170 930 68 813 663 273 238 619 974 355 46 1375 1464 362 1308 295 1230 129 1494 386 642 1296 539 398 1340 1196 1027 132 34 41 1467 465 597 281 747 1539 1491 1233 507 739 1259 324 492 528 374 1372 69 1305 1134 15 94 321 1120 1161 608 860 98 1268 630 29 65 744 151 237 704 300 394 383 835 927 786 447 458 1188 1008 108 622 1530 392 434 128 1398 8 1193 85 801 1385 991 825 1474 48 1447 202 1374 90 889 923 1328 160 272 104 707 719 1140 1119 588 734 342 718 229 574 712 254 631 1170 437 1511 885 699 976 1049 1113 1426 566 689 1094 306 1141 1050 1327 397 532 1166 855 660 333 1415 499 1290 219 1098 936 477 1390 560 1496 671 900 1347 16 1528 1333 1099 1250 1125 1029 1278 231 78 106 149 691 356 493 878 1449 1274 77 1500 1228 1076 121 957 555 749 1023 731 76 562 305 794 541 643 1420 271 999 245 638 1509 768 774 811 654 1084 610 1048 1092 359 1348 290 863 679 313 1310 23 681 64 176 806 364 683 1294 150 1055 609 1028 998 242 1139 287 1002 173 1438 662 189 213 1126 629 627 1459 1202 1365 183 212 349 821 142 1387 1508 945 1371 888 793 56 1479 1187 992 1176 732 1338 1046 377 125 547 410 848 1455 1345 180 1010 1174 1280 209 925 1419 873 546 45 1410 350 22 901 870 1186 587 586 163 1030 846 243 680 514 1505 188 743 561 570 1121 1440 967 1077 697 36 55 93 314 413 197 798 1057 427 636 1457 644 966 822 705 1335 792 450 1334 504 668 548 1286 405 656 399 28 1085 126 782 1527 824 568 767 1022 525 520 579 220 1349 1414 52 1382 470 759 1036 42 133 438 99 96 1462 1272 497 1428 883 1339 594 1356 234 479 164 1299 136 166 1532 763 186 940 823 296 551 1404 326 1217 103 781 158 1214 701 1079 179 737 79 154 1388 564 280 1466 490 1269 472 1114 1015 569 1162 357 1252 389 604 607 1146 250 996 720 972 1521 757 1383 932 1192 317 84 1082 603 1255 1224 91 9 509 839 463 1013 761 1266 137 696 640 1031 332 1421 1209 713 1063 1392 1168 309 80 1138 505 765 904 879 892 770 571 1279 1451 1 1247 1100 592 6 40 369 246 289 700 1245 211 942 1025 975 1225 485 1362 752 1147 760 1062 941 26 208 1154 366 1075 244 1071 826 649 1093 379 225 628 724 516 646 1173 346 1180 1536 634 521 553 891 478 1103 474 1476 1223 1423 73 812 912 952 772 373 963 1051 542 256 291 1207 807 223 1263 600 32 224 637 725 358 1367 1177 1047 565 184 1068 651 175 800 1535 1237 625 1473 1236 791 840 1019 1096 1281 260 910 200 665 1354 404 924 387 1481 442 667 919 88 1444 581 198 302 337 1226 168 1295 403 469 240 1323 66 1210 852 218 645 1492 1516 1056 74 968 222 723 1471 241 1021 983 354 1164 343 950 1105 1155 802 494 1475 934 58 412 1097 1144 1143 915 1309 1014 1184 988 1487 185 615 833 1482 265 340 420 1343 977 1380 1504 1376 348 1485 899 779 1413 1470 1253 1407 1066 965 690 1037 451 401 1275 893 382 776 834 259 75 862 1053 261 146 433 738 949 1400 1326 1405 688 585 315 1306 70 89 1513 584 97 678 339 1244 935 751 1127 24 139 82 777 1377 113 388 81 1396 670 632 921 1199 917 1183 258 38 956 440 262 577 1537 544 140 1351 982 429 783 455 1058 145 116 1292 593 1038 502 578 1107 391 728 1261 294 928 955 1452 406 361 1232 849 795 1009 425 648 1422 1321 1523 1222 233 376 1219 5 353 1312 595 123 207 897 970 686 981 100 652 1211 1265 1432 832 908 381 195 766 851 1240 602 534 961 187 95 131 1484 903 1397 83 563 278 1152 1524 1366 601 997 693 1070 19 880 352 598 929 1086 549 953 1108 441 1427 1379 167 727 1231 937 396 1277 1350 612 1012 495 659 286 939 844 384 304 13 338 1443 907 482 1234 1518 1115 715 1360 1189 372 1416 453 762 518 898 257 1172 411 1061 1401 519 729 124 172 773 1248 1194 558 148 1352 1391 589 1490 446 430 672 614 1149 803 344 703 523 653 496 327 954 1515 1106 329 30 1480 134 1016 487 530 621 17 1436 1112 53 297 460 1220 380 59 1301 913 431 1133 1325 1035 756 1319 1101 1204 1201 71 790 1251 385 624 1369 887 1300 611 1191 61 1533 102 422 1041 1178 484 486 508 1136 858 1052 1044 20 1408 1283 421 138 182 402 1033 1123 1072 1090 635 210 1059 708 865 582 778 320 596 501 72 661 984 733 1448 736 1526 529 269 1200 1499 1435 1165 1006 400 552 171 911 1160 580 810 251 946 444 49 424 279 618 274 1498 1330 1208 1197 417 1116 536 414 308 1489 1043 1322 1472 214 1461 165 503 1045 1531 1095 1213 722 1203 57 284 1167 328 1132 33 861 1495 190 177 370 1394 1389 1460 1104 367 1282 253 789 517 415 920 235 804 583 310 191 884 216 676 162 682 522 1486 1307 698 101 194 1517 31 248 1430 926 918 896 1478 1083 590 51 748 488 511 881 639 533 1257 820 692 1264 232 1190 657 717 236 1270 87 990 669 368 515 769 764 1506 14 958 1331 141 199 169 439 543 1117 969 12 948 796 1288 60 531 650 506 1215 716 267 86 1357 226 1024 174 1297 754 617 1384 864 1538 228 655 1195 1018 510 334 1441 156 1316 1284 491 741 1439 788 1242 1111 481 423 830 347 112 312 675 44 647 1007 1386 960 677 882 114 556 1182 1198 1381 1324 408 1411 902 922 239 540 1273 120 1520 524 836 1128 951 109 1437 1091 118 498 871 1135 623 1081 393 395 799 206 1434 43 4 221 418 1393 1040 1235 35 2 1456 1303 298 869 1256 1507 204 1239 1425 107 264 390 674 155 1163 467 1258 1005 459 360 1073 573 1088 419 351 695 448 641 850 877 1314 1054 1342 702 740 684 943 316 1142 809 1493 730 135 831 323 292 25 122 780 1510 995 456 616 192 964 814 1293 407 363 1171 1465 714 288 1497 890 785 127 843 1363 1181 1501 1137 866 436 1320 576 1370 293 1065 119 1483 1399 1458 1118 1534 153 1355 538 784 666 962 1378 443 1185 159 605 1246 319 994 1260 857 827 230 1227 500 1454 1130 750 1064 409 854 37 1003 435 535 1468 1158 1358 335 1429 1450 895 1503 322 1402 428 1403 886 416 537 39 775 1110 1153 859 130 1337 1412 1469 818 283 1287 1291 931 1069 47 152 1212 1221 1159 1431 50 1150 1502 745 1131 1409 301 933 978 875 345 1102 471 1238 1313 1418 1336 1424 753 336 1332 1267 147 1020 914 633 1017 466 980 1067 742 1087 1453 721 11 432 277 1302 1218 559 837 1514 1406 1361 868 1179 979 758 1229 1122 1109 620 872 805 1315 894 331 464 613 816 1157 1089 1080 1298 1433 161 1039 1344 971 201 867 947 144 247 1151 426 1346 461 462 1276 1368 263 1529 205 270 673 489 626 473 1042 268 842 513 1488 7 909 181 1175 905 203 985 330 1446 10 325 815 906 567 1254 1001 817 710 115 1329 1304 694 599 916 252 845 1359 989 457 178 1525 876 1318 1004 249 986 550 1129 545 1241 987 1395 454 944 557 276 18 591 841 157 341 275 1032 468 1034 111 483 318 255 1156 303 1206 299 1364 959 1353 1243 193 476 21 808 554 
