PARAMETER_FILE = result/cvrp_1500/NeuroLKH_para/68.para
Reading PROBLEM_FILE: "result/cvrp_1500/cvrp/68.cvrp" ... done
ASCENT_CANDIDATES = 50
BACKBONE_TRIALS = 0
BACKTRACKING = NO
# BWTSP =
CANDIDATE_FILE = result/cvrp_1500/candidate/68.txt
CANDIDATE_SET_TYPE = ALPHA
DEPOT = 1
# EDGE_FILE =
EXCESS = 0.000666223
EXTERNAL_SALESMEN = 0
EXTRA_CANDIDATES = 0 
EXTRA_CANDIDATE_SET_TYPE = QUADRANT
GAIN23 = NO
GAIN_CRITERION = YES
INITIAL_PERIOD = 750
INITIAL_STEP_SIZE = 1
INITIAL_TOUR_ALGORITHM = WALK
# INITIAL_TOUR_FILE = 
INITIAL_TOUR_FRACTION = 1.000
# INPUT_TOUR_FILE = 
KICK_TYPE = 4
KICKS = 1
# MAX_BREADTH =
MAKESPAN = NO
MAX_CANDIDATES = 5 
MAX_SWAPS = 0
MAX_TRIALS = 1000
# MERGE_TOUR_FILE =
MOVE_TYPE = 5 SPECIAL
MTSP_MIN_SIZE = 1
MTSP_MAX_SIZE = 1500
# MTSP_SOLUTION_FILE = 
# NONSEQUENTIAL_MOVE_TYPE = 5
# OPTIMUM =
# OUTPUT_TOUR_FILE = 
PATCHING_A = 1 
PATCHING_C = 0 
# PI_FILE = 
POPMUSIC_INITIAL_TOUR = NO
POPMUSIC_MAX_NEIGHBORS = 5
POPMUSIC_SAMPLE_SIZE = 10
POPMUSIC_SOLUTIONS = 50
POPMUSIC_TRIALS = 1
POPULATION_SIZE = 10
PRECISION = 100
PROBLEM_FILE = result/cvrp_1500/cvrp/68.cvrp
RECOMBINATION = IPT
RESTRICTED_SEARCH = YES
RUNS = 1
SALESMEN = 40
SCALE = 1
SEED = 1234
# SINTEF_SOLUTION_FILE = 
STOP_AT_OPTIMUM = YES
SUBGRADIENT = NO
# SUBPROBLEM_SIZE =
# SUBPROBLEM_TOUR_FILE = 
SUBSEQUENT_MOVE_TYPE = 5 SPECIAL
SUBSEQUENT_PATCHING = YES
# TIME_LIMIT =
# TOUR_FILE = 
TRACE_LEVEL = 1
VEHICLES = 40

Reading CANDIDATE_FILE: "result/cvrp_1500/candidate/68.txt" ... done
Lower bound = 28321338.0, Ascent time = 0.03 sec.
Cand.min = 2, Cand.avg = 4.9, Cand.max = 5
Preprocessing time = 0.08 sec.
Reading CANDIDATE_FILE: "result/cvrp_1500/candidate/68.txt" ... done
* 1: Cost = 0_76132489, Time = 2.91 sec. 
-Trial 1 0 76132489 2.996281
-Trial 2 0 76132489 2.996636
* 3: Cost = 0_76130817, Time = 2.92 sec. 
-Trial 3 0 76130817 2.999778
-Trial 4 0 76130817 3.003548
* 5: Cost = 0_76119346, Time = 2.93 sec. 
-Trial 5 0 76119346 3.015802
* 6: Cost = 0_76116735, Time = 3.54 sec. 
-Trial 6 0 76116735 3.628086
* 7: Cost = 0_75958074, Time = 3.56 sec. 
-Trial 7 0 75958074 3.644511
* 8: Cost = 0_75953117, Time = 3.57 sec. 
-Trial 8 0 75953117 3.653618
* 9: Cost = 0_75952814, Time = 3.58 sec. 
-Trial 9 0 75952814 3.661313
* 10: Cost = 0_75943083, Time = 3.58 sec. 
-Trial 10 0 75943083 3.666758
-Trial 11 0 75943083 3.667438
-Trial 12 0 75943083 3.667817
* 13: Cost = 0_75926948, Time = 3.59 sec. 
-Trial 13 0 75926948 3.673599
-Trial 14 0 75926948 3.690684
-Trial 15 0 75926948 3.691284
-Trial 16 0 75926948 3.700000
* 17: Cost = 0_75734936, Time = 3.64 sec. 
-Trial 17 0 75734936 3.725195
-Trial 18 0 75734936 3.725872
* 19: Cost = 0_75726762, Time = 3.65 sec. 
-Trial 19 0 75726762 3.730111
-Trial 20 0 75726762 3.806999
-Trial 21 0 75726762 3.807617
-Trial 22 0 75726762 3.808779
-Trial 23 0 75726762 3.809190
* 24: Cost = 0_74967000, Time = 3.80 sec. 
-Trial 24 0 74967000 3.886736
-Trial 25 0 74967000 3.887890
-Trial 26 0 74967000 3.962797
* 27: Cost = 0_74780109, Time = 3.95 sec. 
-Trial 27 0 74780109 4.028285
-Trial 28 0 74780109 4.028869
-Trial 29 0 74780109 4.039371
* 30: Cost = 0_74663496, Time = 3.96 sec. 
-Trial 30 0 74663496 4.047856
-Trial 31 0 74663496 4.056570
-Trial 32 0 74663496 4.062076
* 33: Cost = 0_74646564, Time = 4.00 sec. 
-Trial 33 0 74646564 4.084912
-Trial 34 0 74646564 4.467318
-Trial 35 0 74646564 4.472210
-Trial 36 0 74646564 4.473824
-Trial 37 0 74646564 4.508897
-Trial 38 0 74646564 4.926103
* 39: Cost = 0_74644318, Time = 4.85 sec. 
-Trial 39 0 74644318 4.929932
-Trial 40 0 74644318 4.930279
* 41: Cost = 0_74631698, Time = 4.86 sec. 
-Trial 41 0 74631698 4.945930
* 42: Cost = 0_74628263, Time = 4.86 sec. 
-Trial 42 0 74628263 4.947561
* 43: Cost = 0_74606340, Time = 4.89 sec. 
-Trial 43 0 74606340 4.971188
* 44: Cost = 0_74600617, Time = 4.89 sec. 
-Trial 44 0 74600617 4.976692
-Trial 45 0 74600617 4.977560
-Trial 46 0 74600617 4.978750
-Trial 47 0 74600617 4.981746
-Trial 48 0 74600617 4.987673
-Trial 49 0 74600617 4.988260
-Trial 50 0 74600617 5.037341
* 51: Cost = 0_74600591, Time = 4.97 sec. 
-Trial 51 0 74600591 5.050586
-Trial 52 0 74600591 5.077118
-Trial 53 0 74600591 5.078967
* 54: Cost = 0_73383943, Time = 5.15 sec. 
-Trial 54 0 73383943 5.237171
-Trial 55 0 73383943 5.237460
-Trial 56 0 73383943 5.237703
-Trial 57 0 73383943 5.237961
-Trial 58 0 73383943 5.239418
* 59: Cost = 0_73204151, Time = 5.20 sec. 
-Trial 59 0 73204151 5.283115
* 60: Cost = 0_73173951, Time = 5.22 sec. 
-Trial 60 0 73173951 5.307203
-Trial 61 0 73173951 5.308603
* 62: Cost = 0_72656754, Time = 5.27 sec. 
-Trial 62 0 72656754 5.352277
* 63: Cost = 0_71764261, Time = 5.77 sec. 
-Trial 63 0 71764261 5.853837
* 64: Cost = 0_71628593, Time = 5.82 sec. 
-Trial 64 0 71628593 5.904132
-Trial 65 0 71628593 5.955637
-Trial 66 0 71628593 5.960621
-Trial 67 0 71628593 5.961689
-Trial 68 0 71628593 5.962653
-Trial 69 0 71628593 5.963684
-Trial 70 0 71628593 5.964750
* 71: Cost = 0_71109496, Time = 5.97 sec. 
-Trial 71 0 71109496 6.058032
-Trial 72 0 71109496 6.062781
-Trial 73 0 71109496 6.063110
* 74: Cost = 0_71051692, Time = 5.99 sec. 
-Trial 74 0 71051692 6.072721
-Trial 75 0 71051692 6.078098
-Trial 76 0 71051692 6.080946
* 77: Cost = 0_71034225, Time = 6.02 sec. 
-Trial 77 0 71034225 6.106312
-Trial 78 0 71034225 6.118806
* 79: Cost = 0_71004627, Time = 6.05 sec. 
-Trial 79 0 71004627 6.135672
-Trial 80 0 71004627 6.150207
-Trial 81 0 71004627 6.150523
* 82: Cost = 0_70972604, Time = 6.07 sec. 
-Trial 82 0 70972604 6.156048
-Trial 83 0 70972604 6.160742
-Trial 84 0 70972604 6.190104
* 85: Cost = 0_70959024, Time = 6.12 sec. 
-Trial 85 0 70959024 6.199704
-Trial 86 0 70959024 6.202623
-Trial 87 0 70959024 6.203499
-Trial 88 0 70959024 6.205711
* 89: Cost = 0_70942577, Time = 6.13 sec. 
-Trial 89 0 70942577 6.208799
-Trial 90 0 70942577 6.210040
-Trial 91 0 70942577 6.210593
* 92: Cost = 0_70937049, Time = 6.13 sec. 
-Trial 92 0 70937049 6.215312
* 93: Cost = 0_70896281, Time = 6.13 sec. 
-Trial 93 0 70896281 6.217028
* 94: Cost = 0_70823455, Time = 6.16 sec. 
-Trial 94 0 70823455 6.242964
* 95: Cost = 0_70821262, Time = 6.16 sec. 
-Trial 95 0 70821262 6.246962
-Trial 96 0 70821262 6.276311
-Trial 97 0 70821262 6.276915
-Trial 98 0 70821262 6.277215
-Trial 99 0 70821262 6.278068
-Trial 100 0 70821262 6.350731
-Trial 101 0 70821262 6.362859
-Trial 102 0 70821262 6.363243
-Trial 103 0 70821262 6.364599
-Trial 104 0 70821262 6.366392
-Trial 105 0 70821262 6.491213
-Trial 106 0 70821262 6.492040
-Trial 107 0 70821262 6.661934
-Trial 108 0 70821262 6.662461
-Trial 109 0 70821262 6.682233
* 110: Cost = 0_70805117, Time = 6.62 sec. 
-Trial 110 0 70805117 6.698966
-Trial 111 0 70805117 6.699671
* 112: Cost = 0_70804584, Time = 6.62 sec. 
-Trial 112 0 70804584 6.700990
-Trial 113 0 70804584 6.701806
-Trial 114 0 70804584 6.702262
-Trial 115 0 70804584 6.714587
-Trial 116 0 70804584 6.715368
* 117: Cost = 0_70795507, Time = 6.66 sec. 
-Trial 117 0 70795507 6.738703
* 118: Cost = 0_70776599, Time = 6.67 sec. 
-Trial 118 0 70776599 6.752809
-Trial 119 0 70776599 6.812136
-Trial 120 0 70776599 6.812659
-Trial 121 0 70776599 6.813088
-Trial 122 0 70776599 6.813587
-Trial 123 0 70776599 6.815660
-Trial 124 0 70776599 6.817756
* 125: Cost = 0_70543969, Time = 6.92 sec. 
-Trial 125 0 70543969 7.000122
-Trial 126 0 70543969 7.002354
* 127: Cost = 0_70537298, Time = 6.96 sec. 
-Trial 127 0 70537298 7.039472
-Trial 128 0 70537298 7.039756
-Trial 129 0 70537298 7.047445
-Trial 130 0 70537298 7.050758
* 131: Cost = 0_70517996, Time = 6.99 sec. 
-Trial 131 0 70517996 7.071510
* 132: Cost = 0_70505916, Time = 7.05 sec. 
-Trial 132 0 70505916 7.138096
* 133: Cost = 0_70464959, Time = 7.06 sec. 
-Trial 133 0 70464959 7.144612
* 134: Cost = 0_70464300, Time = 7.07 sec. 
-Trial 134 0 70464300 7.149247
* 135: Cost = 0_70405646, Time = 7.15 sec. 
-Trial 135 0 70405646 7.231464
-Trial 136 0 70405646 7.236562
-Trial 137 0 70405646 7.238499
-Trial 138 0 70405646 7.303429
* 139: Cost = 0_70337718, Time = 7.22 sec. 
-Trial 139 0 70337718 7.307351
-Trial 140 0 70337718 7.307820
-Trial 141 0 70337718 7.309193
-Trial 142 0 70337718 7.309964
-Trial 143 0 70337718 7.311125
-Trial 144 0 70337718 7.314929
* 145: Cost = 0_70279624, Time = 7.26 sec. 
-Trial 145 0 70279624 7.347989
-Trial 146 0 70279624 7.348320
-Trial 147 0 70279624 7.371146
-Trial 148 0 70279624 7.371397
-Trial 149 0 70279624 7.372530
-Trial 150 0 70279624 7.376499
-Trial 151 0 70279624 7.404363
-Trial 152 0 70279624 7.407840
-Trial 153 0 70279624 7.408268
* 154: Cost = 0_70243168, Time = 7.33 sec. 
-Trial 154 0 70243168 7.411761
-Trial 155 0 70243168 7.413939
-Trial 156 0 70243168 7.414355
-Trial 157 0 70243168 7.420101
-Trial 158 0 70243168 7.420355
-Trial 159 0 70243168 7.421030
-Trial 160 0 70243168 7.432403
* 161: Cost = 0_70239538, Time = 7.38 sec. 
-Trial 161 0 70239538 7.463803
-Trial 162 0 70239538 7.530268
-Trial 163 0 70239538 7.564548
* 164: Cost = 0_70232704, Time = 7.55 sec. 
-Trial 164 0 70232704 7.635502
-Trial 165 0 70232704 7.636448
-Trial 166 0 70232704 7.636707
-Trial 167 0 70232704 7.637882
-Trial 168 0 70232704 7.645853
* 169: Cost = 0_70210154, Time = 7.57 sec. 
-Trial 169 0 70210154 7.652643
-Trial 170 0 70210154 7.654097
* 171: Cost = 0_70206962, Time = 7.60 sec. 
-Trial 171 0 70206962 7.687555
-Trial 172 0 70206962 7.688563
-Trial 173 0 70206962 7.689584
-Trial 174 0 70206962 7.690219
-Trial 175 0 70206962 7.940114
-Trial 176 0 70206962 7.972637
-Trial 177 0 70206962 7.973147
-Trial 178 0 70206962 7.981687
* 179: Cost = 0_69987555, Time = 8.04 sec. 
-Trial 179 0 69987555 8.123776
-Trial 180 0 69987555 8.127946
-Trial 181 0 69987555 8.143710
-Trial 182 0 69987555 8.144630
-Trial 183 0 69987555 8.212637
-Trial 184 0 69987555 8.215722
-Trial 185 0 69987555 8.244905
-Trial 186 0 69987555 8.417814
-Trial 187 0 69987555 8.418165
-Trial 188 0 69987555 8.563307
-Trial 189 0 69987555 8.567963
* 190: Cost = 0_69924034, Time = 8.58 sec. 
-Trial 190 0 69924034 8.659801
-Trial 191 0 69924034 8.755610
* 192: Cost = 0_69901804, Time = 8.72 sec. 
-Trial 192 0 69901804 8.803078
-Trial 193 0 69901804 8.808321
-Trial 194 0 69901804 8.868135
-Trial 195 0 69901804 8.881368
* 196: Cost = 0_69896868, Time = 8.81 sec. 
-Trial 196 0 69896868 8.893790
-Trial 197 0 69896868 8.894076
-Trial 198 0 69896868 8.895424
-Trial 199 0 69896868 8.899094
* 200: Cost = 0_69645010, Time = 8.86 sec. 
-Trial 200 0 69645010 8.947664
-Trial 201 0 69645010 9.061438
-Trial 202 0 69645010 9.074759
* 203: Cost = 0_69614208, Time = 9.00 sec. 
-Trial 203 0 69614208 9.082103
-Trial 204 0 69614208 9.082797
-Trial 205 0 69614208 9.085324
-Trial 206 0 69614208 9.086813
* 207: Cost = 0_69610290, Time = 9.01 sec. 
-Trial 207 0 69610290 9.095325
-Trial 208 0 69610290 9.101033
-Trial 209 0 69610290 9.109073
-Trial 210 0 69610290 9.110739
-Trial 211 0 69610290 9.170237
-Trial 212 0 69610290 9.500183
* 213: Cost = 0_69527472, Time = 9.45 sec. 
-Trial 213 0 69527472 9.528267
-Trial 214 0 69527472 9.531000
-Trial 215 0 69527472 9.531939
-Trial 216 0 69527472 9.546961
-Trial 217 0 69527472 9.595171
-Trial 218 0 69527472 9.633124
-Trial 219 0 69527472 9.635195
* 220: Cost = 0_69527055, Time = 9.56 sec. 
-Trial 220 0 69527055 9.644492
-Trial 221 0 69527055 9.645922
-Trial 222 0 69527055 9.666093
-Trial 223 0 69527055 9.671200
-Trial 224 0 69527055 9.672197
-Trial 225 0 69527055 9.680179
* 226: Cost = 0_69507242, Time = 9.68 sec. 
-Trial 226 0 69507242 9.759595
-Trial 227 0 69507242 9.802191
* 228: Cost = 0_69444154, Time = 9.72 sec. 
-Trial 228 0 69444154 9.807611
-Trial 229 0 69444154 9.808022
-Trial 230 0 69444154 9.810271
-Trial 231 0 69444154 9.815688
-Trial 232 0 69444154 9.816365
-Trial 233 0 69444154 9.847465
* 234: Cost = 0_69431618, Time = 9.78 sec. 
-Trial 234 0 69431618 9.866785
* 235: Cost = 0_69430974, Time = 9.81 sec. 
-Trial 235 0 69430974 9.889070
-Trial 236 0 69430974 9.896666
-Trial 237 0 69430974 9.902158
-Trial 238 0 69430974 9.909578
-Trial 239 0 69430974 9.911868
-Trial 240 0 69430974 9.924010
-Trial 241 0 69430974 9.937625
* 242: Cost = 0_69430578, Time = 9.86 sec. 
-Trial 242 0 69430578 9.947124
-Trial 243 0 69430578 10.030286
-Trial 244 0 69430578 10.033506
* 245: Cost = 0_69362519, Time = 9.99 sec. 
-Trial 245 0 69362519 10.072597
-Trial 246 0 69362519 10.073605
* 247: Cost = 0_69343063, Time = 10.05 sec. 
-Trial 247 0 69343063 10.133237
-Trial 248 0 69343063 10.224570
-Trial 249 0 69343063 10.226178
-Trial 250 0 69343063 10.227338
* 251: Cost = 0_69220041, Time = 10.19 sec. 
-Trial 251 0 69220041 10.277782
-Trial 252 0 69220041 10.287927
-Trial 253 0 69220041 10.296734
-Trial 254 0 69220041 10.300806
-Trial 255 0 69220041 10.301607
-Trial 256 0 69220041 10.342280
-Trial 257 0 69220041 10.366871
-Trial 258 0 69220041 10.375958
* 259: Cost = 0_69157263, Time = 10.30 sec. 
-Trial 259 0 69157263 10.380414
-Trial 260 0 69157263 10.391626
-Trial 261 0 69157263 10.392492
-Trial 262 0 69157263 10.433319
-Trial 263 0 69157263 10.433592
-Trial 264 0 69157263 10.435615
-Trial 265 0 69157263 10.436538
-Trial 266 0 69157263 10.446026
-Trial 267 0 69157263 10.451130
-Trial 268 0 69157263 10.464546
-Trial 269 0 69157263 10.467535
-Trial 270 0 69157263 10.468797
-Trial 271 0 69157263 10.469619
-Trial 272 0 69157263 10.515033
* 273: Cost = 0_69146395, Time = 10.46 sec. 
-Trial 273 0 69146395 10.546457
-Trial 274 0 69146395 10.547754
-Trial 275 0 69146395 10.625645
-Trial 276 0 69146395 10.631690
-Trial 277 0 69146395 10.633391
-Trial 278 0 69146395 10.646365
-Trial 279 0 69146395 10.649266
-Trial 280 0 69146395 10.653949
-Trial 281 0 69146395 10.673638
-Trial 282 0 69146395 10.866005
* 283: Cost = 0_69113356, Time = 10.88 sec. 
-Trial 283 0 69113356 10.960872
* 284: Cost = 0_69068615, Time = 10.89 sec. 
-Trial 284 0 69068615 10.970809
-Trial 285 0 69068615 10.971387
-Trial 286 0 69068615 10.983715
-Trial 287 0 69068615 11.264671
* 288: Cost = 0_69002372, Time = 11.20 sec. 
-Trial 288 0 69002372 11.280036
-Trial 289 0 69002372 11.288426
-Trial 290 0 69002372 11.289097
-Trial 291 0 69002372 11.291728
-Trial 292 0 69002372 11.293689
-Trial 293 0 69002372 11.295582
* 294: Cost = 0_69002198, Time = 11.22 sec. 
-Trial 294 0 69002198 11.303543
-Trial 295 0 69002198 11.315020
* 296: Cost = 0_68996343, Time = 11.24 sec. 
-Trial 296 0 68996343 11.322449
-Trial 297 0 68996343 11.325153
-Trial 298 0 68996343 11.327572
-Trial 299 0 68996343 11.332610
-Trial 300 0 68996343 11.592684
-Trial 301 0 68996343 11.780085
* 302: Cost = 0_68993799, Time = 11.71 sec. 
-Trial 302 0 68993799 11.790563
-Trial 303 0 68993799 11.804929
-Trial 304 0 68993799 11.816781
-Trial 305 0 68993799 11.817172
-Trial 306 0 68993799 11.818678
-Trial 307 0 68993799 11.819201
-Trial 308 0 68993799 11.827714
* 309: Cost = 0_68993260, Time = 11.75 sec. 
-Trial 309 0 68993260 11.832137
-Trial 310 0 68993260 11.833135
-Trial 311 0 68993260 11.835617
-Trial 312 0 68993260 11.838348
-Trial 313 0 68993260 11.842486
* 314: Cost = 0_68992294, Time = 11.77 sec. 
-Trial 314 0 68992294 11.857510
-Trial 315 0 68992294 11.862350
-Trial 316 0 68992294 11.862779
-Trial 317 0 68992294 11.863260
* 318: Cost = 0_68989330, Time = 11.79 sec. 
-Trial 318 0 68989330 11.871598
* 319: Cost = 0_68982472, Time = 11.80 sec. 
-Trial 319 0 68982472 11.884399
-Trial 320 0 68982472 11.974583
* 321: Cost = 0_68979252, Time = 11.90 sec. 
-Trial 321 0 68979252 11.978551
-Trial 322 0 68979252 11.980587
-Trial 323 0 68979252 12.605223
-Trial 324 0 68979252 12.608621
-Trial 325 0 68979252 12.613406
-Trial 326 0 68979252 12.623405
-Trial 327 0 68979252 12.626697
-Trial 328 0 68979252 12.628265
-Trial 329 0 68979252 12.632051
-Trial 330 0 68979252 12.720721
-Trial 331 0 68979252 12.758794
-Trial 332 0 68979252 12.759260
-Trial 333 0 68979252 12.817437
-Trial 334 0 68979252 12.818810
-Trial 335 0 68979252 12.819475
-Trial 336 0 68979252 12.888828
-Trial 337 0 68979252 12.890943
* 338: Cost = 0_68956192, Time = 12.81 sec. 
-Trial 338 0 68956192 12.892266
* 339: Cost = 0_68945672, Time = 12.81 sec. 
-Trial 339 0 68945672 12.897890
-Trial 340 0 68945672 12.900521
-Trial 341 0 68945672 12.983017
-Trial 342 0 68945672 12.988975
* 343: Cost = 0_68943506, Time = 12.94 sec. 
-Trial 343 0 68943506 13.024671
-Trial 344 0 68943506 13.025082
* 345: Cost = 0_68914223, Time = 12.95 sec. 
-Trial 345 0 68914223 13.033983
-Trial 346 0 68914223 13.040249
* 347: Cost = 0_68912809, Time = 12.96 sec. 
-Trial 347 0 68912809 13.042297
-Trial 348 0 68912809 13.043555
-Trial 349 0 68912809 13.066253
-Trial 350 0 68912809 13.083396
-Trial 351 0 68912809 13.083920
-Trial 352 0 68912809 13.227689
-Trial 353 0 68912809 13.227973
* 354: Cost = 0_68901434, Time = 13.19 sec. 
-Trial 354 0 68901434 13.270818
-Trial 355 0 68901434 13.364374
-Trial 356 0 68901434 13.365255
-Trial 357 0 68901434 13.367344
-Trial 358 0 68901434 13.390798
-Trial 359 0 68901434 13.510030
-Trial 360 0 68901434 13.510498
-Trial 361 0 68901434 13.561028
-Trial 362 0 68901434 13.561835
* 363: Cost = 0_68889009, Time = 13.49 sec. 
-Trial 363 0 68889009 13.571701
* 364: Cost = 0_68881013, Time = 13.49 sec. 
-Trial 364 0 68881013 13.575026
* 365: Cost = 0_68816460, Time = 13.69 sec. 
-Trial 365 0 68816460 13.777882
-Trial 366 0 68816460 13.780927
* 367: Cost = 0_68779319, Time = 13.72 sec. 
-Trial 367 0 68779319 13.807329
-Trial 368 0 68779319 13.808321
-Trial 369 0 68779319 13.819801
-Trial 370 0 68779319 13.820970
-Trial 371 0 68779319 13.887456
-Trial 372 0 68779319 13.888166
-Trial 373 0 68779319 13.890752
* 374: Cost = 0_68776951, Time = 13.81 sec. 
-Trial 374 0 68776951 13.892981
-Trial 375 0 68776951 13.981050
-Trial 376 0 68776951 13.981782
-Trial 377 0 68776951 14.010322
-Trial 378 0 68776951 14.217432
-Trial 379 0 68776951 14.218645
-Trial 380 0 68776951 14.227454
-Trial 381 0 68776951 14.229745
-Trial 382 0 68776951 14.268024
-Trial 383 0 68776951 14.271294
-Trial 384 0 68776951 14.290593
-Trial 385 0 68776951 14.303073
-Trial 386 0 68776951 14.306071
-Trial 387 0 68776951 14.309428
-Trial 388 0 68776951 14.339088
-Trial 389 0 68776951 14.339714
-Trial 390 0 68776951 14.344367
-Trial 391 0 68776951 14.524792
-Trial 392 0 68776951 14.525991
-Trial 393 0 68776951 14.532602
-Trial 394 0 68776951 14.534872
-Trial 395 0 68776951 14.535874
-Trial 396 0 68776951 14.773923
* 397: Cost = 0_68765010, Time = 14.83 sec. 
-Trial 397 0 68765010 14.914641
-Trial 398 0 68765010 15.039049
* 399: Cost = 0_68749178, Time = 14.98 sec. 
-Trial 399 0 68749178 15.059065
* 400: Cost = 0_68734419, Time = 14.98 sec. 
-Trial 400 0 68734419 15.061638
-Trial 401 0 68734419 15.062499
-Trial 402 0 68734419 15.072370
-Trial 403 0 68734419 15.073025
-Trial 404 0 68734419 15.082406
* 405: Cost = 0_68678774, Time = 15.14 sec. 
-Trial 405 0 68678774 15.222890
* 406: Cost = 0_68666893, Time = 15.16 sec. 
-Trial 406 0 68666893 15.244095
-Trial 407 0 68666893 15.268707
-Trial 408 0 68666893 15.280831
-Trial 409 0 68666893 15.282905
-Trial 410 0 68666893 15.283806
-Trial 411 0 68666893 15.285983
* 412: Cost = 0_68652093, Time = 15.24 sec. 
-Trial 412 0 68652093 15.325640
-Trial 413 0 68652093 15.330214
-Trial 414 0 68652093 15.330979
-Trial 415 0 68652093 15.333162
-Trial 416 0 68652093 16.000737
* 417: Cost = 0_68577843, Time = 15.93 sec. 
-Trial 417 0 68577843 16.013860
-Trial 418 0 68577843 16.020216
-Trial 419 0 68577843 16.025464
-Trial 420 0 68577843 16.026785
* 421: Cost = 0_68384709, Time = 16.54 sec. 
-Trial 421 0 68384709 16.625176
-Trial 422 0 68384709 16.641282
-Trial 423 0 68384709 16.642578
* 424: Cost = 0_68384402, Time = 16.61 sec. 
-Trial 424 0 68384402 16.690670
-Trial 425 0 68384402 16.702555
-Trial 426 0 68384402 16.703000
* 427: Cost = 0_68366214, Time = 16.65 sec. 
-Trial 427 0 68366214 16.730122
-Trial 428 0 68366214 16.738526
-Trial 429 0 68366214 16.754787
-Trial 430 0 68366214 16.755691
-Trial 431 0 68366214 16.758811
-Trial 432 0 68366214 16.761334
-Trial 433 0 68366214 16.763218
-Trial 434 0 68366214 16.763675
-Trial 435 0 68366214 16.764337
-Trial 436 0 68366214 16.772073
* 437: Cost = 0_68362724, Time = 16.69 sec. 
-Trial 437 0 68362724 16.774735
-Trial 438 0 68362724 16.775229
* 439: Cost = 0_68161441, Time = 16.72 sec. 
-Trial 439 0 68161441 16.807401
-Trial 440 0 68161441 16.868301
* 441: Cost = 0_68155806, Time = 16.80 sec. 
-Trial 441 0 68155806 16.878159
-Trial 442 0 68155806 16.878627
-Trial 443 0 68155806 16.880938
-Trial 444 0 68155806 16.882568
-Trial 445 0 68155806 16.905235
-Trial 446 0 68155806 16.906699
-Trial 447 0 68155806 16.908387
-Trial 448 0 68155806 16.956420
-Trial 449 0 68155806 16.958728
* 450: Cost = 0_68100246, Time = 16.92 sec. 
-Trial 450 0 68100246 17.003294
-Trial 451 0 68100246 17.004856
-Trial 452 0 68100246 17.055584
-Trial 453 0 68100246 17.072411
* 454: Cost = 0_68095898, Time = 17.07 sec. 
-Trial 454 0 68095898 17.148380
-Trial 455 0 68095898 17.149140
* 456: Cost = 0_68089434, Time = 17.09 sec. 
-Trial 456 0 68089434 17.170662
* 457: Cost = 0_68086098, Time = 17.09 sec. 
-Trial 457 0 68086098 17.177833
* 458: Cost = 0_68059902, Time = 17.10 sec. 
-Trial 458 0 68059902 17.181258
-Trial 459 0 68059902 17.230009
-Trial 460 0 68059902 17.265116
-Trial 461 0 68059902 17.313049
* 462: Cost = 0_67995085, Time = 17.32 sec. 
-Trial 462 0 67995085 17.400337
* 463: Cost = 0_67958857, Time = 17.36 sec. 
-Trial 463 0 67958857 17.438950
* 464: Cost = 0_67958220, Time = 17.37 sec. 
-Trial 464 0 67958220 17.454383
-Trial 465 0 67958220 17.467300
-Trial 466 0 67958220 17.470465
-Trial 467 0 67958220 17.485302
-Trial 468 0 67958220 17.494497
-Trial 469 0 67958220 17.528820
-Trial 470 0 67958220 17.553346
-Trial 471 0 67958220 17.738335
-Trial 472 0 67958220 17.748855
-Trial 473 0 67958220 18.462438
-Trial 474 0 67958220 18.462734
-Trial 475 0 67958220 18.507206
-Trial 476 0 67958220 18.514260
-Trial 477 0 67958220 18.526757
-Trial 478 0 67958220 18.527271
-Trial 479 0 67958220 18.531924
-Trial 480 0 67958220 18.543520
-Trial 481 0 67958220 18.545425
-Trial 482 0 67958220 18.566761
-Trial 483 0 67958220 18.567575
-Trial 484 0 67958220 18.568517
-Trial 485 0 67958220 18.577284
-Trial 486 0 67958220 18.581548
-Trial 487 0 67958220 18.585330
* 488: Cost = 0_67902353, Time = 18.54 sec. 
-Trial 488 0 67902353 18.618942
-Trial 489 0 67902353 18.772910
-Trial 490 0 67902353 18.783718
* 491: Cost = 0_67859557, Time = 18.86 sec. 
-Trial 491 0 67859557 18.943911
-Trial 492 0 67859557 18.999766
* 493: Cost = 0_67841333, Time = 18.93 sec. 
-Trial 493 0 67841333 19.013840
-Trial 494 0 67841333 19.027400
-Trial 495 0 67841333 19.034001
-Trial 496 0 67841333 19.052511
-Trial 497 0 67841333 19.056424
-Trial 498 0 67841333 19.161960
-Trial 499 0 67841333 19.163579
-Trial 500 0 67841333 19.167463
* 501: Cost = 0_67841316, Time = 19.10 sec. 
-Trial 501 0 67841316 19.180571
-Trial 502 0 67841316 19.185006
-Trial 503 0 67841316 19.197011
-Trial 504 0 67841316 19.197469
-Trial 505 0 67841316 19.222998
-Trial 506 0 67841316 19.237507
-Trial 507 0 67841316 19.281074
-Trial 508 0 67841316 19.281336
* 509: Cost = 0_67840689, Time = 19.24 sec. 
-Trial 509 0 67840689 19.321497
-Trial 510 0 67840689 19.360385
-Trial 511 0 67840689 19.381180
-Trial 512 0 67840689 19.381803
* 513: Cost = 0_67840501, Time = 19.36 sec. 
-Trial 513 0 67840501 19.446471
* 514: Cost = 0_67830598, Time = 19.40 sec. 
-Trial 514 0 67830598 19.487795
-Trial 515 0 67830598 19.602528
* 516: Cost = 0_67782335, Time = 19.54 sec. 
-Trial 516 0 67782335 19.624991
-Trial 517 0 67782335 19.633744
-Trial 518 0 67782335 19.638966
-Trial 519 0 67782335 19.641456
-Trial 520 0 67782335 19.843753
-Trial 521 0 67782335 19.897531
-Trial 522 0 67782335 19.899669
-Trial 523 0 67782335 19.937959
-Trial 524 0 67782335 19.940736
-Trial 525 0 67782335 20.020919
-Trial 526 0 67782335 20.042590
-Trial 527 0 67782335 20.043091
* 528: Cost = 0_67766754, Time = 19.98 sec. 
-Trial 528 0 67766754 20.065507
-Trial 529 0 67766754 20.065829
-Trial 530 0 67766754 20.089927
-Trial 531 0 67766754 20.192685
-Trial 532 0 67766754 20.193649
-Trial 533 0 67766754 20.202370
* 534: Cost = 0_67754100, Time = 20.13 sec. 
-Trial 534 0 67754100 20.216655
-Trial 535 0 67754100 20.226059
-Trial 536 0 67754100 20.278369
-Trial 537 0 67754100 20.284994
-Trial 538 0 67754100 20.285275
* 539: Cost = 0_67753508, Time = 20.20 sec. 
-Trial 539 0 67753508 20.287804
-Trial 540 0 67753508 20.288567
-Trial 541 0 67753508 20.289365
-Trial 542 0 67753508 20.319978
* 543: Cost = 0_67744680, Time = 20.29 sec. 
-Trial 543 0 67744680 20.370699
-Trial 544 0 67744680 20.372228
-Trial 545 0 67744680 20.373337
-Trial 546 0 67744680 20.384889
-Trial 547 0 67744680 20.502584
-Trial 548 0 67744680 20.502899
-Trial 549 0 67744680 20.560781
-Trial 550 0 67744680 20.562837
-Trial 551 0 67744680 20.563407
-Trial 552 0 67744680 20.583334
-Trial 553 0 67744680 20.587442
-Trial 554 0 67744680 20.589492
-Trial 555 0 67744680 20.590192
-Trial 556 0 67744680 20.619199
-Trial 557 0 67744680 20.891854
-Trial 558 0 67744680 20.918676
-Trial 559 0 67744680 20.932856
* 560: Cost = 0_67737275, Time = 20.91 sec. 
-Trial 560 0 67737275 20.997013
-Trial 561 0 67737275 21.025114
-Trial 562 0 67737275 21.025546
-Trial 563 0 67737275 21.167157
-Trial 564 0 67737275 21.175137
-Trial 565 0 67737275 21.188004
-Trial 566 0 67737275 21.200228
-Trial 567 0 67737275 21.205232
-Trial 568 0 67737275 21.205941
-Trial 569 0 67737275 21.215228
-Trial 570 0 67737275 21.215844
-Trial 571 0 67737275 21.216100
-Trial 572 0 67737275 21.334889
-Trial 573 0 67737275 21.365054
-Trial 574 0 67737275 21.366302
-Trial 575 0 67737275 21.370552
-Trial 576 0 67737275 21.373110
-Trial 577 0 67737275 21.410166
-Trial 578 0 67737275 21.530959
-Trial 579 0 67737275 21.531714
-Trial 580 0 67737275 21.532622
* 581: Cost = 0_67733673, Time = 21.47 sec. 
-Trial 581 0 67733673 21.553866
-Trial 582 0 67733673 21.578238
-Trial 583 0 67733673 21.580345
-Trial 584 0 67733673 21.580777
-Trial 585 0 67733673 21.582819
-Trial 586 0 67733673 21.583685
-Trial 587 0 67733673 21.602194
-Trial 588 0 67733673 21.619287
-Trial 589 0 67733673 21.648708
-Trial 590 0 67733673 21.684471
-Trial 591 0 67733673 21.684737
-Trial 592 0 67733673 21.871218
-Trial 593 0 67733673 21.871797
-Trial 594 0 67733673 21.878451
-Trial 595 0 67733673 21.879591
-Trial 596 0 67733673 22.013520
-Trial 597 0 67733673 22.236237
-Trial 598 0 67733673 22.236832
-Trial 599 0 67733673 22.241108
-Trial 600 0 67733673 22.246344
-Trial 601 0 67733673 22.246971
-Trial 602 0 67733673 22.247674
-Trial 603 0 67733673 22.277311
-Trial 604 0 67733673 22.350548
-Trial 605 0 67733673 22.352951
-Trial 606 0 67733673 22.693833
-Trial 607 0 67733673 22.694273
-Trial 608 0 67733673 22.696480
-Trial 609 0 67733673 22.701719
-Trial 610 0 67733673 22.715153
-Trial 611 0 67733673 22.766530
* 612: Cost = 0_67721199, Time = 22.79 sec. 
-Trial 612 0 67721199 22.878059
-Trial 613 0 67721199 22.878903
* 614: Cost = 0_67718838, Time = 22.81 sec. 
-Trial 614 0 67718838 22.893520
-Trial 615 0 67718838 22.935048
-Trial 616 0 67718838 22.964008
-Trial 617 0 67718838 22.976298
* 618: Cost = 0_67691261, Time = 22.90 sec. 
-Trial 618 0 67691261 22.987209
* 619: Cost = 0_67675116, Time = 22.93 sec. 
-Trial 619 0 67675116 23.017576
-Trial 620 0 67675116 23.018427
* 621: Cost = 0_67668927, Time = 22.94 sec. 
-Trial 621 0 67668927 23.023563
-Trial 622 0 67668927 23.025131
* 623: Cost = 0_67627833, Time = 22.99 sec. 
-Trial 623 0 67627833 23.070615
-Trial 624 0 67627833 23.071295
-Trial 625 0 67627833 23.119983
-Trial 626 0 67627833 23.125060
-Trial 627 0 67627833 23.129249
-Trial 628 0 67627833 23.130463
-Trial 629 0 67627833 23.138910
-Trial 630 0 67627833 23.140013
* 631: Cost = 0_67620207, Time = 23.18 sec. 
-Trial 631 0 67620207 23.260686
-Trial 632 0 67620207 23.298907
-Trial 633 0 67620207 23.374214
-Trial 634 0 67620207 23.374528
-Trial 635 0 67620207 23.383097
-Trial 636 0 67620207 23.383763
-Trial 637 0 67620207 23.391878
-Trial 638 0 67620207 23.392945
-Trial 639 0 67620207 23.399769
* 640: Cost = 0_67619644, Time = 23.41 sec. 
-Trial 640 0 67619644 23.489948
-Trial 641 0 67619644 23.495233
-Trial 642 0 67619644 23.500998
-Trial 643 0 67619644 23.505682
-Trial 644 0 67619644 23.557997
-Trial 645 0 67619644 23.871611
-Trial 646 0 67619644 23.875977
-Trial 647 0 67619644 23.884467
-Trial 648 0 67619644 23.884877
-Trial 649 0 67619644 24.556022
* 650: Cost = 0_67601002, Time = 24.49 sec. 
-Trial 650 0 67601002 24.574079
-Trial 651 0 67601002 24.667726
-Trial 652 0 67601002 24.720883
-Trial 653 0 67601002 24.739698
-Trial 654 0 67601002 24.866655
-Trial 655 0 67601002 24.988767
-Trial 656 0 67601002 24.993498
-Trial 657 0 67601002 25.021962
-Trial 658 0 67601002 25.025794
* 659: Cost = 0_67593013, Time = 24.97 sec. 
-Trial 659 0 67593013 25.052909
-Trial 660 0 67593013 25.068115
-Trial 661 0 67593013 25.068142
* 662: Cost = 0_67580981, Time = 25.01 sec. 
-Trial 662 0 67580981 25.093924
-Trial 663 0 67580981 25.094502
-Trial 664 0 67580981 25.095759
-Trial 665 0 67580981 25.096476
-Trial 666 0 67580981 25.096736
-Trial 667 0 67580981 25.099178
-Trial 668 0 67580981 25.107330
-Trial 669 0 67580981 25.176393
* 670: Cost = 0_67487676, Time = 25.12 sec. 
-Trial 670 0 67487676 25.199185
-Trial 671 0 67487676 25.200233
-Trial 672 0 67487676 25.318786
-Trial 673 0 67487676 25.367234
-Trial 674 0 67487676 25.369056
-Trial 675 0 67487676 25.401153
-Trial 676 0 67487676 25.426773
-Trial 677 0 67487676 25.434185
-Trial 678 0 67487676 25.450488
-Trial 679 0 67487676 25.459403
-Trial 680 0 67487676 25.460664
-Trial 681 0 67487676 25.891732
-Trial 682 0 67487676 25.893359
-Trial 683 0 67487676 25.899529
-Trial 684 0 67487676 25.983925
-Trial 685 0 67487676 25.996889
* 686: Cost = 0_67463710, Time = 25.93 sec. 
-Trial 686 0 67463710 26.017979
-Trial 687 0 67463710 26.147329
-Trial 688 0 67463710 26.453533
-Trial 689 0 67463710 26.453832
* 690: Cost = 0_67458019, Time = 26.40 sec. 
-Trial 690 0 67458019 26.483231
-Trial 691 0 67458019 26.954922
-Trial 692 0 67458019 26.957221
-Trial 693 0 67458019 26.984406
-Trial 694 0 67458019 26.990805
-Trial 695 0 67458019 27.234017
-Trial 696 0 67458019 27.252776
* 697: Cost = 0_67455043, Time = 27.23 sec. 
-Trial 697 0 67455043 27.316283
* 698: Cost = 0_67448438, Time = 27.26 sec. 
-Trial 698 0 67448438 27.338781
-Trial 699 0 67448438 27.342616
-Trial 700 0 67448438 27.344745
* 701: Cost = 0_67445353, Time = 27.30 sec. 
-Trial 701 0 67445353 27.380618
-Trial 702 0 67445353 27.445679
-Trial 703 0 67445353 27.449754
-Trial 704 0 67445353 27.450182
-Trial 705 0 67445353 27.468569
-Trial 706 0 67445353 27.469257
-Trial 707 0 67445353 27.471392
-Trial 708 0 67445353 27.471980
-Trial 709 0 67445353 27.591107
-Trial 710 0 67445353 27.591930
-Trial 711 0 67445353 27.603374
-Trial 712 0 67445353 28.205809
-Trial 713 0 67445353 28.210837
-Trial 714 0 67445353 28.218248
-Trial 715 0 67445353 28.218576
-Trial 716 0 67445353 28.269073
-Trial 717 0 67445353 28.292592
-Trial 718 0 67445353 28.299588
-Trial 719 0 67445353 28.310084
* 720: Cost = 0_67427362, Time = 28.27 sec. 
-Trial 720 0 67427362 28.350363
-Trial 721 0 67427362 28.375130
-Trial 722 0 67427362 28.376725
-Trial 723 0 67427362 28.381131
-Trial 724 0 67427362 28.384073
* 725: Cost = 0_67415363, Time = 28.31 sec. 
-Trial 725 0 67415363 28.396251
-Trial 726 0 67415363 28.396877
-Trial 727 0 67415363 28.449200
-Trial 728 0 67415363 28.483887
* 729: Cost = 0_67411761, Time = 28.46 sec. 
-Trial 729 0 67411761 28.546367
-Trial 730 0 67411761 28.599958
-Trial 731 0 67411761 28.600632
-Trial 732 0 67411761 28.672089
-Trial 733 0 67411761 28.699197
-Trial 734 0 67411761 28.701050
-Trial 735 0 67411761 28.701388
-Trial 736 0 67411761 28.715012
-Trial 737 0 67411761 28.719007
-Trial 738 0 67411761 28.731712
-Trial 739 0 67411761 28.732509
-Trial 740 0 67411761 28.738583
-Trial 741 0 67411761 28.741886
-Trial 742 0 67411761 28.868119
-Trial 743 0 67411761 28.921016
-Trial 744 0 67411761 28.955692
-Trial 745 0 67411761 28.969921
* 746: Cost = 0_67403770, Time = 28.89 sec. 
-Trial 746 0 67403770 28.971990
-Trial 747 0 67403770 28.982574
-Trial 748 0 67403770 28.989289
-Trial 749 0 67403770 28.993586
-Trial 750 0 67403770 29.023636
-Trial 751 0 67403770 29.023961
-Trial 752 0 67403770 29.025963
-Trial 753 0 67403770 29.026575
-Trial 754 0 67403770 29.028293
-Trial 755 0 67403770 29.040649
-Trial 756 0 67403770 29.046086
-Trial 757 0 67403770 29.046480
-Trial 758 0 67403770 29.063143
-Trial 759 0 67403770 29.080143
-Trial 760 0 67403770 29.162647
-Trial 761 0 67403770 29.290535
-Trial 762 0 67403770 29.298744
-Trial 763 0 67403770 29.300127
* 764: Cost = 0_67383634, Time = 29.25 sec. 
-Trial 764 0 67383634 29.330727
-Trial 765 0 67383634 29.331047
-Trial 766 0 67383634 29.351799
-Trial 767 0 67383634 29.353143
-Trial 768 0 67383634 29.363010
-Trial 769 0 67383634 29.364638
-Trial 770 0 67383634 29.371879
-Trial 771 0 67383634 29.510598
-Trial 772 0 67383634 29.510995
-Trial 773 0 67383634 29.511739
-Trial 774 0 67383634 29.526112
* 775: Cost = 0_67356686, Time = 29.46 sec. 
-Trial 775 0 67356686 29.548120
-Trial 776 0 67356686 29.577265
-Trial 777 0 67356686 29.618015
-Trial 778 0 67356686 29.621682
-Trial 779 0 67356686 29.623759
-Trial 780 0 67356686 29.631708
-Trial 781 0 67356686 29.657923
-Trial 782 0 67356686 29.959905
* 783: Cost = 0_67350185, Time = 29.89 sec. 
-Trial 783 0 67350185 29.970583
-Trial 784 0 67350185 29.973287
-Trial 785 0 67350185 30.056406
-Trial 786 0 67350185 30.061527
-Trial 787 0 67350185 30.066381
-Trial 788 0 67350185 30.092518
-Trial 789 0 67350185 30.135068
-Trial 790 0 67350185 30.792343
-Trial 791 0 67350185 30.800405
-Trial 792 0 67350185 30.802776
-Trial 793 0 67350185 30.803139
-Trial 794 0 67350185 30.804179
-Trial 795 0 67350185 30.804463
-Trial 796 0 67350185 30.806269
-Trial 797 0 67350185 30.817154
-Trial 798 0 67350185 30.832851
-Trial 799 0 67350185 30.877550
-Trial 800 0 67350185 30.878141
-Trial 801 0 67350185 30.878776
-Trial 802 0 67350185 30.893323
-Trial 803 0 67350185 30.895819
-Trial 804 0 67350185 30.905217
-Trial 805 0 67350185 30.910635
-Trial 806 0 67350185 30.925568
-Trial 807 0 67350185 30.934981
-Trial 808 0 67350185 30.950196
-Trial 809 0 67350185 30.950745
-Trial 810 0 67350185 30.971052
-Trial 811 0 67350185 30.971314
-Trial 812 0 67350185 30.977991
-Trial 813 0 67350185 30.978372
-Trial 814 0 67350185 31.004573
-Trial 815 0 67350185 31.005571
-Trial 816 0 67350185 31.700615
-Trial 817 0 67350185 31.709382
-Trial 818 0 67350185 31.786685
-Trial 819 0 67350185 31.793703
* 820: Cost = 0_67343364, Time = 31.74 sec. 
-Trial 820 0 67343364 31.825553
-Trial 821 0 67343364 31.835676
-Trial 822 0 67343364 32.399306
* 823: Cost = 0_67343106, Time = 32.37 sec. 
-Trial 823 0 67343106 32.454626
-Trial 824 0 67343106 32.517546
-Trial 825 0 67343106 32.656395
-Trial 826 0 67343106 32.657451
-Trial 827 0 67343106 32.658014
-Trial 828 0 67343106 32.768095
-Trial 829 0 67343106 32.773082
-Trial 830 0 67343106 32.775777
-Trial 831 0 67343106 32.776154
-Trial 832 0 67343106 32.943899
-Trial 833 0 67343106 32.944536
-Trial 834 0 67343106 32.946225
-Trial 835 0 67343106 32.951377
-Trial 836 0 67343106 32.954113
-Trial 837 0 67343106 32.956030
-Trial 838 0 67343106 32.972783
-Trial 839 0 67343106 32.973045
-Trial 840 0 67343106 33.037246
-Trial 841 0 67343106 33.779283
-Trial 842 0 67343106 33.866360
-Trial 843 0 67343106 33.867392
-Trial 844 0 67343106 33.869451
-Trial 845 0 67343106 33.881221
-Trial 846 0 67343106 34.008993
-Trial 847 0 67343106 34.009389
-Trial 848 0 67343106 34.067958
-Trial 849 0 67343106 34.068653
-Trial 850 0 67343106 34.084960
-Trial 851 0 67343106 34.091318
-Trial 852 0 67343106 34.401943
-Trial 853 0 67343106 34.403199
-Trial 854 0 67343106 34.512260
-Trial 855 0 67343106 34.516172
-Trial 856 0 67343106 34.516779
-Trial 857 0 67343106 34.517829
-Trial 858 0 67343106 34.598266
-Trial 859 0 67343106 34.599939
* 860: Cost = 0_67337018, Time = 34.55 sec. 
-Trial 860 0 67337018 34.631127
-Trial 861 0 67337018 34.712392
-Trial 862 0 67337018 34.718021
-Trial 863 0 67337018 34.720340
-Trial 864 0 67337018 34.899267
* 865: Cost = 0_67317584, Time = 34.83 sec. 
-Trial 865 0 67317584 34.914036
* 866: Cost = 0_67316208, Time = 34.87 sec. 
-Trial 866 0 67316208 34.951875
-Trial 867 0 67316208 34.954509
* 868: Cost = 0_67280551, Time = 34.96 sec. 
-Trial 868 0 67280551 35.047551
-Trial 869 0 67280551 35.061901
-Trial 870 0 67280551 35.079872
-Trial 871 0 67280551 35.084942
* 872: Cost = 0_67271027, Time = 35.04 sec. 
-Trial 872 0 67271027 35.126538
* 873: Cost = 0_67248629, Time = 35.07 sec. 
-Trial 873 0 67248629 35.150561
-Trial 874 0 67248629 35.212991
-Trial 875 0 67248629 35.220044
-Trial 876 0 67248629 35.221567
-Trial 877 0 67248629 35.225907
-Trial 878 0 67248629 35.227298
-Trial 879 0 67248629 35.229332
-Trial 880 0 67248629 35.498444
* 881: Cost = 0_67211905, Time = 35.47 sec. 
-Trial 881 0 67211905 35.557185
-Trial 882 0 67211905 35.596781
-Trial 883 0 67211905 35.617263
-Trial 884 0 67211905 35.620442
-Trial 885 0 67211905 35.622643
-Trial 886 0 67211905 35.784955
-Trial 887 0 67211905 35.785359
-Trial 888 0 67211905 35.786402
* 889: Cost = 0_67199524, Time = 35.71 sec. 
-Trial 889 0 67199524 35.794893
-Trial 890 0 67199524 35.795591
-Trial 891 0 67199524 35.799051
-Trial 892 0 67199524 35.830515
-Trial 893 0 67199524 35.835057
-Trial 894 0 67199524 35.930241
-Trial 895 0 67199524 35.931214
-Trial 896 0 67199524 35.997594
-Trial 897 0 67199524 35.999501
-Trial 898 0 67199524 36.045803
-Trial 899 0 67199524 36.046067
-Trial 900 0 67199524 36.065924
-Trial 901 0 67199524 36.096049
-Trial 902 0 67199524 36.176772
-Trial 903 0 67199524 36.271253
* 904: Cost = 0_67190824, Time = 36.23 sec. 
-Trial 904 0 67190824 36.309746
-Trial 905 0 67190824 36.386509
-Trial 906 0 67190824 36.391842
-Trial 907 0 67190824 36.407077
* 908: Cost = 0_67187398, Time = 36.34 sec. 
-Trial 908 0 67187398 36.422019
-Trial 909 0 67187398 36.616685
-Trial 910 0 67187398 36.621625
-Trial 911 0 67187398 36.628350
-Trial 912 0 67187398 36.655161
-Trial 913 0 67187398 36.655836
* 914: Cost = 0_67180045, Time = 36.57 sec. 
-Trial 914 0 67180045 36.657454
-Trial 915 0 67180045 36.661303
-Trial 916 0 67180045 36.663642
* 917: Cost = 0_67174416, Time = 36.70 sec. 
-Trial 917 0 67174416 36.787710
-Trial 918 0 67174416 36.792979
-Trial 919 0 67174416 36.793432
* 920: Cost = 0_67131861, Time = 36.85 sec. 
-Trial 920 0 67131861 36.928969
-Trial 921 0 67131861 36.929730
-Trial 922 0 67131861 37.037782
-Trial 923 0 67131861 37.541273
-Trial 924 0 67131861 37.547713
-Trial 925 0 67131861 37.561009
-Trial 926 0 67131861 37.565185
-Trial 927 0 67131861 37.567147
-Trial 928 0 67131861 37.606647
-Trial 929 0 67131861 37.669319
-Trial 930 0 67131861 37.670829
-Trial 931 0 67131861 37.671236
-Trial 932 0 67131861 37.675122
-Trial 933 0 67131861 37.675501
-Trial 934 0 67131861 37.676866
-Trial 935 0 67131861 37.683729
-Trial 936 0 67131861 37.707405
-Trial 937 0 67131861 37.838227
-Trial 938 0 67131861 37.840839
-Trial 939 0 67131861 37.841451
-Trial 940 0 67131861 37.842555
-Trial 941 0 67131861 38.011778
-Trial 942 0 67131861 38.035006
-Trial 943 0 67131861 38.052302
-Trial 944 0 67131861 38.055090
-Trial 945 0 67131861 38.057518
-Trial 946 0 67131861 38.064753
-Trial 947 0 67131861 38.069358
-Trial 948 0 67131861 38.072990
* 949: Cost = 0_67130636, Time = 38.00 sec. 
-Trial 949 0 67130636 38.083003
-Trial 950 0 67130636 38.226179
-Trial 951 0 67130636 38.228467
-Trial 952 0 67130636 38.282006
-Trial 953 0 67130636 38.734338
-Trial 954 0 67130636 38.735372
-Trial 955 0 67130636 38.737438
* 956: Cost = 0_67117905, Time = 38.68 sec. 
-Trial 956 0 67117905 38.764562
-Trial 957 0 67117905 38.887072
* 958: Cost = 0_67107634, Time = 38.81 sec. 
-Trial 958 0 67107634 38.893012
* 959: Cost = 0_67107413, Time = 38.85 sec. 
-Trial 959 0 67107413 38.932328
-Trial 960 0 67107413 38.932896
-Trial 961 0 67107413 38.944752
-Trial 962 0 67107413 38.945213
-Trial 963 0 67107413 38.946637
-Trial 964 0 67107413 39.387976
-Trial 965 0 67107413 39.403641
-Trial 966 0 67107413 39.506120
-Trial 967 0 67107413 39.512150
-Trial 968 0 67107413 39.513000
-Trial 969 0 67107413 39.518919
-Trial 970 0 67107413 39.666309
-Trial 971 0 67107413 39.677758
-Trial 972 0 67107413 39.841495
-Trial 973 0 67107413 39.902069
-Trial 974 0 67107413 39.903163
-Trial 975 0 67107413 39.914021
-Trial 976 0 67107413 39.914756
-Trial 977 0 67107413 39.921230
-Trial 978 0 67107413 39.922302
-Trial 979 0 67107413 39.924814
-Trial 980 0 67107413 40.016979
-Trial 981 0 67107413 40.044690
-Trial 982 0 67107413 40.048807
-Trial 983 0 67107413 40.061928
-Trial 984 0 67107413 40.090561
-Trial 985 0 67107413 40.121990
-Trial 986 0 67107413 40.136128
-Trial 987 0 67107413 40.146658
-Trial 988 0 67107413 40.148189
-Trial 989 0 67107413 40.148552
-Trial 990 0 67107413 40.158702
* 991: Cost = 0_67057117, Time = 40.36 sec. 
-Trial 991 0 67057117 40.447005
-Trial 992 0 67057117 40.470778
-Trial 993 0 67057117 40.478051
-Trial 994 0 67057117 40.495379
-Trial 995 0 67057117 40.576889
-Trial 996 0 67057117 40.577349
-Trial 997 0 67057117 40.578420
-Trial 998 0 67057117 40.579019
-Trial 999 0 67057117 40.580245
-Trial 1000 0 67057117 40.584146
Population:
  1: 0_67057117
Run 1: Cost = 0_67057117, Time = 40.50 sec. 

Successes/Runs = 0/1 
Cost.min = 67057117, Cost.avg = 67057117.00, Cost.max = 67057117
Gap.min = 0.0000%, Gap.avg = 0.0000%, Gap.max = 0.0000%
Penalty.min = 0, Penalty.avg = 0.00, Penalty.max = 0
Trials.min = 1000, Trials.avg = 1000.0, Trials.max = 1000
Time.min = 40.50 sec., Time.avg = 40.50 sec., Time.max = 40.50 sec.
Time.total = 40.58 sec.
  Size.min = 10, Size.max = 46, Penalty = 0
  Cost.min = 279646, Cost.max = 2827054, Cost.sum = 67057117
Best CVRP solution:
  Cost = 0_67057117
248 1044 1117 1488 907 619 891 268 306 634 722 1186 223 554 321 150 111 83 60 120 1457 414 835 421 1058 167 1045 524 673 493 833 210 244 756 189 697 139 1520 1470 1410 768 459 698 417 406 177 212 765 655 805 790 1056 1162 908 1145 1348 664 1237 238 882 1076 78 886 262 1280 1429 398 1005 1234 152 513 1452 934 1507 817 858 971 1047 1196 366 484 1085 118 457 1 872 665 981 443 866 1363 970 605 990 1213 978 1353 550 127 85 1376 136 15 727 556 1139 380 361 551 1046 196 1007 40 82 356 568 194 281 339 7 1502 192 863 913 134 1485 254 1241 1099 1137 344 1291 1294 242 462 1321 123 716 320 840 1231 1168 1479 66 1011 1332 491 1176 234 1079 227 1377 186 1171 1468 1394 1143 1342 1317 573 419 642 1515 220 782 1265 512 488 906 514 1244 86 584 343 164 183 624 154 1055 976 1038 45 735 1279 68 1497 1296 1409 239 18 415 930 1402 1301 23 621 901 1518 1154 280 155 237 1286 521 871 1293 764 1227 662 125 571 499 1487 870 1408 1398 541 1282 644 540 1100 148 1361 898 1179 2 820 1242 1187 1346 709 156 1313 711 1522 388 659 428 1451 1112 179 666 1441 762 1331 483 896 1078 667 1472 19 565 1324 174 1480 938 1002 1178 1292 1163 516 1256 1284 425 831 1495 302 286 563 81 592 1032 1460 346 382 860 394 771 804 489 996 1508 253 1103 1272 942 989 1140 1474 949 1094 904 646 269 133 1035 1362 743 1477 376 1417 211 69 663 129 1037 96 598 67 402 1420 935 1030 669 733 537 1182 1456 660 1526 400 703 1478 620 754 246 97 724 798 1013 1106 11 198 29 222 786 991 1268 1412 1080 1350 933 823 114 842 1009 497 279 232 651 141 603 956 528 596 1383 55 1107 719 1022 200 112 249 903 1048 1514 567 1430 1126 763 579 43 929 952 319 323 712 63 1195 363 1110 201 1127 841 175 767 1170 1370 243 549 1206 1351 1175 62 115 1071 1090 214 861 583 126 375 130 1000 1448 1149 1537 1390 1305 1413 1393 1364 1068 218 899 876 1449 776 374 1395 1243 42 30 162 650 1428 1054 47 538 322 299 300 994 313 780 24 1043 1365 447 1463 1528 878 656 1148 353 1386 1489 602 1205 905 1142 960 854 816 1209 352 89 426 1184 440 333 1345 1418 1374 1347 530 149 941 224 413 1506 694 165 1306 616 102 1164 849 604 117 507 467 1369 1169 1141 124 801 1360 367 435 1358 531 235 119 1450 35 328 405 803 384 766 622 1352 1052 593 294 738 1183 1494 390 140 315 796 1204 1510 1087 469 1287 954 597 962 879 921 1442 679 107 1315 395 1062 503 1281 303 392 1108 919 520 740 589 533 1092 431 1031 383 519 1375 649 255 1311 750 591 364 1453 742 808 1534 1051 26 627 1219 1102 902 1246 888 553 939 1309 1028 1208 909 158 1152 695 1020 1406 191 986 586 226 495 546 544 228 347 199 1329 144 39 675 992 969 1283 1446 779 1425 936 206 894 1200 529 615 632 1504 811 824 917 654 1185 389 1344 843 1025 73 702 1424 751 815 880 56 423 590 420 636 1133 1336 1039 1248 1018 1326 890 230 1298 997 1190 44 1404 577 714 335 1516 795 424 180 1501 875 1021 562 1053 749 645 1192 731 793 788 1297 434 822 1120 1220 292 874 931 1202 1101 172 1337 826 1105 1073 340 215 36 274 494 844 1532 1251 1147 1422 213 575 1155 357 1066 257 104 828 240 968 233 677 855 1300 1165 1438 821 471 755 639 1136 487 1385 527 1193 984 1086 276 1389 774 1431 925 1015 653 668 381 137 76 687 103 236 1527 1006 1177 99 893 914 1484 830 672 1261 1476 690 160 1290 1116 354 195 337 887 166 21 1191 190 412 410 304 635 51 606 466 95 132 614 377 701 385 1496 775 1215 496 161 1533 391 585 720 1322 810 1023 1134 17 1421 159 449 16 708 202 264 92 1378 626 307 207 617 1340 829 588 298 1381 1500 1255 1049 71 448 561 171 700 689 205 982 560 534 106 1130 1517 511 38 1356 1088 1459 259 753 559 1335 1225 867 1115 1074 728 1091 1371 852 490 980 995 1366 699 1008 1228 1454 1473 472 1416 758 693 569 370 1310 1432 778 122 770 1536 332 806 327 482 987 479 1129 630 208 947 998 138 113 1260 732 193 525 267 293 1401 648 1437 1486 1320 105 197 946 595 717 1119 1318 1233 572 1098 1525 985 32 1490 1252 587 1065 825 1285 314 33 1461 1427 258 1493 372 271 691 1161 865 1492 505 396 853 932 1061 752 1181 1299 676 1033 652 658 407 1304 508 643 1524 1180 475 1123 625 1125 657 1400 892 27 1158 1121 608 70 250 1447 937 1067 168 570 108 730 79 566 951 146 109 427 310 1230 1004 1250 686 1273 1114 436 170 706 1278 1325 1097 769 1505 857 1070 75 460 889 151 1221 432 409 278 1267 470 1144 895 1173 3 1077 1211 305 41 1207 789 368 923 1462 93 1274 284 1050 1203 1082 1188 1128 1334 613 1349 1328 1511 324 14 203 1253 1481 290 877 1034 927 145 759 897 1259 1466 287 474 1041 351 1001 599 91 181 422 963 1159 13 283 912 846 1277 734 506 1017 1333 1167 408 864 601 1512 178 502 77 1426 100 261 536 1150 1399 1445 452 539 1235 1458 883 670 1423 1433 455 336 143 1239 988 360 296 1483 623 275 1081 58 548 1471 266 270 359 910 1535 856 851 291 819 884 399 1072 1499 1042 445 948 1276 65 442 1372 1064 1075 710 331 1312 926 600 464 1019 983 1275 245 661 1482 580 1434 446 799 1269 791 1498 1214 772 594 1529 1036 607 501 807 777 638 52 1109 1380 341 837 993 369 241 72 1229 1199 713 885 814 157 1316 545 12 1089 61 847 1111 532 558 1174 1338 297 387 1414 173 277 401 1513 416 1151 967 28 22 692 581 251 429 781 1236 492 229 1122 265 1247 1308 59 745 1475 169 1063 1465 1266 1069 1307 386 576 718 453 1330 309 684 329 418 285 631 1503 301 850 54 98 355 1415 834 289 609 1210 1264 1201 873 176 263 1354 818 958 204 481 610 225 1469 153 46 371 794 736 480 312 1057 1026 510 1302 637 1319 1218 1295 965 1519 325 809 439 552 1010 147 757 1060 945 4 182 881 911 498 110 1024 773 977 961 473 362 1367 915 761 454 509 50 1216 1368 1397 378 1029 1289 1249 1530 1059 862 1254 1357 53 461 979 31 252 827 1194 1379 1232 535 729 1392 611 725 944 142 1382 1262 900 1012 747 1359 260 1223 1240 116 1263 90 972 1156 187 812 1523 547 955 564 1443 1439 308 273 185 188 1132 1124 1403 456 813 1146 696 542 1343 8 478 345 94 680 358 316 966 924 950 748 1419 640 973 681 330 334 1327 526 348 1509 342 1104 477 557 707 787 500 618 6 350 578 1003 999 792 465 957 1464 10 1436 74 1270 295 1467 715 437 922 739 555 9 574 311 1339 916 131 1303 256 1540 49 20 101 737 184 1384 216 48 1166 723 1096 1083 959 365 25 721 288 1198 1245 34 1095 1222 522 1138 317 1189 515 582 1388 1323 832 393 678 943 869 1405 1160 438 403 517 838 1288 1538 671 349 918 1224 338 859 647 64 247 1153 1440 88 163 920 1387 1157 476 5 704 785 441 953 802 836 633 1391 523 928 726 1444 784 1131 209 641 1113 845 629 468 1271 518 1373 1521 1226 974 1238 373 705 1355 868 1258 674 1435 746 37 628 975 87 272 404 444 848 450 135 1411 282 760 326 1455 217 84 1016 1172 430 451 379 940 783 1197 1040 1027 612 685 221 964 1396 744 1539 485 1084 433 121 458 741 1118 800 80 1212 543 128 839 682 463 486 683 1257 1341 57 797 318 411 1314 1407 397 1093 231 219 1135 1217 688 1491 504 1014 1531 248 
